{ common_pid: mc-worker       [     16365], ret:         69 } hitcount:          1
{ common_pid: mc-worker       [     16362], ret:         58 } hitcount:          1
{ common_pid: mc-worker       [     16366], ret:        163 } hitcount:          1
{ common_pid: mc-worker       [     16366], ret:        112 } hitcount:          1
{ common_pid: mc-worker       [     16364], ret:        490 } hitcount:          1
{ common_pid: mc-worker       [     16367], ret:         74 } hitcount:          1
{ common_pid: mc-worker       [     16365], ret:         54 } hitcount:          1
{ common_pid: mc-worker       [     16363], ret:         61 } hitcount:          1
{ common_pid: mc-worker       [     16367], ret:         71 } hitcount:          1
{ common_pid: mc-worker       [     16366], ret:        111 } hitcount:          1
{ common_pid: mc-worker       [     16362], ret:         61 } hitcount:          1
{ common_pid: mc-worker       [     16366], ret:         98 } hitcount:          1
{ common_pid: mc-worker       [     16365], ret:         66 } hitcount:          1
{ common_pid: mc-worker       [     16365], ret:         56 } hitcount:          1
{ common_pid: mc-worker       [     16363], ret:         63 } hitcount:          1
{ common_pid: mc-worker       [     16361], ret:         97 } hitcount:          1
{ common_pid: mc-worker       [     16361], ret:         59 } hitcount:          1
{ common_pid: mc-worker       [     16360], ret:        455 } hitcount:          1
{ common_pid: mc-worker       [     16366], ret:        134 } hitcount:          1
{ common_pid: mc-worker       [     16367], ret:        471 } hitcount:          1
{ common_pid: mc-worker       [     16360], ret:        128 } hitcount:          1
{ common_pid: mc-worker       [     16363], ret:         78 } hitcount:          1
{ common_pid: mc-worker       [     16364], ret:         89 } hitcount:          1
{ common_pid: mc-worker       [     16364], ret:         62 } hitcount:          1
{ common_pid: mc-worker       [     16361], ret:         78 } hitcount:          1
{ common_pid: mc-worker       [     16367], ret:         59 } hitcount:          1
{ common_pid: mc-worker       [     16363], ret:         70 } hitcount:          1
{ common_pid: mc-worker       [     16366], ret:         65 } hitcount:          1
{ common_pid: mc-worker       [     16367], ret:         77 } hitcount:          1
{ common_pid: mc-worker       [     16360], ret:         63 } hitcount:          1
{ common_pid: mc-worker       [     16367], ret:         57 } hitcount:          1
{ common_pid: mc-worker       [     16366], ret:         61 } hitcount:          1
{ common_pid: mc-worker       [     16363], ret:         74 } hitcount:          1
{ common_pid: mc-worker       [     16366], ret:         81 } hitcount:          1
{ common_pid: mc-worker       [     16365], ret:         55 } hitcount:          1
{ common_pid: mc-worker       [     16360], ret:         60 } hitcount:          1
{ common_pid: mc-worker       [     16367], ret:         54 } hitcount:          1
{ common_pid: mc-worker       [     16367], ret:         65 } hitcount:          1
{ common_pid: mc-worker       [     16367], ret:         94 } hitcount:          1
{ common_pid: mc-worker       [     16360], ret:         83 } hitcount:          1
{ common_pid: mc-worker       [     16362], ret:         50 } hitcount:          1
{ common_pid: mc-worker       [     16364], ret:         79 } hitcount:          1
{ common_pid: mc-worker       [     16364], ret:         56 } hitcount:          1
{ common_pid: mc-worker       [     16360], ret:         93 } hitcount:          1
{ common_pid: mc-worker       [     16367], ret:         79 } hitcount:          1
{ common_pid: mc-worker       [     16362], ret:        246 } hitcount:          1
{ common_pid: mc-worker       [     16366], ret:         71 } hitcount:          1
{ common_pid: mc-worker       [     16364], ret:         58 } hitcount:          1
{ common_pid: mc-worker       [     16361], ret:         67 } hitcount:          1
{ common_pid: mc-worker       [     16361], ret:        459 } hitcount:          1
{ common_pid: mc-worker       [     16362], ret:         92 } hitcount:          1
{ common_pid: mc-worker       [     16364], ret:         74 } hitcount:          1
{ common_pid: mc-worker       [     16365], ret:         64 } hitcount:          1
{ common_pid: mc-worker       [     16367], ret:         53 } hitcount:          1
{ common_pid: mc-worker       [     16365], ret:         78 } hitcount:          1
{ common_pid: mc-worker       [     16361], ret:         73 } hitcount:          1
{ common_pid: mc-worker       [     16365], ret:         61 } hitcount:          1
{ common_pid: mc-worker       [     16360], ret:         49 } hitcount:          1
{ common_pid: mc-worker       [     16361], ret:         81 } hitcount:          1
{ common_pid: mc-worker       [     16367], ret:         69 } hitcount:          1
{ common_pid: mc-worker       [     16362], ret:         63 } hitcount:          1
{ common_pid: mc-worker       [     16363], ret:         58 } hitcount:          1
{ common_pid: mc-worker       [     16367], ret:         73 } hitcount:          1
{ common_pid: mc-worker       [     16365], ret:        475 } hitcount:          1
{ common_pid: mc-worker       [     16365], ret:         65 } hitcount:          1
{ common_pid: mc-worker       [     16361], ret:         64 } hitcount:          1
{ common_pid: mc-worker       [     16361], ret:        101 } hitcount:          1
{ common_pid: mc-worker       [     16366], ret:         63 } hitcount:          1
{ common_pid: mc-worker       [     16360], ret:         87 } hitcount:          1
{ common_pid: mc-worker       [     16364], ret:         87 } hitcount:          1
{ common_pid: mc-worker       [     16362], ret:         66 } hitcount:          1
{ common_pid: mc-worker       [     16360], ret:         92 } hitcount:          1
{ common_pid: mc-worker       [     16366], ret:         56 } hitcount:          1
{ common_pid: mc-worker       [     16366], ret:        391 } hitcount:          1
{ common_pid: mc-worker       [     16360], ret:         70 } hitcount:          1
{ common_pid: mc-worker       [     16360], ret:         67 } hitcount:          1
{ common_pid: mc-worker       [     16365], ret:         58 } hitcount:          1
{ common_pid: mc-worker       [     16364], ret:         65 } hitcount:          1
{ common_pid: mc-worker       [     16361], ret:         92 } hitcount:          1
{ common_pid: mc-worker       [     16361], ret:         61 } hitcount:          1
{ common_pid: mc-worker       [     16367], ret:         66 } hitcount:          1
{ common_pid: mc-worker       [     16361], ret:         68 } hitcount:          1
{ common_pid: mc-worker       [     16361], ret:         69 } hitcount:          1
{ common_pid: mc-worker       [     16362], ret:        256 } hitcount:          1
{ common_pid: mc-worker       [     16362], ret:         55 } hitcount:          1
{ common_pid: mc-worker       [     16365], ret:         70 } hitcount:          1
{ common_pid: mc-worker       [     16366], ret:         53 } hitcount:          1
{ common_pid: mc-worker       [     16364], ret:         70 } hitcount:          1
{ common_pid: mc-worker       [     16364], ret:         57 } hitcount:          1
{ common_pid: mc-worker       [     16361], ret:         62 } hitcount:          1
{ common_pid: mc-worker       [     16362], ret:         54 } hitcount:          1
{ common_pid: mc-worker       [     16360], ret:         61 } hitcount:          1
{ common_pid: mc-worker       [     16366], ret:         55 } hitcount:          1
{ common_pid: mc-worker       [     16360], ret:         76 } hitcount:          1
{ common_pid: mc-worker       [     16360], ret:         68 } hitcount:          1
{ common_pid: mc-worker       [     16362], ret:         59 } hitcount:          1
{ common_pid: mc-worker       [     16363], ret:        105 } hitcount:          1
{ common_pid: mc-worker       [     16365], ret:         71 } hitcount:          1
{ common_pid: mc-worker       [     16366], ret:         59 } hitcount:          1
{ common_pid: mc-worker       [     16366], ret:         68 } hitcount:          1
{ common_pid: mc-worker       [     16363], ret:        502 } hitcount:          1
{ common_pid: mc-worker       [     16360], ret:         62 } hitcount:          2
{ common_pid: mc-worker       [     16365], ret:         60 } hitcount:          2
{ common_pid: mc-worker       [     16366], ret:         58 } hitcount:          2
{ common_pid: mc-worker       [     16361], ret:         58 } hitcount:          2
{ common_pid: mc-worker       [     16367], ret:         52 } hitcount:          2
{ common_pid: mc-worker       [     16362], ret:         57 } hitcount:          2
{ common_pid: mc-worker       [     16363], ret:         56 } hitcount:          2
{ common_pid: mc-worker       [     16364], ret:         80 } hitcount:          2
{ common_pid: mc-worker       [     16364], ret:         61 } hitcount:          2
{ common_pid: mc-worker       [     16361], ret:         56 } hitcount:          2
{ common_pid: mc-worker       [     16364], ret:         53 } hitcount:          2
{ common_pid: mc-worker       [     16367], ret:         58 } hitcount:          2
{ common_pid: mc-worker       [     16364], ret:         54 } hitcount:          2
{ common_pid: mc-worker       [     16366], ret:         64 } hitcount:          2
{ common_pid: mc-worker       [     16363], ret:         68 } hitcount:          2
{ common_pid: mc-worker       [     16360], ret:         59 } hitcount:          2
{ common_pid: mc-worker       [     16363], ret:         80 } hitcount:          2
{ common_pid: mc-worker       [     16361], ret:         65 } hitcount:          2
{ common_pid: mc-worker       [     16365], ret:         67 } hitcount:          2
{ common_pid: mc-worker       [     16360], ret:         72 } hitcount:          2
{ common_pid: mc-worker       [     16366], ret:         70 } hitcount:          2
{ common_pid: mc-worker       [     16362], ret:         53 } hitcount:          2
{ common_pid: mc-worker       [     16362], ret:         60 } hitcount:          2
{ common_pid: mc-worker       [     16367], ret:         56 } hitcount:          2
{ common_pid: mc-worker       [     16360], ret:         53 } hitcount:          2
{ common_pid: mc-worker       [     16366], ret:         54 } hitcount:          3
{ common_pid: mc-worker       [     16360], ret:         50 } hitcount:          3
{ common_pid: mc-worker       [     16366], ret:         49 } hitcount:          3
{ common_pid: mc-worker       [     16366], ret:         60 } hitcount:          3
{ common_pid: mc-worker       [     16365], ret:         53 } hitcount:          3
{ common_pid: mc-worker       [     16366], ret:         50 } hitcount:          3
{ common_pid: mc-worker       [     16360], ret:         51 } hitcount:          3
{ common_pid: mc-worker       [     16363], ret:         60 } hitcount:          3
{ common_pid: mc-worker       [     16363], ret:         55 } hitcount:          3
{ common_pid: mc-worker       [     16360], ret:         56 } hitcount:          3
{ common_pid: mc-worker       [     16366], ret:         52 } hitcount:          3
{ common_pid: mc-worker       [     16367], ret:         50 } hitcount:          3
{ common_pid: mc-worker       [     16362], ret:         51 } hitcount:          3
{ common_pid: mc-worker       [     16367], ret:         51 } hitcount:          3
{ common_pid: mc-worker       [     16367], ret:         49 } hitcount:          3
{ common_pid: mc-worker       [     16362], ret:         52 } hitcount:          3
{ common_pid: mc-worker       [     16362], ret:         56 } hitcount:          3
{ common_pid: mc-worker       [     16361], ret:         53 } hitcount:          4
{ common_pid: mc-worker       [     16363], ret:         53 } hitcount:          4
{ common_pid: mc-worker       [     16363], ret:         52 } hitcount:          5
{ common_pid: mc-worker       [     16364], ret:         55 } hitcount:          5
{ common_pid: mc-worker       [     16360], ret:         54 } hitcount:          5
{ common_pid: mc-worker       [     16365], ret:         52 } hitcount:          5
{ common_pid: mc-worker       [     16365], ret:         50 } hitcount:          5
{ common_pid: mc-worker       [     16362], ret:         48 } hitcount:          6
{ common_pid: mc-worker       [     16366], ret:         51 } hitcount:          6
{ common_pid: mc-worker       [     16360], ret:         47 } hitcount:          6
{ common_pid: mc-worker       [     16365], ret:         51 } hitcount:          6
{ common_pid: mc-worker       [     16364], ret:         52 } hitcount:          6
{ common_pid: mc-worker       [     16363], ret:         54 } hitcount:          6
{ common_pid: mc-worker       [     16365], ret:         49 } hitcount:          6
{ common_pid: mc-worker       [     16364], ret:         51 } hitcount:          6
{ common_pid: mc-worker       [     16364], ret:         50 } hitcount:          7
{ common_pid: mc-worker       [     16361], ret:         54 } hitcount:          7
{ common_pid: mc-worker       [     16360], ret:         48 } hitcount:          8
{ common_pid: mc-worker       [     16363], ret:         50 } hitcount:          8
{ common_pid: mc-worker       [     16362], ret:         49 } hitcount:          8
{ common_pid: mc-worker       [     16361], ret:         55 } hitcount:          9
{ common_pid: mc-worker       [     16361], ret:         52 } hitcount:          9
{ common_pid: mc-worker       [     16367], ret:         46 } hitcount:          9
{ common_pid: mc-worker       [     16363], ret:         51 } hitcount:          9
{ common_pid: mc-worker       [     16366], ret:         48 } hitcount:          9
{ common_pid: mc-worker       [     16367], ret:         48 } hitcount:         10
{ common_pid: mc-worker       [     16360], ret:         45 } hitcount:         11
{ common_pid: mc-worker       [     16362], ret:         47 } hitcount:         11
{ common_pid: mc-worker       [     16361], ret:         51 } hitcount:         12
{ common_pid: mc-worker       [     16363], ret:         49 } hitcount:         13
{ common_pid: mc-worker       [     16367], ret:         47 } hitcount:         14
{ common_pid: mc-worker       [     16363], ret:         48 } hitcount:         15
{ common_pid: mc-worker       [     16365], ret:         48 } hitcount:         15
{ common_pid: mc-worker       [     16366], ret:         47 } hitcount:         16
{ common_pid: mc-worker       [     16360], ret:         46 } hitcount:         16
{ common_pid: mc-worker       [     16364], ret:         49 } hitcount:         17
{ common_pid: mc-worker       [     16364], ret:         48 } hitcount:         18
{ common_pid: mc-worker       [     16366], ret:         46 } hitcount:         21
{ common_pid: mc-worker       [     16362], ret:         46 } hitcount:         21
{ common_pid: mc-worker       [     16365], ret:         47 } hitcount:         22
{ common_pid: mc-worker       [     16361], ret:         50 } hitcount:         23
{ common_pid: mc-worker       [     16360], ret:         44 } hitcount:         27
{ common_pid: mc-worker       [     16363], ret:         47 } hitcount:         27
{ common_pid: mc-worker       [     16365], ret:         46 } hitcount:         29
{ common_pid: mc-worker       [     16360], ret:         43 } hitcount:         29
{ common_pid: mc-worker       [     16363], ret:         46 } hitcount:         30
{ common_pid: mc-worker       [     16366], ret:         45 } hitcount:         31
{ common_pid: mc-worker       [     16361], ret:         48 } hitcount:         32
{ common_pid: mc-worker       [     16364], ret:         47 } hitcount:         33
{ common_pid: mc-worker       [     16361], ret:         49 } hitcount:         34
{ common_pid: mc-worker       [     16362], ret:         44 } hitcount:         34
{ common_pid: mc-worker       [     16365], ret:         45 } hitcount:         37
{ common_pid: mc-worker       [     16367], ret:         45 } hitcount:         37
{ common_pid: mc-worker       [     16366], ret:         44 } hitcount:         37
{ common_pid: mc-worker       [     16365], ret:         44 } hitcount:         39
{ common_pid: mc-worker       [     16362], ret:         45 } hitcount:         39
{ common_pid: mc-worker       [     16360], ret:         42 } hitcount:         43
{ common_pid: mc-worker       [     16362], ret:         43 } hitcount:         47
{ common_pid: mc-worker       [     16367], ret:         44 } hitcount:         48
{ common_pid: mc-worker       [     16363], ret:         45 } hitcount:         50
{ common_pid: mc-worker       [     16364], ret:         46 } hitcount:         53
{ common_pid: mc-worker       [     16366], ret:         43 } hitcount:         54
{ common_pid: mc-worker       [     16360], ret:         41 } hitcount:         54
{ common_pid: mc-worker       [     16363], ret:         44 } hitcount:         57
{ common_pid: mc-worker       [     16361], ret:         47 } hitcount:         57
{ common_pid: mc-worker       [     16367], ret:         43 } hitcount:         63
{ common_pid: mc-worker       [     16365], ret:         43 } hitcount:         63
{ common_pid: mc-worker       [     16364], ret:         45 } hitcount:         64
{ common_pid: mc-worker       [     16361], ret:         46 } hitcount:         69
{ common_pid: mc-worker       [     16366], ret:         42 } hitcount:         72
{ common_pid: mc-worker       [     16367], ret:         42 } hitcount:         78
{ common_pid: mc-worker       [     16363], ret:         43 } hitcount:         79
{ common_pid: mc-worker       [     16364], ret:         44 } hitcount:         82
{ common_pid: mc-worker       [     16360], ret:         40 } hitcount:         90
{ common_pid: mc-worker       [     16365], ret:         42 } hitcount:         95
{ common_pid: mc-worker       [     16362], ret:         42 } hitcount:        104
{ common_pid: mc-worker       [     16367], ret:         41 } hitcount:        105
{ common_pid: mc-worker       [     16366], ret:         41 } hitcount:        112
{ common_pid: mc-worker       [     16361], ret:         45 } hitcount:        113
{ common_pid: mc-worker       [     16363], ret:         42 } hitcount:        115
{ common_pid: mc-worker       [     16364], ret:         43 } hitcount:        121
{ common_pid: mc-worker       [     16360], ret:         39 } hitcount:        129
{ common_pid: mc-worker       [     16365], ret:         41 } hitcount:        139
{ common_pid: mc-worker       [     16362], ret:         41 } hitcount:        145
{ common_pid: mc-worker       [     16367], ret:         40 } hitcount:        156
{ common_pid: mc-worker       [     16366], ret:         40 } hitcount:        162
{ common_pid: mc-worker       [     16363], ret:         41 } hitcount:        166
{ common_pid: mc-worker       [     16361], ret:         44 } hitcount:        169
{ common_pid: mc-worker       [     16364], ret:         42 } hitcount:        169
{ common_pid: mc-worker       [     16360], ret:         38 } hitcount:        180
{ common_pid: mc-worker       [     16362], ret:         40 } hitcount:        217
{ common_pid: mc-worker       [     16362], ret:         39 } hitcount:        218
{ common_pid: mc-worker       [     16365], ret:         40 } hitcount:        220
{ common_pid: mc-worker       [     16366], ret:         39 } hitcount:        221
{ common_pid: mc-worker       [     16361], ret:         43 } hitcount:        225
{ common_pid: mc-worker       [     16363], ret:         40 } hitcount:        235
{ common_pid: mc-worker       [     16367], ret:         39 } hitcount:        240
{ common_pid: mc-worker       [     16360], ret:         37 } hitcount:        255
{ common_pid: mc-worker       [     16364], ret:         41 } hitcount:        270
{ common_pid: mc-worker       [     16365], ret:         39 } hitcount:        301
{ common_pid: mc-worker       [     16367], ret:         38 } hitcount:        306
{ common_pid: mc-worker       [     16363], ret:         39 } hitcount:        312
{ common_pid: mc-worker       [     16364], ret:         40 } hitcount:        318
{ common_pid: mc-worker       [     16366], ret:         38 } hitcount:        322
{ common_pid: mc-worker       [     16361], ret:         42 } hitcount:        326
{ common_pid: mc-worker       [     16362], ret:         38 } hitcount:        332
{ common_pid: mc-worker       [     16360], ret:         36 } hitcount:        382
{ common_pid: mc-worker       [     16367], ret:         37 } hitcount:        398
{ common_pid: mc-worker       [     16364], ret:         39 } hitcount:        414
{ common_pid: mc-worker       [     16365], ret:         38 } hitcount:        416
{ common_pid: mc-worker       [     16361], ret:         41 } hitcount:        420
{ common_pid: mc-worker       [     16366], ret:         37 } hitcount:        423
{ common_pid: mc-worker       [     16363], ret:         38 } hitcount:        440
{ common_pid: mc-worker       [     16362], ret:         37 } hitcount:        460
{ common_pid: mc-worker       [     16365], ret:         37 } hitcount:        511
{ common_pid: mc-worker       [     16363], ret:         37 } hitcount:        530
{ common_pid: mc-worker       [     16361], ret:         40 } hitcount:        543
{ common_pid: mc-worker       [     16360], ret:         35 } hitcount:        568
{ common_pid: mc-worker       [     16364], ret:         38 } hitcount:        591
{ common_pid: mc-worker       [     16366], ret:         36 } hitcount:        599
{ common_pid: mc-worker       [     16367], ret:         36 } hitcount:        608
{ common_pid: mc-worker       [     16362], ret:         36 } hitcount:        653
{ common_pid: mc-worker       [     16361], ret:         39 } hitcount:        686
{ common_pid: mc-worker       [     16360], ret:         34 } hitcount:        692
{ common_pid: mc-worker       [     16365], ret:         36 } hitcount:        734
{ common_pid: mc-worker       [     16364], ret:         37 } hitcount:        742
{ common_pid: mc-worker       [     16363], ret:         36 } hitcount:        749
{ common_pid: mc-worker       [     16366], ret:         35 } hitcount:        756
{ common_pid: mc-worker       [     16362], ret:         35 } hitcount:        845
{ common_pid: mc-worker       [     16367], ret:         35 } hitcount:        850
{ common_pid: mc-worker       [     16361], ret:         38 } hitcount:        865
{ common_pid: mc-worker       [     16365], ret:         35 } hitcount:        907
{ common_pid: mc-worker       [     16364], ret:         36 } hitcount:        955
{ common_pid: mc-worker       [     16363], ret:         35 } hitcount:        982
{ common_pid: mc-worker       [     16367], ret:         34 } hitcount:       1015
{ common_pid: mc-worker       [     16360], ret:         33 } hitcount:       1039
{ common_pid: mc-worker       [     16366], ret:         34 } hitcount:       1060
{ common_pid: mc-worker       [     16362], ret:         34 } hitcount:       1089
{ common_pid: mc-worker       [     16363], ret:         34 } hitcount:       1128
{ common_pid: mc-worker       [     16364], ret:         35 } hitcount:       1184
{ common_pid: mc-worker       [     16361], ret:         37 } hitcount:       1200
{ common_pid: mc-worker       [     16365], ret:         34 } hitcount:       1222
{ common_pid: mc-worker       [     16366], ret:         33 } hitcount:       1262
{ common_pid: mc-worker       [     16367], ret:         33 } hitcount:       1341
{ common_pid: mc-worker       [     16362], ret:         33 } hitcount:       1344
{ common_pid: mc-worker       [     16360], ret:         32 } hitcount:       1356
{ common_pid: mc-worker       [     16361], ret:         36 } hitcount:       1472
{ common_pid: mc-worker       [     16363], ret:         33 } hitcount:       1493
{ common_pid: mc-worker       [     16365], ret:         33 } hitcount:       1508
{ common_pid: mc-worker       [     16364], ret:         34 } hitcount:       1521
{ common_pid: mc-worker       [     16360], ret:         31 } hitcount:       1620
{ common_pid: mc-worker       [     16366], ret:         32 } hitcount:       1659
{ common_pid: mc-worker       [     16367], ret:         32 } hitcount:       1747
{ common_pid: mc-worker       [     16362], ret:         32 } hitcount:       1774
{ common_pid: mc-worker       [     16361], ret:         35 } hitcount:       1784
{ common_pid: mc-worker       [     16363], ret:         32 } hitcount:       1888
{ common_pid: mc-worker       [     16364], ret:         33 } hitcount:       1918
{ common_pid: mc-worker       [     16365], ret:         32 } hitcount:       1928
{ common_pid: mc-worker       [     16360], ret:         30 } hitcount:       2079
{ common_pid: mc-worker       [     16362], ret:         31 } hitcount:       2113
{ common_pid: mc-worker       [     16366], ret:         31 } hitcount:       2143
{ common_pid: mc-worker       [     16367], ret:         31 } hitcount:       2184
{ common_pid: mc-worker       [     16361], ret:         34 } hitcount:       2224
{ common_pid: mc-worker       [     16363], ret:         31 } hitcount:       2297
{ common_pid: mc-worker       [     16364], ret:         32 } hitcount:       2344
{ common_pid: mc-worker       [     16360], ret:         29 } hitcount:       2514
{ common_pid: mc-worker       [     16365], ret:         31 } hitcount:       2528
{ common_pid: mc-worker       [     16366], ret:         30 } hitcount:       2561
{ common_pid: mc-worker       [     16362], ret:         30 } hitcount:       2578
{ common_pid: mc-worker       [     16363], ret:         30 } hitcount:       2646
{ common_pid: mc-worker       [     16361], ret:         33 } hitcount:       2711
{ common_pid: mc-worker       [     16364], ret:         31 } hitcount:       2715
{ common_pid: mc-worker       [     16367], ret:         30 } hitcount:       2804
{ common_pid: mc-worker       [     16365], ret:         30 } hitcount:       2897
{ common_pid: mc-worker       [     16366], ret:         29 } hitcount:       2985
{ common_pid: mc-worker       [     16362], ret:         29 } hitcount:       3073
{ common_pid: mc-worker       [     16363], ret:         29 } hitcount:       3092
{ common_pid: mc-worker       [     16361], ret:         32 } hitcount:       3108
{ common_pid: mc-worker       [     16360], ret:         28 } hitcount:       3137
{ common_pid: mc-worker       [     16364], ret:         30 } hitcount:       3159
{ common_pid: mc-worker       [     16367], ret:         29 } hitcount:       3199
{ common_pid: mc-worker       [     16366], ret:         28 } hitcount:       3471
{ common_pid: mc-worker       [     16365], ret:         29 } hitcount:       3504
{ common_pid: mc-worker       [     16364], ret:         29 } hitcount:       3542
{ common_pid: mc-worker       [     16361], ret:         31 } hitcount:       3556
{ common_pid: mc-worker       [     16363], ret:         28 } hitcount:       3566
{ common_pid: mc-worker       [     16362], ret:         28 } hitcount:       3598
{ common_pid: mc-worker       [     16360], ret:         27 } hitcount:       3751
{ common_pid: mc-worker       [     16367], ret:         28 } hitcount:       3818
{ common_pid: mc-worker       [     16365], ret:         28 } hitcount:       3847
{ common_pid: mc-worker       [     16363], ret:         27 } hitcount:       3960
{ common_pid: mc-worker       [     16364], ret:         28 } hitcount:       3990
{ common_pid: mc-worker       [     16361], ret:         30 } hitcount:       3994
{ common_pid: mc-worker       [     16361], ret:         17 } hitcount:       4054
{ common_pid: mc-worker       [     16361], ret:         18 } hitcount:       4065
{ common_pid: mc-worker       [     16361], ret:         16 } hitcount:       4083
{ common_pid: mc-worker       [     16361], ret:         19 } hitcount:       4092
{ common_pid: mc-worker       [     16366], ret:         27 } hitcount:       4095
{ common_pid: mc-worker       [     16362], ret:         27 } hitcount:       4128
{ common_pid: mc-worker       [     16363], ret:         26 } hitcount:       4221
{ common_pid: mc-worker       [     16361], ret:         15 } hitcount:       4269
{ common_pid: mc-worker       [     16364], ret:         27 } hitcount:       4298
{ common_pid: mc-worker       [     16361], ret:         20 } hitcount:       4315
{ common_pid: mc-worker       [     16360], ret:         26 } hitcount:       4337
{ common_pid: mc-worker       [     16367], ret:         27 } hitcount:       4386
{ common_pid: mc-worker       [     16364], ret:         26 } hitcount:       4441
{ common_pid: mc-worker       [     16364], ret:         18 } hitcount:       4464
{ common_pid: mc-worker       [     16364], ret:         19 } hitcount:       4497
{ common_pid: mc-worker       [     16365], ret:         27 } hitcount:       4497
{ common_pid: mc-worker       [     16364], ret:         17 } hitcount:       4498
{ common_pid: mc-worker       [     16366], ret:         26 } hitcount:       4507
{ common_pid: mc-worker       [     16363], ret:         25 } hitcount:       4508
{ common_pid: mc-worker       [     16361], ret:         29 } hitcount:       4513
{ common_pid: mc-worker       [     16364], ret:         20 } hitcount:       4531
{ common_pid: mc-worker       [     16361], ret:         21 } hitcount:       4559
{ common_pid: mc-worker       [     16362], ret:         26 } hitcount:       4589
{ common_pid: mc-worker       [     16361], ret:         14 } hitcount:       4591
{ common_pid: mc-worker       [     16364], ret:         21 } hitcount:       4654
{ common_pid: mc-worker       [     16367], ret:         16 } hitcount:       4655
{ common_pid: mc-worker       [     16363], ret:         21 } hitcount:       4671
{ common_pid: mc-worker       [     16365], ret:         17 } hitcount:       4691
{ common_pid: mc-worker       [     16366], ret:         25 } hitcount:       4701
{ common_pid: mc-worker       [     16363], ret:         18 } hitcount:       4703
{ common_pid: mc-worker       [     16364], ret:         22 } hitcount:       4705
{ common_pid: mc-worker       [     16363], ret:         19 } hitcount:       4709
{ common_pid: mc-worker       [     16365], ret:         16 } hitcount:       4709
{ common_pid: mc-worker       [     16363], ret:         20 } hitcount:       4713
{ common_pid: mc-worker       [     16363], ret:         24 } hitcount:       4722
{ common_pid: mc-worker       [     16365], ret:         15 } hitcount:       4723
{ common_pid: mc-worker       [     16364], ret:         25 } hitcount:       4740
{ common_pid: mc-worker       [     16366], ret:         17 } hitcount:       4760
{ common_pid: mc-worker       [     16363], ret:         22 } hitcount:       4762
{ common_pid: mc-worker       [     16362], ret:         25 } hitcount:       4793
{ common_pid: mc-worker       [     16363], ret:         17 } hitcount:       4805
{ common_pid: mc-worker       [     16362], ret:         18 } hitcount:       4818
{ common_pid: mc-worker       [     16362], ret:         17 } hitcount:       4831
{ common_pid: mc-worker       [     16362], ret:         16 } hitcount:       4834
{ common_pid: mc-worker       [     16367], ret:         26 } hitcount:       4834
{ common_pid: mc-worker       [     16363], ret:         23 } hitcount:       4838
{ common_pid: mc-worker       [     16361], ret:         28 } hitcount:       4842
{ common_pid: mc-worker       [     16364], ret:         23 } hitcount:       4843
{ common_pid: mc-worker       [     16360], ret:         25 } hitcount:       4846
{ common_pid: mc-worker       [     16366], ret:         18 } hitcount:       4851
{ common_pid: mc-worker       [     16364], ret:         24 } hitcount:       4859
{ common_pid: mc-worker       [     16364], ret:         16 } hitcount:       4864
{ common_pid: mc-worker       [     16365], ret:         18 } hitcount:       4870
{ common_pid: mc-worker       [     16361], ret:         22 } hitcount:       4876
{ common_pid: mc-worker       [     16367], ret:         15 } hitcount:       4885
{ common_pid: mc-worker       [     16367], ret:         14 } hitcount:       4889
{ common_pid: mc-worker       [     16366], ret:         16 } hitcount:       4900
{ common_pid: mc-worker       [     16367], ret:         17 } hitcount:       4902
{ common_pid: mc-worker       [     16365], ret:         26 } hitcount:       4914
{ common_pid: mc-worker       [     16367], ret:         18 } hitcount:       4935
{ common_pid: mc-worker       [     16363], ret:         16 } hitcount:       4939
{ common_pid: mc-worker       [     16360], ret:         15 } hitcount:       5017
{ common_pid: mc-worker       [     16362], ret:         19 } hitcount:       5020
{ common_pid: mc-worker       [     16362], ret:         15 } hitcount:       5041
{ common_pid: mc-worker       [     16365], ret:         19 } hitcount:       5050
{ common_pid: mc-worker       [     16360], ret:         16 } hitcount:       5074
{ common_pid: mc-worker       [     16362], ret:         20 } hitcount:       5079
{ common_pid: mc-worker       [     16365], ret:         14 } hitcount:       5095
{ common_pid: mc-worker       [     16366], ret:         19 } hitcount:       5117
{ common_pid: mc-worker       [     16361], ret:         13 } hitcount:       5126
{ common_pid: mc-worker       [     16361], ret:         27 } hitcount:       5128
{ common_pid: mc-worker       [     16360], ret:         14 } hitcount:       5131
{ common_pid: mc-worker       [     16366], ret:         21 } hitcount:       5159
{ common_pid: mc-worker       [     16362], ret:         24 } hitcount:       5169
{ common_pid: mc-worker       [     16361], ret:         23 } hitcount:       5175
{ common_pid: mc-worker       [     16366], ret:         15 } hitcount:       5177
{ common_pid: mc-worker       [     16362], ret:         23 } hitcount:       5179
{ common_pid: mc-worker       [     16366], ret:         20 } hitcount:       5192
{ common_pid: mc-worker       [     16361], ret:         26 } hitcount:       5200
{ common_pid: mc-worker       [     16364], ret:         15 } hitcount:       5207
{ common_pid: mc-worker       [     16366], ret:         24 } hitcount:       5215
{ common_pid: mc-worker       [     16361], ret:         24 } hitcount:       5229
{ common_pid: mc-worker       [     16360], ret:         17 } hitcount:       5235
{ common_pid: mc-worker       [     16367], ret:         19 } hitcount:       5241
{ common_pid: mc-worker       [     16367], ret:         13 } hitcount:       5265
{ common_pid: mc-worker       [     16362], ret:         21 } hitcount:       5265
{ common_pid: mc-worker       [     16365], ret:         20 } hitcount:       5296
{ common_pid: mc-worker       [     16366], ret:         23 } hitcount:       5306
{ common_pid: mc-worker       [     16366], ret:         22 } hitcount:       5310
{ common_pid: mc-worker       [     16363], ret:         15 } hitcount:       5314
{ common_pid: mc-worker       [     16361], ret:         25 } hitcount:       5321
{ common_pid: mc-worker       [     16362], ret:         22 } hitcount:       5338
{ common_pid: mc-worker       [     16365], ret:         25 } hitcount:       5375
{ common_pid: mc-worker       [     16361], ret:         12 } hitcount:       5400
{ common_pid: mc-worker       [     16360], ret:         18 } hitcount:       5410
{ common_pid: mc-worker       [     16365], ret:         13 } hitcount:       5433
{ common_pid: mc-worker       [     16360], ret:         24 } hitcount:       5441
{ common_pid: mc-worker       [     16367], ret:         25 } hitcount:       5459
{ common_pid: mc-worker       [     16366], ret:         14 } hitcount:       5471
{ common_pid: mc-worker       [     16367], ret:         20 } hitcount:       5505
{ common_pid: mc-worker       [     16365], ret:         24 } hitcount:       5517
{ common_pid: mc-worker       [     16365], ret:         21 } hitcount:       5563
{ common_pid: mc-worker       [     16365], ret:         22 } hitcount:       5570
{ common_pid: mc-worker       [     16362], ret:         14 } hitcount:       5597
{ common_pid: mc-worker       [     16360], ret:         23 } hitcount:       5608
{ common_pid: mc-worker       [     16360], ret:         20 } hitcount:       5690
{ common_pid: mc-worker       [     16360], ret:         13 } hitcount:       5696
{ common_pid: mc-worker       [     16367], ret:         21 } hitcount:       5702
{ common_pid: mc-worker       [     16367], ret:         23 } hitcount:       5721
{ common_pid: mc-worker       [     16365], ret:         23 } hitcount:       5756
{ common_pid: mc-worker       [     16364], ret:         14 } hitcount:       5773
{ common_pid: mc-worker       [     16367], ret:         22 } hitcount:       5781
{ common_pid: mc-worker       [     16367], ret:         12 } hitcount:       5783
{ common_pid: mc-worker       [     16360], ret:         22 } hitcount:       5786
{ common_pid: mc-worker       [     16367], ret:         24 } hitcount:       5816
{ common_pid: mc-worker       [     16360], ret:         19 } hitcount:       5820
{ common_pid: mc-worker       [     16360], ret:         21 } hitcount:       5835
{ common_pid: mc-worker       [     16362], ret:         13 } hitcount:       5874
{ common_pid: mc-worker       [     16365], ret:         12 } hitcount:       5946
{ common_pid: mc-worker       [     16363], ret:         14 } hitcount:       5987
{ common_pid: mc-worker       [     16361], ret:         11 } hitcount:       6010
{ common_pid: mc-worker       [     16360], ret:         12 } hitcount:       6054
{ common_pid: mc-worker       [     16366], ret:         13 } hitcount:       6157
{ common_pid: mc-worker       [     16364], ret:         13 } hitcount:       6181
{ common_pid: mc-worker       [     16367], ret:         11 } hitcount:       6352
{ common_pid: mc-worker       [     16362], ret:         12 } hitcount:       6436
{ common_pid: mc-worker       [     16363], ret:         13 } hitcount:       6455
{ common_pid: mc-worker       [     16365], ret:         11 } hitcount:       6537
{ common_pid: mc-worker       [     16360], ret:         11 } hitcount:       6604
{ common_pid: mc-worker       [     16366], ret:         12 } hitcount:       6644
{ common_pid: mc-worker       [     16361], ret:         10 } hitcount:       6660
{ common_pid: mc-worker       [     16367], ret:         10 } hitcount:       6928
{ common_pid: mc-worker       [     16364], ret:         12 } hitcount:       7065
{ common_pid: mc-worker       [     16362], ret:         11 } hitcount:       7067
{ common_pid: mc-worker       [     16363], ret:         12 } hitcount:       7087
{ common_pid: mc-worker       [     16365], ret:         10 } hitcount:       7213
{ common_pid: mc-worker       [     16361], ret:          9 } hitcount:       7249
{ common_pid: mc-worker       [     16366], ret:         11 } hitcount:       7370
{ common_pid: mc-worker       [     16360], ret:         10 } hitcount:       7371
{ common_pid: mc-worker       [     16367], ret:          9 } hitcount:       7756
{ common_pid: mc-worker       [     16364], ret:         11 } hitcount:       7760
{ common_pid: mc-worker       [     16365], ret:          9 } hitcount:       7807
{ common_pid: mc-worker       [     16363], ret:         11 } hitcount:       7860
{ common_pid: mc-worker       [     16360], ret:          9 } hitcount:       7948
{ common_pid: mc-worker       [     16361], ret:          8 } hitcount:       8003
{ common_pid: mc-worker       [     16362], ret:         10 } hitcount:       8044
{ common_pid: mc-worker       [     16366], ret:         10 } hitcount:       8284
{ common_pid: mc-worker       [     16367], ret:          8 } hitcount:       8554
{ common_pid: mc-worker       [     16364], ret:         10 } hitcount:       8614
{ common_pid: mc-worker       [     16363], ret:         10 } hitcount:       8736
{ common_pid: mc-worker       [     16362], ret:          9 } hitcount:       8744
{ common_pid: mc-worker       [     16365], ret:          8 } hitcount:       8811
{ common_pid: mc-worker       [     16366], ret:          9 } hitcount:       8880
{ common_pid: mc-worker       [     16361], ret:          7 } hitcount:       9028
{ common_pid: mc-worker       [     16360], ret:          8 } hitcount:       9052
{ common_pid: mc-worker       [     16364], ret:          9 } hitcount:       9099
{ common_pid: mc-worker       [     16367], ret:          7 } hitcount:       9674
{ common_pid: mc-worker       [     16362], ret:          8 } hitcount:       9753
{ common_pid: mc-worker       [     16363], ret:          9 } hitcount:       9816
{ common_pid: mc-worker       [     16366], ret:          8 } hitcount:       9939
{ common_pid: mc-worker       [     16365], ret:          7 } hitcount:      10082
{ common_pid: mc-worker       [     16364], ret:          8 } hitcount:      10162
{ common_pid: mc-worker       [     16360], ret:          7 } hitcount:      10313
{ common_pid: mc-worker       [     16361], ret:          6 } hitcount:      10647
{ common_pid: mc-worker       [     16363], ret:          8 } hitcount:      10961
{ common_pid: mc-worker       [     16362], ret:          7 } hitcount:      11145
{ common_pid: mc-worker       [     16366], ret:          7 } hitcount:      11350
{ common_pid: mc-worker       [     16367], ret:          6 } hitcount:      11518
{ common_pid: mc-worker       [     16364], ret:          7 } hitcount:      11673
{ common_pid: mc-worker       [     16365], ret:          6 } hitcount:      11962
{ common_pid: mc-worker       [     16360], ret:          6 } hitcount:      12056
{ common_pid: mc-worker       [     16363], ret:          7 } hitcount:      12377
{ common_pid: mc-worker       [     16362], ret:          6 } hitcount:      13147
{ common_pid: mc-worker       [     16366], ret:          6 } hitcount:      13269
{ common_pid: mc-worker       [     16361], ret:          5 } hitcount:      13331
{ common_pid: mc-worker       [     16365], ret:          1 } hitcount:      13392
{ common_pid: mc-worker       [     16364], ret:          6 } hitcount:      13923
{ common_pid: mc-worker       [     16361], ret:          1 } hitcount:      14056
{ common_pid: mc-worker       [     16367], ret:          5 } hitcount:      14119
{ common_pid: mc-worker       [     16365], ret:          5 } hitcount:      14349
{ common_pid: mc-worker       [     16363], ret:          6 } hitcount:      14618
{ common_pid: mc-worker       [     16367], ret:          1 } hitcount:      14825
{ common_pid: mc-worker       [     16360], ret:          5 } hitcount:      15362
{ common_pid: mc-worker       [     16366], ret:          1 } hitcount:      16026
{ common_pid: mc-worker       [     16362], ret:          5 } hitcount:      16433
{ common_pid: mc-worker       [     16364], ret:          1 } hitcount:      16492
{ common_pid: mc-worker       [     16366], ret:          5 } hitcount:      16505
{ common_pid: mc-worker       [     16364], ret:          5 } hitcount:      16990
{ common_pid: mc-worker       [     16362], ret:          1 } hitcount:      17351
{ common_pid: mc-worker       [     16361], ret:          4 } hitcount:      17353
{ common_pid: mc-worker       [     16363], ret:          5 } hitcount:      18391
{ common_pid: mc-worker       [     16365], ret:          4 } hitcount:      18504
{ common_pid: mc-worker       [     16367], ret:          4 } hitcount:      18593
{ common_pid: mc-worker       [     16360], ret:          1 } hitcount:      19358
{ common_pid: mc-worker       [     16360], ret:          4 } hitcount:      20430
{ common_pid: mc-worker       [     16362], ret:          4 } hitcount:      21572
{ common_pid: mc-worker       [     16361], ret:          3 } hitcount:      21619
{ common_pid: mc-worker       [     16366], ret:          4 } hitcount:      21657
{ common_pid: mc-worker       [     16363], ret:          1 } hitcount:      21853
{ common_pid: mc-worker       [     16361], ret:          2 } hitcount:      21980
{ common_pid: mc-worker       [     16365], ret:          2 } hitcount:      22106
{ common_pid: mc-worker       [     16364], ret:          4 } hitcount:      22170
{ common_pid: mc-worker       [     16365], ret:          3 } hitcount:      23196
{ common_pid: mc-worker       [     16367], ret:          2 } hitcount:      23935
{ common_pid: mc-worker       [     16367], ret:          3 } hitcount:      24004
{ common_pid: mc-worker       [     16363], ret:          4 } hitcount:      24208
{ common_pid: mc-worker       [     16360], ret:          3 } hitcount:      26128
{ common_pid: mc-worker       [     16366], ret:          2 } hitcount:      27147
{ common_pid: mc-worker       [     16366], ret:          3 } hitcount:      27352
{ common_pid: mc-worker       [     16360], ret:          2 } hitcount:      27718
{ common_pid: mc-worker       [     16364], ret:          2 } hitcount:      27724
{ common_pid: mc-worker       [     16362], ret:          3 } hitcount:      27869
{ common_pid: mc-worker       [     16364], ret:          3 } hitcount:      28044
{ common_pid: mc-worker       [     16362], ret:          2 } hitcount:      28285
{ common_pid: mc-worker       [     16363], ret:          3 } hitcount:      31590
{ common_pid: mc-worker       [     16363], ret:          2 } hitcount:      33058
