{ common_pid: mc-worker       [    311809], ret:        428 } hitcount:          1
{ common_pid: mc-worker       [    311811], ret:         73 } hitcount:          1
{ common_pid: mc-worker       [    311811], ret:         77 } hitcount:          1
{ common_pid: mc-worker       [    311806], ret:         72 } hitcount:          1
{ common_pid: mc-worker       [    311808], ret:        128 } hitcount:          1
{ common_pid: mc-worker       [    311811], ret:        100 } hitcount:          1
{ common_pid: mc-worker       [    311809], ret:         77 } hitcount:          1
{ common_pid: mc-worker       [    311808], ret:         86 } hitcount:          1
{ common_pid: mc-worker       [    311808], ret:        512 } hitcount:          1
{ common_pid: mc-worker       [    311807], ret:        492 } hitcount:          1
{ common_pid: mc-worker       [    311812], ret:         80 } hitcount:          1
{ common_pid: mc-worker       [    311806], ret:        102 } hitcount:          1
{ common_pid: mc-worker       [    311812], ret:         98 } hitcount:          1
{ common_pid: mc-worker       [    311807], ret:         77 } hitcount:          1
{ common_pid: mc-worker       [    311805], ret:        488 } hitcount:          1
{ common_pid: mc-worker       [    311808], ret:        114 } hitcount:          1
{ common_pid: mc-worker       [    311811], ret:        512 } hitcount:          1
{ common_pid: mc-worker       [    311810], ret:         96 } hitcount:          1
{ common_pid: mc-worker       [    311812], ret:        172 } hitcount:          1
{ common_pid: mc-worker       [    311812], ret:         74 } hitcount:          1
{ common_pid: mc-worker       [    311807], ret:         86 } hitcount:          1
{ common_pid: mc-worker       [    311811], ret:         91 } hitcount:          1
{ common_pid: mc-worker       [    311809], ret:         76 } hitcount:          1
{ common_pid: mc-worker       [    311806], ret:         74 } hitcount:          1
{ common_pid: mc-worker       [    311807], ret:         83 } hitcount:          1
{ common_pid: mc-worker       [    311810], ret:         84 } hitcount:          1
{ common_pid: mc-worker       [    311808], ret:        143 } hitcount:          1
{ common_pid: mc-worker       [    311806], ret:         73 } hitcount:          1
{ common_pid: mc-worker       [    311812], ret:         72 } hitcount:          1
{ common_pid: mc-worker       [    311807], ret:         72 } hitcount:          1
{ common_pid: mc-worker       [    311808], ret:        117 } hitcount:          1
{ common_pid: mc-worker       [    311811], ret:         78 } hitcount:          1
{ common_pid: mc-worker       [    311808], ret:        163 } hitcount:          1
{ common_pid: mc-worker       [    311805], ret:         76 } hitcount:          1
{ common_pid: mc-worker       [    311810], ret:         73 } hitcount:          1
{ common_pid: mc-worker       [    311809], ret:         75 } hitcount:          1
{ common_pid: mc-worker       [    311810], ret:        512 } hitcount:          1
{ common_pid: mc-worker       [    311809], ret:        121 } hitcount:          1
{ common_pid: mc-worker       [    311811], ret:        107 } hitcount:          1
{ common_pid: mc-worker       [    311805], ret:         89 } hitcount:          1
{ common_pid: mc-worker       [    311810], ret:         80 } hitcount:          1
{ common_pid: mc-worker       [    311809], ret:         72 } hitcount:          1
{ common_pid: mc-worker       [    311808], ret:         77 } hitcount:          1
{ common_pid: mc-worker       [    311809], ret:         84 } hitcount:          1
{ common_pid: mc-worker       [    311812], ret:        118 } hitcount:          1
{ common_pid: mc-worker       [    311809], ret:        103 } hitcount:          1
{ common_pid: mc-worker       [    311805], ret:         75 } hitcount:          1
{ common_pid: mc-worker       [    311810], ret:         82 } hitcount:          1
{ common_pid: mc-worker       [    311811], ret:         75 } hitcount:          1
{ common_pid: mc-worker       [    311805], ret:         74 } hitcount:          1
{ common_pid: mc-worker       [    311806], ret:        411 } hitcount:          1
{ common_pid: mc-worker       [    311811], ret:         79 } hitcount:          1
{ common_pid: mc-worker       [    311809], ret:         80 } hitcount:          1
{ common_pid: mc-worker       [    311809], ret:        126 } hitcount:          1
{ common_pid: mc-worker       [    311810], ret:         77 } hitcount:          1
{ common_pid: mc-worker       [    311807], ret:         73 } hitcount:          1
{ common_pid: mc-worker       [    311808], ret:        122 } hitcount:          1
{ common_pid: mc-worker       [    311807], ret:         82 } hitcount:          1
{ common_pid: mc-worker       [    311812], ret:        512 } hitcount:          1
{ common_pid: mc-worker       [    311808], ret:         97 } hitcount:          1
{ common_pid: mc-worker       [    311809], ret:        116 } hitcount:          1
{ common_pid: mc-worker       [    311811], ret:         71 } hitcount:          2
{ common_pid: mc-worker       [    311812], ret:         75 } hitcount:          2
{ common_pid: mc-worker       [    311808], ret:         73 } hitcount:          2
{ common_pid: mc-worker       [    311808], ret:         84 } hitcount:          2
{ common_pid: mc-worker       [    311812], ret:         73 } hitcount:          2
{ common_pid: mc-worker       [    311805], ret:         72 } hitcount:          2
{ common_pid: mc-worker       [    311807], ret:         69 } hitcount:          2
{ common_pid: mc-worker       [    311806], ret:         71 } hitcount:          3
{ common_pid: mc-worker       [    311808], ret:         72 } hitcount:          3
{ common_pid: mc-worker       [    311810], ret:         74 } hitcount:          3
{ common_pid: mc-worker       [    311805], ret:         73 } hitcount:          3
{ common_pid: mc-worker       [    311811], ret:         72 } hitcount:          4
{ common_pid: mc-worker       [    311812], ret:         56 } hitcount:          4
{ common_pid: mc-worker       [    311806], ret:         70 } hitcount:          4
{ common_pid: mc-worker       [    311809], ret:         73 } hitcount:          5
{ common_pid: mc-worker       [    311810], ret:         72 } hitcount:          5
{ common_pid: mc-worker       [    311807], ret:         68 } hitcount:          5
{ common_pid: mc-worker       [    311810], ret:         58 } hitcount:          5
{ common_pid: mc-worker       [    311810], ret:         71 } hitcount:          5
{ common_pid: mc-worker       [    311811], ret:         58 } hitcount:          5
{ common_pid: mc-worker       [    311811], ret:         63 } hitcount:          5
{ common_pid: mc-worker       [    311807], ret:         70 } hitcount:          5
{ common_pid: mc-worker       [    311812], ret:         58 } hitcount:          6
{ common_pid: mc-worker       [    311807], ret:         60 } hitcount:          6
{ common_pid: mc-worker       [    311809], ret:         54 } hitcount:          6
{ common_pid: mc-worker       [    311812], ret:         71 } hitcount:          6
{ common_pid: mc-worker       [    311810], ret:         56 } hitcount:          6
{ common_pid: mc-worker       [    311810], ret:         59 } hitcount:          7
{ common_pid: mc-worker       [    311807], ret:         59 } hitcount:          7
{ common_pid: mc-worker       [    311805], ret:         70 } hitcount:          7
{ common_pid: mc-worker       [    311806], ret:         56 } hitcount:          7
{ common_pid: mc-worker       [    311809], ret:         71 } hitcount:          7
{ common_pid: mc-worker       [    311807], ret:         65 } hitcount:          7
{ common_pid: mc-worker       [    311810], ret:         54 } hitcount:          7
{ common_pid: mc-worker       [    311811], ret:         61 } hitcount:          7
{ common_pid: mc-worker       [    311807], ret:         56 } hitcount:          7
{ common_pid: mc-worker       [    311806], ret:         51 } hitcount:          7
{ common_pid: mc-worker       [    311806], ret:         54 } hitcount:          7
{ common_pid: mc-worker       [    311811], ret:         60 } hitcount:          7
{ common_pid: mc-worker       [    311808], ret:         74 } hitcount:          7
{ common_pid: mc-worker       [    311807], ret:         71 } hitcount:          8
{ common_pid: mc-worker       [    311812], ret:         57 } hitcount:          8
{ common_pid: mc-worker       [    311805], ret:         71 } hitcount:          8
{ common_pid: mc-worker       [    311808], ret:         71 } hitcount:          8
{ common_pid: mc-worker       [    311805], ret:         55 } hitcount:          8
{ common_pid: mc-worker       [    311811], ret:         68 } hitcount:          8
{ common_pid: mc-worker       [    311807], ret:         58 } hitcount:          8
{ common_pid: mc-worker       [    311811], ret:         54 } hitcount:          8
{ common_pid: mc-worker       [    311807], ret:         55 } hitcount:          8
{ common_pid: mc-worker       [    311809], ret:         56 } hitcount:          8
{ common_pid: mc-worker       [    311805], ret:         58 } hitcount:          9
{ common_pid: mc-worker       [    311805], ret:         57 } hitcount:          9
{ common_pid: mc-worker       [    311806], ret:         69 } hitcount:          9
{ common_pid: mc-worker       [    311807], ret:         61 } hitcount:          9
{ common_pid: mc-worker       [    311811], ret:         56 } hitcount:          9
{ common_pid: mc-worker       [    311806], ret:         52 } hitcount:          9
{ common_pid: mc-worker       [    311810], ret:         55 } hitcount:          9
{ common_pid: mc-worker       [    311812], ret:         70 } hitcount:          9
{ common_pid: mc-worker       [    311811], ret:         70 } hitcount:          9
{ common_pid: mc-worker       [    311811], ret:         67 } hitcount:          9
{ common_pid: mc-worker       [    311806], ret:         57 } hitcount:          9
{ common_pid: mc-worker       [    311812], ret:         55 } hitcount:          9
{ common_pid: mc-worker       [    311810], ret:         70 } hitcount:          9
{ common_pid: mc-worker       [    311810], ret:         50 } hitcount:         10
{ common_pid: mc-worker       [    311809], ret:         48 } hitcount:         10
{ common_pid: mc-worker       [    311809], ret:         57 } hitcount:         10
{ common_pid: mc-worker       [    311812], ret:         61 } hitcount:         10
{ common_pid: mc-worker       [    311806], ret:         59 } hitcount:         10
{ common_pid: mc-worker       [    311809], ret:         59 } hitcount:         10
{ common_pid: mc-worker       [    311807], ret:         52 } hitcount:         10
{ common_pid: mc-worker       [    311810], ret:         49 } hitcount:         10
{ common_pid: mc-worker       [    311806], ret:         55 } hitcount:         10
{ common_pid: mc-worker       [    311808], ret:         59 } hitcount:         10
{ common_pid: mc-worker       [    311807], ret:         66 } hitcount:         11
{ common_pid: mc-worker       [    311805], ret:         52 } hitcount:         11
{ common_pid: mc-worker       [    311808], ret:         69 } hitcount:         11
{ common_pid: mc-worker       [    311811], ret:         59 } hitcount:         11
{ common_pid: mc-worker       [    311810], ret:         57 } hitcount:         11
{ common_pid: mc-worker       [    311808], ret:         57 } hitcount:         11
{ common_pid: mc-worker       [    311811], ret:         57 } hitcount:         11
{ common_pid: mc-worker       [    311810], ret:         52 } hitcount:         11
{ common_pid: mc-worker       [    311807], ret:         64 } hitcount:         11
{ common_pid: mc-worker       [    311806], ret:         49 } hitcount:         11
{ common_pid: mc-worker       [    311805], ret:         69 } hitcount:         11
{ common_pid: mc-worker       [    311808], ret:         70 } hitcount:         11
{ common_pid: mc-worker       [    311805], ret:         53 } hitcount:         11
{ common_pid: mc-worker       [    311805], ret:         56 } hitcount:         11
{ common_pid: mc-worker       [    311808], ret:         60 } hitcount:         11
{ common_pid: mc-worker       [    311810], ret:         63 } hitcount:         12
{ common_pid: mc-worker       [    311810], ret:         51 } hitcount:         12
{ common_pid: mc-worker       [    311810], ret:         69 } hitcount:         12
{ common_pid: mc-worker       [    311808], ret:         56 } hitcount:         12
{ common_pid: mc-worker       [    311811], ret:         55 } hitcount:         12
{ common_pid: mc-worker       [    311810], ret:         53 } hitcount:         12
{ common_pid: mc-worker       [    311806], ret:         53 } hitcount:         12
{ common_pid: mc-worker       [    311807], ret:         62 } hitcount:         12
{ common_pid: mc-worker       [    311807], ret:         51 } hitcount:         12
{ common_pid: mc-worker       [    311805], ret:         60 } hitcount:         12
{ common_pid: mc-worker       [    311808], ret:         61 } hitcount:         12
{ common_pid: mc-worker       [    311808], ret:         58 } hitcount:         12
{ common_pid: mc-worker       [    311808], ret:         54 } hitcount:         12
{ common_pid: mc-worker       [    311805], ret:         48 } hitcount:         12
{ common_pid: mc-worker       [    311812], ret:         53 } hitcount:         12
{ common_pid: mc-worker       [    311809], ret:         53 } hitcount:         13
{ common_pid: mc-worker       [    311811], ret:         52 } hitcount:         13
{ common_pid: mc-worker       [    311808], ret:         55 } hitcount:         13
{ common_pid: mc-worker       [    311805], ret:         50 } hitcount:         13
{ common_pid: mc-worker       [    311809], ret:         44 } hitcount:         13
{ common_pid: mc-worker       [    311811], ret:         53 } hitcount:         13
{ common_pid: mc-worker       [    311810], ret:         62 } hitcount:         13
{ common_pid: mc-worker       [    311809], ret:         49 } hitcount:         13
{ common_pid: mc-worker       [    311812], ret:         50 } hitcount:         13
{ common_pid: mc-worker       [    311806], ret:         50 } hitcount:         13
{ common_pid: mc-worker       [    311809], ret:         52 } hitcount:         13
{ common_pid: mc-worker       [    311809], ret:         58 } hitcount:         14
{ common_pid: mc-worker       [    311812], ret:         59 } hitcount:         14
{ common_pid: mc-worker       [    311807], ret:         54 } hitcount:         14
{ common_pid: mc-worker       [    311809], ret:         47 } hitcount:         14
{ common_pid: mc-worker       [    311809], ret:         60 } hitcount:         14
{ common_pid: mc-worker       [    311809], ret:         70 } hitcount:         14
{ common_pid: mc-worker       [    311807], ret:         57 } hitcount:         14
{ common_pid: mc-worker       [    311812], ret:         60 } hitcount:         14
{ common_pid: mc-worker       [    311807], ret:         53 } hitcount:         14
{ common_pid: mc-worker       [    311809], ret:         55 } hitcount:         14
{ common_pid: mc-worker       [    311807], ret:         50 } hitcount:         14
{ common_pid: mc-worker       [    311811], ret:         50 } hitcount:         14
{ common_pid: mc-worker       [    311811], ret:         69 } hitcount:         14
{ common_pid: mc-worker       [    311811], ret:         62 } hitcount:         14
{ common_pid: mc-worker       [    311812], ret:         54 } hitcount:         14
{ common_pid: mc-worker       [    311807], ret:         67 } hitcount:         14
{ common_pid: mc-worker       [    311807], ret:         49 } hitcount:         14
{ common_pid: mc-worker       [    311807], ret:         63 } hitcount:         15
{ common_pid: mc-worker       [    311806], ret:         68 } hitcount:         15
{ common_pid: mc-worker       [    311806], ret:         58 } hitcount:         15
{ common_pid: mc-worker       [    311805], ret:         61 } hitcount:         15
{ common_pid: mc-worker       [    311806], ret:         62 } hitcount:         15
{ common_pid: mc-worker       [    311812], ret:         51 } hitcount:         16
{ common_pid: mc-worker       [    311805], ret:         49 } hitcount:         16
{ common_pid: mc-worker       [    311809], ret:         69 } hitcount:         16
{ common_pid: mc-worker       [    311808], ret:         63 } hitcount:         16
{ common_pid: mc-worker       [    311808], ret:         67 } hitcount:         16
{ common_pid: mc-worker       [    311810], ret:         48 } hitcount:         16
{ common_pid: mc-worker       [    311810], ret:         47 } hitcount:         16
{ common_pid: mc-worker       [    311812], ret:         63 } hitcount:         16
{ common_pid: mc-worker       [    311810], ret:         60 } hitcount:         17
{ common_pid: mc-worker       [    311811], ret:         64 } hitcount:         17
{ common_pid: mc-worker       [    311810], ret:         66 } hitcount:         17
{ common_pid: mc-worker       [    311807], ret:         46 } hitcount:         17
{ common_pid: mc-worker       [    311805], ret:         59 } hitcount:         17
{ common_pid: mc-worker       [    311807], ret:         48 } hitcount:         17
{ common_pid: mc-worker       [    311812], ret:         62 } hitcount:         17
{ common_pid: mc-worker       [    311805], ret:         54 } hitcount:         17
{ common_pid: mc-worker       [    311806], ret:         61 } hitcount:         17
{ common_pid: mc-worker       [    311811], ret:         49 } hitcount:         17
{ common_pid: mc-worker       [    311806], ret:         47 } hitcount:         17
{ common_pid: mc-worker       [    311808], ret:         53 } hitcount:         18
{ common_pid: mc-worker       [    311811], ret:         65 } hitcount:         18
{ common_pid: mc-worker       [    311805], ret:         68 } hitcount:         18
{ common_pid: mc-worker       [    311809], ret:         51 } hitcount:         18
{ common_pid: mc-worker       [    311809], ret:         50 } hitcount:         18
{ common_pid: mc-worker       [    311809], ret:         46 } hitcount:         18
{ common_pid: mc-worker       [    311812], ret:         64 } hitcount:         18
{ common_pid: mc-worker       [    311805], ret:         47 } hitcount:         18
{ common_pid: mc-worker       [    311811], ret:         51 } hitcount:         18
{ common_pid: mc-worker       [    311811], ret:         48 } hitcount:         18
{ common_pid: mc-worker       [    311808], ret:         50 } hitcount:         19
{ common_pid: mc-worker       [    311809], ret:         61 } hitcount:         19
{ common_pid: mc-worker       [    311810], ret:         65 } hitcount:         19
{ common_pid: mc-worker       [    311810], ret:         64 } hitcount:         19
{ common_pid: mc-worker       [    311809], ret:         64 } hitcount:         19
{ common_pid: mc-worker       [    311808], ret:         66 } hitcount:         19
{ common_pid: mc-worker       [    311806], ret:         46 } hitcount:         19
{ common_pid: mc-worker       [    311811], ret:         66 } hitcount:         19
{ common_pid: mc-worker       [    311812], ret:         69 } hitcount:         19
{ common_pid: mc-worker       [    311806], ret:         60 } hitcount:         20
{ common_pid: mc-worker       [    311807], ret:         45 } hitcount:         20
{ common_pid: mc-worker       [    311805], ret:         67 } hitcount:         20
{ common_pid: mc-worker       [    311805], ret:         63 } hitcount:         20
{ common_pid: mc-worker       [    311805], ret:         65 } hitcount:         20
{ common_pid: mc-worker       [    311812], ret:         52 } hitcount:         21
{ common_pid: mc-worker       [    311810], ret:         61 } hitcount:         21
{ common_pid: mc-worker       [    311812], ret:         67 } hitcount:         21
{ common_pid: mc-worker       [    311807], ret:         47 } hitcount:         21
{ common_pid: mc-worker       [    311805], ret:         51 } hitcount:         21
{ common_pid: mc-worker       [    311811], ret:         47 } hitcount:         22
{ common_pid: mc-worker       [    311806], ret:         41 } hitcount:         22
{ common_pid: mc-worker       [    311810], ret:         43 } hitcount:         22
{ common_pid: mc-worker       [    311805], ret:         64 } hitcount:         22
{ common_pid: mc-worker       [    311805], ret:         62 } hitcount:         22
{ common_pid: mc-worker       [    311810], ret:         46 } hitcount:         22
{ common_pid: mc-worker       [    311809], ret:         67 } hitcount:         22
{ common_pid: mc-worker       [    311809], ret:         68 } hitcount:         22
{ common_pid: mc-worker       [    311810], ret:         68 } hitcount:         23
{ common_pid: mc-worker       [    311808], ret:         68 } hitcount:         23
{ common_pid: mc-worker       [    311806], ret:         48 } hitcount:         23
{ common_pid: mc-worker       [    311810], ret:         67 } hitcount:         23
{ common_pid: mc-worker       [    311811], ret:         46 } hitcount:         24
{ common_pid: mc-worker       [    311807], ret:         42 } hitcount:         24
{ common_pid: mc-worker       [    311806], ret:         67 } hitcount:         24
{ common_pid: mc-worker       [    311807], ret:         44 } hitcount:         24
{ common_pid: mc-worker       [    311806], ret:         64 } hitcount:         25
{ common_pid: mc-worker       [    311806], ret:         63 } hitcount:         25
{ common_pid: mc-worker       [    311806], ret:         65 } hitcount:         25
{ common_pid: mc-worker       [    311806], ret:         44 } hitcount:         25
{ common_pid: mc-worker       [    311809], ret:         65 } hitcount:         25
{ common_pid: mc-worker       [    311812], ret:         68 } hitcount:         25
{ common_pid: mc-worker       [    311812], ret:         66 } hitcount:         26
{ common_pid: mc-worker       [    311809], ret:         63 } hitcount:         26
{ common_pid: mc-worker       [    311810], ret:         44 } hitcount:         26
{ common_pid: mc-worker       [    311806], ret:         45 } hitcount:         26
{ common_pid: mc-worker       [    311805], ret:         66 } hitcount:         26
{ common_pid: mc-worker       [    311809], ret:         45 } hitcount:         26
{ common_pid: mc-worker       [    311806], ret:         66 } hitcount:         26
{ common_pid: mc-worker       [    311812], ret:         49 } hitcount:         27
{ common_pid: mc-worker       [    311810], ret:         45 } hitcount:         27
{ common_pid: mc-worker       [    311808], ret:         64 } hitcount:         27
{ common_pid: mc-worker       [    311806], ret:         42 } hitcount:         27
{ common_pid: mc-worker       [    311808], ret:         65 } hitcount:         28
{ common_pid: mc-worker       [    311808], ret:         62 } hitcount:         28
{ common_pid: mc-worker       [    311808], ret:         49 } hitcount:         28
{ common_pid: mc-worker       [    311805], ret:         46 } hitcount:         29
{ common_pid: mc-worker       [    311812], ret:         65 } hitcount:         29
{ common_pid: mc-worker       [    311808], ret:         48 } hitcount:         30
{ common_pid: mc-worker       [    311809], ret:         66 } hitcount:         30
{ common_pid: mc-worker       [    311812], ret:         46 } hitcount:         31
{ common_pid: mc-worker       [    311808], ret:         52 } hitcount:         31
{ common_pid: mc-worker       [    311805], ret:         43 } hitcount:         31
{ common_pid: mc-worker       [    311808], ret:         51 } hitcount:         31
{ common_pid: mc-worker       [    311809], ret:         42 } hitcount:         32
{ common_pid: mc-worker       [    311806], ret:         43 } hitcount:         32
{ common_pid: mc-worker       [    311809], ret:         62 } hitcount:         32
{ common_pid: mc-worker       [    311807], ret:         38 } hitcount:         33
{ common_pid: mc-worker       [    311805], ret:         44 } hitcount:         33
{ common_pid: mc-worker       [    311807], ret:         43 } hitcount:         33
{ common_pid: mc-worker       [    311809], ret:         41 } hitcount:         33
{ common_pid: mc-worker       [    311812], ret:         48 } hitcount:         33
{ common_pid: mc-worker       [    311805], ret:         41 } hitcount:         33
{ common_pid: mc-worker       [    311806], ret:         40 } hitcount:         34
{ common_pid: mc-worker       [    311808], ret:         47 } hitcount:         34
{ common_pid: mc-worker       [    311809], ret:         43 } hitcount:         34
{ common_pid: mc-worker       [    311807], ret:         40 } hitcount:         35
{ common_pid: mc-worker       [    311810], ret:         38 } hitcount:         35
{ common_pid: mc-worker       [    311806], ret:         39 } hitcount:         36
{ common_pid: mc-worker       [    311811], ret:         43 } hitcount:         36
{ common_pid: mc-worker       [    311809], ret:         40 } hitcount:         36
{ common_pid: mc-worker       [    311805], ret:         45 } hitcount:         36
{ common_pid: mc-worker       [    311810], ret:         42 } hitcount:         37
{ common_pid: mc-worker       [    311812], ret:         47 } hitcount:         38
{ common_pid: mc-worker       [    311811], ret:         42 } hitcount:         38
{ common_pid: mc-worker       [    311806], ret:         36 } hitcount:         38
{ common_pid: mc-worker       [    311809], ret:         37 } hitcount:         40
{ common_pid: mc-worker       [    311810], ret:         40 } hitcount:         40
{ common_pid: mc-worker       [    311811], ret:         45 } hitcount:         40
{ common_pid: mc-worker       [    311812], ret:         44 } hitcount:         40
{ common_pid: mc-worker       [    311807], ret:         41 } hitcount:         40
{ common_pid: mc-worker       [    311810], ret:         41 } hitcount:         40
{ common_pid: mc-worker       [    311808], ret:         46 } hitcount:         41
{ common_pid: mc-worker       [    311811], ret:         44 } hitcount:         42
{ common_pid: mc-worker       [    311806], ret:         38 } hitcount:         42
{ common_pid: mc-worker       [    311810], ret:         39 } hitcount:         44
{ common_pid: mc-worker       [    311805], ret:         39 } hitcount:         44
{ common_pid: mc-worker       [    311805], ret:         42 } hitcount:         44
{ common_pid: mc-worker       [    311805], ret:         40 } hitcount:         45
{ common_pid: mc-worker       [    311806], ret:         37 } hitcount:         45
{ common_pid: mc-worker       [    311807], ret:         39 } hitcount:         46
{ common_pid: mc-worker       [    311809], ret:         39 } hitcount:         46
{ common_pid: mc-worker       [    311809], ret:         38 } hitcount:         46
{ common_pid: mc-worker       [    311807], ret:         36 } hitcount:         50
{ common_pid: mc-worker       [    311812], ret:         45 } hitcount:         51
{ common_pid: mc-worker       [    311805], ret:         38 } hitcount:         51
{ common_pid: mc-worker       [    311809], ret:         35 } hitcount:         51
{ common_pid: mc-worker       [    311805], ret:         37 } hitcount:         52
{ common_pid: mc-worker       [    311809], ret:         36 } hitcount:         52
{ common_pid: mc-worker       [    311810], ret:         37 } hitcount:         55
{ common_pid: mc-worker       [    311811], ret:         41 } hitcount:         55
{ common_pid: mc-worker       [    311812], ret:         42 } hitcount:         55
{ common_pid: mc-worker       [    311806], ret:         33 } hitcount:         56
{ common_pid: mc-worker       [    311808], ret:         45 } hitcount:         56
{ common_pid: mc-worker       [    311811], ret:         40 } hitcount:         56
{ common_pid: mc-worker       [    311805], ret:         34 } hitcount:         57
{ common_pid: mc-worker       [    311805], ret:         36 } hitcount:         58
{ common_pid: mc-worker       [    311811], ret:         35 } hitcount:         58
{ common_pid: mc-worker       [    311809], ret:         33 } hitcount:         58
{ common_pid: mc-worker       [    311805], ret:         35 } hitcount:         58
{ common_pid: mc-worker       [    311810], ret:         36 } hitcount:         58
{ common_pid: mc-worker       [    311810], ret:         34 } hitcount:         59
{ common_pid: mc-worker       [    311812], ret:         43 } hitcount:         60
{ common_pid: mc-worker       [    311807], ret:         37 } hitcount:         60
{ common_pid: mc-worker       [    311806], ret:         34 } hitcount:         62
{ common_pid: mc-worker       [    311811], ret:         38 } hitcount:         62
{ common_pid: mc-worker       [    311809], ret:         34 } hitcount:         63
{ common_pid: mc-worker       [    311812], ret:         41 } hitcount:         63
{ common_pid: mc-worker       [    311806], ret:         32 } hitcount:         64
{ common_pid: mc-worker       [    311810], ret:         35 } hitcount:         64
{ common_pid: mc-worker       [    311807], ret:         35 } hitcount:         67
{ common_pid: mc-worker       [    311811], ret:         37 } hitcount:         67
{ common_pid: mc-worker       [    311806], ret:         35 } hitcount:         67
{ common_pid: mc-worker       [    311810], ret:         33 } hitcount:         69
{ common_pid: mc-worker       [    311811], ret:         36 } hitcount:         69
{ common_pid: mc-worker       [    311811], ret:         39 } hitcount:         70
{ common_pid: mc-worker       [    311812], ret:         39 } hitcount:         72
{ common_pid: mc-worker       [    311808], ret:         43 } hitcount:         72
{ common_pid: mc-worker       [    311808], ret:         44 } hitcount:         72
{ common_pid: mc-worker       [    311805], ret:         32 } hitcount:         72
{ common_pid: mc-worker       [    311810], ret:         29 } hitcount:         74
{ common_pid: mc-worker       [    311807], ret:         34 } hitcount:         75
{ common_pid: mc-worker       [    311807], ret:         32 } hitcount:         76
{ common_pid: mc-worker       [    311805], ret:         33 } hitcount:         78
{ common_pid: mc-worker       [    311810], ret:         32 } hitcount:         78
{ common_pid: mc-worker       [    311809], ret:         30 } hitcount:         79
{ common_pid: mc-worker       [    311812], ret:         40 } hitcount:         80
{ common_pid: mc-worker       [    311806], ret:         29 } hitcount:         84
{ common_pid: mc-worker       [    311808], ret:         42 } hitcount:         84
{ common_pid: mc-worker       [    311812], ret:         38 } hitcount:         85
{ common_pid: mc-worker       [    311807], ret:         33 } hitcount:         87
{ common_pid: mc-worker       [    311811], ret:         34 } hitcount:         88
{ common_pid: mc-worker       [    311809], ret:         28 } hitcount:         89
{ common_pid: mc-worker       [    311805], ret:         29 } hitcount:         90
{ common_pid: mc-worker       [    311809], ret:         32 } hitcount:         90
{ common_pid: mc-worker       [    311806], ret:         31 } hitcount:         90
{ common_pid: mc-worker       [    311811], ret:         33 } hitcount:         90
{ common_pid: mc-worker       [    311810], ret:         28 } hitcount:         91
{ common_pid: mc-worker       [    311812], ret:         37 } hitcount:         91
{ common_pid: mc-worker       [    311808], ret:         39 } hitcount:         91
{ common_pid: mc-worker       [    311810], ret:         31 } hitcount:         92
{ common_pid: mc-worker       [    311811], ret:         32 } hitcount:         93
{ common_pid: mc-worker       [    311809], ret:         31 } hitcount:         94
{ common_pid: mc-worker       [    311805], ret:         28 } hitcount:         95
{ common_pid: mc-worker       [    311805], ret:         27 } hitcount:         96
{ common_pid: mc-worker       [    311810], ret:         30 } hitcount:         96
{ common_pid: mc-worker       [    311805], ret:         26 } hitcount:         97
{ common_pid: mc-worker       [    311806], ret:         28 } hitcount:         97
{ common_pid: mc-worker       [    311806], ret:         26 } hitcount:         99
{ common_pid: mc-worker       [    311807], ret:         30 } hitcount:        100
{ common_pid: mc-worker       [    311808], ret:         41 } hitcount:        100
{ common_pid: mc-worker       [    311809], ret:         29 } hitcount:        101
{ common_pid: mc-worker       [    311805], ret:         30 } hitcount:        102
{ common_pid: mc-worker       [    311811], ret:         29 } hitcount:        103
{ common_pid: mc-worker       [    311812], ret:         35 } hitcount:        106
{ common_pid: mc-worker       [    311808], ret:         40 } hitcount:        106
{ common_pid: mc-worker       [    311805], ret:         31 } hitcount:        108
{ common_pid: mc-worker       [    311806], ret:         27 } hitcount:        111
{ common_pid: mc-worker       [    311806], ret:         30 } hitcount:        111
{ common_pid: mc-worker       [    311807], ret:         31 } hitcount:        112
{ common_pid: mc-worker       [    311810], ret:         27 } hitcount:        113
{ common_pid: mc-worker       [    311812], ret:         36 } hitcount:        114
{ common_pid: mc-worker       [    311808], ret:         38 } hitcount:        119
{ common_pid: mc-worker       [    311807], ret:         27 } hitcount:        120
{ common_pid: mc-worker       [    311807], ret:         29 } hitcount:        121
{ common_pid: mc-worker       [    311806], ret:         25 } hitcount:        121
{ common_pid: mc-worker       [    311807], ret:         28 } hitcount:        125
{ common_pid: mc-worker       [    311809], ret:         27 } hitcount:        126
{ common_pid: mc-worker       [    311812], ret:         34 } hitcount:        126
{ common_pid: mc-worker       [    311811], ret:         30 } hitcount:        127
{ common_pid: mc-worker       [    311811], ret:         28 } hitcount:        131
{ common_pid: mc-worker       [    311811], ret:         31 } hitcount:        131
{ common_pid: mc-worker       [    311810], ret:         26 } hitcount:        134
{ common_pid: mc-worker       [    311808], ret:         37 } hitcount:        136
{ common_pid: mc-worker       [    311809], ret:         26 } hitcount:        144
{ common_pid: mc-worker       [    311805], ret:         25 } hitcount:        146
{ common_pid: mc-worker       [    311810], ret:         25 } hitcount:        147
{ common_pid: mc-worker       [    311812], ret:         32 } hitcount:        150
{ common_pid: mc-worker       [    311808], ret:         35 } hitcount:        151
{ common_pid: mc-worker       [    311812], ret:         33 } hitcount:        156
{ common_pid: mc-worker       [    311807], ret:         26 } hitcount:        157
{ common_pid: mc-worker       [    311808], ret:         36 } hitcount:        160
{ common_pid: mc-worker       [    311811], ret:         27 } hitcount:        161
{ common_pid: mc-worker       [    311806], ret:         24 } hitcount:        162
{ common_pid: mc-worker       [    311809], ret:         24 } hitcount:        164
{ common_pid: mc-worker       [    311809], ret:         25 } hitcount:        164
{ common_pid: mc-worker       [    311808], ret:         34 } hitcount:        166
{ common_pid: mc-worker       [    311811], ret:         26 } hitcount:        166
{ common_pid: mc-worker       [    311805], ret:         24 } hitcount:        167
{ common_pid: mc-worker       [    311806], ret:         23 } hitcount:        167
{ common_pid: mc-worker       [    311807], ret:         25 } hitcount:        171
{ common_pid: mc-worker       [    311810], ret:         24 } hitcount:        173
{ common_pid: mc-worker       [    311805], ret:         23 } hitcount:        173
{ common_pid: mc-worker       [    311811], ret:         25 } hitcount:        184
{ common_pid: mc-worker       [    311812], ret:         31 } hitcount:        185
{ common_pid: mc-worker       [    311812], ret:         30 } hitcount:        188
{ common_pid: mc-worker       [    311807], ret:         24 } hitcount:        191
{ common_pid: mc-worker       [    311808], ret:         33 } hitcount:        191
{ common_pid: mc-worker       [    311812], ret:         29 } hitcount:        196
{ common_pid: mc-worker       [    311808], ret:         31 } hitcount:        203
{ common_pid: mc-worker       [    311806], ret:         22 } hitcount:        208
{ common_pid: mc-worker       [    311807], ret:         23 } hitcount:        212
{ common_pid: mc-worker       [    311811], ret:         24 } hitcount:        214
{ common_pid: mc-worker       [    311808], ret:         32 } hitcount:        214
{ common_pid: mc-worker       [    311810], ret:         23 } hitcount:        217
{ common_pid: mc-worker       [    311805], ret:         22 } hitcount:        223
{ common_pid: mc-worker       [    311807], ret:         22 } hitcount:        234
{ common_pid: mc-worker       [    311808], ret:         29 } hitcount:        235
{ common_pid: mc-worker       [    311808], ret:         30 } hitcount:        237
{ common_pid: mc-worker       [    311808], ret:         28 } hitcount:        242
{ common_pid: mc-worker       [    311809], ret:         23 } hitcount:        246
{ common_pid: mc-worker       [    311811], ret:         23 } hitcount:        248
{ common_pid: mc-worker       [    311812], ret:         26 } hitcount:        251
{ common_pid: mc-worker       [    311810], ret:         22 } hitcount:        254
{ common_pid: mc-worker       [    311812], ret:         28 } hitcount:        260
{ common_pid: mc-worker       [    311809], ret:         22 } hitcount:        265
{ common_pid: mc-worker       [    311812], ret:         27 } hitcount:        266
{ common_pid: mc-worker       [    311808], ret:         27 } hitcount:        278
{ common_pid: mc-worker       [    311805], ret:         21 } hitcount:        280
{ common_pid: mc-worker       [    311806], ret:         21 } hitcount:        300
{ common_pid: mc-worker       [    311811], ret:         22 } hitcount:        303
{ common_pid: mc-worker       [    311812], ret:         25 } hitcount:        328
{ common_pid: mc-worker       [    311810], ret:         21 } hitcount:        340
{ common_pid: mc-worker       [    311812], ret:         24 } hitcount:        340
{ common_pid: mc-worker       [    311808], ret:         26 } hitcount:        343
{ common_pid: mc-worker       [    311807], ret:         21 } hitcount:        347
{ common_pid: mc-worker       [    311809], ret:         21 } hitcount:        349
{ common_pid: mc-worker       [    311806], ret:         20 } hitcount:        350
{ common_pid: mc-worker       [    311808], ret:         25 } hitcount:        353
{ common_pid: mc-worker       [    311811], ret:         21 } hitcount:        368
{ common_pid: mc-worker       [    311805], ret:         20 } hitcount:        375
{ common_pid: mc-worker       [    311808], ret:         24 } hitcount:        379
{ common_pid: mc-worker       [    311812], ret:         23 } hitcount:        391
{ common_pid: mc-worker       [    311808], ret:         23 } hitcount:        424
{ common_pid: mc-worker       [    311807], ret:         20 } hitcount:        438
{ common_pid: mc-worker       [    311812], ret:         22 } hitcount:        459
{ common_pid: mc-worker       [    311806], ret:         19 } hitcount:        485
{ common_pid: mc-worker       [    311810], ret:         20 } hitcount:        490
{ common_pid: mc-worker       [    311808], ret:         22 } hitcount:        496
{ common_pid: mc-worker       [    311805], ret:         19 } hitcount:        509
{ common_pid: mc-worker       [    311812], ret:         21 } hitcount:        510
{ common_pid: mc-worker       [    311809], ret:         20 } hitcount:        511
{ common_pid: mc-worker       [    311811], ret:         20 } hitcount:        514
{ common_pid: mc-worker       [    311808], ret:         21 } hitcount:        597
{ common_pid: mc-worker       [    311807], ret:         19 } hitcount:        608
{ common_pid: mc-worker       [    311811], ret:         19 } hitcount:        658
{ common_pid: mc-worker       [    311806], ret:         18 } hitcount:        673
{ common_pid: mc-worker       [    311810], ret:         19 } hitcount:        701
{ common_pid: mc-worker       [    311812], ret:         20 } hitcount:        722
{ common_pid: mc-worker       [    311809], ret:         19 } hitcount:        757
{ common_pid: mc-worker       [    311808], ret:         20 } hitcount:        762
{ common_pid: mc-worker       [    311805], ret:         18 } hitcount:        767
{ common_pid: mc-worker       [    311812], ret:         19 } hitcount:        858
{ common_pid: mc-worker       [    311807], ret:         18 } hitcount:        864
{ common_pid: mc-worker       [    311808], ret:         19 } hitcount:        946
{ common_pid: mc-worker       [    311811], ret:         18 } hitcount:        979
{ common_pid: mc-worker       [    311810], ret:         18 } hitcount:       1036
{ common_pid: mc-worker       [    311809], ret:         18 } hitcount:       1049
{ common_pid: mc-worker       [    311806], ret:         17 } hitcount:       1054
{ common_pid: mc-worker       [    311805], ret:         17 } hitcount:       1058
{ common_pid: mc-worker       [    311807], ret:         17 } hitcount:       1260
{ common_pid: mc-worker       [    311812], ret:         18 } hitcount:       1283
{ common_pid: mc-worker       [    311808], ret:         18 } hitcount:       1404
{ common_pid: mc-worker       [    311811], ret:         17 } hitcount:       1477
{ common_pid: mc-worker       [    311806], ret:         16 } hitcount:       1479
{ common_pid: mc-worker       [    311810], ret:         17 } hitcount:       1563
{ common_pid: mc-worker       [    311805], ret:         16 } hitcount:       1566
{ common_pid: mc-worker       [    311809], ret:         17 } hitcount:       1594
{ common_pid: mc-worker       [    311812], ret:         17 } hitcount:       1834
{ common_pid: mc-worker       [    311808], ret:         17 } hitcount:       1911
{ common_pid: mc-worker       [    311807], ret:         16 } hitcount:       1923
{ common_pid: mc-worker       [    311811], ret:         16 } hitcount:       2147
{ common_pid: mc-worker       [    311810], ret:         16 } hitcount:       2216
{ common_pid: mc-worker       [    311806], ret:         15 } hitcount:       2291
{ common_pid: mc-worker       [    311809], ret:         16 } hitcount:       2372
{ common_pid: mc-worker       [    311805], ret:         15 } hitcount:       2496
{ common_pid: mc-worker       [    311812], ret:         16 } hitcount:       2540
{ common_pid: mc-worker       [    311808], ret:         16 } hitcount:       2584
{ common_pid: mc-worker       [    311807], ret:         15 } hitcount:       2717
{ common_pid: mc-worker       [    311811], ret:         15 } hitcount:       3029
{ common_pid: mc-worker       [    311806], ret:         14 } hitcount:       3220
{ common_pid: mc-worker       [    311810], ret:         15 } hitcount:       3284
{ common_pid: mc-worker       [    311809], ret:         15 } hitcount:       3356
{ common_pid: mc-worker       [    311805], ret:         14 } hitcount:       3468
{ common_pid: mc-worker       [    311812], ret:         15 } hitcount:       3650
{ common_pid: mc-worker       [    311808], ret:         15 } hitcount:       3697
{ common_pid: mc-worker       [    311807], ret:         14 } hitcount:       3882
{ common_pid: mc-worker       [    311811], ret:         14 } hitcount:       4197
{ common_pid: mc-worker       [    311806], ret:         13 } hitcount:       4650
{ common_pid: mc-worker       [    311810], ret:         14 } hitcount:       4774
{ common_pid: mc-worker       [    311809], ret:         14 } hitcount:       4801
{ common_pid: mc-worker       [    311812], ret:         14 } hitcount:       4851
{ common_pid: mc-worker       [    311805], ret:         13 } hitcount:       4916
{ common_pid: mc-worker       [    311808], ret:         14 } hitcount:       5061
{ common_pid: mc-worker       [    311807], ret:         13 } hitcount:       5417
{ common_pid: mc-worker       [    311811], ret:         13 } hitcount:       5852
{ common_pid: mc-worker       [    311810], ret:         13 } hitcount:       6308
{ common_pid: mc-worker       [    311806], ret:         12 } hitcount:       6428
{ common_pid: mc-worker       [    311809], ret:         13 } hitcount:       6501
{ common_pid: mc-worker       [    311808], ret:         13 } hitcount:       6617
{ common_pid: mc-worker       [    311812], ret:         13 } hitcount:       6631
{ common_pid: mc-worker       [    311805], ret:         12 } hitcount:       7079
{ common_pid: mc-worker       [    311807], ret:         12 } hitcount:       7528
{ common_pid: mc-worker       [    311811], ret:         12 } hitcount:       7806
{ common_pid: mc-worker       [    311812], ret:         12 } hitcount:       8471
{ common_pid: mc-worker       [    311809], ret:         12 } hitcount:       8593
{ common_pid: mc-worker       [    311810], ret:         12 } hitcount:       8637
{ common_pid: mc-worker       [    311806], ret:         11 } hitcount:       8698
{ common_pid: mc-worker       [    311808], ret:         12 } hitcount:       8725
{ common_pid: mc-worker       [    311805], ret:         11 } hitcount:       9232
{ common_pid: mc-worker       [    311807], ret:         11 } hitcount:       9783
{ common_pid: mc-worker       [    311811], ret:         11 } hitcount:      10037
{ common_pid: mc-worker       [    311812], ret:         11 } hitcount:      10821
{ common_pid: mc-worker       [    311809], ret:         11 } hitcount:      10887
{ common_pid: mc-worker       [    311810], ret:         11 } hitcount:      10929
{ common_pid: mc-worker       [    311808], ret:         11 } hitcount:      10943
{ common_pid: mc-worker       [    311806], ret:         10 } hitcount:      11480
{ common_pid: mc-worker       [    311805], ret:         10 } hitcount:      12007
{ common_pid: mc-worker       [    311811], ret:         10 } hitcount:      12379
{ common_pid: mc-worker       [    311807], ret:         10 } hitcount:      12657
{ common_pid: mc-worker       [    311812], ret:         10 } hitcount:      13093
{ common_pid: mc-worker       [    311808], ret:         10 } hitcount:      13511
{ common_pid: mc-worker       [    311809], ret:         10 } hitcount:      13545
{ common_pid: mc-worker       [    311810], ret:         10 } hitcount:      13695
{ common_pid: mc-worker       [    311806], ret:          9 } hitcount:      14536
{ common_pid: mc-worker       [    311805], ret:          9 } hitcount:      14956
{ common_pid: mc-worker       [    311811], ret:          9 } hitcount:      15763
{ common_pid: mc-worker       [    311807], ret:          9 } hitcount:      15805
{ common_pid: mc-worker       [    311812], ret:          9 } hitcount:      15984
{ common_pid: mc-worker       [    311808], ret:          9 } hitcount:      16021
{ common_pid: mc-worker       [    311809], ret:          9 } hitcount:      16371
{ common_pid: mc-worker       [    311810], ret:          9 } hitcount:      16834
{ common_pid: mc-worker       [    311806], ret:          8 } hitcount:      18103
{ common_pid: mc-worker       [    311808], ret:          8 } hitcount:      18534
{ common_pid: mc-worker       [    311805], ret:          8 } hitcount:      18792
{ common_pid: mc-worker       [    311812], ret:          8 } hitcount:      18929
{ common_pid: mc-worker       [    311807], ret:          8 } hitcount:      19169
{ common_pid: mc-worker       [    311811], ret:          8 } hitcount:      19216
{ common_pid: mc-worker       [    311809], ret:          8 } hitcount:      19517
{ common_pid: mc-worker       [    311810], ret:          8 } hitcount:      19978
{ common_pid: mc-worker       [    311808], ret:          7 } hitcount:      21642
{ common_pid: mc-worker       [    311812], ret:          7 } hitcount:      22119
{ common_pid: mc-worker       [    311806], ret:          7 } hitcount:      22168
{ common_pid: mc-worker       [    311809], ret:          7 } hitcount:      22539
{ common_pid: mc-worker       [    311805], ret:          7 } hitcount:      22840
{ common_pid: mc-worker       [    311811], ret:          7 } hitcount:      22929
{ common_pid: mc-worker       [    311810], ret:          7 } hitcount:      23216
{ common_pid: mc-worker       [    311807], ret:          7 } hitcount:      23223
{ common_pid: mc-worker       [    311808], ret:          6 } hitcount:      25422
{ common_pid: mc-worker       [    311812], ret:          6 } hitcount:      25646
{ common_pid: mc-worker       [    311806], ret:          6 } hitcount:      26993
{ common_pid: mc-worker       [    311809], ret:          6 } hitcount:      27291
{ common_pid: mc-worker       [    311810], ret:          6 } hitcount:      27396
{ common_pid: mc-worker       [    311805], ret:          6 } hitcount:      27649
{ common_pid: mc-worker       [    311811], ret:          6 } hitcount:      27664
{ common_pid: mc-worker       [    311807], ret:          6 } hitcount:      28099
{ common_pid: mc-worker       [    311812], ret:          5 } hitcount:      33132
{ common_pid: mc-worker       [    311808], ret:          5 } hitcount:      33315
{ common_pid: mc-worker       [    311809], ret:          5 } hitcount:      34849
{ common_pid: mc-worker       [    311810], ret:          5 } hitcount:      35501
{ common_pid: mc-worker       [    311806], ret:          5 } hitcount:      35819
{ common_pid: mc-worker       [    311805], ret:          5 } hitcount:      36215
{ common_pid: mc-worker       [    311811], ret:          5 } hitcount:      37272
{ common_pid: mc-worker       [    311807], ret:          5 } hitcount:      38463
{ common_pid: mc-worker       [    311812], ret:          4 } hitcount:      49906
{ common_pid: mc-worker       [    311808], ret:          4 } hitcount:      51336
{ common_pid: mc-worker       [    311810], ret:          4 } hitcount:      53312
{ common_pid: mc-worker       [    311809], ret:          4 } hitcount:      53950
{ common_pid: mc-worker       [    311805], ret:          4 } hitcount:      55204
{ common_pid: mc-worker       [    311806], ret:          4 } hitcount:      55356
{ common_pid: mc-worker       [    311808], ret:          1 } hitcount:      58242
{ common_pid: mc-worker       [    311811], ret:          4 } hitcount:      59531
{ common_pid: mc-worker       [    311807], ret:          4 } hitcount:      60582
{ common_pid: mc-worker       [    311812], ret:          1 } hitcount:      61835
{ common_pid: mc-worker       [    311810], ret:          1 } hitcount:      64885
{ common_pid: mc-worker       [    311805], ret:          1 } hitcount:      69352
{ common_pid: mc-worker       [    311809], ret:          1 } hitcount:      69358
{ common_pid: mc-worker       [    311807], ret:          1 } hitcount:      72428
{ common_pid: mc-worker       [    311811], ret:          1 } hitcount:      73792
{ common_pid: mc-worker       [    311806], ret:          1 } hitcount:      74826
{ common_pid: mc-worker       [    311808], ret:          3 } hitcount:      76611
{ common_pid: mc-worker       [    311812], ret:          3 } hitcount:      77467
{ common_pid: mc-worker       [    311810], ret:          3 } hitcount:      81190
{ common_pid: mc-worker       [    311809], ret:          3 } hitcount:      82862
{ common_pid: mc-worker       [    311808], ret:          2 } hitcount:      82997
{ common_pid: mc-worker       [    311812], ret:          2 } hitcount:      86370
{ common_pid: mc-worker       [    311805], ret:          3 } hitcount:      86551
{ common_pid: mc-worker       [    311806], ret:          3 } hitcount:      88499
{ common_pid: mc-worker       [    311811], ret:          3 } hitcount:      90082
{ common_pid: mc-worker       [    311810], ret:          2 } hitcount:      90565
{ common_pid: mc-worker       [    311807], ret:          3 } hitcount:      91995
{ common_pid: mc-worker       [    311809], ret:          2 } hitcount:      93287
{ common_pid: mc-worker       [    311805], ret:          2 } hitcount:      96761
{ common_pid: mc-worker       [    311811], ret:          2 } hitcount:     100051
{ common_pid: mc-worker       [    311806], ret:          2 } hitcount:     101217
{ common_pid: mc-worker       [    311807], ret:          2 } hitcount:     101594
