{ common_pid: mc-worker       [    107417], ret:         69 } hitcount:          1
{ common_pid: mc-worker       [    107418], ret:         72 } hitcount:          1
{ common_pid: mc-worker       [    107420], ret:         69 } hitcount:          1
{ common_pid: mc-worker       [    107422], ret:         64 } hitcount:          1
{ common_pid: mc-worker       [    107422], ret:         53 } hitcount:          1
{ common_pid: mc-worker       [    107420], ret:         93 } hitcount:          1
{ common_pid: mc-worker       [    107423], ret:         74 } hitcount:          1
{ common_pid: mc-worker       [    107416], ret:         80 } hitcount:          1
{ common_pid: mc-worker       [    107423], ret:         79 } hitcount:          1
{ common_pid: mc-worker       [    107417], ret:         62 } hitcount:          1
{ common_pid: mc-worker       [    107423], ret:        512 } hitcount:          1
{ common_pid: mc-worker       [    107417], ret:        512 } hitcount:          1
{ common_pid: mc-worker       [    107417], ret:         80 } hitcount:          1
{ common_pid: mc-worker       [    107421], ret:         59 } hitcount:          1
{ common_pid: mc-worker       [    107422], ret:         59 } hitcount:          1
{ common_pid: mc-worker       [    107420], ret:         63 } hitcount:          1
{ common_pid: mc-worker       [    107419], ret:         62 } hitcount:          1
{ common_pid: mc-worker       [    107419], ret:         81 } hitcount:          1
{ common_pid: mc-worker       [    107417], ret:         51 } hitcount:          1
{ common_pid: mc-worker       [    107417], ret:         78 } hitcount:          1
{ common_pid: mc-worker       [    107422], ret:        512 } hitcount:          1
{ common_pid: mc-worker       [    107423], ret:         59 } hitcount:          1
{ common_pid: mc-worker       [    107421], ret:         65 } hitcount:          1
{ common_pid: mc-worker       [    107420], ret:         60 } hitcount:          1
{ common_pid: mc-worker       [    107421], ret:         73 } hitcount:          1
{ common_pid: mc-worker       [    107418], ret:         64 } hitcount:          1
{ common_pid: mc-worker       [    107420], ret:        467 } hitcount:          1
{ common_pid: mc-worker       [    107421], ret:         52 } hitcount:          1
{ common_pid: mc-worker       [    107420], ret:         75 } hitcount:          1
{ common_pid: mc-worker       [    107421], ret:         93 } hitcount:          1
{ common_pid: mc-worker       [    107416], ret:         78 } hitcount:          1
{ common_pid: mc-worker       [    107420], ret:         74 } hitcount:          1
{ common_pid: mc-worker       [    107422], ret:         58 } hitcount:          1
{ common_pid: mc-worker       [    107423], ret:         57 } hitcount:          1
{ common_pid: mc-worker       [    107418], ret:         67 } hitcount:          1
{ common_pid: mc-worker       [    107419], ret:         56 } hitcount:          1
{ common_pid: mc-worker       [    107418], ret:         84 } hitcount:          1
{ common_pid: mc-worker       [    107418], ret:         55 } hitcount:          1
{ common_pid: mc-worker       [    107423], ret:         63 } hitcount:          1
{ common_pid: mc-worker       [    107423], ret:        127 } hitcount:          1
{ common_pid: mc-worker       [    107418], ret:        512 } hitcount:          1
{ common_pid: mc-worker       [    107418], ret:         61 } hitcount:          1
{ common_pid: mc-worker       [    107421], ret:         75 } hitcount:          1
{ common_pid: mc-worker       [    107423], ret:        101 } hitcount:          1
{ common_pid: mc-worker       [    107421], ret:         74 } hitcount:          1
{ common_pid: mc-worker       [    107416], ret:        508 } hitcount:          1
{ common_pid: mc-worker       [    107422], ret:         62 } hitcount:          1
{ common_pid: mc-worker       [    107422], ret:         70 } hitcount:          1
{ common_pid: mc-worker       [    107421], ret:         99 } hitcount:          1
{ common_pid: mc-worker       [    107416], ret:         59 } hitcount:          1
{ common_pid: mc-worker       [    107423], ret:         76 } hitcount:          1
{ common_pid: mc-worker       [    107420], ret:         61 } hitcount:          1
{ common_pid: mc-worker       [    107418], ret:         73 } hitcount:          1
{ common_pid: mc-worker       [    107417], ret:         48 } hitcount:          1
{ common_pid: mc-worker       [    107422], ret:         61 } hitcount:          1
{ common_pid: mc-worker       [    107420], ret:         79 } hitcount:          1
{ common_pid: mc-worker       [    107423], ret:         82 } hitcount:          1
{ common_pid: mc-worker       [    107420], ret:         57 } hitcount:          1
{ common_pid: mc-worker       [    107422], ret:         52 } hitcount:          1
{ common_pid: mc-worker       [    107419], ret:         55 } hitcount:          1
{ common_pid: mc-worker       [    107420], ret:         65 } hitcount:          1
{ common_pid: mc-worker       [    107423], ret:         70 } hitcount:          1
{ common_pid: mc-worker       [    107423], ret:        105 } hitcount:          1
{ common_pid: mc-worker       [    107420], ret:         72 } hitcount:          1
{ common_pid: mc-worker       [    107421], ret:         91 } hitcount:          1
{ common_pid: mc-worker       [    107420], ret:         62 } hitcount:          1
{ common_pid: mc-worker       [    107421], ret:         78 } hitcount:          1
{ common_pid: mc-worker       [    107417], ret:         53 } hitcount:          1
{ common_pid: mc-worker       [    107419], ret:        490 } hitcount:          1
{ common_pid: mc-worker       [    107421], ret:        512 } hitcount:          1
{ common_pid: mc-worker       [    107421], ret:         55 } hitcount:          1
{ common_pid: mc-worker       [    107422], ret:         72 } hitcount:          1
{ common_pid: mc-worker       [    107418], ret:         75 } hitcount:          1
{ common_pid: mc-worker       [    107420], ret:         52 } hitcount:          1
{ common_pid: mc-worker       [    107423], ret:         52 } hitcount:          1
{ common_pid: mc-worker       [    107423], ret:        125 } hitcount:          1
{ common_pid: mc-worker       [    107417], ret:         68 } hitcount:          1
{ common_pid: mc-worker       [    107423], ret:         61 } hitcount:          1
{ common_pid: mc-worker       [    107416], ret:         64 } hitcount:          1
{ common_pid: mc-worker       [    107416], ret:         54 } hitcount:          1
{ common_pid: mc-worker       [    107418], ret:         63 } hitcount:          1
{ common_pid: mc-worker       [    107422], ret:         65 } hitcount:          1
{ common_pid: mc-worker       [    107419], ret:         94 } hitcount:          1
{ common_pid: mc-worker       [    107417], ret:         77 } hitcount:          1
{ common_pid: mc-worker       [    107420], ret:         55 } hitcount:          1
{ common_pid: mc-worker       [    107420], ret:         59 } hitcount:          1
{ common_pid: mc-worker       [    107416], ret:         57 } hitcount:          2
{ common_pid: mc-worker       [    107421], ret:         61 } hitcount:          2
{ common_pid: mc-worker       [    107419], ret:         52 } hitcount:          2
{ common_pid: mc-worker       [    107418], ret:         56 } hitcount:          2
{ common_pid: mc-worker       [    107417], ret:         57 } hitcount:          2
{ common_pid: mc-worker       [    107421], ret:         51 } hitcount:          2
{ common_pid: mc-worker       [    107416], ret:         61 } hitcount:          2
{ common_pid: mc-worker       [    107420], ret:         64 } hitcount:          2
{ common_pid: mc-worker       [    107420], ret:         56 } hitcount:          2
{ common_pid: mc-worker       [    107417], ret:         52 } hitcount:          2
{ common_pid: mc-worker       [    107422], ret:         63 } hitcount:          2
{ common_pid: mc-worker       [    107417], ret:         54 } hitcount:          2
{ common_pid: mc-worker       [    107417], ret:         50 } hitcount:          2
{ common_pid: mc-worker       [    107422], ret:         67 } hitcount:          2
{ common_pid: mc-worker       [    107417], ret:         49 } hitcount:          2
{ common_pid: mc-worker       [    107416], ret:         52 } hitcount:          2
{ common_pid: mc-worker       [    107420], ret:         51 } hitcount:          2
{ common_pid: mc-worker       [    107421], ret:         57 } hitcount:          2
{ common_pid: mc-worker       [    107422], ret:         54 } hitcount:          2
{ common_pid: mc-worker       [    107418], ret:         65 } hitcount:          2
{ common_pid: mc-worker       [    107421], ret:         58 } hitcount:          2
{ common_pid: mc-worker       [    107420], ret:         53 } hitcount:          2
{ common_pid: mc-worker       [    107419], ret:         59 } hitcount:          2
{ common_pid: mc-worker       [    107419], ret:         64 } hitcount:          2
{ common_pid: mc-worker       [    107423], ret:         66 } hitcount:          2
{ common_pid: mc-worker       [    107417], ret:         74 } hitcount:          2
{ common_pid: mc-worker       [    107419], ret:         53 } hitcount:          2
{ common_pid: mc-worker       [    107420], ret:         50 } hitcount:          2
{ common_pid: mc-worker       [    107421], ret:         56 } hitcount:          2
{ common_pid: mc-worker       [    107421], ret:         53 } hitcount:          2
{ common_pid: mc-worker       [    107423], ret:         71 } hitcount:          2
{ common_pid: mc-worker       [    107419], ret:         50 } hitcount:          3
{ common_pid: mc-worker       [    107418], ret:         54 } hitcount:          3
{ common_pid: mc-worker       [    107423], ret:         60 } hitcount:          3
{ common_pid: mc-worker       [    107423], ret:         65 } hitcount:          3
{ common_pid: mc-worker       [    107420], ret:         67 } hitcount:          3
{ common_pid: mc-worker       [    107418], ret:         51 } hitcount:          3
{ common_pid: mc-worker       [    107420], ret:         58 } hitcount:          3
{ common_pid: mc-worker       [    107423], ret:         55 } hitcount:          3
{ common_pid: mc-worker       [    107421], ret:         50 } hitcount:          3
{ common_pid: mc-worker       [    107416], ret:         50 } hitcount:          3
{ common_pid: mc-worker       [    107423], ret:         54 } hitcount:          3
{ common_pid: mc-worker       [    107418], ret:         53 } hitcount:          3
{ common_pid: mc-worker       [    107422], ret:         50 } hitcount:          3
{ common_pid: mc-worker       [    107416], ret:         60 } hitcount:          3
{ common_pid: mc-worker       [    107417], ret:         56 } hitcount:          3
{ common_pid: mc-worker       [    107421], ret:         54 } hitcount:          4
{ common_pid: mc-worker       [    107423], ret:         58 } hitcount:          4
{ common_pid: mc-worker       [    107422], ret:         49 } hitcount:          4
{ common_pid: mc-worker       [    107418], ret:         50 } hitcount:          4
{ common_pid: mc-worker       [    107419], ret:         51 } hitcount:          4
{ common_pid: mc-worker       [    107422], ret:         48 } hitcount:          5
{ common_pid: mc-worker       [    107422], ret:         55 } hitcount:          5
{ common_pid: mc-worker       [    107416], ret:         51 } hitcount:          5
{ common_pid: mc-worker       [    107418], ret:         52 } hitcount:          5
{ common_pid: mc-worker       [    107419], ret:         49 } hitcount:          5
{ common_pid: mc-worker       [    107423], ret:         49 } hitcount:          6
{ common_pid: mc-worker       [    107423], ret:         50 } hitcount:          6
{ common_pid: mc-worker       [    107422], ret:         47 } hitcount:          6
{ common_pid: mc-worker       [    107423], ret:         56 } hitcount:          6
{ common_pid: mc-worker       [    107416], ret:         48 } hitcount:          6
{ common_pid: mc-worker       [    107418], ret:         49 } hitcount:          6
{ common_pid: mc-worker       [    107416], ret:         47 } hitcount:          6
{ common_pid: mc-worker       [    107422], ret:         51 } hitcount:          6
{ common_pid: mc-worker       [    107423], ret:         51 } hitcount:          6
{ common_pid: mc-worker       [    107420], ret:         49 } hitcount:          6
{ common_pid: mc-worker       [    107423], ret:         53 } hitcount:          7
{ common_pid: mc-worker       [    107421], ret:         48 } hitcount:          7
{ common_pid: mc-worker       [    107416], ret:         49 } hitcount:          8
{ common_pid: mc-worker       [    107417], ret:         47 } hitcount:          8
{ common_pid: mc-worker       [    107416], ret:         46 } hitcount:          9
{ common_pid: mc-worker       [    107419], ret:         47 } hitcount:         10
{ common_pid: mc-worker       [    107417], ret:         46 } hitcount:         10
{ common_pid: mc-worker       [    107418], ret:         48 } hitcount:         10
{ common_pid: mc-worker       [    107419], ret:         48 } hitcount:         10
{ common_pid: mc-worker       [    107421], ret:         49 } hitcount:         11
{ common_pid: mc-worker       [    107420], ret:         48 } hitcount:         11
{ common_pid: mc-worker       [    107419], ret:         46 } hitcount:         12
{ common_pid: mc-worker       [    107418], ret:         47 } hitcount:         13
{ common_pid: mc-worker       [    107416], ret:         45 } hitcount:         13
{ common_pid: mc-worker       [    107422], ret:         45 } hitcount:         14
{ common_pid: mc-worker       [    107417], ret:         45 } hitcount:         15
{ common_pid: mc-worker       [    107420], ret:         47 } hitcount:         15
{ common_pid: mc-worker       [    107419], ret:         45 } hitcount:         16
{ common_pid: mc-worker       [    107423], ret:         48 } hitcount:         16
{ common_pid: mc-worker       [    107421], ret:         47 } hitcount:         16
{ common_pid: mc-worker       [    107420], ret:         46 } hitcount:         18
{ common_pid: mc-worker       [    107422], ret:         46 } hitcount:         19
{ common_pid: mc-worker       [    107416], ret:         44 } hitcount:         19
{ common_pid: mc-worker       [    107418], ret:         46 } hitcount:         21
{ common_pid: mc-worker       [    107423], ret:         47 } hitcount:         22
{ common_pid: mc-worker       [    107423], ret:         46 } hitcount:         22
{ common_pid: mc-worker       [    107417], ret:         44 } hitcount:         22
{ common_pid: mc-worker       [    107421], ret:         46 } hitcount:         25
{ common_pid: mc-worker       [    107416], ret:         43 } hitcount:         28
{ common_pid: mc-worker       [    107421], ret:         45 } hitcount:         28
{ common_pid: mc-worker       [    107420], ret:         45 } hitcount:         30
{ common_pid: mc-worker       [    107422], ret:         44 } hitcount:         33
{ common_pid: mc-worker       [    107419], ret:         44 } hitcount:         33
{ common_pid: mc-worker       [    107420], ret:         44 } hitcount:         34
{ common_pid: mc-worker       [    107418], ret:         45 } hitcount:         37
{ common_pid: mc-worker       [    107422], ret:         43 } hitcount:         39
{ common_pid: mc-worker       [    107416], ret:         42 } hitcount:         39
{ common_pid: mc-worker       [    107416], ret:         41 } hitcount:         44
{ common_pid: mc-worker       [    107420], ret:         43 } hitcount:         48
{ common_pid: mc-worker       [    107423], ret:         45 } hitcount:         48
{ common_pid: mc-worker       [    107417], ret:         43 } hitcount:         49
{ common_pid: mc-worker       [    107419], ret:         43 } hitcount:         49
{ common_pid: mc-worker       [    107421], ret:         44 } hitcount:         55
{ common_pid: mc-worker       [    107419], ret:         42 } hitcount:         55
{ common_pid: mc-worker       [    107416], ret:         40 } hitcount:         60
{ common_pid: mc-worker       [    107423], ret:         44 } hitcount:         61
{ common_pid: mc-worker       [    107422], ret:         42 } hitcount:         61
{ common_pid: mc-worker       [    107421], ret:         43 } hitcount:         62
{ common_pid: mc-worker       [    107417], ret:         42 } hitcount:         67
{ common_pid: mc-worker       [    107418], ret:         44 } hitcount:         68
{ common_pid: mc-worker       [    107418], ret:         43 } hitcount:         71
{ common_pid: mc-worker       [    107420], ret:         42 } hitcount:         74
{ common_pid: mc-worker       [    107417], ret:         41 } hitcount:         86
{ common_pid: mc-worker       [    107422], ret:         41 } hitcount:         86
{ common_pid: mc-worker       [    107420], ret:         41 } hitcount:        100
{ common_pid: mc-worker       [    107423], ret:         43 } hitcount:        103
{ common_pid: mc-worker       [    107421], ret:         42 } hitcount:        106
{ common_pid: mc-worker       [    107419], ret:         41 } hitcount:        108
{ common_pid: mc-worker       [    107422], ret:         40 } hitcount:        114
{ common_pid: mc-worker       [    107418], ret:         42 } hitcount:        114
{ common_pid: mc-worker       [    107416], ret:         39 } hitcount:        117
{ common_pid: mc-worker       [    107417], ret:         40 } hitcount:        125
{ common_pid: mc-worker       [    107420], ret:         40 } hitcount:        125
{ common_pid: mc-worker       [    107419], ret:         40 } hitcount:        130
{ common_pid: mc-worker       [    107421], ret:         41 } hitcount:        133
{ common_pid: mc-worker       [    107423], ret:         42 } hitcount:        140
{ common_pid: mc-worker       [    107422], ret:         39 } hitcount:        166
{ common_pid: mc-worker       [    107419], ret:         39 } hitcount:        170
{ common_pid: mc-worker       [    107418], ret:         41 } hitcount:        173
{ common_pid: mc-worker       [    107416], ret:         38 } hitcount:        182
{ common_pid: mc-worker       [    107420], ret:         39 } hitcount:        190
{ common_pid: mc-worker       [    107421], ret:         40 } hitcount:        192
{ common_pid: mc-worker       [    107423], ret:         41 } hitcount:        199
{ common_pid: mc-worker       [    107418], ret:         40 } hitcount:        223
{ common_pid: mc-worker       [    107417], ret:         39 } hitcount:        224
{ common_pid: mc-worker       [    107422], ret:         38 } hitcount:        227
{ common_pid: mc-worker       [    107419], ret:         38 } hitcount:        237
{ common_pid: mc-worker       [    107417], ret:         38 } hitcount:        260
{ common_pid: mc-worker       [    107416], ret:         37 } hitcount:        268
{ common_pid: mc-worker       [    107423], ret:         40 } hitcount:        271
{ common_pid: mc-worker       [    107420], ret:         38 } hitcount:        273
{ common_pid: mc-worker       [    107418], ret:         39 } hitcount:        289
{ common_pid: mc-worker       [    107421], ret:         39 } hitcount:        299
{ common_pid: mc-worker       [    107422], ret:         37 } hitcount:        311
{ common_pid: mc-worker       [    107419], ret:         37 } hitcount:        353
{ common_pid: mc-worker       [    107416], ret:         36 } hitcount:        363
{ common_pid: mc-worker       [    107421], ret:         38 } hitcount:        390
{ common_pid: mc-worker       [    107417], ret:         37 } hitcount:        400
{ common_pid: mc-worker       [    107423], ret:         39 } hitcount:        413
{ common_pid: mc-worker       [    107418], ret:         38 } hitcount:        415
{ common_pid: mc-worker       [    107422], ret:         36 } hitcount:        416
{ common_pid: mc-worker       [    107420], ret:         37 } hitcount:        428
{ common_pid: mc-worker       [    107419], ret:         36 } hitcount:        437
{ common_pid: mc-worker       [    107421], ret:         37 } hitcount:        519
{ common_pid: mc-worker       [    107416], ret:         35 } hitcount:        535
{ common_pid: mc-worker       [    107417], ret:         36 } hitcount:        539
{ common_pid: mc-worker       [    107423], ret:         38 } hitcount:        562
{ common_pid: mc-worker       [    107420], ret:         36 } hitcount:        565
{ common_pid: mc-worker       [    107419], ret:         35 } hitcount:        597
{ common_pid: mc-worker       [    107422], ret:         35 } hitcount:        602
{ common_pid: mc-worker       [    107418], ret:         37 } hitcount:        631
{ common_pid: mc-worker       [    107421], ret:         36 } hitcount:        688
{ common_pid: mc-worker       [    107423], ret:         37 } hitcount:        703
{ common_pid: mc-worker       [    107420], ret:         35 } hitcount:        715
{ common_pid: mc-worker       [    107417], ret:         35 } hitcount:        722
{ common_pid: mc-worker       [    107416], ret:         34 } hitcount:        740
{ common_pid: mc-worker       [    107418], ret:         36 } hitcount:        776
{ common_pid: mc-worker       [    107419], ret:         34 } hitcount:        792
{ common_pid: mc-worker       [    107422], ret:         34 } hitcount:        801
{ common_pid: mc-worker       [    107423], ret:         36 } hitcount:        865
{ common_pid: mc-worker       [    107416], ret:         33 } hitcount:        901
{ common_pid: mc-worker       [    107421], ret:         35 } hitcount:        975
{ common_pid: mc-worker       [    107420], ret:         34 } hitcount:        989
{ common_pid: mc-worker       [    107417], ret:         34 } hitcount:        998
{ common_pid: mc-worker       [    107418], ret:         35 } hitcount:       1038
{ common_pid: mc-worker       [    107422], ret:         33 } hitcount:       1053
{ common_pid: mc-worker       [    107419], ret:         33 } hitcount:       1089
{ common_pid: mc-worker       [    107417], ret:         33 } hitcount:       1195
{ common_pid: mc-worker       [    107423], ret:         35 } hitcount:       1225
{ common_pid: mc-worker       [    107420], ret:         33 } hitcount:       1249
{ common_pid: mc-worker       [    107416], ret:         32 } hitcount:       1254
{ common_pid: mc-worker       [    107418], ret:         34 } hitcount:       1265
{ common_pid: mc-worker       [    107421], ret:         34 } hitcount:       1273
{ common_pid: mc-worker       [    107422], ret:         32 } hitcount:       1319
{ common_pid: mc-worker       [    107419], ret:         32 } hitcount:       1323
{ common_pid: mc-worker       [    107423], ret:         34 } hitcount:       1465
{ common_pid: mc-worker       [    107420], ret:         32 } hitcount:       1564
{ common_pid: mc-worker       [    107421], ret:         33 } hitcount:       1621
{ common_pid: mc-worker       [    107416], ret:         31 } hitcount:       1629
{ common_pid: mc-worker       [    107419], ret:         31 } hitcount:       1651
{ common_pid: mc-worker       [    107422], ret:         31 } hitcount:       1655
{ common_pid: mc-worker       [    107418], ret:         33 } hitcount:       1659
{ common_pid: mc-worker       [    107417], ret:         32 } hitcount:       1666
{ common_pid: mc-worker       [    107423], ret:         33 } hitcount:       1912
{ common_pid: mc-worker       [    107420], ret:         31 } hitcount:       1929
{ common_pid: mc-worker       [    107422], ret:         30 } hitcount:       2025
{ common_pid: mc-worker       [    107417], ret:         31 } hitcount:       2043
{ common_pid: mc-worker       [    107416], ret:         30 } hitcount:       2053
{ common_pid: mc-worker       [    107419], ret:         30 } hitcount:       2061
{ common_pid: mc-worker       [    107418], ret:         32 } hitcount:       2075
{ common_pid: mc-worker       [    107421], ret:         32 } hitcount:       2093
{ common_pid: mc-worker       [    107419], ret:         29 } hitcount:       2315
{ common_pid: mc-worker       [    107423], ret:         32 } hitcount:       2338
{ common_pid: mc-worker       [    107420], ret:         30 } hitcount:       2469
{ common_pid: mc-worker       [    107421], ret:         31 } hitcount:       2502
{ common_pid: mc-worker       [    107418], ret:         31 } hitcount:       2508
{ common_pid: mc-worker       [    107417], ret:         30 } hitcount:       2549
{ common_pid: mc-worker       [    107416], ret:         29 } hitcount:       2560
{ common_pid: mc-worker       [    107422], ret:         29 } hitcount:       2571
{ common_pid: mc-worker       [    107419], ret:         28 } hitcount:       2714
{ common_pid: mc-worker       [    107420], ret:         29 } hitcount:       2814
{ common_pid: mc-worker       [    107418], ret:         30 } hitcount:       2888
{ common_pid: mc-worker       [    107421], ret:         30 } hitcount:       2912
{ common_pid: mc-worker       [    107423], ret:         31 } hitcount:       2929
{ common_pid: mc-worker       [    107422], ret:         28 } hitcount:       2952
{ common_pid: mc-worker       [    107416], ret:         28 } hitcount:       3067
{ common_pid: mc-worker       [    107419], ret:         27 } hitcount:       3067
{ common_pid: mc-worker       [    107417], ret:         29 } hitcount:       3130
{ common_pid: mc-worker       [    107418], ret:         29 } hitcount:       3300
{ common_pid: mc-worker       [    107422], ret:         27 } hitcount:       3323
{ common_pid: mc-worker       [    107420], ret:         28 } hitcount:       3377
{ common_pid: mc-worker       [    107423], ret:         30 } hitcount:       3403
{ common_pid: mc-worker       [    107421], ret:         29 } hitcount:       3445
{ common_pid: mc-worker       [    107419], ret:         26 } hitcount:       3457
{ common_pid: mc-worker       [    107417], ret:         28 } hitcount:       3580
{ common_pid: mc-worker       [    107416], ret:         27 } hitcount:       3584
{ common_pid: mc-worker       [    107418], ret:         28 } hitcount:       3604
{ common_pid: mc-worker       [    107419], ret:         25 } hitcount:       3616
{ common_pid: mc-worker       [    107420], ret:         27 } hitcount:       3786
{ common_pid: mc-worker       [    107422], ret:         26 } hitcount:       3823
{ common_pid: mc-worker       [    107423], ret:         29 } hitcount:       3846
{ common_pid: mc-worker       [    107421], ret:         28 } hitcount:       3883
{ common_pid: mc-worker       [    107419], ret:         24 } hitcount:       3883
{ common_pid: mc-worker       [    107417], ret:         27 } hitcount:       3910
{ common_pid: mc-worker       [    107419], ret:         23 } hitcount:       4030
{ common_pid: mc-worker       [    107422], ret:         25 } hitcount:       4061
{ common_pid: mc-worker       [    107419], ret:         22 } hitcount:       4079
{ common_pid: mc-worker       [    107418], ret:         27 } hitcount:       4188
{ common_pid: mc-worker       [    107416], ret:         26 } hitcount:       4189
{ common_pid: mc-worker       [    107419], ret:         21 } hitcount:       4285
{ common_pid: mc-worker       [    107422], ret:         24 } hitcount:       4287
{ common_pid: mc-worker       [    107420], ret:         26 } hitcount:       4288
{ common_pid: mc-worker       [    107423], ret:         17 } hitcount:       4339
{ common_pid: mc-worker       [    107423], ret:         28 } hitcount:       4347
{ common_pid: mc-worker       [    107419], ret:         20 } hitcount:       4355
{ common_pid: mc-worker       [    107417], ret:         26 } hitcount:       4364
{ common_pid: mc-worker       [    107418], ret:         26 } hitcount:       4382
{ common_pid: mc-worker       [    107423], ret:         18 } hitcount:       4395
{ common_pid: mc-worker       [    107422], ret:         23 } hitcount:       4423
{ common_pid: mc-worker       [    107418], ret:         20 } hitcount:       4449
{ common_pid: mc-worker       [    107420], ret:         25 } hitcount:       4455
{ common_pid: mc-worker       [    107418], ret:         19 } hitcount:       4463
{ common_pid: mc-worker       [    107419], ret:         19 } hitcount:       4464
{ common_pid: mc-worker       [    107422], ret:         22 } hitcount:       4482
{ common_pid: mc-worker       [    107423], ret:         16 } hitcount:       4487
{ common_pid: mc-worker       [    107421], ret:         27 } hitcount:       4488
{ common_pid: mc-worker       [    107423], ret:         19 } hitcount:       4533
{ common_pid: mc-worker       [    107418], ret:         18 } hitcount:       4568
{ common_pid: mc-worker       [    107421], ret:         17 } hitcount:       4569
{ common_pid: mc-worker       [    107418], ret:         21 } hitcount:       4577
{ common_pid: mc-worker       [    107421], ret:         19 } hitcount:       4578
{ common_pid: mc-worker       [    107421], ret:         18 } hitcount:       4581
{ common_pid: mc-worker       [    107416], ret:         25 } hitcount:       4588
{ common_pid: mc-worker       [    107422], ret:         20 } hitcount:       4594
{ common_pid: mc-worker       [    107422], ret:         18 } hitcount:       4610
{ common_pid: mc-worker       [    107422], ret:         21 } hitcount:       4611
{ common_pid: mc-worker       [    107423], ret:         15 } hitcount:       4614
{ common_pid: mc-worker       [    107422], ret:         19 } hitcount:       4655
{ common_pid: mc-worker       [    107420], ret:         18 } hitcount:       4665
{ common_pid: mc-worker       [    107417], ret:         25 } hitcount:       4675
{ common_pid: mc-worker       [    107420], ret:         24 } hitcount:       4681
{ common_pid: mc-worker       [    107418], ret:         25 } hitcount:       4688
{ common_pid: mc-worker       [    107420], ret:         20 } hitcount:       4691
{ common_pid: mc-worker       [    107419], ret:         18 } hitcount:       4702
{ common_pid: mc-worker       [    107420], ret:         19 } hitcount:       4703
{ common_pid: mc-worker       [    107421], ret:         16 } hitcount:       4708
{ common_pid: mc-worker       [    107418], ret:         22 } hitcount:       4710
{ common_pid: mc-worker       [    107418], ret:         17 } hitcount:       4725
{ common_pid: mc-worker       [    107418], ret:         24 } hitcount:       4731
{ common_pid: mc-worker       [    107421], ret:         26 } hitcount:       4742
{ common_pid: mc-worker       [    107421], ret:         20 } hitcount:       4743
{ common_pid: mc-worker       [    107418], ret:         23 } hitcount:       4754
{ common_pid: mc-worker       [    107417], ret:         20 } hitcount:       4764
{ common_pid: mc-worker       [    107417], ret:         18 } hitcount:       4767
{ common_pid: mc-worker       [    107420], ret:         23 } hitcount:       4770
{ common_pid: mc-worker       [    107417], ret:         19 } hitcount:       4772
{ common_pid: mc-worker       [    107420], ret:         21 } hitcount:       4779
{ common_pid: mc-worker       [    107423], ret:         20 } hitcount:       4783
{ common_pid: mc-worker       [    107420], ret:         17 } hitcount:       4808
{ common_pid: mc-worker       [    107423], ret:         27 } hitcount:       4827
{ common_pid: mc-worker       [    107420], ret:         22 } hitcount:       4831
{ common_pid: mc-worker       [    107416], ret:         24 } hitcount:       4853
{ common_pid: mc-worker       [    107417], ret:         17 } hitcount:       4868
{ common_pid: mc-worker       [    107417], ret:         24 } hitcount:       4900
{ common_pid: mc-worker       [    107422], ret:         17 } hitcount:       4908
{ common_pid: mc-worker       [    107417], ret:         23 } hitcount:       4915
{ common_pid: mc-worker       [    107417], ret:         16 } hitcount:       4974
{ common_pid: mc-worker       [    107423], ret:         21 } hitcount:       4985
{ common_pid: mc-worker       [    107417], ret:         21 } hitcount:       4986
{ common_pid: mc-worker       [    107419], ret:         17 } hitcount:       4995
{ common_pid: mc-worker       [    107417], ret:         22 } hitcount:       4999
{ common_pid: mc-worker       [    107420], ret:         16 } hitcount:       5004
{ common_pid: mc-worker       [    107421], ret:         21 } hitcount:       5010
{ common_pid: mc-worker       [    107418], ret:         16 } hitcount:       5014
{ common_pid: mc-worker       [    107421], ret:         25 } hitcount:       5017
{ common_pid: mc-worker       [    107421], ret:         15 } hitcount:       5054
{ common_pid: mc-worker       [    107416], ret:         16 } hitcount:       5069
{ common_pid: mc-worker       [    107423], ret:         14 } hitcount:       5076
{ common_pid: mc-worker       [    107423], ret:         22 } hitcount:       5121
{ common_pid: mc-worker       [    107416], ret:         17 } hitcount:       5123
{ common_pid: mc-worker       [    107421], ret:         22 } hitcount:       5155
{ common_pid: mc-worker       [    107423], ret:         26 } hitcount:       5209
{ common_pid: mc-worker       [    107416], ret:         19 } hitcount:       5225
{ common_pid: mc-worker       [    107422], ret:         16 } hitcount:       5234
{ common_pid: mc-worker       [    107416], ret:         20 } hitcount:       5261
{ common_pid: mc-worker       [    107416], ret:         23 } hitcount:       5292
{ common_pid: mc-worker       [    107421], ret:         23 } hitcount:       5297
{ common_pid: mc-worker       [    107416], ret:         18 } hitcount:       5299
{ common_pid: mc-worker       [    107421], ret:         24 } hitcount:       5303
{ common_pid: mc-worker       [    107417], ret:         15 } hitcount:       5355
{ common_pid: mc-worker       [    107416], ret:         22 } hitcount:       5368
{ common_pid: mc-worker       [    107416], ret:         15 } hitcount:       5372
{ common_pid: mc-worker       [    107423], ret:         25 } hitcount:       5382
{ common_pid: mc-worker       [    107416], ret:         21 } hitcount:       5388
{ common_pid: mc-worker       [    107423], ret:         24 } hitcount:       5471
{ common_pid: mc-worker       [    107420], ret:         15 } hitcount:       5490
{ common_pid: mc-worker       [    107423], ret:         23 } hitcount:       5524
{ common_pid: mc-worker       [    107421], ret:         14 } hitcount:       5539
{ common_pid: mc-worker       [    107422], ret:         15 } hitcount:       5570
{ common_pid: mc-worker       [    107419], ret:         16 } hitcount:       5590
{ common_pid: mc-worker       [    107423], ret:         13 } hitcount:       5602
{ common_pid: mc-worker       [    107416], ret:         14 } hitcount:       5658
{ common_pid: mc-worker       [    107418], ret:         15 } hitcount:       5683
{ common_pid: mc-worker       [    107421], ret:         13 } hitcount:       5998
{ common_pid: mc-worker       [    107420], ret:         14 } hitcount:       6009
{ common_pid: mc-worker       [    107417], ret:         14 } hitcount:       6031
{ common_pid: mc-worker       [    107419], ret:         15 } hitcount:       6057
{ common_pid: mc-worker       [    107418], ret:         14 } hitcount:       6107
{ common_pid: mc-worker       [    107423], ret:         12 } hitcount:       6158
{ common_pid: mc-worker       [    107416], ret:         13 } hitcount:       6226
{ common_pid: mc-worker       [    107422], ret:         14 } hitcount:       6311
{ common_pid: mc-worker       [    107417], ret:         13 } hitcount:       6494
{ common_pid: mc-worker       [    107421], ret:         12 } hitcount:       6642
{ common_pid: mc-worker       [    107418], ret:         13 } hitcount:       6687
{ common_pid: mc-worker       [    107420], ret:         13 } hitcount:       6698
{ common_pid: mc-worker       [    107423], ret:         11 } hitcount:       6726
{ common_pid: mc-worker       [    107419], ret:         14 } hitcount:       6746
{ common_pid: mc-worker       [    107416], ret:         12 } hitcount:       6832
{ common_pid: mc-worker       [    107422], ret:         13 } hitcount:       6898
{ common_pid: mc-worker       [    107421], ret:         11 } hitcount:       7390
{ common_pid: mc-worker       [    107417], ret:         12 } hitcount:       7403
{ common_pid: mc-worker       [    107423], ret:         10 } hitcount:       7404
{ common_pid: mc-worker       [    107418], ret:         12 } hitcount:       7590
{ common_pid: mc-worker       [    107420], ret:         12 } hitcount:       7591
{ common_pid: mc-worker       [    107419], ret:         13 } hitcount:       7721
{ common_pid: mc-worker       [    107416], ret:         11 } hitcount:       7727
{ common_pid: mc-worker       [    107422], ret:         12 } hitcount:       7852
{ common_pid: mc-worker       [    107423], ret:          9 } hitcount:       8067
{ common_pid: mc-worker       [    107417], ret:         11 } hitcount:       8111
{ common_pid: mc-worker       [    107421], ret:         10 } hitcount:       8111
{ common_pid: mc-worker       [    107418], ret:         11 } hitcount:       8222
{ common_pid: mc-worker       [    107416], ret:         10 } hitcount:       8442
{ common_pid: mc-worker       [    107420], ret:         11 } hitcount:       8541
{ common_pid: mc-worker       [    107419], ret:         12 } hitcount:       8673
{ common_pid: mc-worker       [    107422], ret:         11 } hitcount:       8698
{ common_pid: mc-worker       [    107417], ret:         10 } hitcount:       8849
{ common_pid: mc-worker       [    107421], ret:          9 } hitcount:       8955
{ common_pid: mc-worker       [    107418], ret:         10 } hitcount:       8958
{ common_pid: mc-worker       [    107423], ret:          8 } hitcount:       8995
{ common_pid: mc-worker       [    107416], ret:          9 } hitcount:       9145
{ common_pid: mc-worker       [    107420], ret:         10 } hitcount:       9198
{ common_pid: mc-worker       [    107417], ret:          9 } hitcount:       9674
{ common_pid: mc-worker       [    107419], ret:         11 } hitcount:       9680
{ common_pid: mc-worker       [    107421], ret:          8 } hitcount:       9763
{ common_pid: mc-worker       [    107422], ret:         10 } hitcount:       9814
{ common_pid: mc-worker       [    107418], ret:          9 } hitcount:       9887
{ common_pid: mc-worker       [    107423], ret:          7 } hitcount:      10115
{ common_pid: mc-worker       [    107420], ret:          9 } hitcount:      10392
{ common_pid: mc-worker       [    107416], ret:          8 } hitcount:      10454
{ common_pid: mc-worker       [    107419], ret:         10 } hitcount:      10622
{ common_pid: mc-worker       [    107422], ret:          9 } hitcount:      10912
{ common_pid: mc-worker       [    107417], ret:          8 } hitcount:      10975
{ common_pid: mc-worker       [    107418], ret:          8 } hitcount:      11075
{ common_pid: mc-worker       [    107420], ret:          8 } hitcount:      11285
{ common_pid: mc-worker       [    107421], ret:          7 } hitcount:      11289
{ common_pid: mc-worker       [    107416], ret:          7 } hitcount:      11677
{ common_pid: mc-worker       [    107419], ret:          9 } hitcount:      11805
{ common_pid: mc-worker       [    107423], ret:          6 } hitcount:      12034
{ common_pid: mc-worker       [    107417], ret:          7 } hitcount:      12143
{ common_pid: mc-worker       [    107422], ret:          8 } hitcount:      12196
{ common_pid: mc-worker       [    107418], ret:          7 } hitcount:      12276
{ common_pid: mc-worker       [    107420], ret:          7 } hitcount:      12772
{ common_pid: mc-worker       [    107419], ret:          8 } hitcount:      13071
{ common_pid: mc-worker       [    107421], ret:          6 } hitcount:      13176
{ common_pid: mc-worker       [    107422], ret:          7 } hitcount:      13808
{ common_pid: mc-worker       [    107416], ret:          6 } hitcount:      14034
{ common_pid: mc-worker       [    107418], ret:          6 } hitcount:      14705
{ common_pid: mc-worker       [    107417], ret:          6 } hitcount:      14727
{ common_pid: mc-worker       [    107423], ret:          5 } hitcount:      14842
{ common_pid: mc-worker       [    107419], ret:          7 } hitcount:      15087
{ common_pid: mc-worker       [    107420], ret:          6 } hitcount:      15398
{ common_pid: mc-worker       [    107423], ret:          1 } hitcount:      15891
{ common_pid: mc-worker       [    107422], ret:          6 } hitcount:      16324
{ common_pid: mc-worker       [    107421], ret:          5 } hitcount:      16879
{ common_pid: mc-worker       [    107418], ret:          1 } hitcount:      17731
{ common_pid: mc-worker       [    107416], ret:          5 } hitcount:      17856
{ common_pid: mc-worker       [    107417], ret:          5 } hitcount:      18262
{ common_pid: mc-worker       [    107421], ret:          1 } hitcount:      18371
{ common_pid: mc-worker       [    107419], ret:          6 } hitcount:      18401
{ common_pid: mc-worker       [    107418], ret:          5 } hitcount:      18442
{ common_pid: mc-worker       [    107417], ret:          1 } hitcount:      18904
{ common_pid: mc-worker       [    107423], ret:          4 } hitcount:      19282
{ common_pid: mc-worker       [    107420], ret:          5 } hitcount:      19341
{ common_pid: mc-worker       [    107416], ret:          1 } hitcount:      19897
{ common_pid: mc-worker       [    107422], ret:          5 } hitcount:      21139
{ common_pid: mc-worker       [    107421], ret:          4 } hitcount:      21147
{ common_pid: mc-worker       [    107420], ret:          1 } hitcount:      22410
{ common_pid: mc-worker       [    107416], ret:          4 } hitcount:      22632
{ common_pid: mc-worker       [    107419], ret:          5 } hitcount:      23029
{ common_pid: mc-worker       [    107417], ret:          4 } hitcount:      23047
{ common_pid: mc-worker       [    107418], ret:          4 } hitcount:      23608
{ common_pid: mc-worker       [    107423], ret:          3 } hitcount:      24207
{ common_pid: mc-worker       [    107423], ret:          2 } hitcount:      24467
{ common_pid: mc-worker       [    107420], ret:          4 } hitcount:      24758
{ common_pid: mc-worker       [    107422], ret:          1 } hitcount:      26359
{ common_pid: mc-worker       [    107421], ret:          3 } hitcount:      27234
{ common_pid: mc-worker       [    107422], ret:          4 } hitcount:      27754
{ common_pid: mc-worker       [    107421], ret:          2 } hitcount:      27798
{ common_pid: mc-worker       [    107416], ret:          3 } hitcount:      29167
{ common_pid: mc-worker       [    107418], ret:          2 } hitcount:      29471
{ common_pid: mc-worker       [    107417], ret:          3 } hitcount:      29589
{ common_pid: mc-worker       [    107417], ret:          2 } hitcount:      29789
{ common_pid: mc-worker       [    107418], ret:          3 } hitcount:      29986
{ common_pid: mc-worker       [    107419], ret:          4 } hitcount:      30364
{ common_pid: mc-worker       [    107416], ret:          2 } hitcount:      30478
{ common_pid: mc-worker       [    107419], ret:          1 } hitcount:      30688
{ common_pid: mc-worker       [    107420], ret:          3 } hitcount:      32153
{ common_pid: mc-worker       [    107420], ret:          2 } hitcount:      33509
{ common_pid: mc-worker       [    107422], ret:          3 } hitcount:      36091
{ common_pid: mc-worker       [    107422], ret:          2 } hitcount:      38811
{ common_pid: mc-worker       [    107419], ret:          3 } hitcount:      39699
{ common_pid: mc-worker       [    107419], ret:          2 } hitcount:      43780
