{ common_pid: mc-worker       [    436661], ret:         56 } hitcount:          1
{ common_pid: mc-worker       [    436664], ret:         94 } hitcount:          1
{ common_pid: mc-worker       [    436662], ret:        115 } hitcount:          1
{ common_pid: mc-worker       [    436662], ret:         95 } hitcount:          1
{ common_pid: mc-worker       [    436659], ret:         32 } hitcount:          1
{ common_pid: mc-worker       [    436664], ret:         58 } hitcount:          1
{ common_pid: mc-worker       [    436659], ret:         30 } hitcount:          1
{ common_pid: mc-worker       [    436665], ret:         25 } hitcount:          1
{ common_pid: mc-worker       [    436659], ret:         28 } hitcount:          1
{ common_pid: mc-worker       [    436660], ret:         24 } hitcount:          1
{ common_pid: mc-worker       [    436662], ret:         32 } hitcount:          1
{ common_pid: mc-worker       [    436660], ret:         51 } hitcount:          1
{ common_pid: mc-worker       [    436663], ret:         99 } hitcount:          1
{ common_pid: mc-worker       [    436665], ret:         73 } hitcount:          1
{ common_pid: mc-worker       [    436661], ret:         38 } hitcount:          1
{ common_pid: mc-worker       [    436663], ret:        127 } hitcount:          1
{ common_pid: mc-worker       [    436662], ret:         44 } hitcount:          1
{ common_pid: mc-worker       [    436659], ret:        119 } hitcount:          1
{ common_pid: mc-worker       [    436659], ret:         35 } hitcount:          1
{ common_pid: mc-worker       [    436661], ret:         55 } hitcount:          1
{ common_pid: mc-worker       [    436661], ret:        128 } hitcount:          1
{ common_pid: mc-worker       [    436662], ret:         22 } hitcount:          1
{ common_pid: mc-worker       [    436658], ret:         83 } hitcount:          1
{ common_pid: mc-worker       [    436665], ret:         33 } hitcount:          1
{ common_pid: mc-worker       [    436658], ret:         59 } hitcount:          1
{ common_pid: mc-worker       [    436660], ret:         22 } hitcount:          1
{ common_pid: mc-worker       [    436664], ret:         51 } hitcount:          1
{ common_pid: mc-worker       [    436660], ret:         94 } hitcount:          1
{ common_pid: mc-worker       [    436665], ret:         70 } hitcount:          1
{ common_pid: mc-worker       [    436662], ret:        117 } hitcount:          1
{ common_pid: mc-worker       [    436664], ret:         21 } hitcount:          1
{ common_pid: mc-worker       [    436658], ret:         52 } hitcount:          1
{ common_pid: mc-worker       [    436661], ret:         29 } hitcount:          1
{ common_pid: mc-worker       [    436665], ret:        100 } hitcount:          1
{ common_pid: mc-worker       [    436660], ret:         54 } hitcount:          1
{ common_pid: mc-worker       [    436664], ret:         82 } hitcount:          1
{ common_pid: mc-worker       [    436661], ret:         50 } hitcount:          1
{ common_pid: mc-worker       [    436659], ret:         72 } hitcount:          1
{ common_pid: mc-worker       [    436659], ret:         53 } hitcount:          1
{ common_pid: mc-worker       [    436659], ret:         75 } hitcount:          1
{ common_pid: mc-worker       [    436662], ret:        104 } hitcount:          1
{ common_pid: mc-worker       [    436663], ret:         37 } hitcount:          1
{ common_pid: mc-worker       [    436659], ret:         25 } hitcount:          1
{ common_pid: mc-worker       [    436661], ret:         23 } hitcount:          1
{ common_pid: mc-worker       [    436660], ret:         53 } hitcount:          1
{ common_pid: mc-worker       [    436664], ret:         69 } hitcount:          1
{ common_pid: mc-worker       [    436663], ret:         45 } hitcount:          1
{ common_pid: mc-worker       [    436661], ret:         68 } hitcount:          1
{ common_pid: mc-worker       [    436665], ret:        123 } hitcount:          1
{ common_pid: mc-worker       [    436663], ret:        108 } hitcount:          1
{ common_pid: mc-worker       [    436663], ret:         55 } hitcount:          1
{ common_pid: mc-worker       [    436662], ret:         98 } hitcount:          1
{ common_pid: mc-worker       [    436662], ret:        103 } hitcount:          1
{ common_pid: mc-worker       [    436659], ret:         59 } hitcount:          1
{ common_pid: mc-worker       [    436662], ret:        100 } hitcount:          1
{ common_pid: mc-worker       [    436659], ret:         33 } hitcount:          1
{ common_pid: mc-worker       [    436661], ret:         43 } hitcount:          1
{ common_pid: mc-worker       [    436661], ret:         27 } hitcount:          1
{ common_pid: mc-worker       [    436665], ret:         44 } hitcount:          1
{ common_pid: mc-worker       [    436662], ret:         21 } hitcount:          1
{ common_pid: mc-worker       [    436660], ret:         26 } hitcount:          1
{ common_pid: mc-worker       [    436664], ret:         18 } hitcount:          1
{ common_pid: mc-worker       [    436665], ret:        102 } hitcount:          1
{ common_pid: mc-worker       [    436663], ret:         84 } hitcount:          1
{ common_pid: mc-worker       [    436660], ret:         31 } hitcount:          1
{ common_pid: mc-worker       [    436662], ret:         40 } hitcount:          1
{ common_pid: mc-worker       [    436658], ret:         50 } hitcount:          1
{ common_pid: mc-worker       [    436659], ret:         65 } hitcount:          1
{ common_pid: mc-worker       [    436658], ret:        127 } hitcount:          1
{ common_pid: mc-worker       [    436659], ret:        105 } hitcount:          1
{ common_pid: mc-worker       [    436664], ret:         62 } hitcount:          1
{ common_pid: mc-worker       [    436665], ret:        107 } hitcount:          1
{ common_pid: mc-worker       [    436663], ret:         31 } hitcount:          1
{ common_pid: mc-worker       [    436663], ret:         42 } hitcount:          1
{ common_pid: mc-worker       [    436662], ret:         19 } hitcount:          1
{ common_pid: mc-worker       [    436660], ret:         59 } hitcount:          1
{ common_pid: mc-worker       [    436658], ret:         23 } hitcount:          1
{ common_pid: mc-worker       [    436661], ret:         48 } hitcount:          1
{ common_pid: mc-worker       [    436662], ret:         74 } hitcount:          1
{ common_pid: mc-worker       [    436659], ret:         51 } hitcount:          1
{ common_pid: mc-worker       [    436663], ret:         47 } hitcount:          1
{ common_pid: mc-worker       [    436663], ret:         97 } hitcount:          1
{ common_pid: mc-worker       [    436663], ret:         89 } hitcount:          1
{ common_pid: mc-worker       [    436660], ret:         63 } hitcount:          1
{ common_pid: mc-worker       [    436659], ret:         48 } hitcount:          1
{ common_pid: mc-worker       [    436663], ret:         30 } hitcount:          1
{ common_pid: mc-worker       [    436665], ret:        114 } hitcount:          1
{ common_pid: mc-worker       [    436662], ret:        123 } hitcount:          1
{ common_pid: mc-worker       [    436658], ret:         53 } hitcount:          1
{ common_pid: mc-worker       [    436665], ret:        112 } hitcount:          1
{ common_pid: mc-worker       [    436664], ret:        102 } hitcount:          1
{ common_pid: mc-worker       [    436665], ret:         21 } hitcount:          1
{ common_pid: mc-worker       [    436664], ret:         60 } hitcount:          1
{ common_pid: mc-worker       [    436665], ret:         36 } hitcount:          1
{ common_pid: mc-worker       [    436664], ret:         56 } hitcount:          1
{ common_pid: mc-worker       [    436660], ret:         60 } hitcount:          1
{ common_pid: mc-worker       [    436665], ret:         19 } hitcount:          1
{ common_pid: mc-worker       [    436660], ret:         64 } hitcount:          1
{ common_pid: mc-worker       [    436662], ret:         55 } hitcount:          1
{ common_pid: mc-worker       [    436662], ret:         24 } hitcount:          1
{ common_pid: mc-worker       [    436665], ret:         69 } hitcount:          1
{ common_pid: mc-worker       [    436662], ret:         93 } hitcount:          1
{ common_pid: mc-worker       [    436661], ret:         64 } hitcount:          1
{ common_pid: mc-worker       [    436663], ret:         77 } hitcount:          1
{ common_pid: mc-worker       [    436661], ret:         34 } hitcount:          1
{ common_pid: mc-worker       [    436661], ret:        123 } hitcount:          1
{ common_pid: mc-worker       [    436665], ret:         45 } hitcount:          1
{ common_pid: mc-worker       [    436665], ret:        126 } hitcount:          1
{ common_pid: mc-worker       [    436663], ret:         25 } hitcount:          1
{ common_pid: mc-worker       [    436658], ret:         45 } hitcount:          1
{ common_pid: mc-worker       [    436659], ret:         60 } hitcount:          1
{ common_pid: mc-worker       [    436664], ret:         54 } hitcount:          1
{ common_pid: mc-worker       [    436663], ret:        101 } hitcount:          1
{ common_pid: mc-worker       [    436663], ret:         43 } hitcount:          1
{ common_pid: mc-worker       [    436660], ret:         21 } hitcount:          1
{ common_pid: mc-worker       [    436662], ret:         80 } hitcount:          1
{ common_pid: mc-worker       [    436665], ret:        108 } hitcount:          1
{ common_pid: mc-worker       [    436663], ret:         81 } hitcount:          1
{ common_pid: mc-worker       [    436659], ret:         63 } hitcount:          1
{ common_pid: mc-worker       [    436665], ret:         47 } hitcount:          1
{ common_pid: mc-worker       [    436663], ret:         87 } hitcount:          1
{ common_pid: mc-worker       [    436662], ret:         84 } hitcount:          1
{ common_pid: mc-worker       [    436665], ret:         51 } hitcount:          1
{ common_pid: mc-worker       [    436662], ret:         30 } hitcount:          1
{ common_pid: mc-worker       [    436663], ret:         51 } hitcount:          1
{ common_pid: mc-worker       [    436662], ret:         97 } hitcount:          1
{ common_pid: mc-worker       [    436661], ret:         49 } hitcount:          1
{ common_pid: mc-worker       [    436662], ret:         28 } hitcount:          1
{ common_pid: mc-worker       [    436659], ret:         50 } hitcount:          1
{ common_pid: mc-worker       [    436663], ret:        123 } hitcount:          1
{ common_pid: mc-worker       [    436660], ret:         57 } hitcount:          1
{ common_pid: mc-worker       [    436661], ret:         47 } hitcount:          1
{ common_pid: mc-worker       [    436658], ret:         65 } hitcount:          1
{ common_pid: mc-worker       [    436665], ret:         52 } hitcount:          1
{ common_pid: mc-worker       [    436661], ret:         36 } hitcount:          1
{ common_pid: mc-worker       [    436661], ret:         79 } hitcount:          1
{ common_pid: mc-worker       [    436659], ret:        121 } hitcount:          1
{ common_pid: mc-worker       [    436659], ret:         37 } hitcount:          1
{ common_pid: mc-worker       [    436665], ret:         77 } hitcount:          1
{ common_pid: mc-worker       [    436664], ret:        116 } hitcount:          1
{ common_pid: mc-worker       [    436661], ret:         93 } hitcount:          1
{ common_pid: mc-worker       [    436660], ret:         39 } hitcount:          1
{ common_pid: mc-worker       [    436658], ret:         22 } hitcount:          1
{ common_pid: mc-worker       [    436662], ret:        127 } hitcount:          1
{ common_pid: mc-worker       [    436660], ret:        122 } hitcount:          1
{ common_pid: mc-worker       [    436664], ret:        123 } hitcount:          1
{ common_pid: mc-worker       [    436661], ret:        119 } hitcount:          1
{ common_pid: mc-worker       [    436665], ret:         32 } hitcount:          1
{ common_pid: mc-worker       [    436663], ret:         39 } hitcount:          1
{ common_pid: mc-worker       [    436661], ret:        121 } hitcount:          1
{ common_pid: mc-worker       [    436662], ret:        109 } hitcount:          1
{ common_pid: mc-worker       [    436658], ret:         46 } hitcount:          1
{ common_pid: mc-worker       [    436665], ret:         49 } hitcount:          1
{ common_pid: mc-worker       [    436664], ret:         19 } hitcount:          1
{ common_pid: mc-worker       [    436658], ret:         25 } hitcount:          1
{ common_pid: mc-worker       [    436658], ret:        120 } hitcount:          1
{ common_pid: mc-worker       [    436661], ret:         44 } hitcount:          1
{ common_pid: mc-worker       [    436659], ret:         29 } hitcount:          1
{ common_pid: mc-worker       [    436662], ret:         88 } hitcount:          1
{ common_pid: mc-worker       [    436665], ret:        101 } hitcount:          1
{ common_pid: mc-worker       [    436658], ret:         62 } hitcount:          1
{ common_pid: mc-worker       [    436658], ret:         49 } hitcount:          1
{ common_pid: mc-worker       [    436662], ret:         26 } hitcount:          1
{ common_pid: mc-worker       [    436658], ret:         18 } hitcount:          1
{ common_pid: mc-worker       [    436665], ret:         46 } hitcount:          1
{ common_pid: mc-worker       [    436660], ret:        128 } hitcount:          1
{ common_pid: mc-worker       [    436661], ret:         40 } hitcount:          1
{ common_pid: mc-worker       [    436658], ret:         55 } hitcount:          1
{ common_pid: mc-worker       [    436659], ret:         24 } hitcount:          1
{ common_pid: mc-worker       [    436663], ret:         23 } hitcount:          1
{ common_pid: mc-worker       [    436661], ret:         42 } hitcount:          1
{ common_pid: mc-worker       [    436659], ret:         22 } hitcount:          1
{ common_pid: mc-worker       [    436658], ret:         99 } hitcount:          1
{ common_pid: mc-worker       [    436665], ret:         43 } hitcount:          1
{ common_pid: mc-worker       [    436662], ret:         50 } hitcount:          1
{ common_pid: mc-worker       [    436662], ret:         96 } hitcount:          1
{ common_pid: mc-worker       [    436660], ret:        112 } hitcount:          1
{ common_pid: mc-worker       [    436665], ret:         48 } hitcount:          1
{ common_pid: mc-worker       [    436662], ret:         89 } hitcount:          1
{ common_pid: mc-worker       [    436665], ret:         92 } hitcount:          1
{ common_pid: mc-worker       [    436659], ret:         23 } hitcount:          1
{ common_pid: mc-worker       [    436665], ret:         98 } hitcount:          2
{ common_pid: mc-worker       [    436658], ret:         20 } hitcount:          2
{ common_pid: mc-worker       [    436661], ret:         31 } hitcount:          2
{ common_pid: mc-worker       [    436659], ret:         46 } hitcount:          2
{ common_pid: mc-worker       [    436659], ret:         61 } hitcount:          2
{ common_pid: mc-worker       [    436661], ret:         21 } hitcount:          2
{ common_pid: mc-worker       [    436658], ret:        126 } hitcount:          2
{ common_pid: mc-worker       [    436663], ret:         74 } hitcount:          2
{ common_pid: mc-worker       [    436659], ret:         40 } hitcount:          2
{ common_pid: mc-worker       [    436661], ret:         32 } hitcount:          2
{ common_pid: mc-worker       [    436665], ret:         31 } hitcount:          2
{ common_pid: mc-worker       [    436663], ret:         91 } hitcount:          2
{ common_pid: mc-worker       [    436662], ret:         92 } hitcount:          2
{ common_pid: mc-worker       [    436661], ret:         37 } hitcount:          2
{ common_pid: mc-worker       [    436665], ret:         68 } hitcount:          2
{ common_pid: mc-worker       [    436663], ret:         54 } hitcount:          2
{ common_pid: mc-worker       [    436659], ret:         71 } hitcount:          2
{ common_pid: mc-worker       [    436665], ret:         17 } hitcount:          2
{ common_pid: mc-worker       [    436661], ret:         60 } hitcount:          2
{ common_pid: mc-worker       [    436661], ret:         46 } hitcount:          2
{ common_pid: mc-worker       [    436659], ret:         55 } hitcount:          2
{ common_pid: mc-worker       [    436665], ret:        128 } hitcount:          2
{ common_pid: mc-worker       [    436664], ret:         52 } hitcount:          2
{ common_pid: mc-worker       [    436662], ret:         33 } hitcount:          2
{ common_pid: mc-worker       [    436659], ret:        123 } hitcount:          2
{ common_pid: mc-worker       [    436661], ret:        127 } hitcount:          2
{ common_pid: mc-worker       [    436659], ret:         45 } hitcount:          2
{ common_pid: mc-worker       [    436665], ret:         50 } hitcount:          2
{ common_pid: mc-worker       [    436662], ret:         53 } hitcount:          2
{ common_pid: mc-worker       [    436665], ret:         20 } hitcount:          2
{ common_pid: mc-worker       [    436664], ret:         29 } hitcount:          2
{ common_pid: mc-worker       [    436659], ret:        120 } hitcount:          2
{ common_pid: mc-worker       [    436662], ret:         94 } hitcount:          2
{ common_pid: mc-worker       [    436660], ret:         16 } hitcount:          2
{ common_pid: mc-worker       [    436665], ret:         67 } hitcount:          2
{ common_pid: mc-worker       [    436659], ret:         62 } hitcount:          2
{ common_pid: mc-worker       [    436662], ret:         75 } hitcount:          2
{ common_pid: mc-worker       [    436663], ret:         27 } hitcount:          2
{ common_pid: mc-worker       [    436665], ret:         54 } hitcount:          2
{ common_pid: mc-worker       [    436660], ret:         40 } hitcount:          2
{ common_pid: mc-worker       [    436661], ret:         61 } hitcount:          2
{ common_pid: mc-worker       [    436663], ret:         73 } hitcount:          2
{ common_pid: mc-worker       [    436658], ret:         68 } hitcount:          2
{ common_pid: mc-worker       [    436661], ret:         26 } hitcount:          2
{ common_pid: mc-worker       [    436661], ret:         52 } hitcount:          2
{ common_pid: mc-worker       [    436661], ret:         58 } hitcount:          2
{ common_pid: mc-worker       [    436663], ret:         44 } hitcount:          2
{ common_pid: mc-worker       [    436664], ret:         53 } hitcount:          2
{ common_pid: mc-worker       [    436661], ret:         35 } hitcount:          2
{ common_pid: mc-worker       [    436662], ret:         76 } hitcount:          2
{ common_pid: mc-worker       [    436659], ret:         52 } hitcount:          2
{ common_pid: mc-worker       [    436663], ret:         83 } hitcount:          2
{ common_pid: mc-worker       [    436659], ret:         36 } hitcount:          2
{ common_pid: mc-worker       [    436665], ret:         26 } hitcount:          2
{ common_pid: mc-worker       [    436661], ret:         22 } hitcount:          2
{ common_pid: mc-worker       [    436659], ret:         20 } hitcount:          2
{ common_pid: mc-worker       [    436662], ret:         71 } hitcount:          2
{ common_pid: mc-worker       [    436661], ret:         19 } hitcount:          3
{ common_pid: mc-worker       [    436658], ret:        124 } hitcount:          3
{ common_pid: mc-worker       [    436658], ret:         19 } hitcount:          3
{ common_pid: mc-worker       [    436659], ret:         57 } hitcount:          3
{ common_pid: mc-worker       [    436661], ret:         17 } hitcount:          3
{ common_pid: mc-worker       [    436658], ret:         58 } hitcount:          3
{ common_pid: mc-worker       [    436663], ret:         26 } hitcount:          3
{ common_pid: mc-worker       [    436664], ret:         64 } hitcount:          3
{ common_pid: mc-worker       [    436662], ret:         72 } hitcount:          3
{ common_pid: mc-worker       [    436662], ret:         78 } hitcount:          3
{ common_pid: mc-worker       [    436662], ret:         70 } hitcount:          3
{ common_pid: mc-worker       [    436664], ret:        128 } hitcount:          3
{ common_pid: mc-worker       [    436661], ret:         25 } hitcount:          3
{ common_pid: mc-worker       [    436661], ret:         18 } hitcount:          3
{ common_pid: mc-worker       [    436659], ret:         21 } hitcount:          3
{ common_pid: mc-worker       [    436665], ret:        127 } hitcount:          3
{ common_pid: mc-worker       [    436660], ret:         17 } hitcount:          3
{ common_pid: mc-worker       [    436659], ret:         64 } hitcount:          3
{ common_pid: mc-worker       [    436662], ret:         77 } hitcount:          3
{ common_pid: mc-worker       [    436662], ret:         86 } hitcount:          3
{ common_pid: mc-worker       [    436663], ret:        121 } hitcount:          3
{ common_pid: mc-worker       [    436659], ret:        128 } hitcount:          3
{ common_pid: mc-worker       [    436661], ret:         59 } hitcount:          3
{ common_pid: mc-worker       [    436659], ret:         56 } hitcount:          3
{ common_pid: mc-worker       [    436662], ret:         54 } hitcount:          3
{ common_pid: mc-worker       [    436658], ret:         63 } hitcount:          3
{ common_pid: mc-worker       [    436659], ret:         66 } hitcount:          3
{ common_pid: mc-worker       [    436661], ret:         45 } hitcount:          3
{ common_pid: mc-worker       [    436659], ret:         58 } hitcount:          3
{ common_pid: mc-worker       [    436660], ret:         61 } hitcount:          3
{ common_pid: mc-worker       [    436663], ret:        128 } hitcount:          3
{ common_pid: mc-worker       [    436663], ret:         53 } hitcount:          3
{ common_pid: mc-worker       [    436663], ret:         22 } hitcount:          4
{ common_pid: mc-worker       [    436665], ret:         56 } hitcount:          4
{ common_pid: mc-worker       [    436661], ret:         53 } hitcount:          4
{ common_pid: mc-worker       [    436665], ret:         55 } hitcount:          4
{ common_pid: mc-worker       [    436665], ret:         24 } hitcount:          4
{ common_pid: mc-worker       [    436662], ret:         82 } hitcount:          4
{ common_pid: mc-worker       [    436664], ret:         17 } hitcount:          4
{ common_pid: mc-worker       [    436659], ret:         54 } hitcount:          4
{ common_pid: mc-worker       [    436662], ret:         17 } hitcount:          4
{ common_pid: mc-worker       [    436662], ret:        128 } hitcount:          4
{ common_pid: mc-worker       [    436658], ret:         54 } hitcount:          4
{ common_pid: mc-worker       [    436660], ret:         18 } hitcount:          4
{ common_pid: mc-worker       [    436658], ret:         16 } hitcount:          4
{ common_pid: mc-worker       [    436661], ret:         28 } hitcount:          4
{ common_pid: mc-worker       [    436664], ret:         16 } hitcount:          4
{ common_pid: mc-worker       [    436665], ret:         66 } hitcount:          4
{ common_pid: mc-worker       [    436663], ret:         58 } hitcount:          5
{ common_pid: mc-worker       [    436663], ret:         24 } hitcount:          5
{ common_pid: mc-worker       [    436660], ret:         19 } hitcount:          5
{ common_pid: mc-worker       [    436665], ret:         18 } hitcount:          5
{ common_pid: mc-worker       [    436662], ret:         18 } hitcount:          5
{ common_pid: mc-worker       [    436662], ret:         57 } hitcount:          5
{ common_pid: mc-worker       [    436665], ret:         64 } hitcount:          5
{ common_pid: mc-worker       [    436665], ret:         16 } hitcount:          5
{ common_pid: mc-worker       [    436663], ret:         72 } hitcount:          6
{ common_pid: mc-worker       [    436663], ret:         20 } hitcount:          6
{ common_pid: mc-worker       [    436665], ret:         63 } hitcount:          6
{ common_pid: mc-worker       [    436661], ret:         20 } hitcount:          6
{ common_pid: mc-worker       [    436663], ret:         57 } hitcount:          6
{ common_pid: mc-worker       [    436665], ret:         58 } hitcount:          6
{ common_pid: mc-worker       [    436663], ret:         70 } hitcount:          6
{ common_pid: mc-worker       [    436662], ret:         20 } hitcount:          7
{ common_pid: mc-worker       [    436663], ret:         56 } hitcount:          7
{ common_pid: mc-worker       [    436665], ret:         57 } hitcount:          7
{ common_pid: mc-worker       [    436663], ret:         19 } hitcount:          7
{ common_pid: mc-worker       [    436663], ret:         71 } hitcount:          7
{ common_pid: mc-worker       [    436665], ret:         62 } hitcount:          7
{ common_pid: mc-worker       [    436665], ret:         53 } hitcount:          7
{ common_pid: mc-worker       [    436664], ret:         15 } hitcount:          8
{ common_pid: mc-worker       [    436662], ret:         69 } hitcount:          9
{ common_pid: mc-worker       [    436661], ret:         16 } hitcount:          9
{ common_pid: mc-worker       [    436659], ret:         19 } hitcount:          9
{ common_pid: mc-worker       [    436659], ret:         18 } hitcount:          9
{ common_pid: mc-worker       [    436663], ret:         69 } hitcount:          9
{ common_pid: mc-worker       [    436665], ret:         65 } hitcount:          9
{ common_pid: mc-worker       [    436663], ret:         21 } hitcount:          9
{ common_pid: mc-worker       [    436660], ret:         15 } hitcount:         10
{ common_pid: mc-worker       [    436658], ret:         15 } hitcount:         10
{ common_pid: mc-worker       [    436665], ret:         59 } hitcount:         10
{ common_pid: mc-worker       [    436662], ret:         56 } hitcount:         10
{ common_pid: mc-worker       [    436662], ret:         16 } hitcount:         10
{ common_pid: mc-worker       [    436660], ret:         14 } hitcount:         11
{ common_pid: mc-worker       [    436665], ret:         61 } hitcount:         11
{ common_pid: mc-worker       [    436662], ret:         68 } hitcount:         11
{ common_pid: mc-worker       [    436665], ret:         60 } hitcount:         11
{ common_pid: mc-worker       [    436663], ret:         59 } hitcount:         12
{ common_pid: mc-worker       [    436663], ret:         18 } hitcount:         12
{ common_pid: mc-worker       [    436664], ret:         14 } hitcount:         13
{ common_pid: mc-worker       [    436662], ret:         58 } hitcount:         14
{ common_pid: mc-worker       [    436663], ret:         60 } hitcount:         15
{ common_pid: mc-worker       [    436663], ret:         68 } hitcount:         16
{ common_pid: mc-worker       [    436662], ret:         15 } hitcount:         18
{ common_pid: mc-worker       [    436663], ret:         17 } hitcount:         19
{ common_pid: mc-worker       [    436659], ret:         17 } hitcount:         19
{ common_pid: mc-worker       [    436664], ret:         13 } hitcount:         19
{ common_pid: mc-worker       [    436662], ret:         14 } hitcount:         21
{ common_pid: mc-worker       [    436663], ret:         67 } hitcount:         22
{ common_pid: mc-worker       [    436660], ret:         13 } hitcount:         22
{ common_pid: mc-worker       [    436663], ret:         61 } hitcount:         22
{ common_pid: mc-worker       [    436662], ret:         60 } hitcount:         23
{ common_pid: mc-worker       [    436662], ret:         67 } hitcount:         23
{ common_pid: mc-worker       [    436665], ret:         15 } hitcount:         23
{ common_pid: mc-worker       [    436665], ret:         14 } hitcount:         24
{ common_pid: mc-worker       [    436662], ret:         59 } hitcount:         26
{ common_pid: mc-worker       [    436658], ret:         14 } hitcount:         26
{ common_pid: mc-worker       [    436661], ret:         15 } hitcount:         27
{ common_pid: mc-worker       [    436659], ret:         16 } hitcount:         30
{ common_pid: mc-worker       [    436658], ret:         13 } hitcount:         30
{ common_pid: mc-worker       [    436663], ret:         16 } hitcount:         32
{ common_pid: mc-worker       [    436662], ret:         13 } hitcount:         32
{ common_pid: mc-worker       [    436663], ret:         62 } hitcount:         37
{ common_pid: mc-worker       [    436662], ret:         62 } hitcount:         40
{ common_pid: mc-worker       [    436662], ret:         61 } hitcount:         43
{ common_pid: mc-worker       [    436663], ret:         66 } hitcount:         43
{ common_pid: mc-worker       [    436661], ret:         14 } hitcount:         43
{ common_pid: mc-worker       [    436662], ret:         66 } hitcount:         44
{ common_pid: mc-worker       [    436664], ret:         12 } hitcount:         44
{ common_pid: mc-worker       [    436662], ret:         63 } hitcount:         46
{ common_pid: mc-worker       [    436662], ret:         65 } hitcount:         46
{ common_pid: mc-worker       [    436665], ret:         13 } hitcount:         50
{ common_pid: mc-worker       [    436663], ret:         15 } hitcount:         52
{ common_pid: mc-worker       [    436663], ret:         65 } hitcount:         53
{ common_pid: mc-worker       [    436659], ret:         15 } hitcount:         53
{ common_pid: mc-worker       [    436663], ret:         64 } hitcount:         54
{ common_pid: mc-worker       [    436663], ret:         63 } hitcount:         54
{ common_pid: mc-worker       [    436660], ret:         12 } hitcount:         54
{ common_pid: mc-worker       [    436662], ret:         64 } hitcount:         57
{ common_pid: mc-worker       [    436661], ret:         13 } hitcount:         72
{ common_pid: mc-worker       [    436662], ret:         12 } hitcount:         72
{ common_pid: mc-worker       [    436660], ret:         11 } hitcount:         90
{ common_pid: mc-worker       [    436665], ret:         12 } hitcount:         92
{ common_pid: mc-worker       [    436659], ret:         14 } hitcount:         96
{ common_pid: mc-worker       [    436658], ret:         12 } hitcount:         98
{ common_pid: mc-worker       [    436663], ret:         14 } hitcount:        101
{ common_pid: mc-worker       [    436664], ret:         11 } hitcount:        104
{ common_pid: mc-worker       [    436659], ret:         13 } hitcount:        139
{ common_pid: mc-worker       [    436663], ret:         13 } hitcount:        150
{ common_pid: mc-worker       [    436661], ret:         12 } hitcount:        155
{ common_pid: mc-worker       [    436658], ret:         11 } hitcount:        163
{ common_pid: mc-worker       [    436665], ret:         11 } hitcount:        180
{ common_pid: mc-worker       [    436662], ret:         11 } hitcount:        180
{ common_pid: mc-worker       [    436660], ret:         10 } hitcount:        186
{ common_pid: mc-worker       [    436664], ret:         10 } hitcount:        233
{ common_pid: mc-worker       [    436661], ret:         11 } hitcount:        292
{ common_pid: mc-worker       [    436663], ret:         12 } hitcount:        299
{ common_pid: mc-worker       [    436658], ret:         10 } hitcount:        317
{ common_pid: mc-worker       [    436659], ret:         12 } hitcount:        324
{ common_pid: mc-worker       [    436665], ret:         10 } hitcount:        339
{ common_pid: mc-worker       [    436662], ret:         10 } hitcount:        362
{ common_pid: mc-worker       [    436660], ret:          9 } hitcount:        436
{ common_pid: mc-worker       [    436664], ret:          9 } hitcount:        455
{ common_pid: mc-worker       [    436663], ret:         11 } hitcount:        537
{ common_pid: mc-worker       [    436661], ret:         10 } hitcount:        564
{ common_pid: mc-worker       [    436659], ret:         11 } hitcount:        587
{ common_pid: mc-worker       [    436658], ret:          9 } hitcount:        669
{ common_pid: mc-worker       [    436662], ret:          9 } hitcount:        756
{ common_pid: mc-worker       [    436665], ret:          9 } hitcount:        786
{ common_pid: mc-worker       [    436660], ret:          8 } hitcount:        931
{ common_pid: mc-worker       [    436663], ret:         10 } hitcount:        999
{ common_pid: mc-worker       [    436659], ret:         10 } hitcount:       1036
{ common_pid: mc-worker       [    436664], ret:          8 } hitcount:       1146
{ common_pid: mc-worker       [    436661], ret:          9 } hitcount:       1186
{ common_pid: mc-worker       [    436658], ret:          8 } hitcount:       1626
{ common_pid: mc-worker       [    436662], ret:          8 } hitcount:       1718
{ common_pid: mc-worker       [    436665], ret:          8 } hitcount:       1810
{ common_pid: mc-worker       [    436663], ret:          9 } hitcount:       1863
{ common_pid: mc-worker       [    436659], ret:          9 } hitcount:       1937
{ common_pid: mc-worker       [    436661], ret:          8 } hitcount:       2393
{ common_pid: mc-worker       [    436660], ret:          7 } hitcount:       2444
{ common_pid: mc-worker       [    436664], ret:          7 } hitcount:       2627
{ common_pid: mc-worker       [    436663], ret:          8 } hitcount:       3674
{ common_pid: mc-worker       [    436658], ret:          7 } hitcount:       3717
{ common_pid: mc-worker       [    436662], ret:          7 } hitcount:       3777
{ common_pid: mc-worker       [    436659], ret:          8 } hitcount:       3792
{ common_pid: mc-worker       [    436665], ret:          7 } hitcount:       3893
{ common_pid: mc-worker       [    436661], ret:          7 } hitcount:       5157
{ common_pid: mc-worker       [    436660], ret:          6 } hitcount:       6316
{ common_pid: mc-worker       [    436664], ret:          6 } hitcount:       6699
{ common_pid: mc-worker       [    436663], ret:          7 } hitcount:       7612
{ common_pid: mc-worker       [    436659], ret:          7 } hitcount:       7703
{ common_pid: mc-worker       [    436658], ret:          6 } hitcount:       8936
{ common_pid: mc-worker       [    436662], ret:          6 } hitcount:       9236
{ common_pid: mc-worker       [    436665], ret:          6 } hitcount:       9327
{ common_pid: mc-worker       [    436661], ret:          6 } hitcount:      11405
{ common_pid: mc-worker       [    436663], ret:          6 } hitcount:      15898
{ common_pid: mc-worker       [    436659], ret:          6 } hitcount:      16089
{ common_pid: mc-worker       [    436660], ret:          5 } hitcount:      17510
{ common_pid: mc-worker       [    436664], ret:          5 } hitcount:      18009
{ common_pid: mc-worker       [    436662], ret:          5 } hitcount:      22630
{ common_pid: mc-worker       [    436658], ret:          5 } hitcount:      23044
{ common_pid: mc-worker       [    436665], ret:          5 } hitcount:      23127
{ common_pid: mc-worker       [    436661], ret:          5 } hitcount:      27135
{ common_pid: mc-worker       [    436663], ret:          5 } hitcount:      34810
{ common_pid: mc-worker       [    436659], ret:          5 } hitcount:      35337
{ common_pid: mc-worker       [    436664], ret:          4 } hitcount:      48504
{ common_pid: mc-worker       [    436660], ret:          4 } hitcount:      49167
{ common_pid: mc-worker       [    436662], ret:          4 } hitcount:      58155
{ common_pid: mc-worker       [    436665], ret:          4 } hitcount:      58880
{ common_pid: mc-worker       [    436658], ret:          4 } hitcount:      60192
{ common_pid: mc-worker       [    436661], ret:          4 } hitcount:      64629
{ common_pid: mc-worker       [    436663], ret:          4 } hitcount:      77353
{ common_pid: mc-worker       [    436659], ret:          4 } hitcount:      78831
{ common_pid: mc-worker       [    436664], ret:          3 } hitcount:     137453
{ common_pid: mc-worker       [    436660], ret:          3 } hitcount:     142149
{ common_pid: mc-worker       [    436665], ret:          3 } hitcount:     151664
{ common_pid: mc-worker       [    436662], ret:          3 } hitcount:     151695
{ common_pid: mc-worker       [    436661], ret:          3 } hitcount:     159097
{ common_pid: mc-worker       [    436658], ret:          3 } hitcount:     160237
{ common_pid: mc-worker       [    436663], ret:          3 } hitcount:     176952
{ common_pid: mc-worker       [    436659], ret:          3 } hitcount:     179093
{ common_pid: mc-worker       [    436664], ret:          2 } hitcount:     406953
{ common_pid: mc-worker       [    436665], ret:          2 } hitcount:     413018
{ common_pid: mc-worker       [    436661], ret:          2 } hitcount:     414346
{ common_pid: mc-worker       [    436662], ret:          2 } hitcount:     421270
{ common_pid: mc-worker       [    436663], ret:          2 } hitcount:     424159
{ common_pid: mc-worker       [    436660], ret:          2 } hitcount:     430631
{ common_pid: mc-worker       [    436659], ret:          2 } hitcount:     431080
{ common_pid: mc-worker       [    436658], ret:          2 } hitcount:     449169
{ common_pid: mc-worker       [    436663], ret:          1 } hitcount:    1032393
{ common_pid: mc-worker       [    436659], ret:          1 } hitcount:    1052754
{ common_pid: mc-worker       [    436661], ret:          1 } hitcount:    1095704
{ common_pid: mc-worker       [    436665], ret:          1 } hitcount:    1144346
{ common_pid: mc-worker       [    436662], ret:          1 } hitcount:    1197110
{ common_pid: mc-worker       [    436664], ret:          1 } hitcount:    1235795
{ common_pid: mc-worker       [    436658], ret:          1 } hitcount:    1248312
{ common_pid: mc-worker       [    436660], ret:          1 } hitcount:    1305478
