{ common_pid: mc-worker       [    180493], ret:         48 } hitcount:          1
{ common_pid: mc-worker       [    180495], ret:         85 } hitcount:          1
{ common_pid: mc-worker       [    180495], ret:        117 } hitcount:          1
{ common_pid: mc-worker       [    180494], ret:         54 } hitcount:          1
{ common_pid: mc-worker       [    180493], ret:        111 } hitcount:          1
{ common_pid: mc-worker       [    180489], ret:        115 } hitcount:          1
{ common_pid: mc-worker       [    180490], ret:        107 } hitcount:          1
{ common_pid: mc-worker       [    180495], ret:         63 } hitcount:          1
{ common_pid: mc-worker       [    180494], ret:        133 } hitcount:          1
{ common_pid: mc-worker       [    180491], ret:         93 } hitcount:          1
{ common_pid: mc-worker       [    180491], ret:        127 } hitcount:          1
{ common_pid: mc-worker       [    180489], ret:        105 } hitcount:          1
{ common_pid: mc-worker       [    180492], ret:         62 } hitcount:          1
{ common_pid: mc-worker       [    180492], ret:         25 } hitcount:          1
{ common_pid: mc-worker       [    180490], ret:        191 } hitcount:          1
{ common_pid: mc-worker       [    180492], ret:        120 } hitcount:          1
{ common_pid: mc-worker       [    180492], ret:         50 } hitcount:          1
{ common_pid: mc-worker       [    180493], ret:         61 } hitcount:          1
{ common_pid: mc-worker       [    180495], ret:         41 } hitcount:          1
{ common_pid: mc-worker       [    180493], ret:         81 } hitcount:          1
{ common_pid: mc-worker       [    180492], ret:        182 } hitcount:          1
{ common_pid: mc-worker       [    180491], ret:        115 } hitcount:          1
{ common_pid: mc-worker       [    180492], ret:        115 } hitcount:          1
{ common_pid: mc-worker       [    180489], ret:         38 } hitcount:          1
{ common_pid: mc-worker       [    180492], ret:        167 } hitcount:          1
{ common_pid: mc-worker       [    180490], ret:         52 } hitcount:          1
{ common_pid: mc-worker       [    180495], ret:         49 } hitcount:          1
{ common_pid: mc-worker       [    180495], ret:        166 } hitcount:          1
{ common_pid: mc-worker       [    180490], ret:         53 } hitcount:          1
{ common_pid: mc-worker       [    180495], ret:        137 } hitcount:          1
{ common_pid: mc-worker       [    180491], ret:         98 } hitcount:          1
{ common_pid: mc-worker       [    180490], ret:         76 } hitcount:          1
{ common_pid: mc-worker       [    180490], ret:         31 } hitcount:          1
{ common_pid: mc-worker       [    180494], ret:         49 } hitcount:          1
{ common_pid: mc-worker       [    180491], ret:        150 } hitcount:          1
{ common_pid: mc-worker       [    180490], ret:         58 } hitcount:          1
{ common_pid: mc-worker       [    180492], ret:         54 } hitcount:          1
{ common_pid: mc-worker       [    180490], ret:         61 } hitcount:          1
{ common_pid: mc-worker       [    180491], ret:         69 } hitcount:          1
{ common_pid: mc-worker       [    180489], ret:         64 } hitcount:          1
{ common_pid: mc-worker       [    180488], ret:         28 } hitcount:          1
{ common_pid: mc-worker       [    180490], ret:         45 } hitcount:          1
{ common_pid: mc-worker       [    180489], ret:         85 } hitcount:          1
{ common_pid: mc-worker       [    180493], ret:         46 } hitcount:          1
{ common_pid: mc-worker       [    180491], ret:         55 } hitcount:          1
{ common_pid: mc-worker       [    180491], ret:        129 } hitcount:          1
{ common_pid: mc-worker       [    180492], ret:         86 } hitcount:          1
{ common_pid: mc-worker       [    180492], ret:        192 } hitcount:          1
{ common_pid: mc-worker       [    180488], ret:         97 } hitcount:          1
{ common_pid: mc-worker       [    180488], ret:         58 } hitcount:          1
{ common_pid: mc-worker       [    180488], ret:        140 } hitcount:          1
{ common_pid: mc-worker       [    180489], ret:         41 } hitcount:          1
{ common_pid: mc-worker       [    180492], ret:         59 } hitcount:          1
{ common_pid: mc-worker       [    180495], ret:         27 } hitcount:          1
{ common_pid: mc-worker       [    180494], ret:        115 } hitcount:          1
{ common_pid: mc-worker       [    180495], ret:         53 } hitcount:          1
{ common_pid: mc-worker       [    180493], ret:        164 } hitcount:          1
{ common_pid: mc-worker       [    180489], ret:        170 } hitcount:          1
{ common_pid: mc-worker       [    180491], ret:         58 } hitcount:          1
{ common_pid: mc-worker       [    180488], ret:         45 } hitcount:          1
{ common_pid: mc-worker       [    180495], ret:         91 } hitcount:          1
{ common_pid: mc-worker       [    180495], ret:         86 } hitcount:          1
{ common_pid: mc-worker       [    180491], ret:         82 } hitcount:          1
{ common_pid: mc-worker       [    180490], ret:         56 } hitcount:          1
{ common_pid: mc-worker       [    180489], ret:         32 } hitcount:          1
{ common_pid: mc-worker       [    180492], ret:         58 } hitcount:          1
{ common_pid: mc-worker       [    180493], ret:         63 } hitcount:          1
{ common_pid: mc-worker       [    180491], ret:        151 } hitcount:          1
{ common_pid: mc-worker       [    180492], ret:         96 } hitcount:          1
{ common_pid: mc-worker       [    180494], ret:         94 } hitcount:          1
{ common_pid: mc-worker       [    180490], ret:        213 } hitcount:          1
{ common_pid: mc-worker       [    180493], ret:         68 } hitcount:          1
{ common_pid: mc-worker       [    180491], ret:         73 } hitcount:          1
{ common_pid: mc-worker       [    180489], ret:         68 } hitcount:          1
{ common_pid: mc-worker       [    180495], ret:        128 } hitcount:          1
{ common_pid: mc-worker       [    180495], ret:         37 } hitcount:          1
{ common_pid: mc-worker       [    180493], ret:         39 } hitcount:          1
{ common_pid: mc-worker       [    180495], ret:        171 } hitcount:          1
{ common_pid: mc-worker       [    180492], ret:         41 } hitcount:          1
{ common_pid: mc-worker       [    180488], ret:        220 } hitcount:          1
{ common_pid: mc-worker       [    180491], ret:        128 } hitcount:          1
{ common_pid: mc-worker       [    180491], ret:         59 } hitcount:          1
{ common_pid: mc-worker       [    180493], ret:        128 } hitcount:          1
{ common_pid: mc-worker       [    180494], ret:         65 } hitcount:          1
{ common_pid: mc-worker       [    180495], ret:        143 } hitcount:          1
{ common_pid: mc-worker       [    180490], ret:         57 } hitcount:          1
{ common_pid: mc-worker       [    180492], ret:         93 } hitcount:          1
{ common_pid: mc-worker       [    180495], ret:         90 } hitcount:          1
{ common_pid: mc-worker       [    180493], ret:         92 } hitcount:          1
{ common_pid: mc-worker       [    180491], ret:        229 } hitcount:          1
{ common_pid: mc-worker       [    180494], ret:         60 } hitcount:          1
{ common_pid: mc-worker       [    180489], ret:         29 } hitcount:          1
{ common_pid: mc-worker       [    180493], ret:        122 } hitcount:          1
{ common_pid: mc-worker       [    180493], ret:         42 } hitcount:          1
{ common_pid: mc-worker       [    180494], ret:        203 } hitcount:          1
{ common_pid: mc-worker       [    180489], ret:        134 } hitcount:          1
{ common_pid: mc-worker       [    180495], ret:         88 } hitcount:          1
{ common_pid: mc-worker       [    180492], ret:         40 } hitcount:          1
{ common_pid: mc-worker       [    180493], ret:         89 } hitcount:          1
{ common_pid: mc-worker       [    180493], ret:        115 } hitcount:          1
{ common_pid: mc-worker       [    180488], ret:        103 } hitcount:          1
{ common_pid: mc-worker       [    180492], ret:         37 } hitcount:          1
{ common_pid: mc-worker       [    180493], ret:         59 } hitcount:          1
{ common_pid: mc-worker       [    180490], ret:        148 } hitcount:          1
{ common_pid: mc-worker       [    180489], ret:         92 } hitcount:          1
{ common_pid: mc-worker       [    180488], ret:         36 } hitcount:          1
{ common_pid: mc-worker       [    180491], ret:         50 } hitcount:          1
{ common_pid: mc-worker       [    180493], ret:         82 } hitcount:          1
{ common_pid: mc-worker       [    180488], ret:         85 } hitcount:          1
{ common_pid: mc-worker       [    180488], ret:         60 } hitcount:          1
{ common_pid: mc-worker       [    180494], ret:        138 } hitcount:          1
{ common_pid: mc-worker       [    180488], ret:         68 } hitcount:          1
{ common_pid: mc-worker       [    180489], ret:         36 } hitcount:          1
{ common_pid: mc-worker       [    180494], ret:         80 } hitcount:          1
{ common_pid: mc-worker       [    180488], ret:         46 } hitcount:          1
{ common_pid: mc-worker       [    180494], ret:         67 } hitcount:          1
{ common_pid: mc-worker       [    180490], ret:         64 } hitcount:          1
{ common_pid: mc-worker       [    180489], ret:         65 } hitcount:          1
{ common_pid: mc-worker       [    180490], ret:        124 } hitcount:          1
{ common_pid: mc-worker       [    180491], ret:         48 } hitcount:          1
{ common_pid: mc-worker       [    180490], ret:         63 } hitcount:          1
{ common_pid: mc-worker       [    180488], ret:        115 } hitcount:          1
{ common_pid: mc-worker       [    180489], ret:        106 } hitcount:          1
{ common_pid: mc-worker       [    180492], ret:         64 } hitcount:          1
{ common_pid: mc-worker       [    180490], ret:         42 } hitcount:          1
{ common_pid: mc-worker       [    180494], ret:        186 } hitcount:          1
{ common_pid: mc-worker       [    180489], ret:        181 } hitcount:          1
{ common_pid: mc-worker       [    180494], ret:        142 } hitcount:          1
{ common_pid: mc-worker       [    180495], ret:         71 } hitcount:          1
{ common_pid: mc-worker       [    180491], ret:        139 } hitcount:          1
{ common_pid: mc-worker       [    180489], ret:         66 } hitcount:          1
{ common_pid: mc-worker       [    180493], ret:         55 } hitcount:          1
{ common_pid: mc-worker       [    180489], ret:         97 } hitcount:          1
{ common_pid: mc-worker       [    180492], ret:         53 } hitcount:          1
{ common_pid: mc-worker       [    180489], ret:         67 } hitcount:          1
{ common_pid: mc-worker       [    180492], ret:         33 } hitcount:          1
{ common_pid: mc-worker       [    180492], ret:        102 } hitcount:          1
{ common_pid: mc-worker       [    180489], ret:        208 } hitcount:          1
{ common_pid: mc-worker       [    180489], ret:        125 } hitcount:          1
{ common_pid: mc-worker       [    180490], ret:         69 } hitcount:          1
{ common_pid: mc-worker       [    180494], ret:         59 } hitcount:          1
{ common_pid: mc-worker       [    180494], ret:         63 } hitcount:          1
{ common_pid: mc-worker       [    180490], ret:         30 } hitcount:          1
{ common_pid: mc-worker       [    180488], ret:         59 } hitcount:          1
{ common_pid: mc-worker       [    180493], ret:         43 } hitcount:          1
{ common_pid: mc-worker       [    180492], ret:        128 } hitcount:          1
{ common_pid: mc-worker       [    180489], ret:         94 } hitcount:          1
{ common_pid: mc-worker       [    180490], ret:        128 } hitcount:          1
{ common_pid: mc-worker       [    180491], ret:        110 } hitcount:          1
{ common_pid: mc-worker       [    180495], ret:         25 } hitcount:          1
{ common_pid: mc-worker       [    180490], ret:         29 } hitcount:          1
{ common_pid: mc-worker       [    180489], ret:        113 } hitcount:          1
{ common_pid: mc-worker       [    180490], ret:        123 } hitcount:          1
{ common_pid: mc-worker       [    180494], ret:        256 } hitcount:          1
{ common_pid: mc-worker       [    180495], ret:        103 } hitcount:          1
{ common_pid: mc-worker       [    180491], ret:         51 } hitcount:          1
{ common_pid: mc-worker       [    180492], ret:         46 } hitcount:          1
{ common_pid: mc-worker       [    180490], ret:        112 } hitcount:          1
{ common_pid: mc-worker       [    180494], ret:        113 } hitcount:          1
{ common_pid: mc-worker       [    180489], ret:         71 } hitcount:          1
{ common_pid: mc-worker       [    180489], ret:        100 } hitcount:          1
{ common_pid: mc-worker       [    180493], ret:         35 } hitcount:          1
{ common_pid: mc-worker       [    180495], ret:         65 } hitcount:          1
{ common_pid: mc-worker       [    180493], ret:         62 } hitcount:          1
{ common_pid: mc-worker       [    180495], ret:        159 } hitcount:          1
{ common_pid: mc-worker       [    180488], ret:         72 } hitcount:          1
{ common_pid: mc-worker       [    180491], ret:         72 } hitcount:          2
{ common_pid: mc-worker       [    180492], ret:         29 } hitcount:          2
{ common_pid: mc-worker       [    180491], ret:         38 } hitcount:          2
{ common_pid: mc-worker       [    180492], ret:         38 } hitcount:          2
{ common_pid: mc-worker       [    180491], ret:         43 } hitcount:          2
{ common_pid: mc-worker       [    180493], ret:         40 } hitcount:          2
{ common_pid: mc-worker       [    180493], ret:         32 } hitcount:          2
{ common_pid: mc-worker       [    180493], ret:         52 } hitcount:          2
{ common_pid: mc-worker       [    180488], ret:         29 } hitcount:          2
{ common_pid: mc-worker       [    180492], ret:         31 } hitcount:          2
{ common_pid: mc-worker       [    180495], ret:         24 } hitcount:          2
{ common_pid: mc-worker       [    180492], ret:         49 } hitcount:          2
{ common_pid: mc-worker       [    180491], ret:         49 } hitcount:          2
{ common_pid: mc-worker       [    180494], ret:         64 } hitcount:          2
{ common_pid: mc-worker       [    180494], ret:        128 } hitcount:          2
{ common_pid: mc-worker       [    180493], ret:         51 } hitcount:          2
{ common_pid: mc-worker       [    180490], ret:         43 } hitcount:          2
{ common_pid: mc-worker       [    180495], ret:         60 } hitcount:          2
{ common_pid: mc-worker       [    180490], ret:         25 } hitcount:          2
{ common_pid: mc-worker       [    180495], ret:         34 } hitcount:          2
{ common_pid: mc-worker       [    180488], ret:         42 } hitcount:          2
{ common_pid: mc-worker       [    180493], ret:         47 } hitcount:          2
{ common_pid: mc-worker       [    180492], ret:         44 } hitcount:          2
{ common_pid: mc-worker       [    180494], ret:         61 } hitcount:          2
{ common_pid: mc-worker       [    180489], ret:        128 } hitcount:          2
{ common_pid: mc-worker       [    180494], ret:         48 } hitcount:          2
{ common_pid: mc-worker       [    180495], ret:         47 } hitcount:          2
{ common_pid: mc-worker       [    180494], ret:         31 } hitcount:          2
{ common_pid: mc-worker       [    180491], ret:         64 } hitcount:          2
{ common_pid: mc-worker       [    180494], ret:         62 } hitcount:          2
{ common_pid: mc-worker       [    180492], ret:         24 } hitcount:          2
{ common_pid: mc-worker       [    180495], ret:         56 } hitcount:          2
{ common_pid: mc-worker       [    180493], ret:         36 } hitcount:          2
{ common_pid: mc-worker       [    180490], ret:         24 } hitcount:          2
{ common_pid: mc-worker       [    180491], ret:         39 } hitcount:          2
{ common_pid: mc-worker       [    180489], ret:         37 } hitcount:          2
{ common_pid: mc-worker       [    180492], ret:         66 } hitcount:          2
{ common_pid: mc-worker       [    180493], ret:         54 } hitcount:          2
{ common_pid: mc-worker       [    180491], ret:         63 } hitcount:          2
{ common_pid: mc-worker       [    180492], ret:         36 } hitcount:          2
{ common_pid: mc-worker       [    180495], ret:         40 } hitcount:          2
{ common_pid: mc-worker       [    180495], ret:         46 } hitcount:          2
{ common_pid: mc-worker       [    180490], ret:         39 } hitcount:          2
{ common_pid: mc-worker       [    180489], ret:         33 } hitcount:          2
{ common_pid: mc-worker       [    180488], ret:        128 } hitcount:          2
{ common_pid: mc-worker       [    180490], ret:         54 } hitcount:          2
{ common_pid: mc-worker       [    180493], ret:         50 } hitcount:          2
{ common_pid: mc-worker       [    180491], ret:         53 } hitcount:          2
{ common_pid: mc-worker       [    180490], ret:         47 } hitcount:          2
{ common_pid: mc-worker       [    180488], ret:         47 } hitcount:          2
{ common_pid: mc-worker       [    180488], ret:         64 } hitcount:          2
{ common_pid: mc-worker       [    180493], ret:         71 } hitcount:          2
{ common_pid: mc-worker       [    180491], ret:         61 } hitcount:          2
{ common_pid: mc-worker       [    180494], ret:         68 } hitcount:          2
{ common_pid: mc-worker       [    180495], ret:         43 } hitcount:          2
{ common_pid: mc-worker       [    180489], ret:         27 } hitcount:          2
{ common_pid: mc-worker       [    180495], ret:         36 } hitcount:          2
{ common_pid: mc-worker       [    180490], ret:         36 } hitcount:          2
{ common_pid: mc-worker       [    180489], ret:         42 } hitcount:          2
{ common_pid: mc-worker       [    180491], ret:         44 } hitcount:          2
{ common_pid: mc-worker       [    180492], ret:         42 } hitcount:          2
{ common_pid: mc-worker       [    180489], ret:         58 } hitcount:          2
{ common_pid: mc-worker       [    180495], ret:         39 } hitcount:          2
{ common_pid: mc-worker       [    180489], ret:         31 } hitcount:          2
{ common_pid: mc-worker       [    180488], ret:         54 } hitcount:          2
{ common_pid: mc-worker       [    180490], ret:         50 } hitcount:          2
{ common_pid: mc-worker       [    180492], ret:         27 } hitcount:          2
{ common_pid: mc-worker       [    180493], ret:         53 } hitcount:          2
{ common_pid: mc-worker       [    180492], ret:         56 } hitcount:          2
{ common_pid: mc-worker       [    180492], ret:         26 } hitcount:          2
{ common_pid: mc-worker       [    180495], ret:         33 } hitcount:          2
{ common_pid: mc-worker       [    180493], ret:         45 } hitcount:          2
{ common_pid: mc-worker       [    180489], ret:         59 } hitcount:          2
{ common_pid: mc-worker       [    180491], ret:         27 } hitcount:          2
{ common_pid: mc-worker       [    180491], ret:         47 } hitcount:          2
{ common_pid: mc-worker       [    180489], ret:         50 } hitcount:          2
{ common_pid: mc-worker       [    180495], ret:         35 } hitcount:          2
{ common_pid: mc-worker       [    180489], ret:         45 } hitcount:          3
{ common_pid: mc-worker       [    180493], ret:         38 } hitcount:          3
{ common_pid: mc-worker       [    180492], ret:         48 } hitcount:          3
{ common_pid: mc-worker       [    180493], ret:         23 } hitcount:          3
{ common_pid: mc-worker       [    180489], ret:         56 } hitcount:          3
{ common_pid: mc-worker       [    180490], ret:         48 } hitcount:          3
{ common_pid: mc-worker       [    180491], ret:         45 } hitcount:          3
{ common_pid: mc-worker       [    180492], ret:         30 } hitcount:          3
{ common_pid: mc-worker       [    180495], ret:         51 } hitcount:          3
{ common_pid: mc-worker       [    180490], ret:         35 } hitcount:          3
{ common_pid: mc-worker       [    180493], ret:         57 } hitcount:          3
{ common_pid: mc-worker       [    180488], ret:         26 } hitcount:          3
{ common_pid: mc-worker       [    180489], ret:         24 } hitcount:          3
{ common_pid: mc-worker       [    180489], ret:         52 } hitcount:          3
{ common_pid: mc-worker       [    180495], ret:         54 } hitcount:          3
{ common_pid: mc-worker       [    180490], ret:         40 } hitcount:          3
{ common_pid: mc-worker       [    180490], ret:         32 } hitcount:          3
{ common_pid: mc-worker       [    180491], ret:         46 } hitcount:          3
{ common_pid: mc-worker       [    180491], ret:         26 } hitcount:          3
{ common_pid: mc-worker       [    180492], ret:         28 } hitcount:          3
{ common_pid: mc-worker       [    180490], ret:         46 } hitcount:          3
{ common_pid: mc-worker       [    180494], ret:         26 } hitcount:          3
{ common_pid: mc-worker       [    180488], ret:         31 } hitcount:          3
{ common_pid: mc-worker       [    180489], ret:         54 } hitcount:          3
{ common_pid: mc-worker       [    180489], ret:         47 } hitcount:          3
{ common_pid: mc-worker       [    180491], ret:         52 } hitcount:          3
{ common_pid: mc-worker       [    180493], ret:         31 } hitcount:          3
{ common_pid: mc-worker       [    180494], ret:         38 } hitcount:          3
{ common_pid: mc-worker       [    180489], ret:         53 } hitcount:          3
{ common_pid: mc-worker       [    180488], ret:         38 } hitcount:          3
{ common_pid: mc-worker       [    180489], ret:        107 } hitcount:          3
{ common_pid: mc-worker       [    180495], ret:         23 } hitcount:          3
{ common_pid: mc-worker       [    180489], ret:         44 } hitcount:          3
{ common_pid: mc-worker       [    180488], ret:         52 } hitcount:          3
{ common_pid: mc-worker       [    180491], ret:         35 } hitcount:          3
{ common_pid: mc-worker       [    180493], ret:         37 } hitcount:          3
{ common_pid: mc-worker       [    180493], ret:         41 } hitcount:          3
{ common_pid: mc-worker       [    180491], ret:         33 } hitcount:          3
{ common_pid: mc-worker       [    180494], ret:         41 } hitcount:          3
{ common_pid: mc-worker       [    180491], ret:         60 } hitcount:          3
{ common_pid: mc-worker       [    180489], ret:         48 } hitcount:          3
{ common_pid: mc-worker       [    180489], ret:         35 } hitcount:          3
{ common_pid: mc-worker       [    180494], ret:         34 } hitcount:          3
{ common_pid: mc-worker       [    180491], ret:         28 } hitcount:          3
{ common_pid: mc-worker       [    180488], ret:         22 } hitcount:          3
{ common_pid: mc-worker       [    180490], ret:         44 } hitcount:          3
{ common_pid: mc-worker       [    180493], ret:         29 } hitcount:          3
{ common_pid: mc-worker       [    180495], ret:         42 } hitcount:          3
{ common_pid: mc-worker       [    180488], ret:         49 } hitcount:          3
{ common_pid: mc-worker       [    180488], ret:         39 } hitcount:          3
{ common_pid: mc-worker       [    180495], ret:         52 } hitcount:          3
{ common_pid: mc-worker       [    180489], ret:         40 } hitcount:          3
{ common_pid: mc-worker       [    180490], ret:         59 } hitcount:          3
{ common_pid: mc-worker       [    180495], ret:         64 } hitcount:          3
{ common_pid: mc-worker       [    180494], ret:         36 } hitcount:          3
{ common_pid: mc-worker       [    180491], ret:         54 } hitcount:          3
{ common_pid: mc-worker       [    180495], ret:         28 } hitcount:          3
{ common_pid: mc-worker       [    180495], ret:         31 } hitcount:          3
{ common_pid: mc-worker       [    180494], ret:         35 } hitcount:          3
{ common_pid: mc-worker       [    180495], ret:         50 } hitcount:          3
{ common_pid: mc-worker       [    180488], ret:         44 } hitcount:          3
{ common_pid: mc-worker       [    180489], ret:         57 } hitcount:          3
{ common_pid: mc-worker       [    180491], ret:         30 } hitcount:          3
{ common_pid: mc-worker       [    180493], ret:         28 } hitcount:          3
{ common_pid: mc-worker       [    180495], ret:         45 } hitcount:          3
{ common_pid: mc-worker       [    180488], ret:         37 } hitcount:          3
{ common_pid: mc-worker       [    180488], ret:         41 } hitcount:          3
{ common_pid: mc-worker       [    180491], ret:         29 } hitcount:          3
{ common_pid: mc-worker       [    180491], ret:         57 } hitcount:          4
{ common_pid: mc-worker       [    180489], ret:         23 } hitcount:          4
{ common_pid: mc-worker       [    180493], ret:         30 } hitcount:          4
{ common_pid: mc-worker       [    180494], ret:         43 } hitcount:          4
{ common_pid: mc-worker       [    180492], ret:         35 } hitcount:          4
{ common_pid: mc-worker       [    180489], ret:         63 } hitcount:          4
{ common_pid: mc-worker       [    180488], ret:         53 } hitcount:          4
{ common_pid: mc-worker       [    180488], ret:         50 } hitcount:          4
{ common_pid: mc-worker       [    180492], ret:         52 } hitcount:          4
{ common_pid: mc-worker       [    180488], ret:         30 } hitcount:          4
{ common_pid: mc-worker       [    180488], ret:         43 } hitcount:          4
{ common_pid: mc-worker       [    180488], ret:         56 } hitcount:          4
{ common_pid: mc-worker       [    180490], ret:         49 } hitcount:          4
{ common_pid: mc-worker       [    180488], ret:         24 } hitcount:          4
{ common_pid: mc-worker       [    180488], ret:         25 } hitcount:          4
{ common_pid: mc-worker       [    180492], ret:         32 } hitcount:          4
{ common_pid: mc-worker       [    180489], ret:         22 } hitcount:          4
{ common_pid: mc-worker       [    180492], ret:         51 } hitcount:          4
{ common_pid: mc-worker       [    180495], ret:         20 } hitcount:          4
{ common_pid: mc-worker       [    180495], ret:         30 } hitcount:          4
{ common_pid: mc-worker       [    180494], ret:         58 } hitcount:          4
{ common_pid: mc-worker       [    180491], ret:         23 } hitcount:          4
{ common_pid: mc-worker       [    180494], ret:         47 } hitcount:          4
{ common_pid: mc-worker       [    180490], ret:         55 } hitcount:          4
{ common_pid: mc-worker       [    180489], ret:         60 } hitcount:          4
{ common_pid: mc-worker       [    180490], ret:         37 } hitcount:          4
{ common_pid: mc-worker       [    180492], ret:         43 } hitcount:          4
{ common_pid: mc-worker       [    180491], ret:         32 } hitcount:          4
{ common_pid: mc-worker       [    180493], ret:         25 } hitcount:          4
{ common_pid: mc-worker       [    180494], ret:         44 } hitcount:          4
{ common_pid: mc-worker       [    180488], ret:         34 } hitcount:          4
{ common_pid: mc-worker       [    180493], ret:         64 } hitcount:          4
{ common_pid: mc-worker       [    180494], ret:         56 } hitcount:          4
{ common_pid: mc-worker       [    180492], ret:         45 } hitcount:          4
{ common_pid: mc-worker       [    180489], ret:         34 } hitcount:          4
{ common_pid: mc-worker       [    180494], ret:         52 } hitcount:          4
{ common_pid: mc-worker       [    180495], ret:         48 } hitcount:          4
{ common_pid: mc-worker       [    180490], ret:         26 } hitcount:          4
{ common_pid: mc-worker       [    180494], ret:         40 } hitcount:          4
{ common_pid: mc-worker       [    180488], ret:         35 } hitcount:          4
{ common_pid: mc-worker       [    180495], ret:         32 } hitcount:          4
{ common_pid: mc-worker       [    180494], ret:         32 } hitcount:          4
{ common_pid: mc-worker       [    180490], ret:         27 } hitcount:          4
{ common_pid: mc-worker       [    180494], ret:         33 } hitcount:          4
{ common_pid: mc-worker       [    180494], ret:         29 } hitcount:          4
{ common_pid: mc-worker       [    180492], ret:         22 } hitcount:          4
{ common_pid: mc-worker       [    180489], ret:         28 } hitcount:          4
{ common_pid: mc-worker       [    180492], ret:         61 } hitcount:          4
{ common_pid: mc-worker       [    180494], ret:         39 } hitcount:          4
{ common_pid: mc-worker       [    180493], ret:         26 } hitcount:          5
{ common_pid: mc-worker       [    180489], ret:         43 } hitcount:          5
{ common_pid: mc-worker       [    180488], ret:         23 } hitcount:          5
{ common_pid: mc-worker       [    180489], ret:         20 } hitcount:          5
{ common_pid: mc-worker       [    180488], ret:         40 } hitcount:          5
{ common_pid: mc-worker       [    180495], ret:         29 } hitcount:          5
{ common_pid: mc-worker       [    180494], ret:         45 } hitcount:          5
{ common_pid: mc-worker       [    180492], ret:         47 } hitcount:          5
{ common_pid: mc-worker       [    180494], ret:         46 } hitcount:          5
{ common_pid: mc-worker       [    180491], ret:         31 } hitcount:          5
{ common_pid: mc-worker       [    180492], ret:         23 } hitcount:          5
{ common_pid: mc-worker       [    180495], ret:         26 } hitcount:          5
{ common_pid: mc-worker       [    180489], ret:         46 } hitcount:          5
{ common_pid: mc-worker       [    180490], ret:         33 } hitcount:          5
{ common_pid: mc-worker       [    180494], ret:         37 } hitcount:          5
{ common_pid: mc-worker       [    180495], ret:         22 } hitcount:          5
{ common_pid: mc-worker       [    180489], ret:         26 } hitcount:          5
{ common_pid: mc-worker       [    180495], ret:         55 } hitcount:          5
{ common_pid: mc-worker       [    180493], ret:         27 } hitcount:          5
{ common_pid: mc-worker       [    180495], ret:         44 } hitcount:          5
{ common_pid: mc-worker       [    180493], ret:         33 } hitcount:          5
{ common_pid: mc-worker       [    180492], ret:         39 } hitcount:          5
{ common_pid: mc-worker       [    180490], ret:         23 } hitcount:          5
{ common_pid: mc-worker       [    180488], ret:         20 } hitcount:          5
{ common_pid: mc-worker       [    180495], ret:         21 } hitcount:          5
{ common_pid: mc-worker       [    180495], ret:         19 } hitcount:          5
{ common_pid: mc-worker       [    180490], ret:         51 } hitcount:          5
{ common_pid: mc-worker       [    180490], ret:         38 } hitcount:          5
{ common_pid: mc-worker       [    180488], ret:         51 } hitcount:          5
{ common_pid: mc-worker       [    180494], ret:         50 } hitcount:          5
{ common_pid: mc-worker       [    180489], ret:         30 } hitcount:          6
{ common_pid: mc-worker       [    180495], ret:         18 } hitcount:          6
{ common_pid: mc-worker       [    180491], ret:         24 } hitcount:          6
{ common_pid: mc-worker       [    180494], ret:         30 } hitcount:          6
{ common_pid: mc-worker       [    180488], ret:         27 } hitcount:          6
{ common_pid: mc-worker       [    180488], ret:         21 } hitcount:          6
{ common_pid: mc-worker       [    180492], ret:         21 } hitcount:          6
{ common_pid: mc-worker       [    180492], ret:         55 } hitcount:          6
{ common_pid: mc-worker       [    180492], ret:         34 } hitcount:          6
{ common_pid: mc-worker       [    180494], ret:         28 } hitcount:          6
{ common_pid: mc-worker       [    180494], ret:         24 } hitcount:          6
{ common_pid: mc-worker       [    180494], ret:         25 } hitcount:          6
{ common_pid: mc-worker       [    180493], ret:         24 } hitcount:          6
{ common_pid: mc-worker       [    180494], ret:         55 } hitcount:          7
{ common_pid: mc-worker       [    180490], ret:         20 } hitcount:          7
{ common_pid: mc-worker       [    180490], ret:         22 } hitcount:          7
{ common_pid: mc-worker       [    180491], ret:         21 } hitcount:          7
{ common_pid: mc-worker       [    180494], ret:         51 } hitcount:          7
{ common_pid: mc-worker       [    180489], ret:         25 } hitcount:          7
{ common_pid: mc-worker       [    180489], ret:         21 } hitcount:          7
{ common_pid: mc-worker       [    180489], ret:         49 } hitcount:          7
{ common_pid: mc-worker       [    180488], ret:         32 } hitcount:          7
{ common_pid: mc-worker       [    180493], ret:         22 } hitcount:          7
{ common_pid: mc-worker       [    180493], ret:         34 } hitcount:          8
{ common_pid: mc-worker       [    180492], ret:         19 } hitcount:          8
{ common_pid: mc-worker       [    180494], ret:         53 } hitcount:          8
{ common_pid: mc-worker       [    180494], ret:         57 } hitcount:          8
{ common_pid: mc-worker       [    180489], ret:         55 } hitcount:          8
{ common_pid: mc-worker       [    180491], ret:         25 } hitcount:          8
{ common_pid: mc-worker       [    180489], ret:         51 } hitcount:          8
{ common_pid: mc-worker       [    180491], ret:         22 } hitcount:          8
{ common_pid: mc-worker       [    180490], ret:         19 } hitcount:          8
{ common_pid: mc-worker       [    180494], ret:         23 } hitcount:          8
{ common_pid: mc-worker       [    180488], ret:         18 } hitcount:          9
{ common_pid: mc-worker       [    180492], ret:         18 } hitcount:          9
{ common_pid: mc-worker       [    180493], ret:         21 } hitcount:          9
{ common_pid: mc-worker       [    180490], ret:         18 } hitcount:          9
{ common_pid: mc-worker       [    180492], ret:         20 } hitcount:         10
{ common_pid: mc-worker       [    180490], ret:         41 } hitcount:         10
{ common_pid: mc-worker       [    180494], ret:         19 } hitcount:         10
{ common_pid: mc-worker       [    180494], ret:         20 } hitcount:         11
{ common_pid: mc-worker       [    180490], ret:         17 } hitcount:         11
{ common_pid: mc-worker       [    180491], ret:         18 } hitcount:         11
{ common_pid: mc-worker       [    180490], ret:         21 } hitcount:         11
{ common_pid: mc-worker       [    180494], ret:         22 } hitcount:         12
{ common_pid: mc-worker       [    180488], ret:         19 } hitcount:         12
{ common_pid: mc-worker       [    180489], ret:         19 } hitcount:         12
{ common_pid: mc-worker       [    180494], ret:         27 } hitcount:         12
{ common_pid: mc-worker       [    180494], ret:         21 } hitcount:         13
{ common_pid: mc-worker       [    180491], ret:         20 } hitcount:         13
{ common_pid: mc-worker       [    180488], ret:         17 } hitcount:         14
{ common_pid: mc-worker       [    180495], ret:         17 } hitcount:         15
{ common_pid: mc-worker       [    180491], ret:         19 } hitcount:         16
{ common_pid: mc-worker       [    180493], ret:         20 } hitcount:         16
{ common_pid: mc-worker       [    180490], ret:         16 } hitcount:         17
{ common_pid: mc-worker       [    180492], ret:         17 } hitcount:         17
{ common_pid: mc-worker       [    180489], ret:         18 } hitcount:         17
{ common_pid: mc-worker       [    180494], ret:         18 } hitcount:         18
{ common_pid: mc-worker       [    180493], ret:         19 } hitcount:         22
{ common_pid: mc-worker       [    180492], ret:         16 } hitcount:         23
{ common_pid: mc-worker       [    180488], ret:         16 } hitcount:         27
{ common_pid: mc-worker       [    180494], ret:         17 } hitcount:         27
{ common_pid: mc-worker       [    180491], ret:         17 } hitcount:         27
{ common_pid: mc-worker       [    180490], ret:         15 } hitcount:         28
{ common_pid: mc-worker       [    180489], ret:         17 } hitcount:         28
{ common_pid: mc-worker       [    180493], ret:         18 } hitcount:         29
{ common_pid: mc-worker       [    180495], ret:         16 } hitcount:         34
{ common_pid: mc-worker       [    180494], ret:         16 } hitcount:         36
{ common_pid: mc-worker       [    180488], ret:         15 } hitcount:         39
{ common_pid: mc-worker       [    180493], ret:         17 } hitcount:         40
{ common_pid: mc-worker       [    180492], ret:         15 } hitcount:         42
{ common_pid: mc-worker       [    180495], ret:         15 } hitcount:         48
{ common_pid: mc-worker       [    180490], ret:         14 } hitcount:         48
{ common_pid: mc-worker       [    180489], ret:         16 } hitcount:         48
{ common_pid: mc-worker       [    180491], ret:         16 } hitcount:         49
{ common_pid: mc-worker       [    180494], ret:         15 } hitcount:         60
{ common_pid: mc-worker       [    180492], ret:         14 } hitcount:         64
{ common_pid: mc-worker       [    180491], ret:         15 } hitcount:         69
{ common_pid: mc-worker       [    180493], ret:         16 } hitcount:         70
{ common_pid: mc-worker       [    180489], ret:         15 } hitcount:         72
{ common_pid: mc-worker       [    180490], ret:         13 } hitcount:         85
{ common_pid: mc-worker       [    180488], ret:         14 } hitcount:         86
{ common_pid: mc-worker       [    180495], ret:         14 } hitcount:         90
{ common_pid: mc-worker       [    180493], ret:         15 } hitcount:        100
{ common_pid: mc-worker       [    180494], ret:         14 } hitcount:        104
{ common_pid: mc-worker       [    180491], ret:         14 } hitcount:        124
{ common_pid: mc-worker       [    180495], ret:         13 } hitcount:        125
{ common_pid: mc-worker       [    180489], ret:         14 } hitcount:        129
{ common_pid: mc-worker       [    180488], ret:         13 } hitcount:        129
{ common_pid: mc-worker       [    180492], ret:         13 } hitcount:        135
{ common_pid: mc-worker       [    180490], ret:         12 } hitcount:        141
{ common_pid: mc-worker       [    180493], ret:         14 } hitcount:        187
{ common_pid: mc-worker       [    180494], ret:         13 } hitcount:        201
{ common_pid: mc-worker       [    180489], ret:         13 } hitcount:        210
{ common_pid: mc-worker       [    180491], ret:         13 } hitcount:        247
{ common_pid: mc-worker       [    180492], ret:         12 } hitcount:        269
{ common_pid: mc-worker       [    180488], ret:         12 } hitcount:        289
{ common_pid: mc-worker       [    180495], ret:         12 } hitcount:        299
{ common_pid: mc-worker       [    180490], ret:         11 } hitcount:        322
{ common_pid: mc-worker       [    180493], ret:         13 } hitcount:        333
{ common_pid: mc-worker       [    180494], ret:         12 } hitcount:        370
{ common_pid: mc-worker       [    180489], ret:         12 } hitcount:        379
{ common_pid: mc-worker       [    180491], ret:         12 } hitcount:        431
{ common_pid: mc-worker       [    180495], ret:         11 } hitcount:        491
{ common_pid: mc-worker       [    180492], ret:         11 } hitcount:        492
{ common_pid: mc-worker       [    180488], ret:         11 } hitcount:        492
{ common_pid: mc-worker       [    180493], ret:         12 } hitcount:        575
{ common_pid: mc-worker       [    180494], ret:         11 } hitcount:        670
{ common_pid: mc-worker       [    180489], ret:         11 } hitcount:        682
{ common_pid: mc-worker       [    180490], ret:         10 } hitcount:        703
{ common_pid: mc-worker       [    180491], ret:         11 } hitcount:        852
{ common_pid: mc-worker       [    180492], ret:         10 } hitcount:       1026
{ common_pid: mc-worker       [    180493], ret:         11 } hitcount:       1094
{ common_pid: mc-worker       [    180488], ret:         10 } hitcount:       1104
{ common_pid: mc-worker       [    180495], ret:         10 } hitcount:       1162
{ common_pid: mc-worker       [    180494], ret:         10 } hitcount:       1361
{ common_pid: mc-worker       [    180489], ret:         10 } hitcount:       1386
{ common_pid: mc-worker       [    180490], ret:          9 } hitcount:       1420
{ common_pid: mc-worker       [    180491], ret:         10 } hitcount:       1545
{ common_pid: mc-worker       [    180493], ret:         10 } hitcount:       2055
{ common_pid: mc-worker       [    180495], ret:          9 } hitcount:       2176
{ common_pid: mc-worker       [    180488], ret:          9 } hitcount:       2235
{ common_pid: mc-worker       [    180492], ret:          9 } hitcount:       2264
{ common_pid: mc-worker       [    180494], ret:          9 } hitcount:       2640
{ common_pid: mc-worker       [    180489], ret:          9 } hitcount:       2837
{ common_pid: mc-worker       [    180491], ret:          9 } hitcount:       2963
{ common_pid: mc-worker       [    180490], ret:          8 } hitcount:       3118
{ common_pid: mc-worker       [    180493], ret:          9 } hitcount:       3791
{ common_pid: mc-worker       [    180495], ret:          8 } hitcount:       4394
{ common_pid: mc-worker       [    180492], ret:          8 } hitcount:       4468
{ common_pid: mc-worker       [    180488], ret:          8 } hitcount:       4558
{ common_pid: mc-worker       [    180489], ret:          8 } hitcount:       5519
{ common_pid: mc-worker       [    180494], ret:          8 } hitcount:       5523
{ common_pid: mc-worker       [    180491], ret:          8 } hitcount:       6153
{ common_pid: mc-worker       [    180490], ret:          7 } hitcount:       6999
{ common_pid: mc-worker       [    180493], ret:          8 } hitcount:       7315
{ common_pid: mc-worker       [    180495], ret:          7 } hitcount:       9384
{ common_pid: mc-worker       [    180492], ret:          7 } hitcount:       9445
{ common_pid: mc-worker       [    180488], ret:          7 } hitcount:       9656
{ common_pid: mc-worker       [    180489], ret:          7 } hitcount:      10781
{ common_pid: mc-worker       [    180494], ret:          7 } hitcount:      10908
{ common_pid: mc-worker       [    180491], ret:          7 } hitcount:      12316
{ common_pid: mc-worker       [    180493], ret:          7 } hitcount:      14128
{ common_pid: mc-worker       [    180490], ret:          6 } hitcount:      15979
{ common_pid: mc-worker       [    180492], ret:          6 } hitcount:      20196
{ common_pid: mc-worker       [    180495], ret:          6 } hitcount:      20207
{ common_pid: mc-worker       [    180488], ret:          6 } hitcount:      20418
{ common_pid: mc-worker       [    180489], ret:          6 } hitcount:      22212
{ common_pid: mc-worker       [    180494], ret:          6 } hitcount:      22484
{ common_pid: mc-worker       [    180491], ret:          6 } hitcount:      25259
{ common_pid: mc-worker       [    180493], ret:          6 } hitcount:      27436
{ common_pid: mc-worker       [    180490], ret:          5 } hitcount:      37945
{ common_pid: mc-worker       [    180488], ret:          5 } hitcount:      44794
{ common_pid: mc-worker       [    180492], ret:          5 } hitcount:      44860
{ common_pid: mc-worker       [    180495], ret:          5 } hitcount:      45175
{ common_pid: mc-worker       [    180489], ret:          5 } hitcount:      48087
{ common_pid: mc-worker       [    180494], ret:          5 } hitcount:      48613
{ common_pid: mc-worker       [    180491], ret:          5 } hitcount:      53206
{ common_pid: mc-worker       [    180493], ret:          5 } hitcount:      56674
{ common_pid: mc-worker       [    180490], ret:          4 } hitcount:      88115
{ common_pid: mc-worker       [    180488], ret:          4 } hitcount:      99608
{ common_pid: mc-worker       [    180492], ret:          4 } hitcount:      99758
{ common_pid: mc-worker       [    180495], ret:          4 } hitcount:     101780
{ common_pid: mc-worker       [    180489], ret:          4 } hitcount:     103290
{ common_pid: mc-worker       [    180494], ret:          4 } hitcount:     105319
{ common_pid: mc-worker       [    180491], ret:          4 } hitcount:     112556
{ common_pid: mc-worker       [    180493], ret:          4 } hitcount:     114577
{ common_pid: mc-worker       [    180490], ret:          3 } hitcount:     199464
{ common_pid: mc-worker       [    180488], ret:          3 } hitcount:     207525
{ common_pid: mc-worker       [    180492], ret:          3 } hitcount:     209391
{ common_pid: mc-worker       [    180489], ret:          3 } hitcount:     212856
{ common_pid: mc-worker       [    180495], ret:          3 } hitcount:     214412
{ common_pid: mc-worker       [    180494], ret:          3 } hitcount:     216875
{ common_pid: mc-worker       [    180493], ret:          3 } hitcount:     222620
{ common_pid: mc-worker       [    180491], ret:          3 } hitcount:     224962
{ common_pid: mc-worker       [    180493], ret:          2 } hitcount:     390145
{ common_pid: mc-worker       [    180488], ret:          2 } hitcount:     390503
{ common_pid: mc-worker       [    180489], ret:          2 } hitcount:     392321
{ common_pid: mc-worker       [    180492], ret:          2 } hitcount:     395568
{ common_pid: mc-worker       [    180494], ret:          2 } hitcount:     398580
{ common_pid: mc-worker       [    180491], ret:          2 } hitcount:     401581
{ common_pid: mc-worker       [    180490], ret:          2 } hitcount:     402439
{ common_pid: mc-worker       [    180495], ret:          2 } hitcount:     409554
{ common_pid: mc-worker       [    180493], ret:          1 } hitcount:     567120
{ common_pid: mc-worker       [    180491], ret:          1 } hitcount:     595130
{ common_pid: mc-worker       [    180489], ret:          1 } hitcount:     598671
{ common_pid: mc-worker       [    180494], ret:          1 } hitcount:     603987
{ common_pid: mc-worker       [    180488], ret:          1 } hitcount:     607715
{ common_pid: mc-worker       [    180492], ret:          1 } hitcount:     614653
{ common_pid: mc-worker       [    180495], ret:          1 } hitcount:     641408
{ common_pid: mc-worker       [    180490], ret:          1 } hitcount:     664407
