{ common_pid: mc-worker       [    299288], ret:        521 } hitcount:          1
{ common_pid: mc-worker       [    299281], ret:        482 } hitcount:          1
{ common_pid: mc-worker       [    299283], ret:        494 } hitcount:          1
{ common_pid: mc-worker       [    299284], ret:         14 } hitcount:          1
{ common_pid: mc-worker       [    299281], ret:         15 } hitcount:          1
{ common_pid: mc-worker       [    299285], ret:         18 } hitcount:          1
{ common_pid: mc-worker       [    299286], ret:        500 } hitcount:          1
{ common_pid: mc-worker       [    299283], ret:        500 } hitcount:          1
{ common_pid: mc-worker       [    299287], ret:        493 } hitcount:          1
{ common_pid: mc-worker       [    299283], ret:        501 } hitcount:          1
{ common_pid: mc-worker       [    299288], ret:        526 } hitcount:          1
{ common_pid: mc-worker       [    299281], ret:        490 } hitcount:          1
{ common_pid: mc-worker       [    299283], ret:        504 } hitcount:          1
{ common_pid: mc-worker       [    299284], ret:          9 } hitcount:          1
{ common_pid: mc-worker       [    299283], ret:        493 } hitcount:          1
{ common_pid: mc-worker       [    299288], ret:         10 } hitcount:          1
{ common_pid: mc-worker       [    299283], ret:        496 } hitcount:          1
{ common_pid: mc-worker       [    299286], ret:        510 } hitcount:          1
{ common_pid: mc-worker       [    299288], ret:        572 } hitcount:          1
{ common_pid: mc-worker       [    299281], ret:        487 } hitcount:          1
{ common_pid: mc-worker       [    299283], ret:        489 } hitcount:          1
{ common_pid: mc-worker       [    299281], ret:        495 } hitcount:          1
{ common_pid: mc-worker       [    299284], ret:        516 } hitcount:          1
{ common_pid: mc-worker       [    299287], ret:        483 } hitcount:          1
{ common_pid: mc-worker       [    299286], ret:        501 } hitcount:          1
{ common_pid: mc-worker       [    299286], ret:         18 } hitcount:          1
{ common_pid: mc-worker       [    299283], ret:        502 } hitcount:          1
{ common_pid: mc-worker       [    299283], ret:        390 } hitcount:          1
{ common_pid: mc-worker       [    299287], ret:         13 } hitcount:          1
{ common_pid: mc-worker       [    299281], ret:        492 } hitcount:          1
{ common_pid: mc-worker       [    299282], ret:        520 } hitcount:          1
{ common_pid: mc-worker       [    299287], ret:          8 } hitcount:          1
{ common_pid: mc-worker       [    299282], ret:        240 } hitcount:          1
{ common_pid: mc-worker       [    299287], ret:        492 } hitcount:          1
{ common_pid: mc-worker       [    299285], ret:        481 } hitcount:          1
{ common_pid: mc-worker       [    299285], ret:        476 } hitcount:          1
{ common_pid: mc-worker       [    299288], ret:          9 } hitcount:          1
{ common_pid: mc-worker       [    299285], ret:        152 } hitcount:          1
{ common_pid: mc-worker       [    299286], ret:        520 } hitcount:          1
{ common_pid: mc-worker       [    299282], ret:          9 } hitcount:          1
{ common_pid: mc-worker       [    299287], ret:        153 } hitcount:          1
{ common_pid: mc-worker       [    299283], ret:        495 } hitcount:          1
{ common_pid: mc-worker       [    299286], ret:          8 } hitcount:          1
{ common_pid: mc-worker       [    299283], ret:        100 } hitcount:          1
{ common_pid: mc-worker       [    299288], ret:        509 } hitcount:          1
{ common_pid: mc-worker       [    299288], ret:        520 } hitcount:          1
{ common_pid: mc-worker       [    299286], ret:        521 } hitcount:          1
{ common_pid: mc-worker       [    299288], ret:        519 } hitcount:          1
{ common_pid: mc-worker       [    299281], ret:        511 } hitcount:          1
{ common_pid: mc-worker       [    299281], ret:        508 } hitcount:          1
{ common_pid: mc-worker       [    299283], ret:        481 } hitcount:          1
{ common_pid: mc-worker       [    299284], ret:         12 } hitcount:          1
{ common_pid: mc-worker       [    299288], ret:        512 } hitcount:          1
{ common_pid: mc-worker       [    299284], ret:         11 } hitcount:          1
{ common_pid: mc-worker       [    299288], ret:        513 } hitcount:          1
{ common_pid: mc-worker       [    299286], ret:          7 } hitcount:          1
{ common_pid: mc-worker       [    299282], ret:        525 } hitcount:          1
{ common_pid: mc-worker       [    299287], ret:        486 } hitcount:          1
{ common_pid: mc-worker       [    299284], ret:        511 } hitcount:          1
{ common_pid: mc-worker       [    299283], ret:        492 } hitcount:          1
{ common_pid: mc-worker       [    299286], ret:        517 } hitcount:          1
{ common_pid: mc-worker       [    299287], ret:        482 } hitcount:          1
{ common_pid: mc-worker       [    299285], ret:        470 } hitcount:          1
{ common_pid: mc-worker       [    299284], ret:        512 } hitcount:          1
{ common_pid: mc-worker       [    299284], ret:        336 } hitcount:          1
{ common_pid: mc-worker       [    299281], ret:        491 } hitcount:          1
{ common_pid: mc-worker       [    299284], ret:        528 } hitcount:          1
{ common_pid: mc-worker       [    299287], ret:        499 } hitcount:          1
{ common_pid: mc-worker       [    299281], ret:        500 } hitcount:          1
{ common_pid: mc-worker       [    299285], ret:         12 } hitcount:          1
{ common_pid: mc-worker       [    299281], ret:        457 } hitcount:          1
{ common_pid: mc-worker       [    299287], ret:        504 } hitcount:          1
{ common_pid: mc-worker       [    299281], ret:          6 } hitcount:          1
{ common_pid: mc-worker       [    299286], ret:        494 } hitcount:          1
{ common_pid: mc-worker       [    299286], ret:        505 } hitcount:          1
{ common_pid: mc-worker       [    299288], ret:         35 } hitcount:          1
{ common_pid: mc-worker       [    299286], ret:        506 } hitcount:          1
{ common_pid: mc-worker       [    299285], ret:        480 } hitcount:          1
{ common_pid: mc-worker       [    299288], ret:        505 } hitcount:          1
{ common_pid: mc-worker       [    299287], ret:        496 } hitcount:          1
{ common_pid: mc-worker       [    299285], ret:         15 } hitcount:          1
{ common_pid: mc-worker       [    299282], ret:         14 } hitcount:          1
{ common_pid: mc-worker       [    299286], ret:        502 } hitcount:          1
{ common_pid: mc-worker       [    299284], ret:        522 } hitcount:          1
{ common_pid: mc-worker       [    299283], ret:         10 } hitcount:          1
{ common_pid: mc-worker       [    299285], ret:        488 } hitcount:          1
{ common_pid: mc-worker       [    299284], ret:        530 } hitcount:          1
{ common_pid: mc-worker       [    299282], ret:        526 } hitcount:          1
{ common_pid: mc-worker       [    299281], ret:        494 } hitcount:          1
{ common_pid: mc-worker       [    299283], ret:        487 } hitcount:          1
{ common_pid: mc-worker       [    299284], ret:         10 } hitcount:          1
{ common_pid: mc-worker       [    299286], ret:        398 } hitcount:          1
{ common_pid: mc-worker       [    299282], ret:        521 } hitcount:          1
{ common_pid: mc-worker       [    299283], ret:        491 } hitcount:          2
{ common_pid: mc-worker       [    299282], ret:        529 } hitcount:          2
{ common_pid: mc-worker       [    299285], ret:        486 } hitcount:          2
{ common_pid: mc-worker       [    299287], ret:        494 } hitcount:          2
{ common_pid: mc-worker       [    299281], ret:        504 } hitcount:          2
{ common_pid: mc-worker       [    299283], ret:        506 } hitcount:          2
{ common_pid: mc-worker       [    299286], ret:        496 } hitcount:          2
{ common_pid: mc-worker       [    299285], ret:        482 } hitcount:          2
{ common_pid: mc-worker       [    299286], ret:        499 } hitcount:          2
{ common_pid: mc-worker       [    299283], ret:        498 } hitcount:          2
{ common_pid: mc-worker       [    299281], ret:        499 } hitcount:          2
{ common_pid: mc-worker       [    299281], ret:          8 } hitcount:          2
{ common_pid: mc-worker       [    299286], ret:        528 } hitcount:          2
{ common_pid: mc-worker       [    299281], ret:        502 } hitcount:          2
{ common_pid: mc-worker       [    299287], ret:        485 } hitcount:          2
{ common_pid: mc-worker       [    299282], ret:        518 } hitcount:          2
{ common_pid: mc-worker       [    299286], ret:          6 } hitcount:          2
{ common_pid: mc-worker       [    299286], ret:        509 } hitcount:          2
{ common_pid: mc-worker       [    299284], ret:        520 } hitcount:          2
{ common_pid: mc-worker       [    299286], ret:        516 } hitcount:          2
{ common_pid: mc-worker       [    299284], ret:        521 } hitcount:          2
{ common_pid: mc-worker       [    299288], ret:        518 } hitcount:          2
{ common_pid: mc-worker       [    299287], ret:          7 } hitcount:          2
{ common_pid: mc-worker       [    299284], ret:        514 } hitcount:          2
{ common_pid: mc-worker       [    299286], ret:        519 } hitcount:          2
{ common_pid: mc-worker       [    299281], ret:        496 } hitcount:          2
{ common_pid: mc-worker       [    299281], ret:        507 } hitcount:          2
{ common_pid: mc-worker       [    299285], ret:         11 } hitcount:          2
{ common_pid: mc-worker       [    299286], ret:        524 } hitcount:          2
{ common_pid: mc-worker       [    299283], ret:        490 } hitcount:          2
{ common_pid: mc-worker       [    299288], ret:        515 } hitcount:          2
{ common_pid: mc-worker       [    299282], ret:        533 } hitcount:          2
{ common_pid: mc-worker       [    299284], ret:        523 } hitcount:          2
{ common_pid: mc-worker       [    299286], ret:        512 } hitcount:          2
{ common_pid: mc-worker       [    299285], ret:          8 } hitcount:          2
{ common_pid: mc-worker       [    299285], ret:        490 } hitcount:          2
{ common_pid: mc-worker       [    299286], ret:        534 } hitcount:          2
{ common_pid: mc-worker       [    299286], ret:        498 } hitcount:          2
{ common_pid: mc-worker       [    299288], ret:        516 } hitcount:          2
{ common_pid: mc-worker       [    299285], ret:        496 } hitcount:          2
{ common_pid: mc-worker       [    299286], ret:        525 } hitcount:          2
{ common_pid: mc-worker       [    299288], ret:        525 } hitcount:          3
{ common_pid: mc-worker       [    299286], ret:        523 } hitcount:          3
{ common_pid: mc-worker       [    299281], ret:        514 } hitcount:          3
{ common_pid: mc-worker       [    299286], ret:        529 } hitcount:          3
{ common_pid: mc-worker       [    299285], ret:        489 } hitcount:          3
{ common_pid: mc-worker       [    299287], ret:        502 } hitcount:          3
{ common_pid: mc-worker       [    299283], ret:        515 } hitcount:          3
{ common_pid: mc-worker       [    299285], ret:        537 } hitcount:          3
{ common_pid: mc-worker       [    299283], ret:          6 } hitcount:          3
{ common_pid: mc-worker       [    299284], ret:          8 } hitcount:          3
{ common_pid: mc-worker       [    299287], ret:        495 } hitcount:          3
{ common_pid: mc-worker       [    299282], ret:        531 } hitcount:          3
{ common_pid: mc-worker       [    299283], ret:        509 } hitcount:          3
{ common_pid: mc-worker       [    299284], ret:        525 } hitcount:          3
{ common_pid: mc-worker       [    299287], ret:        491 } hitcount:          3
{ common_pid: mc-worker       [    299288], ret:        517 } hitcount:          3
{ common_pid: mc-worker       [    299287], ret:        490 } hitcount:          3
{ common_pid: mc-worker       [    299286], ret:        526 } hitcount:          3
{ common_pid: mc-worker       [    299284], ret:        524 } hitcount:          3
{ common_pid: mc-worker       [    299283], ret:        507 } hitcount:          3
{ common_pid: mc-worker       [    299281], ret:        510 } hitcount:          3
{ common_pid: mc-worker       [    299284], ret:        532 } hitcount:          3
{ common_pid: mc-worker       [    299285], ret:        497 } hitcount:          3
{ common_pid: mc-worker       [    299281], ret:        503 } hitcount:          3
{ common_pid: mc-worker       [    299281], ret:        513 } hitcount:          3
{ common_pid: mc-worker       [    299288], ret:        524 } hitcount:          3
{ common_pid: mc-worker       [    299282], ret:        535 } hitcount:          3
{ common_pid: mc-worker       [    299285], ret:        491 } hitcount:          3
{ common_pid: mc-worker       [    299285], ret:          5 } hitcount:          3
{ common_pid: mc-worker       [    299281], ret:        506 } hitcount:          3
{ common_pid: mc-worker       [    299286], ret:        513 } hitcount:          3
{ common_pid: mc-worker       [    299282], ret:        530 } hitcount:          3
{ common_pid: mc-worker       [    299281], ret:        498 } hitcount:          3
{ common_pid: mc-worker       [    299286], ret:        508 } hitcount:          3
{ common_pid: mc-worker       [    299288], ret:        522 } hitcount:          3
{ common_pid: mc-worker       [    299288], ret:          7 } hitcount:          3
{ common_pid: mc-worker       [    299283], ret:          5 } hitcount:          3
{ common_pid: mc-worker       [    299283], ret:        503 } hitcount:          3
{ common_pid: mc-worker       [    299284], ret:        529 } hitcount:          3
{ common_pid: mc-worker       [    299286], ret:          5 } hitcount:          3
{ common_pid: mc-worker       [    299285], ret:          9 } hitcount:          3
{ common_pid: mc-worker       [    299286], ret:        518 } hitcount:          3
{ common_pid: mc-worker       [    299286], ret:        515 } hitcount:          3
{ common_pid: mc-worker       [    299285], ret:        495 } hitcount:          3
{ common_pid: mc-worker       [    299284], ret:        535 } hitcount:          4
{ common_pid: mc-worker       [    299287], ret:        501 } hitcount:          4
{ common_pid: mc-worker       [    299282], ret:        528 } hitcount:          4
{ common_pid: mc-worker       [    299288], ret:          6 } hitcount:          4
{ common_pid: mc-worker       [    299283], ret:        517 } hitcount:          4
{ common_pid: mc-worker       [    299283], ret:        518 } hitcount:          4
{ common_pid: mc-worker       [    299286], ret:        511 } hitcount:          4
{ common_pid: mc-worker       [    299283], ret:        512 } hitcount:          4
{ common_pid: mc-worker       [    299281], ret:        497 } hitcount:          4
{ common_pid: mc-worker       [    299283], ret:        508 } hitcount:          4
{ common_pid: mc-worker       [    299287], ret:        497 } hitcount:          4
{ common_pid: mc-worker       [    299283], ret:        505 } hitcount:          4
{ common_pid: mc-worker       [    299283], ret:        513 } hitcount:          4
{ common_pid: mc-worker       [    299283], ret:        519 } hitcount:          4
{ common_pid: mc-worker       [    299281], ret:        519 } hitcount:          4
{ common_pid: mc-worker       [    299285], ret:        492 } hitcount:          4
{ common_pid: mc-worker       [    299285], ret:          7 } hitcount:          4
{ common_pid: mc-worker       [    299286], ret:        522 } hitcount:          4
{ common_pid: mc-worker       [    299281], ret:        501 } hitcount:          4
{ common_pid: mc-worker       [    299284], ret:        526 } hitcount:          4
{ common_pid: mc-worker       [    299282], ret:          7 } hitcount:          4
{ common_pid: mc-worker       [    299285], ret:        493 } hitcount:          4
{ common_pid: mc-worker       [    299281], ret:        516 } hitcount:          4
{ common_pid: mc-worker       [    299281], ret:        505 } hitcount:          4
{ common_pid: mc-worker       [    299286], ret:        514 } hitcount:          4
{ common_pid: mc-worker       [    299288], ret:        523 } hitcount:          4
{ common_pid: mc-worker       [    299282], ret:        524 } hitcount:          4
{ common_pid: mc-worker       [    299287], ret:        507 } hitcount:          4
{ common_pid: mc-worker       [    299285], ret:        494 } hitcount:          4
{ common_pid: mc-worker       [    299286], ret:        532 } hitcount:          5
{ common_pid: mc-worker       [    299282], ret:        539 } hitcount:          5
{ common_pid: mc-worker       [    299286], ret:        533 } hitcount:          5
{ common_pid: mc-worker       [    299287], ret:        513 } hitcount:          5
{ common_pid: mc-worker       [    299287], ret:        503 } hitcount:          5
{ common_pid: mc-worker       [    299282], ret:        575 } hitcount:          5
{ common_pid: mc-worker       [    299281], ret:        509 } hitcount:          5
{ common_pid: mc-worker       [    299284], ret:        527 } hitcount:          5
{ common_pid: mc-worker       [    299284], ret:        576 } hitcount:          5
{ common_pid: mc-worker       [    299287], ret:        498 } hitcount:          5
{ common_pid: mc-worker       [    299282], ret:          6 } hitcount:          5
{ common_pid: mc-worker       [    299287], ret:        508 } hitcount:          5
{ common_pid: mc-worker       [    299284], ret:        536 } hitcount:          5
{ common_pid: mc-worker       [    299283], ret:        514 } hitcount:          5
{ common_pid: mc-worker       [    299282], ret:        536 } hitcount:          5
{ common_pid: mc-worker       [    299286], ret:        527 } hitcount:          5
{ common_pid: mc-worker       [    299288], ret:        531 } hitcount:          6
{ common_pid: mc-worker       [    299281], ret:        517 } hitcount:          6
{ common_pid: mc-worker       [    299287], ret:        500 } hitcount:          6
{ common_pid: mc-worker       [    299286], ret:        531 } hitcount:          6
{ common_pid: mc-worker       [    299282], ret:        534 } hitcount:          6
{ common_pid: mc-worker       [    299288], ret:        530 } hitcount:          6
{ common_pid: mc-worker       [    299283], ret:        516 } hitcount:          6
{ common_pid: mc-worker       [    299284], ret:        533 } hitcount:          6
{ common_pid: mc-worker       [    299283], ret:        522 } hitcount:          6
{ common_pid: mc-worker       [    299288], ret:        529 } hitcount:          6
{ common_pid: mc-worker       [    299282], ret:        537 } hitcount:          6
{ common_pid: mc-worker       [    299286], ret:        530 } hitcount:          6
{ common_pid: mc-worker       [    299287], ret:          6 } hitcount:          6
{ common_pid: mc-worker       [    299284], ret:        534 } hitcount:          6
{ common_pid: mc-worker       [    299284], ret:        539 } hitcount:          6
{ common_pid: mc-worker       [    299283], ret:        520 } hitcount:          6
{ common_pid: mc-worker       [    299287], ret:        506 } hitcount:          6
{ common_pid: mc-worker       [    299281], ret:        518 } hitcount:          7
{ common_pid: mc-worker       [    299282], ret:          5 } hitcount:          7
{ common_pid: mc-worker       [    299286], ret:        536 } hitcount:          7
{ common_pid: mc-worker       [    299287], ret:        510 } hitcount:          7
{ common_pid: mc-worker       [    299287], ret:        505 } hitcount:          7
{ common_pid: mc-worker       [    299281], ret:        515 } hitcount:          7
{ common_pid: mc-worker       [    299288], ret:          5 } hitcount:          7
{ common_pid: mc-worker       [    299282], ret:        532 } hitcount:          7
{ common_pid: mc-worker       [    299285], ret:        501 } hitcount:          7
{ common_pid: mc-worker       [    299282], ret:        538 } hitcount:          7
{ common_pid: mc-worker       [    299281], ret:        512 } hitcount:          7
{ common_pid: mc-worker       [    299288], ret:        528 } hitcount:          7
{ common_pid: mc-worker       [    299288], ret:        571 } hitcount:          7
{ common_pid: mc-worker       [    299284], ret:          6 } hitcount:          8
{ common_pid: mc-worker       [    299284], ret:        531 } hitcount:          8
{ common_pid: mc-worker       [    299288], ret:        527 } hitcount:          8
{ common_pid: mc-worker       [    299286], ret:        537 } hitcount:          8
{ common_pid: mc-worker       [    299285], ret:        499 } hitcount:          8
{ common_pid: mc-worker       [    299284], ret:          7 } hitcount:          8
{ common_pid: mc-worker       [    299287], ret:        511 } hitcount:          8
{ common_pid: mc-worker       [    299287], ret:        509 } hitcount:          8
{ common_pid: mc-worker       [    299286], ret:        535 } hitcount:          8
{ common_pid: mc-worker       [    299281], ret:          5 } hitcount:          8
{ common_pid: mc-worker       [    299285], ret:          6 } hitcount:          8
{ common_pid: mc-worker       [    299284], ret:        538 } hitcount:          8
{ common_pid: mc-worker       [    299283], ret:        524 } hitcount:          9
{ common_pid: mc-worker       [    299281], ret:        520 } hitcount:          9
{ common_pid: mc-worker       [    299284], ret:        540 } hitcount:          9
{ common_pid: mc-worker       [    299286], ret:        538 } hitcount:          9
{ common_pid: mc-worker       [    299284], ret:        537 } hitcount:          9
{ common_pid: mc-worker       [    299286], ret:          4 } hitcount:         10
{ common_pid: mc-worker       [    299283], ret:        525 } hitcount:         10
{ common_pid: mc-worker       [    299283], ret:        511 } hitcount:         10
{ common_pid: mc-worker       [    299288], ret:        532 } hitcount:         10
{ common_pid: mc-worker       [    299285], ret:        500 } hitcount:         10
{ common_pid: mc-worker       [    299283], ret:        521 } hitcount:         10
{ common_pid: mc-worker       [    299286], ret:        569 } hitcount:         11
{ common_pid: mc-worker       [    299285], ret:        498 } hitcount:         11
{ common_pid: mc-worker       [    299282], ret:        542 } hitcount:         11
{ common_pid: mc-worker       [    299287], ret:          5 } hitcount:         12
{ common_pid: mc-worker       [    299281], ret:        521 } hitcount:         12
{ common_pid: mc-worker       [    299288], ret:        533 } hitcount:         12
{ common_pid: mc-worker       [    299284], ret:        575 } hitcount:         12
{ common_pid: mc-worker       [    299283], ret:          4 } hitcount:         13
{ common_pid: mc-worker       [    299288], ret:        536 } hitcount:         13
{ common_pid: mc-worker       [    299283], ret:        523 } hitcount:         13
{ common_pid: mc-worker       [    299284], ret:        541 } hitcount:         14
{ common_pid: mc-worker       [    299282], ret:        574 } hitcount:         14
{ common_pid: mc-worker       [    299285], ret:        502 } hitcount:         15
{ common_pid: mc-worker       [    299282], ret:        540 } hitcount:         15
{ common_pid: mc-worker       [    299286], ret:        540 } hitcount:         15
{ common_pid: mc-worker       [    299288], ret:        535 } hitcount:         15
{ common_pid: mc-worker       [    299284], ret:        542 } hitcount:         16
{ common_pid: mc-worker       [    299281], ret:        522 } hitcount:         16
{ common_pid: mc-worker       [    299287], ret:        543 } hitcount:         17
{ common_pid: mc-worker       [    299286], ret:        539 } hitcount:         17
{ common_pid: mc-worker       [    299283], ret:        555 } hitcount:         18
{ common_pid: mc-worker       [    299283], ret:        526 } hitcount:         18
{ common_pid: mc-worker       [    299285], ret:        536 } hitcount:         19
{ common_pid: mc-worker       [    299282], ret:        541 } hitcount:         19
{ common_pid: mc-worker       [    299287], ret:        512 } hitcount:         20
{ common_pid: mc-worker       [    299288], ret:        534 } hitcount:         20
{ common_pid: mc-worker       [    299288], ret:        570 } hitcount:         20
{ common_pid: mc-worker       [    299282], ret:        543 } hitcount:         20
{ common_pid: mc-worker       [    299288], ret:        538 } hitcount:         21
{ common_pid: mc-worker       [    299281], ret:        524 } hitcount:         21
{ common_pid: mc-worker       [    299286], ret:        541 } hitcount:         21
{ common_pid: mc-worker       [    299287], ret:        515 } hitcount:         21
{ common_pid: mc-worker       [    299288], ret:        537 } hitcount:         22
{ common_pid: mc-worker       [    299284], ret:        543 } hitcount:         22
{ common_pid: mc-worker       [    299281], ret:        523 } hitcount:         22
{ common_pid: mc-worker       [    299284], ret:          5 } hitcount:         23
{ common_pid: mc-worker       [    299288], ret:          4 } hitcount:         23
{ common_pid: mc-worker       [    299287], ret:        514 } hitcount:         23
{ common_pid: mc-worker       [    299285], ret:        503 } hitcount:         23
{ common_pid: mc-worker       [    299281], ret:        553 } hitcount:         23
{ common_pid: mc-worker       [    299285], ret:        504 } hitcount:         24
{ common_pid: mc-worker       [    299282], ret:        573 } hitcount:         24
{ common_pid: mc-worker       [    299285], ret:        505 } hitcount:         24
{ common_pid: mc-worker       [    299281], ret:          4 } hitcount:         24
{ common_pid: mc-worker       [    299282], ret:          4 } hitcount:         25
{ common_pid: mc-worker       [    299285], ret:          4 } hitcount:         25
{ common_pid: mc-worker       [    299285], ret:        506 } hitcount:         26
{ common_pid: mc-worker       [    299284], ret:        544 } hitcount:         27
{ common_pid: mc-worker       [    299283], ret:        527 } hitcount:         27
{ common_pid: mc-worker       [    299287], ret:          4 } hitcount:         28
{ common_pid: mc-worker       [    299287], ret:        516 } hitcount:         29
{ common_pid: mc-worker       [    299282], ret:        544 } hitcount:         29
{ common_pid: mc-worker       [    299281], ret:        525 } hitcount:         31
{ common_pid: mc-worker       [    299287], ret:        517 } hitcount:         31
{ common_pid: mc-worker       [    299286], ret:        543 } hitcount:         31
{ common_pid: mc-worker       [    299286], ret:        542 } hitcount:         31
{ common_pid: mc-worker       [    299286], ret:        568 } hitcount:         31
{ common_pid: mc-worker       [    299284], ret:        574 } hitcount:         31
{ common_pid: mc-worker       [    299281], ret:        526 } hitcount:         35
{ common_pid: mc-worker       [    299288], ret:        569 } hitcount:         35
{ common_pid: mc-worker       [    299281], ret:          3 } hitcount:         35
{ common_pid: mc-worker       [    299284], ret:        546 } hitcount:         36
{ common_pid: mc-worker       [    299286], ret:          3 } hitcount:         37
{ common_pid: mc-worker       [    299283], ret:        554 } hitcount:         37
{ common_pid: mc-worker       [    299288], ret:        539 } hitcount:         37
{ common_pid: mc-worker       [    299284], ret:          4 } hitcount:         37
{ common_pid: mc-worker       [    299283], ret:        528 } hitcount:         38
{ common_pid: mc-worker       [    299286], ret:        544 } hitcount:         38
{ common_pid: mc-worker       [    299284], ret:        545 } hitcount:         39
{ common_pid: mc-worker       [    299283], ret:          3 } hitcount:         39
{ common_pid: mc-worker       [    299281], ret:        527 } hitcount:         41
{ common_pid: mc-worker       [    299288], ret:        540 } hitcount:         42
{ common_pid: mc-worker       [    299285], ret:        535 } hitcount:         42
{ common_pid: mc-worker       [    299286], ret:        546 } hitcount:         44
{ common_pid: mc-worker       [    299283], ret:        529 } hitcount:         45
{ common_pid: mc-worker       [    299282], ret:        545 } hitcount:         45
{ common_pid: mc-worker       [    299282], ret:          3 } hitcount:         47
{ common_pid: mc-worker       [    299287], ret:        542 } hitcount:         48
{ common_pid: mc-worker       [    299284], ret:        547 } hitcount:         49
{ common_pid: mc-worker       [    299288], ret:        541 } hitcount:         49
{ common_pid: mc-worker       [    299285], ret:        507 } hitcount:         49
{ common_pid: mc-worker       [    299284], ret:          3 } hitcount:         50
{ common_pid: mc-worker       [    299287], ret:        518 } hitcount:         50
{ common_pid: mc-worker       [    299285], ret:        508 } hitcount:         51
{ common_pid: mc-worker       [    299287], ret:        519 } hitcount:         51
{ common_pid: mc-worker       [    299286], ret:        545 } hitcount:         51
{ common_pid: mc-worker       [    299287], ret:          3 } hitcount:         51
{ common_pid: mc-worker       [    299285], ret:          3 } hitcount:         52
{ common_pid: mc-worker       [    299284], ret:        548 } hitcount:         52
{ common_pid: mc-worker       [    299282], ret:        546 } hitcount:         54
{ common_pid: mc-worker       [    299282], ret:        572 } hitcount:         54
{ common_pid: mc-worker       [    299288], ret:          3 } hitcount:         55
{ common_pid: mc-worker       [    299281], ret:        552 } hitcount:         58
{ common_pid: mc-worker       [    299281], ret:        528 } hitcount:         58
{ common_pid: mc-worker       [    299284], ret:        573 } hitcount:         59
{ common_pid: mc-worker       [    299288], ret:        568 } hitcount:         59
{ common_pid: mc-worker       [    299283], ret:        530 } hitcount:         60
{ common_pid: mc-worker       [    299286], ret:          2 } hitcount:         62
{ common_pid: mc-worker       [    299287], ret:        520 } hitcount:         63
{ common_pid: mc-worker       [    299287], ret:          2 } hitcount:         65
{ common_pid: mc-worker       [    299284], ret:          2 } hitcount:         65
{ common_pid: mc-worker       [    299284], ret:        549 } hitcount:         65
{ common_pid: mc-worker       [    299285], ret:        509 } hitcount:         65
{ common_pid: mc-worker       [    299281], ret:          2 } hitcount:         68
{ common_pid: mc-worker       [    299286], ret:        547 } hitcount:         70
{ common_pid: mc-worker       [    299285], ret:        510 } hitcount:         70
{ common_pid: mc-worker       [    299285], ret:          2 } hitcount:         71
{ common_pid: mc-worker       [    299283], ret:        532 } hitcount:         72
{ common_pid: mc-worker       [    299281], ret:        529 } hitcount:         73
{ common_pid: mc-worker       [    299283], ret:          2 } hitcount:         75
{ common_pid: mc-worker       [    299285], ret:        534 } hitcount:         76
{ common_pid: mc-worker       [    299286], ret:        548 } hitcount:         76
{ common_pid: mc-worker       [    299283], ret:        531 } hitcount:         76
{ common_pid: mc-worker       [    299282], ret:          2 } hitcount:         76
{ common_pid: mc-worker       [    299286], ret:        567 } hitcount:         76
{ common_pid: mc-worker       [    299282], ret:        547 } hitcount:         77
{ common_pid: mc-worker       [    299288], ret:        567 } hitcount:         77
{ common_pid: mc-worker       [    299281], ret:        551 } hitcount:         78
{ common_pid: mc-worker       [    299288], ret:        543 } hitcount:         80
{ common_pid: mc-worker       [    299283], ret:        553 } hitcount:         81
{ common_pid: mc-worker       [    299288], ret:        542 } hitcount:         84
{ common_pid: mc-worker       [    299288], ret:          2 } hitcount:         84
{ common_pid: mc-worker       [    299282], ret:        571 } hitcount:         84
{ common_pid: mc-worker       [    299285], ret:        511 } hitcount:         85
{ common_pid: mc-worker       [    299287], ret:        521 } hitcount:         88
{ common_pid: mc-worker       [    299284], ret:        551 } hitcount:         91
{ common_pid: mc-worker       [    299282], ret:        548 } hitcount:         92
{ common_pid: mc-worker       [    299284], ret:        550 } hitcount:         94
{ common_pid: mc-worker       [    299284], ret:        572 } hitcount:         99
{ common_pid: mc-worker       [    299285], ret:        533 } hitcount:        101
{ common_pid: mc-worker       [    299281], ret:        530 } hitcount:        103
{ common_pid: mc-worker       [    299287], ret:        522 } hitcount:        105
{ common_pid: mc-worker       [    299286], ret:        549 } hitcount:        110
{ common_pid: mc-worker       [    299288], ret:        544 } hitcount:        111
{ common_pid: mc-worker       [    299287], ret:        523 } hitcount:        111
{ common_pid: mc-worker       [    299282], ret:        570 } hitcount:        112
{ common_pid: mc-worker       [    299283], ret:        533 } hitcount:        116
{ common_pid: mc-worker       [    299285], ret:        512 } hitcount:        120
{ common_pid: mc-worker       [    299287], ret:        541 } hitcount:        122
{ common_pid: mc-worker       [    299288], ret:        545 } hitcount:        122
{ common_pid: mc-worker       [    299282], ret:        549 } hitcount:        123
{ common_pid: mc-worker       [    299284], ret:        552 } hitcount:        125
{ common_pid: mc-worker       [    299281], ret:        550 } hitcount:        129
{ common_pid: mc-worker       [    299281], ret:        531 } hitcount:        131
{ common_pid: mc-worker       [    299286], ret:        550 } hitcount:        135
{ common_pid: mc-worker       [    299282], ret:        550 } hitcount:        137
{ common_pid: mc-worker       [    299285], ret:        513 } hitcount:        139
{ common_pid: mc-worker       [    299281], ret:        533 } hitcount:        141
{ common_pid: mc-worker       [    299288], ret:        546 } hitcount:        141
{ common_pid: mc-worker       [    299283], ret:        534 } hitcount:        143
{ common_pid: mc-worker       [    299287], ret:        524 } hitcount:        147
{ common_pid: mc-worker       [    299284], ret:        571 } hitcount:        150
{ common_pid: mc-worker       [    299288], ret:        566 } hitcount:        153
{ common_pid: mc-worker       [    299283], ret:        552 } hitcount:        154
{ common_pid: mc-worker       [    299283], ret:        535 } hitcount:        155
{ common_pid: mc-worker       [    299282], ret:        551 } hitcount:        156
{ common_pid: mc-worker       [    299283], ret:        551 } hitcount:        159
{ common_pid: mc-worker       [    299281], ret:        532 } hitcount:        161
{ common_pid: mc-worker       [    299284], ret:        553 } hitcount:        162
{ common_pid: mc-worker       [    299285], ret:        532 } hitcount:        165
{ common_pid: mc-worker       [    299286], ret:        551 } hitcount:        168
{ common_pid: mc-worker       [    299284], ret:        554 } hitcount:        170
{ common_pid: mc-worker       [    299281], ret:        534 } hitcount:        176
{ common_pid: mc-worker       [    299288], ret:        565 } hitcount:        178
{ common_pid: mc-worker       [    299283], ret:        536 } hitcount:        180
{ common_pid: mc-worker       [    299285], ret:        514 } hitcount:        186
{ common_pid: mc-worker       [    299287], ret:        540 } hitcount:        187
{ common_pid: mc-worker       [    299288], ret:        547 } hitcount:        191
{ common_pid: mc-worker       [    299282], ret:        552 } hitcount:        192
{ common_pid: mc-worker       [    299281], ret:        549 } hitcount:        192
{ common_pid: mc-worker       [    299285], ret:        531 } hitcount:        194
{ common_pid: mc-worker       [    299282], ret:        569 } hitcount:        195
{ common_pid: mc-worker       [    299287], ret:        525 } hitcount:        201
{ common_pid: mc-worker       [    299286], ret:        566 } hitcount:        204
{ common_pid: mc-worker       [    299286], ret:        565 } hitcount:        208
{ common_pid: mc-worker       [    299286], ret:        552 } hitcount:        213
{ common_pid: mc-worker       [    299283], ret:        550 } hitcount:        217
{ common_pid: mc-worker       [    299288], ret:        564 } hitcount:        219
{ common_pid: mc-worker       [    299288], ret:        548 } hitcount:        220
{ common_pid: mc-worker       [    299284], ret:        555 } hitcount:        226
{ common_pid: mc-worker       [    299284], ret:        570 } hitcount:        228
{ common_pid: mc-worker       [    299287], ret:        526 } hitcount:        229
{ common_pid: mc-worker       [    299282], ret:        568 } hitcount:        233
{ common_pid: mc-worker       [    299285], ret:        515 } hitcount:        233
{ common_pid: mc-worker       [    299284], ret:        569 } hitcount:        234
{ common_pid: mc-worker       [    299282], ret:        553 } hitcount:        237
{ common_pid: mc-worker       [    299281], ret:        548 } hitcount:        238
{ common_pid: mc-worker       [    299285], ret:        516 } hitcount:        242
{ common_pid: mc-worker       [    299285], ret:        530 } hitcount:        242
{ common_pid: mc-worker       [    299281], ret:        535 } hitcount:        243
{ common_pid: mc-worker       [    299287], ret:        539 } hitcount:        244
{ common_pid: mc-worker       [    299283], ret:        537 } hitcount:        254
{ common_pid: mc-worker       [    299286], ret:        553 } hitcount:        264
{ common_pid: mc-worker       [    299287], ret:        527 } hitcount:        266
{ common_pid: mc-worker       [    299285], ret:        517 } hitcount:        268
{ common_pid: mc-worker       [    299286], ret:        554 } hitcount:        269
{ common_pid: mc-worker       [    299282], ret:        554 } hitcount:        272
{ common_pid: mc-worker       [    299283], ret:        538 } hitcount:        273
{ common_pid: mc-worker       [    299281], ret:        547 } hitcount:        276
{ common_pid: mc-worker       [    299284], ret:        556 } hitcount:        277
{ common_pid: mc-worker       [    299286], ret:        555 } hitcount:        286
{ common_pid: mc-worker       [    299288], ret:        550 } hitcount:        288
{ common_pid: mc-worker       [    299281], ret:        536 } hitcount:        288
{ common_pid: mc-worker       [    299288], ret:        549 } hitcount:        298
{ common_pid: mc-worker       [    299281], ret:        546 } hitcount:        302
{ common_pid: mc-worker       [    299287], ret:        538 } hitcount:        303
{ common_pid: mc-worker       [    299283], ret:        549 } hitcount:        304
{ common_pid: mc-worker       [    299286], ret:        564 } hitcount:        310
{ common_pid: mc-worker       [    299281], ret:        537 } hitcount:        311
{ common_pid: mc-worker       [    299284], ret:        557 } hitcount:        315
{ common_pid: mc-worker       [    299288], ret:        563 } hitcount:        316
{ common_pid: mc-worker       [    299285], ret:        529 } hitcount:        316
{ common_pid: mc-worker       [    299283], ret:        539 } hitcount:        317
{ common_pid: mc-worker       [    299281], ret:        538 } hitcount:        317
{ common_pid: mc-worker       [    299284], ret:        568 } hitcount:        318
{ common_pid: mc-worker       [    299285], ret:        518 } hitcount:        329
{ common_pid: mc-worker       [    299282], ret:        567 } hitcount:        330
{ common_pid: mc-worker       [    299286], ret:        556 } hitcount:        331
{ common_pid: mc-worker       [    299288], ret:        551 } hitcount:        332
{ common_pid: mc-worker       [    299288], ret:        562 } hitcount:        335
{ common_pid: mc-worker       [    299288], ret:        552 } hitcount:        336
{ common_pid: mc-worker       [    299281], ret:        539 } hitcount:        345
{ common_pid: mc-worker       [    299287], ret:        528 } hitcount:        345
{ common_pid: mc-worker       [    299286], ret:        563 } hitcount:        347
{ common_pid: mc-worker       [    299283], ret:        540 } hitcount:        351
{ common_pid: mc-worker       [    299281], ret:        545 } hitcount:        353
{ common_pid: mc-worker       [    299283], ret:        548 } hitcount:        355
{ common_pid: mc-worker       [    299287], ret:        529 } hitcount:        360
{ common_pid: mc-worker       [    299284], ret:        567 } hitcount:        364
{ common_pid: mc-worker       [    299281], ret:        541 } hitcount:        365
{ common_pid: mc-worker       [    299286], ret:        561 } hitcount:        368
{ common_pid: mc-worker       [    299285], ret:        528 } hitcount:        369
{ common_pid: mc-worker       [    299286], ret:        557 } hitcount:        369
{ common_pid: mc-worker       [    299282], ret:        556 } hitcount:        370
{ common_pid: mc-worker       [    299284], ret:        558 } hitcount:        375
{ common_pid: mc-worker       [    299281], ret:        540 } hitcount:        376
{ common_pid: mc-worker       [    299282], ret:        566 } hitcount:        377
{ common_pid: mc-worker       [    299285], ret:        519 } hitcount:        380
{ common_pid: mc-worker       [    299282], ret:        555 } hitcount:        383
{ common_pid: mc-worker       [    299287], ret:        537 } hitcount:        386
{ common_pid: mc-worker       [    299281], ret:        543 } hitcount:        390
{ common_pid: mc-worker       [    299286], ret:        562 } hitcount:        393
{ common_pid: mc-worker       [    299284], ret:        559 } hitcount:        396
{ common_pid: mc-worker       [    299283], ret:        547 } hitcount:        397
{ common_pid: mc-worker       [    299288], ret:        561 } hitcount:        399
{ common_pid: mc-worker       [    299287], ret:        530 } hitcount:        401
{ common_pid: mc-worker       [    299283], ret:        541 } hitcount:        403
{ common_pid: mc-worker       [    299281], ret:        544 } hitcount:        404
{ common_pid: mc-worker       [    299283], ret:        546 } hitcount:        407
{ common_pid: mc-worker       [    299282], ret:        565 } hitcount:        410
{ common_pid: mc-worker       [    299284], ret:        566 } hitcount:        411
{ common_pid: mc-worker       [    299287], ret:        535 } hitcount:        411
{ common_pid: mc-worker       [    299283], ret:        542 } hitcount:        420
{ common_pid: mc-worker       [    299284], ret:        560 } hitcount:        420
{ common_pid: mc-worker       [    299281], ret:        542 } hitcount:        420
{ common_pid: mc-worker       [    299286], ret:        558 } hitcount:        420
{ common_pid: mc-worker       [    299285], ret:        520 } hitcount:        422
{ common_pid: mc-worker       [    299282], ret:        558 } hitcount:        423
{ common_pid: mc-worker       [    299285], ret:        521 } hitcount:        427
{ common_pid: mc-worker       [    299282], ret:        559 } hitcount:        432
{ common_pid: mc-worker       [    299287], ret:        531 } hitcount:        432
{ common_pid: mc-worker       [    299283], ret:        544 } hitcount:        433
{ common_pid: mc-worker       [    299284], ret:        563 } hitcount:        434
{ common_pid: mc-worker       [    299287], ret:        536 } hitcount:        434
{ common_pid: mc-worker       [    299287], ret:        532 } hitcount:        435
{ common_pid: mc-worker       [    299288], ret:        554 } hitcount:        436
{ common_pid: mc-worker       [    299282], ret:        557 } hitcount:        436
{ common_pid: mc-worker       [    299285], ret:        522 } hitcount:        440
{ common_pid: mc-worker       [    299288], ret:        553 } hitcount:        441
{ common_pid: mc-worker       [    299283], ret:        543 } hitcount:        444
{ common_pid: mc-worker       [    299282], ret:        564 } hitcount:        445
{ common_pid: mc-worker       [    299285], ret:        526 } hitcount:        445
{ common_pid: mc-worker       [    299287], ret:        533 } hitcount:        448
{ common_pid: mc-worker       [    299288], ret:        560 } hitcount:        449
{ common_pid: mc-worker       [    299283], ret:        545 } hitcount:        455
{ common_pid: mc-worker       [    299284], ret:        564 } hitcount:        457
{ common_pid: mc-worker       [    299285], ret:        527 } hitcount:        460
{ common_pid: mc-worker       [    299286], ret:        559 } hitcount:        461
{ common_pid: mc-worker       [    299284], ret:        565 } hitcount:        462
{ common_pid: mc-worker       [    299282], ret:        560 } hitcount:        473
{ common_pid: mc-worker       [    299282], ret:        562 } hitcount:        474
{ common_pid: mc-worker       [    299286], ret:        560 } hitcount:        476
{ common_pid: mc-worker       [    299284], ret:        562 } hitcount:        477
{ common_pid: mc-worker       [    299288], ret:        555 } hitcount:        487
{ common_pid: mc-worker       [    299287], ret:        534 } hitcount:        493
{ common_pid: mc-worker       [    299288], ret:        559 } hitcount:        494
{ common_pid: mc-worker       [    299284], ret:        561 } hitcount:        494
{ common_pid: mc-worker       [    299288], ret:        556 } hitcount:        504
{ common_pid: mc-worker       [    299288], ret:        558 } hitcount:        509
{ common_pid: mc-worker       [    299282], ret:        561 } hitcount:        515
{ common_pid: mc-worker       [    299282], ret:        563 } hitcount:        515
{ common_pid: mc-worker       [    299285], ret:        525 } hitcount:        519
{ common_pid: mc-worker       [    299285], ret:        523 } hitcount:        522
{ common_pid: mc-worker       [    299288], ret:        557 } hitcount:        529
{ common_pid: mc-worker       [    299285], ret:        524 } hitcount:        534
{ common_pid: mc-worker       [    299287], ret:          1 } hitcount:        611
{ common_pid: mc-worker       [    299286], ret:          1 } hitcount:        620
{ common_pid: mc-worker       [    299281], ret:          1 } hitcount:        623
{ common_pid: mc-worker       [    299285], ret:          1 } hitcount:        635
{ common_pid: mc-worker       [    299284], ret:          1 } hitcount:        635
{ common_pid: mc-worker       [    299283], ret:          1 } hitcount:        654
{ common_pid: mc-worker       [    299288], ret:          1 } hitcount:        657
{ common_pid: mc-worker       [    299282], ret:          1 } hitcount:        662
