{ common_pid: mc-worker       [    233723], ret:        102 } hitcount:          1
{ common_pid: mc-worker       [    233728], ret:        114 } hitcount:          1
{ common_pid: mc-worker       [    233724], ret:        108 } hitcount:          1
{ common_pid: mc-worker       [    233722], ret:         43 } hitcount:          1
{ common_pid: mc-worker       [    233722], ret:         61 } hitcount:          1
{ common_pid: mc-worker       [    233726], ret:         30 } hitcount:          1
{ common_pid: mc-worker       [    233729], ret:        119 } hitcount:          1
{ common_pid: mc-worker       [    233726], ret:         84 } hitcount:          1
{ common_pid: mc-worker       [    233727], ret:         34 } hitcount:          1
{ common_pid: mc-worker       [    233728], ret:        118 } hitcount:          1
{ common_pid: mc-worker       [    233728], ret:         56 } hitcount:          1
{ common_pid: mc-worker       [    233723], ret:         42 } hitcount:          1
{ common_pid: mc-worker       [    233727], ret:        124 } hitcount:          1
{ common_pid: mc-worker       [    233726], ret:         39 } hitcount:          1
{ common_pid: mc-worker       [    233722], ret:         64 } hitcount:          1
{ common_pid: mc-worker       [    233728], ret:         48 } hitcount:          1
{ common_pid: mc-worker       [    233728], ret:        126 } hitcount:          1
{ common_pid: mc-worker       [    233723], ret:         72 } hitcount:          1
{ common_pid: mc-worker       [    233724], ret:         57 } hitcount:          1
{ common_pid: mc-worker       [    233722], ret:         51 } hitcount:          1
{ common_pid: mc-worker       [    233728], ret:         68 } hitcount:          1
{ common_pid: mc-worker       [    233723], ret:         45 } hitcount:          1
{ common_pid: mc-worker       [    233726], ret:         62 } hitcount:          1
{ common_pid: mc-worker       [    233723], ret:         90 } hitcount:          1
{ common_pid: mc-worker       [    233722], ret:         53 } hitcount:          1
{ common_pid: mc-worker       [    233722], ret:         31 } hitcount:          1
{ common_pid: mc-worker       [    233722], ret:         32 } hitcount:          1
{ common_pid: mc-worker       [    233724], ret:         38 } hitcount:          1
{ common_pid: mc-worker       [    233723], ret:         70 } hitcount:          1
{ common_pid: mc-worker       [    233725], ret:        120 } hitcount:          1
{ common_pid: mc-worker       [    233728], ret:        175 } hitcount:          1
{ common_pid: mc-worker       [    233723], ret:         98 } hitcount:          1
{ common_pid: mc-worker       [    233729], ret:         41 } hitcount:          1
{ common_pid: mc-worker       [    233727], ret:         97 } hitcount:          1
{ common_pid: mc-worker       [    233723], ret:        126 } hitcount:          1
{ common_pid: mc-worker       [    233727], ret:        127 } hitcount:          1
{ common_pid: mc-worker       [    233728], ret:        128 } hitcount:          1
{ common_pid: mc-worker       [    233728], ret:         38 } hitcount:          1
{ common_pid: mc-worker       [    233728], ret:        122 } hitcount:          1
{ common_pid: mc-worker       [    233727], ret:         61 } hitcount:          1
{ common_pid: mc-worker       [    233722], ret:         39 } hitcount:          1
{ common_pid: mc-worker       [    233724], ret:         39 } hitcount:          1
{ common_pid: mc-worker       [    233723], ret:         43 } hitcount:          1
{ common_pid: mc-worker       [    233722], ret:         71 } hitcount:          1
{ common_pid: mc-worker       [    233728], ret:         54 } hitcount:          1
{ common_pid: mc-worker       [    233728], ret:         36 } hitcount:          1
{ common_pid: mc-worker       [    233724], ret:         43 } hitcount:          1
{ common_pid: mc-worker       [    233727], ret:         82 } hitcount:          1
{ common_pid: mc-worker       [    233729], ret:         51 } hitcount:          1
{ common_pid: mc-worker       [    233724], ret:         69 } hitcount:          1
{ common_pid: mc-worker       [    233727], ret:        115 } hitcount:          1
{ common_pid: mc-worker       [    233728], ret:         32 } hitcount:          1
{ common_pid: mc-worker       [    233727], ret:         69 } hitcount:          1
{ common_pid: mc-worker       [    233727], ret:         56 } hitcount:          1
{ common_pid: mc-worker       [    233724], ret:        111 } hitcount:          1
{ common_pid: mc-worker       [    233728], ret:         34 } hitcount:          1
{ common_pid: mc-worker       [    233728], ret:        113 } hitcount:          1
{ common_pid: mc-worker       [    233728], ret:         52 } hitcount:          1
{ common_pid: mc-worker       [    233723], ret:         80 } hitcount:          1
{ common_pid: mc-worker       [    233722], ret:        113 } hitcount:          1
{ common_pid: mc-worker       [    233722], ret:        127 } hitcount:          1
{ common_pid: mc-worker       [    233728], ret:         30 } hitcount:          1
{ common_pid: mc-worker       [    233728], ret:         40 } hitcount:          1
{ common_pid: mc-worker       [    233725], ret:        128 } hitcount:          1
{ common_pid: mc-worker       [    233723], ret:         69 } hitcount:          1
{ common_pid: mc-worker       [    233722], ret:         46 } hitcount:          1
{ common_pid: mc-worker       [    233725], ret:         52 } hitcount:          1
{ common_pid: mc-worker       [    233729], ret:        125 } hitcount:          1
{ common_pid: mc-worker       [    233725], ret:        119 } hitcount:          1
{ common_pid: mc-worker       [    233727], ret:         52 } hitcount:          1
{ common_pid: mc-worker       [    233727], ret:         24 } hitcount:          1
{ common_pid: mc-worker       [    233724], ret:         80 } hitcount:          1
{ common_pid: mc-worker       [    233723], ret:        122 } hitcount:          1
{ common_pid: mc-worker       [    233729], ret:         46 } hitcount:          1
{ common_pid: mc-worker       [    233724], ret:         46 } hitcount:          1
{ common_pid: mc-worker       [    233727], ret:         64 } hitcount:          1
{ common_pid: mc-worker       [    233723], ret:        123 } hitcount:          1
{ common_pid: mc-worker       [    233727], ret:         27 } hitcount:          1
{ common_pid: mc-worker       [    233725], ret:         98 } hitcount:          1
{ common_pid: mc-worker       [    233729], ret:        114 } hitcount:          1
{ common_pid: mc-worker       [    233724], ret:        128 } hitcount:          1
{ common_pid: mc-worker       [    233728], ret:         35 } hitcount:          1
{ common_pid: mc-worker       [    233726], ret:        119 } hitcount:          1
{ common_pid: mc-worker       [    233726], ret:         70 } hitcount:          1
{ common_pid: mc-worker       [    233728], ret:        145 } hitcount:          1
{ common_pid: mc-worker       [    233722], ret:        107 } hitcount:          1
{ common_pid: mc-worker       [    233728], ret:         69 } hitcount:          1
{ common_pid: mc-worker       [    233727], ret:         42 } hitcount:          1
{ common_pid: mc-worker       [    233722], ret:        121 } hitcount:          1
{ common_pid: mc-worker       [    233726], ret:         60 } hitcount:          1
{ common_pid: mc-worker       [    233726], ret:         28 } hitcount:          1
{ common_pid: mc-worker       [    233726], ret:        111 } hitcount:          1
{ common_pid: mc-worker       [    233723], ret:        124 } hitcount:          1
{ common_pid: mc-worker       [    233728], ret:         89 } hitcount:          1
{ common_pid: mc-worker       [    233724], ret:         45 } hitcount:          1
{ common_pid: mc-worker       [    233726], ret:         54 } hitcount:          1
{ common_pid: mc-worker       [    233726], ret:        120 } hitcount:          1
{ common_pid: mc-worker       [    233722], ret:         59 } hitcount:          1
{ common_pid: mc-worker       [    233729], ret:         43 } hitcount:          1
{ common_pid: mc-worker       [    233727], ret:         55 } hitcount:          1
{ common_pid: mc-worker       [    233723], ret:         38 } hitcount:          1
{ common_pid: mc-worker       [    233729], ret:         71 } hitcount:          1
{ common_pid: mc-worker       [    233729], ret:         45 } hitcount:          1
{ common_pid: mc-worker       [    233728], ret:        109 } hitcount:          1
{ common_pid: mc-worker       [    233722], ret:         35 } hitcount:          1
{ common_pid: mc-worker       [    233723], ret:         76 } hitcount:          1
{ common_pid: mc-worker       [    233723], ret:         87 } hitcount:          1
{ common_pid: mc-worker       [    233726], ret:        127 } hitcount:          1
{ common_pid: mc-worker       [    233728], ret:         45 } hitcount:          1
{ common_pid: mc-worker       [    233729], ret:         70 } hitcount:          1
{ common_pid: mc-worker       [    233722], ret:         34 } hitcount:          1
{ common_pid: mc-worker       [    233729], ret:         44 } hitcount:          1
{ common_pid: mc-worker       [    233727], ret:        104 } hitcount:          1
{ common_pid: mc-worker       [    233728], ret:         63 } hitcount:          1
{ common_pid: mc-worker       [    233727], ret:         37 } hitcount:          1
{ common_pid: mc-worker       [    233728], ret:         53 } hitcount:          1
{ common_pid: mc-worker       [    233724], ret:         53 } hitcount:          1
{ common_pid: mc-worker       [    233723], ret:        114 } hitcount:          1
{ common_pid: mc-worker       [    233726], ret:         67 } hitcount:          1
{ common_pid: mc-worker       [    233725], ret:         76 } hitcount:          1
{ common_pid: mc-worker       [    233729], ret:        128 } hitcount:          1
{ common_pid: mc-worker       [    233726], ret:         57 } hitcount:          1
{ common_pid: mc-worker       [    233724], ret:        123 } hitcount:          1
{ common_pid: mc-worker       [    233723], ret:         79 } hitcount:          1
{ common_pid: mc-worker       [    233722], ret:         58 } hitcount:          1
{ common_pid: mc-worker       [    233727], ret:         60 } hitcount:          1
{ common_pid: mc-worker       [    233726], ret:         45 } hitcount:          1
{ common_pid: mc-worker       [    233727], ret:         30 } hitcount:          1
{ common_pid: mc-worker       [    233723], ret:         68 } hitcount:          1
{ common_pid: mc-worker       [    233728], ret:         61 } hitcount:          1
{ common_pid: mc-worker       [    233722], ret:         48 } hitcount:          1
{ common_pid: mc-worker       [    233723], ret:         78 } hitcount:          1
{ common_pid: mc-worker       [    233727], ret:         43 } hitcount:          1
{ common_pid: mc-worker       [    233729], ret:         74 } hitcount:          1
{ common_pid: mc-worker       [    233728], ret:         64 } hitcount:          1
{ common_pid: mc-worker       [    233727], ret:         28 } hitcount:          1
{ common_pid: mc-worker       [    233723], ret:        120 } hitcount:          1
{ common_pid: mc-worker       [    233728], ret:         49 } hitcount:          1
{ common_pid: mc-worker       [    233726], ret:         72 } hitcount:          1
{ common_pid: mc-worker       [    233723], ret:         86 } hitcount:          2
{ common_pid: mc-worker       [    233723], ret:        127 } hitcount:          2
{ common_pid: mc-worker       [    233729], ret:         49 } hitcount:          2
{ common_pid: mc-worker       [    233723], ret:         30 } hitcount:          2
{ common_pid: mc-worker       [    233726], ret:         29 } hitcount:          2
{ common_pid: mc-worker       [    233722], ret:         33 } hitcount:          2
{ common_pid: mc-worker       [    233729], ret:         47 } hitcount:          2
{ common_pid: mc-worker       [    233726], ret:         66 } hitcount:          2
{ common_pid: mc-worker       [    233723], ret:         35 } hitcount:          2
{ common_pid: mc-worker       [    233727], ret:         54 } hitcount:          2
{ common_pid: mc-worker       [    233726], ret:         58 } hitcount:          2
{ common_pid: mc-worker       [    233727], ret:         67 } hitcount:          2
{ common_pid: mc-worker       [    233723], ret:         40 } hitcount:          2
{ common_pid: mc-worker       [    233726], ret:         55 } hitcount:          2
{ common_pid: mc-worker       [    233723], ret:         36 } hitcount:          2
{ common_pid: mc-worker       [    233728], ret:         65 } hitcount:          2
{ common_pid: mc-worker       [    233728], ret:         29 } hitcount:          2
{ common_pid: mc-worker       [    233727], ret:         25 } hitcount:          2
{ common_pid: mc-worker       [    233725], ret:         33 } hitcount:          2
{ common_pid: mc-worker       [    233729], ret:         59 } hitcount:          2
{ common_pid: mc-worker       [    233725], ret:         30 } hitcount:          2
{ common_pid: mc-worker       [    233723], ret:         28 } hitcount:          2
{ common_pid: mc-worker       [    233727], ret:         57 } hitcount:          2
{ common_pid: mc-worker       [    233729], ret:         68 } hitcount:          2
{ common_pid: mc-worker       [    233727], ret:         22 } hitcount:          2
{ common_pid: mc-worker       [    233728], ret:         28 } hitcount:          2
{ common_pid: mc-worker       [    233728], ret:         70 } hitcount:          2
{ common_pid: mc-worker       [    233727], ret:         19 } hitcount:          2
{ common_pid: mc-worker       [    233723], ret:         29 } hitcount:          2
{ common_pid: mc-worker       [    233729], ret:         39 } hitcount:          2
{ common_pid: mc-worker       [    233723], ret:         48 } hitcount:          2
{ common_pid: mc-worker       [    233729], ret:         66 } hitcount:          2
{ common_pid: mc-worker       [    233728], ret:         31 } hitcount:          2
{ common_pid: mc-worker       [    233725], ret:         36 } hitcount:          2
{ common_pid: mc-worker       [    233723], ret:         71 } hitcount:          2
{ common_pid: mc-worker       [    233723], ret:         46 } hitcount:          2
{ common_pid: mc-worker       [    233726], ret:         26 } hitcount:          3
{ common_pid: mc-worker       [    233723], ret:         50 } hitcount:          3
{ common_pid: mc-worker       [    233728], ret:         60 } hitcount:          3
{ common_pid: mc-worker       [    233727], ret:         59 } hitcount:          3
{ common_pid: mc-worker       [    233725], ret:         29 } hitcount:          3
{ common_pid: mc-worker       [    233727], ret:         23 } hitcount:          3
{ common_pid: mc-worker       [    233723], ret:         32 } hitcount:          3
{ common_pid: mc-worker       [    233724], ret:         37 } hitcount:          3
{ common_pid: mc-worker       [    233726], ret:         65 } hitcount:          3
{ common_pid: mc-worker       [    233726], ret:         56 } hitcount:          3
{ common_pid: mc-worker       [    233729], ret:         69 } hitcount:          3
{ common_pid: mc-worker       [    233729], ret:         48 } hitcount:          3
{ common_pid: mc-worker       [    233723], ret:         51 } hitcount:          3
{ common_pid: mc-worker       [    233729], ret:         57 } hitcount:          3
{ common_pid: mc-worker       [    233726], ret:         59 } hitcount:          3
{ common_pid: mc-worker       [    233729], ret:         50 } hitcount:          3
{ common_pid: mc-worker       [    233723], ret:         37 } hitcount:          3
{ common_pid: mc-worker       [    233729], ret:         53 } hitcount:          3
{ common_pid: mc-worker       [    233723], ret:         47 } hitcount:          3
{ common_pid: mc-worker       [    233729], ret:         58 } hitcount:          3
{ common_pid: mc-worker       [    233726], ret:         63 } hitcount:          4
{ common_pid: mc-worker       [    233726], ret:         61 } hitcount:          4
{ common_pid: mc-worker       [    233723], ret:         31 } hitcount:          4
{ common_pid: mc-worker       [    233723], ret:         34 } hitcount:          4
{ common_pid: mc-worker       [    233727], ret:         62 } hitcount:          4
{ common_pid: mc-worker       [    233725], ret:         32 } hitcount:          4
{ common_pid: mc-worker       [    233722], ret:         29 } hitcount:          4
{ common_pid: mc-worker       [    233723], ret:         65 } hitcount:          4
{ common_pid: mc-worker       [    233729], ret:         40 } hitcount:          4
{ common_pid: mc-worker       [    233726], ret:         27 } hitcount:          4
{ common_pid: mc-worker       [    233729], ret:         54 } hitcount:          4
{ common_pid: mc-worker       [    233723], ret:         44 } hitcount:          4
{ common_pid: mc-worker       [    233724], ret:         34 } hitcount:          4
{ common_pid: mc-worker       [    233726], ret:        128 } hitcount:          4
{ common_pid: mc-worker       [    233725], ret:         31 } hitcount:          4
{ common_pid: mc-worker       [    233729], ret:         38 } hitcount:          4
{ common_pid: mc-worker       [    233729], ret:         62 } hitcount:          4
{ common_pid: mc-worker       [    233726], ret:         64 } hitcount:          4
{ common_pid: mc-worker       [    233723], ret:         67 } hitcount:          4
{ common_pid: mc-worker       [    233723], ret:         33 } hitcount:          4
{ common_pid: mc-worker       [    233729], ret:         63 } hitcount:          4
{ common_pid: mc-worker       [    233729], ret:         65 } hitcount:          5
{ common_pid: mc-worker       [    233722], ret:         30 } hitcount:          5
{ common_pid: mc-worker       [    233729], ret:         42 } hitcount:          5
{ common_pid: mc-worker       [    233729], ret:         67 } hitcount:          5
{ common_pid: mc-worker       [    233725], ret:         27 } hitcount:          5
{ common_pid: mc-worker       [    233729], ret:         34 } hitcount:          5
{ common_pid: mc-worker       [    233725], ret:         25 } hitcount:          5
{ common_pid: mc-worker       [    233729], ret:         64 } hitcount:          5
{ common_pid: mc-worker       [    233727], ret:         20 } hitcount:          5
{ common_pid: mc-worker       [    233727], ret:         21 } hitcount:          6
{ common_pid: mc-worker       [    233729], ret:         61 } hitcount:          6
{ common_pid: mc-worker       [    233724], ret:         36 } hitcount:          6
{ common_pid: mc-worker       [    233728], ret:         27 } hitcount:          6
{ common_pid: mc-worker       [    233723], ret:         27 } hitcount:          6
{ common_pid: mc-worker       [    233729], ret:         60 } hitcount:          6
{ common_pid: mc-worker       [    233723], ret:         54 } hitcount:          6
{ common_pid: mc-worker       [    233724], ret:         35 } hitcount:          7
{ common_pid: mc-worker       [    233722], ret:         27 } hitcount:          7
{ common_pid: mc-worker       [    233726], ret:         25 } hitcount:          7
{ common_pid: mc-worker       [    233723], ret:         52 } hitcount:          7
{ common_pid: mc-worker       [    233723], ret:         66 } hitcount:          7
{ common_pid: mc-worker       [    233723], ret:         53 } hitcount:          8
{ common_pid: mc-worker       [    233728], ret:         26 } hitcount:          8
{ common_pid: mc-worker       [    233723], ret:         58 } hitcount:          8
{ common_pid: mc-worker       [    233729], ret:         37 } hitcount:          8
{ common_pid: mc-worker       [    233723], ret:         26 } hitcount:          8
{ common_pid: mc-worker       [    233723], ret:         62 } hitcount:          8
{ common_pid: mc-worker       [    233723], ret:         63 } hitcount:          9
{ common_pid: mc-worker       [    233729], ret:         35 } hitcount:          9
{ common_pid: mc-worker       [    233724], ret:         33 } hitcount:          9
{ common_pid: mc-worker       [    233725], ret:         24 } hitcount:          9
{ common_pid: mc-worker       [    233725], ret:         26 } hitcount:          9
{ common_pid: mc-worker       [    233722], ret:         28 } hitcount:          9
{ common_pid: mc-worker       [    233723], ret:        128 } hitcount:          9
{ common_pid: mc-worker       [    233723], ret:         25 } hitcount:         10
{ common_pid: mc-worker       [    233727], ret:         18 } hitcount:         10
{ common_pid: mc-worker       [    233723], ret:         55 } hitcount:         10
{ common_pid: mc-worker       [    233729], ret:         36 } hitcount:         10
{ common_pid: mc-worker       [    233723], ret:         56 } hitcount:         11
{ common_pid: mc-worker       [    233723], ret:         64 } hitcount:         11
{ common_pid: mc-worker       [    233722], ret:         26 } hitcount:         11
{ common_pid: mc-worker       [    233723], ret:         57 } hitcount:         12
{ common_pid: mc-worker       [    233724], ret:         32 } hitcount:         12
{ common_pid: mc-worker       [    233725], ret:         23 } hitcount:         13
{ common_pid: mc-worker       [    233723], ret:         59 } hitcount:         13
{ common_pid: mc-worker       [    233723], ret:         61 } hitcount:         13
{ common_pid: mc-worker       [    233723], ret:         60 } hitcount:         13
{ common_pid: mc-worker       [    233723], ret:         24 } hitcount:         13
{ common_pid: mc-worker       [    233726], ret:         23 } hitcount:         13
{ common_pid: mc-worker       [    233726], ret:         24 } hitcount:         13
{ common_pid: mc-worker       [    233724], ret:         30 } hitcount:         14
{ common_pid: mc-worker       [    233728], ret:         25 } hitcount:         16
{ common_pid: mc-worker       [    233729], ret:         33 } hitcount:         17
{ common_pid: mc-worker       [    233725], ret:         22 } hitcount:         18
{ common_pid: mc-worker       [    233728], ret:         24 } hitcount:         18
{ common_pid: mc-worker       [    233723], ret:         22 } hitcount:         18
{ common_pid: mc-worker       [    233724], ret:         29 } hitcount:         19
{ common_pid: mc-worker       [    233729], ret:         32 } hitcount:         19
{ common_pid: mc-worker       [    233724], ret:         31 } hitcount:         20
{ common_pid: mc-worker       [    233728], ret:         23 } hitcount:         20
{ common_pid: mc-worker       [    233729], ret:         31 } hitcount:         22
{ common_pid: mc-worker       [    233722], ret:         25 } hitcount:         23
{ common_pid: mc-worker       [    233722], ret:         24 } hitcount:         24
{ common_pid: mc-worker       [    233727], ret:         17 } hitcount:         25
{ common_pid: mc-worker       [    233728], ret:         22 } hitcount:         26
{ common_pid: mc-worker       [    233723], ret:         23 } hitcount:         27
{ common_pid: mc-worker       [    233725], ret:         21 } hitcount:         31
{ common_pid: mc-worker       [    233726], ret:         22 } hitcount:         32
{ common_pid: mc-worker       [    233729], ret:         30 } hitcount:         33
{ common_pid: mc-worker       [    233724], ret:         26 } hitcount:         33
{ common_pid: mc-worker       [    233722], ret:         22 } hitcount:         34
{ common_pid: mc-worker       [    233726], ret:         21 } hitcount:         36
{ common_pid: mc-worker       [    233729], ret:         29 } hitcount:         38
{ common_pid: mc-worker       [    233725], ret:         20 } hitcount:         39
{ common_pid: mc-worker       [    233728], ret:         21 } hitcount:         39
{ common_pid: mc-worker       [    233723], ret:         21 } hitcount:         41
{ common_pid: mc-worker       [    233722], ret:         23 } hitcount:         41
{ common_pid: mc-worker       [    233724], ret:         27 } hitcount:         41
{ common_pid: mc-worker       [    233729], ret:         28 } hitcount:         44
{ common_pid: mc-worker       [    233726], ret:         20 } hitcount:         48
{ common_pid: mc-worker       [    233724], ret:         28 } hitcount:         49
{ common_pid: mc-worker       [    233727], ret:         16 } hitcount:         54
{ common_pid: mc-worker       [    233723], ret:         20 } hitcount:         56
{ common_pid: mc-worker       [    233725], ret:         19 } hitcount:         63
{ common_pid: mc-worker       [    233722], ret:         21 } hitcount:         68
{ common_pid: mc-worker       [    233729], ret:         27 } hitcount:         71
{ common_pid: mc-worker       [    233728], ret:         20 } hitcount:         76
{ common_pid: mc-worker       [    233726], ret:         19 } hitcount:         77
{ common_pid: mc-worker       [    233724], ret:         24 } hitcount:         79
{ common_pid: mc-worker       [    233724], ret:         25 } hitcount:         80
{ common_pid: mc-worker       [    233723], ret:         19 } hitcount:         83
{ common_pid: mc-worker       [    233727], ret:         15 } hitcount:         86
{ common_pid: mc-worker       [    233725], ret:         18 } hitcount:         88
{ common_pid: mc-worker       [    233729], ret:         26 } hitcount:         93
{ common_pid: mc-worker       [    233726], ret:         18 } hitcount:        107
{ common_pid: mc-worker       [    233728], ret:         19 } hitcount:        109
{ common_pid: mc-worker       [    233722], ret:         20 } hitcount:        109
{ common_pid: mc-worker       [    233729], ret:         25 } hitcount:        125
{ common_pid: mc-worker       [    233725], ret:         17 } hitcount:        127
{ common_pid: mc-worker       [    233723], ret:         18 } hitcount:        127
{ common_pid: mc-worker       [    233724], ret:         23 } hitcount:        132
{ common_pid: mc-worker       [    233727], ret:         14 } hitcount:        133
{ common_pid: mc-worker       [    233729], ret:         24 } hitcount:        145
{ common_pid: mc-worker       [    233722], ret:         19 } hitcount:        168
{ common_pid: mc-worker       [    233726], ret:         17 } hitcount:        180
{ common_pid: mc-worker       [    233724], ret:         22 } hitcount:        185
{ common_pid: mc-worker       [    233728], ret:         18 } hitcount:        186
{ common_pid: mc-worker       [    233723], ret:         17 } hitcount:        209
{ common_pid: mc-worker       [    233725], ret:         16 } hitcount:        210
{ common_pid: mc-worker       [    233729], ret:         23 } hitcount:        223
{ common_pid: mc-worker       [    233722], ret:         18 } hitcount:        223
{ common_pid: mc-worker       [    233728], ret:         17 } hitcount:        255
{ common_pid: mc-worker       [    233727], ret:         13 } hitcount:        256
{ common_pid: mc-worker       [    233729], ret:         22 } hitcount:        257
{ common_pid: mc-worker       [    233724], ret:         21 } hitcount:        265
{ common_pid: mc-worker       [    233726], ret:         16 } hitcount:        277
{ common_pid: mc-worker       [    233723], ret:         16 } hitcount:        322
{ common_pid: mc-worker       [    233722], ret:         17 } hitcount:        325
{ common_pid: mc-worker       [    233724], ret:         20 } hitcount:        325
{ common_pid: mc-worker       [    233725], ret:         15 } hitcount:        340
{ common_pid: mc-worker       [    233729], ret:         21 } hitcount:        366
{ common_pid: mc-worker       [    233728], ret:         16 } hitcount:        403
{ common_pid: mc-worker       [    233726], ret:         15 } hitcount:        458
{ common_pid: mc-worker       [    233723], ret:         15 } hitcount:        460
{ common_pid: mc-worker       [    233727], ret:         12 } hitcount:        465
{ common_pid: mc-worker       [    233724], ret:         19 } hitcount:        472
{ common_pid: mc-worker       [    233725], ret:         14 } hitcount:        495
{ common_pid: mc-worker       [    233722], ret:         16 } hitcount:        509
{ common_pid: mc-worker       [    233729], ret:         20 } hitcount:        510
{ common_pid: mc-worker       [    233728], ret:         15 } hitcount:        587
{ common_pid: mc-worker       [    233729], ret:         19 } hitcount:        657
{ common_pid: mc-worker       [    233722], ret:         15 } hitcount:        675
{ common_pid: mc-worker       [    233723], ret:         14 } hitcount:        714
{ common_pid: mc-worker       [    233724], ret:         18 } hitcount:        716
{ common_pid: mc-worker       [    233726], ret:         14 } hitcount:        758
{ common_pid: mc-worker       [    233727], ret:         11 } hitcount:        845
{ common_pid: mc-worker       [    233725], ret:         13 } hitcount:        866
{ common_pid: mc-worker       [    233729], ret:         18 } hitcount:        872
{ common_pid: mc-worker       [    233724], ret:         17 } hitcount:        913
{ common_pid: mc-worker       [    233728], ret:         14 } hitcount:        952
{ common_pid: mc-worker       [    233722], ret:         14 } hitcount:       1044
{ common_pid: mc-worker       [    233726], ret:         13 } hitcount:       1099
{ common_pid: mc-worker       [    233723], ret:         13 } hitcount:       1105
{ common_pid: mc-worker       [    233729], ret:         17 } hitcount:       1227
{ common_pid: mc-worker       [    233725], ret:         12 } hitcount:       1282
{ common_pid: mc-worker       [    233724], ret:         16 } hitcount:       1317
{ common_pid: mc-worker       [    233728], ret:         13 } hitcount:       1365
{ common_pid: mc-worker       [    233727], ret:         10 } hitcount:       1486
{ common_pid: mc-worker       [    233722], ret:         13 } hitcount:       1642
{ common_pid: mc-worker       [    233723], ret:         12 } hitcount:       1676
{ common_pid: mc-worker       [    233729], ret:         16 } hitcount:       1698
{ common_pid: mc-worker       [    233724], ret:         15 } hitcount:       1836
{ common_pid: mc-worker       [    233726], ret:         12 } hitcount:       1851
{ common_pid: mc-worker       [    233725], ret:         11 } hitcount:       2090
{ common_pid: mc-worker       [    233728], ret:         12 } hitcount:       2170
{ common_pid: mc-worker       [    233729], ret:         15 } hitcount:       2359
{ common_pid: mc-worker       [    233722], ret:         12 } hitcount:       2386
{ common_pid: mc-worker       [    233724], ret:         14 } hitcount:       2695
{ common_pid: mc-worker       [    233723], ret:         11 } hitcount:       2754
{ common_pid: mc-worker       [    233727], ret:          9 } hitcount:       2807
{ common_pid: mc-worker       [    233726], ret:         11 } hitcount:       2897
{ common_pid: mc-worker       [    233729], ret:         14 } hitcount:       3205
{ common_pid: mc-worker       [    233728], ret:         11 } hitcount:       3350
{ common_pid: mc-worker       [    233725], ret:         10 } hitcount:       3467
{ common_pid: mc-worker       [    233722], ret:         11 } hitcount:       3607
{ common_pid: mc-worker       [    233724], ret:         13 } hitcount:       3787
{ common_pid: mc-worker       [    233723], ret:         10 } hitcount:       4172
{ common_pid: mc-worker       [    233729], ret:         13 } hitcount:       4188
{ common_pid: mc-worker       [    233726], ret:         10 } hitcount:       4712
{ common_pid: mc-worker       [    233724], ret:         12 } hitcount:       5174
{ common_pid: mc-worker       [    233728], ret:         10 } hitcount:       5262
{ common_pid: mc-worker       [    233727], ret:          8 } hitcount:       5420
{ common_pid: mc-worker       [    233722], ret:         10 } hitcount:       5515
{ common_pid: mc-worker       [    233725], ret:          9 } hitcount:       5688
{ common_pid: mc-worker       [    233729], ret:         12 } hitcount:       6019
{ common_pid: mc-worker       [    233723], ret:          9 } hitcount:       6919
{ common_pid: mc-worker       [    233724], ret:         11 } hitcount:       7250
{ common_pid: mc-worker       [    233726], ret:          9 } hitcount:       7706
{ common_pid: mc-worker       [    233728], ret:          9 } hitcount:       8246
{ common_pid: mc-worker       [    233729], ret:         11 } hitcount:       8358
{ common_pid: mc-worker       [    233722], ret:          9 } hitcount:       8872
{ common_pid: mc-worker       [    233725], ret:          8 } hitcount:       9500
{ common_pid: mc-worker       [    233727], ret:          7 } hitcount:      10397
{ common_pid: mc-worker       [    233724], ret:         10 } hitcount:      10715
{ common_pid: mc-worker       [    233723], ret:          8 } hitcount:      11391
{ common_pid: mc-worker       [    233729], ret:         10 } hitcount:      11804
{ common_pid: mc-worker       [    233726], ret:          8 } hitcount:      12935
{ common_pid: mc-worker       [    233728], ret:          8 } hitcount:      13562
{ common_pid: mc-worker       [    233722], ret:          8 } hitcount:      13729
{ common_pid: mc-worker       [    233724], ret:          9 } hitcount:      15277
{ common_pid: mc-worker       [    233729], ret:          9 } hitcount:      16382
{ common_pid: mc-worker       [    233725], ret:          7 } hitcount:      16478
{ common_pid: mc-worker       [    233723], ret:          7 } hitcount:      18731
{ common_pid: mc-worker       [    233727], ret:          6 } hitcount:      21320
{ common_pid: mc-worker       [    233726], ret:          7 } hitcount:      21688
{ common_pid: mc-worker       [    233728], ret:          7 } hitcount:      21816
{ common_pid: mc-worker       [    233724], ret:          8 } hitcount:      21869
{ common_pid: mc-worker       [    233722], ret:          7 } hitcount:      21910
{ common_pid: mc-worker       [    233729], ret:          8 } hitcount:      23290
{ common_pid: mc-worker       [    233725], ret:          6 } hitcount:      29115
{ common_pid: mc-worker       [    233724], ret:          7 } hitcount:      32365
{ common_pid: mc-worker       [    233723], ret:          6 } hitcount:      32670
{ common_pid: mc-worker       [    233729], ret:          7 } hitcount:      33546
{ common_pid: mc-worker       [    233722], ret:          6 } hitcount:      36070
{ common_pid: mc-worker       [    233728], ret:          6 } hitcount:      36764
{ common_pid: mc-worker       [    233726], ret:          6 } hitcount:      37563
{ common_pid: mc-worker       [    233727], ret:          5 } hitcount:      44535
{ common_pid: mc-worker       [    233724], ret:          6 } hitcount:      48803
{ common_pid: mc-worker       [    233729], ret:          6 } hitcount:      49877
{ common_pid: mc-worker       [    233725], ret:          5 } hitcount:      54529
{ common_pid: mc-worker       [    233723], ret:          5 } hitcount:      58123
{ common_pid: mc-worker       [    233722], ret:          5 } hitcount:      62916
{ common_pid: mc-worker       [    233728], ret:          5 } hitcount:      64071
{ common_pid: mc-worker       [    233726], ret:          5 } hitcount:      67307
{ common_pid: mc-worker       [    233724], ret:          5 } hitcount:      75692
{ common_pid: mc-worker       [    233729], ret:          5 } hitcount:      76224
{ common_pid: mc-worker       [    233727], ret:          4 } hitcount:      94190
{ common_pid: mc-worker       [    233725], ret:          4 } hitcount:     104117
{ common_pid: mc-worker       [    233723], ret:          4 } hitcount:     106949
{ common_pid: mc-worker       [    233722], ret:          4 } hitcount:     112109
{ common_pid: mc-worker       [    233728], ret:          4 } hitcount:     115101
{ common_pid: mc-worker       [    233729], ret:          4 } hitcount:     119444
{ common_pid: mc-worker       [    233724], ret:          4 } hitcount:     120912
{ common_pid: mc-worker       [    233726], ret:          4 } hitcount:     122144
{ common_pid: mc-worker       [    233729], ret:          3 } hitcount:     189456
{ common_pid: mc-worker       [    233724], ret:          3 } hitcount:     194059
{ common_pid: mc-worker       [    233723], ret:          3 } hitcount:     199899
{ common_pid: mc-worker       [    233722], ret:          3 } hitcount:     202934
{ common_pid: mc-worker       [    233725], ret:          3 } hitcount:     204940
{ common_pid: mc-worker       [    233727], ret:          3 } hitcount:     206024
{ common_pid: mc-worker       [    233728], ret:          3 } hitcount:     209204
{ common_pid: mc-worker       [    233726], ret:          3 } hitcount:     226541
{ common_pid: mc-worker       [    233729], ret:          2 } hitcount:     313690
{ common_pid: mc-worker       [    233724], ret:          2 } hitcount:     325669
{ common_pid: mc-worker       [    233722], ret:          2 } hitcount:     386429
{ common_pid: mc-worker       [    233723], ret:          2 } hitcount:     393890
{ common_pid: mc-worker       [    233728], ret:          2 } hitcount:     403535
{ common_pid: mc-worker       [    233725], ret:          2 } hitcount:     423888
{ common_pid: mc-worker       [    233726], ret:          2 } hitcount:     439148
{ common_pid: mc-worker       [    233727], ret:          2 } hitcount:     467989
{ common_pid: mc-worker       [    233729], ret:          1 } hitcount:     534983
{ common_pid: mc-worker       [    233724], ret:          1 } hitcount:     563855
{ common_pid: mc-worker       [    233722], ret:          1 } hitcount:     763221
{ common_pid: mc-worker       [    233723], ret:          1 } hitcount:     804386
{ common_pid: mc-worker       [    233728], ret:          1 } hitcount:     808460
{ common_pid: mc-worker       [    233726], ret:          1 } hitcount:     865849
{ common_pid: mc-worker       [    233725], ret:          1 } hitcount:     914563
{ common_pid: mc-worker       [    233727], ret:          1 } hitcount:    1086188
