Linux 6.12.0-rc5-nfoff-mitioff-susv7 (cache-sql13432) 	11/07/2024 	_x86_64_	(64 CPU)

03:19:54 PM     CPU      %usr     %nice      %sys   %iowait    %steal      %irq     %soft    %guest    %gnice     %idle
03:19:55 PM      32     17.00      0.00     83.00      0.00      0.00      0.00      0.00      0.00      0.00      0.00
03:19:55 PM      33     19.00      0.00     81.00      0.00      0.00      0.00      0.00      0.00      0.00      0.00
03:19:55 PM      34     18.00      0.00     81.00      0.00      0.00      0.00      1.00      0.00      0.00      0.00
03:19:55 PM      35     17.00      0.00     83.00      0.00      0.00      0.00      0.00      0.00      0.00      0.00
03:19:55 PM      36     15.00      0.00     84.00      0.00      0.00      0.00      1.00      0.00      0.00      0.00
03:19:55 PM      37     17.00      0.00     82.00      0.00      0.00      0.00      1.00      0.00      0.00      0.00
03:19:55 PM      38     20.00      0.00     79.00      0.00      0.00      0.00      1.00      0.00      0.00      0.00
03:19:55 PM      39     21.00      0.00     78.00      0.00      0.00      0.00      1.00      0.00      0.00      0.00

03:19:55 PM     CPU      %usr     %nice      %sys   %iowait    %steal      %irq     %soft    %guest    %gnice     %idle
03:19:56 PM      32     21.78      0.00     77.23      0.00      0.00      0.00      0.99      0.00      0.00      0.00
03:19:56 PM      33     20.00      0.00     80.00      0.00      0.00      0.00      0.00      0.00      0.00      0.00
03:19:56 PM      34     15.15      0.00     84.85      0.00      0.00      0.00      0.00      0.00      0.00      0.00
03:19:56 PM      35     20.20      0.00     79.80      0.00      0.00      0.00      0.00      0.00      0.00      0.00
03:19:56 PM      36     14.00      0.00     85.00      0.00      0.00      0.00      1.00      0.00      0.00      0.00
03:19:56 PM      37     19.00      0.00     81.00      0.00      0.00      0.00      0.00      0.00      0.00      0.00
03:19:56 PM      38     15.00      0.00     84.00      0.00      0.00      0.00      1.00      0.00      0.00      0.00
03:19:56 PM      39     18.81      0.00     80.20      0.00      0.00      0.00      0.99      0.00      0.00      0.00

03:19:56 PM     CPU      %usr     %nice      %sys   %iowait    %steal      %irq     %soft    %guest    %gnice     %idle
03:19:57 PM      32     22.00      0.00     77.00      0.00      0.00      0.00      1.00      0.00      0.00      0.00
03:19:57 PM      33     20.79      0.00     78.22      0.00      0.00      0.00      0.99      0.00      0.00      0.00
03:19:57 PM      34     14.85      0.00     84.16      0.00      0.00      0.00      0.99      0.00      0.00      0.00
03:19:57 PM      35     20.00      0.00     80.00      0.00      0.00      0.00      0.00      0.00      0.00      0.00
03:19:57 PM      36     16.83      0.00     82.18      0.00      0.00      0.00      0.99      0.00      0.00      0.00
03:19:57 PM      37     21.21      0.00     78.79      0.00      0.00      0.00      0.00      0.00      0.00      0.00
03:19:57 PM      38     17.82      0.00     82.18      0.00      0.00      0.00      0.00      0.00      0.00      0.00
03:19:57 PM      39     17.17      0.00     82.83      0.00      0.00      0.00      0.00      0.00      0.00      0.00

03:19:57 PM     CPU      %usr     %nice      %sys   %iowait    %steal      %irq     %soft    %guest    %gnice     %idle
03:19:58 PM      32     17.17      0.00     81.82      0.00      0.00      0.00      1.01      0.00      0.00      0.00
03:19:58 PM      33     19.00      0.00     81.00      0.00      0.00      0.00      0.00      0.00      0.00      0.00
03:19:58 PM      34     19.19      0.00     80.81      0.00      0.00      0.00      0.00      0.00      0.00      0.00
03:19:58 PM      35     14.00      0.00     86.00      0.00      0.00      0.00      0.00      0.00      0.00      0.00
03:19:58 PM      36     15.15      0.00     83.84      0.00      0.00      0.00      1.01      0.00      0.00      0.00
03:19:58 PM      37     15.84      0.00     82.18      0.00      0.00      0.00      1.98      0.00      0.00      0.00
03:19:58 PM      38     21.21      0.00     78.79      0.00      0.00      0.00      0.00      0.00      0.00      0.00
03:19:58 PM      39     18.81      0.00     79.21      0.00      0.00      0.00      1.98      0.00      0.00      0.00

03:19:58 PM     CPU      %usr     %nice      %sys   %iowait    %steal      %irq     %soft    %guest    %gnice     %idle
03:19:59 PM      32     21.78      0.00     77.23      0.00      0.00      0.00      0.99      0.00      0.00      0.00
03:19:59 PM      33     17.00      0.00     82.00      0.00      0.00      0.00      1.00      0.00      0.00      0.00
03:19:59 PM      34     17.82      0.00     82.18      0.00      0.00      0.00      0.00      0.00      0.00      0.00
03:19:59 PM      35     19.00      0.00     81.00      0.00      0.00      0.00      0.00      0.00      0.00      0.00
03:19:59 PM      36     15.00      0.00     83.00      0.00      0.00      0.00      2.00      0.00      0.00      0.00
03:19:59 PM      37     18.00      0.00     82.00      0.00      0.00      0.00      0.00      0.00      0.00      0.00
03:19:59 PM      38     19.00      0.00     80.00      0.00      0.00      0.00      1.00      0.00      0.00      0.00
03:19:59 PM      39     16.00      0.00     83.00      0.00      0.00      0.00      1.00      0.00      0.00      0.00

03:19:59 PM     CPU      %usr     %nice      %sys   %iowait    %steal      %irq     %soft    %guest    %gnice     %idle
03:20:00 PM      32     22.22      0.00     77.78      0.00      0.00      0.00      0.00      0.00      0.00      0.00
03:20:00 PM      33     19.00      0.00     81.00      0.00      0.00      0.00      0.00      0.00      0.00      0.00
03:20:00 PM      34     17.17      0.00     82.83      0.00      0.00      0.00      0.00      0.00      0.00      0.00
03:20:00 PM      35     21.00      0.00     79.00      0.00      0.00      0.00      0.00      0.00      0.00      0.00
03:20:00 PM      36     16.00      0.00     84.00      0.00      0.00      0.00      0.00      0.00      0.00      0.00
03:20:00 PM      37     21.21      0.00     78.79      0.00      0.00      0.00      0.00      0.00      0.00      0.00
03:20:00 PM      38     17.82      0.00     81.19      0.00      0.00      0.00      0.99      0.00      0.00      0.00
03:20:00 PM      39     23.00      0.00     77.00      0.00      0.00      0.00      0.00      0.00      0.00      0.00

03:20:00 PM     CPU      %usr     %nice      %sys   %iowait    %steal      %irq     %soft    %guest    %gnice     %idle
03:20:01 PM      32     15.84      0.00     83.17      0.00      0.00      0.00      0.99      0.00      0.00      0.00
03:20:01 PM      33     16.16      0.00     83.84      0.00      0.00      0.00      0.00      0.00      0.00      0.00
03:20:01 PM      34     20.79      0.00     79.21      0.00      0.00      0.00      0.00      0.00      0.00      0.00
03:20:01 PM      35     17.00      0.00     83.00      0.00      0.00      0.00      0.00      0.00      0.00      0.00
03:20:01 PM      36     20.00      0.00     79.00      0.00      0.00      0.00      1.00      0.00      0.00      0.00
03:20:01 PM      37     20.00      0.00     80.00      0.00      0.00      0.00      0.00      0.00      0.00      0.00
03:20:01 PM      38     19.00      0.00     81.00      0.00      0.00      0.00      0.00      0.00      0.00      0.00
03:20:01 PM      39     19.00      0.00     80.00      0.00      0.00      0.00      1.00      0.00      0.00      0.00

03:20:01 PM     CPU      %usr     %nice      %sys   %iowait    %steal      %irq     %soft    %guest    %gnice     %idle
03:20:02 PM      32     18.18      0.00     80.81      0.00      0.00      0.00      1.01      0.00      0.00      0.00
03:20:02 PM      33     20.79      0.00     78.22      0.00      0.00      0.00      0.99      0.00      0.00      0.00
03:20:02 PM      34     21.00      0.00     78.00      0.00      0.00      0.00      1.00      0.00      0.00      0.00
03:20:02 PM      35     17.17      0.00     82.83      0.00      0.00      0.00      0.00      0.00      0.00      0.00
03:20:02 PM      36     15.00      0.00     85.00      0.00      0.00      0.00      0.00      0.00      0.00      0.00
03:20:02 PM      37     19.80      0.00     79.21      0.00      0.00      0.00      0.99      0.00      0.00      0.00
03:20:02 PM      38     16.16      0.00     83.84      0.00      0.00      0.00      0.00      0.00      0.00      0.00
03:20:02 PM      39     22.22      0.00     77.78      0.00      0.00      0.00      0.00      0.00      0.00      0.00

03:20:02 PM     CPU      %usr     %nice      %sys   %iowait    %steal      %irq     %soft    %guest    %gnice     %idle
03:20:03 PM      32     20.00      0.00     80.00      0.00      0.00      0.00      0.00      0.00      0.00      0.00
03:20:03 PM      33     20.20      0.00     79.80      0.00      0.00      0.00      0.00      0.00      0.00      0.00
03:20:03 PM      34     20.00      0.00     79.00      0.00      0.00      0.00      1.00      0.00      0.00      0.00
03:20:03 PM      35     17.82      0.00     82.18      0.00      0.00      0.00      0.00      0.00      0.00      0.00
03:20:03 PM      36     17.17      0.00     80.81      0.00      0.00      0.00      2.02      0.00      0.00      0.00
03:20:03 PM      37     19.19      0.00     80.81      0.00      0.00      0.00      0.00      0.00      0.00      0.00
03:20:03 PM      38     15.84      0.00     83.17      0.00      0.00      0.00      0.99      0.00      0.00      0.00
03:20:03 PM      39     23.00      0.00     76.00      0.00      0.00      0.00      1.00      0.00      0.00      0.00

03:20:03 PM     CPU      %usr     %nice      %sys   %iowait    %steal      %irq     %soft    %guest    %gnice     %idle
03:20:04 PM      32     18.00      0.00     81.00      0.00      0.00      0.00      1.00      0.00      0.00      0.00
03:20:04 PM      33     15.69      0.00     83.33      0.00      0.00      0.00      0.98      0.00      0.00      0.00
03:20:04 PM      34     15.00      0.00     84.00      0.00      0.00      0.00      1.00      0.00      0.00      0.00
03:20:04 PM      35     19.00      0.00     81.00      0.00      0.00      0.00      0.00      0.00      0.00      0.00
03:20:04 PM      36     14.85      0.00     83.17      0.00      0.00      0.00      1.98      0.00      0.00      0.00
03:20:04 PM      37     18.81      0.00     80.20      0.00      0.00      0.00      0.99      0.00      0.00      0.00
03:20:04 PM      38     18.18      0.00     80.81      0.00      0.00      0.00      1.01      0.00      0.00      0.00
03:20:04 PM      39     21.00      0.00     78.00      0.00      0.00      0.00      1.00      0.00      0.00      0.00

Average:        CPU      %usr     %nice      %sys   %iowait    %steal      %irq     %soft    %guest    %gnice     %idle
Average:         32     19.40      0.00     79.90      0.00      0.00      0.00      0.70      0.00      0.00      0.00
Average:         33     18.76      0.00     80.84      0.00      0.00      0.00      0.40      0.00      0.00      0.00
Average:         34     17.90      0.00     81.60      0.00      0.00      0.00      0.50      0.00      0.00      0.00
Average:         35     18.22      0.00     81.78      0.00      0.00      0.00      0.00      0.00      0.00      0.00
Average:         36     15.90      0.00     83.00      0.00      0.00      0.00      1.10      0.00      0.00      0.00
Average:         37     19.00      0.00     80.50      0.00      0.00      0.00      0.50      0.00      0.00      0.00
Average:         38     18.00      0.00     81.40      0.00      0.00      0.00      0.60      0.00      0.00      0.00
Average:         39     20.00      0.00     79.20      0.00      0.00      0.00      0.80      0.00      0.00      0.00
