Linux 6.12.0-rc5-nfoff-mitioff-susv7 (cache-sql13432) 	11/07/2024 	_x86_64_	(64 CPU)

08:49:29 PM     CPU      %usr     %nice      %sys   %iowait    %steal      %irq     %soft    %guest    %gnice     %idle
08:49:30 PM      32     18.28      0.00     52.69      0.00      0.00      0.00      9.68      0.00      0.00     19.35
08:49:30 PM      33     13.00      0.00     58.00      0.00      0.00      0.00      8.00      0.00      0.00     21.00
08:49:30 PM      34     10.53      0.00     62.11      0.00      0.00      0.00      8.42      0.00      0.00     18.95
08:49:30 PM      35     15.62      0.00     46.88      0.00      0.00      0.00     11.46      0.00      0.00     26.04
08:49:30 PM      36     12.90      0.00     54.84      0.00      0.00      0.00     10.75      0.00      0.00     21.51
08:49:30 PM      37     11.96      0.00     58.70      0.00      0.00      0.00     10.87      0.00      0.00     18.48
08:49:30 PM      38     13.33      0.00     53.33      0.00      0.00      0.00      8.89      0.00      0.00     24.44
08:49:30 PM      39     14.29      0.00     48.98      0.00      0.00      0.00     11.22      0.00      0.00     25.51

08:49:30 PM     CPU      %usr     %nice      %sys   %iowait    %steal      %irq     %soft    %guest    %gnice     %idle
08:49:31 PM      32     14.13      0.00     58.70      0.00      0.00      0.00      6.52      0.00      0.00     20.65
08:49:31 PM      33     14.74      0.00     54.74      0.00      0.00      0.00      7.37      0.00      0.00     23.16
08:49:31 PM      34     13.98      0.00     62.37      0.00      0.00      0.00      4.30      0.00      0.00     19.35
08:49:31 PM      35     10.42      0.00     54.17      0.00      0.00      0.00      9.38      0.00      0.00     26.04
08:49:31 PM      36     14.74      0.00     54.74      0.00      0.00      0.00      9.47      0.00      0.00     21.05
08:49:31 PM      37     13.04      0.00     56.52      0.00      0.00      0.00     11.96      0.00      0.00     18.48
08:49:31 PM      38     12.36      0.00     56.18      0.00      0.00      0.00      6.74      0.00      0.00     24.72
08:49:31 PM      39     13.04      0.00     47.83      0.00      0.00      0.00     11.96      0.00      0.00     27.17

08:49:31 PM     CPU      %usr     %nice      %sys   %iowait    %steal      %irq     %soft    %guest    %gnice     %idle
08:49:32 PM      32     12.77      0.00     57.45      0.00      0.00      0.00      8.51      0.00      0.00     21.28
08:49:32 PM      33     15.31      0.00     47.96      0.00      0.00      0.00     11.22      0.00      0.00     25.51
08:49:32 PM      34     13.04      0.00     56.52      0.00      0.00      0.00      8.70      0.00      0.00     21.74
08:49:32 PM      35     15.22      0.00     57.61      0.00      0.00      0.00      6.52      0.00      0.00     20.65
08:49:32 PM      36     11.83      0.00     61.29      0.00      0.00      0.00      6.45      0.00      0.00     20.43
08:49:32 PM      37      8.33      0.00     58.33      0.00      0.00      0.00      9.38      0.00      0.00     23.96
08:49:32 PM      38     13.27      0.00     53.06      0.00      0.00      0.00     10.20      0.00      0.00     23.47
08:49:32 PM      39     18.18      0.00     55.68      0.00      0.00      0.00      6.82      0.00      0.00     19.32

08:49:32 PM     CPU      %usr     %nice      %sys   %iowait    %steal      %irq     %soft    %guest    %gnice     %idle
08:49:33 PM      32     12.63      0.00     48.42      0.00      0.00      0.00     14.74      0.00      0.00     24.21
08:49:33 PM      33     13.33      0.00     46.67      0.00      0.00      0.00     11.11      0.00      0.00     28.89
08:49:33 PM      34     11.34      0.00     60.82      0.00      0.00      0.00      9.28      0.00      0.00     18.56
08:49:33 PM      35      9.57      0.00     61.70      0.00      0.00      0.00      8.51      0.00      0.00     20.21
08:49:33 PM      36     11.96      0.00     55.43      0.00      0.00      0.00     10.87      0.00      0.00     21.74
08:49:33 PM      37     15.31      0.00     53.06      0.00      0.00      0.00      9.18      0.00      0.00     22.45
08:49:33 PM      38     17.39      0.00     48.91      0.00      0.00      0.00      8.70      0.00      0.00     25.00
08:49:33 PM      39     15.05      0.00     51.61      0.00      0.00      0.00     11.83      0.00      0.00     21.51

08:49:33 PM     CPU      %usr     %nice      %sys   %iowait    %steal      %irq     %soft    %guest    %gnice     %idle
08:49:34 PM      32     20.41      0.00     50.00      0.00      0.00      0.00      6.12      0.00      0.00     23.47
08:49:34 PM      33     13.27      0.00     52.04      0.00      0.00      0.00     12.24      0.00      0.00     22.45
08:49:34 PM      34     14.94      0.00     52.87      0.00      0.00      0.00     10.34      0.00      0.00     21.84
08:49:34 PM      35     15.05      0.00     53.76      0.00      0.00      0.00      9.68      0.00      0.00     21.51
08:49:34 PM      36     14.89      0.00     55.32      0.00      0.00      0.00      8.51      0.00      0.00     21.28
08:49:34 PM      37     15.05      0.00     51.61      0.00      0.00      0.00     12.90      0.00      0.00     20.43
08:49:34 PM      38     13.00      0.00     53.00      0.00      0.00      0.00     12.00      0.00      0.00     22.00
08:49:34 PM      39     13.83      0.00     53.19      0.00      0.00      0.00      8.51      0.00      0.00     24.47

08:49:34 PM     CPU      %usr     %nice      %sys   %iowait    %steal      %irq     %soft    %guest    %gnice     %idle
08:49:35 PM      32     13.27      0.00     59.18      0.00      0.00      0.00      6.12      0.00      0.00     21.43
08:49:35 PM      33     15.05      0.00     49.46      0.00      0.00      0.00     11.83      0.00      0.00     23.66
08:49:35 PM      34     17.05      0.00     52.27      0.00      0.00      0.00      9.09      0.00      0.00     21.59
08:49:35 PM      35     14.44      0.00     48.89      0.00      0.00      0.00     11.11      0.00      0.00     25.56
08:49:35 PM      36     13.83      0.00     57.45      0.00      0.00      0.00      7.45      0.00      0.00     21.28
08:49:35 PM      37     10.64      0.00     57.45      0.00      0.00      0.00     10.64      0.00      0.00     21.28
08:49:35 PM      38     10.75      0.00     51.61      0.00      0.00      0.00     12.90      0.00      0.00     24.73
08:49:35 PM      39     12.90      0.00     52.69      0.00      0.00      0.00     11.83      0.00      0.00     22.58

08:49:35 PM     CPU      %usr     %nice      %sys   %iowait    %steal      %irq     %soft    %guest    %gnice     %idle
08:49:36 PM      32     13.68      0.00     54.74      0.00      0.00      0.00      9.47      0.00      0.00     22.11
08:49:36 PM      33     14.43      0.00     52.58      0.00      0.00      0.00     10.31      0.00      0.00     22.68
08:49:36 PM      34     15.38      0.00     59.34      0.00      0.00      0.00      6.59      0.00      0.00     18.68
08:49:36 PM      35     15.29      0.00     45.88      0.00      0.00      0.00      9.41      0.00      0.00     29.41
08:49:36 PM      36     10.31      0.00     59.79      0.00      0.00      0.00      7.22      0.00      0.00     22.68
08:49:36 PM      37     17.53      0.00     57.73      0.00      0.00      0.00      7.22      0.00      0.00     17.53
08:49:36 PM      38     13.33      0.00     51.11      0.00      0.00      0.00     10.00      0.00      0.00     25.56
08:49:36 PM      39     12.77      0.00     52.13      0.00      0.00      0.00      9.57      0.00      0.00     25.53

08:49:36 PM     CPU      %usr     %nice      %sys   %iowait    %steal      %irq     %soft    %guest    %gnice     %idle
08:49:37 PM      32     13.04      0.00     54.35      0.00      0.00      0.00     10.87      0.00      0.00     21.74
08:49:37 PM      33     14.74      0.00     53.68      0.00      0.00      0.00      8.42      0.00      0.00     23.16
08:49:37 PM      34     15.96      0.00     57.45      0.00      0.00      0.00      7.45      0.00      0.00     19.15
08:49:37 PM      35     14.43      0.00     48.45      0.00      0.00      0.00     13.40      0.00      0.00     23.71
08:49:37 PM      36     14.74      0.00     53.68      0.00      0.00      0.00     10.53      0.00      0.00     21.05
08:49:37 PM      37     15.05      0.00     58.06      0.00      0.00      0.00      7.53      0.00      0.00     19.35
08:49:37 PM      38     14.89      0.00     50.00      0.00      0.00      0.00     11.70      0.00      0.00     23.40
08:49:37 PM      39     12.90      0.00     54.84      0.00      0.00      0.00      7.53      0.00      0.00     24.73

08:49:37 PM     CPU      %usr     %nice      %sys   %iowait    %steal      %irq     %soft    %guest    %gnice     %idle
08:49:38 PM      32     14.13      0.00     55.43      0.00      0.00      0.00      8.70      0.00      0.00     21.74
08:49:38 PM      33     12.77      0.00     56.38      0.00      0.00      0.00      8.51      0.00      0.00     22.34
08:49:38 PM      34     11.70      0.00     58.51      0.00      0.00      0.00      9.57      0.00      0.00     20.21
08:49:38 PM      35     12.09      0.00     53.85      0.00      0.00      0.00      8.79      0.00      0.00     25.27
08:49:38 PM      36     15.96      0.00     57.45      0.00      0.00      0.00      7.45      0.00      0.00     19.15
08:49:38 PM      37     11.58      0.00     55.79      0.00      0.00      0.00     10.53      0.00      0.00     22.11
08:49:38 PM      38     13.04      0.00     48.91      0.00      0.00      0.00     11.96      0.00      0.00     26.09
08:49:38 PM      39     17.02      0.00     51.06      0.00      0.00      0.00      9.57      0.00      0.00     22.34

08:49:38 PM     CPU      %usr     %nice      %sys   %iowait    %steal      %irq     %soft    %guest    %gnice     %idle
08:49:39 PM      32     13.68      0.00     58.95      0.00      0.00      0.00      7.37      0.00      0.00     20.00
08:49:39 PM      33     15.00      0.00     52.00      0.00      0.00      0.00     11.00      0.00      0.00     22.00
08:49:39 PM      34     16.67      0.00     55.56      0.00      0.00      0.00      6.67      0.00      0.00     21.11
08:49:39 PM      35     12.90      0.00     51.61      0.00      0.00      0.00     10.75      0.00      0.00     24.73
08:49:39 PM      36     14.13      0.00     58.70      0.00      0.00      0.00      7.61      0.00      0.00     19.57
08:49:39 PM      37     13.33      0.00     52.22      0.00      0.00      0.00      8.89      0.00      0.00     25.56
08:49:39 PM      38     13.54      0.00     58.33      0.00      0.00      0.00      6.25      0.00      0.00     21.88
08:49:39 PM      39     17.78      0.00     48.89      0.00      0.00      0.00      6.67      0.00      0.00     26.67

Average:        CPU      %usr     %nice      %sys   %iowait    %steal      %irq     %soft    %guest    %gnice     %idle
Average:         32     14.62      0.00     54.98      0.00      0.00      0.00      8.79      0.00      0.00     21.61
Average:         33     14.17      0.00     52.40      0.00      0.00      0.00     10.00      0.00      0.00     23.44
Average:         34     14.01      0.00     57.87      0.00      0.00      0.00      8.03      0.00      0.00     20.09
Average:         35     13.48      0.00     52.32      0.00      0.00      0.00      9.92      0.00      0.00     24.27
Average:         36     13.53      0.00     56.87      0.00      0.00      0.00      8.63      0.00      0.00     20.98
Average:         37     13.19      0.00     55.96      0.00      0.00      0.00      9.89      0.00      0.00     20.96
Average:         38     13.49      0.00     52.46      0.00      0.00      0.00      9.96      0.00      0.00     24.09
Average:         39     14.75      0.00     51.67      0.00      0.00      0.00      9.58      0.00      0.00     24.00
