Linux 6.12.0-rc5-nfoff-mitioff-susv7 (cache-sql13432) 	11/07/2024 	_x86_64_	(64 CPU)

07:00:37 PM     CPU      %usr     %nice      %sys   %iowait    %steal      %irq     %soft    %guest    %gnice     %idle
07:00:38 PM      32     18.18      0.00     80.81      0.00      0.00      0.00      1.01      0.00      0.00      0.00
07:00:38 PM      33     11.00      0.00     89.00      0.00      0.00      0.00      0.00      0.00      0.00      0.00
07:00:38 PM      34     13.00      0.00     87.00      0.00      0.00      0.00      0.00      0.00      0.00      0.00
07:00:38 PM      35     19.00      0.00     81.00      0.00      0.00      0.00      0.00      0.00      0.00      0.00
07:00:38 PM      36     19.19      0.00     80.81      0.00      0.00      0.00      0.00      0.00      0.00      0.00
07:00:38 PM      37     14.85      0.00     84.16      0.00      0.00      0.00      0.99      0.00      0.00      0.00
07:00:38 PM      38     15.84      0.00     83.17      0.00      0.00      0.00      0.99      0.00      0.00      0.00
07:00:38 PM      39     14.00      0.00     86.00      0.00      0.00      0.00      0.00      0.00      0.00      0.00

07:00:38 PM     CPU      %usr     %nice      %sys   %iowait    %steal      %irq     %soft    %guest    %gnice     %idle
07:00:39 PM      32     14.00      0.00     86.00      0.00      0.00      0.00      0.00      0.00      0.00      0.00
07:00:39 PM      33     16.16      0.00     83.84      0.00      0.00      0.00      0.00      0.00      0.00      0.00
07:00:39 PM      34     17.17      0.00     82.83      0.00      0.00      0.00      0.00      0.00      0.00      0.00
07:00:39 PM      35     13.00      0.00     87.00      0.00      0.00      0.00      0.00      0.00      0.00      0.00
07:00:39 PM      36     17.82      0.00     82.18      0.00      0.00      0.00      0.00      0.00      0.00      0.00
07:00:39 PM      37     15.31      0.00     84.69      0.00      0.00      0.00      0.00      0.00      0.00      0.00
07:00:39 PM      38     14.14      0.00     85.86      0.00      0.00      0.00      0.00      0.00      0.00      0.00
07:00:39 PM      39     14.00      0.00     86.00      0.00      0.00      0.00      0.00      0.00      0.00      0.00

07:00:39 PM     CPU      %usr     %nice      %sys   %iowait    %steal      %irq     %soft    %guest    %gnice     %idle
07:00:40 PM      32     17.65      0.00     80.39      0.00      0.00      0.00      0.98      0.00      0.00      0.98
07:00:40 PM      33     12.87      0.00     86.14      0.00      0.00      0.00      0.99      0.00      0.00      0.00
07:00:40 PM      34     17.17      0.00     82.83      0.00      0.00      0.00      0.00      0.00      0.00      0.00
07:00:40 PM      35     16.00      0.00     84.00      0.00      0.00      0.00      0.00      0.00      0.00      0.00
07:00:40 PM      36     14.14      0.00     85.86      0.00      0.00      0.00      0.00      0.00      0.00      0.00
07:00:40 PM      37     18.81      0.00     81.19      0.00      0.00      0.00      0.00      0.00      0.00      0.00
07:00:40 PM      38     13.00      0.00     87.00      0.00      0.00      0.00      0.00      0.00      0.00      0.00
07:00:40 PM      39     15.00      0.00     85.00      0.00      0.00      0.00      0.00      0.00      0.00      0.00

07:00:40 PM     CPU      %usr     %nice      %sys   %iowait    %steal      %irq     %soft    %guest    %gnice     %idle
07:00:41 PM      32     19.19      0.00     80.81      0.00      0.00      0.00      0.00      0.00      0.00      0.00
07:00:41 PM      33     15.00      0.00     85.00      0.00      0.00      0.00      0.00      0.00      0.00      0.00
07:00:41 PM      34     14.00      0.00     86.00      0.00      0.00      0.00      0.00      0.00      0.00      0.00
07:00:41 PM      35     15.84      0.00     83.17      0.00      0.00      0.00      0.00      0.00      0.00      0.99
07:00:41 PM      36     11.88      0.00     86.14      0.00      0.00      0.00      0.99      0.00      0.00      0.99
07:00:41 PM      37     17.00      0.00     83.00      0.00      0.00      0.00      0.00      0.00      0.00      0.00
07:00:41 PM      38     13.00      0.00     87.00      0.00      0.00      0.00      0.00      0.00      0.00      0.00
07:00:41 PM      39     16.00      0.00     84.00      0.00      0.00      0.00      0.00      0.00      0.00      0.00

07:00:41 PM     CPU      %usr     %nice      %sys   %iowait    %steal      %irq     %soft    %guest    %gnice     %idle
07:00:42 PM      32     12.12      0.00     87.88      0.00      0.00      0.00      0.00      0.00      0.00      0.00
07:00:42 PM      33     21.21      0.00     78.79      0.00      0.00      0.00      0.00      0.00      0.00      0.00
07:00:42 PM      34     15.84      0.00     83.17      0.00      0.00      0.00      0.00      0.00      0.00      0.99
07:00:42 PM      35     16.00      0.00     84.00      0.00      0.00      0.00      0.00      0.00      0.00      0.00
07:00:42 PM      36     18.00      0.00     82.00      0.00      0.00      0.00      0.00      0.00      0.00      0.00
07:00:42 PM      37     10.89      0.00     88.12      0.00      0.00      0.00      0.00      0.00      0.00      0.99
07:00:42 PM      38     15.00      0.00     85.00      0.00      0.00      0.00      0.00      0.00      0.00      0.00
07:00:42 PM      39     19.80      0.00     79.21      0.00      0.00      0.00      0.99      0.00      0.00      0.00

07:00:42 PM     CPU      %usr     %nice      %sys   %iowait    %steal      %irq     %soft    %guest    %gnice     %idle
07:00:43 PM      32     17.00      0.00     83.00      0.00      0.00      0.00      0.00      0.00      0.00      0.00
07:00:43 PM      33     17.00      0.00     83.00      0.00      0.00      0.00      0.00      0.00      0.00      0.00
07:00:43 PM      34     18.00      0.00     82.00      0.00      0.00      0.00      0.00      0.00      0.00      0.00
07:00:43 PM      35     16.00      0.00     84.00      0.00      0.00      0.00      0.00      0.00      0.00      0.00
07:00:43 PM      36     20.00      0.00     80.00      0.00      0.00      0.00      0.00      0.00      0.00      0.00
07:00:43 PM      37     14.00      0.00     86.00      0.00      0.00      0.00      0.00      0.00      0.00      0.00
07:00:43 PM      38     17.17      0.00     82.83      0.00      0.00      0.00      0.00      0.00      0.00      0.00
07:00:43 PM      39     18.00      0.00     82.00      0.00      0.00      0.00      0.00      0.00      0.00      0.00

07:00:43 PM     CPU      %usr     %nice      %sys   %iowait    %steal      %irq     %soft    %guest    %gnice     %idle
07:00:44 PM      32     15.84      0.00     84.16      0.00      0.00      0.00      0.00      0.00      0.00      0.00
07:00:44 PM      33     11.88      0.00     88.12      0.00      0.00      0.00      0.00      0.00      0.00      0.00
07:00:44 PM      34     14.00      0.00     86.00      0.00      0.00      0.00      0.00      0.00      0.00      0.00
07:00:44 PM      35     15.15      0.00     84.85      0.00      0.00      0.00      0.00      0.00      0.00      0.00
07:00:44 PM      36     14.00      0.00     86.00      0.00      0.00      0.00      0.00      0.00      0.00      0.00
07:00:44 PM      37     13.13      0.00     86.87      0.00      0.00      0.00      0.00      0.00      0.00      0.00
07:00:44 PM      38     19.80      0.00     79.21      0.00      0.00      0.00      0.99      0.00      0.00      0.00
07:00:44 PM      39     14.14      0.00     85.86      0.00      0.00      0.00      0.00      0.00      0.00      0.00

07:00:44 PM     CPU      %usr     %nice      %sys   %iowait    %steal      %irq     %soft    %guest    %gnice     %idle
07:00:45 PM      32     17.17      0.00     81.82      0.00      0.00      0.00      1.01      0.00      0.00      0.00
07:00:45 PM      33     14.00      0.00     85.00      0.00      0.00      0.00      1.00      0.00      0.00      0.00
07:00:45 PM      34     16.00      0.00     84.00      0.00      0.00      0.00      0.00      0.00      0.00      0.00
07:00:45 PM      35     13.00      0.00     87.00      0.00      0.00      0.00      0.00      0.00      0.00      0.00
07:00:45 PM      36     18.00      0.00     81.00      0.00      0.00      0.00      1.00      0.00      0.00      0.00
07:00:45 PM      37     16.83      0.00     81.19      0.00      0.00      0.00      0.99      0.00      0.00      0.99
07:00:45 PM      38     18.00      0.00     82.00      0.00      0.00      0.00      0.00      0.00      0.00      0.00
07:00:45 PM      39     20.79      0.00     78.22      0.00      0.00      0.00      0.99      0.00      0.00      0.00

07:00:45 PM     CPU      %usr     %nice      %sys   %iowait    %steal      %irq     %soft    %guest    %gnice     %idle
07:00:46 PM      32     12.87      0.00     86.14      0.00      0.00      0.00      0.99      0.00      0.00      0.00
07:00:46 PM      33     13.86      0.00     85.15      0.00      0.00      0.00      0.00      0.00      0.00      0.99
07:00:46 PM      34     17.17      0.00     82.83      0.00      0.00      0.00      0.00      0.00      0.00      0.00
07:00:46 PM      35     16.00      0.00     84.00      0.00      0.00      0.00      0.00      0.00      0.00      0.00
07:00:46 PM      36     18.81      0.00     81.19      0.00      0.00      0.00      0.00      0.00      0.00      0.00
07:00:46 PM      37     13.00      0.00     87.00      0.00      0.00      0.00      0.00      0.00      0.00      0.00
07:00:46 PM      38     21.00      0.00     78.00      0.00      0.00      0.00      1.00      0.00      0.00      0.00
07:00:46 PM      39     19.19      0.00     80.81      0.00      0.00      0.00      0.00      0.00      0.00      0.00

07:00:46 PM     CPU      %usr     %nice      %sys   %iowait    %steal      %irq     %soft    %guest    %gnice     %idle
07:00:47 PM      32     16.16      0.00     83.84      0.00      0.00      0.00      0.00      0.00      0.00      0.00
07:00:47 PM      33     11.11      0.00     88.89      0.00      0.00      0.00      0.00      0.00      0.00      0.00
07:00:47 PM      34     15.00      0.00     85.00      0.00      0.00      0.00      0.00      0.00      0.00      0.00
07:00:47 PM      35     16.00      0.00     84.00      0.00      0.00      0.00      0.00      0.00      0.00      0.00
07:00:47 PM      36     15.00      0.00     84.00      0.00      0.00      0.00      1.00      0.00      0.00      0.00
07:00:47 PM      37     14.14      0.00     85.86      0.00      0.00      0.00      0.00      0.00      0.00      0.00
07:00:47 PM      38     13.00      0.00     87.00      0.00      0.00      0.00      0.00      0.00      0.00      0.00
07:00:47 PM      39     13.86      0.00     85.15      0.00      0.00      0.00      0.00      0.00      0.00      0.99

Average:        CPU      %usr     %nice      %sys   %iowait    %steal      %irq     %soft    %guest    %gnice     %idle
Average:         32     16.02      0.00     83.48      0.00      0.00      0.00      0.40      0.00      0.00      0.10
Average:         33     14.40      0.00     85.30      0.00      0.00      0.00      0.20      0.00      0.00      0.10
Average:         34     15.73      0.00     84.17      0.00      0.00      0.00      0.00      0.00      0.00      0.10
Average:         35     15.60      0.00     84.30      0.00      0.00      0.00      0.00      0.00      0.00      0.10
Average:         36     16.68      0.00     82.92      0.00      0.00      0.00      0.30      0.00      0.00      0.10
Average:         37     14.80      0.00     84.80      0.00      0.00      0.00      0.20      0.00      0.00      0.20
Average:         38     16.00      0.00     83.70      0.00      0.00      0.00      0.30      0.00      0.00      0.00
Average:         39     16.48      0.00     83.22      0.00      0.00      0.00      0.20      0.00      0.00      0.10
