Linux 6.12.0-rc5-nfoff-mitioff-susv7 (cache-sql13432) 	11/07/2024 	_x86_64_	(64 CPU)

04:04:41 AM     CPU      %usr     %nice      %sys   %iowait    %steal      %irq     %soft    %guest    %gnice     %idle
04:04:42 AM      32     17.17      0.00     46.46      0.00      0.00      0.00     36.36      0.00      0.00      0.00
04:04:42 AM      33     16.16      0.00     43.43      0.00      0.00      0.00     40.40      0.00      0.00      0.00
04:04:42 AM      34     15.15      0.00     48.48      0.00      0.00      0.00     36.36      0.00      0.00      0.00
04:04:42 AM      35     19.00      0.00     39.00      0.00      0.00      0.00     42.00      0.00      0.00      0.00
04:04:42 AM      36     14.00      0.00     43.00      0.00      0.00      0.00     43.00      0.00      0.00      0.00
04:04:42 AM      37     17.00      0.00     49.00      0.00      0.00      0.00     34.00      0.00      0.00      0.00
04:04:42 AM      38     13.86      0.00     42.57      0.00      0.00      0.00     43.56      0.00      0.00      0.00
04:04:42 AM      39     24.00      0.00     43.00      0.00      0.00      0.00     33.00      0.00      0.00      0.00

04:04:42 AM     CPU      %usr     %nice      %sys   %iowait    %steal      %irq     %soft    %guest    %gnice     %idle
04:04:43 AM      32     17.00      0.00     43.00      0.00      0.00      0.00     40.00      0.00      0.00      0.00
04:04:43 AM      33     11.88      0.00     46.53      0.00      0.00      0.00     41.58      0.00      0.00      0.00
04:04:43 AM      34     15.00      0.00     43.00      0.00      0.00      0.00     42.00      0.00      0.00      0.00
04:04:43 AM      35     20.00      0.00     43.00      0.00      0.00      0.00     37.00      0.00      0.00      0.00
04:04:43 AM      36     17.00      0.00     41.00      0.00      0.00      0.00     42.00      0.00      0.00      0.00
04:04:43 AM      37     17.82      0.00     44.55      0.00      0.00      0.00     37.62      0.00      0.00      0.00
04:04:43 AM      38     12.12      0.00     39.39      0.00      0.00      0.00     48.48      0.00      0.00      0.00
04:04:43 AM      39     21.78      0.00     42.57      0.00      0.00      0.00     35.64      0.00      0.00      0.00

04:04:43 AM     CPU      %usr     %nice      %sys   %iowait    %steal      %irq     %soft    %guest    %gnice     %idle
04:04:44 AM      32     18.00      0.00     43.00      0.00      0.00      0.00     39.00      0.00      0.00      0.00
04:04:44 AM      33     16.00      0.00     42.00      0.00      0.00      0.00     42.00      0.00      0.00      0.00
04:04:44 AM      34     17.00      0.00     46.00      0.00      0.00      0.00     37.00      0.00      0.00      0.00
04:04:44 AM      35     18.00      0.00     37.00      0.00      0.00      0.00     45.00      0.00      0.00      0.00
04:04:44 AM      36     18.81      0.00     44.55      0.00      0.00      0.00     36.63      0.00      0.00      0.00
04:04:44 AM      37     16.16      0.00     52.53      0.00      0.00      0.00     31.31      0.00      0.00      0.00
04:04:44 AM      38     11.88      0.00     42.57      0.00      0.00      0.00     45.54      0.00      0.00      0.00
04:04:44 AM      39     21.00      0.00     47.00      0.00      0.00      0.00     32.00      0.00      0.00      0.00

04:04:44 AM     CPU      %usr     %nice      %sys   %iowait    %steal      %irq     %soft    %guest    %gnice     %idle
04:04:45 AM      32     19.00      0.00     43.00      0.00      0.00      0.00     38.00      0.00      0.00      0.00
04:04:45 AM      33     13.00      0.00     43.00      0.00      0.00      0.00     44.00      0.00      0.00      0.00
04:04:45 AM      34     21.00      0.00     43.00      0.00      0.00      0.00     36.00      0.00      0.00      0.00
04:04:45 AM      35     17.00      0.00     42.00      0.00      0.00      0.00     41.00      0.00      0.00      0.00
04:04:45 AM      36     15.15      0.00     39.39      0.00      0.00      0.00     45.45      0.00      0.00      0.00
04:04:45 AM      37     22.00      0.00     43.00      0.00      0.00      0.00     35.00      0.00      0.00      0.00
04:04:45 AM      38     15.00      0.00     37.00      0.00      0.00      0.00     48.00      0.00      0.00      0.00
04:04:45 AM      39     20.20      0.00     46.46      0.00      0.00      0.00     33.33      0.00      0.00      0.00

04:04:45 AM     CPU      %usr     %nice      %sys   %iowait    %steal      %irq     %soft    %guest    %gnice     %idle
04:04:46 AM      32     16.83      0.00     48.51      0.00      0.00      0.00     34.65      0.00      0.00      0.00
04:04:46 AM      33     16.00      0.00     42.00      0.00      0.00      0.00     42.00      0.00      0.00      0.00
04:04:46 AM      34     17.00      0.00     46.00      0.00      0.00      0.00     37.00      0.00      0.00      0.00
04:04:46 AM      35     18.00      0.00     43.00      0.00      0.00      0.00     39.00      0.00      0.00      0.00
04:04:46 AM      36     12.00      0.00     43.00      0.00      0.00      0.00     45.00      0.00      0.00      0.00
04:04:46 AM      37     20.00      0.00     46.00      0.00      0.00      0.00     34.00      0.00      0.00      0.00
04:04:46 AM      38     11.11      0.00     35.35      0.00      0.00      0.00     53.54      0.00      0.00      0.00
04:04:46 AM      39     21.00      0.00     47.00      0.00      0.00      0.00     32.00      0.00      0.00      0.00

04:04:46 AM     CPU      %usr     %nice      %sys   %iowait    %steal      %irq     %soft    %guest    %gnice     %idle
04:04:47 AM      32     20.20      0.00     44.44      0.00      0.00      0.00     35.35      0.00      0.00      0.00
04:04:47 AM      33     14.00      0.00     46.00      0.00      0.00      0.00     40.00      0.00      0.00      0.00
04:04:47 AM      34     17.17      0.00     50.51      0.00      0.00      0.00     32.32      0.00      0.00      0.00
04:04:47 AM      35     18.18      0.00     39.39      0.00      0.00      0.00     42.42      0.00      0.00      0.00
04:04:47 AM      36     18.00      0.00     43.00      0.00      0.00      0.00     39.00      0.00      0.00      0.00
04:04:47 AM      37     16.00      0.00     47.00      0.00      0.00      0.00     37.00      0.00      0.00      0.00
04:04:47 AM      38     13.86      0.00     39.60      0.00      0.00      0.00     46.53      0.00      0.00      0.00
04:04:47 AM      39     21.00      0.00     45.00      0.00      0.00      0.00     34.00      0.00      0.00      0.00

04:04:47 AM     CPU      %usr     %nice      %sys   %iowait    %steal      %irq     %soft    %guest    %gnice     %idle
04:04:48 AM      32     17.00      0.00     40.00      0.00      0.00      0.00     43.00      0.00      0.00      0.00
04:04:48 AM      33     14.00      0.00     39.00      0.00      0.00      0.00     47.00      0.00      0.00      0.00
04:04:48 AM      34     11.88      0.00     46.53      0.00      0.00      0.00     41.58      0.00      0.00      0.00
04:04:48 AM      35     17.00      0.00     46.00      0.00      0.00      0.00     37.00      0.00      0.00      0.00
04:04:48 AM      36     15.00      0.00     41.00      0.00      0.00      0.00     44.00      0.00      0.00      0.00
04:04:48 AM      37     23.00      0.00     39.00      0.00      0.00      0.00     38.00      0.00      0.00      0.00
04:04:48 AM      38      7.07      0.00     39.39      0.00      0.00      0.00     53.54      0.00      0.00      0.00
04:04:48 AM      39     15.84      0.00     51.49      0.00      0.00      0.00     32.67      0.00      0.00      0.00

04:04:48 AM     CPU      %usr     %nice      %sys   %iowait    %steal      %irq     %soft    %guest    %gnice     %idle
04:04:49 AM      32     19.00      0.00     46.00      0.00      0.00      0.00     35.00      0.00      0.00      0.00
04:04:49 AM      33     14.00      0.00     43.00      0.00      0.00      0.00     43.00      0.00      0.00      0.00
04:04:49 AM      34     18.00      0.00     54.00      0.00      0.00      0.00     28.00      0.00      0.00      0.00
04:04:49 AM      35     14.85      0.00     42.57      0.00      0.00      0.00     42.57      0.00      0.00      0.00
04:04:49 AM      36     14.00      0.00     40.00      0.00      0.00      0.00     46.00      0.00      0.00      0.00
04:04:49 AM      37     21.00      0.00     46.00      0.00      0.00      0.00     33.00      0.00      0.00      0.00
04:04:49 AM      38     13.00      0.00     34.00      0.00      0.00      0.00     53.00      0.00      0.00      0.00
04:04:49 AM      39     15.00      0.00     48.00      0.00      0.00      0.00     37.00      0.00      0.00      0.00

04:04:49 AM     CPU      %usr     %nice      %sys   %iowait    %steal      %irq     %soft    %guest    %gnice     %idle
04:04:50 AM      32     15.00      0.00     51.00      0.00      0.00      0.00     34.00      0.00      0.00      0.00
04:04:50 AM      33     13.13      0.00     49.49      0.00      0.00      0.00     37.37      0.00      0.00      0.00
04:04:50 AM      34     14.00      0.00     50.00      0.00      0.00      0.00     36.00      0.00      0.00      0.00
04:04:50 AM      35     16.16      0.00     44.44      0.00      0.00      0.00     39.39      0.00      0.00      0.00
04:04:50 AM      36     15.00      0.00     40.00      0.00      0.00      0.00     45.00      0.00      0.00      0.00
04:04:50 AM      37     18.18      0.00     47.47      0.00      0.00      0.00     34.34      0.00      0.00      0.00
04:04:50 AM      38     12.00      0.00     34.00      0.00      0.00      0.00     54.00      0.00      0.00      0.00
04:04:50 AM      39     23.23      0.00     42.42      0.00      0.00      0.00     34.34      0.00      0.00      0.00

04:04:50 AM     CPU      %usr     %nice      %sys   %iowait    %steal      %irq     %soft    %guest    %gnice     %idle
04:04:51 AM      32     17.00      0.00     51.00      0.00      0.00      0.00     32.00      0.00      0.00      0.00
04:04:51 AM      33     18.00      0.00     36.00      0.00      0.00      0.00     46.00      0.00      0.00      0.00
04:04:51 AM      34     13.00      0.00     51.00      0.00      0.00      0.00     36.00      0.00      0.00      0.00
04:04:51 AM      35     20.00      0.00     41.00      0.00      0.00      0.00     39.00      0.00      0.00      0.00
04:04:51 AM      36     14.85      0.00     40.59      0.00      0.00      0.00     44.55      0.00      0.00      0.00
04:04:51 AM      37     17.82      0.00     48.51      0.00      0.00      0.00     33.66      0.00      0.00      0.00
04:04:51 AM      38     13.00      0.00     37.00      0.00      0.00      0.00     50.00      0.00      0.00      0.00
04:04:51 AM      39     20.00      0.00     47.00      0.00      0.00      0.00     33.00      0.00      0.00      0.00

Average:        CPU      %usr     %nice      %sys   %iowait    %steal      %irq     %soft    %guest    %gnice     %idle
Average:         32     17.62      0.00     45.65      0.00      0.00      0.00     36.74      0.00      0.00      0.00
Average:         33     14.61      0.00     43.04      0.00      0.00      0.00     42.34      0.00      0.00      0.00
Average:         34     15.92      0.00     47.85      0.00      0.00      0.00     36.24      0.00      0.00      0.00
Average:         35     17.82      0.00     41.74      0.00      0.00      0.00     40.44      0.00      0.00      0.00
Average:         36     15.38      0.00     41.56      0.00      0.00      0.00     43.06      0.00      0.00      0.00
Average:         37     18.90      0.00     46.30      0.00      0.00      0.00     34.80      0.00      0.00      0.00
Average:         38     12.30      0.00     38.10      0.00      0.00      0.00     49.60      0.00      0.00      0.00
Average:         39     20.30      0.00     46.00      0.00      0.00      0.00     33.70      0.00      0.00      0.00
