Linux 6.12.0-rc5-nfoff-mitioff-susv7 (cache-sql13432) 	11/07/2024 	_x86_64_	(64 CPU)

09:38:57 AM     CPU      %usr     %nice      %sys   %iowait    %steal      %irq     %soft    %guest    %gnice     %idle
09:38:58 AM      32     23.00      0.00     41.00      0.00      0.00      0.00     36.00      0.00      0.00      0.00
09:38:58 AM      33     11.11      0.00     42.42      0.00      0.00      0.00     46.46      0.00      0.00      0.00
09:38:58 AM      34     20.00      0.00     47.00      0.00      0.00      0.00     33.00      0.00      0.00      0.00
09:38:58 AM      35     13.86      0.00     53.47      0.00      0.00      0.00     32.67      0.00      0.00      0.00
09:38:58 AM      36     18.81      0.00     48.51      0.00      0.00      0.00     32.67      0.00      0.00      0.00
09:38:58 AM      37     19.00      0.00     48.00      0.00      0.00      0.00     33.00      0.00      0.00      0.00
09:38:58 AM      38     18.37      0.00     47.96      0.00      0.00      0.00     33.67      0.00      0.00      0.00
09:38:58 AM      39     17.17      0.00     44.44      0.00      0.00      0.00     38.38      0.00      0.00      0.00

09:38:58 AM     CPU      %usr     %nice      %sys   %iowait    %steal      %irq     %soft    %guest    %gnice     %idle
09:38:59 AM      32     16.83      0.00     47.52      0.00      0.00      0.00     34.65      0.00      0.00      0.99
09:38:59 AM      33     14.00      0.00     39.00      0.00      0.00      0.00     47.00      0.00      0.00      0.00
09:38:59 AM      34     20.00      0.00     50.00      0.00      0.00      0.00     30.00      0.00      0.00      0.00
09:38:59 AM      35     10.00      0.00     38.00      0.00      0.00      0.00     52.00      0.00      0.00      0.00
09:38:59 AM      36     16.00      0.00     45.00      0.00      0.00      0.00     39.00      0.00      0.00      0.00
09:38:59 AM      37     19.00      0.00     53.00      0.00      0.00      0.00     28.00      0.00      0.00      0.00
09:38:59 AM      38     15.00      0.00     52.00      0.00      0.00      0.00     33.00      0.00      0.00      0.00
09:38:59 AM      39     17.82      0.00     48.51      0.00      0.00      0.00     33.66      0.00      0.00      0.00

09:38:59 AM     CPU      %usr     %nice      %sys   %iowait    %steal      %irq     %soft    %guest    %gnice     %idle
09:39:00 AM      32     21.78      0.00     45.54      0.00      0.00      0.00     32.67      0.00      0.00      0.00
09:39:00 AM      33     14.85      0.00     34.65      0.00      0.00      0.00     50.50      0.00      0.00      0.00
09:39:00 AM      34     17.00      0.00     51.00      0.00      0.00      0.00     32.00      0.00      0.00      0.00
09:39:00 AM      35     16.00      0.00     41.00      0.00      0.00      0.00     42.00      0.00      0.00      1.00
09:39:00 AM      36     17.17      0.00     41.41      0.00      0.00      0.00     41.41      0.00      0.00      0.00
09:39:00 AM      37     20.79      0.00     46.53      0.00      0.00      0.00     31.68      0.00      0.00      0.99
09:39:00 AM      38     16.83      0.00     50.50      0.00      0.00      0.00     32.67      0.00      0.00      0.00
09:39:00 AM      39     16.00      0.00     50.00      0.00      0.00      0.00     34.00      0.00      0.00      0.00

09:39:00 AM     CPU      %usr     %nice      %sys   %iowait    %steal      %irq     %soft    %guest    %gnice     %idle
09:39:01 AM      32     23.00      0.00     41.00      0.00      0.00      0.00     36.00      0.00      0.00      0.00
09:39:01 AM      33     13.13      0.00     38.38      0.00      0.00      0.00     48.48      0.00      0.00      0.00
09:39:01 AM      34     22.77      0.00     47.52      0.00      0.00      0.00     29.70      0.00      0.00      0.00
09:39:01 AM      35     15.00      0.00     42.00      0.00      0.00      0.00     43.00      0.00      0.00      0.00
09:39:01 AM      36     15.84      0.00     46.53      0.00      0.00      0.00     36.63      0.00      0.00      0.99
09:39:01 AM      37     21.00      0.00     46.00      0.00      0.00      0.00     33.00      0.00      0.00      0.00
09:39:01 AM      38     18.81      0.00     45.54      0.00      0.00      0.00     34.65      0.00      0.00      0.99
09:39:01 AM      39     17.00      0.00     48.00      0.00      0.00      0.00     34.00      0.00      0.00      1.00

09:39:01 AM     CPU      %usr     %nice      %sys   %iowait    %steal      %irq     %soft    %guest    %gnice     %idle
09:39:02 AM      32     18.37      0.00     47.96      0.00      0.00      0.00     33.67      0.00      0.00      0.00
09:39:02 AM      33     15.00      0.00     42.00      0.00      0.00      0.00     43.00      0.00      0.00      0.00
09:39:02 AM      34     18.56      0.00     52.58      0.00      0.00      0.00     28.87      0.00      0.00      0.00
09:39:02 AM      35     19.19      0.00     46.46      0.00      0.00      0.00     34.34      0.00      0.00      0.00
09:39:02 AM      36     20.20      0.00     46.46      0.00      0.00      0.00     33.33      0.00      0.00      0.00
09:39:02 AM      37     20.20      0.00     43.43      0.00      0.00      0.00     36.36      0.00      0.00      0.00
09:39:02 AM      38     18.37      0.00     45.92      0.00      0.00      0.00     35.71      0.00      0.00      0.00
09:39:02 AM      39     13.00      0.00     47.00      0.00      0.00      0.00     40.00      0.00      0.00      0.00

09:39:02 AM     CPU      %usr     %nice      %sys   %iowait    %steal      %irq     %soft    %guest    %gnice     %idle
09:39:03 AM      32     24.75      0.00     41.58      0.00      0.00      0.00     33.66      0.00      0.00      0.00
09:39:03 AM      33     12.00      0.00     44.00      0.00      0.00      0.00     44.00      0.00      0.00      0.00
09:39:03 AM      34     20.79      0.00     49.50      0.00      0.00      0.00     29.70      0.00      0.00      0.00
09:39:03 AM      35     14.00      0.00     50.00      0.00      0.00      0.00     36.00      0.00      0.00      0.00
09:39:03 AM      36     21.00      0.00     46.00      0.00      0.00      0.00     33.00      0.00      0.00      0.00
09:39:03 AM      37     20.00      0.00     44.00      0.00      0.00      0.00     36.00      0.00      0.00      0.00
09:39:03 AM      38     16.00      0.00     48.00      0.00      0.00      0.00     36.00      0.00      0.00      0.00
09:39:03 AM      39     21.00      0.00     45.00      0.00      0.00      0.00     34.00      0.00      0.00      0.00

09:39:03 AM     CPU      %usr     %nice      %sys   %iowait    %steal      %irq     %soft    %guest    %gnice     %idle
09:39:04 AM      32     16.00      0.00     49.00      0.00      0.00      0.00     35.00      0.00      0.00      0.00
09:39:04 AM      33     12.00      0.00     37.00      0.00      0.00      0.00     51.00      0.00      0.00      0.00
09:39:04 AM      34     20.79      0.00     44.55      0.00      0.00      0.00     33.66      0.00      0.00      0.99
09:39:04 AM      35     20.20      0.00     40.40      0.00      0.00      0.00     39.39      0.00      0.00      0.00
09:39:04 AM      36     17.00      0.00     49.00      0.00      0.00      0.00     34.00      0.00      0.00      0.00
09:39:04 AM      37     24.00      0.00     43.00      0.00      0.00      0.00     33.00      0.00      0.00      0.00
09:39:04 AM      38     17.00      0.00     51.00      0.00      0.00      0.00     32.00      0.00      0.00      0.00
09:39:04 AM      39     17.00      0.00     44.00      0.00      0.00      0.00     39.00      0.00      0.00      0.00

09:39:04 AM     CPU      %usr     %nice      %sys   %iowait    %steal      %irq     %soft    %guest    %gnice     %idle
09:39:05 AM      32     20.20      0.00     45.45      0.00      0.00      0.00     34.34      0.00      0.00      0.00
09:39:05 AM      33     12.87      0.00     35.64      0.00      0.00      0.00     51.49      0.00      0.00      0.00
09:39:05 AM      34     17.17      0.00     51.52      0.00      0.00      0.00     31.31      0.00      0.00      0.00
09:39:05 AM      35     12.00      0.00     54.00      0.00      0.00      0.00     34.00      0.00      0.00      0.00
09:39:05 AM      36     22.00      0.00     46.00      0.00      0.00      0.00     32.00      0.00      0.00      0.00
09:39:05 AM      37     22.00      0.00     43.00      0.00      0.00      0.00     35.00      0.00      0.00      0.00
09:39:05 AM      38     15.00      0.00     52.00      0.00      0.00      0.00     33.00      0.00      0.00      0.00
09:39:05 AM      39     17.82      0.00     47.52      0.00      0.00      0.00     34.65      0.00      0.00      0.00

09:39:05 AM     CPU      %usr     %nice      %sys   %iowait    %steal      %irq     %soft    %guest    %gnice     %idle
09:39:06 AM      32     19.61      0.00     45.10      0.00      0.00      0.00     34.31      0.00      0.00      0.98
09:39:06 AM      33     12.00      0.00     35.00      0.00      0.00      0.00     53.00      0.00      0.00      0.00
09:39:06 AM      34     21.00      0.00     48.00      0.00      0.00      0.00     31.00      0.00      0.00      0.00
09:39:06 AM      35     15.00      0.00     44.00      0.00      0.00      0.00     41.00      0.00      0.00      0.00
09:39:06 AM      36     15.84      0.00     37.62      0.00      0.00      0.00     46.53      0.00      0.00      0.00
09:39:06 AM      37     21.21      0.00     44.44      0.00      0.00      0.00     34.34      0.00      0.00      0.00
09:39:06 AM      38     16.83      0.00     43.56      0.00      0.00      0.00     39.60      0.00      0.00      0.00
09:39:06 AM      39     15.15      0.00     46.46      0.00      0.00      0.00     38.38      0.00      0.00      0.00

09:39:06 AM     CPU      %usr     %nice      %sys   %iowait    %steal      %irq     %soft    %guest    %gnice     %idle
09:39:07 AM      32     23.00      0.00     44.00      0.00      0.00      0.00     33.00      0.00      0.00      0.00
09:39:07 AM      33     10.00      0.00     38.00      0.00      0.00      0.00     51.00      0.00      0.00      1.00
09:39:07 AM      34     21.21      0.00     46.46      0.00      0.00      0.00     32.32      0.00      0.00      0.00
09:39:07 AM      35     22.00      0.00     37.00      0.00      0.00      0.00     41.00      0.00      0.00      0.00
09:39:07 AM      36     16.16      0.00     37.37      0.00      0.00      0.00     46.46      0.00      0.00      0.00
09:39:07 AM      37     21.78      0.00     41.58      0.00      0.00      0.00     35.64      0.00      0.00      0.99
09:39:07 AM      38     18.18      0.00     43.43      0.00      0.00      0.00     38.38      0.00      0.00      0.00
09:39:07 AM      39     20.00      0.00     46.00      0.00      0.00      0.00     34.00      0.00      0.00      0.00

Average:        CPU      %usr     %nice      %sys   %iowait    %steal      %irq     %soft    %guest    %gnice     %idle
Average:         32     20.66      0.00     44.81      0.00      0.00      0.00     34.33      0.00      0.00      0.20
Average:         33     12.70      0.00     38.60      0.00      0.00      0.00     48.60      0.00      0.00      0.10
Average:         34     19.94      0.00     48.80      0.00      0.00      0.00     31.16      0.00      0.00      0.10
Average:         35     15.72      0.00     44.64      0.00      0.00      0.00     39.54      0.00      0.00      0.10
Average:         36     18.00      0.00     44.40      0.00      0.00      0.00     37.50      0.00      0.00      0.10
Average:         37     20.90      0.00     45.30      0.00      0.00      0.00     33.60      0.00      0.00      0.20
Average:         38     17.03      0.00     48.00      0.00      0.00      0.00     34.87      0.00      0.00      0.10
Average:         39     17.20      0.00     46.70      0.00      0.00      0.00     36.00      0.00      0.00      0.10
