Linux 6.12.0-rc5-nfoff-mitioff-susv7 (cache-sql13432) 	11/07/2024 	_x86_64_	(64 CPU)

08:12:51 AM     CPU      %usr     %nice      %sys   %iowait    %steal      %irq     %soft    %guest    %gnice     %idle
08:12:52 AM      32      4.26      0.00     14.89      0.00      0.00      0.00      9.57      0.00      0.00     71.28
08:12:52 AM      33      5.10      0.00     16.33      0.00      0.00      0.00     10.20      0.00      0.00     68.37
08:12:52 AM      34      6.25      0.00     14.58      0.00      0.00      0.00      8.33      0.00      0.00     70.83
08:12:52 AM      35      4.30      0.00     16.13      0.00      0.00      0.00      8.60      0.00      0.00     70.97
08:12:52 AM      36      2.13      0.00     19.15      0.00      0.00      0.00      9.57      0.00      0.00     69.15
08:12:52 AM      37      4.26      0.00     14.89      0.00      0.00      0.00      8.51      0.00      0.00     72.34
08:12:52 AM      38      6.45      0.00     12.90      0.00      0.00      0.00     10.75      0.00      0.00     69.89
08:12:52 AM      39      6.12      0.00     14.29      0.00      0.00      0.00     11.22      0.00      0.00     68.37

08:12:52 AM     CPU      %usr     %nice      %sys   %iowait    %steal      %irq     %soft    %guest    %gnice     %idle
08:12:53 AM      32      3.19      0.00     12.77      0.00      0.00      0.00     12.77      0.00      0.00     71.28
08:12:53 AM      33      5.38      0.00     13.98      0.00      0.00      0.00     10.75      0.00      0.00     69.89
08:12:53 AM      34      4.17      0.00     13.54      0.00      0.00      0.00     12.50      0.00      0.00     69.79
08:12:53 AM      35      4.26      0.00     13.83      0.00      0.00      0.00     11.70      0.00      0.00     70.21
08:12:53 AM      36      3.23      0.00     17.20      0.00      0.00      0.00      9.68      0.00      0.00     69.89
08:12:53 AM      37      3.23      0.00     12.90      0.00      0.00      0.00     11.83      0.00      0.00     72.04
08:12:53 AM      38      2.20      0.00     16.48      0.00      0.00      0.00      9.89      0.00      0.00     71.43
08:12:53 AM      39      5.32      0.00     11.70      0.00      0.00      0.00     11.70      0.00      0.00     71.28

08:12:53 AM     CPU      %usr     %nice      %sys   %iowait    %steal      %irq     %soft    %guest    %gnice     %idle
08:12:54 AM      32      3.23      0.00     15.05      0.00      0.00      0.00      9.68      0.00      0.00     72.04
08:12:54 AM      33      2.22      0.00     15.56      0.00      0.00      0.00     10.00      0.00      0.00     72.22
08:12:54 AM      34      5.15      0.00     13.40      0.00      0.00      0.00     12.37      0.00      0.00     69.07
08:12:54 AM      35      3.12      0.00     15.62      0.00      0.00      0.00     13.54      0.00      0.00     67.71
08:12:54 AM      36      6.38      0.00     12.77      0.00      0.00      0.00     12.77      0.00      0.00     68.09
08:12:54 AM      37      2.20      0.00     13.19      0.00      0.00      0.00     12.09      0.00      0.00     72.53
08:12:54 AM      38      6.32      0.00     12.63      0.00      0.00      0.00     11.58      0.00      0.00     69.47
08:12:54 AM      39      4.49      0.00      8.99      0.00      0.00      0.00     11.24      0.00      0.00     75.28

08:12:54 AM     CPU      %usr     %nice      %sys   %iowait    %steal      %irq     %soft    %guest    %gnice     %idle
08:12:55 AM      32      6.45      0.00     11.83      0.00      0.00      0.00      9.68      0.00      0.00     72.04
08:12:55 AM      33      6.32      0.00     13.68      0.00      0.00      0.00     10.53      0.00      0.00     69.47
08:12:55 AM      34      3.19      0.00     11.70      0.00      0.00      0.00     14.89      0.00      0.00     70.21
08:12:55 AM      35      2.17      0.00     13.04      0.00      0.00      0.00     13.04      0.00      0.00     71.74
08:12:55 AM      36      4.49      0.00     10.11      0.00      0.00      0.00     11.24      0.00      0.00     74.16
08:12:55 AM      37      5.15      0.00     13.40      0.00      0.00      0.00     12.37      0.00      0.00     69.07
08:12:55 AM      38      3.23      0.00     16.13      0.00      0.00      0.00     10.75      0.00      0.00     69.89
08:12:55 AM      39      5.10      0.00     15.31      0.00      0.00      0.00     11.22      0.00      0.00     68.37

08:12:55 AM     CPU      %usr     %nice      %sys   %iowait    %steal      %irq     %soft    %guest    %gnice     %idle
08:12:56 AM      32      3.33      0.00     10.00      0.00      0.00      0.00     13.33      0.00      0.00     73.33
08:12:56 AM      33      7.14      0.00     14.29      0.00      0.00      0.00     10.20      0.00      0.00     68.37
08:12:56 AM      34      5.21      0.00     14.58      0.00      0.00      0.00      9.38      0.00      0.00     70.83
08:12:56 AM      35      3.23      0.00     16.13      0.00      0.00      0.00     10.75      0.00      0.00     69.89
08:12:56 AM      36      3.23      0.00     13.98      0.00      0.00      0.00     12.90      0.00      0.00     69.89
08:12:56 AM      37      3.37      0.00     11.24      0.00      0.00      0.00     10.11      0.00      0.00     75.28
08:12:56 AM      38      3.23      0.00     12.90      0.00      0.00      0.00     10.75      0.00      0.00     73.12
08:12:56 AM      39      3.33      0.00     11.11      0.00      0.00      0.00     11.11      0.00      0.00     74.44

08:12:56 AM     CPU      %usr     %nice      %sys   %iowait    %steal      %irq     %soft    %guest    %gnice     %idle
08:12:57 AM      32      2.11      0.00     17.89      0.00      0.00      0.00     10.53      0.00      0.00     69.47
08:12:57 AM      33      5.32      0.00     11.70      0.00      0.00      0.00     12.77      0.00      0.00     70.21
08:12:57 AM      34      3.09      0.00     13.40      0.00      0.00      0.00     15.46      0.00      0.00     68.04
08:12:57 AM      35      5.88      0.00     13.73      0.00      0.00      0.00     15.69      0.00      0.00     64.71
08:12:57 AM      36      2.17      0.00     15.22      0.00      0.00      0.00     10.87      0.00      0.00     71.74
08:12:57 AM      37      3.09      0.00     12.37      0.00      0.00      0.00     15.46      0.00      0.00     69.07
08:12:57 AM      38      4.30      0.00     10.75      0.00      0.00      0.00     11.83      0.00      0.00     73.12
08:12:57 AM      39      4.49      0.00      7.87      0.00      0.00      0.00     13.48      0.00      0.00     74.16

08:12:57 AM     CPU      %usr     %nice      %sys   %iowait    %steal      %irq     %soft    %guest    %gnice     %idle
08:12:58 AM      32      5.05      0.00     17.17      0.00      0.00      0.00     12.12      0.00      0.00     65.66
08:12:58 AM      33      4.30      0.00     15.05      0.00      0.00      0.00      9.68      0.00      0.00     70.97
08:12:58 AM      34      4.44      0.00     13.33      0.00      0.00      0.00     10.00      0.00      0.00     72.22
08:12:58 AM      35      5.32      0.00     15.96      0.00      0.00      0.00     10.64      0.00      0.00     68.09
08:12:58 AM      36      6.00      0.00     15.00      0.00      0.00      0.00     15.00      0.00      0.00     64.00
08:12:58 AM      37      7.22      0.00     13.40      0.00      0.00      0.00     11.34      0.00      0.00     68.04
08:12:58 AM      38      6.19      0.00     13.40      0.00      0.00      0.00     11.34      0.00      0.00     69.07
08:12:58 AM      39      4.17      0.00     15.62      0.00      0.00      0.00     11.46      0.00      0.00     68.75

08:12:58 AM     CPU      %usr     %nice      %sys   %iowait    %steal      %irq     %soft    %guest    %gnice     %idle
08:12:59 AM      32      6.38      0.00     12.77      0.00      0.00      0.00     11.70      0.00      0.00     69.15
08:12:59 AM      33      3.19      0.00     14.89      0.00      0.00      0.00     10.64      0.00      0.00     71.28
08:12:59 AM      34      4.55      0.00     12.50      0.00      0.00      0.00      7.95      0.00      0.00     75.00
08:12:59 AM      35      3.00      0.00     18.00      0.00      0.00      0.00     14.00      0.00      0.00     65.00
08:12:59 AM      36      6.32      0.00     15.79      0.00      0.00      0.00      9.47      0.00      0.00     68.42
08:12:59 AM      37      6.45      0.00     15.05      0.00      0.00      0.00      7.53      0.00      0.00     70.97
08:12:59 AM      38      5.32      0.00     12.77      0.00      0.00      0.00     11.70      0.00      0.00     70.21
08:12:59 AM      39      5.94      0.00     13.86      0.00      0.00      0.00     16.83      0.00      0.00     63.37

08:12:59 AM     CPU      %usr     %nice      %sys   %iowait    %steal      %irq     %soft    %guest    %gnice     %idle
08:13:00 AM      32      4.40      0.00     14.29      0.00      0.00      0.00      8.79      0.00      0.00     72.53
08:13:00 AM      33      3.30      0.00     12.09      0.00      0.00      0.00     12.09      0.00      0.00     72.53
08:13:00 AM      34      3.26      0.00     14.13      0.00      0.00      0.00     11.96      0.00      0.00     70.65
08:13:00 AM      35      4.21      0.00     13.68      0.00      0.00      0.00     14.74      0.00      0.00     67.37
08:13:00 AM      36      7.22      0.00     15.46      0.00      0.00      0.00     11.34      0.00      0.00     65.98
08:13:00 AM      37      3.16      0.00     15.79      0.00      0.00      0.00     13.68      0.00      0.00     67.37
08:13:00 AM      38      3.19      0.00     14.89      0.00      0.00      0.00     10.64      0.00      0.00     71.28
08:13:00 AM      39      4.17      0.00     14.58      0.00      0.00      0.00     14.58      0.00      0.00     66.67

08:13:00 AM     CPU      %usr     %nice      %sys   %iowait    %steal      %irq     %soft    %guest    %gnice     %idle
08:13:01 AM      32      3.26      0.00     15.22      0.00      0.00      0.00     10.87      0.00      0.00     70.65
08:13:01 AM      33      2.13      0.00     17.02      0.00      0.00      0.00      9.57      0.00      0.00     71.28
08:13:01 AM      34      6.12      0.00     14.29      0.00      0.00      0.00     12.24      0.00      0.00     67.35
08:13:01 AM      35      7.29      0.00     18.75      0.00      0.00      0.00      7.29      0.00      0.00     66.67
08:13:01 AM      36      6.52      0.00     11.96      0.00      0.00      0.00     10.87      0.00      0.00     70.65
08:13:01 AM      37      5.32      0.00     12.77      0.00      0.00      0.00     12.77      0.00      0.00     69.15
08:13:01 AM      38      4.12      0.00     13.40      0.00      0.00      0.00     14.43      0.00      0.00     68.04
08:13:01 AM      39      4.26      0.00     17.02      0.00      0.00      0.00     10.64      0.00      0.00     68.09

Average:        CPU      %usr     %nice      %sys   %iowait    %steal      %irq     %soft    %guest    %gnice     %idle
Average:         32      4.17      0.00     14.22      0.00      0.00      0.00     10.91      0.00      0.00     70.70
Average:         33      4.47      0.00     14.47      0.00      0.00      0.00     10.64      0.00      0.00     70.43
Average:         34      4.56      0.00     13.56      0.00      0.00      0.00     11.55      0.00      0.00     70.34
Average:         35      4.29      0.00     15.50      0.00      0.00      0.00     12.04      0.00      0.00     68.17
Average:         36      4.79      0.00     14.70      0.00      0.00      0.00     11.40      0.00      0.00     69.12
Average:         37      4.36      0.00     13.51      0.00      0.00      0.00     11.60      0.00      0.00     70.53
Average:         38      4.47      0.00     13.62      0.00      0.00      0.00     11.38      0.00      0.00     70.53
Average:         39      4.76      0.00     13.12      0.00      0.00      0.00     12.38      0.00      0.00     69.74
