Linux 6.12.0-rc5-nfoff-mitioff-susv7 (cache-sql13432) 	11/07/2024 	_x86_64_	(64 CPU)

05:31:29 PM     CPU      %usr     %nice      %sys   %iowait    %steal      %irq     %soft    %guest    %gnice     %idle
05:31:30 PM      32      3.33      0.00     10.00      0.00      0.00      0.00     11.11      0.00      0.00     75.56
05:31:30 PM      33      5.21      0.00     10.42      0.00      0.00      0.00     13.54      0.00      0.00     70.83
05:31:30 PM      34      3.41      0.00     11.36      0.00      0.00      0.00      7.95      0.00      0.00     77.27
05:31:30 PM      35      3.49      0.00      9.30      0.00      0.00      0.00      8.14      0.00      0.00     79.07
05:31:30 PM      36      2.20      0.00      9.89      0.00      0.00      0.00     14.29      0.00      0.00     73.63
05:31:30 PM      37      2.13      0.00     14.89      0.00      0.00      0.00     11.70      0.00      0.00     71.28
05:31:30 PM      38      4.30      0.00     11.83      0.00      0.00      0.00     10.75      0.00      0.00     73.12
05:31:30 PM      39      4.21      0.00     11.58      0.00      0.00      0.00     14.74      0.00      0.00     69.47

05:31:30 PM     CPU      %usr     %nice      %sys   %iowait    %steal      %irq     %soft    %guest    %gnice     %idle
05:31:31 PM      32      3.06      0.00     10.20      0.00      0.00      0.00     16.33      0.00      0.00     70.41
05:31:31 PM      33      2.25      0.00      5.62      0.00      0.00      0.00     14.61      0.00      0.00     77.53
05:31:31 PM      34      6.25      0.00     10.42      0.00      0.00      0.00     11.46      0.00      0.00     71.88
05:31:31 PM      35      6.38      0.00      8.51      0.00      0.00      0.00     12.77      0.00      0.00     72.34
05:31:31 PM      36      2.22      0.00     11.11      0.00      0.00      0.00     12.22      0.00      0.00     74.44
05:31:31 PM      37      6.32      0.00     11.58      0.00      0.00      0.00     11.58      0.00      0.00     70.53
05:31:31 PM      38      4.55      0.00      7.95      0.00      0.00      0.00     10.23      0.00      0.00     77.27
05:31:31 PM      39      3.37      0.00      7.87      0.00      0.00      0.00     13.48      0.00      0.00     75.28

05:31:31 PM     CPU      %usr     %nice      %sys   %iowait    %steal      %irq     %soft    %guest    %gnice     %idle
05:31:32 PM      32      5.43      0.00      8.70      0.00      0.00      0.00     10.87      0.00      0.00     75.00
05:31:32 PM      33      6.19      0.00     12.37      0.00      0.00      0.00     11.34      0.00      0.00     70.10
05:31:32 PM      34      3.16      0.00     11.58      0.00      0.00      0.00     12.63      0.00      0.00     72.63
05:31:32 PM      35      4.44      0.00      8.89      0.00      0.00      0.00     11.11      0.00      0.00     75.56
05:31:32 PM      36      6.25      0.00     11.46      0.00      0.00      0.00     11.46      0.00      0.00     70.83
05:31:32 PM      37      4.12      0.00     10.31      0.00      0.00      0.00     15.46      0.00      0.00     70.10
05:31:32 PM      38      3.26      0.00     10.87      0.00      0.00      0.00     13.04      0.00      0.00     72.83
05:31:32 PM      39      5.21      0.00     13.54      0.00      0.00      0.00     11.46      0.00      0.00     69.79

05:31:32 PM     CPU      %usr     %nice      %sys   %iowait    %steal      %irq     %soft    %guest    %gnice     %idle
05:31:33 PM      32      4.21      0.00     10.53      0.00      0.00      0.00     12.63      0.00      0.00     72.63
05:31:33 PM      33      2.15      0.00      7.53      0.00      0.00      0.00     16.13      0.00      0.00     74.19
05:31:33 PM      34      2.20      0.00      9.89      0.00      0.00      0.00     13.19      0.00      0.00     74.73
05:31:33 PM      35      2.08      0.00     12.50      0.00      0.00      0.00     14.58      0.00      0.00     70.83
05:31:33 PM      36      3.23      0.00     10.75      0.00      0.00      0.00     13.98      0.00      0.00     72.04
05:31:33 PM      37      5.56      0.00     10.00      0.00      0.00      0.00      8.89      0.00      0.00     75.56
05:31:33 PM      38      6.00      0.00     13.00      0.00      0.00      0.00     12.00      0.00      0.00     69.00
05:31:33 PM      39      2.15      0.00      9.68      0.00      0.00      0.00     16.13      0.00      0.00     72.04

05:31:33 PM     CPU      %usr     %nice      %sys   %iowait    %steal      %irq     %soft    %guest    %gnice     %idle
05:31:34 PM      32      4.04      0.00     13.13      0.00      0.00      0.00     14.14      0.00      0.00     68.69
05:31:34 PM      33      4.12      0.00      8.25      0.00      0.00      0.00     17.53      0.00      0.00     70.10
05:31:34 PM      34      4.35      0.00      8.70      0.00      0.00      0.00     11.96      0.00      0.00     75.00
05:31:34 PM      35      5.32      0.00     10.64      0.00      0.00      0.00     11.70      0.00      0.00     72.34
05:31:34 PM      36      2.08      0.00      9.38      0.00      0.00      0.00     17.71      0.00      0.00     70.83
05:31:34 PM      37      5.10      0.00     12.24      0.00      0.00      0.00     13.27      0.00      0.00     69.39
05:31:34 PM      38      4.26      0.00     11.70      0.00      0.00      0.00     11.70      0.00      0.00     72.34
05:31:34 PM      39      6.06      0.00     11.11      0.00      0.00      0.00     15.15      0.00      0.00     67.68

05:31:34 PM     CPU      %usr     %nice      %sys   %iowait    %steal      %irq     %soft    %guest    %gnice     %idle
05:31:35 PM      32      1.98      0.00     10.89      0.00      0.00      0.00     17.82      0.00      0.00     69.31
05:31:35 PM      33      4.35      0.00      7.61      0.00      0.00      0.00     11.96      0.00      0.00     76.09
05:31:35 PM      34      5.15      0.00      8.25      0.00      0.00      0.00     13.40      0.00      0.00     73.20
05:31:35 PM      35      5.10      0.00     12.24      0.00      0.00      0.00     12.24      0.00      0.00     70.41
05:31:35 PM      36      3.23      0.00     10.75      0.00      0.00      0.00     12.90      0.00      0.00     73.12
05:31:35 PM      37      5.26      0.00     13.68      0.00      0.00      0.00      8.42      0.00      0.00     72.63
05:31:35 PM      38      6.25      0.00     10.42      0.00      0.00      0.00     11.46      0.00      0.00     71.88
05:31:35 PM      39      4.17      0.00     15.62      0.00      0.00      0.00      8.33      0.00      0.00     71.88

05:31:35 PM     CPU      %usr     %nice      %sys   %iowait    %steal      %irq     %soft    %guest    %gnice     %idle
05:31:36 PM      32      4.21      0.00     10.53      0.00      0.00      0.00     12.63      0.00      0.00     72.63
05:31:36 PM      33      6.93      0.00      8.91      0.00      0.00      0.00     14.85      0.00      0.00     69.31
05:31:36 PM      34      5.32      0.00      9.57      0.00      0.00      0.00     11.70      0.00      0.00     73.40
05:31:36 PM      35      4.26      0.00      8.51      0.00      0.00      0.00     14.89      0.00      0.00     72.34
05:31:36 PM      36      5.94      0.00     10.89      0.00      0.00      0.00     16.83      0.00      0.00     66.34
05:31:36 PM      37      5.43      0.00      9.78      0.00      0.00      0.00      9.78      0.00      0.00     75.00
05:31:36 PM      38      4.12      0.00     11.34      0.00      0.00      0.00     13.40      0.00      0.00     71.13
05:31:36 PM      39      4.30      0.00      9.68      0.00      0.00      0.00     13.98      0.00      0.00     72.04

05:31:36 PM     CPU      %usr     %nice      %sys   %iowait    %steal      %irq     %soft    %guest    %gnice     %idle
05:31:37 PM      32      3.23      0.00     10.75      0.00      0.00      0.00     10.75      0.00      0.00     75.27
05:31:37 PM      33      5.38      0.00     12.90      0.00      0.00      0.00      7.53      0.00      0.00     74.19
05:31:37 PM      34      2.00      0.00     15.00      0.00      0.00      0.00     13.00      0.00      0.00     70.00
05:31:37 PM      35      4.12      0.00     13.40      0.00      0.00      0.00     11.34      0.00      0.00     71.13
05:31:37 PM      36      3.09      0.00     11.34      0.00      0.00      0.00     14.43      0.00      0.00     71.13
05:31:37 PM      37      5.00      0.00     11.00      0.00      0.00      0.00     16.00      0.00      0.00     68.00
05:31:37 PM      38      3.16      0.00     11.58      0.00      0.00      0.00     13.68      0.00      0.00     71.58
05:31:37 PM      39      5.43      0.00      9.78      0.00      0.00      0.00     10.87      0.00      0.00     73.91

05:31:37 PM     CPU      %usr     %nice      %sys   %iowait    %steal      %irq     %soft    %guest    %gnice     %idle
05:31:38 PM      32      5.10      0.00     12.24      0.00      0.00      0.00     12.24      0.00      0.00     70.41
05:31:38 PM      33      5.32      0.00      8.51      0.00      0.00      0.00     11.70      0.00      0.00     74.47
05:31:38 PM      34      3.23      0.00     10.75      0.00      0.00      0.00     10.75      0.00      0.00     75.27
05:31:38 PM      35      2.11      0.00     11.58      0.00      0.00      0.00     14.74      0.00      0.00     71.58
05:31:38 PM      36      5.32      0.00     12.77      0.00      0.00      0.00     10.64      0.00      0.00     71.28
05:31:38 PM      37      6.52      0.00     10.87      0.00      0.00      0.00      8.70      0.00      0.00     73.91
05:31:38 PM      38      3.26      0.00      8.70      0.00      0.00      0.00     13.04      0.00      0.00     75.00
05:31:38 PM      39      2.15      0.00     10.75      0.00      0.00      0.00     15.05      0.00      0.00     72.04

05:31:38 PM     CPU      %usr     %nice      %sys   %iowait    %steal      %irq     %soft    %guest    %gnice     %idle
05:31:39 PM      32      5.21      0.00     10.42      0.00      0.00      0.00     13.54      0.00      0.00     70.83
05:31:39 PM      33      2.13      0.00     10.64      0.00      0.00      0.00     14.89      0.00      0.00     72.34
05:31:39 PM      34      3.23      0.00     10.75      0.00      0.00      0.00     11.83      0.00      0.00     74.19
05:31:39 PM      35      6.25      0.00      8.33      0.00      0.00      0.00     14.58      0.00      0.00     70.83
05:31:39 PM      36      4.21      0.00     11.58      0.00      0.00      0.00     13.68      0.00      0.00     70.53
05:31:39 PM      37      4.30      0.00     11.83      0.00      0.00      0.00     10.75      0.00      0.00     73.12
05:31:39 PM      38      5.21      0.00     13.54      0.00      0.00      0.00     11.46      0.00      0.00     69.79
05:31:39 PM      39      6.59      0.00      7.69      0.00      0.00      0.00     12.09      0.00      0.00     73.63

Average:        CPU      %usr     %nice      %sys   %iowait    %steal      %irq     %soft    %guest    %gnice     %idle
Average:         32      3.97      0.00     10.76      0.00      0.00      0.00     13.27      0.00      0.00     72.00
Average:         33      4.44      0.00      9.30      0.00      0.00      0.00     13.42      0.00      0.00     72.83
Average:         34      3.83      0.00     10.65      0.00      0.00      0.00     11.82      0.00      0.00     73.70
Average:         35      4.36      0.00     10.43      0.00      0.00      0.00     12.66      0.00      0.00     72.55
Average:         36      3.81      0.00     10.99      0.00      0.00      0.00     13.85      0.00      0.00     71.35
Average:         37      4.97      0.00     11.63      0.00      0.00      0.00     11.52      0.00      0.00     71.88
Average:         38      4.45      0.00     11.13      0.00      0.00      0.00     12.09      0.00      0.00     72.32
Average:         39      4.38      0.00     10.78      0.00      0.00      0.00     13.13      0.00      0.00     71.72
