Linux 6.12.0-rc5-nfoff-mitioff-susv7 (cache-sql13432) 	11/07/2024 	_x86_64_	(64 CPU)

05:09:56 AM     CPU      %usr     %nice      %sys   %iowait    %steal      %irq     %soft    %guest    %gnice     %idle
05:09:57 AM      32     13.27      0.00     37.76      0.00      0.00      0.00     46.94      0.00      0.00      2.04
05:09:57 AM      33     15.15      0.00     41.41      0.00      0.00      0.00     42.42      0.00      0.00      1.01
05:09:57 AM      34     16.67      0.00     34.52      0.00      0.00      0.00     29.76      0.00      0.00     19.05
05:09:57 AM      35     14.43      0.00     40.21      0.00      0.00      0.00     45.36      0.00      0.00      0.00
05:09:57 AM      36     15.00      0.00     41.00      0.00      0.00      0.00     43.00      0.00      0.00      1.00
05:09:57 AM      37     14.44      0.00     38.89      0.00      0.00      0.00     30.00      0.00      0.00     16.67
05:09:57 AM      38     12.00      0.00     49.00      0.00      0.00      0.00     38.00      0.00      0.00      1.00
05:09:57 AM      39     14.29      0.00     44.90      0.00      0.00      0.00     40.82      0.00      0.00      0.00

05:09:57 AM     CPU      %usr     %nice      %sys   %iowait    %steal      %irq     %soft    %guest    %gnice     %idle
05:09:58 AM      32     17.00      0.00     41.00      0.00      0.00      0.00     41.00      0.00      0.00      1.00
05:09:58 AM      33     14.14      0.00     41.41      0.00      0.00      0.00     43.43      0.00      0.00      1.01
05:09:58 AM      34     13.33      0.00     41.11      0.00      0.00      0.00     27.78      0.00      0.00     17.78
05:09:58 AM      35     14.00      0.00     44.00      0.00      0.00      0.00     41.00      0.00      0.00      1.00
05:09:58 AM      36     14.14      0.00     35.35      0.00      0.00      0.00     49.49      0.00      0.00      1.01
05:09:58 AM      37     15.56      0.00     35.56      0.00      0.00      0.00     32.22      0.00      0.00     16.67
05:09:58 AM      38     16.49      0.00     39.18      0.00      0.00      0.00     43.30      0.00      0.00      1.03
05:09:58 AM      39     17.82      0.00     40.59      0.00      0.00      0.00     40.59      0.00      0.00      0.99

05:09:58 AM     CPU      %usr     %nice      %sys   %iowait    %steal      %irq     %soft    %guest    %gnice     %idle
05:09:59 AM      32     13.27      0.00     42.86      0.00      0.00      0.00     42.86      0.00      0.00      1.02
05:09:59 AM      33     13.86      0.00     36.63      0.00      0.00      0.00     48.51      0.00      0.00      0.99
05:09:59 AM      34     18.09      0.00     35.11      0.00      0.00      0.00     29.79      0.00      0.00     17.02
05:09:59 AM      35     14.14      0.00     34.34      0.00      0.00      0.00     50.51      0.00      0.00      1.01
05:09:59 AM      36     14.43      0.00     43.30      0.00      0.00      0.00     42.27      0.00      0.00      0.00
05:09:59 AM      37     15.62      0.00     36.46      0.00      0.00      0.00     31.25      0.00      0.00     16.67
05:09:59 AM      38     17.00      0.00     42.00      0.00      0.00      0.00     40.00      0.00      0.00      1.00
05:09:59 AM      39     12.00      0.00     47.00      0.00      0.00      0.00     40.00      0.00      0.00      1.00

05:09:59 AM     CPU      %usr     %nice      %sys   %iowait    %steal      %irq     %soft    %guest    %gnice     %idle
05:10:00 AM      32     12.24      0.00     36.73      0.00      0.00      0.00     50.00      0.00      0.00      1.02
05:10:00 AM      33     11.22      0.00     40.82      0.00      0.00      0.00     47.96      0.00      0.00      0.00
05:10:00 AM      34     14.44      0.00     37.78      0.00      0.00      0.00     31.11      0.00      0.00     16.67
05:10:00 AM      35     13.13      0.00     46.46      0.00      0.00      0.00     40.40      0.00      0.00      0.00
05:10:00 AM      36     15.31      0.00     40.82      0.00      0.00      0.00     42.86      0.00      0.00      1.02
05:10:00 AM      37     17.58      0.00     36.26      0.00      0.00      0.00     30.77      0.00      0.00     15.38
05:10:00 AM      38     13.13      0.00     43.43      0.00      0.00      0.00     42.42      0.00      0.00      1.01
05:10:00 AM      39     16.33      0.00     40.82      0.00      0.00      0.00     42.86      0.00      0.00      0.00

05:10:00 AM     CPU      %usr     %nice      %sys   %iowait    %steal      %irq     %soft    %guest    %gnice     %idle
05:10:01 AM      32     17.17      0.00     37.37      0.00      0.00      0.00     42.42      0.00      0.00      3.03
05:10:01 AM      33     11.11      0.00     43.43      0.00      0.00      0.00     44.44      0.00      0.00      1.01
05:10:01 AM      34     17.39      0.00     38.04      0.00      0.00      0.00     29.35      0.00      0.00     15.22
05:10:01 AM      35     11.22      0.00     47.96      0.00      0.00      0.00     39.80      0.00      0.00      1.02
05:10:01 AM      36     13.00      0.00     45.00      0.00      0.00      0.00     41.00      0.00      0.00      1.00
05:10:01 AM      37     19.10      0.00     37.08      0.00      0.00      0.00     26.97      0.00      0.00     16.85
05:10:01 AM      38     13.86      0.00     44.55      0.00      0.00      0.00     39.60      0.00      0.00      1.98
05:10:01 AM      39     15.00      0.00     38.00      0.00      0.00      0.00     46.00      0.00      0.00      1.00

05:10:01 AM     CPU      %usr     %nice      %sys   %iowait    %steal      %irq     %soft    %guest    %gnice     %idle
05:10:02 AM      32     18.48      0.00     32.61      0.00      0.00      0.00     43.48      0.00      0.00      5.43
05:10:02 AM      33     13.13      0.00     45.45      0.00      0.00      0.00     40.40      0.00      0.00      1.01
05:10:02 AM      34     16.49      0.00     47.42      0.00      0.00      0.00     28.87      0.00      0.00      7.22
05:10:02 AM      35     14.14      0.00     41.41      0.00      0.00      0.00     43.43      0.00      0.00      1.01
05:10:02 AM      36     14.29      0.00     42.86      0.00      0.00      0.00     41.84      0.00      0.00      1.02
05:10:02 AM      37     15.38      0.00     38.46      0.00      0.00      0.00     29.67      0.00      0.00     16.48
05:10:02 AM      38     15.00      0.00     43.00      0.00      0.00      0.00     41.00      0.00      0.00      1.00
05:10:02 AM      39     12.24      0.00     46.94      0.00      0.00      0.00     39.80      0.00      0.00      1.02

05:10:02 AM     CPU      %usr     %nice      %sys   %iowait    %steal      %irq     %soft    %guest    %gnice     %idle
05:10:03 AM      32     17.00      0.00     41.00      0.00      0.00      0.00     40.00      0.00      0.00      2.00
05:10:03 AM      33     13.00      0.00     37.00      0.00      0.00      0.00     49.00      0.00      0.00      1.00
05:10:03 AM      34     22.68      0.00     38.14      0.00      0.00      0.00     23.71      0.00      0.00     15.46
05:10:03 AM      35     17.17      0.00     44.44      0.00      0.00      0.00     37.37      0.00      0.00      1.01
05:10:03 AM      36     16.16      0.00     39.39      0.00      0.00      0.00     44.44      0.00      0.00      0.00
05:10:03 AM      37     23.08      0.00     31.87      0.00      0.00      0.00     27.47      0.00      0.00     17.58
05:10:03 AM      38     15.31      0.00     44.90      0.00      0.00      0.00     38.78      0.00      0.00      1.02
05:10:03 AM      39     13.13      0.00     44.44      0.00      0.00      0.00     42.42      0.00      0.00      0.00

05:10:03 AM     CPU      %usr     %nice      %sys   %iowait    %steal      %irq     %soft    %guest    %gnice     %idle
05:10:04 AM      32     15.46      0.00     34.02      0.00      0.00      0.00     49.48      0.00      0.00      1.03
05:10:04 AM      33     13.13      0.00     47.47      0.00      0.00      0.00     38.38      0.00      0.00      1.01
05:10:04 AM      34     15.73      0.00     37.08      0.00      0.00      0.00     29.21      0.00      0.00     17.98
05:10:04 AM      35     14.43      0.00     43.30      0.00      0.00      0.00     42.27      0.00      0.00      0.00
05:10:04 AM      36     12.24      0.00     43.88      0.00      0.00      0.00     42.86      0.00      0.00      1.02
05:10:04 AM      37     12.90      0.00     36.56      0.00      0.00      0.00     34.41      0.00      0.00     16.13
05:10:04 AM      38     14.29      0.00     42.86      0.00      0.00      0.00     41.84      0.00      0.00      1.02
05:10:04 AM      39     10.00      0.00     43.00      0.00      0.00      0.00     46.00      0.00      0.00      1.00

05:10:04 AM     CPU      %usr     %nice      %sys   %iowait    %steal      %irq     %soft    %guest    %gnice     %idle
05:10:05 AM      32      8.42      0.00     44.21      0.00      0.00      0.00     46.32      0.00      0.00      1.05
05:10:05 AM      33     17.17      0.00     37.37      0.00      0.00      0.00     44.44      0.00      0.00      1.01
05:10:05 AM      34     13.98      0.00     36.56      0.00      0.00      0.00     32.26      0.00      0.00     17.20
05:10:05 AM      35     12.12      0.00     35.35      0.00      0.00      0.00     51.52      0.00      0.00      1.01
05:10:05 AM      36     13.86      0.00     47.52      0.00      0.00      0.00     37.62      0.00      0.00      0.99
05:10:05 AM      37     19.57      0.00     35.87      0.00      0.00      0.00     28.26      0.00      0.00     16.30
05:10:05 AM      38     12.63      0.00     41.05      0.00      0.00      0.00     45.26      0.00      0.00      1.05
05:10:05 AM      39     11.11      0.00     42.42      0.00      0.00      0.00     45.45      0.00      0.00      1.01

05:10:05 AM     CPU      %usr     %nice      %sys   %iowait    %steal      %irq     %soft    %guest    %gnice     %idle
05:10:06 AM      32     15.15      0.00     42.42      0.00      0.00      0.00     40.40      0.00      0.00      2.02
05:10:06 AM      33     14.14      0.00     41.41      0.00      0.00      0.00     43.43      0.00      0.00      1.01
05:10:06 AM      34     14.77      0.00     36.36      0.00      0.00      0.00     31.82      0.00      0.00     17.05
05:10:06 AM      35     17.17      0.00     41.41      0.00      0.00      0.00     40.40      0.00      0.00      1.01
05:10:06 AM      36     14.29      0.00     42.86      0.00      0.00      0.00     42.86      0.00      0.00      0.00
05:10:06 AM      37     19.35      0.00     35.48      0.00      0.00      0.00     27.96      0.00      0.00     17.20
05:10:06 AM      38     18.00      0.00     40.00      0.00      0.00      0.00     40.00      0.00      0.00      2.00
05:10:06 AM      39     14.14      0.00     44.44      0.00      0.00      0.00     40.40      0.00      0.00      1.01

Average:        CPU      %usr     %nice      %sys   %iowait    %steal      %irq     %soft    %guest    %gnice     %idle
Average:         32     14.75      0.00     39.04      0.00      0.00      0.00     44.26      0.00      0.00      1.95
Average:         33     13.61      0.00     41.23      0.00      0.00      0.00     44.25      0.00      0.00      0.91
Average:         34     16.41      0.00     38.29      0.00      0.00      0.00     29.32      0.00      0.00     15.97
Average:         35     14.20      0.00     41.89      0.00      0.00      0.00     43.20      0.00      0.00      0.71
Average:         36     14.27      0.00     42.21      0.00      0.00      0.00     42.81      0.00      0.00      0.71
Average:         37     17.25      0.00     36.24      0.00      0.00      0.00     29.91      0.00      0.00     16.59
Average:         38     14.78      0.00     43.02      0.00      0.00      0.00     40.99      0.00      0.00      1.21
Average:         39     13.61      0.00     43.25      0.00      0.00      0.00     42.44      0.00      0.00      0.71
