Linux 6.12.0-rc5-nfoff-mitioff-susv7 (cache-sql13432) 	11/07/2024 	_x86_64_	(64 CPU)

12:11:23 PM     CPU      %usr     %nice      %sys   %iowait    %steal      %irq     %soft    %guest    %gnice     %idle
12:11:24 PM      32      8.00      0.00     92.00      0.00      0.00      0.00      0.00      0.00      0.00      0.00
12:11:24 PM      33     10.10      0.00     89.90      0.00      0.00      0.00      0.00      0.00      0.00      0.00
12:11:24 PM      34      8.91      0.00     91.09      0.00      0.00      0.00      0.00      0.00      0.00      0.00
12:11:24 PM      35      6.00      0.00     94.00      0.00      0.00      0.00      0.00      0.00      0.00      0.00
12:11:24 PM      36      6.93      0.00     92.08      0.00      0.00      0.00      0.99      0.00      0.00      0.00
12:11:24 PM      37      8.00      0.00     92.00      0.00      0.00      0.00      0.00      0.00      0.00      0.00
12:11:24 PM      38      8.00      0.00     92.00      0.00      0.00      0.00      0.00      0.00      0.00      0.00
12:11:24 PM      39      8.08      0.00     91.92      0.00      0.00      0.00      0.00      0.00      0.00      0.00

12:11:24 PM     CPU      %usr     %nice      %sys   %iowait    %steal      %irq     %soft    %guest    %gnice     %idle
12:11:25 PM      32      7.00      0.00     93.00      0.00      0.00      0.00      0.00      0.00      0.00      0.00
12:11:25 PM      33      6.00      0.00     94.00      0.00      0.00      0.00      0.00      0.00      0.00      0.00
12:11:25 PM      34      7.00      0.00     93.00      0.00      0.00      0.00      0.00      0.00      0.00      0.00
12:11:25 PM      35      8.00      0.00     92.00      0.00      0.00      0.00      0.00      0.00      0.00      0.00
12:11:25 PM      36      9.00      0.00     91.00      0.00      0.00      0.00      0.00      0.00      0.00      0.00
12:11:25 PM      37     10.00      0.00     90.00      0.00      0.00      0.00      0.00      0.00      0.00      0.00
12:11:25 PM      38      5.94      0.00     94.06      0.00      0.00      0.00      0.00      0.00      0.00      0.00
12:11:25 PM      39     11.00      0.00     89.00      0.00      0.00      0.00      0.00      0.00      0.00      0.00

12:11:25 PM     CPU      %usr     %nice      %sys   %iowait    %steal      %irq     %soft    %guest    %gnice     %idle
12:11:26 PM      32      5.00      0.00     95.00      0.00      0.00      0.00      0.00      0.00      0.00      0.00
12:11:26 PM      33      7.00      0.00     93.00      0.00      0.00      0.00      0.00      0.00      0.00      0.00
12:11:26 PM      34      7.00      0.00     93.00      0.00      0.00      0.00      0.00      0.00      0.00      0.00
12:11:26 PM      35      7.00      0.00     93.00      0.00      0.00      0.00      0.00      0.00      0.00      0.00
12:11:26 PM      36      7.00      0.00     93.00      0.00      0.00      0.00      0.00      0.00      0.00      0.00
12:11:26 PM      37     11.11      0.00     88.89      0.00      0.00      0.00      0.00      0.00      0.00      0.00
12:11:26 PM      38      6.06      0.00     93.94      0.00      0.00      0.00      0.00      0.00      0.00      0.00
12:11:26 PM      39      7.92      0.00     91.09      0.00      0.00      0.00      0.99      0.00      0.00      0.00

12:11:26 PM     CPU      %usr     %nice      %sys   %iowait    %steal      %irq     %soft    %guest    %gnice     %idle
12:11:27 PM      32      7.00      0.00     93.00      0.00      0.00      0.00      0.00      0.00      0.00      0.00
12:11:27 PM      33      5.00      0.00     94.00      0.00      0.00      0.00      1.00      0.00      0.00      0.00
12:11:27 PM      34      5.05      0.00     94.95      0.00      0.00      0.00      0.00      0.00      0.00      0.00
12:11:27 PM      35      6.00      0.00     94.00      0.00      0.00      0.00      0.00      0.00      0.00      0.00
12:11:27 PM      36      8.00      0.00     92.00      0.00      0.00      0.00      0.00      0.00      0.00      0.00
12:11:27 PM      37      5.00      0.00     95.00      0.00      0.00      0.00      0.00      0.00      0.00      0.00
12:11:27 PM      38      8.00      0.00     92.00      0.00      0.00      0.00      0.00      0.00      0.00      0.00
12:11:27 PM      39     11.00      0.00     89.00      0.00      0.00      0.00      0.00      0.00      0.00      0.00

12:11:27 PM     CPU      %usr     %nice      %sys   %iowait    %steal      %irq     %soft    %guest    %gnice     %idle
12:11:28 PM      32      9.00      0.00     91.00      0.00      0.00      0.00      0.00      0.00      0.00      0.00
12:11:28 PM      33      5.00      0.00     95.00      0.00      0.00      0.00      0.00      0.00      0.00      0.00
12:11:28 PM      34      8.00      0.00     92.00      0.00      0.00      0.00      0.00      0.00      0.00      0.00
12:11:28 PM      35      6.00      0.00     94.00      0.00      0.00      0.00      0.00      0.00      0.00      0.00
12:11:28 PM      36      8.00      0.00     92.00      0.00      0.00      0.00      0.00      0.00      0.00      0.00
12:11:28 PM      37      6.06      0.00     93.94      0.00      0.00      0.00      0.00      0.00      0.00      0.00
12:11:28 PM      38      8.00      0.00     92.00      0.00      0.00      0.00      0.00      0.00      0.00      0.00
12:11:28 PM      39      8.08      0.00     91.92      0.00      0.00      0.00      0.00      0.00      0.00      0.00

12:11:28 PM     CPU      %usr     %nice      %sys   %iowait    %steal      %irq     %soft    %guest    %gnice     %idle
12:11:29 PM      32      6.06      0.00     93.94      0.00      0.00      0.00      0.00      0.00      0.00      0.00
12:11:29 PM      33      7.00      0.00     93.00      0.00      0.00      0.00      0.00      0.00      0.00      0.00
12:11:29 PM      34      8.00      0.00     92.00      0.00      0.00      0.00      0.00      0.00      0.00      0.00
12:11:29 PM      35      5.00      0.00     95.00      0.00      0.00      0.00      0.00      0.00      0.00      0.00
12:11:29 PM      36      5.05      0.00     94.95      0.00      0.00      0.00      0.00      0.00      0.00      0.00
12:11:29 PM      37      9.80      0.00     89.22      0.00      0.00      0.00      0.98      0.00      0.00      0.00
12:11:29 PM      38      3.96      0.00     95.05      0.00      0.00      0.00      0.99      0.00      0.00      0.00
12:11:29 PM      39      8.00      0.00     92.00      0.00      0.00      0.00      0.00      0.00      0.00      0.00

12:11:29 PM     CPU      %usr     %nice      %sys   %iowait    %steal      %irq     %soft    %guest    %gnice     %idle
12:11:30 PM      32      7.92      0.00     92.08      0.00      0.00      0.00      0.00      0.00      0.00      0.00
12:11:30 PM      33      4.95      0.00     95.05      0.00      0.00      0.00      0.00      0.00      0.00      0.00
12:11:30 PM      34      8.00      0.00     92.00      0.00      0.00      0.00      0.00      0.00      0.00      0.00
12:11:30 PM      35      6.00      0.00     94.00      0.00      0.00      0.00      0.00      0.00      0.00      0.00
12:11:30 PM      36      6.93      0.00     92.08      0.00      0.00      0.00      0.99      0.00      0.00      0.00
12:11:30 PM      37      8.08      0.00     91.92      0.00      0.00      0.00      0.00      0.00      0.00      0.00
12:11:30 PM      38      5.05      0.00     94.95      0.00      0.00      0.00      0.00      0.00      0.00      0.00
12:11:30 PM      39      8.91      0.00     91.09      0.00      0.00      0.00      0.00      0.00      0.00      0.00

12:11:30 PM     CPU      %usr     %nice      %sys   %iowait    %steal      %irq     %soft    %guest    %gnice     %idle
12:11:31 PM      32      6.00      0.00     94.00      0.00      0.00      0.00      0.00      0.00      0.00      0.00
12:11:31 PM      33     11.00      0.00     89.00      0.00      0.00      0.00      0.00      0.00      0.00      0.00
12:11:31 PM      34      8.00      0.00     92.00      0.00      0.00      0.00      0.00      0.00      0.00      0.00
12:11:31 PM      35      4.00      0.00     96.00      0.00      0.00      0.00      0.00      0.00      0.00      0.00
12:11:31 PM      36      9.00      0.00     90.00      0.00      0.00      0.00      1.00      0.00      0.00      0.00
12:11:31 PM      37     10.00      0.00     90.00      0.00      0.00      0.00      0.00      0.00      0.00      0.00
12:11:31 PM      38      5.00      0.00     95.00      0.00      0.00      0.00      0.00      0.00      0.00      0.00
12:11:31 PM      39      5.05      0.00     94.95      0.00      0.00      0.00      0.00      0.00      0.00      0.00

12:11:31 PM     CPU      %usr     %nice      %sys   %iowait    %steal      %irq     %soft    %guest    %gnice     %idle
12:11:32 PM      32      6.00      0.00     93.00      0.00      0.00      0.00      1.00      0.00      0.00      0.00
12:11:32 PM      33      7.07      0.00     92.93      0.00      0.00      0.00      0.00      0.00      0.00      0.00
12:11:32 PM      34      6.00      0.00     94.00      0.00      0.00      0.00      0.00      0.00      0.00      0.00
12:11:32 PM      35     10.00      0.00     90.00      0.00      0.00      0.00      0.00      0.00      0.00      0.00
12:11:32 PM      36      6.00      0.00     94.00      0.00      0.00      0.00      0.00      0.00      0.00      0.00
12:11:32 PM      37      9.90      0.00     89.11      0.00      0.00      0.00      0.99      0.00      0.00      0.00
12:11:32 PM      38      7.00      0.00     93.00      0.00      0.00      0.00      0.00      0.00      0.00      0.00
12:11:32 PM      39      7.92      0.00     91.09      0.00      0.00      0.00      0.99      0.00      0.00      0.00

12:11:32 PM     CPU      %usr     %nice      %sys   %iowait    %steal      %irq     %soft    %guest    %gnice     %idle
12:11:33 PM      32      8.91      0.00     91.09      0.00      0.00      0.00      0.00      0.00      0.00      0.00
12:11:33 PM      33      3.00      0.00     96.00      0.00      0.00      0.00      1.00      0.00      0.00      0.00
12:11:33 PM      34      8.91      0.00     91.09      0.00      0.00      0.00      0.00      0.00      0.00      0.00
12:11:33 PM      35      5.00      0.00     95.00      0.00      0.00      0.00      0.00      0.00      0.00      0.00
12:11:33 PM      36      7.00      0.00     93.00      0.00      0.00      0.00      0.00      0.00      0.00      0.00
12:11:33 PM      37      6.06      0.00     93.94      0.00      0.00      0.00      0.00      0.00      0.00      0.00
12:11:33 PM      38     10.00      0.00     90.00      0.00      0.00      0.00      0.00      0.00      0.00      0.00
12:11:33 PM      39      6.00      0.00     94.00      0.00      0.00      0.00      0.00      0.00      0.00      0.00

Average:        CPU      %usr     %nice      %sys   %iowait    %steal      %irq     %soft    %guest    %gnice     %idle
Average:         32      7.09      0.00     92.81      0.00      0.00      0.00      0.10      0.00      0.00      0.00
Average:         33      6.61      0.00     93.19      0.00      0.00      0.00      0.20      0.00      0.00      0.00
Average:         34      7.49      0.00     92.51      0.00      0.00      0.00      0.00      0.00      0.00      0.00
Average:         35      6.30      0.00     93.70      0.00      0.00      0.00      0.00      0.00      0.00      0.00
Average:         36      7.29      0.00     92.41      0.00      0.00      0.00      0.30      0.00      0.00      0.00
Average:         37      8.41      0.00     91.39      0.00      0.00      0.00      0.20      0.00      0.00      0.00
Average:         38      6.70      0.00     93.20      0.00      0.00      0.00      0.10      0.00      0.00      0.00
Average:         39      8.20      0.00     91.60      0.00      0.00      0.00      0.20      0.00      0.00      0.00
