Linux 6.12.0-rc5-nfoff-mitioff-susv7 (cache-sql13432) 	11/07/2024 	_x86_64_	(64 CPU)

12:45:22 PM     CPU      %usr     %nice      %sys   %iowait    %steal      %irq     %soft    %guest    %gnice     %idle
12:45:23 PM      32     13.13      0.00     28.28      0.00      0.00      0.00     32.32      0.00      0.00     26.26
12:45:23 PM      33     18.68      0.00     30.77      0.00      0.00      0.00     28.57      0.00      0.00     21.98
12:45:23 PM      34      9.57      0.00     34.04      0.00      0.00      0.00     20.21      0.00      0.00     36.17
12:45:23 PM      35     12.36      0.00     30.34      0.00      0.00      0.00     16.85      0.00      0.00     40.45
12:45:23 PM      36     13.19      0.00     27.47      0.00      0.00      0.00     21.98      0.00      0.00     37.36
12:45:23 PM      37      9.89      0.00     30.77      0.00      0.00      0.00     32.97      0.00      0.00     26.37
12:45:23 PM      38     10.64      0.00     31.91      0.00      0.00      0.00     20.21      0.00      0.00     37.23
12:45:23 PM      39     11.58      0.00     31.58      0.00      0.00      0.00     22.11      0.00      0.00     34.74

12:45:23 PM     CPU      %usr     %nice      %sys   %iowait    %steal      %irq     %soft    %guest    %gnice     %idle
12:45:24 PM      32     15.84      0.00     31.68      0.00      0.00      0.00     17.82      0.00      0.00     34.65
12:45:24 PM      33     13.83      0.00     25.53      0.00      0.00      0.00     34.04      0.00      0.00     26.60
12:45:24 PM      34     10.87      0.00     32.61      0.00      0.00      0.00     22.83      0.00      0.00     33.70
12:45:24 PM      35     11.70      0.00     29.79      0.00      0.00      0.00     22.34      0.00      0.00     36.17
12:45:24 PM      36      7.45      0.00     29.79      0.00      0.00      0.00     20.21      0.00      0.00     42.55
12:45:24 PM      37     11.70      0.00     27.66      0.00      0.00      0.00     31.91      0.00      0.00     28.72
12:45:24 PM      38     15.96      0.00     23.40      0.00      0.00      0.00     19.15      0.00      0.00     41.49
12:45:24 PM      39     13.40      0.00     28.87      0.00      0.00      0.00     26.80      0.00      0.00     30.93

12:45:24 PM     CPU      %usr     %nice      %sys   %iowait    %steal      %irq     %soft    %guest    %gnice     %idle
12:45:25 PM      32     11.96      0.00     27.17      0.00      0.00      0.00     19.57      0.00      0.00     41.30
12:45:25 PM      33      8.25      0.00     29.90      0.00      0.00      0.00     38.14      0.00      0.00     23.71
12:45:25 PM      34     13.98      0.00     32.26      0.00      0.00      0.00     15.05      0.00      0.00     38.71
12:45:25 PM      35     10.31      0.00     34.02      0.00      0.00      0.00     19.59      0.00      0.00     36.08
12:45:25 PM      36     13.98      0.00     25.81      0.00      0.00      0.00     16.13      0.00      0.00     44.09
12:45:25 PM      37     11.70      0.00     29.79      0.00      0.00      0.00     15.96      0.00      0.00     42.55
12:45:25 PM      38     12.24      0.00     25.51      0.00      0.00      0.00     19.39      0.00      0.00     42.86
12:45:25 PM      39     13.68      0.00     29.47      0.00      0.00      0.00     34.74      0.00      0.00     22.11

12:45:25 PM     CPU      %usr     %nice      %sys   %iowait    %steal      %irq     %soft    %guest    %gnice     %idle
12:45:26 PM      32     13.54      0.00     28.12      0.00      0.00      0.00     21.88      0.00      0.00     36.46
12:45:26 PM      33     17.39      0.00     27.17      0.00      0.00      0.00     23.91      0.00      0.00     31.52
12:45:26 PM      34     11.70      0.00     37.23      0.00      0.00      0.00     17.02      0.00      0.00     34.04
12:45:26 PM      35     12.90      0.00     25.81      0.00      0.00      0.00     32.26      0.00      0.00     29.03
12:45:26 PM      36     11.36      0.00     29.55      0.00      0.00      0.00     21.59      0.00      0.00     37.50
12:45:26 PM      37     11.58      0.00     31.58      0.00      0.00      0.00     15.79      0.00      0.00     41.05
12:45:26 PM      38     11.58      0.00     35.79      0.00      0.00      0.00     16.84      0.00      0.00     35.79
12:45:26 PM      39     10.00      0.00     27.78      0.00      0.00      0.00     32.22      0.00      0.00     30.00

12:45:26 PM     CPU      %usr     %nice      %sys   %iowait    %steal      %irq     %soft    %guest    %gnice     %idle
12:45:27 PM      32     18.18      0.00     24.24      0.00      0.00      0.00     33.33      0.00      0.00     24.24
12:45:27 PM      33     12.87      0.00     29.70      0.00      0.00      0.00     20.79      0.00      0.00     36.63
12:45:27 PM      34      9.00      0.00     36.00      0.00      0.00      0.00     21.00      0.00      0.00     34.00
12:45:27 PM      35     10.53      0.00     30.53      0.00      0.00      0.00     18.95      0.00      0.00     40.00
12:45:27 PM      36     11.58      0.00     22.11      0.00      0.00      0.00     35.79      0.00      0.00     30.53
12:45:27 PM      37     13.54      0.00     34.38      0.00      0.00      0.00     16.67      0.00      0.00     35.42
12:45:27 PM      38     12.22      0.00     22.22      0.00      0.00      0.00     18.89      0.00      0.00     46.67
12:45:27 PM      39     15.22      0.00     30.43      0.00      0.00      0.00     14.13      0.00      0.00     40.22

12:45:27 PM     CPU      %usr     %nice      %sys   %iowait    %steal      %irq     %soft    %guest    %gnice     %idle
12:45:28 PM      32     11.46      0.00     23.96      0.00      0.00      0.00     39.58      0.00      0.00     25.00
12:45:28 PM      33      9.57      0.00     26.60      0.00      0.00      0.00     30.85      0.00      0.00     32.98
12:45:28 PM      34     14.14      0.00     28.28      0.00      0.00      0.00     21.21      0.00      0.00     36.36
12:45:28 PM      35     10.64      0.00     36.17      0.00      0.00      0.00     20.21      0.00      0.00     32.98
12:45:28 PM      36     13.54      0.00     23.96      0.00      0.00      0.00     33.33      0.00      0.00     29.17
12:45:28 PM      37     12.37      0.00     35.05      0.00      0.00      0.00     21.65      0.00      0.00     30.93
12:45:28 PM      38     11.83      0.00     29.03      0.00      0.00      0.00     20.43      0.00      0.00     38.71
12:45:28 PM      39     10.99      0.00     30.77      0.00      0.00      0.00     20.88      0.00      0.00     37.36

12:45:28 PM     CPU      %usr     %nice      %sys   %iowait    %steal      %irq     %soft    %guest    %gnice     %idle
12:45:29 PM      32     13.40      0.00     32.99      0.00      0.00      0.00     31.96      0.00      0.00     21.65
12:45:29 PM      33      7.14      0.00     32.65      0.00      0.00      0.00     38.78      0.00      0.00     21.43
12:45:29 PM      34     13.13      0.00     32.32      0.00      0.00      0.00     22.22      0.00      0.00     32.32
12:45:29 PM      35     14.89      0.00     34.04      0.00      0.00      0.00     18.09      0.00      0.00     32.98
12:45:29 PM      36      8.70      0.00     40.22      0.00      0.00      0.00     14.13      0.00      0.00     36.96
12:45:29 PM      37     12.09      0.00     36.26      0.00      0.00      0.00     29.67      0.00      0.00     21.98
12:45:29 PM      38     13.68      0.00     33.68      0.00      0.00      0.00     30.53      0.00      0.00     22.11
12:45:29 PM      39     10.53      0.00     28.42      0.00      0.00      0.00     20.00      0.00      0.00     41.05

12:45:29 PM     CPU      %usr     %nice      %sys   %iowait    %steal      %irq     %soft    %guest    %gnice     %idle
12:45:30 PM      32     14.58      0.00     27.08      0.00      0.00      0.00     39.58      0.00      0.00     18.75
12:45:30 PM      33     13.54      0.00     32.29      0.00      0.00      0.00     33.33      0.00      0.00     20.83
12:45:30 PM      34      9.68      0.00     32.26      0.00      0.00      0.00     18.28      0.00      0.00     39.78
12:45:30 PM      35     15.96      0.00     31.91      1.06      0.00      0.00     19.15      0.00      0.00     31.91
12:45:30 PM      36     14.29      0.00     34.52      0.00      0.00      0.00     27.38      0.00      0.00     23.81
12:45:30 PM      37     14.29      0.00     35.16      0.00      0.00      0.00     13.19      0.00      0.00     37.36
12:45:30 PM      38     11.46      0.00     39.58      0.00      0.00      0.00     29.17      0.00      0.00     19.79
12:45:30 PM      39     11.83      0.00     26.88      0.00      0.00      0.00     18.28      0.00      0.00     43.01

12:45:30 PM     CPU      %usr     %nice      %sys   %iowait    %steal      %irq     %soft    %guest    %gnice     %idle
12:45:31 PM      32     11.46      0.00     28.12      0.00      0.00      0.00     38.54      0.00      0.00     21.88
12:45:31 PM      33     13.40      0.00     32.99      0.00      0.00      0.00     35.05      0.00      0.00     18.56
12:45:31 PM      34     11.11      0.00     33.33      0.00      0.00      0.00     19.19      0.00      0.00     36.36
12:45:31 PM      35     14.29      0.00     35.71      0.00      0.00      0.00     22.45      0.00      0.00     27.55
12:45:31 PM      36     15.79      0.00     34.74      0.00      0.00      0.00     31.58      0.00      0.00     17.89
12:45:31 PM      37     11.88      0.00     36.63      0.00      0.00      0.00     14.85      0.00      0.00     36.63
12:45:31 PM      38     12.77      0.00     36.17      0.00      0.00      0.00     29.79      0.00      0.00     21.28
12:45:31 PM      39     13.54      0.00     33.33      0.00      0.00      0.00     18.75      0.00      0.00     34.38

12:45:31 PM     CPU      %usr     %nice      %sys   %iowait    %steal      %irq     %soft    %guest    %gnice     %idle
12:45:32 PM      32      9.28      0.00     35.05      0.00      0.00      0.00     28.87      0.00      0.00     26.80
12:45:32 PM      33     11.22      0.00     30.61      0.00      0.00      0.00     31.63      0.00      0.00     26.53
12:45:32 PM      34     13.27      0.00     27.55      0.00      0.00      0.00     30.61      0.00      0.00     28.57
12:45:32 PM      35     12.63      0.00     30.53      0.00      0.00      0.00     32.63      0.00      0.00     24.21
12:45:32 PM      36     15.79      0.00     36.84      0.00      0.00      0.00     26.32      0.00      0.00     21.05
12:45:32 PM      37     12.12      0.00     39.39      0.00      0.00      0.00     27.27      0.00      0.00     21.21
12:45:32 PM      38     10.10      0.00     29.29      0.00      0.00      0.00     32.32      0.00      0.00     28.28
12:45:32 PM      39     14.74      0.00     31.58      0.00      0.00      0.00     15.79      0.00      0.00     37.89

Average:        CPU      %usr     %nice      %sys   %iowait    %steal      %irq     %soft    %guest    %gnice     %idle
Average:         32     13.31      0.00     28.69      0.00      0.00      0.00     30.34      0.00      0.00     27.66
Average:         33     12.53      0.00     29.85      0.00      0.00      0.00     31.52      0.00      0.00     26.10
Average:         34     11.65      0.00     32.57      0.00      0.00      0.00     20.81      0.00      0.00     34.96
Average:         35     12.62      0.00     31.92      0.11      0.00      0.00     22.27      0.00      0.00     33.09
Average:         36     12.57      0.00     30.44      0.00      0.00      0.00     24.92      0.00      0.00     32.07
Average:         37     12.12      0.00     33.72      0.00      0.00      0.00     21.92      0.00      0.00     32.24
Average:         38     12.24      0.00     30.70      0.00      0.00      0.00     23.73      0.00      0.00     33.33
Average:         39     12.57      0.00     29.93      0.00      0.00      0.00     22.36      0.00      0.00     35.14
