Linux 6.12.0-rc5-nfoff-mitioff-susv7 (cache-sql13432) 	11/07/2024 	_x86_64_	(64 CPU)

08:09:04 PM     CPU      %usr     %nice      %sys   %iowait    %steal      %irq     %soft    %guest    %gnice     %idle
08:09:05 PM      32      7.84      0.00     27.45      0.00      0.00      0.00     32.35      0.00      0.00     32.35
08:09:05 PM      33      9.89      0.00     23.08      0.00      0.00      0.00     24.18      0.00      0.00     42.86
08:09:05 PM      34      9.57      0.00     25.53      0.00      0.00      0.00     31.91      0.00      0.00     32.98
08:09:05 PM      35     12.37      0.00     28.87      0.00      0.00      0.00     20.62      0.00      0.00     38.14
08:09:05 PM      36      8.89      0.00     26.67      0.00      0.00      0.00     30.00      0.00      0.00     34.44
08:09:05 PM      37     10.20      0.00     23.47      0.00      0.00      0.00     30.61      0.00      0.00     35.71
08:09:05 PM      38     14.29      0.00     19.78      0.00      0.00      0.00     30.77      0.00      0.00     35.16
08:09:05 PM      39     12.37      0.00     25.77      0.00      0.00      0.00     22.68      0.00      0.00     39.18

08:09:05 PM     CPU      %usr     %nice      %sys   %iowait    %steal      %irq     %soft    %guest    %gnice     %idle
08:09:06 PM      32     10.00      0.00     28.00      0.00      0.00      0.00     28.00      0.00      0.00     34.00
08:09:06 PM      33     10.64      0.00     26.60      0.00      0.00      0.00     25.53      0.00      0.00     37.23
08:09:06 PM      34      9.47      0.00     24.21      0.00      0.00      0.00     27.37      0.00      0.00     38.95
08:09:06 PM      35     12.24      0.00     26.53      0.00      0.00      0.00     23.47      0.00      0.00     37.76
08:09:06 PM      36     12.00      0.00     29.00      0.00      0.00      0.00     22.00      0.00      0.00     37.00
08:09:06 PM      37     10.31      0.00     25.77      0.00      0.00      0.00     22.68      0.00      0.00     41.24
08:09:06 PM      38     10.78      0.00     23.53      0.00      0.00      0.00     33.33      0.00      0.00     32.35
08:09:06 PM      39      8.74      0.00     27.18      0.00      0.00      0.00     33.01      0.00      0.00     31.07

08:09:06 PM     CPU      %usr     %nice      %sys   %iowait    %steal      %irq     %soft    %guest    %gnice     %idle
08:09:07 PM      32      9.78      0.00     30.43      0.00      0.00      0.00     22.83      0.00      0.00     36.96
08:09:07 PM      33      8.79      0.00     23.08      0.00      0.00      0.00     24.18      0.00      0.00     43.96
08:09:07 PM      34     10.64      0.00     21.28      0.00      0.00      0.00     29.79      0.00      0.00     38.30
08:09:07 PM      35      9.47      0.00     24.21      0.00      0.00      0.00     24.21      0.00      0.00     42.11
08:09:07 PM      36     13.54      0.00     26.04      0.00      0.00      0.00     22.92      0.00      0.00     37.50
08:09:07 PM      37      7.53      0.00     31.18      0.00      0.00      0.00     22.58      0.00      0.00     38.71
08:09:07 PM      38      8.42      0.00     22.11      0.00      0.00      0.00     29.47      0.00      0.00     40.00
08:09:07 PM      39     11.83      0.00     24.73      0.00      0.00      0.00     22.58      0.00      0.00     40.86

08:09:07 PM     CPU      %usr     %nice      %sys   %iowait    %steal      %irq     %soft    %guest    %gnice     %idle
08:09:08 PM      32     24.75      0.00     49.50      0.00      0.00      0.00     24.75      0.00      0.00      0.99
08:09:08 PM      33     14.13      0.00     17.39      0.00      0.00      0.00     30.43      0.00      0.00     38.04
08:09:08 PM      34     13.40      0.00     32.99      0.00      0.00      0.00     28.87      0.00      0.00     24.74
08:09:08 PM      35      9.47      0.00     30.53      0.00      0.00      0.00     33.68      0.00      0.00     26.32
08:09:08 PM      36      9.89      0.00     25.27      0.00      0.00      0.00     29.67      0.00      0.00     35.16
08:09:08 PM      37     13.04      0.00     27.17      0.00      0.00      0.00     32.61      0.00      0.00     27.17
08:09:08 PM      38      9.47      0.00     34.74      0.00      0.00      0.00     26.32      0.00      0.00     29.47
08:09:08 PM      39     11.83      0.00     25.81      0.00      0.00      0.00     29.03      0.00      0.00     33.33

08:09:08 PM     CPU      %usr     %nice      %sys   %iowait    %steal      %irq     %soft    %guest    %gnice     %idle
08:09:09 PM      32      9.57      0.00     23.40      0.00      0.00      0.00     36.17      0.00      0.00     30.85
08:09:09 PM      33     12.90      0.00     22.58      0.00      0.00      0.00     27.96      0.00      0.00     36.56
08:09:09 PM      34      8.51      0.00     29.79      0.00      0.00      0.00     27.66      0.00      0.00     34.04
08:09:09 PM      35      9.38      0.00     30.21      0.00      0.00      0.00     20.83      0.00      0.00     39.58
08:09:09 PM      36     24.00      0.00     45.00      0.00      0.00      0.00     30.00      0.00      0.00      1.00
08:09:09 PM      37     10.64      0.00     35.11      0.00      0.00      0.00     28.72      0.00      0.00     25.53
08:09:09 PM      38     13.33      0.00     24.44      0.00      0.00      0.00     31.11      0.00      0.00     31.11
08:09:09 PM      39     18.28      0.00     35.48      0.00      0.00      0.00     25.81      0.00      0.00     20.43

08:09:09 PM     CPU      %usr     %nice      %sys   %iowait    %steal      %irq     %soft    %guest    %gnice     %idle
08:09:10 PM      32      6.38      0.00     25.53      0.00      0.00      0.00     34.04      0.00      0.00     34.04
08:09:10 PM      33     12.90      0.00     26.88      0.00      0.00      0.00     27.96      0.00      0.00     32.26
08:09:10 PM      34     15.15      0.00     27.27      0.00      0.00      0.00     20.20      0.00      0.00     37.37
08:09:10 PM      35     11.24      0.00     24.72      0.00      0.00      0.00     21.35      0.00      0.00     42.70
08:09:10 PM      36     26.26      0.00     50.51      0.00      0.00      0.00     23.23      0.00      0.00      0.00
08:09:10 PM      37     12.37      0.00     32.99      0.00      0.00      0.00     26.80      0.00      0.00     27.84
08:09:10 PM      38     10.99      0.00     28.57      0.00      0.00      0.00     26.37      0.00      0.00     34.07
08:09:10 PM      39     14.13      0.00     42.39      0.00      0.00      0.00     21.74      0.00      0.00     21.74

08:09:10 PM     CPU      %usr     %nice      %sys   %iowait    %steal      %irq     %soft    %guest    %gnice     %idle
08:09:11 PM      32      8.99      0.00     31.46      0.00      0.00      0.00     25.84      0.00      0.00     33.71
08:09:11 PM      33     11.70      0.00     26.60      0.00      0.00      0.00     30.85      0.00      0.00     30.85
08:09:11 PM      34     13.98      0.00     26.88      0.00      0.00      0.00     23.66      0.00      0.00     35.48
08:09:11 PM      35     10.99      0.00     27.47      0.00      0.00      0.00     25.27      0.00      0.00     36.26
08:09:11 PM      36     19.61      0.00     42.16      0.00      0.00      0.00     24.51      0.00      0.00     13.73
08:09:11 PM      37     12.50      0.00     27.08      0.00      0.00      0.00     23.96      0.00      0.00     36.46
08:09:11 PM      38     14.13      0.00     28.26      0.00      0.00      0.00     28.26      0.00      0.00     29.35
08:09:11 PM      39     13.27      0.00     34.69      0.00      0.00      0.00     20.41      0.00      0.00     31.63

08:09:11 PM     CPU      %usr     %nice      %sys   %iowait    %steal      %irq     %soft    %guest    %gnice     %idle
08:09:12 PM      32     10.53      0.00     23.16      0.00      0.00      0.00     31.58      0.00      0.00     34.74
08:09:12 PM      33      8.79      0.00     30.77      0.00      0.00      0.00     24.18      0.00      0.00     36.26
08:09:12 PM      34     13.19      0.00     23.08      0.00      0.00      0.00     18.68      0.00      0.00     45.05
08:09:12 PM      35      9.38      0.00     26.04      0.00      0.00      0.00     22.92      0.00      0.00     41.67
08:09:12 PM      36     10.20      0.00     25.51      0.00      0.00      0.00     26.53      0.00      0.00     37.76
08:09:12 PM      37     10.42      0.00     28.12      0.00      0.00      0.00     27.08      0.00      0.00     34.38
08:09:12 PM      38     12.63      0.00     20.00      0.00      0.00      0.00     28.42      0.00      0.00     38.95
08:09:12 PM      39     11.34      0.00     23.71      0.00      0.00      0.00     26.80      0.00      0.00     38.14

08:09:12 PM     CPU      %usr     %nice      %sys   %iowait    %steal      %irq     %soft    %guest    %gnice     %idle
08:09:13 PM      32     10.64      0.00     28.72      0.00      0.00      0.00     25.53      0.00      0.00     35.11
08:09:13 PM      33     10.31      0.00     24.74      0.00      0.00      0.00     23.71      0.00      0.00     41.24
08:09:13 PM      34     10.75      0.00     25.81      0.00      0.00      0.00     22.58      0.00      0.00     40.86
08:09:13 PM      35     11.00      0.00     25.00      0.00      0.00      0.00     27.00      0.00      0.00     37.00
08:09:13 PM      36     11.34      0.00     22.68      0.00      0.00      0.00     29.90      0.00      0.00     36.08
08:09:13 PM      37     13.00      0.00     26.00      0.00      0.00      0.00     28.00      0.00      0.00     33.00
08:09:13 PM      38      9.71      0.00     23.30      0.00      0.00      0.00     27.18      0.00      0.00     39.81
08:09:13 PM      39      6.74      0.00     22.47      0.00      0.00      0.00     28.09      0.00      0.00     42.70

08:09:13 PM     CPU      %usr     %nice      %sys   %iowait    %steal      %irq     %soft    %guest    %gnice     %idle
08:09:14 PM      32      6.52      0.00     21.74      0.00      0.00      0.00     36.96      0.00      0.00     34.78
08:09:14 PM      33     13.54      0.00     23.96      0.00      0.00      0.00     18.75      0.00      0.00     43.75
08:09:14 PM      34      9.38      0.00     25.00      0.00      0.00      0.00     27.08      0.00      0.00     38.54
08:09:14 PM      35     12.50      0.00     25.00      0.00      0.00      0.00     21.88      0.00      0.00     40.62
08:09:14 PM      36      9.57      0.00     24.47      0.00      0.00      0.00     25.53      0.00      0.00     40.43
08:09:14 PM      37     11.22      0.00     22.45      0.00      0.00      0.00     32.65      0.00      0.00     33.67
08:09:14 PM      38      7.84      0.00     25.49      0.00      0.00      0.00     29.41      0.00      0.00     37.25
08:09:14 PM      39      7.61      0.00     25.00      0.00      0.00      0.00     23.91      0.00      0.00     43.48

Average:        CPU      %usr     %nice      %sys   %iowait    %steal      %irq     %soft    %guest    %gnice     %idle
Average:         32     10.60      0.00     29.07      0.00      0.00      0.00     29.80      0.00      0.00     30.54
Average:         33     11.37      0.00     24.57      0.00      0.00      0.00     25.75      0.00      0.00     38.30
Average:         34     11.42      0.00     26.22      0.00      0.00      0.00     25.79      0.00      0.00     36.58
Average:         35     10.81      0.00     26.86      0.00      0.00      0.00     24.13      0.00      0.00     38.20
Average:         36     14.68      0.00     31.95      0.00      0.00      0.00     26.37      0.00      0.00     26.99
Average:         37     11.13      0.00     27.89      0.00      0.00      0.00     27.58      0.00      0.00     33.40
Average:         38     11.09      0.00     25.00      0.00      0.00      0.00     29.08      0.00      0.00     34.83
Average:         39     11.62      0.00     28.72      0.00      0.00      0.00     25.45      0.00      0.00     34.21
