Linux 6.12.0-rc5-nfoff-mitioff-susv7 (cache-sql13432) 	11/07/2024 	_x86_64_	(64 CPU)

08:59:33 AM     CPU      %usr     %nice      %sys   %iowait    %steal      %irq     %soft    %guest    %gnice     %idle
08:59:34 AM      32     12.90      0.00     27.96      0.00      0.00      0.00     21.51      0.00      0.00     37.63
08:59:34 AM      33     11.00      0.00     35.00      0.00      0.00      0.00     26.00      0.00      0.00     28.00
08:59:34 AM      34     13.98      0.00     29.03      0.00      0.00      0.00     22.58      0.00      0.00     34.41
08:59:34 AM      35     10.42      0.00     38.54      0.00      0.00      0.00     23.96      0.00      0.00     27.08
08:59:34 AM      36     14.14      0.00     34.34      0.00      0.00      0.00     22.22      0.00      0.00     29.29
08:59:34 AM      37      9.68      0.00     36.56      0.00      0.00      0.00     23.66      0.00      0.00     30.11
08:59:34 AM      38     15.73      0.00     26.97      0.00      0.00      0.00     24.72      0.00      0.00     32.58
08:59:34 AM      39     12.36      0.00     29.21      0.00      0.00      0.00     35.96      0.00      0.00     22.47

08:59:34 AM     CPU      %usr     %nice      %sys   %iowait    %steal      %irq     %soft    %guest    %gnice     %idle
08:59:35 AM      32     15.22      0.00     30.43      0.00      0.00      0.00     23.91      0.00      0.00     30.43
08:59:35 AM      33     14.43      0.00     34.02      0.00      0.00      0.00     36.08      0.00      0.00     15.46
08:59:35 AM      34     14.29      0.00     41.76      0.00      0.00      0.00     19.78      0.00      0.00     24.18
08:59:35 AM      35     10.64      0.00     35.11      0.00      0.00      0.00     36.17      0.00      0.00     18.09
08:59:35 AM      36     14.56      0.00     34.95      0.00      0.00      0.00     28.16      0.00      0.00     22.33
08:59:35 AM      37     14.29      0.00     30.77      0.00      0.00      0.00     40.66      0.00      0.00     14.29
08:59:35 AM      38     15.62      0.00     33.33      0.00      0.00      0.00     26.04      0.00      0.00     25.00
08:59:35 AM      39     15.79      0.00     35.79      0.00      0.00      0.00     30.53      0.00      0.00     17.89

08:59:35 AM     CPU      %usr     %nice      %sys   %iowait    %steal      %irq     %soft    %guest    %gnice     %idle
08:59:36 AM      32     17.53      0.00     44.33      0.00      0.00      0.00     28.87      0.00      0.00      9.28
08:59:36 AM      33     12.50      0.00     36.46      0.00      0.00      0.00     36.46      0.00      0.00     14.58
08:59:36 AM      34     14.58      0.00     42.71      0.00      0.00      0.00     34.38      0.00      0.00      8.33
08:59:36 AM      35     12.77      0.00     39.36      0.00      0.00      0.00     31.91      0.00      0.00     15.96
08:59:36 AM      36     14.43      0.00     35.05      0.00      0.00      0.00     38.14      0.00      0.00     12.37
08:59:36 AM      37     10.00      0.00     34.00      0.00      0.00      0.00     45.00      0.00      0.00     11.00
08:59:36 AM      38     14.58      0.00     33.33      0.00      0.00      0.00     38.54      0.00      0.00     13.54
08:59:36 AM      39     15.31      0.00     36.73      0.00      0.00      0.00     36.73      0.00      0.00     11.22

08:59:36 AM     CPU      %usr     %nice      %sys   %iowait    %steal      %irq     %soft    %guest    %gnice     %idle
08:59:37 AM      32     13.13      0.00     40.40      0.00      0.00      0.00     38.38      0.00      0.00      8.08
08:59:37 AM      33     15.46      0.00     39.18      0.00      0.00      0.00     37.11      0.00      0.00      8.25
08:59:37 AM      34     17.35      0.00     35.71      0.00      0.00      0.00     40.82      0.00      0.00      6.12
08:59:37 AM      35     14.29      0.00     45.92      0.00      0.00      0.00     31.63      0.00      0.00      8.16
08:59:37 AM      36     13.00      0.00     38.00      0.00      0.00      0.00     40.00      0.00      0.00      9.00
08:59:37 AM      37     15.31      0.00     37.76      0.00      0.00      0.00     37.76      0.00      0.00      9.18
08:59:37 AM      38     17.00      0.00     40.00      0.00      0.00      0.00     37.00      0.00      0.00      6.00
08:59:37 AM      39     16.84      0.00     40.00      0.00      0.00      0.00     34.74      0.00      0.00      8.42

08:59:37 AM     CPU      %usr     %nice      %sys   %iowait    %steal      %irq     %soft    %guest    %gnice     %idle
08:59:38 AM      32     12.75      0.00     42.16      0.00      0.00      0.00     37.25      0.00      0.00      7.84
08:59:38 AM      33     15.46      0.00     38.14      0.00      0.00      0.00     37.11      0.00      0.00      9.28
08:59:38 AM      34     17.17      0.00     41.41      0.00      0.00      0.00     35.35      0.00      0.00      6.06
08:59:38 AM      35     17.17      0.00     41.41      0.00      0.00      0.00     33.33      0.00      0.00      8.08
08:59:38 AM      36     15.31      0.00     42.86      0.00      0.00      0.00     32.65      0.00      0.00      9.18
08:59:38 AM      37     16.16      0.00     38.38      0.00      0.00      0.00     36.36      0.00      0.00      9.09
08:59:38 AM      38     11.22      0.00     37.76      0.00      0.00      0.00     44.90      0.00      0.00      6.12
08:59:38 AM      39     15.62      0.00     38.54      0.00      0.00      0.00     37.50      0.00      0.00      8.33

08:59:38 AM     CPU      %usr     %nice      %sys   %iowait    %steal      %irq     %soft    %guest    %gnice     %idle
08:59:39 AM      32     14.43      0.00     31.96      0.00      0.00      0.00     26.80      0.00      0.00     26.80
08:59:39 AM      33     15.79      0.00     40.00      0.00      0.00      0.00     27.37      0.00      0.00     16.84
08:59:39 AM      34     14.58      0.00     42.71      0.00      0.00      0.00     35.42      0.00      0.00      7.29
08:59:39 AM      35     12.77      0.00     36.17      0.00      0.00      0.00     36.17      0.00      0.00     14.89
08:59:39 AM      36     11.83      0.00     39.78      0.00      0.00      0.00     35.48      0.00      0.00     12.90
08:59:39 AM      37     11.83      0.00     43.01      0.00      0.00      0.00     36.56      0.00      0.00      8.60
08:59:39 AM      38     14.58      0.00     32.29      0.00      0.00      0.00     28.12      0.00      0.00     25.00
08:59:39 AM      39     15.15      0.00     37.37      0.00      0.00      0.00     28.28      0.00      0.00     19.19

08:59:39 AM     CPU      %usr     %nice      %sys   %iowait    %steal      %irq     %soft    %guest    %gnice     %idle
08:59:40 AM      32     14.29      0.00     35.71      0.00      0.00      0.00     26.53      0.00      0.00     23.47
08:59:40 AM      33     12.75      0.00     35.29      0.00      0.00      0.00     25.49      0.00      0.00     26.47
08:59:40 AM      34     11.34      0.00     39.18      0.00      0.00      0.00     41.24      0.00      0.00      8.25
08:59:40 AM      35     13.54      0.00     32.29      0.00      0.00      0.00     37.50      0.00      0.00     16.67
08:59:40 AM      36     11.34      0.00     39.18      0.00      0.00      0.00     30.93      0.00      0.00     18.56
08:59:40 AM      37     14.14      0.00     33.33      0.00      0.00      0.00     38.38      0.00      0.00     14.14
08:59:40 AM      38     13.40      0.00     35.05      0.00      0.00      0.00     36.08      0.00      0.00     15.46
08:59:40 AM      39     11.70      0.00     38.30      0.00      0.00      0.00     23.40      0.00      0.00     26.60

08:59:40 AM     CPU      %usr     %nice      %sys   %iowait    %steal      %irq     %soft    %guest    %gnice     %idle
08:59:41 AM      32     10.87      0.00     44.57      0.00      0.00      0.00     31.52      0.00      0.00     13.04
08:59:41 AM      33     14.58      0.00     34.38      0.00      0.00      0.00     20.83      0.00      0.00     30.21
08:59:41 AM      34     13.13      0.00     30.30      0.00      0.00      0.00     40.40      0.00      0.00     16.16
08:59:41 AM      35     12.22      0.00     37.78      0.00      0.00      0.00     22.22      0.00      0.00     27.78
08:59:41 AM      36     12.77      0.00     37.23      0.00      0.00      0.00     34.04      0.00      0.00     15.96
08:59:41 AM      37     13.86      0.00     33.66      0.00      0.00      0.00     41.58      0.00      0.00     10.89
08:59:41 AM      38     15.46      0.00     30.93      0.00      0.00      0.00     26.80      0.00      0.00     26.80
08:59:41 AM      39     14.29      0.00     36.26      0.00      0.00      0.00     20.88      0.00      0.00     28.57

08:59:41 AM     CPU      %usr     %nice      %sys   %iowait    %steal      %irq     %soft    %guest    %gnice     %idle
08:59:42 AM      32     12.22      0.00     34.44      0.00      0.00      0.00     24.44      0.00      0.00     28.89
08:59:42 AM      33     18.28      0.00     30.11      0.00      0.00      0.00     29.03      0.00      0.00     22.58
08:59:42 AM      34     17.58      0.00     27.47      0.00      0.00      0.00     29.67      0.00      0.00     25.27
08:59:42 AM      35     12.63      0.00     35.79      0.00      0.00      0.00     31.58      0.00      0.00     20.00
08:59:42 AM      36     14.43      0.00     29.90      0.00      0.00      0.00     35.05      0.00      0.00     20.62
08:59:42 AM      37     13.04      0.00     41.30      0.00      0.00      0.00     22.83      0.00      0.00     22.83
08:59:42 AM      38     17.58      0.00     29.67      0.00      0.00      0.00     28.57      0.00      0.00     24.18
08:59:42 AM      39     11.46      0.00     39.58      0.00      0.00      0.00     31.25      0.00      0.00     17.71

08:59:42 AM     CPU      %usr     %nice      %sys   %iowait    %steal      %irq     %soft    %guest    %gnice     %idle
08:59:43 AM      32     12.77      0.00     26.60      0.00      0.00      0.00     24.47      0.00      0.00     36.17
08:59:43 AM      33     12.37      0.00     37.11      0.00      0.00      0.00     39.18      0.00      0.00     11.34
08:59:43 AM      34     12.37      0.00     42.27      0.00      0.00      0.00     26.80      0.00      0.00     18.56
08:59:43 AM      35     11.46      0.00     38.54      0.00      0.00      0.00     33.33      0.00      0.00     16.67
08:59:43 AM      36     11.96      0.00     35.87      0.00      0.00      0.00     20.65      0.00      0.00     31.52
08:59:43 AM      37     12.77      0.00     35.11      0.00      0.00      0.00     26.60      0.00      0.00     25.53
08:59:43 AM      38     16.84      0.00     27.37      0.00      0.00      0.00     42.11      0.00      0.00     13.68
08:59:43 AM      39     14.00      0.00     40.00      0.00      0.00      0.00     36.00      0.00      0.00     10.00

Average:        CPU      %usr     %nice      %sys   %iowait    %steal      %irq     %soft    %guest    %gnice     %idle
Average:         32     13.63      0.00     35.95      0.00      0.00      0.00     28.51      0.00      0.00     21.91
Average:         33     14.23      0.00     35.98      0.00      0.00      0.00     31.44      0.00      0.00     18.35
Average:         34     14.63      0.00     37.30      0.00      0.00      0.00     32.81      0.00      0.00     15.26
Average:         35     12.82      0.00     38.13      0.00      0.00      0.00     31.83      0.00      0.00     17.23
Average:         36     13.40      0.00     36.70      0.00      0.00      0.00     31.75      0.00      0.00     18.14
Average:         37     13.12      0.00     36.35      0.00      0.00      0.00     35.10      0.00      0.00     15.42
Average:         38     15.18      0.00     32.77      0.00      0.00      0.00     33.40      0.00      0.00     18.64
Average:         39     14.27      0.00     37.25      0.00      0.00      0.00     31.58      0.00      0.00     16.89
