Linux 6.12.0-rc5-nfoff-mitioff-susv7 (cache-sql13432) 	11/07/2024 	_x86_64_	(64 CPU)

05:58:21 AM     CPU      %usr     %nice      %sys   %iowait    %steal      %irq     %soft    %guest    %gnice     %idle
05:58:22 AM      32     19.00      0.00     79.00      0.00      0.00      0.00      2.00      0.00      0.00      0.00
05:58:22 AM      33     21.78      0.00     78.22      0.00      0.00      0.00      0.00      0.00      0.00      0.00
05:58:22 AM      34     23.00      0.00     77.00      0.00      0.00      0.00      0.00      0.00      0.00      0.00
05:58:22 AM      35     21.00      0.00     79.00      0.00      0.00      0.00      0.00      0.00      0.00      0.00
05:58:22 AM      36     21.21      0.00     78.79      0.00      0.00      0.00      0.00      0.00      0.00      0.00
05:58:22 AM      37     14.85      0.00     84.16      0.00      0.00      0.00      0.99      0.00      0.00      0.00
05:58:22 AM      38     19.00      0.00     80.00      0.00      0.00      0.00      1.00      0.00      0.00      0.00
05:58:22 AM      39     23.76      0.00     74.26      0.00      0.00      0.00      1.98      0.00      0.00      0.00

05:58:22 AM     CPU      %usr     %nice      %sys   %iowait    %steal      %irq     %soft    %guest    %gnice     %idle
05:58:23 AM      32     19.00      0.00     81.00      0.00      0.00      0.00      0.00      0.00      0.00      0.00
05:58:23 AM      33     15.00      0.00     85.00      0.00      0.00      0.00      0.00      0.00      0.00      0.00
05:58:23 AM      34     18.00      0.00     82.00      0.00      0.00      0.00      0.00      0.00      0.00      0.00
05:58:23 AM      35     21.21      0.00     78.79      0.00      0.00      0.00      0.00      0.00      0.00      0.00
05:58:23 AM      36     24.00      0.00     75.00      0.00      0.00      0.00      1.00      0.00      0.00      0.00
05:58:23 AM      37     18.00      0.00     81.00      0.00      0.00      0.00      1.00      0.00      0.00      0.00
05:58:23 AM      38     15.84      0.00     83.17      0.00      0.00      0.00      0.99      0.00      0.00      0.00
05:58:23 AM      39     20.20      0.00     79.80      0.00      0.00      0.00      0.00      0.00      0.00      0.00

05:58:23 AM     CPU      %usr     %nice      %sys   %iowait    %steal      %irq     %soft    %guest    %gnice     %idle
05:58:24 AM      32     20.79      0.00     78.22      0.00      0.00      0.00      0.99      0.00      0.00      0.00
05:58:24 AM      33     18.00      0.00     82.00      0.00      0.00      0.00      0.00      0.00      0.00      0.00
05:58:24 AM      34     21.00      0.00     78.00      0.00      0.00      0.00      1.00      0.00      0.00      0.00
05:58:24 AM      35     19.80      0.00     80.20      0.00      0.00      0.00      0.00      0.00      0.00      0.00
05:58:24 AM      36     17.82      0.00     81.19      0.00      0.00      0.00      0.99      0.00      0.00      0.00
05:58:24 AM      37     20.00      0.00     80.00      0.00      0.00      0.00      0.00      0.00      0.00      0.00
05:58:24 AM      38     18.00      0.00     82.00      0.00      0.00      0.00      0.00      0.00      0.00      0.00
05:58:24 AM      39     19.00      0.00     80.00      0.00      0.00      0.00      1.00      0.00      0.00      0.00

05:58:24 AM     CPU      %usr     %nice      %sys   %iowait    %steal      %irq     %soft    %guest    %gnice     %idle
05:58:25 AM      32     18.00      0.00     82.00      0.00      0.00      0.00      0.00      0.00      0.00      0.00
05:58:25 AM      33     22.00      0.00     78.00      0.00      0.00      0.00      0.00      0.00      0.00      0.00
05:58:25 AM      34     23.00      0.00     77.00      0.00      0.00      0.00      0.00      0.00      0.00      0.00
05:58:25 AM      35     22.00      0.00     78.00      0.00      0.00      0.00      0.00      0.00      0.00      0.00
05:58:25 AM      36     19.00      0.00     81.00      0.00      0.00      0.00      0.00      0.00      0.00      0.00
05:58:25 AM      37     17.17      0.00     82.83      0.00      0.00      0.00      0.00      0.00      0.00      0.00
05:58:25 AM      38     16.16      0.00     83.84      0.00      0.00      0.00      0.00      0.00      0.00      0.00
05:58:25 AM      39     18.81      0.00     80.20      0.00      0.00      0.00      0.99      0.00      0.00      0.00

05:58:25 AM     CPU      %usr     %nice      %sys   %iowait    %steal      %irq     %soft    %guest    %gnice     %idle
05:58:26 AM      32     13.13      0.00     84.85      0.00      0.00      0.00      2.02      0.00      0.00      0.00
05:58:26 AM      33     20.00      0.00     79.00      0.00      0.00      0.00      1.00      0.00      0.00      0.00
05:58:26 AM      34     15.84      0.00     83.17      0.00      0.00      0.00      0.99      0.00      0.00      0.00
05:58:26 AM      35     19.00      0.00     81.00      0.00      0.00      0.00      0.00      0.00      0.00      0.00
05:58:26 AM      36     21.21      0.00     77.78      0.00      0.00      0.00      1.01      0.00      0.00      0.00
05:58:26 AM      37     15.84      0.00     83.17      0.00      0.00      0.00      0.99      0.00      0.00      0.00
05:58:26 AM      38     18.81      0.00     81.19      0.00      0.00      0.00      0.00      0.00      0.00      0.00
05:58:26 AM      39     23.00      0.00     76.00      0.00      0.00      0.00      1.00      0.00      0.00      0.00

05:58:26 AM     CPU      %usr     %nice      %sys   %iowait    %steal      %irq     %soft    %guest    %gnice     %idle
05:58:27 AM      32     20.79      0.00     78.22      0.00      0.00      0.00      0.99      0.00      0.00      0.00
05:58:27 AM      33     22.00      0.00     77.00      0.00      0.00      0.00      1.00      0.00      0.00      0.00
05:58:27 AM      34     18.37      0.00     81.63      0.00      0.00      0.00      0.00      0.00      0.00      0.00
05:58:27 AM      35     21.21      0.00     78.79      0.00      0.00      0.00      0.00      0.00      0.00      0.00
05:58:27 AM      36     20.79      0.00     78.22      0.00      0.00      0.00      0.99      0.00      0.00      0.00
05:58:27 AM      37     18.18      0.00     81.82      0.00      0.00      0.00      0.00      0.00      0.00      0.00
05:58:27 AM      38     21.21      0.00     77.78      0.00      0.00      0.00      1.01      0.00      0.00      0.00
05:58:27 AM      39     21.00      0.00     78.00      0.00      0.00      0.00      1.00      0.00      0.00      0.00

05:58:27 AM     CPU      %usr     %nice      %sys   %iowait    %steal      %irq     %soft    %guest    %gnice     %idle
05:58:28 AM      32     22.00      0.00     78.00      0.00      0.00      0.00      0.00      0.00      0.00      0.00
05:58:28 AM      33     18.00      0.00     81.00      0.00      0.00      0.00      1.00      0.00      0.00      0.00
05:58:28 AM      34     20.79      0.00     78.22      0.00      0.00      0.00      0.99      0.00      0.00      0.00
05:58:28 AM      35     19.80      0.00     80.20      0.00      0.00      0.00      0.00      0.00      0.00      0.00
05:58:28 AM      36     18.00      0.00     81.00      0.00      0.00      0.00      1.00      0.00      0.00      0.00
05:58:28 AM      37     20.79      0.00     78.22      0.00      0.00      0.00      0.99      0.00      0.00      0.00
05:58:28 AM      38     20.00      0.00     80.00      0.00      0.00      0.00      0.00      0.00      0.00      0.00
05:58:28 AM      39     20.00      0.00     80.00      0.00      0.00      0.00      0.00      0.00      0.00      0.00

05:58:28 AM     CPU      %usr     %nice      %sys   %iowait    %steal      %irq     %soft    %guest    %gnice     %idle
05:58:29 AM      32     19.00      0.00     80.00      0.00      0.00      0.00      1.00      0.00      0.00      0.00
05:58:29 AM      33     20.79      0.00     78.22      0.00      0.00      0.00      0.99      0.00      0.00      0.00
05:58:29 AM      34     19.00      0.00     81.00      0.00      0.00      0.00      0.00      0.00      0.00      0.00
05:58:29 AM      35     22.22      0.00     77.78      0.00      0.00      0.00      0.00      0.00      0.00      0.00
05:58:29 AM      36     21.00      0.00     78.00      0.00      0.00      0.00      1.00      0.00      0.00      0.00
05:58:29 AM      37     17.00      0.00     83.00      0.00      0.00      0.00      0.00      0.00      0.00      0.00
05:58:29 AM      38     24.00      0.00     76.00      0.00      0.00      0.00      0.00      0.00      0.00      0.00
05:58:29 AM      39     18.00      0.00     80.00      0.00      0.00      0.00      2.00      0.00      0.00      0.00

05:58:29 AM     CPU      %usr     %nice      %sys   %iowait    %steal      %irq     %soft    %guest    %gnice     %idle
05:58:30 AM      32     19.00      0.00     81.00      0.00      0.00      0.00      0.00      0.00      0.00      0.00
05:58:30 AM      33     22.00      0.00     78.00      0.00      0.00      0.00      0.00      0.00      0.00      0.00
05:58:30 AM      34     15.84      0.00     84.16      0.00      0.00      0.00      0.00      0.00      0.00      0.00
05:58:30 AM      35     17.82      0.00     82.18      0.00      0.00      0.00      0.00      0.00      0.00      0.00
05:58:30 AM      36     15.00      0.00     85.00      0.00      0.00      0.00      0.00      0.00      0.00      0.00
05:58:30 AM      37     21.00      0.00     79.00      0.00      0.00      0.00      0.00      0.00      0.00      0.00
05:58:30 AM      38     19.00      0.00     80.00      0.00      0.00      0.00      1.00      0.00      0.00      0.00
05:58:30 AM      39     20.00      0.00     79.00      0.00      0.00      0.00      1.00      0.00      0.00      0.00

05:58:30 AM     CPU      %usr     %nice      %sys   %iowait    %steal      %irq     %soft    %guest    %gnice     %idle
05:58:31 AM      32     17.00      0.00     82.00      0.00      0.00      0.00      1.00      0.00      0.00      0.00
05:58:31 AM      33     15.15      0.00     84.85      0.00      0.00      0.00      0.00      0.00      0.00      0.00
05:58:31 AM      34     16.16      0.00     83.84      0.00      0.00      0.00      0.00      0.00      0.00      0.00
05:58:31 AM      35     22.22      0.00     77.78      0.00      0.00      0.00      0.00      0.00      0.00      0.00
05:58:31 AM      36     18.00      0.00     81.00      0.00      0.00      0.00      1.00      0.00      0.00      0.00
05:58:31 AM      37     21.00      0.00     79.00      0.00      0.00      0.00      0.00      0.00      0.00      0.00
05:58:31 AM      38     16.00      0.00     84.00      0.00      0.00      0.00      0.00      0.00      0.00      0.00
05:58:31 AM      39     19.19      0.00     80.81      0.00      0.00      0.00      0.00      0.00      0.00      0.00

Average:        CPU      %usr     %nice      %sys   %iowait    %steal      %irq     %soft    %guest    %gnice     %idle
Average:         32     18.78      0.00     80.42      0.00      0.00      0.00      0.80      0.00      0.00      0.00
Average:         33     19.48      0.00     80.12      0.00      0.00      0.00      0.40      0.00      0.00      0.00
Average:         34     19.10      0.00     80.60      0.00      0.00      0.00      0.30      0.00      0.00      0.00
Average:         35     20.62      0.00     79.38      0.00      0.00      0.00      0.00      0.00      0.00      0.00
Average:         36     19.60      0.00     79.70      0.00      0.00      0.00      0.70      0.00      0.00      0.00
Average:         37     18.38      0.00     81.22      0.00      0.00      0.00      0.40      0.00      0.00      0.00
Average:         38     18.80      0.00     80.80      0.00      0.00      0.00      0.40      0.00      0.00      0.00
Average:         39     20.30      0.00     78.80      0.00      0.00      0.00      0.90      0.00      0.00      0.00
