Linux 6.12.0-rc5-nfoff-mitioff-susv7 (cache-sql13432) 	11/07/2024 	_x86_64_	(64 CPU)

06:51:04 PM     CPU      %usr     %nice      %sys   %iowait    %steal      %irq     %soft    %guest    %gnice     %idle
06:51:05 PM      32     12.87      0.00     49.50      0.00      0.00      0.00      6.93      0.00      0.00     30.69
06:51:05 PM      33     13.33      0.00     37.78      0.00      0.00      0.00      8.89      0.00      0.00     40.00
06:51:05 PM      34     13.04      0.00     36.96      0.00      0.00      0.00      4.35      0.00      0.00     45.65
06:51:05 PM      35     12.63      0.00     43.16      0.00      0.00      0.00      6.32      0.00      0.00     37.89
06:51:05 PM      36     10.75      0.00     47.31      0.00      0.00      0.00      7.53      0.00      0.00     34.41
06:51:05 PM      37     12.37      0.00     42.27      0.00      0.00      0.00      8.25      0.00      0.00     37.11
06:51:05 PM      38      9.38      0.00     42.71      0.00      0.00      0.00      7.29      0.00      0.00     40.62
06:51:05 PM      39     14.14      0.00     40.40      0.00      0.00      0.00      6.06      0.00      0.00     39.39

06:51:05 PM     CPU      %usr     %nice      %sys   %iowait    %steal      %irq     %soft    %guest    %gnice     %idle
06:51:06 PM      32      8.33      0.00     47.92      0.00      0.00      0.00      7.29      0.00      0.00     36.46
06:51:06 PM      33     14.43      0.00     38.14      0.00      0.00      0.00      9.28      0.00      0.00     38.14
06:51:06 PM      34     10.99      0.00     42.86      0.00      0.00      0.00      3.30      0.00      0.00     42.86
06:51:06 PM      35     10.20      0.00     46.94      0.00      0.00      0.00      5.10      0.00      0.00     37.76
06:51:06 PM      36     10.87      0.00     40.22      0.00      0.00      0.00      9.78      0.00      0.00     39.13
06:51:06 PM      37     10.64      0.00     42.55      0.00      0.00      0.00      6.38      0.00      0.00     40.43
06:51:06 PM      38     11.58      0.00     48.42      0.00      0.00      0.00      4.21      0.00      0.00     35.79
06:51:06 PM      39     15.00      0.00     37.00      0.00      0.00      0.00      8.00      0.00      0.00     40.00

06:51:06 PM     CPU      %usr     %nice      %sys   %iowait    %steal      %irq     %soft    %guest    %gnice     %idle
06:51:07 PM      32     10.10      0.00     47.47      0.00      0.00      0.00      4.04      0.00      0.00     38.38
06:51:07 PM      33     14.58      0.00     36.46      0.00      0.00      0.00      8.33      0.00      0.00     40.62
06:51:07 PM      34     14.89      0.00     44.68      0.00      0.00      0.00      7.45      0.00      0.00     32.98
06:51:07 PM      35     12.50      0.00     41.67      0.00      0.00      0.00      7.29      0.00      0.00     38.54
06:51:07 PM      36     13.40      0.00     46.39      0.00      0.00      0.00      7.22      0.00      0.00     32.99
06:51:07 PM      37      9.28      0.00     43.30      0.00      0.00      0.00      6.19      0.00      0.00     41.24
06:51:07 PM      38      9.18      0.00     48.98      0.00      0.00      0.00      6.12      0.00      0.00     35.71
06:51:07 PM      39     15.05      0.00     37.63      0.00      0.00      0.00      3.23      0.00      0.00     44.09

06:51:07 PM     CPU      %usr     %nice      %sys   %iowait    %steal      %irq     %soft    %guest    %gnice     %idle
06:51:08 PM      32     15.62      0.00     51.04      0.00      0.00      0.00      5.21      0.00      0.00     28.12
06:51:08 PM      33     13.40      0.00     49.48      0.00      0.00      0.00      8.25      0.00      0.00     28.87
06:51:08 PM      34     14.43      0.00     51.55      0.00      0.00      0.00      5.15      0.00      0.00     28.87
06:51:08 PM      35     14.89      0.00     52.13      0.00      0.00      0.00      5.32      0.00      0.00     27.66
06:51:08 PM      36     14.74      0.00     50.53      0.00      0.00      0.00      4.21      0.00      0.00     30.53
06:51:08 PM      37     11.70      0.00     45.74      0.00      0.00      0.00     10.64      0.00      0.00     31.91
06:51:08 PM      38     27.00      0.00     63.00      0.00      0.00      0.00      1.00      0.00      0.00      9.00
06:51:08 PM      39      9.71      0.00     52.43      0.00      0.00      0.00      5.83      0.00      0.00     32.04

06:51:08 PM     CPU      %usr     %nice      %sys   %iowait    %steal      %irq     %soft    %guest    %gnice     %idle
06:51:09 PM      32     15.15      0.00     43.43      0.00      0.00      0.00      7.07      0.00      0.00     34.34
06:51:09 PM      33     10.23      0.00     40.91      0.00      0.00      0.00      3.41      0.00      0.00     45.45
06:51:09 PM      34     13.54      0.00     45.83      0.00      0.00      0.00      5.21      0.00      0.00     35.42
06:51:09 PM      35     11.46      0.00     43.75      0.00      0.00      0.00      8.33      0.00      0.00     36.46
06:51:09 PM      36     10.31      0.00     46.39      0.00      0.00      0.00      8.25      0.00      0.00     35.05
06:51:09 PM      37     10.53      0.00     38.95      0.00      0.00      0.00     10.53      0.00      0.00     40.00
06:51:09 PM      38     11.58      0.00     48.42      0.00      0.00      0.00      5.26      0.00      0.00     34.74
06:51:09 PM      39     14.14      0.00     40.40      0.00      0.00      0.00      3.03      0.00      0.00     42.42

06:51:09 PM     CPU      %usr     %nice      %sys   %iowait    %steal      %irq     %soft    %guest    %gnice     %idle
06:51:10 PM      32     10.42      0.00     44.79      0.00      0.00      0.00      5.21      0.00      0.00     39.58
06:51:10 PM      33     11.11      0.00     45.45      0.00      0.00      0.00      6.06      0.00      0.00     37.37
06:51:10 PM      34     12.12      0.00     43.43      0.00      0.00      0.00      6.06      0.00      0.00     38.38
06:51:10 PM      35     12.24      0.00     53.06      0.00      0.00      0.00      4.08      0.00      0.00     30.61
06:51:10 PM      36     13.13      0.00     49.49      0.00      0.00      0.00      6.06      0.00      0.00     31.31
06:51:10 PM      37      9.80      0.00     48.04      0.00      0.00      0.00      4.90      0.00      0.00     37.25
06:51:10 PM      38     13.73      0.00     44.12      0.00      0.00      0.00      7.84      0.00      0.00     34.31
06:51:10 PM      39     11.96      0.00     44.57      0.00      0.00      0.00      6.52      0.00      0.00     36.96

06:51:10 PM     CPU      %usr     %nice      %sys   %iowait    %steal      %irq     %soft    %guest    %gnice     %idle
06:51:11 PM      32     17.71      0.00     39.58      0.00      0.00      0.00      4.17      0.00      0.00     38.54
06:51:11 PM      33     14.74      0.00     43.16      0.00      0.00      0.00      3.16      0.00      0.00     38.95
06:51:11 PM      34     15.69      0.00     40.20      0.00      0.00      0.00      7.84      0.00      0.00     36.27
06:51:11 PM      35     12.00      0.00     53.00      0.00      0.00      0.00      4.00      0.00      0.00     31.00
06:51:11 PM      36     19.59      0.00     45.36      0.00      0.00      0.00      3.09      0.00      0.00     31.96
06:51:11 PM      37     15.53      0.00     43.69      0.00      0.00      0.00      4.85      0.00      0.00     35.92
06:51:11 PM      38     14.14      0.00     41.41      0.00      0.00      0.00      8.08      0.00      0.00     36.36
06:51:11 PM      39     15.15      0.00     43.43      0.00      0.00      0.00      7.07      0.00      0.00     34.34

06:51:11 PM     CPU      %usr     %nice      %sys   %iowait    %steal      %irq     %soft    %guest    %gnice     %idle
06:51:12 PM      32     11.46      0.00     45.83      0.00      0.00      0.00      5.21      0.00      0.00     37.50
06:51:12 PM      33     13.00      0.00     43.00      0.00      0.00      0.00      5.00      0.00      0.00     39.00
06:51:12 PM      34     10.10      0.00     46.46      0.00      0.00      0.00      7.07      0.00      0.00     36.36
06:51:12 PM      35     12.37      0.00     48.45      0.00      0.00      0.00      6.19      0.00      0.00     32.99
06:51:12 PM      36      8.70      0.00     50.00      0.00      0.00      0.00      6.52      0.00      0.00     34.78
06:51:12 PM      37     14.42      0.00     44.23      0.00      0.00      0.00      5.77      0.00      0.00     35.58
06:51:12 PM      38      9.78      0.00     44.57      0.00      0.00      0.00      5.43      0.00      0.00     40.22
06:51:12 PM      39     12.00      0.00     47.00      0.00      0.00      0.00      7.00      0.00      0.00     34.00

06:51:12 PM     CPU      %usr     %nice      %sys   %iowait    %steal      %irq     %soft    %guest    %gnice     %idle
06:51:13 PM      32      8.82      0.00     53.92      0.00      0.00      0.00      6.86      0.00      0.00     30.39
06:51:13 PM      33     10.99      0.00     42.86      0.00      0.00      0.00      3.30      0.00      0.00     42.86
06:51:13 PM      34      9.47      0.00     46.32      0.00      0.00      0.00      5.26      0.00      0.00     38.95
06:51:13 PM      35     12.63      0.00     44.21      0.00      0.00      0.00      8.42      0.00      0.00     34.74
06:51:13 PM      36     11.70      0.00     43.62      0.00      0.00      0.00      7.45      0.00      0.00     37.23
06:51:13 PM      37     10.31      0.00     43.30      0.00      0.00      0.00      7.22      0.00      0.00     39.18
06:51:13 PM      38     14.14      0.00     42.42      0.00      0.00      0.00      8.08      0.00      0.00     35.35
06:51:13 PM      39     11.34      0.00     42.27      0.00      0.00      0.00      9.28      0.00      0.00     37.11

06:51:13 PM     CPU      %usr     %nice      %sys   %iowait    %steal      %irq     %soft    %guest    %gnice     %idle
06:51:14 PM      32     11.46      0.00     48.96      0.00      0.00      0.00      6.25      0.00      0.00     33.33
06:51:14 PM      33     10.42      0.00     43.75      0.00      0.00      0.00      6.25      0.00      0.00     39.58
06:51:14 PM      34      6.45      0.00     47.31      0.00      0.00      0.00      5.38      0.00      0.00     40.86
06:51:14 PM      35     16.16      0.00     45.45      0.00      0.00      0.00      6.06      0.00      0.00     32.32
06:51:14 PM      36     14.85      0.00     42.57      0.00      0.00      0.00      7.92      0.00      0.00     34.65
06:51:14 PM      37     13.68      0.00     45.26      0.00      0.00      0.00      7.37      0.00      0.00     33.68
06:51:14 PM      38     14.85      0.00     40.59      0.00      0.00      0.00      4.95      0.00      0.00     39.60
06:51:14 PM      39     10.31      0.00     45.36      0.00      0.00      0.00      7.22      0.00      0.00     37.11

Average:        CPU      %usr     %nice      %sys   %iowait    %steal      %irq     %soft    %guest    %gnice     %idle
Average:         32     12.18      0.00     47.29      0.00      0.00      0.00      5.83      0.00      0.00     34.70
Average:         33     12.64      0.00     42.15      0.00      0.00      0.00      6.22      0.00      0.00     38.99
Average:         34     12.11      0.00     44.57      0.00      0.00      0.00      5.74      0.00      0.00     37.58
Average:         35     12.71      0.00     47.21      0.00      0.00      0.00      6.10      0.00      0.00     33.99
Average:         36     12.85      0.00     46.19      0.00      0.00      0.00      6.79      0.00      0.00     34.17
Average:         37     11.86      0.00     43.76      0.00      0.00      0.00      7.16      0.00      0.00     37.22
Average:         38     13.61      0.00     46.47      0.00      0.00      0.00      5.83      0.00      0.00     34.08
Average:         39     12.87      0.00     43.11      0.00      0.00      0.00      6.33      0.00      0.00     37.69
