Linux 6.12.0-rc5-nfoff-mitioff-susv7 (cache-sql13432) 	11/07/2024 	_x86_64_	(64 CPU)

07:10:54 AM     CPU      %usr     %nice      %sys   %iowait    %steal      %irq     %soft    %guest    %gnice     %idle
07:10:55 AM      32     14.00      0.00     85.00      0.00      0.00      0.00      1.00      0.00      0.00      0.00
07:10:55 AM      33     12.00      0.00     88.00      0.00      0.00      0.00      0.00      0.00      0.00      0.00
07:10:55 AM      34     12.12      0.00     87.88      0.00      0.00      0.00      0.00      0.00      0.00      0.00
07:10:55 AM      35     14.14      0.00     85.86      0.00      0.00      0.00      0.00      0.00      0.00      0.00
07:10:55 AM      36     12.00      0.00     88.00      0.00      0.00      0.00      0.00      0.00      0.00      0.00
07:10:55 AM      37     17.17      0.00     82.83      0.00      0.00      0.00      0.00      0.00      0.00      0.00
07:10:55 AM      38     10.89      0.00     89.11      0.00      0.00      0.00      0.00      0.00      0.00      0.00
07:10:55 AM      39     13.13      0.00     86.87      0.00      0.00      0.00      0.00      0.00      0.00      0.00

07:10:55 AM     CPU      %usr     %nice      %sys   %iowait    %steal      %irq     %soft    %guest    %gnice     %idle
07:10:56 AM      32     16.00      0.00     84.00      0.00      0.00      0.00      0.00      0.00      0.00      0.00
07:10:56 AM      33     14.00      0.00     86.00      0.00      0.00      0.00      0.00      0.00      0.00      0.00
07:10:56 AM      34     15.84      0.00     84.16      0.00      0.00      0.00      0.00      0.00      0.00      0.00
07:10:56 AM      35     12.87      0.00     86.14      0.00      0.00      0.00      0.99      0.00      0.00      0.00
07:10:56 AM      36     11.88      0.00     87.13      0.00      0.00      0.00      0.99      0.00      0.00      0.00
07:10:56 AM      37     16.00      0.00     84.00      0.00      0.00      0.00      0.00      0.00      0.00      0.00
07:10:56 AM      38     14.00      0.00     86.00      0.00      0.00      0.00      0.00      0.00      0.00      0.00
07:10:56 AM      39     12.87      0.00     87.13      0.00      0.00      0.00      0.00      0.00      0.00      0.00

07:10:56 AM     CPU      %usr     %nice      %sys   %iowait    %steal      %irq     %soft    %guest    %gnice     %idle
07:10:57 AM      32     16.16      0.00     83.84      0.00      0.00      0.00      0.00      0.00      0.00      0.00
07:10:57 AM      33     12.00      0.00     88.00      0.00      0.00      0.00      0.00      0.00      0.00      0.00
07:10:57 AM      34     14.14      0.00     85.86      0.00      0.00      0.00      0.00      0.00      0.00      0.00
07:10:57 AM      35     15.00      0.00     85.00      0.00      0.00      0.00      0.00      0.00      0.00      0.00
07:10:57 AM      36     13.00      0.00     87.00      0.00      0.00      0.00      0.00      0.00      0.00      0.00
07:10:57 AM      37     16.00      0.00     84.00      0.00      0.00      0.00      0.00      0.00      0.00      0.00
07:10:57 AM      38     12.12      0.00     87.88      0.00      0.00      0.00      0.00      0.00      0.00      0.00
07:10:57 AM      39     17.00      0.00     83.00      0.00      0.00      0.00      0.00      0.00      0.00      0.00

07:10:57 AM     CPU      %usr     %nice      %sys   %iowait    %steal      %irq     %soft    %guest    %gnice     %idle
07:10:58 AM      32      8.91      0.00     90.10      0.00      0.00      0.00      0.99      0.00      0.00      0.00
07:10:58 AM      33     12.00      0.00     88.00      0.00      0.00      0.00      0.00      0.00      0.00      0.00
07:10:58 AM      34     12.00      0.00     88.00      0.00      0.00      0.00      0.00      0.00      0.00      0.00
07:10:58 AM      35     15.00      0.00     85.00      0.00      0.00      0.00      0.00      0.00      0.00      0.00
07:10:58 AM      36     12.12      0.00     87.88      0.00      0.00      0.00      0.00      0.00      0.00      0.00
07:10:58 AM      37     18.00      0.00     82.00      0.00      0.00      0.00      0.00      0.00      0.00      0.00
07:10:58 AM      38     11.88      0.00     88.12      0.00      0.00      0.00      0.00      0.00      0.00      0.00
07:10:58 AM      39     12.12      0.00     87.88      0.00      0.00      0.00      0.00      0.00      0.00      0.00

07:10:58 AM     CPU      %usr     %nice      %sys   %iowait    %steal      %irq     %soft    %guest    %gnice     %idle
07:10:59 AM      32     11.00      0.00     89.00      0.00      0.00      0.00      0.00      0.00      0.00      0.00
07:10:59 AM      33     14.00      0.00     86.00      0.00      0.00      0.00      0.00      0.00      0.00      0.00
07:10:59 AM      34     15.00      0.00     85.00      0.00      0.00      0.00      0.00      0.00      0.00      0.00
07:10:59 AM      35     13.00      0.00     87.00      0.00      0.00      0.00      0.00      0.00      0.00      0.00
07:10:59 AM      36      8.00      0.00     92.00      0.00      0.00      0.00      0.00      0.00      0.00      0.00
07:10:59 AM      37     14.14      0.00     85.86      0.00      0.00      0.00      0.00      0.00      0.00      0.00
07:10:59 AM      38     13.13      0.00     86.87      0.00      0.00      0.00      0.00      0.00      0.00      0.00
07:10:59 AM      39     11.88      0.00     88.12      0.00      0.00      0.00      0.00      0.00      0.00      0.00

07:10:59 AM     CPU      %usr     %nice      %sys   %iowait    %steal      %irq     %soft    %guest    %gnice     %idle
07:11:00 AM      32     11.00      0.00     89.00      0.00      0.00      0.00      0.00      0.00      0.00      0.00
07:11:00 AM      33     14.00      0.00     86.00      0.00      0.00      0.00      0.00      0.00      0.00      0.00
07:11:00 AM      34     14.85      0.00     84.16      0.00      0.00      0.00      0.99      0.00      0.00      0.00
07:11:00 AM      35     15.00      0.00     85.00      0.00      0.00      0.00      0.00      0.00      0.00      0.00
07:11:00 AM      36     16.00      0.00     84.00      0.00      0.00      0.00      0.00      0.00      0.00      0.00
07:11:00 AM      37     13.00      0.00     87.00      0.00      0.00      0.00      0.00      0.00      0.00      0.00
07:11:00 AM      38     14.00      0.00     86.00      0.00      0.00      0.00      0.00      0.00      0.00      0.00
07:11:00 AM      39     13.13      0.00     86.87      0.00      0.00      0.00      0.00      0.00      0.00      0.00

07:11:00 AM     CPU      %usr     %nice      %sys   %iowait    %steal      %irq     %soft    %guest    %gnice     %idle
07:11:01 AM      32     11.00      0.00     89.00      0.00      0.00      0.00      0.00      0.00      0.00      0.00
07:11:01 AM      33     11.00      0.00     89.00      0.00      0.00      0.00      0.00      0.00      0.00      0.00
07:11:01 AM      34      8.08      0.00     91.92      0.00      0.00      0.00      0.00      0.00      0.00      0.00
07:11:01 AM      35     13.00      0.00     87.00      0.00      0.00      0.00      0.00      0.00      0.00      0.00
07:11:01 AM      36     12.00      0.00     88.00      0.00      0.00      0.00      0.00      0.00      0.00      0.00
07:11:01 AM      37     15.00      0.00     85.00      0.00      0.00      0.00      0.00      0.00      0.00      0.00
07:11:01 AM      38     14.00      0.00     86.00      0.00      0.00      0.00      0.00      0.00      0.00      0.00
07:11:01 AM      39     11.00      0.00     89.00      0.00      0.00      0.00      0.00      0.00      0.00      0.00

07:11:01 AM     CPU      %usr     %nice      %sys   %iowait    %steal      %irq     %soft    %guest    %gnice     %idle
07:11:02 AM      32     14.14      0.00     85.86      0.00      0.00      0.00      0.00      0.00      0.00      0.00
07:11:02 AM      33     16.00      0.00     84.00      0.00      0.00      0.00      0.00      0.00      0.00      0.00
07:11:02 AM      34     10.00      0.00     90.00      0.00      0.00      0.00      0.00      0.00      0.00      0.00
07:11:02 AM      35     11.00      0.00     89.00      0.00      0.00      0.00      0.00      0.00      0.00      0.00
07:11:02 AM      36     11.00      0.00     88.00      0.00      0.00      0.00      1.00      0.00      0.00      0.00
07:11:02 AM      37     14.00      0.00     86.00      0.00      0.00      0.00      0.00      0.00      0.00      0.00
07:11:02 AM      38     16.00      0.00     84.00      0.00      0.00      0.00      0.00      0.00      0.00      0.00
07:11:02 AM      39     11.00      0.00     89.00      0.00      0.00      0.00      0.00      0.00      0.00      0.00

07:11:02 AM     CPU      %usr     %nice      %sys   %iowait    %steal      %irq     %soft    %guest    %gnice     %idle
07:11:03 AM      32     14.00      0.00     86.00      0.00      0.00      0.00      0.00      0.00      0.00      0.00
07:11:03 AM      33     11.00      0.00     89.00      0.00      0.00      0.00      0.00      0.00      0.00      0.00
07:11:03 AM      34     16.83      0.00     83.17      0.00      0.00      0.00      0.00      0.00      0.00      0.00
07:11:03 AM      35     16.00      0.00     84.00      0.00      0.00      0.00      0.00      0.00      0.00      0.00
07:11:03 AM      36      8.00      0.00     92.00      0.00      0.00      0.00      0.00      0.00      0.00      0.00
07:11:03 AM      37     10.89      0.00     89.11      0.00      0.00      0.00      0.00      0.00      0.00      0.00
07:11:03 AM      38      7.00      0.00     93.00      0.00      0.00      0.00      0.00      0.00      0.00      0.00
07:11:03 AM      39     10.00      0.00     89.00      0.00      0.00      0.00      1.00      0.00      0.00      0.00

07:11:03 AM     CPU      %usr     %nice      %sys   %iowait    %steal      %irq     %soft    %guest    %gnice     %idle
07:11:04 AM      32     16.67      0.00     82.35      0.00      0.00      0.00      0.98      0.00      0.00      0.00
07:11:04 AM      33     12.00      0.00     88.00      0.00      0.00      0.00      0.00      0.00      0.00      0.00
07:11:04 AM      34     12.00      0.00     88.00      0.00      0.00      0.00      0.00      0.00      0.00      0.00
07:11:04 AM      35     13.00      0.00     87.00      0.00      0.00      0.00      0.00      0.00      0.00      0.00
07:11:04 AM      36     12.00      0.00     88.00      0.00      0.00      0.00      0.00      0.00      0.00      0.00
07:11:04 AM      37     14.00      0.00     86.00      0.00      0.00      0.00      0.00      0.00      0.00      0.00
07:11:04 AM      38     19.00      0.00     81.00      0.00      0.00      0.00      0.00      0.00      0.00      0.00
07:11:04 AM      39     16.83      0.00     82.18      0.00      0.00      0.00      0.99      0.00      0.00      0.00

Average:        CPU      %usr     %nice      %sys   %iowait    %steal      %irq     %soft    %guest    %gnice     %idle
Average:         32     13.29      0.00     86.41      0.00      0.00      0.00      0.30      0.00      0.00      0.00
Average:         33     12.80      0.00     87.20      0.00      0.00      0.00      0.00      0.00      0.00      0.00
Average:         34     13.10      0.00     86.80      0.00      0.00      0.00      0.10      0.00      0.00      0.00
Average:         35     13.80      0.00     86.10      0.00      0.00      0.00      0.10      0.00      0.00      0.00
Average:         36     11.60      0.00     88.20      0.00      0.00      0.00      0.20      0.00      0.00      0.00
Average:         37     14.81      0.00     85.19      0.00      0.00      0.00      0.00      0.00      0.00      0.00
Average:         38     13.20      0.00     86.80      0.00      0.00      0.00      0.00      0.00      0.00      0.00
Average:         39     12.90      0.00     86.90      0.00      0.00      0.00      0.20      0.00      0.00      0.00
