Linux 6.12.0-rc5-nfoff-mitioff-susv7 (cache-sql13432) 	11/07/2024 	_x86_64_	(64 CPU)

04:03:02 PM     CPU      %usr     %nice      %sys   %iowait    %steal      %irq     %soft    %guest    %gnice     %idle
04:03:03 PM      32      3.00      0.00      6.00      0.00      0.00      0.00      8.00      0.00      0.00     83.00
04:03:03 PM      33      2.00      0.00      8.00      0.00      0.00      0.00      8.00      0.00      0.00     82.00
04:03:03 PM      34      3.96      0.00      6.93      0.00      0.00      0.00      8.91      0.00      0.00     80.20
04:03:03 PM      35      4.00      0.00      6.00      0.00      0.00      0.00      9.00      0.00      0.00     81.00
04:03:03 PM      36      2.08      0.00      7.29      0.00      0.00      0.00      5.21      0.00      0.00     85.42
04:03:03 PM      37      2.00      0.00      9.00      0.00      0.00      0.00      7.00      0.00      0.00     82.00
04:03:03 PM      38      4.00      0.00      8.00      0.00      0.00      0.00      7.00      0.00      0.00     81.00
04:03:03 PM      39      1.98      0.00      9.90      0.00      0.00      0.00      7.92      0.00      0.00     80.20

04:03:03 PM     CPU      %usr     %nice      %sys   %iowait    %steal      %irq     %soft    %guest    %gnice     %idle
04:03:04 PM      32      1.03      0.00      7.22      0.00      0.00      0.00      7.22      0.00      0.00     84.54
04:03:04 PM      33      4.00      0.00      8.00      0.00      0.00      0.00      5.00      0.00      0.00     83.00
04:03:04 PM      34      3.09      0.00      5.15      0.00      0.00      0.00      7.22      0.00      0.00     84.54
04:03:04 PM      35      4.95      0.00      6.93      0.00      0.00      0.00      7.92      0.00      0.00     80.20
04:03:04 PM      36      3.00      0.00      7.00      0.00      0.00      0.00      8.00      0.00      0.00     82.00
04:03:04 PM      37      5.10      0.00      6.12      0.00      0.00      0.00      4.08      0.00      0.00     84.69
04:03:04 PM      38      1.96      0.00      8.82      0.00      0.00      0.00      8.82      0.00      0.00     80.39
04:03:04 PM      39      3.88      0.00      7.77      0.00      0.00      0.00      9.71      0.00      0.00     78.64

04:03:04 PM     CPU      %usr     %nice      %sys   %iowait    %steal      %irq     %soft    %guest    %gnice     %idle
04:03:05 PM      32      4.12      0.00      7.22      0.00      0.00      0.00      4.12      0.00      0.00     84.54
04:03:05 PM      33      3.03      0.00      7.07      0.00      0.00      0.00      7.07      0.00      0.00     82.83
04:03:05 PM      34      3.03      0.00      5.05      0.00      0.00      0.00      9.09      0.00      0.00     82.83
04:03:05 PM      35      3.09      0.00      8.25      0.00      0.00      0.00      5.15      0.00      0.00     83.51
04:03:05 PM      36      3.12      0.00      6.25      0.00      0.00      0.00      6.25      0.00      0.00     84.38
04:03:05 PM      37      4.00      0.00      8.00      0.00      0.00      0.00      6.00      0.00      0.00     82.00
04:03:05 PM      38      2.06      0.00      8.25      0.00      0.00      0.00      5.15      0.00      0.00     84.54
04:03:05 PM      39      3.96      0.00      7.92      0.00      0.00      0.00      7.92      0.00      0.00     80.20

04:03:05 PM     CPU      %usr     %nice      %sys   %iowait    %steal      %irq     %soft    %guest    %gnice     %idle
04:03:06 PM      32      3.06      0.00      7.14      0.00      0.00      0.00      6.12      0.00      0.00     83.67
04:03:06 PM      33      2.04      0.00      7.14      0.00      0.00      0.00      7.14      0.00      0.00     83.67
04:03:06 PM      34      3.03      0.00      7.07      0.00      0.00      0.00      7.07      0.00      0.00     82.83
04:03:06 PM      35      4.21      0.00      2.11      0.00      0.00      0.00      7.37      0.00      0.00     86.32
04:03:06 PM      36      1.05      0.00      7.37      0.00      0.00      0.00      5.26      0.00      0.00     86.32
04:03:06 PM      37      2.00      0.00      6.00      0.00      0.00      0.00      9.00      0.00      0.00     83.00
04:03:06 PM      38      3.03      0.00      7.07      0.00      0.00      0.00      7.07      0.00      0.00     82.83
04:03:06 PM      39      2.04      0.00      8.16      0.00      0.00      0.00      7.14      0.00      0.00     82.65

04:03:06 PM     CPU      %usr     %nice      %sys   %iowait    %steal      %irq     %soft    %guest    %gnice     %idle
04:03:07 PM      32      4.08      0.00      8.16      0.00      0.00      0.00      5.10      0.00      0.00     82.65
04:03:07 PM      33      4.08      0.00      6.12      0.00      0.00      0.00      6.12      0.00      0.00     83.67
04:03:07 PM      34      2.06      0.00      6.19      0.00      0.00      0.00      7.22      0.00      0.00     84.54
04:03:07 PM      35      5.05      0.00      6.06      0.00      0.00      0.00      7.07      0.00      0.00     81.82
04:03:07 PM      36      3.23      0.00      7.53      0.00      0.00      0.00      5.38      0.00      0.00     83.87
04:03:07 PM      37      3.09      0.00      7.22      0.00      0.00      0.00      6.19      0.00      0.00     83.51
04:03:07 PM      38      6.19      0.00      8.25      0.00      0.00      0.00      6.19      0.00      0.00     79.38
04:03:07 PM      39      2.94      0.00      8.82      0.00      0.00      0.00     10.78      0.00      0.00     77.45

04:03:07 PM     CPU      %usr     %nice      %sys   %iowait    %steal      %irq     %soft    %guest    %gnice     %idle
04:03:08 PM      32      5.10      0.00     16.33      0.00      0.00      0.00      7.14      0.00      0.00     71.43
04:03:08 PM      33      4.08      0.00     10.20      0.00      0.00      0.00      5.10      0.00      0.00     80.61
04:03:08 PM      34      5.15      0.00      9.28      0.00      0.00      0.00      5.15      0.00      0.00     80.41
04:03:08 PM      35      3.92      0.00     11.76      0.00      0.00      0.00      8.82      0.00      0.00     75.49
04:03:08 PM      36      6.12      0.00     11.22      0.00      0.00      0.00      6.12      0.00      0.00     76.53
04:03:08 PM      37      3.03      0.00      7.07      0.00      0.00      0.00      8.08      0.00      0.00     81.82
04:03:08 PM      38     28.28      0.00     44.44      0.00      0.00      0.00     11.11      0.00      0.00     16.16
04:03:08 PM      39      3.00      0.00      8.00      0.00      0.00      0.00      8.00      0.00      0.00     81.00

04:03:08 PM     CPU      %usr     %nice      %sys   %iowait    %steal      %irq     %soft    %guest    %gnice     %idle
04:03:09 PM      32      5.05      0.00      7.07      0.00      0.00      0.00      6.06      0.00      0.00     81.82
04:03:09 PM      33      3.16      0.00      6.32      0.00      0.00      0.00      5.26      0.00      0.00     85.26
04:03:09 PM      34      3.00      0.00      8.00      0.00      0.00      0.00      8.00      0.00      0.00     81.00
04:03:09 PM      35      3.00      0.00      9.00      0.00      0.00      0.00      9.00      0.00      0.00     79.00
04:03:09 PM      36     30.69      0.00     44.55      0.00      0.00      0.00      7.92      0.00      0.00     16.83
04:03:09 PM      37      2.11      0.00      9.47      0.00      0.00      0.00      5.26      0.00      0.00     83.16
04:03:09 PM      38     11.22      0.00     18.37      0.00      0.00      0.00      6.12      0.00      0.00     64.29
04:03:09 PM      39      6.06      0.00      9.09      0.00      0.00      0.00      5.05      0.00      0.00     79.80

04:03:09 PM     CPU      %usr     %nice      %sys   %iowait    %steal      %irq     %soft    %guest    %gnice     %idle
04:03:10 PM      32     11.22      0.00     24.49      0.00      0.00      0.00      7.14      0.00      0.00     57.14
04:03:10 PM      33      3.92      0.00     11.76      0.00      0.00      0.00      7.84      0.00      0.00     76.47
04:03:10 PM      34      2.08      0.00     10.42      0.00      0.00      0.00      5.21      0.00      0.00     82.29
04:03:10 PM      35      4.90      0.00     11.76      0.00      0.00      0.00      6.86      0.00      0.00     76.47
04:03:10 PM      36     17.17      0.00     40.40      0.00      0.00      0.00      8.08      0.00      0.00     34.34
04:03:10 PM      37      2.04      0.00      7.14      0.00      0.00      0.00      8.16      0.00      0.00     82.65
04:03:10 PM      38      6.00      0.00     11.00      0.00      0.00      0.00      7.00      0.00      0.00     76.00
04:03:10 PM      39      4.12      0.00      7.22      0.00      0.00      0.00      6.19      0.00      0.00     82.47

04:03:10 PM     CPU      %usr     %nice      %sys   %iowait    %steal      %irq     %soft    %guest    %gnice     %idle
04:03:11 PM      32     11.34      0.00     18.56      0.00      0.00      0.00      6.19      0.00      0.00     63.92
04:03:11 PM      33      4.08      0.00      9.18      0.00      0.00      0.00      6.12      0.00      0.00     80.61
04:03:11 PM      34      5.15      0.00      7.22      0.00      0.00      0.00      5.15      0.00      0.00     82.47
04:03:11 PM      35      4.04      0.00     11.11      0.00      0.00      0.00      6.06      0.00      0.00     78.79
04:03:11 PM      36     25.49      0.00     46.08      0.00      0.00      0.00     10.78      0.00      0.00     17.65
04:03:11 PM      37      4.95      0.00      9.90      0.00      0.00      0.00      4.95      0.00      0.00     80.20
04:03:11 PM      38      4.12      0.00      8.25      0.00      0.00      0.00      5.15      0.00      0.00     82.47
04:03:11 PM      39      4.08      0.00      7.14      0.00      0.00      0.00      7.14      0.00      0.00     81.63

04:03:11 PM     CPU      %usr     %nice      %sys   %iowait    %steal      %irq     %soft    %guest    %gnice     %idle
04:03:12 PM      32     22.22      0.00     41.41      0.00      0.00      0.00      6.06      0.00      0.00     30.30
04:03:12 PM      33      2.04      0.00     10.20      0.00      0.00      0.00      5.10      0.00      0.00     82.65
04:03:12 PM      34      6.06      0.00      7.07      0.00      0.00      0.00      6.06      0.00      0.00     80.81
04:03:12 PM      35      3.19      0.00      9.57      0.00      0.00      0.00      4.26      0.00      0.00     82.98
04:03:12 PM      36      4.12      0.00      8.25      0.00      0.00      0.00      5.15      0.00      0.00     82.47
04:03:12 PM      37      3.03      0.00     10.10      0.00      0.00      0.00      7.07      0.00      0.00     79.80
04:03:12 PM      38     17.00      0.00     26.00      0.00      0.00      0.00      4.00      0.00      0.00     53.00
04:03:12 PM      39      4.00      0.00      8.00      0.00      0.00      0.00      8.00      0.00      0.00     80.00

Average:        CPU      %usr     %nice      %sys   %iowait    %steal      %irq     %soft    %guest    %gnice     %idle
Average:         32      7.03      0.00     14.37      0.00      0.00      0.00      6.32      0.00      0.00     72.27
Average:         33      3.25      0.00      8.42      0.00      0.00      0.00      6.29      0.00      0.00     82.05
Average:         34      3.67      0.00      7.23      0.00      0.00      0.00      6.92      0.00      0.00     82.18
Average:         35      4.04      0.00      8.29      0.00      0.00      0.00      7.18      0.00      0.00     80.49
Average:         36      9.83      0.00     18.94      0.00      0.00      0.00      6.86      0.00      0.00     64.38
Average:         37      3.14      0.00      8.00      0.00      0.00      0.00      6.59      0.00      0.00     82.27
Average:         38      8.39      0.00     14.86      0.00      0.00      0.00      6.77      0.00      0.00     69.97
Average:         39      3.60      0.00      8.21      0.00      0.00      0.00      7.81      0.00      0.00     80.38
