Linux 6.12.0-rc5-nfoff-mitioff-susv7 (cache-sql13432) 	11/07/2024 	_x86_64_	(64 CPU)

10:56:34 AM     CPU      %usr     %nice      %sys   %iowait    %steal      %irq     %soft    %guest    %gnice     %idle
10:56:35 AM      32     13.00      0.00     87.00      0.00      0.00      0.00      0.00      0.00      0.00      0.00
10:56:35 AM      33     14.00      0.00     86.00      0.00      0.00      0.00      0.00      0.00      0.00      0.00
10:56:35 AM      34      9.00      0.00     91.00      0.00      0.00      0.00      0.00      0.00      0.00      0.00
10:56:35 AM      35     15.00      0.00     85.00      0.00      0.00      0.00      0.00      0.00      0.00      0.00
10:56:35 AM      36     15.84      0.00     84.16      0.00      0.00      0.00      0.00      0.00      0.00      0.00
10:56:35 AM      37     15.00      0.00     85.00      0.00      0.00      0.00      0.00      0.00      0.00      0.00
10:56:35 AM      38     10.00      0.00     90.00      0.00      0.00      0.00      0.00      0.00      0.00      0.00
10:56:35 AM      39     19.00      0.00     81.00      0.00      0.00      0.00      0.00      0.00      0.00      0.00

10:56:35 AM     CPU      %usr     %nice      %sys   %iowait    %steal      %irq     %soft    %guest    %gnice     %idle
10:56:36 AM      32     11.00      0.00     89.00      0.00      0.00      0.00      0.00      0.00      0.00      0.00
10:56:36 AM      33     10.10      0.00     89.90      0.00      0.00      0.00      0.00      0.00      0.00      0.00
10:56:36 AM      34     13.86      0.00     86.14      0.00      0.00      0.00      0.00      0.00      0.00      0.00
10:56:36 AM      35     11.00      0.00     89.00      0.00      0.00      0.00      0.00      0.00      0.00      0.00
10:56:36 AM      36      8.08      0.00     91.92      0.00      0.00      0.00      0.00      0.00      0.00      0.00
10:56:36 AM      37     16.00      0.00     83.00      0.00      0.00      0.00      1.00      0.00      0.00      0.00
10:56:36 AM      38     11.11      0.00     88.89      0.00      0.00      0.00      0.00      0.00      0.00      0.00
10:56:36 AM      39     13.13      0.00     86.87      0.00      0.00      0.00      0.00      0.00      0.00      0.00

10:56:36 AM     CPU      %usr     %nice      %sys   %iowait    %steal      %irq     %soft    %guest    %gnice     %idle
10:56:37 AM      32     11.00      0.00     89.00      0.00      0.00      0.00      0.00      0.00      0.00      0.00
10:56:37 AM      33     12.87      0.00     87.13      0.00      0.00      0.00      0.00      0.00      0.00      0.00
10:56:37 AM      34     12.12      0.00     87.88      0.00      0.00      0.00      0.00      0.00      0.00      0.00
10:56:37 AM      35     11.00      0.00     89.00      0.00      0.00      0.00      0.00      0.00      0.00      0.00
10:56:37 AM      36     14.00      0.00     85.00      0.00      0.00      0.00      1.00      0.00      0.00      0.00
10:56:37 AM      37     13.00      0.00     87.00      0.00      0.00      0.00      0.00      0.00      0.00      0.00
10:56:37 AM      38      9.90      0.00     90.10      0.00      0.00      0.00      0.00      0.00      0.00      0.00
10:56:37 AM      39     12.87      0.00     86.14      0.00      0.00      0.00      0.99      0.00      0.00      0.00

10:56:37 AM     CPU      %usr     %nice      %sys   %iowait    %steal      %irq     %soft    %guest    %gnice     %idle
10:56:38 AM      32     10.10      0.00     89.90      0.00      0.00      0.00      0.00      0.00      0.00      0.00
10:56:38 AM      33     10.10      0.00     89.90      0.00      0.00      0.00      0.00      0.00      0.00      0.00
10:56:38 AM      34     15.00      0.00     85.00      0.00      0.00      0.00      0.00      0.00      0.00      0.00
10:56:38 AM      35     11.00      0.00     89.00      0.00      0.00      0.00      0.00      0.00      0.00      0.00
10:56:38 AM      36     11.00      0.00     88.00      0.00      0.00      0.00      1.00      0.00      0.00      0.00
10:56:38 AM      37     13.00      0.00     87.00      0.00      0.00      0.00      0.00      0.00      0.00      0.00
10:56:38 AM      38     10.10      0.00     89.90      0.00      0.00      0.00      0.00      0.00      0.00      0.00
10:56:38 AM      39     12.00      0.00     87.00      0.00      0.00      0.00      1.00      0.00      0.00      0.00

10:56:38 AM     CPU      %usr     %nice      %sys   %iowait    %steal      %irq     %soft    %guest    %gnice     %idle
10:56:39 AM      32     12.87      0.00     86.14      0.00      0.00      0.00      0.99      0.00      0.00      0.00
10:56:39 AM      33     10.89      0.00     89.11      0.00      0.00      0.00      0.00      0.00      0.00      0.00
10:56:39 AM      34     14.00      0.00     86.00      0.00      0.00      0.00      0.00      0.00      0.00      0.00
10:56:39 AM      35     14.00      0.00     86.00      0.00      0.00      0.00      0.00      0.00      0.00      0.00
10:56:39 AM      36     16.00      0.00     84.00      0.00      0.00      0.00      0.00      0.00      0.00      0.00
10:56:39 AM      37     13.00      0.00     87.00      0.00      0.00      0.00      0.00      0.00      0.00      0.00
10:56:39 AM      38     12.00      0.00     88.00      0.00      0.00      0.00      0.00      0.00      0.00      0.00
10:56:39 AM      39     13.00      0.00     87.00      0.00      0.00      0.00      0.00      0.00      0.00      0.00

10:56:39 AM     CPU      %usr     %nice      %sys   %iowait    %steal      %irq     %soft    %guest    %gnice     %idle
10:56:40 AM      32     14.00      0.00     86.00      0.00      0.00      0.00      0.00      0.00      0.00      0.00
10:56:40 AM      33     10.00      0.00     90.00      0.00      0.00      0.00      0.00      0.00      0.00      0.00
10:56:40 AM      34     13.00      0.00     87.00      0.00      0.00      0.00      0.00      0.00      0.00      0.00
10:56:40 AM      35     12.00      0.00     88.00      0.00      0.00      0.00      0.00      0.00      0.00      0.00
10:56:40 AM      36     14.00      0.00     86.00      0.00      0.00      0.00      0.00      0.00      0.00      0.00
10:56:40 AM      37     14.14      0.00     85.86      0.00      0.00      0.00      0.00      0.00      0.00      0.00
10:56:40 AM      38     14.00      0.00     86.00      0.00      0.00      0.00      0.00      0.00      0.00      0.00
10:56:40 AM      39     14.00      0.00     86.00      0.00      0.00      0.00      0.00      0.00      0.00      0.00

10:56:40 AM     CPU      %usr     %nice      %sys   %iowait    %steal      %irq     %soft    %guest    %gnice     %idle
10:56:41 AM      32      7.07      0.00     92.93      0.00      0.00      0.00      0.00      0.00      0.00      0.00
10:56:41 AM      33     13.13      0.00     86.87      0.00      0.00      0.00      0.00      0.00      0.00      0.00
10:56:41 AM      34     13.00      0.00     87.00      0.00      0.00      0.00      0.00      0.00      0.00      0.00
10:56:41 AM      35     15.15      0.00     84.85      0.00      0.00      0.00      0.00      0.00      0.00      0.00
10:56:41 AM      36     12.00      0.00     88.00      0.00      0.00      0.00      0.00      0.00      0.00      0.00
10:56:41 AM      37     14.00      0.00     86.00      0.00      0.00      0.00      0.00      0.00      0.00      0.00
10:56:41 AM      38      9.90      0.00     90.10      0.00      0.00      0.00      0.00      0.00      0.00      0.00
10:56:41 AM      39     10.00      0.00     89.00      0.00      0.00      0.00      1.00      0.00      0.00      0.00

10:56:41 AM     CPU      %usr     %nice      %sys   %iowait    %steal      %irq     %soft    %guest    %gnice     %idle
10:56:42 AM      32     10.00      0.00     90.00      0.00      0.00      0.00      0.00      0.00      0.00      0.00
10:56:42 AM      33     12.87      0.00     87.13      0.00      0.00      0.00      0.00      0.00      0.00      0.00
10:56:42 AM      34     15.00      0.00     85.00      0.00      0.00      0.00      0.00      0.00      0.00      0.00
10:56:42 AM      35     14.00      0.00     86.00      0.00      0.00      0.00      0.00      0.00      0.00      0.00
10:56:42 AM      36     13.00      0.00     87.00      0.00      0.00      0.00      0.00      0.00      0.00      0.00
10:56:42 AM      37     16.83      0.00     83.17      0.00      0.00      0.00      0.00      0.00      0.00      0.00
10:56:42 AM      38     13.13      0.00     86.87      0.00      0.00      0.00      0.00      0.00      0.00      0.00
10:56:42 AM      39     14.00      0.00     86.00      0.00      0.00      0.00      0.00      0.00      0.00      0.00

10:56:42 AM     CPU      %usr     %nice      %sys   %iowait    %steal      %irq     %soft    %guest    %gnice     %idle
10:56:43 AM      32     15.84      0.00     84.16      0.00      0.00      0.00      0.00      0.00      0.00      0.00
10:56:43 AM      33     10.00      0.00     90.00      0.00      0.00      0.00      0.00      0.00      0.00      0.00
10:56:43 AM      34     14.00      0.00     86.00      0.00      0.00      0.00      0.00      0.00      0.00      0.00
10:56:43 AM      35     14.85      0.00     85.15      0.00      0.00      0.00      0.00      0.00      0.00      0.00
10:56:43 AM      36     15.00      0.00     85.00      0.00      0.00      0.00      0.00      0.00      0.00      0.00
10:56:43 AM      37     19.00      0.00     81.00      0.00      0.00      0.00      0.00      0.00      0.00      0.00
10:56:43 AM      38     12.87      0.00     87.13      0.00      0.00      0.00      0.00      0.00      0.00      0.00
10:56:43 AM      39      9.90      0.00     89.11      0.00      0.00      0.00      0.99      0.00      0.00      0.00

10:56:43 AM     CPU      %usr     %nice      %sys   %iowait    %steal      %irq     %soft    %guest    %gnice     %idle
10:56:44 AM      32      9.09      0.00     90.91      0.00      0.00      0.00      0.00      0.00      0.00      0.00
10:56:44 AM      33      8.08      0.00     91.92      0.00      0.00      0.00      0.00      0.00      0.00      0.00
10:56:44 AM      34     12.00      0.00     88.00      0.00      0.00      0.00      0.00      0.00      0.00      0.00
10:56:44 AM      35     15.00      0.00     85.00      0.00      0.00      0.00      0.00      0.00      0.00      0.00
10:56:44 AM      36     15.00      0.00     85.00      0.00      0.00      0.00      0.00      0.00      0.00      0.00
10:56:44 AM      37     10.00      0.00     90.00      0.00      0.00      0.00      0.00      0.00      0.00      0.00
10:56:44 AM      38     10.00      0.00     90.00      0.00      0.00      0.00      0.00      0.00      0.00      0.00
10:56:44 AM      39     11.22      0.00     88.78      0.00      0.00      0.00      0.00      0.00      0.00      0.00

Average:        CPU      %usr     %nice      %sys   %iowait    %steal      %irq     %soft    %guest    %gnice     %idle
Average:         32     11.41      0.00     88.49      0.00      0.00      0.00      0.10      0.00      0.00      0.00
Average:         33     11.21      0.00     88.79      0.00      0.00      0.00      0.00      0.00      0.00      0.00
Average:         34     13.10      0.00     86.90      0.00      0.00      0.00      0.00      0.00      0.00      0.00
Average:         35     13.30      0.00     86.70      0.00      0.00      0.00      0.00      0.00      0.00      0.00
Average:         36     13.40      0.00     86.40      0.00      0.00      0.00      0.20      0.00      0.00      0.00
Average:         37     14.40      0.00     85.50      0.00      0.00      0.00      0.10      0.00      0.00      0.00
Average:         38     11.30      0.00     88.70      0.00      0.00      0.00      0.00      0.00      0.00      0.00
Average:         39     12.91      0.00     86.69      0.00      0.00      0.00      0.40      0.00      0.00      0.00
