Linux 6.12.0-rc5-nfoff-mitioff-susv7 (cache-sql13432) 	11/07/2024 	_x86_64_	(64 CPU)

03:51:12 PM     CPU      %usr     %nice      %sys   %iowait    %steal      %irq     %soft    %guest    %gnice     %idle
03:51:13 PM      32      6.12      0.00     11.22      0.00      0.00      0.00     12.24      0.00      0.00     70.41
03:51:13 PM      33      7.92      0.00     16.83      0.00      0.00      0.00      6.93      0.00      0.00     68.32
03:51:13 PM      34      6.12      0.00     14.29      0.00      0.00      0.00      9.18      0.00      0.00     70.41
03:51:13 PM      35      9.09      0.00     11.11      0.00      0.00      0.00     11.11      0.00      0.00     68.69
03:51:13 PM      36      6.93      0.00     13.86      0.00      0.00      0.00     10.89      0.00      0.00     68.32
03:51:13 PM      37      8.57      0.00     12.38      0.00      0.00      0.00     14.29      0.00      0.00     64.76
03:51:13 PM      38      3.03      0.00     16.16      0.00      0.00      0.00     10.10      0.00      0.00     70.71
03:51:13 PM      39      5.00      0.00     16.00      0.00      0.00      0.00     12.00      0.00      0.00     67.00

03:51:13 PM     CPU      %usr     %nice      %sys   %iowait    %steal      %irq     %soft    %guest    %gnice     %idle
03:51:14 PM      32      8.25      0.00     10.31      0.00      0.00      0.00     10.31      0.00      0.00     71.13
03:51:14 PM      33      6.00      0.00     15.00      0.00      0.00      0.00     11.00      0.00      0.00     68.00
03:51:14 PM      34      4.08      0.00     14.29      0.00      0.00      0.00     10.20      0.00      0.00     71.43
03:51:14 PM      35      4.35      0.00     13.04      0.00      0.00      0.00      8.70      0.00      0.00     73.91
03:51:14 PM      36      4.08      0.00     13.27      0.00      0.00      0.00     12.24      0.00      0.00     70.41
03:51:14 PM      37      5.10      0.00     11.22      0.00      0.00      0.00     13.27      0.00      0.00     70.41
03:51:14 PM      38      6.12      0.00     13.27      0.00      0.00      0.00      9.18      0.00      0.00     71.43
03:51:14 PM      39      7.22      0.00     13.40      0.00      0.00      0.00      8.25      0.00      0.00     71.13

03:51:14 PM     CPU      %usr     %nice      %sys   %iowait    %steal      %irq     %soft    %guest    %gnice     %idle
03:51:15 PM      32      6.80      0.00     13.59      0.00      0.00      0.00     12.62      0.00      0.00     66.99
03:51:15 PM      33      6.19      0.00     15.46      0.00      0.00      0.00      8.25      0.00      0.00     70.10
03:51:15 PM      34      9.00      0.00     10.00      0.00      0.00      0.00     11.00      0.00      0.00     70.00
03:51:15 PM      35      7.37      0.00     12.63      1.05      0.00      0.00      8.42      0.00      0.00     70.53
03:51:15 PM      36      8.00      0.00     14.00      0.00      0.00      0.00     10.00      0.00      0.00     68.00
03:51:15 PM      37      5.32      0.00     12.77      0.00      0.00      0.00      9.57      0.00      0.00     72.34
03:51:15 PM      38      4.17      0.00     14.58      0.00      0.00      0.00      9.38      0.00      0.00     71.88
03:51:15 PM      39      8.16      0.00      9.18      0.00      0.00      0.00     13.27      0.00      0.00     69.39

03:51:15 PM     CPU      %usr     %nice      %sys   %iowait    %steal      %irq     %soft    %guest    %gnice     %idle
03:51:16 PM      32      4.08      0.00     15.31      0.00      0.00      0.00      9.18      0.00      0.00     71.43
03:51:16 PM      33      8.08      0.00     11.11      0.00      0.00      0.00     11.11      0.00      0.00     69.70
03:51:16 PM      34      6.06      0.00     16.16      0.00      0.00      0.00      8.08      0.00      0.00     69.70
03:51:16 PM      35      6.19      0.00     11.34      0.00      0.00      0.00     12.37      0.00      0.00     70.10
03:51:16 PM      36      4.81      0.00     16.35      0.00      0.00      0.00     12.50      0.00      0.00     66.35
03:51:16 PM      37      4.08      0.00     14.29      0.00      0.00      0.00     11.22      0.00      0.00     70.41
03:51:16 PM      38      6.06      0.00     17.17      0.00      0.00      0.00      8.08      0.00      0.00     68.69
03:51:16 PM      39      7.07      0.00     13.13      0.00      0.00      0.00     11.11      0.00      0.00     68.69

03:51:16 PM     CPU      %usr     %nice      %sys   %iowait    %steal      %irq     %soft    %guest    %gnice     %idle
03:51:17 PM      32      5.00      0.00     15.00      0.00      0.00      0.00     11.00      0.00      0.00     69.00
03:51:17 PM      33      4.95      0.00     12.87      0.00      0.00      0.00     13.86      0.00      0.00     68.32
03:51:17 PM      34      5.88      0.00     13.73      0.00      0.00      0.00     12.75      0.00      0.00     67.65
03:51:17 PM      35      3.09      0.00     14.43      0.00      0.00      0.00     11.34      0.00      0.00     71.13
03:51:17 PM      36      6.93      0.00     12.87      0.00      0.00      0.00     11.88      0.00      0.00     68.32
03:51:17 PM      37      6.00      0.00     14.00      0.00      0.00      0.00     12.00      0.00      0.00     68.00
03:51:17 PM      38      5.21      0.00     12.50      0.00      0.00      0.00     10.42      0.00      0.00     71.88
03:51:17 PM      39      8.16      0.00     11.22      0.00      0.00      0.00     11.22      0.00      0.00     69.39

03:51:17 PM     CPU      %usr     %nice      %sys   %iowait    %steal      %irq     %soft    %guest    %gnice     %idle
03:51:18 PM      32      8.74      0.00     17.48      0.00      0.00      0.00     11.65      0.00      0.00     62.14
03:51:18 PM      33      7.37      0.00     13.68      0.00      0.00      0.00      9.47      0.00      0.00     69.47
03:51:18 PM      34      5.38      0.00      9.68      0.00      0.00      0.00     12.90      0.00      0.00     72.04
03:51:18 PM      35      9.38      0.00     11.46      0.00      0.00      0.00     15.62      0.00      0.00     63.54
03:51:18 PM      36      6.52      0.00     10.87      0.00      0.00      0.00     16.30      0.00      0.00     66.30
03:51:18 PM      37      7.07      0.00     12.12      0.00      0.00      0.00     12.12      0.00      0.00     68.69
03:51:18 PM      38      5.32      0.00      9.57      0.00      0.00      0.00     11.70      0.00      0.00     73.40
03:51:18 PM      39      7.07      0.00     10.10      0.00      0.00      0.00     14.14      0.00      0.00     68.69

03:51:18 PM     CPU      %usr     %nice      %sys   %iowait    %steal      %irq     %soft    %guest    %gnice     %idle
03:51:19 PM      32      5.43      0.00     17.39      0.00      0.00      0.00      7.61      0.00      0.00     69.57
03:51:19 PM      33      5.94      0.00     15.84      0.00      0.00      0.00      9.90      0.00      0.00     68.32
03:51:19 PM      34      4.85      0.00     14.56      0.00      0.00      0.00     13.59      0.00      0.00     66.99
03:51:19 PM      35      5.83      0.00     15.53      0.00      0.00      0.00     20.39      0.00      0.00     58.25
03:51:19 PM      36      6.25      0.00     17.71      0.00      0.00      0.00     18.75      0.00      0.00     57.29
03:51:19 PM      37      7.00      0.00     12.00      0.00      0.00      0.00     13.00      0.00      0.00     68.00
03:51:19 PM      38      6.19      0.00     10.31      0.00      0.00      0.00     11.34      0.00      0.00     72.16
03:51:19 PM      39      7.92      0.00     13.86      0.00      0.00      0.00     10.89      0.00      0.00     67.33

03:51:19 PM     CPU      %usr     %nice      %sys   %iowait    %steal      %irq     %soft    %guest    %gnice     %idle
03:51:20 PM      32      3.09      0.00     15.46      0.00      0.00      0.00     12.37      0.00      0.00     69.07
03:51:20 PM      33      8.91      0.00     11.88      0.00      0.00      0.00     10.89      0.00      0.00     68.32
03:51:20 PM      34      6.93      0.00     14.85      0.00      0.00      0.00      9.90      0.00      0.00     68.32
03:51:20 PM      35      6.38      0.00     21.28      0.00      0.00      0.00     12.77      0.00      0.00     59.57
03:51:20 PM      36      7.00      0.00     17.00      0.00      0.00      0.00     17.00      0.00      0.00     59.00
03:51:20 PM      37      8.00      0.00     12.00      0.00      0.00      0.00     11.00      0.00      0.00     69.00
03:51:20 PM      38      4.08      0.00     19.39      0.00      0.00      0.00     12.24      0.00      0.00     64.29
03:51:20 PM      39      6.12      0.00     14.29      0.00      0.00      0.00     10.20      0.00      0.00     69.39

03:51:20 PM     CPU      %usr     %nice      %sys   %iowait    %steal      %irq     %soft    %guest    %gnice     %idle
03:51:21 PM      32      4.08      0.00     16.33      0.00      0.00      0.00     14.29      0.00      0.00     65.31
03:51:21 PM      33      5.05      0.00     14.14      0.00      0.00      0.00     11.11      0.00      0.00     69.70
03:51:21 PM      34      4.08      0.00     13.27      0.00      0.00      0.00     19.39      0.00      0.00     63.27
03:51:21 PM      35      5.15      0.00     15.46      1.03      0.00      0.00     11.34      0.00      0.00     67.01
03:51:21 PM      36      6.45      0.00     12.90      0.00      0.00      0.00     16.13      0.00      0.00     64.52
03:51:21 PM      37      6.06      0.00     19.19      0.00      0.00      0.00     11.11      0.00      0.00     63.64
03:51:21 PM      38      3.09      0.00     17.53      0.00      0.00      0.00     10.31      0.00      0.00     69.07
03:51:21 PM      39      4.30      0.00     11.83      0.00      0.00      0.00     11.83      0.00      0.00     72.04

03:51:21 PM     CPU      %usr     %nice      %sys   %iowait    %steal      %irq     %soft    %guest    %gnice     %idle
03:51:22 PM      32      6.12      0.00     14.29      0.00      0.00      0.00     10.20      0.00      0.00     69.39
03:51:22 PM      33      6.00      0.00     18.00      0.00      0.00      0.00      9.00      0.00      0.00     67.00
03:51:22 PM      34      8.25      0.00     10.31      0.00      0.00      0.00     18.56      0.00      0.00     62.89
03:51:22 PM      35      5.66      0.00     22.64      0.00      0.00      0.00     12.26      0.00      0.00     59.43
03:51:22 PM      36      6.00      0.00     11.00      0.00      0.00      0.00     22.00      0.00      0.00     61.00
03:51:22 PM      37      7.14      0.00     11.22      0.00      0.00      0.00     12.24      0.00      0.00     69.39
03:51:22 PM      38      5.05      0.00     12.12      0.00      0.00      0.00     13.13      0.00      0.00     69.70
03:51:22 PM      39      5.00      0.00     17.00      0.00      0.00      0.00     15.00      0.00      0.00     63.00

Average:        CPU      %usr     %nice      %sys   %iowait    %steal      %irq     %soft    %guest    %gnice     %idle
Average:         32      5.79      0.00     14.63      0.00      0.00      0.00     11.18      0.00      0.00     68.39
Average:         33      6.64      0.00     14.49      0.00      0.00      0.00     10.16      0.00      0.00     68.71
Average:         34      6.07      0.00     13.14      0.00      0.00      0.00     12.54      0.00      0.00     68.25
Average:         35      6.25      0.00     14.96      0.20      0.00      0.00     12.50      0.00      0.00     66.09
Average:         36      6.29      0.00     14.01      0.00      0.00      0.00     14.72      0.00      0.00     64.97
Average:         37      6.46      0.00     13.12      0.00      0.00      0.00     12.01      0.00      0.00     68.42
Average:         38      4.83      0.00     14.29      0.00      0.00      0.00     10.59      0.00      0.00     70.30
Average:         39      6.61      0.00     13.02      0.00      0.00      0.00     11.80      0.00      0.00     68.57
