{ common_pid: mc-worker       [     67477], ret:         73 } hitcount:          1
{ common_pid: mc-worker       [     67479], ret:        504 } hitcount:          1
{ common_pid: mc-worker       [     67482], ret:         76 } hitcount:          1
{ common_pid: mc-worker       [     67481], ret:        512 } hitcount:          1
{ common_pid: mc-worker       [     67482], ret:         70 } hitcount:          1
{ common_pid: mc-worker       [     67478], ret:         70 } hitcount:          1
{ common_pid: mc-worker       [     67477], ret:         83 } hitcount:          1
{ common_pid: mc-worker       [     67475], ret:         87 } hitcount:          1
{ common_pid: mc-worker       [     67477], ret:        512 } hitcount:          1
{ common_pid: mc-worker       [     67476], ret:        512 } hitcount:          1
{ common_pid: mc-worker       [     67480], ret:        512 } hitcount:          1
{ common_pid: mc-worker       [     67480], ret:         71 } hitcount:          1
{ common_pid: mc-worker       [     67478], ret:         71 } hitcount:          1
{ common_pid: mc-worker       [     67479], ret:         72 } hitcount:          1
{ common_pid: mc-worker       [     67482], ret:        512 } hitcount:          1
{ common_pid: mc-worker       [     67478], ret:         72 } hitcount:          1
{ common_pid: mc-worker       [     67476], ret:         72 } hitcount:          1
{ common_pid: mc-worker       [     67478], ret:        497 } hitcount:          1
{ common_pid: mc-worker       [     67479], ret:         70 } hitcount:          1
{ common_pid: mc-worker       [     67476], ret:         68 } hitcount:          1
{ common_pid: mc-worker       [     67475], ret:        479 } hitcount:          1
{ common_pid: mc-worker       [     67475], ret:         71 } hitcount:          2
{ common_pid: mc-worker       [     67477], ret:         72 } hitcount:          2
{ common_pid: mc-worker       [     67475], ret:         72 } hitcount:          2
{ common_pid: mc-worker       [     67482], ret:         68 } hitcount:          2
{ common_pid: mc-worker       [     67478], ret:         65 } hitcount:          2
{ common_pid: mc-worker       [     67480], ret:         72 } hitcount:          2
{ common_pid: mc-worker       [     67476], ret:         70 } hitcount:          2
{ common_pid: mc-worker       [     67481], ret:         72 } hitcount:          2
{ common_pid: mc-worker       [     67478], ret:         69 } hitcount:          2
{ common_pid: mc-worker       [     67479], ret:         69 } hitcount:          2
{ common_pid: mc-worker       [     67476], ret:         69 } hitcount:          2
{ common_pid: mc-worker       [     67478], ret:         51 } hitcount:          2
{ common_pid: mc-worker       [     67478], ret:         68 } hitcount:          2
{ common_pid: mc-worker       [     67477], ret:         71 } hitcount:          2
{ common_pid: mc-worker       [     67481], ret:         70 } hitcount:          2
{ common_pid: mc-worker       [     67478], ret:         50 } hitcount:          3
{ common_pid: mc-worker       [     67478], ret:         55 } hitcount:          3
{ common_pid: mc-worker       [     67478], ret:         58 } hitcount:          3
{ common_pid: mc-worker       [     67475], ret:         70 } hitcount:          3
{ common_pid: mc-worker       [     67478], ret:         66 } hitcount:          3
{ common_pid: mc-worker       [     67482], ret:         69 } hitcount:          3
{ common_pid: mc-worker       [     67476], ret:         66 } hitcount:          4
{ common_pid: mc-worker       [     67477], ret:         70 } hitcount:          4
{ common_pid: mc-worker       [     67480], ret:         53 } hitcount:          4
{ common_pid: mc-worker       [     67478], ret:         53 } hitcount:          4
{ common_pid: mc-worker       [     67475], ret:         69 } hitcount:          5
{ common_pid: mc-worker       [     67480], ret:         67 } hitcount:          5
{ common_pid: mc-worker       [     67479], ret:         68 } hitcount:          5
{ common_pid: mc-worker       [     67478], ret:         59 } hitcount:          5
{ common_pid: mc-worker       [     67476], ret:         67 } hitcount:          5
{ common_pid: mc-worker       [     67478], ret:         57 } hitcount:          5
{ common_pid: mc-worker       [     67479], ret:         67 } hitcount:          5
{ common_pid: mc-worker       [     67478], ret:         62 } hitcount:          5
{ common_pid: mc-worker       [     67480], ret:         69 } hitcount:          6
{ common_pid: mc-worker       [     67478], ret:         60 } hitcount:          6
{ common_pid: mc-worker       [     67481], ret:         53 } hitcount:          6
{ common_pid: mc-worker       [     67481], ret:         68 } hitcount:          6
{ common_pid: mc-worker       [     67478], ret:         52 } hitcount:          6
{ common_pid: mc-worker       [     67478], ret:         44 } hitcount:          6
{ common_pid: mc-worker       [     67479], ret:         63 } hitcount:          6
{ common_pid: mc-worker       [     67479], ret:         57 } hitcount:          7
{ common_pid: mc-worker       [     67478], ret:         41 } hitcount:          7
{ common_pid: mc-worker       [     67475], ret:         67 } hitcount:          7
{ common_pid: mc-worker       [     67480], ret:         66 } hitcount:          7
{ common_pid: mc-worker       [     67476], ret:         59 } hitcount:          7
{ common_pid: mc-worker       [     67477], ret:         69 } hitcount:          7
{ common_pid: mc-worker       [     67481], ret:         69 } hitcount:          7
{ common_pid: mc-worker       [     67475], ret:         52 } hitcount:          8
{ common_pid: mc-worker       [     67481], ret:         52 } hitcount:          8
{ common_pid: mc-worker       [     67476], ret:         62 } hitcount:          8
{ common_pid: mc-worker       [     67476], ret:         48 } hitcount:          8
{ common_pid: mc-worker       [     67480], ret:         49 } hitcount:          8
{ common_pid: mc-worker       [     67479], ret:         53 } hitcount:          8
{ common_pid: mc-worker       [     67476], ret:         61 } hitcount:          8
{ common_pid: mc-worker       [     67482], ret:         57 } hitcount:          8
{ common_pid: mc-worker       [     67479], ret:         66 } hitcount:          8
{ common_pid: mc-worker       [     67478], ret:         61 } hitcount:          8
{ common_pid: mc-worker       [     67480], ret:         56 } hitcount:          8
{ common_pid: mc-worker       [     67478], ret:         64 } hitcount:          8
{ common_pid: mc-worker       [     67481], ret:         45 } hitcount:          9
{ common_pid: mc-worker       [     67480], ret:         50 } hitcount:          9
{ common_pid: mc-worker       [     67476], ret:         64 } hitcount:          9
{ common_pid: mc-worker       [     67480], ret:         68 } hitcount:          9
{ common_pid: mc-worker       [     67482], ret:         54 } hitcount:          9
{ common_pid: mc-worker       [     67478], ret:         56 } hitcount:          9
{ common_pid: mc-worker       [     67481], ret:         66 } hitcount:          9
{ common_pid: mc-worker       [     67479], ret:         55 } hitcount:          9
{ common_pid: mc-worker       [     67478], ret:         63 } hitcount:          9
{ common_pid: mc-worker       [     67479], ret:         58 } hitcount:          9
{ common_pid: mc-worker       [     67477], ret:         68 } hitcount:          9
{ common_pid: mc-worker       [     67478], ret:         48 } hitcount:          9
{ common_pid: mc-worker       [     67478], ret:         43 } hitcount:          9
{ common_pid: mc-worker       [     67482], ret:         58 } hitcount:         10
{ common_pid: mc-worker       [     67482], ret:         48 } hitcount:         10
{ common_pid: mc-worker       [     67481], ret:         60 } hitcount:         10
{ common_pid: mc-worker       [     67476], ret:         54 } hitcount:         10
{ common_pid: mc-worker       [     67476], ret:         65 } hitcount:         10
{ common_pid: mc-worker       [     67475], ret:         68 } hitcount:         10
{ common_pid: mc-worker       [     67482], ret:         67 } hitcount:         10
{ common_pid: mc-worker       [     67478], ret:         54 } hitcount:         10
{ common_pid: mc-worker       [     67480], ret:         61 } hitcount:         10
{ common_pid: mc-worker       [     67476], ret:         55 } hitcount:         10
{ common_pid: mc-worker       [     67479], ret:         51 } hitcount:         10
{ common_pid: mc-worker       [     67478], ret:         46 } hitcount:         10
{ common_pid: mc-worker       [     67476], ret:         63 } hitcount:         10
{ common_pid: mc-worker       [     67479], ret:         52 } hitcount:         10
{ common_pid: mc-worker       [     67480], ret:         57 } hitcount:         10
{ common_pid: mc-worker       [     67479], ret:         54 } hitcount:         11
{ common_pid: mc-worker       [     67477], ret:         50 } hitcount:         11
{ common_pid: mc-worker       [     67481], ret:         48 } hitcount:         11
{ common_pid: mc-worker       [     67479], ret:         50 } hitcount:         11
{ common_pid: mc-worker       [     67481], ret:         67 } hitcount:         11
{ common_pid: mc-worker       [     67480], ret:         54 } hitcount:         11
{ common_pid: mc-worker       [     67478], ret:         47 } hitcount:         11
{ common_pid: mc-worker       [     67481], ret:         59 } hitcount:         11
{ common_pid: mc-worker       [     67481], ret:         50 } hitcount:         11
{ common_pid: mc-worker       [     67480], ret:         58 } hitcount:         11
{ common_pid: mc-worker       [     67479], ret:         48 } hitcount:         11
{ common_pid: mc-worker       [     67478], ret:         45 } hitcount:         12
{ common_pid: mc-worker       [     67480], ret:         52 } hitcount:         12
{ common_pid: mc-worker       [     67482], ret:         55 } hitcount:         12
{ common_pid: mc-worker       [     67480], ret:         59 } hitcount:         12
{ common_pid: mc-worker       [     67479], ret:         47 } hitcount:         12
{ common_pid: mc-worker       [     67481], ret:         51 } hitcount:         12
{ common_pid: mc-worker       [     67480], ret:         60 } hitcount:         12
{ common_pid: mc-worker       [     67475], ret:         57 } hitcount:         12
{ common_pid: mc-worker       [     67476], ret:         56 } hitcount:         12
{ common_pid: mc-worker       [     67481], ret:         54 } hitcount:         12
{ common_pid: mc-worker       [     67475], ret:         53 } hitcount:         12
{ common_pid: mc-worker       [     67476], ret:         52 } hitcount:         12
{ common_pid: mc-worker       [     67481], ret:         55 } hitcount:         12
{ common_pid: mc-worker       [     67478], ret:         49 } hitcount:         12
{ common_pid: mc-worker       [     67475], ret:         55 } hitcount:         12
{ common_pid: mc-worker       [     67482], ret:         52 } hitcount:         13
{ common_pid: mc-worker       [     67479], ret:         49 } hitcount:         13
{ common_pid: mc-worker       [     67478], ret:         35 } hitcount:         13
{ common_pid: mc-worker       [     67478], ret:         42 } hitcount:         13
{ common_pid: mc-worker       [     67477], ret:         45 } hitcount:         13
{ common_pid: mc-worker       [     67478], ret:         34 } hitcount:         13
{ common_pid: mc-worker       [     67475], ret:         49 } hitcount:         13
{ common_pid: mc-worker       [     67475], ret:         58 } hitcount:         13
{ common_pid: mc-worker       [     67475], ret:         50 } hitcount:         13
{ common_pid: mc-worker       [     67481], ret:         43 } hitcount:         13
{ common_pid: mc-worker       [     67477], ret:         57 } hitcount:         13
{ common_pid: mc-worker       [     67482], ret:         63 } hitcount:         13
{ common_pid: mc-worker       [     67475], ret:         61 } hitcount:         13
{ common_pid: mc-worker       [     67475], ret:         62 } hitcount:         14
{ common_pid: mc-worker       [     67476], ret:         58 } hitcount:         14
{ common_pid: mc-worker       [     67480], ret:         55 } hitcount:         14
{ common_pid: mc-worker       [     67481], ret:         57 } hitcount:         14
{ common_pid: mc-worker       [     67482], ret:         56 } hitcount:         14
{ common_pid: mc-worker       [     67482], ret:         61 } hitcount:         14
{ common_pid: mc-worker       [     67475], ret:         48 } hitcount:         14
{ common_pid: mc-worker       [     67480], ret:         51 } hitcount:         14
{ common_pid: mc-worker       [     67476], ret:         53 } hitcount:         14
{ common_pid: mc-worker       [     67477], ret:         55 } hitcount:         14
{ common_pid: mc-worker       [     67480], ret:         65 } hitcount:         14
{ common_pid: mc-worker       [     67477], ret:         53 } hitcount:         14
{ common_pid: mc-worker       [     67476], ret:         60 } hitcount:         15
{ common_pid: mc-worker       [     67480], ret:         47 } hitcount:         15
{ common_pid: mc-worker       [     67482], ret:         65 } hitcount:         15
{ common_pid: mc-worker       [     67475], ret:         51 } hitcount:         15
{ common_pid: mc-worker       [     67480], ret:         64 } hitcount:         15
{ common_pid: mc-worker       [     67481], ret:         49 } hitcount:         15
{ common_pid: mc-worker       [     67479], ret:         64 } hitcount:         15
{ common_pid: mc-worker       [     67477], ret:         66 } hitcount:         15
{ common_pid: mc-worker       [     67476], ret:         49 } hitcount:         15
{ common_pid: mc-worker       [     67479], ret:         56 } hitcount:         15
{ common_pid: mc-worker       [     67477], ret:         49 } hitcount:         15
{ common_pid: mc-worker       [     67476], ret:         50 } hitcount:         15
{ common_pid: mc-worker       [     67475], ret:         56 } hitcount:         15
{ common_pid: mc-worker       [     67482], ret:         62 } hitcount:         16
{ common_pid: mc-worker       [     67479], ret:         42 } hitcount:         16
{ common_pid: mc-worker       [     67479], ret:         43 } hitcount:         16
{ common_pid: mc-worker       [     67475], ret:         54 } hitcount:         16
{ common_pid: mc-worker       [     67477], ret:         67 } hitcount:         16
{ common_pid: mc-worker       [     67475], ret:         65 } hitcount:         16
{ common_pid: mc-worker       [     67478], ret:         37 } hitcount:         16
{ common_pid: mc-worker       [     67478], ret:         40 } hitcount:         16
{ common_pid: mc-worker       [     67481], ret:         58 } hitcount:         16
{ common_pid: mc-worker       [     67480], ret:         48 } hitcount:         16
{ common_pid: mc-worker       [     67481], ret:         56 } hitcount:         16
{ common_pid: mc-worker       [     67477], ret:         56 } hitcount:         16
{ common_pid: mc-worker       [     67481], ret:         63 } hitcount:         16
{ common_pid: mc-worker       [     67479], ret:         60 } hitcount:         16
{ common_pid: mc-worker       [     67482], ret:         59 } hitcount:         16
{ common_pid: mc-worker       [     67481], ret:         47 } hitcount:         16
{ common_pid: mc-worker       [     67481], ret:         41 } hitcount:         17
{ common_pid: mc-worker       [     67480], ret:         63 } hitcount:         17
{ common_pid: mc-worker       [     67482], ret:         60 } hitcount:         17
{ common_pid: mc-worker       [     67475], ret:         59 } hitcount:         17
{ common_pid: mc-worker       [     67481], ret:         64 } hitcount:         17
{ common_pid: mc-worker       [     67482], ret:         46 } hitcount:         17
{ common_pid: mc-worker       [     67478], ret:         39 } hitcount:         17
{ common_pid: mc-worker       [     67482], ret:         53 } hitcount:         17
{ common_pid: mc-worker       [     67479], ret:         65 } hitcount:         17
{ common_pid: mc-worker       [     67479], ret:         62 } hitcount:         17
{ common_pid: mc-worker       [     67477], ret:         44 } hitcount:         18
{ common_pid: mc-worker       [     67481], ret:         46 } hitcount:         18
{ common_pid: mc-worker       [     67481], ret:         65 } hitcount:         18
{ common_pid: mc-worker       [     67481], ret:         38 } hitcount:         18
{ common_pid: mc-worker       [     67480], ret:         42 } hitcount:         18
{ common_pid: mc-worker       [     67477], ret:         60 } hitcount:         18
{ common_pid: mc-worker       [     67481], ret:         44 } hitcount:         18
{ common_pid: mc-worker       [     67475], ret:         66 } hitcount:         18
{ common_pid: mc-worker       [     67476], ret:         57 } hitcount:         18
{ common_pid: mc-worker       [     67477], ret:         52 } hitcount:         18
{ common_pid: mc-worker       [     67475], ret:         46 } hitcount:         18
{ common_pid: mc-worker       [     67482], ret:         51 } hitcount:         19
{ common_pid: mc-worker       [     67477], ret:         59 } hitcount:         19
{ common_pid: mc-worker       [     67475], ret:         64 } hitcount:         19
{ common_pid: mc-worker       [     67482], ret:         49 } hitcount:         19
{ common_pid: mc-worker       [     67481], ret:         40 } hitcount:         19
{ common_pid: mc-worker       [     67482], ret:         66 } hitcount:         19
{ common_pid: mc-worker       [     67475], ret:         47 } hitcount:         19
{ common_pid: mc-worker       [     67481], ret:         42 } hitcount:         19
{ common_pid: mc-worker       [     67482], ret:         47 } hitcount:         20
{ common_pid: mc-worker       [     67476], ret:         47 } hitcount:         20
{ common_pid: mc-worker       [     67477], ret:         61 } hitcount:         20
{ common_pid: mc-worker       [     67475], ret:         60 } hitcount:         20
{ common_pid: mc-worker       [     67478], ret:         38 } hitcount:         20
{ common_pid: mc-worker       [     67475], ret:         63 } hitcount:         20
{ common_pid: mc-worker       [     67477], ret:         65 } hitcount:         20
{ common_pid: mc-worker       [     67479], ret:         45 } hitcount:         21
{ common_pid: mc-worker       [     67476], ret:         43 } hitcount:         21
{ common_pid: mc-worker       [     67477], ret:         43 } hitcount:         21
{ common_pid: mc-worker       [     67479], ret:         46 } hitcount:         21
{ common_pid: mc-worker       [     67479], ret:         59 } hitcount:         21
{ common_pid: mc-worker       [     67477], ret:         51 } hitcount:         21
{ common_pid: mc-worker       [     67475], ret:         45 } hitcount:         21
{ common_pid: mc-worker       [     67481], ret:         61 } hitcount:         21
{ common_pid: mc-worker       [     67476], ret:         42 } hitcount:         21
{ common_pid: mc-worker       [     67480], ret:         62 } hitcount:         21
{ common_pid: mc-worker       [     67477], ret:         58 } hitcount:         21
{ common_pid: mc-worker       [     67480], ret:         43 } hitcount:         21
{ common_pid: mc-worker       [     67480], ret:         39 } hitcount:         21
{ common_pid: mc-worker       [     67478], ret:         33 } hitcount:         21
{ common_pid: mc-worker       [     67477], ret:         62 } hitcount:         22
{ common_pid: mc-worker       [     67477], ret:         38 } hitcount:         22
{ common_pid: mc-worker       [     67476], ret:         51 } hitcount:         22
{ common_pid: mc-worker       [     67482], ret:         45 } hitcount:         22
{ common_pid: mc-worker       [     67482], ret:         42 } hitcount:         23
{ common_pid: mc-worker       [     67476], ret:         45 } hitcount:         23
{ common_pid: mc-worker       [     67475], ret:         44 } hitcount:         23
{ common_pid: mc-worker       [     67482], ret:         43 } hitcount:         23
{ common_pid: mc-worker       [     67481], ret:         62 } hitcount:         23
{ common_pid: mc-worker       [     67477], ret:         48 } hitcount:         23
{ common_pid: mc-worker       [     67480], ret:         41 } hitcount:         23
{ common_pid: mc-worker       [     67479], ret:         61 } hitcount:         23
{ common_pid: mc-worker       [     67479], ret:         41 } hitcount:         23
{ common_pid: mc-worker       [     67477], ret:         42 } hitcount:         23
{ common_pid: mc-worker       [     67482], ret:         44 } hitcount:         24
{ common_pid: mc-worker       [     67476], ret:         36 } hitcount:         24
{ common_pid: mc-worker       [     67481], ret:         37 } hitcount:         24
{ common_pid: mc-worker       [     67476], ret:         46 } hitcount:         24
{ common_pid: mc-worker       [     67477], ret:         54 } hitcount:         24
{ common_pid: mc-worker       [     67477], ret:         39 } hitcount:         25
{ common_pid: mc-worker       [     67482], ret:         50 } hitcount:         25
{ common_pid: mc-worker       [     67478], ret:         36 } hitcount:         26
{ common_pid: mc-worker       [     67482], ret:         64 } hitcount:         26
{ common_pid: mc-worker       [     67479], ret:         44 } hitcount:         26
{ common_pid: mc-worker       [     67477], ret:         41 } hitcount:         26
{ common_pid: mc-worker       [     67475], ret:         42 } hitcount:         26
{ common_pid: mc-worker       [     67476], ret:         44 } hitcount:         26
{ common_pid: mc-worker       [     67479], ret:         40 } hitcount:         26
{ common_pid: mc-worker       [     67482], ret:         40 } hitcount:         26
{ common_pid: mc-worker       [     67479], ret:         33 } hitcount:         27
{ common_pid: mc-worker       [     67477], ret:         47 } hitcount:         27
{ common_pid: mc-worker       [     67477], ret:         46 } hitcount:         27
{ common_pid: mc-worker       [     67480], ret:         44 } hitcount:         27
{ common_pid: mc-worker       [     67480], ret:         45 } hitcount:         27
{ common_pid: mc-worker       [     67475], ret:         43 } hitcount:         27
{ common_pid: mc-worker       [     67480], ret:         40 } hitcount:         27
{ common_pid: mc-worker       [     67480], ret:         37 } hitcount:         28
{ common_pid: mc-worker       [     67477], ret:         63 } hitcount:         28
{ common_pid: mc-worker       [     67478], ret:         32 } hitcount:         28
{ common_pid: mc-worker       [     67482], ret:         35 } hitcount:         28
{ common_pid: mc-worker       [     67480], ret:         38 } hitcount:         28
{ common_pid: mc-worker       [     67480], ret:         36 } hitcount:         29
{ common_pid: mc-worker       [     67480], ret:         46 } hitcount:         29
{ common_pid: mc-worker       [     67476], ret:         39 } hitcount:         29
{ common_pid: mc-worker       [     67477], ret:         40 } hitcount:         29
{ common_pid: mc-worker       [     67475], ret:         41 } hitcount:         29
{ common_pid: mc-worker       [     67479], ret:         38 } hitcount:         29
{ common_pid: mc-worker       [     67477], ret:         64 } hitcount:         29
{ common_pid: mc-worker       [     67475], ret:         38 } hitcount:         30
{ common_pid: mc-worker       [     67479], ret:         36 } hitcount:         31
{ common_pid: mc-worker       [     67479], ret:         39 } hitcount:         31
{ common_pid: mc-worker       [     67475], ret:         40 } hitcount:         31
{ common_pid: mc-worker       [     67482], ret:         41 } hitcount:         32
{ common_pid: mc-worker       [     67481], ret:         34 } hitcount:         32
{ common_pid: mc-worker       [     67477], ret:         36 } hitcount:         32
{ common_pid: mc-worker       [     67476], ret:         41 } hitcount:         32
{ common_pid: mc-worker       [     67482], ret:         39 } hitcount:         32
{ common_pid: mc-worker       [     67481], ret:         39 } hitcount:         32
{ common_pid: mc-worker       [     67479], ret:         37 } hitcount:         33
{ common_pid: mc-worker       [     67478], ret:         29 } hitcount:         33
{ common_pid: mc-worker       [     67479], ret:         35 } hitcount:         34
{ common_pid: mc-worker       [     67476], ret:         40 } hitcount:         34
{ common_pid: mc-worker       [     67476], ret:         33 } hitcount:         34
{ common_pid: mc-worker       [     67481], ret:         35 } hitcount:         34
{ common_pid: mc-worker       [     67476], ret:         32 } hitcount:         35
{ common_pid: mc-worker       [     67478], ret:         26 } hitcount:         35
{ common_pid: mc-worker       [     67480], ret:         34 } hitcount:         35
{ common_pid: mc-worker       [     67476], ret:         37 } hitcount:         35
{ common_pid: mc-worker       [     67478], ret:         31 } hitcount:         36
{ common_pid: mc-worker       [     67475], ret:         33 } hitcount:         36
{ common_pid: mc-worker       [     67475], ret:         37 } hitcount:         36
{ common_pid: mc-worker       [     67475], ret:         39 } hitcount:         36
{ common_pid: mc-worker       [     67478], ret:         30 } hitcount:         36
{ common_pid: mc-worker       [     67482], ret:         38 } hitcount:         37
{ common_pid: mc-worker       [     67480], ret:         35 } hitcount:         37
{ common_pid: mc-worker       [     67475], ret:         36 } hitcount:         38
{ common_pid: mc-worker       [     67479], ret:         32 } hitcount:         39
{ common_pid: mc-worker       [     67480], ret:         30 } hitcount:         39
{ common_pid: mc-worker       [     67479], ret:         34 } hitcount:         39
{ common_pid: mc-worker       [     67475], ret:         32 } hitcount:         39
{ common_pid: mc-worker       [     67479], ret:         31 } hitcount:         39
{ common_pid: mc-worker       [     67476], ret:         34 } hitcount:         40
{ common_pid: mc-worker       [     67477], ret:         37 } hitcount:         40
{ common_pid: mc-worker       [     67475], ret:         35 } hitcount:         41
{ common_pid: mc-worker       [     67477], ret:         34 } hitcount:         41
{ common_pid: mc-worker       [     67482], ret:         36 } hitcount:         42
{ common_pid: mc-worker       [     67475], ret:         29 } hitcount:         42
{ common_pid: mc-worker       [     67476], ret:         38 } hitcount:         42
{ common_pid: mc-worker       [     67481], ret:         30 } hitcount:         43
{ common_pid: mc-worker       [     67480], ret:         33 } hitcount:         43
{ common_pid: mc-worker       [     67481], ret:         36 } hitcount:         44
{ common_pid: mc-worker       [     67482], ret:         37 } hitcount:         44
{ common_pid: mc-worker       [     67479], ret:         30 } hitcount:         45
{ common_pid: mc-worker       [     67482], ret:         31 } hitcount:         45
{ common_pid: mc-worker       [     67480], ret:         28 } hitcount:         45
{ common_pid: mc-worker       [     67475], ret:         34 } hitcount:         45
{ common_pid: mc-worker       [     67480], ret:         32 } hitcount:         46
{ common_pid: mc-worker       [     67482], ret:         30 } hitcount:         46
{ common_pid: mc-worker       [     67482], ret:         33 } hitcount:         46
{ common_pid: mc-worker       [     67482], ret:         34 } hitcount:         47
{ common_pid: mc-worker       [     67478], ret:         27 } hitcount:         48
{ common_pid: mc-worker       [     67477], ret:         35 } hitcount:         48
{ common_pid: mc-worker       [     67477], ret:         29 } hitcount:         49
{ common_pid: mc-worker       [     67475], ret:         30 } hitcount:         50
{ common_pid: mc-worker       [     67481], ret:         32 } hitcount:         50
{ common_pid: mc-worker       [     67481], ret:         33 } hitcount:         50
{ common_pid: mc-worker       [     67480], ret:         31 } hitcount:         51
{ common_pid: mc-worker       [     67481], ret:         31 } hitcount:         51
{ common_pid: mc-worker       [     67479], ret:         27 } hitcount:         53
{ common_pid: mc-worker       [     67481], ret:         29 } hitcount:         53
{ common_pid: mc-worker       [     67477], ret:         33 } hitcount:         54
{ common_pid: mc-worker       [     67476], ret:         28 } hitcount:         54
{ common_pid: mc-worker       [     67478], ret:         28 } hitcount:         54
{ common_pid: mc-worker       [     67477], ret:         31 } hitcount:         56
{ common_pid: mc-worker       [     67481], ret:         27 } hitcount:         56
{ common_pid: mc-worker       [     67477], ret:         32 } hitcount:         56
{ common_pid: mc-worker       [     67476], ret:         35 } hitcount:         56
{ common_pid: mc-worker       [     67479], ret:         29 } hitcount:         56
{ common_pid: mc-worker       [     67476], ret:         30 } hitcount:         57
{ common_pid: mc-worker       [     67478], ret:         24 } hitcount:         57
{ common_pid: mc-worker       [     67482], ret:         28 } hitcount:         59
{ common_pid: mc-worker       [     67481], ret:         28 } hitcount:         60
{ common_pid: mc-worker       [     67478], ret:         25 } hitcount:         60
{ common_pid: mc-worker       [     67476], ret:         31 } hitcount:         61
{ common_pid: mc-worker       [     67481], ret:         25 } hitcount:         61
{ common_pid: mc-worker       [     67480], ret:         27 } hitcount:         61
{ common_pid: mc-worker       [     67480], ret:         29 } hitcount:         61
{ common_pid: mc-worker       [     67482], ret:         32 } hitcount:         62
{ common_pid: mc-worker       [     67475], ret:         31 } hitcount:         64
{ common_pid: mc-worker       [     67478], ret:         22 } hitcount:         64
{ common_pid: mc-worker       [     67477], ret:         30 } hitcount:         64
{ common_pid: mc-worker       [     67476], ret:         29 } hitcount:         65
{ common_pid: mc-worker       [     67479], ret:         25 } hitcount:         66
{ common_pid: mc-worker       [     67476], ret:         27 } hitcount:         67
{ common_pid: mc-worker       [     67482], ret:         27 } hitcount:         71
{ common_pid: mc-worker       [     67475], ret:         28 } hitcount:         71
{ common_pid: mc-worker       [     67477], ret:         28 } hitcount:         71
{ common_pid: mc-worker       [     67479], ret:         28 } hitcount:         71
{ common_pid: mc-worker       [     67482], ret:         29 } hitcount:         72
{ common_pid: mc-worker       [     67475], ret:         27 } hitcount:         72
{ common_pid: mc-worker       [     67475], ret:         26 } hitcount:         73
{ common_pid: mc-worker       [     67481], ret:         24 } hitcount:         74
{ common_pid: mc-worker       [     67477], ret:         26 } hitcount:         76
{ common_pid: mc-worker       [     67478], ret:         23 } hitcount:         76
{ common_pid: mc-worker       [     67476], ret:         25 } hitcount:         76
{ common_pid: mc-worker       [     67477], ret:         27 } hitcount:         78
{ common_pid: mc-worker       [     67479], ret:         26 } hitcount:         78
{ common_pid: mc-worker       [     67481], ret:         26 } hitcount:         79
{ common_pid: mc-worker       [     67475], ret:         25 } hitcount:         79
{ common_pid: mc-worker       [     67478], ret:         21 } hitcount:         79
{ common_pid: mc-worker       [     67477], ret:         25 } hitcount:         80
{ common_pid: mc-worker       [     67482], ret:         26 } hitcount:         81
{ common_pid: mc-worker       [     67476], ret:         26 } hitcount:         81
{ common_pid: mc-worker       [     67475], ret:         24 } hitcount:         82
{ common_pid: mc-worker       [     67480], ret:         26 } hitcount:         83
{ common_pid: mc-worker       [     67480], ret:         23 } hitcount:         84
{ common_pid: mc-worker       [     67479], ret:         24 } hitcount:         87
{ common_pid: mc-worker       [     67482], ret:         25 } hitcount:         89
{ common_pid: mc-worker       [     67480], ret:         24 } hitcount:         90
{ common_pid: mc-worker       [     67475], ret:         23 } hitcount:         91
{ common_pid: mc-worker       [     67477], ret:         24 } hitcount:         92
{ common_pid: mc-worker       [     67478], ret:         20 } hitcount:         95
{ common_pid: mc-worker       [     67480], ret:         25 } hitcount:         95
{ common_pid: mc-worker       [     67481], ret:         23 } hitcount:         96
{ common_pid: mc-worker       [     67478], ret:         19 } hitcount:         97
{ common_pid: mc-worker       [     67480], ret:         21 } hitcount:         98
{ common_pid: mc-worker       [     67476], ret:         24 } hitcount:         99
{ common_pid: mc-worker       [     67479], ret:         21 } hitcount:        101
{ common_pid: mc-worker       [     67482], ret:         24 } hitcount:        101
{ common_pid: mc-worker       [     67482], ret:         23 } hitcount:        102
{ common_pid: mc-worker       [     67479], ret:         23 } hitcount:        103
{ common_pid: mc-worker       [     67480], ret:         22 } hitcount:        105
{ common_pid: mc-worker       [     67478], ret:         18 } hitcount:        106
{ common_pid: mc-worker       [     67476], ret:         22 } hitcount:        107
{ common_pid: mc-worker       [     67476], ret:         23 } hitcount:        107
{ common_pid: mc-worker       [     67481], ret:         20 } hitcount:        108
{ common_pid: mc-worker       [     67477], ret:         23 } hitcount:        108
{ common_pid: mc-worker       [     67477], ret:         22 } hitcount:        110
{ common_pid: mc-worker       [     67476], ret:         20 } hitcount:        110
{ common_pid: mc-worker       [     67479], ret:         22 } hitcount:        111
{ common_pid: mc-worker       [     67475], ret:         21 } hitcount:        112
{ common_pid: mc-worker       [     67481], ret:         22 } hitcount:        112
{ common_pid: mc-worker       [     67482], ret:         22 } hitcount:        112
{ common_pid: mc-worker       [     67478], ret:         17 } hitcount:        114
{ common_pid: mc-worker       [     67476], ret:         21 } hitcount:        115
{ common_pid: mc-worker       [     67475], ret:         20 } hitcount:        122
{ common_pid: mc-worker       [     67481], ret:         19 } hitcount:        125
{ common_pid: mc-worker       [     67475], ret:         22 } hitcount:        125
{ common_pid: mc-worker       [     67476], ret:         19 } hitcount:        126
{ common_pid: mc-worker       [     67482], ret:         21 } hitcount:        127
{ common_pid: mc-worker       [     67481], ret:         21 } hitcount:        127
{ common_pid: mc-worker       [     67479], ret:         20 } hitcount:        127
{ common_pid: mc-worker       [     67477], ret:         20 } hitcount:        130
{ common_pid: mc-worker       [     67477], ret:         21 } hitcount:        133
{ common_pid: mc-worker       [     67480], ret:         20 } hitcount:        133
{ common_pid: mc-worker       [     67482], ret:         20 } hitcount:        134
{ common_pid: mc-worker       [     67479], ret:         19 } hitcount:        137
{ common_pid: mc-worker       [     67475], ret:         19 } hitcount:        144
{ common_pid: mc-worker       [     67480], ret:         19 } hitcount:        146
{ common_pid: mc-worker       [     67476], ret:         18 } hitcount:        147
{ common_pid: mc-worker       [     67477], ret:         19 } hitcount:        147
{ common_pid: mc-worker       [     67482], ret:         19 } hitcount:        152
{ common_pid: mc-worker       [     67482], ret:         18 } hitcount:        158
{ common_pid: mc-worker       [     67479], ret:         18 } hitcount:        158
{ common_pid: mc-worker       [     67481], ret:         18 } hitcount:        163
{ common_pid: mc-worker       [     67475], ret:         18 } hitcount:        163
{ common_pid: mc-worker       [     67480], ret:         18 } hitcount:        167
{ common_pid: mc-worker       [     67480], ret:         17 } hitcount:        172
{ common_pid: mc-worker       [     67479], ret:         17 } hitcount:        176
{ common_pid: mc-worker       [     67478], ret:         16 } hitcount:        184
{ common_pid: mc-worker       [     67476], ret:         17 } hitcount:        184
{ common_pid: mc-worker       [     67475], ret:         17 } hitcount:        186
{ common_pid: mc-worker       [     67482], ret:         17 } hitcount:        212
{ common_pid: mc-worker       [     67481], ret:         17 } hitcount:        221
{ common_pid: mc-worker       [     67478], ret:         15 } hitcount:        226
{ common_pid: mc-worker       [     67477], ret:         18 } hitcount:        237
{ common_pid: mc-worker       [     67477], ret:         17 } hitcount:        242
{ common_pid: mc-worker       [     67476], ret:         16 } hitcount:        248
{ common_pid: mc-worker       [     67480], ret:         16 } hitcount:        262
{ common_pid: mc-worker       [     67479], ret:         16 } hitcount:        269
{ common_pid: mc-worker       [     67481], ret:         16 } hitcount:        292
{ common_pid: mc-worker       [     67482], ret:         16 } hitcount:        292
{ common_pid: mc-worker       [     67475], ret:         16 } hitcount:        301
{ common_pid: mc-worker       [     67476], ret:         15 } hitcount:        345
{ common_pid: mc-worker       [     67477], ret:         16 } hitcount:        350
{ common_pid: mc-worker       [     67479], ret:         15 } hitcount:        352
{ common_pid: mc-worker       [     67482], ret:         15 } hitcount:        398
{ common_pid: mc-worker       [     67480], ret:         15 } hitcount:        399
{ common_pid: mc-worker       [     67478], ret:         14 } hitcount:        414
{ common_pid: mc-worker       [     67475], ret:         15 } hitcount:        432
{ common_pid: mc-worker       [     67481], ret:         15 } hitcount:        441
{ common_pid: mc-worker       [     67476], ret:         14 } hitcount:        516
{ common_pid: mc-worker       [     67479], ret:         14 } hitcount:        534
{ common_pid: mc-worker       [     67477], ret:         15 } hitcount:        536
{ common_pid: mc-worker       [     67480], ret:         14 } hitcount:        606
{ common_pid: mc-worker       [     67481], ret:         14 } hitcount:        661
{ common_pid: mc-worker       [     67482], ret:         14 } hitcount:        676
{ common_pid: mc-worker       [     67475], ret:         14 } hitcount:        680
{ common_pid: mc-worker       [     67478], ret:         13 } hitcount:        707
{ common_pid: mc-worker       [     67476], ret:         13 } hitcount:        837
{ common_pid: mc-worker       [     67477], ret:         14 } hitcount:        838
{ common_pid: mc-worker       [     67479], ret:         13 } hitcount:        868
{ common_pid: mc-worker       [     67482], ret:         13 } hitcount:       1069
{ common_pid: mc-worker       [     67480], ret:         13 } hitcount:       1127
{ common_pid: mc-worker       [     67475], ret:         13 } hitcount:       1130
{ common_pid: mc-worker       [     67478], ret:         12 } hitcount:       1151
{ common_pid: mc-worker       [     67481], ret:         13 } hitcount:       1170
{ common_pid: mc-worker       [     67477], ret:         13 } hitcount:       1415
{ common_pid: mc-worker       [     67476], ret:         12 } hitcount:       1415
{ common_pid: mc-worker       [     67479], ret:         12 } hitcount:       1524
{ common_pid: mc-worker       [     67482], ret:         12 } hitcount:       1725
{ common_pid: mc-worker       [     67475], ret:         12 } hitcount:       1855
{ common_pid: mc-worker       [     67480], ret:         12 } hitcount:       1895
{ common_pid: mc-worker       [     67481], ret:         12 } hitcount:       1928
{ common_pid: mc-worker       [     67478], ret:         11 } hitcount:       2030
{ common_pid: mc-worker       [     67477], ret:         12 } hitcount:       2306
{ common_pid: mc-worker       [     67476], ret:         11 } hitcount:       2351
{ common_pid: mc-worker       [     67479], ret:         11 } hitcount:       2454
{ common_pid: mc-worker       [     67482], ret:         11 } hitcount:       2778
{ common_pid: mc-worker       [     67475], ret:         11 } hitcount:       3019
{ common_pid: mc-worker       [     67480], ret:         11 } hitcount:       3036
{ common_pid: mc-worker       [     67481], ret:         11 } hitcount:       3184
{ common_pid: mc-worker       [     67478], ret:         10 } hitcount:       3400
{ common_pid: mc-worker       [     67477], ret:         11 } hitcount:       3643
{ common_pid: mc-worker       [     67476], ret:         10 } hitcount:       3839
{ common_pid: mc-worker       [     67479], ret:         10 } hitcount:       4010
{ common_pid: mc-worker       [     67482], ret:         10 } hitcount:       4431
{ common_pid: mc-worker       [     67475], ret:         10 } hitcount:       4674
{ common_pid: mc-worker       [     67480], ret:         10 } hitcount:       4738
{ common_pid: mc-worker       [     67481], ret:         10 } hitcount:       4802
{ common_pid: mc-worker       [     67478], ret:          9 } hitcount:       5462
{ common_pid: mc-worker       [     67477], ret:         10 } hitcount:       5597
{ common_pid: mc-worker       [     67476], ret:          9 } hitcount:       6077
{ common_pid: mc-worker       [     67479], ret:          9 } hitcount:       6196
{ common_pid: mc-worker       [     67482], ret:          9 } hitcount:       6833
{ common_pid: mc-worker       [     67480], ret:          9 } hitcount:       7075
{ common_pid: mc-worker       [     67475], ret:          9 } hitcount:       7220
{ common_pid: mc-worker       [     67481], ret:          9 } hitcount:       7465
{ common_pid: mc-worker       [     67477], ret:          9 } hitcount:       8283
{ common_pid: mc-worker       [     67478], ret:          8 } hitcount:       8773
{ common_pid: mc-worker       [     67476], ret:          8 } hitcount:       9053
{ common_pid: mc-worker       [     67479], ret:          8 } hitcount:       9378
{ common_pid: mc-worker       [     67482], ret:          8 } hitcount:      10194
{ common_pid: mc-worker       [     67480], ret:          8 } hitcount:      10524
{ common_pid: mc-worker       [     67481], ret:          8 } hitcount:      10527
{ common_pid: mc-worker       [     67475], ret:          8 } hitcount:      10612
{ common_pid: mc-worker       [     67477], ret:          8 } hitcount:      11677
{ common_pid: mc-worker       [     67478], ret:          7 } hitcount:      13051
{ common_pid: mc-worker       [     67476], ret:          7 } hitcount:      13454
{ common_pid: mc-worker       [     67479], ret:          7 } hitcount:      13853
{ common_pid: mc-worker       [     67482], ret:          7 } hitcount:      14478
{ common_pid: mc-worker       [     67480], ret:          7 } hitcount:      14953
{ common_pid: mc-worker       [     67475], ret:          7 } hitcount:      15116
{ common_pid: mc-worker       [     67481], ret:          7 } hitcount:      15244
{ common_pid: mc-worker       [     67477], ret:          7 } hitcount:      15929
{ common_pid: mc-worker       [     67478], ret:          6 } hitcount:      18613
{ common_pid: mc-worker       [     67476], ret:          6 } hitcount:      18718
{ common_pid: mc-worker       [     67479], ret:          6 } hitcount:      19348
{ common_pid: mc-worker       [     67482], ret:          6 } hitcount:      20132
{ common_pid: mc-worker       [     67481], ret:          6 } hitcount:      20444
{ common_pid: mc-worker       [     67475], ret:          6 } hitcount:      20573
{ common_pid: mc-worker       [     67480], ret:          6 } hitcount:      20881
{ common_pid: mc-worker       [     67477], ret:          6 } hitcount:      21522
{ common_pid: mc-worker       [     67476], ret:          5 } hitcount:      25974
{ common_pid: mc-worker       [     67479], ret:          5 } hitcount:      26803
{ common_pid: mc-worker       [     67482], ret:          5 } hitcount:      27307
{ common_pid: mc-worker       [     67478], ret:          5 } hitcount:      27323
{ common_pid: mc-worker       [     67475], ret:          5 } hitcount:      27692
{ common_pid: mc-worker       [     67481], ret:          5 } hitcount:      27787
{ common_pid: mc-worker       [     67480], ret:          5 } hitcount:      28406
{ common_pid: mc-worker       [     67477], ret:          5 } hitcount:      28740
{ common_pid: mc-worker       [     67476], ret:          4 } hitcount:      41466
{ common_pid: mc-worker       [     67482], ret:          4 } hitcount:      42334
{ common_pid: mc-worker       [     67475], ret:          4 } hitcount:      42472
{ common_pid: mc-worker       [     67479], ret:          4 } hitcount:      42711
{ common_pid: mc-worker       [     67481], ret:          4 } hitcount:      43191
{ common_pid: mc-worker       [     67477], ret:          4 } hitcount:      43734
{ common_pid: mc-worker       [     67478], ret:          4 } hitcount:      45129
{ common_pid: mc-worker       [     67480], ret:          4 } hitcount:      45323
{ common_pid: mc-worker       [     67482], ret:          3 } hitcount:      79025
{ common_pid: mc-worker       [     67475], ret:          3 } hitcount:      79283
{ common_pid: mc-worker       [     67476], ret:          3 } hitcount:      79739
{ common_pid: mc-worker       [     67477], ret:          3 } hitcount:      81475
{ common_pid: mc-worker       [     67479], ret:          3 } hitcount:      82174
{ common_pid: mc-worker       [     67481], ret:          3 } hitcount:      83636
{ common_pid: mc-worker       [     67480], ret:          3 } hitcount:      85042
{ common_pid: mc-worker       [     67478], ret:          3 } hitcount:      88227
{ common_pid: mc-worker       [     67477], ret:          1 } hitcount:     114790
{ common_pid: mc-worker       [     67475], ret:          1 } hitcount:     118442
{ common_pid: mc-worker       [     67482], ret:          1 } hitcount:     119699
{ common_pid: mc-worker       [     67480], ret:          1 } hitcount:     122223
{ common_pid: mc-worker       [     67479], ret:          1 } hitcount:     124854
{ common_pid: mc-worker       [     67476], ret:          1 } hitcount:     125558
{ common_pid: mc-worker       [     67481], ret:          1 } hitcount:     125789
{ common_pid: mc-worker       [     67482], ret:          2 } hitcount:     126054
{ common_pid: mc-worker       [     67477], ret:          2 } hitcount:     127090
{ common_pid: mc-worker       [     67475], ret:          2 } hitcount:     129244
{ common_pid: mc-worker       [     67478], ret:          1 } hitcount:     130030
{ common_pid: mc-worker       [     67476], ret:          2 } hitcount:     131472
{ common_pid: mc-worker       [     67479], ret:          2 } hitcount:     132665
{ common_pid: mc-worker       [     67480], ret:          2 } hitcount:     133097
{ common_pid: mc-worker       [     67481], ret:          2 } hitcount:     137125
{ common_pid: mc-worker       [     67478], ret:          2 } hitcount:     142387
