{ common_pid: mc-worker       [    147379], ret:        121 } hitcount:          1
{ common_pid: mc-worker       [    147379], ret:        125 } hitcount:          1
{ common_pid: mc-worker       [    147375], ret:        117 } hitcount:          1
{ common_pid: mc-worker       [    147378], ret:        114 } hitcount:          1
{ common_pid: mc-worker       [    147380], ret:         63 } hitcount:          1
{ common_pid: mc-worker       [    147375], ret:        123 } hitcount:          1
{ common_pid: mc-worker       [    147382], ret:         98 } hitcount:          1
{ common_pid: mc-worker       [    147376], ret:         92 } hitcount:          1
{ common_pid: mc-worker       [    147376], ret:         80 } hitcount:          1
{ common_pid: mc-worker       [    147377], ret:         76 } hitcount:          1
{ common_pid: mc-worker       [    147382], ret:        104 } hitcount:          1
{ common_pid: mc-worker       [    147375], ret:        101 } hitcount:          1
{ common_pid: mc-worker       [    147375], ret:         75 } hitcount:          1
{ common_pid: mc-worker       [    147378], ret:         70 } hitcount:          1
{ common_pid: mc-worker       [    147379], ret:         75 } hitcount:          1
{ common_pid: mc-worker       [    147379], ret:        114 } hitcount:          1
{ common_pid: mc-worker       [    147376], ret:         69 } hitcount:          1
{ common_pid: mc-worker       [    147379], ret:         77 } hitcount:          1
{ common_pid: mc-worker       [    147381], ret:        151 } hitcount:          1
{ common_pid: mc-worker       [    147382], ret:         80 } hitcount:          1
{ common_pid: mc-worker       [    147378], ret:        128 } hitcount:          1
{ common_pid: mc-worker       [    147380], ret:        134 } hitcount:          1
{ common_pid: mc-worker       [    147382], ret:         70 } hitcount:          1
{ common_pid: mc-worker       [    147382], ret:        109 } hitcount:          1
{ common_pid: mc-worker       [    147377], ret:         77 } hitcount:          1
{ common_pid: mc-worker       [    147377], ret:         80 } hitcount:          1
{ common_pid: mc-worker       [    147382], ret:        122 } hitcount:          1
{ common_pid: mc-worker       [    147375], ret:         74 } hitcount:          1
{ common_pid: mc-worker       [    147380], ret:        111 } hitcount:          1
{ common_pid: mc-worker       [    147376], ret:         71 } hitcount:          1
{ common_pid: mc-worker       [    147381], ret:        143 } hitcount:          1
{ common_pid: mc-worker       [    147379], ret:         78 } hitcount:          1
{ common_pid: mc-worker       [    147378], ret:        127 } hitcount:          1
{ common_pid: mc-worker       [    147377], ret:         73 } hitcount:          1
{ common_pid: mc-worker       [    147379], ret:         94 } hitcount:          1
{ common_pid: mc-worker       [    147382], ret:         69 } hitcount:          1
{ common_pid: mc-worker       [    147376], ret:        125 } hitcount:          1
{ common_pid: mc-worker       [    147381], ret:        109 } hitcount:          1
{ common_pid: mc-worker       [    147381], ret:         82 } hitcount:          1
{ common_pid: mc-worker       [    147377], ret:        102 } hitcount:          1
{ common_pid: mc-worker       [    147382], ret:         71 } hitcount:          1
{ common_pid: mc-worker       [    147380], ret:        102 } hitcount:          1
{ common_pid: mc-worker       [    147380], ret:        103 } hitcount:          1
{ common_pid: mc-worker       [    147382], ret:         73 } hitcount:          1
{ common_pid: mc-worker       [    147378], ret:         76 } hitcount:          1
{ common_pid: mc-worker       [    147377], ret:        127 } hitcount:          1
{ common_pid: mc-worker       [    147378], ret:         69 } hitcount:          1
{ common_pid: mc-worker       [    147379], ret:         73 } hitcount:          1
{ common_pid: mc-worker       [    147381], ret:         63 } hitcount:          1
{ common_pid: mc-worker       [    147375], ret:        181 } hitcount:          1
{ common_pid: mc-worker       [    147382], ret:        128 } hitcount:          1
{ common_pid: mc-worker       [    147378], ret:         74 } hitcount:          1
{ common_pid: mc-worker       [    147380], ret:        158 } hitcount:          1
{ common_pid: mc-worker       [    147376], ret:        101 } hitcount:          1
{ common_pid: mc-worker       [    147378], ret:         97 } hitcount:          1
{ common_pid: mc-worker       [    147375], ret:         71 } hitcount:          1
{ common_pid: mc-worker       [    147379], ret:        128 } hitcount:          1
{ common_pid: mc-worker       [    147380], ret:         89 } hitcount:          1
{ common_pid: mc-worker       [    147382], ret:         67 } hitcount:          1
{ common_pid: mc-worker       [    147378], ret:        112 } hitcount:          1
{ common_pid: mc-worker       [    147377], ret:        109 } hitcount:          1
{ common_pid: mc-worker       [    147380], ret:        100 } hitcount:          1
{ common_pid: mc-worker       [    147378], ret:         81 } hitcount:          1
{ common_pid: mc-worker       [    147377], ret:        120 } hitcount:          1
{ common_pid: mc-worker       [    147376], ret:         75 } hitcount:          1
{ common_pid: mc-worker       [    147375], ret:         77 } hitcount:          1
{ common_pid: mc-worker       [    147381], ret:         97 } hitcount:          1
{ common_pid: mc-worker       [    147378], ret:        117 } hitcount:          1
{ common_pid: mc-worker       [    147380], ret:         72 } hitcount:          1
{ common_pid: mc-worker       [    147375], ret:        256 } hitcount:          1
{ common_pid: mc-worker       [    147380], ret:        101 } hitcount:          1
{ common_pid: mc-worker       [    147379], ret:         67 } hitcount:          1
{ common_pid: mc-worker       [    147377], ret:         96 } hitcount:          1
{ common_pid: mc-worker       [    147376], ret:         91 } hitcount:          1
{ common_pid: mc-worker       [    147376], ret:        110 } hitcount:          1
{ common_pid: mc-worker       [    147377], ret:         75 } hitcount:          1
{ common_pid: mc-worker       [    147382], ret:         77 } hitcount:          1
{ common_pid: mc-worker       [    147376], ret:         97 } hitcount:          1
{ common_pid: mc-worker       [    147378], ret:         83 } hitcount:          1
{ common_pid: mc-worker       [    147381], ret:        118 } hitcount:          1
{ common_pid: mc-worker       [    147375], ret:         97 } hitcount:          1
{ common_pid: mc-worker       [    147378], ret:        116 } hitcount:          1
{ common_pid: mc-worker       [    147380], ret:         75 } hitcount:          1
{ common_pid: mc-worker       [    147375], ret:         98 } hitcount:          1
{ common_pid: mc-worker       [    147381], ret:         65 } hitcount:          2
{ common_pid: mc-worker       [    147381], ret:         66 } hitcount:          2
{ common_pid: mc-worker       [    147380], ret:        126 } hitcount:          2
{ common_pid: mc-worker       [    147375], ret:         70 } hitcount:          2
{ common_pid: mc-worker       [    147378], ret:         73 } hitcount:          2
{ common_pid: mc-worker       [    147376], ret:         73 } hitcount:          2
{ common_pid: mc-worker       [    147381], ret:        128 } hitcount:          2
{ common_pid: mc-worker       [    147382], ret:         74 } hitcount:          2
{ common_pid: mc-worker       [    147377], ret:         74 } hitcount:          2
{ common_pid: mc-worker       [    147378], ret:         91 } hitcount:          2
{ common_pid: mc-worker       [    147379], ret:         63 } hitcount:          2
{ common_pid: mc-worker       [    147382], ret:         68 } hitcount:          2
{ common_pid: mc-worker       [    147377], ret:         70 } hitcount:          2
{ common_pid: mc-worker       [    147378], ret:         68 } hitcount:          2
{ common_pid: mc-worker       [    147376], ret:         74 } hitcount:          2
{ common_pid: mc-worker       [    147377], ret:         71 } hitcount:          2
{ common_pid: mc-worker       [    147380], ret:         68 } hitcount:          3
{ common_pid: mc-worker       [    147377], ret:         72 } hitcount:          3
{ common_pid: mc-worker       [    147379], ret:         74 } hitcount:          3
{ common_pid: mc-worker       [    147381], ret:         62 } hitcount:          3
{ common_pid: mc-worker       [    147377], ret:         66 } hitcount:          3
{ common_pid: mc-worker       [    147378], ret:         79 } hitcount:          3
{ common_pid: mc-worker       [    147378], ret:         71 } hitcount:          3
{ common_pid: mc-worker       [    147380], ret:         60 } hitcount:          3
{ common_pid: mc-worker       [    147376], ret:         67 } hitcount:          3
{ common_pid: mc-worker       [    147379], ret:         69 } hitcount:          3
{ common_pid: mc-worker       [    147379], ret:         72 } hitcount:          3
{ common_pid: mc-worker       [    147381], ret:         61 } hitcount:          3
{ common_pid: mc-worker       [    147381], ret:         57 } hitcount:          3
{ common_pid: mc-worker       [    147382], ret:         66 } hitcount:          3
{ common_pid: mc-worker       [    147380], ret:         65 } hitcount:          3
{ common_pid: mc-worker       [    147375], ret:         72 } hitcount:          3
{ common_pid: mc-worker       [    147381], ret:         58 } hitcount:          4
{ common_pid: mc-worker       [    147377], ret:         67 } hitcount:          4
{ common_pid: mc-worker       [    147381], ret:         60 } hitcount:          4
{ common_pid: mc-worker       [    147382], ret:         65 } hitcount:          4
{ common_pid: mc-worker       [    147380], ret:         59 } hitcount:          4
{ common_pid: mc-worker       [    147376], ret:         65 } hitcount:          4
{ common_pid: mc-worker       [    147376], ret:         64 } hitcount:          4
{ common_pid: mc-worker       [    147379], ret:         60 } hitcount:          4
{ common_pid: mc-worker       [    147378], ret:         72 } hitcount:          4
{ common_pid: mc-worker       [    147379], ret:         62 } hitcount:          4
{ common_pid: mc-worker       [    147377], ret:         69 } hitcount:          4
{ common_pid: mc-worker       [    147375], ret:         68 } hitcount:          4
{ common_pid: mc-worker       [    147376], ret:         60 } hitcount:          4
{ common_pid: mc-worker       [    147380], ret:         66 } hitcount:          4
{ common_pid: mc-worker       [    147380], ret:         67 } hitcount:          4
{ common_pid: mc-worker       [    147375], ret:         73 } hitcount:          4
{ common_pid: mc-worker       [    147375], ret:         69 } hitcount:          5
{ common_pid: mc-worker       [    147382], ret:         62 } hitcount:          5
{ common_pid: mc-worker       [    147377], ret:         68 } hitcount:          5
{ common_pid: mc-worker       [    147381], ret:         64 } hitcount:          5
{ common_pid: mc-worker       [    147376], ret:         62 } hitcount:          5
{ common_pid: mc-worker       [    147380], ret:         58 } hitcount:          5
{ common_pid: mc-worker       [    147376], ret:         58 } hitcount:          5
{ common_pid: mc-worker       [    147380], ret:         57 } hitcount:          5
{ common_pid: mc-worker       [    147379], ret:         66 } hitcount:          6
{ common_pid: mc-worker       [    147375], ret:         66 } hitcount:          6
{ common_pid: mc-worker       [    147376], ret:         55 } hitcount:          6
{ common_pid: mc-worker       [    147378], ret:         66 } hitcount:          6
{ common_pid: mc-worker       [    147379], ret:         58 } hitcount:          6
{ common_pid: mc-worker       [    147376], ret:         63 } hitcount:          6
{ common_pid: mc-worker       [    147382], ret:         60 } hitcount:          6
{ common_pid: mc-worker       [    147377], ret:         63 } hitcount:          7
{ common_pid: mc-worker       [    147381], ret:         54 } hitcount:          7
{ common_pid: mc-worker       [    147376], ret:         59 } hitcount:          7
{ common_pid: mc-worker       [    147382], ret:         63 } hitcount:          7
{ common_pid: mc-worker       [    147379], ret:         64 } hitcount:          7
{ common_pid: mc-worker       [    147378], ret:         67 } hitcount:          7
{ common_pid: mc-worker       [    147379], ret:         65 } hitcount:          7
{ common_pid: mc-worker       [    147381], ret:         56 } hitcount:          7
{ common_pid: mc-worker       [    147381], ret:         59 } hitcount:          7
{ common_pid: mc-worker       [    147380], ret:         64 } hitcount:          8
{ common_pid: mc-worker       [    147378], ret:         64 } hitcount:          8
{ common_pid: mc-worker       [    147382], ret:         61 } hitcount:          8
{ common_pid: mc-worker       [    147382], ret:         64 } hitcount:          8
{ common_pid: mc-worker       [    147379], ret:         59 } hitcount:          8
{ common_pid: mc-worker       [    147379], ret:         57 } hitcount:          8
{ common_pid: mc-worker       [    147379], ret:         56 } hitcount:          8
{ common_pid: mc-worker       [    147382], ret:         56 } hitcount:          9
{ common_pid: mc-worker       [    147376], ret:         61 } hitcount:          9
{ common_pid: mc-worker       [    147381], ret:         55 } hitcount:          9
{ common_pid: mc-worker       [    147382], ret:         57 } hitcount:         10
{ common_pid: mc-worker       [    147382], ret:         59 } hitcount:         10
{ common_pid: mc-worker       [    147379], ret:         61 } hitcount:         10
{ common_pid: mc-worker       [    147376], ret:         57 } hitcount:         10
{ common_pid: mc-worker       [    147376], ret:         56 } hitcount:         10
{ common_pid: mc-worker       [    147375], ret:         65 } hitcount:         11
{ common_pid: mc-worker       [    147375], ret:         67 } hitcount:         11
{ common_pid: mc-worker       [    147380], ret:         55 } hitcount:         11
{ common_pid: mc-worker       [    147377], ret:         65 } hitcount:         11
{ common_pid: mc-worker       [    147380], ret:         56 } hitcount:         11
{ common_pid: mc-worker       [    147378], ret:         63 } hitcount:         11
{ common_pid: mc-worker       [    147382], ret:         58 } hitcount:         11
{ common_pid: mc-worker       [    147379], ret:         55 } hitcount:         12
{ common_pid: mc-worker       [    147380], ret:         62 } hitcount:         12
{ common_pid: mc-worker       [    147375], ret:         64 } hitcount:         13
{ common_pid: mc-worker       [    147381], ret:         53 } hitcount:         13
{ common_pid: mc-worker       [    147380], ret:         61 } hitcount:         13
{ common_pid: mc-worker       [    147380], ret:         54 } hitcount:         13
{ common_pid: mc-worker       [    147382], ret:         55 } hitcount:         13
{ common_pid: mc-worker       [    147377], ret:         64 } hitcount:         13
{ common_pid: mc-worker       [    147378], ret:         65 } hitcount:         14
{ common_pid: mc-worker       [    147378], ret:         62 } hitcount:         14
{ common_pid: mc-worker       [    147375], ret:         61 } hitcount:         14
{ common_pid: mc-worker       [    147378], ret:         59 } hitcount:         14
{ common_pid: mc-worker       [    147375], ret:         63 } hitcount:         15
{ common_pid: mc-worker       [    147378], ret:         61 } hitcount:         15
{ common_pid: mc-worker       [    147377], ret:         60 } hitcount:         15
{ common_pid: mc-worker       [    147381], ret:         52 } hitcount:         16
{ common_pid: mc-worker       [    147375], ret:         60 } hitcount:         16
{ common_pid: mc-worker       [    147378], ret:         60 } hitcount:         16
{ common_pid: mc-worker       [    147381], ret:         50 } hitcount:         17
{ common_pid: mc-worker       [    147377], ret:         61 } hitcount:         17
{ common_pid: mc-worker       [    147377], ret:         62 } hitcount:         18
{ common_pid: mc-worker       [    147375], ret:         59 } hitcount:         18
{ common_pid: mc-worker       [    147381], ret:         51 } hitcount:         18
{ common_pid: mc-worker       [    147379], ret:         54 } hitcount:         18
{ common_pid: mc-worker       [    147380], ret:         53 } hitcount:         18
{ common_pid: mc-worker       [    147382], ret:         54 } hitcount:         19
{ common_pid: mc-worker       [    147375], ret:         58 } hitcount:         20
{ common_pid: mc-worker       [    147376], ret:         54 } hitcount:         20
{ common_pid: mc-worker       [    147378], ret:         57 } hitcount:         20
{ common_pid: mc-worker       [    147375], ret:         62 } hitcount:         21
{ common_pid: mc-worker       [    147377], ret:         58 } hitcount:         22
{ common_pid: mc-worker       [    147375], ret:         57 } hitcount:         22
{ common_pid: mc-worker       [    147380], ret:         52 } hitcount:         23
{ common_pid: mc-worker       [    147376], ret:         53 } hitcount:         25
{ common_pid: mc-worker       [    147378], ret:         56 } hitcount:         25
{ common_pid: mc-worker       [    147378], ret:         55 } hitcount:         27
{ common_pid: mc-worker       [    147379], ret:         53 } hitcount:         27
{ common_pid: mc-worker       [    147378], ret:         58 } hitcount:         27
{ common_pid: mc-worker       [    147376], ret:         52 } hitcount:         27
{ common_pid: mc-worker       [    147378], ret:         53 } hitcount:         28
{ common_pid: mc-worker       [    147377], ret:         57 } hitcount:         28
{ common_pid: mc-worker       [    147376], ret:         51 } hitcount:         29
{ common_pid: mc-worker       [    147380], ret:         51 } hitcount:         30
{ common_pid: mc-worker       [    147381], ret:         49 } hitcount:         30
{ common_pid: mc-worker       [    147382], ret:         53 } hitcount:         30
{ common_pid: mc-worker       [    147378], ret:         54 } hitcount:         32
{ common_pid: mc-worker       [    147379], ret:         52 } hitcount:         32
{ common_pid: mc-worker       [    147377], ret:         59 } hitcount:         32
{ common_pid: mc-worker       [    147375], ret:         55 } hitcount:         33
{ common_pid: mc-worker       [    147379], ret:         51 } hitcount:         33
{ common_pid: mc-worker       [    147382], ret:         52 } hitcount:         35
{ common_pid: mc-worker       [    147381], ret:         48 } hitcount:         36
{ common_pid: mc-worker       [    147375], ret:         56 } hitcount:         36
{ common_pid: mc-worker       [    147376], ret:         49 } hitcount:         37
{ common_pid: mc-worker       [    147377], ret:         56 } hitcount:         38
{ common_pid: mc-worker       [    147377], ret:         55 } hitcount:         40
{ common_pid: mc-worker       [    147380], ret:         50 } hitcount:         43
{ common_pid: mc-worker       [    147375], ret:         54 } hitcount:         45
{ common_pid: mc-worker       [    147378], ret:         52 } hitcount:         46
{ common_pid: mc-worker       [    147376], ret:         50 } hitcount:         50
{ common_pid: mc-worker       [    147375], ret:         53 } hitcount:         51
{ common_pid: mc-worker       [    147378], ret:         51 } hitcount:         51
{ common_pid: mc-worker       [    147377], ret:         54 } hitcount:         51
{ common_pid: mc-worker       [    147379], ret:         49 } hitcount:         53
{ common_pid: mc-worker       [    147382], ret:         50 } hitcount:         55
{ common_pid: mc-worker       [    147380], ret:         49 } hitcount:         56
{ common_pid: mc-worker       [    147377], ret:         53 } hitcount:         56
{ common_pid: mc-worker       [    147379], ret:         50 } hitcount:         59
{ common_pid: mc-worker       [    147382], ret:         51 } hitcount:         60
{ common_pid: mc-worker       [    147376], ret:         48 } hitcount:         62
{ common_pid: mc-worker       [    147375], ret:         52 } hitcount:         63
{ common_pid: mc-worker       [    147380], ret:         48 } hitcount:         67
{ common_pid: mc-worker       [    147381], ret:         47 } hitcount:         67
{ common_pid: mc-worker       [    147378], ret:         50 } hitcount:         75
{ common_pid: mc-worker       [    147381], ret:         46 } hitcount:         82
{ common_pid: mc-worker       [    147382], ret:         49 } hitcount:         85
{ common_pid: mc-worker       [    147377], ret:         52 } hitcount:         88
{ common_pid: mc-worker       [    147376], ret:         47 } hitcount:         94
{ common_pid: mc-worker       [    147375], ret:         51 } hitcount:         95
{ common_pid: mc-worker       [    147380], ret:         47 } hitcount:         97
{ common_pid: mc-worker       [    147377], ret:         51 } hitcount:        100
{ common_pid: mc-worker       [    147382], ret:         48 } hitcount:        102
{ common_pid: mc-worker       [    147375], ret:         50 } hitcount:        105
{ common_pid: mc-worker       [    147381], ret:         45 } hitcount:        111
{ common_pid: mc-worker       [    147375], ret:         49 } hitcount:        112
{ common_pid: mc-worker       [    147378], ret:         49 } hitcount:        114
{ common_pid: mc-worker       [    147379], ret:         47 } hitcount:        117
{ common_pid: mc-worker       [    147379], ret:         48 } hitcount:        120
{ common_pid: mc-worker       [    147380], ret:         46 } hitcount:        126
{ common_pid: mc-worker       [    147378], ret:         48 } hitcount:        131
{ common_pid: mc-worker       [    147382], ret:         47 } hitcount:        133
{ common_pid: mc-worker       [    147381], ret:         44 } hitcount:        138
{ common_pid: mc-worker       [    147377], ret:         50 } hitcount:        145
{ common_pid: mc-worker       [    147379], ret:         46 } hitcount:        145
{ common_pid: mc-worker       [    147376], ret:         46 } hitcount:        146
{ common_pid: mc-worker       [    147375], ret:         48 } hitcount:        149
{ common_pid: mc-worker       [    147378], ret:         47 } hitcount:        164
{ common_pid: mc-worker       [    147376], ret:         45 } hitcount:        168
{ common_pid: mc-worker       [    147377], ret:         49 } hitcount:        169
{ common_pid: mc-worker       [    147380], ret:         45 } hitcount:        174
{ common_pid: mc-worker       [    147382], ret:         46 } hitcount:        186
{ common_pid: mc-worker       [    147375], ret:         47 } hitcount:        217
{ common_pid: mc-worker       [    147378], ret:         46 } hitcount:        217
{ common_pid: mc-worker       [    147379], ret:         45 } hitcount:        217
{ common_pid: mc-worker       [    147375], ret:         46 } hitcount:        229
{ common_pid: mc-worker       [    147380], ret:         44 } hitcount:        229
{ common_pid: mc-worker       [    147377], ret:         48 } hitcount:        229
{ common_pid: mc-worker       [    147382], ret:         45 } hitcount:        233
{ common_pid: mc-worker       [    147381], ret:         42 } hitcount:        244
{ common_pid: mc-worker       [    147376], ret:         44 } hitcount:        246
{ common_pid: mc-worker       [    147381], ret:         43 } hitcount:        249
{ common_pid: mc-worker       [    147377], ret:         47 } hitcount:        271
{ common_pid: mc-worker       [    147379], ret:         44 } hitcount:        283
{ common_pid: mc-worker       [    147382], ret:         44 } hitcount:        296
{ common_pid: mc-worker       [    147378], ret:         45 } hitcount:        297
{ common_pid: mc-worker       [    147380], ret:         43 } hitcount:        325
{ common_pid: mc-worker       [    147377], ret:         46 } hitcount:        340
{ common_pid: mc-worker       [    147376], ret:         43 } hitcount:        346
{ common_pid: mc-worker       [    147375], ret:         45 } hitcount:        349
{ common_pid: mc-worker       [    147378], ret:         44 } hitcount:        352
{ common_pid: mc-worker       [    147379], ret:         43 } hitcount:        368
{ common_pid: mc-worker       [    147381], ret:         41 } hitcount:        374
{ common_pid: mc-worker       [    147377], ret:         45 } hitcount:        381
{ common_pid: mc-worker       [    147375], ret:         44 } hitcount:        382
{ common_pid: mc-worker       [    147382], ret:         43 } hitcount:        410
{ common_pid: mc-worker       [    147376], ret:         42 } hitcount:        435
{ common_pid: mc-worker       [    147381], ret:         40 } hitcount:        438
{ common_pid: mc-worker       [    147380], ret:         42 } hitcount:        443
{ common_pid: mc-worker       [    147379], ret:         42 } hitcount:        452
{ common_pid: mc-worker       [    147378], ret:         43 } hitcount:        462
{ common_pid: mc-worker       [    147380], ret:         41 } hitcount:        470
{ common_pid: mc-worker       [    147376], ret:         41 } hitcount:        495
{ common_pid: mc-worker       [    147377], ret:         44 } hitcount:        523
{ common_pid: mc-worker       [    147382], ret:         42 } hitcount:        530
{ common_pid: mc-worker       [    147375], ret:         43 } hitcount:        552
{ common_pid: mc-worker       [    147379], ret:         41 } hitcount:        562
{ common_pid: mc-worker       [    147381], ret:         39 } hitcount:        575
{ common_pid: mc-worker       [    147378], ret:         42 } hitcount:        586
{ common_pid: mc-worker       [    147382], ret:         41 } hitcount:        595
{ common_pid: mc-worker       [    147375], ret:         42 } hitcount:        608
{ common_pid: mc-worker       [    147377], ret:         43 } hitcount:        626
{ common_pid: mc-worker       [    147380], ret:         40 } hitcount:        646
{ common_pid: mc-worker       [    147378], ret:         41 } hitcount:        658
{ common_pid: mc-worker       [    147376], ret:         40 } hitcount:        660
{ common_pid: mc-worker       [    147375], ret:         41 } hitcount:        684
{ common_pid: mc-worker       [    147379], ret:         40 } hitcount:        712
{ common_pid: mc-worker       [    147381], ret:         38 } hitcount:        713
{ common_pid: mc-worker       [    147377], ret:         42 } hitcount:        751
{ common_pid: mc-worker       [    147382], ret:         40 } hitcount:        756
{ common_pid: mc-worker       [    147378], ret:         40 } hitcount:        761
{ common_pid: mc-worker       [    147380], ret:         39 } hitcount:        820
{ common_pid: mc-worker       [    147379], ret:         39 } hitcount:        827
{ common_pid: mc-worker       [    147376], ret:         39 } hitcount:        832
{ common_pid: mc-worker       [    147375], ret:         40 } hitcount:        885
{ common_pid: mc-worker       [    147377], ret:         41 } hitcount:        893
{ common_pid: mc-worker       [    147382], ret:         39 } hitcount:        897
{ common_pid: mc-worker       [    147381], ret:         37 } hitcount:        983
{ common_pid: mc-worker       [    147380], ret:         38 } hitcount:        996
{ common_pid: mc-worker       [    147378], ret:         39 } hitcount:        999
{ common_pid: mc-worker       [    147376], ret:         38 } hitcount:       1021
{ common_pid: mc-worker       [    147375], ret:         39 } hitcount:       1044
{ common_pid: mc-worker       [    147377], ret:         40 } hitcount:       1061
{ common_pid: mc-worker       [    147382], ret:         38 } hitcount:       1069
{ common_pid: mc-worker       [    147379], ret:         38 } hitcount:       1122
{ common_pid: mc-worker       [    147381], ret:         36 } hitcount:       1151
{ common_pid: mc-worker       [    147378], ret:         38 } hitcount:       1170
{ common_pid: mc-worker       [    147377], ret:         39 } hitcount:       1198
{ common_pid: mc-worker       [    147376], ret:         37 } hitcount:       1209
{ common_pid: mc-worker       [    147380], ret:         37 } hitcount:       1211
{ common_pid: mc-worker       [    147375], ret:         38 } hitcount:       1288
{ common_pid: mc-worker       [    147379], ret:         37 } hitcount:       1324
{ common_pid: mc-worker       [    147382], ret:         37 } hitcount:       1353
{ common_pid: mc-worker       [    147378], ret:         37 } hitcount:       1397
{ common_pid: mc-worker       [    147381], ret:         35 } hitcount:       1420
{ common_pid: mc-worker       [    147377], ret:         38 } hitcount:       1448
{ common_pid: mc-worker       [    147380], ret:         36 } hitcount:       1476
{ common_pid: mc-worker       [    147376], ret:         36 } hitcount:       1497
{ common_pid: mc-worker       [    147375], ret:         37 } hitcount:       1535
{ common_pid: mc-worker       [    147379], ret:         36 } hitcount:       1554
{ common_pid: mc-worker       [    147378], ret:         36 } hitcount:       1602
{ common_pid: mc-worker       [    147382], ret:         36 } hitcount:       1656
{ common_pid: mc-worker       [    147377], ret:         37 } hitcount:       1686
{ common_pid: mc-worker       [    147381], ret:         34 } hitcount:       1691
{ common_pid: mc-worker       [    147376], ret:         35 } hitcount:       1707
{ common_pid: mc-worker       [    147380], ret:         35 } hitcount:       1715
{ common_pid: mc-worker       [    147379], ret:         35 } hitcount:       1820
{ common_pid: mc-worker       [    147375], ret:         36 } hitcount:       1826
{ common_pid: mc-worker       [    147378], ret:         35 } hitcount:       1873
{ common_pid: mc-worker       [    147381], ret:         33 } hitcount:       1927
{ common_pid: mc-worker       [    147377], ret:         36 } hitcount:       1948
{ common_pid: mc-worker       [    147375], ret:         35 } hitcount:       1949
{ common_pid: mc-worker       [    147382], ret:         35 } hitcount:       1952
{ common_pid: mc-worker       [    147376], ret:         34 } hitcount:       2011
{ common_pid: mc-worker       [    147379], ret:         34 } hitcount:       2061
{ common_pid: mc-worker       [    147380], ret:         34 } hitcount:       2071
{ common_pid: mc-worker       [    147378], ret:         34 } hitcount:       2079
{ common_pid: mc-worker       [    147382], ret:         34 } hitcount:       2164
{ common_pid: mc-worker       [    147381], ret:         32 } hitcount:       2180
{ common_pid: mc-worker       [    147377], ret:         35 } hitcount:       2207
{ common_pid: mc-worker       [    147375], ret:         34 } hitcount:       2209
{ common_pid: mc-worker       [    147380], ret:         33 } hitcount:       2243
{ common_pid: mc-worker       [    147376], ret:         33 } hitcount:       2251
{ common_pid: mc-worker       [    147379], ret:         33 } hitcount:       2305
{ common_pid: mc-worker       [    147382], ret:         33 } hitcount:       2348
{ common_pid: mc-worker       [    147378], ret:         33 } hitcount:       2352
{ common_pid: mc-worker       [    147377], ret:         34 } hitcount:       2421
{ common_pid: mc-worker       [    147380], ret:         32 } hitcount:       2438
{ common_pid: mc-worker       [    147379], ret:         32 } hitcount:       2447
{ common_pid: mc-worker       [    147382], ret:         32 } hitcount:       2449
{ common_pid: mc-worker       [    147381], ret:         31 } hitcount:       2452
{ common_pid: mc-worker       [    147378], ret:         32 } hitcount:       2458
{ common_pid: mc-worker       [    147375], ret:         33 } hitcount:       2500
{ common_pid: mc-worker       [    147376], ret:         32 } hitcount:       2501
{ common_pid: mc-worker       [    147377], ret:         33 } hitcount:       2596
{ common_pid: mc-worker       [    147375], ret:         32 } hitcount:       2620
{ common_pid: mc-worker       [    147377], ret:         32 } hitcount:       2667
{ common_pid: mc-worker       [    147376], ret:         31 } hitcount:       2685
{ common_pid: mc-worker       [    147379], ret:         31 } hitcount:       2687
{ common_pid: mc-worker       [    147380], ret:         31 } hitcount:       2700
{ common_pid: mc-worker       [    147381], ret:         30 } hitcount:       2789
{ common_pid: mc-worker       [    147382], ret:         31 } hitcount:       2803
{ common_pid: mc-worker       [    147378], ret:         31 } hitcount:       2856
{ common_pid: mc-worker       [    147377], ret:         31 } hitcount:       2879
{ common_pid: mc-worker       [    147376], ret:         30 } hitcount:       2915
{ common_pid: mc-worker       [    147375], ret:         31 } hitcount:       2934
{ common_pid: mc-worker       [    147379], ret:         30 } hitcount:       3025
{ common_pid: mc-worker       [    147380], ret:         30 } hitcount:       3025
{ common_pid: mc-worker       [    147378], ret:         30 } hitcount:       3033
{ common_pid: mc-worker       [    147382], ret:         30 } hitcount:       3036
{ common_pid: mc-worker       [    147375], ret:         30 } hitcount:       3090
{ common_pid: mc-worker       [    147378], ret:         29 } hitcount:       3157
{ common_pid: mc-worker       [    147381], ret:         29 } hitcount:       3181
{ common_pid: mc-worker       [    147377], ret:         30 } hitcount:       3185
{ common_pid: mc-worker       [    147376], ret:         29 } hitcount:       3226
{ common_pid: mc-worker       [    147382], ret:         29 } hitcount:       3261
{ common_pid: mc-worker       [    147375], ret:         29 } hitcount:       3280
{ common_pid: mc-worker       [    147377], ret:         29 } hitcount:       3302
{ common_pid: mc-worker       [    147381], ret:         28 } hitcount:       3313
{ common_pid: mc-worker       [    147380], ret:         29 } hitcount:       3317
{ common_pid: mc-worker       [    147382], ret:         28 } hitcount:       3360
{ common_pid: mc-worker       [    147375], ret:         28 } hitcount:       3382
{ common_pid: mc-worker       [    147380], ret:         28 } hitcount:       3397
{ common_pid: mc-worker       [    147379], ret:         29 } hitcount:       3403
{ common_pid: mc-worker       [    147377], ret:         28 } hitcount:       3429
{ common_pid: mc-worker       [    147378], ret:         28 } hitcount:       3497
{ common_pid: mc-worker       [    147379], ret:         28 } hitcount:       3509
{ common_pid: mc-worker       [    147382], ret:         26 } hitcount:       3581
{ common_pid: mc-worker       [    147379], ret:         27 } hitcount:       3585
{ common_pid: mc-worker       [    147377], ret:         27 } hitcount:       3594
{ common_pid: mc-worker       [    147376], ret:         28 } hitcount:       3595
{ common_pid: mc-worker       [    147382], ret:         27 } hitcount:       3637
{ common_pid: mc-worker       [    147381], ret:         27 } hitcount:       3643
{ common_pid: mc-worker       [    147380], ret:         27 } hitcount:       3644
{ common_pid: mc-worker       [    147375], ret:         27 } hitcount:       3660
{ common_pid: mc-worker       [    147378], ret:         26 } hitcount:       3661
{ common_pid: mc-worker       [    147378], ret:         27 } hitcount:       3663
{ common_pid: mc-worker       [    147380], ret:         26 } hitcount:       3686
{ common_pid: mc-worker       [    147377], ret:         26 } hitcount:       3700
{ common_pid: mc-worker       [    147382], ret:         25 } hitcount:       3701
{ common_pid: mc-worker       [    147376], ret:         26 } hitcount:       3702
{ common_pid: mc-worker       [    147379], ret:         26 } hitcount:       3740
{ common_pid: mc-worker       [    147376], ret:         27 } hitcount:       3781
{ common_pid: mc-worker       [    147376], ret:         25 } hitcount:       3810
{ common_pid: mc-worker       [    147375], ret:         25 } hitcount:       3838
{ common_pid: mc-worker       [    147375], ret:         26 } hitcount:       3840
{ common_pid: mc-worker       [    147380], ret:         25 } hitcount:       3854
{ common_pid: mc-worker       [    147377], ret:         25 } hitcount:       3859
{ common_pid: mc-worker       [    147381], ret:         26 } hitcount:       3860
{ common_pid: mc-worker       [    147379], ret:         25 } hitcount:       3864
{ common_pid: mc-worker       [    147376], ret:         24 } hitcount:       3897
{ common_pid: mc-worker       [    147381], ret:         25 } hitcount:       3900
{ common_pid: mc-worker       [    147378], ret:         25 } hitcount:       3930
{ common_pid: mc-worker       [    147378], ret:         24 } hitcount:       3973
{ common_pid: mc-worker       [    147382], ret:         24 } hitcount:       3974
{ common_pid: mc-worker       [    147380], ret:         24 } hitcount:       3988
{ common_pid: mc-worker       [    147380], ret:         23 } hitcount:       4028
{ common_pid: mc-worker       [    147376], ret:         23 } hitcount:       4035
{ common_pid: mc-worker       [    147377], ret:         24 } hitcount:       4056
{ common_pid: mc-worker       [    147375], ret:         24 } hitcount:       4088
{ common_pid: mc-worker       [    147381], ret:         24 } hitcount:       4102
{ common_pid: mc-worker       [    147382], ret:         23 } hitcount:       4146
{ common_pid: mc-worker       [    147379], ret:         24 } hitcount:       4147
{ common_pid: mc-worker       [    147377], ret:         23 } hitcount:       4212
{ common_pid: mc-worker       [    147380], ret:         22 } hitcount:       4224
{ common_pid: mc-worker       [    147381], ret:         23 } hitcount:       4238
{ common_pid: mc-worker       [    147379], ret:         23 } hitcount:       4297
{ common_pid: mc-worker       [    147376], ret:         22 } hitcount:       4345
{ common_pid: mc-worker       [    147382], ret:         22 } hitcount:       4444
{ common_pid: mc-worker       [    147377], ret:         22 } hitcount:       4447
{ common_pid: mc-worker       [    147378], ret:         23 } hitcount:       4459
{ common_pid: mc-worker       [    147375], ret:         23 } hitcount:       4474
{ common_pid: mc-worker       [    147380], ret:         21 } hitcount:       4492
{ common_pid: mc-worker       [    147376], ret:         21 } hitcount:       4522
{ common_pid: mc-worker       [    147381], ret:         22 } hitcount:       4524
{ common_pid: mc-worker       [    147378], ret:         22 } hitcount:       4576
{ common_pid: mc-worker       [    147375], ret:         22 } hitcount:       4611
{ common_pid: mc-worker       [    147379], ret:         22 } hitcount:       4616
{ common_pid: mc-worker       [    147381], ret:         21 } hitcount:       4646
{ common_pid: mc-worker       [    147382], ret:         21 } hitcount:       4693
{ common_pid: mc-worker       [    147376], ret:         20 } hitcount:       4695
{ common_pid: mc-worker       [    147377], ret:         21 } hitcount:       4702
{ common_pid: mc-worker       [    147378], ret:         21 } hitcount:       4800
{ common_pid: mc-worker       [    147380], ret:         20 } hitcount:       4808
{ common_pid: mc-worker       [    147379], ret:         21 } hitcount:       4859
{ common_pid: mc-worker       [    147381], ret:         20 } hitcount:       4899
{ common_pid: mc-worker       [    147375], ret:         21 } hitcount:       4908
{ common_pid: mc-worker       [    147382], ret:         20 } hitcount:       4917
{ common_pid: mc-worker       [    147377], ret:         20 } hitcount:       4987
{ common_pid: mc-worker       [    147380], ret:         19 } hitcount:       5035
{ common_pid: mc-worker       [    147379], ret:         20 } hitcount:       5077
{ common_pid: mc-worker       [    147381], ret:         19 } hitcount:       5122
{ common_pid: mc-worker       [    147378], ret:         20 } hitcount:       5146
{ common_pid: mc-worker       [    147377], ret:         19 } hitcount:       5147
{ common_pid: mc-worker       [    147376], ret:         19 } hitcount:       5161
{ common_pid: mc-worker       [    147382], ret:         19 } hitcount:       5163
{ common_pid: mc-worker       [    147375], ret:         20 } hitcount:       5287
{ common_pid: mc-worker       [    147379], ret:         19 } hitcount:       5361
{ common_pid: mc-worker       [    147378], ret:         19 } hitcount:       5420
{ common_pid: mc-worker       [    147380], ret:         18 } hitcount:       5431
{ common_pid: mc-worker       [    147376], ret:         18 } hitcount:       5453
{ common_pid: mc-worker       [    147382], ret:         18 } hitcount:       5454
{ common_pid: mc-worker       [    147375], ret:         19 } hitcount:       5621
{ common_pid: mc-worker       [    147381], ret:         18 } hitcount:       5676
{ common_pid: mc-worker       [    147377], ret:         18 } hitcount:       5700
{ common_pid: mc-worker       [    147380], ret:         17 } hitcount:       5712
{ common_pid: mc-worker       [    147379], ret:         18 } hitcount:       5770
{ common_pid: mc-worker       [    147378], ret:         18 } hitcount:       5800
{ common_pid: mc-worker       [    147382], ret:         17 } hitcount:       5912
{ common_pid: mc-worker       [    147375], ret:         18 } hitcount:       5941
{ common_pid: mc-worker       [    147376], ret:         17 } hitcount:       6001
{ common_pid: mc-worker       [    147381], ret:         17 } hitcount:       6096
{ common_pid: mc-worker       [    147377], ret:         17 } hitcount:       6148
{ common_pid: mc-worker       [    147378], ret:         17 } hitcount:       6285
{ common_pid: mc-worker       [    147380], ret:         16 } hitcount:       6327
{ common_pid: mc-worker       [    147379], ret:         17 } hitcount:       6328
{ common_pid: mc-worker       [    147376], ret:         16 } hitcount:       6394
{ common_pid: mc-worker       [    147375], ret:         17 } hitcount:       6397
{ common_pid: mc-worker       [    147381], ret:         16 } hitcount:       6524
{ common_pid: mc-worker       [    147382], ret:         16 } hitcount:       6570
{ common_pid: mc-worker       [    147379], ret:         16 } hitcount:       6692
{ common_pid: mc-worker       [    147377], ret:         16 } hitcount:       6801
{ common_pid: mc-worker       [    147378], ret:         16 } hitcount:       6802
{ common_pid: mc-worker       [    147376], ret:         15 } hitcount:       6945
{ common_pid: mc-worker       [    147380], ret:         15 } hitcount:       6953
{ common_pid: mc-worker       [    147381], ret:         15 } hitcount:       7047
{ common_pid: mc-worker       [    147375], ret:         16 } hitcount:       7097
{ common_pid: mc-worker       [    147382], ret:         15 } hitcount:       7108
{ common_pid: mc-worker       [    147377], ret:         15 } hitcount:       7323
{ common_pid: mc-worker       [    147378], ret:         15 } hitcount:       7395
{ common_pid: mc-worker       [    147379], ret:         15 } hitcount:       7414
{ common_pid: mc-worker       [    147375], ret:         15 } hitcount:       7534
{ common_pid: mc-worker       [    147376], ret:         14 } hitcount:       7573
{ common_pid: mc-worker       [    147380], ret:         14 } hitcount:       7581
{ common_pid: mc-worker       [    147381], ret:         14 } hitcount:       7647
{ common_pid: mc-worker       [    147382], ret:         14 } hitcount:       7684
{ common_pid: mc-worker       [    147377], ret:         14 } hitcount:       7956
{ common_pid: mc-worker       [    147379], ret:         14 } hitcount:       8018
{ common_pid: mc-worker       [    147378], ret:         14 } hitcount:       8073
{ common_pid: mc-worker       [    147375], ret:         14 } hitcount:       8170
{ common_pid: mc-worker       [    147376], ret:         13 } hitcount:       8270
{ common_pid: mc-worker       [    147382], ret:         13 } hitcount:       8342
{ common_pid: mc-worker       [    147380], ret:         13 } hitcount:       8359
{ common_pid: mc-worker       [    147381], ret:         13 } hitcount:       8485
{ common_pid: mc-worker       [    147377], ret:         13 } hitcount:       8708
{ common_pid: mc-worker       [    147379], ret:         13 } hitcount:       8778
{ common_pid: mc-worker       [    147378], ret:         13 } hitcount:       8804
{ common_pid: mc-worker       [    147375], ret:         13 } hitcount:       8928
{ common_pid: mc-worker       [    147376], ret:         12 } hitcount:       8989
{ common_pid: mc-worker       [    147380], ret:         12 } hitcount:       9059
{ common_pid: mc-worker       [    147381], ret:         12 } hitcount:       9302
{ common_pid: mc-worker       [    147382], ret:         12 } hitcount:       9340
{ common_pid: mc-worker       [    147379], ret:         12 } hitcount:       9453
{ common_pid: mc-worker       [    147377], ret:         12 } hitcount:       9536
{ common_pid: mc-worker       [    147378], ret:         12 } hitcount:       9566
{ common_pid: mc-worker       [    147375], ret:         12 } hitcount:       9905
{ common_pid: mc-worker       [    147380], ret:         11 } hitcount:       9943
{ common_pid: mc-worker       [    147376], ret:         11 } hitcount:       9991
{ common_pid: mc-worker       [    147381], ret:         11 } hitcount:      10092
{ common_pid: mc-worker       [    147382], ret:         11 } hitcount:      10290
{ common_pid: mc-worker       [    147378], ret:         11 } hitcount:      10410
{ common_pid: mc-worker       [    147377], ret:         11 } hitcount:      10528
{ common_pid: mc-worker       [    147379], ret:         11 } hitcount:      10589
{ common_pid: mc-worker       [    147375], ret:         11 } hitcount:      10672
{ common_pid: mc-worker       [    147376], ret:         10 } hitcount:      11243
{ common_pid: mc-worker       [    147380], ret:         10 } hitcount:      11255
{ common_pid: mc-worker       [    147381], ret:         10 } hitcount:      11284
{ common_pid: mc-worker       [    147382], ret:         10 } hitcount:      11430
{ common_pid: mc-worker       [    147375], ret:         10 } hitcount:      11522
{ common_pid: mc-worker       [    147378], ret:         10 } hitcount:      11621
{ common_pid: mc-worker       [    147379], ret:         10 } hitcount:      11631
{ common_pid: mc-worker       [    147377], ret:         10 } hitcount:      11646
{ common_pid: mc-worker       [    147376], ret:          9 } hitcount:      12408
{ common_pid: mc-worker       [    147381], ret:          9 } hitcount:      12514
{ common_pid: mc-worker       [    147380], ret:          9 } hitcount:      12618
{ common_pid: mc-worker       [    147378], ret:          9 } hitcount:      12691
{ common_pid: mc-worker       [    147375], ret:          9 } hitcount:      12717
{ common_pid: mc-worker       [    147379], ret:          9 } hitcount:      12729
{ common_pid: mc-worker       [    147377], ret:          9 } hitcount:      12803
{ common_pid: mc-worker       [    147382], ret:          9 } hitcount:      12814
{ common_pid: mc-worker       [    147378], ret:          8 } hitcount:      13847
{ common_pid: mc-worker       [    147375], ret:          8 } hitcount:      14108
{ common_pid: mc-worker       [    147376], ret:          8 } hitcount:      14196
{ common_pid: mc-worker       [    147381], ret:          8 } hitcount:      14337
{ common_pid: mc-worker       [    147379], ret:          8 } hitcount:      14348
{ common_pid: mc-worker       [    147380], ret:          8 } hitcount:      14481
{ common_pid: mc-worker       [    147377], ret:          8 } hitcount:      14783
{ common_pid: mc-worker       [    147382], ret:          8 } hitcount:      14813
{ common_pid: mc-worker       [    147378], ret:          7 } hitcount:      15547
{ common_pid: mc-worker       [    147375], ret:          7 } hitcount:      15860
{ common_pid: mc-worker       [    147377], ret:          7 } hitcount:      16265
{ common_pid: mc-worker       [    147381], ret:          7 } hitcount:      16408
{ common_pid: mc-worker       [    147382], ret:          7 } hitcount:      16519
{ common_pid: mc-worker       [    147379], ret:          7 } hitcount:      16536
{ common_pid: mc-worker       [    147376], ret:          7 } hitcount:      16553
{ common_pid: mc-worker       [    147380], ret:          7 } hitcount:      16760
{ common_pid: mc-worker       [    147375], ret:          6 } hitcount:      17856
{ common_pid: mc-worker       [    147378], ret:          6 } hitcount:      17992
{ common_pid: mc-worker       [    147377], ret:          6 } hitcount:      18923
{ common_pid: mc-worker       [    147379], ret:          6 } hitcount:      19071
{ common_pid: mc-worker       [    147381], ret:          6 } hitcount:      19160
{ common_pid: mc-worker       [    147376], ret:          6 } hitcount:      19429
{ common_pid: mc-worker       [    147382], ret:          6 } hitcount:      19483
{ common_pid: mc-worker       [    147380], ret:          6 } hitcount:      19752
{ common_pid: mc-worker       [    147375], ret:          5 } hitcount:      20668
{ common_pid: mc-worker       [    147378], ret:          5 } hitcount:      20983
{ common_pid: mc-worker       [    147377], ret:          5 } hitcount:      22084
{ common_pid: mc-worker       [    147379], ret:          5 } hitcount:      22168
{ common_pid: mc-worker       [    147381], ret:          5 } hitcount:      23105
{ common_pid: mc-worker       [    147382], ret:          5 } hitcount:      23259
{ common_pid: mc-worker       [    147376], ret:          5 } hitcount:      23778
{ common_pid: mc-worker       [    147375], ret:          4 } hitcount:      24317
{ common_pid: mc-worker       [    147380], ret:          5 } hitcount:      24512
{ common_pid: mc-worker       [    147378], ret:          4 } hitcount:      24666
{ common_pid: mc-worker       [    147377], ret:          4 } hitcount:      26252
{ common_pid: mc-worker       [    147379], ret:          4 } hitcount:      26889
{ common_pid: mc-worker       [    147375], ret:          3 } hitcount:      27600
{ common_pid: mc-worker       [    147378], ret:          3 } hitcount:      28167
{ common_pid: mc-worker       [    147382], ret:          4 } hitcount:      28439
{ common_pid: mc-worker       [    147375], ret:          1 } hitcount:      28684
{ common_pid: mc-worker       [    147381], ret:          4 } hitcount:      28890
{ common_pid: mc-worker       [    147375], ret:          2 } hitcount:      29063
{ common_pid: mc-worker       [    147376], ret:          4 } hitcount:      29183
{ common_pid: mc-worker       [    147378], ret:          1 } hitcount:      29397
{ common_pid: mc-worker       [    147378], ret:          2 } hitcount:      29644
{ common_pid: mc-worker       [    147380], ret:          4 } hitcount:      30006
{ common_pid: mc-worker       [    147377], ret:          3 } hitcount:      30074
{ common_pid: mc-worker       [    147379], ret:          3 } hitcount:      31450
{ common_pid: mc-worker       [    147377], ret:          2 } hitcount:      32030
{ common_pid: mc-worker       [    147377], ret:          1 } hitcount:      32355
{ common_pid: mc-worker       [    147382], ret:          3 } hitcount:      33638
{ common_pid: mc-worker       [    147381], ret:          3 } hitcount:      34301
{ common_pid: mc-worker       [    147379], ret:          2 } hitcount:      34539
{ common_pid: mc-worker       [    147376], ret:          3 } hitcount:      35318
{ common_pid: mc-worker       [    147379], ret:          1 } hitcount:      35716
{ common_pid: mc-worker       [    147380], ret:          3 } hitcount:      36674
{ common_pid: mc-worker       [    147382], ret:          2 } hitcount:      37295
{ common_pid: mc-worker       [    147382], ret:          1 } hitcount:      38885
{ common_pid: mc-worker       [    147381], ret:          2 } hitcount:      38959
{ common_pid: mc-worker       [    147376], ret:          2 } hitcount:      40645
{ common_pid: mc-worker       [    147381], ret:          1 } hitcount:      41472
{ common_pid: mc-worker       [    147380], ret:          2 } hitcount:      41945
{ common_pid: mc-worker       [    147376], ret:          1 } hitcount:      43939
{ common_pid: mc-worker       [    147380], ret:          1 } hitcount:      44432
