{ common_pid: mc-worker       [     46284], ret:         20 } hitcount:          1
{ common_pid: mc-worker       [     46287], ret:        125 } hitcount:          1
{ common_pid: mc-worker       [     46290], ret:        179 } hitcount:          1
{ common_pid: mc-worker       [     46283], ret:         61 } hitcount:          1
{ common_pid: mc-worker       [     46286], ret:         94 } hitcount:          1
{ common_pid: mc-worker       [     46284], ret:        114 } hitcount:          1
{ common_pid: mc-worker       [     46284], ret:        111 } hitcount:          1
{ common_pid: mc-worker       [     46289], ret:        100 } hitcount:          1
{ common_pid: mc-worker       [     46285], ret:        154 } hitcount:          1
{ common_pid: mc-worker       [     46289], ret:         28 } hitcount:          1
{ common_pid: mc-worker       [     46289], ret:         98 } hitcount:          1
{ common_pid: mc-worker       [     46288], ret:        113 } hitcount:          1
{ common_pid: mc-worker       [     46283], ret:        112 } hitcount:          1
{ common_pid: mc-worker       [     46290], ret:         20 } hitcount:          1
{ common_pid: mc-worker       [     46288], ret:        112 } hitcount:          1
{ common_pid: mc-worker       [     46284], ret:        128 } hitcount:          1
{ common_pid: mc-worker       [     46290], ret:        256 } hitcount:          1
{ common_pid: mc-worker       [     46289], ret:         58 } hitcount:          1
{ common_pid: mc-worker       [     46283], ret:        124 } hitcount:          1
{ common_pid: mc-worker       [     46290], ret:        128 } hitcount:          1
{ common_pid: mc-worker       [     46284], ret:         62 } hitcount:          1
{ common_pid: mc-worker       [     46286], ret:        127 } hitcount:          1
{ common_pid: mc-worker       [     46286], ret:        128 } hitcount:          1
{ common_pid: mc-worker       [     46285], ret:        256 } hitcount:          1
{ common_pid: mc-worker       [     46285], ret:        128 } hitcount:          1
{ common_pid: mc-worker       [     46287], ret:         99 } hitcount:          1
{ common_pid: mc-worker       [     46288], ret:        128 } hitcount:          1
{ common_pid: mc-worker       [     46287], ret:         63 } hitcount:          1
{ common_pid: mc-worker       [     46288], ret:         19 } hitcount:          1
{ common_pid: mc-worker       [     46287], ret:        111 } hitcount:          1
{ common_pid: mc-worker       [     46287], ret:         58 } hitcount:          1
{ common_pid: mc-worker       [     46283], ret:         17 } hitcount:          1
{ common_pid: mc-worker       [     46286], ret:        104 } hitcount:          1
{ common_pid: mc-worker       [     46283], ret:        110 } hitcount:          1
{ common_pid: mc-worker       [     46283], ret:         96 } hitcount:          1
{ common_pid: mc-worker       [     46286], ret:         37 } hitcount:          1
{ common_pid: mc-worker       [     46284], ret:         97 } hitcount:          1
{ common_pid: mc-worker       [     46284], ret:         21 } hitcount:          1
{ common_pid: mc-worker       [     46288], ret:         61 } hitcount:          1
{ common_pid: mc-worker       [     46288], ret:         98 } hitcount:          1
{ common_pid: mc-worker       [     46286], ret:         20 } hitcount:          1
{ common_pid: mc-worker       [     46286], ret:         59 } hitcount:          1
{ common_pid: mc-worker       [     46287], ret:        117 } hitcount:          1
{ common_pid: mc-worker       [     46284], ret:         19 } hitcount:          2
{ common_pid: mc-worker       [     46285], ret:         18 } hitcount:          2
{ common_pid: mc-worker       [     46289], ret:        127 } hitcount:          2
{ common_pid: mc-worker       [     46288], ret:         18 } hitcount:          2
{ common_pid: mc-worker       [     46286], ret:         17 } hitcount:          2
{ common_pid: mc-worker       [     46286], ret:         18 } hitcount:          3
{ common_pid: mc-worker       [     46284], ret:         18 } hitcount:          3
{ common_pid: mc-worker       [     46287], ret:         18 } hitcount:          3
{ common_pid: mc-worker       [     46283], ret:         18 } hitcount:          4
{ common_pid: mc-worker       [     46283], ret:         16 } hitcount:          5
{ common_pid: mc-worker       [     46284], ret:         17 } hitcount:          5
{ common_pid: mc-worker       [     46290], ret:         18 } hitcount:          7
{ common_pid: mc-worker       [     46288], ret:         17 } hitcount:          7
{ common_pid: mc-worker       [     46289], ret:         18 } hitcount:          7
{ common_pid: mc-worker       [     46290], ret:         17 } hitcount:          8
{ common_pid: mc-worker       [     46289], ret:         17 } hitcount:          8
{ common_pid: mc-worker       [     46285], ret:         17 } hitcount:         10
{ common_pid: mc-worker       [     46287], ret:         17 } hitcount:         13
{ common_pid: mc-worker       [     46283], ret:         15 } hitcount:         16
{ common_pid: mc-worker       [     46289], ret:         16 } hitcount:         23
{ common_pid: mc-worker       [     46286], ret:         16 } hitcount:         24
{ common_pid: mc-worker       [     46284], ret:         16 } hitcount:         25
{ common_pid: mc-worker       [     46288], ret:         16 } hitcount:         25
{ common_pid: mc-worker       [     46285], ret:         16 } hitcount:         27
{ common_pid: mc-worker       [     46290], ret:         16 } hitcount:         33
{ common_pid: mc-worker       [     46287], ret:         16 } hitcount:         35
{ common_pid: mc-worker       [     46289], ret:         15 } hitcount:         43
{ common_pid: mc-worker       [     46284], ret:         15 } hitcount:         49
{ common_pid: mc-worker       [     46288], ret:         15 } hitcount:         49
{ common_pid: mc-worker       [     46283], ret:         14 } hitcount:         60
{ common_pid: mc-worker       [     46286], ret:         15 } hitcount:         61
{ common_pid: mc-worker       [     46285], ret:         15 } hitcount:         66
{ common_pid: mc-worker       [     46290], ret:         15 } hitcount:         75
{ common_pid: mc-worker       [     46287], ret:         15 } hitcount:         84
{ common_pid: mc-worker       [     46286], ret:         14 } hitcount:        125
{ common_pid: mc-worker       [     46289], ret:         14 } hitcount:        128
{ common_pid: mc-worker       [     46284], ret:         14 } hitcount:        132
{ common_pid: mc-worker       [     46288], ret:         14 } hitcount:        134
{ common_pid: mc-worker       [     46285], ret:         14 } hitcount:        168
{ common_pid: mc-worker       [     46283], ret:         13 } hitcount:        188
{ common_pid: mc-worker       [     46290], ret:         14 } hitcount:        198
{ common_pid: mc-worker       [     46287], ret:         14 } hitcount:        222
{ common_pid: mc-worker       [     46288], ret:         13 } hitcount:        276
{ common_pid: mc-worker       [     46289], ret:         13 } hitcount:        297
{ common_pid: mc-worker       [     46284], ret:         13 } hitcount:        307
{ common_pid: mc-worker       [     46286], ret:         13 } hitcount:        349
{ common_pid: mc-worker       [     46285], ret:         13 } hitcount:        362
{ common_pid: mc-worker       [     46283], ret:         12 } hitcount:        455
{ common_pid: mc-worker       [     46287], ret:         13 } hitcount:        474
{ common_pid: mc-worker       [     46290], ret:         13 } hitcount:        495
{ common_pid: mc-worker       [     46288], ret:         12 } hitcount:        635
{ common_pid: mc-worker       [     46289], ret:         12 } hitcount:        649
{ common_pid: mc-worker       [     46284], ret:         12 } hitcount:        650
{ common_pid: mc-worker       [     46286], ret:         12 } hitcount:        725
{ common_pid: mc-worker       [     46285], ret:         12 } hitcount:        778
{ common_pid: mc-worker       [     46283], ret:         11 } hitcount:        898
{ common_pid: mc-worker       [     46290], ret:         12 } hitcount:        993
{ common_pid: mc-worker       [     46287], ret:         12 } hitcount:       1003
{ common_pid: mc-worker       [     46288], ret:         11 } hitcount:       1338
{ common_pid: mc-worker       [     46284], ret:         11 } hitcount:       1396
{ common_pid: mc-worker       [     46289], ret:         11 } hitcount:       1450
{ common_pid: mc-worker       [     46285], ret:         11 } hitcount:       1505
{ common_pid: mc-worker       [     46286], ret:         11 } hitcount:       1566
{ common_pid: mc-worker       [     46287], ret:         11 } hitcount:       1953
{ common_pid: mc-worker       [     46290], ret:         11 } hitcount:       2008
{ common_pid: mc-worker       [     46283], ret:         10 } hitcount:       2139
{ common_pid: mc-worker       [     46288], ret:         10 } hitcount:       2690
{ common_pid: mc-worker       [     46284], ret:         10 } hitcount:       2793
{ common_pid: mc-worker       [     46289], ret:         10 } hitcount:       2938
{ common_pid: mc-worker       [     46285], ret:         10 } hitcount:       3023
{ common_pid: mc-worker       [     46286], ret:         10 } hitcount:       3114
{ common_pid: mc-worker       [     46290], ret:         10 } hitcount:       3686
{ common_pid: mc-worker       [     46287], ret:         10 } hitcount:       3849
{ common_pid: mc-worker       [     46283], ret:          9 } hitcount:       4210
{ common_pid: mc-worker       [     46288], ret:          9 } hitcount:       5281
{ common_pid: mc-worker       [     46284], ret:          9 } hitcount:       5331
{ common_pid: mc-worker       [     46286], ret:          9 } hitcount:       5623
{ common_pid: mc-worker       [     46289], ret:          9 } hitcount:       5625
{ common_pid: mc-worker       [     46285], ret:          9 } hitcount:       5892
{ common_pid: mc-worker       [     46290], ret:          9 } hitcount:       6609
{ common_pid: mc-worker       [     46287], ret:          9 } hitcount:       6654
{ common_pid: mc-worker       [     46283], ret:          8 } hitcount:       7610
{ common_pid: mc-worker       [     46288], ret:          8 } hitcount:       8795
{ common_pid: mc-worker       [     46284], ret:          8 } hitcount:       9202
{ common_pid: mc-worker       [     46289], ret:          8 } hitcount:       9228
{ common_pid: mc-worker       [     46286], ret:          8 } hitcount:       9547
{ common_pid: mc-worker       [     46285], ret:          8 } hitcount:       9584
{ common_pid: mc-worker       [     46290], ret:          8 } hitcount:      10535
{ common_pid: mc-worker       [     46287], ret:          8 } hitcount:      10669
{ common_pid: mc-worker       [     46283], ret:          7 } hitcount:      12185
{ common_pid: mc-worker       [     46284], ret:          7 } hitcount:      13401
{ common_pid: mc-worker       [     46288], ret:          7 } hitcount:      13438
{ common_pid: mc-worker       [     46289], ret:          7 } hitcount:      13780
{ common_pid: mc-worker       [     46285], ret:          7 } hitcount:      14083
{ common_pid: mc-worker       [     46286], ret:          7 } hitcount:      14234
{ common_pid: mc-worker       [     46290], ret:          7 } hitcount:      14908
{ common_pid: mc-worker       [     46287], ret:          7 } hitcount:      15168
{ common_pid: mc-worker       [     46283], ret:          6 } hitcount:      17233
{ common_pid: mc-worker       [     46288], ret:          6 } hitcount:      17661
{ common_pid: mc-worker       [     46284], ret:          6 } hitcount:      17749
{ common_pid: mc-worker       [     46289], ret:          6 } hitcount:      18050
{ common_pid: mc-worker       [     46286], ret:          6 } hitcount:      18143
{ common_pid: mc-worker       [     46285], ret:          6 } hitcount:      18176
{ common_pid: mc-worker       [     46290], ret:          6 } hitcount:      18239
{ common_pid: mc-worker       [     46287], ret:          6 } hitcount:      18637
{ common_pid: mc-worker       [     46290], ret:          4 } hitcount:      19191
{ common_pid: mc-worker       [     46287], ret:          3 } hitcount:      19406
{ common_pid: mc-worker       [     46287], ret:          4 } hitcount:      19419
{ common_pid: mc-worker       [     46290], ret:          5 } hitcount:      19502
{ common_pid: mc-worker       [     46290], ret:          3 } hitcount:      19634
{ common_pid: mc-worker       [     46287], ret:          5 } hitcount:      19841
{ common_pid: mc-worker       [     46289], ret:          5 } hitcount:      20078
{ common_pid: mc-worker       [     46286], ret:          5 } hitcount:      20108
{ common_pid: mc-worker       [     46285], ret:          4 } hitcount:      20160
{ common_pid: mc-worker       [     46283], ret:          5 } hitcount:      20213
{ common_pid: mc-worker       [     46288], ret:          5 } hitcount:      20232
{ common_pid: mc-worker       [     46285], ret:          3 } hitcount:      20249
{ common_pid: mc-worker       [     46284], ret:          5 } hitcount:      20276
{ common_pid: mc-worker       [     46286], ret:          4 } hitcount:      20363
{ common_pid: mc-worker       [     46286], ret:          3 } hitcount:      20409
{ common_pid: mc-worker       [     46285], ret:          5 } hitcount:      20445
{ common_pid: mc-worker       [     46284], ret:          3 } hitcount:      20460
{ common_pid: mc-worker       [     46289], ret:          4 } hitcount:      20477
{ common_pid: mc-worker       [     46284], ret:          4 } hitcount:      20555
{ common_pid: mc-worker       [     46289], ret:          3 } hitcount:      20756
{ common_pid: mc-worker       [     46288], ret:          3 } hitcount:      20800
{ common_pid: mc-worker       [     46288], ret:          4 } hitcount:      21076
{ common_pid: mc-worker       [     46283], ret:          3 } hitcount:      22165
{ common_pid: mc-worker       [     46283], ret:          4 } hitcount:      22244
{ common_pid: mc-worker       [     46284], ret:          2 } hitcount:      26466
{ common_pid: mc-worker       [     46287], ret:          2 } hitcount:      26776
{ common_pid: mc-worker       [     46285], ret:          2 } hitcount:      26792
{ common_pid: mc-worker       [     46286], ret:          2 } hitcount:      27119
{ common_pid: mc-worker       [     46288], ret:          2 } hitcount:      27179
{ common_pid: mc-worker       [     46290], ret:          2 } hitcount:      27224
{ common_pid: mc-worker       [     46283], ret:          2 } hitcount:      27263
{ common_pid: mc-worker       [     46289], ret:          2 } hitcount:      27322
{ common_pid: mc-worker       [     46283], ret:          1 } hitcount:      55746
{ common_pid: mc-worker       [     46288], ret:          1 } hitcount:      57714
{ common_pid: mc-worker       [     46284], ret:          1 } hitcount:      57756
{ common_pid: mc-worker       [     46289], ret:          1 } hitcount:      58578
{ common_pid: mc-worker       [     46285], ret:          1 } hitcount:      58583
{ common_pid: mc-worker       [     46286], ret:          1 } hitcount:      59182
{ common_pid: mc-worker       [     46290], ret:          1 } hitcount:      60032
{ common_pid: mc-worker       [     46287], ret:          1 } hitcount:      60095
