{ common_pid: mc-worker       [    126491], ret:         39 } hitcount:          1
{ common_pid: mc-worker       [    126488], ret:        111 } hitcount:          1
{ common_pid: mc-worker       [    126486], ret:         33 } hitcount:          1
{ common_pid: mc-worker       [    126490], ret:         42 } hitcount:          1
{ common_pid: mc-worker       [    126485], ret:        116 } hitcount:          1
{ common_pid: mc-worker       [    126485], ret:        128 } hitcount:          1
{ common_pid: mc-worker       [    126486], ret:         77 } hitcount:          1
{ common_pid: mc-worker       [    126484], ret:        191 } hitcount:          1
{ common_pid: mc-worker       [    126491], ret:         53 } hitcount:          1
{ common_pid: mc-worker       [    126490], ret:        233 } hitcount:          1
{ common_pid: mc-worker       [    126485], ret:        103 } hitcount:          1
{ common_pid: mc-worker       [    126489], ret:         35 } hitcount:          1
{ common_pid: mc-worker       [    126491], ret:         59 } hitcount:          1
{ common_pid: mc-worker       [    126485], ret:         37 } hitcount:          1
{ common_pid: mc-worker       [    126484], ret:         39 } hitcount:          1
{ common_pid: mc-worker       [    126490], ret:         37 } hitcount:          1
{ common_pid: mc-worker       [    126489], ret:         46 } hitcount:          1
{ common_pid: mc-worker       [    126484], ret:        123 } hitcount:          1
{ common_pid: mc-worker       [    126490], ret:         73 } hitcount:          1
{ common_pid: mc-worker       [    126490], ret:        125 } hitcount:          1
{ common_pid: mc-worker       [    126486], ret:        234 } hitcount:          1
{ common_pid: mc-worker       [    126489], ret:        177 } hitcount:          1
{ common_pid: mc-worker       [    126491], ret:        256 } hitcount:          1
{ common_pid: mc-worker       [    126490], ret:         35 } hitcount:          1
{ common_pid: mc-worker       [    126489], ret:         43 } hitcount:          1
{ common_pid: mc-worker       [    126490], ret:        127 } hitcount:          1
{ common_pid: mc-worker       [    126486], ret:         37 } hitcount:          1
{ common_pid: mc-worker       [    126488], ret:        113 } hitcount:          1
{ common_pid: mc-worker       [    126487], ret:         41 } hitcount:          1
{ common_pid: mc-worker       [    126487], ret:        177 } hitcount:          1
{ common_pid: mc-worker       [    126485], ret:         75 } hitcount:          1
{ common_pid: mc-worker       [    126488], ret:        181 } hitcount:          1
{ common_pid: mc-worker       [    126486], ret:        116 } hitcount:          1
{ common_pid: mc-worker       [    126491], ret:         64 } hitcount:          1
{ common_pid: mc-worker       [    126489], ret:        138 } hitcount:          1
{ common_pid: mc-worker       [    126489], ret:         34 } hitcount:          1
{ common_pid: mc-worker       [    126491], ret:        115 } hitcount:          1
{ common_pid: mc-worker       [    126485], ret:         96 } hitcount:          1
{ common_pid: mc-worker       [    126489], ret:        114 } hitcount:          1
{ common_pid: mc-worker       [    126490], ret:        118 } hitcount:          1
{ common_pid: mc-worker       [    126484], ret:         35 } hitcount:          1
{ common_pid: mc-worker       [    126489], ret:        128 } hitcount:          1
{ common_pid: mc-worker       [    126487], ret:        110 } hitcount:          1
{ common_pid: mc-worker       [    126491], ret:         34 } hitcount:          1
{ common_pid: mc-worker       [    126485], ret:        182 } hitcount:          1
{ common_pid: mc-worker       [    126489], ret:         38 } hitcount:          1
{ common_pid: mc-worker       [    126484], ret:        245 } hitcount:          1
{ common_pid: mc-worker       [    126488], ret:        125 } hitcount:          1
{ common_pid: mc-worker       [    126486], ret:        128 } hitcount:          1
{ common_pid: mc-worker       [    126486], ret:         34 } hitcount:          2
{ common_pid: mc-worker       [    126490], ret:         33 } hitcount:          2
{ common_pid: mc-worker       [    126488], ret:         33 } hitcount:          2
{ common_pid: mc-worker       [    126484], ret:         34 } hitcount:          2
{ common_pid: mc-worker       [    126489], ret:         33 } hitcount:          2
{ common_pid: mc-worker       [    126485], ret:         33 } hitcount:          2
{ common_pid: mc-worker       [    126487], ret:        118 } hitcount:          2
{ common_pid: mc-worker       [    126488], ret:         32 } hitcount:          2
{ common_pid: mc-worker       [    126491], ret:         35 } hitcount:          2
{ common_pid: mc-worker       [    126487], ret:         36 } hitcount:          2
{ common_pid: mc-worker       [    126488], ret:         34 } hitcount:          3
{ common_pid: mc-worker       [    126491], ret:         33 } hitcount:          3
{ common_pid: mc-worker       [    126491], ret:         37 } hitcount:          3
{ common_pid: mc-worker       [    126487], ret:         32 } hitcount:          3
{ common_pid: mc-worker       [    126488], ret:         30 } hitcount:          3
{ common_pid: mc-worker       [    126488], ret:         31 } hitcount:          3
{ common_pid: mc-worker       [    126487], ret:         34 } hitcount:          4
{ common_pid: mc-worker       [    126484], ret:         33 } hitcount:          4
{ common_pid: mc-worker       [    126486], ret:         32 } hitcount:          4
{ common_pid: mc-worker       [    126490], ret:         32 } hitcount:          5
{ common_pid: mc-worker       [    126484], ret:         32 } hitcount:          5
{ common_pid: mc-worker       [    126491], ret:         32 } hitcount:          5
{ common_pid: mc-worker       [    126490], ret:         31 } hitcount:          6
{ common_pid: mc-worker       [    126485], ret:         32 } hitcount:          6
{ common_pid: mc-worker       [    126489], ret:         32 } hitcount:          6
{ common_pid: mc-worker       [    126490], ret:         30 } hitcount:          6
{ common_pid: mc-worker       [    126487], ret:         33 } hitcount:          6
{ common_pid: mc-worker       [    126485], ret:         30 } hitcount:          6
{ common_pid: mc-worker       [    126484], ret:         31 } hitcount:          6
{ common_pid: mc-worker       [    126487], ret:         31 } hitcount:          7
{ common_pid: mc-worker       [    126484], ret:         30 } hitcount:          7
{ common_pid: mc-worker       [    126491], ret:         31 } hitcount:          8
{ common_pid: mc-worker       [    126489], ret:         31 } hitcount:          8
{ common_pid: mc-worker       [    126485], ret:         29 } hitcount:          8
{ common_pid: mc-worker       [    126485], ret:         31 } hitcount:          9
{ common_pid: mc-worker       [    126486], ret:         30 } hitcount:         10
{ common_pid: mc-worker       [    126486], ret:         31 } hitcount:         11
{ common_pid: mc-worker       [    126490], ret:         29 } hitcount:         12
{ common_pid: mc-worker       [    126488], ret:         29 } hitcount:         13
{ common_pid: mc-worker       [    126489], ret:         30 } hitcount:         13
{ common_pid: mc-worker       [    126484], ret:         29 } hitcount:         14
{ common_pid: mc-worker       [    126486], ret:         29 } hitcount:         14
{ common_pid: mc-worker       [    126490], ret:         28 } hitcount:         17
{ common_pid: mc-worker       [    126488], ret:         28 } hitcount:         17
{ common_pid: mc-worker       [    126487], ret:         30 } hitcount:         18
{ common_pid: mc-worker       [    126491], ret:         30 } hitcount:         20
{ common_pid: mc-worker       [    126487], ret:         29 } hitcount:         23
{ common_pid: mc-worker       [    126484], ret:         28 } hitcount:         24
{ common_pid: mc-worker       [    126491], ret:         28 } hitcount:         25
{ common_pid: mc-worker       [    126491], ret:         29 } hitcount:         26
{ common_pid: mc-worker       [    126486], ret:         28 } hitcount:         27
{ common_pid: mc-worker       [    126485], ret:         28 } hitcount:         27
{ common_pid: mc-worker       [    126487], ret:         28 } hitcount:         28
{ common_pid: mc-worker       [    126489], ret:         29 } hitcount:         29
{ common_pid: mc-worker       [    126488], ret:         27 } hitcount:         37
{ common_pid: mc-worker       [    126490], ret:         27 } hitcount:         38
{ common_pid: mc-worker       [    126485], ret:         27 } hitcount:         42
{ common_pid: mc-worker       [    126489], ret:         28 } hitcount:         43
{ common_pid: mc-worker       [    126484], ret:         27 } hitcount:         48
{ common_pid: mc-worker       [    126486], ret:         27 } hitcount:         48
{ common_pid: mc-worker       [    126487], ret:         27 } hitcount:         54
{ common_pid: mc-worker       [    126489], ret:         27 } hitcount:         56
{ common_pid: mc-worker       [    126490], ret:         26 } hitcount:         60
{ common_pid: mc-worker       [    126486], ret:         26 } hitcount:         61
{ common_pid: mc-worker       [    126489], ret:         26 } hitcount:         66
{ common_pid: mc-worker       [    126485], ret:         26 } hitcount:         66
{ common_pid: mc-worker       [    126491], ret:         27 } hitcount:         68
{ common_pid: mc-worker       [    126488], ret:         26 } hitcount:         69
{ common_pid: mc-worker       [    126488], ret:         25 } hitcount:         70
{ common_pid: mc-worker       [    126484], ret:         26 } hitcount:         71
{ common_pid: mc-worker       [    126490], ret:         25 } hitcount:         81
{ common_pid: mc-worker       [    126487], ret:         26 } hitcount:         82
{ common_pid: mc-worker       [    126491], ret:         26 } hitcount:         85
{ common_pid: mc-worker       [    126485], ret:         25 } hitcount:         88
{ common_pid: mc-worker       [    126484], ret:         25 } hitcount:        101
{ common_pid: mc-worker       [    126486], ret:         25 } hitcount:        105
{ common_pid: mc-worker       [    126488], ret:         24 } hitcount:        108
{ common_pid: mc-worker       [    126485], ret:         24 } hitcount:        110
{ common_pid: mc-worker       [    126487], ret:         25 } hitcount:        113
{ common_pid: mc-worker       [    126490], ret:         24 } hitcount:        123
{ common_pid: mc-worker       [    126489], ret:         25 } hitcount:        131
{ common_pid: mc-worker       [    126491], ret:         25 } hitcount:        131
{ common_pid: mc-worker       [    126489], ret:         24 } hitcount:        134
{ common_pid: mc-worker       [    126486], ret:         24 } hitcount:        148
{ common_pid: mc-worker       [    126487], ret:         23 } hitcount:        151
{ common_pid: mc-worker       [    126484], ret:         24 } hitcount:        156
{ common_pid: mc-worker       [    126491], ret:         24 } hitcount:        158
{ common_pid: mc-worker       [    126488], ret:         23 } hitcount:        159
{ common_pid: mc-worker       [    126486], ret:         23 } hitcount:        160
{ common_pid: mc-worker       [    126485], ret:         23 } hitcount:        161
{ common_pid: mc-worker       [    126484], ret:         23 } hitcount:        161
{ common_pid: mc-worker       [    126487], ret:         24 } hitcount:        168
{ common_pid: mc-worker       [    126491], ret:         23 } hitcount:        177
{ common_pid: mc-worker       [    126490], ret:         23 } hitcount:        181
{ common_pid: mc-worker       [    126489], ret:         23 } hitcount:        195
{ common_pid: mc-worker       [    126488], ret:         22 } hitcount:        195
{ common_pid: mc-worker       [    126490], ret:         22 } hitcount:        196
{ common_pid: mc-worker       [    126487], ret:         22 } hitcount:        216
{ common_pid: mc-worker       [    126485], ret:         22 } hitcount:        216
{ common_pid: mc-worker       [    126484], ret:         22 } hitcount:        219
{ common_pid: mc-worker       [    126486], ret:         22 } hitcount:        226
{ common_pid: mc-worker       [    126491], ret:         22 } hitcount:        230
{ common_pid: mc-worker       [    126489], ret:         22 } hitcount:        231
{ common_pid: mc-worker       [    126490], ret:         21 } hitcount:        242
{ common_pid: mc-worker       [    126486], ret:         21 } hitcount:        262
{ common_pid: mc-worker       [    126488], ret:         21 } hitcount:        282
{ common_pid: mc-worker       [    126489], ret:         21 } hitcount:        286
{ common_pid: mc-worker       [    126491], ret:         21 } hitcount:        298
{ common_pid: mc-worker       [    126484], ret:         21 } hitcount:        298
{ common_pid: mc-worker       [    126485], ret:         21 } hitcount:        305
{ common_pid: mc-worker       [    126487], ret:         21 } hitcount:        308
{ common_pid: mc-worker       [    126487], ret:         20 } hitcount:        348
{ common_pid: mc-worker       [    126484], ret:         20 } hitcount:        350
{ common_pid: mc-worker       [    126491], ret:         20 } hitcount:        355
{ common_pid: mc-worker       [    126490], ret:         20 } hitcount:        358
{ common_pid: mc-worker       [    126488], ret:         20 } hitcount:        368
{ common_pid: mc-worker       [    126489], ret:         20 } hitcount:        373
{ common_pid: mc-worker       [    126485], ret:         20 } hitcount:        374
{ common_pid: mc-worker       [    126486], ret:         20 } hitcount:        382
{ common_pid: mc-worker       [    126491], ret:         19 } hitcount:        422
{ common_pid: mc-worker       [    126484], ret:         19 } hitcount:        427
{ common_pid: mc-worker       [    126487], ret:         19 } hitcount:        429
{ common_pid: mc-worker       [    126486], ret:         19 } hitcount:        439
{ common_pid: mc-worker       [    126487], ret:         15 } hitcount:        445
{ common_pid: mc-worker       [    126488], ret:         19 } hitcount:        456
{ common_pid: mc-worker       [    126485], ret:         19 } hitcount:        467
{ common_pid: mc-worker       [    126490], ret:         19 } hitcount:        473
{ common_pid: mc-worker       [    126484], ret:         15 } hitcount:        481
{ common_pid: mc-worker       [    126486], ret:         18 } hitcount:        484
{ common_pid: mc-worker       [    126487], ret:         18 } hitcount:        490
{ common_pid: mc-worker       [    126486], ret:         15 } hitcount:        494
{ common_pid: mc-worker       [    126487], ret:         14 } hitcount:        494
{ common_pid: mc-worker       [    126487], ret:         13 } hitcount:        495
{ common_pid: mc-worker       [    126487], ret:         12 } hitcount:        504
{ common_pid: mc-worker       [    126491], ret:         16 } hitcount:        506
{ common_pid: mc-worker       [    126491], ret:         17 } hitcount:        511
{ common_pid: mc-worker       [    126484], ret:         18 } hitcount:        512
{ common_pid: mc-worker       [    126487], ret:         16 } hitcount:        514
{ common_pid: mc-worker       [    126491], ret:         18 } hitcount:        516
{ common_pid: mc-worker       [    126489], ret:         19 } hitcount:        519
{ common_pid: mc-worker       [    126487], ret:         17 } hitcount:        524
{ common_pid: mc-worker       [    126490], ret:         18 } hitcount:        526
{ common_pid: mc-worker       [    126489], ret:         15 } hitcount:        527
{ common_pid: mc-worker       [    126491], ret:         14 } hitcount:        528
{ common_pid: mc-worker       [    126491], ret:         13 } hitcount:        532
{ common_pid: mc-worker       [    126491], ret:         11 } hitcount:        538
{ common_pid: mc-worker       [    126489], ret:         18 } hitcount:        547
{ common_pid: mc-worker       [    126491], ret:         15 } hitcount:        548
{ common_pid: mc-worker       [    126489], ret:         16 } hitcount:        551
{ common_pid: mc-worker       [    126488], ret:         18 } hitcount:        551
{ common_pid: mc-worker       [    126489], ret:         17 } hitcount:        552
{ common_pid: mc-worker       [    126489], ret:         12 } hitcount:        560
{ common_pid: mc-worker       [    126484], ret:         17 } hitcount:        560
{ common_pid: mc-worker       [    126489], ret:         14 } hitcount:        561
{ common_pid: mc-worker       [    126484], ret:         14 } hitcount:        563
{ common_pid: mc-worker       [    126484], ret:         16 } hitcount:        568
{ common_pid: mc-worker       [    126491], ret:         12 } hitcount:        570
{ common_pid: mc-worker       [    126487], ret:         11 } hitcount:        571
{ common_pid: mc-worker       [    126485], ret:         17 } hitcount:        577
{ common_pid: mc-worker       [    126484], ret:         13 } hitcount:        582
{ common_pid: mc-worker       [    126489], ret:         13 } hitcount:        586
{ common_pid: mc-worker       [    126485], ret:         18 } hitcount:        586
{ common_pid: mc-worker       [    126489], ret:         11 } hitcount:        591
{ common_pid: mc-worker       [    126486], ret:         17 } hitcount:        592
{ common_pid: mc-worker       [    126486], ret:         14 } hitcount:        595
{ common_pid: mc-worker       [    126486], ret:         16 } hitcount:        595
{ common_pid: mc-worker       [    126485], ret:         15 } hitcount:        601
{ common_pid: mc-worker       [    126490], ret:         16 } hitcount:        602
{ common_pid: mc-worker       [    126490], ret:         17 } hitcount:        609
{ common_pid: mc-worker       [    126487], ret:         10 } hitcount:        612
{ common_pid: mc-worker       [    126486], ret:         12 } hitcount:        613
{ common_pid: mc-worker       [    126485], ret:         11 } hitcount:        615
{ common_pid: mc-worker       [    126485], ret:         13 } hitcount:        624
{ common_pid: mc-worker       [    126486], ret:         13 } hitcount:        628
{ common_pid: mc-worker       [    126488], ret:         15 } hitcount:        639
{ common_pid: mc-worker       [    126490], ret:         15 } hitcount:        639
{ common_pid: mc-worker       [    126491], ret:         10 } hitcount:        647
{ common_pid: mc-worker       [    126490], ret:         13 } hitcount:        652
{ common_pid: mc-worker       [    126489], ret:         10 } hitcount:        654
{ common_pid: mc-worker       [    126488], ret:         17 } hitcount:        657
{ common_pid: mc-worker       [    126485], ret:         16 } hitcount:        659
{ common_pid: mc-worker       [    126488], ret:         16 } hitcount:        661
{ common_pid: mc-worker       [    126484], ret:         12 } hitcount:        661
{ common_pid: mc-worker       [    126485], ret:         14 } hitcount:        673
{ common_pid: mc-worker       [    126490], ret:         14 } hitcount:        679
{ common_pid: mc-worker       [    126488], ret:         14 } hitcount:        684
{ common_pid: mc-worker       [    126484], ret:         11 } hitcount:        693
{ common_pid: mc-worker       [    126484], ret:         10 } hitcount:        695
{ common_pid: mc-worker       [    126486], ret:         11 } hitcount:        700
{ common_pid: mc-worker       [    126487], ret:          9 } hitcount:        709
{ common_pid: mc-worker       [    126490], ret:         12 } hitcount:        710
{ common_pid: mc-worker       [    126485], ret:         12 } hitcount:        716
{ common_pid: mc-worker       [    126490], ret:         11 } hitcount:        719
{ common_pid: mc-worker       [    126488], ret:         13 } hitcount:        720
{ common_pid: mc-worker       [    126488], ret:         12 } hitcount:        728
{ common_pid: mc-worker       [    126485], ret:         10 } hitcount:        751
{ common_pid: mc-worker       [    126490], ret:         10 } hitcount:        758
{ common_pid: mc-worker       [    126486], ret:         10 } hitcount:        761
{ common_pid: mc-worker       [    126488], ret:         11 } hitcount:        765
{ common_pid: mc-worker       [    126485], ret:          9 } hitcount:        787
{ common_pid: mc-worker       [    126488], ret:         10 } hitcount:        791
{ common_pid: mc-worker       [    126491], ret:          9 } hitcount:        791
{ common_pid: mc-worker       [    126489], ret:          9 } hitcount:        825
{ common_pid: mc-worker       [    126484], ret:          9 } hitcount:        848
{ common_pid: mc-worker       [    126490], ret:          9 } hitcount:        891
{ common_pid: mc-worker       [    126488], ret:          9 } hitcount:        903
{ common_pid: mc-worker       [    126485], ret:          8 } hitcount:        968
{ common_pid: mc-worker       [    126486], ret:          9 } hitcount:        990
{ common_pid: mc-worker       [    126487], ret:          8 } hitcount:        993
{ common_pid: mc-worker       [    126491], ret:          8 } hitcount:       1014
{ common_pid: mc-worker       [    126489], ret:          8 } hitcount:       1075
{ common_pid: mc-worker       [    126490], ret:          8 } hitcount:       1106
{ common_pid: mc-worker       [    126484], ret:          8 } hitcount:       1192
{ common_pid: mc-worker       [    126488], ret:          8 } hitcount:       1214
{ common_pid: mc-worker       [    126486], ret:          8 } hitcount:       1303
{ common_pid: mc-worker       [    126485], ret:          7 } hitcount:       1465
{ common_pid: mc-worker       [    126489], ret:          7 } hitcount:       1627
{ common_pid: mc-worker       [    126491], ret:          7 } hitcount:       1667
{ common_pid: mc-worker       [    126487], ret:          7 } hitcount:       1672
{ common_pid: mc-worker       [    126490], ret:          7 } hitcount:       1736
{ common_pid: mc-worker       [    126484], ret:          7 } hitcount:       1802
{ common_pid: mc-worker       [    126488], ret:          7 } hitcount:       1830
{ common_pid: mc-worker       [    126486], ret:          7 } hitcount:       2209
{ common_pid: mc-worker       [    126485], ret:          6 } hitcount:       2846
{ common_pid: mc-worker       [    126490], ret:          6 } hitcount:       3332
{ common_pid: mc-worker       [    126489], ret:          6 } hitcount:       3358
{ common_pid: mc-worker       [    126491], ret:          6 } hitcount:       3375
{ common_pid: mc-worker       [    126488], ret:          6 } hitcount:       3411
{ common_pid: mc-worker       [    126487], ret:          6 } hitcount:       3423
{ common_pid: mc-worker       [    126484], ret:          6 } hitcount:       3734
{ common_pid: mc-worker       [    126486], ret:          6 } hitcount:       4308
{ common_pid: mc-worker       [    126485], ret:          5 } hitcount:       7278
{ common_pid: mc-worker       [    126490], ret:          5 } hitcount:       8320
{ common_pid: mc-worker       [    126488], ret:          5 } hitcount:       8324
{ common_pid: mc-worker       [    126489], ret:          5 } hitcount:       8526
{ common_pid: mc-worker       [    126491], ret:          5 } hitcount:       9027
{ common_pid: mc-worker       [    126487], ret:          5 } hitcount:       9153
{ common_pid: mc-worker       [    126484], ret:          5 } hitcount:       9801
{ common_pid: mc-worker       [    126486], ret:          5 } hitcount:      10898
{ common_pid: mc-worker       [    126485], ret:          4 } hitcount:      22398
{ common_pid: mc-worker       [    126490], ret:          4 } hitcount:      24567
{ common_pid: mc-worker       [    126488], ret:          4 } hitcount:      25091
{ common_pid: mc-worker       [    126489], ret:          4 } hitcount:      25936
{ common_pid: mc-worker       [    126491], ret:          4 } hitcount:      26864
{ common_pid: mc-worker       [    126487], ret:          4 } hitcount:      27525
{ common_pid: mc-worker       [    126484], ret:          4 } hitcount:      28133
{ common_pid: mc-worker       [    126486], ret:          4 } hitcount:      30725
{ common_pid: mc-worker       [    126485], ret:          3 } hitcount:      79221
{ common_pid: mc-worker       [    126490], ret:          3 } hitcount:      82841
{ common_pid: mc-worker       [    126488], ret:          3 } hitcount:      82912
{ common_pid: mc-worker       [    126489], ret:          3 } hitcount:      88111
{ common_pid: mc-worker       [    126491], ret:          3 } hitcount:      90746
{ common_pid: mc-worker       [    126484], ret:          3 } hitcount:      91721
{ common_pid: mc-worker       [    126487], ret:          3 } hitcount:      91986
{ common_pid: mc-worker       [    126486], ret:          3 } hitcount:      95759
{ common_pid: mc-worker       [    126488], ret:          2 } hitcount:     298783
{ common_pid: mc-worker       [    126485], ret:          2 } hitcount:     302131
{ common_pid: mc-worker       [    126490], ret:          2 } hitcount:     302616
{ common_pid: mc-worker       [    126484], ret:          2 } hitcount:     316218
{ common_pid: mc-worker       [    126486], ret:          2 } hitcount:     316313
{ common_pid: mc-worker       [    126489], ret:          2 } hitcount:     318146
{ common_pid: mc-worker       [    126491], ret:          2 } hitcount:     324757
{ common_pid: mc-worker       [    126487], ret:          2 } hitcount:     327668
{ common_pid: mc-worker       [    126486], ret:          1 } hitcount:     981407
{ common_pid: mc-worker       [    126488], ret:          1 } hitcount:    1020007
{ common_pid: mc-worker       [    126484], ret:          1 } hitcount:    1030475
{ common_pid: mc-worker       [    126490], ret:          1 } hitcount:    1040289
{ common_pid: mc-worker       [    126489], ret:          1 } hitcount:    1062824
{ common_pid: mc-worker       [    126491], ret:          1 } hitcount:    1068953
{ common_pid: mc-worker       [    126487], ret:          1 } hitcount:    1071452
{ common_pid: mc-worker       [    126485], ret:          1 } hitcount:    1080283
