{ common_pid: mc-worker       [      1575], ret:         12 } hitcount:          1
{ common_pid: mc-worker       [      1573], ret:        119 } hitcount:          1
{ common_pid: mc-worker       [      1580], ret:        123 } hitcount:          1
{ common_pid: mc-worker       [      1575], ret:         45 } hitcount:          1
{ common_pid: mc-worker       [      1581], ret:         59 } hitcount:          1
{ common_pid: mc-worker       [      1581], ret:         24 } hitcount:          1
{ common_pid: mc-worker       [      1581], ret:        110 } hitcount:          1
{ common_pid: mc-worker       [      1581], ret:        122 } hitcount:          1
{ common_pid: mc-worker       [      1580], ret:         53 } hitcount:          1
{ common_pid: mc-worker       [      1573], ret:         12 } hitcount:          1
{ common_pid: mc-worker       [      1582], ret:        126 } hitcount:          1
{ common_pid: mc-worker       [      1575], ret:         11 } hitcount:          1
{ common_pid: mc-worker       [      1578], ret:         15 } hitcount:          1
{ common_pid: mc-worker       [      1573], ret:        127 } hitcount:          1
{ common_pid: mc-worker       [      1580], ret:         17 } hitcount:          1
{ common_pid: mc-worker       [      1583], ret:         13 } hitcount:          1
{ common_pid: mc-worker       [      1583], ret:         15 } hitcount:          1
{ common_pid: mc-worker       [      1583], ret:         17 } hitcount:          1
{ common_pid: mc-worker       [      1578], ret:        113 } hitcount:          1
{ common_pid: mc-worker       [      1580], ret:         16 } hitcount:          1
{ common_pid: mc-worker       [      1583], ret:        121 } hitcount:          1
{ common_pid: mc-worker       [      1575], ret:         15 } hitcount:          1
{ common_pid: mc-worker       [      1581], ret:        128 } hitcount:          1
{ common_pid: mc-worker       [      1580], ret:         14 } hitcount:          1
{ common_pid: mc-worker       [      1580], ret:         15 } hitcount:          1
{ common_pid: mc-worker       [      1582], ret:         20 } hitcount:          1
{ common_pid: mc-worker       [      1579], ret:        118 } hitcount:          1
{ common_pid: mc-worker       [      1580], ret:         63 } hitcount:          1
{ common_pid: mc-worker       [      1580], ret:         19 } hitcount:          1
{ common_pid: mc-worker       [      1583], ret:         27 } hitcount:          1
{ common_pid: mc-worker       [      1581], ret:         61 } hitcount:          1
{ common_pid: mc-worker       [      1579], ret:         14 } hitcount:          1
{ common_pid: mc-worker       [      1581], ret:         13 } hitcount:          1
{ common_pid: mc-worker       [      1580], ret:         64 } hitcount:          1
{ common_pid: mc-worker       [      1582], ret:        128 } hitcount:          1
{ common_pid: mc-worker       [      1579], ret:         59 } hitcount:          1
{ common_pid: mc-worker       [      1578], ret:         64 } hitcount:          1
{ common_pid: mc-worker       [      1580], ret:         27 } hitcount:          1
{ common_pid: mc-worker       [      1573], ret:        128 } hitcount:          1
{ common_pid: mc-worker       [      1583], ret:         52 } hitcount:          1
{ common_pid: mc-worker       [      1575], ret:        120 } hitcount:          1
{ common_pid: mc-worker       [      1578], ret:         44 } hitcount:          1
{ common_pid: mc-worker       [      1582], ret:         16 } hitcount:          1
{ common_pid: mc-worker       [      1573], ret:         27 } hitcount:          1
{ common_pid: mc-worker       [      1579], ret:         12 } hitcount:          1
{ common_pid: mc-worker       [      1582], ret:        120 } hitcount:          1
{ common_pid: mc-worker       [      1583], ret:         18 } hitcount:          1
{ common_pid: mc-worker       [      1578], ret:         62 } hitcount:          1
{ common_pid: mc-worker       [      1579], ret:        128 } hitcount:          2
{ common_pid: mc-worker       [      1582], ret:         13 } hitcount:          2
{ common_pid: mc-worker       [      1583], ret:         64 } hitcount:          2
{ common_pid: mc-worker       [      1573], ret:         13 } hitcount:          2
{ common_pid: mc-worker       [      1580], ret:        128 } hitcount:          2
{ common_pid: mc-worker       [      1580], ret:         12 } hitcount:          2
{ common_pid: mc-worker       [      1583], ret:         12 } hitcount:          2
{ common_pid: mc-worker       [      1575], ret:         13 } hitcount:          2
{ common_pid: mc-worker       [      1575], ret:         64 } hitcount:          2
{ common_pid: mc-worker       [      1579], ret:         64 } hitcount:          2
{ common_pid: mc-worker       [      1578], ret:        128 } hitcount:          2
{ common_pid: mc-worker       [      1579], ret:         13 } hitcount:          2
{ common_pid: mc-worker       [      1583], ret:        128 } hitcount:          2
{ common_pid: mc-worker       [      1582], ret:         64 } hitcount:          2
{ common_pid: mc-worker       [      1573], ret:         64 } hitcount:          2
{ common_pid: mc-worker       [      1580], ret:         13 } hitcount:          2
{ common_pid: mc-worker       [      1575], ret:        128 } hitcount:          2
{ common_pid: mc-worker       [      1583], ret:         14 } hitcount:          2
{ common_pid: mc-worker       [      1573], ret:         10 } hitcount:          3
{ common_pid: mc-worker       [      1573], ret:         11 } hitcount:          3
{ common_pid: mc-worker       [      1583], ret:         11 } hitcount:          3
{ common_pid: mc-worker       [      1581], ret:         12 } hitcount:          4
{ common_pid: mc-worker       [      1582], ret:         11 } hitcount:          5
{ common_pid: mc-worker       [      1580], ret:         11 } hitcount:          5
{ common_pid: mc-worker       [      1581], ret:         10 } hitcount:          7
{ common_pid: mc-worker       [      1578], ret:         11 } hitcount:          7
{ common_pid: mc-worker       [      1582], ret:         10 } hitcount:          7
{ common_pid: mc-worker       [      1575], ret:         10 } hitcount:          8
{ common_pid: mc-worker       [      1579], ret:         11 } hitcount:          8
{ common_pid: mc-worker       [      1580], ret:         10 } hitcount:         11
{ common_pid: mc-worker       [      1579], ret:         10 } hitcount:         13
{ common_pid: mc-worker       [      1583], ret:         10 } hitcount:         14
{ common_pid: mc-worker       [      1578], ret:         10 } hitcount:         17
{ common_pid: mc-worker       [      1582], ret:          9 } hitcount:         26
{ common_pid: mc-worker       [      1573], ret:          9 } hitcount:         29
{ common_pid: mc-worker       [      1581], ret:          9 } hitcount:         30
{ common_pid: mc-worker       [      1578], ret:          9 } hitcount:         36
{ common_pid: mc-worker       [      1575], ret:          9 } hitcount:         36
{ common_pid: mc-worker       [      1583], ret:          9 } hitcount:         52
{ common_pid: mc-worker       [      1579], ret:          9 } hitcount:         57
{ common_pid: mc-worker       [      1580], ret:          9 } hitcount:         60
{ common_pid: mc-worker       [      1581], ret:          8 } hitcount:         81
{ common_pid: mc-worker       [      1573], ret:          8 } hitcount:        111
{ common_pid: mc-worker       [      1582], ret:          8 } hitcount:        113
{ common_pid: mc-worker       [      1575], ret:          8 } hitcount:        155
{ common_pid: mc-worker       [      1578], ret:          8 } hitcount:        164
{ common_pid: mc-worker       [      1580], ret:          8 } hitcount:        165
{ common_pid: mc-worker       [      1583], ret:          8 } hitcount:        188
{ common_pid: mc-worker       [      1579], ret:          8 } hitcount:        214
{ common_pid: mc-worker       [      1581], ret:          7 } hitcount:        335
{ common_pid: mc-worker       [      1582], ret:          7 } hitcount:        374
{ common_pid: mc-worker       [      1573], ret:          7 } hitcount:        421
{ common_pid: mc-worker       [      1575], ret:          7 } hitcount:        534
{ common_pid: mc-worker       [      1578], ret:          7 } hitcount:        557
{ common_pid: mc-worker       [      1583], ret:          7 } hitcount:        562
{ common_pid: mc-worker       [      1580], ret:          7 } hitcount:        633
{ common_pid: mc-worker       [      1579], ret:          7 } hitcount:        682
{ common_pid: mc-worker       [      1581], ret:          6 } hitcount:       1173
{ common_pid: mc-worker       [      1582], ret:          6 } hitcount:       1400
{ common_pid: mc-worker       [      1573], ret:          6 } hitcount:       1502
{ common_pid: mc-worker       [      1575], ret:          6 } hitcount:       1900
{ common_pid: mc-worker       [      1578], ret:          6 } hitcount:       1990
{ common_pid: mc-worker       [      1580], ret:          6 } hitcount:       2073
{ common_pid: mc-worker       [      1583], ret:          6 } hitcount:       2087
{ common_pid: mc-worker       [      1579], ret:          6 } hitcount:       2387
{ common_pid: mc-worker       [      1581], ret:          5 } hitcount:       5408
{ common_pid: mc-worker       [      1582], ret:          5 } hitcount:       5900
{ common_pid: mc-worker       [      1573], ret:          5 } hitcount:       6374
{ common_pid: mc-worker       [      1575], ret:          5 } hitcount:       7402
{ common_pid: mc-worker       [      1578], ret:          5 } hitcount:       7577
{ common_pid: mc-worker       [      1583], ret:          5 } hitcount:       7913
{ common_pid: mc-worker       [      1580], ret:          5 } hitcount:       8027
{ common_pid: mc-worker       [      1579], ret:          5 } hitcount:       8565
{ common_pid: mc-worker       [      1581], ret:          4 } hitcount:      21947
{ common_pid: mc-worker       [      1582], ret:          4 } hitcount:      24426
{ common_pid: mc-worker       [      1573], ret:          4 } hitcount:      25503
{ common_pid: mc-worker       [      1575], ret:          4 } hitcount:      28559
{ common_pid: mc-worker       [      1578], ret:          4 } hitcount:      29062
{ common_pid: mc-worker       [      1583], ret:          4 } hitcount:      29583
{ common_pid: mc-worker       [      1580], ret:          4 } hitcount:      30000
{ common_pid: mc-worker       [      1579], ret:          4 } hitcount:      31750
{ common_pid: mc-worker       [      1581], ret:          3 } hitcount:      80620
{ common_pid: mc-worker       [      1582], ret:          3 } hitcount:      85476
{ common_pid: mc-worker       [      1573], ret:          3 } hitcount:      88122
{ common_pid: mc-worker       [      1578], ret:          3 } hitcount:      95160
{ common_pid: mc-worker       [      1575], ret:          3 } hitcount:      95924
{ common_pid: mc-worker       [      1583], ret:          3 } hitcount:      97267
{ common_pid: mc-worker       [      1580], ret:          3 } hitcount:      99052
{ common_pid: mc-worker       [      1579], ret:          3 } hitcount:     101491
{ common_pid: mc-worker       [      1581], ret:          2 } hitcount:     240495
{ common_pid: mc-worker       [      1582], ret:          2 } hitcount:     246865
{ common_pid: mc-worker       [      1573], ret:          2 } hitcount:     250543
{ common_pid: mc-worker       [      1578], ret:          2 } hitcount:     260044
{ common_pid: mc-worker       [      1575], ret:          2 } hitcount:     260582
{ common_pid: mc-worker       [      1583], ret:          2 } hitcount:     262916
{ common_pid: mc-worker       [      1580], ret:          2 } hitcount:     263570
{ common_pid: mc-worker       [      1579], ret:          2 } hitcount:     267645
{ common_pid: mc-worker       [      1581], ret:          1 } hitcount:     545050
{ common_pid: mc-worker       [      1580], ret:          1 } hitcount:     546107
{ common_pid: mc-worker       [      1573], ret:          1 } hitcount:     546232
{ common_pid: mc-worker       [      1578], ret:          1 } hitcount:     546670
{ common_pid: mc-worker       [      1579], ret:          1 } hitcount:     546919
{ common_pid: mc-worker       [      1582], ret:          1 } hitcount:     548134
{ common_pid: mc-worker       [      1583], ret:          1 } hitcount:     548262
{ common_pid: mc-worker       [      1575], ret:          1 } hitcount:     549088
