{ common_pid: mc-worker       [    475653], ret:        540 } hitcount:          1
{ common_pid: mc-worker       [    475657], ret:        480 } hitcount:          1
{ common_pid: mc-worker       [    475655], ret:        524 } hitcount:          1
{ common_pid: mc-worker       [    475651], ret:        472 } hitcount:          1
{ common_pid: mc-worker       [    475656], ret:        413 } hitcount:          1
{ common_pid: mc-worker       [    475651], ret:        468 } hitcount:          1
{ common_pid: mc-worker       [    475650], ret:          6 } hitcount:          1
{ common_pid: mc-worker       [    475652], ret:        542 } hitcount:          1
{ common_pid: mc-worker       [    475653], ret:          7 } hitcount:          1
{ common_pid: mc-worker       [    475652], ret:         56 } hitcount:          1
{ common_pid: mc-worker       [    475650], ret:        530 } hitcount:          1
{ common_pid: mc-worker       [    475655], ret:        494 } hitcount:          1
{ common_pid: mc-worker       [    475657], ret:        469 } hitcount:          1
{ common_pid: mc-worker       [    475653], ret:        527 } hitcount:          1
{ common_pid: mc-worker       [    475651], ret:        464 } hitcount:          1
{ common_pid: mc-worker       [    475650], ret:        514 } hitcount:          1
{ common_pid: mc-worker       [    475655], ret:        180 } hitcount:          1
{ common_pid: mc-worker       [    475656], ret:        534 } hitcount:          1
{ common_pid: mc-worker       [    475651], ret:         11 } hitcount:          1
{ common_pid: mc-worker       [    475650], ret:        516 } hitcount:          1
{ common_pid: mc-worker       [    475653], ret:        538 } hitcount:          1
{ common_pid: mc-worker       [    475652], ret:        526 } hitcount:          1
{ common_pid: mc-worker       [    475657], ret:        479 } hitcount:          1
{ common_pid: mc-worker       [    475652], ret:        531 } hitcount:          1
{ common_pid: mc-worker       [    475655], ret:        493 } hitcount:          1
{ common_pid: mc-worker       [    475652], ret:        436 } hitcount:          1
{ common_pid: mc-worker       [    475654], ret:        347 } hitcount:          1
{ common_pid: mc-worker       [    475650], ret:         78 } hitcount:          1
{ common_pid: mc-worker       [    475653], ret:        528 } hitcount:          1
{ common_pid: mc-worker       [    475652], ret:        557 } hitcount:          1
{ common_pid: mc-worker       [    475657], ret:        498 } hitcount:          1
{ common_pid: mc-worker       [    475650], ret:        515 } hitcount:          1
{ common_pid: mc-worker       [    475652], ret:        551 } hitcount:          1
{ common_pid: mc-worker       [    475656], ret:        527 } hitcount:          1
{ common_pid: mc-worker       [    475656], ret:        524 } hitcount:          1
{ common_pid: mc-worker       [    475656], ret:        528 } hitcount:          1
{ common_pid: mc-worker       [    475655], ret:        489 } hitcount:          1
{ common_pid: mc-worker       [    475654], ret:        510 } hitcount:          1
{ common_pid: mc-worker       [    475654], ret:        501 } hitcount:          1
{ common_pid: mc-worker       [    475650], ret:        532 } hitcount:          1
{ common_pid: mc-worker       [    475657], ret:        494 } hitcount:          1
{ common_pid: mc-worker       [    475654], ret:        522 } hitcount:          1
{ common_pid: mc-worker       [    475652], ret:        538 } hitcount:          1
{ common_pid: mc-worker       [    475655], ret:        501 } hitcount:          1
{ common_pid: mc-worker       [    475655], ret:        495 } hitcount:          1
{ common_pid: mc-worker       [    475654], ret:        513 } hitcount:          1
{ common_pid: mc-worker       [    475652], ret:        522 } hitcount:          1
{ common_pid: mc-worker       [    475657], ret:        474 } hitcount:          1
{ common_pid: mc-worker       [    475657], ret:        492 } hitcount:          1
{ common_pid: mc-worker       [    475654], ret:        523 } hitcount:          1
{ common_pid: mc-worker       [    475656], ret:        520 } hitcount:          1
{ common_pid: mc-worker       [    475653], ret:        539 } hitcount:          1
{ common_pid: mc-worker       [    475652], ret:        530 } hitcount:          1
{ common_pid: mc-worker       [    475654], ret:        514 } hitcount:          1
{ common_pid: mc-worker       [    475652], ret:        533 } hitcount:          1
{ common_pid: mc-worker       [    475655], ret:        492 } hitcount:          1
{ common_pid: mc-worker       [    475656], ret:          8 } hitcount:          1
{ common_pid: mc-worker       [    475653], ret:        537 } hitcount:          1
{ common_pid: mc-worker       [    475654], ret:        467 } hitcount:          1
{ common_pid: mc-worker       [    475652], ret:        525 } hitcount:          1
{ common_pid: mc-worker       [    475653], ret:         12 } hitcount:          1
{ common_pid: mc-worker       [    475652], ret:        548 } hitcount:          1
{ common_pid: mc-worker       [    475654], ret:        507 } hitcount:          1
{ common_pid: mc-worker       [    475653], ret:        519 } hitcount:          1
{ common_pid: mc-worker       [    475651], ret:        475 } hitcount:          1
{ common_pid: mc-worker       [    475657], ret:          7 } hitcount:          1
{ common_pid: mc-worker       [    475652], ret:          5 } hitcount:          1
{ common_pid: mc-worker       [    475655], ret:        484 } hitcount:          1
{ common_pid: mc-worker       [    475651], ret:        463 } hitcount:          1
{ common_pid: mc-worker       [    475655], ret:          5 } hitcount:          1
{ common_pid: mc-worker       [    475657], ret:        475 } hitcount:          1
{ common_pid: mc-worker       [    475654], ret:          9 } hitcount:          1
{ common_pid: mc-worker       [    475654], ret:        521 } hitcount:          1
{ common_pid: mc-worker       [    475653], ret:        534 } hitcount:          1
{ common_pid: mc-worker       [    475651], ret:        473 } hitcount:          1
{ common_pid: mc-worker       [    475657], ret:        471 } hitcount:          1
{ common_pid: mc-worker       [    475657], ret:        466 } hitcount:          1
{ common_pid: mc-worker       [    475651], ret:        457 } hitcount:          1
{ common_pid: mc-worker       [    475653], ret:        543 } hitcount:          1
{ common_pid: mc-worker       [    475657], ret:        476 } hitcount:          1
{ common_pid: mc-worker       [    475650], ret:        523 } hitcount:          1
{ common_pid: mc-worker       [    475657], ret:        495 } hitcount:          1
{ common_pid: mc-worker       [    475652], ret:        539 } hitcount:          1
{ common_pid: mc-worker       [    475657], ret:        467 } hitcount:          1
{ common_pid: mc-worker       [    475657], ret:        484 } hitcount:          1
{ common_pid: mc-worker       [    475650], ret:        527 } hitcount:          1
{ common_pid: mc-worker       [    475655], ret:        497 } hitcount:          1
{ common_pid: mc-worker       [    475655], ret:        509 } hitcount:          1
{ common_pid: mc-worker       [    475657], ret:        450 } hitcount:          1
{ common_pid: mc-worker       [    475652], ret:        536 } hitcount:          1
{ common_pid: mc-worker       [    475654], ret:        525 } hitcount:          1
{ common_pid: mc-worker       [    475650], ret:        525 } hitcount:          1
{ common_pid: mc-worker       [    475654], ret:        499 } hitcount:          2
{ common_pid: mc-worker       [    475653], ret:        535 } hitcount:          2
{ common_pid: mc-worker       [    475650], ret:        534 } hitcount:          2
{ common_pid: mc-worker       [    475657], ret:        490 } hitcount:          2
{ common_pid: mc-worker       [    475652], ret:        540 } hitcount:          2
{ common_pid: mc-worker       [    475653], ret:        533 } hitcount:          2
{ common_pid: mc-worker       [    475655], ret:        508 } hitcount:          2
{ common_pid: mc-worker       [    475653], ret:        536 } hitcount:          2
{ common_pid: mc-worker       [    475652], ret:        543 } hitcount:          2
{ common_pid: mc-worker       [    475652], ret:        554 } hitcount:          2
{ common_pid: mc-worker       [    475651], ret:        470 } hitcount:          2
{ common_pid: mc-worker       [    475652], ret:        524 } hitcount:          2
{ common_pid: mc-worker       [    475654], ret:        524 } hitcount:          2
{ common_pid: mc-worker       [    475652], ret:        552 } hitcount:          2
{ common_pid: mc-worker       [    475650], ret:        521 } hitcount:          2
{ common_pid: mc-worker       [    475657], ret:        493 } hitcount:          2
{ common_pid: mc-worker       [    475655], ret:        488 } hitcount:          2
{ common_pid: mc-worker       [    475655], ret:        502 } hitcount:          2
{ common_pid: mc-worker       [    475656], ret:        533 } hitcount:          2
{ common_pid: mc-worker       [    475656], ret:        536 } hitcount:          2
{ common_pid: mc-worker       [    475652], ret:        535 } hitcount:          2
{ common_pid: mc-worker       [    475657], ret:        500 } hitcount:          2
{ common_pid: mc-worker       [    475655], ret:        513 } hitcount:          2
{ common_pid: mc-worker       [    475655], ret:        500 } hitcount:          2
{ common_pid: mc-worker       [    475656], ret:        529 } hitcount:          2
{ common_pid: mc-worker       [    475654], ret:        515 } hitcount:          2
{ common_pid: mc-worker       [    475654], ret:        508 } hitcount:          2
{ common_pid: mc-worker       [    475652], ret:        529 } hitcount:          2
{ common_pid: mc-worker       [    475652], ret:        528 } hitcount:          2
{ common_pid: mc-worker       [    475657], ret:          4 } hitcount:          2
{ common_pid: mc-worker       [    475655], ret:        503 } hitcount:          2
{ common_pid: mc-worker       [    475650], ret:        524 } hitcount:          2
{ common_pid: mc-worker       [    475654], ret:        517 } hitcount:          2
{ common_pid: mc-worker       [    475652], ret:        541 } hitcount:          2
{ common_pid: mc-worker       [    475654], ret:        516 } hitcount:          2
{ common_pid: mc-worker       [    475651], ret:        471 } hitcount:          2
{ common_pid: mc-worker       [    475651], ret:        478 } hitcount:          2
{ common_pid: mc-worker       [    475654], ret:        511 } hitcount:          2
{ common_pid: mc-worker       [    475654], ret:        505 } hitcount:          2
{ common_pid: mc-worker       [    475651], ret:        487 } hitcount:          2
{ common_pid: mc-worker       [    475650], ret:          5 } hitcount:          2
{ common_pid: mc-worker       [    475656], ret:        537 } hitcount:          2
{ common_pid: mc-worker       [    475650], ret:        531 } hitcount:          2
{ common_pid: mc-worker       [    475656], ret:        526 } hitcount:          2
{ common_pid: mc-worker       [    475655], ret:        522 } hitcount:          2
{ common_pid: mc-worker       [    475657], ret:        499 } hitcount:          2
{ common_pid: mc-worker       [    475655], ret:        514 } hitcount:          2
{ common_pid: mc-worker       [    475657], ret:        481 } hitcount:          2
{ common_pid: mc-worker       [    475654], ret:        509 } hitcount:          2
{ common_pid: mc-worker       [    475657], ret:        504 } hitcount:          2
{ common_pid: mc-worker       [    475654], ret:        512 } hitcount:          2
{ common_pid: mc-worker       [    475650], ret:        517 } hitcount:          2
{ common_pid: mc-worker       [    475651], ret:        479 } hitcount:          3
{ common_pid: mc-worker       [    475651], ret:        486 } hitcount:          3
{ common_pid: mc-worker       [    475650], ret:        536 } hitcount:          3
{ common_pid: mc-worker       [    475657], ret:        491 } hitcount:          3
{ common_pid: mc-worker       [    475655], ret:        518 } hitcount:          3
{ common_pid: mc-worker       [    475650], ret:          4 } hitcount:          3
{ common_pid: mc-worker       [    475654], ret:        526 } hitcount:          3
{ common_pid: mc-worker       [    475655], ret:        510 } hitcount:          3
{ common_pid: mc-worker       [    475652], ret:          3 } hitcount:          3
{ common_pid: mc-worker       [    475652], ret:        547 } hitcount:          3
{ common_pid: mc-worker       [    475653], ret:        547 } hitcount:          3
{ common_pid: mc-worker       [    475653], ret:        544 } hitcount:          3
{ common_pid: mc-worker       [    475654], ret:        504 } hitcount:          3
{ common_pid: mc-worker       [    475650], ret:        520 } hitcount:          3
{ common_pid: mc-worker       [    475654], ret:        518 } hitcount:          3
{ common_pid: mc-worker       [    475650], ret:        526 } hitcount:          3
{ common_pid: mc-worker       [    475657], ret:        501 } hitcount:          3
{ common_pid: mc-worker       [    475656], ret:        532 } hitcount:          3
{ common_pid: mc-worker       [    475653], ret:        541 } hitcount:          3
{ common_pid: mc-worker       [    475651], ret:        481 } hitcount:          3
{ common_pid: mc-worker       [    475650], ret:        519 } hitcount:          3
{ common_pid: mc-worker       [    475655], ret:        519 } hitcount:          3
{ common_pid: mc-worker       [    475656], ret:        531 } hitcount:          3
{ common_pid: mc-worker       [    475653], ret:          5 } hitcount:          3
{ common_pid: mc-worker       [    475655], ret:          4 } hitcount:          3
{ common_pid: mc-worker       [    475657], ret:        497 } hitcount:          3
{ common_pid: mc-worker       [    475656], ret:        543 } hitcount:          3
{ common_pid: mc-worker       [    475655], ret:        512 } hitcount:          3
{ common_pid: mc-worker       [    475652], ret:        532 } hitcount:          3
{ common_pid: mc-worker       [    475650], ret:        528 } hitcount:          3
{ common_pid: mc-worker       [    475652], ret:        556 } hitcount:          3
{ common_pid: mc-worker       [    475650], ret:        522 } hitcount:          3
{ common_pid: mc-worker       [    475651], ret:        476 } hitcount:          3
{ common_pid: mc-worker       [    475651], ret:        483 } hitcount:          4
{ common_pid: mc-worker       [    475655], ret:        511 } hitcount:          4
{ common_pid: mc-worker       [    475653], ret:        542 } hitcount:          4
{ common_pid: mc-worker       [    475653], ret:          6 } hitcount:          4
{ common_pid: mc-worker       [    475657], ret:        502 } hitcount:          4
{ common_pid: mc-worker       [    475651], ret:        474 } hitcount:          4
{ common_pid: mc-worker       [    475655], ret:        520 } hitcount:          4
{ common_pid: mc-worker       [    475655], ret:        517 } hitcount:          4
{ common_pid: mc-worker       [    475652], ret:        558 } hitcount:          4
{ common_pid: mc-worker       [    475656], ret:        530 } hitcount:          4
{ common_pid: mc-worker       [    475656], ret:        539 } hitcount:          4
{ common_pid: mc-worker       [    475651], ret:        480 } hitcount:          4
{ common_pid: mc-worker       [    475650], ret:        529 } hitcount:          4
{ common_pid: mc-worker       [    475651], ret:        482 } hitcount:          4
{ common_pid: mc-worker       [    475655], ret:        516 } hitcount:          4
{ common_pid: mc-worker       [    475651], ret:        484 } hitcount:          5
{ common_pid: mc-worker       [    475651], ret:        485 } hitcount:          5
{ common_pid: mc-worker       [    475655], ret:        525 } hitcount:          5
{ common_pid: mc-worker       [    475650], ret:        535 } hitcount:          5
{ common_pid: mc-worker       [    475656], ret:        542 } hitcount:          5
{ common_pid: mc-worker       [    475656], ret:        535 } hitcount:          5
{ common_pid: mc-worker       [    475656], ret:        548 } hitcount:          5
{ common_pid: mc-worker       [    475655], ret:        515 } hitcount:          5
{ common_pid: mc-worker       [    475654], ret:        528 } hitcount:          5
{ common_pid: mc-worker       [    475656], ret:        538 } hitcount:          5
{ common_pid: mc-worker       [    475651], ret:        490 } hitcount:          5
{ common_pid: mc-worker       [    475650], ret:        533 } hitcount:          5
{ common_pid: mc-worker       [    475654], ret:        506 } hitcount:          5
{ common_pid: mc-worker       [    475655], ret:        526 } hitcount:          5
{ common_pid: mc-worker       [    475650], ret:        538 } hitcount:          5
{ common_pid: mc-worker       [    475654], ret:        527 } hitcount:          6
{ common_pid: mc-worker       [    475655], ret:        523 } hitcount:          6
{ common_pid: mc-worker       [    475653], ret:        546 } hitcount:          6
{ common_pid: mc-worker       [    475651], ret:        488 } hitcount:          6
{ common_pid: mc-worker       [    475655], ret:        527 } hitcount:          6
{ common_pid: mc-worker       [    475655], ret:        521 } hitcount:          6
{ common_pid: mc-worker       [    475653], ret:        545 } hitcount:          6
{ common_pid: mc-worker       [    475655], ret:          3 } hitcount:          6
{ common_pid: mc-worker       [    475654], ret:        530 } hitcount:          6
{ common_pid: mc-worker       [    475652], ret:        537 } hitcount:          7
{ common_pid: mc-worker       [    475656], ret:        540 } hitcount:          7
{ common_pid: mc-worker       [    475657], ret:        505 } hitcount:          7
{ common_pid: mc-worker       [    475657], ret:          3 } hitcount:          7
{ common_pid: mc-worker       [    475650], ret:        537 } hitcount:          7
{ common_pid: mc-worker       [    475652], ret:        559 } hitcount:          7
{ common_pid: mc-worker       [    475656], ret:          4 } hitcount:          7
{ common_pid: mc-worker       [    475651], ret:        489 } hitcount:          7
{ common_pid: mc-worker       [    475650], ret:        539 } hitcount:          8
{ common_pid: mc-worker       [    475657], ret:        503 } hitcount:          8
{ common_pid: mc-worker       [    475653], ret:          4 } hitcount:          8
{ common_pid: mc-worker       [    475653], ret:        551 } hitcount:          8
{ common_pid: mc-worker       [    475651], ret:        493 } hitcount:          8
{ common_pid: mc-worker       [    475656], ret:        541 } hitcount:          8
{ common_pid: mc-worker       [    475656], ret:          3 } hitcount:          8
{ common_pid: mc-worker       [    475651], ret:        491 } hitcount:          8
{ common_pid: mc-worker       [    475656], ret:        547 } hitcount:          8
{ common_pid: mc-worker       [    475656], ret:        545 } hitcount:          9
{ common_pid: mc-worker       [    475656], ret:        544 } hitcount:          9
{ common_pid: mc-worker       [    475656], ret:        546 } hitcount:          9
{ common_pid: mc-worker       [    475654], ret:        529 } hitcount:          9
{ common_pid: mc-worker       [    475653], ret:        550 } hitcount:          9
{ common_pid: mc-worker       [    475653], ret:        549 } hitcount:          9
{ common_pid: mc-worker       [    475651], ret:        492 } hitcount:         10
{ common_pid: mc-worker       [    475654], ret:          3 } hitcount:         10
{ common_pid: mc-worker       [    475650], ret:          3 } hitcount:         10
{ common_pid: mc-worker       [    475653], ret:        548 } hitcount:         11
{ common_pid: mc-worker       [    475651], ret:          3 } hitcount:         11
{ common_pid: mc-worker       [    475655], ret:        529 } hitcount:         12
{ common_pid: mc-worker       [    475652], ret:        561 } hitcount:         12
{ common_pid: mc-worker       [    475656], ret:        550 } hitcount:         13
{ common_pid: mc-worker       [    475652], ret:        560 } hitcount:         13
{ common_pid: mc-worker       [    475655], ret:        528 } hitcount:         13
{ common_pid: mc-worker       [    475656], ret:        551 } hitcount:         13
{ common_pid: mc-worker       [    475653], ret:        552 } hitcount:         14
{ common_pid: mc-worker       [    475656], ret:        581 } hitcount:         14
{ common_pid: mc-worker       [    475653], ret:        553 } hitcount:         14
{ common_pid: mc-worker       [    475657], ret:        506 } hitcount:         14
{ common_pid: mc-worker       [    475650], ret:        540 } hitcount:         15
{ common_pid: mc-worker       [    475651], ret:        494 } hitcount:         15
{ common_pid: mc-worker       [    475654], ret:        531 } hitcount:         16
{ common_pid: mc-worker       [    475657], ret:        507 } hitcount:         16
{ common_pid: mc-worker       [    475650], ret:        541 } hitcount:         16
{ common_pid: mc-worker       [    475650], ret:        542 } hitcount:         16
{ common_pid: mc-worker       [    475657], ret:        508 } hitcount:         17
{ common_pid: mc-worker       [    475655], ret:        530 } hitcount:         17
{ common_pid: mc-worker       [    475655], ret:        531 } hitcount:         17
{ common_pid: mc-worker       [    475656], ret:        549 } hitcount:         17
{ common_pid: mc-worker       [    475650], ret:        543 } hitcount:         19
{ common_pid: mc-worker       [    475656], ret:        552 } hitcount:         20
{ common_pid: mc-worker       [    475652], ret:        562 } hitcount:         20
{ common_pid: mc-worker       [    475651], ret:        496 } hitcount:         21
{ common_pid: mc-worker       [    475654], ret:        532 } hitcount:         21
{ common_pid: mc-worker       [    475653], ret:          3 } hitcount:         21
{ common_pid: mc-worker       [    475651], ret:        495 } hitcount:         22
{ common_pid: mc-worker       [    475654], ret:        533 } hitcount:         22
{ common_pid: mc-worker       [    475656], ret:        553 } hitcount:         22
{ common_pid: mc-worker       [    475650], ret:        569 } hitcount:         23
{ common_pid: mc-worker       [    475655], ret:        532 } hitcount:         23
{ common_pid: mc-worker       [    475653], ret:        555 } hitcount:         24
{ common_pid: mc-worker       [    475657], ret:        509 } hitcount:         26
{ common_pid: mc-worker       [    475653], ret:        554 } hitcount:         27
{ common_pid: mc-worker       [    475656], ret:        554 } hitcount:         28
{ common_pid: mc-worker       [    475656], ret:        580 } hitcount:         29
{ common_pid: mc-worker       [    475657], ret:          2 } hitcount:         31
{ common_pid: mc-worker       [    475653], ret:        579 } hitcount:         31
{ common_pid: mc-worker       [    475652], ret:          2 } hitcount:         31
{ common_pid: mc-worker       [    475655], ret:        562 } hitcount:         32
{ common_pid: mc-worker       [    475650], ret:        544 } hitcount:         32
{ common_pid: mc-worker       [    475656], ret:        555 } hitcount:         32
{ common_pid: mc-worker       [    475655], ret:        533 } hitcount:         32
{ common_pid: mc-worker       [    475655], ret:          2 } hitcount:         33
{ common_pid: mc-worker       [    475655], ret:        535 } hitcount:         34
{ common_pid: mc-worker       [    475656], ret:        579 } hitcount:         34
{ common_pid: mc-worker       [    475651], ret:        497 } hitcount:         34
{ common_pid: mc-worker       [    475654], ret:          2 } hitcount:         34
{ common_pid: mc-worker       [    475651], ret:          2 } hitcount:         34
{ common_pid: mc-worker       [    475654], ret:        534 } hitcount:         35
{ common_pid: mc-worker       [    475655], ret:        560 } hitcount:         35
{ common_pid: mc-worker       [    475655], ret:        561 } hitcount:         36
{ common_pid: mc-worker       [    475652], ret:        563 } hitcount:         37
{ common_pid: mc-worker       [    475651], ret:        498 } hitcount:         37
{ common_pid: mc-worker       [    475652], ret:        564 } hitcount:         38
{ common_pid: mc-worker       [    475657], ret:        510 } hitcount:         39
{ common_pid: mc-worker       [    475655], ret:        534 } hitcount:         41
{ common_pid: mc-worker       [    475653], ret:        556 } hitcount:         42
{ common_pid: mc-worker       [    475653], ret:        580 } hitcount:         43
{ common_pid: mc-worker       [    475650], ret:        568 } hitcount:         43
{ common_pid: mc-worker       [    475656], ret:          2 } hitcount:         44
{ common_pid: mc-worker       [    475657], ret:        532 } hitcount:         45
{ common_pid: mc-worker       [    475650], ret:        545 } hitcount:         47
{ common_pid: mc-worker       [    475654], ret:        535 } hitcount:         48
{ common_pid: mc-worker       [    475650], ret:          2 } hitcount:         49
{ common_pid: mc-worker       [    475657], ret:        511 } hitcount:         50
{ common_pid: mc-worker       [    475651], ret:        518 } hitcount:         54
{ common_pid: mc-worker       [    475655], ret:        536 } hitcount:         54
{ common_pid: mc-worker       [    475653], ret:          2 } hitcount:         58
{ common_pid: mc-worker       [    475654], ret:        536 } hitcount:         59
{ common_pid: mc-worker       [    475656], ret:        557 } hitcount:         60
{ common_pid: mc-worker       [    475653], ret:        557 } hitcount:         61
{ common_pid: mc-worker       [    475656], ret:        556 } hitcount:         61
{ common_pid: mc-worker       [    475652], ret:        581 } hitcount:         64
{ common_pid: mc-worker       [    475656], ret:        578 } hitcount:         65
{ common_pid: mc-worker       [    475652], ret:        582 } hitcount:         65
{ common_pid: mc-worker       [    475657], ret:        512 } hitcount:         66
{ common_pid: mc-worker       [    475651], ret:        499 } hitcount:         66
{ common_pid: mc-worker       [    475650], ret:        547 } hitcount:         68
{ common_pid: mc-worker       [    475651], ret:        517 } hitcount:         69
{ common_pid: mc-worker       [    475653], ret:        559 } hitcount:         70
{ common_pid: mc-worker       [    475653], ret:        558 } hitcount:         72
{ common_pid: mc-worker       [    475655], ret:        537 } hitcount:         72
{ common_pid: mc-worker       [    475650], ret:        546 } hitcount:         75
{ common_pid: mc-worker       [    475657], ret:        531 } hitcount:         75
{ common_pid: mc-worker       [    475656], ret:        558 } hitcount:         78
{ common_pid: mc-worker       [    475653], ret:        578 } hitcount:         79
{ common_pid: mc-worker       [    475654], ret:        537 } hitcount:         80
{ common_pid: mc-worker       [    475652], ret:        565 } hitcount:         81
{ common_pid: mc-worker       [    475650], ret:        548 } hitcount:         81
{ common_pid: mc-worker       [    475654], ret:        555 } hitcount:         81
{ common_pid: mc-worker       [    475655], ret:        538 } hitcount:         83
{ common_pid: mc-worker       [    475657], ret:        513 } hitcount:         84
{ common_pid: mc-worker       [    475650], ret:        567 } hitcount:         85
{ common_pid: mc-worker       [    475654], ret:        556 } hitcount:         85
{ common_pid: mc-worker       [    475652], ret:        566 } hitcount:         91
{ common_pid: mc-worker       [    475651], ret:        501 } hitcount:         97
{ common_pid: mc-worker       [    475656], ret:        577 } hitcount:        101
{ common_pid: mc-worker       [    475654], ret:        538 } hitcount:        101
{ common_pid: mc-worker       [    475651], ret:        500 } hitcount:        102
{ common_pid: mc-worker       [    475655], ret:        539 } hitcount:        111
{ common_pid: mc-worker       [    475653], ret:        560 } hitcount:        113
{ common_pid: mc-worker       [    475655], ret:        559 } hitcount:        115
{ common_pid: mc-worker       [    475651], ret:        516 } hitcount:        122
{ common_pid: mc-worker       [    475655], ret:        540 } hitcount:        122
{ common_pid: mc-worker       [    475657], ret:        530 } hitcount:        123
{ common_pid: mc-worker       [    475656], ret:        559 } hitcount:        123
{ common_pid: mc-worker       [    475653], ret:        577 } hitcount:        127
{ common_pid: mc-worker       [    475657], ret:        514 } hitcount:        129
{ common_pid: mc-worker       [    475650], ret:        549 } hitcount:        134
{ common_pid: mc-worker       [    475654], ret:        539 } hitcount:        134
{ common_pid: mc-worker       [    475657], ret:        515 } hitcount:        139
{ common_pid: mc-worker       [    475655], ret:        541 } hitcount:        142
{ common_pid: mc-worker       [    475656], ret:        576 } hitcount:        149
{ common_pid: mc-worker       [    475653], ret:        561 } hitcount:        151
{ common_pid: mc-worker       [    475652], ret:        567 } hitcount:        153
{ common_pid: mc-worker       [    475650], ret:        550 } hitcount:        154
{ common_pid: mc-worker       [    475654], ret:        540 } hitcount:        161
{ common_pid: mc-worker       [    475653], ret:        576 } hitcount:        163
{ common_pid: mc-worker       [    475656], ret:        560 } hitcount:        164
{ common_pid: mc-worker       [    475650], ret:        566 } hitcount:        170
{ common_pid: mc-worker       [    475655], ret:        558 } hitcount:        173
{ common_pid: mc-worker       [    475652], ret:        580 } hitcount:        175
{ common_pid: mc-worker       [    475651], ret:        502 } hitcount:        178
{ common_pid: mc-worker       [    475654], ret:        554 } hitcount:        182
{ common_pid: mc-worker       [    475656], ret:        575 } hitcount:        185
{ common_pid: mc-worker       [    475655], ret:        542 } hitcount:        186
{ common_pid: mc-worker       [    475653], ret:        562 } hitcount:        187
{ common_pid: mc-worker       [    475655], ret:        557 } hitcount:        189
{ common_pid: mc-worker       [    475657], ret:        529 } hitcount:        193
{ common_pid: mc-worker       [    475651], ret:        503 } hitcount:        198
{ common_pid: mc-worker       [    475655], ret:        543 } hitcount:        200
{ common_pid: mc-worker       [    475650], ret:        551 } hitcount:        201
{ common_pid: mc-worker       [    475652], ret:        568 } hitcount:        205
{ common_pid: mc-worker       [    475650], ret:        565 } hitcount:        209
{ common_pid: mc-worker       [    475654], ret:        553 } hitcount:        210
{ common_pid: mc-worker       [    475657], ret:        516 } hitcount:        213
{ common_pid: mc-worker       [    475656], ret:        561 } hitcount:        218
{ common_pid: mc-worker       [    475654], ret:        541 } hitcount:        219
{ common_pid: mc-worker       [    475650], ret:        552 } hitcount:        227
{ common_pid: mc-worker       [    475652], ret:        579 } hitcount:        233
{ common_pid: mc-worker       [    475650], ret:        553 } hitcount:        234
{ common_pid: mc-worker       [    475657], ret:        528 } hitcount:        235
{ common_pid: mc-worker       [    475654], ret:        542 } hitcount:        246
{ common_pid: mc-worker       [    475652], ret:        569 } hitcount:        251
{ common_pid: mc-worker       [    475653], ret:        575 } hitcount:        251
{ common_pid: mc-worker       [    475654], ret:        552 } hitcount:        251
{ common_pid: mc-worker       [    475656], ret:        574 } hitcount:        252
{ common_pid: mc-worker       [    475653], ret:        563 } hitcount:        254
{ common_pid: mc-worker       [    475654], ret:        543 } hitcount:        255
{ common_pid: mc-worker       [    475655], ret:        556 } hitcount:        256
{ common_pid: mc-worker       [    475655], ret:        544 } hitcount:        262
{ common_pid: mc-worker       [    475651], ret:        515 } hitcount:        263
{ common_pid: mc-worker       [    475651], ret:        504 } hitcount:        266
{ common_pid: mc-worker       [    475657], ret:        517 } hitcount:        266
{ common_pid: mc-worker       [    475656], ret:        562 } hitcount:        271
{ common_pid: mc-worker       [    475652], ret:        570 } hitcount:        290
{ common_pid: mc-worker       [    475652], ret:        578 } hitcount:        296
{ common_pid: mc-worker       [    475657], ret:        518 } hitcount:        296
{ common_pid: mc-worker       [    475650], ret:        554 } hitcount:        296
{ common_pid: mc-worker       [    475650], ret:        564 } hitcount:        300
{ common_pid: mc-worker       [    475653], ret:        574 } hitcount:        306
{ common_pid: mc-worker       [    475653], ret:        564 } hitcount:        307
{ common_pid: mc-worker       [    475651], ret:        514 } hitcount:        307
{ common_pid: mc-worker       [    475655], ret:        555 } hitcount:        308
{ common_pid: mc-worker       [    475651], ret:        505 } hitcount:        310
{ common_pid: mc-worker       [    475655], ret:        545 } hitcount:        311
{ common_pid: mc-worker       [    475656], ret:        563 } hitcount:        316
{ common_pid: mc-worker       [    475650], ret:        562 } hitcount:        322
{ common_pid: mc-worker       [    475654], ret:        544 } hitcount:        324
{ common_pid: mc-worker       [    475656], ret:        573 } hitcount:        326
{ common_pid: mc-worker       [    475655], ret:        546 } hitcount:        333
{ common_pid: mc-worker       [    475657], ret:        527 } hitcount:        336
{ common_pid: mc-worker       [    475650], ret:        563 } hitcount:        336
{ common_pid: mc-worker       [    475655], ret:        547 } hitcount:        338
{ common_pid: mc-worker       [    475654], ret:        551 } hitcount:        344
{ common_pid: mc-worker       [    475654], ret:        545 } hitcount:        351
{ common_pid: mc-worker       [    475655], ret:        554 } hitcount:        357
{ common_pid: mc-worker       [    475656], ret:        564 } hitcount:        358
{ common_pid: mc-worker       [    475650], ret:        561 } hitcount:        360
{ common_pid: mc-worker       [    475655], ret:        548 } hitcount:        362
{ common_pid: mc-worker       [    475650], ret:        555 } hitcount:        362
{ common_pid: mc-worker       [    475657], ret:        526 } hitcount:        369
{ common_pid: mc-worker       [    475653], ret:        573 } hitcount:        374
{ common_pid: mc-worker       [    475657], ret:        519 } hitcount:        384
{ common_pid: mc-worker       [    475655], ret:        551 } hitcount:        385
{ common_pid: mc-worker       [    475650], ret:        559 } hitcount:        387
{ common_pid: mc-worker       [    475650], ret:        556 } hitcount:        388
{ common_pid: mc-worker       [    475654], ret:        550 } hitcount:        389
{ common_pid: mc-worker       [    475650], ret:        557 } hitcount:        397
{ common_pid: mc-worker       [    475651], ret:        506 } hitcount:        399
{ common_pid: mc-worker       [    475655], ret:        553 } hitcount:        401
{ common_pid: mc-worker       [    475653], ret:        567 } hitcount:        403
{ common_pid: mc-worker       [    475652], ret:        571 } hitcount:        404
{ common_pid: mc-worker       [    475653], ret:        565 } hitcount:        404
{ common_pid: mc-worker       [    475651], ret:        513 } hitcount:        404
{ common_pid: mc-worker       [    475654], ret:        546 } hitcount:        404
{ common_pid: mc-worker       [    475650], ret:        558 } hitcount:        405
{ common_pid: mc-worker       [    475655], ret:        549 } hitcount:        409
{ common_pid: mc-worker       [    475653], ret:        566 } hitcount:        410
{ common_pid: mc-worker       [    475656], ret:        572 } hitcount:        412
{ common_pid: mc-worker       [    475652], ret:        577 } hitcount:        412
{ common_pid: mc-worker       [    475650], ret:        560 } hitcount:        412
{ common_pid: mc-worker       [    475655], ret:        550 } hitcount:        413
{ common_pid: mc-worker       [    475657], ret:        520 } hitcount:        417
{ common_pid: mc-worker       [    475655], ret:        552 } hitcount:        417
{ common_pid: mc-worker       [    475654], ret:        549 } hitcount:        418
{ common_pid: mc-worker       [    475652], ret:        572 } hitcount:        420
{ common_pid: mc-worker       [    475657], ret:        523 } hitcount:        433
{ common_pid: mc-worker       [    475651], ret:        507 } hitcount:        433
{ common_pid: mc-worker       [    475652], ret:        573 } hitcount:        434
{ common_pid: mc-worker       [    475656], ret:        565 } hitcount:        438
{ common_pid: mc-worker       [    475652], ret:        576 } hitcount:        441
{ common_pid: mc-worker       [    475657], ret:        525 } hitcount:        445
{ common_pid: mc-worker       [    475654], ret:        548 } hitcount:        448
{ common_pid: mc-worker       [    475656], ret:        571 } hitcount:        449
{ common_pid: mc-worker       [    475657], ret:        522 } hitcount:        450
{ common_pid: mc-worker       [    475653], ret:        571 } hitcount:        454
{ common_pid: mc-worker       [    475653], ret:        572 } hitcount:        461
{ common_pid: mc-worker       [    475657], ret:        521 } hitcount:        462
{ common_pid: mc-worker       [    475656], ret:        566 } hitcount:        468
{ common_pid: mc-worker       [    475651], ret:        512 } hitcount:        470
{ common_pid: mc-worker       [    475656], ret:        570 } hitcount:        471
{ common_pid: mc-worker       [    475654], ret:        547 } hitcount:        474
{ common_pid: mc-worker       [    475652], ret:        575 } hitcount:        479
{ common_pid: mc-worker       [    475656], ret:        567 } hitcount:        481
{ common_pid: mc-worker       [    475653], ret:        568 } hitcount:        483
{ common_pid: mc-worker       [    475656], ret:        569 } hitcount:        489
{ common_pid: mc-worker       [    475653], ret:        570 } hitcount:        491
{ common_pid: mc-worker       [    475653], ret:        569 } hitcount:        494
{ common_pid: mc-worker       [    475651], ret:        508 } hitcount:        504
{ common_pid: mc-worker       [    475657], ret:        524 } hitcount:        506
{ common_pid: mc-worker       [    475656], ret:        568 } hitcount:        519
{ common_pid: mc-worker       [    475651], ret:        511 } hitcount:        531
{ common_pid: mc-worker       [    475651], ret:        509 } hitcount:        536
{ common_pid: mc-worker       [    475652], ret:        574 } hitcount:        542
{ common_pid: mc-worker       [    475651], ret:        510 } hitcount:        563
{ common_pid: mc-worker       [    475651], ret:          1 } hitcount:        601
{ common_pid: mc-worker       [    475657], ret:          1 } hitcount:        613
{ common_pid: mc-worker       [    475654], ret:          1 } hitcount:        631
{ common_pid: mc-worker       [    475655], ret:          1 } hitcount:        663
{ common_pid: mc-worker       [    475652], ret:          1 } hitcount:        679
{ common_pid: mc-worker       [    475650], ret:          1 } hitcount:        685
{ common_pid: mc-worker       [    475656], ret:          1 } hitcount:        699
{ common_pid: mc-worker       [    475653], ret:          1 } hitcount:        710
