Linux 6.11.0-rc3-suspendv2 (cache-sql13432) 	08/22/2024 	_x86_64_	(64 CPU)

07:29:17 AM     CPU      %usr     %nice      %sys   %iowait    %steal      %irq     %soft    %guest    %gnice     %idle
07:29:18 AM      16     11.00      0.00     50.00      0.00      0.00      1.00     38.00      0.00      0.00      0.00
07:29:18 AM      17      9.00      0.00     48.00      0.00      0.00      1.00     42.00      0.00      0.00      0.00
07:29:18 AM      18      9.00      0.00     50.00      0.00      0.00      1.00     40.00      0.00      0.00      0.00
07:29:18 AM      19     10.00      0.00     48.00      0.00      0.00      1.00     41.00      0.00      0.00      0.00
07:29:18 AM      20      6.00      0.00     43.00      0.00      0.00      1.00     47.00      0.00      0.00      3.00
07:29:18 AM      21      7.07      0.00     46.46      0.00      0.00      1.01     45.45      0.00      0.00      0.00
07:29:18 AM      22     11.00      0.00     50.00      0.00      0.00      1.00     38.00      0.00      0.00      0.00
07:29:18 AM      23     11.00      0.00     50.00      0.00      0.00      1.00     38.00      0.00      0.00      0.00

07:29:18 AM     CPU      %usr     %nice      %sys   %iowait    %steal      %irq     %soft    %guest    %gnice     %idle
07:29:19 AM      16     12.00      0.00     48.00      0.00      0.00      1.00     39.00      0.00      0.00      0.00
07:29:19 AM      17      8.00      0.00     48.00      0.00      0.00      1.00     43.00      0.00      0.00      0.00
07:29:19 AM      18      9.00      0.00     51.00      0.00      0.00      1.00     39.00      0.00      0.00      0.00
07:29:19 AM      19      9.09      0.00     48.48      0.00      0.00      1.01     41.41      0.00      0.00      0.00
07:29:19 AM      20      6.93      0.00     44.55      0.00      0.00      0.99     47.52      0.00      0.00      0.00
07:29:19 AM      21      6.93      0.00     45.54      0.00      0.00      0.99     45.54      0.00      0.00      0.99
07:29:19 AM      22     13.00      0.00     47.00      0.00      0.00      1.00     39.00      0.00      0.00      0.00
07:29:19 AM      23     11.00      0.00     49.00      0.00      0.00      1.00     39.00      0.00      0.00      0.00

07:29:19 AM     CPU      %usr     %nice      %sys   %iowait    %steal      %irq     %soft    %guest    %gnice     %idle
07:29:20 AM      16     11.88      0.00     48.51      0.00      0.00      0.99     38.61      0.00      0.00      0.00
07:29:20 AM      17      8.91      0.00     47.52      0.00      0.00      0.99     42.57      0.00      0.00      0.00
07:29:20 AM      18      8.00      0.00     52.00      0.00      0.00      1.00     39.00      0.00      0.00      0.00
07:29:20 AM      19      8.91      0.00     48.51      0.00      0.00      0.99     41.58      0.00      0.00      0.00
07:29:20 AM      20      7.07      0.00     43.43      0.00      0.00      1.01     47.47      0.00      0.00      1.01
07:29:20 AM      21      7.92      0.00     45.54      0.00      0.00      0.99     45.54      0.00      0.00      0.00
07:29:20 AM      22     12.00      0.00     49.00      0.00      0.00      1.00     38.00      0.00      0.00      0.00
07:29:20 AM      23     10.00      0.00     50.00      0.00      0.00      1.00     39.00      0.00      0.00      0.00

07:29:20 AM     CPU      %usr     %nice      %sys   %iowait    %steal      %irq     %soft    %guest    %gnice     %idle
07:29:21 AM      16     10.89      0.00     48.51      0.00      0.00      0.99     38.61      0.00      0.00      0.99
07:29:21 AM      17      8.08      0.00     48.48      0.00      0.00      1.01     42.42      0.00      0.00      0.00
07:29:21 AM      18      9.09      0.00     50.51      0.00      0.00      1.01     39.39      0.00      0.00      0.00
07:29:21 AM      19      8.08      0.00     49.49      0.00      0.00      1.01     41.41      0.00      0.00      0.00
07:29:21 AM      20      7.00      0.00     45.00      0.00      0.00      1.00     47.00      0.00      0.00      0.00
07:29:21 AM      21      7.07      0.00     46.46      0.00      0.00      1.01     45.45      0.00      0.00      0.00
07:29:21 AM      22     11.00      0.00     49.00      0.00      0.00      1.00     39.00      0.00      0.00      0.00
07:29:21 AM      23     11.00      0.00     49.00      0.00      0.00      1.00     39.00      0.00      0.00      0.00

07:29:21 AM     CPU      %usr     %nice      %sys   %iowait    %steal      %irq     %soft    %guest    %gnice     %idle
07:29:22 AM      16     11.11      0.00     49.49      0.00      0.00      1.01     38.38      0.00      0.00      0.00
07:29:22 AM      17      8.82      0.00     47.06      0.00      0.00      0.98     42.16      0.00      0.00      0.98
07:29:22 AM      18      9.90      0.00     50.50      0.00      0.00      0.99     38.61      0.00      0.00      0.00
07:29:22 AM      19     10.00      0.00     48.00      0.00      0.00      0.00     42.00      0.00      0.00      0.00
07:29:22 AM      20      8.00      0.00     44.00      0.00      0.00      0.00     48.00      0.00      0.00      0.00
07:29:22 AM      21      9.00      0.00     45.00      0.00      0.00      0.00     46.00      0.00      0.00      0.00
07:29:22 AM      22     12.00      0.00     49.00      0.00      0.00      1.00     38.00      0.00      0.00      0.00
07:29:22 AM      23     10.00      0.00     50.00      0.00      0.00      1.00     39.00      0.00      0.00      0.00

07:29:22 AM     CPU      %usr     %nice      %sys   %iowait    %steal      %irq     %soft    %guest    %gnice     %idle
07:29:23 AM      16     10.10      0.00     50.51      0.00      0.00      0.00     39.39      0.00      0.00      0.00
07:29:23 AM      17      9.09      0.00     47.47      0.00      0.00      1.01     42.42      0.00      0.00      0.00
07:29:23 AM      18      7.00      0.00     52.00      0.00      0.00      1.00     40.00      0.00      0.00      0.00
07:29:23 AM      19      9.00      0.00     48.00      0.00      0.00      1.00     42.00      0.00      0.00      0.00
07:29:23 AM      20      8.00      0.00     44.00      0.00      0.00      1.00     47.00      0.00      0.00      0.00
07:29:23 AM      21      7.92      0.00     44.55      0.00      0.00      0.99     46.53      0.00      0.00      0.00
07:29:23 AM      22     10.20      0.00     51.02      0.00      0.00      0.00     38.78      0.00      0.00      0.00
07:29:23 AM      23     12.00      0.00     49.00      0.00      0.00      1.00     38.00      0.00      0.00      0.00

07:29:23 AM     CPU      %usr     %nice      %sys   %iowait    %steal      %irq     %soft    %guest    %gnice     %idle
07:29:24 AM      16     10.00      0.00     50.00      0.00      0.00      1.00     39.00      0.00      0.00      0.00
07:29:24 AM      17      8.00      0.00     50.00      0.00      0.00      0.00     42.00      0.00      0.00      0.00
07:29:24 AM      18      9.09      0.00     51.52      0.00      0.00      0.00     39.39      0.00      0.00      0.00
07:29:24 AM      19     10.00      0.00     48.00      0.00      0.00      1.00     41.00      0.00      0.00      0.00
07:29:24 AM      20      7.00      0.00     45.00      0.00      0.00      1.00     47.00      0.00      0.00      0.00
07:29:24 AM      21      8.00      0.00     45.00      0.00      0.00      1.00     46.00      0.00      0.00      0.00
07:29:24 AM      22     11.88      0.00     48.51      0.00      0.00      0.99     38.61      0.00      0.00      0.00
07:29:24 AM      23     11.11      0.00     49.49      0.00      0.00      0.00     39.39      0.00      0.00      0.00

07:29:24 AM     CPU      %usr     %nice      %sys   %iowait    %steal      %irq     %soft    %guest    %gnice     %idle
07:29:25 AM      16     11.00      0.00     49.00      0.00      0.00      1.00     39.00      0.00      0.00      0.00
07:29:25 AM      17      9.00      0.00     47.00      0.00      0.00      1.00     43.00      0.00      0.00      0.00
07:29:25 AM      18     11.00      0.00     49.00      0.00      0.00      1.00     39.00      0.00      0.00      0.00
07:29:25 AM      19      7.92      0.00     48.51      0.00      0.00      0.99     41.58      0.00      0.00      0.99
07:29:25 AM      20      7.92      0.00     43.56      0.00      0.00      0.99     47.52      0.00      0.00      0.00
07:29:25 AM      21      7.00      0.00     46.00      0.00      0.00      1.00     46.00      0.00      0.00      0.00
07:29:25 AM      22     11.00      0.00     50.00      0.00      0.00      1.00     38.00      0.00      0.00      0.00
07:29:25 AM      23     10.89      0.00     49.50      0.00      0.00      0.99     38.61      0.00      0.00      0.00

07:29:25 AM     CPU      %usr     %nice      %sys   %iowait    %steal      %irq     %soft    %guest    %gnice     %idle
07:29:26 AM      16     11.00      0.00     49.00      0.00      0.00      1.00     39.00      0.00      0.00      0.00
07:29:26 AM      17      8.08      0.00     48.48      0.00      0.00      1.01     42.42      0.00      0.00      0.00
07:29:26 AM      18      9.90      0.00     50.50      0.00      0.00      0.99     38.61      0.00      0.00      0.00
07:29:26 AM      19     10.00      0.00     48.00      0.00      0.00      1.00     41.00      0.00      0.00      0.00
07:29:26 AM      20      6.00      0.00     46.00      0.00      0.00      1.00     47.00      0.00      0.00      0.00
07:29:26 AM      21      7.00      0.00     47.00      0.00      0.00      1.00     45.00      0.00      0.00      0.00
07:29:26 AM      22     10.78      0.00     49.02      0.00      0.00      0.98     38.24      0.00      0.00      0.98
07:29:26 AM      23     11.11      0.00     49.49      0.00      0.00      1.01     38.38      0.00      0.00      0.00

07:29:26 AM     CPU      %usr     %nice      %sys   %iowait    %steal      %irq     %soft    %guest    %gnice     %idle
07:29:27 AM      16     12.00      0.00     49.00      0.00      0.00      1.00     38.00      0.00      0.00      0.00
07:29:27 AM      17      8.00      0.00     48.00      0.00      0.00      1.00     43.00      0.00      0.00      0.00
07:29:27 AM      18      9.09      0.00     50.51      0.00      0.00      1.01     39.39      0.00      0.00      0.00
07:29:27 AM      19      9.00      0.00     48.00      0.00      0.00      1.00     42.00      0.00      0.00      0.00
07:29:27 AM      20      7.00      0.00     44.00      0.00      0.00      1.00     48.00      0.00      0.00      0.00
07:29:27 AM      21      7.07      0.00     46.46      0.00      0.00      0.00     46.46      0.00      0.00      0.00
07:29:27 AM      22     11.00      0.00     50.00      0.00      0.00      1.00     38.00      0.00      0.00      0.00
07:29:27 AM      23     11.00      0.00     49.00      0.00      0.00      1.00     39.00      0.00      0.00      0.00

Average:        CPU      %usr     %nice      %sys   %iowait    %steal      %irq     %soft    %guest    %gnice     %idle
Average:         16     11.10      0.00     49.20      0.00      0.00      0.90     38.70      0.00      0.00      0.10
Average:         17      8.50      0.00     48.00      0.00      0.00      0.90     42.50      0.00      0.00      0.10
Average:         18      9.11      0.00     50.75      0.00      0.00      0.90     39.24      0.00      0.00      0.00
Average:         19      9.20      0.00     48.30      0.00      0.00      0.90     41.50      0.00      0.00      0.10
Average:         20      7.09      0.00     44.26      0.00      0.00      0.90     47.35      0.00      0.00      0.40
Average:         21      7.50      0.00     45.80      0.00      0.00      0.80     45.80      0.00      0.00      0.10
Average:         22     11.39      0.00     49.25      0.00      0.00      0.90     38.36      0.00      0.00      0.10
Average:         23     10.91      0.00     49.45      0.00      0.00      0.90     38.74      0.00      0.00      0.00
