Linux 6.11.0-rc3-suspendv2 (cache-sql13432) 	08/22/2024 	_x86_64_	(64 CPU)

04:29:53 AM     CPU      %usr     %nice      %sys   %iowait    %steal      %irq     %soft    %guest    %gnice     %idle
04:29:54 AM      16     13.33      0.00     53.33      0.00      0.00      1.11     12.22      0.00      0.00     20.00
04:29:54 AM      17     13.04      0.00     54.35      0.00      0.00      1.09     11.96      0.00      0.00     19.57
04:29:54 AM      18     12.09      0.00     58.24      0.00      0.00      1.10     10.99      0.00      0.00     17.58
04:29:54 AM      19     13.04      0.00     55.43      0.00      0.00      1.09     11.96      0.00      0.00     18.48
04:29:54 AM      20     13.19      0.00     58.24      0.00      0.00      1.10     10.99      0.00      0.00     16.48
04:29:54 AM      21     11.96      0.00     55.43      0.00      0.00      1.09     11.96      0.00      0.00     19.57
04:29:54 AM      22     12.36      0.00     57.30      0.00      0.00      1.12     11.24      0.00      0.00     17.98
04:29:54 AM      23     11.11      0.00     58.89      0.00      0.00      1.11     11.11      0.00      0.00     17.78

04:29:54 AM     CPU      %usr     %nice      %sys   %iowait    %steal      %irq     %soft    %guest    %gnice     %idle
04:29:55 AM      16     10.87      0.00     58.70      0.00      0.00      1.09     10.87      0.00      0.00     18.48
04:29:55 AM      17     14.29      0.00     52.75      0.00      0.00      1.10     12.09      0.00      0.00     19.78
04:29:55 AM      18     13.98      0.00     52.69      0.00      0.00      1.08     11.83      0.00      0.00     20.43
04:29:55 AM      19     13.33      0.00     52.22      0.00      0.00      1.11     12.22      0.00      0.00     21.11
04:29:55 AM      20     11.24      0.00     60.67      0.00      0.00      1.12     11.24      0.00      0.00     15.73
04:29:55 AM      21     14.61      0.00     53.93      0.00      0.00      1.12     11.24      0.00      0.00     19.10
04:29:55 AM      22     12.09      0.00     61.54      0.00      0.00      1.10     10.99      0.00      0.00     14.29
04:29:55 AM      23     13.98      0.00     56.99      0.00      0.00      1.08     10.75      0.00      0.00     17.20

04:29:55 AM     CPU      %usr     %nice      %sys   %iowait    %steal      %irq     %soft    %guest    %gnice     %idle
04:29:56 AM      16     12.09      0.00     59.34      0.00      0.00      1.10     10.99      0.00      0.00     16.48
04:29:56 AM      17     11.11      0.00     54.44      0.00      0.00      1.11     12.22      0.00      0.00     21.11
04:29:56 AM      18     11.96      0.00     52.17      0.00      0.00      1.09     13.04      0.00      0.00     21.74
04:29:56 AM      19     12.22      0.00     53.33      0.00      0.00      1.11     12.22      0.00      0.00     21.11
04:29:56 AM      20     15.05      0.00     58.06      0.00      0.00      1.08      9.68      0.00      0.00     16.13
04:29:56 AM      21     10.23      0.00     55.68      0.00      0.00      1.14     12.50      0.00      0.00     20.45
04:29:56 AM      22     12.90      0.00     62.37      0.00      0.00      0.00      9.68      0.00      0.00     15.05
04:29:56 AM      23     14.29      0.00     57.14      0.00      0.00      1.10     10.99      0.00      0.00     16.48

04:29:56 AM     CPU      %usr     %nice      %sys   %iowait    %steal      %irq     %soft    %guest    %gnice     %idle
04:29:57 AM      16     12.22      0.00     60.00      0.00      0.00      1.11     11.11      0.00      0.00     15.56
04:29:57 AM      17     13.48      0.00     50.56      0.00      0.00      1.12     13.48      0.00      0.00     21.35
04:29:57 AM      18     13.33      0.00     51.11      0.00      0.00      1.11     12.22      0.00      0.00     22.22
04:29:57 AM      19     13.04      0.00     53.26      0.00      0.00      1.09     11.96      0.00      0.00     20.65
04:29:57 AM      20     11.96      0.00     61.96      0.00      0.00      1.09      9.78      0.00      0.00     15.22
04:29:57 AM      21     12.09      0.00     54.95      0.00      0.00      1.10     12.09      0.00      0.00     19.78
04:29:57 AM      22     11.11      0.00     63.33      0.00      0.00      1.11     10.00      0.00      0.00     14.44
04:29:57 AM      23     10.99      0.00     59.34      0.00      0.00      1.10     10.99      0.00      0.00     17.58

04:29:57 AM     CPU      %usr     %nice      %sys   %iowait    %steal      %irq     %soft    %guest    %gnice     %idle
04:29:58 AM      16     14.44      0.00     55.56      0.00      0.00      1.11     11.11      0.00      0.00     17.78
04:29:58 AM      17     12.22      0.00     55.56      0.00      0.00      1.11     12.22      0.00      0.00     18.89
04:29:58 AM      18     11.96      0.00     54.35      0.00      0.00      1.09     11.96      0.00      0.00     20.65
04:29:58 AM      19     11.96      0.00     53.26      0.00      0.00      1.09     11.96      0.00      0.00     21.74
04:29:58 AM      20     12.63      0.00     61.05      0.00      0.00      1.05     10.53      0.00      0.00     14.74
04:29:58 AM      21     12.79      0.00     53.49      0.00      0.00      1.16     12.79      0.00      0.00     19.77
04:29:58 AM      22     12.09      0.00     61.54      0.00      0.00      1.10     10.99      0.00      0.00     14.29
04:29:58 AM      23     14.13      0.00     57.61      0.00      0.00      1.09     10.87      0.00      0.00     16.30

04:29:58 AM     CPU      %usr     %nice      %sys   %iowait    %steal      %irq     %soft    %guest    %gnice     %idle
04:29:59 AM      16     11.96      0.00     67.39      0.00      0.00      0.00      8.70      0.00      0.00     11.96
04:29:59 AM      17     12.22      0.00     63.33      0.00      0.00      0.00     10.00      0.00      0.00     14.44
04:29:59 AM      18     14.13      0.00     57.61      0.00      0.00      1.09     10.87      0.00      0.00     16.30
04:29:59 AM      19     11.49      0.00     57.47      0.00      0.00      1.15     12.64      0.00      0.00     17.24
04:29:59 AM      20     10.87      0.00     59.78      0.00      0.00      1.09     10.87      0.00      0.00     17.39
04:29:59 AM      21     11.24      0.00     55.06      0.00      0.00      1.12     12.36      0.00      0.00     20.22
04:29:59 AM      22     11.96      0.00     63.04      0.00      0.00      1.09      9.78      0.00      0.00     14.13
04:29:59 AM      23     10.00      0.00     66.67      0.00      0.00      1.11      8.89      0.00      0.00     13.33

04:29:59 AM     CPU      %usr     %nice      %sys   %iowait    %steal      %irq     %soft    %guest    %gnice     %idle
04:30:00 AM      16     15.96      0.00     65.96      0.00      0.00      1.06      7.45      0.00      0.00      9.57
04:30:00 AM      17     10.99      0.00     62.64      0.00      0.00      1.10     10.99      0.00      0.00     14.29
04:30:00 AM      18     12.09      0.00     60.44      0.00      0.00      1.10      9.89      0.00      0.00     16.48
04:30:00 AM      19     13.48      0.00     56.18      0.00      0.00      1.12     11.24      0.00      0.00     17.98
04:30:00 AM      20     13.19      0.00     60.44      0.00      0.00      0.00     10.99      0.00      0.00     15.38
04:30:00 AM      21     11.24      0.00     53.93      0.00      0.00      1.12     13.48      0.00      0.00     20.22
04:30:00 AM      22     13.04      0.00     61.96      0.00      0.00      1.09      9.78      0.00      0.00     14.13
04:30:00 AM      23     12.22      0.00     65.56      0.00      0.00      0.00      8.89      0.00      0.00     13.33

04:30:00 AM     CPU      %usr     %nice      %sys   %iowait    %steal      %irq     %soft    %guest    %gnice     %idle
04:30:01 AM      16     15.05      0.00     66.67      0.00      0.00      1.08      7.53      0.00      0.00      9.68
04:30:01 AM      17     11.96      0.00     63.04      0.00      0.00      1.09      9.78      0.00      0.00     14.13
04:30:01 AM      18     13.19      0.00     59.34      0.00      0.00      1.10     10.99      0.00      0.00     15.38
04:30:01 AM      19     13.19      0.00     54.95      0.00      0.00      1.10     12.09      0.00      0.00     18.68
04:30:01 AM      20     11.83      0.00     60.22      0.00      0.00      1.08     10.75      0.00      0.00     16.13
04:30:01 AM      21     10.87      0.00     55.43      0.00      0.00      1.09     11.96      0.00      0.00     20.65
04:30:01 AM      22     10.87      0.00     64.13      0.00      0.00      0.00     10.87      0.00      0.00     14.13
04:30:01 AM      23     11.46      0.00     65.62      0.00      0.00      1.04      9.38      0.00      0.00     12.50

04:30:01 AM     CPU      %usr     %nice      %sys   %iowait    %steal      %irq     %soft    %guest    %gnice     %idle
04:30:02 AM      16     15.38      0.00     67.03      0.00      0.00      0.00      7.69      0.00      0.00      9.89
04:30:02 AM      17     11.83      0.00     63.44      0.00      0.00      1.08      9.68      0.00      0.00     13.98
04:30:02 AM      18     12.90      0.00     60.22      0.00      0.00      0.00     10.75      0.00      0.00     16.13
04:30:02 AM      19     12.22      0.00     56.67      0.00      0.00      1.11     12.22      0.00      0.00     17.78
04:30:02 AM      20     13.19      0.00     59.34      0.00      0.00      1.10     10.99      0.00      0.00     15.38
04:30:02 AM      21     12.50      0.00     52.27      0.00      0.00      1.14     13.64      0.00      0.00     20.45
04:30:02 AM      22     14.13      0.00     60.87      0.00      0.00      1.09      9.78      0.00      0.00     14.13
04:30:02 AM      23     10.87      0.00     65.22      0.00      0.00      1.09      8.70      0.00      0.00     14.13

04:30:02 AM     CPU      %usr     %nice      %sys   %iowait    %steal      %irq     %soft    %guest    %gnice     %idle
04:30:03 AM      16     11.83      0.00     69.89      0.00      0.00      1.08      7.53      0.00      0.00      9.68
04:30:03 AM      17     13.19      0.00     61.54      0.00      0.00      1.10      9.89      0.00      0.00     14.29
04:30:03 AM      18     10.99      0.00     61.54      0.00      0.00      1.10      9.89      0.00      0.00     16.48
04:30:03 AM      19     11.96      0.00     57.61      0.00      0.00      1.09     11.96      0.00      0.00     17.39
04:30:03 AM      20     13.04      0.00     58.70      0.00      0.00      1.09     10.87      0.00      0.00     16.30
04:30:03 AM      21     12.09      0.00     54.95      0.00      0.00      1.10     12.09      0.00      0.00     19.78
04:30:03 AM      22     11.83      0.00     62.37      0.00      0.00      1.08      9.68      0.00      0.00     15.05
04:30:03 AM      23     12.77      0.00     64.89      0.00      0.00      1.06      8.51      0.00      0.00     12.77

Average:        CPU      %usr     %nice      %sys   %iowait    %steal      %irq     %soft    %guest    %gnice     %idle
Average:         16     13.32      0.00     62.45      0.00      0.00      0.87      9.50      0.00      0.00     13.86
Average:         17     12.43      0.00     58.20      0.00      0.00      0.99     11.22      0.00      0.00     17.16
Average:         18     12.66      0.00     56.77      0.00      0.00      0.98     11.24      0.00      0.00     18.34
Average:         19     12.60      0.00     55.03      0.00      0.00      1.10     12.04      0.00      0.00     19.23
Average:         20     12.62      0.00     59.85      0.00      0.00      0.98     10.66      0.00      0.00     15.89
Average:         21     11.96      0.00     54.53      0.00      0.00      1.12     12.40      0.00      0.00     20.00
Average:         22     12.24      0.00     61.86      0.00      0.00      0.87     10.27      0.00      0.00     14.75
Average:         23     12.19      0.00     61.81      0.00      0.00      0.98      9.90      0.00      0.00     15.13
