Linux 6.11.0-rc3-suspendv2 (cache-sql13432) 	08/22/2024 	_x86_64_	(64 CPU)

07:00:21 AM     CPU      %usr     %nice      %sys   %iowait    %steal      %irq     %soft    %guest    %gnice     %idle
07:00:22 AM      16     15.00      0.00     84.00      0.00      0.00      0.00      1.00      0.00      0.00      0.00
07:00:22 AM      17     15.00      0.00     83.00      0.00      0.00      1.00      1.00      0.00      0.00      0.00
07:00:22 AM      18     14.14      0.00     85.86      0.00      0.00      0.00      0.00      0.00      0.00      0.00
07:00:22 AM      19     14.00      0.00     85.00      0.00      0.00      1.00      0.00      0.00      0.00      0.00
07:00:22 AM      20     13.86      0.00     85.15      0.00      0.00      0.99      0.00      0.00      0.00      0.00
07:00:22 AM      21     15.69      0.00     82.35      0.00      0.00      0.98      0.98      0.00      0.00      0.00
07:00:22 AM      22     15.00      0.00     85.00      0.00      0.00      0.00      0.00      0.00      0.00      0.00
07:00:22 AM      23     14.14      0.00     85.86      0.00      0.00      0.00      0.00      0.00      0.00      0.00

07:00:22 AM     CPU      %usr     %nice      %sys   %iowait    %steal      %irq     %soft    %guest    %gnice     %idle
07:00:23 AM      16     14.14      0.00     84.85      0.00      0.00      1.01      0.00      0.00      0.00      0.00
07:00:23 AM      17     15.00      0.00     85.00      0.00      0.00      0.00      0.00      0.00      0.00      0.00
07:00:23 AM      18     16.83      0.00     82.18      0.00      0.00      0.99      0.00      0.00      0.00      0.00
07:00:23 AM      19     15.00      0.00     85.00      0.00      0.00      0.00      0.00      0.00      0.00      0.00
07:00:23 AM      20     14.00      0.00     85.00      0.00      0.00      0.00      1.00      0.00      0.00      0.00
07:00:23 AM      21     15.31      0.00     84.69      0.00      0.00      0.00      0.00      0.00      0.00      0.00
07:00:23 AM      22     14.85      0.00     84.16      0.00      0.00      0.99      0.00      0.00      0.00      0.00
07:00:23 AM      23     13.86      0.00     85.15      0.00      0.00      0.99      0.00      0.00      0.00      0.00

07:00:23 AM     CPU      %usr     %nice      %sys   %iowait    %steal      %irq     %soft    %guest    %gnice     %idle
07:00:24 AM      16     17.00      0.00     83.00      0.00      0.00      0.00      0.00      0.00      0.00      0.00
07:00:24 AM      17     15.00      0.00     84.00      0.00      0.00      1.00      0.00      0.00      0.00      0.00
07:00:24 AM      18     13.13      0.00     86.87      0.00      0.00      0.00      0.00      0.00      0.00      0.00
07:00:24 AM      19     11.11      0.00     87.88      0.00      0.00      1.01      0.00      0.00      0.00      0.00
07:00:24 AM      20     11.00      0.00     88.00      0.00      0.00      1.00      0.00      0.00      0.00      0.00
07:00:24 AM      21     14.85      0.00     84.16      0.00      0.00      0.99      0.00      0.00      0.00      0.00
07:00:24 AM      22     13.00      0.00     86.00      0.00      0.00      1.00      0.00      0.00      0.00      0.00
07:00:24 AM      23     14.85      0.00     84.16      0.00      0.00      0.00      0.99      0.00      0.00      0.00

07:00:24 AM     CPU      %usr     %nice      %sys   %iowait    %steal      %irq     %soft    %guest    %gnice     %idle
07:00:25 AM      16     14.00      0.00     85.00      0.00      0.00      1.00      0.00      0.00      0.00      0.00
07:00:25 AM      17     16.00      0.00     83.00      0.00      0.00      1.00      0.00      0.00      0.00      0.00
07:00:25 AM      18     15.84      0.00     83.17      0.00      0.00      0.99      0.00      0.00      0.00      0.00
07:00:25 AM      19     13.00      0.00     86.00      0.00      0.00      1.00      0.00      0.00      0.00      0.00
07:00:25 AM      20     12.12      0.00     87.88      0.00      0.00      0.00      0.00      0.00      0.00      0.00
07:00:25 AM      21     15.15      0.00     84.85      0.00      0.00      0.00      0.00      0.00      0.00      0.00
07:00:25 AM      22     12.12      0.00     87.88      0.00      0.00      0.00      0.00      0.00      0.00      0.00
07:00:25 AM      23     13.00      0.00     86.00      0.00      0.00      1.00      0.00      0.00      0.00      0.00

07:00:25 AM     CPU      %usr     %nice      %sys   %iowait    %steal      %irq     %soft    %guest    %gnice     %idle
07:00:26 AM      16     14.85      0.00     84.16      0.00      0.00      0.00      0.99      0.00      0.00      0.00
07:00:26 AM      17     16.00      0.00     84.00      0.00      0.00      0.00      0.00      0.00      0.00      0.00
07:00:26 AM      18     15.00      0.00     84.00      0.00      0.00      0.00      1.00      0.00      0.00      0.00
07:00:26 AM      19     11.76      0.00     87.25      0.00      0.00      0.00      0.98      0.00      0.00      0.00
07:00:26 AM      20     14.85      0.00     84.16      0.00      0.00      0.99      0.00      0.00      0.00      0.00
07:00:26 AM      21     15.00      0.00     84.00      0.00      0.00      1.00      0.00      0.00      0.00      0.00
07:00:26 AM      22     13.00      0.00     86.00      0.00      0.00      1.00      0.00      0.00      0.00      0.00
07:00:26 AM      23     14.14      0.00     85.86      0.00      0.00      0.00      0.00      0.00      0.00      0.00

07:00:26 AM     CPU      %usr     %nice      %sys   %iowait    %steal      %irq     %soft    %guest    %gnice     %idle
07:00:27 AM      16     16.00      0.00     83.00      0.00      0.00      1.00      0.00      0.00      0.00      0.00
07:00:27 AM      17     15.84      0.00     82.18      0.00      0.00      0.99      0.99      0.00      0.00      0.00
07:00:27 AM      18     14.14      0.00     84.85      0.00      0.00      1.01      0.00      0.00      0.00      0.00
07:00:27 AM      19     11.11      0.00     87.88      0.00      0.00      1.01      0.00      0.00      0.00      0.00
07:00:27 AM      20     11.11      0.00     88.89      0.00      0.00      0.00      0.00      0.00      0.00      0.00
07:00:27 AM      21     18.00      0.00     82.00      0.00      0.00      0.00      0.00      0.00      0.00      0.00
07:00:27 AM      22     14.00      0.00     86.00      0.00      0.00      0.00      0.00      0.00      0.00      0.00
07:00:27 AM      23     16.00      0.00     83.00      0.00      0.00      1.00      0.00      0.00      0.00      0.00

07:00:27 AM     CPU      %usr     %nice      %sys   %iowait    %steal      %irq     %soft    %guest    %gnice     %idle
07:00:28 AM      16     15.00      0.00     85.00      0.00      0.00      0.00      0.00      0.00      0.00      0.00
07:00:28 AM      17     15.15      0.00     84.85      0.00      0.00      0.00      0.00      0.00      0.00      0.00
07:00:28 AM      18     13.00      0.00     87.00      0.00      0.00      0.00      0.00      0.00      0.00      0.00
07:00:28 AM      19     14.14      0.00     85.86      0.00      0.00      0.00      0.00      0.00      0.00      0.00
07:00:28 AM      20     14.71      0.00     83.33      0.00      0.00      0.98      0.98      0.00      0.00      0.00
07:00:28 AM      21     14.85      0.00     84.16      0.00      0.00      0.99      0.00      0.00      0.00      0.00
07:00:28 AM      22     10.89      0.00     87.13      0.00      0.00      0.99      0.99      0.00      0.00      0.00
07:00:28 AM      23     14.00      0.00     86.00      0.00      0.00      0.00      0.00      0.00      0.00      0.00

07:00:28 AM     CPU      %usr     %nice      %sys   %iowait    %steal      %irq     %soft    %guest    %gnice     %idle
07:00:29 AM      16     16.00      0.00     83.00      0.00      0.00      1.00      0.00      0.00      0.00      0.00
07:00:29 AM      17     13.00      0.00     86.00      0.00      0.00      1.00      0.00      0.00      0.00      0.00
07:00:29 AM      18     16.00      0.00     83.00      0.00      0.00      1.00      0.00      0.00      0.00      0.00
07:00:29 AM      19     11.88      0.00     87.13      0.00      0.00      0.99      0.00      0.00      0.00      0.00
07:00:29 AM      20     12.12      0.00     87.88      0.00      0.00      0.00      0.00      0.00      0.00      0.00
07:00:29 AM      21     16.00      0.00     82.00      0.00      0.00      1.00      1.00      0.00      0.00      0.00
07:00:29 AM      22     13.00      0.00     87.00      0.00      0.00      0.00      0.00      0.00      0.00      0.00
07:00:29 AM      23     15.00      0.00     84.00      0.00      0.00      1.00      0.00      0.00      0.00      0.00

07:00:29 AM     CPU      %usr     %nice      %sys   %iowait    %steal      %irq     %soft    %guest    %gnice     %idle
07:00:30 AM      16     14.85      0.00     83.17      0.00      0.00      0.99      0.99      0.00      0.00      0.00
07:00:30 AM      17     15.00      0.00     85.00      0.00      0.00      0.00      0.00      0.00      0.00      0.00
07:00:30 AM      18     14.00      0.00     85.00      0.00      0.00      1.00      0.00      0.00      0.00      0.00
07:00:30 AM      19     14.14      0.00     85.86      0.00      0.00      0.00      0.00      0.00      0.00      0.00
07:00:30 AM      20     13.00      0.00     86.00      0.00      0.00      1.00      0.00      0.00      0.00      0.00
07:00:30 AM      21     16.00      0.00     84.00      0.00      0.00      0.00      0.00      0.00      0.00      0.00
07:00:30 AM      22     14.14      0.00     84.85      0.00      0.00      1.01      0.00      0.00      0.00      0.00
07:00:30 AM      23     15.00      0.00     85.00      0.00      0.00      0.00      0.00      0.00      0.00      0.00

07:00:30 AM     CPU      %usr     %nice      %sys   %iowait    %steal      %irq     %soft    %guest    %gnice     %idle
07:00:31 AM      16     16.16      0.00     83.84      0.00      0.00      0.00      0.00      0.00      0.00      0.00
07:00:31 AM      17     15.00      0.00     84.00      0.00      0.00      1.00      0.00      0.00      0.00      0.00
07:00:31 AM      18     14.85      0.00     84.16      0.00      0.00      0.00      0.99      0.00      0.00      0.00
07:00:31 AM      19     13.73      0.00     84.31      0.00      0.00      0.98      0.98      0.00      0.00      0.00
07:00:31 AM      20     13.13      0.00     86.87      0.00      0.00      0.00      0.00      0.00      0.00      0.00
07:00:31 AM      21     16.00      0.00     83.00      0.00      0.00      1.00      0.00      0.00      0.00      0.00
07:00:31 AM      22     12.00      0.00     88.00      0.00      0.00      0.00      0.00      0.00      0.00      0.00
07:00:31 AM      23     12.00      0.00     87.00      0.00      0.00      1.00      0.00      0.00      0.00      0.00

Average:        CPU      %usr     %nice      %sys   %iowait    %steal      %irq     %soft    %guest    %gnice     %idle
Average:         16     15.30      0.00     83.90      0.00      0.00      0.50      0.30      0.00      0.00      0.00
Average:         17     15.10      0.00     84.10      0.00      0.00      0.60      0.20      0.00      0.00      0.00
Average:         18     14.70      0.00     84.60      0.00      0.00      0.50      0.20      0.00      0.00      0.00
Average:         19     12.99      0.00     86.21      0.00      0.00      0.60      0.20      0.00      0.00      0.00
Average:         20     13.00      0.00     86.30      0.00      0.00      0.50      0.20      0.00      0.00      0.00
Average:         21     15.68      0.00     83.52      0.00      0.00      0.60      0.20      0.00      0.00      0.00
Average:         22     13.20      0.00     86.20      0.00      0.00      0.50      0.10      0.00      0.00      0.00
Average:         23     14.20      0.00     85.20      0.00      0.00      0.50      0.10      0.00      0.00      0.00
