Linux 6.11.0-rc3-suspendv2 (cache-sql13432) 	08/23/2024 	_x86_64_	(64 CPU)

12:26:27 PM     CPU      %usr     %nice      %sys   %iowait    %steal      %irq     %soft    %guest    %gnice     %idle
12:26:28 PM      16     17.00      0.00     83.00      0.00      0.00      0.00      0.00      0.00      0.00      0.00
12:26:28 PM      17     15.69      0.00     82.35      0.00      0.00      0.98      0.98      0.00      0.00      0.00
12:26:28 PM      18     16.00      0.00     84.00      0.00      0.00      0.00      0.00      0.00      0.00      0.00
12:26:28 PM      19     15.84      0.00     83.17      0.00      0.00      0.99      0.00      0.00      0.00      0.00
12:26:28 PM      20     15.00      0.00     84.00      0.00      0.00      1.00      0.00      0.00      0.00      0.00
12:26:28 PM      21     16.16      0.00     83.84      0.00      0.00      0.00      0.00      0.00      0.00      0.00
12:26:28 PM      22     16.00      0.00     83.00      0.00      0.00      1.00      0.00      0.00      0.00      0.00
12:26:28 PM      23     16.00      0.00     84.00      0.00      0.00      0.00      0.00      0.00      0.00      0.00

12:26:28 PM     CPU      %usr     %nice      %sys   %iowait    %steal      %irq     %soft    %guest    %gnice     %idle
12:26:29 PM      16     17.82      0.00     81.19      0.00      0.00      0.99      0.00      0.00      0.00      0.00
12:26:29 PM      17     17.17      0.00     82.83      0.00      0.00      0.00      0.00      0.00      0.00      0.00
12:26:29 PM      18     14.14      0.00     84.85      0.00      0.00      1.01      0.00      0.00      0.00      0.00
12:26:29 PM      19     16.16      0.00     83.84      0.00      0.00      0.00      0.00      0.00      0.00      0.00
12:26:29 PM      20     16.16      0.00     83.84      0.00      0.00      0.00      0.00      0.00      0.00      0.00
12:26:29 PM      21     18.00      0.00     82.00      0.00      0.00      0.00      0.00      0.00      0.00      0.00
12:26:29 PM      22     16.00      0.00     83.00      0.00      0.00      0.00      1.00      0.00      0.00      0.00
12:26:29 PM      23     14.00      0.00     85.00      0.00      0.00      1.00      0.00      0.00      0.00      0.00

12:26:29 PM     CPU      %usr     %nice      %sys   %iowait    %steal      %irq     %soft    %guest    %gnice     %idle
12:26:30 PM      16     15.31      0.00     84.69      0.00      0.00      0.00      0.00      0.00      0.00      0.00
12:26:30 PM      17     17.00      0.00     82.00      0.00      0.00      1.00      0.00      0.00      0.00      0.00
12:26:30 PM      18     16.00      0.00     84.00      0.00      0.00      0.00      0.00      0.00      0.00      0.00
12:26:30 PM      19     17.00      0.00     82.00      0.00      0.00      1.00      0.00      0.00      0.00      0.00
12:26:30 PM      20     17.82      0.00     81.19      0.00      0.00      0.99      0.00      0.00      0.00      0.00
12:26:30 PM      21     15.84      0.00     82.18      0.00      0.00      0.99      0.99      0.00      0.00      0.00
12:26:30 PM      22     16.83      0.00     82.18      0.00      0.00      0.99      0.00      0.00      0.00      0.00
12:26:30 PM      23     14.14      0.00     85.86      0.00      0.00      0.00      0.00      0.00      0.00      0.00

12:26:30 PM     CPU      %usr     %nice      %sys   %iowait    %steal      %irq     %soft    %guest    %gnice     %idle
12:26:31 PM      16     17.82      0.00     81.19      0.00      0.00      0.99      0.00      0.00      0.00      0.00
12:26:31 PM      17     14.85      0.00     83.17      0.00      0.00      0.99      0.99      0.00      0.00      0.00
12:26:31 PM      18     15.84      0.00     82.18      0.00      0.00      0.99      0.99      0.00      0.00      0.00
12:26:31 PM      19     17.17      0.00     82.83      0.00      0.00      0.00      0.00      0.00      0.00      0.00
12:26:31 PM      20     16.16      0.00     83.84      0.00      0.00      0.00      0.00      0.00      0.00      0.00
12:26:31 PM      21     15.15      0.00     84.85      0.00      0.00      0.00      0.00      0.00      0.00      0.00
12:26:31 PM      22     16.16      0.00     83.84      0.00      0.00      0.00      0.00      0.00      0.00      0.00
12:26:31 PM      23     16.00      0.00     83.00      0.00      0.00      1.00      0.00      0.00      0.00      0.00

12:26:31 PM     CPU      %usr     %nice      %sys   %iowait    %steal      %irq     %soft    %guest    %gnice     %idle
12:26:32 PM      16     18.00      0.00     82.00      0.00      0.00      0.00      0.00      0.00      0.00      0.00
12:26:32 PM      17     15.15      0.00     84.85      0.00      0.00      0.00      0.00      0.00      0.00      0.00
12:26:32 PM      18     16.00      0.00     84.00      0.00      0.00      0.00      0.00      0.00      0.00      0.00
12:26:32 PM      19     14.85      0.00     83.17      0.00      0.00      0.99      0.99      0.00      0.00      0.00
12:26:32 PM      20     16.00      0.00     83.00      0.00      0.00      1.00      0.00      0.00      0.00      0.00
12:26:32 PM      21     16.83      0.00     82.18      0.00      0.00      0.99      0.00      0.00      0.00      0.00
12:26:32 PM      22     15.84      0.00     83.17      0.00      0.00      0.99      0.00      0.00      0.00      0.00
12:26:32 PM      23     15.00      0.00     85.00      0.00      0.00      0.00      0.00      0.00      0.00      0.00

12:26:32 PM     CPU      %usr     %nice      %sys   %iowait    %steal      %irq     %soft    %guest    %gnice     %idle
12:26:33 PM      16     16.00      0.00     83.00      0.00      0.00      1.00      0.00      0.00      0.00      0.00
12:26:33 PM      17     16.83      0.00     82.18      0.00      0.00      0.99      0.00      0.00      0.00      0.00
12:26:33 PM      18     16.00      0.00     83.00      0.00      0.00      1.00      0.00      0.00      0.00      0.00
12:26:33 PM      19     17.00      0.00     83.00      0.00      0.00      0.00      0.00      0.00      0.00      0.00
12:26:33 PM      20     16.83      0.00     82.18      0.00      0.00      0.00      0.99      0.00      0.00      0.00
12:26:33 PM      21     15.15      0.00     84.85      0.00      0.00      0.00      0.00      0.00      0.00      0.00
12:26:33 PM      22     16.16      0.00     83.84      0.00      0.00      0.00      0.00      0.00      0.00      0.00
12:26:33 PM      23     14.85      0.00     83.17      0.00      0.00      0.99      0.99      0.00      0.00      0.00

12:26:33 PM     CPU      %usr     %nice      %sys   %iowait    %steal      %irq     %soft    %guest    %gnice     %idle
12:26:34 PM      16     16.00      0.00     83.00      0.00      0.00      0.00      1.00      0.00      0.00      0.00
12:26:34 PM      17     15.15      0.00     83.84      0.00      0.00      0.00      1.01      0.00      0.00      0.00
12:26:34 PM      18     17.00      0.00     83.00      0.00      0.00      0.00      0.00      0.00      0.00      0.00
12:26:34 PM      19     17.00      0.00     82.00      0.00      0.00      1.00      0.00      0.00      0.00      0.00
12:26:34 PM      20     17.00      0.00     82.00      0.00      0.00      1.00      0.00      0.00      0.00      0.00
12:26:34 PM      21     15.84      0.00     83.17      0.00      0.00      0.99      0.00      0.00      0.00      0.00
12:26:34 PM      22     16.83      0.00     82.18      0.00      0.00      0.99      0.00      0.00      0.00      0.00
12:26:34 PM      23     17.00      0.00     83.00      0.00      0.00      0.00      0.00      0.00      0.00      0.00

12:26:34 PM     CPU      %usr     %nice      %sys   %iowait    %steal      %irq     %soft    %guest    %gnice     %idle
12:26:35 PM      16     17.00      0.00     82.00      0.00      0.00      1.00      0.00      0.00      0.00      0.00
12:26:35 PM      17     15.84      0.00     83.17      0.00      0.00      0.99      0.00      0.00      0.00      0.00
12:26:35 PM      18     14.85      0.00     83.17      0.00      0.00      0.99      0.99      0.00      0.00      0.00
12:26:35 PM      19     18.18      0.00     81.82      0.00      0.00      0.00      0.00      0.00      0.00      0.00
12:26:35 PM      20     18.18      0.00     81.82      0.00      0.00      0.00      0.00      0.00      0.00      0.00
12:26:35 PM      21     15.15      0.00     84.85      0.00      0.00      0.00      0.00      0.00      0.00      0.00
12:26:35 PM      22     15.15      0.00     83.84      0.00      0.00      0.00      1.01      0.00      0.00      0.00
12:26:35 PM      23     16.00      0.00     83.00      0.00      0.00      1.00      0.00      0.00      0.00      0.00

12:26:35 PM     CPU      %usr     %nice      %sys   %iowait    %steal      %irq     %soft    %guest    %gnice     %idle
12:26:36 PM      16     18.00      0.00     82.00      0.00      0.00      0.00      0.00      0.00      0.00      0.00
12:26:36 PM      17     15.15      0.00     84.85      0.00      0.00      0.00      0.00      0.00      0.00      0.00
12:26:36 PM      18     17.17      0.00     82.83      0.00      0.00      0.00      0.00      0.00      0.00      0.00
12:26:36 PM      19     14.71      0.00     83.33      0.00      0.00      0.98      0.98      0.00      0.00      0.00
12:26:36 PM      20     16.83      0.00     82.18      0.00      0.00      0.99      0.00      0.00      0.00      0.00
12:26:36 PM      21     16.00      0.00     83.00      0.00      0.00      1.00      0.00      0.00      0.00      0.00
12:26:36 PM      22     15.84      0.00     83.17      0.00      0.00      0.99      0.00      0.00      0.00      0.00
12:26:36 PM      23     15.00      0.00     85.00      0.00      0.00      0.00      0.00      0.00      0.00      0.00

12:26:36 PM     CPU      %usr     %nice      %sys   %iowait    %steal      %irq     %soft    %guest    %gnice     %idle
12:26:37 PM      16     15.00      0.00     84.00      0.00      0.00      1.00      0.00      0.00      0.00      0.00
12:26:37 PM      17     15.84      0.00     83.17      0.00      0.00      0.99      0.00      0.00      0.00      0.00
12:26:37 PM      18     14.85      0.00     84.16      0.00      0.00      0.99      0.00      0.00      0.00      0.00
12:26:37 PM      19     16.16      0.00     83.84      0.00      0.00      0.00      0.00      0.00      0.00      0.00
12:26:37 PM      20     17.17      0.00     82.83      0.00      0.00      0.00      0.00      0.00      0.00      0.00
12:26:37 PM      21     15.00      0.00     85.00      0.00      0.00      0.00      0.00      0.00      0.00      0.00
12:26:37 PM      22     16.16      0.00     83.84      0.00      0.00      0.00      0.00      0.00      0.00      0.00
12:26:37 PM      23     16.16      0.00     83.84      0.00      0.00      0.00      0.00      0.00      0.00      0.00

Average:        CPU      %usr     %nice      %sys   %iowait    %steal      %irq     %soft    %guest    %gnice     %idle
Average:         16     16.80      0.00     82.60      0.00      0.00      0.50      0.10      0.00      0.00      0.00
Average:         17     15.87      0.00     83.23      0.00      0.00      0.60      0.30      0.00      0.00      0.00
Average:         18     15.78      0.00     83.52      0.00      0.00      0.50      0.20      0.00      0.00      0.00
Average:         19     16.40      0.00     82.90      0.00      0.00      0.50      0.20      0.00      0.00      0.00
Average:         20     16.72      0.00     82.68      0.00      0.00      0.50      0.10      0.00      0.00      0.00
Average:         21     15.92      0.00     83.58      0.00      0.00      0.40      0.10      0.00      0.00      0.00
Average:         22     16.10      0.00     83.20      0.00      0.00      0.50      0.20      0.00      0.00      0.00
Average:         23     15.42      0.00     84.08      0.00      0.00      0.40      0.10      0.00      0.00      0.00
