Linux 6.11.0-rc3-suspendv2 (cache-sql13432) 	08/22/2024 	_x86_64_	(64 CPU)

06:43:01 AM     CPU      %usr     %nice      %sys   %iowait    %steal      %irq     %soft    %guest    %gnice     %idle
06:43:02 AM      16      6.45      0.00     32.26      0.00      0.00      1.08     39.78      0.00      0.00     20.43
06:43:02 AM      17      8.70      0.00     32.61      0.00      0.00      1.09     35.87      0.00      0.00     21.74
06:43:02 AM      18      9.78      0.00     31.52      0.00      0.00      1.09     39.13      0.00      0.00     18.48
06:43:02 AM      19      9.57      0.00     37.23      0.00      0.00      1.06     32.98      0.00      0.00     19.15
06:43:02 AM      20     10.75      0.00     33.33      0.00      0.00      0.00     36.56      0.00      0.00     19.35
06:43:02 AM      21      9.38      0.00     32.29      0.00      0.00      1.04     36.46      0.00      0.00     20.83
06:43:02 AM      22      9.47      0.00     37.89      0.00      0.00      1.05     34.74      0.00      0.00     16.84
06:43:02 AM      23      8.51      0.00     35.11      0.00      0.00      1.06     37.23      0.00      0.00     18.09

06:43:02 AM     CPU      %usr     %nice      %sys   %iowait    %steal      %irq     %soft    %guest    %gnice     %idle
06:43:03 AM      16      7.45      0.00     28.72      0.00      0.00      1.06     41.49      0.00      0.00     21.28
06:43:03 AM      17     10.00      0.00     34.44      0.00      0.00      0.00     35.56      0.00      0.00     20.00
06:43:03 AM      18      7.61      0.00     36.96      0.00      0.00      1.09     36.96      0.00      0.00     17.39
06:43:03 AM      19      9.78      0.00     33.70      0.00      0.00      1.09     34.78      0.00      0.00     20.65
06:43:03 AM      20      8.60      0.00     35.48      0.00      0.00      1.08     38.71      0.00      0.00     16.13
06:43:03 AM      21      7.61      0.00     38.04      0.00      0.00      1.09     35.87      0.00      0.00     17.39
06:43:03 AM      22      9.89      0.00     34.07      0.00      0.00      1.10     37.36      0.00      0.00     17.58
06:43:03 AM      23      9.68      0.00     32.26      0.00      0.00      1.08     36.56      0.00      0.00     20.43

06:43:03 AM     CPU      %usr     %nice      %sys   %iowait    %steal      %irq     %soft    %guest    %gnice     %idle
06:43:04 AM      16      6.45      0.00     30.11      0.00      0.00      0.00     41.94      0.00      0.00     21.51
06:43:04 AM      17      8.79      0.00     31.87      0.00      0.00      1.10     35.16      0.00      0.00     23.08
06:43:04 AM      18     10.53      0.00     34.74      0.00      0.00      1.05     32.63      0.00      0.00     21.05
06:43:04 AM      19      9.78      0.00     32.61      0.00      0.00      0.00     34.78      0.00      0.00     22.83
06:43:04 AM      20      9.68      0.00     34.41      0.00      0.00      1.08     34.41      0.00      0.00     20.43
06:43:04 AM      21      9.47      0.00     35.79      0.00      0.00      1.05     35.79      0.00      0.00     17.89
06:43:04 AM      22      9.57      0.00     34.04      0.00      0.00      1.06     35.11      0.00      0.00     20.21
06:43:04 AM      23      9.89      0.00     29.67      0.00      0.00      1.10     37.36      0.00      0.00     21.98

06:43:04 AM     CPU      %usr     %nice      %sys   %iowait    %steal      %irq     %soft    %guest    %gnice     %idle
06:43:05 AM      16      8.51      0.00     30.85      0.00      0.00      1.06     34.04      0.00      0.00     25.53
06:43:05 AM      17      8.51      0.00     27.66      0.00      0.00      1.06     32.98      0.00      0.00     29.79
06:43:05 AM      18      9.57      0.00     31.91      0.00      0.00      1.06     29.79      0.00      0.00     27.66
06:43:05 AM      19      8.79      0.00     29.67      0.00      0.00      1.10     32.97      0.00      0.00     27.47
06:43:05 AM      20      9.38      0.00     33.33      0.00      0.00      1.04     31.25      0.00      0.00     25.00
06:43:05 AM      21     10.75      0.00     32.26      0.00      0.00      1.08     30.11      0.00      0.00     25.81
06:43:05 AM      22      8.60      0.00     31.18      0.00      0.00      0.00     33.33      0.00      0.00     26.88
06:43:05 AM      23      8.51      0.00     32.98      0.00      0.00      1.06     32.98      0.00      0.00     24.47

06:43:05 AM     CPU      %usr     %nice      %sys   %iowait    %steal      %irq     %soft    %guest    %gnice     %idle
06:43:06 AM      16      6.25      0.00     28.12      0.00      0.00      1.04     39.58      0.00      0.00     25.00
06:43:06 AM      17      7.61      0.00     33.70      0.00      0.00      1.09     40.22      0.00      0.00     17.39
06:43:06 AM      18      7.53      0.00     38.71      0.00      0.00      0.00     39.78      0.00      0.00     13.98
06:43:06 AM      19      7.37      0.00     40.00      0.00      0.00      1.05     36.84      0.00      0.00     14.74
06:43:06 AM      20      8.42      0.00     38.95      0.00      0.00      1.05     37.89      0.00      0.00     13.68
06:43:06 AM      21      8.42      0.00     37.89      0.00      0.00      1.05     37.89      0.00      0.00     14.74
06:43:06 AM      22     10.42      0.00     39.58      0.00      0.00      1.04     37.50      0.00      0.00     11.46
06:43:06 AM      23      9.47      0.00     38.95      0.00      0.00      0.00     38.95      0.00      0.00     12.63

06:43:06 AM     CPU      %usr     %nice      %sys   %iowait    %steal      %irq     %soft    %guest    %gnice     %idle
06:43:07 AM      16      8.51      0.00     36.17      0.00      0.00      1.06     39.36      0.00      0.00     14.89
06:43:07 AM      17      7.53      0.00     35.48      0.00      0.00      1.08     37.63      0.00      0.00     18.28
06:43:07 AM      18      9.28      0.00     38.14      0.00      0.00      1.03     37.11      0.00      0.00     14.43
06:43:07 AM      19      7.37      0.00     40.00      0.00      0.00      1.05     36.84      0.00      0.00     14.74
06:43:07 AM      20      7.53      0.00     32.26      0.00      0.00      1.08     39.78      0.00      0.00     19.35
06:43:07 AM      21      8.70      0.00     39.13      0.00      0.00      0.00     38.04      0.00      0.00     14.13
06:43:07 AM      22      7.45      0.00     40.43      0.00      0.00      1.06     38.30      0.00      0.00     12.77
06:43:07 AM      23      8.42      0.00     32.63      0.00      0.00      1.05     38.95      0.00      0.00     18.95

06:43:07 AM     CPU      %usr     %nice      %sys   %iowait    %steal      %irq     %soft    %guest    %gnice     %idle
06:43:08 AM      16      8.70      0.00     33.70      0.00      0.00      0.00     36.96      0.00      0.00     20.65
06:43:08 AM      17      7.45      0.00     32.98      0.00      0.00      1.06     36.17      0.00      0.00     22.34
06:43:08 AM      18      8.70      0.00     36.96      0.00      0.00      1.09     34.78      0.00      0.00     18.48
06:43:08 AM      19      9.38      0.00     32.29      0.00      0.00      1.04     36.46      0.00      0.00     20.83
06:43:08 AM      20      6.45      0.00     31.18      0.00      0.00      0.00     38.71      0.00      0.00     23.66
06:43:08 AM      21      9.68      0.00     36.56      0.00      0.00      1.08     35.48      0.00      0.00     17.20
06:43:08 AM      22      9.78      0.00     35.87      0.00      0.00      1.09     35.87      0.00      0.00     17.39
06:43:08 AM      23      9.68      0.00     36.56      0.00      0.00      1.08     33.33      0.00      0.00     19.35

06:43:08 AM     CPU      %usr     %nice      %sys   %iowait    %steal      %irq     %soft    %guest    %gnice     %idle
06:43:09 AM      16      8.60      0.00     36.56      0.00      0.00      1.08     35.48      0.00      0.00     18.28
06:43:09 AM      17      7.53      0.00     35.48      0.00      0.00      0.00     36.56      0.00      0.00     20.43
06:43:09 AM      18      8.70      0.00     39.13      0.00      0.00      1.09     33.70      0.00      0.00     17.39
06:43:09 AM      19      6.38      0.00     29.79      0.00      0.00      1.06     39.36      0.00      0.00     23.40
06:43:09 AM      20      7.29      0.00     32.29      0.00      0.00      1.04     39.58      0.00      0.00     19.79
06:43:09 AM      21     10.42      0.00     35.42      0.00      0.00      1.04     34.38      0.00      0.00     18.75
06:43:09 AM      22      7.53      0.00     37.63      0.00      0.00      1.08     34.41      0.00      0.00     19.35
06:43:09 AM      23      8.60      0.00     33.33      0.00      0.00      1.08     37.63      0.00      0.00     19.35

06:43:09 AM     CPU      %usr     %nice      %sys   %iowait    %steal      %irq     %soft    %guest    %gnice     %idle
06:43:10 AM      16      8.70      0.00     31.52      0.00      0.00      1.09     38.04      0.00      0.00     20.65
06:43:10 AM      17      8.70      0.00     30.43      0.00      0.00      1.09     38.04      0.00      0.00     21.74
06:43:10 AM      18      9.78      0.00     33.70      0.00      0.00      1.09     34.78      0.00      0.00     20.65
06:43:10 AM      19      7.61      0.00     31.52      0.00      0.00      0.00     36.96      0.00      0.00     23.91
06:43:10 AM      20      8.42      0.00     34.74      0.00      0.00      1.05     37.89      0.00      0.00     17.89
06:43:10 AM      21     10.53      0.00     38.95      0.00      0.00      1.05     33.68      0.00      0.00     15.79
06:43:10 AM      22      8.42      0.00     37.89      0.00      0.00      1.05     34.74      0.00      0.00     17.89
06:43:10 AM      23      9.47      0.00     38.95      0.00      0.00      1.05     33.68      0.00      0.00     16.84

06:43:10 AM     CPU      %usr     %nice      %sys   %iowait    %steal      %irq     %soft    %guest    %gnice     %idle
06:43:11 AM      16      8.42      0.00     32.63      0.00      0.00      1.05     34.74      0.00      0.00     23.16
06:43:11 AM      17      9.38      0.00     33.33      0.00      0.00      1.04     35.42      0.00      0.00     20.83
06:43:11 AM      18      7.61      0.00     32.61      0.00      0.00      1.09     34.78      0.00      0.00     23.91
06:43:11 AM      19      8.42      0.00     29.47      0.00      0.00      1.05     34.74      0.00      0.00     26.32
06:43:11 AM      20      8.79      0.00     34.07      0.00      0.00      1.10     36.26      0.00      0.00     19.78
06:43:11 AM      21      9.68      0.00     36.56      0.00      0.00      1.08     34.41      0.00      0.00     18.28
06:43:11 AM      22     10.87      0.00     33.70      0.00      0.00      0.00     31.52      0.00      0.00     23.91
06:43:11 AM      23      8.79      0.00     31.87      0.00      0.00      0.00     37.36      0.00      0.00     21.98

Average:        CPU      %usr     %nice      %sys   %iowait    %steal      %irq     %soft    %guest    %gnice     %idle
Average:         16      7.80      0.00     32.05      0.00      0.00      0.85     38.14      0.00      0.00     21.15
Average:         17      8.41      0.00     32.79      0.00      0.00      0.86     36.35      0.00      0.00     21.57
Average:         18      8.92      0.00     35.45      0.00      0.00      0.97     35.34      0.00      0.00     19.33
Average:         19      8.44      0.00     33.65      0.00      0.00      0.85     35.68      0.00      0.00     21.37
Average:         20      8.53      0.00     34.01      0.00      0.00      0.85     37.10      0.00      0.00     19.51
Average:         21      9.47      0.00     36.28      0.00      0.00      0.96     35.21      0.00      0.00     18.09
Average:         22      9.20      0.00     36.26      0.00      0.00      0.86     35.29      0.00      0.00     18.40
Average:         23      9.10      0.00     34.26      0.00      0.00      0.86     36.40      0.00      0.00     19.38
