Linux 6.11.0-rc3-suspendv2 (cache-sql13432) 	08/23/2024 	_x86_64_	(64 CPU)

10:34:27 AM     CPU      %usr     %nice      %sys   %iowait    %steal      %irq     %soft    %guest    %gnice     %idle
10:34:28 AM      16     17.00      0.00     82.00      0.00      0.00      1.00      0.00      0.00      0.00      0.00
10:34:28 AM      17     17.00      0.00     83.00      0.00      0.00      0.00      0.00      0.00      0.00      0.00
10:34:28 AM      18     16.83      0.00     82.18      0.00      0.00      0.99      0.00      0.00      0.00      0.00
10:34:28 AM      19     13.73      0.00     84.31      0.00      0.00      0.98      0.98      0.00      0.00      0.00
10:34:28 AM      20     17.82      0.00     81.19      0.00      0.00      0.99      0.00      0.00      0.00      0.00
10:34:28 AM      21     18.00      0.00     81.00      0.00      0.00      1.00      0.00      0.00      0.00      0.00
10:34:28 AM      22     15.15      0.00     84.85      0.00      0.00      0.00      0.00      0.00      0.00      0.00
10:34:28 AM      23     16.00      0.00     84.00      0.00      0.00      0.00      0.00      0.00      0.00      0.00

10:34:28 AM     CPU      %usr     %nice      %sys   %iowait    %steal      %irq     %soft    %guest    %gnice     %idle
10:34:29 AM      16     15.15      0.00     84.85      0.00      0.00      0.00      0.00      0.00      0.00      0.00
10:34:29 AM      17     16.00      0.00     83.00      0.00      0.00      1.00      0.00      0.00      0.00      0.00
10:34:29 AM      18     16.33      0.00     83.67      0.00      0.00      0.00      0.00      0.00      0.00      0.00
10:34:29 AM      19     16.16      0.00     83.84      0.00      0.00      0.00      0.00      0.00      0.00      0.00
10:34:29 AM      20     17.00      0.00     82.00      0.00      0.00      0.00      1.00      0.00      0.00      0.00
10:34:29 AM      21     14.00      0.00     86.00      0.00      0.00      0.00      0.00      0.00      0.00      0.00
10:34:29 AM      22     17.82      0.00     81.19      0.00      0.00      0.99      0.00      0.00      0.00      0.00
10:34:29 AM      23     14.85      0.00     83.17      0.00      0.00      0.99      0.99      0.00      0.00      0.00

10:34:29 AM     CPU      %usr     %nice      %sys   %iowait    %steal      %irq     %soft    %guest    %gnice     %idle
10:34:30 AM      16     17.65      0.00     80.39      0.00      0.00      0.98      0.98      0.00      0.00      0.00
10:34:30 AM      17     19.00      0.00     80.00      0.00      0.00      0.00      1.00      0.00      0.00      0.00
10:34:30 AM      18     17.48      0.00     80.58      0.00      0.00      0.97      0.97      0.00      0.00      0.00
10:34:30 AM      19     14.85      0.00     84.16      0.00      0.00      0.99      0.00      0.00      0.00      0.00
10:34:30 AM      20     15.00      0.00     84.00      0.00      0.00      1.00      0.00      0.00      0.00      0.00
10:34:30 AM      21     14.00      0.00     86.00      0.00      0.00      0.00      0.00      0.00      0.00      0.00
10:34:30 AM      22     15.15      0.00     84.85      0.00      0.00      0.00      0.00      0.00      0.00      0.00
10:34:30 AM      23     15.15      0.00     84.85      0.00      0.00      0.00      0.00      0.00      0.00      0.00

10:34:30 AM     CPU      %usr     %nice      %sys   %iowait    %steal      %irq     %soft    %guest    %gnice     %idle
10:34:31 AM      16     17.17      0.00     82.83      0.00      0.00      0.00      0.00      0.00      0.00      0.00
10:34:31 AM      17     17.00      0.00     82.00      0.00      0.00      1.00      0.00      0.00      0.00      0.00
10:34:31 AM      18     15.31      0.00     84.69      0.00      0.00      0.00      0.00      0.00      0.00      0.00
10:34:31 AM      19     15.15      0.00     84.85      0.00      0.00      0.00      0.00      0.00      0.00      0.00
10:34:31 AM      20     18.18      0.00     81.82      0.00      0.00      0.00      0.00      0.00      0.00      0.00
10:34:31 AM      21     16.83      0.00     81.19      0.00      0.00      0.99      0.99      0.00      0.00      0.00
10:34:31 AM      22     16.67      0.00     81.37      0.00      0.00      0.98      0.98      0.00      0.00      0.00
10:34:31 AM      23     15.84      0.00     83.17      0.00      0.00      0.99      0.00      0.00      0.00      0.00

10:34:31 AM     CPU      %usr     %nice      %sys   %iowait    %steal      %irq     %soft    %guest    %gnice     %idle
10:34:32 AM      16     14.85      0.00     84.16      0.00      0.00      0.99      0.00      0.00      0.00      0.00
10:34:32 AM      17     16.16      0.00     83.84      0.00      0.00      0.00      0.00      0.00      0.00      0.00
10:34:32 AM      18     17.82      0.00     81.19      0.00      0.00      0.99      0.00      0.00      0.00      0.00
10:34:32 AM      19     16.00      0.00     82.00      0.00      0.00      1.00      1.00      0.00      0.00      0.00
10:34:32 AM      20     16.83      0.00     82.18      0.00      0.00      0.99      0.00      0.00      0.00      0.00
10:34:32 AM      21     18.18      0.00     81.82      0.00      0.00      0.00      0.00      0.00      0.00      0.00
10:34:32 AM      22     16.16      0.00     83.84      0.00      0.00      0.00      0.00      0.00      0.00      0.00
10:34:32 AM      23     14.14      0.00     85.86      0.00      0.00      0.00      0.00      0.00      0.00      0.00

10:34:32 AM     CPU      %usr     %nice      %sys   %iowait    %steal      %irq     %soft    %guest    %gnice     %idle
10:34:33 AM      16     18.18      0.00     81.82      0.00      0.00      0.00      0.00      0.00      0.00      0.00
10:34:33 AM      17     17.65      0.00     80.39      0.00      0.00      0.98      0.98      0.00      0.00      0.00
10:34:33 AM      18     17.17      0.00     82.83      0.00      0.00      0.00      0.00      0.00      0.00      0.00
10:34:33 AM      19     14.00      0.00     86.00      0.00      0.00      0.00      0.00      0.00      0.00      0.00
10:34:33 AM      20     17.00      0.00     82.00      0.00      0.00      1.00      0.00      0.00      0.00      0.00
10:34:33 AM      21     15.00      0.00     84.00      0.00      0.00      1.00      0.00      0.00      0.00      0.00
10:34:33 AM      22     18.00      0.00     81.00      0.00      0.00      1.00      0.00      0.00      0.00      0.00
10:34:33 AM      23     16.83      0.00     82.18      0.00      0.00      0.99      0.00      0.00      0.00      0.00

10:34:33 AM     CPU      %usr     %nice      %sys   %iowait    %steal      %irq     %soft    %guest    %gnice     %idle
10:34:34 AM      16     17.00      0.00     82.00      0.00      0.00      1.00      0.00      0.00      0.00      0.00
10:34:34 AM      17     16.16      0.00     83.84      0.00      0.00      0.00      0.00      0.00      0.00      0.00
10:34:34 AM      18     15.84      0.00     83.17      0.00      0.00      0.99      0.00      0.00      0.00      0.00
10:34:34 AM      19     15.84      0.00     83.17      0.00      0.00      0.99      0.00      0.00      0.00      0.00
10:34:34 AM      20     16.16      0.00     83.84      0.00      0.00      0.00      0.00      0.00      0.00      0.00
10:34:34 AM      21     16.00      0.00     84.00      0.00      0.00      0.00      0.00      0.00      0.00      0.00
10:34:34 AM      22     18.00      0.00     82.00      0.00      0.00      0.00      0.00      0.00      0.00      0.00
10:34:34 AM      23     16.16      0.00     83.84      0.00      0.00      0.00      0.00      0.00      0.00      0.00

10:34:34 AM     CPU      %usr     %nice      %sys   %iowait    %steal      %irq     %soft    %guest    %gnice     %idle
10:34:35 AM      16     15.00      0.00     85.00      0.00      0.00      0.00      0.00      0.00      0.00      0.00
10:34:35 AM      17     16.00      0.00     83.00      0.00      0.00      1.00      0.00      0.00      0.00      0.00
10:34:35 AM      18     15.15      0.00     83.84      0.00      0.00      0.00      1.01      0.00      0.00      0.00
10:34:35 AM      19     15.31      0.00     84.69      0.00      0.00      0.00      0.00      0.00      0.00      0.00
10:34:35 AM      20     15.84      0.00     82.18      0.00      0.00      0.99      0.99      0.00      0.00      0.00
10:34:35 AM      21     17.00      0.00     82.00      0.00      0.00      1.00      0.00      0.00      0.00      0.00
10:34:35 AM      22     18.00      0.00     81.00      0.00      0.00      1.00      0.00      0.00      0.00      0.00
10:34:35 AM      23     17.00      0.00     82.00      0.00      0.00      1.00      0.00      0.00      0.00      0.00

10:34:35 AM     CPU      %usr     %nice      %sys   %iowait    %steal      %irq     %soft    %guest    %gnice     %idle
10:34:36 AM      16     18.00      0.00     81.00      0.00      0.00      1.00      0.00      0.00      0.00      0.00
10:34:36 AM      17     18.00      0.00     81.00      0.00      0.00      0.00      1.00      0.00      0.00      0.00
10:34:36 AM      18     15.84      0.00     83.17      0.00      0.00      0.99      0.00      0.00      0.00      0.00
10:34:36 AM      19     15.69      0.00     82.35      0.00      0.00      0.98      0.98      0.00      0.00      0.00
10:34:36 AM      20     16.00      0.00     84.00      0.00      0.00      0.00      0.00      0.00      0.00      0.00
10:34:36 AM      21     16.00      0.00     84.00      0.00      0.00      0.00      0.00      0.00      0.00      0.00
10:34:36 AM      22     15.15      0.00     84.85      0.00      0.00      0.00      0.00      0.00      0.00      0.00
10:34:36 AM      23     16.00      0.00     84.00      0.00      0.00      0.00      0.00      0.00      0.00      0.00

10:34:36 AM     CPU      %usr     %nice      %sys   %iowait    %steal      %irq     %soft    %guest    %gnice     %idle
10:34:37 AM      16     18.18      0.00     81.82      0.00      0.00      0.00      0.00      0.00      0.00      0.00
10:34:37 AM      17     18.00      0.00     81.00      0.00      0.00      1.00      0.00      0.00      0.00      0.00
10:34:37 AM      18     16.16      0.00     83.84      0.00      0.00      0.00      0.00      0.00      0.00      0.00
10:34:37 AM      19     17.17      0.00     82.83      0.00      0.00      0.00      0.00      0.00      0.00      0.00
10:34:37 AM      20     17.00      0.00     82.00      0.00      0.00      1.00      0.00      0.00      0.00      0.00
10:34:37 AM      21     17.00      0.00     82.00      0.00      0.00      1.00      0.00      0.00      0.00      0.00
10:34:37 AM      22     16.83      0.00     82.18      0.00      0.00      0.99      0.00      0.00      0.00      0.00
10:34:37 AM      23     15.84      0.00     83.17      0.00      0.00      0.99      0.00      0.00      0.00      0.00

Average:        CPU      %usr     %nice      %sys   %iowait    %steal      %irq     %soft    %guest    %gnice     %idle
Average:         16     16.82      0.00     82.58      0.00      0.00      0.50      0.10      0.00      0.00      0.00
Average:         17     17.10      0.00     82.10      0.00      0.00      0.50      0.30      0.00      0.00      0.00
Average:         18     16.40      0.00     82.90      0.00      0.00      0.50      0.20      0.00      0.00      0.00
Average:         19     15.38      0.00     83.82      0.00      0.00      0.50      0.30      0.00      0.00      0.00
Average:         20     16.68      0.00     82.52      0.00      0.00      0.60      0.20      0.00      0.00      0.00
Average:         21     16.20      0.00     83.20      0.00      0.00      0.50      0.10      0.00      0.00      0.00
Average:         22     16.70      0.00     82.70      0.00      0.00      0.50      0.10      0.00      0.00      0.00
Average:         23     15.78      0.00     83.62      0.00      0.00      0.50      0.10      0.00      0.00      0.00
