Linux 6.11.0-rc3-suspendv2 (cache-sql13432) 	08/22/2024 	_x86_64_	(64 CPU)

09:13:33 AM     CPU      %usr     %nice      %sys   %iowait    %steal      %irq     %soft    %guest    %gnice     %idle
09:13:34 AM      16     10.75      0.00     40.86      0.00      0.00      0.00      8.60      0.00      0.00     39.78
09:13:34 AM      17      9.68      0.00     41.94      0.00      0.00      1.08      9.68      0.00      0.00     37.63
09:13:34 AM      18     11.70      0.00     54.26      0.00      0.00      0.00      7.45      0.00      0.00     26.60
09:13:34 AM      19     11.70      0.00     47.87      0.00      0.00      1.06      8.51      0.00      0.00     30.85
09:13:34 AM      20     10.75      0.00     48.39      0.00      0.00      1.08      7.53      0.00      0.00     32.26
09:13:34 AM      21      8.60      0.00     45.16      0.00      0.00      0.00      9.68      0.00      0.00     36.56
09:13:34 AM      22      8.42      0.00     44.21      0.00      0.00      0.00      8.42      0.00      0.00     38.95
09:13:34 AM      23     11.58      0.00     53.68      0.00      0.00      1.05      7.37      0.00      0.00     26.32

09:13:34 AM     CPU      %usr     %nice      %sys   %iowait    %steal      %irq     %soft    %guest    %gnice     %idle
09:13:35 AM      16     10.75      0.00     39.78      0.00      0.00      0.00      8.60      0.00      0.00     40.86
09:13:35 AM      17     10.64      0.00     45.74      0.00      0.00      0.00      9.57      0.00      0.00     34.04
09:13:35 AM      18     11.58      0.00     52.63      0.00      0.00      1.05      7.37      0.00      0.00     27.37
09:13:35 AM      19     11.83      0.00     50.54      0.00      0.00      0.00      7.53      0.00      0.00     30.11
09:13:35 AM      20     10.75      0.00     51.61      0.00      0.00      0.00      7.53      0.00      0.00     30.11
09:13:35 AM      21     10.99      0.00     42.86      0.00      0.00      1.10      8.79      0.00      0.00     36.26
09:13:35 AM      22     10.64      0.00     43.62      0.00      0.00      1.06      8.51      0.00      0.00     36.17
09:13:35 AM      23     11.96      0.00     52.17      0.00      0.00      0.00      7.61      0.00      0.00     28.26

09:13:35 AM     CPU      %usr     %nice      %sys   %iowait    %steal      %irq     %soft    %guest    %gnice     %idle
09:13:36 AM      16     11.70      0.00     40.43      0.00      0.00      1.06      8.51      0.00      0.00     38.30
09:13:36 AM      17     10.42      0.00     46.88      0.00      0.00      1.04      8.33      0.00      0.00     33.33
09:13:36 AM      18     12.90      0.00     47.31      0.00      0.00      0.00      8.60      0.00      0.00     31.18
09:13:36 AM      19      9.38      0.00     53.12      0.00      0.00      1.04      7.29      0.00      0.00     29.17
09:13:36 AM      20     12.50      0.00     53.12      0.00      0.00      1.04      7.29      0.00      0.00     26.04
09:13:36 AM      21     10.75      0.00     48.39      0.00      0.00      0.00      8.60      0.00      0.00     32.26
09:13:36 AM      22     12.50      0.00     50.00      0.00      0.00      0.00      7.29      0.00      0.00     30.21
09:13:36 AM      23     10.53      0.00     48.42      0.00      0.00      0.00      8.42      0.00      0.00     32.63

09:13:36 AM     CPU      %usr     %nice      %sys   %iowait    %steal      %irq     %soft    %guest    %gnice     %idle
09:13:37 AM      16     11.46      0.00     43.75      0.00      0.00      0.00      8.33      0.00      0.00     36.46
09:13:37 AM      17      8.60      0.00     49.46      0.00      0.00      0.00      8.60      0.00      0.00     33.33
09:13:37 AM      18      9.38      0.00     50.00      0.00      0.00      1.04      8.33      0.00      0.00     31.25
09:13:37 AM      19     11.46      0.00     52.08      0.00      0.00      0.00      8.33      0.00      0.00     28.12
09:13:37 AM      20     12.77      0.00     53.19      0.00      0.00      0.00      7.45      0.00      0.00     26.60
09:13:37 AM      21     10.99      0.00     47.25      0.00      0.00      0.00      8.79      0.00      0.00     32.97
09:13:37 AM      22     11.83      0.00     47.31      0.00      0.00      1.08      7.53      0.00      0.00     32.26
09:13:37 AM      23     10.75      0.00     48.39      0.00      0.00      1.08      7.53      0.00      0.00     32.26

09:13:37 AM     CPU      %usr     %nice      %sys   %iowait    %steal      %irq     %soft    %guest    %gnice     %idle
09:13:38 AM      16     10.99      0.00     42.86      0.00      0.00      0.00      8.79      0.00      0.00     37.36
09:13:38 AM      17      9.89      0.00     48.35      0.00      0.00      0.00      7.69      0.00      0.00     34.07
09:13:38 AM      18     10.42      0.00     48.96      0.00      0.00      0.00      8.33      0.00      0.00     32.29
09:13:38 AM      19     13.04      0.00     53.26      0.00      0.00      0.00      6.52      0.00      0.00     27.17
09:13:38 AM      20      9.57      0.00     54.26      0.00      0.00      0.00      8.51      0.00      0.00     27.66
09:13:38 AM      21     10.42      0.00     47.92      0.00      0.00      1.04      8.33      0.00      0.00     32.29
09:13:38 AM      22     11.58      0.00     48.42      0.00      0.00      0.00      8.42      0.00      0.00     31.58
09:13:38 AM      23     10.53      0.00     47.37      0.00      0.00      0.00      8.42      0.00      0.00     33.68

09:13:38 AM     CPU      %usr     %nice      %sys   %iowait    %steal      %irq     %soft    %guest    %gnice     %idle
09:13:39 AM      16     10.64      0.00     41.49      0.00      0.00      1.06      9.57      0.00      0.00     37.23
09:13:39 AM      17      9.47      0.00     49.47      0.00      0.00      1.05      8.42      0.00      0.00     31.58
09:13:39 AM      18      9.57      0.00     48.94      0.00      0.00      0.00      8.51      0.00      0.00     32.98
09:13:39 AM      19      9.78      0.00     54.35      0.00      0.00      1.09      7.61      0.00      0.00     27.17
09:13:39 AM      20     11.34      0.00     47.42      0.00      0.00      1.03      7.22      0.00      0.00     32.99
09:13:39 AM      21      9.68      0.00     49.46      0.00      0.00      0.00      8.60      0.00      0.00     32.26
09:13:39 AM      22     11.70      0.00     51.06      0.00      0.00      0.00      7.45      0.00      0.00     29.79
09:13:39 AM      23     10.99      0.00     51.65      0.00      0.00      0.00      7.69      0.00      0.00     29.67

09:13:39 AM     CPU      %usr     %nice      %sys   %iowait    %steal      %irq     %soft    %guest    %gnice     %idle
09:13:40 AM      16     10.87      0.00     42.39      0.00      0.00      0.00      8.70      0.00      0.00     38.04
09:13:40 AM      17      9.68      0.00     52.69      0.00      0.00      0.00      7.53      0.00      0.00     30.11
09:13:40 AM      18     10.64      0.00     46.81      0.00      0.00      1.06      7.45      0.00      0.00     34.04
09:13:40 AM      19     10.42      0.00     56.25      0.00      0.00      0.00      7.29      0.00      0.00     26.04
09:13:40 AM      20     10.87      0.00     44.57      0.00      0.00      0.00      8.70      0.00      0.00     35.87
09:13:40 AM      21     11.70      0.00     47.87      0.00      0.00      0.00      8.51      0.00      0.00     31.91
09:13:40 AM      22     10.42      0.00     50.00      0.00      0.00      1.04      8.33      0.00      0.00     30.21
09:13:40 AM      23     10.42      0.00     51.04      0.00      0.00      1.04      8.33      0.00      0.00     29.17

09:13:40 AM     CPU      %usr     %nice      %sys   %iowait    %steal      %irq     %soft    %guest    %gnice     %idle
09:13:41 AM      16      9.68      0.00     43.01      0.00      0.00      0.00      9.68      0.00      0.00     37.63
09:13:41 AM      17     10.42      0.00     48.96      0.00      0.00      1.04      8.33      0.00      0.00     31.25
09:13:41 AM      18     10.53      0.00     48.42      0.00      0.00      0.00      8.42      0.00      0.00     32.63
09:13:41 AM      19     13.40      0.00     50.52      0.00      0.00      1.03      8.25      0.00      0.00     26.80
09:13:41 AM      20     10.64      0.00     45.74      0.00      0.00      1.06      8.51      0.00      0.00     34.04
09:13:41 AM      21     11.70      0.00     45.74      0.00      0.00      1.06      8.51      0.00      0.00     32.98
09:13:41 AM      22     11.34      0.00     50.52      0.00      0.00      0.00      8.25      0.00      0.00     29.90
09:13:41 AM      23     11.83      0.00     51.61      0.00      0.00      0.00      7.53      0.00      0.00     29.03

09:13:41 AM     CPU      %usr     %nice      %sys   %iowait    %steal      %irq     %soft    %guest    %gnice     %idle
09:13:42 AM      16     11.70      0.00     45.74      0.00      0.00      1.06      8.51      0.00      0.00     32.98
09:13:42 AM      17     10.53      0.00     51.58      0.00      0.00      0.00      8.42      0.00      0.00     29.47
09:13:42 AM      18      9.78      0.00     55.43      0.00      0.00      0.00      6.52      0.00      0.00     28.26
09:13:42 AM      19     11.83      0.00     48.39      0.00      0.00      0.00      7.53      0.00      0.00     32.26
09:13:42 AM      20      8.60      0.00     48.39      0.00      0.00      0.00      7.53      0.00      0.00     35.48
09:13:42 AM      21     10.64      0.00     43.62      0.00      0.00      0.00      8.51      0.00      0.00     37.23
09:13:42 AM      22     11.96      0.00     48.91      0.00      0.00      0.00      7.61      0.00      0.00     31.52
09:13:42 AM      23     11.46      0.00     51.04      0.00      0.00      1.04      7.29      0.00      0.00     29.17

09:13:42 AM     CPU      %usr     %nice      %sys   %iowait    %steal      %irq     %soft    %guest    %gnice     %idle
09:13:43 AM      16     11.83      0.00     46.24      0.00      0.00      0.00      8.60      0.00      0.00     33.33
09:13:43 AM      17     11.58      0.00     51.58      0.00      0.00      0.00      7.37      0.00      0.00     29.47
09:13:43 AM      18     11.34      0.00     52.58      0.00      0.00      1.03      7.22      0.00      0.00     27.84
09:13:43 AM      19     12.50      0.00     47.92      0.00      0.00      0.00      8.33      0.00      0.00     31.25
09:13:43 AM      20     11.58      0.00     46.32      0.00      0.00      0.00      8.42      0.00      0.00     33.68
09:13:43 AM      21      9.78      0.00     42.39      0.00      0.00      0.00      9.78      0.00      0.00     38.04
09:13:43 AM      22     10.31      0.00     50.52      0.00      0.00      1.03      8.25      0.00      0.00     29.90
09:13:43 AM      23     10.75      0.00     51.61      0.00      0.00      0.00      8.60      0.00      0.00     29.03

Average:        CPU      %usr     %nice      %sys   %iowait    %steal      %irq     %soft    %guest    %gnice     %idle
Average:         16     11.04      0.00     42.66      0.00      0.00      0.32      8.79      0.00      0.00     37.19
Average:         17     10.10      0.00     48.67      0.00      0.00      0.43      8.40      0.00      0.00     32.41
Average:         18     10.78      0.00     50.53      0.00      0.00      0.42      7.82      0.00      0.00     30.44
Average:         19     11.53      0.00     51.43      0.00      0.00      0.42      7.72      0.00      0.00     28.89
Average:         20     10.95      0.00     49.31      0.00      0.00      0.43      7.86      0.00      0.00     31.46
Average:         21     10.53      0.00     46.08      0.00      0.00      0.32      8.81      0.00      0.00     34.26
Average:         22     11.06      0.00     48.47      0.00      0.00      0.42      8.01      0.00      0.00     32.03
Average:         23     11.08      0.00     50.69      0.00      0.00      0.43      7.88      0.00      0.00     29.93
