Linux 6.11.0-rc3-suspendv2 (cache-sql13432) 	08/22/2024 	_x86_64_	(64 CPU)

04:06:42 AM     CPU      %usr     %nice      %sys   %iowait    %steal      %irq     %soft    %guest    %gnice     %idle
04:06:43 AM      16      8.99      0.00     42.70      0.00      0.00      1.12     14.61      0.00      0.00     32.58
04:06:43 AM      17      8.60      0.00     43.01      0.00      0.00      1.08     15.05      0.00      0.00     32.26
04:06:43 AM      18      8.70      0.00     44.57      0.00      0.00      2.17     14.13      0.00      0.00     30.43
04:06:43 AM      19     10.11      0.00     41.57      0.00      0.00      1.12     15.73      0.00      0.00     31.46
04:06:43 AM      20     12.09      0.00     39.56      0.00      0.00      1.10     14.29      0.00      0.00     32.97
04:06:43 AM      21     10.23      0.00     40.91      0.00      0.00      1.14     14.77      0.00      0.00     32.95
04:06:43 AM      22     11.11      0.00     40.00      0.00      0.00      1.11     15.56      0.00      0.00     32.22
04:06:43 AM      23     10.23      0.00     42.05      0.00      0.00      1.14     14.77      0.00      0.00     31.82

04:06:43 AM     CPU      %usr     %nice      %sys   %iowait    %steal      %irq     %soft    %guest    %gnice     %idle
04:06:44 AM      16     11.11      0.00     43.33      0.00      0.00      1.11     15.56      0.00      0.00     28.89
04:06:44 AM      17     10.11      0.00     39.33      0.00      0.00      2.25     15.73      0.00      0.00     32.58
04:06:44 AM      18      8.99      0.00     41.57      0.00      0.00      1.12     15.73      0.00      0.00     32.58
04:06:44 AM      19     10.34      0.00     37.93      0.00      0.00      1.15     16.09      0.00      0.00     34.48
04:06:44 AM      20     10.00      0.00     38.89      0.00      0.00      2.22     15.56      0.00      0.00     33.33
04:06:44 AM      21      8.79      0.00     42.86      0.00      0.00      2.20     15.38      0.00      0.00     30.77
04:06:44 AM      22      7.69      0.00     45.05      0.00      0.00      2.20     15.38      0.00      0.00     29.67
04:06:44 AM      23      9.68      0.00     43.01      0.00      0.00      2.15     15.05      0.00      0.00     30.11

04:06:44 AM     CPU      %usr     %nice      %sys   %iowait    %steal      %irq     %soft    %guest    %gnice     %idle
04:06:45 AM      16      8.99      0.00     42.70      0.00      0.00      2.25     15.73      0.00      0.00     30.34
04:06:45 AM      17     10.11      0.00     41.57      0.00      0.00      1.12     15.73      0.00      0.00     31.46
04:06:45 AM      18     10.87      0.00     41.30      0.00      0.00      1.09     15.22      0.00      0.00     31.52
04:06:45 AM      19      9.09      0.00     43.18      0.00      0.00      2.27     15.91      0.00      0.00     29.55
04:06:45 AM      20     10.23      0.00     44.32      0.00      0.00      1.14     14.77      0.00      0.00     29.55
04:06:45 AM      21     11.24      0.00     42.70      0.00      0.00      1.12     14.61      0.00      0.00     30.34
04:06:45 AM      22     10.99      0.00     39.56      0.00      0.00      1.10     15.38      0.00      0.00     32.97
04:06:45 AM      23      8.99      0.00     41.57      0.00      0.00      1.12     15.73      0.00      0.00     32.58

04:06:45 AM     CPU      %usr     %nice      %sys   %iowait    %steal      %irq     %soft    %guest    %gnice     %idle
04:06:46 AM      16      9.09      0.00     45.45      0.00      0.00      1.14     14.77      0.00      0.00     29.55
04:06:46 AM      17      7.87      0.00     43.82      0.00      0.00      1.12     15.73      0.00      0.00     31.46
04:06:46 AM      18      8.99      0.00     40.45      0.00      0.00      2.25     15.73      0.00      0.00     32.58
04:06:46 AM      19     10.00      0.00     42.22      0.00      0.00      1.11     15.56      0.00      0.00     31.11
04:06:46 AM      20      7.95      0.00     44.32      0.00      0.00      1.14     15.91      0.00      0.00     30.68
04:06:46 AM      21     10.00      0.00     42.22      0.00      0.00      1.11     15.56      0.00      0.00     31.11
04:06:46 AM      22      9.09      0.00     45.45      0.00      0.00      1.14     14.77      0.00      0.00     29.55
04:06:46 AM      23     10.00      0.00     42.22      0.00      0.00      1.11     15.56      0.00      0.00     31.11

04:06:46 AM     CPU      %usr     %nice      %sys   %iowait    %steal      %irq     %soft    %guest    %gnice     %idle
04:06:47 AM      16     10.99      0.00     41.76      0.00      0.00      1.10     15.38      0.00      0.00     30.77
04:06:47 AM      17      8.05      0.00     45.98      0.00      0.00      1.15     14.94      0.00      0.00     29.89
04:06:47 AM      18      7.78      0.00     45.56      0.00      0.00      1.11     14.44      0.00      0.00     31.11
04:06:47 AM      19     10.23      0.00     40.91      0.00      0.00      1.14     15.91      0.00      0.00     31.82
04:06:47 AM      20      8.89      0.00     46.67      0.00      0.00      1.11     14.44      0.00      0.00     28.89
04:06:47 AM      21      9.89      0.00     42.86      0.00      0.00      1.10     14.29      0.00      0.00     31.87
04:06:47 AM      22     10.11      0.00     43.82      0.00      0.00      1.12     15.73      0.00      0.00     29.21
04:06:47 AM      23      9.20      0.00     40.23      0.00      0.00      1.15     14.94      0.00      0.00     34.48

04:06:47 AM     CPU      %usr     %nice      %sys   %iowait    %steal      %irq     %soft    %guest    %gnice     %idle
04:06:48 AM      16      7.87      0.00     41.57      0.00      0.00      1.12     15.73      0.00      0.00     33.71
04:06:48 AM      17     10.11      0.00     42.70      0.00      0.00      1.12     15.73      0.00      0.00     30.34
04:06:48 AM      18     10.00      0.00     41.11      0.00      0.00      1.11     15.56      0.00      0.00     32.22
04:06:48 AM      19     11.36      0.00     40.91      0.00      0.00      1.14     14.77      0.00      0.00     31.82
04:06:48 AM      20      8.79      0.00     40.66      0.00      0.00      2.20     15.38      0.00      0.00     32.97
04:06:48 AM      21      8.79      0.00     41.76      0.00      0.00      2.20     15.38      0.00      0.00     31.87
04:06:48 AM      22      9.57      0.00     41.49      0.00      0.00      2.13     14.89      0.00      0.00     31.91
04:06:48 AM      23     11.70      0.00     39.36      0.00      0.00      2.13     14.89      0.00      0.00     31.91

04:06:48 AM     CPU      %usr     %nice      %sys   %iowait    %steal      %irq     %soft    %guest    %gnice     %idle
04:06:49 AM      16      9.89      0.00     46.15      0.00      0.00      1.10     14.29      0.00      0.00     28.57
04:06:49 AM      17      9.78      0.00     39.13      0.00      0.00      2.17     14.13      0.00      0.00     34.78
04:06:49 AM      18      8.99      0.00     42.70      0.00      0.00      1.12     15.73      0.00      0.00     31.46
04:06:49 AM      19      8.70      0.00     42.39      0.00      0.00      2.17     15.22      0.00      0.00     31.52
04:06:49 AM      20      8.79      0.00     42.86      0.00      0.00      1.10     15.38      0.00      0.00     31.87
04:06:49 AM      21     10.00      0.00     42.22      0.00      0.00      1.11     14.44      0.00      0.00     32.22
04:06:49 AM      22     10.87      0.00     46.74      0.00      0.00      1.09     14.13      0.00      0.00     27.17
04:06:49 AM      23     10.00      0.00     42.22      0.00      0.00      1.11     15.56      0.00      0.00     31.11

04:06:49 AM     CPU      %usr     %nice      %sys   %iowait    %steal      %irq     %soft    %guest    %gnice     %idle
04:06:50 AM      16     10.87      0.00     41.30      0.00      0.00      2.17     15.22      0.00      0.00     30.43
04:06:50 AM      17     10.00      0.00     41.11      0.00      0.00      1.11     15.56      0.00      0.00     32.22
04:06:50 AM      18      9.09      0.00     39.77      0.00      0.00      2.27     15.91      0.00      0.00     32.95
04:06:50 AM      19      7.78      0.00     42.22      0.00      0.00      1.11     15.56      0.00      0.00     33.33
04:06:50 AM      20      9.78      0.00     43.48      0.00      0.00      1.09     15.22      0.00      0.00     30.43
04:06:50 AM      21      9.78      0.00     42.39      0.00      0.00      1.09     15.22      0.00      0.00     31.52
04:06:50 AM      22      8.70      0.00     44.57      0.00      0.00      1.09     15.22      0.00      0.00     30.43
04:06:50 AM      23      8.89      0.00     43.33      0.00      0.00      1.11     14.44      0.00      0.00     32.22

04:06:50 AM     CPU      %usr     %nice      %sys   %iowait    %steal      %irq     %soft    %guest    %gnice     %idle
04:06:51 AM      16     10.99      0.00     43.96      0.00      0.00      1.10     14.29      0.00      0.00     29.67
04:06:51 AM      17     10.87      0.00     41.30      0.00      0.00      1.09     15.22      0.00      0.00     31.52
04:06:51 AM      18      8.99      0.00     42.70      0.00      0.00      1.12     14.61      0.00      0.00     32.58
04:06:51 AM      19     11.96      0.00     39.13      0.00      0.00      1.09     15.22      0.00      0.00     32.61
04:06:51 AM      20      9.89      0.00     43.96      0.00      0.00      1.10     14.29      0.00      0.00     30.77
04:06:51 AM      21     11.83      0.00     44.09      0.00      0.00      1.08     13.98      0.00      0.00     29.03
04:06:51 AM      22     10.75      0.00     44.09      0.00      0.00      1.08     13.98      0.00      0.00     30.11
04:06:51 AM      23     10.00      0.00     42.22      0.00      0.00      1.11     15.56      0.00      0.00     31.11

04:06:51 AM     CPU      %usr     %nice      %sys   %iowait    %steal      %irq     %soft    %guest    %gnice     %idle
04:06:52 AM      16     11.24      0.00     38.20      0.00      0.00      1.12     15.73      0.00      0.00     33.71
04:06:52 AM      17      9.09      0.00     40.91      0.00      0.00      1.14     14.77      0.00      0.00     34.09
04:06:52 AM      18      8.70      0.00     45.65      0.00      0.00      1.09     15.22      0.00      0.00     29.35
04:06:52 AM      19      8.89      0.00     43.33      0.00      0.00      2.22     14.44      0.00      0.00     31.11
04:06:52 AM      20      9.68      0.00     43.01      0.00      0.00      2.15     15.05      0.00      0.00     30.11
04:06:52 AM      21      7.53      0.00     44.09      0.00      0.00      2.15     15.05      0.00      0.00     31.18
04:06:52 AM      22      9.78      0.00     40.22      0.00      0.00      2.17     15.22      0.00      0.00     32.61
04:06:52 AM      23      9.78      0.00     43.48      0.00      0.00      2.17     15.22      0.00      0.00     29.35

Average:        CPU      %usr     %nice      %sys   %iowait    %steal      %irq     %soft    %guest    %gnice     %idle
Average:         16     10.01      0.00     42.71      0.00      0.00      1.33     15.13      0.00      0.00     30.81
Average:         17      9.47      0.00     41.87      0.00      0.00      1.34     15.26      0.00      0.00     32.07
Average:         18      9.11      0.00     42.56      0.00      0.00      1.44     15.22      0.00      0.00     31.67
Average:         19      9.84      0.00     41.39      0.00      0.00      1.45     15.44      0.00      0.00     31.88
Average:         20      9.61      0.00     42.76      0.00      0.00      1.44     15.03      0.00      0.00     31.16
Average:         21      9.80      0.00     42.62      0.00      0.00      1.43     14.87      0.00      0.00     31.28
Average:         22      9.87      0.00     43.09      0.00      0.00      1.43     15.02      0.00      0.00     30.59
Average:         23      9.86      0.00     41.97      0.00      0.00      1.44     15.17      0.00      0.00     31.56
