Linux 6.11.0-rc3-suspendv2 (cache-sql13432) 	08/22/2024 	_x86_64_	(64 CPU)

01:47:48 PM     CPU      %usr     %nice      %sys   %iowait    %steal      %irq     %soft    %guest    %gnice     %idle
01:47:49 PM      16      7.07      0.00     72.73      0.00      0.00      0.00      2.02      0.00      0.00     18.18
01:47:49 PM      17      8.91      0.00     72.28      0.00      0.00      0.99      2.97      0.00      0.00     14.85
01:47:49 PM      18      6.06      0.00     77.78      0.00      0.00      1.01      2.02      0.00      0.00     13.13
01:47:49 PM      19      6.19      0.00     77.32      0.00      0.00      0.00      2.06      0.00      0.00     14.43
01:47:49 PM      20      6.12      0.00     71.43      0.00      0.00      1.02      2.04      0.00      0.00     19.39
01:47:49 PM      21      6.19      0.00     70.10      0.00      0.00      0.00      3.09      0.00      0.00     20.62
01:47:49 PM      22      6.12      0.00     76.53      0.00      0.00      0.00      2.04      0.00      0.00     15.31
01:47:49 PM      23      6.19      0.00     75.26      0.00      0.00      1.03      1.03      0.00      0.00     16.49

01:47:49 PM     CPU      %usr     %nice      %sys   %iowait    %steal      %irq     %soft    %guest    %gnice     %idle
01:47:50 PM      16      6.00      0.00     74.00      0.00      0.00      0.00      2.00      0.00      0.00     18.00
01:47:50 PM      17      6.12      0.00     74.49      0.00      0.00      0.00      2.04      0.00      0.00     17.35
01:47:50 PM      18      5.10      0.00     80.61      0.00      0.00      0.00      2.04      0.00      0.00     12.24
01:47:50 PM      19      5.21      0.00     77.08      0.00      0.00      0.00      2.08      0.00      0.00     15.62
01:47:50 PM      20      7.14      0.00     71.43      0.00      0.00      0.00      2.04      0.00      0.00     19.39
01:47:50 PM      21      5.00      0.00     73.00      0.00      0.00      1.00      2.00      0.00      0.00     19.00
01:47:50 PM      22      6.06      0.00     75.76      0.00      0.00      1.01      2.02      0.00      0.00     15.15
01:47:50 PM      23      6.19      0.00     76.29      0.00      0.00      0.00      2.06      0.00      0.00     15.46

01:47:50 PM     CPU      %usr     %nice      %sys   %iowait    %steal      %irq     %soft    %guest    %gnice     %idle
01:47:51 PM      16      5.05      0.00     73.74      0.00      0.00      1.01      2.02      0.00      0.00     18.18
01:47:51 PM      17      6.06      0.00     72.73      0.00      0.00      1.01      2.02      0.00      0.00     18.18
01:47:51 PM      18      6.06      0.00     76.77      0.00      0.00      1.01      2.02      0.00      0.00     14.14
01:47:51 PM      19      6.12      0.00     74.49      0.00      0.00      1.02      2.04      0.00      0.00     16.33
01:47:51 PM      20      6.06      0.00     72.73      0.00      0.00      0.00      3.03      0.00      0.00     18.18
01:47:51 PM      21      5.15      0.00     73.20      0.00      0.00      0.00      2.06      0.00      0.00     19.59
01:47:51 PM      22      6.00      0.00     78.00      0.00      0.00      0.00      2.00      0.00      0.00     14.00
01:47:51 PM      23      5.94      0.00     77.23      0.00      0.00      0.00      1.98      0.00      0.00     14.85

01:47:51 PM     CPU      %usr     %nice      %sys   %iowait    %steal      %irq     %soft    %guest    %gnice     %idle
01:47:52 PM      16      5.10      0.00     75.51      0.00      0.00      0.00      2.04      0.00      0.00     17.35
01:47:52 PM      17      6.12      0.00     74.49      0.00      0.00      0.00      2.04      0.00      0.00     17.35
01:47:52 PM      18      7.14      0.00     76.53      0.00      0.00      0.00      2.04      0.00      0.00     14.29
01:47:52 PM      19      6.06      0.00     76.77      0.00      0.00      0.00      2.02      0.00      0.00     15.15
01:47:52 PM      20      6.00      0.00     73.00      0.00      0.00      1.00      2.00      0.00      0.00     18.00
01:47:52 PM      21      4.04      0.00     72.73      0.00      0.00      1.01      3.03      0.00      0.00     19.19
01:47:52 PM      22      6.12      0.00     76.53      0.00      0.00      1.02      2.04      0.00      0.00     14.29
01:47:52 PM      23      7.14      0.00     75.51      0.00      0.00      1.02      1.02      0.00      0.00     15.31

01:47:52 PM     CPU      %usr     %nice      %sys   %iowait    %steal      %irq     %soft    %guest    %gnice     %idle
01:47:53 PM      16      6.00      0.00     73.00      0.00      0.00      1.00      2.00      0.00      0.00     18.00
01:47:53 PM      17      5.05      0.00     75.76      0.00      0.00      1.01      2.02      0.00      0.00     16.16
01:47:53 PM      18      6.12      0.00     78.57      0.00      0.00      0.00      2.04      0.00      0.00     13.27
01:47:53 PM      19      7.14      0.00     75.51      0.00      0.00      1.02      1.02      0.00      0.00     15.31
01:47:53 PM      20      4.21      0.00     74.74      0.00      0.00      0.00      2.11      0.00      0.00     18.95
01:47:53 PM      21      5.15      0.00     74.23      0.00      0.00      0.00      2.06      0.00      0.00     18.56
01:47:53 PM      22      7.00      0.00     77.00      0.00      0.00      0.00      2.00      0.00      0.00     14.00
01:47:53 PM      23      7.07      0.00     74.75      0.00      0.00      0.00      2.02      0.00      0.00     16.16

01:47:53 PM     CPU      %usr     %nice      %sys   %iowait    %steal      %irq     %soft    %guest    %gnice     %idle
01:47:54 PM      16      5.10      0.00     74.49      0.00      0.00      0.00      2.04      0.00      0.00     18.37
01:47:54 PM      17      6.19      0.00     74.23      0.00      0.00      0.00      2.06      0.00      0.00     17.53
01:47:54 PM      18      7.07      0.00     77.78      0.00      0.00      1.01      1.01      0.00      0.00     13.13
01:47:54 PM      19      8.25      0.00     72.16      0.00      0.00      0.00      3.09      0.00      0.00     16.49
01:47:54 PM      20      5.94      0.00     73.27      0.00      0.00      0.99      1.98      0.00      0.00     17.82
01:47:54 PM      21      5.10      0.00     73.47      0.00      0.00      0.00      2.04      0.00      0.00     19.39
01:47:54 PM      22      7.07      0.00     74.75      0.00      0.00      1.01      2.02      0.00      0.00     15.15
01:47:54 PM      23      6.06      0.00     74.75      0.00      0.00      1.01      2.02      0.00      0.00     16.16

01:47:54 PM     CPU      %usr     %nice      %sys   %iowait    %steal      %irq     %soft    %guest    %gnice     %idle
01:47:55 PM      16      5.05      0.00     73.74      0.00      0.00      1.01      2.02      0.00      0.00     18.18
01:47:55 PM      17      5.21      0.00     75.00      0.00      0.00      1.04      2.08      0.00      0.00     16.67
01:47:55 PM      18      6.12      0.00     77.55      0.00      0.00      0.00      2.04      0.00      0.00     14.29
01:47:55 PM      19      7.00      0.00     75.00      0.00      0.00      1.00      2.00      0.00      0.00     15.00
01:47:55 PM      20      7.22      0.00     72.16      0.00      0.00      0.00      2.06      0.00      0.00     18.56
01:47:55 PM      21      6.00      0.00     73.00      0.00      0.00      1.00      2.00      0.00      0.00     18.00
01:47:55 PM      22      6.12      0.00     77.55      0.00      0.00      0.00      2.04      0.00      0.00     14.29
01:47:55 PM      23      7.14      0.00     77.55      0.00      0.00      0.00      1.02      0.00      0.00     14.29

01:47:55 PM     CPU      %usr     %nice      %sys   %iowait    %steal      %irq     %soft    %guest    %gnice     %idle
01:47:56 PM      16      5.26      0.00     73.68      0.00      0.00      0.00      2.11      0.00      0.00     18.95
01:47:56 PM      17      6.19      0.00     75.26      0.00      0.00      0.00      2.06      0.00      0.00     16.49
01:47:56 PM      18      7.14      0.00     76.53      0.00      0.00      1.02      2.04      0.00      0.00     13.27
01:47:56 PM      19      6.19      0.00     75.26      0.00      0.00      0.00      2.06      0.00      0.00     16.49
01:47:56 PM      20      6.93      0.00     72.28      0.00      0.00      0.99      2.97      0.00      0.00     16.83
01:47:56 PM      21      6.06      0.00     73.74      0.00      0.00      0.00      2.02      0.00      0.00     18.18
01:47:56 PM      22      5.15      0.00     80.41      0.00      0.00      0.00      1.03      0.00      0.00     13.40
01:47:56 PM      23      6.12      0.00     76.53      0.00      0.00      0.00      2.04      0.00      0.00     15.31

01:47:56 PM     CPU      %usr     %nice      %sys   %iowait    %steal      %irq     %soft    %guest    %gnice     %idle
01:47:57 PM      16      5.21      0.00     73.96      0.00      0.00      0.00      2.08      0.00      0.00     18.75
01:47:57 PM      17      7.00      0.00     73.00      0.00      0.00      0.00      3.00      0.00      0.00     17.00
01:47:57 PM      18      7.07      0.00     77.78      0.00      0.00      0.00      2.02      0.00      0.00     13.13
01:47:57 PM      19      6.12      0.00     75.51      0.00      0.00      1.02      2.04      0.00      0.00     15.31
01:47:57 PM      20      6.25      0.00     71.88      0.00      0.00      0.00      2.08      0.00      0.00     19.79
01:47:57 PM      21      7.07      0.00     70.71      0.00      0.00      1.01      2.02      0.00      0.00     19.19
01:47:57 PM      22      6.00      0.00     77.00      0.00      0.00      1.00      2.00      0.00      0.00     14.00
01:47:57 PM      23      6.12      0.00     75.51      0.00      0.00      1.02      2.04      0.00      0.00     15.31

01:47:57 PM     CPU      %usr     %nice      %sys   %iowait    %steal      %irq     %soft    %guest    %gnice     %idle
01:47:58 PM      16      7.00      0.00     72.00      0.00      0.00      1.00      2.00      0.00      0.00     18.00
01:47:58 PM      17      5.10      0.00     74.49      0.00      0.00      1.02      2.04      0.00      0.00     17.35
01:47:58 PM      18      5.10      0.00     77.55      0.00      0.00      1.02      2.04      0.00      0.00     14.29
01:47:58 PM      19      5.00      0.00     77.00      0.00      0.00      0.00      2.00      0.00      0.00     16.00
01:47:58 PM      20      5.00      0.00     73.00      0.00      0.00      1.00      2.00      0.00      0.00     19.00
01:47:58 PM      21      5.21      0.00     71.88      0.00      0.00      0.00      3.12      0.00      0.00     19.79
01:47:58 PM      22      6.06      0.00     76.77      0.00      0.00      0.00      2.02      0.00      0.00     15.15
01:47:58 PM      23      5.15      0.00     78.35      0.00      0.00      0.00      1.03      0.00      0.00     15.46

Average:        CPU      %usr     %nice      %sys   %iowait    %steal      %irq     %soft    %guest    %gnice     %idle
Average:         16      5.69      0.00     73.68      0.00      0.00      0.41      2.03      0.00      0.00     18.19
Average:         17      6.21      0.00     74.16      0.00      0.00      0.51      2.24      0.00      0.00     16.89
Average:         18      6.30      0.00     77.74      0.00      0.00      0.51      1.93      0.00      0.00     13.52
Average:         19      6.33      0.00     75.61      0.00      0.00      0.41      2.04      0.00      0.00     15.61
Average:         20      6.09      0.00     72.59      0.00      0.00      0.51      2.23      0.00      0.00     18.58
Average:         21      5.50      0.00     72.61      0.00      0.00      0.41      2.34      0.00      0.00     19.14
Average:         22      6.17      0.00     77.02      0.00      0.00      0.40      1.92      0.00      0.00     14.47
Average:         23      6.31      0.00     76.17      0.00      0.00      0.41      1.63      0.00      0.00     15.48
