Linux 6.11.0-rc3-suspendv2 (cache-sql13432) 	08/23/2024 	_x86_64_	(64 CPU)

10:48:27 AM     CPU      %usr     %nice      %sys   %iowait    %steal      %irq     %soft    %guest    %gnice     %idle
10:48:28 AM      16      2.04      0.00      6.12      0.00      0.00      1.02      8.16      0.00      0.00     82.65
10:48:28 AM      17      3.00      0.00     11.00      0.00      0.00      1.00     12.00      0.00      0.00     73.00
10:48:28 AM      18      3.96      0.00      6.93      0.00      0.00      0.99      7.92      0.00      0.00     80.20
10:48:28 AM      19      2.97      0.00      7.92      0.00      0.00      0.99      7.92      0.00      0.00     80.20
10:48:28 AM      20      3.00      0.00      8.00      0.00      0.00      0.00     12.00      0.00      0.00     77.00
10:48:28 AM      21      2.04      0.00      6.12      0.00      0.00      1.02      8.16      0.00      0.00     82.65
10:48:28 AM      22      2.08      0.00     10.42      0.00      0.00      0.00      7.29      0.00      0.00     80.21
10:48:28 AM      23      2.00      0.00      8.00      0.00      0.00      0.00      8.00      0.00      0.00     82.00

10:48:28 AM     CPU      %usr     %nice      %sys   %iowait    %steal      %irq     %soft    %guest    %gnice     %idle
10:48:29 AM      16      3.09      0.00      7.22      0.00      0.00      0.00      7.22      0.00      0.00     82.47
10:48:29 AM      17      3.03      0.00     10.10      0.00      0.00      0.00     11.11      0.00      0.00     75.76
10:48:29 AM      18      2.04      0.00      9.18      0.00      0.00      0.00      7.14      0.00      0.00     81.63
10:48:29 AM      19      2.04      0.00      8.16      0.00      0.00      0.00      7.14      0.00      0.00     82.65
10:48:29 AM      20      3.00      0.00      9.00      0.00      0.00      0.00     11.00      0.00      0.00     77.00
10:48:29 AM      21      3.06      0.00      7.14      0.00      0.00      0.00      7.14      0.00      0.00     82.65
10:48:29 AM      22      3.00      0.00     11.00      0.00      0.00      0.00      8.00      0.00      0.00     78.00
10:48:29 AM      23      3.06      0.00      6.12      0.00      0.00      1.02      7.14      0.00      0.00     82.65

10:48:29 AM     CPU      %usr     %nice      %sys   %iowait    %steal      %irq     %soft    %guest    %gnice     %idle
10:48:30 AM      16      3.03      0.00      7.07      0.00      0.00      0.00      8.08      0.00      0.00     81.82
10:48:30 AM      17      3.06      0.00      9.18      0.00      0.00      1.02     11.22      0.00      0.00     75.51
10:48:30 AM      18      3.00      0.00      8.00      0.00      0.00      1.00      8.00      0.00      0.00     80.00
10:48:30 AM      19      3.96      0.00      7.92      0.00      0.00      0.99      7.92      0.00      0.00     79.21
10:48:30 AM      20      2.06      0.00      7.22      0.00      0.00      1.03     12.37      0.00      0.00     77.32
10:48:30 AM      21      4.00      0.00      8.00      0.00      0.00      0.00      8.00      0.00      0.00     80.00
10:48:30 AM      22      3.03      0.00      8.08      0.00      0.00      1.01      7.07      0.00      0.00     80.81
10:48:30 AM      23      3.03      0.00      8.08      0.00      0.00      0.00      8.08      0.00      0.00     80.81

10:48:30 AM     CPU      %usr     %nice      %sys   %iowait    %steal      %irq     %soft    %guest    %gnice     %idle
10:48:31 AM      16      2.94      0.00      7.84      0.00      0.00      0.98      7.84      0.00      0.00     80.39
10:48:31 AM      17      3.06      0.00      8.16      0.00      0.00      0.00     12.24      0.00      0.00     76.53
10:48:31 AM      18      4.04      0.00     10.10      0.00      0.00      0.00      7.07      0.00      0.00     78.79
10:48:31 AM      19      2.06      0.00      7.22      0.00      0.00      0.00      8.25      0.00      0.00     82.47
10:48:31 AM      20      3.06      0.00     11.22      0.00      0.00      0.00     11.22      0.00      0.00     74.49
10:48:31 AM      21      2.02      0.00      7.07      0.00      0.00      1.01      7.07      0.00      0.00     82.83
10:48:31 AM      22      3.06      0.00      6.12      0.00      0.00      0.00      7.14      0.00      0.00     83.67
10:48:31 AM      23      3.03      0.00      7.07      0.00      0.00      0.00      7.07      0.00      0.00     82.83

10:48:31 AM     CPU      %usr     %nice      %sys   %iowait    %steal      %irq     %soft    %guest    %gnice     %idle
10:48:32 AM      16      2.04      0.00      6.12      0.00      0.00      0.00      8.16      0.00      0.00     83.67
10:48:32 AM      17      4.08      0.00     10.20      0.00      0.00      0.00     11.22      0.00      0.00     74.49
10:48:32 AM      18      2.08      0.00      6.25      0.00      0.00      0.00      8.33      0.00      0.00     83.33
10:48:32 AM      19      2.04      0.00      7.14      0.00      0.00      0.00      7.14      0.00      0.00     83.67
10:48:32 AM      20      2.06      0.00      9.28      0.00      0.00      0.00     12.37      0.00      0.00     76.29
10:48:32 AM      21      3.06      0.00      6.12      0.00      0.00      0.00      8.16      0.00      0.00     82.65
10:48:32 AM      22      2.04      0.00      7.14      0.00      0.00      0.00      7.14      0.00      0.00     83.67
10:48:32 AM      23      3.03      0.00      6.06      0.00      0.00      1.01      8.08      0.00      0.00     81.82

10:48:32 AM     CPU      %usr     %nice      %sys   %iowait    %steal      %irq     %soft    %guest    %gnice     %idle
10:48:33 AM      16      3.06      0.00      7.14      0.00      0.00      0.00      7.14      0.00      0.00     82.65
10:48:33 AM      17      3.03      0.00     10.10      0.00      0.00      1.01     11.11      0.00      0.00     74.75
10:48:33 AM      18      2.02      0.00      8.08      0.00      0.00      1.01      8.08      0.00      0.00     80.81
10:48:33 AM      19      3.03      0.00      6.06      0.00      0.00      1.01      8.08      0.00      0.00     81.82
10:48:33 AM      20      3.06      0.00     10.20      0.00      0.00      1.02     11.22      0.00      0.00     74.49
10:48:33 AM      21      2.04      0.00      7.14      0.00      0.00      0.00      8.16      0.00      0.00     82.65
10:48:33 AM      22      2.00      0.00      7.00      0.00      0.00      1.00      8.00      0.00      0.00     82.00
10:48:33 AM      23      3.03      0.00      7.07      0.00      0.00      0.00      7.07      0.00      0.00     82.83

10:48:33 AM     CPU      %usr     %nice      %sys   %iowait    %steal      %irq     %soft    %guest    %gnice     %idle
10:48:34 AM      16      3.06      0.00      7.14      0.00      0.00      1.02      8.16      0.00      0.00     80.61
10:48:34 AM      17      3.09      0.00      7.22      0.00      0.00      0.00     12.37      0.00      0.00     77.32
10:48:34 AM      18      4.12      0.00      6.19      0.00      0.00      0.00      7.22      0.00      0.00     82.47
10:48:34 AM      19      3.00      0.00     11.00      0.00      0.00      0.00      7.00      0.00      0.00     79.00
10:48:34 AM      20      4.04      0.00      9.09      0.00      0.00      0.00     12.12      0.00      0.00     74.75
10:48:34 AM      21      3.03      0.00      7.07      0.00      0.00      1.01      7.07      0.00      0.00     81.82
10:48:34 AM      22      4.04      0.00      7.07      0.00      0.00      0.00      7.07      0.00      0.00     81.82
10:48:34 AM      23      3.00      0.00      7.00      0.00      0.00      1.00      8.00      0.00      0.00     81.00

10:48:34 AM     CPU      %usr     %nice      %sys   %iowait    %steal      %irq     %soft    %guest    %gnice     %idle
10:48:35 AM      16      3.06      0.00      7.14      0.00      0.00      0.00      8.16      0.00      0.00     81.63
10:48:35 AM      17      3.03      0.00      8.08      0.00      0.00      1.01     11.11      0.00      0.00     76.77
10:48:35 AM      18      2.04      0.00      6.12      0.00      0.00      1.02      8.16      0.00      0.00     82.65
10:48:35 AM      19      3.00      0.00     12.00      0.00      0.00      1.00      8.00      0.00      0.00     76.00
10:48:35 AM      20      2.04      0.00      7.14      0.00      0.00      1.02     11.22      0.00      0.00     78.57
10:48:35 AM      21      3.03      0.00      7.07      0.00      0.00      0.00      8.08      0.00      0.00     81.82
10:48:35 AM      22      3.03      0.00     10.10      0.00      0.00      1.01      8.08      0.00      0.00     77.78
10:48:35 AM      23      3.06      0.00      7.14      0.00      0.00      0.00      7.14      0.00      0.00     82.65

10:48:35 AM     CPU      %usr     %nice      %sys   %iowait    %steal      %irq     %soft    %guest    %gnice     %idle
10:48:36 AM      16      2.97      0.00      7.92      0.00      0.00      0.99      7.92      0.00      0.00     80.20
10:48:36 AM      17      3.06      0.00      9.18      0.00      0.00      0.00     12.24      0.00      0.00     75.51
10:48:36 AM      18      4.04      0.00      9.09      0.00      0.00      0.00      7.07      0.00      0.00     79.80
10:48:36 AM      19      3.00      0.00      8.00      0.00      0.00      0.00      8.00      0.00      0.00     81.00
10:48:36 AM      20      2.04      0.00      7.14      0.00      0.00      0.00     12.24      0.00      0.00     78.57
10:48:36 AM      21      3.06      0.00      6.12      0.00      0.00      1.02      7.14      0.00      0.00     82.65
10:48:36 AM      22      3.09      0.00     10.31      0.00      0.00      0.00      7.22      0.00      0.00     79.38
10:48:36 AM      23      3.06      0.00      6.12      0.00      0.00      0.00      8.16      0.00      0.00     82.65

10:48:36 AM     CPU      %usr     %nice      %sys   %iowait    %steal      %irq     %soft    %guest    %gnice     %idle
10:48:37 AM      16      4.08      0.00      6.12      0.00      0.00      0.00      8.16      0.00      0.00     81.63
10:48:37 AM      17      3.06      0.00      8.16      0.00      0.00      0.00     11.22      0.00      0.00     77.55
10:48:37 AM      18      2.06      0.00      8.25      0.00      0.00      0.00      8.25      0.00      0.00     81.44
10:48:37 AM      19      3.06      0.00     10.20      0.00      0.00      0.00      7.14      0.00      0.00     79.59
10:48:37 AM      20      2.06      0.00      7.22      0.00      0.00      0.00     11.34      0.00      0.00     79.38
10:48:37 AM      21      2.04      0.00      7.14      0.00      0.00      0.00      8.16      0.00      0.00     82.65
10:48:37 AM      22      3.00      0.00     11.00      0.00      0.00      0.00      8.00      0.00      0.00     78.00
10:48:37 AM      23      3.03      0.00      6.06      0.00      0.00      1.01      7.07      0.00      0.00     82.83

Average:        CPU      %usr     %nice      %sys   %iowait    %steal      %irq     %soft    %guest    %gnice     %idle
Average:         16      2.94      0.00      6.99      0.00      0.00      0.41      7.90      0.00      0.00     81.76
Average:         17      3.15      0.00      9.15      0.00      0.00      0.41     11.59      0.00      0.00     75.71
Average:         18      2.95      0.00      7.83      0.00      0.00      0.41      7.72      0.00      0.00     81.10
Average:         19      2.82      0.00      8.57      0.00      0.00      0.40      7.66      0.00      0.00     80.54
Average:         20      2.65      0.00      8.55      0.00      0.00      0.31     11.71      0.00      0.00     76.78
Average:         21      2.74      0.00      6.90      0.00      0.00      0.41      7.72      0.00      0.00     82.23
Average:         22      2.84      0.00      8.82      0.00      0.00      0.30      7.51      0.00      0.00     80.53
Average:         23      2.93      0.00      6.88      0.00      0.00      0.40      7.58      0.00      0.00     82.20
