Linux 6.11.0-rc3-suspendv2 (cache-sql13432) 	08/22/2024 	_x86_64_	(64 CPU)

04:08:36 AM     CPU      %usr     %nice      %sys   %iowait    %steal      %irq     %soft    %guest    %gnice     %idle
04:08:37 AM      16     10.87      0.00     38.04      0.00      0.00      0.00     14.13      0.00      0.00     36.96
04:08:37 AM      17      7.45      0.00     44.68      0.00      0.00      1.06     13.83      0.00      0.00     32.98
04:08:37 AM      18      9.68      0.00     39.78      0.00      0.00      1.08     13.98      0.00      0.00     35.48
04:08:37 AM      19      8.79      0.00     40.66      0.00      0.00      1.10     14.29      0.00      0.00     35.16
04:08:37 AM      20      9.78      0.00     42.39      0.00      0.00      0.00     14.13      0.00      0.00     33.70
04:08:37 AM      21     10.23      0.00     36.36      0.00      0.00      0.00     14.77      0.00      0.00     38.64
04:08:37 AM      22     10.00      0.00     42.22      0.00      0.00      1.11     13.33      0.00      0.00     33.33
04:08:37 AM      23      8.25      0.00     43.30      0.00      0.00      1.03     13.40      0.00      0.00     34.02

04:08:37 AM     CPU      %usr     %nice      %sys   %iowait    %steal      %irq     %soft    %guest    %gnice     %idle
04:08:38 AM      16      9.68      0.00     36.56      0.00      0.00      1.08     13.98      0.00      0.00     38.71
04:08:38 AM      17      8.79      0.00     40.66      0.00      0.00      0.00     14.29      0.00      0.00     36.26
04:08:38 AM      18      9.89      0.00     39.56      0.00      0.00      1.10     14.29      0.00      0.00     35.16
04:08:38 AM      19      9.68      0.00     37.63      0.00      0.00      1.08     13.98      0.00      0.00     37.63
04:08:38 AM      20      8.60      0.00     43.01      0.00      0.00      1.08     13.98      0.00      0.00     33.33
04:08:38 AM      21      9.47      0.00     44.21      0.00      0.00      1.05     13.68      0.00      0.00     31.58
04:08:38 AM      22     10.75      0.00     38.71      0.00      0.00      1.08     13.98      0.00      0.00     35.48
04:08:38 AM      23      9.89      0.00     38.46      0.00      0.00      1.10     14.29      0.00      0.00     36.26

04:08:38 AM     CPU      %usr     %nice      %sys   %iowait    %steal      %irq     %soft    %guest    %gnice     %idle
04:08:39 AM      16      9.78      0.00     36.96      0.00      0.00      1.09     14.13      0.00      0.00     38.04
04:08:39 AM      17      8.70      0.00     40.22      0.00      0.00      1.09     14.13      0.00      0.00     35.87
04:08:39 AM      18     10.00      0.00     38.89      0.00      0.00      0.00     14.44      0.00      0.00     36.67
04:08:39 AM      19      8.51      0.00     39.36      0.00      0.00      0.00     14.89      0.00      0.00     37.23
04:08:39 AM      20      9.57      0.00     41.49      0.00      0.00      1.06     13.83      0.00      0.00     34.04
04:08:39 AM      21     11.11      0.00     42.22      0.00      0.00      1.11     13.33      0.00      0.00     32.22
04:08:39 AM      22      9.78      0.00     39.13      0.00      0.00      1.09     14.13      0.00      0.00     35.87
04:08:39 AM      23      8.70      0.00     41.30      0.00      0.00      1.09     14.13      0.00      0.00     34.78

04:08:39 AM     CPU      %usr     %nice      %sys   %iowait    %steal      %irq     %soft    %guest    %gnice     %idle
04:08:40 AM      16     10.00      0.00     38.89      0.00      0.00      1.11     14.44      0.00      0.00     35.56
04:08:40 AM      17      7.78      0.00     38.89      0.00      0.00      1.11     14.44      0.00      0.00     37.78
04:08:40 AM      18      7.69      0.00     41.76      0.00      0.00      1.10     14.29      0.00      0.00     35.16
04:08:40 AM      19      9.57      0.00     40.43      0.00      0.00      1.06     13.83      0.00      0.00     35.11
04:08:40 AM      20      9.68      0.00     44.09      0.00      0.00      1.08     12.90      0.00      0.00     32.26
04:08:40 AM      21      7.78      0.00     38.89      0.00      0.00      1.11     15.56      0.00      0.00     36.67
04:08:40 AM      22     10.53      0.00     34.74      0.00      0.00      1.05     14.74      0.00      0.00     38.95
04:08:40 AM      23      9.09      0.00     40.91      0.00      0.00      0.00     14.77      0.00      0.00     35.23

04:08:40 AM     CPU      %usr     %nice      %sys   %iowait    %steal      %irq     %soft    %guest    %gnice     %idle
04:08:41 AM      16     10.11      0.00     39.33      0.00      0.00      1.12     14.61      0.00      0.00     34.83
04:08:41 AM      17      9.68      0.00     37.63      0.00      0.00      1.08     15.05      0.00      0.00     36.56
04:08:41 AM      18      9.78      0.00     41.30      0.00      0.00      1.09     14.13      0.00      0.00     33.70
04:08:41 AM      19      8.99      0.00     35.96      0.00      0.00      1.12     14.61      0.00      0.00     39.33
04:08:41 AM      20      8.51      0.00     42.55      0.00      0.00      1.06     13.83      0.00      0.00     34.04
04:08:41 AM      21      8.70      0.00     36.96      0.00      0.00      1.09     14.13      0.00      0.00     39.13
04:08:41 AM      22      9.89      0.00     39.56      0.00      0.00      1.10     13.19      0.00      0.00     36.26
04:08:41 AM      23      9.78      0.00     41.30      0.00      0.00      1.09     13.04      0.00      0.00     34.78

04:08:41 AM     CPU      %usr     %nice      %sys   %iowait    %steal      %irq     %soft    %guest    %gnice     %idle
04:08:42 AM      16     11.70      0.00     39.36      0.00      0.00      1.06     13.83      0.00      0.00     34.04
04:08:42 AM      17      8.60      0.00     39.78      0.00      0.00      1.08     13.98      0.00      0.00     36.56
04:08:42 AM      18      8.79      0.00     42.86      0.00      0.00      1.10     13.19      0.00      0.00     34.07
04:08:42 AM      19      8.79      0.00     39.56      0.00      0.00      1.10     14.29      0.00      0.00     36.26
04:08:42 AM      20      8.51      0.00     40.43      0.00      0.00      1.06     14.89      0.00      0.00     35.11
04:08:42 AM      21      7.69      0.00     38.46      0.00      0.00      1.10     14.29      0.00      0.00     38.46
04:08:42 AM      22      7.87      0.00     41.57      0.00      0.00      0.00     14.61      0.00      0.00     35.96
04:08:42 AM      23      9.78      0.00     38.04      0.00      0.00      1.09     14.13      0.00      0.00     36.96

04:08:42 AM     CPU      %usr     %nice      %sys   %iowait    %steal      %irq     %soft    %guest    %gnice     %idle
04:08:43 AM      16      7.87      0.00     43.82      0.00      0.00      0.00     14.61      0.00      0.00     33.71
04:08:43 AM      17      9.89      0.00     37.36      0.00      0.00      1.10     14.29      0.00      0.00     37.36
04:08:43 AM      18      9.78      0.00     41.30      0.00      0.00      1.09     14.13      0.00      0.00     33.70
04:08:43 AM      19      9.57      0.00     40.43      0.00      0.00      1.06     13.83      0.00      0.00     35.11
04:08:43 AM      20      8.89      0.00     38.89      0.00      0.00      0.00     14.44      0.00      0.00     37.78
04:08:43 AM      21      8.70      0.00     42.39      0.00      0.00      0.00     14.13      0.00      0.00     34.78
04:08:43 AM      22      8.79      0.00     38.46      0.00      0.00      1.10     14.29      0.00      0.00     37.36
04:08:43 AM      23      9.68      0.00     40.86      0.00      0.00      1.08     13.98      0.00      0.00     34.41

04:08:43 AM     CPU      %usr     %nice      %sys   %iowait    %steal      %irq     %soft    %guest    %gnice     %idle
04:08:44 AM      16     10.75      0.00     41.94      0.00      0.00      1.08     13.98      0.00      0.00     32.26
04:08:44 AM      17      8.42      0.00     40.00      0.00      0.00      1.05     14.74      0.00      0.00     35.79
04:08:44 AM      18     10.64      0.00     38.30      0.00      0.00      1.06     13.83      0.00      0.00     36.17
04:08:44 AM      19      8.70      0.00     43.48      0.00      0.00      1.09     14.13      0.00      0.00     32.61
04:08:44 AM      20      8.79      0.00     36.26      0.00      0.00      1.10     14.29      0.00      0.00     39.56
04:08:44 AM      21      8.70      0.00     42.39      0.00      0.00      1.09     14.13      0.00      0.00     33.70
04:08:44 AM      22      9.68      0.00     38.71      0.00      0.00      1.08     13.98      0.00      0.00     36.56
04:08:44 AM      23      9.89      0.00     40.66      0.00      0.00      1.10     14.29      0.00      0.00     34.07

04:08:44 AM     CPU      %usr     %nice      %sys   %iowait    %steal      %irq     %soft    %guest    %gnice     %idle
04:08:45 AM      16      9.68      0.00     43.01      0.00      0.00      1.08     12.90      0.00      0.00     33.33
04:08:45 AM      17      8.79      0.00     39.56      0.00      0.00      0.00     14.29      0.00      0.00     37.36
04:08:45 AM      18      9.78      0.00     36.96      0.00      0.00      1.09     14.13      0.00      0.00     38.04
04:08:45 AM      19      9.89      0.00     41.76      0.00      0.00      1.10     13.19      0.00      0.00     34.07
04:08:45 AM      20      9.78      0.00     36.96      0.00      0.00      1.09     14.13      0.00      0.00     38.04
04:08:45 AM      21     10.75      0.00     41.94      0.00      0.00      1.08     12.90      0.00      0.00     33.33
04:08:45 AM      22      9.89      0.00     36.26      0.00      0.00      1.10     14.29      0.00      0.00     38.46
04:08:45 AM      23     10.00      0.00     42.22      0.00      0.00      0.00     13.33      0.00      0.00     34.44

04:08:45 AM     CPU      %usr     %nice      %sys   %iowait    %steal      %irq     %soft    %guest    %gnice     %idle
04:08:46 AM      16      9.78      0.00     40.22      0.00      0.00      1.09     14.13      0.00      0.00     34.78
04:08:46 AM      17      9.89      0.00     38.46      0.00      0.00      1.10     14.29      0.00      0.00     36.26
04:08:46 AM      18      8.89      0.00     36.67      0.00      0.00      0.00     15.56      0.00      0.00     38.89
04:08:46 AM      19     10.11      0.00     41.57      0.00      0.00      0.00     14.61      0.00      0.00     33.71
04:08:46 AM      20      9.68      0.00     38.71      0.00      0.00      1.08     13.98      0.00      0.00     36.56
04:08:46 AM      21      8.51      0.00     44.68      0.00      0.00      1.06     13.83      0.00      0.00     31.91
04:08:46 AM      22      9.57      0.00     37.23      0.00      0.00      1.06     14.89      0.00      0.00     37.23
04:08:46 AM      23      7.69      0.00     41.76      0.00      0.00      1.10     14.29      0.00      0.00     35.16

Average:        CPU      %usr     %nice      %sys   %iowait    %steal      %irq     %soft    %guest    %gnice     %idle
Average:         16     10.03      0.00     39.80      0.00      0.00      0.87     14.07      0.00      0.00     35.22
Average:         17      8.79      0.00     39.74      0.00      0.00      0.87     14.33      0.00      0.00     36.26
Average:         18      9.50      0.00     39.74      0.00      0.00      0.87     14.19      0.00      0.00     35.70
Average:         19      9.26      0.00     40.09      0.00      0.00      0.87     14.16      0.00      0.00     35.62
Average:         20      9.18      0.00     40.50      0.00      0.00      0.86     14.04      0.00      0.00     35.42
Average:         21      9.16      0.00     40.89      0.00      0.00      0.87     14.07      0.00      0.00     35.01
Average:         22      9.68      0.00     38.63      0.00      0.00      0.98     14.15      0.00      0.00     36.56
Average:         23      9.27      0.00     40.89      0.00      0.00      0.87     13.96      0.00      0.00     35.01
