Linux 6.11.0-rc3-suspendv2 (cache-sql13432) 	08/22/2024 	_x86_64_	(64 CPU)

01:32:29 PM     CPU      %usr     %nice      %sys   %iowait    %steal      %irq     %soft    %guest    %gnice     %idle
01:32:30 PM      16      3.16      0.00      8.42      0.00      0.00      1.05     10.53      0.00      0.00     76.84
01:32:30 PM      17      3.12      0.00     10.42      0.00      0.00      1.04     10.42      0.00      0.00     75.00
01:32:30 PM      18      4.21      0.00      9.47      0.00      0.00      0.00     10.53      0.00      0.00     75.79
01:32:30 PM      19      3.09      0.00     10.31      0.00      0.00      1.03     10.31      0.00      0.00     75.26
01:32:30 PM      20      4.17      0.00      7.29      0.00      0.00      1.04     10.42      0.00      0.00     77.08
01:32:30 PM      21     15.00      0.00     39.00      0.00      0.00      1.00     11.00      0.00      0.00     34.00
01:32:30 PM      22      4.08      0.00      9.18      0.00      0.00      1.02     10.20      0.00      0.00     75.51
01:32:30 PM      23      3.09      0.00      9.28      0.00      0.00      1.03     10.31      0.00      0.00     76.29

01:32:30 PM     CPU      %usr     %nice      %sys   %iowait    %steal      %irq     %soft    %guest    %gnice     %idle
01:32:31 PM      16      2.08      0.00      9.38      0.00      0.00      1.04      9.38      0.00      0.00     78.12
01:32:31 PM      17      4.12      0.00      9.28      0.00      0.00      0.00      9.28      0.00      0.00     77.32
01:32:31 PM      18      3.09      0.00      8.25      0.00      0.00      1.03     11.34      0.00      0.00     76.29
01:32:31 PM      19      4.12      0.00      9.28      0.00      0.00      0.00      9.28      0.00      0.00     77.32
01:32:31 PM      20      2.11      0.00      7.37      0.00      0.00      1.05      9.47      0.00      0.00     80.00
01:32:31 PM      21      3.12      0.00      7.29      0.00      0.00      0.00     11.46      0.00      0.00     78.12
01:32:31 PM      22      3.06      0.00      7.14      0.00      0.00      1.02      9.18      0.00      0.00     79.59
01:32:31 PM      23      3.09      0.00      8.25      0.00      0.00      1.03      9.28      0.00      0.00     78.35

01:32:31 PM     CPU      %usr     %nice      %sys   %iowait    %steal      %irq     %soft    %guest    %gnice     %idle
01:32:32 PM      16      4.12      0.00      6.19      0.00      0.00      1.03     10.31      0.00      0.00     78.35
01:32:32 PM      17      3.12      0.00      7.29      0.00      0.00      1.04     10.42      0.00      0.00     78.12
01:32:32 PM      18      5.05      0.00      8.08      0.00      0.00      1.01      9.09      0.00      0.00     76.77
01:32:32 PM      19      3.12      0.00      7.29      0.00      0.00      1.04      9.38      0.00      0.00     79.17
01:32:32 PM      20      3.09      0.00      8.25      0.00      0.00      0.00     10.31      0.00      0.00     78.35
01:32:32 PM      21      3.09      0.00      8.25      0.00      0.00      1.03      9.28      0.00      0.00     78.35
01:32:32 PM      22      3.12      0.00      7.29      0.00      0.00      0.00      9.38      0.00      0.00     80.21
01:32:32 PM      23      4.12      0.00      7.22      0.00      0.00      0.00      9.28      0.00      0.00     79.38

01:32:32 PM     CPU      %usr     %nice      %sys   %iowait    %steal      %irq     %soft    %guest    %gnice     %idle
01:32:33 PM      16      3.12      0.00      7.29      0.00      0.00      1.04      9.38      0.00      0.00     79.17
01:32:33 PM      17      3.06      0.00      8.16      0.00      0.00      1.02     10.20      0.00      0.00     77.55
01:32:33 PM      18      3.06      0.00      9.18      0.00      0.00      1.02     10.20      0.00      0.00     76.53
01:32:33 PM      19      4.00      0.00      8.00      0.00      0.00      1.00     10.00      0.00      0.00     77.00
01:32:33 PM      20      3.09      0.00      7.22      0.00      0.00      1.03      9.28      0.00      0.00     79.38
01:32:33 PM      21      3.09      0.00      6.19      0.00      0.00      1.03      9.28      0.00      0.00     80.41
01:32:33 PM      22      3.03      0.00      8.08      0.00      0.00      1.01     10.10      0.00      0.00     77.78
01:32:33 PM      23      3.09      0.00      7.22      0.00      0.00      1.03      9.28      0.00      0.00     79.38

01:32:33 PM     CPU      %usr     %nice      %sys   %iowait    %steal      %irq     %soft    %guest    %gnice     %idle
01:32:34 PM      16      4.17      0.00      7.29      0.00      0.00      0.00     10.42      0.00      0.00     78.12
01:32:34 PM      17      3.16      0.00      6.32      0.00      0.00      1.05      9.47      0.00      0.00     80.00
01:32:34 PM      18      3.06      0.00      7.14      0.00      0.00      1.02     10.20      0.00      0.00     78.57
01:32:34 PM      19      3.12      0.00      8.33      0.00      0.00      1.04      9.38      0.00      0.00     78.12
01:32:34 PM      20      3.16      0.00      7.37      0.00      0.00      1.05      9.47      0.00      0.00     78.95
01:32:34 PM      21      3.09      0.00      9.28      0.00      0.00      1.03      9.28      0.00      0.00     77.32
01:32:34 PM      22      3.16      0.00      7.37      0.00      0.00      1.05      9.47      0.00      0.00     78.95
01:32:34 PM      23      3.09      0.00      8.25      0.00      0.00      1.03      9.28      0.00      0.00     78.35

01:32:34 PM     CPU      %usr     %nice      %sys   %iowait    %steal      %irq     %soft    %guest    %gnice     %idle
01:32:35 PM      16      2.08      0.00      7.29      0.00      0.00      1.04     10.42      0.00      0.00     79.17
01:32:35 PM      17      2.08      0.00      7.29      0.00      0.00      1.04     10.42      0.00      0.00     79.17
01:32:35 PM      18      3.16      0.00      7.37      0.00      0.00      0.00     10.53      0.00      0.00     78.95
01:32:35 PM      19      3.09      0.00      8.25      0.00      0.00      1.03      9.28      0.00      0.00     78.35
01:32:35 PM      20      3.09      0.00      6.19      0.00      0.00      1.03     10.31      0.00      0.00     79.38
01:32:35 PM      21      2.11      0.00      7.37      0.00      0.00      0.00      9.47      0.00      0.00     81.05
01:32:35 PM      22      3.16      0.00      5.26      0.00      0.00      1.05      9.47      0.00      0.00     81.05
01:32:35 PM      23      2.97      0.00      9.90      0.00      0.00      0.99      9.90      0.00      0.00     76.24

01:32:35 PM     CPU      %usr     %nice      %sys   %iowait    %steal      %irq     %soft    %guest    %gnice     %idle
01:32:36 PM      16      4.00      0.00      8.00      0.00      0.00      1.00     10.00      0.00      0.00     77.00
01:32:36 PM      17      3.16      0.00      7.37      0.00      0.00      0.00      9.47      0.00      0.00     80.00
01:32:36 PM      18      3.09      0.00      7.22      0.00      0.00      1.03     10.31      0.00      0.00     78.35
01:32:36 PM      19      3.12      0.00      7.29      0.00      0.00      0.00      9.38      0.00      0.00     80.21
01:32:36 PM      20      2.06      0.00      9.28      0.00      0.00      1.03      9.28      0.00      0.00     78.35
01:32:36 PM      21      5.00      0.00      8.00      0.00      0.00      1.00     10.00      0.00      0.00     76.00
01:32:36 PM      22      3.06      0.00      8.16      0.00      0.00      1.02     10.20      0.00      0.00     77.55
01:32:36 PM      23      3.12      0.00      9.38      0.00      0.00      0.00      9.38      0.00      0.00     78.12

01:32:36 PM     CPU      %usr     %nice      %sys   %iowait    %steal      %irq     %soft    %guest    %gnice     %idle
01:32:37 PM      16      3.12      0.00      7.29      0.00      0.00      1.04      9.38      0.00      0.00     79.17
01:32:37 PM      17      3.06      0.00      8.16      0.00      0.00      1.02     10.20      0.00      0.00     77.55
01:32:37 PM      18      5.10      0.00      7.14      0.00      0.00      1.02     10.20      0.00      0.00     76.53
01:32:37 PM      19      2.08      0.00      8.33      0.00      0.00      1.04      9.38      0.00      0.00     79.17
01:32:37 PM      20      3.16      0.00      7.37      0.00      0.00      0.00      9.47      0.00      0.00     80.00
01:32:37 PM      21      3.09      0.00      8.25      0.00      0.00      1.03      9.28      0.00      0.00     78.35
01:32:37 PM      22      3.09      0.00      9.28      0.00      0.00      0.00      9.28      0.00      0.00     78.35
01:32:37 PM      23      3.06      0.00      8.16      0.00      0.00      1.02      9.18      0.00      0.00     78.57

01:32:37 PM     CPU      %usr     %nice      %sys   %iowait    %steal      %irq     %soft    %guest    %gnice     %idle
01:32:38 PM      16      4.17      0.00      7.29      0.00      0.00      0.00     10.42      0.00      0.00     78.12
01:32:38 PM      17      3.12      0.00      8.33      0.00      0.00      1.04      9.38      0.00      0.00     78.12
01:32:38 PM      18      4.12      0.00      8.25      0.00      0.00      1.03     10.31      0.00      0.00     76.29
01:32:38 PM      19      4.17      0.00      6.25      0.00      0.00      1.04      9.38      0.00      0.00     79.17
01:32:38 PM      20      3.06      0.00      8.16      0.00      0.00      1.02     10.20      0.00      0.00     77.55
01:32:38 PM      21      3.06      0.00      8.16      0.00      0.00      1.02      9.18      0.00      0.00     78.57
01:32:38 PM      22      4.08      0.00      8.16      0.00      0.00      1.02      9.18      0.00      0.00     77.55
01:32:38 PM      23      3.09      0.00      8.25      0.00      0.00      1.03      9.28      0.00      0.00     78.35

01:32:38 PM     CPU      %usr     %nice      %sys   %iowait    %steal      %irq     %soft    %guest    %gnice     %idle
01:32:39 PM      16      4.04      0.00      8.08      1.01      0.00      1.01      9.09      0.00      0.00     76.77
01:32:39 PM      17      3.06      0.00      9.18      0.00      0.00      1.02     10.20      0.00      0.00     76.53
01:32:39 PM      18      2.13      0.00      7.45      0.00      0.00      1.06      9.57      0.00      0.00     79.79
01:32:39 PM      19      3.06      0.00      8.16      0.00      0.00      1.02     10.20      0.00      0.00     77.55
01:32:39 PM      20      2.06      0.00      8.25      0.00      0.00      1.03      9.28      0.00      0.00     79.38
01:32:39 PM      21      3.12      0.00      7.29      0.00      0.00      0.00      9.38      0.00      0.00     80.21
01:32:39 PM      22      3.09      0.00      7.22      0.00      0.00      1.03     10.31      0.00      0.00     78.35
01:32:39 PM      23      2.08      0.00      7.29      0.00      0.00      1.04      9.38      0.00      0.00     80.21

Average:        CPU      %usr     %nice      %sys   %iowait    %steal      %irq     %soft    %guest    %gnice     %idle
Average:         16      3.41      0.00      7.65      0.10      0.00      0.83      9.93      0.00      0.00     78.08
Average:         17      3.11      0.00      8.19      0.00      0.00      0.83      9.95      0.00      0.00     77.93
Average:         18      3.62      0.00      7.95      0.00      0.00      0.83     10.23      0.00      0.00     77.38
Average:         19      3.30      0.00      8.15      0.00      0.00      0.83      9.60      0.00      0.00     78.12
Average:         20      2.90      0.00      7.68      0.00      0.00      0.83      9.75      0.00      0.00     78.84
Average:         21      4.42      0.00     11.00      0.00      0.00      0.72      9.76      0.00      0.00     74.10
Average:         22      3.30      0.00      7.72      0.00      0.00      0.82      9.68      0.00      0.00     78.48
Average:         23      3.08      0.00      8.32      0.00      0.00      0.82      9.46      0.00      0.00     78.31
