Linux 6.11.0-rc3-suspendv2 (cache-sql13432) 	08/22/2024 	_x86_64_	(64 CPU)

05:15:59 PM     CPU      %usr     %nice      %sys   %iowait    %steal      %irq     %soft    %guest    %gnice     %idle
05:16:00 PM      16      5.05      0.00     20.20      0.00      0.00      0.00     20.20      0.00      0.00     54.55
05:16:00 PM      17      4.17      0.00     13.54      0.00      0.00      1.04     13.54      0.00      0.00     67.71
05:16:00 PM      18      5.05      0.00     13.13      0.00      0.00      1.01     13.13      0.00      0.00     67.68
05:16:00 PM      19      5.10      0.00     13.27      0.00      0.00      0.00     13.27      0.00      0.00     68.37
05:16:00 PM      20      6.12      0.00     13.27      0.00      0.00      0.00     21.43      0.00      0.00     59.18
05:16:00 PM      21      3.12      0.00     13.54      0.00      0.00      0.00     13.54      0.00      0.00     69.79
05:16:00 PM      22      5.05      0.00     18.18      0.00      0.00      0.00     14.14      0.00      0.00     62.63
05:16:00 PM      23      5.05      0.00     17.17      0.00      0.00      0.00     14.14      0.00      0.00     63.64

05:16:00 PM     CPU      %usr     %nice      %sys   %iowait    %steal      %irq     %soft    %guest    %gnice     %idle
05:16:01 PM      16      3.16      0.00     15.79      0.00      0.00      1.05     21.05      0.00      0.00     58.95
05:16:01 PM      17      4.21      0.00     13.68      0.00      0.00      0.00     13.68      0.00      0.00     68.42
05:16:01 PM      18      5.15      0.00     15.46      0.00      0.00      0.00     13.40      0.00      0.00     65.98
05:16:01 PM      19      5.10      0.00     13.27      0.00      0.00      1.02     13.27      0.00      0.00     67.35
05:16:01 PM      20      5.15      0.00     13.40      0.00      0.00      0.00     21.65      0.00      0.00     59.79
05:16:01 PM      21      6.12      0.00     10.20      0.00      0.00      1.02     13.27      0.00      0.00     69.39
05:16:01 PM      22      5.21      0.00     17.71      0.00      0.00      0.00     14.58      0.00      0.00     62.50
05:16:01 PM      23      5.10      0.00     13.27      0.00      0.00      1.02     13.27      0.00      0.00     67.35

05:16:01 PM     CPU      %usr     %nice      %sys   %iowait    %steal      %irq     %soft    %guest    %gnice     %idle
05:16:02 PM      16      4.21      0.00     15.79      0.00      0.00      0.00     21.05      0.00      0.00     58.95
05:16:02 PM      17      5.05      0.00     15.15      0.00      0.00      1.01     13.13      0.00      0.00     65.66
05:16:02 PM      18      5.10      0.00     15.31      0.00      0.00      1.02     14.29      0.00      0.00     64.29
05:16:02 PM      19      5.15      0.00     11.34      0.00      0.00      0.00     13.40      0.00      0.00     70.10
05:16:02 PM      20      5.94      0.00     14.85      0.00      0.00      0.99     20.79      0.00      0.00     57.43
05:16:02 PM      21      5.15      0.00     12.37      0.00      0.00      0.00     13.40      0.00      0.00     69.07
05:16:02 PM      22      4.12      0.00     18.56      0.00      0.00      1.03     13.40      0.00      0.00     62.89
05:16:02 PM      23      5.10      0.00     13.27      0.00      0.00      0.00     13.27      0.00      0.00     68.37

05:16:02 PM     CPU      %usr     %nice      %sys   %iowait    %steal      %irq     %soft    %guest    %gnice     %idle
05:16:03 PM      16      4.08      0.00     15.31      0.00      0.00      1.02     20.41      0.00      0.00     59.18
05:16:03 PM      17      5.05      0.00     14.14      0.00      0.00      0.00     13.13      0.00      0.00     67.68
05:16:03 PM      18      5.26      0.00     14.74      0.00      0.00      0.00     13.68      0.00      0.00     66.32
05:16:03 PM      19      6.25      0.00     12.50      0.00      0.00      1.04     12.50      0.00      0.00     67.71
05:16:03 PM      20      5.10      0.00     14.29      0.00      0.00      0.00     21.43      0.00      0.00     59.18
05:16:03 PM      21      5.21      0.00     12.50      0.00      0.00      0.00     12.50      0.00      0.00     69.79
05:16:03 PM      22      6.19      0.00     13.40      0.00      0.00      0.00     14.43      0.00      0.00     65.98
05:16:03 PM      23      6.00      0.00     18.00      0.00      0.00      1.00     13.00      0.00      0.00     62.00

05:16:03 PM     CPU      %usr     %nice      %sys   %iowait    %steal      %irq     %soft    %guest    %gnice     %idle
05:16:04 PM      16      4.12      0.00     15.46      0.00      0.00      0.00     19.59      0.00      0.00     60.82
05:16:04 PM      17      5.05      0.00     16.16      0.00      0.00      0.00     14.14      0.00      0.00     64.65
05:16:04 PM      18      5.05      0.00     17.17      0.00      0.00      0.00     14.14      0.00      0.00     63.64
05:16:04 PM      19      6.06      0.00     15.15      0.00      0.00      0.00     13.13      0.00      0.00     65.66
05:16:04 PM      20      4.04      0.00     15.15      0.00      0.00      1.01     21.21      0.00      0.00     58.59
05:16:04 PM      21      6.12      0.00     14.29      0.00      0.00      1.02     13.27      0.00      0.00     65.31
05:16:04 PM      22      4.17      0.00     12.50      0.00      0.00      1.04     13.54      0.00      0.00     68.75
05:16:04 PM      23      4.12      0.00     17.53      0.00      0.00      0.00     13.40      0.00      0.00     64.95

05:16:04 PM     CPU      %usr     %nice      %sys   %iowait    %steal      %irq     %soft    %guest    %gnice     %idle
05:16:05 PM      16      5.10      0.00     15.31      0.00      0.00      0.00     20.41      0.00      0.00     59.18
05:16:05 PM      17      4.26      0.00     15.96      0.00      0.00      1.06     13.83      0.00      0.00     64.89
05:16:05 PM      18      8.16      0.00     13.27      0.00      0.00      1.02     13.27      0.00      0.00     64.29
05:16:05 PM      19      6.19      0.00     12.37      0.00      0.00      0.00     13.40      0.00      0.00     68.04
05:16:05 PM      20      5.21      0.00     12.50      0.00      0.00      0.00     21.88      0.00      0.00     60.42
05:16:05 PM      21      5.05      0.00     16.16      0.00      0.00      0.00     14.14      0.00      0.00     64.65
05:16:05 PM      22      6.06      0.00     17.17      0.00      0.00      0.00     14.14      0.00      0.00     62.63
05:16:05 PM      23      5.10      0.00     14.29      0.00      0.00      0.00     13.27      0.00      0.00     67.35

05:16:05 PM     CPU      %usr     %nice      %sys   %iowait    %steal      %irq     %soft    %guest    %gnice     %idle
05:16:06 PM      16      4.04      0.00     15.15      0.00      0.00      1.01     20.20      0.00      0.00     59.60
05:16:06 PM      17      6.12      0.00     12.24      0.00      0.00      0.00     13.27      0.00      0.00     68.37
05:16:06 PM      18      4.00      0.00     12.00      0.00      0.00      0.00     13.00      0.00      0.00     71.00
05:16:06 PM      19      5.94      0.00     17.82      0.00      0.00      0.99     14.85      0.00      0.00     60.40
05:16:06 PM      20      5.10      0.00     16.33      0.00      0.00      0.00     21.43      0.00      0.00     57.14
05:16:06 PM      21      6.12      0.00     18.37      0.00      0.00      1.02     13.27      0.00      0.00     61.22
05:16:06 PM      22      7.00      0.00     16.00      0.00      0.00      1.00     14.00      0.00      0.00     62.00
05:16:06 PM      23      6.00      0.00     16.00      0.00      0.00      1.00     14.00      0.00      0.00     63.00

05:16:06 PM     CPU      %usr     %nice      %sys   %iowait    %steal      %irq     %soft    %guest    %gnice     %idle
05:16:07 PM      16      5.10      0.00     16.33      0.00      0.00      0.00     19.39      0.00      0.00     59.18
05:16:07 PM      17      5.15      0.00     17.53      0.00      0.00      1.03     13.40      0.00      0.00     62.89
05:16:07 PM      18      4.95      0.00     13.86      0.00      0.00      0.99     13.86      0.00      0.00     66.34
05:16:07 PM      19      4.12      0.00     20.62      0.00      0.00      0.00     19.59      0.00      0.00     55.67
05:16:07 PM      20      4.26      0.00     15.96      0.00      0.00      1.06     22.34      0.00      0.00     56.38
05:16:07 PM      21      5.05      0.00     14.14      0.00      0.00      0.00     14.14      0.00      0.00     66.67
05:16:07 PM      22      4.30      0.00     15.05      0.00      0.00      0.00     13.98      0.00      0.00     66.67
05:16:07 PM      23      5.21      0.00     16.67      0.00      0.00      0.00     19.79      0.00      0.00     58.33

05:16:07 PM     CPU      %usr     %nice      %sys   %iowait    %steal      %irq     %soft    %guest    %gnice     %idle
05:16:08 PM      16      5.15      0.00     16.49      0.00      0.00      1.03     20.62      0.00      0.00     56.70
05:16:08 PM      17      5.00      0.00     21.00      0.00      0.00      0.00     14.00      0.00      0.00     60.00
05:16:08 PM      18      5.15      0.00     14.43      0.00      0.00      0.00     13.40      0.00      0.00     67.01
05:16:08 PM      19      4.17      0.00     14.58      0.00      0.00      1.04     19.79      0.00      0.00     60.42
05:16:08 PM      20      5.05      0.00     18.18      0.00      0.00      0.00     22.22      0.00      0.00     54.55
05:16:08 PM      21      6.12      0.00     11.22      0.00      0.00      1.02     13.27      0.00      0.00     68.37
05:16:08 PM      22      7.00      0.00     16.00      0.00      0.00      0.00     14.00      0.00      0.00     63.00
05:16:08 PM      23      6.06      0.00     17.17      0.00      0.00      1.01     20.20      0.00      0.00     55.56

05:16:08 PM     CPU      %usr     %nice      %sys   %iowait    %steal      %irq     %soft    %guest    %gnice     %idle
05:16:09 PM      16      5.15      0.00     13.40      0.00      0.00      0.00     20.62      0.00      0.00     60.82
05:16:09 PM      17      5.94      0.00     19.80      0.00      0.00      0.99     12.87      0.00      0.00     60.40
05:16:09 PM      18      3.12      0.00     16.67      0.00      0.00      0.00     14.58      0.00      0.00     65.62
05:16:09 PM      19      5.26      0.00     16.84      0.00      0.00      0.00     21.05      0.00      0.00     56.84
05:16:09 PM      20      5.15      0.00     17.53      0.00      0.00      1.03     21.65      0.00      0.00     54.64
05:16:09 PM      21      4.17      0.00     12.50      0.00      0.00      0.00     13.54      0.00      0.00     69.79
05:16:09 PM      22      5.05      0.00     19.19      0.00      0.00      1.01     14.14      0.00      0.00     60.61
05:16:09 PM      23      7.00      0.00     15.00      0.00      0.00      0.00     20.00      0.00      0.00     58.00

Average:        CPU      %usr     %nice      %sys   %iowait    %steal      %irq     %soft    %guest    %gnice     %idle
Average:         16      4.52      0.00     15.93      0.00      0.00      0.41     20.35      0.00      0.00     58.79
Average:         17      5.01      0.00     15.95      0.00      0.00      0.51     13.50      0.00      0.00     65.03
Average:         18      5.10      0.00     14.59      0.00      0.00      0.41     13.67      0.00      0.00     66.22
Average:         19      5.34      0.00     14.78      0.00      0.00      0.41     15.40      0.00      0.00     64.07
Average:         20      5.12      0.00     15.15      0.00      0.00      0.41     21.60      0.00      0.00     57.73
Average:         21      5.23      0.00     13.54      0.00      0.00      0.41     13.44      0.00      0.00     67.38
Average:         22      5.43      0.00     16.39      0.00      0.00      0.41     14.04      0.00      0.00     63.73
Average:         23      5.48      0.00     15.84      0.00      0.00      0.41     15.43      0.00      0.00     62.84
