Linux 6.11.0-rc3-suspendv2 (cache-sql13432) 	08/22/2024 	_x86_64_	(64 CPU)

02:43:17 PM     CPU      %usr     %nice      %sys   %iowait    %steal      %irq     %soft    %guest    %gnice     %idle
02:43:18 PM      16      9.47      0.00     27.37      0.00      0.00      1.05     29.47      0.00      0.00     32.63
02:43:18 PM      17      8.42      0.00     28.42      0.00      0.00      1.05     30.53      0.00      0.00     31.58
02:43:18 PM      18     10.31      0.00     25.77      0.00      0.00      1.03     30.93      0.00      0.00     31.96
02:43:18 PM      19      9.28      0.00     29.90      0.00      0.00      1.03     25.77      0.00      0.00     34.02
02:43:18 PM      20      8.42      0.00     29.47      0.00      0.00      1.05     29.47      0.00      0.00     31.58
02:43:18 PM      21     10.53      0.00     26.32      0.00      0.00      1.05     28.42      0.00      0.00     33.68
02:43:18 PM      22      8.42      0.00     27.37      0.00      0.00      1.05     29.47      0.00      0.00     33.68
02:43:18 PM      23      9.78      0.00     25.00      0.00      0.00      1.09     29.35      0.00      0.00     34.78

02:43:18 PM     CPU      %usr     %nice      %sys   %iowait    %steal      %irq     %soft    %guest    %gnice     %idle
02:43:19 PM      16      8.33      0.00     29.17      0.00      0.00      0.00     29.17      0.00      0.00     33.33
02:43:19 PM      17      8.60      0.00     23.66      0.00      0.00      0.00     33.33      0.00      0.00     34.41
02:43:19 PM      18      9.68      0.00     25.81      0.00      0.00      0.00     30.11      0.00      0.00     34.41
02:43:19 PM      19      9.57      0.00     27.66      0.00      0.00      0.00     28.72      0.00      0.00     34.04
02:43:19 PM      20      9.47      0.00     29.47      0.00      0.00      0.00     31.58      0.00      0.00     29.47
02:43:19 PM      21      7.53      0.00     27.96      0.00      0.00      0.00     30.11      0.00      0.00     34.41
02:43:19 PM      22     10.42      0.00     29.17      0.00      0.00      0.00     28.12      0.00      0.00     32.29
02:43:19 PM      23      9.57      0.00     30.85      0.00      0.00      0.00     27.66      0.00      0.00     31.91

02:43:19 PM     CPU      %usr     %nice      %sys   %iowait    %steal      %irq     %soft    %guest    %gnice     %idle
02:43:20 PM      16      9.57      0.00     30.85      0.00      0.00      1.06     30.85      0.00      0.00     27.66
02:43:20 PM      17      7.14      0.00     30.61      0.00      0.00      1.02     32.65      0.00      0.00     28.57
02:43:20 PM      18      6.32      0.00     27.37      0.00      0.00      0.00     33.68      0.00      0.00     32.63
02:43:20 PM      19      7.37      0.00     33.68      0.00      0.00      1.05     32.63      0.00      0.00     25.26
02:43:20 PM      20      8.42      0.00     30.53      0.00      0.00      1.05     33.68      0.00      0.00     26.32
02:43:20 PM      21      8.42      0.00     35.79      0.00      0.00      1.05     31.58      0.00      0.00     23.16
02:43:20 PM      22      9.68      0.00     30.11      0.00      0.00      0.00     33.33      0.00      0.00     26.88
02:43:20 PM      23      8.42      0.00     33.68      0.00      0.00      0.00     30.53      0.00      0.00     27.37

02:43:20 PM     CPU      %usr     %nice      %sys   %iowait    %steal      %irq     %soft    %guest    %gnice     %idle
02:43:21 PM      16      9.47      0.00     28.42      0.00      0.00      0.00     28.42      0.00      0.00     33.68
02:43:21 PM      17      8.42      0.00     26.32      0.00      0.00      0.00     31.58      0.00      0.00     33.68
02:43:21 PM      18      9.28      0.00     27.84      0.00      0.00      1.03     26.80      0.00      0.00     35.05
02:43:21 PM      19      8.42      0.00     29.47      0.00      0.00      0.00     28.42      0.00      0.00     33.68
02:43:21 PM      20      8.33      0.00     27.08      0.00      0.00      0.00     30.21      0.00      0.00     34.38
02:43:21 PM      21      9.38      0.00     28.12      0.00      0.00      0.00     28.12      0.00      0.00     34.38
02:43:21 PM      22      8.25      0.00     29.90      0.00      0.00      1.03     28.87      0.00      0.00     31.96
02:43:21 PM      23      8.42      0.00     28.42      0.00      0.00      1.05     27.37      0.00      0.00     34.74

02:43:21 PM     CPU      %usr     %nice      %sys   %iowait    %steal      %irq     %soft    %guest    %gnice     %idle
02:43:22 PM      16      9.28      0.00     32.99      0.00      0.00      1.03     30.93      0.00      0.00     25.77
02:43:22 PM      17      8.25      0.00     27.84      0.00      0.00      1.03     35.05      0.00      0.00     27.84
02:43:22 PM      18      7.29      0.00     35.42      0.00      0.00      0.00     31.25      0.00      0.00     26.04
02:43:22 PM      19      7.53      0.00     32.26      0.00      0.00      0.00     36.56      0.00      0.00     23.66
02:43:22 PM      20      8.33      0.00     33.33      0.00      0.00      1.04     31.25      0.00      0.00     26.04
02:43:22 PM      21      8.51      0.00     31.91      0.00      0.00      0.00     32.98      0.00      0.00     26.60
02:43:22 PM      22      8.33      0.00     32.29      0.00      0.00      0.00     34.38      0.00      0.00     25.00
02:43:22 PM      23     10.42      0.00     33.33      0.00      0.00      0.00     30.21      0.00      0.00     26.04

02:43:22 PM     CPU      %usr     %nice      %sys   %iowait    %steal      %irq     %soft    %guest    %gnice     %idle
02:43:23 PM      16      7.37      0.00     30.53      0.00      0.00      0.00     35.79      0.00      0.00     26.32
02:43:23 PM      17      6.25      0.00     28.12      0.00      0.00      0.00     36.46      0.00      0.00     29.17
02:43:23 PM      18      9.78      0.00     29.35      0.00      0.00      1.09     32.61      0.00      0.00     27.17
02:43:23 PM      19      8.25      0.00     35.05      0.00      0.00      1.03     30.93      0.00      0.00     24.74
02:43:23 PM      20      6.32      0.00     35.79      0.00      0.00      0.00     34.74      0.00      0.00     23.16
02:43:23 PM      21      8.25      0.00     34.02      0.00      0.00      1.03     30.93      0.00      0.00     25.77
02:43:23 PM      22      7.53      0.00     31.18      0.00      0.00      1.08     35.48      0.00      0.00     24.73
02:43:23 PM      23      8.16      0.00     36.73      0.00      0.00      1.02     31.63      0.00      0.00     22.45

02:43:23 PM     CPU      %usr     %nice      %sys   %iowait    %steal      %irq     %soft    %guest    %gnice     %idle
02:43:24 PM      16      9.38      0.00     28.12      0.00      0.00      0.00     32.29      0.00      0.00     30.21
02:43:24 PM      17      8.51      0.00     30.85      0.00      0.00      1.06     29.79      0.00      0.00     29.79
02:43:24 PM      18      7.53      0.00     27.96      0.00      0.00      0.00     34.41      0.00      0.00     30.11
02:43:24 PM      19      8.42      0.00     30.53      0.00      0.00      0.00     29.47      0.00      0.00     31.58
02:43:24 PM      20      8.33      0.00     30.21      0.00      0.00      1.04     31.25      0.00      0.00     29.17
02:43:24 PM      21      8.33      0.00     33.33      0.00      0.00      0.00     30.21      0.00      0.00     28.12
02:43:24 PM      22      9.47      0.00     29.47      0.00      0.00      0.00     32.63      0.00      0.00     28.42
02:43:24 PM      23     10.31      0.00     31.96      0.00      0.00      0.00     27.84      0.00      0.00     29.90

02:43:24 PM     CPU      %usr     %nice      %sys   %iowait    %steal      %irq     %soft    %guest    %gnice     %idle
02:43:25 PM      16      8.60      0.00     30.11      0.00      0.00      1.08     33.33      0.00      0.00     26.88
02:43:25 PM      17      7.29      0.00     31.25      0.00      0.00      0.00     33.33      0.00      0.00     28.12
02:43:25 PM      18     10.53      0.00     29.47      0.00      0.00      1.05     33.68      0.00      0.00     25.26
02:43:25 PM      19      7.53      0.00     32.26      0.00      0.00      1.08     33.33      0.00      0.00     25.81
02:43:25 PM      20      7.45      0.00     30.85      0.00      0.00      0.00     36.17      0.00      0.00     25.53
02:43:25 PM      21      7.37      0.00     31.58      0.00      0.00      1.05     34.74      0.00      0.00     25.26
02:43:25 PM      22      8.42      0.00     32.63      0.00      0.00      1.05     31.58      0.00      0.00     26.32
02:43:25 PM      23      9.18      0.00     33.67      0.00      0.00      1.02     30.61      0.00      0.00     25.51

02:43:25 PM     CPU      %usr     %nice      %sys   %iowait    %steal      %irq     %soft    %guest    %gnice     %idle
02:43:26 PM      16      8.25      0.00     28.87      0.00      0.00      0.00     31.96      0.00      0.00     30.93
02:43:26 PM      17      8.70      0.00     29.35      0.00      0.00      0.00     30.43      0.00      0.00     31.52
02:43:26 PM      18      7.45      0.00     29.79      0.00      0.00      0.00     29.79      0.00      0.00     32.98
02:43:26 PM      19      8.33      0.00     28.12      0.00      0.00      0.00     33.33      0.00      0.00     30.21
02:43:26 PM      20      9.28      0.00     29.90      0.00      0.00      1.03     28.87      0.00      0.00     30.93
02:43:26 PM      21      7.29      0.00     29.17      0.00      0.00      0.00     34.38      0.00      0.00     29.17
02:43:26 PM      22      9.68      0.00     31.18      0.00      0.00      0.00     29.03      0.00      0.00     30.11
02:43:26 PM      23      8.42      0.00     33.68      0.00      0.00      0.00     28.42      0.00      0.00     29.47

02:43:26 PM     CPU      %usr     %nice      %sys   %iowait    %steal      %irq     %soft    %guest    %gnice     %idle
02:43:27 PM      16      8.33      0.00     31.25      0.00      0.00      1.04     32.29      0.00      0.00     27.08
02:43:27 PM      17      8.33      0.00     28.12      0.00      0.00      1.04     34.38      0.00      0.00     28.12
02:43:27 PM      18      8.33      0.00     31.25      0.00      0.00      1.04     29.17      0.00      0.00     30.21
02:43:27 PM      19      7.22      0.00     27.84      0.00      0.00      1.03     32.99      0.00      0.00     30.93
02:43:27 PM      20      9.68      0.00     30.11      0.00      0.00      0.00     33.33      0.00      0.00     26.88
02:43:27 PM      21      6.25      0.00     34.38      0.00      0.00      1.04     32.29      0.00      0.00     26.04
02:43:27 PM      22     10.53      0.00     32.63      0.00      0.00      0.00     30.53      0.00      0.00     26.32
02:43:27 PM      23      8.60      0.00     33.33      0.00      0.00      0.00     30.11      0.00      0.00     27.96

Average:        CPU      %usr     %nice      %sys   %iowait    %steal      %irq     %soft    %guest    %gnice     %idle
Average:         16      8.81      0.00     29.77      0.00      0.00      0.52     31.45      0.00      0.00     29.45
Average:         17      7.98      0.00     28.47      0.00      0.00      0.53     32.77      0.00      0.00     30.25
Average:         18      8.65      0.00     29.01      0.00      0.00      0.53     31.22      0.00      0.00     30.59
Average:         19      8.19      0.00     30.67      0.00      0.00      0.53     31.20      0.00      0.00     29.41
Average:         20      8.40      0.00     30.67      0.00      0.00      0.53     32.04      0.00      0.00     28.36
Average:         21      8.18      0.00     31.27      0.00      0.00      0.52     31.37      0.00      0.00     28.65
Average:         22      9.07      0.00     30.59      0.00      0.00      0.42     31.33      0.00      0.00     28.59
Average:         23      9.13      0.00     32.11      0.00      0.00      0.42     29.38      0.00      0.00     28.96
