{ common_pid: mc-worker       [    290575], ret:         56 } hitcount:          1
{ common_pid: mc-worker       [    290573], ret:        111 } hitcount:          1
{ common_pid: mc-worker       [    290577], ret:         86 } hitcount:          1
{ common_pid: mc-worker       [    290578], ret:        107 } hitcount:          1
{ common_pid: mc-worker       [    290572], ret:        127 } hitcount:          1
{ common_pid: mc-worker       [    290577], ret:         89 } hitcount:          1
{ common_pid: mc-worker       [    290578], ret:        256 } hitcount:          1
{ common_pid: mc-worker       [    290578], ret:         71 } hitcount:          1
{ common_pid: mc-worker       [    290576], ret:         88 } hitcount:          1
{ common_pid: mc-worker       [    290573], ret:         66 } hitcount:          1
{ common_pid: mc-worker       [    290573], ret:         98 } hitcount:          1
{ common_pid: mc-worker       [    290573], ret:         91 } hitcount:          1
{ common_pid: mc-worker       [    290572], ret:         47 } hitcount:          1
{ common_pid: mc-worker       [    290576], ret:         64 } hitcount:          1
{ common_pid: mc-worker       [    290577], ret:        110 } hitcount:          1
{ common_pid: mc-worker       [    290573], ret:        122 } hitcount:          1
{ common_pid: mc-worker       [    290574], ret:         66 } hitcount:          1
{ common_pid: mc-worker       [    290572], ret:         62 } hitcount:          1
{ common_pid: mc-worker       [    290572], ret:        142 } hitcount:          1
{ common_pid: mc-worker       [    290571], ret:        127 } hitcount:          1
{ common_pid: mc-worker       [    290578], ret:         84 } hitcount:          1
{ common_pid: mc-worker       [    290575], ret:        118 } hitcount:          1
{ common_pid: mc-worker       [    290576], ret:         71 } hitcount:          1
{ common_pid: mc-worker       [    290573], ret:        107 } hitcount:          1
{ common_pid: mc-worker       [    290571], ret:         97 } hitcount:          1
{ common_pid: mc-worker       [    290577], ret:         63 } hitcount:          1
{ common_pid: mc-worker       [    290574], ret:         73 } hitcount:          1
{ common_pid: mc-worker       [    290574], ret:         64 } hitcount:          1
{ common_pid: mc-worker       [    290571], ret:         94 } hitcount:          1
{ common_pid: mc-worker       [    290571], ret:         64 } hitcount:          1
{ common_pid: mc-worker       [    290578], ret:        119 } hitcount:          1
{ common_pid: mc-worker       [    290576], ret:         66 } hitcount:          1
{ common_pid: mc-worker       [    290571], ret:        184 } hitcount:          1
{ common_pid: mc-worker       [    290573], ret:        116 } hitcount:          1
{ common_pid: mc-worker       [    290576], ret:         65 } hitcount:          1
{ common_pid: mc-worker       [    290571], ret:         54 } hitcount:          1
{ common_pid: mc-worker       [    290578], ret:         93 } hitcount:          1
{ common_pid: mc-worker       [    290576], ret:         60 } hitcount:          1
{ common_pid: mc-worker       [    290573], ret:        128 } hitcount:          1
{ common_pid: mc-worker       [    290575], ret:         72 } hitcount:          1
{ common_pid: mc-worker       [    290573], ret:         57 } hitcount:          1
{ common_pid: mc-worker       [    290578], ret:         98 } hitcount:          1
{ common_pid: mc-worker       [    290577], ret:        139 } hitcount:          1
{ common_pid: mc-worker       [    290574], ret:         63 } hitcount:          1
{ common_pid: mc-worker       [    290576], ret:         91 } hitcount:          1
{ common_pid: mc-worker       [    290578], ret:        127 } hitcount:          1
{ common_pid: mc-worker       [    290575], ret:         73 } hitcount:          1
{ common_pid: mc-worker       [    290578], ret:         62 } hitcount:          1
{ common_pid: mc-worker       [    290577], ret:        112 } hitcount:          1
{ common_pid: mc-worker       [    290576], ret:         84 } hitcount:          1
{ common_pid: mc-worker       [    290576], ret:        102 } hitcount:          1
{ common_pid: mc-worker       [    290576], ret:        138 } hitcount:          1
{ common_pid: mc-worker       [    290577], ret:         72 } hitcount:          1
{ common_pid: mc-worker       [    290575], ret:         52 } hitcount:          1
{ common_pid: mc-worker       [    290572], ret:         54 } hitcount:          1
{ common_pid: mc-worker       [    290578], ret:        128 } hitcount:          1
{ common_pid: mc-worker       [    290571], ret:        140 } hitcount:          1
{ common_pid: mc-worker       [    290572], ret:         51 } hitcount:          1
{ common_pid: mc-worker       [    290575], ret:         62 } hitcount:          1
{ common_pid: mc-worker       [    290576], ret:         75 } hitcount:          1
{ common_pid: mc-worker       [    290575], ret:        119 } hitcount:          1
{ common_pid: mc-worker       [    290575], ret:        112 } hitcount:          1
{ common_pid: mc-worker       [    290572], ret:        114 } hitcount:          1
{ common_pid: mc-worker       [    290575], ret:         60 } hitcount:          1
{ common_pid: mc-worker       [    290572], ret:         59 } hitcount:          1
{ common_pid: mc-worker       [    290574], ret:         82 } hitcount:          1
{ common_pid: mc-worker       [    290572], ret:        110 } hitcount:          1
{ common_pid: mc-worker       [    290576], ret:        170 } hitcount:          1
{ common_pid: mc-worker       [    290576], ret:        127 } hitcount:          1
{ common_pid: mc-worker       [    290572], ret:         95 } hitcount:          1
{ common_pid: mc-worker       [    290576], ret:        109 } hitcount:          1
{ common_pid: mc-worker       [    290571], ret:        201 } hitcount:          1
{ common_pid: mc-worker       [    290576], ret:         59 } hitcount:          1
{ common_pid: mc-worker       [    290575], ret:         80 } hitcount:          1
{ common_pid: mc-worker       [    290576], ret:         62 } hitcount:          1
{ common_pid: mc-worker       [    290577], ret:         82 } hitcount:          1
{ common_pid: mc-worker       [    290572], ret:         63 } hitcount:          1
{ common_pid: mc-worker       [    290575], ret:         50 } hitcount:          1
{ common_pid: mc-worker       [    290578], ret:        104 } hitcount:          1
{ common_pid: mc-worker       [    290577], ret:        156 } hitcount:          1
{ common_pid: mc-worker       [    290577], ret:         85 } hitcount:          1
{ common_pid: mc-worker       [    290578], ret:         51 } hitcount:          1
{ common_pid: mc-worker       [    290573], ret:        209 } hitcount:          1
{ common_pid: mc-worker       [    290577], ret:        129 } hitcount:          1
{ common_pid: mc-worker       [    290577], ret:        158 } hitcount:          1
{ common_pid: mc-worker       [    290575], ret:         61 } hitcount:          1
{ common_pid: mc-worker       [    290574], ret:         62 } hitcount:          1
{ common_pid: mc-worker       [    290574], ret:         98 } hitcount:          1
{ common_pid: mc-worker       [    290578], ret:        118 } hitcount:          1
{ common_pid: mc-worker       [    290578], ret:         70 } hitcount:          1
{ common_pid: mc-worker       [    290574], ret:        114 } hitcount:          1
{ common_pid: mc-worker       [    290576], ret:        149 } hitcount:          1
{ common_pid: mc-worker       [    290578], ret:        179 } hitcount:          1
{ common_pid: mc-worker       [    290573], ret:         67 } hitcount:          1
{ common_pid: mc-worker       [    290571], ret:        139 } hitcount:          1
{ common_pid: mc-worker       [    290574], ret:        126 } hitcount:          1
{ common_pid: mc-worker       [    290577], ret:        136 } hitcount:          1
{ common_pid: mc-worker       [    290575], ret:        128 } hitcount:          1
{ common_pid: mc-worker       [    290573], ret:         59 } hitcount:          1
{ common_pid: mc-worker       [    290575], ret:        131 } hitcount:          1
{ common_pid: mc-worker       [    290571], ret:         66 } hitcount:          1
{ common_pid: mc-worker       [    290572], ret:         52 } hitcount:          1
{ common_pid: mc-worker       [    290574], ret:         88 } hitcount:          1
{ common_pid: mc-worker       [    290571], ret:        178 } hitcount:          1
{ common_pid: mc-worker       [    290574], ret:        222 } hitcount:          1
{ common_pid: mc-worker       [    290575], ret:         89 } hitcount:          1
{ common_pid: mc-worker       [    290571], ret:         61 } hitcount:          1
{ common_pid: mc-worker       [    290576], ret:        107 } hitcount:          1
{ common_pid: mc-worker       [    290573], ret:         64 } hitcount:          1
{ common_pid: mc-worker       [    290575], ret:         95 } hitcount:          1
{ common_pid: mc-worker       [    290576], ret:        128 } hitcount:          1
{ common_pid: mc-worker       [    290576], ret:         76 } hitcount:          1
{ common_pid: mc-worker       [    290574], ret:         52 } hitcount:          1
{ common_pid: mc-worker       [    290572], ret:         86 } hitcount:          1
{ common_pid: mc-worker       [    290574], ret:         81 } hitcount:          1
{ common_pid: mc-worker       [    290573], ret:        152 } hitcount:          1
{ common_pid: mc-worker       [    290578], ret:         86 } hitcount:          1
{ common_pid: mc-worker       [    290573], ret:         65 } hitcount:          1
{ common_pid: mc-worker       [    290577], ret:        109 } hitcount:          1
{ common_pid: mc-worker       [    290574], ret:        109 } hitcount:          1
{ common_pid: mc-worker       [    290572], ret:        226 } hitcount:          1
{ common_pid: mc-worker       [    290572], ret:        124 } hitcount:          1
{ common_pid: mc-worker       [    290578], ret:         66 } hitcount:          1
{ common_pid: mc-worker       [    290575], ret:         77 } hitcount:          1
{ common_pid: mc-worker       [    290575], ret:         82 } hitcount:          1
{ common_pid: mc-worker       [    290573], ret:         56 } hitcount:          1
{ common_pid: mc-worker       [    290573], ret:         62 } hitcount:          1
{ common_pid: mc-worker       [    290573], ret:         60 } hitcount:          2
{ common_pid: mc-worker       [    290573], ret:         51 } hitcount:          2
{ common_pid: mc-worker       [    290577], ret:        128 } hitcount:          2
{ common_pid: mc-worker       [    290578], ret:         64 } hitcount:          2
{ common_pid: mc-worker       [    290578], ret:         50 } hitcount:          2
{ common_pid: mc-worker       [    290573], ret:         58 } hitcount:          2
{ common_pid: mc-worker       [    290571], ret:         51 } hitcount:          2
{ common_pid: mc-worker       [    290577], ret:         57 } hitcount:          2
{ common_pid: mc-worker       [    290577], ret:         56 } hitcount:          2
{ common_pid: mc-worker       [    290572], ret:         58 } hitcount:          2
{ common_pid: mc-worker       [    290576], ret:         48 } hitcount:          2
{ common_pid: mc-worker       [    290572], ret:         61 } hitcount:          2
{ common_pid: mc-worker       [    290572], ret:         46 } hitcount:          2
{ common_pid: mc-worker       [    290578], ret:         72 } hitcount:          2
{ common_pid: mc-worker       [    290578], ret:         61 } hitcount:          2
{ common_pid: mc-worker       [    290571], ret:         63 } hitcount:          2
{ common_pid: mc-worker       [    290577], ret:         55 } hitcount:          2
{ common_pid: mc-worker       [    290576], ret:         53 } hitcount:          2
{ common_pid: mc-worker       [    290576], ret:         56 } hitcount:          2
{ common_pid: mc-worker       [    290572], ret:         49 } hitcount:          2
{ common_pid: mc-worker       [    290575], ret:         46 } hitcount:          2
{ common_pid: mc-worker       [    290577], ret:         61 } hitcount:          2
{ common_pid: mc-worker       [    290577], ret:         60 } hitcount:          2
{ common_pid: mc-worker       [    290577], ret:         65 } hitcount:          2
{ common_pid: mc-worker       [    290574], ret:         56 } hitcount:          2
{ common_pid: mc-worker       [    290577], ret:         46 } hitcount:          2
{ common_pid: mc-worker       [    290574], ret:         47 } hitcount:          2
{ common_pid: mc-worker       [    290578], ret:         73 } hitcount:          2
{ common_pid: mc-worker       [    290577], ret:         47 } hitcount:          2
{ common_pid: mc-worker       [    290577], ret:        127 } hitcount:          2
{ common_pid: mc-worker       [    290571], ret:         49 } hitcount:          2
{ common_pid: mc-worker       [    290571], ret:        114 } hitcount:          2
{ common_pid: mc-worker       [    290578], ret:         65 } hitcount:          2
{ common_pid: mc-worker       [    290574], ret:        128 } hitcount:          2
{ common_pid: mc-worker       [    290577], ret:         53 } hitcount:          2
{ common_pid: mc-worker       [    290575], ret:        100 } hitcount:          2
{ common_pid: mc-worker       [    290574], ret:         61 } hitcount:          2
{ common_pid: mc-worker       [    290571], ret:         77 } hitcount:          2
{ common_pid: mc-worker       [    290572], ret:         56 } hitcount:          2
{ common_pid: mc-worker       [    290578], ret:         56 } hitcount:          2
{ common_pid: mc-worker       [    290572], ret:         55 } hitcount:          2
{ common_pid: mc-worker       [    290578], ret:         55 } hitcount:          2
{ common_pid: mc-worker       [    290575], ret:         53 } hitcount:          2
{ common_pid: mc-worker       [    290578], ret:         69 } hitcount:          2
{ common_pid: mc-worker       [    290576], ret:         47 } hitcount:          2
{ common_pid: mc-worker       [    290575], ret:         55 } hitcount:          2
{ common_pid: mc-worker       [    290577], ret:         54 } hitcount:          2
{ common_pid: mc-worker       [    290577], ret:         48 } hitcount:          2
{ common_pid: mc-worker       [    290571], ret:         55 } hitcount:          2
{ common_pid: mc-worker       [    290571], ret:         67 } hitcount:          2
{ common_pid: mc-worker       [    290575], ret:         47 } hitcount:          2
{ common_pid: mc-worker       [    290576], ret:         67 } hitcount:          2
{ common_pid: mc-worker       [    290574], ret:         59 } hitcount:          2
{ common_pid: mc-worker       [    290578], ret:         54 } hitcount:          3
{ common_pid: mc-worker       [    290575], ret:         57 } hitcount:          3
{ common_pid: mc-worker       [    290572], ret:         57 } hitcount:          3
{ common_pid: mc-worker       [    290576], ret:         55 } hitcount:          3
{ common_pid: mc-worker       [    290572], ret:         50 } hitcount:          3
{ common_pid: mc-worker       [    290578], ret:         63 } hitcount:          3
{ common_pid: mc-worker       [    290571], ret:         60 } hitcount:          3
{ common_pid: mc-worker       [    290573], ret:         61 } hitcount:          3
{ common_pid: mc-worker       [    290573], ret:         52 } hitcount:          3
{ common_pid: mc-worker       [    290571], ret:         57 } hitcount:          3
{ common_pid: mc-worker       [    290574], ret:         55 } hitcount:          3
{ common_pid: mc-worker       [    290576], ret:         54 } hitcount:          3
{ common_pid: mc-worker       [    290578], ret:         49 } hitcount:          3
{ common_pid: mc-worker       [    290575], ret:         54 } hitcount:          3
{ common_pid: mc-worker       [    290577], ret:         51 } hitcount:          3
{ common_pid: mc-worker       [    290573], ret:         49 } hitcount:          3
{ common_pid: mc-worker       [    290576], ret:         45 } hitcount:          3
{ common_pid: mc-worker       [    290576], ret:         50 } hitcount:          3
{ common_pid: mc-worker       [    290572], ret:         45 } hitcount:          3
{ common_pid: mc-worker       [    290574], ret:         49 } hitcount:          3
{ common_pid: mc-worker       [    290576], ret:         58 } hitcount:          4
{ common_pid: mc-worker       [    290571], ret:         59 } hitcount:          4
{ common_pid: mc-worker       [    290578], ret:         60 } hitcount:          4
{ common_pid: mc-worker       [    290571], ret:         46 } hitcount:          4
{ common_pid: mc-worker       [    290575], ret:         48 } hitcount:          4
{ common_pid: mc-worker       [    290577], ret:         45 } hitcount:          4
{ common_pid: mc-worker       [    290577], ret:         52 } hitcount:          4
{ common_pid: mc-worker       [    290571], ret:         50 } hitcount:          4
{ common_pid: mc-worker       [    290578], ret:         52 } hitcount:          4
{ common_pid: mc-worker       [    290573], ret:         54 } hitcount:          4
{ common_pid: mc-worker       [    290576], ret:         52 } hitcount:          4
{ common_pid: mc-worker       [    290577], ret:         59 } hitcount:          4
{ common_pid: mc-worker       [    290574], ret:         60 } hitcount:          4
{ common_pid: mc-worker       [    290572], ret:         48 } hitcount:          4
{ common_pid: mc-worker       [    290576], ret:         49 } hitcount:          5
{ common_pid: mc-worker       [    290574], ret:         48 } hitcount:          5
{ common_pid: mc-worker       [    290574], ret:         51 } hitcount:          5
{ common_pid: mc-worker       [    290577], ret:         50 } hitcount:          5
{ common_pid: mc-worker       [    290573], ret:         50 } hitcount:          5
{ common_pid: mc-worker       [    290574], ret:         54 } hitcount:          5
{ common_pid: mc-worker       [    290574], ret:         53 } hitcount:          5
{ common_pid: mc-worker       [    290575], ret:         49 } hitcount:          5
{ common_pid: mc-worker       [    290575], ret:         45 } hitcount:          5
{ common_pid: mc-worker       [    290571], ret:         47 } hitcount:          5
{ common_pid: mc-worker       [    290575], ret:         44 } hitcount:          5
{ common_pid: mc-worker       [    290576], ret:         51 } hitcount:          5
{ common_pid: mc-worker       [    290573], ret:         55 } hitcount:          5
{ common_pid: mc-worker       [    290571], ret:         53 } hitcount:          5
{ common_pid: mc-worker       [    290571], ret:         62 } hitcount:          5
{ common_pid: mc-worker       [    290578], ret:         48 } hitcount:          5
{ common_pid: mc-worker       [    290574], ret:         57 } hitcount:          6
{ common_pid: mc-worker       [    290574], ret:         46 } hitcount:          6
{ common_pid: mc-worker       [    290576], ret:         46 } hitcount:          6
{ common_pid: mc-worker       [    290578], ret:         57 } hitcount:          6
{ common_pid: mc-worker       [    290573], ret:         48 } hitcount:          6
{ common_pid: mc-worker       [    290571], ret:         52 } hitcount:          6
{ common_pid: mc-worker       [    290577], ret:         49 } hitcount:          6
{ common_pid: mc-worker       [    290574], ret:         50 } hitcount:          6
{ common_pid: mc-worker       [    290578], ret:         59 } hitcount:          6
{ common_pid: mc-worker       [    290578], ret:         53 } hitcount:          7
{ common_pid: mc-worker       [    290572], ret:         43 } hitcount:          7
{ common_pid: mc-worker       [    290575], ret:         51 } hitcount:          7
{ common_pid: mc-worker       [    290574], ret:         45 } hitcount:          8
{ common_pid: mc-worker       [    290578], ret:         58 } hitcount:          8
{ common_pid: mc-worker       [    290573], ret:         47 } hitcount:          8
{ common_pid: mc-worker       [    290577], ret:         43 } hitcount:          8
{ common_pid: mc-worker       [    290578], ret:         46 } hitcount:          9
{ common_pid: mc-worker       [    290571], ret:         56 } hitcount:          9
{ common_pid: mc-worker       [    290572], ret:         42 } hitcount:          9
{ common_pid: mc-worker       [    290577], ret:         44 } hitcount:          9
{ common_pid: mc-worker       [    290578], ret:         47 } hitcount:         10
{ common_pid: mc-worker       [    290572], ret:         44 } hitcount:         10
{ common_pid: mc-worker       [    290576], ret:         44 } hitcount:         10
{ common_pid: mc-worker       [    290574], ret:         44 } hitcount:         10
{ common_pid: mc-worker       [    290574], ret:         43 } hitcount:         10
{ common_pid: mc-worker       [    290572], ret:         41 } hitcount:         11
{ common_pid: mc-worker       [    290575], ret:         43 } hitcount:         11
{ common_pid: mc-worker       [    290573], ret:         46 } hitcount:         11
{ common_pid: mc-worker       [    290571], ret:         44 } hitcount:         13
{ common_pid: mc-worker       [    290571], ret:         45 } hitcount:         14
{ common_pid: mc-worker       [    290576], ret:         43 } hitcount:         14
{ common_pid: mc-worker       [    290577], ret:         42 } hitcount:         16
{ common_pid: mc-worker       [    290573], ret:         45 } hitcount:         16
{ common_pid: mc-worker       [    290577], ret:         41 } hitcount:         16
{ common_pid: mc-worker       [    290574], ret:         42 } hitcount:         18
{ common_pid: mc-worker       [    290573], ret:         44 } hitcount:         20
{ common_pid: mc-worker       [    290578], ret:         44 } hitcount:         21
{ common_pid: mc-worker       [    290571], ret:         43 } hitcount:         22
{ common_pid: mc-worker       [    290575], ret:         42 } hitcount:         22
{ common_pid: mc-worker       [    290578], ret:         45 } hitcount:         22
{ common_pid: mc-worker       [    290575], ret:         41 } hitcount:         26
{ common_pid: mc-worker       [    290576], ret:         42 } hitcount:         26
{ common_pid: mc-worker       [    290572], ret:         40 } hitcount:         26
{ common_pid: mc-worker       [    290578], ret:         43 } hitcount:         26
{ common_pid: mc-worker       [    290577], ret:         40 } hitcount:         27
{ common_pid: mc-worker       [    290571], ret:         42 } hitcount:         31
{ common_pid: mc-worker       [    290576], ret:         41 } hitcount:         31
{ common_pid: mc-worker       [    290573], ret:         43 } hitcount:         36
{ common_pid: mc-worker       [    290576], ret:         40 } hitcount:         40
{ common_pid: mc-worker       [    290574], ret:         41 } hitcount:         42
{ common_pid: mc-worker       [    290575], ret:         40 } hitcount:         45
{ common_pid: mc-worker       [    290572], ret:         39 } hitcount:         48
{ common_pid: mc-worker       [    290575], ret:         39 } hitcount:         49
{ common_pid: mc-worker       [    290573], ret:         42 } hitcount:         51
{ common_pid: mc-worker       [    290576], ret:         39 } hitcount:         53
{ common_pid: mc-worker       [    290574], ret:         40 } hitcount:         53
{ common_pid: mc-worker       [    290578], ret:         42 } hitcount:         55
{ common_pid: mc-worker       [    290578], ret:         41 } hitcount:         59
{ common_pid: mc-worker       [    290577], ret:         39 } hitcount:         59
{ common_pid: mc-worker       [    290571], ret:         41 } hitcount:         59
{ common_pid: mc-worker       [    290571], ret:         40 } hitcount:         61
{ common_pid: mc-worker       [    290572], ret:         38 } hitcount:         70
{ common_pid: mc-worker       [    290574], ret:         39 } hitcount:         72
{ common_pid: mc-worker       [    290577], ret:         38 } hitcount:         79
{ common_pid: mc-worker       [    290573], ret:         41 } hitcount:         87
{ common_pid: mc-worker       [    290578], ret:         40 } hitcount:         92
{ common_pid: mc-worker       [    290571], ret:         39 } hitcount:         94
{ common_pid: mc-worker       [    290575], ret:         38 } hitcount:        100
{ common_pid: mc-worker       [    290576], ret:         38 } hitcount:        117
{ common_pid: mc-worker       [    290573], ret:         40 } hitcount:        120
{ common_pid: mc-worker       [    290577], ret:         37 } hitcount:        120
{ common_pid: mc-worker       [    290574], ret:         38 } hitcount:        123
{ common_pid: mc-worker       [    290572], ret:         37 } hitcount:        123
{ common_pid: mc-worker       [    290578], ret:         39 } hitcount:        143
{ common_pid: mc-worker       [    290572], ret:         36 } hitcount:        147
{ common_pid: mc-worker       [    290575], ret:         37 } hitcount:        152
{ common_pid: mc-worker       [    290573], ret:         39 } hitcount:        157
{ common_pid: mc-worker       [    290576], ret:         37 } hitcount:        160
{ common_pid: mc-worker       [    290571], ret:         38 } hitcount:        167
{ common_pid: mc-worker       [    290574], ret:         37 } hitcount:        178
{ common_pid: mc-worker       [    290575], ret:         36 } hitcount:        180
{ common_pid: mc-worker       [    290577], ret:         36 } hitcount:        192
{ common_pid: mc-worker       [    290578], ret:         38 } hitcount:        199
{ common_pid: mc-worker       [    290572], ret:         35 } hitcount:        233
{ common_pid: mc-worker       [    290571], ret:         37 } hitcount:        253
{ common_pid: mc-worker       [    290573], ret:         38 } hitcount:        258
{ common_pid: mc-worker       [    290577], ret:         35 } hitcount:        258
{ common_pid: mc-worker       [    290578], ret:         37 } hitcount:        274
{ common_pid: mc-worker       [    290576], ret:         36 } hitcount:        277
{ common_pid: mc-worker       [    290574], ret:         36 } hitcount:        284
{ common_pid: mc-worker       [    290575], ret:         35 } hitcount:        286
{ common_pid: mc-worker       [    290573], ret:         37 } hitcount:        315
{ common_pid: mc-worker       [    290576], ret:         35 } hitcount:        330
{ common_pid: mc-worker       [    290571], ret:         36 } hitcount:        359
{ common_pid: mc-worker       [    290577], ret:         34 } hitcount:        366
{ common_pid: mc-worker       [    290572], ret:         34 } hitcount:        382
{ common_pid: mc-worker       [    290575], ret:         34 } hitcount:        403
{ common_pid: mc-worker       [    290574], ret:         35 } hitcount:        414
{ common_pid: mc-worker       [    290578], ret:         36 } hitcount:        446
{ common_pid: mc-worker       [    290576], ret:         34 } hitcount:        470
{ common_pid: mc-worker       [    290577], ret:         33 } hitcount:        481
{ common_pid: mc-worker       [    290571], ret:         35 } hitcount:        492
{ common_pid: mc-worker       [    290572], ret:         33 } hitcount:        510
{ common_pid: mc-worker       [    290573], ret:         36 } hitcount:        520
{ common_pid: mc-worker       [    290575], ret:         33 } hitcount:        540
{ common_pid: mc-worker       [    290574], ret:         34 } hitcount:        552
{ common_pid: mc-worker       [    290578], ret:         35 } hitcount:        587
{ common_pid: mc-worker       [    290573], ret:         35 } hitcount:        639
{ common_pid: mc-worker       [    290577], ret:         32 } hitcount:        681
{ common_pid: mc-worker       [    290576], ret:         33 } hitcount:        689
{ common_pid: mc-worker       [    290571], ret:         34 } hitcount:        697
{ common_pid: mc-worker       [    290572], ret:         32 } hitcount:        704
{ common_pid: mc-worker       [    290574], ret:         33 } hitcount:        708
{ common_pid: mc-worker       [    290575], ret:         32 } hitcount:        762
{ common_pid: mc-worker       [    290578], ret:         34 } hitcount:        805
{ common_pid: mc-worker       [    290571], ret:         33 } hitcount:        839
{ common_pid: mc-worker       [    290573], ret:         34 } hitcount:        846
{ common_pid: mc-worker       [    290572], ret:         31 } hitcount:        912
{ common_pid: mc-worker       [    290576], ret:         32 } hitcount:        921
{ common_pid: mc-worker       [    290577], ret:         31 } hitcount:        932
{ common_pid: mc-worker       [    290574], ret:         32 } hitcount:        979
{ common_pid: mc-worker       [    290578], ret:         33 } hitcount:       1039
{ common_pid: mc-worker       [    290575], ret:         31 } hitcount:       1040
{ common_pid: mc-worker       [    290573], ret:         33 } hitcount:       1051
{ common_pid: mc-worker       [    290571], ret:         32 } hitcount:       1127
{ common_pid: mc-worker       [    290576], ret:         31 } hitcount:       1167
{ common_pid: mc-worker       [    290574], ret:         31 } hitcount:       1210
{ common_pid: mc-worker       [    290572], ret:         30 } hitcount:       1224
{ common_pid: mc-worker       [    290578], ret:         32 } hitcount:       1276
{ common_pid: mc-worker       [    290577], ret:         30 } hitcount:       1288
{ common_pid: mc-worker       [    290573], ret:         32 } hitcount:       1400
{ common_pid: mc-worker       [    290575], ret:         30 } hitcount:       1439
{ common_pid: mc-worker       [    290571], ret:         31 } hitcount:       1506
{ common_pid: mc-worker       [    290576], ret:         30 } hitcount:       1524
{ common_pid: mc-worker       [    290574], ret:         30 } hitcount:       1599
{ common_pid: mc-worker       [    290578], ret:         31 } hitcount:       1611
{ common_pid: mc-worker       [    290577], ret:         29 } hitcount:       1696
{ common_pid: mc-worker       [    290572], ret:         29 } hitcount:       1743
{ common_pid: mc-worker       [    290573], ret:         31 } hitcount:       1775
{ common_pid: mc-worker       [    290571], ret:         30 } hitcount:       1807
{ common_pid: mc-worker       [    290575], ret:         29 } hitcount:       1921
{ common_pid: mc-worker       [    290576], ret:         29 } hitcount:       2029
{ common_pid: mc-worker       [    290578], ret:         30 } hitcount:       2052
{ common_pid: mc-worker       [    290574], ret:         29 } hitcount:       2079
{ common_pid: mc-worker       [    290577], ret:         28 } hitcount:       2143
{ common_pid: mc-worker       [    290572], ret:         28 } hitcount:       2161
{ common_pid: mc-worker       [    290573], ret:         30 } hitcount:       2283
{ common_pid: mc-worker       [    290575], ret:         28 } hitcount:       2294
{ common_pid: mc-worker       [    290571], ret:         29 } hitcount:       2392
{ common_pid: mc-worker       [    290576], ret:         28 } hitcount:       2519
{ common_pid: mc-worker       [    290578], ret:         29 } hitcount:       2524
{ common_pid: mc-worker       [    290574], ret:         28 } hitcount:       2545
{ common_pid: mc-worker       [    290573], ret:         29 } hitcount:       2589
{ common_pid: mc-worker       [    290577], ret:         27 } hitcount:       2666
{ common_pid: mc-worker       [    290572], ret:         27 } hitcount:       2717
{ common_pid: mc-worker       [    290575], ret:         27 } hitcount:       2788
{ common_pid: mc-worker       [    290571], ret:         28 } hitcount:       2888
{ common_pid: mc-worker       [    290578], ret:         28 } hitcount:       2978
{ common_pid: mc-worker       [    290574], ret:         27 } hitcount:       3004
{ common_pid: mc-worker       [    290576], ret:         27 } hitcount:       3040
{ common_pid: mc-worker       [    290573], ret:         28 } hitcount:       3056
{ common_pid: mc-worker       [    290572], ret:         26 } hitcount:       3108
{ common_pid: mc-worker       [    290577], ret:         26 } hitcount:       3116
{ common_pid: mc-worker       [    290571], ret:         27 } hitcount:       3228
{ common_pid: mc-worker       [    290575], ret:         26 } hitcount:       3273
{ common_pid: mc-worker       [    290578], ret:         27 } hitcount:       3374
{ common_pid: mc-worker       [    290576], ret:         26 } hitcount:       3379
{ common_pid: mc-worker       [    290574], ret:         26 } hitcount:       3476
{ common_pid: mc-worker       [    290577], ret:         25 } hitcount:       3529
{ common_pid: mc-worker       [    290573], ret:         27 } hitcount:       3554
{ common_pid: mc-worker       [    290571], ret:         26 } hitcount:       3585
{ common_pid: mc-worker       [    290578], ret:         26 } hitcount:       3614
{ common_pid: mc-worker       [    290575], ret:         25 } hitcount:       3617
{ common_pid: mc-worker       [    290572], ret:         25 } hitcount:       3667
{ common_pid: mc-worker       [    290573], ret:         26 } hitcount:       3737
{ common_pid: mc-worker       [    290574], ret:         25 } hitcount:       3902
{ common_pid: mc-worker       [    290576], ret:         25 } hitcount:       3946
{ common_pid: mc-worker       [    290578], ret:         25 } hitcount:       4030
{ common_pid: mc-worker       [    290577], ret:         24 } hitcount:       4054
{ common_pid: mc-worker       [    290571], ret:         25 } hitcount:       4073
{ common_pid: mc-worker       [    290572], ret:         24 } hitcount:       4097
{ common_pid: mc-worker       [    290575], ret:         24 } hitcount:       4189
{ common_pid: mc-worker       [    290574], ret:         24 } hitcount:       4258
{ common_pid: mc-worker       [    290573], ret:         25 } hitcount:       4261
{ common_pid: mc-worker       [    290576], ret:         24 } hitcount:       4340
{ common_pid: mc-worker       [    290578], ret:         24 } hitcount:       4378
{ common_pid: mc-worker       [    290571], ret:         24 } hitcount:       4454
{ common_pid: mc-worker       [    290573], ret:         24 } hitcount:       4454
{ common_pid: mc-worker       [    290573], ret:         23 } hitcount:       4632
{ common_pid: mc-worker       [    290574], ret:         23 } hitcount:       4678
{ common_pid: mc-worker       [    290575], ret:         23 } hitcount:       4688
{ common_pid: mc-worker       [    290577], ret:         23 } hitcount:       4722
{ common_pid: mc-worker       [    290578], ret:         23 } hitcount:       4726
{ common_pid: mc-worker       [    290572], ret:         23 } hitcount:       4759
{ common_pid: mc-worker       [    290571], ret:         23 } hitcount:       4777
{ common_pid: mc-worker       [    290576], ret:         23 } hitcount:       4818
{ common_pid: mc-worker       [    290573], ret:         22 } hitcount:       4914
{ common_pid: mc-worker       [    290571], ret:         21 } hitcount:       5017
{ common_pid: mc-worker       [    290575], ret:         22 } hitcount:       5029
{ common_pid: mc-worker       [    290578], ret:         22 } hitcount:       5056
{ common_pid: mc-worker       [    290571], ret:         22 } hitcount:       5072
{ common_pid: mc-worker       [    290576], ret:         22 } hitcount:       5072
{ common_pid: mc-worker       [    290573], ret:         21 } hitcount:       5082
{ common_pid: mc-worker       [    290577], ret:         22 } hitcount:       5092
{ common_pid: mc-worker       [    290573], ret:         20 } hitcount:       5093
{ common_pid: mc-worker       [    290578], ret:         19 } hitcount:       5096
{ common_pid: mc-worker       [    290578], ret:         18 } hitcount:       5108
{ common_pid: mc-worker       [    290578], ret:         21 } hitcount:       5120
{ common_pid: mc-worker       [    290574], ret:         22 } hitcount:       5131
{ common_pid: mc-worker       [    290578], ret:         20 } hitcount:       5141
{ common_pid: mc-worker       [    290571], ret:         17 } hitcount:       5144
{ common_pid: mc-worker       [    290573], ret:         19 } hitcount:       5145
{ common_pid: mc-worker       [    290572], ret:         22 } hitcount:       5148
{ common_pid: mc-worker       [    290571], ret:         20 } hitcount:       5154
{ common_pid: mc-worker       [    290571], ret:         19 } hitcount:       5163
{ common_pid: mc-worker       [    290573], ret:         18 } hitcount:       5169
{ common_pid: mc-worker       [    290571], ret:         18 } hitcount:       5183
{ common_pid: mc-worker       [    290574], ret:         19 } hitcount:       5192
{ common_pid: mc-worker       [    290574], ret:         20 } hitcount:       5206
{ common_pid: mc-worker       [    290574], ret:         21 } hitcount:       5215
{ common_pid: mc-worker       [    290576], ret:         21 } hitcount:       5247
{ common_pid: mc-worker       [    290576], ret:         18 } hitcount:       5343
{ common_pid: mc-worker       [    290574], ret:         18 } hitcount:       5353
{ common_pid: mc-worker       [    290576], ret:         17 } hitcount:       5354
{ common_pid: mc-worker       [    290575], ret:         21 } hitcount:       5380
{ common_pid: mc-worker       [    290577], ret:         21 } hitcount:       5391
{ common_pid: mc-worker       [    290578], ret:         17 } hitcount:       5400
{ common_pid: mc-worker       [    290576], ret:         19 } hitcount:       5423
{ common_pid: mc-worker       [    290576], ret:         20 } hitcount:       5426
{ common_pid: mc-worker       [    290571], ret:         16 } hitcount:       5426
{ common_pid: mc-worker       [    290575], ret:         18 } hitcount:       5450
{ common_pid: mc-worker       [    290575], ret:         20 } hitcount:       5457
{ common_pid: mc-worker       [    290573], ret:         17 } hitcount:       5497
{ common_pid: mc-worker       [    290572], ret:         18 } hitcount:       5497
{ common_pid: mc-worker       [    290572], ret:         17 } hitcount:       5505
{ common_pid: mc-worker       [    290575], ret:         17 } hitcount:       5514
{ common_pid: mc-worker       [    290572], ret:         16 } hitcount:       5514
{ common_pid: mc-worker       [    290572], ret:         21 } hitcount:       5549
{ common_pid: mc-worker       [    290577], ret:         19 } hitcount:       5555
{ common_pid: mc-worker       [    290574], ret:         17 } hitcount:       5559
{ common_pid: mc-worker       [    290577], ret:         20 } hitcount:       5564
{ common_pid: mc-worker       [    290575], ret:         19 } hitcount:       5565
{ common_pid: mc-worker       [    290575], ret:         16 } hitcount:       5581
{ common_pid: mc-worker       [    290577], ret:         18 } hitcount:       5586
{ common_pid: mc-worker       [    290572], ret:         19 } hitcount:       5588
{ common_pid: mc-worker       [    290577], ret:         17 } hitcount:       5589
{ common_pid: mc-worker       [    290578], ret:         16 } hitcount:       5604
{ common_pid: mc-worker       [    290577], ret:         16 } hitcount:       5628
{ common_pid: mc-worker       [    290573], ret:         16 } hitcount:       5661
{ common_pid: mc-worker       [    290576], ret:         16 } hitcount:       5705
{ common_pid: mc-worker       [    290575], ret:         15 } hitcount:       5757
{ common_pid: mc-worker       [    290577], ret:         15 } hitcount:       5802
{ common_pid: mc-worker       [    290572], ret:         20 } hitcount:       5824
{ common_pid: mc-worker       [    290574], ret:         16 } hitcount:       5832
{ common_pid: mc-worker       [    290572], ret:         15 } hitcount:       5866
{ common_pid: mc-worker       [    290576], ret:         15 } hitcount:       5930
{ common_pid: mc-worker       [    290574], ret:         15 } hitcount:       5932
{ common_pid: mc-worker       [    290571], ret:         15 } hitcount:       5983
{ common_pid: mc-worker       [    290578], ret:         15 } hitcount:       6093
{ common_pid: mc-worker       [    290573], ret:         15 } hitcount:       6118
{ common_pid: mc-worker       [    290577], ret:         14 } hitcount:       6198
{ common_pid: mc-worker       [    290572], ret:         14 } hitcount:       6221
{ common_pid: mc-worker       [    290575], ret:         14 } hitcount:       6281
{ common_pid: mc-worker       [    290576], ret:         14 } hitcount:       6288
{ common_pid: mc-worker       [    290571], ret:         14 } hitcount:       6354
{ common_pid: mc-worker       [    290574], ret:         14 } hitcount:       6497
{ common_pid: mc-worker       [    290578], ret:         14 } hitcount:       6568
{ common_pid: mc-worker       [    290573], ret:         14 } hitcount:       6690
{ common_pid: mc-worker       [    290577], ret:         13 } hitcount:       6697
{ common_pid: mc-worker       [    290575], ret:         13 } hitcount:       6798
{ common_pid: mc-worker       [    290572], ret:         13 } hitcount:       6831
{ common_pid: mc-worker       [    290576], ret:         13 } hitcount:       6911
{ common_pid: mc-worker       [    290578], ret:         13 } hitcount:       7044
{ common_pid: mc-worker       [    290571], ret:         13 } hitcount:       7100
{ common_pid: mc-worker       [    290574], ret:         13 } hitcount:       7168
{ common_pid: mc-worker       [    290572], ret:         12 } hitcount:       7399
{ common_pid: mc-worker       [    290573], ret:         13 } hitcount:       7431
{ common_pid: mc-worker       [    290575], ret:         12 } hitcount:       7463
{ common_pid: mc-worker       [    290577], ret:         12 } hitcount:       7468
{ common_pid: mc-worker       [    290576], ret:         12 } hitcount:       7652
{ common_pid: mc-worker       [    290571], ret:         12 } hitcount:       7793
{ common_pid: mc-worker       [    290574], ret:         12 } hitcount:       7849
{ common_pid: mc-worker       [    290578], ret:         12 } hitcount:       8034
{ common_pid: mc-worker       [    290573], ret:         12 } hitcount:       8197
{ common_pid: mc-worker       [    290577], ret:         11 } hitcount:       8232
{ common_pid: mc-worker       [    290575], ret:         11 } hitcount:       8424
{ common_pid: mc-worker       [    290572], ret:         11 } hitcount:       8451
{ common_pid: mc-worker       [    290571], ret:         11 } hitcount:       8736
{ common_pid: mc-worker       [    290574], ret:         11 } hitcount:       8770
{ common_pid: mc-worker       [    290576], ret:         11 } hitcount:       8848
{ common_pid: mc-worker       [    290578], ret:         11 } hitcount:       8875
{ common_pid: mc-worker       [    290573], ret:         11 } hitcount:       9030
{ common_pid: mc-worker       [    290575], ret:         10 } hitcount:       9304
{ common_pid: mc-worker       [    290572], ret:         10 } hitcount:       9326
{ common_pid: mc-worker       [    290577], ret:         10 } hitcount:       9352
{ common_pid: mc-worker       [    290574], ret:         10 } hitcount:       9675
{ common_pid: mc-worker       [    290576], ret:         10 } hitcount:       9790
{ common_pid: mc-worker       [    290578], ret:         10 } hitcount:       9824
{ common_pid: mc-worker       [    290571], ret:         10 } hitcount:       9849
{ common_pid: mc-worker       [    290573], ret:         10 } hitcount:      10117
{ common_pid: mc-worker       [    290575], ret:          9 } hitcount:      10636
{ common_pid: mc-worker       [    290572], ret:          9 } hitcount:      10648
{ common_pid: mc-worker       [    290577], ret:          9 } hitcount:      10811
{ common_pid: mc-worker       [    290576], ret:          9 } hitcount:      10903
{ common_pid: mc-worker       [    290574], ret:          9 } hitcount:      10910
{ common_pid: mc-worker       [    290571], ret:          9 } hitcount:      11110
{ common_pid: mc-worker       [    290578], ret:          9 } hitcount:      11243
{ common_pid: mc-worker       [    290573], ret:          9 } hitcount:      11502
{ common_pid: mc-worker       [    290577], ret:          8 } hitcount:      12102
{ common_pid: mc-worker       [    290575], ret:          8 } hitcount:      12206
{ common_pid: mc-worker       [    290572], ret:          8 } hitcount:      12394
{ common_pid: mc-worker       [    290576], ret:          8 } hitcount:      12442
{ common_pid: mc-worker       [    290574], ret:          8 } hitcount:      12466
{ common_pid: mc-worker       [    290571], ret:          8 } hitcount:      12567
{ common_pid: mc-worker       [    290573], ret:          8 } hitcount:      12957
{ common_pid: mc-worker       [    290578], ret:          8 } hitcount:      12968
{ common_pid: mc-worker       [    290575], ret:          7 } hitcount:      14124
{ common_pid: mc-worker       [    290577], ret:          7 } hitcount:      14213
{ common_pid: mc-worker       [    290574], ret:          7 } hitcount:      14343
{ common_pid: mc-worker       [    290572], ret:          7 } hitcount:      14359
{ common_pid: mc-worker       [    290576], ret:          7 } hitcount:      14543
{ common_pid: mc-worker       [    290578], ret:          7 } hitcount:      14619
{ common_pid: mc-worker       [    290571], ret:          7 } hitcount:      14701
{ common_pid: mc-worker       [    290573], ret:          7 } hitcount:      15320
{ common_pid: mc-worker       [    290577], ret:          6 } hitcount:      16666
{ common_pid: mc-worker       [    290575], ret:          6 } hitcount:      16907
{ common_pid: mc-worker       [    290572], ret:          6 } hitcount:      16926
{ common_pid: mc-worker       [    290576], ret:          6 } hitcount:      17275
{ common_pid: mc-worker       [    290571], ret:          6 } hitcount:      17321
{ common_pid: mc-worker       [    290574], ret:          6 } hitcount:      17670
{ common_pid: mc-worker       [    290578], ret:          6 } hitcount:      17934
{ common_pid: mc-worker       [    290573], ret:          6 } hitcount:      18250
{ common_pid: mc-worker       [    290577], ret:          5 } hitcount:      21092
{ common_pid: mc-worker       [    290575], ret:          5 } hitcount:      21112
{ common_pid: mc-worker       [    290572], ret:          5 } hitcount:      21290
{ common_pid: mc-worker       [    290576], ret:          5 } hitcount:      21529
{ common_pid: mc-worker       [    290574], ret:          5 } hitcount:      21922
{ common_pid: mc-worker       [    290571], ret:          5 } hitcount:      21953
{ common_pid: mc-worker       [    290573], ret:          5 } hitcount:      22681
{ common_pid: mc-worker       [    290578], ret:          5 } hitcount:      22754
{ common_pid: mc-worker       [    290577], ret:          4 } hitcount:      27317
{ common_pid: mc-worker       [    290572], ret:          4 } hitcount:      27630
{ common_pid: mc-worker       [    290575], ret:          4 } hitcount:      28039
{ common_pid: mc-worker       [    290576], ret:          4 } hitcount:      28527
{ common_pid: mc-worker       [    290574], ret:          4 } hitcount:      28598
{ common_pid: mc-worker       [    290571], ret:          4 } hitcount:      29039
{ common_pid: mc-worker       [    290578], ret:          4 } hitcount:      29261
{ common_pid: mc-worker       [    290573], ret:          4 } hitcount:      29559
{ common_pid: mc-worker       [    290577], ret:          3 } hitcount:      37497
{ common_pid: mc-worker       [    290575], ret:          3 } hitcount:      37878
{ common_pid: mc-worker       [    290572], ret:          3 } hitcount:      38012
{ common_pid: mc-worker       [    290576], ret:          3 } hitcount:      38126
{ common_pid: mc-worker       [    290574], ret:          3 } hitcount:      38488
{ common_pid: mc-worker       [    290573], ret:          3 } hitcount:      39019
{ common_pid: mc-worker       [    290571], ret:          3 } hitcount:      39272
{ common_pid: mc-worker       [    290578], ret:          3 } hitcount:      39300
{ common_pid: mc-worker       [    290573], ret:          2 } hitcount:      50214
{ common_pid: mc-worker       [    290577], ret:          2 } hitcount:      50591
{ common_pid: mc-worker       [    290574], ret:          2 } hitcount:      50632
{ common_pid: mc-worker       [    290575], ret:          2 } hitcount:      50951
{ common_pid: mc-worker       [    290571], ret:          2 } hitcount:      51160
{ common_pid: mc-worker       [    290576], ret:          2 } hitcount:      51352
{ common_pid: mc-worker       [    290572], ret:          2 } hitcount:      51495
{ common_pid: mc-worker       [    290578], ret:          2 } hitcount:      51785
{ common_pid: mc-worker       [    290573], ret:          1 } hitcount:      62082
{ common_pid: mc-worker       [    290578], ret:          1 } hitcount:      64222
{ common_pid: mc-worker       [    290574], ret:          1 } hitcount:      64505
{ common_pid: mc-worker       [    290571], ret:          1 } hitcount:      64631
{ common_pid: mc-worker       [    290576], ret:          1 } hitcount:      66317
{ common_pid: mc-worker       [    290577], ret:          1 } hitcount:      66719
{ common_pid: mc-worker       [    290575], ret:          1 } hitcount:      67107
{ common_pid: mc-worker       [    290572], ret:          1 } hitcount:      67838
