{ common_pid: mc-worker       [    387373], ret:        114 } hitcount:          1
{ common_pid: mc-worker       [    387375], ret:        125 } hitcount:          1
{ common_pid: mc-worker       [    387376], ret:         94 } hitcount:          1
{ common_pid: mc-worker       [    387376], ret:         62 } hitcount:          1
{ common_pid: mc-worker       [    387372], ret:         96 } hitcount:          1
{ common_pid: mc-worker       [    387372], ret:         58 } hitcount:          1
{ common_pid: mc-worker       [    387372], ret:        125 } hitcount:          1
{ common_pid: mc-worker       [    387375], ret:         22 } hitcount:          1
{ common_pid: mc-worker       [    387373], ret:        105 } hitcount:          1
{ common_pid: mc-worker       [    387376], ret:        123 } hitcount:          1
{ common_pid: mc-worker       [    387377], ret:        101 } hitcount:          1
{ common_pid: mc-worker       [    387370], ret:         77 } hitcount:          1
{ common_pid: mc-worker       [    387371], ret:         62 } hitcount:          1
{ common_pid: mc-worker       [    387375], ret:         98 } hitcount:          1
{ common_pid: mc-worker       [    387374], ret:         35 } hitcount:          1
{ common_pid: mc-worker       [    387373], ret:        125 } hitcount:          1
{ common_pid: mc-worker       [    387371], ret:        103 } hitcount:          1
{ common_pid: mc-worker       [    387372], ret:        109 } hitcount:          1
{ common_pid: mc-worker       [    387374], ret:        108 } hitcount:          1
{ common_pid: mc-worker       [    387374], ret:         60 } hitcount:          1
{ common_pid: mc-worker       [    387373], ret:         61 } hitcount:          1
{ common_pid: mc-worker       [    387375], ret:         61 } hitcount:          1
{ common_pid: mc-worker       [    387373], ret:         35 } hitcount:          1
{ common_pid: mc-worker       [    387375], ret:        128 } hitcount:          1
{ common_pid: mc-worker       [    387377], ret:         61 } hitcount:          1
{ common_pid: mc-worker       [    387370], ret:         60 } hitcount:          1
{ common_pid: mc-worker       [    387370], ret:        118 } hitcount:          1
{ common_pid: mc-worker       [    387371], ret:        125 } hitcount:          1
{ common_pid: mc-worker       [    387375], ret:        100 } hitcount:          1
{ common_pid: mc-worker       [    387370], ret:        127 } hitcount:          1
{ common_pid: mc-worker       [    387371], ret:        127 } hitcount:          1
{ common_pid: mc-worker       [    387377], ret:         95 } hitcount:          1
{ common_pid: mc-worker       [    387372], ret:         75 } hitcount:          1
{ common_pid: mc-worker       [    387370], ret:         91 } hitcount:          1
{ common_pid: mc-worker       [    387371], ret:         94 } hitcount:          1
{ common_pid: mc-worker       [    387373], ret:         19 } hitcount:          1
{ common_pid: mc-worker       [    387373], ret:        107 } hitcount:          1
{ common_pid: mc-worker       [    387374], ret:         90 } hitcount:          1
{ common_pid: mc-worker       [    387370], ret:         18 } hitcount:          1
{ common_pid: mc-worker       [    387376], ret:         19 } hitcount:          2
{ common_pid: mc-worker       [    387376], ret:         18 } hitcount:          2
{ common_pid: mc-worker       [    387374], ret:        128 } hitcount:          2
{ common_pid: mc-worker       [    387377], ret:        128 } hitcount:          2
{ common_pid: mc-worker       [    387376], ret:        114 } hitcount:          2
{ common_pid: mc-worker       [    387372], ret:         17 } hitcount:          2
{ common_pid: mc-worker       [    387374], ret:         19 } hitcount:          2
{ common_pid: mc-worker       [    387375], ret:         19 } hitcount:          2
{ common_pid: mc-worker       [    387374], ret:         18 } hitcount:          3
{ common_pid: mc-worker       [    387375], ret:         18 } hitcount:          3
{ common_pid: mc-worker       [    387377], ret:         18 } hitcount:          5
{ common_pid: mc-worker       [    387373], ret:         18 } hitcount:          5
{ common_pid: mc-worker       [    387371], ret:         18 } hitcount:          5
{ common_pid: mc-worker       [    387370], ret:         16 } hitcount:          6
{ common_pid: mc-worker       [    387370], ret:         17 } hitcount:          6
{ common_pid: mc-worker       [    387375], ret:         17 } hitcount:          8
{ common_pid: mc-worker       [    387373], ret:         17 } hitcount:          9
{ common_pid: mc-worker       [    387376], ret:         17 } hitcount:         10
{ common_pid: mc-worker       [    387374], ret:         17 } hitcount:         11
{ common_pid: mc-worker       [    387371], ret:         17 } hitcount:         11
{ common_pid: mc-worker       [    387372], ret:         16 } hitcount:         12
{ common_pid: mc-worker       [    387377], ret:         17 } hitcount:         14
{ common_pid: mc-worker       [    387376], ret:         16 } hitcount:         23
{ common_pid: mc-worker       [    387374], ret:         16 } hitcount:         24
{ common_pid: mc-worker       [    387375], ret:         16 } hitcount:         24
{ common_pid: mc-worker       [    387372], ret:         15 } hitcount:         25
{ common_pid: mc-worker       [    387373], ret:         16 } hitcount:         25
{ common_pid: mc-worker       [    387371], ret:         16 } hitcount:         29
{ common_pid: mc-worker       [    387377], ret:         16 } hitcount:         29
{ common_pid: mc-worker       [    387370], ret:         15 } hitcount:         30
{ common_pid: mc-worker       [    387375], ret:         15 } hitcount:         58
{ common_pid: mc-worker       [    387376], ret:         15 } hitcount:         64
{ common_pid: mc-worker       [    387370], ret:         14 } hitcount:         66
{ common_pid: mc-worker       [    387374], ret:         15 } hitcount:         68
{ common_pid: mc-worker       [    387372], ret:         14 } hitcount:         69
{ common_pid: mc-worker       [    387371], ret:         15 } hitcount:         80
{ common_pid: mc-worker       [    387377], ret:         15 } hitcount:         89
{ common_pid: mc-worker       [    387373], ret:         15 } hitcount:        100
{ common_pid: mc-worker       [    387372], ret:         13 } hitcount:        154
{ common_pid: mc-worker       [    387370], ret:         13 } hitcount:        159
{ common_pid: mc-worker       [    387376], ret:         14 } hitcount:        172
{ common_pid: mc-worker       [    387377], ret:         14 } hitcount:        175
{ common_pid: mc-worker       [    387375], ret:         14 } hitcount:        182
{ common_pid: mc-worker       [    387371], ret:         14 } hitcount:        191
{ common_pid: mc-worker       [    387373], ret:         14 } hitcount:        207
{ common_pid: mc-worker       [    387374], ret:         14 } hitcount:        216
{ common_pid: mc-worker       [    387376], ret:         13 } hitcount:        382
{ common_pid: mc-worker       [    387370], ret:         12 } hitcount:        384
{ common_pid: mc-worker       [    387371], ret:         13 } hitcount:        386
{ common_pid: mc-worker       [    387375], ret:         13 } hitcount:        389
{ common_pid: mc-worker       [    387373], ret:         13 } hitcount:        421
{ common_pid: mc-worker       [    387377], ret:         13 } hitcount:        429
{ common_pid: mc-worker       [    387372], ret:         12 } hitcount:        431
{ common_pid: mc-worker       [    387374], ret:         13 } hitcount:        486
{ common_pid: mc-worker       [    387375], ret:         12 } hitcount:        772
{ common_pid: mc-worker       [    387376], ret:         12 } hitcount:        813
{ common_pid: mc-worker       [    387371], ret:         12 } hitcount:        813
{ common_pid: mc-worker       [    387372], ret:         11 } hitcount:        925
{ common_pid: mc-worker       [    387377], ret:         12 } hitcount:        927
{ common_pid: mc-worker       [    387373], ret:         12 } hitcount:        983
{ common_pid: mc-worker       [    387374], ret:         12 } hitcount:        992
{ common_pid: mc-worker       [    387370], ret:         11 } hitcount:        995
{ common_pid: mc-worker       [    387371], ret:         11 } hitcount:       1690
{ common_pid: mc-worker       [    387375], ret:         11 } hitcount:       1729
{ common_pid: mc-worker       [    387376], ret:         11 } hitcount:       1793
{ common_pid: mc-worker       [    387377], ret:         11 } hitcount:       1837
{ common_pid: mc-worker       [    387373], ret:         11 } hitcount:       1933
{ common_pid: mc-worker       [    387372], ret:         10 } hitcount:       1995
{ common_pid: mc-worker       [    387374], ret:         11 } hitcount:       2001
{ common_pid: mc-worker       [    387370], ret:         10 } hitcount:       2084
{ common_pid: mc-worker       [    387371], ret:         10 } hitcount:       3307
{ common_pid: mc-worker       [    387375], ret:         10 } hitcount:       3323
{ common_pid: mc-worker       [    387376], ret:         10 } hitcount:       3420
{ common_pid: mc-worker       [    387377], ret:         10 } hitcount:       3534
{ common_pid: mc-worker       [    387373], ret:         10 } hitcount:       3678
{ common_pid: mc-worker       [    387374], ret:         10 } hitcount:       3776
{ common_pid: mc-worker       [    387372], ret:          9 } hitcount:       3994
{ common_pid: mc-worker       [    387370], ret:          9 } hitcount:       4155
{ common_pid: mc-worker       [    387375], ret:          9 } hitcount:       5935
{ common_pid: mc-worker       [    387371], ret:          9 } hitcount:       6026
{ common_pid: mc-worker       [    387376], ret:          9 } hitcount:       6225
{ common_pid: mc-worker       [    387373], ret:          9 } hitcount:       6519
{ common_pid: mc-worker       [    387377], ret:          9 } hitcount:       6547
{ common_pid: mc-worker       [    387374], ret:          9 } hitcount:       6771
{ common_pid: mc-worker       [    387372], ret:          8 } hitcount:       7376
{ common_pid: mc-worker       [    387370], ret:          8 } hitcount:       7437
{ common_pid: mc-worker       [    387371], ret:          8 } hitcount:       9740
{ common_pid: mc-worker       [    387375], ret:          8 } hitcount:       9843
{ common_pid: mc-worker       [    387376], ret:          8 } hitcount:       9983
{ common_pid: mc-worker       [    387377], ret:          8 } hitcount:      10360
{ common_pid: mc-worker       [    387373], ret:          8 } hitcount:      10389
{ common_pid: mc-worker       [    387374], ret:          8 } hitcount:      10523
{ common_pid: mc-worker       [    387370], ret:          7 } hitcount:      11706
{ common_pid: mc-worker       [    387372], ret:          7 } hitcount:      11839
{ common_pid: mc-worker       [    387371], ret:          7 } hitcount:      14102
{ common_pid: mc-worker       [    387375], ret:          7 } hitcount:      14178
{ common_pid: mc-worker       [    387376], ret:          7 } hitcount:      14287
{ common_pid: mc-worker       [    387373], ret:          7 } hitcount:      14400
{ common_pid: mc-worker       [    387377], ret:          7 } hitcount:      14486
{ common_pid: mc-worker       [    387374], ret:          7 } hitcount:      14902
{ common_pid: mc-worker       [    387370], ret:          6 } hitcount:      16447
{ common_pid: mc-worker       [    387372], ret:          6 } hitcount:      16475
{ common_pid: mc-worker       [    387371], ret:          6 } hitcount:      17618
{ common_pid: mc-worker       [    387376], ret:          6 } hitcount:      17820
{ common_pid: mc-worker       [    387374], ret:          6 } hitcount:      17840
{ common_pid: mc-worker       [    387377], ret:          6 } hitcount:      17844
{ common_pid: mc-worker       [    387375], ret:          6 } hitcount:      17847
{ common_pid: mc-worker       [    387373], ret:          6 } hitcount:      17870
{ common_pid: mc-worker       [    387373], ret:          4 } hitcount:      19118
{ common_pid: mc-worker       [    387373], ret:          5 } hitcount:      19247
{ common_pid: mc-worker       [    387374], ret:          4 } hitcount:      19342
{ common_pid: mc-worker       [    387376], ret:          4 } hitcount:      19368
{ common_pid: mc-worker       [    387377], ret:          4 } hitcount:      19382
{ common_pid: mc-worker       [    387377], ret:          5 } hitcount:      19385
{ common_pid: mc-worker       [    387375], ret:          5 } hitcount:      19408
{ common_pid: mc-worker       [    387374], ret:          5 } hitcount:      19423
{ common_pid: mc-worker       [    387371], ret:          5 } hitcount:      19651
{ common_pid: mc-worker       [    387376], ret:          5 } hitcount:      19714
{ common_pid: mc-worker       [    387375], ret:          4 } hitcount:      19754
{ common_pid: mc-worker       [    387374], ret:          3 } hitcount:      19830
{ common_pid: mc-worker       [    387377], ret:          3 } hitcount:      19866
{ common_pid: mc-worker       [    387371], ret:          4 } hitcount:      19876
{ common_pid: mc-worker       [    387370], ret:          5 } hitcount:      19877
{ common_pid: mc-worker       [    387372], ret:          5 } hitcount:      19939
{ common_pid: mc-worker       [    387373], ret:          3 } hitcount:      19998
{ common_pid: mc-worker       [    387376], ret:          3 } hitcount:      20212
{ common_pid: mc-worker       [    387371], ret:          3 } hitcount:      20314
{ common_pid: mc-worker       [    387375], ret:          3 } hitcount:      20486
{ common_pid: mc-worker       [    387370], ret:          4 } hitcount:      21625
{ common_pid: mc-worker       [    387372], ret:          4 } hitcount:      22055
{ common_pid: mc-worker       [    387370], ret:          3 } hitcount:      22486
{ common_pid: mc-worker       [    387372], ret:          3 } hitcount:      22829
{ common_pid: mc-worker       [    387376], ret:          2 } hitcount:      27714
{ common_pid: mc-worker       [    387370], ret:          2 } hitcount:      27752
{ common_pid: mc-worker       [    387371], ret:          2 } hitcount:      27810
{ common_pid: mc-worker       [    387375], ret:          2 } hitcount:      27856
{ common_pid: mc-worker       [    387372], ret:          2 } hitcount:      27945
{ common_pid: mc-worker       [    387377], ret:          2 } hitcount:      28094
{ common_pid: mc-worker       [    387374], ret:          2 } hitcount:      28148
{ common_pid: mc-worker       [    387373], ret:          2 } hitcount:      28330
{ common_pid: mc-worker       [    387372], ret:          1 } hitcount:      57270
{ common_pid: mc-worker       [    387370], ret:          1 } hitcount:      57838
{ common_pid: mc-worker       [    387375], ret:          1 } hitcount:      59919
{ common_pid: mc-worker       [    387376], ret:          1 } hitcount:      60039
{ common_pid: mc-worker       [    387371], ret:          1 } hitcount:      60278
{ common_pid: mc-worker       [    387377], ret:          1 } hitcount:      60293
{ common_pid: mc-worker       [    387374], ret:          1 } hitcount:      61397
{ common_pid: mc-worker       [    387373], ret:          1 } hitcount:      61442
