{ common_pid: mc-worker       [    327600], ret:         15 } hitcount:          1
{ common_pid: mc-worker       [    327600], ret:         16 } hitcount:          1
{ common_pid: mc-worker       [    327598], ret:         64 } hitcount:          1
{ common_pid: mc-worker       [    327596], ret:        241 } hitcount:          1
{ common_pid: mc-worker       [    327598], ret:        503 } hitcount:          1
{ common_pid: mc-worker       [    327599], ret:         18 } hitcount:          1
{ common_pid: mc-worker       [    327595], ret:        493 } hitcount:          1
{ common_pid: mc-worker       [    327600], ret:        505 } hitcount:          1
{ common_pid: mc-worker       [    327594], ret:        510 } hitcount:          1
{ common_pid: mc-worker       [    327597], ret:         16 } hitcount:          1
{ common_pid: mc-worker       [    327597], ret:         58 } hitcount:          1
{ common_pid: mc-worker       [    327600], ret:         18 } hitcount:          1
{ common_pid: mc-worker       [    327595], ret:         26 } hitcount:          1
{ common_pid: mc-worker       [    327595], ret:         16 } hitcount:          1
{ common_pid: mc-worker       [    327599], ret:        511 } hitcount:          1
{ common_pid: mc-worker       [    327601], ret:         32 } hitcount:          1
{ common_pid: mc-worker       [    327601], ret:        482 } hitcount:          1
{ common_pid: mc-worker       [    327599], ret:         17 } hitcount:          1
{ common_pid: mc-worker       [    327595], ret:         17 } hitcount:          1
{ common_pid: mc-worker       [    327598], ret:         21 } hitcount:          1
{ common_pid: mc-worker       [    327594], ret:         15 } hitcount:          1
{ common_pid: mc-worker       [    327597], ret:        512 } hitcount:          1
{ common_pid: mc-worker       [    327596], ret:         17 } hitcount:          1
{ common_pid: mc-worker       [    327596], ret:        256 } hitcount:          1
{ common_pid: mc-worker       [    327594], ret:         32 } hitcount:          1
{ common_pid: mc-worker       [    327595], ret:         27 } hitcount:          1
{ common_pid: mc-worker       [    327599], ret:         21 } hitcount:          1
{ common_pid: mc-worker       [    327599], ret:         16 } hitcount:          2
{ common_pid: mc-worker       [    327597], ret:         17 } hitcount:          2
{ common_pid: mc-worker       [    327596], ret:         15 } hitcount:          2
{ common_pid: mc-worker       [    327595], ret:         15 } hitcount:          2
{ common_pid: mc-worker       [    327595], ret:         14 } hitcount:          3
{ common_pid: mc-worker       [    327601], ret:         14 } hitcount:          3
{ common_pid: mc-worker       [    327601], ret:         15 } hitcount:          4
{ common_pid: mc-worker       [    327597], ret:         15 } hitcount:          4
{ common_pid: mc-worker       [    327598], ret:         15 } hitcount:          4
{ common_pid: mc-worker       [    327599], ret:         15 } hitcount:          6
{ common_pid: mc-worker       [    327600], ret:         14 } hitcount:          6
{ common_pid: mc-worker       [    327594], ret:         14 } hitcount:          8
{ common_pid: mc-worker       [    327599], ret:         14 } hitcount:          9
{ common_pid: mc-worker       [    327601], ret:         13 } hitcount:         11
{ common_pid: mc-worker       [    327598], ret:         14 } hitcount:         12
{ common_pid: mc-worker       [    327596], ret:         13 } hitcount:         12
{ common_pid: mc-worker       [    327595], ret:         13 } hitcount:         15
{ common_pid: mc-worker       [    327597], ret:         14 } hitcount:         17
{ common_pid: mc-worker       [    327600], ret:         13 } hitcount:         17
{ common_pid: mc-worker       [    327596], ret:         12 } hitcount:         23
{ common_pid: mc-worker       [    327594], ret:         13 } hitcount:         29
{ common_pid: mc-worker       [    327599], ret:         13 } hitcount:         35
{ common_pid: mc-worker       [    327598], ret:         13 } hitcount:         42
{ common_pid: mc-worker       [    327600], ret:         12 } hitcount:         49
{ common_pid: mc-worker       [    327595], ret:         12 } hitcount:         51
{ common_pid: mc-worker       [    327601], ret:         12 } hitcount:         53
{ common_pid: mc-worker       [    327597], ret:         13 } hitcount:         60
{ common_pid: mc-worker       [    327594], ret:         12 } hitcount:         78
{ common_pid: mc-worker       [    327598], ret:         12 } hitcount:         98
{ common_pid: mc-worker       [    327599], ret:         12 } hitcount:        104
{ common_pid: mc-worker       [    327597], ret:         12 } hitcount:        115
{ common_pid: mc-worker       [    327601], ret:         11 } hitcount:        116
{ common_pid: mc-worker       [    327596], ret:         11 } hitcount:        124
{ common_pid: mc-worker       [    327595], ret:         11 } hitcount:        157
{ common_pid: mc-worker       [    327600], ret:         11 } hitcount:        158
{ common_pid: mc-worker       [    327594], ret:         11 } hitcount:        243
{ common_pid: mc-worker       [    327599], ret:         11 } hitcount:        247
{ common_pid: mc-worker       [    327598], ret:         11 } hitcount:        258
{ common_pid: mc-worker       [    327597], ret:         11 } hitcount:        307
{ common_pid: mc-worker       [    327596], ret:         10 } hitcount:        328
{ common_pid: mc-worker       [    327601], ret:         10 } hitcount:        352
{ common_pid: mc-worker       [    327600], ret:         10 } hitcount:        430
{ common_pid: mc-worker       [    327595], ret:         10 } hitcount:        484
{ common_pid: mc-worker       [    327599], ret:         10 } hitcount:        656
{ common_pid: mc-worker       [    327594], ret:         10 } hitcount:        662
{ common_pid: mc-worker       [    327598], ret:         10 } hitcount:        740
{ common_pid: mc-worker       [    327597], ret:         10 } hitcount:        811
{ common_pid: mc-worker       [    327596], ret:          9 } hitcount:       1042
{ common_pid: mc-worker       [    327601], ret:          9 } hitcount:       1058
{ common_pid: mc-worker       [    327600], ret:          9 } hitcount:       1251
{ common_pid: mc-worker       [    327595], ret:          9 } hitcount:       1327
{ common_pid: mc-worker       [    327594], ret:          9 } hitcount:       1740
{ common_pid: mc-worker       [    327599], ret:          9 } hitcount:       1776
{ common_pid: mc-worker       [    327598], ret:          9 } hitcount:       1798
{ common_pid: mc-worker       [    327597], ret:          9 } hitcount:       2167
{ common_pid: mc-worker       [    327596], ret:          8 } hitcount:       2712
{ common_pid: mc-worker       [    327601], ret:          8 } hitcount:       2780
{ common_pid: mc-worker       [    327600], ret:          8 } hitcount:       3107
{ common_pid: mc-worker       [    327595], ret:          8 } hitcount:       3163
{ common_pid: mc-worker       [    327594], ret:          8 } hitcount:       4188
{ common_pid: mc-worker       [    327599], ret:          8 } hitcount:       4391
{ common_pid: mc-worker       [    327598], ret:          8 } hitcount:       4415
{ common_pid: mc-worker       [    327597], ret:          8 } hitcount:       4926
{ common_pid: mc-worker       [    327596], ret:          7 } hitcount:       6161
{ common_pid: mc-worker       [    327601], ret:          7 } hitcount:       6171
{ common_pid: mc-worker       [    327600], ret:          7 } hitcount:       6890
{ common_pid: mc-worker       [    327595], ret:          7 } hitcount:       7105
{ common_pid: mc-worker       [    327594], ret:          7 } hitcount:       8985
{ common_pid: mc-worker       [    327599], ret:          7 } hitcount:       9206
{ common_pid: mc-worker       [    327598], ret:          7 } hitcount:       9551
{ common_pid: mc-worker       [    327597], ret:          7 } hitcount:      10563
{ common_pid: mc-worker       [    327601], ret:          6 } hitcount:      13294
{ common_pid: mc-worker       [    327596], ret:          6 } hitcount:      13386
{ common_pid: mc-worker       [    327600], ret:          6 } hitcount:      14690
{ common_pid: mc-worker       [    327595], ret:          6 } hitcount:      14852
{ common_pid: mc-worker       [    327594], ret:          6 } hitcount:      17987
{ common_pid: mc-worker       [    327599], ret:          6 } hitcount:      18306
{ common_pid: mc-worker       [    327598], ret:          6 } hitcount:      18733
{ common_pid: mc-worker       [    327597], ret:          6 } hitcount:      20248
{ common_pid: mc-worker       [    327601], ret:          5 } hitcount:      27689
{ common_pid: mc-worker       [    327596], ret:          5 } hitcount:      29102
{ common_pid: mc-worker       [    327600], ret:          5 } hitcount:      30504
{ common_pid: mc-worker       [    327595], ret:          5 } hitcount:      30770
{ common_pid: mc-worker       [    327594], ret:          5 } hitcount:      35465
{ common_pid: mc-worker       [    327598], ret:          5 } hitcount:      35639
{ common_pid: mc-worker       [    327599], ret:          5 } hitcount:      36049
{ common_pid: mc-worker       [    327597], ret:          5 } hitcount:      38328
{ common_pid: mc-worker       [    327601], ret:          4 } hitcount:      60777
{ common_pid: mc-worker       [    327596], ret:          4 } hitcount:      62867
{ common_pid: mc-worker       [    327595], ret:          4 } hitcount:      65109
{ common_pid: mc-worker       [    327600], ret:          4 } hitcount:      65581
{ common_pid: mc-worker       [    327594], ret:          4 } hitcount:      69933
{ common_pid: mc-worker       [    327598], ret:          4 } hitcount:      70037
{ common_pid: mc-worker       [    327599], ret:          4 } hitcount:      72005
{ common_pid: mc-worker       [    327597], ret:          4 } hitcount:      73273
{ common_pid: mc-worker       [    327596], ret:          3 } hitcount:     120858
{ common_pid: mc-worker       [    327601], ret:          3 } hitcount:     124556
{ common_pid: mc-worker       [    327594], ret:          3 } hitcount:     125083
{ common_pid: mc-worker       [    327600], ret:          3 } hitcount:     125210
{ common_pid: mc-worker       [    327595], ret:          3 } hitcount:     125778
{ common_pid: mc-worker       [    327599], ret:          3 } hitcount:     127515
{ common_pid: mc-worker       [    327599], ret:          1 } hitcount:     128538
{ common_pid: mc-worker       [    327597], ret:          3 } hitcount:     128666
{ common_pid: mc-worker       [    327598], ret:          3 } hitcount:     129396
{ common_pid: mc-worker       [    327597], ret:          1 } hitcount:     129836
{ common_pid: mc-worker       [    327594], ret:          1 } hitcount:     131139
{ common_pid: mc-worker       [    327598], ret:          1 } hitcount:     141504
{ common_pid: mc-worker       [    327600], ret:          1 } hitcount:     146326
{ common_pid: mc-worker       [    327596], ret:          1 } hitcount:     149066
{ common_pid: mc-worker       [    327601], ret:          1 } hitcount:     150929
{ common_pid: mc-worker       [    327595], ret:          1 } hitcount:     152905
{ common_pid: mc-worker       [    327599], ret:          2 } hitcount:     161241
{ common_pid: mc-worker       [    327594], ret:          2 } hitcount:     162603
{ common_pid: mc-worker       [    327597], ret:          2 } hitcount:     164092
{ common_pid: mc-worker       [    327596], ret:          2 } hitcount:     169696
{ common_pid: mc-worker       [    327600], ret:          2 } hitcount:     171751
{ common_pid: mc-worker       [    327598], ret:          2 } hitcount:     175198
{ common_pid: mc-worker       [    327595], ret:          2 } hitcount:     176346
{ common_pid: mc-worker       [    327601], ret:          2 } hitcount:     179089
