{ common_pid: mc-worker       [    360306], ret:         91 } hitcount:          1
{ common_pid: mc-worker       [    360308], ret:         82 } hitcount:          1
{ common_pid: mc-worker       [    360305], ret:         59 } hitcount:          1
{ common_pid: mc-worker       [    360308], ret:         50 } hitcount:          1
{ common_pid: mc-worker       [    360311], ret:        109 } hitcount:          1
{ common_pid: mc-worker       [    360309], ret:         34 } hitcount:          1
{ common_pid: mc-worker       [    360312], ret:         75 } hitcount:          1
{ common_pid: mc-worker       [    360309], ret:         37 } hitcount:          1
{ common_pid: mc-worker       [    360309], ret:         41 } hitcount:          1
{ common_pid: mc-worker       [    360311], ret:         68 } hitcount:          1
{ common_pid: mc-worker       [    360312], ret:         66 } hitcount:          1
{ common_pid: mc-worker       [    360305], ret:         69 } hitcount:          1
{ common_pid: mc-worker       [    360311], ret:         61 } hitcount:          1
{ common_pid: mc-worker       [    360311], ret:         70 } hitcount:          1
{ common_pid: mc-worker       [    360310], ret:         58 } hitcount:          1
{ common_pid: mc-worker       [    360311], ret:         85 } hitcount:          1
{ common_pid: mc-worker       [    360312], ret:        120 } hitcount:          1
{ common_pid: mc-worker       [    360306], ret:         50 } hitcount:          1
{ common_pid: mc-worker       [    360309], ret:         57 } hitcount:          1
{ common_pid: mc-worker       [    360311], ret:         40 } hitcount:          1
{ common_pid: mc-worker       [    360311], ret:        115 } hitcount:          1
{ common_pid: mc-worker       [    360309], ret:        118 } hitcount:          1
{ common_pid: mc-worker       [    360306], ret:         30 } hitcount:          1
{ common_pid: mc-worker       [    360305], ret:         72 } hitcount:          1
{ common_pid: mc-worker       [    360309], ret:         32 } hitcount:          1
{ common_pid: mc-worker       [    360308], ret:        120 } hitcount:          1
{ common_pid: mc-worker       [    360305], ret:         66 } hitcount:          1
{ common_pid: mc-worker       [    360311], ret:         42 } hitcount:          1
{ common_pid: mc-worker       [    360306], ret:         71 } hitcount:          1
{ common_pid: mc-worker       [    360309], ret:        127 } hitcount:          1
{ common_pid: mc-worker       [    360312], ret:         72 } hitcount:          1
{ common_pid: mc-worker       [    360307], ret:         56 } hitcount:          1
{ common_pid: mc-worker       [    360307], ret:         68 } hitcount:          1
{ common_pid: mc-worker       [    360312], ret:         44 } hitcount:          1
{ common_pid: mc-worker       [    360307], ret:         42 } hitcount:          1
{ common_pid: mc-worker       [    360312], ret:         94 } hitcount:          1
{ common_pid: mc-worker       [    360310], ret:         95 } hitcount:          1
{ common_pid: mc-worker       [    360311], ret:         54 } hitcount:          1
{ common_pid: mc-worker       [    360306], ret:         51 } hitcount:          1
{ common_pid: mc-worker       [    360312], ret:         33 } hitcount:          1
{ common_pid: mc-worker       [    360306], ret:         32 } hitcount:          1
{ common_pid: mc-worker       [    360311], ret:         66 } hitcount:          1
{ common_pid: mc-worker       [    360306], ret:         37 } hitcount:          1
{ common_pid: mc-worker       [    360309], ret:         50 } hitcount:          1
{ common_pid: mc-worker       [    360308], ret:         98 } hitcount:          1
{ common_pid: mc-worker       [    360307], ret:         76 } hitcount:          1
{ common_pid: mc-worker       [    360306], ret:         66 } hitcount:          1
{ common_pid: mc-worker       [    360306], ret:        102 } hitcount:          1
{ common_pid: mc-worker       [    360306], ret:        117 } hitcount:          1
{ common_pid: mc-worker       [    360310], ret:         28 } hitcount:          1
{ common_pid: mc-worker       [    360306], ret:        127 } hitcount:          1
{ common_pid: mc-worker       [    360305], ret:        100 } hitcount:          1
{ common_pid: mc-worker       [    360312], ret:         70 } hitcount:          1
{ common_pid: mc-worker       [    360312], ret:        123 } hitcount:          1
{ common_pid: mc-worker       [    360308], ret:        127 } hitcount:          1
{ common_pid: mc-worker       [    360310], ret:         69 } hitcount:          1
{ common_pid: mc-worker       [    360307], ret:        101 } hitcount:          1
{ common_pid: mc-worker       [    360309], ret:         38 } hitcount:          1
{ common_pid: mc-worker       [    360307], ret:         52 } hitcount:          1
{ common_pid: mc-worker       [    360310], ret:         32 } hitcount:          1
{ common_pid: mc-worker       [    360307], ret:        118 } hitcount:          1
{ common_pid: mc-worker       [    360310], ret:         37 } hitcount:          1
{ common_pid: mc-worker       [    360308], ret:         29 } hitcount:          1
{ common_pid: mc-worker       [    360307], ret:        114 } hitcount:          1
{ common_pid: mc-worker       [    360312], ret:        126 } hitcount:          1
{ common_pid: mc-worker       [    360312], ret:         47 } hitcount:          1
{ common_pid: mc-worker       [    360308], ret:         73 } hitcount:          1
{ common_pid: mc-worker       [    360307], ret:         40 } hitcount:          1
{ common_pid: mc-worker       [    360306], ret:         74 } hitcount:          1
{ common_pid: mc-worker       [    360305], ret:         73 } hitcount:          1
{ common_pid: mc-worker       [    360311], ret:         69 } hitcount:          1
{ common_pid: mc-worker       [    360307], ret:         67 } hitcount:          1
{ common_pid: mc-worker       [    360309], ret:        115 } hitcount:          1
{ common_pid: mc-worker       [    360312], ret:         39 } hitcount:          1
{ common_pid: mc-worker       [    360310], ret:         91 } hitcount:          1
{ common_pid: mc-worker       [    360312], ret:         42 } hitcount:          1
{ common_pid: mc-worker       [    360306], ret:         53 } hitcount:          1
{ common_pid: mc-worker       [    360305], ret:        119 } hitcount:          1
{ common_pid: mc-worker       [    360310], ret:         62 } hitcount:          1
{ common_pid: mc-worker       [    360312], ret:        118 } hitcount:          1
{ common_pid: mc-worker       [    360312], ret:         40 } hitcount:          1
{ common_pid: mc-worker       [    360306], ret:         65 } hitcount:          1
{ common_pid: mc-worker       [    360309], ret:         79 } hitcount:          1
{ common_pid: mc-worker       [    360307], ret:        112 } hitcount:          1
{ common_pid: mc-worker       [    360306], ret:        126 } hitcount:          1
{ common_pid: mc-worker       [    360305], ret:         44 } hitcount:          1
{ common_pid: mc-worker       [    360311], ret:        110 } hitcount:          1
{ common_pid: mc-worker       [    360305], ret:         52 } hitcount:          1
{ common_pid: mc-worker       [    360306], ret:         70 } hitcount:          1
{ common_pid: mc-worker       [    360311], ret:         73 } hitcount:          1
{ common_pid: mc-worker       [    360307], ret:        127 } hitcount:          1
{ common_pid: mc-worker       [    360308], ret:         47 } hitcount:          1
{ common_pid: mc-worker       [    360308], ret:         68 } hitcount:          1
{ common_pid: mc-worker       [    360312], ret:        116 } hitcount:          1
{ common_pid: mc-worker       [    360308], ret:        123 } hitcount:          1
{ common_pid: mc-worker       [    360311], ret:         57 } hitcount:          1
{ common_pid: mc-worker       [    360310], ret:         68 } hitcount:          1
{ common_pid: mc-worker       [    360306], ret:         69 } hitcount:          1
{ common_pid: mc-worker       [    360312], ret:         34 } hitcount:          1
{ common_pid: mc-worker       [    360311], ret:         48 } hitcount:          1
{ common_pid: mc-worker       [    360305], ret:         67 } hitcount:          1
{ common_pid: mc-worker       [    360305], ret:         61 } hitcount:          1
{ common_pid: mc-worker       [    360311], ret:         47 } hitcount:          1
{ common_pid: mc-worker       [    360306], ret:         67 } hitcount:          1
{ common_pid: mc-worker       [    360305], ret:        123 } hitcount:          1
{ common_pid: mc-worker       [    360307], ret:         63 } hitcount:          1
{ common_pid: mc-worker       [    360305], ret:         53 } hitcount:          1
{ common_pid: mc-worker       [    360309], ret:         58 } hitcount:          1
{ common_pid: mc-worker       [    360306], ret:         58 } hitcount:          1
{ common_pid: mc-worker       [    360312], ret:        125 } hitcount:          1
{ common_pid: mc-worker       [    360311], ret:         74 } hitcount:          1
{ common_pid: mc-worker       [    360307], ret:         65 } hitcount:          1
{ common_pid: mc-worker       [    360305], ret:         78 } hitcount:          1
{ common_pid: mc-worker       [    360309], ret:         44 } hitcount:          1
{ common_pid: mc-worker       [    360308], ret:         35 } hitcount:          1
{ common_pid: mc-worker       [    360308], ret:         64 } hitcount:          1
{ common_pid: mc-worker       [    360309], ret:         30 } hitcount:          2
{ common_pid: mc-worker       [    360310], ret:        121 } hitcount:          2
{ common_pid: mc-worker       [    360308], ret:         67 } hitcount:          2
{ common_pid: mc-worker       [    360309], ret:         61 } hitcount:          2
{ common_pid: mc-worker       [    360308], ret:         54 } hitcount:          2
{ common_pid: mc-worker       [    360306], ret:         60 } hitcount:          2
{ common_pid: mc-worker       [    360312], ret:        124 } hitcount:          2
{ common_pid: mc-worker       [    360312], ret:         65 } hitcount:          2
{ common_pid: mc-worker       [    360312], ret:         51 } hitcount:          2
{ common_pid: mc-worker       [    360311], ret:         65 } hitcount:          2
{ common_pid: mc-worker       [    360305], ret:         71 } hitcount:          2
{ common_pid: mc-worker       [    360311], ret:         63 } hitcount:          2
{ common_pid: mc-worker       [    360307], ret:         66 } hitcount:          2
{ common_pid: mc-worker       [    360309], ret:         66 } hitcount:          2
{ common_pid: mc-worker       [    360310], ret:        128 } hitcount:          2
{ common_pid: mc-worker       [    360312], ret:         35 } hitcount:          2
{ common_pid: mc-worker       [    360307], ret:         64 } hitcount:          2
{ common_pid: mc-worker       [    360308], ret:         55 } hitcount:          2
{ common_pid: mc-worker       [    360310], ret:         55 } hitcount:          2
{ common_pid: mc-worker       [    360307], ret:         39 } hitcount:          2
{ common_pid: mc-worker       [    360312], ret:         27 } hitcount:          2
{ common_pid: mc-worker       [    360307], ret:         49 } hitcount:          2
{ common_pid: mc-worker       [    360311], ret:         64 } hitcount:          2
{ common_pid: mc-worker       [    360305], ret:         68 } hitcount:          2
{ common_pid: mc-worker       [    360312], ret:         46 } hitcount:          2
{ common_pid: mc-worker       [    360310], ret:         36 } hitcount:          2
{ common_pid: mc-worker       [    360312], ret:         71 } hitcount:          2
{ common_pid: mc-worker       [    360311], ret:         67 } hitcount:          2
{ common_pid: mc-worker       [    360308], ret:         70 } hitcount:          2
{ common_pid: mc-worker       [    360307], ret:         59 } hitcount:          2
{ common_pid: mc-worker       [    360309], ret:         62 } hitcount:          2
{ common_pid: mc-worker       [    360310], ret:         66 } hitcount:          2
{ common_pid: mc-worker       [    360311], ret:         50 } hitcount:          2
{ common_pid: mc-worker       [    360305], ret:         65 } hitcount:          2
{ common_pid: mc-worker       [    360312], ret:         41 } hitcount:          2
{ common_pid: mc-worker       [    360310], ret:         65 } hitcount:          2
{ common_pid: mc-worker       [    360307], ret:         58 } hitcount:          2
{ common_pid: mc-worker       [    360312], ret:         28 } hitcount:          2
{ common_pid: mc-worker       [    360306], ret:         33 } hitcount:          2
{ common_pid: mc-worker       [    360306], ret:        128 } hitcount:          2
{ common_pid: mc-worker       [    360311], ret:         43 } hitcount:          2
{ common_pid: mc-worker       [    360308], ret:         60 } hitcount:          2
{ common_pid: mc-worker       [    360310], ret:         54 } hitcount:          2
{ common_pid: mc-worker       [    360305], ret:         57 } hitcount:          2
{ common_pid: mc-worker       [    360309], ret:         60 } hitcount:          2
{ common_pid: mc-worker       [    360305], ret:         39 } hitcount:          2
{ common_pid: mc-worker       [    360312], ret:         68 } hitcount:          2
{ common_pid: mc-worker       [    360307], ret:         41 } hitcount:          2
{ common_pid: mc-worker       [    360311], ret:         71 } hitcount:          2
{ common_pid: mc-worker       [    360309], ret:         35 } hitcount:          2
{ common_pid: mc-worker       [    360306], ret:         39 } hitcount:          2
{ common_pid: mc-worker       [    360305], ret:         46 } hitcount:          2
{ common_pid: mc-worker       [    360307], ret:         60 } hitcount:          2
{ common_pid: mc-worker       [    360309], ret:         31 } hitcount:          2
{ common_pid: mc-worker       [    360311], ret:         59 } hitcount:          2
{ common_pid: mc-worker       [    360306], ret:         63 } hitcount:          2
{ common_pid: mc-worker       [    360306], ret:         59 } hitcount:          2
{ common_pid: mc-worker       [    360309], ret:         49 } hitcount:          2
{ common_pid: mc-worker       [    360306], ret:         61 } hitcount:          2
{ common_pid: mc-worker       [    360305], ret:         38 } hitcount:          2
{ common_pid: mc-worker       [    360308], ret:         28 } hitcount:          2
{ common_pid: mc-worker       [    360308], ret:         57 } hitcount:          2
{ common_pid: mc-worker       [    360309], ret:         51 } hitcount:          2
{ common_pid: mc-worker       [    360310], ret:         60 } hitcount:          3
{ common_pid: mc-worker       [    360308], ret:         58 } hitcount:          3
{ common_pid: mc-worker       [    360312], ret:         32 } hitcount:          3
{ common_pid: mc-worker       [    360307], ret:         36 } hitcount:          3
{ common_pid: mc-worker       [    360312], ret:         30 } hitcount:          3
{ common_pid: mc-worker       [    360305], ret:         58 } hitcount:          3
{ common_pid: mc-worker       [    360310], ret:        127 } hitcount:          3
{ common_pid: mc-worker       [    360305], ret:         63 } hitcount:          3
{ common_pid: mc-worker       [    360305], ret:        128 } hitcount:          3
{ common_pid: mc-worker       [    360305], ret:         60 } hitcount:          3
{ common_pid: mc-worker       [    360308], ret:         61 } hitcount:          3
{ common_pid: mc-worker       [    360312], ret:         53 } hitcount:          3
{ common_pid: mc-worker       [    360308], ret:         62 } hitcount:          3
{ common_pid: mc-worker       [    360312], ret:         29 } hitcount:          3
{ common_pid: mc-worker       [    360307], ret:         37 } hitcount:          3
{ common_pid: mc-worker       [    360310], ret:         64 } hitcount:          3
{ common_pid: mc-worker       [    360312], ret:         54 } hitcount:          3
{ common_pid: mc-worker       [    360307], ret:        128 } hitcount:          3
{ common_pid: mc-worker       [    360308], ret:         27 } hitcount:          3
{ common_pid: mc-worker       [    360311], ret:        128 } hitcount:          3
{ common_pid: mc-worker       [    360312], ret:         61 } hitcount:          3
{ common_pid: mc-worker       [    360305], ret:         41 } hitcount:          3
{ common_pid: mc-worker       [    360306], ret:         64 } hitcount:          3
{ common_pid: mc-worker       [    360312], ret:         64 } hitcount:          3
{ common_pid: mc-worker       [    360308], ret:         66 } hitcount:          3
{ common_pid: mc-worker       [    360306], ret:         62 } hitcount:          3
{ common_pid: mc-worker       [    360308], ret:         63 } hitcount:          3
{ common_pid: mc-worker       [    360308], ret:         26 } hitcount:          3
{ common_pid: mc-worker       [    360312], ret:         56 } hitcount:          3
{ common_pid: mc-worker       [    360305], ret:         64 } hitcount:          3
{ common_pid: mc-worker       [    360309], ret:         67 } hitcount:          3
{ common_pid: mc-worker       [    360310], ret:         63 } hitcount:          3
{ common_pid: mc-worker       [    360312], ret:         36 } hitcount:          3
{ common_pid: mc-worker       [    360307], ret:         69 } hitcount:          3
{ common_pid: mc-worker       [    360310], ret:         57 } hitcount:          3
{ common_pid: mc-worker       [    360305], ret:         62 } hitcount:          3
{ common_pid: mc-worker       [    360308], ret:         65 } hitcount:          3
{ common_pid: mc-worker       [    360307], ret:         61 } hitcount:          3
{ common_pid: mc-worker       [    360311], ret:         49 } hitcount:          3
{ common_pid: mc-worker       [    360311], ret:         60 } hitcount:          4
{ common_pid: mc-worker       [    360310], ret:         23 } hitcount:          4
{ common_pid: mc-worker       [    360311], ret:         39 } hitcount:          4
{ common_pid: mc-worker       [    360312], ret:         63 } hitcount:          4
{ common_pid: mc-worker       [    360307], ret:         62 } hitcount:          4
{ common_pid: mc-worker       [    360308], ret:        128 } hitcount:          4
{ common_pid: mc-worker       [    360310], ret:         67 } hitcount:          4
{ common_pid: mc-worker       [    360309], ret:         28 } hitcount:          4
{ common_pid: mc-worker       [    360307], ret:         38 } hitcount:          4
{ common_pid: mc-worker       [    360312], ret:         48 } hitcount:          4
{ common_pid: mc-worker       [    360310], ret:         61 } hitcount:          4
{ common_pid: mc-worker       [    360308], ret:         59 } hitcount:          4
{ common_pid: mc-worker       [    360310], ret:         59 } hitcount:          4
{ common_pid: mc-worker       [    360312], ret:         67 } hitcount:          4
{ common_pid: mc-worker       [    360310], ret:         24 } hitcount:          4
{ common_pid: mc-worker       [    360307], ret:         34 } hitcount:          4
{ common_pid: mc-worker       [    360312], ret:         52 } hitcount:          4
{ common_pid: mc-worker       [    360311], ret:         41 } hitcount:          5
{ common_pid: mc-worker       [    360309], ret:         27 } hitcount:          5
{ common_pid: mc-worker       [    360311], ret:         38 } hitcount:          5
{ common_pid: mc-worker       [    360312], ret:        128 } hitcount:          5
{ common_pid: mc-worker       [    360310], ret:         25 } hitcount:          5
{ common_pid: mc-worker       [    360306], ret:         31 } hitcount:          5
{ common_pid: mc-worker       [    360312], ret:         59 } hitcount:          5
{ common_pid: mc-worker       [    360312], ret:         60 } hitcount:          5
{ common_pid: mc-worker       [    360311], ret:         62 } hitcount:          6
{ common_pid: mc-worker       [    360312], ret:         62 } hitcount:          6
{ common_pid: mc-worker       [    360312], ret:         26 } hitcount:          6
{ common_pid: mc-worker       [    360309], ret:         29 } hitcount:          6
{ common_pid: mc-worker       [    360312], ret:         55 } hitcount:          6
{ common_pid: mc-worker       [    360310], ret:         21 } hitcount:          7
{ common_pid: mc-worker       [    360306], ret:         28 } hitcount:          7
{ common_pid: mc-worker       [    360307], ret:         35 } hitcount:          7
{ common_pid: mc-worker       [    360306], ret:         29 } hitcount:          7
{ common_pid: mc-worker       [    360309], ret:         26 } hitcount:          7
{ common_pid: mc-worker       [    360308], ret:         23 } hitcount:          7
{ common_pid: mc-worker       [    360312], ret:         57 } hitcount:          8
{ common_pid: mc-worker       [    360308], ret:         25 } hitcount:          8
{ common_pid: mc-worker       [    360307], ret:         33 } hitcount:          8
{ common_pid: mc-worker       [    360311], ret:         37 } hitcount:          8
{ common_pid: mc-worker       [    360309], ret:         25 } hitcount:          9
{ common_pid: mc-worker       [    360308], ret:         24 } hitcount:         10
{ common_pid: mc-worker       [    360307], ret:         30 } hitcount:         10
{ common_pid: mc-worker       [    360312], ret:         24 } hitcount:         11
{ common_pid: mc-worker       [    360312], ret:         58 } hitcount:         11
{ common_pid: mc-worker       [    360305], ret:         36 } hitcount:         11
{ common_pid: mc-worker       [    360307], ret:         32 } hitcount:         11
{ common_pid: mc-worker       [    360305], ret:         37 } hitcount:         11
{ common_pid: mc-worker       [    360310], ret:         22 } hitcount:         12
{ common_pid: mc-worker       [    360305], ret:         35 } hitcount:         12
{ common_pid: mc-worker       [    360311], ret:         35 } hitcount:         12
{ common_pid: mc-worker       [    360307], ret:         31 } hitcount:         13
{ common_pid: mc-worker       [    360309], ret:         23 } hitcount:         13
{ common_pid: mc-worker       [    360312], ret:         25 } hitcount:         13
{ common_pid: mc-worker       [    360306], ret:         26 } hitcount:         15
{ common_pid: mc-worker       [    360306], ret:         27 } hitcount:         15
{ common_pid: mc-worker       [    360311], ret:         36 } hitcount:         16
{ common_pid: mc-worker       [    360305], ret:         34 } hitcount:         17
{ common_pid: mc-worker       [    360308], ret:         22 } hitcount:         17
{ common_pid: mc-worker       [    360305], ret:         32 } hitcount:         18
{ common_pid: mc-worker       [    360309], ret:         24 } hitcount:         18
{ common_pid: mc-worker       [    360311], ret:         34 } hitcount:         19
{ common_pid: mc-worker       [    360310], ret:         20 } hitcount:         19
{ common_pid: mc-worker       [    360309], ret:         22 } hitcount:         21
{ common_pid: mc-worker       [    360305], ret:         33 } hitcount:         25
{ common_pid: mc-worker       [    360307], ret:         29 } hitcount:         25
{ common_pid: mc-worker       [    360312], ret:         23 } hitcount:         27
{ common_pid: mc-worker       [    360310], ret:         19 } hitcount:         27
{ common_pid: mc-worker       [    360311], ret:         33 } hitcount:         28
{ common_pid: mc-worker       [    360312], ret:         22 } hitcount:         28
{ common_pid: mc-worker       [    360305], ret:         31 } hitcount:         29
{ common_pid: mc-worker       [    360308], ret:         21 } hitcount:         29
{ common_pid: mc-worker       [    360306], ret:         25 } hitcount:         32
{ common_pid: mc-worker       [    360311], ret:         32 } hitcount:         34
{ common_pid: mc-worker       [    360306], ret:         24 } hitcount:         34
{ common_pid: mc-worker       [    360305], ret:         30 } hitcount:         36
{ common_pid: mc-worker       [    360312], ret:         21 } hitcount:         38
{ common_pid: mc-worker       [    360309], ret:         21 } hitcount:         46
{ common_pid: mc-worker       [    360307], ret:         28 } hitcount:         50
{ common_pid: mc-worker       [    360306], ret:         23 } hitcount:         52
{ common_pid: mc-worker       [    360308], ret:         20 } hitcount:         53
{ common_pid: mc-worker       [    360311], ret:         30 } hitcount:         54
{ common_pid: mc-worker       [    360307], ret:         27 } hitcount:         55
{ common_pid: mc-worker       [    360309], ret:         20 } hitcount:         57
{ common_pid: mc-worker       [    360311], ret:         31 } hitcount:         58
{ common_pid: mc-worker       [    360305], ret:         29 } hitcount:         63
{ common_pid: mc-worker       [    360310], ret:         18 } hitcount:         64
{ common_pid: mc-worker       [    360311], ret:         29 } hitcount:         67
{ common_pid: mc-worker       [    360305], ret:         28 } hitcount:         69
{ common_pid: mc-worker       [    360310], ret:         17 } hitcount:         78
{ common_pid: mc-worker       [    360307], ret:         26 } hitcount:         78
{ common_pid: mc-worker       [    360306], ret:         22 } hitcount:         78
{ common_pid: mc-worker       [    360308], ret:         19 } hitcount:         78
{ common_pid: mc-worker       [    360312], ret:         20 } hitcount:         80
{ common_pid: mc-worker       [    360309], ret:         19 } hitcount:         80
{ common_pid: mc-worker       [    360305], ret:         27 } hitcount:         83
{ common_pid: mc-worker       [    360307], ret:         25 } hitcount:         96
{ common_pid: mc-worker       [    360306], ret:         21 } hitcount:        100
{ common_pid: mc-worker       [    360312], ret:         19 } hitcount:        104
{ common_pid: mc-worker       [    360305], ret:         26 } hitcount:        112
{ common_pid: mc-worker       [    360311], ret:         28 } hitcount:        114
{ common_pid: mc-worker       [    360310], ret:         16 } hitcount:        115
{ common_pid: mc-worker       [    360311], ret:         27 } hitcount:        117
{ common_pid: mc-worker       [    360308], ret:         18 } hitcount:        120
{ common_pid: mc-worker       [    360309], ret:         18 } hitcount:        120
{ common_pid: mc-worker       [    360312], ret:         18 } hitcount:        127
{ common_pid: mc-worker       [    360307], ret:         24 } hitcount:        134
{ common_pid: mc-worker       [    360305], ret:         25 } hitcount:        144
{ common_pid: mc-worker       [    360311], ret:         26 } hitcount:        146
{ common_pid: mc-worker       [    360308], ret:         17 } hitcount:        153
{ common_pid: mc-worker       [    360306], ret:         20 } hitcount:        180
{ common_pid: mc-worker       [    360307], ret:         23 } hitcount:        185
{ common_pid: mc-worker       [    360310], ret:         15 } hitcount:        189
{ common_pid: mc-worker       [    360311], ret:         25 } hitcount:        197
{ common_pid: mc-worker       [    360305], ret:         24 } hitcount:        203
{ common_pid: mc-worker       [    360309], ret:         17 } hitcount:        208
{ common_pid: mc-worker       [    360305], ret:         23 } hitcount:        219
{ common_pid: mc-worker       [    360306], ret:         19 } hitcount:        222
{ common_pid: mc-worker       [    360312], ret:         17 } hitcount:        237
{ common_pid: mc-worker       [    360307], ret:         22 } hitcount:        256
{ common_pid: mc-worker       [    360308], ret:         16 } hitcount:        262
{ common_pid: mc-worker       [    360311], ret:         24 } hitcount:        291
{ common_pid: mc-worker       [    360309], ret:         16 } hitcount:        294
{ common_pid: mc-worker       [    360307], ret:         21 } hitcount:        311
{ common_pid: mc-worker       [    360310], ret:         14 } hitcount:        316
{ common_pid: mc-worker       [    360305], ret:         22 } hitcount:        321
{ common_pid: mc-worker       [    360311], ret:         23 } hitcount:        341
{ common_pid: mc-worker       [    360306], ret:         18 } hitcount:        346
{ common_pid: mc-worker       [    360312], ret:         16 } hitcount:        363
{ common_pid: mc-worker       [    360308], ret:         15 } hitcount:        376
{ common_pid: mc-worker       [    360305], ret:         21 } hitcount:        383
{ common_pid: mc-worker       [    360307], ret:         20 } hitcount:        410
{ common_pid: mc-worker       [    360311], ret:         22 } hitcount:        461
{ common_pid: mc-worker       [    360309], ret:         15 } hitcount:        485
{ common_pid: mc-worker       [    360312], ret:         15 } hitcount:        522
{ common_pid: mc-worker       [    360310], ret:         13 } hitcount:        540
{ common_pid: mc-worker       [    360305], ret:         20 } hitcount:        549
{ common_pid: mc-worker       [    360307], ret:         19 } hitcount:        552
{ common_pid: mc-worker       [    360306], ret:         17 } hitcount:        561
{ common_pid: mc-worker       [    360311], ret:         21 } hitcount:        587
{ common_pid: mc-worker       [    360308], ret:         14 } hitcount:        628
{ common_pid: mc-worker       [    360309], ret:         14 } hitcount:        718
{ common_pid: mc-worker       [    360306], ret:         16 } hitcount:        741
{ common_pid: mc-worker       [    360311], ret:         20 } hitcount:        754
{ common_pid: mc-worker       [    360305], ret:         19 } hitcount:        771
{ common_pid: mc-worker       [    360307], ret:         18 } hitcount:        810
{ common_pid: mc-worker       [    360312], ret:         14 } hitcount:        818
{ common_pid: mc-worker       [    360310], ret:         12 } hitcount:        880
{ common_pid: mc-worker       [    360305], ret:         18 } hitcount:       1002
{ common_pid: mc-worker       [    360308], ret:         13 } hitcount:       1009
{ common_pid: mc-worker       [    360311], ret:         19 } hitcount:       1033
{ common_pid: mc-worker       [    360306], ret:         15 } hitcount:       1088
{ common_pid: mc-worker       [    360307], ret:         17 } hitcount:       1125
{ common_pid: mc-worker       [    360309], ret:         13 } hitcount:       1125
{ common_pid: mc-worker       [    360305], ret:         17 } hitcount:       1314
{ common_pid: mc-worker       [    360312], ret:         13 } hitcount:       1316
{ common_pid: mc-worker       [    360311], ret:         18 } hitcount:       1421
{ common_pid: mc-worker       [    360307], ret:         16 } hitcount:       1446
{ common_pid: mc-worker       [    360310], ret:         11 } hitcount:       1512
{ common_pid: mc-worker       [    360306], ret:         14 } hitcount:       1518
{ common_pid: mc-worker       [    360308], ret:         12 } hitcount:       1613
{ common_pid: mc-worker       [    360309], ret:         12 } hitcount:       1748
{ common_pid: mc-worker       [    360305], ret:         16 } hitcount:       1890
{ common_pid: mc-worker       [    360311], ret:         17 } hitcount:       1898
{ common_pid: mc-worker       [    360307], ret:         15 } hitcount:       1973
{ common_pid: mc-worker       [    360312], ret:         12 } hitcount:       2021
{ common_pid: mc-worker       [    360305], ret:         15 } hitcount:       2368
{ common_pid: mc-worker       [    360306], ret:         13 } hitcount:       2384
{ common_pid: mc-worker       [    360311], ret:         16 } hitcount:       2466
{ common_pid: mc-worker       [    360308], ret:         11 } hitcount:       2494
{ common_pid: mc-worker       [    360307], ret:         14 } hitcount:       2698
{ common_pid: mc-worker       [    360310], ret:         10 } hitcount:       2727
{ common_pid: mc-worker       [    360309], ret:         11 } hitcount:       2822
{ common_pid: mc-worker       [    360312], ret:         11 } hitcount:       3049
{ common_pid: mc-worker       [    360311], ret:         15 } hitcount:       3172
{ common_pid: mc-worker       [    360306], ret:         12 } hitcount:       3255
{ common_pid: mc-worker       [    360305], ret:         14 } hitcount:       3343
{ common_pid: mc-worker       [    360307], ret:         13 } hitcount:       3886
{ common_pid: mc-worker       [    360308], ret:         10 } hitcount:       4139
{ common_pid: mc-worker       [    360311], ret:         14 } hitcount:       4259
{ common_pid: mc-worker       [    360309], ret:         10 } hitcount:       4493
{ common_pid: mc-worker       [    360305], ret:         13 } hitcount:       4502
{ common_pid: mc-worker       [    360310], ret:          9 } hitcount:       4559
{ common_pid: mc-worker       [    360312], ret:         10 } hitcount:       4759
{ common_pid: mc-worker       [    360306], ret:         11 } hitcount:       4971
{ common_pid: mc-worker       [    360307], ret:         12 } hitcount:       5397
{ common_pid: mc-worker       [    360311], ret:         13 } hitcount:       5800
{ common_pid: mc-worker       [    360305], ret:         12 } hitcount:       6100
{ common_pid: mc-worker       [    360308], ret:          9 } hitcount:       6958
{ common_pid: mc-worker       [    360309], ret:          9 } hitcount:       7028
{ common_pid: mc-worker       [    360306], ret:         10 } hitcount:       7432
{ common_pid: mc-worker       [    360311], ret:         12 } hitcount:       7503
{ common_pid: mc-worker       [    360307], ret:         11 } hitcount:       7515
{ common_pid: mc-worker       [    360312], ret:          9 } hitcount:       7812
{ common_pid: mc-worker       [    360310], ret:          8 } hitcount:       8187
{ common_pid: mc-worker       [    360305], ret:         11 } hitcount:       8223
{ common_pid: mc-worker       [    360311], ret:         11 } hitcount:      10221
{ common_pid: mc-worker       [    360307], ret:         10 } hitcount:      10251
{ common_pid: mc-worker       [    360306], ret:          9 } hitcount:      11000
{ common_pid: mc-worker       [    360305], ret:         10 } hitcount:      11411
{ common_pid: mc-worker       [    360309], ret:          8 } hitcount:      11470
{ common_pid: mc-worker       [    360308], ret:          8 } hitcount:      11491
{ common_pid: mc-worker       [    360312], ret:          8 } hitcount:      12322
{ common_pid: mc-worker       [    360311], ret:         10 } hitcount:      13846
{ common_pid: mc-worker       [    360310], ret:          7 } hitcount:      14763
{ common_pid: mc-worker       [    360307], ret:          9 } hitcount:      15032
{ common_pid: mc-worker       [    360305], ret:          9 } hitcount:      16368
{ common_pid: mc-worker       [    360306], ret:          8 } hitcount:      16658
{ common_pid: mc-worker       [    360311], ret:          9 } hitcount:      18697
{ common_pid: mc-worker       [    360309], ret:          7 } hitcount:      19226
{ common_pid: mc-worker       [    360308], ret:          7 } hitcount:      19496
{ common_pid: mc-worker       [    360312], ret:          7 } hitcount:      20505
{ common_pid: mc-worker       [    360307], ret:          8 } hitcount:      21309
{ common_pid: mc-worker       [    360305], ret:          8 } hitcount:      22790
{ common_pid: mc-worker       [    360311], ret:          8 } hitcount:      25626
{ common_pid: mc-worker       [    360306], ret:          7 } hitcount:      25893
{ common_pid: mc-worker       [    360310], ret:          6 } hitcount:      27781
{ common_pid: mc-worker       [    360307], ret:          7 } hitcount:      30822
{ common_pid: mc-worker       [    360305], ret:          7 } hitcount:      32765
{ common_pid: mc-worker       [    360309], ret:          6 } hitcount:      32794
{ common_pid: mc-worker       [    360308], ret:          6 } hitcount:      33909
{ common_pid: mc-worker       [    360312], ret:          6 } hitcount:      34401
{ common_pid: mc-worker       [    360311], ret:          7 } hitcount:      35406
{ common_pid: mc-worker       [    360306], ret:          6 } hitcount:      41633
{ common_pid: mc-worker       [    360307], ret:          6 } hitcount:      46190
{ common_pid: mc-worker       [    360305], ret:          6 } hitcount:      48034
{ common_pid: mc-worker       [    360311], ret:          6 } hitcount:      50429
{ common_pid: mc-worker       [    360310], ret:          5 } hitcount:      53835
{ common_pid: mc-worker       [    360309], ret:          5 } hitcount:      57978
{ common_pid: mc-worker       [    360312], ret:          5 } hitcount:      60777
{ common_pid: mc-worker       [    360308], ret:          5 } hitcount:      62275
{ common_pid: mc-worker       [    360306], ret:          5 } hitcount:      68926
{ common_pid: mc-worker       [    360307], ret:          5 } hitcount:      71102
{ common_pid: mc-worker       [    360305], ret:          5 } hitcount:      72962
{ common_pid: mc-worker       [    360311], ret:          5 } hitcount:      73762
{ common_pid: mc-worker       [    360310], ret:          4 } hitcount:     105504
{ common_pid: mc-worker       [    360309], ret:          4 } hitcount:     106428
{ common_pid: mc-worker       [    360312], ret:          4 } hitcount:     109278
{ common_pid: mc-worker       [    360311], ret:          4 } hitcount:     111568
{ common_pid: mc-worker       [    360307], ret:          4 } hitcount:     112371
{ common_pid: mc-worker       [    360305], ret:          4 } hitcount:     113592
{ common_pid: mc-worker       [    360308], ret:          4 } hitcount:     115674
{ common_pid: mc-worker       [    360306], ret:          4 } hitcount:     117613
{ common_pid: mc-worker       [    360311], ret:          3 } hitcount:     170782
{ common_pid: mc-worker       [    360305], ret:          3 } hitcount:     179005
{ common_pid: mc-worker       [    360307], ret:          3 } hitcount:     182961
{ common_pid: mc-worker       [    360309], ret:          3 } hitcount:     197736
{ common_pid: mc-worker       [    360312], ret:          3 } hitcount:     201256
{ common_pid: mc-worker       [    360306], ret:          3 } hitcount:     204550
{ common_pid: mc-worker       [    360310], ret:          3 } hitcount:     214091
{ common_pid: mc-worker       [    360308], ret:          3 } hitcount:     218230
{ common_pid: mc-worker       [    360311], ret:          2 } hitcount:     270114
{ common_pid: mc-worker       [    360305], ret:          2 } hitcount:     295986
{ common_pid: mc-worker       [    360307], ret:          2 } hitcount:     308903
{ common_pid: mc-worker       [    360306], ret:          2 } hitcount:     374133
{ common_pid: mc-worker       [    360309], ret:          2 } hitcount:     386618
{ common_pid: mc-worker       [    360312], ret:          2 } hitcount:     392780
{ common_pid: mc-worker       [    360308], ret:          2 } hitcount:     433550
{ common_pid: mc-worker       [    360311], ret:          1 } hitcount:     438919
{ common_pid: mc-worker       [    360310], ret:          2 } hitcount:     450619
{ common_pid: mc-worker       [    360305], ret:          1 } hitcount:     501897
{ common_pid: mc-worker       [    360307], ret:          1 } hitcount:     540085
{ common_pid: mc-worker       [    360306], ret:          1 } hitcount:     710582
{ common_pid: mc-worker       [    360309], ret:          1 } hitcount:     784130
{ common_pid: mc-worker       [    360312], ret:          1 } hitcount:     800690
{ common_pid: mc-worker       [    360308], ret:          1 } hitcount:     877895
{ common_pid: mc-worker       [    360310], ret:          1 } hitcount:     973261
