{ common_pid: mc-worker       [      3042], ret:         10 } hitcount:          1
{ common_pid: mc-worker       [      3041], ret:         31 } hitcount:          1
{ common_pid: mc-worker       [      3044], ret:        337 } hitcount:          1
{ common_pid: mc-worker       [      3045], ret:         35 } hitcount:          1
{ common_pid: mc-worker       [      3042], ret:        422 } hitcount:          1
{ common_pid: mc-worker       [      3046], ret:        519 } hitcount:          1
{ common_pid: mc-worker       [      3045], ret:        515 } hitcount:          1
{ common_pid: mc-worker       [      3042], ret:         32 } hitcount:          1
{ common_pid: mc-worker       [      3043], ret:        541 } hitcount:          1
{ common_pid: mc-worker       [      3037], ret:         24 } hitcount:          1
{ common_pid: mc-worker       [      3034], ret:        502 } hitcount:          1
{ common_pid: mc-worker       [      3034], ret:         17 } hitcount:          1
{ common_pid: mc-worker       [      3042], ret:        505 } hitcount:          1
{ common_pid: mc-worker       [      3041], ret:         16 } hitcount:          1
{ common_pid: mc-worker       [      3042], ret:         23 } hitcount:          1
{ common_pid: mc-worker       [      3037], ret:        393 } hitcount:          1
{ common_pid: mc-worker       [      3037], ret:         20 } hitcount:          1
{ common_pid: mc-worker       [      3034], ret:        498 } hitcount:          1
{ common_pid: mc-worker       [      3041], ret:         32 } hitcount:          1
{ common_pid: mc-worker       [      3043], ret:         17 } hitcount:          1
{ common_pid: mc-worker       [      3043], ret:         15 } hitcount:          1
{ common_pid: mc-worker       [      3046], ret:         28 } hitcount:          1
{ common_pid: mc-worker       [      3044], ret:        524 } hitcount:          1
{ common_pid: mc-worker       [      3041], ret:         23 } hitcount:          1
{ common_pid: mc-worker       [      3037], ret:         33 } hitcount:          1
{ common_pid: mc-worker       [      3034], ret:        551 } hitcount:          1
{ common_pid: mc-worker       [      3045], ret:        509 } hitcount:          1
{ common_pid: mc-worker       [      3037], ret:        540 } hitcount:          1
{ common_pid: mc-worker       [      3041], ret:         34 } hitcount:          1
{ common_pid: mc-worker       [      3043], ret:         52 } hitcount:          1
{ common_pid: mc-worker       [      3046], ret:         12 } hitcount:          1
{ common_pid: mc-worker       [      3045], ret:        500 } hitcount:          1
{ common_pid: mc-worker       [      3046], ret:        505 } hitcount:          1
{ common_pid: mc-worker       [      3037], ret:        481 } hitcount:          1
{ common_pid: mc-worker       [      3037], ret:        483 } hitcount:          1
{ common_pid: mc-worker       [      3044], ret:         29 } hitcount:          1
{ common_pid: mc-worker       [      3044], ret:        526 } hitcount:          1
{ common_pid: mc-worker       [      3044], ret:        537 } hitcount:          1
{ common_pid: mc-worker       [      3041], ret:        493 } hitcount:          1
{ common_pid: mc-worker       [      3046], ret:         31 } hitcount:          1
{ common_pid: mc-worker       [      3034], ret:        482 } hitcount:          1
{ common_pid: mc-worker       [      3042], ret:        510 } hitcount:          1
{ common_pid: mc-worker       [      3041], ret:         44 } hitcount:          1
{ common_pid: mc-worker       [      3043], ret:        490 } hitcount:          1
{ common_pid: mc-worker       [      3041], ret:        480 } hitcount:          1
{ common_pid: mc-worker       [      3041], ret:         36 } hitcount:          1
{ common_pid: mc-worker       [      3043], ret:        395 } hitcount:          1
{ common_pid: mc-worker       [      3046], ret:        501 } hitcount:          1
{ common_pid: mc-worker       [      3041], ret:        479 } hitcount:          1
{ common_pid: mc-worker       [      3045], ret:         27 } hitcount:          1
{ common_pid: mc-worker       [      3042], ret:        499 } hitcount:          1
{ common_pid: mc-worker       [      3044], ret:        527 } hitcount:          1
{ common_pid: mc-worker       [      3034], ret:        497 } hitcount:          1
{ common_pid: mc-worker       [      3044], ret:        428 } hitcount:          1
{ common_pid: mc-worker       [      3045], ret:         31 } hitcount:          1
{ common_pid: mc-worker       [      3041], ret:        487 } hitcount:          1
{ common_pid: mc-worker       [      3037], ret:         25 } hitcount:          1
{ common_pid: mc-worker       [      3041], ret:         29 } hitcount:          1
{ common_pid: mc-worker       [      3046], ret:        432 } hitcount:          1
{ common_pid: mc-worker       [      3041], ret:         25 } hitcount:          1
{ common_pid: mc-worker       [      3045], ret:        516 } hitcount:          1
{ common_pid: mc-worker       [      3042], ret:        506 } hitcount:          1
{ common_pid: mc-worker       [      3037], ret:         29 } hitcount:          1
{ common_pid: mc-worker       [      3042], ret:        501 } hitcount:          1
{ common_pid: mc-worker       [      3034], ret:        478 } hitcount:          1
{ common_pid: mc-worker       [      3046], ret:         29 } hitcount:          1
{ common_pid: mc-worker       [      3041], ret:         21 } hitcount:          1
{ common_pid: mc-worker       [      3043], ret:        483 } hitcount:          1
{ common_pid: mc-worker       [      3045], ret:        511 } hitcount:          1
{ common_pid: mc-worker       [      3041], ret:        475 } hitcount:          1
{ common_pid: mc-worker       [      3041], ret:        478 } hitcount:          1
{ common_pid: mc-worker       [      3046], ret:        431 } hitcount:          1
{ common_pid: mc-worker       [      3034], ret:         30 } hitcount:          1
{ common_pid: mc-worker       [      3042], ret:        502 } hitcount:          1
{ common_pid: mc-worker       [      3041], ret:        489 } hitcount:          1
{ common_pid: mc-worker       [      3037], ret:         14 } hitcount:          1
{ common_pid: mc-worker       [      3045], ret:        413 } hitcount:          1
{ common_pid: mc-worker       [      3041], ret:        495 } hitcount:          1
{ common_pid: mc-worker       [      3041], ret:         27 } hitcount:          1
{ common_pid: mc-worker       [      3037], ret:        394 } hitcount:          1
{ common_pid: mc-worker       [      3041], ret:         37 } hitcount:          1
{ common_pid: mc-worker       [      3034], ret:        472 } hitcount:          1
{ common_pid: mc-worker       [      3044], ret:         26 } hitcount:          1
{ common_pid: mc-worker       [      3043], ret:        480 } hitcount:          1
{ common_pid: mc-worker       [      3037], ret:        236 } hitcount:          1
{ common_pid: mc-worker       [      3046], ret:        499 } hitcount:          1
{ common_pid: mc-worker       [      3034], ret:         13 } hitcount:          1
{ common_pid: mc-worker       [      3045], ret:         22 } hitcount:          1
{ common_pid: mc-worker       [      3046], ret:         18 } hitcount:          1
{ common_pid: mc-worker       [      3044], ret:        525 } hitcount:          1
{ common_pid: mc-worker       [      3046], ret:         23 } hitcount:          1
{ common_pid: mc-worker       [      3043], ret:        489 } hitcount:          1
{ common_pid: mc-worker       [      3041], ret:        484 } hitcount:          1
{ common_pid: mc-worker       [      3044], ret:        531 } hitcount:          1
{ common_pid: mc-worker       [      3034], ret:         12 } hitcount:          1
{ common_pid: mc-worker       [      3037], ret:        465 } hitcount:          1
{ common_pid: mc-worker       [      3046], ret:         26 } hitcount:          1
{ common_pid: mc-worker       [      3042], ret:        507 } hitcount:          1
{ common_pid: mc-worker       [      3042], ret:         14 } hitcount:          1
{ common_pid: mc-worker       [      3034], ret:         21 } hitcount:          1
{ common_pid: mc-worker       [      3042], ret:         47 } hitcount:          1
{ common_pid: mc-worker       [      3041], ret:        125 } hitcount:          1
{ common_pid: mc-worker       [      3034], ret:        499 } hitcount:          1
{ common_pid: mc-worker       [      3042], ret:         16 } hitcount:          1
{ common_pid: mc-worker       [      3037], ret:         54 } hitcount:          1
{ common_pid: mc-worker       [      3034], ret:        493 } hitcount:          1
{ common_pid: mc-worker       [      3037], ret:         28 } hitcount:          1
{ common_pid: mc-worker       [      3044], ret:        518 } hitcount:          1
{ common_pid: mc-worker       [      3041], ret:         19 } hitcount:          1
{ common_pid: mc-worker       [      3045], ret:         23 } hitcount:          1
{ common_pid: mc-worker       [      3041], ret:         13 } hitcount:          1
{ common_pid: mc-worker       [      3046], ret:         51 } hitcount:          1
{ common_pid: mc-worker       [      3037], ret:         34 } hitcount:          1
{ common_pid: mc-worker       [      3042], ret:        495 } hitcount:          1
{ common_pid: mc-worker       [      3045], ret:        449 } hitcount:          1
{ common_pid: mc-worker       [      3046], ret:        574 } hitcount:          1
{ common_pid: mc-worker       [      3044], ret:         45 } hitcount:          1
{ common_pid: mc-worker       [      3045], ret:         24 } hitcount:          1
{ common_pid: mc-worker       [      3034], ret:        495 } hitcount:          1
{ common_pid: mc-worker       [      3042], ret:        496 } hitcount:          1
{ common_pid: mc-worker       [      3045], ret:        410 } hitcount:          1
{ common_pid: mc-worker       [      3043], ret:        334 } hitcount:          1
{ common_pid: mc-worker       [      3045], ret:        519 } hitcount:          1
{ common_pid: mc-worker       [      3044], ret:         37 } hitcount:          1
{ common_pid: mc-worker       [      3045], ret:        512 } hitcount:          1
{ common_pid: mc-worker       [      3042], ret:         13 } hitcount:          1
{ common_pid: mc-worker       [      3034], ret:         50 } hitcount:          1
{ common_pid: mc-worker       [      3043], ret:        484 } hitcount:          1
{ common_pid: mc-worker       [      3046], ret:         19 } hitcount:          1
{ common_pid: mc-worker       [      3041], ret:         28 } hitcount:          1
{ common_pid: mc-worker       [      3034], ret:        483 } hitcount:          1
{ common_pid: mc-worker       [      3045], ret:         40 } hitcount:          1
{ common_pid: mc-worker       [      3034], ret:         14 } hitcount:          1
{ common_pid: mc-worker       [      3046], ret:         32 } hitcount:          1
{ common_pid: mc-worker       [      3041], ret:         18 } hitcount:          1
{ common_pid: mc-worker       [      3044], ret:         60 } hitcount:          1
{ common_pid: mc-worker       [      3046], ret:         30 } hitcount:          1
{ common_pid: mc-worker       [      3037], ret:         35 } hitcount:          1
{ common_pid: mc-worker       [      3041], ret:         15 } hitcount:          1
{ common_pid: mc-worker       [      3043], ret:         16 } hitcount:          2
{ common_pid: mc-worker       [      3034], ret:        491 } hitcount:          2
{ common_pid: mc-worker       [      3045], ret:        513 } hitcount:          2
{ common_pid: mc-worker       [      3044], ret:         11 } hitcount:          2
{ common_pid: mc-worker       [      3041], ret:        545 } hitcount:          2
{ common_pid: mc-worker       [      3041], ret:         22 } hitcount:          2
{ common_pid: mc-worker       [      3046], ret:        573 } hitcount:          2
{ common_pid: mc-worker       [      3044], ret:        532 } hitcount:          2
{ common_pid: mc-worker       [      3042], ret:         21 } hitcount:          2
{ common_pid: mc-worker       [      3046], ret:        513 } hitcount:          2
{ common_pid: mc-worker       [      3045], ret:         21 } hitcount:          2
{ common_pid: mc-worker       [      3045], ret:         13 } hitcount:          2
{ common_pid: mc-worker       [      3045], ret:        571 } hitcount:          2
{ common_pid: mc-worker       [      3034], ret:         16 } hitcount:          2
{ common_pid: mc-worker       [      3042], ret:         20 } hitcount:          2
{ common_pid: mc-worker       [      3037], ret:         12 } hitcount:          2
{ common_pid: mc-worker       [      3044], ret:        536 } hitcount:          2
{ common_pid: mc-worker       [      3034], ret:        504 } hitcount:          2
{ common_pid: mc-worker       [      3037], ret:        486 } hitcount:          2
{ common_pid: mc-worker       [      3045], ret:        507 } hitcount:          2
{ common_pid: mc-worker       [      3046], ret:         16 } hitcount:          2
{ common_pid: mc-worker       [      3034], ret:        407 } hitcount:          2
{ common_pid: mc-worker       [      3041], ret:        547 } hitcount:          2
{ common_pid: mc-worker       [      3042], ret:        512 } hitcount:          2
{ common_pid: mc-worker       [      3043], ret:        485 } hitcount:          2
{ common_pid: mc-worker       [      3042], ret:        566 } hitcount:          2
{ common_pid: mc-worker       [      3044], ret:         21 } hitcount:          2
{ common_pid: mc-worker       [      3046], ret:         15 } hitcount:          2
{ common_pid: mc-worker       [      3037], ret:         17 } hitcount:          2
{ common_pid: mc-worker       [      3042], ret:        511 } hitcount:          2
{ common_pid: mc-worker       [      3046], ret:         11 } hitcount:          2
{ common_pid: mc-worker       [      3034], ret:        500 } hitcount:          2
{ common_pid: mc-worker       [      3043], ret:        487 } hitcount:          2
{ common_pid: mc-worker       [      3034], ret:         20 } hitcount:          2
{ common_pid: mc-worker       [      3045], ret:         26 } hitcount:          2
{ common_pid: mc-worker       [      3037], ret:        484 } hitcount:          2
{ common_pid: mc-worker       [      3046], ret:        508 } hitcount:          2
{ common_pid: mc-worker       [      3042], ret:         15 } hitcount:          2
{ common_pid: mc-worker       [      3037], ret:         39 } hitcount:          2
{ common_pid: mc-worker       [      3042], ret:        434 } hitcount:          2
{ common_pid: mc-worker       [      3043], ret:        486 } hitcount:          2
{ common_pid: mc-worker       [      3042], ret:         29 } hitcount:          2
{ common_pid: mc-worker       [      3043], ret:         12 } hitcount:          2
{ common_pid: mc-worker       [      3044], ret:        529 } hitcount:          2
{ common_pid: mc-worker       [      3042], ret:        500 } hitcount:          2
{ common_pid: mc-worker       [      3045], ret:        527 } hitcount:          2
{ common_pid: mc-worker       [      3037], ret:         13 } hitcount:          2
{ common_pid: mc-worker       [      3045], ret:        521 } hitcount:          2
{ common_pid: mc-worker       [      3046], ret:        511 } hitcount:          2
{ common_pid: mc-worker       [      3044], ret:         16 } hitcount:          2
{ common_pid: mc-worker       [      3042], ret:        509 } hitcount:          3
{ common_pid: mc-worker       [      3045], ret:         11 } hitcount:          3
{ common_pid: mc-worker       [      3045], ret:        522 } hitcount:          3
{ common_pid: mc-worker       [      3041], ret:         12 } hitcount:          3
{ common_pid: mc-worker       [      3034], ret:         27 } hitcount:          3
{ common_pid: mc-worker       [      3046], ret:         10 } hitcount:          3
{ common_pid: mc-worker       [      3046], ret:        506 } hitcount:          3
{ common_pid: mc-worker       [      3037], ret:        537 } hitcount:          3
{ common_pid: mc-worker       [      3045], ret:        526 } hitcount:          3
{ common_pid: mc-worker       [      3042], ret:        513 } hitcount:          3
{ common_pid: mc-worker       [      3043], ret:        492 } hitcount:          3
{ common_pid: mc-worker       [      3044], ret:        535 } hitcount:          3
{ common_pid: mc-worker       [      3046], ret:        514 } hitcount:          3
{ common_pid: mc-worker       [      3042], ret:         24 } hitcount:          3
{ common_pid: mc-worker       [      3041], ret:         26 } hitcount:          3
{ common_pid: mc-worker       [      3042], ret:        503 } hitcount:          3
{ common_pid: mc-worker       [      3037], ret:        485 } hitcount:          3
{ common_pid: mc-worker       [      3044], ret:         17 } hitcount:          3
{ common_pid: mc-worker       [      3044], ret:         10 } hitcount:          3
{ common_pid: mc-worker       [      3037], ret:        488 } hitcount:          3
{ common_pid: mc-worker       [      3045], ret:        517 } hitcount:          3
{ common_pid: mc-worker       [      3044], ret:        538 } hitcount:          3
{ common_pid: mc-worker       [      3044], ret:        580 } hitcount:          3
{ common_pid: mc-worker       [      3034], ret:         29 } hitcount:          3
{ common_pid: mc-worker       [      3034], ret:         11 } hitcount:          3
{ common_pid: mc-worker       [      3046], ret:        515 } hitcount:          3
{ common_pid: mc-worker       [      3041], ret:        492 } hitcount:          3
{ common_pid: mc-worker       [      3046], ret:        507 } hitcount:          3
{ common_pid: mc-worker       [      3034], ret:        496 } hitcount:          3
{ common_pid: mc-worker       [      3045], ret:         18 } hitcount:          3
{ common_pid: mc-worker       [      3034], ret:        488 } hitcount:          3
{ common_pid: mc-worker       [      3042], ret:         11 } hitcount:          3
{ common_pid: mc-worker       [      3037], ret:         32 } hitcount:          4
{ common_pid: mc-worker       [      3034], ret:        550 } hitcount:          4
{ common_pid: mc-worker       [      3046], ret:        517 } hitcount:          4
{ common_pid: mc-worker       [      3045], ret:        520 } hitcount:          4
{ common_pid: mc-worker       [      3041], ret:        501 } hitcount:          4
{ common_pid: mc-worker       [      3044], ret:        539 } hitcount:          4
{ common_pid: mc-worker       [      3044], ret:         14 } hitcount:          4
{ common_pid: mc-worker       [      3046], ret:        512 } hitcount:          4
{ common_pid: mc-worker       [      3045], ret:         16 } hitcount:          4
{ common_pid: mc-worker       [      3034], ret:        501 } hitcount:          4
{ common_pid: mc-worker       [      3044], ret:         15 } hitcount:          4
{ common_pid: mc-worker       [      3043], ret:         10 } hitcount:          4
{ common_pid: mc-worker       [      3045], ret:        525 } hitcount:          4
{ common_pid: mc-worker       [      3045], ret:        528 } hitcount:          4
{ common_pid: mc-worker       [      3043], ret:        491 } hitcount:          4
{ common_pid: mc-worker       [      3041], ret:        500 } hitcount:          4
{ common_pid: mc-worker       [      3045], ret:         12 } hitcount:          4
{ common_pid: mc-worker       [      3043], ret:        481 } hitcount:          4
{ common_pid: mc-worker       [      3042], ret:        565 } hitcount:          4
{ common_pid: mc-worker       [      3043], ret:        498 } hitcount:          4
{ common_pid: mc-worker       [      3043], ret:          9 } hitcount:          4
{ common_pid: mc-worker       [      3044], ret:        581 } hitcount:          4
{ common_pid: mc-worker       [      3041], ret:         10 } hitcount:          5
{ common_pid: mc-worker       [      3046], ret:        571 } hitcount:          5
{ common_pid: mc-worker       [      3034], ret:         10 } hitcount:          5
{ common_pid: mc-worker       [      3046], ret:        522 } hitcount:          5
{ common_pid: mc-worker       [      3037], ret:        489 } hitcount:          5
{ common_pid: mc-worker       [      3041], ret:        503 } hitcount:          5
{ common_pid: mc-worker       [      3042], ret:        514 } hitcount:          5
{ common_pid: mc-worker       [      3041], ret:        502 } hitcount:          5
{ common_pid: mc-worker       [      3045], ret:         14 } hitcount:          5
{ common_pid: mc-worker       [      3041], ret:         11 } hitcount:          5
{ common_pid: mc-worker       [      3034], ret:        503 } hitcount:          5
{ common_pid: mc-worker       [      3043], ret:        493 } hitcount:          5
{ common_pid: mc-worker       [      3042], ret:        517 } hitcount:          5
{ common_pid: mc-worker       [      3045], ret:        523 } hitcount:          5
{ common_pid: mc-worker       [      3034], ret:        549 } hitcount:          5
{ common_pid: mc-worker       [      3046], ret:        572 } hitcount:          5
{ common_pid: mc-worker       [      3045], ret:        529 } hitcount:          5
{ common_pid: mc-worker       [      3045], ret:        572 } hitcount:          5
{ common_pid: mc-worker       [      3042], ret:        516 } hitcount:          5
{ common_pid: mc-worker       [      3042], ret:        564 } hitcount:          5
{ common_pid: mc-worker       [      3044], ret:         13 } hitcount:          6
{ common_pid: mc-worker       [      3034], ret:        507 } hitcount:          6
{ common_pid: mc-worker       [      3043], ret:        494 } hitcount:          6
{ common_pid: mc-worker       [      3037], ret:         10 } hitcount:          6
{ common_pid: mc-worker       [      3037], ret:        490 } hitcount:          6
{ common_pid: mc-worker       [      3046], ret:          9 } hitcount:          6
{ common_pid: mc-worker       [      3045], ret:        531 } hitcount:          6
{ common_pid: mc-worker       [      3037], ret:         11 } hitcount:          6
{ common_pid: mc-worker       [      3046], ret:        518 } hitcount:          6
{ common_pid: mc-worker       [      3037], ret:        536 } hitcount:          7
{ common_pid: mc-worker       [      3037], ret:        492 } hitcount:          7
{ common_pid: mc-worker       [      3046], ret:        521 } hitcount:          7
{ common_pid: mc-worker       [      3045], ret:         17 } hitcount:          7
{ common_pid: mc-worker       [      3041], ret:          9 } hitcount:          7
{ common_pid: mc-worker       [      3041], ret:        504 } hitcount:          7
{ common_pid: mc-worker       [      3042], ret:          9 } hitcount:          7
{ common_pid: mc-worker       [      3037], ret:        487 } hitcount:          7
{ common_pid: mc-worker       [      3041], ret:        544 } hitcount:          7
{ common_pid: mc-worker       [      3045], ret:         15 } hitcount:          7
{ common_pid: mc-worker       [      3037], ret:        535 } hitcount:          7
{ common_pid: mc-worker       [      3034], ret:          8 } hitcount:          7
{ common_pid: mc-worker       [      3043], ret:        495 } hitcount:          7
{ common_pid: mc-worker       [      3043], ret:         11 } hitcount:          7
{ common_pid: mc-worker       [      3044], ret:        540 } hitcount:          8
{ common_pid: mc-worker       [      3046], ret:        516 } hitcount:          8
{ common_pid: mc-worker       [      3042], ret:          8 } hitcount:          8
{ common_pid: mc-worker       [      3044], ret:          9 } hitcount:          8
{ common_pid: mc-worker       [      3034], ret:          9 } hitcount:          9
{ common_pid: mc-worker       [      3043], ret:        497 } hitcount:          9
{ common_pid: mc-worker       [      3045], ret:         10 } hitcount:          9
{ common_pid: mc-worker       [      3041], ret:        543 } hitcount:          9
{ common_pid: mc-worker       [      3044], ret:        541 } hitcount:          9
{ common_pid: mc-worker       [      3043], ret:        540 } hitcount:          9
{ common_pid: mc-worker       [      3044], ret:         12 } hitcount:          9
{ common_pid: mc-worker       [      3034], ret:        505 } hitcount:          9
{ common_pid: mc-worker       [      3046], ret:        523 } hitcount:          9
{ common_pid: mc-worker       [      3034], ret:        506 } hitcount:          9
{ common_pid: mc-worker       [      3042], ret:        563 } hitcount:          9
{ common_pid: mc-worker       [      3034], ret:        508 } hitcount:          9
{ common_pid: mc-worker       [      3037], ret:        534 } hitcount:          9
{ common_pid: mc-worker       [      3034], ret:        548 } hitcount:          9
{ common_pid: mc-worker       [      3045], ret:        570 } hitcount:          9
{ common_pid: mc-worker       [      3043], ret:        496 } hitcount:         10
{ common_pid: mc-worker       [      3045], ret:        530 } hitcount:         10
{ common_pid: mc-worker       [      3043], ret:        539 } hitcount:         10
{ common_pid: mc-worker       [      3037], ret:        493 } hitcount:         10
{ common_pid: mc-worker       [      3046], ret:        520 } hitcount:         10
{ common_pid: mc-worker       [      3043], ret:        499 } hitcount:         10
{ common_pid: mc-worker       [      3045], ret:        569 } hitcount:         10
{ common_pid: mc-worker       [      3044], ret:        579 } hitcount:         10
{ common_pid: mc-worker       [      3037], ret:        491 } hitcount:         10
{ common_pid: mc-worker       [      3046], ret:        570 } hitcount:         10
{ common_pid: mc-worker       [      3046], ret:        569 } hitcount:         10
{ common_pid: mc-worker       [      3044], ret:          8 } hitcount:         10
{ common_pid: mc-worker       [      3043], ret:        501 } hitcount:         10
{ common_pid: mc-worker       [      3043], ret:        503 } hitcount:         11
{ common_pid: mc-worker       [      3046], ret:        524 } hitcount:         11
{ common_pid: mc-worker       [      3037], ret:          9 } hitcount:         11
{ common_pid: mc-worker       [      3042], ret:        518 } hitcount:         11
{ common_pid: mc-worker       [      3041], ret:        506 } hitcount:         11
{ common_pid: mc-worker       [      3044], ret:        543 } hitcount:         11
{ common_pid: mc-worker       [      3043], ret:        500 } hitcount:         11
{ common_pid: mc-worker       [      3041], ret:        505 } hitcount:         11
{ common_pid: mc-worker       [      3046], ret:        525 } hitcount:         11
{ common_pid: mc-worker       [      3046], ret:        526 } hitcount:         12
{ common_pid: mc-worker       [      3042], ret:        521 } hitcount:         13
{ common_pid: mc-worker       [      3043], ret:        504 } hitcount:         13
{ common_pid: mc-worker       [      3046], ret:        527 } hitcount:         13
{ common_pid: mc-worker       [      3046], ret:        528 } hitcount:         13
{ common_pid: mc-worker       [      3041], ret:        507 } hitcount:         13
{ common_pid: mc-worker       [      3044], ret:        578 } hitcount:         13
{ common_pid: mc-worker       [      3044], ret:        542 } hitcount:         13
{ common_pid: mc-worker       [      3042], ret:        522 } hitcount:         14
{ common_pid: mc-worker       [      3042], ret:        523 } hitcount:         14
{ common_pid: mc-worker       [      3046], ret:        530 } hitcount:         14
{ common_pid: mc-worker       [      3042], ret:        520 } hitcount:         14
{ common_pid: mc-worker       [      3034], ret:        547 } hitcount:         14
{ common_pid: mc-worker       [      3045], ret:          9 } hitcount:         15
{ common_pid: mc-worker       [      3037], ret:        494 } hitcount:         16
{ common_pid: mc-worker       [      3043], ret:          8 } hitcount:         16
{ common_pid: mc-worker       [      3043], ret:        502 } hitcount:         16
{ common_pid: mc-worker       [      3037], ret:        533 } hitcount:         16
{ common_pid: mc-worker       [      3045], ret:        532 } hitcount:         17
{ common_pid: mc-worker       [      3041], ret:          8 } hitcount:         17
{ common_pid: mc-worker       [      3041], ret:        542 } hitcount:         17
{ common_pid: mc-worker       [      3044], ret:          7 } hitcount:         17
{ common_pid: mc-worker       [      3046], ret:          8 } hitcount:         17
{ common_pid: mc-worker       [      3037], ret:          8 } hitcount:         18
{ common_pid: mc-worker       [      3043], ret:        506 } hitcount:         18
{ common_pid: mc-worker       [      3045], ret:          8 } hitcount:         19
{ common_pid: mc-worker       [      3042], ret:        519 } hitcount:         19
{ common_pid: mc-worker       [      3042], ret:          7 } hitcount:         19
{ common_pid: mc-worker       [      3044], ret:        544 } hitcount:         20
{ common_pid: mc-worker       [      3043], ret:        505 } hitcount:         20
{ common_pid: mc-worker       [      3042], ret:        525 } hitcount:         20
{ common_pid: mc-worker       [      3042], ret:        562 } hitcount:         20
{ common_pid: mc-worker       [      3045], ret:        533 } hitcount:         20
{ common_pid: mc-worker       [      3046], ret:        531 } hitcount:         21
{ common_pid: mc-worker       [      3043], ret:        507 } hitcount:         21
{ common_pid: mc-worker       [      3043], ret:        538 } hitcount:         21
{ common_pid: mc-worker       [      3044], ret:        545 } hitcount:         21
{ common_pid: mc-worker       [      3045], ret:          7 } hitcount:         21
{ common_pid: mc-worker       [      3041], ret:        508 } hitcount:         22
{ common_pid: mc-worker       [      3043], ret:          7 } hitcount:         23
{ common_pid: mc-worker       [      3034], ret:        509 } hitcount:         23
{ common_pid: mc-worker       [      3045], ret:        568 } hitcount:         23
{ common_pid: mc-worker       [      3042], ret:        524 } hitcount:         24
{ common_pid: mc-worker       [      3046], ret:        568 } hitcount:         24
{ common_pid: mc-worker       [      3034], ret:        546 } hitcount:         25
{ common_pid: mc-worker       [      3046], ret:          7 } hitcount:         25
{ common_pid: mc-worker       [      3041], ret:        541 } hitcount:         25
{ common_pid: mc-worker       [      3043], ret:        508 } hitcount:         26
{ common_pid: mc-worker       [      3037], ret:        495 } hitcount:         26
{ common_pid: mc-worker       [      3041], ret:          7 } hitcount:         26
{ common_pid: mc-worker       [      3045], ret:        534 } hitcount:         26
{ common_pid: mc-worker       [      3046], ret:        529 } hitcount:         26
{ common_pid: mc-worker       [      3042], ret:        526 } hitcount:         26
{ common_pid: mc-worker       [      3044], ret:        577 } hitcount:         26
{ common_pid: mc-worker       [      3034], ret:          7 } hitcount:         26
{ common_pid: mc-worker       [      3034], ret:        510 } hitcount:         27
{ common_pid: mc-worker       [      3037], ret:        497 } hitcount:         27
{ common_pid: mc-worker       [      3034], ret:          6 } hitcount:         29
{ common_pid: mc-worker       [      3042], ret:        527 } hitcount:         29
{ common_pid: mc-worker       [      3034], ret:        511 } hitcount:         30
{ common_pid: mc-worker       [      3046], ret:        532 } hitcount:         30
{ common_pid: mc-worker       [      3044], ret:          6 } hitcount:         30
{ common_pid: mc-worker       [      3044], ret:        576 } hitcount:         30
{ common_pid: mc-worker       [      3037], ret:          7 } hitcount:         30
{ common_pid: mc-worker       [      3041], ret:        509 } hitcount:         30
{ common_pid: mc-worker       [      3046], ret:          6 } hitcount:         30
{ common_pid: mc-worker       [      3037], ret:        496 } hitcount:         31
{ common_pid: mc-worker       [      3041], ret:        510 } hitcount:         32
{ common_pid: mc-worker       [      3045], ret:        535 } hitcount:         33
{ common_pid: mc-worker       [      3045], ret:        567 } hitcount:         33
{ common_pid: mc-worker       [      3042], ret:        561 } hitcount:         33
{ common_pid: mc-worker       [      3046], ret:        534 } hitcount:         34
{ common_pid: mc-worker       [      3044], ret:        546 } hitcount:         34
{ common_pid: mc-worker       [      3046], ret:        533 } hitcount:         35
{ common_pid: mc-worker       [      3042], ret:        560 } hitcount:         35
{ common_pid: mc-worker       [      3041], ret:        511 } hitcount:         35
{ common_pid: mc-worker       [      3044], ret:        547 } hitcount:         36
{ common_pid: mc-worker       [      3042], ret:        529 } hitcount:         36
{ common_pid: mc-worker       [      3045], ret:        537 } hitcount:         36
{ common_pid: mc-worker       [      3042], ret:        528 } hitcount:         37
{ common_pid: mc-worker       [      3037], ret:        532 } hitcount:         37
{ common_pid: mc-worker       [      3037], ret:        531 } hitcount:         38
{ common_pid: mc-worker       [      3043], ret:        509 } hitcount:         39
{ common_pid: mc-worker       [      3043], ret:        537 } hitcount:         39
{ common_pid: mc-worker       [      3046], ret:        536 } hitcount:         40
{ common_pid: mc-worker       [      3037], ret:        498 } hitcount:         40
{ common_pid: mc-worker       [      3045], ret:          6 } hitcount:         40
{ common_pid: mc-worker       [      3041], ret:          6 } hitcount:         41
{ common_pid: mc-worker       [      3034], ret:        512 } hitcount:         42
{ common_pid: mc-worker       [      3037], ret:          6 } hitcount:         43
{ common_pid: mc-worker       [      3044], ret:        548 } hitcount:         43
{ common_pid: mc-worker       [      3045], ret:        536 } hitcount:         43
{ common_pid: mc-worker       [      3044], ret:          5 } hitcount:         43
{ common_pid: mc-worker       [      3046], ret:        567 } hitcount:         44
{ common_pid: mc-worker       [      3034], ret:        545 } hitcount:         44
{ common_pid: mc-worker       [      3042], ret:          6 } hitcount:         45
{ common_pid: mc-worker       [      3043], ret:          6 } hitcount:         46
{ common_pid: mc-worker       [      3034], ret:        544 } hitcount:         47
{ common_pid: mc-worker       [      3041], ret:        540 } hitcount:         48
{ common_pid: mc-worker       [      3045], ret:        566 } hitcount:         48
{ common_pid: mc-worker       [      3043], ret:        510 } hitcount:         49
{ common_pid: mc-worker       [      3034], ret:        514 } hitcount:         52
{ common_pid: mc-worker       [      3037], ret:        500 } hitcount:         52
{ common_pid: mc-worker       [      3041], ret:        512 } hitcount:         52
{ common_pid: mc-worker       [      3044], ret:        575 } hitcount:         53
{ common_pid: mc-worker       [      3037], ret:        499 } hitcount:         54
{ common_pid: mc-worker       [      3045], ret:        538 } hitcount:         54
{ common_pid: mc-worker       [      3041], ret:        513 } hitcount:         56
{ common_pid: mc-worker       [      3046], ret:        537 } hitcount:         56
{ common_pid: mc-worker       [      3042], ret:        531 } hitcount:         57
{ common_pid: mc-worker       [      3037], ret:        501 } hitcount:         57
{ common_pid: mc-worker       [      3044], ret:        550 } hitcount:         59
{ common_pid: mc-worker       [      3042], ret:        530 } hitcount:         61
{ common_pid: mc-worker       [      3034], ret:        513 } hitcount:         61
{ common_pid: mc-worker       [      3046], ret:        535 } hitcount:         61
{ common_pid: mc-worker       [      3042], ret:        559 } hitcount:         62
{ common_pid: mc-worker       [      3043], ret:        511 } hitcount:         63
{ common_pid: mc-worker       [      3046], ret:          5 } hitcount:         64
{ common_pid: mc-worker       [      3034], ret:        543 } hitcount:         64
{ common_pid: mc-worker       [      3044], ret:        574 } hitcount:         65
{ common_pid: mc-worker       [      3041], ret:        539 } hitcount:         66
{ common_pid: mc-worker       [      3043], ret:        536 } hitcount:         67
{ common_pid: mc-worker       [      3045], ret:        540 } hitcount:         67
{ common_pid: mc-worker       [      3041], ret:          5 } hitcount:         68
{ common_pid: mc-worker       [      3046], ret:        539 } hitcount:         68
{ common_pid: mc-worker       [      3046], ret:        566 } hitcount:         69
{ common_pid: mc-worker       [      3045], ret:        539 } hitcount:         69
{ common_pid: mc-worker       [      3044], ret:        549 } hitcount:         69
{ common_pid: mc-worker       [      3037], ret:        530 } hitcount:         70
{ common_pid: mc-worker       [      3043], ret:          5 } hitcount:         71
{ common_pid: mc-worker       [      3046], ret:        538 } hitcount:         73
{ common_pid: mc-worker       [      3045], ret:        565 } hitcount:         75
{ common_pid: mc-worker       [      3037], ret:        503 } hitcount:         75
{ common_pid: mc-worker       [      3042], ret:        532 } hitcount:         76
{ common_pid: mc-worker       [      3043], ret:        512 } hitcount:         78
{ common_pid: mc-worker       [      3034], ret:        516 } hitcount:         78
{ common_pid: mc-worker       [      3034], ret:          5 } hitcount:         78
{ common_pid: mc-worker       [      3045], ret:          5 } hitcount:         79
{ common_pid: mc-worker       [      3045], ret:        564 } hitcount:         80
{ common_pid: mc-worker       [      3046], ret:        565 } hitcount:         80
{ common_pid: mc-worker       [      3041], ret:        514 } hitcount:         81
{ common_pid: mc-worker       [      3042], ret:        557 } hitcount:         82
{ common_pid: mc-worker       [      3044], ret:        551 } hitcount:         83
{ common_pid: mc-worker       [      3034], ret:        515 } hitcount:         86
{ common_pid: mc-worker       [      3042], ret:          5 } hitcount:         87
{ common_pid: mc-worker       [      3037], ret:        502 } hitcount:         89
{ common_pid: mc-worker       [      3045], ret:        541 } hitcount:         89
{ common_pid: mc-worker       [      3037], ret:          5 } hitcount:         90
{ common_pid: mc-worker       [      3043], ret:        535 } hitcount:         90
{ common_pid: mc-worker       [      3043], ret:        513 } hitcount:         92
{ common_pid: mc-worker       [      3042], ret:        533 } hitcount:         95
{ common_pid: mc-worker       [      3044], ret:        553 } hitcount:         97
{ common_pid: mc-worker       [      3042], ret:        558 } hitcount:         97
{ common_pid: mc-worker       [      3043], ret:        514 } hitcount:         98
{ common_pid: mc-worker       [      3046], ret:        540 } hitcount:         99
{ common_pid: mc-worker       [      3041], ret:        538 } hitcount:        101
{ common_pid: mc-worker       [      3042], ret:        534 } hitcount:        102
{ common_pid: mc-worker       [      3046], ret:        541 } hitcount:        102
{ common_pid: mc-worker       [      3041], ret:        515 } hitcount:        102
{ common_pid: mc-worker       [      3037], ret:        504 } hitcount:        103
{ common_pid: mc-worker       [      3043], ret:          4 } hitcount:        106
{ common_pid: mc-worker       [      3034], ret:        517 } hitcount:        109
{ common_pid: mc-worker       [      3037], ret:        505 } hitcount:        111
{ common_pid: mc-worker       [      3037], ret:        529 } hitcount:        112
{ common_pid: mc-worker       [      3044], ret:        552 } hitcount:        114
{ common_pid: mc-worker       [      3037], ret:        528 } hitcount:        114
{ common_pid: mc-worker       [      3045], ret:        563 } hitcount:        116
{ common_pid: mc-worker       [      3043], ret:        516 } hitcount:        118
{ common_pid: mc-worker       [      3044], ret:        573 } hitcount:        120
{ common_pid: mc-worker       [      3046], ret:        564 } hitcount:        122
{ common_pid: mc-worker       [      3043], ret:        515 } hitcount:        124
{ common_pid: mc-worker       [      3044], ret:          4 } hitcount:        127
{ common_pid: mc-worker       [      3043], ret:        534 } hitcount:        128
{ common_pid: mc-worker       [      3044], ret:        572 } hitcount:        130
{ common_pid: mc-worker       [      3041], ret:        516 } hitcount:        130
{ common_pid: mc-worker       [      3034], ret:        518 } hitcount:        130
{ common_pid: mc-worker       [      3034], ret:        542 } hitcount:        131
{ common_pid: mc-worker       [      3045], ret:        543 } hitcount:        134
{ common_pid: mc-worker       [      3042], ret:        535 } hitcount:        135
{ common_pid: mc-worker       [      3034], ret:        541 } hitcount:        135
{ common_pid: mc-worker       [      3041], ret:        537 } hitcount:        139
{ common_pid: mc-worker       [      3042], ret:        556 } hitcount:        139
{ common_pid: mc-worker       [      3045], ret:        542 } hitcount:        139
{ common_pid: mc-worker       [      3041], ret:        517 } hitcount:        141
{ common_pid: mc-worker       [      3046], ret:        542 } hitcount:        143
{ common_pid: mc-worker       [      3043], ret:        533 } hitcount:        144
{ common_pid: mc-worker       [      3046], ret:        563 } hitcount:        147
{ common_pid: mc-worker       [      3045], ret:          4 } hitcount:        148
{ common_pid: mc-worker       [      3045], ret:        544 } hitcount:        149
{ common_pid: mc-worker       [      3034], ret:        519 } hitcount:        151
{ common_pid: mc-worker       [      3045], ret:        562 } hitcount:        151
{ common_pid: mc-worker       [      3037], ret:          4 } hitcount:        154
{ common_pid: mc-worker       [      3044], ret:        554 } hitcount:        154
{ common_pid: mc-worker       [      3046], ret:        543 } hitcount:        154
{ common_pid: mc-worker       [      3034], ret:          4 } hitcount:        155
{ common_pid: mc-worker       [      3041], ret:        518 } hitcount:        155
{ common_pid: mc-worker       [      3042], ret:          4 } hitcount:        157
{ common_pid: mc-worker       [      3037], ret:        527 } hitcount:        158
{ common_pid: mc-worker       [      3042], ret:        555 } hitcount:        159
{ common_pid: mc-worker       [      3046], ret:          4 } hitcount:        159
{ common_pid: mc-worker       [      3037], ret:        507 } hitcount:        161
{ common_pid: mc-worker       [      3043], ret:        517 } hitcount:        162
{ common_pid: mc-worker       [      3037], ret:        506 } hitcount:        165
{ common_pid: mc-worker       [      3041], ret:          4 } hitcount:        165
{ common_pid: mc-worker       [      3045], ret:        545 } hitcount:        167
{ common_pid: mc-worker       [      3042], ret:        537 } hitcount:        171
{ common_pid: mc-worker       [      3044], ret:        571 } hitcount:        171
{ common_pid: mc-worker       [      3037], ret:        526 } hitcount:        174
{ common_pid: mc-worker       [      3044], ret:        555 } hitcount:        175
{ common_pid: mc-worker       [      3042], ret:        536 } hitcount:        175
{ common_pid: mc-worker       [      3034], ret:        520 } hitcount:        175
{ common_pid: mc-worker       [      3037], ret:        508 } hitcount:        179
{ common_pid: mc-worker       [      3045], ret:        561 } hitcount:        181
{ common_pid: mc-worker       [      3034], ret:        539 } hitcount:        181
{ common_pid: mc-worker       [      3046], ret:        562 } hitcount:        183
{ common_pid: mc-worker       [      3034], ret:        540 } hitcount:        183
{ common_pid: mc-worker       [      3041], ret:        536 } hitcount:        185
{ common_pid: mc-worker       [      3043], ret:        518 } hitcount:        186
{ common_pid: mc-worker       [      3043], ret:        519 } hitcount:        186
{ common_pid: mc-worker       [      3041], ret:        519 } hitcount:        189
{ common_pid: mc-worker       [      3042], ret:        538 } hitcount:        190
{ common_pid: mc-worker       [      3046], ret:        544 } hitcount:        192
{ common_pid: mc-worker       [      3044], ret:        556 } hitcount:        193
{ common_pid: mc-worker       [      3043], ret:        532 } hitcount:        193
{ common_pid: mc-worker       [      3043], ret:          3 } hitcount:        194
{ common_pid: mc-worker       [      3042], ret:        539 } hitcount:        196
{ common_pid: mc-worker       [      3042], ret:        554 } hitcount:        199
{ common_pid: mc-worker       [      3034], ret:        521 } hitcount:        200
{ common_pid: mc-worker       [      3044], ret:        557 } hitcount:        201
{ common_pid: mc-worker       [      3046], ret:        545 } hitcount:        202
{ common_pid: mc-worker       [      3045], ret:        546 } hitcount:        204
{ common_pid: mc-worker       [      3044], ret:        570 } hitcount:        207
{ common_pid: mc-worker       [      3045], ret:        560 } hitcount:        207
{ common_pid: mc-worker       [      3045], ret:        547 } hitcount:        212
{ common_pid: mc-worker       [      3041], ret:        535 } hitcount:        212
{ common_pid: mc-worker       [      3044], ret:          3 } hitcount:        212
{ common_pid: mc-worker       [      3034], ret:        538 } hitcount:        213
{ common_pid: mc-worker       [      3034], ret:        522 } hitcount:        216
{ common_pid: mc-worker       [      3043], ret:        520 } hitcount:        220
{ common_pid: mc-worker       [      3043], ret:        531 } hitcount:        221
{ common_pid: mc-worker       [      3037], ret:        509 } hitcount:        224
{ common_pid: mc-worker       [      3044], ret:        569 } hitcount:        227
{ common_pid: mc-worker       [      3046], ret:        546 } hitcount:        228
{ common_pid: mc-worker       [      3041], ret:        520 } hitcount:        230
{ common_pid: mc-worker       [      3044], ret:        558 } hitcount:        233
{ common_pid: mc-worker       [      3045], ret:        548 } hitcount:        237
{ common_pid: mc-worker       [      3042], ret:        553 } hitcount:        238
{ common_pid: mc-worker       [      3045], ret:        550 } hitcount:        238
{ common_pid: mc-worker       [      3045], ret:        559 } hitcount:        239
{ common_pid: mc-worker       [      3046], ret:        561 } hitcount:        242
{ common_pid: mc-worker       [      3045], ret:        549 } hitcount:        246
{ common_pid: mc-worker       [      3046], ret:        547 } hitcount:        249
{ common_pid: mc-worker       [      3043], ret:        521 } hitcount:        249
{ common_pid: mc-worker       [      3046], ret:        560 } hitcount:        250
{ common_pid: mc-worker       [      3044], ret:        568 } hitcount:        253
{ common_pid: mc-worker       [      3043], ret:        530 } hitcount:        253
{ common_pid: mc-worker       [      3037], ret:        525 } hitcount:        255
{ common_pid: mc-worker       [      3045], ret:        558 } hitcount:        255
{ common_pid: mc-worker       [      3042], ret:        541 } hitcount:        256
{ common_pid: mc-worker       [      3042], ret:        540 } hitcount:        257
{ common_pid: mc-worker       [      3034], ret:        523 } hitcount:        261
{ common_pid: mc-worker       [      3037], ret:        524 } hitcount:        261
{ common_pid: mc-worker       [      3045], ret:        557 } hitcount:        261
{ common_pid: mc-worker       [      3046], ret:        548 } hitcount:        264
{ common_pid: mc-worker       [      3034], ret:        524 } hitcount:        267
{ common_pid: mc-worker       [      3041], ret:        534 } hitcount:        269
{ common_pid: mc-worker       [      3044], ret:        559 } hitcount:        270
{ common_pid: mc-worker       [      3043], ret:        522 } hitcount:        270
{ common_pid: mc-worker       [      3034], ret:        537 } hitcount:        272
{ common_pid: mc-worker       [      3037], ret:        510 } hitcount:        273
{ common_pid: mc-worker       [      3045], ret:        553 } hitcount:        275
{ common_pid: mc-worker       [      3045], ret:          3 } hitcount:        277
{ common_pid: mc-worker       [      3041], ret:        521 } hitcount:        277
{ common_pid: mc-worker       [      3045], ret:        556 } hitcount:        279
{ common_pid: mc-worker       [      3044], ret:        567 } hitcount:        279
{ common_pid: mc-worker       [      3041], ret:        533 } hitcount:        279
{ common_pid: mc-worker       [      3045], ret:        555 } hitcount:        280
{ common_pid: mc-worker       [      3045], ret:        551 } hitcount:        280
{ common_pid: mc-worker       [      3043], ret:        523 } hitcount:        281
{ common_pid: mc-worker       [      3046], ret:          3 } hitcount:        284
{ common_pid: mc-worker       [      3034], ret:        525 } hitcount:        287
{ common_pid: mc-worker       [      3037], ret:        511 } hitcount:        289
{ common_pid: mc-worker       [      3043], ret:        528 } hitcount:        290
{ common_pid: mc-worker       [      3041], ret:          3 } hitcount:        292
{ common_pid: mc-worker       [      3043], ret:        526 } hitcount:        292
{ common_pid: mc-worker       [      3037], ret:        512 } hitcount:        297
{ common_pid: mc-worker       [      3043], ret:        527 } hitcount:        298
{ common_pid: mc-worker       [      3042], ret:        542 } hitcount:        298
{ common_pid: mc-worker       [      3042], ret:        551 } hitcount:        299
{ common_pid: mc-worker       [      3046], ret:        559 } hitcount:        300
{ common_pid: mc-worker       [      3043], ret:        529 } hitcount:        300
{ common_pid: mc-worker       [      3034], ret:          3 } hitcount:        301
{ common_pid: mc-worker       [      3043], ret:        525 } hitcount:        301
{ common_pid: mc-worker       [      3042], ret:        552 } hitcount:        302
{ common_pid: mc-worker       [      3043], ret:        524 } hitcount:        302
{ common_pid: mc-worker       [      3041], ret:        523 } hitcount:        303
{ common_pid: mc-worker       [      3034], ret:        536 } hitcount:        304
{ common_pid: mc-worker       [      3046], ret:        558 } hitcount:        305
{ common_pid: mc-worker       [      3045], ret:        552 } hitcount:        306
{ common_pid: mc-worker       [      3046], ret:        557 } hitcount:        306
{ common_pid: mc-worker       [      3044], ret:        560 } hitcount:        306
{ common_pid: mc-worker       [      3037], ret:          3 } hitcount:        308
{ common_pid: mc-worker       [      3046], ret:        549 } hitcount:        310
{ common_pid: mc-worker       [      3045], ret:        554 } hitcount:        310
{ common_pid: mc-worker       [      3034], ret:        526 } hitcount:        314
{ common_pid: mc-worker       [      3037], ret:        522 } hitcount:        315
{ common_pid: mc-worker       [      3044], ret:        566 } hitcount:        315
{ common_pid: mc-worker       [      3041], ret:        522 } hitcount:        315
{ common_pid: mc-worker       [      3044], ret:        562 } hitcount:        316
{ common_pid: mc-worker       [      3046], ret:        550 } hitcount:        316
{ common_pid: mc-worker       [      3042], ret:        550 } hitcount:        317
{ common_pid: mc-worker       [      3042], ret:        544 } hitcount:        321
{ common_pid: mc-worker       [      3044], ret:        561 } hitcount:        323
{ common_pid: mc-worker       [      3046], ret:        551 } hitcount:        324
{ common_pid: mc-worker       [      3041], ret:        532 } hitcount:        327
{ common_pid: mc-worker       [      3046], ret:        554 } hitcount:        331
{ common_pid: mc-worker       [      3044], ret:        564 } hitcount:        332
{ common_pid: mc-worker       [      3034], ret:        527 } hitcount:        333
{ common_pid: mc-worker       [      3042], ret:        543 } hitcount:        334
{ common_pid: mc-worker       [      3042], ret:          3 } hitcount:        337
{ common_pid: mc-worker       [      3046], ret:        553 } hitcount:        339
{ common_pid: mc-worker       [      3042], ret:        548 } hitcount:        339
{ common_pid: mc-worker       [      3046], ret:        552 } hitcount:        344
{ common_pid: mc-worker       [      3034], ret:        535 } hitcount:        344
{ common_pid: mc-worker       [      3034], ret:        530 } hitcount:        347
{ common_pid: mc-worker       [      3042], ret:        549 } hitcount:        348
{ common_pid: mc-worker       [      3044], ret:        563 } hitcount:        349
{ common_pid: mc-worker       [      3037], ret:        523 } hitcount:        349
{ common_pid: mc-worker       [      3041], ret:        524 } hitcount:        351
{ common_pid: mc-worker       [      3043], ret:          2 } hitcount:        353
{ common_pid: mc-worker       [      3037], ret:        516 } hitcount:        354
{ common_pid: mc-worker       [      3034], ret:        528 } hitcount:        357
{ common_pid: mc-worker       [      3042], ret:        547 } hitcount:        357
{ common_pid: mc-worker       [      3046], ret:        556 } hitcount:        359
{ common_pid: mc-worker       [      3037], ret:        513 } hitcount:        360
{ common_pid: mc-worker       [      3034], ret:        531 } hitcount:        361
{ common_pid: mc-worker       [      3037], ret:        521 } hitcount:        361
{ common_pid: mc-worker       [      3041], ret:        531 } hitcount:        363
{ common_pid: mc-worker       [      3042], ret:        546 } hitcount:        366
{ common_pid: mc-worker       [      3037], ret:        520 } hitcount:        367
{ common_pid: mc-worker       [      3037], ret:        514 } hitcount:        371
{ common_pid: mc-worker       [      3044], ret:        565 } hitcount:        371
{ common_pid: mc-worker       [      3042], ret:        545 } hitcount:        372
{ common_pid: mc-worker       [      3046], ret:        555 } hitcount:        372
{ common_pid: mc-worker       [      3041], ret:        525 } hitcount:        373
{ common_pid: mc-worker       [      3041], ret:        526 } hitcount:        374
{ common_pid: mc-worker       [      3034], ret:        529 } hitcount:        377
{ common_pid: mc-worker       [      3041], ret:        529 } hitcount:        380
{ common_pid: mc-worker       [      3041], ret:        530 } hitcount:        383
{ common_pid: mc-worker       [      3044], ret:          2 } hitcount:        388
{ common_pid: mc-worker       [      3034], ret:        534 } hitcount:        390
{ common_pid: mc-worker       [      3034], ret:        532 } hitcount:        391
{ common_pid: mc-worker       [      3034], ret:        533 } hitcount:        396
{ common_pid: mc-worker       [      3041], ret:        527 } hitcount:        401
{ common_pid: mc-worker       [      3037], ret:        519 } hitcount:        402
{ common_pid: mc-worker       [      3037], ret:        515 } hitcount:        403
{ common_pid: mc-worker       [      3037], ret:        517 } hitcount:        404
{ common_pid: mc-worker       [      3041], ret:        528 } hitcount:        406
{ common_pid: mc-worker       [      3037], ret:        518 } hitcount:        425
{ common_pid: mc-worker       [      3045], ret:          2 } hitcount:        483
{ common_pid: mc-worker       [      3046], ret:          2 } hitcount:        528
{ common_pid: mc-worker       [      3037], ret:          2 } hitcount:        545
{ common_pid: mc-worker       [      3042], ret:          2 } hitcount:        556
{ common_pid: mc-worker       [      3034], ret:          2 } hitcount:        576
{ common_pid: mc-worker       [      3041], ret:          2 } hitcount:        601
{ common_pid: mc-worker       [      3043], ret:          1 } hitcount:       1262
{ common_pid: mc-worker       [      3044], ret:          1 } hitcount:       1365
{ common_pid: mc-worker       [      3037], ret:          1 } hitcount:       1406
{ common_pid: mc-worker       [      3045], ret:          1 } hitcount:       1426
{ common_pid: mc-worker       [      3041], ret:          1 } hitcount:       1501
{ common_pid: mc-worker       [      3042], ret:          1 } hitcount:       1523
{ common_pid: mc-worker       [      3046], ret:          1 } hitcount:       1524
{ common_pid: mc-worker       [      3034], ret:          1 } hitcount:       1535
