{ common_pid: mc-worker       [    271250], ret:         36 } hitcount:          1
{ common_pid: mc-worker       [    271249], ret:         20 } hitcount:          1
{ common_pid: mc-worker       [    271251], ret:         20 } hitcount:          1
{ common_pid: mc-worker       [    271252], ret:        108 } hitcount:          1
{ common_pid: mc-worker       [    271250], ret:         14 } hitcount:          1
{ common_pid: mc-worker       [    271249], ret:         34 } hitcount:          1
{ common_pid: mc-worker       [    271249], ret:         24 } hitcount:          1
{ common_pid: mc-worker       [    271251], ret:         77 } hitcount:          1
{ common_pid: mc-worker       [    271255], ret:         14 } hitcount:          1
{ common_pid: mc-worker       [    271253], ret:         21 } hitcount:          1
{ common_pid: mc-worker       [    271252], ret:         50 } hitcount:          1
{ common_pid: mc-worker       [    271253], ret:         35 } hitcount:          1
{ common_pid: mc-worker       [    271253], ret:         15 } hitcount:          1
{ common_pid: mc-worker       [    271249], ret:         33 } hitcount:          1
{ common_pid: mc-worker       [    271256], ret:         20 } hitcount:          1
{ common_pid: mc-worker       [    271255], ret:         18 } hitcount:          1
{ common_pid: mc-worker       [    271249], ret:         27 } hitcount:          1
{ common_pid: mc-worker       [    271253], ret:         98 } hitcount:          1
{ common_pid: mc-worker       [    271252], ret:         45 } hitcount:          1
{ common_pid: mc-worker       [    271253], ret:         79 } hitcount:          1
{ common_pid: mc-worker       [    271256], ret:         30 } hitcount:          1
{ common_pid: mc-worker       [    271255], ret:         95 } hitcount:          1
{ common_pid: mc-worker       [    271254], ret:         49 } hitcount:          1
{ common_pid: mc-worker       [    271252], ret:          5 } hitcount:          1
{ common_pid: mc-worker       [    271256], ret:        114 } hitcount:          1
{ common_pid: mc-worker       [    271256], ret:        125 } hitcount:          1
{ common_pid: mc-worker       [    271252], ret:         78 } hitcount:          1
{ common_pid: mc-worker       [    271255], ret:         75 } hitcount:          1
{ common_pid: mc-worker       [    271252], ret:        104 } hitcount:          1
{ common_pid: mc-worker       [    271249], ret:         11 } hitcount:          1
{ common_pid: mc-worker       [    271249], ret:         32 } hitcount:          1
{ common_pid: mc-worker       [    271252], ret:         39 } hitcount:          1
{ common_pid: mc-worker       [    271250], ret:         37 } hitcount:          1
{ common_pid: mc-worker       [    271256], ret:         24 } hitcount:          1
{ common_pid: mc-worker       [    271252], ret:          7 } hitcount:          1
{ common_pid: mc-worker       [    271253], ret:         41 } hitcount:          1
{ common_pid: mc-worker       [    271254], ret:         43 } hitcount:          1
{ common_pid: mc-worker       [    271250], ret:         12 } hitcount:          1
{ common_pid: mc-worker       [    271251], ret:         28 } hitcount:          1
{ common_pid: mc-worker       [    271249], ret:          9 } hitcount:          1
{ common_pid: mc-worker       [    271253], ret:         77 } hitcount:          1
{ common_pid: mc-worker       [    271253], ret:        111 } hitcount:          1
{ common_pid: mc-worker       [    271254], ret:         91 } hitcount:          1
{ common_pid: mc-worker       [    271249], ret:         49 } hitcount:          1
{ common_pid: mc-worker       [    271249], ret:        107 } hitcount:          1
{ common_pid: mc-worker       [    271256], ret:         85 } hitcount:          1
{ common_pid: mc-worker       [    271253], ret:        106 } hitcount:          1
{ common_pid: mc-worker       [    271256], ret:         28 } hitcount:          1
{ common_pid: mc-worker       [    271253], ret:          7 } hitcount:          1
{ common_pid: mc-worker       [    271252], ret:        120 } hitcount:          1
{ common_pid: mc-worker       [    271252], ret:         52 } hitcount:          1
{ common_pid: mc-worker       [    271255], ret:         12 } hitcount:          1
{ common_pid: mc-worker       [    271254], ret:        111 } hitcount:          1
{ common_pid: mc-worker       [    271249], ret:         47 } hitcount:          1
{ common_pid: mc-worker       [    271253], ret:         20 } hitcount:          1
{ common_pid: mc-worker       [    271251], ret:        128 } hitcount:          1
{ common_pid: mc-worker       [    271256], ret:        123 } hitcount:          1
{ common_pid: mc-worker       [    271254], ret:        121 } hitcount:          1
{ common_pid: mc-worker       [    271252], ret:         40 } hitcount:          1
{ common_pid: mc-worker       [    271254], ret:         44 } hitcount:          1
{ common_pid: mc-worker       [    271253], ret:        107 } hitcount:          1
{ common_pid: mc-worker       [    271254], ret:         50 } hitcount:          1
{ common_pid: mc-worker       [    271251], ret:         50 } hitcount:          1
{ common_pid: mc-worker       [    271252], ret:         19 } hitcount:          1
{ common_pid: mc-worker       [    271254], ret:        124 } hitcount:          1
{ common_pid: mc-worker       [    271252], ret:         25 } hitcount:          1
{ common_pid: mc-worker       [    271253], ret:        128 } hitcount:          1
{ common_pid: mc-worker       [    271251], ret:         76 } hitcount:          1
{ common_pid: mc-worker       [    271253], ret:         45 } hitcount:          1
{ common_pid: mc-worker       [    271250], ret:         10 } hitcount:          1
{ common_pid: mc-worker       [    271252], ret:         10 } hitcount:          1
{ common_pid: mc-worker       [    271250], ret:         50 } hitcount:          1
{ common_pid: mc-worker       [    271251], ret:         39 } hitcount:          1
{ common_pid: mc-worker       [    271252], ret:        124 } hitcount:          1
{ common_pid: mc-worker       [    271256], ret:         48 } hitcount:          1
{ common_pid: mc-worker       [    271255], ret:         51 } hitcount:          1
{ common_pid: mc-worker       [    271256], ret:          8 } hitcount:          1
{ common_pid: mc-worker       [    271251], ret:         21 } hitcount:          1
{ common_pid: mc-worker       [    271252], ret:         30 } hitcount:          1
{ common_pid: mc-worker       [    271252], ret:        118 } hitcount:          1
{ common_pid: mc-worker       [    271255], ret:        104 } hitcount:          1
{ common_pid: mc-worker       [    271250], ret:         77 } hitcount:          1
{ common_pid: mc-worker       [    271255], ret:        117 } hitcount:          1
{ common_pid: mc-worker       [    271250], ret:        102 } hitcount:          1
{ common_pid: mc-worker       [    271250], ret:         84 } hitcount:          1
{ common_pid: mc-worker       [    271254], ret:         27 } hitcount:          1
{ common_pid: mc-worker       [    271249], ret:         85 } hitcount:          1
{ common_pid: mc-worker       [    271251], ret:         19 } hitcount:          1
{ common_pid: mc-worker       [    271255], ret:         47 } hitcount:          1
{ common_pid: mc-worker       [    271255], ret:         45 } hitcount:          1
{ common_pid: mc-worker       [    271251], ret:         37 } hitcount:          1
{ common_pid: mc-worker       [    271251], ret:        114 } hitcount:          1
{ common_pid: mc-worker       [    271256], ret:          9 } hitcount:          1
{ common_pid: mc-worker       [    271252], ret:         31 } hitcount:          1
{ common_pid: mc-worker       [    271251], ret:         34 } hitcount:          1
{ common_pid: mc-worker       [    271252], ret:         38 } hitcount:          1
{ common_pid: mc-worker       [    271252], ret:         87 } hitcount:          1
{ common_pid: mc-worker       [    271250], ret:         49 } hitcount:          1
{ common_pid: mc-worker       [    271249], ret:        111 } hitcount:          1
{ common_pid: mc-worker       [    271251], ret:        109 } hitcount:          1
{ common_pid: mc-worker       [    271255], ret:         83 } hitcount:          1
{ common_pid: mc-worker       [    271256], ret:        119 } hitcount:          1
{ common_pid: mc-worker       [    271249], ret:          7 } hitcount:          1
{ common_pid: mc-worker       [    271254], ret:         22 } hitcount:          1
{ common_pid: mc-worker       [    271256], ret:         98 } hitcount:          1
{ common_pid: mc-worker       [    271249], ret:         78 } hitcount:          1
{ common_pid: mc-worker       [    271253], ret:         25 } hitcount:          1
{ common_pid: mc-worker       [    271254], ret:          6 } hitcount:          1
{ common_pid: mc-worker       [    271254], ret:         77 } hitcount:          1
{ common_pid: mc-worker       [    271251], ret:         32 } hitcount:          1
{ common_pid: mc-worker       [    271253], ret:        116 } hitcount:          1
{ common_pid: mc-worker       [    271251], ret:         92 } hitcount:          1
{ common_pid: mc-worker       [    271255], ret:         94 } hitcount:          1
{ common_pid: mc-worker       [    271256], ret:         46 } hitcount:          1
{ common_pid: mc-worker       [    271253], ret:         49 } hitcount:          1
{ common_pid: mc-worker       [    271250], ret:         20 } hitcount:          1
{ common_pid: mc-worker       [    271256], ret:         23 } hitcount:          1
{ common_pid: mc-worker       [    271249], ret:         87 } hitcount:          1
{ common_pid: mc-worker       [    271253], ret:         51 } hitcount:          1
{ common_pid: mc-worker       [    271249], ret:         17 } hitcount:          1
{ common_pid: mc-worker       [    271252], ret:         33 } hitcount:          1
{ common_pid: mc-worker       [    271249], ret:         22 } hitcount:          1
{ common_pid: mc-worker       [    271253], ret:         46 } hitcount:          1
{ common_pid: mc-worker       [    271254], ret:         41 } hitcount:          1
{ common_pid: mc-worker       [    271254], ret:         34 } hitcount:          1
{ common_pid: mc-worker       [    271253], ret:         38 } hitcount:          1
{ common_pid: mc-worker       [    271251], ret:        120 } hitcount:          1
{ common_pid: mc-worker       [    271253], ret:         76 } hitcount:          1
{ common_pid: mc-worker       [    271249], ret:         76 } hitcount:          1
{ common_pid: mc-worker       [    271249], ret:         14 } hitcount:          1
{ common_pid: mc-worker       [    271250], ret:        120 } hitcount:          1
{ common_pid: mc-worker       [    271253], ret:         39 } hitcount:          1
{ common_pid: mc-worker       [    271250], ret:        110 } hitcount:          1
{ common_pid: mc-worker       [    271252], ret:         24 } hitcount:          1
{ common_pid: mc-worker       [    271253], ret:         89 } hitcount:          1
{ common_pid: mc-worker       [    271249], ret:         37 } hitcount:          1
{ common_pid: mc-worker       [    271256], ret:         21 } hitcount:          1
{ common_pid: mc-worker       [    271249], ret:        109 } hitcount:          1
{ common_pid: mc-worker       [    271250], ret:         22 } hitcount:          1
{ common_pid: mc-worker       [    271251], ret:         11 } hitcount:          1
{ common_pid: mc-worker       [    271253], ret:         47 } hitcount:          1
{ common_pid: mc-worker       [    271256], ret:         94 } hitcount:          1
{ common_pid: mc-worker       [    271250], ret:         44 } hitcount:          1
{ common_pid: mc-worker       [    271253], ret:         42 } hitcount:          1
{ common_pid: mc-worker       [    271250], ret:         28 } hitcount:          1
{ common_pid: mc-worker       [    271254], ret:         32 } hitcount:          1
{ common_pid: mc-worker       [    271256], ret:         14 } hitcount:          1
{ common_pid: mc-worker       [    271249], ret:         83 } hitcount:          1
{ common_pid: mc-worker       [    271253], ret:         34 } hitcount:          1
{ common_pid: mc-worker       [    271255], ret:         41 } hitcount:          1
{ common_pid: mc-worker       [    271254], ret:          9 } hitcount:          1
{ common_pid: mc-worker       [    271254], ret:        120 } hitcount:          1
{ common_pid: mc-worker       [    271255], ret:        106 } hitcount:          1
{ common_pid: mc-worker       [    271250], ret:         31 } hitcount:          1
{ common_pid: mc-worker       [    271251], ret:         82 } hitcount:          1
{ common_pid: mc-worker       [    271253], ret:         19 } hitcount:          1
{ common_pid: mc-worker       [    271251], ret:        102 } hitcount:          1
{ common_pid: mc-worker       [    271250], ret:         23 } hitcount:          1
{ common_pid: mc-worker       [    271252], ret:        127 } hitcount:          1
{ common_pid: mc-worker       [    271254], ret:         45 } hitcount:          1
{ common_pid: mc-worker       [    271253], ret:          8 } hitcount:          1
{ common_pid: mc-worker       [    271251], ret:         91 } hitcount:          1
{ common_pid: mc-worker       [    271255], ret:         77 } hitcount:          1
{ common_pid: mc-worker       [    271251], ret:         95 } hitcount:          1
{ common_pid: mc-worker       [    271249], ret:         45 } hitcount:          1
{ common_pid: mc-worker       [    271254], ret:         16 } hitcount:          1
{ common_pid: mc-worker       [    271256], ret:         87 } hitcount:          1
{ common_pid: mc-worker       [    271254], ret:        112 } hitcount:          1
{ common_pid: mc-worker       [    271254], ret:         47 } hitcount:          1
{ common_pid: mc-worker       [    271251], ret:         52 } hitcount:          1
{ common_pid: mc-worker       [    271253], ret:         52 } hitcount:          1
{ common_pid: mc-worker       [    271251], ret:         22 } hitcount:          1
{ common_pid: mc-worker       [    271250], ret:         86 } hitcount:          1
{ common_pid: mc-worker       [    271250], ret:         29 } hitcount:          1
{ common_pid: mc-worker       [    271254], ret:         89 } hitcount:          1
{ common_pid: mc-worker       [    271249], ret:         75 } hitcount:          2
{ common_pid: mc-worker       [    271254], ret:         24 } hitcount:          2
{ common_pid: mc-worker       [    271254], ret:         51 } hitcount:          2
{ common_pid: mc-worker       [    271254], ret:         53 } hitcount:          2
{ common_pid: mc-worker       [    271250], ret:         25 } hitcount:          2
{ common_pid: mc-worker       [    271250], ret:         83 } hitcount:          2
{ common_pid: mc-worker       [    271255], ret:          6 } hitcount:          2
{ common_pid: mc-worker       [    271254], ret:         31 } hitcount:          2
{ common_pid: mc-worker       [    271252], ret:         32 } hitcount:          2
{ common_pid: mc-worker       [    271254], ret:         48 } hitcount:          2
{ common_pid: mc-worker       [    271252], ret:         15 } hitcount:          2
{ common_pid: mc-worker       [    271252], ret:          6 } hitcount:          2
{ common_pid: mc-worker       [    271249], ret:         39 } hitcount:          2
{ common_pid: mc-worker       [    271253], ret:        125 } hitcount:          2
{ common_pid: mc-worker       [    271249], ret:         53 } hitcount:          2
{ common_pid: mc-worker       [    271250], ret:         32 } hitcount:          2
{ common_pid: mc-worker       [    271256], ret:          6 } hitcount:          2
{ common_pid: mc-worker       [    271251], ret:         75 } hitcount:          2
{ common_pid: mc-worker       [    271254], ret:         12 } hitcount:          2
{ common_pid: mc-worker       [    271249], ret:         25 } hitcount:          2
{ common_pid: mc-worker       [    271252], ret:         53 } hitcount:          2
{ common_pid: mc-worker       [    271253], ret:         40 } hitcount:          2
{ common_pid: mc-worker       [    271250], ret:         53 } hitcount:          2
{ common_pid: mc-worker       [    271249], ret:         51 } hitcount:          2
{ common_pid: mc-worker       [    271249], ret:         52 } hitcount:          2
{ common_pid: mc-worker       [    271256], ret:        120 } hitcount:          2
{ common_pid: mc-worker       [    271249], ret:         29 } hitcount:          2
{ common_pid: mc-worker       [    271254], ret:         40 } hitcount:          2
{ common_pid: mc-worker       [    271250], ret:          5 } hitcount:          2
{ common_pid: mc-worker       [    271253], ret:         75 } hitcount:          2
{ common_pid: mc-worker       [    271252], ret:         49 } hitcount:          2
{ common_pid: mc-worker       [    271256], ret:        126 } hitcount:          2
{ common_pid: mc-worker       [    271249], ret:         16 } hitcount:          2
{ common_pid: mc-worker       [    271252], ret:         47 } hitcount:          2
{ common_pid: mc-worker       [    271255], ret:         22 } hitcount:          2
{ common_pid: mc-worker       [    271253], ret:         23 } hitcount:          2
{ common_pid: mc-worker       [    271251], ret:        127 } hitcount:          2
{ common_pid: mc-worker       [    271255], ret:         23 } hitcount:          2
{ common_pid: mc-worker       [    271253], ret:         50 } hitcount:          2
{ common_pid: mc-worker       [    271250], ret:          7 } hitcount:          2
{ common_pid: mc-worker       [    271253], ret:        126 } hitcount:          3
{ common_pid: mc-worker       [    271251], ret:          8 } hitcount:          3
{ common_pid: mc-worker       [    271252], ret:        123 } hitcount:          3
{ common_pid: mc-worker       [    271254], ret:         76 } hitcount:          3
{ common_pid: mc-worker       [    271250], ret:         75 } hitcount:          3
{ common_pid: mc-worker       [    271253], ret:          9 } hitcount:          3
{ common_pid: mc-worker       [    271252], ret:         75 } hitcount:          3
{ common_pid: mc-worker       [    271250], ret:         54 } hitcount:          3
{ common_pid: mc-worker       [    271251], ret:        125 } hitcount:          3
{ common_pid: mc-worker       [    271252], ret:         54 } hitcount:          3
{ common_pid: mc-worker       [    271254], ret:        126 } hitcount:          3
{ common_pid: mc-worker       [    271250], ret:        126 } hitcount:          3
{ common_pid: mc-worker       [    271249], ret:          5 } hitcount:          3
{ common_pid: mc-worker       [    271255], ret:         53 } hitcount:          3
{ common_pid: mc-worker       [    271255], ret:        128 } hitcount:          3
{ common_pid: mc-worker       [    271250], ret:        128 } hitcount:          3
{ common_pid: mc-worker       [    271256], ret:         12 } hitcount:          3
{ common_pid: mc-worker       [    271255], ret:        127 } hitcount:          3
{ common_pid: mc-worker       [    271249], ret:          6 } hitcount:          3
{ common_pid: mc-worker       [    271254], ret:         55 } hitcount:          4
{ common_pid: mc-worker       [    271256], ret:          5 } hitcount:          4
{ common_pid: mc-worker       [    271250], ret:          6 } hitcount:          4
{ common_pid: mc-worker       [    271255], ret:          5 } hitcount:          4
{ common_pid: mc-worker       [    271253], ret:         53 } hitcount:          4
{ common_pid: mc-worker       [    271254], ret:          5 } hitcount:          4
{ common_pid: mc-worker       [    271253], ret:          5 } hitcount:          4
{ common_pid: mc-worker       [    271251], ret:         54 } hitcount:          4
{ common_pid: mc-worker       [    271251], ret:         74 } hitcount:          5
{ common_pid: mc-worker       [    271255], ret:          4 } hitcount:          5
{ common_pid: mc-worker       [    271253], ret:         54 } hitcount:          5
{ common_pid: mc-worker       [    271252], ret:          9 } hitcount:          5
{ common_pid: mc-worker       [    271252], ret:         74 } hitcount:          5
{ common_pid: mc-worker       [    271250], ret:         74 } hitcount:          5
{ common_pid: mc-worker       [    271255], ret:         74 } hitcount:          6
{ common_pid: mc-worker       [    271256], ret:         76 } hitcount:          6
{ common_pid: mc-worker       [    271254], ret:         54 } hitcount:          6
{ common_pid: mc-worker       [    271254], ret:         73 } hitcount:          6
{ common_pid: mc-worker       [    271249], ret:        128 } hitcount:          6
{ common_pid: mc-worker       [    271255], ret:         54 } hitcount:          7
{ common_pid: mc-worker       [    271250], ret:          4 } hitcount:          7
{ common_pid: mc-worker       [    271256], ret:          4 } hitcount:          7
{ common_pid: mc-worker       [    271256], ret:         53 } hitcount:          8
{ common_pid: mc-worker       [    271249], ret:         74 } hitcount:          8
{ common_pid: mc-worker       [    271252], ret:          4 } hitcount:          8
{ common_pid: mc-worker       [    271253], ret:         55 } hitcount:          9
{ common_pid: mc-worker       [    271251], ret:          4 } hitcount:          9
{ common_pid: mc-worker       [    271256], ret:         75 } hitcount:          9
{ common_pid: mc-worker       [    271252], ret:         73 } hitcount:         10
{ common_pid: mc-worker       [    271254], ret:          4 } hitcount:         11
{ common_pid: mc-worker       [    271252], ret:         55 } hitcount:         11
{ common_pid: mc-worker       [    271253], ret:         74 } hitcount:         11
{ common_pid: mc-worker       [    271253], ret:          4 } hitcount:         12
{ common_pid: mc-worker       [    271256], ret:         54 } hitcount:         12
{ common_pid: mc-worker       [    271250], ret:         73 } hitcount:         13
{ common_pid: mc-worker       [    271249], ret:         54 } hitcount:         13
{ common_pid: mc-worker       [    271256], ret:         74 } hitcount:         15
{ common_pid: mc-worker       [    271256], ret:         55 } hitcount:         15
{ common_pid: mc-worker       [    271255], ret:         73 } hitcount:         15
{ common_pid: mc-worker       [    271255], ret:         55 } hitcount:         15
{ common_pid: mc-worker       [    271254], ret:         56 } hitcount:         16
{ common_pid: mc-worker       [    271254], ret:         72 } hitcount:         17
{ common_pid: mc-worker       [    271250], ret:         55 } hitcount:         17
{ common_pid: mc-worker       [    271251], ret:         55 } hitcount:         18
{ common_pid: mc-worker       [    271256], ret:          3 } hitcount:         19
{ common_pid: mc-worker       [    271249], ret:          4 } hitcount:         20
{ common_pid: mc-worker       [    271252], ret:         56 } hitcount:         21
{ common_pid: mc-worker       [    271251], ret:         73 } hitcount:         21
{ common_pid: mc-worker       [    271253], ret:         73 } hitcount:         21
{ common_pid: mc-worker       [    271252], ret:          3 } hitcount:         22
{ common_pid: mc-worker       [    271255], ret:          3 } hitcount:         24
{ common_pid: mc-worker       [    271249], ret:         55 } hitcount:         27
{ common_pid: mc-worker       [    271251], ret:          3 } hitcount:         28
{ common_pid: mc-worker       [    271253], ret:          3 } hitcount:         32
{ common_pid: mc-worker       [    271252], ret:         72 } hitcount:         33
{ common_pid: mc-worker       [    271256], ret:         73 } hitcount:         36
{ common_pid: mc-worker       [    271255], ret:         72 } hitcount:         38
{ common_pid: mc-worker       [    271250], ret:          3 } hitcount:         38
{ common_pid: mc-worker       [    271250], ret:         56 } hitcount:         39
{ common_pid: mc-worker       [    271254], ret:          3 } hitcount:         39
{ common_pid: mc-worker       [    271249], ret:         73 } hitcount:         40
{ common_pid: mc-worker       [    271254], ret:         57 } hitcount:         40
{ common_pid: mc-worker       [    271255], ret:         56 } hitcount:         41
{ common_pid: mc-worker       [    271251], ret:         72 } hitcount:         42
{ common_pid: mc-worker       [    271251], ret:         56 } hitcount:         43
{ common_pid: mc-worker       [    271250], ret:         72 } hitcount:         44
{ common_pid: mc-worker       [    271253], ret:         56 } hitcount:         45
{ common_pid: mc-worker       [    271249], ret:          3 } hitcount:         51
{ common_pid: mc-worker       [    271253], ret:         72 } hitcount:         52
{ common_pid: mc-worker       [    271254], ret:         71 } hitcount:         61
{ common_pid: mc-worker       [    271256], ret:         56 } hitcount:         70
{ common_pid: mc-worker       [    271252], ret:         57 } hitcount:         73
{ common_pid: mc-worker       [    271256], ret:         72 } hitcount:         79
{ common_pid: mc-worker       [    271249], ret:         56 } hitcount:         86
{ common_pid: mc-worker       [    271250], ret:         57 } hitcount:         91
{ common_pid: mc-worker       [    271252], ret:         71 } hitcount:         92
{ common_pid: mc-worker       [    271249], ret:         72 } hitcount:        109
{ common_pid: mc-worker       [    271250], ret:         71 } hitcount:        115
{ common_pid: mc-worker       [    271252], ret:          2 } hitcount:        116
{ common_pid: mc-worker       [    271254], ret:         58 } hitcount:        118
{ common_pid: mc-worker       [    271255], ret:         57 } hitcount:        118
{ common_pid: mc-worker       [    271255], ret:          2 } hitcount:        122
{ common_pid: mc-worker       [    271253], ret:          2 } hitcount:        123
{ common_pid: mc-worker       [    271251], ret:         57 } hitcount:        135
{ common_pid: mc-worker       [    271253], ret:         71 } hitcount:        135
{ common_pid: mc-worker       [    271253], ret:         57 } hitcount:        142
{ common_pid: mc-worker       [    271254], ret:         70 } hitcount:        142
{ common_pid: mc-worker       [    271251], ret:          2 } hitcount:        149
{ common_pid: mc-worker       [    271255], ret:         71 } hitcount:        152
{ common_pid: mc-worker       [    271256], ret:          2 } hitcount:        154
{ common_pid: mc-worker       [    271249], ret:          2 } hitcount:        158
{ common_pid: mc-worker       [    271250], ret:          2 } hitcount:        159
{ common_pid: mc-worker       [    271254], ret:          2 } hitcount:        168
{ common_pid: mc-worker       [    271251], ret:         71 } hitcount:        168
{ common_pid: mc-worker       [    271256], ret:         57 } hitcount:        196
{ common_pid: mc-worker       [    271249], ret:         57 } hitcount:        214
{ common_pid: mc-worker       [    271252], ret:         58 } hitcount:        235
{ common_pid: mc-worker       [    271249], ret:         71 } hitcount:        236
{ common_pid: mc-worker       [    271256], ret:         71 } hitcount:        236
{ common_pid: mc-worker       [    271252], ret:         70 } hitcount:        265
{ common_pid: mc-worker       [    271250], ret:         58 } hitcount:        277
{ common_pid: mc-worker       [    271250], ret:         70 } hitcount:        297
{ common_pid: mc-worker       [    271253], ret:         70 } hitcount:        318
{ common_pid: mc-worker       [    271253], ret:         58 } hitcount:        324
{ common_pid: mc-worker       [    271251], ret:         58 } hitcount:        360
{ common_pid: mc-worker       [    271255], ret:         58 } hitcount:        365
{ common_pid: mc-worker       [    271251], ret:         70 } hitcount:        371
{ common_pid: mc-worker       [    271255], ret:         70 } hitcount:        378
{ common_pid: mc-worker       [    271256], ret:         58 } hitcount:        432
{ common_pid: mc-worker       [    271254], ret:         59 } hitcount:        438
{ common_pid: mc-worker       [    271254], ret:         69 } hitcount:        466
{ common_pid: mc-worker       [    271249], ret:         70 } hitcount:        533
{ common_pid: mc-worker       [    271249], ret:         58 } hitcount:        551
{ common_pid: mc-worker       [    271256], ret:         70 } hitcount:        574
{ common_pid: mc-worker       [    271252], ret:         69 } hitcount:        682
{ common_pid: mc-worker       [    271252], ret:         59 } hitcount:        700
{ common_pid: mc-worker       [    271250], ret:         59 } hitcount:        723
{ common_pid: mc-worker       [    271250], ret:         69 } hitcount:        729
{ common_pid: mc-worker       [    271253], ret:         69 } hitcount:        813
{ common_pid: mc-worker       [    271253], ret:         59 } hitcount:        840
{ common_pid: mc-worker       [    271251], ret:         69 } hitcount:        895
{ common_pid: mc-worker       [    271250], ret:          1 } hitcount:        917
{ common_pid: mc-worker       [    271251], ret:         59 } hitcount:        936
{ common_pid: mc-worker       [    271255], ret:         59 } hitcount:        952
{ common_pid: mc-worker       [    271255], ret:         69 } hitcount:        960
{ common_pid: mc-worker       [    271256], ret:         59 } hitcount:       1073
{ common_pid: mc-worker       [    271252], ret:          1 } hitcount:       1156
{ common_pid: mc-worker       [    271255], ret:          1 } hitcount:       1173
{ common_pid: mc-worker       [    271249], ret:          1 } hitcount:       1175
{ common_pid: mc-worker       [    271256], ret:         69 } hitcount:       1196
{ common_pid: mc-worker       [    271249], ret:         69 } hitcount:       1219
{ common_pid: mc-worker       [    271253], ret:          1 } hitcount:       1247
{ common_pid: mc-worker       [    271254], ret:          1 } hitcount:       1275
{ common_pid: mc-worker       [    271251], ret:          1 } hitcount:       1316
{ common_pid: mc-worker       [    271249], ret:         59 } hitcount:       1324
{ common_pid: mc-worker       [    271254], ret:         68 } hitcount:       1371
{ common_pid: mc-worker       [    271256], ret:          1 } hitcount:       1449
{ common_pid: mc-worker       [    271254], ret:         60 } hitcount:       1473
{ common_pid: mc-worker       [    271250], ret:         60 } hitcount:       1756
{ common_pid: mc-worker       [    271252], ret:         68 } hitcount:       1786
{ common_pid: mc-worker       [    271250], ret:         68 } hitcount:       1793
{ common_pid: mc-worker       [    271253], ret:         68 } hitcount:       1816
{ common_pid: mc-worker       [    271252], ret:         60 } hitcount:       1883
{ common_pid: mc-worker       [    271253], ret:         60 } hitcount:       1993
{ common_pid: mc-worker       [    271251], ret:         68 } hitcount:       2128
{ common_pid: mc-worker       [    271255], ret:         68 } hitcount:       2219
{ common_pid: mc-worker       [    271255], ret:         60 } hitcount:       2257
{ common_pid: mc-worker       [    271251], ret:         60 } hitcount:       2322
{ common_pid: mc-worker       [    271256], ret:         60 } hitcount:       2388
{ common_pid: mc-worker       [    271249], ret:         68 } hitcount:       2468
{ common_pid: mc-worker       [    271256], ret:         68 } hitcount:       2530
{ common_pid: mc-worker       [    271249], ret:         60 } hitcount:       2755
{ common_pid: mc-worker       [    271254], ret:         67 } hitcount:       3569
{ common_pid: mc-worker       [    271254], ret:         61 } hitcount:       3971
{ common_pid: mc-worker       [    271253], ret:         67 } hitcount:       4046
{ common_pid: mc-worker       [    271250], ret:         67 } hitcount:       4046
{ common_pid: mc-worker       [    271252], ret:         67 } hitcount:       4113
{ common_pid: mc-worker       [    271251], ret:         67 } hitcount:       4351
{ common_pid: mc-worker       [    271255], ret:         67 } hitcount:       4389
{ common_pid: mc-worker       [    271250], ret:         61 } hitcount:       4411
{ common_pid: mc-worker       [    271253], ret:         61 } hitcount:       4491
{ common_pid: mc-worker       [    271252], ret:         61 } hitcount:       4542
{ common_pid: mc-worker       [    271251], ret:         61 } hitcount:       4642
{ common_pid: mc-worker       [    271249], ret:         67 } hitcount:       4654
{ common_pid: mc-worker       [    271256], ret:         67 } hitcount:       4777
{ common_pid: mc-worker       [    271255], ret:         61 } hitcount:       4860
{ common_pid: mc-worker       [    271256], ret:         61 } hitcount:       4874
{ common_pid: mc-worker       [    271249], ret:         61 } hitcount:       5244
{ common_pid: mc-worker       [    271253], ret:         66 } hitcount:       7460
{ common_pid: mc-worker       [    271249], ret:         66 } hitcount:       7569
{ common_pid: mc-worker       [    271250], ret:         66 } hitcount:       7833
{ common_pid: mc-worker       [    271255], ret:         66 } hitcount:       8070
{ common_pid: mc-worker       [    271256], ret:         66 } hitcount:       8197
{ common_pid: mc-worker       [    271251], ret:         66 } hitcount:       8210
{ common_pid: mc-worker       [    271253], ret:         62 } hitcount:       8236
{ common_pid: mc-worker       [    271252], ret:         66 } hitcount:       8264
{ common_pid: mc-worker       [    271250], ret:         62 } hitcount:       8303
{ common_pid: mc-worker       [    271254], ret:         66 } hitcount:       8313
{ common_pid: mc-worker       [    271249], ret:         62 } hitcount:       8641
{ common_pid: mc-worker       [    271255], ret:         62 } hitcount:       8675
{ common_pid: mc-worker       [    271256], ret:         62 } hitcount:       8823
{ common_pid: mc-worker       [    271251], ret:         62 } hitcount:       8980
{ common_pid: mc-worker       [    271252], ret:         62 } hitcount:       9014
{ common_pid: mc-worker       [    271254], ret:         62 } hitcount:       9083
{ common_pid: mc-worker       [    271249], ret:         65 } hitcount:      11040
{ common_pid: mc-worker       [    271255], ret:         65 } hitcount:      11740
{ common_pid: mc-worker       [    271253], ret:         65 } hitcount:      11934
{ common_pid: mc-worker       [    271249], ret:         63 } hitcount:      12068
{ common_pid: mc-worker       [    271256], ret:         65 } hitcount:      12354
{ common_pid: mc-worker       [    271255], ret:         63 } hitcount:      12425
{ common_pid: mc-worker       [    271250], ret:         65 } hitcount:      12810
{ common_pid: mc-worker       [    271251], ret:         65 } hitcount:      12849
{ common_pid: mc-worker       [    271249], ret:         64 } hitcount:      12970
{ common_pid: mc-worker       [    271253], ret:         63 } hitcount:      13032
{ common_pid: mc-worker       [    271256], ret:         63 } hitcount:      13063
{ common_pid: mc-worker       [    271250], ret:         63 } hitcount:      13569
{ common_pid: mc-worker       [    271251], ret:         63 } hitcount:      13690
{ common_pid: mc-worker       [    271252], ret:         65 } hitcount:      13873
{ common_pid: mc-worker       [    271255], ret:         64 } hitcount:      13896
{ common_pid: mc-worker       [    271254], ret:         65 } hitcount:      14439
{ common_pid: mc-worker       [    271252], ret:         63 } hitcount:      14736
{ common_pid: mc-worker       [    271256], ret:         64 } hitcount:      14752
{ common_pid: mc-worker       [    271253], ret:         64 } hitcount:      15188
{ common_pid: mc-worker       [    271254], ret:         63 } hitcount:      15623
{ common_pid: mc-worker       [    271250], ret:         64 } hitcount:      15728
{ common_pid: mc-worker       [    271251], ret:         64 } hitcount:      15736
{ common_pid: mc-worker       [    271252], ret:         64 } hitcount:      17136
{ common_pid: mc-worker       [    271254], ret:         64 } hitcount:      18397
