{ common_pid: mc-worker       [    416283], ret:         43 } hitcount:          1
{ common_pid: mc-worker       [    416289], ret:         56 } hitcount:          1
{ common_pid: mc-worker       [    416285], ret:         42 } hitcount:          1
{ common_pid: mc-worker       [    416286], ret:         58 } hitcount:          1
{ common_pid: mc-worker       [    416285], ret:         46 } hitcount:          1
{ common_pid: mc-worker       [    416288], ret:         62 } hitcount:          1
{ common_pid: mc-worker       [    416287], ret:         62 } hitcount:          1
{ common_pid: mc-worker       [    416282], ret:         63 } hitcount:          1
{ common_pid: mc-worker       [    416285], ret:        155 } hitcount:          1
{ common_pid: mc-worker       [    416286], ret:        394 } hitcount:          1
{ common_pid: mc-worker       [    416286], ret:        149 } hitcount:          1
{ common_pid: mc-worker       [    416289], ret:        141 } hitcount:          1
{ common_pid: mc-worker       [    416282], ret:        357 } hitcount:          1
{ common_pid: mc-worker       [    416285], ret:         53 } hitcount:          1
{ common_pid: mc-worker       [    416283], ret:         50 } hitcount:          1
{ common_pid: mc-worker       [    416286], ret:         57 } hitcount:          1
{ common_pid: mc-worker       [    416283], ret:         71 } hitcount:          1
{ common_pid: mc-worker       [    416284], ret:        175 } hitcount:          1
{ common_pid: mc-worker       [    416286], ret:         94 } hitcount:          1
{ common_pid: mc-worker       [    416284], ret:         70 } hitcount:          1
{ common_pid: mc-worker       [    416283], ret:         54 } hitcount:          1
{ common_pid: mc-worker       [    416288], ret:         92 } hitcount:          1
{ common_pid: mc-worker       [    416287], ret:         79 } hitcount:          1
{ common_pid: mc-worker       [    416285], ret:        417 } hitcount:          1
{ common_pid: mc-worker       [    416287], ret:         45 } hitcount:          1
{ common_pid: mc-worker       [    416284], ret:         46 } hitcount:          1
{ common_pid: mc-worker       [    416284], ret:        167 } hitcount:          1
{ common_pid: mc-worker       [    416287], ret:        159 } hitcount:          1
{ common_pid: mc-worker       [    416282], ret:        179 } hitcount:          1
{ common_pid: mc-worker       [    416288], ret:        105 } hitcount:          1
{ common_pid: mc-worker       [    416284], ret:        107 } hitcount:          1
{ common_pid: mc-worker       [    416286], ret:         64 } hitcount:          1
{ common_pid: mc-worker       [    416285], ret:         62 } hitcount:          1
{ common_pid: mc-worker       [    416288], ret:         49 } hitcount:          1
{ common_pid: mc-worker       [    416282], ret:         41 } hitcount:          1
{ common_pid: mc-worker       [    416286], ret:         49 } hitcount:          1
{ common_pid: mc-worker       [    416288], ret:         57 } hitcount:          1
{ common_pid: mc-worker       [    416286], ret:         47 } hitcount:          1
{ common_pid: mc-worker       [    416283], ret:         69 } hitcount:          1
{ common_pid: mc-worker       [    416287], ret:         58 } hitcount:          1
{ common_pid: mc-worker       [    416282], ret:         62 } hitcount:          1
{ common_pid: mc-worker       [    416284], ret:         63 } hitcount:          1
{ common_pid: mc-worker       [    416283], ret:         70 } hitcount:          1
{ common_pid: mc-worker       [    416282], ret:         84 } hitcount:          1
{ common_pid: mc-worker       [    416285], ret:         49 } hitcount:          1
{ common_pid: mc-worker       [    416283], ret:         87 } hitcount:          1
{ common_pid: mc-worker       [    416289], ret:         50 } hitcount:          1
{ common_pid: mc-worker       [    416284], ret:         81 } hitcount:          1
{ common_pid: mc-worker       [    416283], ret:        147 } hitcount:          1
{ common_pid: mc-worker       [    416289], ret:         63 } hitcount:          1
{ common_pid: mc-worker       [    416288], ret:        385 } hitcount:          1
{ common_pid: mc-worker       [    416288], ret:         48 } hitcount:          1
{ common_pid: mc-worker       [    416287], ret:         57 } hitcount:          1
{ common_pid: mc-worker       [    416289], ret:         41 } hitcount:          1
{ common_pid: mc-worker       [    416284], ret:         75 } hitcount:          1
{ common_pid: mc-worker       [    416283], ret:        370 } hitcount:          1
{ common_pid: mc-worker       [    416284], ret:         57 } hitcount:          1
{ common_pid: mc-worker       [    416288], ret:         51 } hitcount:          1
{ common_pid: mc-worker       [    416287], ret:        408 } hitcount:          1
{ common_pid: mc-worker       [    416286], ret:         91 } hitcount:          1
{ common_pid: mc-worker       [    416288], ret:         79 } hitcount:          1
{ common_pid: mc-worker       [    416289], ret:         92 } hitcount:          1
{ common_pid: mc-worker       [    416286], ret:         51 } hitcount:          1
{ common_pid: mc-worker       [    416288], ret:         77 } hitcount:          1
{ common_pid: mc-worker       [    416284], ret:        351 } hitcount:          1
{ common_pid: mc-worker       [    416289], ret:         45 } hitcount:          1
{ common_pid: mc-worker       [    416286], ret:         40 } hitcount:          1
{ common_pid: mc-worker       [    416284], ret:         69 } hitcount:          1
{ common_pid: mc-worker       [    416289], ret:        139 } hitcount:          1
{ common_pid: mc-worker       [    416286], ret:         73 } hitcount:          1
{ common_pid: mc-worker       [    416289], ret:         51 } hitcount:          1
{ common_pid: mc-worker       [    416283], ret:        124 } hitcount:          1
{ common_pid: mc-worker       [    416283], ret:         72 } hitcount:          1
{ common_pid: mc-worker       [    416282], ret:         54 } hitcount:          1
{ common_pid: mc-worker       [    416289], ret:         60 } hitcount:          1
{ common_pid: mc-worker       [    416287], ret:        110 } hitcount:          1
{ common_pid: mc-worker       [    416289], ret:        373 } hitcount:          1
{ common_pid: mc-worker       [    416286], ret:         62 } hitcount:          1
{ common_pid: mc-worker       [    416283], ret:         56 } hitcount:          1
{ common_pid: mc-worker       [    416283], ret:        153 } hitcount:          1
{ common_pid: mc-worker       [    416288], ret:        165 } hitcount:          1
{ common_pid: mc-worker       [    416287], ret:         52 } hitcount:          1
{ common_pid: mc-worker       [    416284], ret:         51 } hitcount:          1
{ common_pid: mc-worker       [    416282], ret:         49 } hitcount:          1
{ common_pid: mc-worker       [    416288], ret:         53 } hitcount:          1
{ common_pid: mc-worker       [    416288], ret:         47 } hitcount:          1
{ common_pid: mc-worker       [    416288], ret:         50 } hitcount:          1
{ common_pid: mc-worker       [    416286], ret:         50 } hitcount:          1
{ common_pid: mc-worker       [    416288], ret:         65 } hitcount:          1
{ common_pid: mc-worker       [    416283], ret:        106 } hitcount:          1
{ common_pid: mc-worker       [    416284], ret:         53 } hitcount:          1
{ common_pid: mc-worker       [    416287], ret:         40 } hitcount:          1
{ common_pid: mc-worker       [    416288], ret:         67 } hitcount:          2
{ common_pid: mc-worker       [    416286], ret:         52 } hitcount:          2
{ common_pid: mc-worker       [    416284], ret:         86 } hitcount:          2
{ common_pid: mc-worker       [    416289], ret:         39 } hitcount:          2
{ common_pid: mc-worker       [    416287], ret:         44 } hitcount:          2
{ common_pid: mc-worker       [    416289], ret:         97 } hitcount:          2
{ common_pid: mc-worker       [    416286], ret:         61 } hitcount:          2
{ common_pid: mc-worker       [    416287], ret:         60 } hitcount:          2
{ common_pid: mc-worker       [    416284], ret:         48 } hitcount:          2
{ common_pid: mc-worker       [    416282], ret:         35 } hitcount:          2
{ common_pid: mc-worker       [    416283], ret:         46 } hitcount:          2
{ common_pid: mc-worker       [    416282], ret:         42 } hitcount:          2
{ common_pid: mc-worker       [    416289], ret:         52 } hitcount:          2
{ common_pid: mc-worker       [    416284], ret:         47 } hitcount:          2
{ common_pid: mc-worker       [    416288], ret:         38 } hitcount:          2
{ common_pid: mc-worker       [    416284], ret:         52 } hitcount:          2
{ common_pid: mc-worker       [    416283], ret:         40 } hitcount:          2
{ common_pid: mc-worker       [    416286], ret:         48 } hitcount:          2
{ common_pid: mc-worker       [    416285], ret:         40 } hitcount:          2
{ common_pid: mc-worker       [    416286], ret:         45 } hitcount:          2
{ common_pid: mc-worker       [    416285], ret:         45 } hitcount:          2
{ common_pid: mc-worker       [    416285], ret:         36 } hitcount:          2
{ common_pid: mc-worker       [    416288], ret:         44 } hitcount:          2
{ common_pid: mc-worker       [    416282], ret:         53 } hitcount:          2
{ common_pid: mc-worker       [    416282], ret:         40 } hitcount:          2
{ common_pid: mc-worker       [    416283], ret:         45 } hitcount:          2
{ common_pid: mc-worker       [    416289], ret:         46 } hitcount:          2
{ common_pid: mc-worker       [    416288], ret:         72 } hitcount:          2
{ common_pid: mc-worker       [    416285], ret:         50 } hitcount:          2
{ common_pid: mc-worker       [    416287], ret:         50 } hitcount:          2
{ common_pid: mc-worker       [    416283], ret:         68 } hitcount:          2
{ common_pid: mc-worker       [    416283], ret:         49 } hitcount:          2
{ common_pid: mc-worker       [    416287], ret:         55 } hitcount:          2
{ common_pid: mc-worker       [    416286], ret:         46 } hitcount:          2
{ common_pid: mc-worker       [    416284], ret:         50 } hitcount:          2
{ common_pid: mc-worker       [    416285], ret:         52 } hitcount:          2
{ common_pid: mc-worker       [    416287], ret:         42 } hitcount:          2
{ common_pid: mc-worker       [    416282], ret:         39 } hitcount:          2
{ common_pid: mc-worker       [    416287], ret:         31 } hitcount:          2
{ common_pid: mc-worker       [    416287], ret:         47 } hitcount:          2
{ common_pid: mc-worker       [    416286], ret:         43 } hitcount:          2
{ common_pid: mc-worker       [    416282], ret:         43 } hitcount:          3
{ common_pid: mc-worker       [    416288], ret:         41 } hitcount:          3
{ common_pid: mc-worker       [    416285], ret:         48 } hitcount:          3
{ common_pid: mc-worker       [    416284], ret:         43 } hitcount:          3
{ common_pid: mc-worker       [    416288], ret:         52 } hitcount:          3
{ common_pid: mc-worker       [    416289], ret:         44 } hitcount:          3
{ common_pid: mc-worker       [    416287], ret:         32 } hitcount:          3
{ common_pid: mc-worker       [    416284], ret:         44 } hitcount:          3
{ common_pid: mc-worker       [    416285], ret:         47 } hitcount:          3
{ common_pid: mc-worker       [    416288], ret:         46 } hitcount:          3
{ common_pid: mc-worker       [    416282], ret:         48 } hitcount:          3
{ common_pid: mc-worker       [    416288], ret:         45 } hitcount:          3
{ common_pid: mc-worker       [    416289], ret:         40 } hitcount:          3
{ common_pid: mc-worker       [    416284], ret:         40 } hitcount:          3
{ common_pid: mc-worker       [    416286], ret:         39 } hitcount:          3
{ common_pid: mc-worker       [    416288], ret:         36 } hitcount:          3
{ common_pid: mc-worker       [    416288], ret:         33 } hitcount:          4
{ common_pid: mc-worker       [    416288], ret:         63 } hitcount:          4
{ common_pid: mc-worker       [    416289], ret:         42 } hitcount:          4
{ common_pid: mc-worker       [    416286], ret:         44 } hitcount:          4
{ common_pid: mc-worker       [    416287], ret:         36 } hitcount:          4
{ common_pid: mc-worker       [    416286], ret:         34 } hitcount:          4
{ common_pid: mc-worker       [    416289], ret:         33 } hitcount:          4
{ common_pid: mc-worker       [    416285], ret:         41 } hitcount:          4
{ common_pid: mc-worker       [    416284], ret:         36 } hitcount:          4
{ common_pid: mc-worker       [    416289], ret:         38 } hitcount:          4
{ common_pid: mc-worker       [    416288], ret:         35 } hitcount:          4
{ common_pid: mc-worker       [    416283], ret:         42 } hitcount:          4
{ common_pid: mc-worker       [    416286], ret:         32 } hitcount:          4
{ common_pid: mc-worker       [    416286], ret:         41 } hitcount:          4
{ common_pid: mc-worker       [    416284], ret:         38 } hitcount:          4
{ common_pid: mc-worker       [    416282], ret:         44 } hitcount:          4
{ common_pid: mc-worker       [    416283], ret:         36 } hitcount:          4
{ common_pid: mc-worker       [    416287], ret:         29 } hitcount:          4
{ common_pid: mc-worker       [    416283], ret:         48 } hitcount:          4
{ common_pid: mc-worker       [    416285], ret:         43 } hitcount:          4
{ common_pid: mc-worker       [    416288], ret:         42 } hitcount:          4
{ common_pid: mc-worker       [    416287], ret:         33 } hitcount:          4
{ common_pid: mc-worker       [    416283], ret:         38 } hitcount:          4
{ common_pid: mc-worker       [    416286], ret:         33 } hitcount:          4
{ common_pid: mc-worker       [    416287], ret:         41 } hitcount:          4
{ common_pid: mc-worker       [    416286], ret:         36 } hitcount:          4
{ common_pid: mc-worker       [    416282], ret:         37 } hitcount:          4
{ common_pid: mc-worker       [    416285], ret:         39 } hitcount:          5
{ common_pid: mc-worker       [    416284], ret:         41 } hitcount:          5
{ common_pid: mc-worker       [    416288], ret:         43 } hitcount:          5
{ common_pid: mc-worker       [    416283], ret:         37 } hitcount:          5
{ common_pid: mc-worker       [    416289], ret:         37 } hitcount:          5
{ common_pid: mc-worker       [    416289], ret:         36 } hitcount:          5
{ common_pid: mc-worker       [    416284], ret:         37 } hitcount:          5
{ common_pid: mc-worker       [    416283], ret:         27 } hitcount:          5
{ common_pid: mc-worker       [    416287], ret:         39 } hitcount:          5
{ common_pid: mc-worker       [    416288], ret:         37 } hitcount:          5
{ common_pid: mc-worker       [    416282], ret:         45 } hitcount:          5
{ common_pid: mc-worker       [    416284], ret:         45 } hitcount:          5
{ common_pid: mc-worker       [    416282], ret:         46 } hitcount:          5
{ common_pid: mc-worker       [    416283], ret:         33 } hitcount:          5
{ common_pid: mc-worker       [    416287], ret:         27 } hitcount:          5
{ common_pid: mc-worker       [    416287], ret:         37 } hitcount:          5
{ common_pid: mc-worker       [    416287], ret:         43 } hitcount:          5
{ common_pid: mc-worker       [    416282], ret:         38 } hitcount:          5
{ common_pid: mc-worker       [    416283], ret:         41 } hitcount:          5
{ common_pid: mc-worker       [    416282], ret:         33 } hitcount:          6
{ common_pid: mc-worker       [    416283], ret:         28 } hitcount:          6
{ common_pid: mc-worker       [    416287], ret:         38 } hitcount:          6
{ common_pid: mc-worker       [    416283], ret:         39 } hitcount:          6
{ common_pid: mc-worker       [    416288], ret:         39 } hitcount:          6
{ common_pid: mc-worker       [    416287], ret:         35 } hitcount:          6
{ common_pid: mc-worker       [    416287], ret:         30 } hitcount:          6
{ common_pid: mc-worker       [    416286], ret:         37 } hitcount:          6
{ common_pid: mc-worker       [    416282], ret:         27 } hitcount:          6
{ common_pid: mc-worker       [    416288], ret:         30 } hitcount:          6
{ common_pid: mc-worker       [    416289], ret:         35 } hitcount:          6
{ common_pid: mc-worker       [    416286], ret:         38 } hitcount:          6
{ common_pid: mc-worker       [    416282], ret:         36 } hitcount:          7
{ common_pid: mc-worker       [    416285], ret:         35 } hitcount:          7
{ common_pid: mc-worker       [    416283], ret:         44 } hitcount:          7
{ common_pid: mc-worker       [    416285], ret:         38 } hitcount:          7
{ common_pid: mc-worker       [    416288], ret:         40 } hitcount:          7
{ common_pid: mc-worker       [    416282], ret:         30 } hitcount:          7
{ common_pid: mc-worker       [    416286], ret:         28 } hitcount:          7
{ common_pid: mc-worker       [    416286], ret:         31 } hitcount:          7
{ common_pid: mc-worker       [    416282], ret:         34 } hitcount:          7
{ common_pid: mc-worker       [    416284], ret:         42 } hitcount:          7
{ common_pid: mc-worker       [    416287], ret:         34 } hitcount:          8
{ common_pid: mc-worker       [    416288], ret:         32 } hitcount:          8
{ common_pid: mc-worker       [    416283], ret:         34 } hitcount:          8
{ common_pid: mc-worker       [    416283], ret:         35 } hitcount:          8
{ common_pid: mc-worker       [    416285], ret:         32 } hitcount:          8
{ common_pid: mc-worker       [    416287], ret:         28 } hitcount:          8
{ common_pid: mc-worker       [    416289], ret:         34 } hitcount:          8
{ common_pid: mc-worker       [    416282], ret:         31 } hitcount:          8
{ common_pid: mc-worker       [    416282], ret:         29 } hitcount:          8
{ common_pid: mc-worker       [    416282], ret:         25 } hitcount:          8
{ common_pid: mc-worker       [    416284], ret:         35 } hitcount:          8
{ common_pid: mc-worker       [    416284], ret:         39 } hitcount:          8
{ common_pid: mc-worker       [    416289], ret:         32 } hitcount:          9
{ common_pid: mc-worker       [    416285], ret:         34 } hitcount:          9
{ common_pid: mc-worker       [    416288], ret:         31 } hitcount:          9
{ common_pid: mc-worker       [    416283], ret:         32 } hitcount:          9
{ common_pid: mc-worker       [    416283], ret:         29 } hitcount:          9
{ common_pid: mc-worker       [    416289], ret:         29 } hitcount:          9
{ common_pid: mc-worker       [    416288], ret:         27 } hitcount:          9
{ common_pid: mc-worker       [    416286], ret:         35 } hitcount:          9
{ common_pid: mc-worker       [    416282], ret:         32 } hitcount:          9
{ common_pid: mc-worker       [    416285], ret:         30 } hitcount:          9
{ common_pid: mc-worker       [    416286], ret:         30 } hitcount:          9
{ common_pid: mc-worker       [    416286], ret:         29 } hitcount:         10
{ common_pid: mc-worker       [    416285], ret:         33 } hitcount:         10
{ common_pid: mc-worker       [    416285], ret:         37 } hitcount:         10
{ common_pid: mc-worker       [    416282], ret:         28 } hitcount:         10
{ common_pid: mc-worker       [    416283], ret:         31 } hitcount:         10
{ common_pid: mc-worker       [    416287], ret:         24 } hitcount:         10
{ common_pid: mc-worker       [    416286], ret:         27 } hitcount:         10
{ common_pid: mc-worker       [    416287], ret:         25 } hitcount:         11
{ common_pid: mc-worker       [    416289], ret:         31 } hitcount:         11
{ common_pid: mc-worker       [    416282], ret:         22 } hitcount:         11
{ common_pid: mc-worker       [    416287], ret:         26 } hitcount:         11
{ common_pid: mc-worker       [    416287], ret:         23 } hitcount:         11
{ common_pid: mc-worker       [    416284], ret:         34 } hitcount:         11
{ common_pid: mc-worker       [    416283], ret:         30 } hitcount:         11
{ common_pid: mc-worker       [    416283], ret:         22 } hitcount:         11
{ common_pid: mc-worker       [    416285], ret:         31 } hitcount:         12
{ common_pid: mc-worker       [    416288], ret:         28 } hitcount:         12
{ common_pid: mc-worker       [    416287], ret:         21 } hitcount:         12
{ common_pid: mc-worker       [    416288], ret:         34 } hitcount:         12
{ common_pid: mc-worker       [    416288], ret:         26 } hitcount:         12
{ common_pid: mc-worker       [    416289], ret:         30 } hitcount:         12
{ common_pid: mc-worker       [    416284], ret:         33 } hitcount:         13
{ common_pid: mc-worker       [    416285], ret:         28 } hitcount:         13
{ common_pid: mc-worker       [    416288], ret:         25 } hitcount:         13
{ common_pid: mc-worker       [    416282], ret:         24 } hitcount:         13
{ common_pid: mc-worker       [    416284], ret:         30 } hitcount:         13
{ common_pid: mc-worker       [    416283], ret:         26 } hitcount:         14
{ common_pid: mc-worker       [    416284], ret:         32 } hitcount:         14
{ common_pid: mc-worker       [    416283], ret:         24 } hitcount:         14
{ common_pid: mc-worker       [    416288], ret:         29 } hitcount:         15
{ common_pid: mc-worker       [    416287], ret:         22 } hitcount:         15
{ common_pid: mc-worker       [    416289], ret:         28 } hitcount:         16
{ common_pid: mc-worker       [    416284], ret:         31 } hitcount:         16
{ common_pid: mc-worker       [    416283], ret:         23 } hitcount:         17
{ common_pid: mc-worker       [    416284], ret:         28 } hitcount:         17
{ common_pid: mc-worker       [    416283], ret:         25 } hitcount:         17
{ common_pid: mc-worker       [    416289], ret:         27 } hitcount:         18
{ common_pid: mc-worker       [    416284], ret:         27 } hitcount:         18
{ common_pid: mc-worker       [    416288], ret:         24 } hitcount:         18
{ common_pid: mc-worker       [    416286], ret:         26 } hitcount:         19
{ common_pid: mc-worker       [    416286], ret:         25 } hitcount:         19
{ common_pid: mc-worker       [    416285], ret:         22 } hitcount:         19
{ common_pid: mc-worker       [    416289], ret:         23 } hitcount:         20
{ common_pid: mc-worker       [    416282], ret:         23 } hitcount:         20
{ common_pid: mc-worker       [    416284], ret:         29 } hitcount:         20
{ common_pid: mc-worker       [    416282], ret:         26 } hitcount:         20
{ common_pid: mc-worker       [    416289], ret:         24 } hitcount:         20
{ common_pid: mc-worker       [    416289], ret:         26 } hitcount:         21
{ common_pid: mc-worker       [    416286], ret:         21 } hitcount:         21
{ common_pid: mc-worker       [    416285], ret:         26 } hitcount:         21
{ common_pid: mc-worker       [    416288], ret:         20 } hitcount:         21
{ common_pid: mc-worker       [    416289], ret:         25 } hitcount:         21
{ common_pid: mc-worker       [    416285], ret:         29 } hitcount:         22
{ common_pid: mc-worker       [    416285], ret:         27 } hitcount:         22
{ common_pid: mc-worker       [    416286], ret:         24 } hitcount:         22
{ common_pid: mc-worker       [    416286], ret:         22 } hitcount:         23
{ common_pid: mc-worker       [    416288], ret:         23 } hitcount:         23
{ common_pid: mc-worker       [    416283], ret:         20 } hitcount:         23
{ common_pid: mc-worker       [    416288], ret:         21 } hitcount:         24
{ common_pid: mc-worker       [    416284], ret:         24 } hitcount:         25
{ common_pid: mc-worker       [    416285], ret:         23 } hitcount:         25
{ common_pid: mc-worker       [    416287], ret:         19 } hitcount:         25
{ common_pid: mc-worker       [    416287], ret:         20 } hitcount:         25
{ common_pid: mc-worker       [    416283], ret:         21 } hitcount:         25
{ common_pid: mc-worker       [    416287], ret:         18 } hitcount:         26
{ common_pid: mc-worker       [    416285], ret:         25 } hitcount:         26
{ common_pid: mc-worker       [    416284], ret:         25 } hitcount:         26
{ common_pid: mc-worker       [    416286], ret:         23 } hitcount:         27
{ common_pid: mc-worker       [    416282], ret:         20 } hitcount:         27
{ common_pid: mc-worker       [    416283], ret:         19 } hitcount:         27
{ common_pid: mc-worker       [    416289], ret:         22 } hitcount:         28
{ common_pid: mc-worker       [    416282], ret:         21 } hitcount:         28
{ common_pid: mc-worker       [    416289], ret:         21 } hitcount:         28
{ common_pid: mc-worker       [    416284], ret:         26 } hitcount:         28
{ common_pid: mc-worker       [    416288], ret:         18 } hitcount:         29
{ common_pid: mc-worker       [    416284], ret:         23 } hitcount:         29
{ common_pid: mc-worker       [    416283], ret:         18 } hitcount:         29
{ common_pid: mc-worker       [    416287], ret:         17 } hitcount:         30
{ common_pid: mc-worker       [    416286], ret:         20 } hitcount:         30
{ common_pid: mc-worker       [    416288], ret:         19 } hitcount:         30
{ common_pid: mc-worker       [    416285], ret:         24 } hitcount:         32
{ common_pid: mc-worker       [    416284], ret:         21 } hitcount:         34
{ common_pid: mc-worker       [    416288], ret:         22 } hitcount:         35
{ common_pid: mc-worker       [    416289], ret:         20 } hitcount:         35
{ common_pid: mc-worker       [    416286], ret:         17 } hitcount:         35
{ common_pid: mc-worker       [    416283], ret:         16 } hitcount:         36
{ common_pid: mc-worker       [    416286], ret:         18 } hitcount:         37
{ common_pid: mc-worker       [    416282], ret:         19 } hitcount:         38
{ common_pid: mc-worker       [    416288], ret:         16 } hitcount:         38
{ common_pid: mc-worker       [    416282], ret:         16 } hitcount:         39
{ common_pid: mc-worker       [    416286], ret:         19 } hitcount:         39
{ common_pid: mc-worker       [    416284], ret:         22 } hitcount:         39
{ common_pid: mc-worker       [    416282], ret:         17 } hitcount:         40
{ common_pid: mc-worker       [    416282], ret:         18 } hitcount:         40
{ common_pid: mc-worker       [    416283], ret:         17 } hitcount:         42
{ common_pid: mc-worker       [    416285], ret:         21 } hitcount:         42
{ common_pid: mc-worker       [    416287], ret:         16 } hitcount:         42
{ common_pid: mc-worker       [    416285], ret:         20 } hitcount:         47
{ common_pid: mc-worker       [    416284], ret:         20 } hitcount:         47
{ common_pid: mc-worker       [    416289], ret:         19 } hitcount:         49
{ common_pid: mc-worker       [    416282], ret:         15 } hitcount:         50
{ common_pid: mc-worker       [    416285], ret:         19 } hitcount:         52
{ common_pid: mc-worker       [    416289], ret:         18 } hitcount:         52
{ common_pid: mc-worker       [    416288], ret:         17 } hitcount:         54
{ common_pid: mc-worker       [    416288], ret:         15 } hitcount:         56
{ common_pid: mc-worker       [    416283], ret:         14 } hitcount:         57
{ common_pid: mc-worker       [    416283], ret:         15 } hitcount:         57
{ common_pid: mc-worker       [    416289], ret:         17 } hitcount:         59
{ common_pid: mc-worker       [    416287], ret:         15 } hitcount:         60
{ common_pid: mc-worker       [    416284], ret:         19 } hitcount:         60
{ common_pid: mc-worker       [    416286], ret:         16 } hitcount:         61
{ common_pid: mc-worker       [    416282], ret:         14 } hitcount:         62
{ common_pid: mc-worker       [    416282], ret:         13 } hitcount:         64
{ common_pid: mc-worker       [    416284], ret:         18 } hitcount:         65
{ common_pid: mc-worker       [    416286], ret:         15 } hitcount:         69
{ common_pid: mc-worker       [    416289], ret:         16 } hitcount:         70
{ common_pid: mc-worker       [    416283], ret:         13 } hitcount:         71
{ common_pid: mc-worker       [    416287], ret:         14 } hitcount:         73
{ common_pid: mc-worker       [    416288], ret:         13 } hitcount:         76
{ common_pid: mc-worker       [    416285], ret:         17 } hitcount:         77
{ common_pid: mc-worker       [    416285], ret:         18 } hitcount:         78
{ common_pid: mc-worker       [    416288], ret:         14 } hitcount:         78
{ common_pid: mc-worker       [    416285], ret:         16 } hitcount:         78
{ common_pid: mc-worker       [    416284], ret:         17 } hitcount:         81
{ common_pid: mc-worker       [    416286], ret:         14 } hitcount:         82
{ common_pid: mc-worker       [    416289], ret:         15 } hitcount:         85
{ common_pid: mc-worker       [    416287], ret:         13 } hitcount:         86
{ common_pid: mc-worker       [    416289], ret:         14 } hitcount:         90
{ common_pid: mc-worker       [    416283], ret:         12 } hitcount:         91
{ common_pid: mc-worker       [    416284], ret:         16 } hitcount:         97
{ common_pid: mc-worker       [    416285], ret:         15 } hitcount:        104
{ common_pid: mc-worker       [    416282], ret:         12 } hitcount:        105
{ common_pid: mc-worker       [    416284], ret:         15 } hitcount:        116
{ common_pid: mc-worker       [    416284], ret:         14 } hitcount:        117
{ common_pid: mc-worker       [    416288], ret:         12 } hitcount:        118
{ common_pid: mc-worker       [    416287], ret:         12 } hitcount:        120
{ common_pid: mc-worker       [    416285], ret:         14 } hitcount:        121
{ common_pid: mc-worker       [    416286], ret:         13 } hitcount:        125
{ common_pid: mc-worker       [    416283], ret:         11 } hitcount:        129
{ common_pid: mc-worker       [    416282], ret:         11 } hitcount:        136
{ common_pid: mc-worker       [    416289], ret:         13 } hitcount:        151
{ common_pid: mc-worker       [    416284], ret:         13 } hitcount:        156
{ common_pid: mc-worker       [    416286], ret:         12 } hitcount:        169
{ common_pid: mc-worker       [    416285], ret:         12 } hitcount:        172
{ common_pid: mc-worker       [    416285], ret:         13 } hitcount:        179
{ common_pid: mc-worker       [    416288], ret:         11 } hitcount:        184
{ common_pid: mc-worker       [    416284], ret:         12 } hitcount:        185
{ common_pid: mc-worker       [    416283], ret:         10 } hitcount:        186
{ common_pid: mc-worker       [    416289], ret:         12 } hitcount:        187
{ common_pid: mc-worker       [    416289], ret:         11 } hitcount:        213
{ common_pid: mc-worker       [    416287], ret:         11 } hitcount:        219
{ common_pid: mc-worker       [    416286], ret:         11 } hitcount:        225
{ common_pid: mc-worker       [    416282], ret:         10 } hitcount:        239
{ common_pid: mc-worker       [    416285], ret:         11 } hitcount:        240
{ common_pid: mc-worker       [    416284], ret:         11 } hitcount:        257
{ common_pid: mc-worker       [    416288], ret:         10 } hitcount:        267
{ common_pid: mc-worker       [    416286], ret:         10 } hitcount:        307
{ common_pid: mc-worker       [    416289], ret:         10 } hitcount:        335
{ common_pid: mc-worker       [    416287], ret:         10 } hitcount:        347
{ common_pid: mc-worker       [    416285], ret:         10 } hitcount:        363
{ common_pid: mc-worker       [    416283], ret:          9 } hitcount:        370
{ common_pid: mc-worker       [    416284], ret:         10 } hitcount:        391
{ common_pid: mc-worker       [    416282], ret:          9 } hitcount:        409
{ common_pid: mc-worker       [    416288], ret:          9 } hitcount:        475
{ common_pid: mc-worker       [    416289], ret:          9 } hitcount:        492
{ common_pid: mc-worker       [    416286], ret:          9 } hitcount:        536
{ common_pid: mc-worker       [    416284], ret:          9 } hitcount:        572
{ common_pid: mc-worker       [    416285], ret:          9 } hitcount:        587
{ common_pid: mc-worker       [    416287], ret:          9 } hitcount:        593
{ common_pid: mc-worker       [    416283], ret:          8 } hitcount:        667
{ common_pid: mc-worker       [    416282], ret:          8 } hitcount:        812
{ common_pid: mc-worker       [    416288], ret:          8 } hitcount:        954
{ common_pid: mc-worker       [    416284], ret:          8 } hitcount:        964
{ common_pid: mc-worker       [    416289], ret:          8 } hitcount:        970
{ common_pid: mc-worker       [    416286], ret:          8 } hitcount:       1004
{ common_pid: mc-worker       [    416287], ret:          8 } hitcount:       1090
{ common_pid: mc-worker       [    416285], ret:          8 } hitcount:       1145
{ common_pid: mc-worker       [    416283], ret:          7 } hitcount:       1473
{ common_pid: mc-worker       [    416282], ret:          7 } hitcount:       1863
{ common_pid: mc-worker       [    416289], ret:          7 } hitcount:       1930
{ common_pid: mc-worker       [    416284], ret:          7 } hitcount:       2060
{ common_pid: mc-worker       [    416288], ret:          7 } hitcount:       2105
{ common_pid: mc-worker       [    416286], ret:          7 } hitcount:       2135
{ common_pid: mc-worker       [    416285], ret:          7 } hitcount:       2225
{ common_pid: mc-worker       [    416287], ret:          7 } hitcount:       2379
{ common_pid: mc-worker       [    416283], ret:          6 } hitcount:       4073
{ common_pid: mc-worker       [    416282], ret:          6 } hitcount:       4582
{ common_pid: mc-worker       [    416289], ret:          6 } hitcount:       4729
{ common_pid: mc-worker       [    416284], ret:          6 } hitcount:       4823
{ common_pid: mc-worker       [    416286], ret:          6 } hitcount:       5006
{ common_pid: mc-worker       [    416288], ret:          6 } hitcount:       5053
{ common_pid: mc-worker       [    416285], ret:          6 } hitcount:       5187
{ common_pid: mc-worker       [    416287], ret:          6 } hitcount:       5908
{ common_pid: mc-worker       [    416283], ret:          5 } hitcount:      12375
{ common_pid: mc-worker       [    416289], ret:          5 } hitcount:      13737
{ common_pid: mc-worker       [    416284], ret:          5 } hitcount:      13959
{ common_pid: mc-worker       [    416282], ret:          5 } hitcount:      14297
{ common_pid: mc-worker       [    416286], ret:          5 } hitcount:      14436
{ common_pid: mc-worker       [    416285], ret:          5 } hitcount:      15264
{ common_pid: mc-worker       [    416288], ret:          5 } hitcount:      15352
{ common_pid: mc-worker       [    416287], ret:          5 } hitcount:      16225
{ common_pid: mc-worker       [    416283], ret:          4 } hitcount:      43032
{ common_pid: mc-worker       [    416289], ret:          4 } hitcount:      45149
{ common_pid: mc-worker       [    416284], ret:          4 } hitcount:      45593
{ common_pid: mc-worker       [    416286], ret:          4 } hitcount:      47520
{ common_pid: mc-worker       [    416282], ret:          4 } hitcount:      48001
{ common_pid: mc-worker       [    416288], ret:          4 } hitcount:      49186
{ common_pid: mc-worker       [    416285], ret:          4 } hitcount:      50744
{ common_pid: mc-worker       [    416287], ret:          4 } hitcount:      52582
{ common_pid: mc-worker       [    416283], ret:          3 } hitcount:     142631
{ common_pid: mc-worker       [    416289], ret:          3 } hitcount:     144018
{ common_pid: mc-worker       [    416284], ret:          3 } hitcount:     145078
{ common_pid: mc-worker       [    416286], ret:          3 } hitcount:     149711
{ common_pid: mc-worker       [    416282], ret:          3 } hitcount:     153277
{ common_pid: mc-worker       [    416288], ret:          3 } hitcount:     154346
{ common_pid: mc-worker       [    416285], ret:          3 } hitcount:     157263
{ common_pid: mc-worker       [    416287], ret:          3 } hitcount:     159432
{ common_pid: mc-worker       [    416284], ret:          2 } hitcount:     370356
{ common_pid: mc-worker       [    416289], ret:          2 } hitcount:     371768
{ common_pid: mc-worker       [    416283], ret:          2 } hitcount:     377384
{ common_pid: mc-worker       [    416286], ret:          2 } hitcount:     384028
{ common_pid: mc-worker       [    416288], ret:          2 } hitcount:     389034
{ common_pid: mc-worker       [    416282], ret:          2 } hitcount:     389051
{ common_pid: mc-worker       [    416287], ret:          2 } hitcount:     390238
{ common_pid: mc-worker       [    416285], ret:          2 } hitcount:     392766
{ common_pid: mc-worker       [    416284], ret:          1 } hitcount:     678921
{ common_pid: mc-worker       [    416289], ret:          1 } hitcount:     683154
{ common_pid: mc-worker       [    416287], ret:          1 } hitcount:     683195
{ common_pid: mc-worker       [    416288], ret:          1 } hitcount:     689572
{ common_pid: mc-worker       [    416285], ret:          1 } hitcount:     691371
{ common_pid: mc-worker       [    416286], ret:          1 } hitcount:     697522
{ common_pid: mc-worker       [    416282], ret:          1 } hitcount:     700513
{ common_pid: mc-worker       [    416283], ret:          1 } hitcount:     705636
