{ common_pid: mc-worker       [     74654], ret:         15 } hitcount:          1
{ common_pid: mc-worker       [     74650], ret:         17 } hitcount:          1
{ common_pid: mc-worker       [     74656], ret:        496 } hitcount:          1
{ common_pid: mc-worker       [     74649], ret:        512 } hitcount:          1
{ common_pid: mc-worker       [     74656], ret:         18 } hitcount:          1
{ common_pid: mc-worker       [     74650], ret:         10 } hitcount:          1
{ common_pid: mc-worker       [     74654], ret:          8 } hitcount:          1
{ common_pid: mc-worker       [     74651], ret:        484 } hitcount:          1
{ common_pid: mc-worker       [     74649], ret:         63 } hitcount:          1
{ common_pid: mc-worker       [     74653], ret:         30 } hitcount:          1
{ common_pid: mc-worker       [     74650], ret:         13 } hitcount:          1
{ common_pid: mc-worker       [     74654], ret:        512 } hitcount:          1
{ common_pid: mc-worker       [     74655], ret:         11 } hitcount:          1
{ common_pid: mc-worker       [     74650], ret:         32 } hitcount:          1
{ common_pid: mc-worker       [     74655], ret:        492 } hitcount:          1
{ common_pid: mc-worker       [     74651], ret:         24 } hitcount:          1
{ common_pid: mc-worker       [     74652], ret:        509 } hitcount:          1
{ common_pid: mc-worker       [     74652], ret:         12 } hitcount:          1
{ common_pid: mc-worker       [     74654], ret:         38 } hitcount:          1
{ common_pid: mc-worker       [     74656], ret:         10 } hitcount:          1
{ common_pid: mc-worker       [     74650], ret:        504 } hitcount:          1
{ common_pid: mc-worker       [     74653], ret:        512 } hitcount:          1
{ common_pid: mc-worker       [     74652], ret:          7 } hitcount:          2
{ common_pid: mc-worker       [     74650], ret:          7 } hitcount:          2
{ common_pid: mc-worker       [     74653], ret:          8 } hitcount:          3
{ common_pid: mc-worker       [     74655], ret:          6 } hitcount:          3
{ common_pid: mc-worker       [     74653], ret:          6 } hitcount:          4
{ common_pid: mc-worker       [     74651], ret:          6 } hitcount:          7
{ common_pid: mc-worker       [     74656], ret:          6 } hitcount:          8
{ common_pid: mc-worker       [     74652], ret:          6 } hitcount:          8
{ common_pid: mc-worker       [     74654], ret:          6 } hitcount:          9
{ common_pid: mc-worker       [     74650], ret:          6 } hitcount:          9
{ common_pid: mc-worker       [     74649], ret:          6 } hitcount:         12
{ common_pid: mc-worker       [     74655], ret:          5 } hitcount:         51
{ common_pid: mc-worker       [     74653], ret:          5 } hitcount:         64
{ common_pid: mc-worker       [     74651], ret:          5 } hitcount:         69
{ common_pid: mc-worker       [     74656], ret:          5 } hitcount:         71
{ common_pid: mc-worker       [     74652], ret:          5 } hitcount:         79
{ common_pid: mc-worker       [     74654], ret:          5 } hitcount:         95
{ common_pid: mc-worker       [     74650], ret:          5 } hitcount:        100
{ common_pid: mc-worker       [     74649], ret:          5 } hitcount:        106
{ common_pid: mc-worker       [     74655], ret:          4 } hitcount:        778
{ common_pid: mc-worker       [     74656], ret:          4 } hitcount:        781
{ common_pid: mc-worker       [     74651], ret:          4 } hitcount:        844
{ common_pid: mc-worker       [     74652], ret:          4 } hitcount:        871
{ common_pid: mc-worker       [     74653], ret:          4 } hitcount:        935
{ common_pid: mc-worker       [     74654], ret:          4 } hitcount:       1037
{ common_pid: mc-worker       [     74650], ret:          4 } hitcount:       1040
{ common_pid: mc-worker       [     74649], ret:          4 } hitcount:       1181
{ common_pid: mc-worker       [     74655], ret:          3 } hitcount:       8669
{ common_pid: mc-worker       [     74651], ret:          3 } hitcount:       9636
{ common_pid: mc-worker       [     74656], ret:          3 } hitcount:       9753
{ common_pid: mc-worker       [     74652], ret:          3 } hitcount:       9962
{ common_pid: mc-worker       [     74653], ret:          3 } hitcount:      10494
{ common_pid: mc-worker       [     74650], ret:          3 } hitcount:      11125
{ common_pid: mc-worker       [     74654], ret:          3 } hitcount:      11373
{ common_pid: mc-worker       [     74649], ret:          3 } hitcount:      12484
{ common_pid: mc-worker       [     74655], ret:          2 } hitcount:      80782
{ common_pid: mc-worker       [     74651], ret:          2 } hitcount:      84474
{ common_pid: mc-worker       [     74652], ret:          2 } hitcount:      85619
{ common_pid: mc-worker       [     74656], ret:          2 } hitcount:      85640
{ common_pid: mc-worker       [     74653], ret:          2 } hitcount:      89796
{ common_pid: mc-worker       [     74650], ret:          2 } hitcount:      92741
{ common_pid: mc-worker       [     74654], ret:          2 } hitcount:      92896
{ common_pid: mc-worker       [     74649], ret:          2 } hitcount:     100606
{ common_pid: mc-worker       [     74655], ret:          1 } hitcount:     518430
{ common_pid: mc-worker       [     74651], ret:          1 } hitcount:     528475
{ common_pid: mc-worker       [     74656], ret:          1 } hitcount:     530138
{ common_pid: mc-worker       [     74652], ret:          1 } hitcount:     530619
{ common_pid: mc-worker       [     74653], ret:          1 } hitcount:     537251
{ common_pid: mc-worker       [     74654], ret:          1 } hitcount:     545019
{ common_pid: mc-worker       [     74650], ret:          1 } hitcount:     545523
{ common_pid: mc-worker       [     74649], ret:          1 } hitcount:     562606
