{ common_pid: mc-worker       [    478294], ret:        123 } hitcount:          1
{ common_pid: mc-worker       [    478299], ret:         45 } hitcount:          1
{ common_pid: mc-worker       [    478296], ret:         87 } hitcount:          1
{ common_pid: mc-worker       [    478294], ret:         13 } hitcount:          1
{ common_pid: mc-worker       [    478298], ret:         20 } hitcount:          1
{ common_pid: mc-worker       [    478300], ret:         99 } hitcount:          1
{ common_pid: mc-worker       [    478296], ret:         53 } hitcount:          1
{ common_pid: mc-worker       [    478298], ret:         96 } hitcount:          1
{ common_pid: mc-worker       [    478297], ret:         28 } hitcount:          1
{ common_pid: mc-worker       [    478301], ret:         32 } hitcount:          1
{ common_pid: mc-worker       [    478294], ret:         39 } hitcount:          1
{ common_pid: mc-worker       [    478298], ret:        124 } hitcount:          1
{ common_pid: mc-worker       [    478301], ret:         35 } hitcount:          1
{ common_pid: mc-worker       [    478300], ret:         79 } hitcount:          1
{ common_pid: mc-worker       [    478301], ret:         53 } hitcount:          1
{ common_pid: mc-worker       [    478295], ret:         20 } hitcount:          1
{ common_pid: mc-worker       [    478298], ret:         32 } hitcount:          1
{ common_pid: mc-worker       [    478296], ret:         31 } hitcount:          1
{ common_pid: mc-worker       [    478297], ret:        451 } hitcount:          1
{ common_pid: mc-worker       [    478294], ret:         46 } hitcount:          1
{ common_pid: mc-worker       [    478294], ret:         52 } hitcount:          1
{ common_pid: mc-worker       [    478298], ret:         29 } hitcount:          1
{ common_pid: mc-worker       [    478296], ret:         26 } hitcount:          1
{ common_pid: mc-worker       [    478296], ret:        127 } hitcount:          1
{ common_pid: mc-worker       [    478297], ret:         44 } hitcount:          1
{ common_pid: mc-worker       [    478296], ret:         35 } hitcount:          1
{ common_pid: mc-worker       [    478300], ret:         53 } hitcount:          1
{ common_pid: mc-worker       [    478297], ret:         36 } hitcount:          1
{ common_pid: mc-worker       [    478300], ret:        125 } hitcount:          1
{ common_pid: mc-worker       [    478298], ret:        181 } hitcount:          1
{ common_pid: mc-worker       [    478298], ret:         25 } hitcount:          1
{ common_pid: mc-worker       [    478294], ret:         15 } hitcount:          1
{ common_pid: mc-worker       [    478296], ret:         91 } hitcount:          1
{ common_pid: mc-worker       [    478298], ret:         24 } hitcount:          1
{ common_pid: mc-worker       [    478299], ret:        100 } hitcount:          1
{ common_pid: mc-worker       [    478299], ret:         52 } hitcount:          1
{ common_pid: mc-worker       [    478297], ret:        512 } hitcount:          1
{ common_pid: mc-worker       [    478297], ret:        121 } hitcount:          1
{ common_pid: mc-worker       [    478301], ret:         31 } hitcount:          1
{ common_pid: mc-worker       [    478300], ret:         97 } hitcount:          1
{ common_pid: mc-worker       [    478301], ret:         76 } hitcount:          1
{ common_pid: mc-worker       [    478294], ret:         21 } hitcount:          1
{ common_pid: mc-worker       [    478295], ret:        103 } hitcount:          1
{ common_pid: mc-worker       [    478296], ret:         23 } hitcount:          1
{ common_pid: mc-worker       [    478298], ret:         19 } hitcount:          1
{ common_pid: mc-worker       [    478301], ret:        113 } hitcount:          1
{ common_pid: mc-worker       [    478300], ret:        113 } hitcount:          1
{ common_pid: mc-worker       [    478297], ret:        145 } hitcount:          1
{ common_pid: mc-worker       [    478301], ret:         96 } hitcount:          1
{ common_pid: mc-worker       [    478297], ret:         16 } hitcount:          1
{ common_pid: mc-worker       [    478298], ret:        127 } hitcount:          1
{ common_pid: mc-worker       [    478298], ret:         75 } hitcount:          1
{ common_pid: mc-worker       [    478295], ret:         21 } hitcount:          1
{ common_pid: mc-worker       [    478297], ret:        101 } hitcount:          1
{ common_pid: mc-worker       [    478294], ret:         88 } hitcount:          1
{ common_pid: mc-worker       [    478298], ret:        256 } hitcount:          1
{ common_pid: mc-worker       [    478301], ret:         30 } hitcount:          1
{ common_pid: mc-worker       [    478294], ret:         36 } hitcount:          1
{ common_pid: mc-worker       [    478294], ret:         42 } hitcount:          1
{ common_pid: mc-worker       [    478299], ret:         23 } hitcount:          1
{ common_pid: mc-worker       [    478296], ret:         43 } hitcount:          1
{ common_pid: mc-worker       [    478300], ret:        106 } hitcount:          1
{ common_pid: mc-worker       [    478295], ret:         54 } hitcount:          1
{ common_pid: mc-worker       [    478301], ret:         43 } hitcount:          1
{ common_pid: mc-worker       [    478294], ret:        124 } hitcount:          1
{ common_pid: mc-worker       [    478295], ret:         18 } hitcount:          1
{ common_pid: mc-worker       [    478301], ret:        110 } hitcount:          1
{ common_pid: mc-worker       [    478294], ret:        100 } hitcount:          1
{ common_pid: mc-worker       [    478294], ret:        104 } hitcount:          1
{ common_pid: mc-worker       [    478299], ret:         29 } hitcount:          1
{ common_pid: mc-worker       [    478296], ret:         24 } hitcount:          1
{ common_pid: mc-worker       [    478295], ret:         24 } hitcount:          1
{ common_pid: mc-worker       [    478299], ret:         81 } hitcount:          1
{ common_pid: mc-worker       [    478297], ret:        126 } hitcount:          1
{ common_pid: mc-worker       [    478300], ret:         30 } hitcount:          1
{ common_pid: mc-worker       [    478294], ret:         34 } hitcount:          1
{ common_pid: mc-worker       [    478296], ret:        105 } hitcount:          1
{ common_pid: mc-worker       [    478298], ret:         49 } hitcount:          1
{ common_pid: mc-worker       [    478295], ret:         35 } hitcount:          1
{ common_pid: mc-worker       [    478294], ret:         19 } hitcount:          1
{ common_pid: mc-worker       [    478301], ret:        114 } hitcount:          1
{ common_pid: mc-worker       [    478300], ret:        103 } hitcount:          1
{ common_pid: mc-worker       [    478299], ret:         24 } hitcount:          1
{ common_pid: mc-worker       [    478296], ret:        115 } hitcount:          1
{ common_pid: mc-worker       [    478299], ret:        106 } hitcount:          1
{ common_pid: mc-worker       [    478300], ret:         89 } hitcount:          1
{ common_pid: mc-worker       [    478295], ret:         33 } hitcount:          1
{ common_pid: mc-worker       [    478297], ret:         27 } hitcount:          1
{ common_pid: mc-worker       [    478300], ret:         38 } hitcount:          1
{ common_pid: mc-worker       [    478297], ret:         90 } hitcount:          1
{ common_pid: mc-worker       [    478299], ret:         82 } hitcount:          1
{ common_pid: mc-worker       [    478298], ret:         44 } hitcount:          1
{ common_pid: mc-worker       [    478298], ret:         50 } hitcount:          1
{ common_pid: mc-worker       [    478299], ret:        125 } hitcount:          1
{ common_pid: mc-worker       [    478301], ret:        107 } hitcount:          1
{ common_pid: mc-worker       [    478299], ret:         90 } hitcount:          1
{ common_pid: mc-worker       [    478294], ret:         41 } hitcount:          1
{ common_pid: mc-worker       [    478295], ret:         32 } hitcount:          1
{ common_pid: mc-worker       [    478295], ret:         47 } hitcount:          1
{ common_pid: mc-worker       [    478300], ret:         85 } hitcount:          1
{ common_pid: mc-worker       [    478294], ret:         90 } hitcount:          1
{ common_pid: mc-worker       [    478299], ret:         33 } hitcount:          1
{ common_pid: mc-worker       [    478296], ret:        108 } hitcount:          1
{ common_pid: mc-worker       [    478298], ret:         47 } hitcount:          1
{ common_pid: mc-worker       [    478299], ret:         76 } hitcount:          1
{ common_pid: mc-worker       [    478295], ret:         30 } hitcount:          1
{ common_pid: mc-worker       [    478294], ret:        119 } hitcount:          1
{ common_pid: mc-worker       [    478295], ret:         75 } hitcount:          1
{ common_pid: mc-worker       [    478297], ret:         14 } hitcount:          1
{ common_pid: mc-worker       [    478295], ret:         29 } hitcount:          1
{ common_pid: mc-worker       [    478297], ret:         23 } hitcount:          1
{ common_pid: mc-worker       [    478294], ret:         47 } hitcount:          1
{ common_pid: mc-worker       [    478295], ret:        104 } hitcount:          1
{ common_pid: mc-worker       [    478299], ret:         21 } hitcount:          1
{ common_pid: mc-worker       [    478295], ret:         44 } hitcount:          1
{ common_pid: mc-worker       [    478301], ret:         92 } hitcount:          1
{ common_pid: mc-worker       [    478294], ret:         84 } hitcount:          1
{ common_pid: mc-worker       [    478297], ret:        123 } hitcount:          1
{ common_pid: mc-worker       [    478301], ret:         52 } hitcount:          1
{ common_pid: mc-worker       [    478298], ret:         37 } hitcount:          1
{ common_pid: mc-worker       [    478297], ret:        199 } hitcount:          1
{ common_pid: mc-worker       [    478300], ret:         98 } hitcount:          1
{ common_pid: mc-worker       [    478294], ret:         18 } hitcount:          1
{ common_pid: mc-worker       [    478296], ret:         34 } hitcount:          1
{ common_pid: mc-worker       [    478297], ret:        125 } hitcount:          1
{ common_pid: mc-worker       [    478296], ret:         77 } hitcount:          1
{ common_pid: mc-worker       [    478298], ret:         99 } hitcount:          1
{ common_pid: mc-worker       [    478298], ret:        112 } hitcount:          1
{ common_pid: mc-worker       [    478300], ret:         42 } hitcount:          1
{ common_pid: mc-worker       [    478294], ret:         26 } hitcount:          1
{ common_pid: mc-worker       [    478299], ret:        118 } hitcount:          1
{ common_pid: mc-worker       [    478301], ret:         45 } hitcount:          1
{ common_pid: mc-worker       [    478297], ret:         21 } hitcount:          1
{ common_pid: mc-worker       [    478299], ret:         35 } hitcount:          1
{ common_pid: mc-worker       [    478295], ret:        115 } hitcount:          1
{ common_pid: mc-worker       [    478296], ret:         37 } hitcount:          1
{ common_pid: mc-worker       [    478297], ret:        105 } hitcount:          1
{ common_pid: mc-worker       [    478299], ret:         50 } hitcount:          1
{ common_pid: mc-worker       [    478297], ret:         76 } hitcount:          1
{ common_pid: mc-worker       [    478295], ret:         86 } hitcount:          1
{ common_pid: mc-worker       [    478295], ret:         22 } hitcount:          1
{ common_pid: mc-worker       [    478298], ret:         76 } hitcount:          1
{ common_pid: mc-worker       [    478296], ret:         19 } hitcount:          1
{ common_pid: mc-worker       [    478296], ret:         32 } hitcount:          1
{ common_pid: mc-worker       [    478299], ret:         28 } hitcount:          1
{ common_pid: mc-worker       [    478295], ret:         42 } hitcount:          1
{ common_pid: mc-worker       [    478294], ret:         48 } hitcount:          1
{ common_pid: mc-worker       [    478298], ret:        103 } hitcount:          1
{ common_pid: mc-worker       [    478294], ret:         80 } hitcount:          1
{ common_pid: mc-worker       [    478297], ret:        256 } hitcount:          1
{ common_pid: mc-worker       [    478299], ret:         19 } hitcount:          1
{ common_pid: mc-worker       [    478297], ret:        108 } hitcount:          1
{ common_pid: mc-worker       [    478297], ret:         25 } hitcount:          1
{ common_pid: mc-worker       [    478296], ret:         97 } hitcount:          1
{ common_pid: mc-worker       [    478297], ret:         15 } hitcount:          2
{ common_pid: mc-worker       [    478296], ret:         30 } hitcount:          2
{ common_pid: mc-worker       [    478298], ret:         18 } hitcount:          2
{ common_pid: mc-worker       [    478296], ret:         85 } hitcount:          2
{ common_pid: mc-worker       [    478300], ret:        128 } hitcount:          2
{ common_pid: mc-worker       [    478301], ret:         29 } hitcount:          2
{ common_pid: mc-worker       [    478301], ret:         26 } hitcount:          2
{ common_pid: mc-worker       [    478295], ret:        108 } hitcount:          2
{ common_pid: mc-worker       [    478300], ret:         20 } hitcount:          2
{ common_pid: mc-worker       [    478299], ret:         26 } hitcount:          2
{ common_pid: mc-worker       [    478300], ret:         21 } hitcount:          2
{ common_pid: mc-worker       [    478300], ret:         19 } hitcount:          2
{ common_pid: mc-worker       [    478294], ret:         78 } hitcount:          2
{ common_pid: mc-worker       [    478299], ret:         74 } hitcount:          2
{ common_pid: mc-worker       [    478301], ret:         36 } hitcount:          2
{ common_pid: mc-worker       [    478299], ret:        128 } hitcount:          2
{ common_pid: mc-worker       [    478299], ret:         27 } hitcount:          2
{ common_pid: mc-worker       [    478301], ret:         24 } hitcount:          2
{ common_pid: mc-worker       [    478296], ret:         28 } hitcount:          2
{ common_pid: mc-worker       [    478296], ret:         16 } hitcount:          2
{ common_pid: mc-worker       [    478295], ret:         85 } hitcount:          2
{ common_pid: mc-worker       [    478300], ret:         23 } hitcount:          2
{ common_pid: mc-worker       [    478298], ret:         11 } hitcount:          2
{ common_pid: mc-worker       [    478297], ret:         52 } hitcount:          2
{ common_pid: mc-worker       [    478295], ret:         14 } hitcount:          2
{ common_pid: mc-worker       [    478299], ret:         20 } hitcount:          2
{ common_pid: mc-worker       [    478298], ret:         23 } hitcount:          2
{ common_pid: mc-worker       [    478294], ret:         31 } hitcount:          2
{ common_pid: mc-worker       [    478296], ret:         17 } hitcount:          2
{ common_pid: mc-worker       [    478298], ret:         53 } hitcount:          2
{ common_pid: mc-worker       [    478299], ret:         34 } hitcount:          2
{ common_pid: mc-worker       [    478299], ret:        127 } hitcount:          2
{ common_pid: mc-worker       [    478301], ret:         15 } hitcount:          2
{ common_pid: mc-worker       [    478301], ret:         75 } hitcount:          2
{ common_pid: mc-worker       [    478295], ret:         26 } hitcount:          2
{ common_pid: mc-worker       [    478299], ret:        126 } hitcount:          2
{ common_pid: mc-worker       [    478298], ret:         26 } hitcount:          2
{ common_pid: mc-worker       [    478294], ret:         74 } hitcount:          2
{ common_pid: mc-worker       [    478301], ret:         16 } hitcount:          2
{ common_pid: mc-worker       [    478298], ret:         52 } hitcount:          2
{ common_pid: mc-worker       [    478298], ret:         78 } hitcount:          2
{ common_pid: mc-worker       [    478295], ret:         16 } hitcount:          2
{ common_pid: mc-worker       [    478294], ret:         11 } hitcount:          2
{ common_pid: mc-worker       [    478301], ret:         54 } hitcount:          2
{ common_pid: mc-worker       [    478298], ret:        113 } hitcount:          2
{ common_pid: mc-worker       [    478296], ret:         29 } hitcount:          2
{ common_pid: mc-worker       [    478296], ret:         75 } hitcount:          2
{ common_pid: mc-worker       [    478294], ret:         53 } hitcount:          2
{ common_pid: mc-worker       [    478298], ret:         15 } hitcount:          2
{ common_pid: mc-worker       [    478301], ret:         25 } hitcount:          2
{ common_pid: mc-worker       [    478297], ret:         75 } hitcount:          2
{ common_pid: mc-worker       [    478294], ret:         49 } hitcount:          2
{ common_pid: mc-worker       [    478300], ret:        127 } hitcount:          2
{ common_pid: mc-worker       [    478300], ret:         24 } hitcount:          3
{ common_pid: mc-worker       [    478296], ret:         11 } hitcount:          3
{ common_pid: mc-worker       [    478299], ret:         75 } hitcount:          3
{ common_pid: mc-worker       [    478298], ret:         22 } hitcount:          3
{ common_pid: mc-worker       [    478294], ret:         24 } hitcount:          3
{ common_pid: mc-worker       [    478294], ret:         22 } hitcount:          3
{ common_pid: mc-worker       [    478297], ret:         26 } hitcount:          3
{ common_pid: mc-worker       [    478301], ret:         18 } hitcount:          3
{ common_pid: mc-worker       [    478296], ret:         21 } hitcount:          3
{ common_pid: mc-worker       [    478301], ret:         23 } hitcount:          3
{ common_pid: mc-worker       [    478295], ret:         25 } hitcount:          3
{ common_pid: mc-worker       [    478295], ret:         40 } hitcount:          3
{ common_pid: mc-worker       [    478297], ret:         20 } hitcount:          3
{ common_pid: mc-worker       [    478294], ret:         32 } hitcount:          3
{ common_pid: mc-worker       [    478296], ret:         20 } hitcount:          3
{ common_pid: mc-worker       [    478299], ret:         15 } hitcount:          3
{ common_pid: mc-worker       [    478301], ret:         12 } hitcount:          3
{ common_pid: mc-worker       [    478295], ret:         74 } hitcount:          3
{ common_pid: mc-worker       [    478297], ret:         29 } hitcount:          3
{ common_pid: mc-worker       [    478296], ret:         18 } hitcount:          3
{ common_pid: mc-worker       [    478295], ret:         23 } hitcount:          3
{ common_pid: mc-worker       [    478296], ret:         10 } hitcount:          3
{ common_pid: mc-worker       [    478299], ret:         17 } hitcount:          3
{ common_pid: mc-worker       [    478294], ret:        128 } hitcount:          3
{ common_pid: mc-worker       [    478294], ret:         54 } hitcount:          3
{ common_pid: mc-worker       [    478294], ret:        126 } hitcount:          3
{ common_pid: mc-worker       [    478296], ret:         54 } hitcount:          3
{ common_pid: mc-worker       [    478294], ret:         20 } hitcount:          3
{ common_pid: mc-worker       [    478300], ret:         12 } hitcount:          4
{ common_pid: mc-worker       [    478301], ret:        128 } hitcount:          4
{ common_pid: mc-worker       [    478301], ret:         20 } hitcount:          4
{ common_pid: mc-worker       [    478300], ret:         54 } hitcount:          4
{ common_pid: mc-worker       [    478299], ret:         11 } hitcount:          4
{ common_pid: mc-worker       [    478298], ret:         74 } hitcount:          4
{ common_pid: mc-worker       [    478296], ret:         27 } hitcount:          4
{ common_pid: mc-worker       [    478298], ret:         27 } hitcount:          4
{ common_pid: mc-worker       [    478300], ret:         74 } hitcount:          4
{ common_pid: mc-worker       [    478295], ret:        128 } hitcount:          4
{ common_pid: mc-worker       [    478298], ret:        128 } hitcount:          4
{ common_pid: mc-worker       [    478297], ret:        128 } hitcount:          4
{ common_pid: mc-worker       [    478301], ret:         27 } hitcount:          4
{ common_pid: mc-worker       [    478294], ret:         12 } hitcount:          4
{ common_pid: mc-worker       [    478300], ret:         14 } hitcount:          4
{ common_pid: mc-worker       [    478295], ret:         27 } hitcount:          4
{ common_pid: mc-worker       [    478296], ret:         25 } hitcount:          4
{ common_pid: mc-worker       [    478294], ret:         16 } hitcount:          4
{ common_pid: mc-worker       [    478295], ret:         19 } hitcount:          4
{ common_pid: mc-worker       [    478296], ret:        128 } hitcount:          4
{ common_pid: mc-worker       [    478296], ret:         74 } hitcount:          4
{ common_pid: mc-worker       [    478301], ret:         73 } hitcount:          5
{ common_pid: mc-worker       [    478295], ret:         17 } hitcount:          5
{ common_pid: mc-worker       [    478301], ret:         13 } hitcount:          5
{ common_pid: mc-worker       [    478300], ret:         10 } hitcount:          5
{ common_pid: mc-worker       [    478300], ret:         25 } hitcount:          5
{ common_pid: mc-worker       [    478297], ret:         54 } hitcount:          5
{ common_pid: mc-worker       [    478296], ret:          9 } hitcount:          5
{ common_pid: mc-worker       [    478300], ret:         22 } hitcount:          5
{ common_pid: mc-worker       [    478295], ret:         15 } hitcount:          5
{ common_pid: mc-worker       [    478301], ret:         17 } hitcount:          5
{ common_pid: mc-worker       [    478299], ret:         32 } hitcount:          5
{ common_pid: mc-worker       [    478295], ret:          9 } hitcount:          5
{ common_pid: mc-worker       [    478301], ret:         33 } hitcount:          5
{ common_pid: mc-worker       [    478299], ret:         25 } hitcount:          5
{ common_pid: mc-worker       [    478294], ret:         10 } hitcount:          6
{ common_pid: mc-worker       [    478296], ret:          7 } hitcount:          6
{ common_pid: mc-worker       [    478297], ret:         12 } hitcount:          6
{ common_pid: mc-worker       [    478297], ret:         13 } hitcount:          6
{ common_pid: mc-worker       [    478298], ret:         14 } hitcount:          6
{ common_pid: mc-worker       [    478294], ret:         27 } hitcount:          6
{ common_pid: mc-worker       [    478297], ret:         74 } hitcount:          6
{ common_pid: mc-worker       [    478295], ret:          7 } hitcount:          6
{ common_pid: mc-worker       [    478300], ret:         17 } hitcount:          6
{ common_pid: mc-worker       [    478298], ret:          6 } hitcount:          6
{ common_pid: mc-worker       [    478297], ret:         19 } hitcount:          6
{ common_pid: mc-worker       [    478300], ret:          7 } hitcount:          7
{ common_pid: mc-worker       [    478301], ret:         21 } hitcount:          7
{ common_pid: mc-worker       [    478296], ret:         12 } hitcount:          7
{ common_pid: mc-worker       [    478297], ret:         55 } hitcount:          7
{ common_pid: mc-worker       [    478300], ret:         15 } hitcount:          7
{ common_pid: mc-worker       [    478299], ret:         14 } hitcount:          7
{ common_pid: mc-worker       [    478297], ret:         11 } hitcount:          8
{ common_pid: mc-worker       [    478294], ret:         73 } hitcount:          8
{ common_pid: mc-worker       [    478296], ret:          8 } hitcount:          8
{ common_pid: mc-worker       [    478301], ret:         11 } hitcount:          8
{ common_pid: mc-worker       [    478299], ret:          9 } hitcount:          8
{ common_pid: mc-worker       [    478298], ret:         54 } hitcount:          8
{ common_pid: mc-worker       [    478299], ret:         12 } hitcount:          8
{ common_pid: mc-worker       [    478298], ret:         10 } hitcount:          8
{ common_pid: mc-worker       [    478294], ret:         28 } hitcount:          8
{ common_pid: mc-worker       [    478299], ret:         22 } hitcount:          9
{ common_pid: mc-worker       [    478294], ret:         17 } hitcount:          9
{ common_pid: mc-worker       [    478298], ret:          8 } hitcount:         10
{ common_pid: mc-worker       [    478299], ret:          5 } hitcount:         10
{ common_pid: mc-worker       [    478294], ret:         14 } hitcount:         10
{ common_pid: mc-worker       [    478296], ret:         55 } hitcount:         10
{ common_pid: mc-worker       [    478300], ret:          6 } hitcount:         10
{ common_pid: mc-worker       [    478300], ret:         55 } hitcount:         10
{ common_pid: mc-worker       [    478295], ret:         10 } hitcount:         11
{ common_pid: mc-worker       [    478294], ret:         23 } hitcount:         11
{ common_pid: mc-worker       [    478300], ret:         73 } hitcount:         11
{ common_pid: mc-worker       [    478300], ret:         16 } hitcount:         11
{ common_pid: mc-worker       [    478297], ret:          7 } hitcount:         11
{ common_pid: mc-worker       [    478299], ret:          7 } hitcount:         11
{ common_pid: mc-worker       [    478299], ret:          6 } hitcount:         11
{ common_pid: mc-worker       [    478301], ret:          9 } hitcount:         11
{ common_pid: mc-worker       [    478300], ret:         18 } hitcount:         11
{ common_pid: mc-worker       [    478301], ret:         14 } hitcount:         12
{ common_pid: mc-worker       [    478300], ret:          9 } hitcount:         12
{ common_pid: mc-worker       [    478295], ret:         12 } hitcount:         12
{ common_pid: mc-worker       [    478300], ret:         13 } hitcount:         12
{ common_pid: mc-worker       [    478298], ret:         73 } hitcount:         12
{ common_pid: mc-worker       [    478300], ret:          5 } hitcount:         12
{ common_pid: mc-worker       [    478299], ret:         55 } hitcount:         12
{ common_pid: mc-worker       [    478301], ret:         55 } hitcount:         13
{ common_pid: mc-worker       [    478294], ret:         55 } hitcount:         13
{ common_pid: mc-worker       [    478298], ret:         13 } hitcount:         13
{ common_pid: mc-worker       [    478294], ret:          6 } hitcount:         13
{ common_pid: mc-worker       [    478298], ret:          9 } hitcount:         13
{ common_pid: mc-worker       [    478301], ret:         74 } hitcount:         13
{ common_pid: mc-worker       [    478296], ret:         15 } hitcount:         13
{ common_pid: mc-worker       [    478298], ret:         17 } hitcount:         13
{ common_pid: mc-worker       [    478297], ret:         10 } hitcount:         13
{ common_pid: mc-worker       [    478299], ret:         16 } hitcount:         14
{ common_pid: mc-worker       [    478298], ret:         16 } hitcount:         14
{ common_pid: mc-worker       [    478299], ret:          8 } hitcount:         14
{ common_pid: mc-worker       [    478299], ret:         73 } hitcount:         14
{ common_pid: mc-worker       [    478295], ret:         55 } hitcount:         14
{ common_pid: mc-worker       [    478301], ret:         19 } hitcount:         14
{ common_pid: mc-worker       [    478299], ret:         13 } hitcount:         14
{ common_pid: mc-worker       [    478300], ret:         11 } hitcount:         15
{ common_pid: mc-worker       [    478296], ret:          4 } hitcount:         15
{ common_pid: mc-worker       [    478298], ret:          7 } hitcount:         15
{ common_pid: mc-worker       [    478297], ret:          9 } hitcount:         15
{ common_pid: mc-worker       [    478297], ret:          6 } hitcount:         15
{ common_pid: mc-worker       [    478296], ret:         13 } hitcount:         16
{ common_pid: mc-worker       [    478295], ret:         13 } hitcount:         16
{ common_pid: mc-worker       [    478301], ret:          5 } hitcount:         16
{ common_pid: mc-worker       [    478294], ret:          7 } hitcount:         16
{ common_pid: mc-worker       [    478297], ret:         73 } hitcount:         16
{ common_pid: mc-worker       [    478298], ret:         55 } hitcount:         16
{ common_pid: mc-worker       [    478299], ret:         18 } hitcount:         17
{ common_pid: mc-worker       [    478298], ret:         12 } hitcount:         17
{ common_pid: mc-worker       [    478296], ret:          5 } hitcount:         17
{ common_pid: mc-worker       [    478301], ret:          8 } hitcount:         17
{ common_pid: mc-worker       [    478295], ret:         73 } hitcount:         17
{ common_pid: mc-worker       [    478300], ret:         56 } hitcount:         18
{ common_pid: mc-worker       [    478294], ret:          8 } hitcount:         18
{ common_pid: mc-worker       [    478295], ret:          4 } hitcount:         18
{ common_pid: mc-worker       [    478300], ret:          8 } hitcount:         18
{ common_pid: mc-worker       [    478298], ret:          5 } hitcount:         19
{ common_pid: mc-worker       [    478296], ret:         73 } hitcount:         19
{ common_pid: mc-worker       [    478299], ret:         10 } hitcount:         19
{ common_pid: mc-worker       [    478297], ret:          8 } hitcount:         19
{ common_pid: mc-worker       [    478295], ret:         11 } hitcount:         20
{ common_pid: mc-worker       [    478295], ret:          8 } hitcount:         20
{ common_pid: mc-worker       [    478301], ret:         10 } hitcount:         20
{ common_pid: mc-worker       [    478294], ret:          5 } hitcount:         20
{ common_pid: mc-worker       [    478297], ret:          5 } hitcount:         21
{ common_pid: mc-worker       [    478295], ret:          5 } hitcount:         21
{ common_pid: mc-worker       [    478296], ret:         14 } hitcount:         22
{ common_pid: mc-worker       [    478296], ret:         56 } hitcount:         23
{ common_pid: mc-worker       [    478301], ret:          7 } hitcount:         23
{ common_pid: mc-worker       [    478296], ret:          6 } hitcount:         24
{ common_pid: mc-worker       [    478295], ret:          3 } hitcount:         25
{ common_pid: mc-worker       [    478297], ret:          2 } hitcount:         25
{ common_pid: mc-worker       [    478297], ret:          4 } hitcount:         26
{ common_pid: mc-worker       [    478295], ret:          6 } hitcount:         28
{ common_pid: mc-worker       [    478301], ret:         56 } hitcount:         28
{ common_pid: mc-worker       [    478295], ret:         56 } hitcount:         29
{ common_pid: mc-worker       [    478298], ret:          4 } hitcount:         30
{ common_pid: mc-worker       [    478299], ret:         56 } hitcount:         30
{ common_pid: mc-worker       [    478294], ret:         72 } hitcount:         32
{ common_pid: mc-worker       [    478301], ret:          3 } hitcount:         32
{ common_pid: mc-worker       [    478294], ret:          4 } hitcount:         32
{ common_pid: mc-worker       [    478301], ret:          6 } hitcount:         32
{ common_pid: mc-worker       [    478299], ret:          4 } hitcount:         32
{ common_pid: mc-worker       [    478301], ret:          4 } hitcount:         33
{ common_pid: mc-worker       [    478301], ret:         72 } hitcount:         33
{ common_pid: mc-worker       [    478299], ret:          3 } hitcount:         33
{ common_pid: mc-worker       [    478294], ret:          9 } hitcount:         34
{ common_pid: mc-worker       [    478296], ret:          3 } hitcount:         34
{ common_pid: mc-worker       [    478297], ret:         56 } hitcount:         36
{ common_pid: mc-worker       [    478297], ret:          3 } hitcount:         37
{ common_pid: mc-worker       [    478298], ret:         56 } hitcount:         37
{ common_pid: mc-worker       [    478294], ret:         56 } hitcount:         38
{ common_pid: mc-worker       [    478297], ret:         72 } hitcount:         38
{ common_pid: mc-worker       [    478300], ret:         72 } hitcount:         41
{ common_pid: mc-worker       [    478299], ret:         72 } hitcount:         42
{ common_pid: mc-worker       [    478300], ret:          3 } hitcount:         44
{ common_pid: mc-worker       [    478301], ret:          2 } hitcount:         44
{ common_pid: mc-worker       [    478294], ret:          2 } hitcount:         46
{ common_pid: mc-worker       [    478300], ret:          4 } hitcount:         48
{ common_pid: mc-worker       [    478296], ret:         72 } hitcount:         49
{ common_pid: mc-worker       [    478300], ret:          2 } hitcount:         51
{ common_pid: mc-worker       [    478298], ret:         72 } hitcount:         54
{ common_pid: mc-worker       [    478298], ret:          3 } hitcount:         55
{ common_pid: mc-worker       [    478296], ret:          2 } hitcount:         57
{ common_pid: mc-worker       [    478295], ret:         72 } hitcount:         57
{ common_pid: mc-worker       [    478299], ret:          2 } hitcount:         60
{ common_pid: mc-worker       [    478298], ret:          2 } hitcount:         60
{ common_pid: mc-worker       [    478294], ret:          3 } hitcount:         61
{ common_pid: mc-worker       [    478295], ret:          2 } hitcount:         64
{ common_pid: mc-worker       [    478300], ret:         57 } hitcount:         79
{ common_pid: mc-worker       [    478294], ret:         57 } hitcount:         84
{ common_pid: mc-worker       [    478298], ret:         57 } hitcount:         86
{ common_pid: mc-worker       [    478300], ret:         71 } hitcount:         93
{ common_pid: mc-worker       [    478294], ret:         71 } hitcount:         94
{ common_pid: mc-worker       [    478299], ret:         57 } hitcount:         96
{ common_pid: mc-worker       [    478295], ret:         57 } hitcount:         97
{ common_pid: mc-worker       [    478301], ret:         57 } hitcount:        105
{ common_pid: mc-worker       [    478301], ret:         71 } hitcount:        106
{ common_pid: mc-worker       [    478297], ret:         57 } hitcount:        112
{ common_pid: mc-worker       [    478296], ret:         57 } hitcount:        115
{ common_pid: mc-worker       [    478295], ret:         71 } hitcount:        128
{ common_pid: mc-worker       [    478298], ret:         71 } hitcount:        131
{ common_pid: mc-worker       [    478299], ret:         71 } hitcount:        137
{ common_pid: mc-worker       [    478297], ret:         71 } hitcount:        143
{ common_pid: mc-worker       [    478296], ret:         71 } hitcount:        161
{ common_pid: mc-worker       [    478294], ret:         58 } hitcount:        243
{ common_pid: mc-worker       [    478300], ret:         58 } hitcount:        246
{ common_pid: mc-worker       [    478300], ret:         70 } hitcount:        260
{ common_pid: mc-worker       [    478301], ret:         58 } hitcount:        266
{ common_pid: mc-worker       [    478298], ret:         58 } hitcount:        304
{ common_pid: mc-worker       [    478294], ret:         70 } hitcount:        308
{ common_pid: mc-worker       [    478295], ret:         58 } hitcount:        309
{ common_pid: mc-worker       [    478301], ret:         70 } hitcount:        319
{ common_pid: mc-worker       [    478298], ret:         70 } hitcount:        322
{ common_pid: mc-worker       [    478297], ret:         58 } hitcount:        327
{ common_pid: mc-worker       [    478297], ret:         70 } hitcount:        332
{ common_pid: mc-worker       [    478296], ret:         58 } hitcount:        333
{ common_pid: mc-worker       [    478299], ret:         58 } hitcount:        357
{ common_pid: mc-worker       [    478295], ret:         70 } hitcount:        366
{ common_pid: mc-worker       [    478299], ret:         70 } hitcount:        386
{ common_pid: mc-worker       [    478295], ret:          1 } hitcount:        411
{ common_pid: mc-worker       [    478296], ret:         70 } hitcount:        412
{ common_pid: mc-worker       [    478301], ret:          1 } hitcount:        419
{ common_pid: mc-worker       [    478298], ret:          1 } hitcount:        423
{ common_pid: mc-worker       [    478299], ret:          1 } hitcount:        435
{ common_pid: mc-worker       [    478296], ret:          1 } hitcount:        455
{ common_pid: mc-worker       [    478294], ret:          1 } hitcount:        468
{ common_pid: mc-worker       [    478297], ret:          1 } hitcount:        495
{ common_pid: mc-worker       [    478300], ret:          1 } hitcount:        495
{ common_pid: mc-worker       [    478300], ret:         59 } hitcount:        711
{ common_pid: mc-worker       [    478300], ret:         69 } hitcount:        756
{ common_pid: mc-worker       [    478294], ret:         69 } hitcount:        795
{ common_pid: mc-worker       [    478294], ret:         59 } hitcount:        810
{ common_pid: mc-worker       [    478298], ret:         59 } hitcount:        811
{ common_pid: mc-worker       [    478301], ret:         69 } hitcount:        821
{ common_pid: mc-worker       [    478298], ret:         69 } hitcount:        828
{ common_pid: mc-worker       [    478297], ret:         59 } hitcount:        838
{ common_pid: mc-worker       [    478301], ret:         59 } hitcount:        844
{ common_pid: mc-worker       [    478296], ret:         59 } hitcount:        864
{ common_pid: mc-worker       [    478297], ret:         69 } hitcount:        879
{ common_pid: mc-worker       [    478295], ret:         59 } hitcount:        921
{ common_pid: mc-worker       [    478299], ret:         59 } hitcount:        937
{ common_pid: mc-worker       [    478299], ret:         69 } hitcount:        970
{ common_pid: mc-worker       [    478295], ret:         69 } hitcount:        986
{ common_pid: mc-worker       [    478296], ret:         69 } hitcount:        995
{ common_pid: mc-worker       [    478300], ret:         60 } hitcount:       1952
{ common_pid: mc-worker       [    478297], ret:         60 } hitcount:       1956
{ common_pid: mc-worker       [    478300], ret:         68 } hitcount:       1967
{ common_pid: mc-worker       [    478294], ret:         68 } hitcount:       1971
{ common_pid: mc-worker       [    478294], ret:         60 } hitcount:       1972
{ common_pid: mc-worker       [    478297], ret:         68 } hitcount:       1973
{ common_pid: mc-worker       [    478298], ret:         68 } hitcount:       1999
{ common_pid: mc-worker       [    478301], ret:         60 } hitcount:       2023
{ common_pid: mc-worker       [    478301], ret:         68 } hitcount:       2029
{ common_pid: mc-worker       [    478298], ret:         60 } hitcount:       2076
{ common_pid: mc-worker       [    478299], ret:         68 } hitcount:       2175
{ common_pid: mc-worker       [    478296], ret:         60 } hitcount:       2194
{ common_pid: mc-worker       [    478299], ret:         60 } hitcount:       2225
{ common_pid: mc-worker       [    478296], ret:         68 } hitcount:       2256
{ common_pid: mc-worker       [    478295], ret:         60 } hitcount:       2287
{ common_pid: mc-worker       [    478295], ret:         68 } hitcount:       2294
{ common_pid: mc-worker       [    478298], ret:         67 } hitcount:       4140
{ common_pid: mc-worker       [    478300], ret:         67 } hitcount:       4157
{ common_pid: mc-worker       [    478301], ret:         67 } hitcount:       4196
{ common_pid: mc-worker       [    478297], ret:         67 } hitcount:       4261
{ common_pid: mc-worker       [    478297], ret:         61 } hitcount:       4269
{ common_pid: mc-worker       [    478301], ret:         61 } hitcount:       4312
{ common_pid: mc-worker       [    478294], ret:         67 } hitcount:       4328
{ common_pid: mc-worker       [    478298], ret:         61 } hitcount:       4406
{ common_pid: mc-worker       [    478299], ret:         67 } hitcount:       4426
{ common_pid: mc-worker       [    478294], ret:         61 } hitcount:       4533
{ common_pid: mc-worker       [    478296], ret:         67 } hitcount:       4551
{ common_pid: mc-worker       [    478300], ret:         61 } hitcount:       4559
{ common_pid: mc-worker       [    478295], ret:         67 } hitcount:       4700
{ common_pid: mc-worker       [    478296], ret:         61 } hitcount:       4739
{ common_pid: mc-worker       [    478299], ret:         61 } hitcount:       4773
{ common_pid: mc-worker       [    478295], ret:         61 } hitcount:       4981
{ common_pid: mc-worker       [    478298], ret:         66 } hitcount:       7315
{ common_pid: mc-worker       [    478299], ret:         66 } hitcount:       7718
{ common_pid: mc-worker       [    478297], ret:         66 } hitcount:       7774
{ common_pid: mc-worker       [    478301], ret:         66 } hitcount:       7813
{ common_pid: mc-worker       [    478296], ret:         66 } hitcount:       7822
{ common_pid: mc-worker       [    478294], ret:         66 } hitcount:       7842
{ common_pid: mc-worker       [    478297], ret:         62 } hitcount:       8149
{ common_pid: mc-worker       [    478300], ret:         66 } hitcount:       8150
{ common_pid: mc-worker       [    478298], ret:         62 } hitcount:       8159
{ common_pid: mc-worker       [    478299], ret:         62 } hitcount:       8264
{ common_pid: mc-worker       [    478296], ret:         62 } hitcount:       8449
{ common_pid: mc-worker       [    478301], ret:         62 } hitcount:       8479
{ common_pid: mc-worker       [    478295], ret:         66 } hitcount:       8535
{ common_pid: mc-worker       [    478294], ret:         62 } hitcount:       8677
{ common_pid: mc-worker       [    478300], ret:         62 } hitcount:       9002
{ common_pid: mc-worker       [    478295], ret:         62 } hitcount:       9205
{ common_pid: mc-worker       [    478298], ret:         65 } hitcount:      11621
{ common_pid: mc-worker       [    478299], ret:         65 } hitcount:      11714
{ common_pid: mc-worker       [    478299], ret:         63 } hitcount:      11951
{ common_pid: mc-worker       [    478297], ret:         65 } hitcount:      11978
{ common_pid: mc-worker       [    478296], ret:         65 } hitcount:      12000
{ common_pid: mc-worker       [    478301], ret:         65 } hitcount:      12381
{ common_pid: mc-worker       [    478296], ret:         63 } hitcount:      12400
{ common_pid: mc-worker       [    478294], ret:         65 } hitcount:      12413
{ common_pid: mc-worker       [    478295], ret:         65 } hitcount:      12485
{ common_pid: mc-worker       [    478298], ret:         63 } hitcount:      12565
{ common_pid: mc-worker       [    478297], ret:         63 } hitcount:      12769
{ common_pid: mc-worker       [    478300], ret:         65 } hitcount:      12889
{ common_pid: mc-worker       [    478294], ret:         63 } hitcount:      13151
{ common_pid: mc-worker       [    478301], ret:         63 } hitcount:      13284
{ common_pid: mc-worker       [    478295], ret:         63 } hitcount:      13390
{ common_pid: mc-worker       [    478299], ret:         64 } hitcount:      13490
{ common_pid: mc-worker       [    478300], ret:         63 } hitcount:      13710
{ common_pid: mc-worker       [    478296], ret:         64 } hitcount:      13975
{ common_pid: mc-worker       [    478298], ret:         64 } hitcount:      14295
{ common_pid: mc-worker       [    478295], ret:         64 } hitcount:      14713
{ common_pid: mc-worker       [    478297], ret:         64 } hitcount:      14942
{ common_pid: mc-worker       [    478294], ret:         64 } hitcount:      14987
{ common_pid: mc-worker       [    478301], ret:         64 } hitcount:      15374
{ common_pid: mc-worker       [    478300], ret:         64 } hitcount:      15610
