{ common_pid: mc-worker       [    219913], ret:         56 } hitcount:          1
{ common_pid: mc-worker       [    219908], ret:         52 } hitcount:          1
{ common_pid: mc-worker       [    219908], ret:         58 } hitcount:          1
{ common_pid: mc-worker       [    219915], ret:         54 } hitcount:          1
{ common_pid: mc-worker       [    219914], ret:        109 } hitcount:          1
{ common_pid: mc-worker       [    219910], ret:        121 } hitcount:          1
{ common_pid: mc-worker       [    219909], ret:         53 } hitcount:          1
{ common_pid: mc-worker       [    219913], ret:         58 } hitcount:          1
{ common_pid: mc-worker       [    219914], ret:         57 } hitcount:          1
{ common_pid: mc-worker       [    219915], ret:        123 } hitcount:          1
{ common_pid: mc-worker       [    219911], ret:         53 } hitcount:          1
{ common_pid: mc-worker       [    219908], ret:         59 } hitcount:          1
{ common_pid: mc-worker       [    219911], ret:         55 } hitcount:          1
{ common_pid: mc-worker       [    219909], ret:         47 } hitcount:          1
{ common_pid: mc-worker       [    219914], ret:         48 } hitcount:          1
{ common_pid: mc-worker       [    219915], ret:         52 } hitcount:          1
{ common_pid: mc-worker       [    219912], ret:         64 } hitcount:          1
{ common_pid: mc-worker       [    219914], ret:         83 } hitcount:          1
{ common_pid: mc-worker       [    219909], ret:         50 } hitcount:          1
{ common_pid: mc-worker       [    219914], ret:        120 } hitcount:          1
{ common_pid: mc-worker       [    219914], ret:         56 } hitcount:          1
{ common_pid: mc-worker       [    219912], ret:         77 } hitcount:          1
{ common_pid: mc-worker       [    219911], ret:         93 } hitcount:          1
{ common_pid: mc-worker       [    219909], ret:         45 } hitcount:          1
{ common_pid: mc-worker       [    219908], ret:        106 } hitcount:          1
{ common_pid: mc-worker       [    219915], ret:        127 } hitcount:          1
{ common_pid: mc-worker       [    219915], ret:         48 } hitcount:          1
{ common_pid: mc-worker       [    219913], ret:         51 } hitcount:          1
{ common_pid: mc-worker       [    219910], ret:         61 } hitcount:          1
{ common_pid: mc-worker       [    219913], ret:         59 } hitcount:          1
{ common_pid: mc-worker       [    219912], ret:        110 } hitcount:          1
{ common_pid: mc-worker       [    219911], ret:         57 } hitcount:          1
{ common_pid: mc-worker       [    219909], ret:         82 } hitcount:          1
{ common_pid: mc-worker       [    219908], ret:         50 } hitcount:          1
{ common_pid: mc-worker       [    219911], ret:         61 } hitcount:          1
{ common_pid: mc-worker       [    219913], ret:        123 } hitcount:          1
{ common_pid: mc-worker       [    219910], ret:         95 } hitcount:          1
{ common_pid: mc-worker       [    219913], ret:         50 } hitcount:          1
{ common_pid: mc-worker       [    219913], ret:        124 } hitcount:          1
{ common_pid: mc-worker       [    219910], ret:        127 } hitcount:          1
{ common_pid: mc-worker       [    219911], ret:         54 } hitcount:          1
{ common_pid: mc-worker       [    219911], ret:         56 } hitcount:          1
{ common_pid: mc-worker       [    219909], ret:        127 } hitcount:          1
{ common_pid: mc-worker       [    219911], ret:        101 } hitcount:          1
{ common_pid: mc-worker       [    219911], ret:        126 } hitcount:          1
{ common_pid: mc-worker       [    219913], ret:         47 } hitcount:          1
{ common_pid: mc-worker       [    219915], ret:         59 } hitcount:          1
{ common_pid: mc-worker       [    219909], ret:         67 } hitcount:          1
{ common_pid: mc-worker       [    219914], ret:         55 } hitcount:          1
{ common_pid: mc-worker       [    219910], ret:         80 } hitcount:          1
{ common_pid: mc-worker       [    219908], ret:         47 } hitcount:          1
{ common_pid: mc-worker       [    219915], ret:         57 } hitcount:          1
{ common_pid: mc-worker       [    219909], ret:        126 } hitcount:          1
{ common_pid: mc-worker       [    219914], ret:         60 } hitcount:          1
{ common_pid: mc-worker       [    219908], ret:         57 } hitcount:          1
{ common_pid: mc-worker       [    219914], ret:         54 } hitcount:          1
{ common_pid: mc-worker       [    219912], ret:         65 } hitcount:          1
{ common_pid: mc-worker       [    219911], ret:         69 } hitcount:          1
{ common_pid: mc-worker       [    219909], ret:        137 } hitcount:          1
{ common_pid: mc-worker       [    219908], ret:        128 } hitcount:          1
{ common_pid: mc-worker       [    219915], ret:         47 } hitcount:          1
{ common_pid: mc-worker       [    219913], ret:        127 } hitcount:          1
{ common_pid: mc-worker       [    219908], ret:         56 } hitcount:          1
{ common_pid: mc-worker       [    219913], ret:         73 } hitcount:          1
{ common_pid: mc-worker       [    219910], ret:        115 } hitcount:          1
{ common_pid: mc-worker       [    219913], ret:         84 } hitcount:          1
{ common_pid: mc-worker       [    219910], ret:         54 } hitcount:          1
{ common_pid: mc-worker       [    219908], ret:        107 } hitcount:          1
{ common_pid: mc-worker       [    219912], ret:        134 } hitcount:          1
{ common_pid: mc-worker       [    219911], ret:         59 } hitcount:          1
{ common_pid: mc-worker       [    219912], ret:        142 } hitcount:          1
{ common_pid: mc-worker       [    219912], ret:         53 } hitcount:          1
{ common_pid: mc-worker       [    219909], ret:         97 } hitcount:          1
{ common_pid: mc-worker       [    219912], ret:         56 } hitcount:          1
{ common_pid: mc-worker       [    219912], ret:        128 } hitcount:          1
{ common_pid: mc-worker       [    219915], ret:         51 } hitcount:          1
{ common_pid: mc-worker       [    219912], ret:        127 } hitcount:          1
{ common_pid: mc-worker       [    219913], ret:         53 } hitcount:          1
{ common_pid: mc-worker       [    219911], ret:         60 } hitcount:          1
{ common_pid: mc-worker       [    219910], ret:        109 } hitcount:          1
{ common_pid: mc-worker       [    219909], ret:        122 } hitcount:          1
{ common_pid: mc-worker       [    219908], ret:         53 } hitcount:          1
{ common_pid: mc-worker       [    219914], ret:         52 } hitcount:          1
{ common_pid: mc-worker       [    219914], ret:         53 } hitcount:          1
{ common_pid: mc-worker       [    219912], ret:         60 } hitcount:          1
{ common_pid: mc-worker       [    219912], ret:        122 } hitcount:          1
{ common_pid: mc-worker       [    219912], ret:        144 } hitcount:          1
{ common_pid: mc-worker       [    219910], ret:         66 } hitcount:          1
{ common_pid: mc-worker       [    219913], ret:         81 } hitcount:          1
{ common_pid: mc-worker       [    219910], ret:         63 } hitcount:          1
{ common_pid: mc-worker       [    219909], ret:         52 } hitcount:          1
{ common_pid: mc-worker       [    219909], ret:         61 } hitcount:          1
{ common_pid: mc-worker       [    219909], ret:         99 } hitcount:          1
{ common_pid: mc-worker       [    219909], ret:         60 } hitcount:          1
{ common_pid: mc-worker       [    219910], ret:         51 } hitcount:          1
{ common_pid: mc-worker       [    219912], ret:         80 } hitcount:          1
{ common_pid: mc-worker       [    219911], ret:         82 } hitcount:          1
{ common_pid: mc-worker       [    219913], ret:        135 } hitcount:          1
{ common_pid: mc-worker       [    219915], ret:         55 } hitcount:          1
{ common_pid: mc-worker       [    219915], ret:        105 } hitcount:          1
{ common_pid: mc-worker       [    219915], ret:        109 } hitcount:          1
{ common_pid: mc-worker       [    219913], ret:        128 } hitcount:          2
{ common_pid: mc-worker       [    219914], ret:         51 } hitcount:          2
{ common_pid: mc-worker       [    219913], ret:         54 } hitcount:          2
{ common_pid: mc-worker       [    219909], ret:         48 } hitcount:          2
{ common_pid: mc-worker       [    219910], ret:         50 } hitcount:          2
{ common_pid: mc-worker       [    219911], ret:         50 } hitcount:          2
{ common_pid: mc-worker       [    219910], ret:         57 } hitcount:          2
{ common_pid: mc-worker       [    219912], ret:         50 } hitcount:          2
{ common_pid: mc-worker       [    219912], ret:         48 } hitcount:          2
{ common_pid: mc-worker       [    219908], ret:         45 } hitcount:          2
{ common_pid: mc-worker       [    219912], ret:         63 } hitcount:          2
{ common_pid: mc-worker       [    219914], ret:         62 } hitcount:          2
{ common_pid: mc-worker       [    219911], ret:        128 } hitcount:          2
{ common_pid: mc-worker       [    219912], ret:         66 } hitcount:          2
{ common_pid: mc-worker       [    219912], ret:         74 } hitcount:          2
{ common_pid: mc-worker       [    219912], ret:         47 } hitcount:          2
{ common_pid: mc-worker       [    219915], ret:         49 } hitcount:          2
{ common_pid: mc-worker       [    219911], ret:         52 } hitcount:          2
{ common_pid: mc-worker       [    219912], ret:         55 } hitcount:          2
{ common_pid: mc-worker       [    219908], ret:        127 } hitcount:          2
{ common_pid: mc-worker       [    219911], ret:         48 } hitcount:          2
{ common_pid: mc-worker       [    219908], ret:         55 } hitcount:          2
{ common_pid: mc-worker       [    219914], ret:        128 } hitcount:          2
{ common_pid: mc-worker       [    219911], ret:         47 } hitcount:          2
{ common_pid: mc-worker       [    219913], ret:         61 } hitcount:          2
{ common_pid: mc-worker       [    219913], ret:         57 } hitcount:          3
{ common_pid: mc-worker       [    219908], ret:         48 } hitcount:          3
{ common_pid: mc-worker       [    219914], ret:         49 } hitcount:          3
{ common_pid: mc-worker       [    219911], ret:         45 } hitcount:          3
{ common_pid: mc-worker       [    219911], ret:         63 } hitcount:          3
{ common_pid: mc-worker       [    219913], ret:         49 } hitcount:          3
{ common_pid: mc-worker       [    219909], ret:         46 } hitcount:          3
{ common_pid: mc-worker       [    219913], ret:         46 } hitcount:          3
{ common_pid: mc-worker       [    219913], ret:         55 } hitcount:          3
{ common_pid: mc-worker       [    219910], ret:         52 } hitcount:          3
{ common_pid: mc-worker       [    219915], ret:         50 } hitcount:          3
{ common_pid: mc-worker       [    219912], ret:         54 } hitcount:          3
{ common_pid: mc-worker       [    219910], ret:         49 } hitcount:          4
{ common_pid: mc-worker       [    219912], ret:         52 } hitcount:          4
{ common_pid: mc-worker       [    219909], ret:         43 } hitcount:          4
{ common_pid: mc-worker       [    219913], ret:         45 } hitcount:          4
{ common_pid: mc-worker       [    219910], ret:         48 } hitcount:          4
{ common_pid: mc-worker       [    219911], ret:         46 } hitcount:          4
{ common_pid: mc-worker       [    219912], ret:         59 } hitcount:          4
{ common_pid: mc-worker       [    219911], ret:         49 } hitcount:          4
{ common_pid: mc-worker       [    219911], ret:         44 } hitcount:          4
{ common_pid: mc-worker       [    219912], ret:         49 } hitcount:          4
{ common_pid: mc-worker       [    219909], ret:         44 } hitcount:          5
{ common_pid: mc-worker       [    219912], ret:         57 } hitcount:          5
{ common_pid: mc-worker       [    219908], ret:         49 } hitcount:          5
{ common_pid: mc-worker       [    219912], ret:         46 } hitcount:          5
{ common_pid: mc-worker       [    219909], ret:         54 } hitcount:          5
{ common_pid: mc-worker       [    219913], ret:         48 } hitcount:          6
{ common_pid: mc-worker       [    219914], ret:         47 } hitcount:          6
{ common_pid: mc-worker       [    219908], ret:         44 } hitcount:          7
{ common_pid: mc-worker       [    219910], ret:         47 } hitcount:          7
{ common_pid: mc-worker       [    219908], ret:         46 } hitcount:          7
{ common_pid: mc-worker       [    219912], ret:         45 } hitcount:          7
{ common_pid: mc-worker       [    219915], ret:         45 } hitcount:          7
{ common_pid: mc-worker       [    219910], ret:         46 } hitcount:          9
{ common_pid: mc-worker       [    219915], ret:         46 } hitcount:          9
{ common_pid: mc-worker       [    219909], ret:         42 } hitcount:         11
{ common_pid: mc-worker       [    219913], ret:         44 } hitcount:         11
{ common_pid: mc-worker       [    219910], ret:         45 } hitcount:         11
{ common_pid: mc-worker       [    219914], ret:         46 } hitcount:         11
{ common_pid: mc-worker       [    219913], ret:         43 } hitcount:         12
{ common_pid: mc-worker       [    219911], ret:         43 } hitcount:         13
{ common_pid: mc-worker       [    219908], ret:         43 } hitcount:         14
{ common_pid: mc-worker       [    219914], ret:         45 } hitcount:         14
{ common_pid: mc-worker       [    219912], ret:         44 } hitcount:         14
{ common_pid: mc-worker       [    219915], ret:         43 } hitcount:         16
{ common_pid: mc-worker       [    219913], ret:         42 } hitcount:         17
{ common_pid: mc-worker       [    219911], ret:         42 } hitcount:         17
{ common_pid: mc-worker       [    219914], ret:         44 } hitcount:         17
{ common_pid: mc-worker       [    219908], ret:         42 } hitcount:         17
{ common_pid: mc-worker       [    219915], ret:         44 } hitcount:         18
{ common_pid: mc-worker       [    219910], ret:         44 } hitcount:         18
{ common_pid: mc-worker       [    219912], ret:         43 } hitcount:         22
{ common_pid: mc-worker       [    219912], ret:         42 } hitcount:         23
{ common_pid: mc-worker       [    219915], ret:         42 } hitcount:         24
{ common_pid: mc-worker       [    219909], ret:         41 } hitcount:         24
{ common_pid: mc-worker       [    219911], ret:         41 } hitcount:         24
{ common_pid: mc-worker       [    219910], ret:         43 } hitcount:         24
{ common_pid: mc-worker       [    219914], ret:         43 } hitcount:         25
{ common_pid: mc-worker       [    219913], ret:         41 } hitcount:         32
{ common_pid: mc-worker       [    219911], ret:         40 } hitcount:         34
{ common_pid: mc-worker       [    219910], ret:         42 } hitcount:         35
{ common_pid: mc-worker       [    219908], ret:         41 } hitcount:         35
{ common_pid: mc-worker       [    219912], ret:         41 } hitcount:         35
{ common_pid: mc-worker       [    219911], ret:         39 } hitcount:         36
{ common_pid: mc-worker       [    219914], ret:         42 } hitcount:         40
{ common_pid: mc-worker       [    219909], ret:         40 } hitcount:         41
{ common_pid: mc-worker       [    219915], ret:         41 } hitcount:         48
{ common_pid: mc-worker       [    219915], ret:         40 } hitcount:         48
{ common_pid: mc-worker       [    219913], ret:         40 } hitcount:         49
{ common_pid: mc-worker       [    219908], ret:         40 } hitcount:         49
{ common_pid: mc-worker       [    219912], ret:         40 } hitcount:         52
{ common_pid: mc-worker       [    219913], ret:         39 } hitcount:         55
{ common_pid: mc-worker       [    219914], ret:         41 } hitcount:         63
{ common_pid: mc-worker       [    219909], ret:         39 } hitcount:         64
{ common_pid: mc-worker       [    219909], ret:         38 } hitcount:         68
{ common_pid: mc-worker       [    219911], ret:         38 } hitcount:         74
{ common_pid: mc-worker       [    219910], ret:         41 } hitcount:         75
{ common_pid: mc-worker       [    219908], ret:         39 } hitcount:         77
{ common_pid: mc-worker       [    219915], ret:         39 } hitcount:         77
{ common_pid: mc-worker       [    219914], ret:         40 } hitcount:         87
{ common_pid: mc-worker       [    219912], ret:         39 } hitcount:         91
{ common_pid: mc-worker       [    219910], ret:         40 } hitcount:         95
{ common_pid: mc-worker       [    219912], ret:         38 } hitcount:        112
{ common_pid: mc-worker       [    219908], ret:         38 } hitcount:        115
{ common_pid: mc-worker       [    219915], ret:         38 } hitcount:        124
{ common_pid: mc-worker       [    219913], ret:         38 } hitcount:        125
{ common_pid: mc-worker       [    219911], ret:         37 } hitcount:        126
{ common_pid: mc-worker       [    219910], ret:         39 } hitcount:        126
{ common_pid: mc-worker       [    219909], ret:         37 } hitcount:        128
{ common_pid: mc-worker       [    219914], ret:         39 } hitcount:        136
{ common_pid: mc-worker       [    219913], ret:         37 } hitcount:        165
{ common_pid: mc-worker       [    219908], ret:         37 } hitcount:        174
{ common_pid: mc-worker       [    219911], ret:         36 } hitcount:        184
{ common_pid: mc-worker       [    219909], ret:         36 } hitcount:        188
{ common_pid: mc-worker       [    219912], ret:         37 } hitcount:        193
{ common_pid: mc-worker       [    219915], ret:         37 } hitcount:        207
{ common_pid: mc-worker       [    219910], ret:         38 } hitcount:        210
{ common_pid: mc-worker       [    219914], ret:         38 } hitcount:        223
{ common_pid: mc-worker       [    219913], ret:         36 } hitcount:        225
{ common_pid: mc-worker       [    219911], ret:         35 } hitcount:        256
{ common_pid: mc-worker       [    219908], ret:         36 } hitcount:        256
{ common_pid: mc-worker       [    219912], ret:         36 } hitcount:        263
{ common_pid: mc-worker       [    219909], ret:         35 } hitcount:        270
{ common_pid: mc-worker       [    219915], ret:         36 } hitcount:        297
{ common_pid: mc-worker       [    219914], ret:         37 } hitcount:        306
{ common_pid: mc-worker       [    219910], ret:         37 } hitcount:        310
{ common_pid: mc-worker       [    219913], ret:         35 } hitcount:        329
{ common_pid: mc-worker       [    219911], ret:         34 } hitcount:        353
{ common_pid: mc-worker       [    219908], ret:         35 } hitcount:        363
{ common_pid: mc-worker       [    219912], ret:         35 } hitcount:        403
{ common_pid: mc-worker       [    219909], ret:         34 } hitcount:        410
{ common_pid: mc-worker       [    219914], ret:         36 } hitcount:        412
{ common_pid: mc-worker       [    219910], ret:         36 } hitcount:        438
{ common_pid: mc-worker       [    219915], ret:         35 } hitcount:        459
{ common_pid: mc-worker       [    219908], ret:         34 } hitcount:        472
{ common_pid: mc-worker       [    219913], ret:         34 } hitcount:        490
{ common_pid: mc-worker       [    219912], ret:         34 } hitcount:        529
{ common_pid: mc-worker       [    219914], ret:         35 } hitcount:        547
{ common_pid: mc-worker       [    219911], ret:         33 } hitcount:        550
{ common_pid: mc-worker       [    219909], ret:         33 } hitcount:        584
{ common_pid: mc-worker       [    219910], ret:         35 } hitcount:        614
{ common_pid: mc-worker       [    219915], ret:         34 } hitcount:        622
{ common_pid: mc-worker       [    219908], ret:         33 } hitcount:        638
{ common_pid: mc-worker       [    219913], ret:         33 } hitcount:        652
{ common_pid: mc-worker       [    219914], ret:         34 } hitcount:        695
{ common_pid: mc-worker       [    219911], ret:         32 } hitcount:        720
{ common_pid: mc-worker       [    219909], ret:         32 } hitcount:        741
{ common_pid: mc-worker       [    219915], ret:         33 } hitcount:        748
{ common_pid: mc-worker       [    219910], ret:         34 } hitcount:        763
{ common_pid: mc-worker       [    219912], ret:         33 } hitcount:        776
{ common_pid: mc-worker       [    219908], ret:         32 } hitcount:        876
{ common_pid: mc-worker       [    219913], ret:         32 } hitcount:        891
{ common_pid: mc-worker       [    219912], ret:         32 } hitcount:        949
{ common_pid: mc-worker       [    219914], ret:         33 } hitcount:        978
{ common_pid: mc-worker       [    219911], ret:         31 } hitcount:        985
{ common_pid: mc-worker       [    219909], ret:         31 } hitcount:       1031
{ common_pid: mc-worker       [    219910], ret:         33 } hitcount:       1035
{ common_pid: mc-worker       [    219915], ret:         32 } hitcount:       1059
{ common_pid: mc-worker       [    219913], ret:         31 } hitcount:       1147
{ common_pid: mc-worker       [    219908], ret:         31 } hitcount:       1186
{ common_pid: mc-worker       [    219910], ret:         32 } hitcount:       1212
{ common_pid: mc-worker       [    219914], ret:         32 } hitcount:       1247
{ common_pid: mc-worker       [    219912], ret:         31 } hitcount:       1285
{ common_pid: mc-worker       [    219915], ret:         31 } hitcount:       1362
{ common_pid: mc-worker       [    219909], ret:         30 } hitcount:       1377
{ common_pid: mc-worker       [    219911], ret:         30 } hitcount:       1398
{ common_pid: mc-worker       [    219914], ret:         31 } hitcount:       1608
{ common_pid: mc-worker       [    219908], ret:         30 } hitcount:       1618
{ common_pid: mc-worker       [    219910], ret:         31 } hitcount:       1658
{ common_pid: mc-worker       [    219913], ret:         30 } hitcount:       1665
{ common_pid: mc-worker       [    219912], ret:         30 } hitcount:       1712
{ common_pid: mc-worker       [    219909], ret:         29 } hitcount:       1776
{ common_pid: mc-worker       [    219911], ret:         29 } hitcount:       1779
{ common_pid: mc-worker       [    219915], ret:         30 } hitcount:       1947
{ common_pid: mc-worker       [    219913], ret:         29 } hitcount:       1997
{ common_pid: mc-worker       [    219910], ret:         30 } hitcount:       2042
{ common_pid: mc-worker       [    219908], ret:         29 } hitcount:       2098
{ common_pid: mc-worker       [    219914], ret:         30 } hitcount:       2134
{ common_pid: mc-worker       [    219912], ret:         29 } hitcount:       2161
{ common_pid: mc-worker       [    219915], ret:         29 } hitcount:       2222
{ common_pid: mc-worker       [    219911], ret:         28 } hitcount:       2318
{ common_pid: mc-worker       [    219914], ret:         29 } hitcount:       2352
{ common_pid: mc-worker       [    219909], ret:         28 } hitcount:       2418
{ common_pid: mc-worker       [    219913], ret:         28 } hitcount:       2517
{ common_pid: mc-worker       [    219908], ret:         28 } hitcount:       2522
{ common_pid: mc-worker       [    219910], ret:         29 } hitcount:       2577
{ common_pid: mc-worker       [    219912], ret:         28 } hitcount:       2680
{ common_pid: mc-worker       [    219915], ret:         28 } hitcount:       2756
{ common_pid: mc-worker       [    219911], ret:         27 } hitcount:       2791
{ common_pid: mc-worker       [    219909], ret:         27 } hitcount:       2809
{ common_pid: mc-worker       [    219913], ret:         27 } hitcount:       2846
{ common_pid: mc-worker       [    219914], ret:         28 } hitcount:       2882
{ common_pid: mc-worker       [    219910], ret:         28 } hitcount:       3021
{ common_pid: mc-worker       [    219908], ret:         27 } hitcount:       3044
{ common_pid: mc-worker       [    219912], ret:         27 } hitcount:       3080
{ common_pid: mc-worker       [    219915], ret:         27 } hitcount:       3153
{ common_pid: mc-worker       [    219909], ret:         26 } hitcount:       3187
{ common_pid: mc-worker       [    219911], ret:         26 } hitcount:       3201
{ common_pid: mc-worker       [    219914], ret:         27 } hitcount:       3328
{ common_pid: mc-worker       [    219910], ret:         27 } hitcount:       3371
{ common_pid: mc-worker       [    219908], ret:         26 } hitcount:       3397
{ common_pid: mc-worker       [    219913], ret:         26 } hitcount:       3428
{ common_pid: mc-worker       [    219912], ret:         26 } hitcount:       3535
{ common_pid: mc-worker       [    219915], ret:         26 } hitcount:       3561
{ common_pid: mc-worker       [    219911], ret:         25 } hitcount:       3668
{ common_pid: mc-worker       [    219914], ret:         26 } hitcount:       3736
{ common_pid: mc-worker       [    219909], ret:         25 } hitcount:       3758
{ common_pid: mc-worker       [    219908], ret:         25 } hitcount:       3852
{ common_pid: mc-worker       [    219910], ret:         26 } hitcount:       3859
{ common_pid: mc-worker       [    219913], ret:         25 } hitcount:       3907
{ common_pid: mc-worker       [    219912], ret:         25 } hitcount:       4004
{ common_pid: mc-worker       [    219915], ret:         25 } hitcount:       4055
{ common_pid: mc-worker       [    219914], ret:         25 } hitcount:       4123
{ common_pid: mc-worker       [    219910], ret:         25 } hitcount:       4140
{ common_pid: mc-worker       [    219909], ret:         24 } hitcount:       4208
{ common_pid: mc-worker       [    219911], ret:         24 } hitcount:       4274
{ common_pid: mc-worker       [    219908], ret:         24 } hitcount:       4308
{ common_pid: mc-worker       [    219913], ret:         24 } hitcount:       4325
{ common_pid: mc-worker       [    219915], ret:         24 } hitcount:       4437
{ common_pid: mc-worker       [    219912], ret:         24 } hitcount:       4442
{ common_pid: mc-worker       [    219914], ret:         24 } hitcount:       4467
{ common_pid: mc-worker       [    219910], ret:         24 } hitcount:       4535
{ common_pid: mc-worker       [    219908], ret:         23 } hitcount:       4625
{ common_pid: mc-worker       [    219914], ret:         23 } hitcount:       4721
{ common_pid: mc-worker       [    219909], ret:         23 } hitcount:       4741
{ common_pid: mc-worker       [    219913], ret:         23 } hitcount:       4752
{ common_pid: mc-worker       [    219915], ret:         23 } hitcount:       4756
{ common_pid: mc-worker       [    219910], ret:         23 } hitcount:       4769
{ common_pid: mc-worker       [    219911], ret:         23 } hitcount:       4777
{ common_pid: mc-worker       [    219912], ret:         23 } hitcount:       4791
{ common_pid: mc-worker       [    219910], ret:         22 } hitcount:       5002
{ common_pid: mc-worker       [    219910], ret:         21 } hitcount:       5025
{ common_pid: mc-worker       [    219914], ret:         20 } hitcount:       5074
{ common_pid: mc-worker       [    219914], ret:         22 } hitcount:       5081
{ common_pid: mc-worker       [    219908], ret:         22 } hitcount:       5105
{ common_pid: mc-worker       [    219910], ret:         19 } hitcount:       5139
{ common_pid: mc-worker       [    219914], ret:         18 } hitcount:       5141
{ common_pid: mc-worker       [    219912], ret:         22 } hitcount:       5144
{ common_pid: mc-worker       [    219910], ret:         20 } hitcount:       5148
{ common_pid: mc-worker       [    219915], ret:         19 } hitcount:       5157
{ common_pid: mc-worker       [    219909], ret:         22 } hitcount:       5165
{ common_pid: mc-worker       [    219915], ret:         18 } hitcount:       5170
{ common_pid: mc-worker       [    219909], ret:         18 } hitcount:       5170
{ common_pid: mc-worker       [    219915], ret:         22 } hitcount:       5173
{ common_pid: mc-worker       [    219911], ret:         22 } hitcount:       5185
{ common_pid: mc-worker       [    219910], ret:         18 } hitcount:       5188
{ common_pid: mc-worker       [    219914], ret:         21 } hitcount:       5199
{ common_pid: mc-worker       [    219913], ret:         22 } hitcount:       5205
{ common_pid: mc-worker       [    219908], ret:         21 } hitcount:       5223
{ common_pid: mc-worker       [    219908], ret:         19 } hitcount:       5225
{ common_pid: mc-worker       [    219914], ret:         19 } hitcount:       5232
{ common_pid: mc-worker       [    219912], ret:         20 } hitcount:       5235
{ common_pid: mc-worker       [    219912], ret:         17 } hitcount:       5242
{ common_pid: mc-worker       [    219915], ret:         21 } hitcount:       5249
{ common_pid: mc-worker       [    219908], ret:         18 } hitcount:       5252
{ common_pid: mc-worker       [    219909], ret:         17 } hitcount:       5261
{ common_pid: mc-worker       [    219908], ret:         17 } hitcount:       5291
{ common_pid: mc-worker       [    219912], ret:         21 } hitcount:       5310
{ common_pid: mc-worker       [    219911], ret:         17 } hitcount:       5311
{ common_pid: mc-worker       [    219913], ret:         19 } hitcount:       5325
{ common_pid: mc-worker       [    219913], ret:         21 } hitcount:       5331
{ common_pid: mc-worker       [    219910], ret:         17 } hitcount:       5334
{ common_pid: mc-worker       [    219908], ret:         20 } hitcount:       5339
{ common_pid: mc-worker       [    219915], ret:         17 } hitcount:       5347
{ common_pid: mc-worker       [    219912], ret:         19 } hitcount:       5352
{ common_pid: mc-worker       [    219912], ret:         18 } hitcount:       5352
{ common_pid: mc-worker       [    219915], ret:         20 } hitcount:       5359
{ common_pid: mc-worker       [    219913], ret:         20 } hitcount:       5371
{ common_pid: mc-worker       [    219912], ret:         16 } hitcount:       5409
{ common_pid: mc-worker       [    219913], ret:         17 } hitcount:       5409
{ common_pid: mc-worker       [    219908], ret:         16 } hitcount:       5413
{ common_pid: mc-worker       [    219914], ret:         17 } hitcount:       5417
{ common_pid: mc-worker       [    219911], ret:         19 } hitcount:       5422
{ common_pid: mc-worker       [    219909], ret:         21 } hitcount:       5432
{ common_pid: mc-worker       [    219909], ret:         19 } hitcount:       5438
{ common_pid: mc-worker       [    219911], ret:         21 } hitcount:       5447
{ common_pid: mc-worker       [    219909], ret:         16 } hitcount:       5449
{ common_pid: mc-worker       [    219910], ret:         16 } hitcount:       5450
{ common_pid: mc-worker       [    219909], ret:         20 } hitcount:       5460
{ common_pid: mc-worker       [    219913], ret:         18 } hitcount:       5481
{ common_pid: mc-worker       [    219915], ret:         16 } hitcount:       5514
{ common_pid: mc-worker       [    219914], ret:         16 } hitcount:       5524
{ common_pid: mc-worker       [    219911], ret:         16 } hitcount:       5548
{ common_pid: mc-worker       [    219911], ret:         18 } hitcount:       5610
{ common_pid: mc-worker       [    219911], ret:         20 } hitcount:       5657
{ common_pid: mc-worker       [    219913], ret:         16 } hitcount:       5707
{ common_pid: mc-worker       [    219908], ret:         15 } hitcount:       5766
{ common_pid: mc-worker       [    219911], ret:         15 } hitcount:       5788
{ common_pid: mc-worker       [    219912], ret:         15 } hitcount:       5790
{ common_pid: mc-worker       [    219913], ret:         15 } hitcount:       5800
{ common_pid: mc-worker       [    219909], ret:         15 } hitcount:       5829
{ common_pid: mc-worker       [    219915], ret:         15 } hitcount:       5932
{ common_pid: mc-worker       [    219914], ret:         15 } hitcount:       5974
{ common_pid: mc-worker       [    219910], ret:         15 } hitcount:       6023
{ common_pid: mc-worker       [    219911], ret:         14 } hitcount:       6127
{ common_pid: mc-worker       [    219908], ret:         14 } hitcount:       6140
{ common_pid: mc-worker       [    219912], ret:         14 } hitcount:       6266
{ common_pid: mc-worker       [    219915], ret:         14 } hitcount:       6276
{ common_pid: mc-worker       [    219909], ret:         14 } hitcount:       6318
{ common_pid: mc-worker       [    219913], ret:         14 } hitcount:       6333
{ common_pid: mc-worker       [    219914], ret:         14 } hitcount:       6533
{ common_pid: mc-worker       [    219910], ret:         14 } hitcount:       6603
{ common_pid: mc-worker       [    219909], ret:         13 } hitcount:       6773
{ common_pid: mc-worker       [    219911], ret:         13 } hitcount:       6804
{ common_pid: mc-worker       [    219908], ret:         13 } hitcount:       6831
{ common_pid: mc-worker       [    219915], ret:         13 } hitcount:       6899
{ common_pid: mc-worker       [    219913], ret:         13 } hitcount:       6906
{ common_pid: mc-worker       [    219912], ret:         13 } hitcount:       7043
{ common_pid: mc-worker       [    219910], ret:         13 } hitcount:       7227
{ common_pid: mc-worker       [    219909], ret:         12 } hitcount:       7282
{ common_pid: mc-worker       [    219914], ret:         13 } hitcount:       7307
{ common_pid: mc-worker       [    219911], ret:         12 } hitcount:       7379
{ common_pid: mc-worker       [    219912], ret:         12 } hitcount:       7557
{ common_pid: mc-worker       [    219908], ret:         12 } hitcount:       7571
{ common_pid: mc-worker       [    219915], ret:         12 } hitcount:       7669
{ common_pid: mc-worker       [    219913], ret:         12 } hitcount:       7787
{ common_pid: mc-worker       [    219910], ret:         12 } hitcount:       8042
{ common_pid: mc-worker       [    219914], ret:         12 } hitcount:       8093
{ common_pid: mc-worker       [    219911], ret:         11 } hitcount:       8222
{ common_pid: mc-worker       [    219909], ret:         11 } hitcount:       8347
{ common_pid: mc-worker       [    219912], ret:         11 } hitcount:       8432
{ common_pid: mc-worker       [    219913], ret:         11 } hitcount:       8465
{ common_pid: mc-worker       [    219908], ret:         11 } hitcount:       8491
{ common_pid: mc-worker       [    219915], ret:         11 } hitcount:       8521
{ common_pid: mc-worker       [    219914], ret:         11 } hitcount:       8993
{ common_pid: mc-worker       [    219910], ret:         11 } hitcount:       9105
{ common_pid: mc-worker       [    219911], ret:         10 } hitcount:       9339
{ common_pid: mc-worker       [    219909], ret:         10 } hitcount:       9448
{ common_pid: mc-worker       [    219908], ret:         10 } hitcount:       9524
{ common_pid: mc-worker       [    219912], ret:         10 } hitcount:       9638
{ common_pid: mc-worker       [    219913], ret:         10 } hitcount:       9671
{ common_pid: mc-worker       [    219915], ret:         10 } hitcount:       9729
{ common_pid: mc-worker       [    219914], ret:         10 } hitcount:       9983
{ common_pid: mc-worker       [    219910], ret:         10 } hitcount:      10057
{ common_pid: mc-worker       [    219909], ret:          9 } hitcount:      10523
{ common_pid: mc-worker       [    219911], ret:          9 } hitcount:      10613
{ common_pid: mc-worker       [    219912], ret:          9 } hitcount:      10778
{ common_pid: mc-worker       [    219908], ret:          9 } hitcount:      10873
{ common_pid: mc-worker       [    219915], ret:          9 } hitcount:      10895
{ common_pid: mc-worker       [    219913], ret:          9 } hitcount:      11100
{ common_pid: mc-worker       [    219914], ret:          9 } hitcount:      11114
{ common_pid: mc-worker       [    219910], ret:          9 } hitcount:      11288
{ common_pid: mc-worker       [    219909], ret:          8 } hitcount:      12120
{ common_pid: mc-worker       [    219908], ret:          8 } hitcount:      12249
{ common_pid: mc-worker       [    219911], ret:          8 } hitcount:      12268
{ common_pid: mc-worker       [    219915], ret:          8 } hitcount:      12401
{ common_pid: mc-worker       [    219912], ret:          8 } hitcount:      12410
{ common_pid: mc-worker       [    219913], ret:          8 } hitcount:      12421
{ common_pid: mc-worker       [    219910], ret:          8 } hitcount:      12726
{ common_pid: mc-worker       [    219914], ret:          8 } hitcount:      12790
{ common_pid: mc-worker       [    219909], ret:          7 } hitcount:      13832
{ common_pid: mc-worker       [    219911], ret:          7 } hitcount:      14032
{ common_pid: mc-worker       [    219913], ret:          7 } hitcount:      14242
{ common_pid: mc-worker       [    219908], ret:          7 } hitcount:      14268
{ common_pid: mc-worker       [    219915], ret:          7 } hitcount:      14427
{ common_pid: mc-worker       [    219912], ret:          7 } hitcount:      14429
{ common_pid: mc-worker       [    219914], ret:          7 } hitcount:      14724
{ common_pid: mc-worker       [    219910], ret:          7 } hitcount:      14819
{ common_pid: mc-worker       [    219909], ret:          6 } hitcount:      16739
{ common_pid: mc-worker       [    219911], ret:          6 } hitcount:      16844
{ common_pid: mc-worker       [    219908], ret:          6 } hitcount:      17210
{ common_pid: mc-worker       [    219912], ret:          6 } hitcount:      17302
{ common_pid: mc-worker       [    219913], ret:          6 } hitcount:      17400
{ common_pid: mc-worker       [    219915], ret:          6 } hitcount:      17498
{ common_pid: mc-worker       [    219914], ret:          6 } hitcount:      17847
{ common_pid: mc-worker       [    219910], ret:          6 } hitcount:      18046
{ common_pid: mc-worker       [    219909], ret:          5 } hitcount:      21018
{ common_pid: mc-worker       [    219911], ret:          5 } hitcount:      21037
{ common_pid: mc-worker       [    219908], ret:          5 } hitcount:      21502
{ common_pid: mc-worker       [    219913], ret:          5 } hitcount:      21525
{ common_pid: mc-worker       [    219912], ret:          5 } hitcount:      21685
{ common_pid: mc-worker       [    219915], ret:          5 } hitcount:      22089
{ common_pid: mc-worker       [    219914], ret:          5 } hitcount:      22525
{ common_pid: mc-worker       [    219910], ret:          5 } hitcount:      22636
{ common_pid: mc-worker       [    219909], ret:          4 } hitcount:      27512
{ common_pid: mc-worker       [    219911], ret:          4 } hitcount:      27942
{ common_pid: mc-worker       [    219912], ret:          4 } hitcount:      28435
{ common_pid: mc-worker       [    219913], ret:          4 } hitcount:      28477
{ common_pid: mc-worker       [    219908], ret:          4 } hitcount:      28535
{ common_pid: mc-worker       [    219915], ret:          4 } hitcount:      28706
{ common_pid: mc-worker       [    219910], ret:          4 } hitcount:      29239
{ common_pid: mc-worker       [    219914], ret:          4 } hitcount:      29746
{ common_pid: mc-worker       [    219911], ret:          3 } hitcount:      37935
{ common_pid: mc-worker       [    219909], ret:          3 } hitcount:      38029
{ common_pid: mc-worker       [    219908], ret:          3 } hitcount:      38080
{ common_pid: mc-worker       [    219913], ret:          3 } hitcount:      38410
{ common_pid: mc-worker       [    219912], ret:          3 } hitcount:      38649
{ common_pid: mc-worker       [    219910], ret:          3 } hitcount:      38979
{ common_pid: mc-worker       [    219915], ret:          3 } hitcount:      39190
{ common_pid: mc-worker       [    219914], ret:          3 } hitcount:      39571
{ common_pid: mc-worker       [    219908], ret:          2 } hitcount:      50478
{ common_pid: mc-worker       [    219909], ret:          2 } hitcount:      51055
{ common_pid: mc-worker       [    219910], ret:          2 } hitcount:      51121
{ common_pid: mc-worker       [    219913], ret:          2 } hitcount:      51491
{ common_pid: mc-worker       [    219912], ret:          2 } hitcount:      51511
{ common_pid: mc-worker       [    219911], ret:          2 } hitcount:      52015
{ common_pid: mc-worker       [    219914], ret:          2 } hitcount:      52194
{ common_pid: mc-worker       [    219915], ret:          2 } hitcount:      52531
{ common_pid: mc-worker       [    219910], ret:          1 } hitcount:      64034
{ common_pid: mc-worker       [    219914], ret:          1 } hitcount:      64918
{ common_pid: mc-worker       [    219908], ret:          1 } hitcount:      65397
{ common_pid: mc-worker       [    219913], ret:          1 } hitcount:      66297
{ common_pid: mc-worker       [    219912], ret:          1 } hitcount:      66641
{ common_pid: mc-worker       [    219915], ret:          1 } hitcount:      67220
{ common_pid: mc-worker       [    219909], ret:          1 } hitcount:      67408
{ common_pid: mc-worker       [    219911], ret:          1 } hitcount:      68343
