{ common_pid: mc-worker       [    231736], ret:         48 } hitcount:          1
{ common_pid: mc-worker       [    231740], ret:         43 } hitcount:          1
{ common_pid: mc-worker       [    231740], ret:         79 } hitcount:          1
{ common_pid: mc-worker       [    231738], ret:        126 } hitcount:          1
{ common_pid: mc-worker       [    231739], ret:        112 } hitcount:          1
{ common_pid: mc-worker       [    231741], ret:         93 } hitcount:          1
{ common_pid: mc-worker       [    231737], ret:         40 } hitcount:          1
{ common_pid: mc-worker       [    231741], ret:         11 } hitcount:          1
{ common_pid: mc-worker       [    231737], ret:         32 } hitcount:          1
{ common_pid: mc-worker       [    231735], ret:        112 } hitcount:          1
{ common_pid: mc-worker       [    231740], ret:         25 } hitcount:          1
{ common_pid: mc-worker       [    231742], ret:         52 } hitcount:          1
{ common_pid: mc-worker       [    231737], ret:        135 } hitcount:          1
{ common_pid: mc-worker       [    231741], ret:        114 } hitcount:          1
{ common_pid: mc-worker       [    231742], ret:        101 } hitcount:          1
{ common_pid: mc-worker       [    231739], ret:         87 } hitcount:          1
{ common_pid: mc-worker       [    231740], ret:         33 } hitcount:          1
{ common_pid: mc-worker       [    231736], ret:         14 } hitcount:          1
{ common_pid: mc-worker       [    231739], ret:         52 } hitcount:          1
{ common_pid: mc-worker       [    231737], ret:         34 } hitcount:          1
{ common_pid: mc-worker       [    231737], ret:         49 } hitcount:          1
{ common_pid: mc-worker       [    231740], ret:        124 } hitcount:          1
{ common_pid: mc-worker       [    231742], ret:         19 } hitcount:          1
{ common_pid: mc-worker       [    231739], ret:         18 } hitcount:          1
{ common_pid: mc-worker       [    231740], ret:         91 } hitcount:          1
{ common_pid: mc-worker       [    231739], ret:         20 } hitcount:          1
{ common_pid: mc-worker       [    231736], ret:         83 } hitcount:          1
{ common_pid: mc-worker       [    231741], ret:         17 } hitcount:          1
{ common_pid: mc-worker       [    231740], ret:         39 } hitcount:          1
{ common_pid: mc-worker       [    231735], ret:         12 } hitcount:          1
{ common_pid: mc-worker       [    231741], ret:         76 } hitcount:          1
{ common_pid: mc-worker       [    231740], ret:        130 } hitcount:          1
{ common_pid: mc-worker       [    231739], ret:        512 } hitcount:          1
{ common_pid: mc-worker       [    231737], ret:         39 } hitcount:          1
{ common_pid: mc-worker       [    231736], ret:        162 } hitcount:          1
{ common_pid: mc-worker       [    231735], ret:         29 } hitcount:          1
{ common_pid: mc-worker       [    231738], ret:         51 } hitcount:          1
{ common_pid: mc-worker       [    231739], ret:        208 } hitcount:          1
{ common_pid: mc-worker       [    231737], ret:        113 } hitcount:          1
{ common_pid: mc-worker       [    231740], ret:         23 } hitcount:          1
{ common_pid: mc-worker       [    231738], ret:         90 } hitcount:          1
{ common_pid: mc-worker       [    231738], ret:        120 } hitcount:          1
{ common_pid: mc-worker       [    231739], ret:         86 } hitcount:          1
{ common_pid: mc-worker       [    231740], ret:         44 } hitcount:          1
{ common_pid: mc-worker       [    231740], ret:         13 } hitcount:          1
{ common_pid: mc-worker       [    231735], ret:        108 } hitcount:          1
{ common_pid: mc-worker       [    231735], ret:         24 } hitcount:          1
{ common_pid: mc-worker       [    231739], ret:         82 } hitcount:          1
{ common_pid: mc-worker       [    231742], ret:         43 } hitcount:          1
{ common_pid: mc-worker       [    231740], ret:         98 } hitcount:          1
{ common_pid: mc-worker       [    231737], ret:         80 } hitcount:          1
{ common_pid: mc-worker       [    231741], ret:         18 } hitcount:          1
{ common_pid: mc-worker       [    231737], ret:        482 } hitcount:          1
{ common_pid: mc-worker       [    231738], ret:        103 } hitcount:          1
{ common_pid: mc-worker       [    231739], ret:         36 } hitcount:          1
{ common_pid: mc-worker       [    231739], ret:         19 } hitcount:          1
{ common_pid: mc-worker       [    231739], ret:        254 } hitcount:          1
{ common_pid: mc-worker       [    231737], ret:         21 } hitcount:          1
{ common_pid: mc-worker       [    231739], ret:         43 } hitcount:          1
{ common_pid: mc-worker       [    231737], ret:         91 } hitcount:          1
{ common_pid: mc-worker       [    231741], ret:         82 } hitcount:          1
{ common_pid: mc-worker       [    231742], ret:        190 } hitcount:          1
{ common_pid: mc-worker       [    231739], ret:        348 } hitcount:          1
{ common_pid: mc-worker       [    231740], ret:        101 } hitcount:          1
{ common_pid: mc-worker       [    231738], ret:         50 } hitcount:          1
{ common_pid: mc-worker       [    231742], ret:        256 } hitcount:          1
{ common_pid: mc-worker       [    231736], ret:         30 } hitcount:          1
{ common_pid: mc-worker       [    231737], ret:         46 } hitcount:          1
{ common_pid: mc-worker       [    231735], ret:         16 } hitcount:          1
{ common_pid: mc-worker       [    231737], ret:        131 } hitcount:          1
{ common_pid: mc-worker       [    231736], ret:         25 } hitcount:          1
{ common_pid: mc-worker       [    231742], ret:        126 } hitcount:          1
{ common_pid: mc-worker       [    231735], ret:         15 } hitcount:          1
{ common_pid: mc-worker       [    231741], ret:        214 } hitcount:          1
{ common_pid: mc-worker       [    231741], ret:         90 } hitcount:          1
{ common_pid: mc-worker       [    231742], ret:        452 } hitcount:          1
{ common_pid: mc-worker       [    231737], ret:         47 } hitcount:          1
{ common_pid: mc-worker       [    231741], ret:        111 } hitcount:          1
{ common_pid: mc-worker       [    231740], ret:         99 } hitcount:          1
{ common_pid: mc-worker       [    231737], ret:        125 } hitcount:          1
{ common_pid: mc-worker       [    231736], ret:         76 } hitcount:          1
{ common_pid: mc-worker       [    231735], ret:         98 } hitcount:          1
{ common_pid: mc-worker       [    231735], ret:         11 } hitcount:          1
{ common_pid: mc-worker       [    231742], ret:        163 } hitcount:          1
{ common_pid: mc-worker       [    231740], ret:         76 } hitcount:          1
{ common_pid: mc-worker       [    231740], ret:         87 } hitcount:          1
{ common_pid: mc-worker       [    231739], ret:        486 } hitcount:          1
{ common_pid: mc-worker       [    231741], ret:        101 } hitcount:          1
{ common_pid: mc-worker       [    231741], ret:         79 } hitcount:          1
{ common_pid: mc-worker       [    231738], ret:         21 } hitcount:          1
{ common_pid: mc-worker       [    231741], ret:         37 } hitcount:          1
{ common_pid: mc-worker       [    231739], ret:        101 } hitcount:          1
{ common_pid: mc-worker       [    231740], ret:         78 } hitcount:          1
{ common_pid: mc-worker       [    231737], ret:        106 } hitcount:          1
{ common_pid: mc-worker       [    231742], ret:         17 } hitcount:          1
{ common_pid: mc-worker       [    231735], ret:         54 } hitcount:          1
{ common_pid: mc-worker       [    231737], ret:         92 } hitcount:          1
{ common_pid: mc-worker       [    231737], ret:        130 } hitcount:          1
{ common_pid: mc-worker       [    231741], ret:         44 } hitcount:          1
{ common_pid: mc-worker       [    231739], ret:         17 } hitcount:          1
{ common_pid: mc-worker       [    231739], ret:         38 } hitcount:          1
{ common_pid: mc-worker       [    231741], ret:        132 } hitcount:          1
{ common_pid: mc-worker       [    231742], ret:         15 } hitcount:          1
{ common_pid: mc-worker       [    231742], ret:        122 } hitcount:          1
{ common_pid: mc-worker       [    231741], ret:        256 } hitcount:          1
{ common_pid: mc-worker       [    231740], ret:         30 } hitcount:          1
{ common_pid: mc-worker       [    231739], ret:        477 } hitcount:          1
{ common_pid: mc-worker       [    231736], ret:        548 } hitcount:          1
{ common_pid: mc-worker       [    231736], ret:         97 } hitcount:          1
{ common_pid: mc-worker       [    231739], ret:         34 } hitcount:          1
{ common_pid: mc-worker       [    231739], ret:         79 } hitcount:          1
{ common_pid: mc-worker       [    231741], ret:         34 } hitcount:          1
{ common_pid: mc-worker       [    231742], ret:        374 } hitcount:          1
{ common_pid: mc-worker       [    231735], ret:         47 } hitcount:          1
{ common_pid: mc-worker       [    231742], ret:        382 } hitcount:          1
{ common_pid: mc-worker       [    231737], ret:         27 } hitcount:          1
{ common_pid: mc-worker       [    231741], ret:        100 } hitcount:          1
{ common_pid: mc-worker       [    231737], ret:        105 } hitcount:          1
{ common_pid: mc-worker       [    231737], ret:        104 } hitcount:          1
{ common_pid: mc-worker       [    231735], ret:         49 } hitcount:          1
{ common_pid: mc-worker       [    231735], ret:         34 } hitcount:          1
{ common_pid: mc-worker       [    231738], ret:         18 } hitcount:          1
{ common_pid: mc-worker       [    231735], ret:         77 } hitcount:          1
{ common_pid: mc-worker       [    231736], ret:        191 } hitcount:          1
{ common_pid: mc-worker       [    231737], ret:         36 } hitcount:          1
{ common_pid: mc-worker       [    231740], ret:         86 } hitcount:          1
{ common_pid: mc-worker       [    231742], ret:         51 } hitcount:          1
{ common_pid: mc-worker       [    231741], ret:         39 } hitcount:          1
{ common_pid: mc-worker       [    231738], ret:        127 } hitcount:          1
{ common_pid: mc-worker       [    231736], ret:        547 } hitcount:          1
{ common_pid: mc-worker       [    231737], ret:         84 } hitcount:          1
{ common_pid: mc-worker       [    231735], ret:         19 } hitcount:          1
{ common_pid: mc-worker       [    231738], ret:         36 } hitcount:          1
{ common_pid: mc-worker       [    231741], ret:         36 } hitcount:          1
{ common_pid: mc-worker       [    231736], ret:        543 } hitcount:          1
{ common_pid: mc-worker       [    231740], ret:         27 } hitcount:          1
{ common_pid: mc-worker       [    231735], ret:         30 } hitcount:          1
{ common_pid: mc-worker       [    231739], ret:         31 } hitcount:          1
{ common_pid: mc-worker       [    231736], ret:        106 } hitcount:          1
{ common_pid: mc-worker       [    231737], ret:        129 } hitcount:          1
{ common_pid: mc-worker       [    231740], ret:        120 } hitcount:          1
{ common_pid: mc-worker       [    231736], ret:        101 } hitcount:          1
{ common_pid: mc-worker       [    231737], ret:         29 } hitcount:          1
{ common_pid: mc-worker       [    231739], ret:        256 } hitcount:          1
{ common_pid: mc-worker       [    231735], ret:         75 } hitcount:          1
{ common_pid: mc-worker       [    231737], ret:        126 } hitcount:          1
{ common_pid: mc-worker       [    231738], ret:         32 } hitcount:          1
{ common_pid: mc-worker       [    231736], ret:         53 } hitcount:          1
{ common_pid: mc-worker       [    231739], ret:         50 } hitcount:          1
{ common_pid: mc-worker       [    231735], ret:         36 } hitcount:          1
{ common_pid: mc-worker       [    231736], ret:        512 } hitcount:          1
{ common_pid: mc-worker       [    231740], ret:         47 } hitcount:          1
{ common_pid: mc-worker       [    231742], ret:        120 } hitcount:          1
{ common_pid: mc-worker       [    231735], ret:        256 } hitcount:          1
{ common_pid: mc-worker       [    231742], ret:        130 } hitcount:          1
{ common_pid: mc-worker       [    231739], ret:        193 } hitcount:          1
{ common_pid: mc-worker       [    231737], ret:         38 } hitcount:          1
{ common_pid: mc-worker       [    231738], ret:         77 } hitcount:          1
{ common_pid: mc-worker       [    231736], ret:        124 } hitcount:          1
{ common_pid: mc-worker       [    231739], ret:        559 } hitcount:          1
{ common_pid: mc-worker       [    231736], ret:         21 } hitcount:          1
{ common_pid: mc-worker       [    231739], ret:        124 } hitcount:          1
{ common_pid: mc-worker       [    231741], ret:        121 } hitcount:          1
{ common_pid: mc-worker       [    231740], ret:         16 } hitcount:          1
{ common_pid: mc-worker       [    231739], ret:        551 } hitcount:          1
{ common_pid: mc-worker       [    231735], ret:         86 } hitcount:          1
{ common_pid: mc-worker       [    231738], ret:         53 } hitcount:          1
{ common_pid: mc-worker       [    231735], ret:         33 } hitcount:          1
{ common_pid: mc-worker       [    231739], ret:        556 } hitcount:          1
{ common_pid: mc-worker       [    231737], ret:         23 } hitcount:          1
{ common_pid: mc-worker       [    231739], ret:         94 } hitcount:          1
{ common_pid: mc-worker       [    231742], ret:         92 } hitcount:          1
{ common_pid: mc-worker       [    231741], ret:         19 } hitcount:          1
{ common_pid: mc-worker       [    231742], ret:         53 } hitcount:          1
{ common_pid: mc-worker       [    231740], ret:         37 } hitcount:          1
{ common_pid: mc-worker       [    231738], ret:        122 } hitcount:          1
{ common_pid: mc-worker       [    231737], ret:        123 } hitcount:          1
{ common_pid: mc-worker       [    231736], ret:        192 } hitcount:          1
{ common_pid: mc-worker       [    231742], ret:         75 } hitcount:          1
{ common_pid: mc-worker       [    231742], ret:         82 } hitcount:          1
{ common_pid: mc-worker       [    231742], ret:         39 } hitcount:          1
{ common_pid: mc-worker       [    231736], ret:         80 } hitcount:          1
{ common_pid: mc-worker       [    231740], ret:         22 } hitcount:          1
{ common_pid: mc-worker       [    231740], ret:         48 } hitcount:          1
{ common_pid: mc-worker       [    231742], ret:         12 } hitcount:          1
{ common_pid: mc-worker       [    231735], ret:        109 } hitcount:          1
{ common_pid: mc-worker       [    231736], ret:         28 } hitcount:          1
{ common_pid: mc-worker       [    231739], ret:         45 } hitcount:          1
{ common_pid: mc-worker       [    231735], ret:         78 } hitcount:          1
{ common_pid: mc-worker       [    231735], ret:         83 } hitcount:          1
{ common_pid: mc-worker       [    231742], ret:         20 } hitcount:          1
{ common_pid: mc-worker       [    231737], ret:        119 } hitcount:          1
{ common_pid: mc-worker       [    231735], ret:        282 } hitcount:          1
{ common_pid: mc-worker       [    231742], ret:        157 } hitcount:          1
{ common_pid: mc-worker       [    231739], ret:         35 } hitcount:          1
{ common_pid: mc-worker       [    231741], ret:         25 } hitcount:          1
{ common_pid: mc-worker       [    231737], ret:         87 } hitcount:          1
{ common_pid: mc-worker       [    231738], ret:         42 } hitcount:          1
{ common_pid: mc-worker       [    231737], ret:         83 } hitcount:          1
{ common_pid: mc-worker       [    231741], ret:        113 } hitcount:          1
{ common_pid: mc-worker       [    231737], ret:         89 } hitcount:          1
{ common_pid: mc-worker       [    231736], ret:         79 } hitcount:          1
{ common_pid: mc-worker       [    231738], ret:         54 } hitcount:          1
{ common_pid: mc-worker       [    231739], ret:         46 } hitcount:          1
{ common_pid: mc-worker       [    231737], ret:        163 } hitcount:          1
{ common_pid: mc-worker       [    231740], ret:        132 } hitcount:          1
{ common_pid: mc-worker       [    231741], ret:         31 } hitcount:          1
{ common_pid: mc-worker       [    231736], ret:         94 } hitcount:          1
{ common_pid: mc-worker       [    231740], ret:         88 } hitcount:          1
{ common_pid: mc-worker       [    231735], ret:         28 } hitcount:          1
{ common_pid: mc-worker       [    231736], ret:         44 } hitcount:          1
{ common_pid: mc-worker       [    231740], ret:         94 } hitcount:          1
{ common_pid: mc-worker       [    231736], ret:        545 } hitcount:          1
{ common_pid: mc-worker       [    231735], ret:         35 } hitcount:          1
{ common_pid: mc-worker       [    231737], ret:        281 } hitcount:          1
{ common_pid: mc-worker       [    231737], ret:        101 } hitcount:          1
{ common_pid: mc-worker       [    231739], ret:         44 } hitcount:          1
{ common_pid: mc-worker       [    231741], ret:         35 } hitcount:          1
{ common_pid: mc-worker       [    231739], ret:        484 } hitcount:          1
{ common_pid: mc-worker       [    231741], ret:         94 } hitcount:          2
{ common_pid: mc-worker       [    231738], ret:         13 } hitcount:          2
{ common_pid: mc-worker       [    231740], ret:         53 } hitcount:          2
{ common_pid: mc-worker       [    231736], ret:         36 } hitcount:          2
{ common_pid: mc-worker       [    231735], ret:         13 } hitcount:          2
{ common_pid: mc-worker       [    231740], ret:         21 } hitcount:          2
{ common_pid: mc-worker       [    231737], ret:        132 } hitcount:          2
{ common_pid: mc-worker       [    231742], ret:         50 } hitcount:          2
{ common_pid: mc-worker       [    231736], ret:         19 } hitcount:          2
{ common_pid: mc-worker       [    231739], ret:         13 } hitcount:          2
{ common_pid: mc-worker       [    231739], ret:         29 } hitcount:          2
{ common_pid: mc-worker       [    231737], ret:         18 } hitcount:          2
{ common_pid: mc-worker       [    231742], ret:         90 } hitcount:          2
{ common_pid: mc-worker       [    231742], ret:         23 } hitcount:          2
{ common_pid: mc-worker       [    231739], ret:         28 } hitcount:          2
{ common_pid: mc-worker       [    231742], ret:        127 } hitcount:          2
{ common_pid: mc-worker       [    231736], ret:         75 } hitcount:          2
{ common_pid: mc-worker       [    231738], ret:         24 } hitcount:          2
{ common_pid: mc-worker       [    231735], ret:         76 } hitcount:          2
{ common_pid: mc-worker       [    231736], ret:         33 } hitcount:          2
{ common_pid: mc-worker       [    231737], ret:         19 } hitcount:          2
{ common_pid: mc-worker       [    231742], ret:        125 } hitcount:          2
{ common_pid: mc-worker       [    231737], ret:         76 } hitcount:          2
{ common_pid: mc-worker       [    231735], ret:         95 } hitcount:          2
{ common_pid: mc-worker       [    231741], ret:         14 } hitcount:          2
{ common_pid: mc-worker       [    231736], ret:         13 } hitcount:          2
{ common_pid: mc-worker       [    231741], ret:        129 } hitcount:          2
{ common_pid: mc-worker       [    231735], ret:         32 } hitcount:          2
{ common_pid: mc-worker       [    231740], ret:         15 } hitcount:          2
{ common_pid: mc-worker       [    231735], ret:         41 } hitcount:          2
{ common_pid: mc-worker       [    231738], ret:         39 } hitcount:          2
{ common_pid: mc-worker       [    231739], ret:         75 } hitcount:          2
{ common_pid: mc-worker       [    231736], ret:         16 } hitcount:          2
{ common_pid: mc-worker       [    231742], ret:         18 } hitcount:          2
{ common_pid: mc-worker       [    231736], ret:         15 } hitcount:          2
{ common_pid: mc-worker       [    231742], ret:         31 } hitcount:          2
{ common_pid: mc-worker       [    231741], ret:         45 } hitcount:          2
{ common_pid: mc-worker       [    231740], ret:          9 } hitcount:          2
{ common_pid: mc-worker       [    231737], ret:         88 } hitcount:          2
{ common_pid: mc-worker       [    231736], ret:         27 } hitcount:          2
{ common_pid: mc-worker       [    231739], ret:        126 } hitcount:          2
{ common_pid: mc-worker       [    231739], ret:         11 } hitcount:          2
{ common_pid: mc-worker       [    231740], ret:         52 } hitcount:          2
{ common_pid: mc-worker       [    231735], ret:         22 } hitcount:          2
{ common_pid: mc-worker       [    231735], ret:         43 } hitcount:          2
{ common_pid: mc-worker       [    231740], ret:         50 } hitcount:          2
{ common_pid: mc-worker       [    231735], ret:         88 } hitcount:          2
{ common_pid: mc-worker       [    231742], ret:         54 } hitcount:          2
{ common_pid: mc-worker       [    231735], ret:         85 } hitcount:          2
{ common_pid: mc-worker       [    231736], ret:         10 } hitcount:          2
{ common_pid: mc-worker       [    231738], ret:         82 } hitcount:          2
{ common_pid: mc-worker       [    231735], ret:         50 } hitcount:          2
{ common_pid: mc-worker       [    231739], ret:         85 } hitcount:          2
{ common_pid: mc-worker       [    231742], ret:         29 } hitcount:          2
{ common_pid: mc-worker       [    231740], ret:         93 } hitcount:          2
{ common_pid: mc-worker       [    231736], ret:         46 } hitcount:          2
{ common_pid: mc-worker       [    231740], ret:         11 } hitcount:          2
{ common_pid: mc-worker       [    231741], ret:         51 } hitcount:          2
{ common_pid: mc-worker       [    231736], ret:         20 } hitcount:          2
{ common_pid: mc-worker       [    231736], ret:         52 } hitcount:          2
{ common_pid: mc-worker       [    231739], ret:        461 } hitcount:          2
{ common_pid: mc-worker       [    231739], ret:         25 } hitcount:          2
{ common_pid: mc-worker       [    231739], ret:         16 } hitcount:          2
{ common_pid: mc-worker       [    231742], ret:         34 } hitcount:          2
{ common_pid: mc-worker       [    231739], ret:         33 } hitcount:          2
{ common_pid: mc-worker       [    231739], ret:         26 } hitcount:          2
{ common_pid: mc-worker       [    231737], ret:         99 } hitcount:          2
{ common_pid: mc-worker       [    231735], ret:         26 } hitcount:          2
{ common_pid: mc-worker       [    231737], ret:         28 } hitcount:          2
{ common_pid: mc-worker       [    231737], ret:         75 } hitcount:          2
{ common_pid: mc-worker       [    231738], ret:         75 } hitcount:          2
{ common_pid: mc-worker       [    231736], ret:         37 } hitcount:          2
{ common_pid: mc-worker       [    231742], ret:         97 } hitcount:          2
{ common_pid: mc-worker       [    231738], ret:         23 } hitcount:          2
{ common_pid: mc-worker       [    231735], ret:        127 } hitcount:          2
{ common_pid: mc-worker       [    231739], ret:         98 } hitcount:          2
{ common_pid: mc-worker       [    231739], ret:        127 } hitcount:          2
{ common_pid: mc-worker       [    231742], ret:         96 } hitcount:          2
{ common_pid: mc-worker       [    231735], ret:        192 } hitcount:          2
{ common_pid: mc-worker       [    231737], ret:         95 } hitcount:          2
{ common_pid: mc-worker       [    231738], ret:         11 } hitcount:          2
{ common_pid: mc-worker       [    231737], ret:         96 } hitcount:          2
{ common_pid: mc-worker       [    231738], ret:         26 } hitcount:          2
{ common_pid: mc-worker       [    231737], ret:         30 } hitcount:          3
{ common_pid: mc-worker       [    231742], ret:         14 } hitcount:          3
{ common_pid: mc-worker       [    231737], ret:         33 } hitcount:          3
{ common_pid: mc-worker       [    231741], ret:         12 } hitcount:          3
{ common_pid: mc-worker       [    231737], ret:         97 } hitcount:          3
{ common_pid: mc-worker       [    231742], ret:         49 } hitcount:          3
{ common_pid: mc-worker       [    231737], ret:         93 } hitcount:          3
{ common_pid: mc-worker       [    231737], ret:         48 } hitcount:          3
{ common_pid: mc-worker       [    231740], ret:         12 } hitcount:          3
{ common_pid: mc-worker       [    231735], ret:         52 } hitcount:          3
{ common_pid: mc-worker       [    231738], ret:         12 } hitcount:          3
{ common_pid: mc-worker       [    231737], ret:         54 } hitcount:          3
{ common_pid: mc-worker       [    231737], ret:         31 } hitcount:          3
{ common_pid: mc-worker       [    231737], ret:         35 } hitcount:          3
{ common_pid: mc-worker       [    231741], ret:         10 } hitcount:          3
{ common_pid: mc-worker       [    231740], ret:        126 } hitcount:          3
{ common_pid: mc-worker       [    231738], ret:         16 } hitcount:          3
{ common_pid: mc-worker       [    231741], ret:         13 } hitcount:          3
{ common_pid: mc-worker       [    231737], ret:         17 } hitcount:          3
{ common_pid: mc-worker       [    231742], ret:         37 } hitcount:          3
{ common_pid: mc-worker       [    231739], ret:         22 } hitcount:          3
{ common_pid: mc-worker       [    231737], ret:         98 } hitcount:          3
{ common_pid: mc-worker       [    231739], ret:         49 } hitcount:          3
{ common_pid: mc-worker       [    231739], ret:         10 } hitcount:          3
{ common_pid: mc-worker       [    231740], ret:         51 } hitcount:          3
{ common_pid: mc-worker       [    231742], ret:         93 } hitcount:          3
{ common_pid: mc-worker       [    231740], ret:         18 } hitcount:          3
{ common_pid: mc-worker       [    231736], ret:         18 } hitcount:          3
{ common_pid: mc-worker       [    231741], ret:         33 } hitcount:          3
{ common_pid: mc-worker       [    231740], ret:         95 } hitcount:          3
{ common_pid: mc-worker       [    231737], ret:         16 } hitcount:          3
{ common_pid: mc-worker       [    231736], ret:         24 } hitcount:          3
{ common_pid: mc-worker       [    231739], ret:         14 } hitcount:          3
{ common_pid: mc-worker       [    231737], ret:          9 } hitcount:          3
{ common_pid: mc-worker       [    231735], ret:         74 } hitcount:          3
{ common_pid: mc-worker       [    231741], ret:         30 } hitcount:          3
{ common_pid: mc-worker       [    231735], ret:         17 } hitcount:          3
{ common_pid: mc-worker       [    231736], ret:          9 } hitcount:          3
{ common_pid: mc-worker       [    231737], ret:         94 } hitcount:          3
{ common_pid: mc-worker       [    231742], ret:         13 } hitcount:          4
{ common_pid: mc-worker       [    231741], ret:         15 } hitcount:          4
{ common_pid: mc-worker       [    231740], ret:         32 } hitcount:          4
{ common_pid: mc-worker       [    231735], ret:         53 } hitcount:          4
{ common_pid: mc-worker       [    231739], ret:         54 } hitcount:          4
{ common_pid: mc-worker       [    231738], ret:         14 } hitcount:          4
{ common_pid: mc-worker       [    231742], ret:         36 } hitcount:          4
{ common_pid: mc-worker       [    231742], ret:         95 } hitcount:          4
{ common_pid: mc-worker       [    231737], ret:         41 } hitcount:          4
{ common_pid: mc-worker       [    231737], ret:         15 } hitcount:          4
{ common_pid: mc-worker       [    231735], ret:          9 } hitcount:          4
{ common_pid: mc-worker       [    231742], ret:         11 } hitcount:          4
{ common_pid: mc-worker       [    231741], ret:        128 } hitcount:          4
{ common_pid: mc-worker       [    231740], ret:         75 } hitcount:          4
{ common_pid: mc-worker       [    231738], ret:        128 } hitcount:          4
{ common_pid: mc-worker       [    231741], ret:         32 } hitcount:          4
{ common_pid: mc-worker       [    231742], ret:         32 } hitcount:          4
{ common_pid: mc-worker       [    231742], ret:         47 } hitcount:          4
{ common_pid: mc-worker       [    231741], ret:         16 } hitcount:          4
{ common_pid: mc-worker       [    231738], ret:         17 } hitcount:          4
{ common_pid: mc-worker       [    231740], ret:         10 } hitcount:          5
{ common_pid: mc-worker       [    231737], ret:        128 } hitcount:          5
{ common_pid: mc-worker       [    231739], ret:         53 } hitcount:          5
{ common_pid: mc-worker       [    231737], ret:         11 } hitcount:          5
{ common_pid: mc-worker       [    231741], ret:         54 } hitcount:          5
{ common_pid: mc-worker       [    231737], ret:         14 } hitcount:          5
{ common_pid: mc-worker       [    231741], ret:         75 } hitcount:          5
{ common_pid: mc-worker       [    231737], ret:         74 } hitcount:          5
{ common_pid: mc-worker       [    231738], ret:         74 } hitcount:          5
{ common_pid: mc-worker       [    231736], ret:         12 } hitcount:          5
{ common_pid: mc-worker       [    231736], ret:         54 } hitcount:          5
{ common_pid: mc-worker       [    231735], ret:         10 } hitcount:          5
{ common_pid: mc-worker       [    231736], ret:         11 } hitcount:          5
{ common_pid: mc-worker       [    231741], ret:         20 } hitcount:          5
{ common_pid: mc-worker       [    231737], ret:         13 } hitcount:          6
{ common_pid: mc-worker       [    231739], ret:        128 } hitcount:          6
{ common_pid: mc-worker       [    231740], ret:        128 } hitcount:          6
{ common_pid: mc-worker       [    231735], ret:          6 } hitcount:          6
{ common_pid: mc-worker       [    231742], ret:          9 } hitcount:          6
{ common_pid: mc-worker       [    231740], ret:         54 } hitcount:          6
{ common_pid: mc-worker       [    231736], ret:          8 } hitcount:          6
{ common_pid: mc-worker       [    231740], ret:          8 } hitcount:          6
{ common_pid: mc-worker       [    231739], ret:         74 } hitcount:          7
{ common_pid: mc-worker       [    231742], ret:         74 } hitcount:          7
{ common_pid: mc-worker       [    231737], ret:         10 } hitcount:          7
{ common_pid: mc-worker       [    231738], ret:         73 } hitcount:          7
{ common_pid: mc-worker       [    231735], ret:         55 } hitcount:          7
{ common_pid: mc-worker       [    231736], ret:        128 } hitcount:          7
{ common_pid: mc-worker       [    231736], ret:          7 } hitcount:          7
{ common_pid: mc-worker       [    231742], ret:        128 } hitcount:          8
{ common_pid: mc-worker       [    231736], ret:         74 } hitcount:          8
{ common_pid: mc-worker       [    231737], ret:         12 } hitcount:          8
{ common_pid: mc-worker       [    231741], ret:          7 } hitcount:          8
{ common_pid: mc-worker       [    231739], ret:          8 } hitcount:          8
{ common_pid: mc-worker       [    231736], ret:         55 } hitcount:          9
{ common_pid: mc-worker       [    231735], ret:          7 } hitcount:          9
{ common_pid: mc-worker       [    231737], ret:         55 } hitcount:          9
{ common_pid: mc-worker       [    231742], ret:         10 } hitcount:          9
{ common_pid: mc-worker       [    231739], ret:          7 } hitcount:          9
{ common_pid: mc-worker       [    231738], ret:         10 } hitcount:          9
{ common_pid: mc-worker       [    231741], ret:         74 } hitcount:          9
{ common_pid: mc-worker       [    231742], ret:         73 } hitcount:          9
{ common_pid: mc-worker       [    231738], ret:         55 } hitcount:          9
{ common_pid: mc-worker       [    231742], ret:          8 } hitcount:         10
{ common_pid: mc-worker       [    231742], ret:         55 } hitcount:         10
{ common_pid: mc-worker       [    231738], ret:          9 } hitcount:         10
{ common_pid: mc-worker       [    231735], ret:          8 } hitcount:         10
{ common_pid: mc-worker       [    231740], ret:          7 } hitcount:         10
{ common_pid: mc-worker       [    231740], ret:         74 } hitcount:         10
{ common_pid: mc-worker       [    231736], ret:         73 } hitcount:         11
{ common_pid: mc-worker       [    231741], ret:          8 } hitcount:         11
{ common_pid: mc-worker       [    231739], ret:         73 } hitcount:         11
{ common_pid: mc-worker       [    231739], ret:         55 } hitcount:         12
{ common_pid: mc-worker       [    231741], ret:          9 } hitcount:         12
{ common_pid: mc-worker       [    231741], ret:         55 } hitcount:         12
{ common_pid: mc-worker       [    231741], ret:          5 } hitcount:         13
{ common_pid: mc-worker       [    231741], ret:          6 } hitcount:         13
{ common_pid: mc-worker       [    231737], ret:          6 } hitcount:         13
{ common_pid: mc-worker       [    231738], ret:          8 } hitcount:         13
{ common_pid: mc-worker       [    231739], ret:          9 } hitcount:         13
{ common_pid: mc-worker       [    231738], ret:          7 } hitcount:         14
{ common_pid: mc-worker       [    231737], ret:         73 } hitcount:         14
{ common_pid: mc-worker       [    231737], ret:          7 } hitcount:         15
{ common_pid: mc-worker       [    231736], ret:          6 } hitcount:         16
{ common_pid: mc-worker       [    231737], ret:          8 } hitcount:         17
{ common_pid: mc-worker       [    231742], ret:          7 } hitcount:         17
{ common_pid: mc-worker       [    231740], ret:          6 } hitcount:         17
{ common_pid: mc-worker       [    231740], ret:         73 } hitcount:         18
{ common_pid: mc-worker       [    231738], ret:          5 } hitcount:         18
{ common_pid: mc-worker       [    231740], ret:         55 } hitcount:         18
{ common_pid: mc-worker       [    231735], ret:         73 } hitcount:         18
{ common_pid: mc-worker       [    231735], ret:          5 } hitcount:         18
{ common_pid: mc-worker       [    231739], ret:          6 } hitcount:         18
{ common_pid: mc-worker       [    231736], ret:          5 } hitcount:         18
{ common_pid: mc-worker       [    231736], ret:         56 } hitcount:         19
{ common_pid: mc-worker       [    231742], ret:          6 } hitcount:         19
{ common_pid: mc-worker       [    231737], ret:         56 } hitcount:         24
{ common_pid: mc-worker       [    231738], ret:          6 } hitcount:         24
{ common_pid: mc-worker       [    231740], ret:          5 } hitcount:         24
{ common_pid: mc-worker       [    231738], ret:         56 } hitcount:         24
{ common_pid: mc-worker       [    231741], ret:         73 } hitcount:         26
{ common_pid: mc-worker       [    231737], ret:          5 } hitcount:         26
{ common_pid: mc-worker       [    231742], ret:          5 } hitcount:         28
{ common_pid: mc-worker       [    231742], ret:         56 } hitcount:         28
{ common_pid: mc-worker       [    231739], ret:          5 } hitcount:         29
{ common_pid: mc-worker       [    231735], ret:          4 } hitcount:         30
{ common_pid: mc-worker       [    231742], ret:          4 } hitcount:         31
{ common_pid: mc-worker       [    231741], ret:          4 } hitcount:         33
{ common_pid: mc-worker       [    231736], ret:          4 } hitcount:         35
{ common_pid: mc-worker       [    231735], ret:         56 } hitcount:         35
{ common_pid: mc-worker       [    231738], ret:          4 } hitcount:         36
{ common_pid: mc-worker       [    231737], ret:          4 } hitcount:         36
{ common_pid: mc-worker       [    231737], ret:         72 } hitcount:         36
{ common_pid: mc-worker       [    231740], ret:          4 } hitcount:         36
{ common_pid: mc-worker       [    231741], ret:          3 } hitcount:         37
{ common_pid: mc-worker       [    231738], ret:         72 } hitcount:         38
{ common_pid: mc-worker       [    231739], ret:         56 } hitcount:         38
{ common_pid: mc-worker       [    231736], ret:         72 } hitcount:         40
{ common_pid: mc-worker       [    231742], ret:         72 } hitcount:         41
{ common_pid: mc-worker       [    231739], ret:          4 } hitcount:         42
{ common_pid: mc-worker       [    231735], ret:          3 } hitcount:         43
{ common_pid: mc-worker       [    231739], ret:         72 } hitcount:         45
{ common_pid: mc-worker       [    231741], ret:         56 } hitcount:         46
{ common_pid: mc-worker       [    231736], ret:          3 } hitcount:         51
{ common_pid: mc-worker       [    231740], ret:         56 } hitcount:         56
{ common_pid: mc-worker       [    231739], ret:          3 } hitcount:         57
{ common_pid: mc-worker       [    231735], ret:         72 } hitcount:         57
{ common_pid: mc-worker       [    231742], ret:          3 } hitcount:         57
{ common_pid: mc-worker       [    231740], ret:         72 } hitcount:         59
{ common_pid: mc-worker       [    231740], ret:          3 } hitcount:         59
{ common_pid: mc-worker       [    231738], ret:          3 } hitcount:         61
{ common_pid: mc-worker       [    231740], ret:          2 } hitcount:         63
{ common_pid: mc-worker       [    231741], ret:         72 } hitcount:         64
{ common_pid: mc-worker       [    231737], ret:          3 } hitcount:         65
{ common_pid: mc-worker       [    231741], ret:          2 } hitcount:         67
{ common_pid: mc-worker       [    231738], ret:         57 } hitcount:         71
{ common_pid: mc-worker       [    231742], ret:          2 } hitcount:         73
{ common_pid: mc-worker       [    231735], ret:          2 } hitcount:         80
{ common_pid: mc-worker       [    231737], ret:          2 } hitcount:         80
{ common_pid: mc-worker       [    231737], ret:         57 } hitcount:         85
{ common_pid: mc-worker       [    231738], ret:         71 } hitcount:         94
{ common_pid: mc-worker       [    231739], ret:          2 } hitcount:         95
{ common_pid: mc-worker       [    231738], ret:          2 } hitcount:         99
{ common_pid: mc-worker       [    231736], ret:          2 } hitcount:        101
{ common_pid: mc-worker       [    231736], ret:         71 } hitcount:        101
{ common_pid: mc-worker       [    231736], ret:         57 } hitcount:        101
{ common_pid: mc-worker       [    231742], ret:         71 } hitcount:        108
{ common_pid: mc-worker       [    231739], ret:         57 } hitcount:        109
{ common_pid: mc-worker       [    231742], ret:         57 } hitcount:        115
{ common_pid: mc-worker       [    231735], ret:         57 } hitcount:        115
{ common_pid: mc-worker       [    231735], ret:         71 } hitcount:        128
{ common_pid: mc-worker       [    231741], ret:         57 } hitcount:        129
{ common_pid: mc-worker       [    231737], ret:         71 } hitcount:        136
{ common_pid: mc-worker       [    231740], ret:         57 } hitcount:        146
{ common_pid: mc-worker       [    231739], ret:         71 } hitcount:        148
{ common_pid: mc-worker       [    231740], ret:         71 } hitcount:        162
{ common_pid: mc-worker       [    231741], ret:         71 } hitcount:        175
{ common_pid: mc-worker       [    231738], ret:         58 } hitcount:        211
{ common_pid: mc-worker       [    231738], ret:         70 } hitcount:        264
{ common_pid: mc-worker       [    231742], ret:         58 } hitcount:        267
{ common_pid: mc-worker       [    231736], ret:         58 } hitcount:        268
{ common_pid: mc-worker       [    231742], ret:         70 } hitcount:        299
{ common_pid: mc-worker       [    231737], ret:         58 } hitcount:        303
{ common_pid: mc-worker       [    231735], ret:         58 } hitcount:        312
{ common_pid: mc-worker       [    231737], ret:         70 } hitcount:        315
{ common_pid: mc-worker       [    231739], ret:         58 } hitcount:        333
{ common_pid: mc-worker       [    231736], ret:         70 } hitcount:        338
{ common_pid: mc-worker       [    231741], ret:         58 } hitcount:        360
{ common_pid: mc-worker       [    231740], ret:         58 } hitcount:        386
{ common_pid: mc-worker       [    231735], ret:         70 } hitcount:        406
{ common_pid: mc-worker       [    231739], ret:         70 } hitcount:        409
{ common_pid: mc-worker       [    231740], ret:         70 } hitcount:        470
{ common_pid: mc-worker       [    231741], ret:         70 } hitcount:        475
{ common_pid: mc-worker       [    231737], ret:          1 } hitcount:        499
{ common_pid: mc-worker       [    231742], ret:          1 } hitcount:        524
{ common_pid: mc-worker       [    231735], ret:          1 } hitcount:        527
{ common_pid: mc-worker       [    231740], ret:          1 } hitcount:        535
{ common_pid: mc-worker       [    231741], ret:          1 } hitcount:        535
{ common_pid: mc-worker       [    231739], ret:          1 } hitcount:        542
{ common_pid: mc-worker       [    231736], ret:          1 } hitcount:        566
{ common_pid: mc-worker       [    231738], ret:          1 } hitcount:        586
{ common_pid: mc-worker       [    231738], ret:         59 } hitcount:        650
{ common_pid: mc-worker       [    231742], ret:         59 } hitcount:        751
{ common_pid: mc-worker       [    231736], ret:         59 } hitcount:        752
{ common_pid: mc-worker       [    231738], ret:         69 } hitcount:        754
{ common_pid: mc-worker       [    231742], ret:         69 } hitcount:        772
{ common_pid: mc-worker       [    231736], ret:         69 } hitcount:        808
{ common_pid: mc-worker       [    231735], ret:         59 } hitcount:        817
{ common_pid: mc-worker       [    231737], ret:         59 } hitcount:        858
{ common_pid: mc-worker       [    231737], ret:         69 } hitcount:        875
{ common_pid: mc-worker       [    231739], ret:         59 } hitcount:        908
{ common_pid: mc-worker       [    231740], ret:         59 } hitcount:        923
{ common_pid: mc-worker       [    231735], ret:         69 } hitcount:        986
{ common_pid: mc-worker       [    231741], ret:         59 } hitcount:        993
{ common_pid: mc-worker       [    231740], ret:         69 } hitcount:       1035
{ common_pid: mc-worker       [    231739], ret:         69 } hitcount:       1051
{ common_pid: mc-worker       [    231741], ret:         69 } hitcount:       1062
{ common_pid: mc-worker       [    231738], ret:         60 } hitcount:       1704
{ common_pid: mc-worker       [    231738], ret:         68 } hitcount:       1838
{ common_pid: mc-worker       [    231742], ret:         68 } hitcount:       1882
{ common_pid: mc-worker       [    231736], ret:         60 } hitcount:       2010
{ common_pid: mc-worker       [    231735], ret:         68 } hitcount:       2016
{ common_pid: mc-worker       [    231737], ret:         68 } hitcount:       2028
{ common_pid: mc-worker       [    231742], ret:         60 } hitcount:       2043
{ common_pid: mc-worker       [    231737], ret:         60 } hitcount:       2046
{ common_pid: mc-worker       [    231735], ret:         60 } hitcount:       2102
{ common_pid: mc-worker       [    231736], ret:         68 } hitcount:       2104
{ common_pid: mc-worker       [    231739], ret:         60 } hitcount:       2176
{ common_pid: mc-worker       [    231741], ret:         68 } hitcount:       2229
{ common_pid: mc-worker       [    231740], ret:         68 } hitcount:       2257
{ common_pid: mc-worker       [    231739], ret:         68 } hitcount:       2257
{ common_pid: mc-worker       [    231740], ret:         60 } hitcount:       2290
{ common_pid: mc-worker       [    231741], ret:         60 } hitcount:       2359
{ common_pid: mc-worker       [    231738], ret:         67 } hitcount:       4100
{ common_pid: mc-worker       [    231738], ret:         61 } hitcount:       4131
{ common_pid: mc-worker       [    231735], ret:         67 } hitcount:       4168
{ common_pid: mc-worker       [    231742], ret:         67 } hitcount:       4305
{ common_pid: mc-worker       [    231736], ret:         67 } hitcount:       4310
{ common_pid: mc-worker       [    231737], ret:         67 } hitcount:       4392
{ common_pid: mc-worker       [    231740], ret:         67 } hitcount:       4481
{ common_pid: mc-worker       [    231735], ret:         61 } hitcount:       4505
{ common_pid: mc-worker       [    231741], ret:         67 } hitcount:       4600
{ common_pid: mc-worker       [    231742], ret:         61 } hitcount:       4613
{ common_pid: mc-worker       [    231739], ret:         67 } hitcount:       4632
{ common_pid: mc-worker       [    231737], ret:         61 } hitcount:       4642
{ common_pid: mc-worker       [    231740], ret:         61 } hitcount:       4722
{ common_pid: mc-worker       [    231736], ret:         61 } hitcount:       4746
{ common_pid: mc-worker       [    231739], ret:         61 } hitcount:       4943
{ common_pid: mc-worker       [    231741], ret:         61 } hitcount:       4952
{ common_pid: mc-worker       [    231735], ret:         66 } hitcount:       7560
{ common_pid: mc-worker       [    231740], ret:         66 } hitcount:       7621
{ common_pid: mc-worker       [    231737], ret:         66 } hitcount:       7823
{ common_pid: mc-worker       [    231741], ret:         66 } hitcount:       7989
{ common_pid: mc-worker       [    231742], ret:         66 } hitcount:       8045
{ common_pid: mc-worker       [    231738], ret:         66 } hitcount:       8246
{ common_pid: mc-worker       [    231739], ret:         66 } hitcount:       8303
{ common_pid: mc-worker       [    231736], ret:         66 } hitcount:       8372
{ common_pid: mc-worker       [    231738], ret:         62 } hitcount:       8474
{ common_pid: mc-worker       [    231740], ret:         62 } hitcount:       8596
{ common_pid: mc-worker       [    231741], ret:         62 } hitcount:       8706
{ common_pid: mc-worker       [    231735], ret:         62 } hitcount:       8721
{ common_pid: mc-worker       [    231737], ret:         62 } hitcount:       8761
{ common_pid: mc-worker       [    231736], ret:         62 } hitcount:       8803
{ common_pid: mc-worker       [    231739], ret:         62 } hitcount:       8887
{ common_pid: mc-worker       [    231742], ret:         62 } hitcount:       9005
{ common_pid: mc-worker       [    231741], ret:         65 } hitcount:      11464
{ common_pid: mc-worker       [    231740], ret:         65 } hitcount:      11618
{ common_pid: mc-worker       [    231735], ret:         65 } hitcount:      11988
{ common_pid: mc-worker       [    231739], ret:         65 } hitcount:      12293
{ common_pid: mc-worker       [    231737], ret:         65 } hitcount:      12303
{ common_pid: mc-worker       [    231740], ret:         63 } hitcount:      12528
{ common_pid: mc-worker       [    231736], ret:         65 } hitcount:      12534
{ common_pid: mc-worker       [    231741], ret:         63 } hitcount:      12552
{ common_pid: mc-worker       [    231737], ret:         63 } hitcount:      12871
{ common_pid: mc-worker       [    231735], ret:         63 } hitcount:      12938
{ common_pid: mc-worker       [    231742], ret:         65 } hitcount:      12973
{ common_pid: mc-worker       [    231738], ret:         65 } hitcount:      13102
{ common_pid: mc-worker       [    231739], ret:         63 } hitcount:      13225
{ common_pid: mc-worker       [    231736], ret:         63 } hitcount:      13593
{ common_pid: mc-worker       [    231738], ret:         63 } hitcount:      13659
{ common_pid: mc-worker       [    231742], ret:         63 } hitcount:      13919
{ common_pid: mc-worker       [    231740], ret:         64 } hitcount:      13999
{ common_pid: mc-worker       [    231741], ret:         64 } hitcount:      14033
{ common_pid: mc-worker       [    231735], ret:         64 } hitcount:      14421
{ common_pid: mc-worker       [    231737], ret:         64 } hitcount:      14713
{ common_pid: mc-worker       [    231739], ret:         64 } hitcount:      14765
{ common_pid: mc-worker       [    231736], ret:         64 } hitcount:      14924
{ common_pid: mc-worker       [    231742], ret:         64 } hitcount:      16215
{ common_pid: mc-worker       [    231738], ret:         64 } hitcount:      16360
