{ common_pid: mc-worker       [    236876], ret:         50 } hitcount:          1
{ common_pid: mc-worker       [    236878], ret:         28 } hitcount:          1
{ common_pid: mc-worker       [    236881], ret:        122 } hitcount:          1
{ common_pid: mc-worker       [    236876], ret:         42 } hitcount:          1
{ common_pid: mc-worker       [    236877], ret:         41 } hitcount:          1
{ common_pid: mc-worker       [    236879], ret:         35 } hitcount:          1
{ common_pid: mc-worker       [    236877], ret:         51 } hitcount:          1
{ common_pid: mc-worker       [    236875], ret:         88 } hitcount:          1
{ common_pid: mc-worker       [    236875], ret:        127 } hitcount:          1
{ common_pid: mc-worker       [    236879], ret:         47 } hitcount:          1
{ common_pid: mc-worker       [    236878], ret:        124 } hitcount:          1
{ common_pid: mc-worker       [    236881], ret:         96 } hitcount:          1
{ common_pid: mc-worker       [    236875], ret:        128 } hitcount:          1
{ common_pid: mc-worker       [    236876], ret:         19 } hitcount:          1
{ common_pid: mc-worker       [    236876], ret:         43 } hitcount:          1
{ common_pid: mc-worker       [    236881], ret:         51 } hitcount:          1
{ common_pid: mc-worker       [    236875], ret:         47 } hitcount:          1
{ common_pid: mc-worker       [    236875], ret:         35 } hitcount:          1
{ common_pid: mc-worker       [    236875], ret:         34 } hitcount:          1
{ common_pid: mc-worker       [    236879], ret:         28 } hitcount:          1
{ common_pid: mc-worker       [    236881], ret:         65 } hitcount:          1
{ common_pid: mc-worker       [    236878], ret:         26 } hitcount:          1
{ common_pid: mc-worker       [    236881], ret:         18 } hitcount:          1
{ common_pid: mc-worker       [    236878], ret:         64 } hitcount:          1
{ common_pid: mc-worker       [    236881], ret:         27 } hitcount:          1
{ common_pid: mc-worker       [    236882], ret:         27 } hitcount:          1
{ common_pid: mc-worker       [    236879], ret:         26 } hitcount:          1
{ common_pid: mc-worker       [    236876], ret:         79 } hitcount:          1
{ common_pid: mc-worker       [    236882], ret:         38 } hitcount:          1
{ common_pid: mc-worker       [    236880], ret:         94 } hitcount:          1
{ common_pid: mc-worker       [    236882], ret:         91 } hitcount:          1
{ common_pid: mc-worker       [    236875], ret:        125 } hitcount:          1
{ common_pid: mc-worker       [    236881], ret:         95 } hitcount:          1
{ common_pid: mc-worker       [    236876], ret:         58 } hitcount:          1
{ common_pid: mc-worker       [    236882], ret:         54 } hitcount:          1
{ common_pid: mc-worker       [    236882], ret:         74 } hitcount:          1
{ common_pid: mc-worker       [    236881], ret:         39 } hitcount:          1
{ common_pid: mc-worker       [    236876], ret:         17 } hitcount:          1
{ common_pid: mc-worker       [    236882], ret:         51 } hitcount:          1
{ common_pid: mc-worker       [    236876], ret:         52 } hitcount:          1
{ common_pid: mc-worker       [    236880], ret:         40 } hitcount:          1
{ common_pid: mc-worker       [    236881], ret:         67 } hitcount:          1
{ common_pid: mc-worker       [    236879], ret:         98 } hitcount:          1
{ common_pid: mc-worker       [    236880], ret:        124 } hitcount:          1
{ common_pid: mc-worker       [    236880], ret:         39 } hitcount:          1
{ common_pid: mc-worker       [    236876], ret:        120 } hitcount:          1
{ common_pid: mc-worker       [    236878], ret:         54 } hitcount:          1
{ common_pid: mc-worker       [    236875], ret:        100 } hitcount:          1
{ common_pid: mc-worker       [    236880], ret:         13 } hitcount:          1
{ common_pid: mc-worker       [    236879], ret:         52 } hitcount:          1
{ common_pid: mc-worker       [    236878], ret:         25 } hitcount:          1
{ common_pid: mc-worker       [    236879], ret:         30 } hitcount:          1
{ common_pid: mc-worker       [    236877], ret:         49 } hitcount:          1
{ common_pid: mc-worker       [    236879], ret:        113 } hitcount:          1
{ common_pid: mc-worker       [    236878], ret:        127 } hitcount:          1
{ common_pid: mc-worker       [    236879], ret:         88 } hitcount:          1
{ common_pid: mc-worker       [    236876], ret:         95 } hitcount:          1
{ common_pid: mc-worker       [    236876], ret:         48 } hitcount:          1
{ common_pid: mc-worker       [    236877], ret:         99 } hitcount:          1
{ common_pid: mc-worker       [    236878], ret:         72 } hitcount:          1
{ common_pid: mc-worker       [    236877], ret:         53 } hitcount:          1
{ common_pid: mc-worker       [    236881], ret:         14 } hitcount:          1
{ common_pid: mc-worker       [    236875], ret:         63 } hitcount:          1
{ common_pid: mc-worker       [    236879], ret:         42 } hitcount:          1
{ common_pid: mc-worker       [    236882], ret:         19 } hitcount:          1
{ common_pid: mc-worker       [    236875], ret:         59 } hitcount:          1
{ common_pid: mc-worker       [    236882], ret:         32 } hitcount:          1
{ common_pid: mc-worker       [    236875], ret:         43 } hitcount:          1
{ common_pid: mc-worker       [    236881], ret:         20 } hitcount:          1
{ common_pid: mc-worker       [    236875], ret:        102 } hitcount:          1
{ common_pid: mc-worker       [    236877], ret:        124 } hitcount:          1
{ common_pid: mc-worker       [    236882], ret:         53 } hitcount:          1
{ common_pid: mc-worker       [    236878], ret:        101 } hitcount:          1
{ common_pid: mc-worker       [    236879], ret:        121 } hitcount:          1
{ common_pid: mc-worker       [    236876], ret:         85 } hitcount:          1
{ common_pid: mc-worker       [    236876], ret:         18 } hitcount:          1
{ common_pid: mc-worker       [    236876], ret:         94 } hitcount:          1
{ common_pid: mc-worker       [    236877], ret:         57 } hitcount:          1
{ common_pid: mc-worker       [    236875], ret:         54 } hitcount:          1
{ common_pid: mc-worker       [    236876], ret:         51 } hitcount:          1
{ common_pid: mc-worker       [    236875], ret:         37 } hitcount:          1
{ common_pid: mc-worker       [    236878], ret:         46 } hitcount:          1
{ common_pid: mc-worker       [    236879], ret:         59 } hitcount:          1
{ common_pid: mc-worker       [    236876], ret:        113 } hitcount:          1
{ common_pid: mc-worker       [    236881], ret:         77 } hitcount:          1
{ common_pid: mc-worker       [    236882], ret:         16 } hitcount:          1
{ common_pid: mc-worker       [    236878], ret:         93 } hitcount:          1
{ common_pid: mc-worker       [    236875], ret:        121 } hitcount:          1
{ common_pid: mc-worker       [    236877], ret:        114 } hitcount:          1
{ common_pid: mc-worker       [    236875], ret:         27 } hitcount:          1
{ common_pid: mc-worker       [    236877], ret:         16 } hitcount:          1
{ common_pid: mc-worker       [    236879], ret:         48 } hitcount:          1
{ common_pid: mc-worker       [    236877], ret:         27 } hitcount:          1
{ common_pid: mc-worker       [    236879], ret:         22 } hitcount:          1
{ common_pid: mc-worker       [    236881], ret:        124 } hitcount:          1
{ common_pid: mc-worker       [    236875], ret:         23 } hitcount:          1
{ common_pid: mc-worker       [    236877], ret:        122 } hitcount:          1
{ common_pid: mc-worker       [    236881], ret:         28 } hitcount:          1
{ common_pid: mc-worker       [    236875], ret:         18 } hitcount:          1
{ common_pid: mc-worker       [    236879], ret:         57 } hitcount:          1
{ common_pid: mc-worker       [    236882], ret:         58 } hitcount:          1
{ common_pid: mc-worker       [    236878], ret:         47 } hitcount:          1
{ common_pid: mc-worker       [    236881], ret:        110 } hitcount:          1
{ common_pid: mc-worker       [    236876], ret:         26 } hitcount:          1
{ common_pid: mc-worker       [    236881], ret:        105 } hitcount:          1
{ common_pid: mc-worker       [    236881], ret:         26 } hitcount:          1
{ common_pid: mc-worker       [    236879], ret:         40 } hitcount:          1
{ common_pid: mc-worker       [    236881], ret:         41 } hitcount:          1
{ common_pid: mc-worker       [    236875], ret:         40 } hitcount:          1
{ common_pid: mc-worker       [    236880], ret:         24 } hitcount:          1
{ common_pid: mc-worker       [    236879], ret:         69 } hitcount:          1
{ common_pid: mc-worker       [    236875], ret:        110 } hitcount:          1
{ common_pid: mc-worker       [    236875], ret:         20 } hitcount:          1
{ common_pid: mc-worker       [    236879], ret:         29 } hitcount:          1
{ common_pid: mc-worker       [    236875], ret:        107 } hitcount:          1
{ common_pid: mc-worker       [    236882], ret:         17 } hitcount:          1
{ common_pid: mc-worker       [    236875], ret:         87 } hitcount:          1
{ common_pid: mc-worker       [    236881], ret:         45 } hitcount:          1
{ common_pid: mc-worker       [    236877], ret:         62 } hitcount:          1
{ common_pid: mc-worker       [    236879], ret:         17 } hitcount:          1
{ common_pid: mc-worker       [    236877], ret:         86 } hitcount:          1
{ common_pid: mc-worker       [    236881], ret:         25 } hitcount:          1
{ common_pid: mc-worker       [    236879], ret:         66 } hitcount:          1
{ common_pid: mc-worker       [    236882], ret:        114 } hitcount:          1
{ common_pid: mc-worker       [    236878], ret:         61 } hitcount:          1
{ common_pid: mc-worker       [    236879], ret:         38 } hitcount:          1
{ common_pid: mc-worker       [    236876], ret:         20 } hitcount:          1
{ common_pid: mc-worker       [    236882], ret:        128 } hitcount:          1
{ common_pid: mc-worker       [    236877], ret:         34 } hitcount:          1
{ common_pid: mc-worker       [    236877], ret:         60 } hitcount:          1
{ common_pid: mc-worker       [    236875], ret:         33 } hitcount:          1
{ common_pid: mc-worker       [    236878], ret:        114 } hitcount:          1
{ common_pid: mc-worker       [    236881], ret:         54 } hitcount:          1
{ common_pid: mc-worker       [    236882], ret:        110 } hitcount:          1
{ common_pid: mc-worker       [    236881], ret:         33 } hitcount:          1
{ common_pid: mc-worker       [    236880], ret:        127 } hitcount:          1
{ common_pid: mc-worker       [    236882], ret:         98 } hitcount:          1
{ common_pid: mc-worker       [    236880], ret:        107 } hitcount:          1
{ common_pid: mc-worker       [    236875], ret:         42 } hitcount:          1
{ common_pid: mc-worker       [    236879], ret:         62 } hitcount:          1
{ common_pid: mc-worker       [    236875], ret:         29 } hitcount:          1
{ common_pid: mc-worker       [    236876], ret:         29 } hitcount:          1
{ common_pid: mc-worker       [    236875], ret:         36 } hitcount:          1
{ common_pid: mc-worker       [    236881], ret:         35 } hitcount:          1
{ common_pid: mc-worker       [    236875], ret:         60 } hitcount:          1
{ common_pid: mc-worker       [    236878], ret:        103 } hitcount:          1
{ common_pid: mc-worker       [    236882], ret:         64 } hitcount:          2
{ common_pid: mc-worker       [    236881], ret:         40 } hitcount:          2
{ common_pid: mc-worker       [    236879], ret:         49 } hitcount:          2
{ common_pid: mc-worker       [    236878], ret:         15 } hitcount:          2
{ common_pid: mc-worker       [    236876], ret:         64 } hitcount:          2
{ common_pid: mc-worker       [    236881], ret:         42 } hitcount:          2
{ common_pid: mc-worker       [    236878], ret:         17 } hitcount:          2
{ common_pid: mc-worker       [    236880], ret:         15 } hitcount:          2
{ common_pid: mc-worker       [    236875], ret:         51 } hitcount:          2
{ common_pid: mc-worker       [    236879], ret:         14 } hitcount:          2
{ common_pid: mc-worker       [    236877], ret:        128 } hitcount:          2
{ common_pid: mc-worker       [    236880], ret:         38 } hitcount:          2
{ common_pid: mc-worker       [    236876], ret:         47 } hitcount:          2
{ common_pid: mc-worker       [    236882], ret:         52 } hitcount:          2
{ common_pid: mc-worker       [    236878], ret:         19 } hitcount:          2
{ common_pid: mc-worker       [    236879], ret:         45 } hitcount:          2
{ common_pid: mc-worker       [    236876], ret:        124 } hitcount:          2
{ common_pid: mc-worker       [    236881], ret:         24 } hitcount:          2
{ common_pid: mc-worker       [    236878], ret:         45 } hitcount:          2
{ common_pid: mc-worker       [    236879], ret:         53 } hitcount:          2
{ common_pid: mc-worker       [    236875], ret:        126 } hitcount:          2
{ common_pid: mc-worker       [    236879], ret:         56 } hitcount:          2
{ common_pid: mc-worker       [    236879], ret:        127 } hitcount:          2
{ common_pid: mc-worker       [    236880], ret:         12 } hitcount:          2
{ common_pid: mc-worker       [    236875], ret:         28 } hitcount:          2
{ common_pid: mc-worker       [    236876], ret:        128 } hitcount:          2
{ common_pid: mc-worker       [    236877], ret:         63 } hitcount:          2
{ common_pid: mc-worker       [    236881], ret:         46 } hitcount:          2
{ common_pid: mc-worker       [    236878], ret:         39 } hitcount:          2
{ common_pid: mc-worker       [    236880], ret:         14 } hitcount:          2
{ common_pid: mc-worker       [    236881], ret:         47 } hitcount:          2
{ common_pid: mc-worker       [    236877], ret:         15 } hitcount:          2
{ common_pid: mc-worker       [    236878], ret:        126 } hitcount:          2
{ common_pid: mc-worker       [    236882], ret:        127 } hitcount:          2
{ common_pid: mc-worker       [    236882], ret:         15 } hitcount:          2
{ common_pid: mc-worker       [    236876], ret:         46 } hitcount:          2
{ common_pid: mc-worker       [    236879], ret:        124 } hitcount:          2
{ common_pid: mc-worker       [    236879], ret:        125 } hitcount:          2
{ common_pid: mc-worker       [    236881], ret:         31 } hitcount:          2
{ common_pid: mc-worker       [    236878], ret:         16 } hitcount:          2
{ common_pid: mc-worker       [    236882], ret:         14 } hitcount:          2
{ common_pid: mc-worker       [    236882], ret:         13 } hitcount:          2
{ common_pid: mc-worker       [    236880], ret:         18 } hitcount:          2
{ common_pid: mc-worker       [    236875], ret:         12 } hitcount:          2
{ common_pid: mc-worker       [    236878], ret:         14 } hitcount:          2
{ common_pid: mc-worker       [    236875], ret:         49 } hitcount:          2
{ common_pid: mc-worker       [    236877], ret:         13 } hitcount:          2
{ common_pid: mc-worker       [    236880], ret:         33 } hitcount:          2
{ common_pid: mc-worker       [    236877], ret:         19 } hitcount:          2
{ common_pid: mc-worker       [    236875], ret:         44 } hitcount:          2
{ common_pid: mc-worker       [    236881], ret:         43 } hitcount:          2
{ common_pid: mc-worker       [    236879], ret:         61 } hitcount:          2
{ common_pid: mc-worker       [    236879], ret:         20 } hitcount:          2
{ common_pid: mc-worker       [    236876], ret:         16 } hitcount:          2
{ common_pid: mc-worker       [    236881], ret:        128 } hitcount:          2
{ common_pid: mc-worker       [    236877], ret:         25 } hitcount:          2
{ common_pid: mc-worker       [    236877], ret:         64 } hitcount:          2
{ common_pid: mc-worker       [    236875], ret:         39 } hitcount:          2
{ common_pid: mc-worker       [    236875], ret:         31 } hitcount:          2
{ common_pid: mc-worker       [    236879], ret:         23 } hitcount:          2
{ common_pid: mc-worker       [    236879], ret:         51 } hitcount:          3
{ common_pid: mc-worker       [    236879], ret:         54 } hitcount:          3
{ common_pid: mc-worker       [    236879], ret:         21 } hitcount:          3
{ common_pid: mc-worker       [    236881], ret:         17 } hitcount:          3
{ common_pid: mc-worker       [    236880], ret:         11 } hitcount:          3
{ common_pid: mc-worker       [    236875], ret:         45 } hitcount:          3
{ common_pid: mc-worker       [    236879], ret:         64 } hitcount:          3
{ common_pid: mc-worker       [    236882], ret:         12 } hitcount:          3
{ common_pid: mc-worker       [    236878], ret:         32 } hitcount:          3
{ common_pid: mc-worker       [    236876], ret:         15 } hitcount:          3
{ common_pid: mc-worker       [    236879], ret:         13 } hitcount:          3
{ common_pid: mc-worker       [    236878], ret:         13 } hitcount:          3
{ common_pid: mc-worker       [    236877], ret:         14 } hitcount:          3
{ common_pid: mc-worker       [    236875], ret:         50 } hitcount:          3
{ common_pid: mc-worker       [    236875], ret:         15 } hitcount:          3
{ common_pid: mc-worker       [    236881], ret:        123 } hitcount:          3
{ common_pid: mc-worker       [    236879], ret:         16 } hitcount:          3
{ common_pid: mc-worker       [    236881], ret:         12 } hitcount:          3
{ common_pid: mc-worker       [    236879], ret:         60 } hitcount:          4
{ common_pid: mc-worker       [    236877], ret:         12 } hitcount:          4
{ common_pid: mc-worker       [    236876], ret:         14 } hitcount:          4
{ common_pid: mc-worker       [    236882], ret:         11 } hitcount:          4
{ common_pid: mc-worker       [    236875], ret:         56 } hitcount:          4
{ common_pid: mc-worker       [    236879], ret:         63 } hitcount:          4
{ common_pid: mc-worker       [    236881], ret:         13 } hitcount:          4
{ common_pid: mc-worker       [    236875], ret:         48 } hitcount:          4
{ common_pid: mc-worker       [    236881], ret:         15 } hitcount:          4
{ common_pid: mc-worker       [    236879], ret:         15 } hitcount:          5
{ common_pid: mc-worker       [    236876], ret:         13 } hitcount:          5
{ common_pid: mc-worker       [    236879], ret:         55 } hitcount:          5
{ common_pid: mc-worker       [    236879], ret:         18 } hitcount:          5
{ common_pid: mc-worker       [    236875], ret:         13 } hitcount:          6
{ common_pid: mc-worker       [    236879], ret:         12 } hitcount:          6
{ common_pid: mc-worker       [    236877], ret:         11 } hitcount:          6
{ common_pid: mc-worker       [    236881], ret:         11 } hitcount:          7
{ common_pid: mc-worker       [    236878], ret:         12 } hitcount:          7
{ common_pid: mc-worker       [    236878], ret:         11 } hitcount:          7
{ common_pid: mc-worker       [    236876], ret:         12 } hitcount:          7
{ common_pid: mc-worker       [    236875], ret:         10 } hitcount:          9
{ common_pid: mc-worker       [    236875], ret:         11 } hitcount:         11
{ common_pid: mc-worker       [    236876], ret:         11 } hitcount:         11
{ common_pid: mc-worker       [    236880], ret:         10 } hitcount:         12
{ common_pid: mc-worker       [    236881], ret:         10 } hitcount:         17
{ common_pid: mc-worker       [    236879], ret:         11 } hitcount:         18
{ common_pid: mc-worker       [    236882], ret:         10 } hitcount:         21
{ common_pid: mc-worker       [    236882], ret:          9 } hitcount:         23
{ common_pid: mc-worker       [    236877], ret:         10 } hitcount:         23
{ common_pid: mc-worker       [    236878], ret:         10 } hitcount:         24
{ common_pid: mc-worker       [    236876], ret:         10 } hitcount:         28
{ common_pid: mc-worker       [    236880], ret:          9 } hitcount:         28
{ common_pid: mc-worker       [    236879], ret:         10 } hitcount:         31
{ common_pid: mc-worker       [    236875], ret:          9 } hitcount:         33
{ common_pid: mc-worker       [    236881], ret:          9 } hitcount:         33
{ common_pid: mc-worker       [    236877], ret:          9 } hitcount:         51
{ common_pid: mc-worker       [    236876], ret:          9 } hitcount:         51
{ common_pid: mc-worker       [    236880], ret:          8 } hitcount:         63
{ common_pid: mc-worker       [    236878], ret:          9 } hitcount:         64
{ common_pid: mc-worker       [    236879], ret:          9 } hitcount:         76
{ common_pid: mc-worker       [    236882], ret:          8 } hitcount:         79
{ common_pid: mc-worker       [    236876], ret:          8 } hitcount:         82
{ common_pid: mc-worker       [    236881], ret:          8 } hitcount:         91
{ common_pid: mc-worker       [    236875], ret:          8 } hitcount:        103
{ common_pid: mc-worker       [    236877], ret:          8 } hitcount:        144
{ common_pid: mc-worker       [    236879], ret:          8 } hitcount:        171
{ common_pid: mc-worker       [    236878], ret:          8 } hitcount:        189
{ common_pid: mc-worker       [    236876], ret:          7 } hitcount:        247
{ common_pid: mc-worker       [    236882], ret:          7 } hitcount:        254
{ common_pid: mc-worker       [    236880], ret:          7 } hitcount:        278
{ common_pid: mc-worker       [    236875], ret:          7 } hitcount:        287
{ common_pid: mc-worker       [    236881], ret:          7 } hitcount:        288
{ common_pid: mc-worker       [    236879], ret:          7 } hitcount:        446
{ common_pid: mc-worker       [    236877], ret:          7 } hitcount:        473
{ common_pid: mc-worker       [    236878], ret:          7 } hitcount:        576
{ common_pid: mc-worker       [    236876], ret:          6 } hitcount:        805
{ common_pid: mc-worker       [    236882], ret:          6 } hitcount:        909
{ common_pid: mc-worker       [    236880], ret:          6 } hitcount:        914
{ common_pid: mc-worker       [    236875], ret:          6 } hitcount:       1062
{ common_pid: mc-worker       [    236881], ret:          6 } hitcount:       1064
{ common_pid: mc-worker       [    236879], ret:          6 } hitcount:       1487
{ common_pid: mc-worker       [    236877], ret:          6 } hitcount:       1515
{ common_pid: mc-worker       [    236878], ret:          6 } hitcount:       1903
{ common_pid: mc-worker       [    236876], ret:          5 } hitcount:       3187
{ common_pid: mc-worker       [    236880], ret:          5 } hitcount:       3573
{ common_pid: mc-worker       [    236882], ret:          5 } hitcount:       3763
{ common_pid: mc-worker       [    236881], ret:          5 } hitcount:       4120
{ common_pid: mc-worker       [    236875], ret:          5 } hitcount:       4317
{ common_pid: mc-worker       [    236879], ret:          5 } hitcount:       5193
{ common_pid: mc-worker       [    236877], ret:          5 } hitcount:       5633
{ common_pid: mc-worker       [    236878], ret:          5 } hitcount:       6750
{ common_pid: mc-worker       [    236876], ret:          4 } hitcount:      13668
{ common_pid: mc-worker       [    236880], ret:          4 } hitcount:      14208
{ common_pid: mc-worker       [    236882], ret:          4 } hitcount:      15432
{ common_pid: mc-worker       [    236881], ret:          4 } hitcount:      16489
{ common_pid: mc-worker       [    236875], ret:          4 } hitcount:      16978
{ common_pid: mc-worker       [    236879], ret:          4 } hitcount:      19158
{ common_pid: mc-worker       [    236877], ret:          4 } hitcount:      20898
{ common_pid: mc-worker       [    236878], ret:          4 } hitcount:      24031
{ common_pid: mc-worker       [    236880], ret:          3 } hitcount:      60650
{ common_pid: mc-worker       [    236876], ret:          3 } hitcount:      61072
{ common_pid: mc-worker       [    236882], ret:          3 } hitcount:      66879
{ common_pid: mc-worker       [    236881], ret:          3 } hitcount:      69833
{ common_pid: mc-worker       [    236875], ret:          3 } hitcount:      70793
{ common_pid: mc-worker       [    236879], ret:          3 } hitcount:      73801
{ common_pid: mc-worker       [    236877], ret:          3 } hitcount:      82088
{ common_pid: mc-worker       [    236878], ret:          3 } hitcount:      89282
{ common_pid: mc-worker       [    236880], ret:          2 } hitcount:     275912
{ common_pid: mc-worker       [    236876], ret:          2 } hitcount:     289225
{ common_pid: mc-worker       [    236882], ret:          2 } hitcount:     306269
{ common_pid: mc-worker       [    236879], ret:          2 } hitcount:     307193
{ common_pid: mc-worker       [    236875], ret:          2 } hitcount:     311418
{ common_pid: mc-worker       [    236881], ret:          2 } hitcount:     315339
{ common_pid: mc-worker       [    236877], ret:          2 } hitcount:     332717
{ common_pid: mc-worker       [    236878], ret:          2 } hitcount:     347010
{ common_pid: mc-worker       [    236879], ret:          1 } hitcount:    1240692
{ common_pid: mc-worker       [    236880], ret:          1 } hitcount:    1241863
{ common_pid: mc-worker       [    236878], ret:          1 } hitcount:    1301194
{ common_pid: mc-worker       [    236877], ret:          1 } hitcount:    1313391
{ common_pid: mc-worker       [    236876], ret:          1 } hitcount:    1333093
{ common_pid: mc-worker       [    236875], ret:          1 } hitcount:    1335316
{ common_pid: mc-worker       [    236882], ret:          1 } hitcount:    1335439
{ common_pid: mc-worker       [    236881], ret:          1 } hitcount:    1358500
