{ common_pid: mc-worker       [    168767], ret:        112 } hitcount:          1
{ common_pid: mc-worker       [    168762], ret:         39 } hitcount:          1
{ common_pid: mc-worker       [    168760], ret:        486 } hitcount:          1
{ common_pid: mc-worker       [    168760], ret:         39 } hitcount:          1
{ common_pid: mc-worker       [    168765], ret:         41 } hitcount:          1
{ common_pid: mc-worker       [    168765], ret:        512 } hitcount:          1
{ common_pid: mc-worker       [    168763], ret:         40 } hitcount:          1
{ common_pid: mc-worker       [    168767], ret:        450 } hitcount:          1
{ common_pid: mc-worker       [    168767], ret:         41 } hitcount:          1
{ common_pid: mc-worker       [    168764], ret:         40 } hitcount:          1
{ common_pid: mc-worker       [    168761], ret:         40 } hitcount:          1
{ common_pid: mc-worker       [    168764], ret:         48 } hitcount:          1
{ common_pid: mc-worker       [    168766], ret:         70 } hitcount:          1
{ common_pid: mc-worker       [    168766], ret:        503 } hitcount:          1
{ common_pid: mc-worker       [    168762], ret:        491 } hitcount:          1
{ common_pid: mc-worker       [    168764], ret:         38 } hitcount:          1
{ common_pid: mc-worker       [    168763], ret:         41 } hitcount:          1
{ common_pid: mc-worker       [    168763], ret:        512 } hitcount:          1
{ common_pid: mc-worker       [    168761], ret:        469 } hitcount:          1
{ common_pid: mc-worker       [    168761], ret:         38 } hitcount:          1
{ common_pid: mc-worker       [    168760], ret:         41 } hitcount:          1
{ common_pid: mc-worker       [    168761], ret:         53 } hitcount:          1
{ common_pid: mc-worker       [    168764], ret:         41 } hitcount:          1
{ common_pid: mc-worker       [    168766], ret:         45 } hitcount:          1
{ common_pid: mc-worker       [    168764], ret:         42 } hitcount:          1
{ common_pid: mc-worker       [    168766], ret:         54 } hitcount:          1
{ common_pid: mc-worker       [    168764], ret:        512 } hitcount:          1
{ common_pid: mc-worker       [    168763], ret:         42 } hitcount:          1
{ common_pid: mc-worker       [    168762], ret:         37 } hitcount:          2
{ common_pid: mc-worker       [    168764], ret:         39 } hitcount:          2
{ common_pid: mc-worker       [    168765], ret:         39 } hitcount:          2
{ common_pid: mc-worker       [    168766], ret:         40 } hitcount:          2
{ common_pid: mc-worker       [    168760], ret:         38 } hitcount:          2
{ common_pid: mc-worker       [    168762], ret:         38 } hitcount:          2
{ common_pid: mc-worker       [    168761], ret:         39 } hitcount:          2
{ common_pid: mc-worker       [    168765], ret:         40 } hitcount:          2
{ common_pid: mc-worker       [    168766], ret:         43 } hitcount:          2
{ common_pid: mc-worker       [    168763], ret:         39 } hitcount:          2
{ common_pid: mc-worker       [    168767], ret:         40 } hitcount:          3
{ common_pid: mc-worker       [    168766], ret:         37 } hitcount:          3
{ common_pid: mc-worker       [    168763], ret:         37 } hitcount:          3
{ common_pid: mc-worker       [    168765], ret:         38 } hitcount:          3
{ common_pid: mc-worker       [    168764], ret:         37 } hitcount:          5
{ common_pid: mc-worker       [    168763], ret:         38 } hitcount:          5
{ common_pid: mc-worker       [    168766], ret:         39 } hitcount:          5
{ common_pid: mc-worker       [    168760], ret:         37 } hitcount:          6
{ common_pid: mc-worker       [    168767], ret:         39 } hitcount:          6
{ common_pid: mc-worker       [    168762], ret:         36 } hitcount:          6
{ common_pid: mc-worker       [    168761], ret:         37 } hitcount:          6
{ common_pid: mc-worker       [    168760], ret:         36 } hitcount:          7
{ common_pid: mc-worker       [    168767], ret:         38 } hitcount:          7
{ common_pid: mc-worker       [    168763], ret:         36 } hitcount:          8
{ common_pid: mc-worker       [    168766], ret:         38 } hitcount:          8
{ common_pid: mc-worker       [    168761], ret:         36 } hitcount:         10
{ common_pid: mc-worker       [    168765], ret:         37 } hitcount:         10
{ common_pid: mc-worker       [    168761], ret:         35 } hitcount:         10
{ common_pid: mc-worker       [    168762], ret:         35 } hitcount:         11
{ common_pid: mc-worker       [    168767], ret:         37 } hitcount:         12
{ common_pid: mc-worker       [    168764], ret:         36 } hitcount:         15
{ common_pid: mc-worker       [    168762], ret:         34 } hitcount:         16
{ common_pid: mc-worker       [    168760], ret:         35 } hitcount:         17
{ common_pid: mc-worker       [    168765], ret:         36 } hitcount:         17
{ common_pid: mc-worker       [    168767], ret:         36 } hitcount:         20
{ common_pid: mc-worker       [    168766], ret:         36 } hitcount:         21
{ common_pid: mc-worker       [    168760], ret:         34 } hitcount:         21
{ common_pid: mc-worker       [    168761], ret:         34 } hitcount:         23
{ common_pid: mc-worker       [    168762], ret:         33 } hitcount:         23
{ common_pid: mc-worker       [    168763], ret:         35 } hitcount:         23
{ common_pid: mc-worker       [    168764], ret:         35 } hitcount:         24
{ common_pid: mc-worker       [    168764], ret:         34 } hitcount:         25
{ common_pid: mc-worker       [    168765], ret:         35 } hitcount:         25
{ common_pid: mc-worker       [    168767], ret:         35 } hitcount:         32
{ common_pid: mc-worker       [    168766], ret:         35 } hitcount:         32
{ common_pid: mc-worker       [    168763], ret:         34 } hitcount:         35
{ common_pid: mc-worker       [    168762], ret:         32 } hitcount:         38
{ common_pid: mc-worker       [    168760], ret:         33 } hitcount:         43
{ common_pid: mc-worker       [    168765], ret:         34 } hitcount:         49
{ common_pid: mc-worker       [    168767], ret:         34 } hitcount:         53
{ common_pid: mc-worker       [    168761], ret:         33 } hitcount:         54
{ common_pid: mc-worker       [    168766], ret:         34 } hitcount:         54
{ common_pid: mc-worker       [    168764], ret:         33 } hitcount:         58
{ common_pid: mc-worker       [    168765], ret:         33 } hitcount:         63
{ common_pid: mc-worker       [    168763], ret:         33 } hitcount:         66
{ common_pid: mc-worker       [    168762], ret:         31 } hitcount:         69
{ common_pid: mc-worker       [    168760], ret:         32 } hitcount:         73
{ common_pid: mc-worker       [    168761], ret:         32 } hitcount:         74
{ common_pid: mc-worker       [    168767], ret:         33 } hitcount:         80
{ common_pid: mc-worker       [    168763], ret:         32 } hitcount:         82
{ common_pid: mc-worker       [    168760], ret:         31 } hitcount:         89
{ common_pid: mc-worker       [    168764], ret:         32 } hitcount:         89
{ common_pid: mc-worker       [    168766], ret:         33 } hitcount:         93
{ common_pid: mc-worker       [    168762], ret:         30 } hitcount:        109
{ common_pid: mc-worker       [    168765], ret:         32 } hitcount:        111
{ common_pid: mc-worker       [    168764], ret:         31 } hitcount:        117
{ common_pid: mc-worker       [    168761], ret:         31 } hitcount:        144
{ common_pid: mc-worker       [    168766], ret:         32 } hitcount:        155
{ common_pid: mc-worker       [    168767], ret:         32 } hitcount:        160
{ common_pid: mc-worker       [    168763], ret:         31 } hitcount:        169
{ common_pid: mc-worker       [    168762], ret:         29 } hitcount:        183
{ common_pid: mc-worker       [    168760], ret:         30 } hitcount:        187
{ common_pid: mc-worker       [    168765], ret:         31 } hitcount:        199
{ common_pid: mc-worker       [    168766], ret:         31 } hitcount:        199
{ common_pid: mc-worker       [    168764], ret:         30 } hitcount:        211
{ common_pid: mc-worker       [    168767], ret:         31 } hitcount:        220
{ common_pid: mc-worker       [    168761], ret:         30 } hitcount:        256
{ common_pid: mc-worker       [    168763], ret:         30 } hitcount:        269
{ common_pid: mc-worker       [    168765], ret:         30 } hitcount:        285
{ common_pid: mc-worker       [    168760], ret:         29 } hitcount:        307
{ common_pid: mc-worker       [    168762], ret:         28 } hitcount:        317
{ common_pid: mc-worker       [    168766], ret:         30 } hitcount:        340
{ common_pid: mc-worker       [    168764], ret:         29 } hitcount:        341
{ common_pid: mc-worker       [    168767], ret:         30 } hitcount:        345
{ common_pid: mc-worker       [    168761], ret:         29 } hitcount:        348
{ common_pid: mc-worker       [    168763], ret:         29 } hitcount:        384
{ common_pid: mc-worker       [    168765], ret:         29 } hitcount:        464
{ common_pid: mc-worker       [    168764], ret:         28 } hitcount:        466
{ common_pid: mc-worker       [    168760], ret:         28 } hitcount:        479
{ common_pid: mc-worker       [    168761], ret:         28 } hitcount:        503
{ common_pid: mc-worker       [    168767], ret:         29 } hitcount:        506
{ common_pid: mc-worker       [    168762], ret:         27 } hitcount:        520
{ common_pid: mc-worker       [    168766], ret:         29 } hitcount:        537
{ common_pid: mc-worker       [    168763], ret:         28 } hitcount:        579
{ common_pid: mc-worker       [    168765], ret:         28 } hitcount:        695
{ common_pid: mc-worker       [    168764], ret:         27 } hitcount:        696
{ common_pid: mc-worker       [    168760], ret:         27 } hitcount:        722
{ common_pid: mc-worker       [    168762], ret:         26 } hitcount:        733
{ common_pid: mc-worker       [    168761], ret:         27 } hitcount:        749
{ common_pid: mc-worker       [    168767], ret:         28 } hitcount:        821
{ common_pid: mc-worker       [    168766], ret:         28 } hitcount:        833
{ common_pid: mc-worker       [    168764], ret:         26 } hitcount:        881
{ common_pid: mc-worker       [    168763], ret:         27 } hitcount:        897
{ common_pid: mc-worker       [    168762], ret:         25 } hitcount:        988
{ common_pid: mc-worker       [    168765], ret:         27 } hitcount:       1020
{ common_pid: mc-worker       [    168760], ret:         26 } hitcount:       1068
{ common_pid: mc-worker       [    168766], ret:         27 } hitcount:       1103
{ common_pid: mc-worker       [    168767], ret:         27 } hitcount:       1122
{ common_pid: mc-worker       [    168761], ret:         26 } hitcount:       1140
{ common_pid: mc-worker       [    168763], ret:         26 } hitcount:       1241
{ common_pid: mc-worker       [    168764], ret:         25 } hitcount:       1285
{ common_pid: mc-worker       [    168762], ret:         24 } hitcount:       1392
{ common_pid: mc-worker       [    168765], ret:         26 } hitcount:       1424
{ common_pid: mc-worker       [    168760], ret:         25 } hitcount:       1485
{ common_pid: mc-worker       [    168767], ret:         26 } hitcount:       1588
{ common_pid: mc-worker       [    168761], ret:         25 } hitcount:       1599
{ common_pid: mc-worker       [    168766], ret:         26 } hitcount:       1623
{ common_pid: mc-worker       [    168763], ret:         25 } hitcount:       1676
{ common_pid: mc-worker       [    168764], ret:         24 } hitcount:       1756
{ common_pid: mc-worker       [    168762], ret:         23 } hitcount:       1921
{ common_pid: mc-worker       [    168765], ret:         25 } hitcount:       2014
{ common_pid: mc-worker       [    168761], ret:         24 } hitcount:       2148
{ common_pid: mc-worker       [    168760], ret:         24 } hitcount:       2167
{ common_pid: mc-worker       [    168764], ret:         23 } hitcount:       2169
{ common_pid: mc-worker       [    168767], ret:         25 } hitcount:       2193
{ common_pid: mc-worker       [    168766], ret:         25 } hitcount:       2252
{ common_pid: mc-worker       [    168763], ret:         24 } hitcount:       2408
{ common_pid: mc-worker       [    168762], ret:         22 } hitcount:       2568
{ common_pid: mc-worker       [    168765], ret:         24 } hitcount:       2669
{ common_pid: mc-worker       [    168764], ret:         22 } hitcount:       2761
{ common_pid: mc-worker       [    168766], ret:         24 } hitcount:       2803
{ common_pid: mc-worker       [    168760], ret:         23 } hitcount:       2896
{ common_pid: mc-worker       [    168767], ret:         24 } hitcount:       2916
{ common_pid: mc-worker       [    168761], ret:         23 } hitcount:       2938
{ common_pid: mc-worker       [    168762], ret:         21 } hitcount:       3140
{ common_pid: mc-worker       [    168763], ret:         23 } hitcount:       3157
{ common_pid: mc-worker       [    168765], ret:         23 } hitcount:       3387
{ common_pid: mc-worker       [    168764], ret:         21 } hitcount:       3415
{ common_pid: mc-worker       [    168766], ret:         23 } hitcount:       3608
{ common_pid: mc-worker       [    168767], ret:         23 } hitcount:       3655
{ common_pid: mc-worker       [    168761], ret:         22 } hitcount:       3738
{ common_pid: mc-worker       [    168760], ret:         22 } hitcount:       3787
{ common_pid: mc-worker       [    168762], ret:         20 } hitcount:       3838
{ common_pid: mc-worker       [    168764], ret:         20 } hitcount:       4117
{ common_pid: mc-worker       [    168763], ret:         22 } hitcount:       4133
{ common_pid: mc-worker       [    168765], ret:         22 } hitcount:       4235
{ common_pid: mc-worker       [    168766], ret:         22 } hitcount:       4457
{ common_pid: mc-worker       [    168762], ret:         19 } hitcount:       4481
{ common_pid: mc-worker       [    168767], ret:         22 } hitcount:       4555
{ common_pid: mc-worker       [    168764], ret:         19 } hitcount:       4597
{ common_pid: mc-worker       [    168761], ret:         21 } hitcount:       4633
{ common_pid: mc-worker       [    168760], ret:         21 } hitcount:       4796
{ common_pid: mc-worker       [    168763], ret:         21 } hitcount:       4957
{ common_pid: mc-worker       [    168764], ret:         18 } hitcount:       5197
{ common_pid: mc-worker       [    168765], ret:         21 } hitcount:       5278
{ common_pid: mc-worker       [    168762], ret:         18 } hitcount:       5298
{ common_pid: mc-worker       [    168764], ret:         17 } hitcount:       5428
{ common_pid: mc-worker       [    168766], ret:         21 } hitcount:       5517
{ common_pid: mc-worker       [    168767], ret:         21 } hitcount:       5523
{ common_pid: mc-worker       [    168761], ret:         20 } hitcount:       5558
{ common_pid: mc-worker       [    168762], ret:         17 } hitcount:       5721
{ common_pid: mc-worker       [    168763], ret:         20 } hitcount:       5914
{ common_pid: mc-worker       [    168764], ret:         16 } hitcount:       5925
{ common_pid: mc-worker       [    168760], ret:         20 } hitcount:       5981
{ common_pid: mc-worker       [    168765], ret:         20 } hitcount:       6110
{ common_pid: mc-worker       [    168766], ret:         20 } hitcount:       6184
{ common_pid: mc-worker       [    168764], ret:         15 } hitcount:       6299
{ common_pid: mc-worker       [    168762], ret:         16 } hitcount:       6337
{ common_pid: mc-worker       [    168767], ret:         20 } hitcount:       6342
{ common_pid: mc-worker       [    168761], ret:         19 } hitcount:       6466
{ common_pid: mc-worker       [    168763], ret:         19 } hitcount:       6537
{ common_pid: mc-worker       [    168765], ret:         19 } hitcount:       6750
{ common_pid: mc-worker       [    168764], ret:         14 } hitcount:       6763
{ common_pid: mc-worker       [    168762], ret:         15 } hitcount:       6798
{ common_pid: mc-worker       [    168765], ret:         11 } hitcount:       6911
{ common_pid: mc-worker       [    168760], ret:          9 } hitcount:       6941
{ common_pid: mc-worker       [    168762], ret:         14 } hitcount:       6959
{ common_pid: mc-worker       [    168766], ret:         19 } hitcount:       6963
{ common_pid: mc-worker       [    168767], ret:         11 } hitcount:       6985
{ common_pid: mc-worker       [    168760], ret:         19 } hitcount:       6996
{ common_pid: mc-worker       [    168767], ret:         12 } hitcount:       7007
{ common_pid: mc-worker       [    168766], ret:         12 } hitcount:       7093
{ common_pid: mc-worker       [    168765], ret:         12 } hitcount:       7100
{ common_pid: mc-worker       [    168761], ret:         18 } hitcount:       7110
{ common_pid: mc-worker       [    168766], ret:         13 } hitcount:       7123
{ common_pid: mc-worker       [    168760], ret:         10 } hitcount:       7166
{ common_pid: mc-worker       [    168767], ret:         19 } hitcount:       7171
{ common_pid: mc-worker       [    168760], ret:          8 } hitcount:       7178
{ common_pid: mc-worker       [    168765], ret:         13 } hitcount:       7199
{ common_pid: mc-worker       [    168760], ret:         11 } hitcount:       7201
{ common_pid: mc-worker       [    168766], ret:         11 } hitcount:       7224
{ common_pid: mc-worker       [    168767], ret:         10 } hitcount:       7252
{ common_pid: mc-worker       [    168764], ret:         13 } hitcount:       7274
{ common_pid: mc-worker       [    168767], ret:         13 } hitcount:       7295
{ common_pid: mc-worker       [    168763], ret:         18 } hitcount:       7344
{ common_pid: mc-worker       [    168766], ret:         10 } hitcount:       7345
{ common_pid: mc-worker       [    168763], ret:         12 } hitcount:       7360
{ common_pid: mc-worker       [    168766], ret:         14 } hitcount:       7419
{ common_pid: mc-worker       [    168763], ret:         13 } hitcount:       7427
{ common_pid: mc-worker       [    168762], ret:         13 } hitcount:       7437
{ common_pid: mc-worker       [    168766], ret:         18 } hitcount:       7472
{ common_pid: mc-worker       [    168767], ret:          9 } hitcount:       7476
{ common_pid: mc-worker       [    168767], ret:         14 } hitcount:       7525
{ common_pid: mc-worker       [    168766], ret:         15 } hitcount:       7554
{ common_pid: mc-worker       [    168765], ret:         18 } hitcount:       7573
{ common_pid: mc-worker       [    168763], ret:         11 } hitcount:       7583
{ common_pid: mc-worker       [    168761], ret:         12 } hitcount:       7600
{ common_pid: mc-worker       [    168765], ret:         14 } hitcount:       7615
{ common_pid: mc-worker       [    168761], ret:         11 } hitcount:       7631
{ common_pid: mc-worker       [    168765], ret:         10 } hitcount:       7645
{ common_pid: mc-worker       [    168766], ret:          9 } hitcount:       7653
{ common_pid: mc-worker       [    168762], ret:         12 } hitcount:       7668
{ common_pid: mc-worker       [    168767], ret:         18 } hitcount:       7677
{ common_pid: mc-worker       [    168765], ret:         17 } hitcount:       7682
{ common_pid: mc-worker       [    168763], ret:         10 } hitcount:       7693
{ common_pid: mc-worker       [    168766], ret:         17 } hitcount:       7695
{ common_pid: mc-worker       [    168766], ret:         16 } hitcount:       7722
{ common_pid: mc-worker       [    168760], ret:         12 } hitcount:       7730
{ common_pid: mc-worker       [    168761], ret:         13 } hitcount:       7733
{ common_pid: mc-worker       [    168765], ret:         15 } hitcount:       7757
{ common_pid: mc-worker       [    168767], ret:         17 } hitcount:       7778
{ common_pid: mc-worker       [    168761], ret:         17 } hitcount:       7787
{ common_pid: mc-worker       [    168761], ret:         14 } hitcount:       7811
{ common_pid: mc-worker       [    168763], ret:         17 } hitcount:       7821
{ common_pid: mc-worker       [    168760], ret:          7 } hitcount:       7827
{ common_pid: mc-worker       [    168763], ret:         16 } hitcount:       7839
{ common_pid: mc-worker       [    168763], ret:         14 } hitcount:       7855
{ common_pid: mc-worker       [    168767], ret:         15 } hitcount:       7899
{ common_pid: mc-worker       [    168765], ret:          9 } hitcount:       7929
{ common_pid: mc-worker       [    168761], ret:         15 } hitcount:       7946
{ common_pid: mc-worker       [    168763], ret:         15 } hitcount:       7946
{ common_pid: mc-worker       [    168760], ret:         18 } hitcount:       7960
{ common_pid: mc-worker       [    168765], ret:         16 } hitcount:       7970
{ common_pid: mc-worker       [    168761], ret:         10 } hitcount:       7973
{ common_pid: mc-worker       [    168764], ret:         12 } hitcount:       7995
{ common_pid: mc-worker       [    168767], ret:         16 } hitcount:       8006
{ common_pid: mc-worker       [    168761], ret:         16 } hitcount:       8073
{ common_pid: mc-worker       [    168763], ret:          9 } hitcount:       8158
{ common_pid: mc-worker       [    168767], ret:          8 } hitcount:       8184
{ common_pid: mc-worker       [    168760], ret:         13 } hitcount:       8315
{ common_pid: mc-worker       [    168762], ret:         11 } hitcount:       8329
{ common_pid: mc-worker       [    168760], ret:         17 } hitcount:       8388
{ common_pid: mc-worker       [    168765], ret:          8 } hitcount:       8511
{ common_pid: mc-worker       [    168766], ret:          8 } hitcount:       8563
{ common_pid: mc-worker       [    168761], ret:          9 } hitcount:       8628
{ common_pid: mc-worker       [    168763], ret:          8 } hitcount:       8719
{ common_pid: mc-worker       [    168760], ret:          6 } hitcount:       8782
{ common_pid: mc-worker       [    168764], ret:         11 } hitcount:       8914
{ common_pid: mc-worker       [    168760], ret:         16 } hitcount:       8997
{ common_pid: mc-worker       [    168760], ret:         14 } hitcount:       9017
{ common_pid: mc-worker       [    168760], ret:         15 } hitcount:       9054
{ common_pid: mc-worker       [    168767], ret:          7 } hitcount:       9284
{ common_pid: mc-worker       [    168761], ret:          8 } hitcount:       9297
{ common_pid: mc-worker       [    168762], ret:         10 } hitcount:       9314
{ common_pid: mc-worker       [    168766], ret:          7 } hitcount:       9354
{ common_pid: mc-worker       [    168765], ret:          7 } hitcount:       9640
{ common_pid: mc-worker       [    168763], ret:          7 } hitcount:       9930
{ common_pid: mc-worker       [    168764], ret:         10 } hitcount:      10000
{ common_pid: mc-worker       [    168761], ret:          7 } hitcount:      10194
{ common_pid: mc-worker       [    168760], ret:          5 } hitcount:      10304
{ common_pid: mc-worker       [    168762], ret:          9 } hitcount:      10451
{ common_pid: mc-worker       [    168767], ret:          6 } hitcount:      10820
{ common_pid: mc-worker       [    168766], ret:          6 } hitcount:      10852
{ common_pid: mc-worker       [    168765], ret:          6 } hitcount:      11202
{ common_pid: mc-worker       [    168764], ret:          9 } hitcount:      11338
{ common_pid: mc-worker       [    168763], ret:          6 } hitcount:      11535
{ common_pid: mc-worker       [    168761], ret:          6 } hitcount:      11747
{ common_pid: mc-worker       [    168762], ret:          8 } hitcount:      11984
{ common_pid: mc-worker       [    168767], ret:          5 } hitcount:      12736
{ common_pid: mc-worker       [    168764], ret:          8 } hitcount:      13035
{ common_pid: mc-worker       [    168766], ret:          5 } hitcount:      13312
{ common_pid: mc-worker       [    168760], ret:          4 } hitcount:      13319
{ common_pid: mc-worker       [    168765], ret:          5 } hitcount:      13493
{ common_pid: mc-worker       [    168762], ret:          7 } hitcount:      13761
{ common_pid: mc-worker       [    168763], ret:          5 } hitcount:      13795
{ common_pid: mc-worker       [    168760], ret:          1 } hitcount:      13997
{ common_pid: mc-worker       [    168761], ret:          5 } hitcount:      14140
{ common_pid: mc-worker       [    168764], ret:          7 } hitcount:      14901
{ common_pid: mc-worker       [    168767], ret:          1 } hitcount:      16043
{ common_pid: mc-worker       [    168767], ret:          4 } hitcount:      16463
{ common_pid: mc-worker       [    168762], ret:          6 } hitcount:      16497
{ common_pid: mc-worker       [    168765], ret:          1 } hitcount:      17219
{ common_pid: mc-worker       [    168765], ret:          4 } hitcount:      17290
{ common_pid: mc-worker       [    168766], ret:          4 } hitcount:      17566
{ common_pid: mc-worker       [    168766], ret:          1 } hitcount:      17647
{ common_pid: mc-worker       [    168763], ret:          1 } hitcount:      17681
{ common_pid: mc-worker       [    168764], ret:          6 } hitcount:      17682
{ common_pid: mc-worker       [    168763], ret:          4 } hitcount:      17748
{ common_pid: mc-worker       [    168760], ret:          3 } hitcount:      18398
{ common_pid: mc-worker       [    168761], ret:          4 } hitcount:      18400
{ common_pid: mc-worker       [    168761], ret:          1 } hitcount:      18898
{ common_pid: mc-worker       [    168762], ret:          5 } hitcount:      20174
{ common_pid: mc-worker       [    168760], ret:          2 } hitcount:      21097
{ common_pid: mc-worker       [    168764], ret:          5 } hitcount:      22150
{ common_pid: mc-worker       [    168767], ret:          3 } hitcount:      23023
{ common_pid: mc-worker       [    168765], ret:          3 } hitcount:      23999
{ common_pid: mc-worker       [    168766], ret:          3 } hitcount:      24138
{ common_pid: mc-worker       [    168763], ret:          3 } hitcount:      24692
{ common_pid: mc-worker       [    168761], ret:          3 } hitcount:      25169
{ common_pid: mc-worker       [    168767], ret:          2 } hitcount:      25545
{ common_pid: mc-worker       [    168765], ret:          2 } hitcount:      26851
{ common_pid: mc-worker       [    168762], ret:          4 } hitcount:      27366
{ common_pid: mc-worker       [    168766], ret:          2 } hitcount:      27499
{ common_pid: mc-worker       [    168763], ret:          2 } hitcount:      27755
{ common_pid: mc-worker       [    168761], ret:          2 } hitcount:      28851
{ common_pid: mc-worker       [    168764], ret:          4 } hitcount:      29934
{ common_pid: mc-worker       [    168762], ret:          3 } hitcount:      40488
{ common_pid: mc-worker       [    168762], ret:          1 } hitcount:      43781
{ common_pid: mc-worker       [    168764], ret:          3 } hitcount:      44927
{ common_pid: mc-worker       [    168764], ret:          1 } hitcount:      46855
{ common_pid: mc-worker       [    168762], ret:          2 } hitcount:      53323
{ common_pid: mc-worker       [    168764], ret:          2 } hitcount:      57975
