{ common_pid: mc-worker       [    108801], ret:         46 } hitcount:          1
{ common_pid: mc-worker       [    108801], ret:         69 } hitcount:          1
{ common_pid: mc-worker       [    108800], ret:         47 } hitcount:          1
{ common_pid: mc-worker       [    108804], ret:        127 } hitcount:          1
{ common_pid: mc-worker       [    108802], ret:         59 } hitcount:          1
{ common_pid: mc-worker       [    108805], ret:         59 } hitcount:          1
{ common_pid: mc-worker       [    108804], ret:        102 } hitcount:          1
{ common_pid: mc-worker       [    108800], ret:         72 } hitcount:          1
{ common_pid: mc-worker       [    108801], ret:         75 } hitcount:          1
{ common_pid: mc-worker       [    108803], ret:         51 } hitcount:          1
{ common_pid: mc-worker       [    108801], ret:        128 } hitcount:          1
{ common_pid: mc-worker       [    108806], ret:         47 } hitcount:          1
{ common_pid: mc-worker       [    108803], ret:        113 } hitcount:          1
{ common_pid: mc-worker       [    108801], ret:         66 } hitcount:          1
{ common_pid: mc-worker       [    108804], ret:         54 } hitcount:          1
{ common_pid: mc-worker       [    108806], ret:         49 } hitcount:          1
{ common_pid: mc-worker       [    108806], ret:         65 } hitcount:          1
{ common_pid: mc-worker       [    108803], ret:         70 } hitcount:          1
{ common_pid: mc-worker       [    108800], ret:         49 } hitcount:          1
{ common_pid: mc-worker       [    108800], ret:         50 } hitcount:          1
{ common_pid: mc-worker       [    108805], ret:        117 } hitcount:          1
{ common_pid: mc-worker       [    108807], ret:         84 } hitcount:          1
{ common_pid: mc-worker       [    108805], ret:         92 } hitcount:          1
{ common_pid: mc-worker       [    108806], ret:         50 } hitcount:          1
{ common_pid: mc-worker       [    108806], ret:         95 } hitcount:          1
{ common_pid: mc-worker       [    108802], ret:         67 } hitcount:          1
{ common_pid: mc-worker       [    108804], ret:         59 } hitcount:          1
{ common_pid: mc-worker       [    108802], ret:        119 } hitcount:          1
{ common_pid: mc-worker       [    108802], ret:        115 } hitcount:          1
{ common_pid: mc-worker       [    108803], ret:         50 } hitcount:          1
{ common_pid: mc-worker       [    108800], ret:         89 } hitcount:          1
{ common_pid: mc-worker       [    108807], ret:         43 } hitcount:          1
{ common_pid: mc-worker       [    108805], ret:         83 } hitcount:          1
{ common_pid: mc-worker       [    108804], ret:        124 } hitcount:          1
{ common_pid: mc-worker       [    108806], ret:         28 } hitcount:          1
{ common_pid: mc-worker       [    108802], ret:         58 } hitcount:          1
{ common_pid: mc-worker       [    108807], ret:         98 } hitcount:          1
{ common_pid: mc-worker       [    108802], ret:        109 } hitcount:          1
{ common_pid: mc-worker       [    108800], ret:        126 } hitcount:          1
{ common_pid: mc-worker       [    108803], ret:         56 } hitcount:          1
{ common_pid: mc-worker       [    108802], ret:        112 } hitcount:          1
{ common_pid: mc-worker       [    108805], ret:        103 } hitcount:          1
{ common_pid: mc-worker       [    108805], ret:         94 } hitcount:          1
{ common_pid: mc-worker       [    108803], ret:         84 } hitcount:          1
{ common_pid: mc-worker       [    108802], ret:        117 } hitcount:          1
{ common_pid: mc-worker       [    108804], ret:        224 } hitcount:          1
{ common_pid: mc-worker       [    108807], ret:         58 } hitcount:          1
{ common_pid: mc-worker       [    108800], ret:         59 } hitcount:          1
{ common_pid: mc-worker       [    108801], ret:         63 } hitcount:          1
{ common_pid: mc-worker       [    108803], ret:         46 } hitcount:          1
{ common_pid: mc-worker       [    108804], ret:         57 } hitcount:          1
{ common_pid: mc-worker       [    108806], ret:         96 } hitcount:          1
{ common_pid: mc-worker       [    108803], ret:         73 } hitcount:          1
{ common_pid: mc-worker       [    108807], ret:        128 } hitcount:          1
{ common_pid: mc-worker       [    108803], ret:         66 } hitcount:          1
{ common_pid: mc-worker       [    108807], ret:         56 } hitcount:          1
{ common_pid: mc-worker       [    108807], ret:         59 } hitcount:          1
{ common_pid: mc-worker       [    108803], ret:         59 } hitcount:          1
{ common_pid: mc-worker       [    108807], ret:         75 } hitcount:          1
{ common_pid: mc-worker       [    108804], ret:         74 } hitcount:          1
{ common_pid: mc-worker       [    108803], ret:        102 } hitcount:          1
{ common_pid: mc-worker       [    108803], ret:        124 } hitcount:          1
{ common_pid: mc-worker       [    108807], ret:         29 } hitcount:          1
{ common_pid: mc-worker       [    108806], ret:         74 } hitcount:          1
{ common_pid: mc-worker       [    108801], ret:         77 } hitcount:          1
{ common_pid: mc-worker       [    108805], ret:         89 } hitcount:          1
{ common_pid: mc-worker       [    108802], ret:        102 } hitcount:          1
{ common_pid: mc-worker       [    108804], ret:         68 } hitcount:          1
{ common_pid: mc-worker       [    108800], ret:         56 } hitcount:          1
{ common_pid: mc-worker       [    108800], ret:         82 } hitcount:          1
{ common_pid: mc-worker       [    108806], ret:         94 } hitcount:          1
{ common_pid: mc-worker       [    108801], ret:         87 } hitcount:          1
{ common_pid: mc-worker       [    108805], ret:        109 } hitcount:          1
{ common_pid: mc-worker       [    108804], ret:        105 } hitcount:          1
{ common_pid: mc-worker       [    108802], ret:         43 } hitcount:          1
{ common_pid: mc-worker       [    108801], ret:         74 } hitcount:          1
{ common_pid: mc-worker       [    108806], ret:         43 } hitcount:          1
{ common_pid: mc-worker       [    108801], ret:        113 } hitcount:          1
{ common_pid: mc-worker       [    108805], ret:        101 } hitcount:          1
{ common_pid: mc-worker       [    108800], ret:         62 } hitcount:          1
{ common_pid: mc-worker       [    108806], ret:        105 } hitcount:          1
{ common_pid: mc-worker       [    108803], ret:        114 } hitcount:          1
{ common_pid: mc-worker       [    108804], ret:        110 } hitcount:          1
{ common_pid: mc-worker       [    108802], ret:         54 } hitcount:          1
{ common_pid: mc-worker       [    108802], ret:         62 } hitcount:          1
{ common_pid: mc-worker       [    108803], ret:         68 } hitcount:          1
{ common_pid: mc-worker       [    108802], ret:         93 } hitcount:          1
{ common_pid: mc-worker       [    108800], ret:         57 } hitcount:          1
{ common_pid: mc-worker       [    108806], ret:        128 } hitcount:          1
{ common_pid: mc-worker       [    108800], ret:         42 } hitcount:          1
{ common_pid: mc-worker       [    108801], ret:         93 } hitcount:          1
{ common_pid: mc-worker       [    108805], ret:         63 } hitcount:          1
{ common_pid: mc-worker       [    108806], ret:        121 } hitcount:          1
{ common_pid: mc-worker       [    108801], ret:         65 } hitcount:          1
{ common_pid: mc-worker       [    108805], ret:        128 } hitcount:          1
{ common_pid: mc-worker       [    108800], ret:         55 } hitcount:          1
{ common_pid: mc-worker       [    108807], ret:        112 } hitcount:          1
{ common_pid: mc-worker       [    108802], ret:         60 } hitcount:          1
{ common_pid: mc-worker       [    108800], ret:        121 } hitcount:          1
{ common_pid: mc-worker       [    108802], ret:         78 } hitcount:          1
{ common_pid: mc-worker       [    108807], ret:         72 } hitcount:          1
{ common_pid: mc-worker       [    108803], ret:         69 } hitcount:          1
{ common_pid: mc-worker       [    108807], ret:         80 } hitcount:          1
{ common_pid: mc-worker       [    108805], ret:        115 } hitcount:          1
{ common_pid: mc-worker       [    108807], ret:        122 } hitcount:          1
{ common_pid: mc-worker       [    108805], ret:         65 } hitcount:          1
{ common_pid: mc-worker       [    108805], ret:         64 } hitcount:          1
{ common_pid: mc-worker       [    108806], ret:         73 } hitcount:          1
{ common_pid: mc-worker       [    108807], ret:        119 } hitcount:          1
{ common_pid: mc-worker       [    108804], ret:         51 } hitcount:          1
{ common_pid: mc-worker       [    108805], ret:         56 } hitcount:          1
{ common_pid: mc-worker       [    108801], ret:         53 } hitcount:          1
{ common_pid: mc-worker       [    108800], ret:         48 } hitcount:          1
{ common_pid: mc-worker       [    108805], ret:         73 } hitcount:          1
{ common_pid: mc-worker       [    108802], ret:         87 } hitcount:          1
{ common_pid: mc-worker       [    108804], ret:         73 } hitcount:          1
{ common_pid: mc-worker       [    108805], ret:        119 } hitcount:          1
{ common_pid: mc-worker       [    108804], ret:         76 } hitcount:          1
{ common_pid: mc-worker       [    108800], ret:         68 } hitcount:          1
{ common_pid: mc-worker       [    108804], ret:         53 } hitcount:          1
{ common_pid: mc-worker       [    108805], ret:        125 } hitcount:          1
{ common_pid: mc-worker       [    108803], ret:        125 } hitcount:          1
{ common_pid: mc-worker       [    108803], ret:         39 } hitcount:          1
{ common_pid: mc-worker       [    108803], ret:         53 } hitcount:          1
{ common_pid: mc-worker       [    108800], ret:         65 } hitcount:          1
{ common_pid: mc-worker       [    108800], ret:         66 } hitcount:          1
{ common_pid: mc-worker       [    108805], ret:         76 } hitcount:          1
{ common_pid: mc-worker       [    108807], ret:         57 } hitcount:          1
{ common_pid: mc-worker       [    108801], ret:         67 } hitcount:          1
{ common_pid: mc-worker       [    108807], ret:         52 } hitcount:          1
{ common_pid: mc-worker       [    108806], ret:         88 } hitcount:          1
{ common_pid: mc-worker       [    108807], ret:         66 } hitcount:          1
{ common_pid: mc-worker       [    108801], ret:         51 } hitcount:          1
{ common_pid: mc-worker       [    108800], ret:         95 } hitcount:          1
{ common_pid: mc-worker       [    108805], ret:        105 } hitcount:          1
{ common_pid: mc-worker       [    108805], ret:         91 } hitcount:          1
{ common_pid: mc-worker       [    108800], ret:        114 } hitcount:          1
{ common_pid: mc-worker       [    108807], ret:         44 } hitcount:          1
{ common_pid: mc-worker       [    108807], ret:         47 } hitcount:          1
{ common_pid: mc-worker       [    108800], ret:        128 } hitcount:          1
{ common_pid: mc-worker       [    108804], ret:        192 } hitcount:          1
{ common_pid: mc-worker       [    108804], ret:         66 } hitcount:          1
{ common_pid: mc-worker       [    108801], ret:        114 } hitcount:          2
{ common_pid: mc-worker       [    108806], ret:         37 } hitcount:          2
{ common_pid: mc-worker       [    108804], ret:         82 } hitcount:          2
{ common_pid: mc-worker       [    108805], ret:         52 } hitcount:          2
{ common_pid: mc-worker       [    108802], ret:         50 } hitcount:          2
{ common_pid: mc-worker       [    108801], ret:         44 } hitcount:          2
{ common_pid: mc-worker       [    108803], ret:         40 } hitcount:          2
{ common_pid: mc-worker       [    108801], ret:         32 } hitcount:          2
{ common_pid: mc-worker       [    108804], ret:         43 } hitcount:          2
{ common_pid: mc-worker       [    108801], ret:         83 } hitcount:          2
{ common_pid: mc-worker       [    108803], ret:         42 } hitcount:          2
{ common_pid: mc-worker       [    108804], ret:         95 } hitcount:          2
{ common_pid: mc-worker       [    108805], ret:         70 } hitcount:          2
{ common_pid: mc-worker       [    108807], ret:         42 } hitcount:          2
{ common_pid: mc-worker       [    108807], ret:         46 } hitcount:          2
{ common_pid: mc-worker       [    108805], ret:         45 } hitcount:          2
{ common_pid: mc-worker       [    108807], ret:         70 } hitcount:          2
{ common_pid: mc-worker       [    108805], ret:         61 } hitcount:          2
{ common_pid: mc-worker       [    108802], ret:         53 } hitcount:          2
{ common_pid: mc-worker       [    108802], ret:         33 } hitcount:          2
{ common_pid: mc-worker       [    108802], ret:         39 } hitcount:          2
{ common_pid: mc-worker       [    108802], ret:         38 } hitcount:          2
{ common_pid: mc-worker       [    108804], ret:         64 } hitcount:          2
{ common_pid: mc-worker       [    108801], ret:         56 } hitcount:          2
{ common_pid: mc-worker       [    108801], ret:         49 } hitcount:          2
{ common_pid: mc-worker       [    108806], ret:         30 } hitcount:          2
{ common_pid: mc-worker       [    108807], ret:         51 } hitcount:          2
{ common_pid: mc-worker       [    108804], ret:         46 } hitcount:          2
{ common_pid: mc-worker       [    108805], ret:         48 } hitcount:          2
{ common_pid: mc-worker       [    108803], ret:         64 } hitcount:          2
{ common_pid: mc-worker       [    108802], ret:         70 } hitcount:          2
{ common_pid: mc-worker       [    108800], ret:         53 } hitcount:          2
{ common_pid: mc-worker       [    108803], ret:         47 } hitcount:          2
{ common_pid: mc-worker       [    108807], ret:         31 } hitcount:          2
{ common_pid: mc-worker       [    108806], ret:         63 } hitcount:          2
{ common_pid: mc-worker       [    108804], ret:         49 } hitcount:          2
{ common_pid: mc-worker       [    108801], ret:         58 } hitcount:          2
{ common_pid: mc-worker       [    108800], ret:         46 } hitcount:          2
{ common_pid: mc-worker       [    108805], ret:         87 } hitcount:          2
{ common_pid: mc-worker       [    108806], ret:         64 } hitcount:          2
{ common_pid: mc-worker       [    108800], ret:         52 } hitcount:          2
{ common_pid: mc-worker       [    108802], ret:         32 } hitcount:          2
{ common_pid: mc-worker       [    108800], ret:         64 } hitcount:          2
{ common_pid: mc-worker       [    108801], ret:         55 } hitcount:          2
{ common_pid: mc-worker       [    108807], ret:         34 } hitcount:          2
{ common_pid: mc-worker       [    108804], ret:         63 } hitcount:          2
{ common_pid: mc-worker       [    108802], ret:         72 } hitcount:          2
{ common_pid: mc-worker       [    108805], ret:         47 } hitcount:          2
{ common_pid: mc-worker       [    108804], ret:         38 } hitcount:          2
{ common_pid: mc-worker       [    108803], ret:         52 } hitcount:          2
{ common_pid: mc-worker       [    108800], ret:         44 } hitcount:          2
{ common_pid: mc-worker       [    108803], ret:         43 } hitcount:          2
{ common_pid: mc-worker       [    108803], ret:         37 } hitcount:          2
{ common_pid: mc-worker       [    108803], ret:         48 } hitcount:          2
{ common_pid: mc-worker       [    108805], ret:         54 } hitcount:          2
{ common_pid: mc-worker       [    108804], ret:         87 } hitcount:          2
{ common_pid: mc-worker       [    108802], ret:        105 } hitcount:          2
{ common_pid: mc-worker       [    108800], ret:         43 } hitcount:          2
{ common_pid: mc-worker       [    108803], ret:         55 } hitcount:          2
{ common_pid: mc-worker       [    108804], ret:         33 } hitcount:          3
{ common_pid: mc-worker       [    108804], ret:         61 } hitcount:          3
{ common_pid: mc-worker       [    108804], ret:         32 } hitcount:          3
{ common_pid: mc-worker       [    108806], ret:         48 } hitcount:          3
{ common_pid: mc-worker       [    108802], ret:         57 } hitcount:          3
{ common_pid: mc-worker       [    108803], ret:         45 } hitcount:          3
{ common_pid: mc-worker       [    108805], ret:         50 } hitcount:          3
{ common_pid: mc-worker       [    108806], ret:         36 } hitcount:          3
{ common_pid: mc-worker       [    108800], ret:         36 } hitcount:          3
{ common_pid: mc-worker       [    108802], ret:         66 } hitcount:          3
{ common_pid: mc-worker       [    108807], ret:         64 } hitcount:          3
{ common_pid: mc-worker       [    108801], ret:         47 } hitcount:          3
{ common_pid: mc-worker       [    108800], ret:         24 } hitcount:          3
{ common_pid: mc-worker       [    108801], ret:         37 } hitcount:          3
{ common_pid: mc-worker       [    108802], ret:         63 } hitcount:          3
{ common_pid: mc-worker       [    108803], ret:         49 } hitcount:          3
{ common_pid: mc-worker       [    108803], ret:         44 } hitcount:          3
{ common_pid: mc-worker       [    108807], ret:         38 } hitcount:          3
{ common_pid: mc-worker       [    108807], ret:         40 } hitcount:          3
{ common_pid: mc-worker       [    108806], ret:         35 } hitcount:          3
{ common_pid: mc-worker       [    108804], ret:         56 } hitcount:          3
{ common_pid: mc-worker       [    108807], ret:         41 } hitcount:          3
{ common_pid: mc-worker       [    108806], ret:         29 } hitcount:          3
{ common_pid: mc-worker       [    108800], ret:         40 } hitcount:          3
{ common_pid: mc-worker       [    108806], ret:         46 } hitcount:          3
{ common_pid: mc-worker       [    108807], ret:         49 } hitcount:          3
{ common_pid: mc-worker       [    108800], ret:         51 } hitcount:          3
{ common_pid: mc-worker       [    108804], ret:         42 } hitcount:          3
{ common_pid: mc-worker       [    108801], ret:         27 } hitcount:          3
{ common_pid: mc-worker       [    108803], ret:         41 } hitcount:          3
{ common_pid: mc-worker       [    108807], ret:         36 } hitcount:          3
{ common_pid: mc-worker       [    108804], ret:         44 } hitcount:          3
{ common_pid: mc-worker       [    108801], ret:         45 } hitcount:          3
{ common_pid: mc-worker       [    108804], ret:         39 } hitcount:          3
{ common_pid: mc-worker       [    108806], ret:         44 } hitcount:          3
{ common_pid: mc-worker       [    108807], ret:         39 } hitcount:          3
{ common_pid: mc-worker       [    108802], ret:         47 } hitcount:          3
{ common_pid: mc-worker       [    108802], ret:         42 } hitcount:          3
{ common_pid: mc-worker       [    108807], ret:         33 } hitcount:          3
{ common_pid: mc-worker       [    108806], ret:         27 } hitcount:          3
{ common_pid: mc-worker       [    108806], ret:         45 } hitcount:          3
{ common_pid: mc-worker       [    108801], ret:         38 } hitcount:          3
{ common_pid: mc-worker       [    108802], ret:         56 } hitcount:          3
{ common_pid: mc-worker       [    108804], ret:         47 } hitcount:          3
{ common_pid: mc-worker       [    108805], ret:         43 } hitcount:          3
{ common_pid: mc-worker       [    108801], ret:         40 } hitcount:          3
{ common_pid: mc-worker       [    108805], ret:         46 } hitcount:          3
{ common_pid: mc-worker       [    108801], ret:         50 } hitcount:          3
{ common_pid: mc-worker       [    108802], ret:         44 } hitcount:          3
{ common_pid: mc-worker       [    108807], ret:         45 } hitcount:          3
{ common_pid: mc-worker       [    108801], ret:         35 } hitcount:          4
{ common_pid: mc-worker       [    108806], ret:         39 } hitcount:          4
{ common_pid: mc-worker       [    108801], ret:         36 } hitcount:          4
{ common_pid: mc-worker       [    108805], ret:         41 } hitcount:          4
{ common_pid: mc-worker       [    108800], ret:         39 } hitcount:          4
{ common_pid: mc-worker       [    108800], ret:         35 } hitcount:          4
{ common_pid: mc-worker       [    108806], ret:         41 } hitcount:          4
{ common_pid: mc-worker       [    108807], ret:         37 } hitcount:          4
{ common_pid: mc-worker       [    108804], ret:         22 } hitcount:          4
{ common_pid: mc-worker       [    108805], ret:         44 } hitcount:          4
{ common_pid: mc-worker       [    108803], ret:         38 } hitcount:          4
{ common_pid: mc-worker       [    108803], ret:         24 } hitcount:          4
{ common_pid: mc-worker       [    108801], ret:         64 } hitcount:          4
{ common_pid: mc-worker       [    108806], ret:         32 } hitcount:          4
{ common_pid: mc-worker       [    108805], ret:         49 } hitcount:          4
{ common_pid: mc-worker       [    108804], ret:         29 } hitcount:          4
{ common_pid: mc-worker       [    108805], ret:         28 } hitcount:          4
{ common_pid: mc-worker       [    108803], ret:         35 } hitcount:          4
{ common_pid: mc-worker       [    108802], ret:         48 } hitcount:          4
{ common_pid: mc-worker       [    108804], ret:         40 } hitcount:          4
{ common_pid: mc-worker       [    108802], ret:         46 } hitcount:          4
{ common_pid: mc-worker       [    108804], ret:         35 } hitcount:          4
{ common_pid: mc-worker       [    108802], ret:         45 } hitcount:          4
{ common_pid: mc-worker       [    108800], ret:         30 } hitcount:          4
{ common_pid: mc-worker       [    108803], ret:         32 } hitcount:          4
{ common_pid: mc-worker       [    108802], ret:         41 } hitcount:          4
{ common_pid: mc-worker       [    108800], ret:         45 } hitcount:          4
{ common_pid: mc-worker       [    108804], ret:         48 } hitcount:          5
{ common_pid: mc-worker       [    108800], ret:         38 } hitcount:          5
{ common_pid: mc-worker       [    108804], ret:         34 } hitcount:          5
{ common_pid: mc-worker       [    108802], ret:         49 } hitcount:          5
{ common_pid: mc-worker       [    108804], ret:         30 } hitcount:          5
{ common_pid: mc-worker       [    108801], ret:         25 } hitcount:          5
{ common_pid: mc-worker       [    108805], ret:         29 } hitcount:          5
{ common_pid: mc-worker       [    108801], ret:         43 } hitcount:          5
{ common_pid: mc-worker       [    108800], ret:         37 } hitcount:          5
{ common_pid: mc-worker       [    108804], ret:         27 } hitcount:          5
{ common_pid: mc-worker       [    108805], ret:         39 } hitcount:          5
{ common_pid: mc-worker       [    108802], ret:         40 } hitcount:          5
{ common_pid: mc-worker       [    108801], ret:         34 } hitcount:          5
{ common_pid: mc-worker       [    108806], ret:         26 } hitcount:          5
{ common_pid: mc-worker       [    108804], ret:         37 } hitcount:          5
{ common_pid: mc-worker       [    108804], ret:         31 } hitcount:          5
{ common_pid: mc-worker       [    108801], ret:         22 } hitcount:          5
{ common_pid: mc-worker       [    108805], ret:         35 } hitcount:          5
{ common_pid: mc-worker       [    108801], ret:         26 } hitcount:          5
{ common_pid: mc-worker       [    108805], ret:         32 } hitcount:          5
{ common_pid: mc-worker       [    108805], ret:         26 } hitcount:          5
{ common_pid: mc-worker       [    108804], ret:         45 } hitcount:          6
{ common_pid: mc-worker       [    108803], ret:         31 } hitcount:          6
{ common_pid: mc-worker       [    108806], ret:         34 } hitcount:          6
{ common_pid: mc-worker       [    108800], ret:         21 } hitcount:          6
{ common_pid: mc-worker       [    108807], ret:         35 } hitcount:          6
{ common_pid: mc-worker       [    108806], ret:         22 } hitcount:          6
{ common_pid: mc-worker       [    108802], ret:         37 } hitcount:          6
{ common_pid: mc-worker       [    108804], ret:         24 } hitcount:          6
{ common_pid: mc-worker       [    108806], ret:         40 } hitcount:          6
{ common_pid: mc-worker       [    108802], ret:         34 } hitcount:          6
{ common_pid: mc-worker       [    108800], ret:         28 } hitcount:          6
{ common_pid: mc-worker       [    108804], ret:         28 } hitcount:          6
{ common_pid: mc-worker       [    108800], ret:         32 } hitcount:          6
{ common_pid: mc-worker       [    108804], ret:         41 } hitcount:          6
{ common_pid: mc-worker       [    108800], ret:         17 } hitcount:          6
{ common_pid: mc-worker       [    108805], ret:         37 } hitcount:          6
{ common_pid: mc-worker       [    108801], ret:         41 } hitcount:          6
{ common_pid: mc-worker       [    108807], ret:         32 } hitcount:          6
{ common_pid: mc-worker       [    108805], ret:         40 } hitcount:          6
{ common_pid: mc-worker       [    108805], ret:         31 } hitcount:          6
{ common_pid: mc-worker       [    108803], ret:         27 } hitcount:          6
{ common_pid: mc-worker       [    108800], ret:         33 } hitcount:          6
{ common_pid: mc-worker       [    108802], ret:         35 } hitcount:          6
{ common_pid: mc-worker       [    108801], ret:         42 } hitcount:          6
{ common_pid: mc-worker       [    108800], ret:         19 } hitcount:          6
{ common_pid: mc-worker       [    108800], ret:         31 } hitcount:          6
{ common_pid: mc-worker       [    108801], ret:         39 } hitcount:          7
{ common_pid: mc-worker       [    108806], ret:         38 } hitcount:          7
{ common_pid: mc-worker       [    108802], ret:         26 } hitcount:          7
{ common_pid: mc-worker       [    108801], ret:         20 } hitcount:          7
{ common_pid: mc-worker       [    108802], ret:         36 } hitcount:          7
{ common_pid: mc-worker       [    108804], ret:         23 } hitcount:          7
{ common_pid: mc-worker       [    108805], ret:         33 } hitcount:          7
{ common_pid: mc-worker       [    108800], ret:         25 } hitcount:          7
{ common_pid: mc-worker       [    108807], ret:         25 } hitcount:          7
{ common_pid: mc-worker       [    108804], ret:         19 } hitcount:          7
{ common_pid: mc-worker       [    108802], ret:         22 } hitcount:          7
{ common_pid: mc-worker       [    108801], ret:         28 } hitcount:          7
{ common_pid: mc-worker       [    108800], ret:         23 } hitcount:          7
{ common_pid: mc-worker       [    108800], ret:         29 } hitcount:          7
{ common_pid: mc-worker       [    108801], ret:         31 } hitcount:          7
{ common_pid: mc-worker       [    108806], ret:         33 } hitcount:          7
{ common_pid: mc-worker       [    108805], ret:         38 } hitcount:          7
{ common_pid: mc-worker       [    108807], ret:         21 } hitcount:          7
{ common_pid: mc-worker       [    108806], ret:         24 } hitcount:          8
{ common_pid: mc-worker       [    108803], ret:         26 } hitcount:          8
{ common_pid: mc-worker       [    108805], ret:         25 } hitcount:          8
{ common_pid: mc-worker       [    108802], ret:         25 } hitcount:          8
{ common_pid: mc-worker       [    108804], ret:         26 } hitcount:          8
{ common_pid: mc-worker       [    108802], ret:         27 } hitcount:          8
{ common_pid: mc-worker       [    108803], ret:         22 } hitcount:          8
{ common_pid: mc-worker       [    108800], ret:         34 } hitcount:          8
{ common_pid: mc-worker       [    108803], ret:         28 } hitcount:          8
{ common_pid: mc-worker       [    108804], ret:         17 } hitcount:          8
{ common_pid: mc-worker       [    108803], ret:         34 } hitcount:          8
{ common_pid: mc-worker       [    108802], ret:         28 } hitcount:          8
{ common_pid: mc-worker       [    108807], ret:         28 } hitcount:          8
{ common_pid: mc-worker       [    108807], ret:         24 } hitcount:          8
{ common_pid: mc-worker       [    108803], ret:         25 } hitcount:          8
{ common_pid: mc-worker       [    108804], ret:         25 } hitcount:          8
{ common_pid: mc-worker       [    108800], ret:         27 } hitcount:          8
{ common_pid: mc-worker       [    108804], ret:         36 } hitcount:          8
{ common_pid: mc-worker       [    108802], ret:         29 } hitcount:          8
{ common_pid: mc-worker       [    108800], ret:         26 } hitcount:          8
{ common_pid: mc-worker       [    108806], ret:         31 } hitcount:          9
{ common_pid: mc-worker       [    108805], ret:         42 } hitcount:          9
{ common_pid: mc-worker       [    108806], ret:         23 } hitcount:          9
{ common_pid: mc-worker       [    108803], ret:         30 } hitcount:          9
{ common_pid: mc-worker       [    108803], ret:         36 } hitcount:          9
{ common_pid: mc-worker       [    108802], ret:         30 } hitcount:          9
{ common_pid: mc-worker       [    108802], ret:         23 } hitcount:          9
{ common_pid: mc-worker       [    108807], ret:         19 } hitcount:          9
{ common_pid: mc-worker       [    108805], ret:         19 } hitcount:          9
{ common_pid: mc-worker       [    108806], ret:         25 } hitcount:          9
{ common_pid: mc-worker       [    108802], ret:         24 } hitcount:          9
{ common_pid: mc-worker       [    108805], ret:         36 } hitcount:          9
{ common_pid: mc-worker       [    108804], ret:         20 } hitcount:          9
{ common_pid: mc-worker       [    108803], ret:         29 } hitcount:          9
{ common_pid: mc-worker       [    108805], ret:         21 } hitcount:          9
{ common_pid: mc-worker       [    108805], ret:         22 } hitcount:          9
{ common_pid: mc-worker       [    108804], ret:         21 } hitcount:          9
{ common_pid: mc-worker       [    108801], ret:         30 } hitcount:         10
{ common_pid: mc-worker       [    108801], ret:         33 } hitcount:         10
{ common_pid: mc-worker       [    108805], ret:         30 } hitcount:         10
{ common_pid: mc-worker       [    108807], ret:         22 } hitcount:         10
{ common_pid: mc-worker       [    108800], ret:         22 } hitcount:         10
{ common_pid: mc-worker       [    108802], ret:         31 } hitcount:         10
{ common_pid: mc-worker       [    108807], ret:         26 } hitcount:         10
{ common_pid: mc-worker       [    108803], ret:         18 } hitcount:         10
{ common_pid: mc-worker       [    108806], ret:         17 } hitcount:         10
{ common_pid: mc-worker       [    108807], ret:         27 } hitcount:         10
{ common_pid: mc-worker       [    108802], ret:         18 } hitcount:         11
{ common_pid: mc-worker       [    108805], ret:         34 } hitcount:         11
{ common_pid: mc-worker       [    108805], ret:         27 } hitcount:         11
{ common_pid: mc-worker       [    108802], ret:         15 } hitcount:         11
{ common_pid: mc-worker       [    108803], ret:         33 } hitcount:         11
{ common_pid: mc-worker       [    108806], ret:         18 } hitcount:         11
{ common_pid: mc-worker       [    108800], ret:         20 } hitcount:         11
{ common_pid: mc-worker       [    108803], ret:         23 } hitcount:         11
{ common_pid: mc-worker       [    108800], ret:         18 } hitcount:         11
{ common_pid: mc-worker       [    108801], ret:         24 } hitcount:         11
{ common_pid: mc-worker       [    108807], ret:         30 } hitcount:         11
{ common_pid: mc-worker       [    108806], ret:         20 } hitcount:         11
{ common_pid: mc-worker       [    108802], ret:         19 } hitcount:         12
{ common_pid: mc-worker       [    108803], ret:         20 } hitcount:         12
{ common_pid: mc-worker       [    108803], ret:         21 } hitcount:         12
{ common_pid: mc-worker       [    108800], ret:         15 } hitcount:         12
{ common_pid: mc-worker       [    108804], ret:         18 } hitcount:         12
{ common_pid: mc-worker       [    108805], ret:         23 } hitcount:         12
{ common_pid: mc-worker       [    108801], ret:         21 } hitcount:         12
{ common_pid: mc-worker       [    108806], ret:         16 } hitcount:         12
{ common_pid: mc-worker       [    108807], ret:         23 } hitcount:         13
{ common_pid: mc-worker       [    108807], ret:         20 } hitcount:         13
{ common_pid: mc-worker       [    108806], ret:         19 } hitcount:         13
{ common_pid: mc-worker       [    108805], ret:         20 } hitcount:         13
{ common_pid: mc-worker       [    108807], ret:         15 } hitcount:         13
{ common_pid: mc-worker       [    108801], ret:         29 } hitcount:         13
{ common_pid: mc-worker       [    108807], ret:         18 } hitcount:         13
{ common_pid: mc-worker       [    108806], ret:         21 } hitcount:         13
{ common_pid: mc-worker       [    108805], ret:         24 } hitcount:         14
{ common_pid: mc-worker       [    108805], ret:         16 } hitcount:         14
{ common_pid: mc-worker       [    108800], ret:         14 } hitcount:         14
{ common_pid: mc-worker       [    108802], ret:         16 } hitcount:         14
{ common_pid: mc-worker       [    108801], ret:         23 } hitcount:         14
{ common_pid: mc-worker       [    108802], ret:         20 } hitcount:         14
{ common_pid: mc-worker       [    108807], ret:         17 } hitcount:         15
{ common_pid: mc-worker       [    108803], ret:         15 } hitcount:         15
{ common_pid: mc-worker       [    108804], ret:         16 } hitcount:         15
{ common_pid: mc-worker       [    108801], ret:         19 } hitcount:         15
{ common_pid: mc-worker       [    108803], ret:         17 } hitcount:         15
{ common_pid: mc-worker       [    108805], ret:         17 } hitcount:         15
{ common_pid: mc-worker       [    108802], ret:         21 } hitcount:         15
{ common_pid: mc-worker       [    108800], ret:         16 } hitcount:         16
{ common_pid: mc-worker       [    108807], ret:         16 } hitcount:         16
{ common_pid: mc-worker       [    108805], ret:         18 } hitcount:         16
{ common_pid: mc-worker       [    108804], ret:         15 } hitcount:         16
{ common_pid: mc-worker       [    108804], ret:         14 } hitcount:         16
{ common_pid: mc-worker       [    108805], ret:         14 } hitcount:         16
{ common_pid: mc-worker       [    108802], ret:         17 } hitcount:         16
{ common_pid: mc-worker       [    108801], ret:         15 } hitcount:         17
{ common_pid: mc-worker       [    108801], ret:         18 } hitcount:         17
{ common_pid: mc-worker       [    108801], ret:         16 } hitcount:         17
{ common_pid: mc-worker       [    108806], ret:         14 } hitcount:         18
{ common_pid: mc-worker       [    108806], ret:         15 } hitcount:         18
{ common_pid: mc-worker       [    108803], ret:         19 } hitcount:         19
{ common_pid: mc-worker       [    108803], ret:         16 } hitcount:         21
{ common_pid: mc-worker       [    108801], ret:         17 } hitcount:         21
{ common_pid: mc-worker       [    108802], ret:         14 } hitcount:         22
{ common_pid: mc-worker       [    108800], ret:         12 } hitcount:         24
{ common_pid: mc-worker       [    108807], ret:         14 } hitcount:         25
{ common_pid: mc-worker       [    108805], ret:         15 } hitcount:         25
{ common_pid: mc-worker       [    108807], ret:         13 } hitcount:         26
{ common_pid: mc-worker       [    108804], ret:         13 } hitcount:         26
{ common_pid: mc-worker       [    108801], ret:         13 } hitcount:         27
{ common_pid: mc-worker       [    108803], ret:         13 } hitcount:         27
{ common_pid: mc-worker       [    108805], ret:         13 } hitcount:         30
{ common_pid: mc-worker       [    108802], ret:         13 } hitcount:         30
{ common_pid: mc-worker       [    108803], ret:         14 } hitcount:         32
{ common_pid: mc-worker       [    108806], ret:         13 } hitcount:         33
{ common_pid: mc-worker       [    108807], ret:         12 } hitcount:         33
{ common_pid: mc-worker       [    108800], ret:         13 } hitcount:         34
{ common_pid: mc-worker       [    108801], ret:         14 } hitcount:         37
{ common_pid: mc-worker       [    108806], ret:         12 } hitcount:         40
{ common_pid: mc-worker       [    108803], ret:         12 } hitcount:         40
{ common_pid: mc-worker       [    108802], ret:         12 } hitcount:         42
{ common_pid: mc-worker       [    108801], ret:         12 } hitcount:         42
{ common_pid: mc-worker       [    108800], ret:         11 } hitcount:         43
{ common_pid: mc-worker       [    108806], ret:         11 } hitcount:         46
{ common_pid: mc-worker       [    108805], ret:         12 } hitcount:         52
{ common_pid: mc-worker       [    108804], ret:         12 } hitcount:         54
{ common_pid: mc-worker       [    108803], ret:         11 } hitcount:         54
{ common_pid: mc-worker       [    108802], ret:         11 } hitcount:         65
{ common_pid: mc-worker       [    108807], ret:         11 } hitcount:         68
{ common_pid: mc-worker       [    108805], ret:         11 } hitcount:         72
{ common_pid: mc-worker       [    108800], ret:         10 } hitcount:         78
{ common_pid: mc-worker       [    108802], ret:         10 } hitcount:         87
{ common_pid: mc-worker       [    108804], ret:         11 } hitcount:         94
{ common_pid: mc-worker       [    108806], ret:         10 } hitcount:         97
{ common_pid: mc-worker       [    108801], ret:         11 } hitcount:         99
{ common_pid: mc-worker       [    108803], ret:         10 } hitcount:        110
{ common_pid: mc-worker       [    108807], ret:         10 } hitcount:        124
{ common_pid: mc-worker       [    108805], ret:         10 } hitcount:        137
{ common_pid: mc-worker       [    108804], ret:         10 } hitcount:        171
{ common_pid: mc-worker       [    108801], ret:         10 } hitcount:        177
{ common_pid: mc-worker       [    108800], ret:          9 } hitcount:        179
{ common_pid: mc-worker       [    108806], ret:          9 } hitcount:        195
{ common_pid: mc-worker       [    108803], ret:          9 } hitcount:        221
{ common_pid: mc-worker       [    108802], ret:          9 } hitcount:        229
{ common_pid: mc-worker       [    108807], ret:          9 } hitcount:        261
{ common_pid: mc-worker       [    108805], ret:          9 } hitcount:        342
{ common_pid: mc-worker       [    108804], ret:          9 } hitcount:        356
{ common_pid: mc-worker       [    108801], ret:          9 } hitcount:        415
{ common_pid: mc-worker       [    108800], ret:          8 } hitcount:        499
{ common_pid: mc-worker       [    108803], ret:          8 } hitcount:        534
{ common_pid: mc-worker       [    108806], ret:          8 } hitcount:        553
{ common_pid: mc-worker       [    108802], ret:          8 } hitcount:        585
{ common_pid: mc-worker       [    108807], ret:          8 } hitcount:        606
{ common_pid: mc-worker       [    108805], ret:          8 } hitcount:        764
{ common_pid: mc-worker       [    108804], ret:          8 } hitcount:        847
{ common_pid: mc-worker       [    108801], ret:          8 } hitcount:       1018
{ common_pid: mc-worker       [    108800], ret:          7 } hitcount:       1266
{ common_pid: mc-worker       [    108803], ret:          7 } hitcount:       1506
{ common_pid: mc-worker       [    108807], ret:          7 } hitcount:       1550
{ common_pid: mc-worker       [    108806], ret:          7 } hitcount:       1565
{ common_pid: mc-worker       [    108802], ret:          7 } hitcount:       1567
{ common_pid: mc-worker       [    108805], ret:          7 } hitcount:       2134
{ common_pid: mc-worker       [    108801], ret:          7 } hitcount:       2325
{ common_pid: mc-worker       [    108804], ret:          7 } hitcount:       2383
{ common_pid: mc-worker       [    108800], ret:          6 } hitcount:       3993
{ common_pid: mc-worker       [    108803], ret:          6 } hitcount:       4458
{ common_pid: mc-worker       [    108807], ret:          6 } hitcount:       4513
{ common_pid: mc-worker       [    108806], ret:          6 } hitcount:       4572
{ common_pid: mc-worker       [    108802], ret:          6 } hitcount:       4902
{ common_pid: mc-worker       [    108805], ret:          6 } hitcount:       5813
{ common_pid: mc-worker       [    108804], ret:          6 } hitcount:       6491
{ common_pid: mc-worker       [    108801], ret:          6 } hitcount:       6794
{ common_pid: mc-worker       [    108800], ret:          5 } hitcount:      13160
{ common_pid: mc-worker       [    108803], ret:          5 } hitcount:      14057
{ common_pid: mc-worker       [    108806], ret:          5 } hitcount:      14273
{ common_pid: mc-worker       [    108807], ret:          5 } hitcount:      14481
{ common_pid: mc-worker       [    108802], ret:          5 } hitcount:      14793
{ common_pid: mc-worker       [    108805], ret:          5 } hitcount:      17261
{ common_pid: mc-worker       [    108804], ret:          5 } hitcount:      18777
{ common_pid: mc-worker       [    108801], ret:          5 } hitcount:      19437
{ common_pid: mc-worker       [    108800], ret:          4 } hitcount:      42712
{ common_pid: mc-worker       [    108803], ret:          4 } hitcount:      44526
{ common_pid: mc-worker       [    108806], ret:          4 } hitcount:      45596
{ common_pid: mc-worker       [    108807], ret:          4 } hitcount:      45944
{ common_pid: mc-worker       [    108802], ret:          4 } hitcount:      45978
{ common_pid: mc-worker       [    108805], ret:          4 } hitcount:      51948
{ common_pid: mc-worker       [    108804], ret:          4 } hitcount:      55392
{ common_pid: mc-worker       [    108801], ret:          4 } hitcount:      55803
{ common_pid: mc-worker       [    108800], ret:          3 } hitcount:     131511
{ common_pid: mc-worker       [    108803], ret:          3 } hitcount:     135386
{ common_pid: mc-worker       [    108806], ret:          3 } hitcount:     137073
{ common_pid: mc-worker       [    108802], ret:          3 } hitcount:     137205
{ common_pid: mc-worker       [    108807], ret:          3 } hitcount:     137280
{ common_pid: mc-worker       [    108805], ret:          3 } hitcount:     147467
{ common_pid: mc-worker       [    108804], ret:          3 } hitcount:     153488
{ common_pid: mc-worker       [    108801], ret:          3 } hitcount:     153891
{ common_pid: mc-worker       [    108800], ret:          2 } hitcount:     356868
{ common_pid: mc-worker       [    108803], ret:          2 } hitcount:     360414
{ common_pid: mc-worker       [    108802], ret:          2 } hitcount:     362174
{ common_pid: mc-worker       [    108806], ret:          2 } hitcount:     363943
{ common_pid: mc-worker       [    108807], ret:          2 } hitcount:     364248
{ common_pid: mc-worker       [    108805], ret:          2 } hitcount:     369791
{ common_pid: mc-worker       [    108801], ret:          2 } hitcount:     377727
{ common_pid: mc-worker       [    108804], ret:          2 } hitcount:     377735
{ common_pid: mc-worker       [    108804], ret:          1 } hitcount:     743182
{ common_pid: mc-worker       [    108801], ret:          1 } hitcount:     743799
{ common_pid: mc-worker       [    108805], ret:          1 } hitcount:     744152
{ common_pid: mc-worker       [    108802], ret:          1 } hitcount:     755527
{ common_pid: mc-worker       [    108806], ret:          1 } hitcount:     764165
{ common_pid: mc-worker       [    108803], ret:          1 } hitcount:     765264
{ common_pid: mc-worker       [    108807], ret:          1 } hitcount:     766484
{ common_pid: mc-worker       [    108800], ret:          1 } hitcount:     769542
