Linux 6.12.0-rc5-nfoff-mitioff-ndsim-sv5 (cache-sql13432) 	11/03/2024 	_x86_64_	(64 CPU)

06:18:24 PM     CPU      %usr     %nice      %sys   %iowait    %steal      %irq     %soft    %guest    %gnice     %idle
06:18:25 PM      32     10.20      0.00     43.88      0.00      0.00      0.00      9.18      0.00      0.00     36.73
06:18:25 PM      33     16.84      0.00     43.16      0.00      0.00      0.00      9.47      0.00      0.00     30.53
06:18:25 PM      34     13.19      0.00     50.55      0.00      0.00      0.00      7.69      0.00      0.00     28.57
06:18:25 PM      35     10.31      0.00     54.64      0.00      0.00      0.00     10.31      0.00      0.00     24.74
06:18:25 PM      36     14.00      0.00     43.00      0.00      0.00      0.00     11.00      0.00      0.00     32.00
06:18:25 PM      37     13.33      0.00     44.44      0.00      0.00      0.00      5.56      0.00      0.00     36.67
06:18:25 PM      38      7.14      0.00     61.22      0.00      0.00      0.00      7.14      0.00      0.00     24.49
06:18:25 PM      39      9.47      0.00     57.89      0.00      0.00      0.00      6.32      0.00      0.00     26.32

06:18:25 PM     CPU      %usr     %nice      %sys   %iowait    %steal      %irq     %soft    %guest    %gnice     %idle
06:18:26 PM      32     10.20      0.00     57.14      0.00      0.00      0.00      7.14      0.00      0.00     25.51
06:18:26 PM      33     12.77      0.00     47.87      0.00      0.00      0.00      6.38      0.00      0.00     32.98
06:18:26 PM      34     10.53      0.00     50.53      0.00      0.00      0.00      8.42      0.00      0.00     30.53
06:18:26 PM      35     10.64      0.00     53.19      0.00      0.00      0.00      9.57      0.00      0.00     26.60
06:18:26 PM      36     10.53      0.00     50.53      0.00      0.00      0.00      8.42      0.00      0.00     30.53
06:18:26 PM      37     10.42      0.00     46.88      0.00      0.00      0.00      8.33      0.00      0.00     34.38
06:18:26 PM      38     11.83      0.00     54.84      0.00      0.00      0.00      6.45      0.00      0.00     26.88
06:18:26 PM      39     14.61      0.00     44.94      0.00      0.00      0.00      6.74      0.00      0.00     33.71

06:18:26 PM     CPU      %usr     %nice      %sys   %iowait    %steal      %irq     %soft    %guest    %gnice     %idle
06:18:27 PM      32     12.00      0.00     49.00      0.00      0.00      0.00      9.00      0.00      0.00     30.00
06:18:27 PM      33     14.14      0.00     49.49      0.00      0.00      0.00      8.08      0.00      0.00     28.28
06:18:27 PM      34     10.89      0.00     54.46      0.00      0.00      0.00      7.92      0.00      0.00     26.73
06:18:27 PM      35     11.83      0.00     49.46      0.00      0.00      0.00      5.38      0.00      0.00     33.33
06:18:27 PM      36     11.00      0.00     61.00      0.00      0.00      0.00      5.00      0.00      0.00     23.00
06:18:27 PM      37     15.46      0.00     48.45      0.00      0.00      0.00      5.15      0.00      0.00     30.93
06:18:27 PM      38     12.24      0.00     48.98      0.00      0.00      0.00      6.12      0.00      0.00     32.65
06:18:27 PM      39     17.53      0.00     45.36      0.00      0.00      0.00      8.25      0.00      0.00     28.87

06:18:27 PM     CPU      %usr     %nice      %sys   %iowait    %steal      %irq     %soft    %guest    %gnice     %idle
06:18:28 PM      32      9.47      0.00     54.74      0.00      0.00      0.00      8.42      0.00      0.00     27.37
06:18:28 PM      33     10.42      0.00     51.04      0.00      0.00      0.00      8.33      0.00      0.00     30.21
06:18:28 PM      34     13.83      0.00     53.19      0.00      0.00      0.00      8.51      0.00      0.00     24.47
06:18:28 PM      35     10.42      0.00     48.96      0.00      0.00      0.00      8.33      0.00      0.00     32.29
06:18:28 PM      36      9.28      0.00     57.73      0.00      0.00      0.00      6.19      0.00      0.00     26.80
06:18:28 PM      37     10.75      0.00     51.61      0.00      0.00      0.00     10.75      0.00      0.00     26.88
06:18:28 PM      38     14.14      0.00     44.44      0.00      0.00      0.00     10.10      0.00      0.00     31.31
06:18:28 PM      39     12.63      0.00     47.37      0.00      0.00      0.00      9.47      0.00      0.00     30.53

06:18:28 PM     CPU      %usr     %nice      %sys   %iowait    %steal      %irq     %soft    %guest    %gnice     %idle
06:18:29 PM      32     15.15      0.00     49.49      0.00      0.00      0.00      8.08      0.00      0.00     27.27
06:18:29 PM      33     15.46      0.00     45.36      0.00      0.00      0.00      6.19      0.00      0.00     32.99
06:18:29 PM      34     16.49      0.00     53.61      0.00      0.00      0.00      6.19      0.00      0.00     23.71
06:18:29 PM      35     13.40      0.00     46.39      0.00      0.00      0.00      7.22      0.00      0.00     32.99
06:18:29 PM      36     14.58      0.00     52.08      0.00      0.00      0.00      7.29      0.00      0.00     26.04
06:18:29 PM      37     10.00      0.00     60.00      0.00      0.00      0.00      8.00      0.00      0.00     22.00
06:18:29 PM      38     13.98      0.00     44.09      0.00      0.00      0.00      6.45      0.00      0.00     35.48
06:18:29 PM      39     14.89      0.00     43.62      0.00      0.00      0.00      7.45      0.00      0.00     34.04

06:18:29 PM     CPU      %usr     %nice      %sys   %iowait    %steal      %irq     %soft    %guest    %gnice     %idle
06:18:30 PM      32     12.63      0.00     55.79      0.00      0.00      0.00      4.21      0.00      0.00     27.37
06:18:30 PM      33     14.71      0.00     49.02      0.00      0.00      0.00      4.90      0.00      0.00     31.37
06:18:30 PM      34     17.20      0.00     52.69      0.00      0.00      0.00      6.45      0.00      0.00     23.66
06:18:30 PM      35     16.33      0.00     41.84      0.00      0.00      0.00      9.18      0.00      0.00     32.65
06:18:30 PM      36      9.38      0.00     56.25      0.00      0.00      0.00      7.29      0.00      0.00     27.08
06:18:30 PM      37     17.35      0.00     53.06      0.00      0.00      0.00      6.12      0.00      0.00     23.47
06:18:30 PM      38     10.64      0.00     44.68      0.00      0.00      0.00      9.57      0.00      0.00     35.11
06:18:30 PM      39     14.13      0.00     43.48      0.00      0.00      0.00      7.61      0.00      0.00     34.78

06:18:30 PM     CPU      %usr     %nice      %sys   %iowait    %steal      %irq     %soft    %guest    %gnice     %idle
06:18:31 PM      32     13.40      0.00     52.58      0.00      0.00      0.00      7.22      0.00      0.00     26.80
06:18:31 PM      33      8.91      0.00     51.49      0.00      0.00      0.00      6.93      0.00      0.00     32.67
06:18:31 PM      34     12.77      0.00     54.26      0.00      0.00      0.00      8.51      0.00      0.00     24.47
06:18:31 PM      35     13.40      0.00     46.39      0.00      0.00      0.00      8.25      0.00      0.00     31.96
06:18:31 PM      36     12.37      0.00     51.55      0.00      0.00      0.00      9.28      0.00      0.00     26.80
06:18:31 PM      37     11.58      0.00     56.84      0.00      0.00      0.00      7.37      0.00      0.00     24.21
06:18:31 PM      38     10.64      0.00     42.55      0.00      0.00      0.00     10.64      0.00      0.00     36.17
06:18:31 PM      39     14.29      0.00     41.76      0.00      0.00      0.00      9.89      0.00      0.00     34.07

06:18:31 PM     CPU      %usr     %nice      %sys   %iowait    %steal      %irq     %soft    %guest    %gnice     %idle
06:18:32 PM      32     15.62      0.00     46.88      0.00      0.00      0.00      9.38      0.00      0.00     28.12
06:18:32 PM      33     13.13      0.00     47.47      0.00      0.00      0.00      8.08      0.00      0.00     31.31
06:18:32 PM      34     10.42      0.00     60.42      0.00      0.00      0.00      6.25      0.00      0.00     22.92
06:18:32 PM      35     12.77      0.00     46.81      0.00      0.00      0.00      5.32      0.00      0.00     35.11
06:18:32 PM      36     17.02      0.00     51.06      0.00      0.00      0.00      4.26      0.00      0.00     27.66
06:18:32 PM      37     12.50      0.00     59.38      0.00      0.00      0.00      4.17      0.00      0.00     23.96
06:18:32 PM      38     16.13      0.00     37.63      0.00      0.00      0.00      9.68      0.00      0.00     36.56
06:18:32 PM      39     13.19      0.00     43.96      0.00      0.00      0.00      8.79      0.00      0.00     34.07

06:18:32 PM     CPU      %usr     %nice      %sys   %iowait    %steal      %irq     %soft    %guest    %gnice     %idle
06:18:33 PM      32     14.43      0.00     55.67      0.00      0.00      0.00      7.22      0.00      0.00     22.68
06:18:33 PM      33     16.13      0.00     50.54      0.00      0.00      0.00      4.30      0.00      0.00     29.03
06:18:33 PM      34     21.28      0.00     51.06      0.00      0.00      0.00      6.38      0.00      0.00     21.28
06:18:33 PM      35     14.13      0.00     50.00      0.00      0.00      0.00      8.70      0.00      0.00     27.17
06:18:33 PM      36     18.75      0.00     47.92      0.00      0.00      0.00      9.38      0.00      0.00     23.96
06:18:33 PM      37     13.33      0.00     52.22      0.00      0.00      0.00      8.89      0.00      0.00     25.56
06:18:33 PM      38     47.42      0.00     28.87      0.00      0.00      0.00      4.12      0.00      0.00     19.59
06:18:33 PM      39     12.12      0.00     52.53      0.00      0.00      0.00      7.07      0.00      0.00     28.28

06:18:33 PM     CPU      %usr     %nice      %sys   %iowait    %steal      %irq     %soft    %guest    %gnice     %idle
06:18:34 PM      32     18.56      0.00     53.61      0.00      0.00      0.00      9.28      0.00      0.00     18.56
06:18:34 PM      33     15.62      0.00     55.21      0.00      0.00      0.00     11.46      0.00      0.00     17.71
06:18:34 PM      34     13.27      0.00     60.20      0.00      0.00      0.00      6.12      0.00      0.00     20.41
06:18:34 PM      35     11.46      0.00     55.21      0.00      0.00      0.00     10.42      0.00      0.00     22.92
06:18:34 PM      36     14.58      0.00     56.25      0.00      0.00      0.00      9.38      0.00      0.00     19.79
06:18:34 PM      37     16.67      0.00     53.12      0.00      0.00      0.00      8.33      0.00      0.00     21.88
06:18:34 PM      38     75.00      0.00     13.00      0.00      0.00      0.00      1.00      0.00      0.00     11.00
06:18:34 PM      39     14.56      0.00     54.37      0.00      0.00      0.00     10.68      0.00      0.00     20.39

Average:        CPU      %usr     %nice      %sys   %iowait    %steal      %irq     %soft    %guest    %gnice     %idle
Average:         32     13.17      0.00     51.85      0.00      0.00      0.00      7.92      0.00      0.00     27.06
Average:         33     13.79      0.00     49.07      0.00      0.00      0.00      7.41      0.00      0.00     29.73
Average:         34     13.96      0.00     54.14      0.00      0.00      0.00      7.24      0.00      0.00     24.66
Average:         35     12.47      0.00     49.27      0.00      0.00      0.00      8.28      0.00      0.00     29.98
Average:         36     13.13      0.00     52.74      0.00      0.00      0.00      7.76      0.00      0.00     26.37
Average:         37     13.14      0.00     52.68      0.00      0.00      0.00      7.26      0.00      0.00     26.92
Average:         38     22.21      0.00     41.92      0.00      0.00      0.00      7.09      0.00      0.00     28.78
Average:         39     13.74      0.00     47.67      0.00      0.00      0.00      8.25      0.00      0.00     30.34
