Linux 6.12.0-rc5-nfoff-mitioff-ndsim-sv5 (cache-sql13432) 	11/03/2024 	_x86_64_	(64 CPU)

12:22:21 PM     CPU      %usr     %nice      %sys   %iowait    %steal      %irq     %soft    %guest    %gnice     %idle
12:22:22 PM      32      9.09      0.00     84.85      0.00      0.00      0.00      1.01      0.00      0.00      5.05
12:22:22 PM      33      9.90      0.00     83.17      0.00      0.00      0.00      1.98      0.00      0.00      4.95
12:22:22 PM      34     10.10      0.00     82.83      0.00      0.00      0.00      1.01      0.00      0.00      6.06
12:22:22 PM      35     11.88      0.00     83.17      0.00      0.00      0.00      0.00      0.00      0.00      4.95
12:22:22 PM      36     13.13      0.00     82.83      0.00      0.00      0.00      1.01      0.00      0.00      3.03
12:22:22 PM      37     10.00      0.00     86.00      0.00      0.00      0.00      0.00      0.00      0.00      4.00
12:22:22 PM      38      6.86      0.00     87.25      0.00      0.00      0.00      1.96      0.00      0.00      3.92
12:22:22 PM      39     10.89      0.00     85.15      0.00      0.00      0.00      0.00      0.00      0.00      3.96

12:22:22 PM     CPU      %usr     %nice      %sys   %iowait    %steal      %irq     %soft    %guest    %gnice     %idle
12:22:23 PM      32      7.77      0.00     86.41      0.00      0.00      0.00      0.97      0.00      0.00      4.85
12:22:23 PM      33      6.12      0.00     87.76      0.00      0.00      0.00      1.02      0.00      0.00      5.10
12:22:23 PM      34      9.90      0.00     85.15      0.00      0.00      0.00      0.00      0.00      0.00      4.95
12:22:23 PM      35     14.71      0.00     80.39      0.00      0.00      0.00      0.98      0.00      0.00      3.92
12:22:23 PM      36      9.09      0.00     86.87      0.00      0.00      0.00      0.00      0.00      0.00      4.04
12:22:23 PM      37     11.00      0.00     85.00      0.00      0.00      0.00      0.00      0.00      0.00      4.00
12:22:23 PM      38     12.87      0.00     82.18      0.00      0.00      0.00      0.99      0.00      0.00      3.96
12:22:23 PM      39     10.20      0.00     86.73      0.00      0.00      0.00      0.00      0.00      0.00      3.06

12:22:23 PM     CPU      %usr     %nice      %sys   %iowait    %steal      %irq     %soft    %guest    %gnice     %idle
12:22:24 PM      32      5.94      0.00     88.12      0.00      0.00      0.00      0.99      0.00      0.00      4.95
12:22:24 PM      33     11.00      0.00     84.00      0.00      0.00      0.00      0.00      0.00      0.00      5.00
12:22:24 PM      34      9.09      0.00     84.85      0.00      0.00      0.00      1.01      0.00      0.00      5.05
12:22:24 PM      35     13.13      0.00     82.83      0.00      0.00      0.00      0.00      0.00      0.00      4.04
12:22:24 PM      36      8.00      0.00     87.00      0.00      0.00      0.00      1.00      0.00      0.00      4.00
12:22:24 PM      37     12.87      0.00     82.18      0.00      0.00      0.00      0.99      0.00      0.00      3.96
12:22:24 PM      38     12.37      0.00     84.54      0.00      0.00      0.00      0.00      0.00      0.00      3.09
12:22:24 PM      39     13.86      0.00     81.19      0.00      0.00      0.00      0.99      0.00      0.00      3.96

12:22:24 PM     CPU      %usr     %nice      %sys   %iowait    %steal      %irq     %soft    %guest    %gnice     %idle
12:22:25 PM      32     10.20      0.00     85.71      0.00      0.00      0.00      0.00      0.00      0.00      4.08
12:22:25 PM      33     10.10      0.00     83.84      0.00      0.00      0.00      0.00      0.00      0.00      6.06
12:22:25 PM      34     11.00      0.00     81.00      0.00      0.00      0.00      2.00      0.00      0.00      6.00
12:22:25 PM      35     10.10      0.00     84.85      0.00      0.00      0.00      0.00      0.00      0.00      5.05
12:22:25 PM      36     10.89      0.00     85.15      0.00      0.00      0.00      0.99      0.00      0.00      2.97
12:22:25 PM      37     11.00      0.00     86.00      0.00      0.00      0.00      0.00      0.00      0.00      3.00
12:22:25 PM      38     11.11      0.00     84.85      0.00      0.00      0.00      0.00      0.00      0.00      4.04
12:22:25 PM      39     10.89      0.00     85.15      0.00      0.00      0.00      0.00      0.00      0.00      3.96

12:22:25 PM     CPU      %usr     %nice      %sys   %iowait    %steal      %irq     %soft    %guest    %gnice     %idle
12:22:26 PM      32     11.76      0.00     81.37      0.00      0.00      0.00      1.96      0.00      0.00      4.90
12:22:26 PM      33     11.65      0.00     81.55      0.00      0.00      0.00      1.94      0.00      0.00      4.85
12:22:26 PM      34      8.00      0.00     85.00      0.00      0.00      0.00      2.00      0.00      0.00      5.00
12:22:26 PM      35     10.00      0.00     85.00      0.00      0.00      0.00      1.00      0.00      0.00      4.00
12:22:26 PM      36      8.91      0.00     86.14      0.00      0.00      0.00      0.99      0.00      0.00      3.96
12:22:26 PM      37      6.93      0.00     88.12      0.00      0.00      0.00      0.99      0.00      0.00      3.96
12:22:26 PM      38      9.90      0.00     86.14      0.00      0.00      0.00      0.00      0.00      0.00      3.96
12:22:26 PM      39      8.91      0.00     87.13      0.00      0.00      0.00      0.00      0.00      0.00      3.96

12:22:26 PM     CPU      %usr     %nice      %sys   %iowait    %steal      %irq     %soft    %guest    %gnice     %idle
12:22:27 PM      32     10.78      0.00     84.31      0.00      0.00      0.00      0.00      0.00      0.00      4.90
12:22:27 PM      33      7.92      0.00     86.14      0.00      0.00      0.00      0.99      0.00      0.00      4.95
12:22:27 PM      34      9.00      0.00     86.00      0.00      0.00      0.00      0.00      0.00      0.00      5.00
12:22:27 PM      35      6.86      0.00     89.22      0.00      0.00      0.00      0.00      0.00      0.00      3.92
12:22:27 PM      36     10.89      0.00     86.14      0.00      0.00      0.00      0.00      0.00      0.00      2.97
12:22:27 PM      37     12.87      0.00     82.18      0.00      0.00      0.00      0.99      0.00      0.00      3.96
12:22:27 PM      38      8.16      0.00     86.73      0.00      0.00      0.00      1.02      0.00      0.00      4.08
12:22:27 PM      39     14.00      0.00     81.00      0.00      0.00      0.00      1.00      0.00      0.00      4.00

12:22:27 PM     CPU      %usr     %nice      %sys   %iowait    %steal      %irq     %soft    %guest    %gnice     %idle
12:22:28 PM      32      8.00      0.00     87.00      0.00      0.00      0.00      1.00      0.00      0.00      4.00
12:22:28 PM      33      9.80      0.00     85.29      0.00      0.00      0.00      0.00      0.00      0.00      4.90
12:22:28 PM      34     10.20      0.00     84.69      0.00      0.00      0.00      0.00      0.00      0.00      5.10
12:22:28 PM      35      8.08      0.00     87.88      0.00      0.00      0.00      0.00      0.00      0.00      4.04
12:22:28 PM      36     11.76      0.00     83.33      0.00      0.00      0.00      0.98      0.00      0.00      3.92
12:22:28 PM      37      9.90      0.00     85.15      0.00      0.00      0.00      0.99      0.00      0.00      3.96
12:22:28 PM      38     11.11      0.00     83.84      0.00      0.00      0.00      1.01      0.00      0.00      4.04
12:22:28 PM      39     12.24      0.00     83.67      0.00      0.00      0.00      1.02      0.00      0.00      3.06

12:22:28 PM     CPU      %usr     %nice      %sys   %iowait    %steal      %irq     %soft    %guest    %gnice     %idle
12:22:29 PM      32     10.78      0.00     84.31      0.00      0.00      0.00      0.00      0.00      0.00      4.90
12:22:29 PM      33     11.65      0.00     80.58      0.00      0.00      0.00      1.94      0.00      0.00      5.83
12:22:29 PM      34      9.80      0.00     83.33      0.00      0.00      0.00      1.96      0.00      0.00      4.90
12:22:29 PM      35      6.86      0.00     86.27      0.00      0.00      0.00      1.96      0.00      0.00      4.90
12:22:29 PM      36      7.00      0.00     90.00      0.00      0.00      0.00      0.00      0.00      0.00      3.00
12:22:29 PM      37      7.84      0.00     88.24      0.00      0.00      0.00      0.00      0.00      0.00      3.92
12:22:29 PM      38      8.91      0.00     87.13      0.00      0.00      0.00      0.99      0.00      0.00      2.97
12:22:29 PM      39     11.88      0.00     83.17      0.00      0.00      0.00      0.99      0.00      0.00      3.96

12:22:29 PM     CPU      %usr     %nice      %sys   %iowait    %steal      %irq     %soft    %guest    %gnice     %idle
12:22:30 PM      32      8.08      0.00     86.87      0.00      0.00      0.00      1.01      0.00      0.00      4.04
12:22:30 PM      33     10.89      0.00     83.17      0.00      0.00      0.00      0.00      0.00      0.00      5.94
12:22:30 PM      34      7.00      0.00     86.00      0.00      0.00      0.00      1.00      0.00      0.00      6.00
12:22:30 PM      35     12.12      0.00     83.84      0.00      0.00      0.00      0.00      0.00      0.00      4.04
12:22:30 PM      36     12.75      0.00     84.31      0.00      0.00      0.00      0.00      0.00      0.00      2.94
12:22:30 PM      37      8.91      0.00     86.14      0.00      0.00      0.00      0.99      0.00      0.00      3.96
12:22:30 PM      38     11.22      0.00     83.67      0.00      0.00      0.00      1.02      0.00      0.00      4.08
12:22:30 PM      39      9.00      0.00     86.00      0.00      0.00      0.00      1.00      0.00      0.00      4.00

12:22:30 PM     CPU      %usr     %nice      %sys   %iowait    %steal      %irq     %soft    %guest    %gnice     %idle
12:22:31 PM      32     11.88      0.00     81.19      0.00      0.00      0.00      0.99      0.00      0.00      5.94
12:22:31 PM      33      9.00      0.00     85.00      0.00      0.00      0.00      1.00      0.00      0.00      5.00
12:22:31 PM      34     11.88      0.00     82.18      0.00      0.00      0.00      0.99      0.00      0.00      4.95
12:22:31 PM      35      9.09      0.00     84.85      0.00      0.00      0.00      1.01      0.00      0.00      5.05
12:22:31 PM      36     10.00      0.00     85.00      0.00      0.00      0.00      1.00      0.00      0.00      4.00
12:22:31 PM      37     11.76      0.00     84.31      0.00      0.00      0.00      0.98      0.00      0.00      2.94
12:22:31 PM      38      9.00      0.00     87.00      0.00      0.00      0.00      0.00      0.00      0.00      4.00
12:22:31 PM      39      9.00      0.00     88.00      0.00      0.00      0.00      0.00      0.00      0.00      3.00

Average:        CPU      %usr     %nice      %sys   %iowait    %steal      %irq     %soft    %guest    %gnice     %idle
Average:         32      9.43      0.00     85.00      0.00      0.00      0.00      0.79      0.00      0.00      4.77
Average:         33      9.82      0.00     84.03      0.00      0.00      0.00      0.89      0.00      0.00      5.26
Average:         34      9.60      0.00     84.10      0.00      0.00      0.00      1.00      0.00      0.00      5.30
Average:         35     10.28      0.00     84.83      0.00      0.00      0.00      0.50      0.00      0.00      4.39
Average:         36     10.25      0.00     85.67      0.00      0.00      0.00      0.60      0.00      0.00      3.48
Average:         37     10.31      0.00     85.33      0.00      0.00      0.00      0.59      0.00      0.00      3.77
Average:         38     10.14      0.00     85.34      0.00      0.00      0.00      0.70      0.00      0.00      3.82
Average:         39     11.09      0.00     84.72      0.00      0.00      0.00      0.50      0.00      0.00      3.70
