Linux 6.12.0-rc5-nfoff-mitioff-ndsim-sv5 (cache-sql13432) 	11/03/2024 	_x86_64_	(64 CPU)

04:12:05 PM     CPU      %usr     %nice      %sys   %iowait    %steal      %irq     %soft    %guest    %gnice     %idle
04:12:06 PM      32     12.24      0.00     35.71      0.00      0.00      0.00     42.86      0.00      0.00      9.18
04:12:06 PM      33     16.84      0.00     36.84      0.00      0.00      0.00     36.84      0.00      0.00      9.47
04:12:06 PM      34     14.89      0.00     36.17      0.00      0.00      0.00     34.04      0.00      0.00     14.89
04:12:06 PM      35     12.37      0.00     30.93      0.00      0.00      0.00     32.99      0.00      0.00     23.71
04:12:06 PM      36     13.83      0.00     39.36      0.00      0.00      0.00     37.23      0.00      0.00      9.57
04:12:06 PM      37     11.58      0.00     30.53      0.00      0.00      0.00     31.58      0.00      0.00     26.32
04:12:06 PM      38     11.46      0.00     37.50      0.00      0.00      0.00     40.62      0.00      0.00     10.42
04:12:06 PM      39     11.11      0.00     42.42      0.00      0.00      0.00     38.38      0.00      0.00      8.08

04:12:06 PM     CPU      %usr     %nice      %sys   %iowait    %steal      %irq     %soft    %guest    %gnice     %idle
04:12:07 PM      32     13.83      0.00     36.17      0.00      0.00      0.00     31.91      0.00      0.00     18.09
04:12:07 PM      33     13.54      0.00     25.00      0.00      0.00      0.00     45.83      0.00      0.00     15.62
04:12:07 PM      34     11.22      0.00     35.71      0.00      0.00      0.00     34.69      0.00      0.00     18.37
04:12:07 PM      35     10.75      0.00     34.41      0.00      0.00      0.00     40.86      0.00      0.00     13.98
04:12:07 PM      36     10.64      0.00     36.17      0.00      0.00      0.00     36.17      0.00      0.00     17.02
04:12:07 PM      37     12.77      0.00     30.85      0.00      0.00      0.00     30.85      0.00      0.00     25.53
04:12:07 PM      38     16.83      0.00     34.65      0.00      0.00      0.00     34.65      0.00      0.00     13.86
04:12:07 PM      39     13.40      0.00     40.21      0.00      0.00      0.00     31.96      0.00      0.00     14.43

04:12:07 PM     CPU      %usr     %nice      %sys   %iowait    %steal      %irq     %soft    %guest    %gnice     %idle
04:12:08 PM      32     11.46      0.00     41.67      0.00      0.00      0.00     37.50      0.00      0.00      9.38
04:12:08 PM      33     12.12      0.00     33.33      0.00      0.00      0.00     39.39      0.00      0.00     15.15
04:12:08 PM      34     14.58      0.00     32.29      0.00      0.00      0.00     26.04      0.00      0.00     27.08
04:12:08 PM      35     12.50      0.00     35.42      0.00      0.00      0.00     34.38      0.00      0.00     17.71
04:12:08 PM      36     12.37      0.00     32.99      0.00      0.00      0.00     37.11      0.00      0.00     17.53
04:12:08 PM      37     15.22      0.00     33.70      0.00      0.00      0.00     30.43      0.00      0.00     20.65
04:12:08 PM      38      7.29      0.00     42.71      0.00      0.00      0.00     38.54      0.00      0.00     11.46
04:12:08 PM      39     12.63      0.00     33.68      0.00      0.00      0.00     34.74      0.00      0.00     18.95

04:12:08 PM     CPU      %usr     %nice      %sys   %iowait    %steal      %irq     %soft    %guest    %gnice     %idle
04:12:09 PM      32     11.00      0.00     34.00      0.00      0.00      0.00     44.00      0.00      0.00     11.00
04:12:09 PM      33     12.63      0.00     35.79      0.00      0.00      0.00     38.95      0.00      0.00     12.63
04:12:09 PM      34     11.34      0.00     42.27      0.00      0.00      0.00     24.74      0.00      0.00     21.65
04:12:09 PM      35     14.43      0.00     31.96      0.00      0.00      0.00     36.08      0.00      0.00     17.53
04:12:09 PM      36     16.84      0.00     29.47      0.00      0.00      0.00     33.68      0.00      0.00     20.00
04:12:09 PM      37     11.46      0.00     36.46      0.00      0.00      0.00     32.29      0.00      0.00     19.79
04:12:09 PM      38     14.14      0.00     36.36      0.00      0.00      0.00     40.40      0.00      0.00      9.09
04:12:09 PM      39     10.42      0.00     39.58      0.00      0.00      0.00     39.58      0.00      0.00     10.42

04:12:09 PM     CPU      %usr     %nice      %sys   %iowait    %steal      %irq     %soft    %guest    %gnice     %idle
04:12:10 PM      32     12.12      0.00     36.36      0.00      0.00      0.00     41.41      0.00      0.00     10.10
04:12:10 PM      33     14.00      0.00     40.00      0.00      0.00      0.00     38.00      0.00      0.00      8.00
04:12:10 PM      34     13.19      0.00     37.36      0.00      0.00      0.00     29.67      0.00      0.00     19.78
04:12:10 PM      35     11.70      0.00     31.91      0.00      0.00      0.00     36.17      0.00      0.00     20.21
04:12:10 PM      36     14.43      0.00     39.18      0.00      0.00      0.00     24.74      0.00      0.00     21.65
04:12:10 PM      37     13.54      0.00     27.08      0.00      0.00      0.00     41.67      0.00      0.00     17.71
04:12:10 PM      38     13.54      0.00     36.46      0.00      0.00      0.00     39.58      0.00      0.00     10.42
04:12:10 PM      39     10.10      0.00     41.41      0.00      0.00      0.00     37.37      0.00      0.00     11.11

04:12:10 PM     CPU      %usr     %nice      %sys   %iowait    %steal      %irq     %soft    %guest    %gnice     %idle
04:12:11 PM      32     11.34      0.00     41.24      0.00      0.00      0.00     38.14      0.00      0.00      9.28
04:12:11 PM      33     12.37      0.00     36.08      0.00      0.00      0.00     42.27      0.00      0.00      9.28
04:12:11 PM      34     17.71      0.00     34.38      0.00      0.00      0.00     28.12      0.00      0.00     19.79
04:12:11 PM      35     14.61      0.00     21.35      0.00      0.00      0.00     41.57      0.00      0.00     22.47
04:12:11 PM      36      9.47      0.00     40.00      0.00      0.00      0.00     28.42      0.00      0.00     22.11
04:12:11 PM      37     11.88      0.00     23.76      0.00      0.00      0.00     44.55      0.00      0.00     19.80
04:12:11 PM      38     15.79      0.00     30.53      0.00      0.00      0.00     42.11      0.00      0.00     11.58
04:12:11 PM      39     16.33      0.00     34.69      0.00      0.00      0.00     39.80      0.00      0.00      9.18

04:12:11 PM     CPU      %usr     %nice      %sys   %iowait    %steal      %irq     %soft    %guest    %gnice     %idle
04:12:12 PM      32     11.58      0.00     29.47      0.00      0.00      0.00     43.16      0.00      0.00     15.79
04:12:12 PM      33     12.63      0.00     38.95      0.00      0.00      0.00     27.37      0.00      0.00     21.05
04:12:12 PM      34      8.70      0.00     32.61      0.00      0.00      0.00     40.22      0.00      0.00     18.48
04:12:12 PM      35     14.29      0.00     31.63      0.00      0.00      0.00     33.67      0.00      0.00     20.41
04:12:12 PM      36     11.22      0.00     38.78      0.00      0.00      0.00     37.76      0.00      0.00     12.24
04:12:12 PM      37     15.56      0.00     31.11      0.00      0.00      0.00     37.78      0.00      0.00     15.56
04:12:12 PM      38     13.40      0.00     38.14      0.00      0.00      0.00     26.80      0.00      0.00     21.65
04:12:12 PM      39     10.87      0.00     34.78      0.00      0.00      0.00     26.09      0.00      0.00     28.26

04:12:12 PM     CPU      %usr     %nice      %sys   %iowait    %steal      %irq     %soft    %guest    %gnice     %idle
04:12:13 PM      32     12.77      0.00     32.98      0.00      0.00      0.00     41.49      0.00      0.00     12.77
04:12:13 PM      33     16.33      0.00     35.71      0.00      0.00      0.00     39.80      0.00      0.00      8.16
04:12:13 PM      34     12.37      0.00     30.93      0.00      0.00      0.00     41.24      0.00      0.00     15.46
04:12:13 PM      35     12.77      0.00     38.30      0.00      0.00      0.00     25.53      0.00      0.00     23.40
04:12:13 PM      36     14.74      0.00     29.47      0.00      0.00      0.00     41.05      0.00      0.00     14.74
04:12:13 PM      37     16.49      0.00     37.11      0.00      0.00      0.00     38.14      0.00      0.00      8.25
04:12:13 PM      38     16.13      0.00     32.26      0.00      0.00      0.00     35.48      0.00      0.00     16.13
04:12:13 PM      39     12.37      0.00     38.14      0.00      0.00      0.00     27.84      0.00      0.00     21.65

04:12:13 PM     CPU      %usr     %nice      %sys   %iowait    %steal      %irq     %soft    %guest    %gnice     %idle
04:12:14 PM      32     14.00      0.00     36.00      0.00      0.00      0.00     40.00      0.00      0.00     10.00
04:12:14 PM      33      9.57      0.00     39.36      0.00      0.00      0.00     43.62      0.00      0.00      7.45
04:12:14 PM      34     11.46      0.00     26.04      0.00      0.00      0.00     41.67      0.00      0.00     20.83
04:12:14 PM      35     14.14      0.00     33.33      0.00      0.00      0.00     30.30      0.00      0.00     22.22
04:12:14 PM      36     10.64      0.00     24.47      0.00      0.00      0.00     43.62      0.00      0.00     21.28
04:12:14 PM      37     10.53      0.00     35.79      0.00      0.00      0.00     45.26      0.00      0.00      8.42
04:12:14 PM      38     11.22      0.00     41.84      0.00      0.00      0.00     36.73      0.00      0.00     10.20
04:12:14 PM      39     12.37      0.00     41.24      0.00      0.00      0.00     26.80      0.00      0.00     19.59

04:12:14 PM     CPU      %usr     %nice      %sys   %iowait    %steal      %irq     %soft    %guest    %gnice     %idle
04:12:15 PM      32     12.24      0.00     40.82      0.00      0.00      0.00     37.76      0.00      0.00      9.18
04:12:15 PM      33     15.46      0.00     34.02      0.00      0.00      0.00     43.30      0.00      0.00      7.22
04:12:15 PM      34     11.58      0.00     23.16      0.00      0.00      0.00     45.26      0.00      0.00     20.00
04:12:15 PM      35     17.35      0.00     35.71      0.00      0.00      0.00     24.49      0.00      0.00     22.45
04:12:15 PM      36     14.29      0.00     25.27      0.00      0.00      0.00     39.56      0.00      0.00     20.88
04:12:15 PM      37     12.00      0.00     31.00      0.00      0.00      0.00     49.00      0.00      0.00      8.00
04:12:15 PM      38     15.79      0.00     31.58      0.00      0.00      0.00     43.16      0.00      0.00      9.47
04:12:15 PM      39     16.84      0.00     40.00      0.00      0.00      0.00     23.16      0.00      0.00     20.00

Average:        CPU      %usr     %nice      %sys   %iowait    %steal      %irq     %soft    %guest    %gnice     %idle
Average:         32     12.26      0.00     36.46      0.00      0.00      0.00     39.86      0.00      0.00     11.43
Average:         33     13.56      0.00     35.51      0.00      0.00      0.00     39.54      0.00      0.00     11.39
Average:         34     12.71      0.00     33.09      0.00      0.00      0.00     34.56      0.00      0.00     19.64
Average:         35     13.51      0.00     32.57      0.00      0.00      0.00     33.51      0.00      0.00     20.42
Average:         36     12.84      0.00     33.58      0.00      0.00      0.00     35.89      0.00      0.00     17.68
Average:         37     13.08      0.00     31.69      0.00      0.00      0.00     38.28      0.00      0.00     16.95
Average:         38     13.56      0.00     36.23      0.00      0.00      0.00     37.78      0.00      0.00     12.42
Average:         39     12.64      0.00     38.65      0.00      0.00      0.00     32.64      0.00      0.00     16.06
