Linux 6.12.0-rc5-nfoff-mitioff-ndsim-sv5 (cache-sql13432) 	11/03/2024 	_x86_64_	(64 CPU)

10:14:48 PM     CPU      %usr     %nice      %sys   %iowait    %steal      %irq     %soft    %guest    %gnice     %idle
10:14:49 PM      32     15.69      0.00     65.69      0.00      0.00      0.00      9.80      0.00      0.00      8.82
10:14:49 PM      33     15.38      0.00     59.62      0.00      0.00      0.00     13.46      0.00      0.00     11.54
10:14:49 PM      34     12.12      0.00     39.39      0.00      0.00      0.00     48.48      0.00      0.00      0.00
10:14:49 PM      35     18.18      0.00     59.60      0.00      0.00      0.00     17.17      0.00      0.00      5.05
10:14:49 PM      36     17.00      0.00     60.00      0.00      0.00      0.00     13.00      0.00      0.00     10.00
10:14:49 PM      37     18.18      0.00     62.63      0.00      0.00      0.00     10.10      0.00      0.00      9.09
10:14:49 PM      38     13.00      0.00     44.00      0.00      0.00      0.00     43.00      0.00      0.00      0.00
10:14:49 PM      39     16.83      0.00     62.38      0.00      0.00      0.00     17.82      0.00      0.00      2.97

10:14:49 PM     CPU      %usr     %nice      %sys   %iowait    %steal      %irq     %soft    %guest    %gnice     %idle
10:14:50 PM      32     13.13      0.00     66.67      0.00      0.00      0.00     10.10      0.00      0.00     10.10
10:14:50 PM      33     14.56      0.00     58.25      0.00      0.00      0.00     14.56      0.00      0.00     12.62
10:14:50 PM      34     14.00      0.00     40.00      0.00      0.00      0.00     46.00      0.00      0.00      0.00
10:14:50 PM      35     14.56      0.00     65.05      0.00      0.00      0.00     15.53      0.00      0.00      4.85
10:14:50 PM      36     13.27      0.00     64.29      0.00      0.00      0.00     12.24      0.00      0.00     10.20
10:14:50 PM      37     16.83      0.00     57.43      0.00      0.00      0.00     15.84      0.00      0.00      9.90
10:14:50 PM      38     13.00      0.00     47.00      0.00      0.00      0.00     40.00      0.00      0.00      0.00
10:14:50 PM      39     14.85      0.00     67.33      0.00      0.00      0.00     14.85      0.00      0.00      2.97

10:14:50 PM     CPU      %usr     %nice      %sys   %iowait    %steal      %irq     %soft    %guest    %gnice     %idle
10:14:51 PM      32     16.67      0.00     60.42      0.00      0.00      0.00     12.50      0.00      0.00     10.42
10:14:51 PM      33     16.67      0.00     60.42      0.00      0.00      0.00     10.42      0.00      0.00     12.50
10:14:51 PM      34     17.82      0.00     44.55      0.00      0.00      0.00     37.62      0.00      0.00      0.00
10:14:51 PM      35     14.29      0.00     62.24      0.00      0.00      0.00     18.37      0.00      0.00      5.10
10:14:51 PM      36     14.85      0.00     60.40      0.00      0.00      0.00     14.85      0.00      0.00      9.90
10:14:51 PM      37     17.53      0.00     59.79      0.00      0.00      0.00     12.37      0.00      0.00     10.31
10:14:51 PM      38     12.12      0.00     43.43      0.00      0.00      0.00     44.44      0.00      0.00      0.00
10:14:51 PM      39     15.31      0.00     67.35      0.00      0.00      0.00     14.29      0.00      0.00      3.06

10:14:51 PM     CPU      %usr     %nice      %sys   %iowait    %steal      %irq     %soft    %guest    %gnice     %idle
10:14:52 PM      32     12.87      0.00     65.35      0.00      0.00      0.00     11.88      0.00      0.00      9.90
10:14:52 PM      33     16.16      0.00     55.56      0.00      0.00      0.00     15.15      0.00      0.00     13.13
10:14:52 PM      34     14.14      0.00     40.40      0.00      0.00      0.00     45.45      0.00      0.00      0.00
10:14:52 PM      35     16.49      0.00     59.79      0.00      0.00      0.00     18.56      0.00      0.00      5.15
10:14:52 PM      36     13.13      0.00     66.67      0.00      0.00      0.00     10.10      0.00      0.00     10.10
10:14:52 PM      37     16.33      0.00     59.18      0.00      0.00      0.00     14.29      0.00      0.00     10.20
10:14:52 PM      38     10.89      0.00     47.52      0.00      0.00      0.00     41.58      0.00      0.00      0.00
10:14:52 PM      39     16.00      0.00     66.00      0.00      0.00      0.00     16.00      0.00      0.00      2.00

10:14:52 PM     CPU      %usr     %nice      %sys   %iowait    %steal      %irq     %soft    %guest    %gnice     %idle
10:14:53 PM      32     16.83      0.00     70.30      0.00      0.00      0.00      7.92      0.00      0.00      4.95
10:14:53 PM      33     19.59      0.00     57.73      0.00      0.00      0.00      9.28      0.00      0.00     13.40
10:14:53 PM      34      6.00      0.00     45.00      0.00      0.00      0.00     49.00      0.00      0.00      0.00
10:14:53 PM      35     12.00      0.00     64.00      0.00      0.00      0.00     18.00      0.00      0.00      6.00
10:14:53 PM      36     16.84      0.00     60.00      0.00      0.00      0.00     12.63      0.00      0.00     10.53
10:14:53 PM      37     15.31      0.00     51.02      0.00      0.00      0.00     26.53      0.00      0.00      7.14
10:14:53 PM      38     14.00      0.00     50.00      0.00      0.00      0.00     36.00      0.00      0.00      0.00
10:14:53 PM      39     15.62      0.00     65.62      0.00      0.00      0.00     10.42      0.00      0.00      8.33

10:14:53 PM     CPU      %usr     %nice      %sys   %iowait    %steal      %irq     %soft    %guest    %gnice     %idle
10:14:54 PM      32     16.67      0.00     67.65      0.00      0.00      0.00     11.76      0.00      0.00      3.92
10:14:54 PM      33     16.16      0.00     57.58      0.00      0.00      0.00     12.12      0.00      0.00     14.14
10:14:54 PM      34     17.00      0.00     39.00      0.00      0.00      0.00     44.00      0.00      0.00      0.00
10:14:54 PM      35     16.49      0.00     61.86      0.00      0.00      0.00     16.49      0.00      0.00      5.15
10:14:54 PM      36     12.63      0.00     68.42      0.00      0.00      0.00      8.42      0.00      0.00     10.53
10:14:54 PM      37     14.29      0.00     56.12      0.00      0.00      0.00     23.47      0.00      0.00      6.12
10:14:54 PM      38     20.00      0.00     43.00      0.00      0.00      0.00     37.00      0.00      0.00      0.00
10:14:54 PM      39     17.53      0.00     57.73      0.00      0.00      0.00     14.43      0.00      0.00     10.31

10:14:54 PM     CPU      %usr     %nice      %sys   %iowait    %steal      %irq     %soft    %guest    %gnice     %idle
10:14:55 PM      32     14.43      0.00     46.39      0.00      0.00      0.00     37.11      0.00      0.00      2.06
10:14:55 PM      33     18.09      0.00     51.06      0.00      0.00      0.00     15.96      0.00      0.00     14.89
10:14:55 PM      34     18.81      0.00     39.60      0.00      0.00      0.00     41.58      0.00      0.00      0.00
10:14:55 PM      35     19.80      0.00     44.55      0.00      0.00      0.00     34.65      0.00      0.00      0.99
10:14:55 PM      36     17.17      0.00     43.43      0.00      0.00      0.00     33.33      0.00      0.00      6.06
10:14:55 PM      37     18.37      0.00     47.96      0.00      0.00      0.00     22.45      0.00      0.00     11.22
10:14:55 PM      38     17.00      0.00     37.00      0.00      0.00      0.00     46.00      0.00      0.00      0.00
10:14:55 PM      39     15.15      0.00     45.45      0.00      0.00      0.00     34.34      0.00      0.00      5.05

10:14:55 PM     CPU      %usr     %nice      %sys   %iowait    %steal      %irq     %soft    %guest    %gnice     %idle
10:14:56 PM      32     12.12      0.00     44.44      0.00      0.00      0.00     43.43      0.00      0.00      0.00
10:14:56 PM      33     20.00      0.00     40.00      0.00      0.00      0.00     23.16      0.00      0.00     16.84
10:14:56 PM      34     16.00      0.00     41.00      0.00      0.00      0.00     43.00      0.00      0.00      0.00
10:14:56 PM      35     17.82      0.00     36.63      0.00      0.00      0.00     45.54      0.00      0.00      0.00
10:14:56 PM      36     10.89      0.00     46.53      0.00      0.00      0.00     42.57      0.00      0.00      0.00
10:14:56 PM      37     19.59      0.00     44.33      0.00      0.00      0.00     23.71      0.00      0.00     12.37
10:14:56 PM      38     15.00      0.00     41.00      0.00      0.00      0.00     44.00      0.00      0.00      0.00
10:14:56 PM      39     14.00      0.00     40.00      0.00      0.00      0.00     46.00      0.00      0.00      0.00

10:14:56 PM     CPU      %usr     %nice      %sys   %iowait    %steal      %irq     %soft    %guest    %gnice     %idle
10:14:57 PM      32     17.00      0.00     37.00      0.00      0.00      0.00     46.00      0.00      0.00      0.00
10:14:57 PM      33     16.67      0.00     41.67      0.00      0.00      0.00     23.96      0.00      0.00     17.71
10:14:57 PM      34     18.00      0.00     45.00      0.00      0.00      0.00     37.00      0.00      0.00      0.00
10:14:57 PM      35     14.14      0.00     39.39      0.00      0.00      0.00     46.46      0.00      0.00      0.00
10:14:57 PM      36     13.00      0.00     46.00      0.00      0.00      0.00     41.00      0.00      0.00      0.00
10:14:57 PM      37     19.79      0.00     44.79      0.00      0.00      0.00     22.92      0.00      0.00     12.50
10:14:57 PM      38     17.00      0.00     40.00      0.00      0.00      0.00     43.00      0.00      0.00      0.00
10:14:57 PM      39     16.16      0.00     40.40      0.00      0.00      0.00     43.43      0.00      0.00      0.00

10:14:57 PM     CPU      %usr     %nice      %sys   %iowait    %steal      %irq     %soft    %guest    %gnice     %idle
10:14:58 PM      32     19.00      0.00     39.00      0.00      0.00      0.00     42.00      0.00      0.00      0.00
10:14:58 PM      33     15.05      0.00     40.86      0.00      0.00      0.00     26.88      0.00      0.00     17.20
10:14:58 PM      34     18.00      0.00     38.00      0.00      0.00      0.00     44.00      0.00      0.00      0.00
10:14:58 PM      35     12.12      0.00     40.40      0.00      0.00      0.00     47.47      0.00      0.00      0.00
10:14:58 PM      36     17.17      0.00     39.39      0.00      0.00      0.00     43.43      0.00      0.00      0.00
10:14:58 PM      37     18.56      0.00     43.30      0.00      0.00      0.00     25.77      0.00      0.00     12.37
10:14:58 PM      38     14.00      0.00     42.00      0.00      0.00      0.00     44.00      0.00      0.00      0.00
10:14:58 PM      39     16.00      0.00     46.00      0.00      0.00      0.00     38.00      0.00      0.00      0.00

Average:        CPU      %usr     %nice      %sys   %iowait    %steal      %irq     %soft    %guest    %gnice     %idle
Average:         32     15.45      0.00     56.37      0.00      0.00      0.00     23.17      0.00      0.00      5.02
Average:         33     16.80      0.00     52.46      0.00      0.00      0.00     16.39      0.00      0.00     14.34
Average:         34     15.20      0.00     41.20      0.00      0.00      0.00     43.60      0.00      0.00      0.00
Average:         35     15.59      0.00     53.32      0.00      0.00      0.00     27.87      0.00      0.00      3.22
Average:         36     14.59      0.00     55.42      0.00      0.00      0.00     23.30      0.00      0.00      6.69
Average:         37     17.47      0.00     52.71      0.00      0.00      0.00     19.71      0.00      0.00     10.11
Average:         38     14.60      0.00     43.50      0.00      0.00      0.00     41.90      0.00      0.00      0.00
Average:         39     15.74      0.00     55.80      0.00      0.00      0.00     25.03      0.00      0.00      3.43
