Linux 6.12.0-rc5-nfoff-mitioff-ndsim-sv5 (cache-sql13432) 	11/04/2024 	_x86_64_	(64 CPU)

02:36:54 PM     CPU      %usr     %nice      %sys   %iowait    %steal      %irq     %soft    %guest    %gnice     %idle
02:36:55 PM      32     16.67      0.00     53.12      0.00      0.00      0.00     10.42      0.00      0.00     19.79
02:36:55 PM      33     12.37      0.00     65.98      0.00      0.00      0.00      4.12      0.00      0.00     17.53
02:36:55 PM      34     12.63      0.00     67.37      0.00      0.00      0.00      5.26      0.00      0.00     14.74
02:36:55 PM      35     10.42      0.00     60.42      0.00      0.00      0.00      9.38      0.00      0.00     19.79
02:36:55 PM      36     13.54      0.00     56.25      0.00      0.00      0.00      8.33      0.00      0.00     21.88
02:36:55 PM      37     15.96      0.00     63.83      0.00      0.00      0.00      3.19      0.00      0.00     17.02
02:36:55 PM      38     11.83      0.00     64.52      0.00      0.00      0.00      7.53      0.00      0.00     16.13
02:36:55 PM      39     15.05      0.00     55.91      0.00      0.00      0.00      8.60      0.00      0.00     20.43

02:36:55 PM     CPU      %usr     %nice      %sys   %iowait    %steal      %irq     %soft    %guest    %gnice     %idle
02:36:56 PM      32      6.19      0.00     62.89      0.00      0.00      0.00     11.34      0.00      0.00     19.59
02:36:56 PM      33     15.96      0.00     61.70      0.00      0.00      0.00      4.26      0.00      0.00     18.09
02:36:56 PM      34     13.00      0.00     63.00      0.00      0.00      0.00      9.00      0.00      0.00     15.00
02:36:56 PM      35     12.63      0.00     62.11      0.00      0.00      0.00      6.32      0.00      0.00     18.95
02:36:56 PM      36     12.09      0.00     58.24      0.00      0.00      0.00      7.69      0.00      0.00     21.98
02:36:56 PM      37     13.00      0.00     63.00      0.00      0.00      0.00      8.00      0.00      0.00     16.00
02:36:56 PM      38     13.13      0.00     63.64      0.00      0.00      0.00      7.07      0.00      0.00     16.16
02:36:56 PM      39     14.00      0.00     59.00      0.00      0.00      0.00      7.00      0.00      0.00     20.00

02:36:56 PM     CPU      %usr     %nice      %sys   %iowait    %steal      %irq     %soft    %guest    %gnice     %idle
02:36:57 PM      32     12.37      0.00     61.86      0.00      0.00      0.00      6.19      0.00      0.00     19.59
02:36:57 PM      33     12.09      0.00     61.54      0.00      0.00      0.00      7.69      0.00      0.00     18.68
02:36:57 PM      34     16.67      0.00     61.46      0.00      0.00      0.00      6.25      0.00      0.00     15.62
02:36:57 PM      35     11.58      0.00     64.21      0.00      0.00      0.00      5.26      0.00      0.00     18.95
02:36:57 PM      36     12.09      0.00     53.85      0.00      0.00      0.00     12.09      0.00      0.00     21.98
02:36:57 PM      37      9.78      0.00     64.13      0.00      0.00      0.00      8.70      0.00      0.00     17.39
02:36:57 PM      38     14.00      0.00     62.00      0.00      0.00      0.00      8.00      0.00      0.00     16.00
02:36:57 PM      39     12.63      0.00     57.89      0.00      0.00      0.00      8.42      0.00      0.00     21.05

02:36:57 PM     CPU      %usr     %nice      %sys   %iowait    %steal      %irq     %soft    %guest    %gnice     %idle
02:36:58 PM      32      9.57      0.00     58.51      0.00      0.00      0.00     11.70      0.00      0.00     20.21
02:36:58 PM      33     13.04      0.00     61.96      0.00      0.00      0.00      6.52      0.00      0.00     18.48
02:36:58 PM      34     12.50      0.00     67.71      0.00      0.00      0.00      5.21      0.00      0.00     14.58
02:36:58 PM      35     13.98      0.00     60.22      0.00      0.00      0.00      5.38      0.00      0.00     20.43
02:36:58 PM      36     13.68      0.00     54.74      0.00      0.00      0.00     10.53      0.00      0.00     21.05
02:36:58 PM      37     14.00      0.00     59.00      0.00      0.00      0.00     11.00      0.00      0.00     16.00
02:36:58 PM      38     14.44      0.00     58.89      0.00      0.00      0.00      8.89      0.00      0.00     17.78
02:36:58 PM      39     16.49      0.00     53.61      0.00      0.00      0.00      9.28      0.00      0.00     20.62

02:36:58 PM     CPU      %usr     %nice      %sys   %iowait    %steal      %irq     %soft    %guest    %gnice     %idle
02:36:59 PM      32     11.70      0.00     57.45      0.00      0.00      0.00     11.70      0.00      0.00     19.15
02:36:59 PM      33     12.90      0.00     60.22      0.00      0.00      0.00      9.68      0.00      0.00     17.20
02:36:59 PM      34     14.43      0.00     61.86      0.00      0.00      0.00      8.25      0.00      0.00     15.46
02:36:59 PM      35     11.83      0.00     60.22      0.00      0.00      0.00      8.60      0.00      0.00     19.35
02:36:59 PM      36     12.50      0.00     60.42      0.00      0.00      0.00      6.25      0.00      0.00     20.83
02:36:59 PM      37     14.89      0.00     60.64      0.00      0.00      0.00      7.45      0.00      0.00     17.02
02:36:59 PM      38     12.12      0.00     63.64      0.00      0.00      0.00      8.08      0.00      0.00     16.16
02:36:59 PM      39     11.83      0.00     59.14      0.00      0.00      0.00      7.53      0.00      0.00     21.51

02:36:59 PM     CPU      %usr     %nice      %sys   %iowait    %steal      %irq     %soft    %guest    %gnice     %idle
02:37:00 PM      32     12.63      0.00     57.89      0.00      0.00      0.00      9.47      0.00      0.00     20.00
02:37:00 PM      33     13.68      0.00     62.11      0.00      0.00      0.00      6.32      0.00      0.00     17.89
02:37:00 PM      34     17.39      0.00     60.87      0.00      0.00      0.00      5.43      0.00      0.00     16.30
02:37:00 PM      35     11.00      0.00     57.00      0.00      0.00      0.00     14.00      0.00      0.00     18.00
02:37:00 PM      36     14.14      0.00     58.59      0.00      0.00      0.00      7.07      0.00      0.00     20.20
02:37:00 PM      37     11.83      0.00     62.37      0.00      0.00      0.00      8.60      0.00      0.00     17.20
02:37:00 PM      38     15.46      0.00     60.82      0.00      0.00      0.00      7.22      0.00      0.00     16.49
02:37:00 PM      39     15.05      0.00     54.84      0.00      0.00      0.00      8.60      0.00      0.00     21.51

02:37:00 PM     CPU      %usr     %nice      %sys   %iowait    %steal      %irq     %soft    %guest    %gnice     %idle
02:37:01 PM      32     13.33      0.00     56.67      0.00      0.00      0.00      8.89      0.00      0.00     21.11
02:37:01 PM      33     11.22      0.00     66.33      0.00      0.00      0.00      5.10      0.00      0.00     17.35
02:37:01 PM      34      9.47      0.00     68.42      0.00      0.00      0.00      7.37      0.00      0.00     14.74
02:37:01 PM      35     11.34      0.00     64.95      0.00      0.00      0.00      5.15      0.00      0.00     18.56
02:37:01 PM      36     17.02      0.00     56.38      0.00      0.00      0.00      4.26      0.00      0.00     22.34
02:37:01 PM      37     10.64      0.00     67.02      0.00      0.00      0.00      5.32      0.00      0.00     17.02
02:37:01 PM      38     19.79      0.00     57.29      0.00      0.00      0.00      6.25      0.00      0.00     16.67
02:37:01 PM      39     13.33      0.00     56.67      0.00      0.00      0.00      8.89      0.00      0.00     21.11

02:37:01 PM     CPU      %usr     %nice      %sys   %iowait    %steal      %irq     %soft    %guest    %gnice     %idle
02:37:02 PM      32     11.70      0.00     60.64      0.00      0.00      0.00      7.45      0.00      0.00     20.21
02:37:02 PM      33     11.34      0.00     65.98      0.00      0.00      0.00      6.19      0.00      0.00     16.49
02:37:02 PM      34     13.68      0.00     64.21      0.00      0.00      0.00      6.32      0.00      0.00     15.79
02:37:02 PM      35     10.87      0.00     61.96      0.00      0.00      0.00      7.61      0.00      0.00     19.57
02:37:02 PM      36     13.48      0.00     52.81      0.00      0.00      0.00     12.36      0.00      0.00     21.35
02:37:02 PM      37     15.00      0.00     64.00      0.00      0.00      0.00      5.00      0.00      0.00     16.00
02:37:02 PM      38     13.54      0.00     62.50      0.00      0.00      0.00      7.29      0.00      0.00     16.67
02:37:02 PM      39     13.27      0.00     59.18      0.00      0.00      0.00      7.14      0.00      0.00     20.41

02:37:02 PM     CPU      %usr     %nice      %sys   %iowait    %steal      %irq     %soft    %guest    %gnice     %idle
02:37:03 PM      32     11.58      0.00     61.05      0.00      0.00      0.00      8.42      0.00      0.00     18.95
02:37:03 PM      33     17.89      0.00     55.79      0.00      0.00      0.00      8.42      0.00      0.00     17.89
02:37:03 PM      34     17.78      0.00     63.33      0.00      0.00      0.00      3.33      0.00      0.00     15.56
02:37:03 PM      35     14.14      0.00     57.58      0.00      0.00      0.00      9.09      0.00      0.00     19.19
02:37:03 PM      36     11.58      0.00     63.16      0.00      0.00      0.00      4.21      0.00      0.00     21.05
02:37:03 PM      37     17.00      0.00     60.00      0.00      0.00      0.00      7.00      0.00      0.00     16.00
02:37:03 PM      38     10.53      0.00     66.32      0.00      0.00      0.00      6.32      0.00      0.00     16.84
02:37:03 PM      39     13.68      0.00     55.79      0.00      0.00      0.00      9.47      0.00      0.00     21.05

02:37:03 PM     CPU      %usr     %nice      %sys   %iowait    %steal      %irq     %soft    %guest    %gnice     %idle
02:37:04 PM      32     10.64      0.00     63.83      0.00      0.00      0.00      5.32      0.00      0.00     20.21
02:37:04 PM      33     14.89      0.00     58.51      0.00      0.00      0.00      8.51      0.00      0.00     18.09
02:37:04 PM      34      9.57      0.00     68.09      0.00      0.00      0.00      6.38      0.00      0.00     15.96
02:37:04 PM      35     16.67      0.00     55.21      0.00      0.00      0.00      9.38      0.00      0.00     18.75
02:37:04 PM      36     18.75      0.00     52.08      0.00      0.00      0.00      8.33      0.00      0.00     20.83
02:37:04 PM      37     13.83      0.00     62.77      0.00      0.00      0.00      7.45      0.00      0.00     15.96
02:37:04 PM      38      8.42      0.00     66.32      0.00      0.00      0.00      8.42      0.00      0.00     16.84
02:37:04 PM      39     15.62      0.00     53.12      0.00      0.00      0.00     11.46      0.00      0.00     19.79

Average:        CPU      %usr     %nice      %sys   %iowait    %steal      %irq     %soft    %guest    %gnice     %idle
Average:         32     11.63      0.00     59.41      0.00      0.00      0.00      9.09      0.00      0.00     19.87
Average:         33     13.53      0.00     62.05      0.00      0.00      0.00      6.66      0.00      0.00     17.76
Average:         34     13.68      0.00     64.63      0.00      0.00      0.00      6.32      0.00      0.00     15.37
Average:         35     12.45      0.00     60.36      0.00      0.00      0.00      8.05      0.00      0.00     19.14
Average:         36     13.91      0.00     56.69      0.00      0.00      0.00      8.07      0.00      0.00     21.34
Average:         37     13.63      0.00     62.64      0.00      0.00      0.00      7.18      0.00      0.00     16.55
Average:         38     13.33      0.00     62.60      0.00      0.00      0.00      7.50      0.00      0.00     16.56
Average:         39     14.11      0.00     56.53      0.00      0.00      0.00      8.63      0.00      0.00     20.74
