Linux 6.12.0-rc5-nfoff-mitioff-ndsim-sv5 (cache-sql13432) 	11/04/2024 	_x86_64_	(64 CPU)

09:32:23 AM     CPU      %usr     %nice      %sys   %iowait    %steal      %irq     %soft    %guest    %gnice     %idle
09:32:24 AM      32     15.62      0.00     50.00      0.00      0.00      0.00      4.17      0.00      0.00     30.21
09:32:24 AM      33     17.17      0.00     58.59      0.00      0.00      0.00      5.05      0.00      0.00     19.19
09:32:24 AM      34     18.00      0.00     54.00      0.00      0.00      0.00      6.00      0.00      0.00     22.00
09:32:24 AM      35     12.09      0.00     57.14      0.00      0.00      0.00      4.40      0.00      0.00     26.37
09:32:24 AM      36     17.89      0.00     50.53      0.00      0.00      0.00      5.26      0.00      0.00     26.32
09:32:24 AM      37     17.65      0.00     61.76      0.00      0.00      0.00      3.92      0.00      0.00     16.67
09:32:24 AM      38     17.71      0.00     54.17      0.00      0.00      0.00      4.17      0.00      0.00     23.96
09:32:24 AM      39     12.37      0.00     56.70      0.00      0.00      0.00      1.03      0.00      0.00     29.90

09:32:24 AM     CPU      %usr     %nice      %sys   %iowait    %steal      %irq     %soft    %guest    %gnice     %idle
09:32:25 AM      32     11.83      0.00     51.61      0.00      0.00      0.00      5.38      0.00      0.00     31.18
09:32:25 AM      33     15.62      0.00     61.46      0.00      0.00      0.00      4.17      0.00      0.00     18.75
09:32:25 AM      34     14.58      0.00     55.21      0.00      0.00      0.00      7.29      0.00      0.00     22.92
09:32:25 AM      35     11.11      0.00     58.59      0.00      0.00      0.00      6.06      0.00      0.00     24.24
09:32:25 AM      36     20.62      0.00     48.45      0.00      0.00      0.00      5.15      0.00      0.00     25.77
09:32:25 AM      37     15.46      0.00     62.89      0.00      0.00      0.00      4.12      0.00      0.00     17.53
09:32:25 AM      38     20.21      0.00     51.06      0.00      0.00      0.00      5.32      0.00      0.00     23.40
09:32:25 AM      39     17.89      0.00     47.37      0.00      0.00      0.00      3.16      0.00      0.00     31.58

09:32:25 AM     CPU      %usr     %nice      %sys   %iowait    %steal      %irq     %soft    %guest    %gnice     %idle
09:32:26 AM      32     12.50      0.00     54.17      0.00      0.00      0.00      4.17      0.00      0.00     29.17
09:32:26 AM      33     17.20      0.00     61.29      0.00      0.00      0.00      3.23      0.00      0.00     18.28
09:32:26 AM      34     12.37      0.00     62.89      0.00      0.00      0.00      3.09      0.00      0.00     21.65
09:32:26 AM      35     15.84      0.00     56.44      0.00      0.00      0.00      3.96      0.00      0.00     23.76
09:32:26 AM      36     12.90      0.00     56.99      0.00      0.00      0.00      3.23      0.00      0.00     26.88
09:32:26 AM      37     14.74      0.00     63.16      0.00      0.00      0.00      4.21      0.00      0.00     17.89
09:32:26 AM      38     10.42      0.00     62.50      0.00      0.00      0.00      3.12      0.00      0.00     23.96
09:32:26 AM      39     14.43      0.00     49.48      0.00      0.00      0.00      5.15      0.00      0.00     30.93

09:32:26 AM     CPU      %usr     %nice      %sys   %iowait    %steal      %irq     %soft    %guest    %gnice     %idle
09:32:27 AM      32     19.59      0.00     47.42      0.00      0.00      0.00      3.09      0.00      0.00     29.90
09:32:27 AM      33     18.75      0.00     58.33      0.00      0.00      0.00      3.12      0.00      0.00     19.79
09:32:27 AM      34     15.84      0.00     57.43      0.00      0.00      0.00      4.95      0.00      0.00     21.78
09:32:27 AM      35     15.79      0.00     55.79      0.00      0.00      0.00      4.21      0.00      0.00     24.21
09:32:27 AM      36     16.67      0.00     53.12      0.00      0.00      0.00      4.17      0.00      0.00     26.04
09:32:27 AM      37     14.58      0.00     64.58      0.00      0.00      0.00      4.17      0.00      0.00     16.67
09:32:27 AM      38     13.27      0.00     62.24      0.00      0.00      0.00      2.04      0.00      0.00     22.45
09:32:27 AM      39     16.84      0.00     48.42      0.00      0.00      0.00      4.21      0.00      0.00     30.53

09:32:27 AM     CPU      %usr     %nice      %sys   %iowait    %steal      %irq     %soft    %guest    %gnice     %idle
09:32:28 AM      32     17.35      0.00     51.02      0.00      0.00      0.00      2.04      0.00      0.00     29.59
09:32:28 AM      33     14.89      0.00     62.77      0.00      0.00      0.00      3.19      0.00      0.00     19.15
09:32:28 AM      34     11.58      0.00     61.05      0.00      0.00      0.00      4.21      0.00      0.00     23.16
09:32:28 AM      35     15.31      0.00     59.18      0.00      0.00      0.00      2.04      0.00      0.00     23.47
09:32:28 AM      36     16.49      0.00     53.61      0.00      0.00      0.00      4.12      0.00      0.00     25.77
09:32:28 AM      37     13.27      0.00     67.35      0.00      0.00      0.00      2.04      0.00      0.00     17.35
09:32:28 AM      38     12.50      0.00     60.42      0.00      0.00      0.00      4.17      0.00      0.00     22.92
09:32:28 AM      39     15.79      0.00     49.47      0.00      0.00      0.00      3.16      0.00      0.00     31.58

09:32:28 AM     CPU      %usr     %nice      %sys   %iowait    %steal      %irq     %soft    %guest    %gnice     %idle
09:32:29 AM      32     18.37      0.00     48.98      0.00      0.00      0.00      3.06      0.00      0.00     29.59
09:32:29 AM      33     17.02      0.00     58.51      0.00      0.00      0.00      5.32      0.00      0.00     19.15
09:32:29 AM      34      9.57      0.00     61.70      0.00      0.00      0.00      5.32      0.00      0.00     23.40
09:32:29 AM      35     17.53      0.00     51.55      0.00      0.00      0.00      6.19      0.00      0.00     24.74
09:32:29 AM      36     16.00      0.00     56.00      0.00      0.00      0.00      3.00      0.00      0.00     25.00
09:32:29 AM      37     16.67      0.00     63.54      0.00      0.00      0.00      3.12      0.00      0.00     16.67
09:32:29 AM      38     11.34      0.00     62.89      0.00      0.00      0.00      2.06      0.00      0.00     23.71
09:32:29 AM      39     15.05      0.00     50.54      0.00      0.00      0.00      2.15      0.00      0.00     32.26

09:32:29 AM     CPU      %usr     %nice      %sys   %iowait    %steal      %irq     %soft    %guest    %gnice     %idle
09:32:30 AM      32     10.64      0.00     55.32      0.00      0.00      0.00      4.26      0.00      0.00     29.79
09:32:30 AM      33     17.53      0.00     58.76      0.00      0.00      0.00      4.12      0.00      0.00     19.59
09:32:30 AM      34     18.56      0.00     57.73      0.00      0.00      0.00      2.06      0.00      0.00     21.65
09:32:30 AM      35     17.53      0.00     51.55      0.00      0.00      0.00      6.19      0.00      0.00     24.74
09:32:30 AM      36     15.96      0.00     46.81      0.00      0.00      0.00      5.32      0.00      0.00     31.91
09:32:30 AM      37     14.74      0.00     55.79      0.00      0.00      0.00      4.21      0.00      0.00     25.26
09:32:30 AM      38     15.79      0.00     60.00      0.00      0.00      0.00      3.16      0.00      0.00     21.05
09:32:30 AM      39     15.22      0.00     63.04      0.00      0.00      0.00      2.17      0.00      0.00     19.57

09:32:30 AM     CPU      %usr     %nice      %sys   %iowait    %steal      %irq     %soft    %guest    %gnice     %idle
09:32:31 AM      32     13.54      0.00     51.04      0.00      0.00      0.00      5.21      0.00      0.00     30.21
09:32:31 AM      33     14.29      0.00     59.34      0.00      0.00      0.00      3.30      0.00      0.00     23.08
09:32:31 AM      34     20.62      0.00     55.67      0.00      0.00      0.00      2.06      0.00      0.00     21.65
09:32:31 AM      35     13.40      0.00     56.70      0.00      0.00      0.00      4.12      0.00      0.00     25.77
09:32:31 AM      36     16.16      0.00     50.51      0.00      0.00      0.00      3.03      0.00      0.00     30.30
09:32:31 AM      37     14.89      0.00     58.51      0.00      0.00      0.00      2.13      0.00      0.00     24.47
09:32:31 AM      38     16.33      0.00     60.20      0.00      0.00      0.00      2.04      0.00      0.00     21.43
09:32:31 AM      39     16.33      0.00     60.20      0.00      0.00      0.00      5.10      0.00      0.00     18.37

09:32:31 AM     CPU      %usr     %nice      %sys   %iowait    %steal      %irq     %soft    %guest    %gnice     %idle
09:32:32 AM      32     19.79      0.00     46.88      0.00      0.00      0.00      4.17      0.00      0.00     29.17
09:32:32 AM      33     16.33      0.00     60.20      0.00      0.00      0.00      3.06      0.00      0.00     20.41
09:32:32 AM      34     19.00      0.00     55.00      0.00      0.00      0.00      4.00      0.00      0.00     22.00
09:32:32 AM      35     14.29      0.00     56.12      0.00      0.00      0.00      5.10      0.00      0.00     24.49
09:32:32 AM      36     16.67      0.00     46.88      0.00      0.00      0.00      5.21      0.00      0.00     31.25
09:32:32 AM      37     17.89      0.00     52.63      0.00      0.00      0.00      4.21      0.00      0.00     25.26
09:32:32 AM      38     18.18      0.00     56.57      0.00      0.00      0.00      4.04      0.00      0.00     21.21
09:32:32 AM      39     16.00      0.00     59.00      0.00      0.00      0.00      6.00      0.00      0.00     19.00

09:32:32 AM     CPU      %usr     %nice      %sys   %iowait    %steal      %irq     %soft    %guest    %gnice     %idle
09:32:33 AM      32     14.14      0.00     52.53      0.00      0.00      0.00      4.04      0.00      0.00     29.29
09:32:33 AM      33     16.33      0.00     62.24      0.00      0.00      0.00      1.02      0.00      0.00     20.41
09:32:33 AM      34     20.00      0.00     55.00      0.00      0.00      0.00      3.00      0.00      0.00     22.00
09:32:33 AM      35     16.67      0.00     56.86      0.00      0.00      0.00      2.94      0.00      0.00     23.53
09:32:33 AM      36     12.63      0.00     51.58      0.00      0.00      0.00      4.21      0.00      0.00     31.58
09:32:33 AM      37     14.74      0.00     56.84      0.00      0.00      0.00      3.16      0.00      0.00     25.26
09:32:33 AM      38     13.68      0.00     61.05      0.00      0.00      0.00      3.16      0.00      0.00     22.11
09:32:33 AM      39     14.29      0.00     65.31      0.00      0.00      0.00      2.04      0.00      0.00     18.37

Average:        CPU      %usr     %nice      %sys   %iowait    %steal      %irq     %soft    %guest    %gnice     %idle
Average:         32     15.37      0.00     50.88      0.00      0.00      0.00      3.95      0.00      0.00     29.80
Average:         33     16.53      0.00     60.15      0.00      0.00      0.00      3.56      0.00      0.00     19.77
Average:         34     16.07      0.00     57.52      0.00      0.00      0.00      4.20      0.00      0.00     22.21
Average:         35     14.97      0.00     56.00      0.00      0.00      0.00      4.51      0.00      0.00     24.51
Average:         36     16.22      0.00     51.46      0.00      0.00      0.00      4.26      0.00      0.00     28.07
Average:         37     15.47      0.00     60.75      0.00      0.00      0.00      3.53      0.00      0.00     20.25
Average:         38     14.94      0.00     59.13      0.00      0.00      0.00      3.32      0.00      0.00     22.61
Average:         39     15.42      0.00     55.00      0.00      0.00      0.00      3.44      0.00      0.00     26.15
