Linux 6.12.0-rc5-nfoff-mitioff-ndsim-sv5 (cache-sql13432) 	11/04/2024 	_x86_64_	(64 CPU)

06:37:27 AM     CPU      %usr     %nice      %sys   %iowait    %steal      %irq     %soft    %guest    %gnice     %idle
06:37:28 AM      32      9.00      0.00     91.00      0.00      0.00      0.00      0.00      0.00      0.00      0.00
06:37:28 AM      33      4.00      0.00     96.00      0.00      0.00      0.00      0.00      0.00      0.00      0.00
06:37:28 AM      34      7.00      0.00     92.00      0.00      0.00      0.00      1.00      0.00      0.00      0.00
06:37:28 AM      35      6.00      0.00     94.00      0.00      0.00      0.00      0.00      0.00      0.00      0.00
06:37:28 AM      36      8.00      0.00     92.00      0.00      0.00      0.00      0.00      0.00      0.00      0.00
06:37:28 AM      37      7.00      0.00     93.00      0.00      0.00      0.00      0.00      0.00      0.00      0.00
06:37:28 AM      38      7.07      0.00     92.93      0.00      0.00      0.00      0.00      0.00      0.00      0.00
06:37:28 AM      39      6.06      0.00     93.94      0.00      0.00      0.00      0.00      0.00      0.00      0.00

06:37:28 AM     CPU      %usr     %nice      %sys   %iowait    %steal      %irq     %soft    %guest    %gnice     %idle
06:37:29 AM      32      7.07      0.00     92.93      0.00      0.00      0.00      0.00      0.00      0.00      0.00
06:37:29 AM      33      6.00      0.00     94.00      0.00      0.00      0.00      0.00      0.00      0.00      0.00
06:37:29 AM      34      8.00      0.00     92.00      0.00      0.00      0.00      0.00      0.00      0.00      0.00
06:37:29 AM      35      3.96      0.00     96.04      0.00      0.00      0.00      0.00      0.00      0.00      0.00
06:37:29 AM      36      8.00      0.00     92.00      0.00      0.00      0.00      0.00      0.00      0.00      0.00
06:37:29 AM      37      8.00      0.00     92.00      0.00      0.00      0.00      0.00      0.00      0.00      0.00
06:37:29 AM      38      5.94      0.00     93.07      0.00      0.00      0.00      0.99      0.00      0.00      0.00
06:37:29 AM      39      7.00      0.00     92.00      0.00      0.00      0.00      1.00      0.00      0.00      0.00

06:37:29 AM     CPU      %usr     %nice      %sys   %iowait    %steal      %irq     %soft    %guest    %gnice     %idle
06:37:30 AM      32      9.90      0.00     90.10      0.00      0.00      0.00      0.00      0.00      0.00      0.00
06:37:30 AM      33     10.00      0.00     90.00      0.00      0.00      0.00      0.00      0.00      0.00      0.00
06:37:30 AM      34      7.00      0.00     92.00      0.00      0.00      0.00      1.00      0.00      0.00      0.00
06:37:30 AM      35      5.00      0.00     94.00      0.00      0.00      0.00      1.00      0.00      0.00      0.00
06:37:30 AM      36      8.00      0.00     92.00      0.00      0.00      0.00      0.00      0.00      0.00      0.00
06:37:30 AM      37      9.00      0.00     91.00      0.00      0.00      0.00      0.00      0.00      0.00      0.00
06:37:30 AM      38      4.04      0.00     95.96      0.00      0.00      0.00      0.00      0.00      0.00      0.00
06:37:30 AM      39      5.00      0.00     95.00      0.00      0.00      0.00      0.00      0.00      0.00      0.00

06:37:30 AM     CPU      %usr     %nice      %sys   %iowait    %steal      %irq     %soft    %guest    %gnice     %idle
06:37:31 AM      32      6.06      0.00     93.94      0.00      0.00      0.00      0.00      0.00      0.00      0.00
06:37:31 AM      33      4.00      0.00     96.00      0.00      0.00      0.00      0.00      0.00      0.00      0.00
06:37:31 AM      34      5.00      0.00     95.00      0.00      0.00      0.00      0.00      0.00      0.00      0.00
06:37:31 AM      35      4.00      0.00     96.00      0.00      0.00      0.00      0.00      0.00      0.00      0.00
06:37:31 AM      36      6.06      0.00     93.94      0.00      0.00      0.00      0.00      0.00      0.00      0.00
06:37:31 AM      37     10.00      0.00     90.00      0.00      0.00      0.00      0.00      0.00      0.00      0.00
06:37:31 AM      38      8.00      0.00     92.00      0.00      0.00      0.00      0.00      0.00      0.00      0.00
06:37:31 AM      39      6.06      0.00     93.94      0.00      0.00      0.00      0.00      0.00      0.00      0.00

06:37:31 AM     CPU      %usr     %nice      %sys   %iowait    %steal      %irq     %soft    %guest    %gnice     %idle
06:37:32 AM      32      7.00      0.00     93.00      0.00      0.00      0.00      0.00      0.00      0.00      0.00
06:37:32 AM      33      7.00      0.00     93.00      0.00      0.00      0.00      0.00      0.00      0.00      0.00
06:37:32 AM      34      8.08      0.00     91.92      0.00      0.00      0.00      0.00      0.00      0.00      0.00
06:37:32 AM      35      7.00      0.00     93.00      0.00      0.00      0.00      0.00      0.00      0.00      0.00
06:37:32 AM      36      7.00      0.00     93.00      0.00      0.00      0.00      0.00      0.00      0.00      0.00
06:37:32 AM      37      7.00      0.00     93.00      0.00      0.00      0.00      0.00      0.00      0.00      0.00
06:37:32 AM      38      8.00      0.00     92.00      0.00      0.00      0.00      0.00      0.00      0.00      0.00
06:37:32 AM      39      8.91      0.00     90.10      0.00      0.00      0.00      0.99      0.00      0.00      0.00

06:37:32 AM     CPU      %usr     %nice      %sys   %iowait    %steal      %irq     %soft    %guest    %gnice     %idle
06:37:33 AM      32      4.95      0.00     94.06      0.00      0.00      0.00      0.99      0.00      0.00      0.00
06:37:33 AM      33      5.05      0.00     94.95      0.00      0.00      0.00      0.00      0.00      0.00      0.00
06:37:33 AM      34      5.94      0.00     93.07      0.00      0.00      0.00      0.99      0.00      0.00      0.00
06:37:33 AM      35      7.00      0.00     93.00      0.00      0.00      0.00      0.00      0.00      0.00      0.00
06:37:33 AM      36      7.00      0.00     93.00      0.00      0.00      0.00      0.00      0.00      0.00      0.00
06:37:33 AM      37      7.00      0.00     93.00      0.00      0.00      0.00      0.00      0.00      0.00      0.00
06:37:33 AM      38      6.93      0.00     93.07      0.00      0.00      0.00      0.00      0.00      0.00      0.00
06:37:33 AM      39      5.00      0.00     95.00      0.00      0.00      0.00      0.00      0.00      0.00      0.00

06:37:33 AM     CPU      %usr     %nice      %sys   %iowait    %steal      %irq     %soft    %guest    %gnice     %idle
06:37:34 AM      32      4.00      0.00     95.00      0.00      0.00      0.00      1.00      0.00      0.00      0.00
06:37:34 AM      33      8.00      0.00     92.00      0.00      0.00      0.00      0.00      0.00      0.00      0.00
06:37:34 AM      34      8.91      0.00     91.09      0.00      0.00      0.00      0.00      0.00      0.00      0.00
06:37:34 AM      35      7.00      0.00     92.00      0.00      0.00      0.00      1.00      0.00      0.00      0.00
06:37:34 AM      36      6.00      0.00     94.00      0.00      0.00      0.00      0.00      0.00      0.00      0.00
06:37:34 AM      37      6.00      0.00     94.00      0.00      0.00      0.00      0.00      0.00      0.00      0.00
06:37:34 AM      38      5.05      0.00     94.95      0.00      0.00      0.00      0.00      0.00      0.00      0.00
06:37:34 AM      39      6.00      0.00     94.00      0.00      0.00      0.00      0.00      0.00      0.00      0.00

06:37:34 AM     CPU      %usr     %nice      %sys   %iowait    %steal      %irq     %soft    %guest    %gnice     %idle
06:37:35 AM      32      6.00      0.00     94.00      0.00      0.00      0.00      0.00      0.00      0.00      0.00
06:37:35 AM      33      8.91      0.00     91.09      0.00      0.00      0.00      0.00      0.00      0.00      0.00
06:37:35 AM      34      7.07      0.00     92.93      0.00      0.00      0.00      0.00      0.00      0.00      0.00
06:37:35 AM      35      6.00      0.00     94.00      0.00      0.00      0.00      0.00      0.00      0.00      0.00
06:37:35 AM      36      9.00      0.00     91.00      0.00      0.00      0.00      0.00      0.00      0.00      0.00
06:37:35 AM      37      8.00      0.00     91.00      0.00      0.00      0.00      1.00      0.00      0.00      0.00
06:37:35 AM      38      7.00      0.00     93.00      0.00      0.00      0.00      0.00      0.00      0.00      0.00
06:37:35 AM      39      8.00      0.00     92.00      0.00      0.00      0.00      0.00      0.00      0.00      0.00

06:37:35 AM     CPU      %usr     %nice      %sys   %iowait    %steal      %irq     %soft    %guest    %gnice     %idle
06:37:36 AM      32      3.00      0.00     97.00      0.00      0.00      0.00      0.00      0.00      0.00      0.00
06:37:36 AM      33     10.00      0.00     90.00      0.00      0.00      0.00      0.00      0.00      0.00      0.00
06:37:36 AM      34      6.93      0.00     93.07      0.00      0.00      0.00      0.00      0.00      0.00      0.00
06:37:36 AM      35      5.00      0.00     95.00      0.00      0.00      0.00      0.00      0.00      0.00      0.00
06:37:36 AM      36      6.93      0.00     92.08      0.00      0.00      0.00      0.99      0.00      0.00      0.00
06:37:36 AM      37      4.00      0.00     96.00      0.00      0.00      0.00      0.00      0.00      0.00      0.00
06:37:36 AM      38      5.00      0.00     95.00      0.00      0.00      0.00      0.00      0.00      0.00      0.00
06:37:36 AM      39      6.00      0.00     94.00      0.00      0.00      0.00      0.00      0.00      0.00      0.00

06:37:36 AM     CPU      %usr     %nice      %sys   %iowait    %steal      %irq     %soft    %guest    %gnice     %idle
06:37:37 AM      32      6.00      0.00     94.00      0.00      0.00      0.00      0.00      0.00      0.00      0.00
06:37:37 AM      33      7.00      0.00     93.00      0.00      0.00      0.00      0.00      0.00      0.00      0.00
06:37:37 AM      34      6.06      0.00     93.94      0.00      0.00      0.00      0.00      0.00      0.00      0.00
06:37:37 AM      35      5.00      0.00     95.00      0.00      0.00      0.00      0.00      0.00      0.00      0.00
06:37:37 AM      36      3.00      0.00     97.00      0.00      0.00      0.00      0.00      0.00      0.00      0.00
06:37:37 AM      37      5.00      0.00     95.00      0.00      0.00      0.00      0.00      0.00      0.00      0.00
06:37:37 AM      38      6.00      0.00     94.00      0.00      0.00      0.00      0.00      0.00      0.00      0.00
06:37:37 AM      39      6.00      0.00     94.00      0.00      0.00      0.00      0.00      0.00      0.00      0.00

Average:        CPU      %usr     %nice      %sys   %iowait    %steal      %irq     %soft    %guest    %gnice     %idle
Average:         32      6.30      0.00     93.50      0.00      0.00      0.00      0.20      0.00      0.00      0.00
Average:         33      7.00      0.00     93.00      0.00      0.00      0.00      0.00      0.00      0.00      0.00
Average:         34      7.00      0.00     92.70      0.00      0.00      0.00      0.30      0.00      0.00      0.00
Average:         35      5.59      0.00     94.21      0.00      0.00      0.00      0.20      0.00      0.00      0.00
Average:         36      6.90      0.00     93.00      0.00      0.00      0.00      0.10      0.00      0.00      0.00
Average:         37      7.10      0.00     92.80      0.00      0.00      0.00      0.10      0.00      0.00      0.00
Average:         38      6.31      0.00     93.59      0.00      0.00      0.00      0.10      0.00      0.00      0.00
Average:         39      6.41      0.00     93.39      0.00      0.00      0.00      0.20      0.00      0.00      0.00
