Linux 6.12.0-rc5-nfoff-mitioff-ndsim-sv5 (cache-sql13432) 	11/04/2024 	_x86_64_	(64 CPU)

02:11:22 AM     CPU      %usr     %nice      %sys   %iowait    %steal      %irq     %soft    %guest    %gnice     %idle
02:11:23 AM      32     27.00      0.00     72.00      0.00      0.00      0.00      0.00      0.00      0.00      1.00
02:11:23 AM      33      6.00      0.00     18.00      0.00      0.00      0.00     76.00      0.00      0.00      0.00
02:11:23 AM      34     22.00      0.00     76.00      0.00      0.00      0.00      1.00      0.00      0.00      1.00
02:11:23 AM      35     12.12      0.00     33.33      0.00      0.00      0.00     54.55      0.00      0.00      0.00
02:11:23 AM      36      6.00      0.00     25.00      0.00      0.00      0.00     69.00      0.00      0.00      0.00
02:11:23 AM      37     23.00      0.00     41.00      0.00      0.00      0.00     36.00      0.00      0.00      0.00
02:11:23 AM      38     15.84      0.00     32.67      0.00      0.00      0.00     51.49      0.00      0.00      0.00
02:11:23 AM      39     24.00      0.00     61.00      0.00      0.00      0.00     15.00      0.00      0.00      0.00

02:11:23 AM     CPU      %usr     %nice      %sys   %iowait    %steal      %irq     %soft    %guest    %gnice     %idle
02:11:24 AM      32     38.38      0.00     61.62      0.00      0.00      0.00      0.00      0.00      0.00      0.00
02:11:24 AM      33      7.92      0.00     21.78      0.00      0.00      0.00     70.30      0.00      0.00      0.00
02:11:24 AM      34     25.00      0.00     75.00      0.00      0.00      0.00      0.00      0.00      0.00      0.00
02:11:24 AM      35     11.00      0.00     31.00      0.00      0.00      0.00     58.00      0.00      0.00      0.00
02:11:24 AM      36     10.00      0.00     18.00      0.00      0.00      0.00     72.00      0.00      0.00      0.00
02:11:24 AM      37     17.00      0.00     49.00      0.00      0.00      0.00     34.00      0.00      0.00      0.00
02:11:24 AM      38     10.10      0.00     28.28      0.00      0.00      0.00     61.62      0.00      0.00      0.00
02:11:24 AM      39     18.18      0.00     65.66      0.00      0.00      0.00     16.16      0.00      0.00      0.00

02:11:24 AM     CPU      %usr     %nice      %sys   %iowait    %steal      %irq     %soft    %guest    %gnice     %idle
02:11:25 AM      32     28.00      0.00     72.00      0.00      0.00      0.00      0.00      0.00      0.00      0.00
02:11:25 AM      33     11.11      0.00     23.23      0.00      0.00      0.00     65.66      0.00      0.00      0.00
02:11:25 AM      34     28.00      0.00     71.00      0.00      0.00      0.00      1.00      0.00      0.00      0.00
02:11:25 AM      35     11.00      0.00     30.00      0.00      0.00      0.00     58.00      0.00      0.00      1.00
02:11:25 AM      36      6.38      0.00     18.09      0.00      0.00      0.00     72.34      0.00      0.00      3.19
02:11:25 AM      37     23.23      0.00     34.34      0.00      0.00      0.00     42.42      0.00      0.00      0.00
02:11:25 AM      38     10.00      0.00     33.00      0.00      0.00      0.00     57.00      0.00      0.00      0.00
02:11:25 AM      39     22.00      0.00     60.00      0.00      0.00      0.00     18.00      0.00      0.00      0.00

02:11:25 AM     CPU      %usr     %nice      %sys   %iowait    %steal      %irq     %soft    %guest    %gnice     %idle
02:11:26 AM      32     29.70      0.00     68.32      0.00      0.00      0.00      0.99      0.00      0.00      0.99
02:11:26 AM      33     14.85      0.00     42.57      0.00      0.00      0.00     41.58      0.00      0.00      0.99
02:11:26 AM      34     28.00      0.00     71.00      0.00      0.00      0.00      0.00      0.00      0.00      1.00
02:11:26 AM      35     10.89      0.00     32.67      0.00      0.00      0.00     56.44      0.00      0.00      0.00
02:11:26 AM      36      6.93      0.00     18.81      0.00      0.00      0.00     74.26      0.00      0.00      0.00
02:11:26 AM      37     19.00      0.00     47.00      0.00      0.00      0.00     34.00      0.00      0.00      0.00
02:11:26 AM      38     10.10      0.00     33.33      0.00      0.00      0.00     56.57      0.00      0.00      0.00
02:11:26 AM      39     18.00      0.00     47.00      0.00      0.00      0.00     34.00      0.00      0.00      1.00

02:11:26 AM     CPU      %usr     %nice      %sys   %iowait    %steal      %irq     %soft    %guest    %gnice     %idle
02:11:27 AM      32     21.43      0.00     77.55      0.00      0.00      0.00      1.02      0.00      0.00      0.00
02:11:27 AM      33     18.00      0.00     42.00      0.00      0.00      0.00     40.00      0.00      0.00      0.00
02:11:27 AM      34     22.00      0.00     78.00      0.00      0.00      0.00      0.00      0.00      0.00      0.00
02:11:27 AM      35     14.00      0.00     29.00      0.00      0.00      0.00     57.00      0.00      0.00      0.00
02:11:27 AM      36      8.08      0.00     14.14      0.00      0.00      0.00     77.78      0.00      0.00      0.00
02:11:27 AM      37     20.00      0.00     44.00      0.00      0.00      0.00     36.00      0.00      0.00      0.00
02:11:27 AM      38     10.89      0.00     32.67      0.00      0.00      0.00     56.44      0.00      0.00      0.00
02:11:27 AM      39     21.00      0.00     49.00      0.00      0.00      0.00     30.00      0.00      0.00      0.00

02:11:27 AM     CPU      %usr     %nice      %sys   %iowait    %steal      %irq     %soft    %guest    %gnice     %idle
02:11:28 AM      32     28.28      0.00     70.71      0.00      0.00      0.00      0.00      0.00      0.00      1.01
02:11:28 AM      33     12.12      0.00     29.29      0.00      0.00      0.00     58.59      0.00      0.00      0.00
02:11:28 AM      34     30.00      0.00     70.00      0.00      0.00      0.00      0.00      0.00      0.00      0.00
02:11:28 AM      35      7.07      0.00     30.30      0.00      0.00      0.00     62.63      0.00      0.00      0.00
02:11:28 AM      36     10.00      0.00     18.00      0.00      0.00      0.00     72.00      0.00      0.00      0.00
02:11:28 AM      37     24.24      0.00     43.43      0.00      0.00      0.00     31.31      0.00      0.00      1.01
02:11:28 AM      38     12.12      0.00     26.26      0.00      0.00      0.00     61.62      0.00      0.00      0.00
02:11:28 AM      39     19.39      0.00     56.12      0.00      0.00      0.00     24.49      0.00      0.00      0.00

02:11:28 AM     CPU      %usr     %nice      %sys   %iowait    %steal      %irq     %soft    %guest    %gnice     %idle
02:11:29 AM      32     32.32      0.00     67.68      0.00      0.00      0.00      0.00      0.00      0.00      0.00
02:11:29 AM      33      9.90      0.00     21.78      0.00      0.00      0.00     68.32      0.00      0.00      0.00
02:11:29 AM      34     20.00      0.00     79.00      0.00      0.00      0.00      1.00      0.00      0.00      0.00
02:11:29 AM      35     13.00      0.00     32.00      0.00      0.00      0.00     55.00      0.00      0.00      0.00
02:11:29 AM      36      8.00      0.00     19.00      0.00      0.00      0.00     73.00      0.00      0.00      0.00
02:11:29 AM      37     19.19      0.00     43.43      0.00      0.00      0.00     37.37      0.00      0.00      0.00
02:11:29 AM      38     13.00      0.00     26.00      0.00      0.00      0.00     61.00      0.00      0.00      0.00
02:11:29 AM      39     23.23      0.00     61.62      0.00      0.00      0.00     15.15      0.00      0.00      0.00

02:11:29 AM     CPU      %usr     %nice      %sys   %iowait    %steal      %irq     %soft    %guest    %gnice     %idle
02:11:30 AM      32     24.75      0.00     73.27      0.00      0.00      0.00      0.99      0.00      0.00      0.99
02:11:30 AM      33      6.00      0.00     31.00      0.00      0.00      0.00     63.00      0.00      0.00      0.00
02:11:30 AM      34     27.00      0.00     72.00      0.00      0.00      0.00      0.00      0.00      0.00      1.00
02:11:30 AM      35     10.00      0.00     29.00      0.00      0.00      0.00     61.00      0.00      0.00      0.00
02:11:30 AM      36      6.00      0.00     24.00      0.00      0.00      0.00     70.00      0.00      0.00      0.00
02:11:30 AM      37     22.00      0.00     45.00      0.00      0.00      0.00     33.00      0.00      0.00      0.00
02:11:30 AM      38     10.00      0.00     31.00      0.00      0.00      0.00     59.00      0.00      0.00      0.00
02:11:30 AM      39     21.21      0.00     54.55      0.00      0.00      0.00     24.24      0.00      0.00      0.00

02:11:30 AM     CPU      %usr     %nice      %sys   %iowait    %steal      %irq     %soft    %guest    %gnice     %idle
02:11:31 AM      32     32.00      0.00     68.00      0.00      0.00      0.00      0.00      0.00      0.00      0.00
02:11:31 AM      33     17.00      0.00     45.00      0.00      0.00      0.00     38.00      0.00      0.00      0.00
02:11:31 AM      34     27.00      0.00     72.00      0.00      0.00      0.00      1.00      0.00      0.00      0.00
02:11:31 AM      35     10.10      0.00     33.33      0.00      0.00      0.00     56.57      0.00      0.00      0.00
02:11:31 AM      36      7.00      0.00     20.00      0.00      0.00      0.00     73.00      0.00      0.00      0.00
02:11:31 AM      37     20.00      0.00     38.00      0.00      0.00      0.00     42.00      0.00      0.00      0.00
02:11:31 AM      38     17.00      0.00     29.00      0.00      0.00      0.00     54.00      0.00      0.00      0.00
02:11:31 AM      39     17.82      0.00     47.52      0.00      0.00      0.00     34.65      0.00      0.00      0.00

02:11:31 AM     CPU      %usr     %nice      %sys   %iowait    %steal      %irq     %soft    %guest    %gnice     %idle
02:11:32 AM      32     36.00      0.00     63.00      0.00      0.00      0.00      0.00      0.00      0.00      1.00
02:11:32 AM      33     18.18      0.00     47.47      0.00      0.00      0.00     34.34      0.00      0.00      0.00
02:11:32 AM      34     25.74      0.00     74.26      0.00      0.00      0.00      0.00      0.00      0.00      0.00
02:11:32 AM      35      9.00      0.00     31.00      0.00      0.00      0.00     60.00      0.00      0.00      0.00
02:11:32 AM      36      8.08      0.00     18.18      0.00      0.00      0.00     73.74      0.00      0.00      0.00
02:11:32 AM      37     18.00      0.00     47.00      0.00      0.00      0.00     35.00      0.00      0.00      0.00
02:11:32 AM      38     13.00      0.00     27.00      0.00      0.00      0.00     60.00      0.00      0.00      0.00
02:11:32 AM      39     19.61      0.00     44.12      0.00      0.00      0.00     35.29      0.00      0.00      0.98

Average:        CPU      %usr     %nice      %sys   %iowait    %steal      %irq     %soft    %guest    %gnice     %idle
Average:         32     29.79      0.00     69.41      0.00      0.00      0.00      0.30      0.00      0.00      0.50
Average:         33     12.10      0.00     32.20      0.00      0.00      0.00     55.60      0.00      0.00      0.10
Average:         34     25.47      0.00     73.83      0.00      0.00      0.00      0.40      0.00      0.00      0.30
Average:         35     10.82      0.00     31.16      0.00      0.00      0.00     57.92      0.00      0.00      0.10
Average:         36      7.65      0.00     19.34      0.00      0.00      0.00     72.71      0.00      0.00      0.30
Average:         37     20.56      0.00     43.23      0.00      0.00      0.00     36.11      0.00      0.00      0.10
Average:         38     12.21      0.00     29.93      0.00      0.00      0.00     57.86      0.00      0.00      0.00
Average:         39     20.44      0.00     54.61      0.00      0.00      0.00     24.75      0.00      0.00      0.20
