Linux 6.12.0-rc5-nfoff-mitioff-ndsim-sv5 (cache-sql13432) 	11/03/2024 	_x86_64_	(64 CPU)

05:53:20 AM     CPU      %usr     %nice      %sys   %iowait    %steal      %irq     %soft    %guest    %gnice     %idle
05:53:21 AM      32     16.00      0.00     41.00      0.00      0.00      0.00     43.00      0.00      0.00      0.00
05:53:21 AM      33     20.20      0.00     43.43      0.00      0.00      0.00     36.36      0.00      0.00      0.00
05:53:21 AM      34     23.00      0.00     42.00      0.00      0.00      0.00     35.00      0.00      0.00      0.00
05:53:21 AM      35     13.00      0.00     41.00      0.00      0.00      0.00     45.00      0.00      0.00      1.00
05:53:21 AM      36     14.85      0.00     46.53      0.00      0.00      0.00     38.61      0.00      0.00      0.00
05:53:21 AM      37     20.20      0.00     45.45      0.00      0.00      0.00     34.34      0.00      0.00      0.00
05:53:21 AM      38     17.00      0.00     47.00      0.00      0.00      0.00     36.00      0.00      0.00      0.00
05:53:21 AM      39     18.00      0.00     42.00      0.00      0.00      0.00     40.00      0.00      0.00      0.00

05:53:21 AM     CPU      %usr     %nice      %sys   %iowait    %steal      %irq     %soft    %guest    %gnice     %idle
05:53:22 AM      32     13.13      0.00     41.41      0.00      0.00      0.00     45.45      0.00      0.00      0.00
05:53:22 AM      33     27.00      0.00     42.00      0.00      0.00      0.00     31.00      0.00      0.00      0.00
05:53:22 AM      34     16.00      0.00     46.00      0.00      0.00      0.00     38.00      0.00      0.00      0.00
05:53:22 AM      35     11.88      0.00     40.59      0.00      0.00      0.00     47.52      0.00      0.00      0.00
05:53:22 AM      36     14.14      0.00     39.39      0.00      0.00      0.00     46.46      0.00      0.00      0.00
05:53:22 AM      37     22.00      0.00     44.00      0.00      0.00      0.00     34.00      0.00      0.00      0.00
05:53:22 AM      38     20.00      0.00     46.00      0.00      0.00      0.00     34.00      0.00      0.00      0.00
05:53:22 AM      39     17.82      0.00     44.55      0.00      0.00      0.00     37.62      0.00      0.00      0.00

05:53:22 AM     CPU      %usr     %nice      %sys   %iowait    %steal      %irq     %soft    %guest    %gnice     %idle
05:53:23 AM      32     15.00      0.00     40.00      0.00      0.00      0.00     45.00      0.00      0.00      0.00
05:53:23 AM      33     19.00      0.00     40.00      0.00      0.00      0.00     41.00      0.00      0.00      0.00
05:53:23 AM      34     17.00      0.00     39.00      0.00      0.00      0.00     44.00      0.00      0.00      0.00
05:53:23 AM      35     16.00      0.00     33.00      0.00      0.00      0.00     51.00      0.00      0.00      0.00
05:53:23 AM      36     17.00      0.00     40.00      0.00      0.00      0.00     43.00      0.00      0.00      0.00
05:53:23 AM      37     19.80      0.00     45.54      0.00      0.00      0.00     34.65      0.00      0.00      0.00
05:53:23 AM      38     14.14      0.00     47.47      0.00      0.00      0.00     38.38      0.00      0.00      0.00
05:53:23 AM      39     19.19      0.00     41.41      0.00      0.00      0.00     39.39      0.00      0.00      0.00

05:53:23 AM     CPU      %usr     %nice      %sys   %iowait    %steal      %irq     %soft    %guest    %gnice     %idle
05:53:24 AM      32     14.14      0.00     42.42      0.00      0.00      0.00     43.43      0.00      0.00      0.00
05:53:24 AM      33     22.00      0.00     42.00      0.00      0.00      0.00     36.00      0.00      0.00      0.00
05:53:24 AM      34     20.79      0.00     43.56      0.00      0.00      0.00     35.64      0.00      0.00      0.00
05:53:24 AM      35     15.00      0.00     42.00      0.00      0.00      0.00     43.00      0.00      0.00      0.00
05:53:24 AM      36     13.00      0.00     44.00      0.00      0.00      0.00     43.00      0.00      0.00      0.00
05:53:24 AM      37     14.14      0.00     51.52      0.00      0.00      0.00     34.34      0.00      0.00      0.00
05:53:24 AM      38     18.00      0.00     45.00      0.00      0.00      0.00     37.00      0.00      0.00      0.00
05:53:24 AM      39     18.00      0.00     38.00      0.00      0.00      0.00     44.00      0.00      0.00      0.00

05:53:24 AM     CPU      %usr     %nice      %sys   %iowait    %steal      %irq     %soft    %guest    %gnice     %idle
05:53:25 AM      32     14.00      0.00     43.00      0.00      0.00      0.00     43.00      0.00      0.00      0.00
05:53:25 AM      33     21.00      0.00     38.00      0.00      0.00      0.00     41.00      0.00      0.00      0.00
05:53:25 AM      34     17.00      0.00     48.00      0.00      0.00      0.00     35.00      0.00      0.00      0.00
05:53:25 AM      35     11.00      0.00     36.00      0.00      0.00      0.00     53.00      0.00      0.00      0.00
05:53:25 AM      36     12.00      0.00     49.00      0.00      0.00      0.00     39.00      0.00      0.00      0.00
05:53:25 AM      37     17.17      0.00     47.47      0.00      0.00      0.00     35.35      0.00      0.00      0.00
05:53:25 AM      38     14.00      0.00     51.00      0.00      0.00      0.00     35.00      0.00      0.00      0.00
05:53:25 AM      39     19.19      0.00     47.47      0.00      0.00      0.00     33.33      0.00      0.00      0.00

05:53:25 AM     CPU      %usr     %nice      %sys   %iowait    %steal      %irq     %soft    %guest    %gnice     %idle
05:53:26 AM      32     12.87      0.00     39.60      0.00      0.00      0.00     47.52      0.00      0.00      0.00
05:53:26 AM      33     20.79      0.00     46.53      0.00      0.00      0.00     32.67      0.00      0.00      0.00
05:53:26 AM      34     19.00      0.00     42.00      0.00      0.00      0.00     38.00      0.00      0.00      1.00
05:53:26 AM      35     17.00      0.00     32.00      0.00      0.00      0.00     51.00      0.00      0.00      0.00
05:53:26 AM      36     18.00      0.00     43.00      0.00      0.00      0.00     39.00      0.00      0.00      0.00
05:53:26 AM      37     20.79      0.00     43.56      0.00      0.00      0.00     35.64      0.00      0.00      0.00
05:53:26 AM      38     14.85      0.00     46.53      0.00      0.00      0.00     38.61      0.00      0.00      0.00
05:53:26 AM      39     20.00      0.00     38.00      0.00      0.00      0.00     42.00      0.00      0.00      0.00

05:53:26 AM     CPU      %usr     %nice      %sys   %iowait    %steal      %irq     %soft    %guest    %gnice     %idle
05:53:27 AM      32     13.00      0.00     41.00      0.00      0.00      0.00     46.00      0.00      0.00      0.00
05:53:27 AM      33     22.45      0.00     41.84      0.00      0.00      0.00     35.71      0.00      0.00      0.00
05:53:27 AM      34     19.00      0.00     43.00      0.00      0.00      0.00     38.00      0.00      0.00      0.00
05:53:27 AM      35     11.00      0.00     41.00      0.00      0.00      0.00     48.00      0.00      0.00      0.00
05:53:27 AM      36     15.15      0.00     42.42      0.00      0.00      0.00     42.42      0.00      0.00      0.00
05:53:27 AM      37     18.00      0.00     45.00      0.00      0.00      0.00     37.00      0.00      0.00      0.00
05:53:27 AM      38     19.19      0.00     38.38      0.00      0.00      0.00     42.42      0.00      0.00      0.00
05:53:27 AM      39     15.84      0.00     47.52      0.00      0.00      0.00     36.63      0.00      0.00      0.00

05:53:27 AM     CPU      %usr     %nice      %sys   %iowait    %steal      %irq     %soft    %guest    %gnice     %idle
05:53:28 AM      32     12.00      0.00     39.00      0.00      0.00      0.00     49.00      0.00      0.00      0.00
05:53:28 AM      33     22.77      0.00     38.61      0.00      0.00      0.00     38.61      0.00      0.00      0.00
05:53:28 AM      34     19.00      0.00     40.00      0.00      0.00      0.00     41.00      0.00      0.00      0.00
05:53:28 AM      35     15.84      0.00     40.59      0.00      0.00      0.00     43.56      0.00      0.00      0.00
05:53:28 AM      36     17.82      0.00     39.60      0.00      0.00      0.00     42.57      0.00      0.00      0.00
05:53:28 AM      37     22.00      0.00     44.00      0.00      0.00      0.00     34.00      0.00      0.00      0.00
05:53:28 AM      38     15.00      0.00     48.00      0.00      0.00      0.00     37.00      0.00      0.00      0.00
05:53:28 AM      39     18.18      0.00     42.42      0.00      0.00      0.00     39.39      0.00      0.00      0.00

05:53:28 AM     CPU      %usr     %nice      %sys   %iowait    %steal      %irq     %soft    %guest    %gnice     %idle
05:53:29 AM      32     13.86      0.00     40.59      0.00      0.00      0.00     45.54      0.00      0.00      0.00
05:53:29 AM      33     22.22      0.00     39.39      0.00      0.00      0.00     38.38      0.00      0.00      0.00
05:53:29 AM      34     22.00      0.00     47.00      0.00      0.00      0.00     31.00      0.00      0.00      0.00
05:53:29 AM      35     13.27      0.00     39.80      0.00      0.00      0.00     46.94      0.00      0.00      0.00
05:53:29 AM      36     17.00      0.00     40.00      0.00      0.00      0.00     43.00      0.00      0.00      0.00
05:53:29 AM      37     20.20      0.00     45.45      0.00      0.00      0.00     34.34      0.00      0.00      0.00
05:53:29 AM      38     17.82      0.00     39.60      0.00      0.00      0.00     42.57      0.00      0.00      0.00
05:53:29 AM      39     21.00      0.00     44.00      0.00      0.00      0.00     35.00      0.00      0.00      0.00

05:53:29 AM     CPU      %usr     %nice      %sys   %iowait    %steal      %irq     %soft    %guest    %gnice     %idle
05:53:30 AM      32     16.00      0.00     34.00      0.00      0.00      0.00     50.00      0.00      0.00      0.00
05:53:30 AM      33     22.77      0.00     44.55      0.00      0.00      0.00     32.67      0.00      0.00      0.00
05:53:30 AM      34     16.00      0.00     43.00      0.00      0.00      0.00     41.00      0.00      0.00      0.00
05:53:30 AM      35     12.87      0.00     39.60      0.00      0.00      0.00     47.52      0.00      0.00      0.00
05:53:30 AM      36     16.00      0.00     40.00      0.00      0.00      0.00     44.00      0.00      0.00      0.00
05:53:30 AM      37     19.80      0.00     44.55      0.00      0.00      0.00     35.64      0.00      0.00      0.00
05:53:30 AM      38     19.00      0.00     50.00      0.00      0.00      0.00     31.00      0.00      0.00      0.00
05:53:30 AM      39     19.19      0.00     47.47      0.00      0.00      0.00     33.33      0.00      0.00      0.00

Average:        CPU      %usr     %nice      %sys   %iowait    %steal      %irq     %soft    %guest    %gnice     %idle
Average:         32     14.00      0.00     40.20      0.00      0.00      0.00     45.80      0.00      0.00      0.00
Average:         33     22.02      0.00     41.64      0.00      0.00      0.00     36.34      0.00      0.00      0.00
Average:         34     18.88      0.00     43.36      0.00      0.00      0.00     37.66      0.00      0.00      0.10
Average:         35     13.69      0.00     38.56      0.00      0.00      0.00     47.65      0.00      0.00      0.10
Average:         36     15.50      0.00     42.40      0.00      0.00      0.00     42.10      0.00      0.00      0.00
Average:         37     19.42      0.00     45.65      0.00      0.00      0.00     34.93      0.00      0.00      0.00
Average:         38     16.90      0.00     45.90      0.00      0.00      0.00     37.20      0.00      0.00      0.00
Average:         39     18.64      0.00     43.29      0.00      0.00      0.00     38.08      0.00      0.00      0.00
