Linux 6.12.0-rc5-nfoff-mitioff-ndsim-sv5 (cache-sql13432) 	11/03/2024 	_x86_64_	(64 CPU)

03:18:43 PM     CPU      %usr     %nice      %sys   %iowait    %steal      %irq     %soft    %guest    %gnice     %idle
03:18:44 PM      32      3.26      0.00      8.70      0.00      0.00      0.00     13.04      0.00      0.00     75.00
03:18:44 PM      33      3.23      0.00     11.83      0.00      0.00      0.00      9.68      0.00      0.00     75.27
03:18:44 PM      34      5.26      0.00     10.53      0.00      0.00      0.00     11.58      0.00      0.00     72.63
03:18:44 PM      35      5.26      0.00     10.53      0.00      0.00      0.00      9.47      0.00      0.00     74.74
03:18:44 PM      36      4.60      0.00      9.20      0.00      0.00      0.00      6.90      0.00      0.00     79.31
03:18:44 PM      37      2.22      0.00     12.22      0.00      0.00      0.00      8.89      0.00      0.00     76.67
03:18:44 PM      38      5.32      0.00     10.64      0.00      0.00      0.00     10.64      0.00      0.00     73.40
03:18:44 PM      39      5.21      0.00      9.38      0.00      0.00      0.00     13.54      0.00      0.00     71.88

03:18:44 PM     CPU      %usr     %nice      %sys   %iowait    %steal      %irq     %soft    %guest    %gnice     %idle
03:18:45 PM      32      4.35      0.00      9.78      0.00      0.00      0.00      9.78      0.00      0.00     76.09
03:18:45 PM      33      5.56      0.00      7.78      0.00      0.00      0.00      8.89      0.00      0.00     77.78
03:18:45 PM      34      4.40      0.00      6.59      0.00      0.00      0.00     13.19      0.00      0.00     75.82
03:18:45 PM      35      4.30      0.00     10.75      0.00      0.00      0.00      9.68      0.00      0.00     75.27
03:18:45 PM      36      4.40      0.00      8.79      0.00      0.00      0.00      9.89      0.00      0.00     76.92
03:18:45 PM      37      3.30      0.00      9.89      0.00      0.00      0.00     10.99      0.00      0.00     75.82
03:18:45 PM      38      3.23      0.00     10.75      0.00      0.00      0.00     11.83      0.00      0.00     74.19
03:18:45 PM      39      4.17      0.00     11.46      0.00      0.00      0.00     11.46      0.00      0.00     72.92

03:18:45 PM     CPU      %usr     %nice      %sys   %iowait    %steal      %irq     %soft    %guest    %gnice     %idle
03:18:46 PM      32      4.17      0.00     10.42      0.00      0.00      0.00     14.58      0.00      0.00     70.83
03:18:46 PM      33      2.22      0.00      7.78      0.00      0.00      0.00     13.33      0.00      0.00     76.67
03:18:46 PM      34      4.40      0.00      9.89      0.00      0.00      0.00     10.99      0.00      0.00     74.73
03:18:46 PM      35      3.30      0.00      9.89      1.10      0.00      0.00      9.89      0.00      0.00     75.82
03:18:46 PM      36      4.44      0.00      8.89      0.00      0.00      0.00     12.22      0.00      0.00     74.44
03:18:46 PM      37      4.40      0.00     12.09      0.00      0.00      0.00      9.89      0.00      0.00     73.63
03:18:46 PM      38      6.52      0.00      9.78      0.00      0.00      0.00     10.87      0.00      0.00     72.83
03:18:46 PM      39      5.38      0.00     10.75      0.00      0.00      0.00     10.75      0.00      0.00     73.12

03:18:46 PM     CPU      %usr     %nice      %sys   %iowait    %steal      %irq     %soft    %guest    %gnice     %idle
03:18:47 PM      32      3.26      0.00     10.87      0.00      0.00      0.00      9.78      0.00      0.00     76.09
03:18:47 PM      33      2.27      0.00      7.95      0.00      0.00      0.00     10.23      0.00      0.00     79.55
03:18:47 PM      34      4.35      0.00      7.61      0.00      0.00      0.00     13.04      0.00      0.00     75.00
03:18:47 PM      35      3.30      0.00      7.69      0.00      0.00      0.00     10.99      0.00      0.00     78.02
03:18:47 PM      36      3.45      0.00      8.05      0.00      0.00      0.00      8.05      0.00      0.00     80.46
03:18:47 PM      37      8.42      0.00      9.47      0.00      0.00      0.00      9.47      0.00      0.00     72.63
03:18:47 PM      38      4.30      0.00     12.90      0.00      0.00      0.00      8.60      0.00      0.00     74.19
03:18:47 PM      39      4.35      0.00      8.70      0.00      0.00      0.00     10.87      0.00      0.00     76.09

03:18:47 PM     CPU      %usr     %nice      %sys   %iowait    %steal      %irq     %soft    %guest    %gnice     %idle
03:18:48 PM      32      5.38      0.00      8.60      0.00      0.00      0.00     10.75      0.00      0.00     75.27
03:18:48 PM      33      4.12      0.00      8.25      0.00      0.00      0.00     15.46      0.00      0.00     72.16
03:18:48 PM      34      6.59      0.00      8.79      0.00      0.00      0.00      9.89      0.00      0.00     74.73
03:18:48 PM      35      3.19      0.00     10.64      0.00      0.00      0.00     11.70      0.00      0.00     74.47
03:18:48 PM      36      6.12      0.00     10.20      0.00      0.00      0.00     14.29      0.00      0.00     69.39
03:18:48 PM      37      2.25      0.00     11.24      0.00      0.00      0.00      8.99      0.00      0.00     77.53
03:18:48 PM      38      5.43      0.00      8.70      0.00      0.00      0.00     11.96      0.00      0.00     73.91
03:18:48 PM      39      4.30      0.00      9.68      0.00      0.00      0.00     11.83      0.00      0.00     74.19

03:18:48 PM     CPU      %usr     %nice      %sys   %iowait    %steal      %irq     %soft    %guest    %gnice     %idle
03:18:49 PM      32      4.40      0.00     10.99      0.00      0.00      0.00      8.79      0.00      0.00     75.82
03:18:49 PM      33      3.26      0.00     11.96      0.00      0.00      0.00      9.78      0.00      0.00     75.00
03:18:49 PM      34      5.26      0.00     10.53      0.00      0.00      0.00     12.63      0.00      0.00     71.58
03:18:49 PM      35      4.44      0.00      8.89      0.00      0.00      0.00      8.89      0.00      0.00     77.78
03:18:49 PM      36      4.44      0.00     10.00      0.00      0.00      0.00      8.89      0.00      0.00     76.67
03:18:49 PM      37      5.32      0.00     11.70      0.00      0.00      0.00     10.64      0.00      0.00     72.34
03:18:49 PM      38      3.30      0.00     12.09      0.00      0.00      0.00      8.79      0.00      0.00     75.82
03:18:49 PM      39      4.26      0.00     11.70      0.00      0.00      0.00     11.70      0.00      0.00     72.34

03:18:49 PM     CPU      %usr     %nice      %sys   %iowait    %steal      %irq     %soft    %guest    %gnice     %idle
03:18:50 PM      32      5.21      0.00     10.42      0.00      0.00      0.00     12.50      0.00      0.00     71.88
03:18:50 PM      33      5.26      0.00     11.58      0.00      0.00      0.00     10.53      0.00      0.00     72.63
03:18:50 PM      34      4.17      0.00     12.50      0.00      0.00      0.00     12.50      0.00      0.00     70.83
03:18:50 PM      35      3.16      0.00     12.63      0.00      0.00      0.00     10.53      0.00      0.00     73.68
03:18:50 PM      36      6.06      0.00     13.13      0.00      0.00      0.00     11.11      0.00      0.00     69.70
03:18:50 PM      37      5.49      0.00      9.89      0.00      0.00      0.00      9.89      0.00      0.00     74.73
03:18:50 PM      38      3.23      0.00     10.75      0.00      0.00      0.00     12.90      0.00      0.00     73.12
03:18:50 PM      39      4.21      0.00      7.37      0.00      0.00      0.00     15.79      0.00      0.00     72.63

03:18:50 PM     CPU      %usr     %nice      %sys   %iowait    %steal      %irq     %soft    %guest    %gnice     %idle
03:18:51 PM      32      3.37      0.00     11.24      0.00      0.00      0.00      8.99      0.00      0.00     76.40
03:18:51 PM      33      4.30      0.00      7.53      0.00      0.00      0.00     15.05      0.00      0.00     73.12
03:18:51 PM      34      3.26      0.00      8.70      0.00      0.00      0.00     14.13      0.00      0.00     73.91
03:18:51 PM      35      4.40      0.00     10.99      0.00      0.00      0.00      8.79      0.00      0.00     75.82
03:18:51 PM      36      4.12      0.00     11.34      0.00      0.00      0.00     15.46      0.00      0.00     69.07
03:18:51 PM      37      5.26      0.00     10.53      0.00      0.00      0.00     13.68      0.00      0.00     70.53
03:18:51 PM      38      3.37      0.00      8.99      0.00      0.00      0.00     11.24      0.00      0.00     76.40
03:18:51 PM      39      6.12      0.00     12.24      0.00      0.00      0.00     12.24      0.00      0.00     69.39

03:18:51 PM     CPU      %usr     %nice      %sys   %iowait    %steal      %irq     %soft    %guest    %gnice     %idle
03:18:52 PM      32      4.26      0.00     10.64      0.00      0.00      0.00      9.57      0.00      0.00     75.53
03:18:52 PM      33      4.12      0.00     14.43      0.00      0.00      0.00      9.28      0.00      0.00     72.16
03:18:52 PM      34      2.20      0.00     12.09      0.00      0.00      0.00     12.09      0.00      0.00     73.63
03:18:52 PM      35      4.35      0.00     13.04      0.00      0.00      0.00      7.61      0.00      0.00     75.00
03:18:52 PM      36      3.19      0.00     13.83      0.00      0.00      0.00      8.51      0.00      0.00     74.47
03:18:52 PM      37      3.37      0.00     10.11      0.00      0.00      0.00     11.24      0.00      0.00     75.28
03:18:52 PM      38      4.30      0.00     10.75      0.00      0.00      0.00     11.83      0.00      0.00     73.12
03:18:52 PM      39      2.25      0.00     11.24      0.00      0.00      0.00     10.11      0.00      0.00     76.40

03:18:52 PM     CPU      %usr     %nice      %sys   %iowait    %steal      %irq     %soft    %guest    %gnice     %idle
03:18:53 PM      32      6.52      0.00     10.87      0.00      0.00      0.00      7.61      0.00      0.00     75.00
03:18:53 PM      33      4.17      0.00      8.33      0.00      0.00      0.00     16.67      0.00      0.00     70.83
03:18:53 PM      34      5.32      0.00     10.64      0.00      0.00      0.00     11.70      0.00      0.00     72.34
03:18:53 PM      35      2.13      0.00     12.77      0.00      0.00      0.00     10.64      0.00      0.00     74.47
03:18:53 PM      36      3.26      0.00      9.78      0.00      0.00      0.00     13.04      0.00      0.00     73.91
03:18:53 PM      37      4.40      0.00      9.89      0.00      0.00      0.00     10.99      0.00      0.00     74.73
03:18:53 PM      38      5.26      0.00      9.47      0.00      0.00      0.00     13.68      0.00      0.00     71.58
03:18:53 PM      39      5.10      0.00      9.18      0.00      0.00      0.00     15.31      0.00      0.00     70.41

Average:        CPU      %usr     %nice      %sys   %iowait    %steal      %irq     %soft    %guest    %gnice     %idle
Average:         32      4.42      0.00     10.25      0.00      0.00      0.00     10.57      0.00      0.00     74.76
Average:         33      3.87      0.00      9.77      0.00      0.00      0.00     11.92      0.00      0.00     74.44
Average:         34      4.53      0.00      9.81      0.00      0.00      0.00     12.18      0.00      0.00     73.49
Average:         35      3.78      0.00     10.80      0.11      0.00      0.00      9.83      0.00      0.00     75.49
Average:         36      4.43      0.00     10.38      0.00      0.00      0.00     10.92      0.00      0.00     74.27
Average:         37      4.48      0.00     10.70      0.00      0.00      0.00     10.48      0.00      0.00     74.34
Average:         38      4.43      0.00     10.49      0.00      0.00      0.00     11.24      0.00      0.00     73.84
Average:         39      4.56      0.00     10.17      0.00      0.00      0.00     12.39      0.00      0.00     72.88
