Linux 6.12.0-rc5-nfoff-mitioff-ndsim-sv5 (cache-sql13432) 	11/03/2024 	_x86_64_	(64 CPU)

07:31:54 PM     CPU      %usr     %nice      %sys   %iowait    %steal      %irq     %soft    %guest    %gnice     %idle
07:31:55 PM      32      3.12      0.00     20.83      0.00      0.00      0.00     14.58      0.00      0.00     61.46
07:31:55 PM      33      8.08      0.00     22.22      0.00      0.00      0.00     15.15      0.00      0.00     54.55
07:31:55 PM      34      8.60      0.00     24.73      0.00      0.00      0.00     10.75      0.00      0.00     55.91
07:31:55 PM      35      7.45      0.00     22.34      0.00      0.00      0.00      8.51      0.00      0.00     61.70
07:31:55 PM      36      8.25      0.00     21.65      0.00      0.00      0.00     10.31      0.00      0.00     59.79
07:31:55 PM      37      5.21      0.00     26.04      0.00      0.00      0.00     12.50      0.00      0.00     56.25
07:31:55 PM      38      7.22      0.00     21.65      0.00      0.00      0.00     12.37      0.00      0.00     58.76
07:31:55 PM      39      6.45      0.00     22.58      0.00      0.00      0.00     12.90      0.00      0.00     58.06

07:31:55 PM     CPU      %usr     %nice      %sys   %iowait    %steal      %irq     %soft    %guest    %gnice     %idle
07:31:56 PM      32      5.26      0.00     21.05      0.00      0.00      0.00     11.58      0.00      0.00     62.11
07:31:56 PM      33      8.70      0.00     25.00      0.00      0.00      0.00      7.61      0.00      0.00     58.70
07:31:56 PM      34      5.15      0.00     28.87      0.00      0.00      0.00     12.37      0.00      0.00     53.61
07:31:56 PM      35      8.57      0.00     24.76      0.00      0.00      0.00     11.43      0.00      0.00     55.24
07:31:56 PM      36      7.22      0.00     22.68      0.00      0.00      0.00     12.37      0.00      0.00     57.73
07:31:56 PM      37      7.29      0.00     21.88      0.00      0.00      0.00     13.54      0.00      0.00     57.29
07:31:56 PM      38      8.42      0.00     22.11      0.00      0.00      0.00     10.53      0.00      0.00     58.95
07:31:56 PM      39      7.22      0.00     24.74      0.00      0.00      0.00     12.37      0.00      0.00     55.67

07:31:56 PM     CPU      %usr     %nice      %sys   %iowait    %steal      %irq     %soft    %guest    %gnice     %idle
07:31:57 PM      32      4.40      0.00     24.18      0.00      0.00      0.00      8.79      0.00      0.00     62.64
07:31:57 PM      33      8.74      0.00     22.33      0.00      0.00      0.00     16.50      0.00      0.00     52.43
07:31:57 PM      34      6.45      0.00     24.73      0.00      0.00      0.00     12.90      0.00      0.00     55.91
07:31:57 PM      35      7.22      0.00     22.68      0.00      0.00      0.00     12.37      0.00      0.00     57.73
07:31:57 PM      36      6.32      0.00     22.11      0.00      0.00      0.00     11.58      0.00      0.00     60.00
07:31:57 PM      37      7.14      0.00     23.47      0.00      0.00      0.00     12.24      0.00      0.00     57.14
07:31:57 PM      38      7.53      0.00     25.81      0.00      0.00      0.00     10.75      0.00      0.00     55.91
07:31:57 PM      39      7.37      0.00     20.00      0.00      0.00      0.00     14.74      0.00      0.00     57.89

07:31:57 PM     CPU      %usr     %nice      %sys   %iowait    %steal      %irq     %soft    %guest    %gnice     %idle
07:31:58 PM      32      7.14      0.00     23.47      0.00      0.00      0.00     13.27      0.00      0.00     56.12
07:31:58 PM      33      5.43      0.00     21.74      0.00      0.00      0.00     13.04      0.00      0.00     59.78
07:31:58 PM      34     10.89      0.00     23.76      0.99      0.00      0.00     13.86      0.00      0.00     50.50
07:31:58 PM      35      8.16      0.00     25.51      0.00      0.00      0.00      8.16      0.00      0.00     58.16
07:31:58 PM      36      8.25      0.00     21.65      0.00      0.00      0.00     14.43      0.00      0.00     55.67
07:31:58 PM      37      6.19      0.00     27.84      0.00      0.00      0.00      9.28      0.00      0.00     56.70
07:31:58 PM      38      4.00      0.00     29.00      0.00      0.00      0.00     13.00      0.00      0.00     54.00
07:31:58 PM      39      5.15      0.00     23.71      0.00      0.00      0.00     12.37      0.00      0.00     58.76

07:31:58 PM     CPU      %usr     %nice      %sys   %iowait    %steal      %irq     %soft    %guest    %gnice     %idle
07:31:59 PM      32      6.25      0.00     26.04      0.00      0.00      0.00     11.46      0.00      0.00     56.25
07:31:59 PM      33      7.37      0.00     20.00      0.00      0.00      0.00     11.58      0.00      0.00     61.05
07:31:59 PM      34      6.06      0.00     29.29      0.00      0.00      0.00     11.11      0.00      0.00     53.54
07:31:59 PM      35      6.93      0.00     22.77      0.00      0.00      0.00     13.86      0.00      0.00     56.44
07:31:59 PM      36      5.49      0.00     21.98      0.00      0.00      0.00     12.09      0.00      0.00     60.44
07:31:59 PM      37      6.45      0.00     23.66      0.00      0.00      0.00      9.68      0.00      0.00     60.22
07:31:59 PM      38      7.29      0.00     26.04      0.00      0.00      0.00     11.46      0.00      0.00     55.21
07:31:59 PM      39      3.19      0.00     27.66      0.00      0.00      0.00      8.51      0.00      0.00     60.64

07:31:59 PM     CPU      %usr     %nice      %sys   %iowait    %steal      %irq     %soft    %guest    %gnice     %idle
07:32:00 PM      32      7.22      0.00     21.65      0.00      0.00      0.00     14.43      0.00      0.00     56.70
07:32:00 PM      33      7.92      0.00     23.76      0.00      0.00      0.00     13.86      0.00      0.00     54.46
07:32:00 PM      34      7.29      0.00     25.00      0.00      0.00      0.00     11.46      0.00      0.00     56.25
07:32:00 PM      35      9.78      0.00     17.39      0.00      0.00      0.00     10.87      0.00      0.00     61.96
07:32:00 PM      36     10.68      0.00     26.21      0.00      0.00      0.00      8.74      0.00      0.00     54.37
07:32:00 PM      37      8.08      0.00     24.24      0.00      0.00      0.00     13.13      0.00      0.00     54.55
07:32:00 PM      38      5.49      0.00     25.27      0.00      0.00      0.00     10.99      0.00      0.00     58.24
07:32:00 PM      39      6.19      0.00     27.84      0.00      0.00      0.00      9.28      0.00      0.00     56.70

07:32:00 PM     CPU      %usr     %nice      %sys   %iowait    %steal      %irq     %soft    %guest    %gnice     %idle
07:32:01 PM      32      6.25      0.00     25.00      0.00      0.00      0.00     11.46      0.00      0.00     57.29
07:32:01 PM      33      7.07      0.00     26.26      0.00      0.00      0.00     12.12      0.00      0.00     54.55
07:32:01 PM      34      8.51      0.00     24.47      0.00      0.00      0.00     10.64      0.00      0.00     56.38
07:32:01 PM      35      5.77      0.00     24.04      0.00      0.00      0.00     13.46      0.00      0.00     56.73
07:32:01 PM      36      5.43      0.00     22.83      0.00      0.00      0.00     10.87      0.00      0.00     60.87
07:32:01 PM      37      8.91      0.00     25.74      0.00      0.00      0.00     11.88      0.00      0.00     53.47
07:32:01 PM      38      8.60      0.00     23.66      0.00      0.00      0.00     10.75      0.00      0.00     56.99
07:32:01 PM      39      7.22      0.00     27.84      0.00      0.00      0.00      9.28      0.00      0.00     55.67

07:32:01 PM     CPU      %usr     %nice      %sys   %iowait    %steal      %irq     %soft    %guest    %gnice     %idle
07:32:02 PM      32      7.92      0.00     22.77      0.00      0.00      0.00     11.88      0.00      0.00     57.43
07:32:02 PM      33      7.55      0.00     27.36      0.00      0.00      0.00     13.21      0.00      0.00     51.89
07:32:02 PM      34      4.30      0.00     26.88      0.00      0.00      0.00     10.75      0.00      0.00     58.06
07:32:02 PM      35      6.19      0.00     25.77      0.00      0.00      0.00     10.31      0.00      0.00     57.73
07:32:02 PM      36      8.74      0.00     20.39      0.00      0.00      0.00     15.53      0.00      0.00     55.34
07:32:02 PM      37      6.06      0.00     26.26      0.00      0.00      0.00     12.12      0.00      0.00     55.56
07:32:02 PM      38      5.15      0.00     30.93      0.00      0.00      0.00      9.28      0.00      0.00     54.64
07:32:02 PM      39      5.15      0.00     24.74      0.00      0.00      0.00     11.34      0.00      0.00     58.76

07:32:02 PM     CPU      %usr     %nice      %sys   %iowait    %steal      %irq     %soft    %guest    %gnice     %idle
07:32:03 PM      32      7.53      0.00     20.43      0.00      0.00      0.00      9.68      0.00      0.00     62.37
07:32:03 PM      33      5.38      0.00     24.73      0.00      0.00      0.00     10.75      0.00      0.00     59.14
07:32:03 PM      34      5.21      0.00     28.12      0.00      0.00      0.00     12.50      0.00      0.00     54.17
07:32:03 PM      35     10.75      0.00     18.28      0.00      0.00      0.00      9.68      0.00      0.00     61.29
07:32:03 PM      36      8.99      0.00     16.85      0.00      0.00      0.00     10.11      0.00      0.00     64.04
07:32:03 PM      37     10.53      0.00     22.11      0.00      0.00      0.00     11.58      0.00      0.00     55.79
07:32:03 PM      38      5.94      0.00     28.71      0.00      0.00      0.00     13.86      0.00      0.00     51.49
07:32:03 PM      39      8.16      0.00     23.47      0.00      0.00      0.00     10.20      0.00      0.00     58.16

07:32:03 PM     CPU      %usr     %nice      %sys   %iowait    %steal      %irq     %soft    %guest    %gnice     %idle
07:32:04 PM      32      5.00      0.00     27.00      0.00      0.00      0.00     11.00      0.00      0.00     57.00
07:32:04 PM      33      7.29      0.00     20.83      0.00      0.00      0.00     14.58      0.00      0.00     57.29
07:32:04 PM      34      8.16      0.00     26.53      0.00      0.00      0.00     11.22      0.00      0.00     54.08
07:32:04 PM      35      5.49      0.00     18.68      0.00      0.00      0.00     12.09      0.00      0.00     63.74
07:32:04 PM      36      5.15      0.00     21.65      0.00      0.00      0.00     14.43      0.00      0.00     58.76
07:32:04 PM      37      5.26      0.00     27.37      0.00      0.00      0.00     11.58      0.00      0.00     55.79
07:32:04 PM      38      9.28      0.00     23.71      0.00      0.00      0.00     12.37      0.00      0.00     54.64
07:32:04 PM      39      6.38      0.00     20.21      0.00      0.00      0.00     12.77      0.00      0.00     60.64

Average:        CPU      %usr     %nice      %sys   %iowait    %steal      %irq     %soft    %guest    %gnice     %idle
Average:         32      6.02      0.00     23.26      0.00      0.00      0.00     11.84      0.00      0.00     58.88
Average:         33      7.38      0.00     23.46      0.00      0.00      0.00     12.91      0.00      0.00     56.25
Average:         34      7.08      0.00     26.25      0.10      0.00      0.00     11.77      0.00      0.00     54.79
Average:         35      7.61      0.00     22.33      0.00      0.00      0.00     11.11      0.00      0.00     58.95
Average:         36      7.49      0.00     21.85      0.00      0.00      0.00     12.07      0.00      0.00     58.58
Average:         37      7.12      0.00     24.87      0.00      0.00      0.00     11.76      0.00      0.00     56.24
Average:         38      6.88      0.00     25.73      0.00      0.00      0.00     11.56      0.00      0.00     55.83
Average:         39      6.26      0.00     24.30      0.00      0.00      0.00     11.37      0.00      0.00     58.08
