Linux 6.12.0-rc5-nfoff-mitioff-ndsim-sv5 (cache-sql13432) 	11/03/2024 	_x86_64_	(64 CPU)

11:27:48 PM     CPU      %usr     %nice      %sys   %iowait    %steal      %irq     %soft    %guest    %gnice     %idle
11:27:49 PM      32     10.89      0.00     88.12      0.00      0.00      0.00      0.99      0.00      0.00      0.00
11:27:49 PM      33      8.00      0.00     92.00      0.00      0.00      0.00      0.00      0.00      0.00      0.00
11:27:49 PM      34     11.88      0.00     87.13      0.00      0.00      0.00      0.99      0.00      0.00      0.00
11:27:49 PM      35     11.00      0.00     89.00      0.00      0.00      0.00      0.00      0.00      0.00      0.00
11:27:49 PM      36      9.90      0.00     90.10      0.00      0.00      0.00      0.00      0.00      0.00      0.00
11:27:49 PM      37      7.00      0.00     93.00      0.00      0.00      0.00      0.00      0.00      0.00      0.00
11:27:49 PM      38     10.00      0.00     90.00      0.00      0.00      0.00      0.00      0.00      0.00      0.00
11:27:49 PM      39     10.00      0.00     90.00      0.00      0.00      0.00      0.00      0.00      0.00      0.00

11:27:49 PM     CPU      %usr     %nice      %sys   %iowait    %steal      %irq     %soft    %guest    %gnice     %idle
11:27:50 PM      32     11.11      0.00     88.89      0.00      0.00      0.00      0.00      0.00      0.00      0.00
11:27:50 PM      33     10.00      0.00     90.00      0.00      0.00      0.00      0.00      0.00      0.00      0.00
11:27:50 PM      34     10.89      0.00     89.11      0.00      0.00      0.00      0.00      0.00      0.00      0.00
11:27:50 PM      35     13.13      0.00     86.87      0.00      0.00      0.00      0.00      0.00      0.00      0.00
11:27:50 PM      36      7.07      0.00     91.92      0.00      0.00      0.00      1.01      0.00      0.00      0.00
11:27:50 PM      37     11.11      0.00     88.89      0.00      0.00      0.00      0.00      0.00      0.00      0.00
11:27:50 PM      38      8.00      0.00     91.00      0.00      0.00      0.00      1.00      0.00      0.00      0.00
11:27:50 PM      39     10.00      0.00     90.00      0.00      0.00      0.00      0.00      0.00      0.00      0.00

11:27:50 PM     CPU      %usr     %nice      %sys   %iowait    %steal      %irq     %soft    %guest    %gnice     %idle
11:27:51 PM      32      9.90      0.00     90.10      0.00      0.00      0.00      0.00      0.00      0.00      0.00
11:27:51 PM      33      7.92      0.00     92.08      0.00      0.00      0.00      0.00      0.00      0.00      0.00
11:27:51 PM      34     10.10      0.00     89.90      0.00      0.00      0.00      0.00      0.00      0.00      0.00
11:27:51 PM      35      9.90      0.00     89.11      0.00      0.00      0.00      0.99      0.00      0.00      0.00
11:27:51 PM      36      8.91      0.00     91.09      0.00      0.00      0.00      0.00      0.00      0.00      0.00
11:27:51 PM      37      9.00      0.00     91.00      0.00      0.00      0.00      0.00      0.00      0.00      0.00
11:27:51 PM      38     10.00      0.00     90.00      0.00      0.00      0.00      0.00      0.00      0.00      0.00
11:27:51 PM      39     11.00      0.00     89.00      0.00      0.00      0.00      0.00      0.00      0.00      0.00

11:27:51 PM     CPU      %usr     %nice      %sys   %iowait    %steal      %irq     %soft    %guest    %gnice     %idle
11:27:52 PM      32     10.10      0.00     89.90      0.00      0.00      0.00      0.00      0.00      0.00      0.00
11:27:52 PM      33      9.09      0.00     90.91      0.00      0.00      0.00      0.00      0.00      0.00      0.00
11:27:52 PM      34     10.00      0.00     90.00      0.00      0.00      0.00      0.00      0.00      0.00      0.00
11:27:52 PM      35     11.88      0.00     87.13      0.00      0.00      0.00      0.99      0.00      0.00      0.00
11:27:52 PM      36      8.08      0.00     91.92      0.00      0.00      0.00      0.00      0.00      0.00      0.00
11:27:52 PM      37     10.00      0.00     90.00      0.00      0.00      0.00      0.00      0.00      0.00      0.00
11:27:52 PM      38      9.00      0.00     91.00      0.00      0.00      0.00      0.00      0.00      0.00      0.00
11:27:52 PM      39     10.00      0.00     90.00      0.00      0.00      0.00      0.00      0.00      0.00      0.00

11:27:52 PM     CPU      %usr     %nice      %sys   %iowait    %steal      %irq     %soft    %guest    %gnice     %idle
11:27:53 PM      32     10.00      0.00     90.00      0.00      0.00      0.00      0.00      0.00      0.00      0.00
11:27:53 PM      33     12.00      0.00     88.00      0.00      0.00      0.00      0.00      0.00      0.00      0.00
11:27:53 PM      34      7.00      0.00     93.00      0.00      0.00      0.00      0.00      0.00      0.00      0.00
11:27:53 PM      35      9.00      0.00     91.00      0.00      0.00      0.00      0.00      0.00      0.00      0.00
11:27:53 PM      36     11.00      0.00     89.00      0.00      0.00      0.00      0.00      0.00      0.00      0.00
11:27:53 PM      37     10.89      0.00     89.11      0.00      0.00      0.00      0.00      0.00      0.00      0.00
11:27:53 PM      38      9.00      0.00     91.00      0.00      0.00      0.00      0.00      0.00      0.00      0.00
11:27:53 PM      39     13.00      0.00     87.00      0.00      0.00      0.00      0.00      0.00      0.00      0.00

11:27:53 PM     CPU      %usr     %nice      %sys   %iowait    %steal      %irq     %soft    %guest    %gnice     %idle
11:27:54 PM      32     12.00      0.00     88.00      0.00      0.00      0.00      0.00      0.00      0.00      0.00
11:27:54 PM      33     10.89      0.00     89.11      0.00      0.00      0.00      0.00      0.00      0.00      0.00
11:27:54 PM      34      9.00      0.00     91.00      0.00      0.00      0.00      0.00      0.00      0.00      0.00
11:27:54 PM      35     11.00      0.00     89.00      0.00      0.00      0.00      0.00      0.00      0.00      0.00
11:27:54 PM      36     10.89      0.00     88.12      0.00      0.00      0.00      0.99      0.00      0.00      0.00
11:27:54 PM      37      8.08      0.00     91.92      0.00      0.00      0.00      0.00      0.00      0.00      0.00
11:27:54 PM      38     11.00      0.00     89.00      0.00      0.00      0.00      0.00      0.00      0.00      0.00
11:27:54 PM      39      9.00      0.00     91.00      0.00      0.00      0.00      0.00      0.00      0.00      0.00

11:27:54 PM     CPU      %usr     %nice      %sys   %iowait    %steal      %irq     %soft    %guest    %gnice     %idle
11:27:55 PM      32     16.00      0.00     84.00      0.00      0.00      0.00      0.00      0.00      0.00      0.00
11:27:55 PM      33     11.00      0.00     89.00      0.00      0.00      0.00      0.00      0.00      0.00      0.00
11:27:55 PM      34     10.00      0.00     90.00      0.00      0.00      0.00      0.00      0.00      0.00      0.00
11:27:55 PM      35     11.11      0.00     88.89      0.00      0.00      0.00      0.00      0.00      0.00      0.00
11:27:55 PM      36      9.00      0.00     91.00      0.00      0.00      0.00      0.00      0.00      0.00      0.00
11:27:55 PM      37     11.88      0.00     88.12      0.00      0.00      0.00      0.00      0.00      0.00      0.00
11:27:55 PM      38      9.00      0.00     91.00      0.00      0.00      0.00      0.00      0.00      0.00      0.00
11:27:55 PM      39     12.00      0.00     88.00      0.00      0.00      0.00      0.00      0.00      0.00      0.00

11:27:55 PM     CPU      %usr     %nice      %sys   %iowait    %steal      %irq     %soft    %guest    %gnice     %idle
11:27:56 PM      32     11.00      0.00     89.00      0.00      0.00      0.00      0.00      0.00      0.00      0.00
11:27:56 PM      33     10.00      0.00     90.00      0.00      0.00      0.00      0.00      0.00      0.00      0.00
11:27:56 PM      34     12.00      0.00     88.00      0.00      0.00      0.00      0.00      0.00      0.00      0.00
11:27:56 PM      35      8.00      0.00     92.00      0.00      0.00      0.00      0.00      0.00      0.00      0.00
11:27:56 PM      36      8.00      0.00     92.00      0.00      0.00      0.00      0.00      0.00      0.00      0.00
11:27:56 PM      37     10.10      0.00     89.90      0.00      0.00      0.00      0.00      0.00      0.00      0.00
11:27:56 PM      38      7.00      0.00     93.00      0.00      0.00      0.00      0.00      0.00      0.00      0.00
11:27:56 PM      39     11.88      0.00     87.13      0.00      0.00      0.00      0.99      0.00      0.00      0.00

11:27:56 PM     CPU      %usr     %nice      %sys   %iowait    %steal      %irq     %soft    %guest    %gnice     %idle
11:27:57 PM      32     15.00      0.00     85.00      0.00      0.00      0.00      0.00      0.00      0.00      0.00
11:27:57 PM      33     11.11      0.00     88.89      0.00      0.00      0.00      0.00      0.00      0.00      0.00
11:27:57 PM      34     13.00      0.00     87.00      0.00      0.00      0.00      0.00      0.00      0.00      0.00
11:27:57 PM      35     10.00      0.00     90.00      0.00      0.00      0.00      0.00      0.00      0.00      0.00
11:27:57 PM      36     13.00      0.00     87.00      0.00      0.00      0.00      0.00      0.00      0.00      0.00
11:27:57 PM      37      7.00      0.00     93.00      0.00      0.00      0.00      0.00      0.00      0.00      0.00
11:27:57 PM      38      8.00      0.00     92.00      0.00      0.00      0.00      0.00      0.00      0.00      0.00
11:27:57 PM      39     13.13      0.00     86.87      0.00      0.00      0.00      0.00      0.00      0.00      0.00

11:27:57 PM     CPU      %usr     %nice      %sys   %iowait    %steal      %irq     %soft    %guest    %gnice     %idle
11:27:58 PM      32     12.00      0.00     88.00      0.00      0.00      0.00      0.00      0.00      0.00      0.00
11:27:58 PM      33      9.00      0.00     91.00      0.00      0.00      0.00      0.00      0.00      0.00      0.00
11:27:58 PM      34      9.00      0.00     90.00      0.00      0.00      0.00      1.00      0.00      0.00      0.00
11:27:58 PM      35     12.00      0.00     88.00      0.00      0.00      0.00      0.00      0.00      0.00      0.00
11:27:58 PM      36      7.00      0.00     93.00      0.00      0.00      0.00      0.00      0.00      0.00      0.00
11:27:58 PM      37      8.91      0.00     91.09      0.00      0.00      0.00      0.00      0.00      0.00      0.00
11:27:58 PM      38      7.00      0.00     93.00      0.00      0.00      0.00      0.00      0.00      0.00      0.00
11:27:58 PM      39      9.09      0.00     90.91      0.00      0.00      0.00      0.00      0.00      0.00      0.00

Average:        CPU      %usr     %nice      %sys   %iowait    %steal      %irq     %soft    %guest    %gnice     %idle
Average:         32     11.80      0.00     88.10      0.00      0.00      0.00      0.10      0.00      0.00      0.00
Average:         33      9.90      0.00     90.10      0.00      0.00      0.00      0.00      0.00      0.00      0.00
Average:         34     10.29      0.00     89.51      0.00      0.00      0.00      0.20      0.00      0.00      0.00
Average:         35     10.70      0.00     89.10      0.00      0.00      0.00      0.20      0.00      0.00      0.00
Average:         36      9.29      0.00     90.51      0.00      0.00      0.00      0.20      0.00      0.00      0.00
Average:         37      9.40      0.00     90.60      0.00      0.00      0.00      0.00      0.00      0.00      0.00
Average:         38      8.80      0.00     91.10      0.00      0.00      0.00      0.10      0.00      0.00      0.00
Average:         39     10.91      0.00     88.99      0.00      0.00      0.00      0.10      0.00      0.00      0.00
