Linux 6.12.0-rc5-nfoff-mitioff-ndsim-sv5 (cache-sql13432) 	11/04/2024 	_x86_64_	(64 CPU)

03:34:21 PM     CPU      %usr     %nice      %sys   %iowait    %steal      %irq     %soft    %guest    %gnice     %idle
03:34:22 PM      32     14.58      0.00     55.21      0.00      0.00      0.00      7.29      0.00      0.00     22.92
03:34:22 PM      33      9.78      0.00     53.26      0.00      0.00      0.00     10.87      0.00      0.00     26.09
03:34:22 PM      34     15.96      0.00     57.45      0.00      0.00      0.00      8.51      0.00      0.00     18.09
03:34:22 PM      35     10.64      0.00     53.19      0.00      0.00      0.00     11.70      0.00      0.00     24.47
03:34:22 PM      36     15.79      0.00     47.37      0.00      0.00      0.00     11.58      0.00      0.00     25.26
03:34:22 PM      37     13.98      0.00     52.69      0.00      0.00      0.00      9.68      0.00      0.00     23.66
03:34:22 PM      38     12.50      0.00     57.29      0.00      0.00      0.00      9.38      0.00      0.00     20.83
03:34:22 PM      39     10.75      0.00     62.37      0.00      0.00      0.00      7.53      0.00      0.00     19.35

03:34:22 PM     CPU      %usr     %nice      %sys   %iowait    %steal      %irq     %soft    %guest    %gnice     %idle
03:34:23 PM      32     10.00      0.00     51.11      0.00      0.00      0.00     13.33      0.00      0.00     25.56
03:34:23 PM      33     12.24      0.00     59.18      0.00      0.00      0.00      9.18      0.00      0.00     19.39
03:34:23 PM      34     15.05      0.00     60.22      0.00      0.00      0.00      6.45      0.00      0.00     18.28
03:34:23 PM      35     14.29      0.00     50.55      0.00      0.00      0.00      9.89      0.00      0.00     25.27
03:34:23 PM      36     11.11      0.00     63.64      0.00      0.00      0.00      6.06      0.00      0.00     19.19
03:34:23 PM      37     11.83      0.00     56.99      0.00      0.00      0.00      5.38      0.00      0.00     25.81
03:34:23 PM      38      9.68      0.00     54.84      0.00      0.00      0.00      9.68      0.00      0.00     25.81
03:34:23 PM      39     16.13      0.00     53.76      0.00      0.00      0.00      7.53      0.00      0.00     22.58

03:34:23 PM     CPU      %usr     %nice      %sys   %iowait    %steal      %irq     %soft    %guest    %gnice     %idle
03:34:24 PM      32     14.58      0.00     53.12      0.00      0.00      0.00      9.38      0.00      0.00     22.92
03:34:24 PM      33     15.62      0.00     61.46      0.00      0.00      0.00      5.21      0.00      0.00     17.71
03:34:24 PM      34     13.13      0.00     57.58      0.00      0.00      0.00     10.10      0.00      0.00     19.19
03:34:24 PM      35     13.68      0.00     56.84      0.00      0.00      0.00      9.47      0.00      0.00     20.00
03:34:24 PM      36     15.46      0.00     53.61      0.00      0.00      0.00      9.28      0.00      0.00     21.65
03:34:24 PM      37     14.89      0.00     57.45      0.00      0.00      0.00      6.38      0.00      0.00     21.28
03:34:24 PM      38     13.68      0.00     57.89      0.00      0.00      0.00      8.42      0.00      0.00     20.00
03:34:24 PM      39     11.58      0.00     57.89      0.00      0.00      0.00     10.53      0.00      0.00     20.00

03:34:24 PM     CPU      %usr     %nice      %sys   %iowait    %steal      %irq     %soft    %guest    %gnice     %idle
03:34:25 PM      32     13.00      0.00     51.00      0.00      0.00      0.00     11.00      0.00      0.00     25.00
03:34:25 PM      33     13.04      0.00     56.52      0.00      0.00      0.00     10.87      0.00      0.00     19.57
03:34:25 PM      34     17.05      0.00     48.86      0.00      0.00      0.00      9.09      0.00      0.00     25.00
03:34:25 PM      35     12.09      0.00     59.34      0.00      0.00      0.00      8.79      0.00      0.00     19.78
03:34:25 PM      36     14.29      0.00     52.38      0.00      0.00      0.00      4.76      0.00      0.00     28.57
03:34:25 PM      37     10.87      0.00     52.17      0.00      0.00      0.00     10.87      0.00      0.00     26.09
03:34:25 PM      38     14.74      0.00     60.00      0.00      0.00      0.00      7.37      0.00      0.00     17.89
03:34:25 PM      39     15.05      0.00     58.06      0.00      0.00      0.00      7.53      0.00      0.00     19.35

03:34:25 PM     CPU      %usr     %nice      %sys   %iowait    %steal      %irq     %soft    %guest    %gnice     %idle
03:34:26 PM      32     12.50      0.00     50.00      0.00      0.00      0.00     12.50      0.00      0.00     25.00
03:34:26 PM      33     10.87      0.00     60.87      0.00      0.00      0.00      6.52      0.00      0.00     21.74
03:34:26 PM      34     12.22      0.00     51.11      0.00      0.00      0.00     11.11      0.00      0.00     25.56
03:34:26 PM      35     18.18      0.00     58.59      0.00      0.00      0.00      5.05      0.00      0.00     18.18
03:34:26 PM      36     15.73      0.00     48.31      0.00      0.00      0.00     10.11      0.00      0.00     25.84
03:34:26 PM      37     12.37      0.00     55.67      0.00      0.00      0.00      8.25      0.00      0.00     23.71
03:34:26 PM      38     13.40      0.00     59.79      0.00      0.00      0.00      8.25      0.00      0.00     18.56
03:34:26 PM      39     13.48      0.00     56.18      0.00      0.00      0.00     11.24      0.00      0.00     19.10

03:34:26 PM     CPU      %usr     %nice      %sys   %iowait    %steal      %irq     %soft    %guest    %gnice     %idle
03:34:27 PM      32     19.57      0.00     45.65      0.00      0.00      0.00      9.78      0.00      0.00     25.00
03:34:27 PM      33     12.90      0.00     58.06      0.00      0.00      0.00      8.60      0.00      0.00     20.43
03:34:27 PM      34      9.89      0.00     51.65      0.00      0.00      0.00     12.09      0.00      0.00     26.37
03:34:27 PM      35     17.89      0.00     55.79      0.00      0.00      0.00      8.42      0.00      0.00     17.89
03:34:27 PM      36     15.38      0.00     49.45      0.00      0.00      0.00      8.79      0.00      0.00     26.37
03:34:27 PM      37      9.57      0.00     57.45      0.00      0.00      0.00      7.45      0.00      0.00     25.53
03:34:27 PM      38     18.09      0.00     55.32      0.00      0.00      0.00      7.45      0.00      0.00     19.15
03:34:27 PM      39     14.29      0.00     59.18      0.00      0.00      0.00      8.16      0.00      0.00     18.37

03:34:27 PM     CPU      %usr     %nice      %sys   %iowait    %steal      %irq     %soft    %guest    %gnice     %idle
03:34:28 PM      32     14.58      0.00     54.17      0.00      0.00      0.00      9.38      0.00      0.00     21.88
03:34:28 PM      33     14.58      0.00     58.33      0.00      0.00      0.00      7.29      0.00      0.00     19.79
03:34:28 PM      34     13.68      0.00     55.79      0.00      0.00      0.00      6.32      0.00      0.00     24.21
03:34:28 PM      35     13.00      0.00     57.00      0.00      0.00      0.00     12.00      0.00      0.00     18.00
03:34:28 PM      36     17.71      0.00     56.25      0.00      0.00      0.00      6.25      0.00      0.00     19.79
03:34:28 PM      37     14.29      0.00     52.75      0.00      0.00      0.00      7.69      0.00      0.00     25.27
03:34:28 PM      38     11.70      0.00     57.45      0.00      0.00      0.00      7.45      0.00      0.00     23.40
03:34:28 PM      39     17.53      0.00     54.64      0.00      0.00      0.00      9.28      0.00      0.00     18.56

03:34:28 PM     CPU      %usr     %nice      %sys   %iowait    %steal      %irq     %soft    %guest    %gnice     %idle
03:34:29 PM      32     15.05      0.00     54.84      0.00      0.00      0.00      8.60      0.00      0.00     21.51
03:34:29 PM      33     13.98      0.00     54.84      0.00      0.00      0.00      8.60      0.00      0.00     22.58
03:34:29 PM      34     13.79      0.00     49.43      0.00      0.00      0.00      8.05      0.00      0.00     28.74
03:34:29 PM      35     13.33      0.00     62.22      0.00      0.00      0.00      5.56      0.00      0.00     18.89
03:34:29 PM      36     13.68      0.00     55.79      0.00      0.00      0.00      8.42      0.00      0.00     22.11
03:34:29 PM      37     14.13      0.00     51.09      0.00      0.00      0.00      8.70      0.00      0.00     26.09
03:34:29 PM      38     14.29      0.00     56.12      0.00      0.00      0.00      8.16      0.00      0.00     21.43
03:34:29 PM      39     12.77      0.00     56.38      0.00      0.00      0.00     10.64      0.00      0.00     20.21

03:34:29 PM     CPU      %usr     %nice      %sys   %iowait    %steal      %irq     %soft    %guest    %gnice     %idle
03:34:30 PM      32     10.87      0.00     60.87      0.00      0.00      0.00      6.52      0.00      0.00     21.74
03:34:30 PM      33     10.99      0.00     56.04      0.00      0.00      0.00      9.89      0.00      0.00     23.08
03:34:30 PM      34     11.96      0.00     50.00      0.00      0.00      0.00     11.96      0.00      0.00     26.09
03:34:30 PM      35     14.43      0.00     59.79      0.00      0.00      0.00      8.25      0.00      0.00     17.53
03:34:30 PM      36     14.58      0.00     56.25      0.00      0.00      0.00      6.25      0.00      0.00     22.92
03:34:30 PM      37     18.09      0.00     48.94      0.00      0.00      0.00      7.45      0.00      0.00     25.53
03:34:30 PM      38     13.40      0.00     56.70      0.00      0.00      0.00      9.28      0.00      0.00     20.62
03:34:30 PM      39     12.50      0.00     60.42      0.00      0.00      0.00      8.33      0.00      0.00     18.75

03:34:30 PM     CPU      %usr     %nice      %sys   %iowait    %steal      %irq     %soft    %guest    %gnice     %idle
03:34:31 PM      32     16.84      0.00     53.68      0.00      0.00      0.00      8.42      0.00      0.00     21.05
03:34:31 PM      33     14.29      0.00     53.85      0.00      0.00      0.00      8.79      0.00      0.00     23.08
03:34:31 PM      34     14.13      0.00     48.91      0.00      0.00      0.00      9.78      0.00      0.00     27.17
03:34:31 PM      35     14.58      0.00     57.29      0.00      0.00      0.00     10.42      0.00      0.00     17.71
03:34:31 PM      36     16.30      0.00     56.52      0.00      0.00      0.00      6.52      0.00      0.00     20.65
03:34:31 PM      37     13.19      0.00     50.55      0.00      0.00      0.00      8.79      0.00      0.00     27.47
03:34:31 PM      38     12.09      0.00     54.95      0.00      0.00      0.00      7.69      0.00      0.00     25.27
03:34:31 PM      39     13.98      0.00     62.37      0.00      0.00      0.00      6.45      0.00      0.00     17.20

Average:        CPU      %usr     %nice      %sys   %iowait    %steal      %irq     %soft    %guest    %gnice     %idle
Average:         32     14.16      0.00     52.96      0.00      0.00      0.00      9.62      0.00      0.00     23.26
Average:         33     12.85      0.00     57.28      0.00      0.00      0.00      8.57      0.00      0.00     21.31
Average:         34     13.68      0.00     53.20      0.00      0.00      0.00      9.34      0.00      0.00     23.78
Average:         35     14.24      0.00     57.07      0.00      0.00      0.00      8.97      0.00      0.00     19.73
Average:         36     14.99      0.00     54.07      0.00      0.00      0.00      7.82      0.00      0.00     23.13
Average:         37     13.32      0.00     53.60      0.00      0.00      0.00      8.06      0.00      0.00     25.03
Average:         38     13.37      0.00     57.05      0.00      0.00      0.00      8.32      0.00      0.00     21.26
Average:         39     13.82      0.00     58.13      0.00      0.00      0.00      8.71      0.00      0.00     19.34
