Linux 6.12.0-rc5-nfoff-mitioff-ndsim-sv5 (cache-sql13432) 	11/04/2024 	_x86_64_	(64 CPU)

07:40:11 AM     CPU      %usr     %nice      %sys   %iowait    %steal      %irq     %soft    %guest    %gnice     %idle
07:40:12 AM      32     12.87      0.00     65.35      0.00      0.00      0.00      2.97      0.00      0.00     18.81
07:40:12 AM      33     12.12      0.00     58.59      0.00      0.00      0.00      5.05      0.00      0.00     24.24
07:40:12 AM      34     15.31      0.00     61.22      0.00      0.00      0.00      5.10      0.00      0.00     18.37
07:40:12 AM      35     12.37      0.00     63.92      0.00      0.00      0.00      3.09      0.00      0.00     20.62
07:40:12 AM      36     13.27      0.00     59.18      0.00      0.00      0.00      5.10      0.00      0.00     22.45
07:40:12 AM      37     14.74      0.00     53.68      0.00      0.00      0.00      4.21      0.00      0.00     27.37
07:40:12 AM      38     12.12      0.00     70.71      0.00      0.00      0.00      3.03      0.00      0.00     14.14
07:40:12 AM      39     11.70      0.00     62.77      0.00      0.00      0.00      4.26      0.00      0.00     21.28

07:40:12 AM     CPU      %usr     %nice      %sys   %iowait    %steal      %irq     %soft    %guest    %gnice     %idle
07:40:13 AM      32     14.89      0.00     60.64      0.00      0.00      0.00      4.26      0.00      0.00     20.21
07:40:13 AM      33     18.75      0.00     54.17      0.00      0.00      0.00      1.04      0.00      0.00     26.04
07:40:13 AM      34     19.35      0.00     59.14      0.00      0.00      0.00      2.15      0.00      0.00     19.35
07:40:13 AM      35     18.37      0.00     59.18      0.00      0.00      0.00      2.04      0.00      0.00     20.41
07:40:13 AM      36     17.82      0.00     54.46      0.00      0.00      0.00      4.95      0.00      0.00     22.77
07:40:13 AM      37     17.17      0.00     48.48      0.00      0.00      0.00      8.08      0.00      0.00     26.26
07:40:13 AM      38     18.09      0.00     65.96      0.00      0.00      0.00      0.00      0.00      0.00     15.96
07:40:13 AM      39     13.27      0.00     65.31      0.00      0.00      0.00      2.04      0.00      0.00     19.39

07:40:13 AM     CPU      %usr     %nice      %sys   %iowait    %steal      %irq     %soft    %guest    %gnice     %idle
07:40:14 AM      32     18.95      0.00     54.74      0.00      0.00      0.00      6.32      0.00      0.00     20.00
07:40:14 AM      33     20.41      0.00     54.08      0.00      0.00      0.00      1.02      0.00      0.00     24.49
07:40:14 AM      34     17.78      0.00     61.11      0.00      0.00      0.00      1.11      0.00      0.00     20.00
07:40:14 AM      35     13.86      0.00     63.37      0.00      0.00      0.00      2.97      0.00      0.00     19.80
07:40:14 AM      36     12.09      0.00     58.24      0.00      0.00      0.00      5.49      0.00      0.00     24.18
07:40:14 AM      37     14.43      0.00     54.64      0.00      0.00      0.00      4.12      0.00      0.00     26.80
07:40:14 AM      38     15.96      0.00     64.89      0.00      0.00      0.00      3.19      0.00      0.00     15.96
07:40:14 AM      39     18.18      0.00     58.59      0.00      0.00      0.00      3.03      0.00      0.00     20.20

07:40:14 AM     CPU      %usr     %nice      %sys   %iowait    %steal      %irq     %soft    %guest    %gnice     %idle
07:40:15 AM      32     12.63      0.00     63.16      0.00      0.00      0.00      3.16      0.00      0.00     21.05
07:40:15 AM      33     13.54      0.00     57.29      0.00      0.00      0.00      3.12      0.00      0.00     26.04
07:40:15 AM      34     12.90      0.00     64.52      0.00      0.00      0.00      3.23      0.00      0.00     19.35
07:40:15 AM      35     14.74      0.00     60.00      0.00      0.00      0.00      3.16      0.00      0.00     22.11
07:40:15 AM      36     16.67      0.00     56.25      0.00      0.00      0.00      4.17      0.00      0.00     22.92
07:40:15 AM      37     16.33      0.00     52.04      0.00      0.00      0.00      4.08      0.00      0.00     27.55
07:40:15 AM      38     16.00      0.00     63.00      0.00      0.00      0.00      6.00      0.00      0.00     15.00
07:40:15 AM      39     15.62      0.00     60.42      0.00      0.00      0.00      3.12      0.00      0.00     20.83

07:40:15 AM     CPU      %usr     %nice      %sys   %iowait    %steal      %irq     %soft    %guest    %gnice     %idle
07:40:16 AM      32     16.13      0.00     59.14      0.00      0.00      0.00      4.30      0.00      0.00     20.43
07:40:16 AM      33     14.43      0.00     56.70      0.00      0.00      0.00      4.12      0.00      0.00     24.74
07:40:16 AM      34     22.68      0.00     55.67      0.00      0.00      0.00      3.09      0.00      0.00     18.56
07:40:16 AM      35     15.15      0.00     61.62      0.00      0.00      0.00      3.03      0.00      0.00     20.20
07:40:16 AM      36     13.00      0.00     61.00      0.00      0.00      0.00      3.00      0.00      0.00     23.00
07:40:16 AM      37     17.39      0.00     51.09      0.00      0.00      0.00      3.26      0.00      0.00     28.26
07:40:16 AM      38     15.00      0.00     68.00      0.00      0.00      0.00      2.00      0.00      0.00     15.00
07:40:16 AM      39     15.69      0.00     60.78      0.00      0.00      0.00      2.94      0.00      0.00     20.59

07:40:16 AM     CPU      %usr     %nice      %sys   %iowait    %steal      %irq     %soft    %guest    %gnice     %idle
07:40:17 AM      32     12.63      0.00     64.21      0.00      0.00      0.00      3.16      0.00      0.00     20.00
07:40:17 AM      33     18.18      0.00     52.53      0.00      0.00      0.00      4.04      0.00      0.00     25.25
07:40:17 AM      34     10.78      0.00     68.63      0.00      0.00      0.00      2.94      0.00      0.00     17.65
07:40:17 AM      35     14.14      0.00     62.63      0.00      0.00      0.00      2.02      0.00      0.00     21.21
07:40:17 AM      36     15.62      0.00     58.33      0.00      0.00      0.00      2.08      0.00      0.00     23.96
07:40:17 AM      37     17.35      0.00     51.02      0.00      0.00      0.00      5.10      0.00      0.00     26.53
07:40:17 AM      38     13.27      0.00     67.35      0.00      0.00      0.00      4.08      0.00      0.00     15.31
07:40:17 AM      39     15.00      0.00     64.00      0.00      0.00      0.00      1.00      0.00      0.00     20.00

07:40:17 AM     CPU      %usr     %nice      %sys   %iowait    %steal      %irq     %soft    %guest    %gnice     %idle
07:40:18 AM      32     15.62      0.00     60.42      0.00      0.00      0.00      4.17      0.00      0.00     19.79
07:40:18 AM      33     12.24      0.00     60.20      0.00      0.00      0.00      3.06      0.00      0.00     24.49
07:40:18 AM      34     16.33      0.00     61.22      0.00      0.00      0.00      3.06      0.00      0.00     19.39
07:40:18 AM      35     18.56      0.00     58.76      0.00      0.00      0.00      2.06      0.00      0.00     20.62
07:40:18 AM      36     12.24      0.00     62.24      0.00      0.00      0.00      3.06      0.00      0.00     22.45
07:40:18 AM      37     16.16      0.00     51.52      0.00      0.00      0.00      6.06      0.00      0.00     26.26
07:40:18 AM      38     17.78      0.00     65.56      0.00      0.00      0.00      1.11      0.00      0.00     15.56
07:40:18 AM      39     15.84      0.00     60.40      0.00      0.00      0.00      2.97      0.00      0.00     20.79

07:40:18 AM     CPU      %usr     %nice      %sys   %iowait    %steal      %irq     %soft    %guest    %gnice     %idle
07:40:19 AM      32     10.42      0.00     67.71      0.00      0.00      0.00      2.08      0.00      0.00     19.79
07:40:19 AM      33     16.00      0.00     56.00      0.00      0.00      0.00      3.00      0.00      0.00     25.00
07:40:19 AM      34     16.50      0.00     63.11      0.00      0.00      0.00      2.91      0.00      0.00     17.48
07:40:19 AM      35     13.27      0.00     64.29      0.00      0.00      0.00      2.04      0.00      0.00     20.41
07:40:19 AM      36     15.46      0.00     58.76      0.00      0.00      0.00      3.09      0.00      0.00     22.68
07:40:19 AM      37     12.62      0.00     57.28      0.00      0.00      0.00      4.85      0.00      0.00     25.24
07:40:19 AM      38     22.22      0.00     58.59      0.00      0.00      0.00      3.03      0.00      0.00     16.16
07:40:19 AM      39     16.67      0.00     61.46      0.00      0.00      0.00      1.04      0.00      0.00     20.83

07:40:19 AM     CPU      %usr     %nice      %sys   %iowait    %steal      %irq     %soft    %guest    %gnice     %idle
07:40:20 AM      32     13.83      0.00     60.64      0.00      0.00      0.00      5.32      0.00      0.00     20.21
07:40:20 AM      33     16.49      0.00     53.61      0.00      0.00      0.00      5.15      0.00      0.00     24.74
07:40:20 AM      34     14.85      0.00     63.37      0.00      0.00      0.00      3.96      0.00      0.00     17.82
07:40:20 AM      35     16.16      0.00     62.63      0.00      0.00      0.00      1.01      0.00      0.00     20.20
07:40:20 AM      36     12.12      0.00     60.61      0.00      0.00      0.00      4.04      0.00      0.00     23.23
07:40:20 AM      37     14.85      0.00     53.47      0.00      0.00      0.00      5.94      0.00      0.00     25.74
07:40:20 AM      38     17.39      0.00     64.13      0.00      0.00      0.00      2.17      0.00      0.00     16.30
07:40:20 AM      39     13.27      0.00     63.27      0.00      0.00      0.00      3.06      0.00      0.00     20.41

07:40:20 AM     CPU      %usr     %nice      %sys   %iowait    %steal      %irq     %soft    %guest    %gnice     %idle
07:40:21 AM      32     14.00      0.00     62.00      0.00      0.00      0.00      5.00      0.00      0.00     19.00
07:40:21 AM      33     13.68      0.00     56.84      0.00      0.00      0.00      3.16      0.00      0.00     26.32
07:40:21 AM      34     15.46      0.00     61.86      0.00      0.00      0.00      4.12      0.00      0.00     18.56
07:40:21 AM      35     13.54      0.00     59.38      0.00      0.00      0.00      5.21      0.00      0.00     21.88
07:40:21 AM      36     16.16      0.00     57.58      0.00      0.00      0.00      3.03      0.00      0.00     23.23
07:40:21 AM      37     16.16      0.00     51.52      0.00      0.00      0.00      6.06      0.00      0.00     26.26
07:40:21 AM      38     13.68      0.00     67.37      0.00      0.00      0.00      3.16      0.00      0.00     15.79
07:40:21 AM      39     13.13      0.00     63.64      0.00      0.00      0.00      3.03      0.00      0.00     20.20

Average:        CPU      %usr     %nice      %sys   %iowait    %steal      %irq     %soft    %guest    %gnice     %idle
Average:         32     14.18      0.00     61.84      0.00      0.00      0.00      4.07      0.00      0.00     19.92
Average:         33     15.59      0.00     56.00      0.00      0.00      0.00      3.28      0.00      0.00     25.13
Average:         34     16.15      0.00     62.04      0.00      0.00      0.00      3.19      0.00      0.00     18.62
Average:         35     15.02      0.00     61.59      0.00      0.00      0.00      2.66      0.00      0.00     20.74
Average:         36     14.46      0.00     58.67      0.00      0.00      0.00      3.79      0.00      0.00     23.08
Average:         37     15.70      0.00     52.50      0.00      0.00      0.00      5.20      0.00      0.00     26.61
Average:         38     16.13      0.00     65.56      0.00      0.00      0.00      2.81      0.00      0.00     15.50
Average:         39     14.85      0.00     62.05      0.00      0.00      0.00      2.64      0.00      0.00     20.45
