Linux 6.12.0-rc5-nfoff-mitioff-ndsim-sv5 (cache-sql13432) 	11/03/2024 	_x86_64_	(64 CPU)

09:54:50 AM     CPU      %usr     %nice      %sys   %iowait    %steal      %irq     %soft    %guest    %gnice     %idle
09:54:51 AM      32      1.04      0.00      7.29      0.00      0.00      0.00      7.29      0.00      0.00     84.38
09:54:51 AM      33      2.08      0.00      9.38      0.00      0.00      0.00      5.21      0.00      0.00     83.33
09:54:51 AM      34      2.06      0.00      7.22      0.00      0.00      0.00     10.31      0.00      0.00     80.41
09:54:51 AM      35      4.12      0.00      5.15      0.00      0.00      0.00      6.19      0.00      0.00     84.54
09:54:51 AM      36      1.98      0.00      8.91      0.00      0.00      0.00      6.93      0.00      0.00     82.18
09:54:51 AM      37      3.06      0.00      7.14      0.00      0.00      0.00     10.20      0.00      0.00     79.59
09:54:51 AM      38      3.00      0.00      7.00      0.00      0.00      0.00      8.00      0.00      0.00     82.00
09:54:51 AM      39      1.06      0.00      9.57      0.00      0.00      0.00      6.38      0.00      0.00     82.98

09:54:51 AM     CPU      %usr     %nice      %sys   %iowait    %steal      %irq     %soft    %guest    %gnice     %idle
09:54:52 AM      32      4.00      0.00      6.00      0.00      0.00      0.00      8.00      0.00      0.00     82.00
09:54:52 AM      33      2.13      0.00      8.51      0.00      0.00      0.00      5.32      0.00      0.00     84.04
09:54:52 AM      34      2.08      0.00      8.33      0.00      0.00      0.00      8.33      0.00      0.00     81.25
09:54:52 AM      35      1.03      0.00      6.19      0.00      0.00      0.00      8.25      0.00      0.00     84.54
09:54:52 AM      36      3.12      0.00      6.25      0.00      0.00      0.00      5.21      0.00      0.00     85.42
09:54:52 AM      37      3.16      0.00      8.42      0.00      0.00      0.00     10.53      0.00      0.00     77.89
09:54:52 AM      38      2.02      0.00      9.09      0.00      0.00      0.00      6.06      0.00      0.00     82.83
09:54:52 AM      39      4.00      0.00      6.00      0.00      0.00      0.00      8.00      0.00      0.00     82.00

09:54:52 AM     CPU      %usr     %nice      %sys   %iowait    %steal      %irq     %soft    %guest    %gnice     %idle
09:54:53 AM      32      3.12      0.00      5.21      0.00      0.00      0.00      6.25      0.00      0.00     85.42
09:54:53 AM      33      3.12      0.00      9.38      0.00      0.00      0.00      5.21      0.00      0.00     82.29
09:54:53 AM      34      3.16      0.00      7.37      0.00      0.00      0.00      7.37      0.00      0.00     82.11
09:54:53 AM      35      3.12      0.00      5.21      0.00      0.00      0.00      5.21      0.00      0.00     86.46
09:54:53 AM      36      2.08      0.00      5.21      0.00      0.00      0.00      6.25      0.00      0.00     86.46
09:54:53 AM      37      3.06      0.00     10.20      0.00      0.00      0.00     11.22      0.00      0.00     75.51
09:54:53 AM      38      3.88      0.00      8.74      0.00      0.00      0.00      7.77      0.00      0.00     79.61
09:54:53 AM      39      2.02      0.00      7.07      0.00      0.00      0.00      8.08      0.00      0.00     82.83

09:54:53 AM     CPU      %usr     %nice      %sys   %iowait    %steal      %irq     %soft    %guest    %gnice     %idle
09:54:54 AM      32      2.91      0.00      9.71      0.00      0.00      0.00      7.77      0.00      0.00     79.61
09:54:54 AM      33      4.04      0.00     10.10      0.00      0.00      0.00      6.06      0.00      0.00     79.80
09:54:54 AM      34      1.98      0.00      8.91      0.00      0.00      0.00     11.88      0.00      0.00     77.23
09:54:54 AM      35      3.12      0.00      6.25      0.00      0.00      0.00      5.21      0.00      0.00     85.42
09:54:54 AM      36      3.03      0.00     10.10      0.00      0.00      0.00      5.05      0.00      0.00     81.82
09:54:54 AM      37      4.08      0.00      8.16      0.00      0.00      0.00     10.20      0.00      0.00     77.55
09:54:54 AM      38      3.06      0.00      8.16      0.00      0.00      0.00      5.10      0.00      0.00     83.67
09:54:54 AM      39      3.00      0.00      7.00      0.00      0.00      0.00      7.00      0.00      0.00     83.00

09:54:54 AM     CPU      %usr     %nice      %sys   %iowait    %steal      %irq     %soft    %guest    %gnice     %idle
09:54:55 AM      32      2.06      0.00      6.19      0.00      0.00      0.00      5.15      0.00      0.00     86.60
09:54:55 AM      33      4.21      0.00      7.37      0.00      0.00      0.00      5.26      0.00      0.00     83.16
09:54:55 AM      34      2.02      0.00      7.07      0.00      0.00      0.00     13.13      0.00      0.00     77.78
09:54:55 AM      35      4.81      0.00      8.65      0.00      0.00      0.00      8.65      0.00      0.00     77.88
09:54:55 AM      36      3.16      0.00     10.53      0.00      0.00      0.00      6.32      0.00      0.00     80.00
09:54:55 AM      37      3.96      0.00      9.90      0.00      0.00      0.00     11.88      0.00      0.00     74.26
09:54:55 AM      38     51.52      0.00      3.03      0.00      0.00      0.00      9.09      0.00      0.00     36.36
09:54:55 AM      39      3.00      0.00      8.00      0.00      0.00      0.00     10.00      0.00      0.00     79.00

09:54:55 AM     CPU      %usr     %nice      %sys   %iowait    %steal      %irq     %soft    %guest    %gnice     %idle
09:54:56 AM      32     16.16      0.00      5.05      0.00      0.00      0.00      5.05      0.00      0.00     73.74
09:54:56 AM      33      3.12      0.00      8.33      0.00      0.00      0.00      6.25      0.00      0.00     82.29
09:54:56 AM      34      4.12      0.00      9.28      0.00      0.00      0.00      6.19      0.00      0.00     80.41
09:54:56 AM      35      3.12      0.00     10.42      0.00      0.00      0.00      6.25      0.00      0.00     80.21
09:54:56 AM      36     11.22      0.00      6.12      0.00      0.00      0.00      5.10      0.00      0.00     77.55
09:54:56 AM      37      5.05      0.00      7.07      0.00      0.00      0.00      6.06      0.00      0.00     81.82
09:54:56 AM      38     25.74      0.00      2.97      0.00      0.00      0.00      7.92      0.00      0.00     63.37
09:54:56 AM      39      4.04      0.00      6.06      0.00      0.00      0.00      8.08      0.00      0.00     81.82

09:54:56 AM     CPU      %usr     %nice      %sys   %iowait    %steal      %irq     %soft    %guest    %gnice     %idle
09:54:57 AM      32      3.03      0.00      9.09      0.00      0.00      0.00      5.05      0.00      0.00     82.83
09:54:57 AM      33      4.08      0.00      6.12      0.00      0.00      0.00      5.10      0.00      0.00     84.69
09:54:57 AM      34      4.95      0.00      7.92      0.00      0.00      0.00      6.93      0.00      0.00     80.20
09:54:57 AM      35      3.06      0.00      9.18      0.00      0.00      0.00      3.06      0.00      0.00     84.69
09:54:57 AM      36      4.04      0.00      7.07      0.00      0.00      0.00      5.05      0.00      0.00     83.84
09:54:57 AM      37      6.25      0.00      5.21      0.00      0.00      0.00      4.17      0.00      0.00     84.38
09:54:57 AM      38      3.96      0.00      8.91      0.00      0.00      0.00      5.94      0.00      0.00     81.19
09:54:57 AM      39      2.08      0.00      8.33      0.00      0.00      0.00      5.21      0.00      0.00     84.38

09:54:57 AM     CPU      %usr     %nice      %sys   %iowait    %steal      %irq     %soft    %guest    %gnice     %idle
09:54:58 AM      32      1.02      0.00      8.16      0.00      0.00      0.00      8.16      0.00      0.00     82.65
09:54:58 AM      33      3.06      0.00      8.16      0.00      0.00      0.00      6.12      0.00      0.00     82.65
09:54:58 AM      34      3.12      0.00      6.25      0.00      0.00      0.00      7.29      0.00      0.00     83.33
09:54:58 AM      35      2.02      0.00      9.09      0.00      0.00      0.00      7.07      0.00      0.00     81.82
09:54:58 AM      36      3.06      0.00      5.10      0.00      0.00      0.00      5.10      0.00      0.00     86.73
09:54:58 AM      37      3.06      0.00      7.14      0.00      0.00      0.00      6.12      0.00      0.00     83.67
09:54:58 AM      38      3.88      0.00      8.74      0.00      0.00      0.00      8.74      0.00      0.00     78.64
09:54:58 AM      39      4.04      0.00      4.04      0.00      0.00      0.00      8.08      0.00      0.00     83.84

09:54:58 AM     CPU      %usr     %nice      %sys   %iowait    %steal      %irq     %soft    %guest    %gnice     %idle
09:54:59 AM      32      4.12      0.00      6.19      0.00      0.00      0.00      7.22      0.00      0.00     82.47
09:54:59 AM      33      5.10      0.00      8.16      0.00      0.00      0.00      4.08      0.00      0.00     82.65
09:54:59 AM      34      4.12      0.00      8.25      0.00      0.00      0.00      6.19      0.00      0.00     81.44
09:54:59 AM      35      4.08      0.00      7.14      0.00      0.00      0.00      6.12      0.00      0.00     82.65
09:54:59 AM      36      1.94      0.00      6.80      0.00      0.00      0.00      7.77      0.00      0.00     83.50
09:54:59 AM      37      4.90      0.00      8.82      0.00      0.00      0.00      5.88      0.00      0.00     80.39
09:54:59 AM      38      2.04      0.00      8.16      0.00      0.00      0.00      7.14      0.00      0.00     82.65
09:54:59 AM      39      5.00      0.00      7.00      0.00      0.00      0.00      6.00      0.00      0.00     82.00

09:54:59 AM     CPU      %usr     %nice      %sys   %iowait    %steal      %irq     %soft    %guest    %gnice     %idle
09:55:00 AM      32      2.04      0.00      6.12      0.00      0.00      0.00      8.16      0.00      0.00     83.67
09:55:00 AM      33      2.00      0.00      9.00      0.00      0.00      0.00      7.00      0.00      0.00     82.00
09:55:00 AM      34      3.96      0.00      9.90      0.00      0.00      0.00      5.94      0.00      0.00     80.20
09:55:00 AM      35      4.00      0.00      8.00      0.00      0.00      0.00      6.00      0.00      0.00     82.00
09:55:00 AM      36      4.04      0.00      7.07      0.00      0.00      0.00      5.05      0.00      0.00     83.84
09:55:00 AM      37      4.04      0.00      7.07      0.00      0.00      0.00      6.06      0.00      0.00     82.83
09:55:00 AM      38      3.03      0.00     10.10      0.00      0.00      0.00      5.05      0.00      0.00     81.82
09:55:00 AM      39      3.00      0.00      7.00      0.00      0.00      0.00      8.00      0.00      0.00     82.00

Average:        CPU      %usr     %nice      %sys   %iowait    %steal      %irq     %soft    %guest    %gnice     %idle
Average:         32      3.97      0.00      6.92      0.00      0.00      0.00      6.82      0.00      0.00     82.30
Average:         33      3.30      0.00      8.45      0.00      0.00      0.00      5.57      0.00      0.00     82.68
Average:         34      3.16      0.00      8.06      0.00      0.00      0.00      8.37      0.00      0.00     80.41
Average:         35      3.26      0.00      7.54      0.00      0.00      0.00      6.22      0.00      0.00     82.98
Average:         36      3.76      0.00      7.32      0.00      0.00      0.00      5.79      0.00      0.00     83.13
Average:         37      4.07      0.00      7.93      0.00      0.00      0.00      8.23      0.00      0.00     79.78
Average:         38     10.19      0.00      7.49      0.00      0.00      0.00      7.09      0.00      0.00     75.22
Average:         39      3.14      0.00      6.99      0.00      0.00      0.00      7.50      0.00      0.00     82.37
