{ common_pid: mc-worker       [     26077], ret:        240 } hitcount:          1
{ common_pid: mc-worker       [     26082], ret:        125 } hitcount:          1
{ common_pid: mc-worker       [     26076], ret:         86 } hitcount:          1
{ common_pid: mc-worker       [     26076], ret:        131 } hitcount:          1
{ common_pid: mc-worker       [     26081], ret:        168 } hitcount:          1
{ common_pid: mc-worker       [     26080], ret:         78 } hitcount:          1
{ common_pid: mc-worker       [     26078], ret:         45 } hitcount:          1
{ common_pid: mc-worker       [     26076], ret:        126 } hitcount:          1
{ common_pid: mc-worker       [     26077], ret:        125 } hitcount:          1
{ common_pid: mc-worker       [     26079], ret:         42 } hitcount:          1
{ common_pid: mc-worker       [     26082], ret:         56 } hitcount:          1
{ common_pid: mc-worker       [     26076], ret:         80 } hitcount:          1
{ common_pid: mc-worker       [     26076], ret:        143 } hitcount:          1
{ common_pid: mc-worker       [     26077], ret:         94 } hitcount:          1
{ common_pid: mc-worker       [     26081], ret:        131 } hitcount:          1
{ common_pid: mc-worker       [     26080], ret:         62 } hitcount:          1
{ common_pid: mc-worker       [     26080], ret:        151 } hitcount:          1
{ common_pid: mc-worker       [     26076], ret:        276 } hitcount:          1
{ common_pid: mc-worker       [     26082], ret:        120 } hitcount:          1
{ common_pid: mc-worker       [     26077], ret:         82 } hitcount:          1
{ common_pid: mc-worker       [     26077], ret:        167 } hitcount:          1
{ common_pid: mc-worker       [     26081], ret:         75 } hitcount:          1
{ common_pid: mc-worker       [     26080], ret:         44 } hitcount:          1
{ common_pid: mc-worker       [     26076], ret:        100 } hitcount:          1
{ common_pid: mc-worker       [     26077], ret:        198 } hitcount:          1
{ common_pid: mc-worker       [     26076], ret:         62 } hitcount:          1
{ common_pid: mc-worker       [     26077], ret:        243 } hitcount:          1
{ common_pid: mc-worker       [     26078], ret:        111 } hitcount:          1
{ common_pid: mc-worker       [     26081], ret:         86 } hitcount:          1
{ common_pid: mc-worker       [     26077], ret:        150 } hitcount:          1
{ common_pid: mc-worker       [     26081], ret:         56 } hitcount:          1
{ common_pid: mc-worker       [     26081], ret:         59 } hitcount:          1
{ common_pid: mc-worker       [     26081], ret:         48 } hitcount:          1
{ common_pid: mc-worker       [     26077], ret:        420 } hitcount:          1
{ common_pid: mc-worker       [     26079], ret:         44 } hitcount:          1
{ common_pid: mc-worker       [     26082], ret:         48 } hitcount:          1
{ common_pid: mc-worker       [     26077], ret:        262 } hitcount:          1
{ common_pid: mc-worker       [     26077], ret:        177 } hitcount:          1
{ common_pid: mc-worker       [     26077], ret:        260 } hitcount:          1
{ common_pid: mc-worker       [     26083], ret:         39 } hitcount:          1
{ common_pid: mc-worker       [     26083], ret:         48 } hitcount:          1
{ common_pid: mc-worker       [     26076], ret:         44 } hitcount:          1
{ common_pid: mc-worker       [     26077], ret:         45 } hitcount:          1
{ common_pid: mc-worker       [     26077], ret:         97 } hitcount:          1
{ common_pid: mc-worker       [     26082], ret:         40 } hitcount:          1
{ common_pid: mc-worker       [     26083], ret:        143 } hitcount:          1
{ common_pid: mc-worker       [     26082], ret:        165 } hitcount:          1
{ common_pid: mc-worker       [     26077], ret:         75 } hitcount:          1
{ common_pid: mc-worker       [     26081], ret:         71 } hitcount:          1
{ common_pid: mc-worker       [     26083], ret:        110 } hitcount:          1
{ common_pid: mc-worker       [     26083], ret:         38 } hitcount:          1
{ common_pid: mc-worker       [     26082], ret:        119 } hitcount:          1
{ common_pid: mc-worker       [     26077], ret:        416 } hitcount:          1
{ common_pid: mc-worker       [     26076], ret:        255 } hitcount:          1
{ common_pid: mc-worker       [     26077], ret:        457 } hitcount:          1
{ common_pid: mc-worker       [     26076], ret:         61 } hitcount:          1
{ common_pid: mc-worker       [     26078], ret:         82 } hitcount:          1
{ common_pid: mc-worker       [     26077], ret:         87 } hitcount:          1
{ common_pid: mc-worker       [     26077], ret:        126 } hitcount:          1
{ common_pid: mc-worker       [     26076], ret:        141 } hitcount:          1
{ common_pid: mc-worker       [     26076], ret:        142 } hitcount:          1
{ common_pid: mc-worker       [     26076], ret:        283 } hitcount:          1
{ common_pid: mc-worker       [     26083], ret:        126 } hitcount:          1
{ common_pid: mc-worker       [     26080], ret:         55 } hitcount:          1
{ common_pid: mc-worker       [     26077], ret:        335 } hitcount:          1
{ common_pid: mc-worker       [     26079], ret:        169 } hitcount:          1
{ common_pid: mc-worker       [     26083], ret:         40 } hitcount:          1
{ common_pid: mc-worker       [     26077], ret:        259 } hitcount:          1
{ common_pid: mc-worker       [     26078], ret:        172 } hitcount:          1
{ common_pid: mc-worker       [     26080], ret:        128 } hitcount:          1
{ common_pid: mc-worker       [     26081], ret:         49 } hitcount:          1
{ common_pid: mc-worker       [     26076], ret:         77 } hitcount:          1
{ common_pid: mc-worker       [     26083], ret:         51 } hitcount:          1
{ common_pid: mc-worker       [     26077], ret:        244 } hitcount:          1
{ common_pid: mc-worker       [     26077], ret:        168 } hitcount:          1
{ common_pid: mc-worker       [     26083], ret:         44 } hitcount:          1
{ common_pid: mc-worker       [     26077], ret:        256 } hitcount:          1
{ common_pid: mc-worker       [     26077], ret:        142 } hitcount:          1
{ common_pid: mc-worker       [     26078], ret:         48 } hitcount:          1
{ common_pid: mc-worker       [     26077], ret:        131 } hitcount:          1
{ common_pid: mc-worker       [     26077], ret:        113 } hitcount:          1
{ common_pid: mc-worker       [     26081], ret:         54 } hitcount:          1
{ common_pid: mc-worker       [     26081], ret:         65 } hitcount:          1
{ common_pid: mc-worker       [     26077], ret:        148 } hitcount:          1
{ common_pid: mc-worker       [     26079], ret:         53 } hitcount:          1
{ common_pid: mc-worker       [     26080], ret:        113 } hitcount:          1
{ common_pid: mc-worker       [     26077], ret:         72 } hitcount:          1
{ common_pid: mc-worker       [     26079], ret:         46 } hitcount:          1
{ common_pid: mc-worker       [     26077], ret:         68 } hitcount:          1
{ common_pid: mc-worker       [     26076], ret:         51 } hitcount:          1
{ common_pid: mc-worker       [     26077], ret:        322 } hitcount:          1
{ common_pid: mc-worker       [     26082], ret:         43 } hitcount:          1
{ common_pid: mc-worker       [     26077], ret:         74 } hitcount:          1
{ common_pid: mc-worker       [     26076], ret:        119 } hitcount:          1
{ common_pid: mc-worker       [     26083], ret:        116 } hitcount:          1
{ common_pid: mc-worker       [     26081], ret:         43 } hitcount:          1
{ common_pid: mc-worker       [     26077], ret:         83 } hitcount:          1
{ common_pid: mc-worker       [     26077], ret:        107 } hitcount:          1
{ common_pid: mc-worker       [     26077], ret:        170 } hitcount:          1
{ common_pid: mc-worker       [     26083], ret:         45 } hitcount:          1
{ common_pid: mc-worker       [     26078], ret:        126 } hitcount:          1
{ common_pid: mc-worker       [     26080], ret:         65 } hitcount:          1
{ common_pid: mc-worker       [     26079], ret:        256 } hitcount:          1
{ common_pid: mc-worker       [     26079], ret:        109 } hitcount:          1
{ common_pid: mc-worker       [     26080], ret:        111 } hitcount:          1
{ common_pid: mc-worker       [     26079], ret:         48 } hitcount:          1
{ common_pid: mc-worker       [     26077], ret:         93 } hitcount:          2
{ common_pid: mc-worker       [     26080], ret:         58 } hitcount:          2
{ common_pid: mc-worker       [     26081], ret:         47 } hitcount:          2
{ common_pid: mc-worker       [     26080], ret:         50 } hitcount:          2
{ common_pid: mc-worker       [     26077], ret:         86 } hitcount:          2
{ common_pid: mc-worker       [     26079], ret:         43 } hitcount:          2
{ common_pid: mc-worker       [     26077], ret:         48 } hitcount:          2
{ common_pid: mc-worker       [     26080], ret:         51 } hitcount:          2
{ common_pid: mc-worker       [     26076], ret:         66 } hitcount:          2
{ common_pid: mc-worker       [     26076], ret:         58 } hitcount:          2
{ common_pid: mc-worker       [     26077], ret:         40 } hitcount:          2
{ common_pid: mc-worker       [     26077], ret:         49 } hitcount:          2
{ common_pid: mc-worker       [     26076], ret:         45 } hitcount:          2
{ common_pid: mc-worker       [     26080], ret:         49 } hitcount:          2
{ common_pid: mc-worker       [     26081], ret:         42 } hitcount:          2
{ common_pid: mc-worker       [     26077], ret:         70 } hitcount:          2
{ common_pid: mc-worker       [     26080], ret:         43 } hitcount:          2
{ common_pid: mc-worker       [     26081], ret:         58 } hitcount:          2
{ common_pid: mc-worker       [     26081], ret:        108 } hitcount:          2
{ common_pid: mc-worker       [     26081], ret:        127 } hitcount:          2
{ common_pid: mc-worker       [     26076], ret:         64 } hitcount:          2
{ common_pid: mc-worker       [     26081], ret:         50 } hitcount:          2
{ common_pid: mc-worker       [     26076], ret:         60 } hitcount:          2
{ common_pid: mc-worker       [     26078], ret:         41 } hitcount:          2
{ common_pid: mc-worker       [     26077], ret:        115 } hitcount:          2
{ common_pid: mc-worker       [     26076], ret:         40 } hitcount:          2
{ common_pid: mc-worker       [     26080], ret:         53 } hitcount:          2
{ common_pid: mc-worker       [     26076], ret:        109 } hitcount:          2
{ common_pid: mc-worker       [     26077], ret:        281 } hitcount:          2
{ common_pid: mc-worker       [     26077], ret:         47 } hitcount:          2
{ common_pid: mc-worker       [     26081], ret:         45 } hitcount:          2
{ common_pid: mc-worker       [     26076], ret:         49 } hitcount:          2
{ common_pid: mc-worker       [     26076], ret:         57 } hitcount:          2
{ common_pid: mc-worker       [     26076], ret:         47 } hitcount:          2
{ common_pid: mc-worker       [     26077], ret:         95 } hitcount:          2
{ common_pid: mc-worker       [     26077], ret:         69 } hitcount:          2
{ common_pid: mc-worker       [     26078], ret:         44 } hitcount:          2
{ common_pid: mc-worker       [     26081], ret:         39 } hitcount:          2
{ common_pid: mc-worker       [     26076], ret:         56 } hitcount:          3
{ common_pid: mc-worker       [     26076], ret:         43 } hitcount:          3
{ common_pid: mc-worker       [     26081], ret:         44 } hitcount:          3
{ common_pid: mc-worker       [     26080], ret:         37 } hitcount:          3
{ common_pid: mc-worker       [     26076], ret:         50 } hitcount:          3
{ common_pid: mc-worker       [     26081], ret:         46 } hitcount:          3
{ common_pid: mc-worker       [     26080], ret:         45 } hitcount:          3
{ common_pid: mc-worker       [     26076], ret:         63 } hitcount:          3
{ common_pid: mc-worker       [     26077], ret:         42 } hitcount:          3
{ common_pid: mc-worker       [     26081], ret:         52 } hitcount:          3
{ common_pid: mc-worker       [     26078], ret:         39 } hitcount:          3
{ common_pid: mc-worker       [     26077], ret:         50 } hitcount:          3
{ common_pid: mc-worker       [     26083], ret:         42 } hitcount:          3
{ common_pid: mc-worker       [     26077], ret:        138 } hitcount:          3
{ common_pid: mc-worker       [     26078], ret:         40 } hitcount:          3
{ common_pid: mc-worker       [     26083], ret:         43 } hitcount:          3
{ common_pid: mc-worker       [     26081], ret:         51 } hitcount:          3
{ common_pid: mc-worker       [     26082], ret:         45 } hitcount:          3
{ common_pid: mc-worker       [     26078], ret:         42 } hitcount:          3
{ common_pid: mc-worker       [     26081], ret:         63 } hitcount:          3
{ common_pid: mc-worker       [     26077], ret:         44 } hitcount:          3
{ common_pid: mc-worker       [     26079], ret:         38 } hitcount:          3
{ common_pid: mc-worker       [     26082], ret:         44 } hitcount:          3
{ common_pid: mc-worker       [     26076], ret:         42 } hitcount:          3
{ common_pid: mc-worker       [     26079], ret:         41 } hitcount:          3
{ common_pid: mc-worker       [     26082], ret:         42 } hitcount:          3
{ common_pid: mc-worker       [     26076], ret:         54 } hitcount:          3
{ common_pid: mc-worker       [     26079], ret:         40 } hitcount:          4
{ common_pid: mc-worker       [     26076], ret:         53 } hitcount:          4
{ common_pid: mc-worker       [     26076], ret:         52 } hitcount:          4
{ common_pid: mc-worker       [     26077], ret:         52 } hitcount:          4
{ common_pid: mc-worker       [     26081], ret:         41 } hitcount:          4
{ common_pid: mc-worker       [     26076], ret:         55 } hitcount:          4
{ common_pid: mc-worker       [     26080], ret:         42 } hitcount:          4
{ common_pid: mc-worker       [     26076], ret:         59 } hitcount:          4
{ common_pid: mc-worker       [     26079], ret:         39 } hitcount:          4
{ common_pid: mc-worker       [     26083], ret:         35 } hitcount:          4
{ common_pid: mc-worker       [     26077], ret:         43 } hitcount:          4
{ common_pid: mc-worker       [     26076], ret:         37 } hitcount:          4
{ common_pid: mc-worker       [     26080], ret:         40 } hitcount:          5
{ common_pid: mc-worker       [     26082], ret:         37 } hitcount:          5
{ common_pid: mc-worker       [     26076], ret:         41 } hitcount:          5
{ common_pid: mc-worker       [     26081], ret:         38 } hitcount:          5
{ common_pid: mc-worker       [     26082], ret:         41 } hitcount:          5
{ common_pid: mc-worker       [     26077], ret:         67 } hitcount:          5
{ common_pid: mc-worker       [     26076], ret:         39 } hitcount:          5
{ common_pid: mc-worker       [     26077], ret:         66 } hitcount:          5
{ common_pid: mc-worker       [     26078], ret:         37 } hitcount:          5
{ common_pid: mc-worker       [     26082], ret:         39 } hitcount:          6
{ common_pid: mc-worker       [     26080], ret:         41 } hitcount:          6
{ common_pid: mc-worker       [     26076], ret:         38 } hitcount:          6
{ common_pid: mc-worker       [     26077], ret:         64 } hitcount:          7
{ common_pid: mc-worker       [     26077], ret:         53 } hitcount:          7
{ common_pid: mc-worker       [     26078], ret:         38 } hitcount:          7
{ common_pid: mc-worker       [     26077], ret:         55 } hitcount:          7
{ common_pid: mc-worker       [     26079], ret:         37 } hitcount:          7
{ common_pid: mc-worker       [     26079], ret:         36 } hitcount:          7
{ common_pid: mc-worker       [     26077], ret:         51 } hitcount:          7
{ common_pid: mc-worker       [     26081], ret:         40 } hitcount:          7
{ common_pid: mc-worker       [     26080], ret:         38 } hitcount:          8
{ common_pid: mc-worker       [     26080], ret:         39 } hitcount:          8
{ common_pid: mc-worker       [     26077], ret:         54 } hitcount:          8
{ common_pid: mc-worker       [     26078], ret:         36 } hitcount:          9
{ common_pid: mc-worker       [     26077], ret:         65 } hitcount:          9
{ common_pid: mc-worker       [     26083], ret:         36 } hitcount:          9
{ common_pid: mc-worker       [     26077], ret:         39 } hitcount:          9
{ common_pid: mc-worker       [     26077], ret:         57 } hitcount:          9
{ common_pid: mc-worker       [     26077], ret:         37 } hitcount:         10
{ common_pid: mc-worker       [     26083], ret:         33 } hitcount:         10
{ common_pid: mc-worker       [     26077], ret:         58 } hitcount:         10
{ common_pid: mc-worker       [     26082], ret:         36 } hitcount:         10
{ common_pid: mc-worker       [     26076], ret:         36 } hitcount:         10
{ common_pid: mc-worker       [     26078], ret:         35 } hitcount:         10
{ common_pid: mc-worker       [     26079], ret:         35 } hitcount:         10
{ common_pid: mc-worker       [     26082], ret:         38 } hitcount:         10
{ common_pid: mc-worker       [     26079], ret:         33 } hitcount:         10
{ common_pid: mc-worker       [     26077], ret:         56 } hitcount:         10
{ common_pid: mc-worker       [     26077], ret:         38 } hitcount:         11
{ common_pid: mc-worker       [     26081], ret:         37 } hitcount:         11
{ common_pid: mc-worker       [     26083], ret:         37 } hitcount:         11
{ common_pid: mc-worker       [     26079], ret:         34 } hitcount:         12
{ common_pid: mc-worker       [     26077], ret:         63 } hitcount:         12
{ common_pid: mc-worker       [     26082], ret:         30 } hitcount:         13
{ common_pid: mc-worker       [     26082], ret:         34 } hitcount:         13
{ common_pid: mc-worker       [     26079], ret:         31 } hitcount:         13
{ common_pid: mc-worker       [     26082], ret:         31 } hitcount:         13
{ common_pid: mc-worker       [     26077], ret:         36 } hitcount:         13
{ common_pid: mc-worker       [     26081], ret:         36 } hitcount:         13
{ common_pid: mc-worker       [     26079], ret:         32 } hitcount:         13
{ common_pid: mc-worker       [     26078], ret:         28 } hitcount:         13
{ common_pid: mc-worker       [     26080], ret:         35 } hitcount:         14
{ common_pid: mc-worker       [     26079], ret:         28 } hitcount:         14
{ common_pid: mc-worker       [     26076], ret:         34 } hitcount:         14
{ common_pid: mc-worker       [     26082], ret:         35 } hitcount:         15
{ common_pid: mc-worker       [     26078], ret:         33 } hitcount:         15
{ common_pid: mc-worker       [     26077], ret:         62 } hitcount:         17
{ common_pid: mc-worker       [     26076], ret:         35 } hitcount:         17
{ common_pid: mc-worker       [     26082], ret:         32 } hitcount:         17
{ common_pid: mc-worker       [     26080], ret:         36 } hitcount:         17
{ common_pid: mc-worker       [     26083], ret:         34 } hitcount:         17
{ common_pid: mc-worker       [     26083], ret:         32 } hitcount:         18
{ common_pid: mc-worker       [     26081], ret:         35 } hitcount:         18
{ common_pid: mc-worker       [     26078], ret:         34 } hitcount:         18
{ common_pid: mc-worker       [     26076], ret:         33 } hitcount:         18
{ common_pid: mc-worker       [     26080], ret:         33 } hitcount:         18
{ common_pid: mc-worker       [     26082], ret:         33 } hitcount:         18
{ common_pid: mc-worker       [     26077], ret:         61 } hitcount:         18
{ common_pid: mc-worker       [     26076], ret:         32 } hitcount:         18
{ common_pid: mc-worker       [     26077], ret:         60 } hitcount:         19
{ common_pid: mc-worker       [     26078], ret:         32 } hitcount:         20
{ common_pid: mc-worker       [     26082], ret:         28 } hitcount:         20
{ common_pid: mc-worker       [     26083], ret:         31 } hitcount:         20
{ common_pid: mc-worker       [     26080], ret:         34 } hitcount:         20
{ common_pid: mc-worker       [     26083], ret:         30 } hitcount:         20
{ common_pid: mc-worker       [     26076], ret:         31 } hitcount:         22
{ common_pid: mc-worker       [     26079], ret:         30 } hitcount:         22
{ common_pid: mc-worker       [     26077], ret:         59 } hitcount:         23
{ common_pid: mc-worker       [     26076], ret:         28 } hitcount:         23
{ common_pid: mc-worker       [     26077], ret:         35 } hitcount:         23
{ common_pid: mc-worker       [     26078], ret:         31 } hitcount:         23
{ common_pid: mc-worker       [     26081], ret:         33 } hitcount:         24
{ common_pid: mc-worker       [     26077], ret:         34 } hitcount:         24
{ common_pid: mc-worker       [     26082], ret:         27 } hitcount:         24
{ common_pid: mc-worker       [     26076], ret:         30 } hitcount:         26
{ common_pid: mc-worker       [     26081], ret:         32 } hitcount:         26
{ common_pid: mc-worker       [     26078], ret:         30 } hitcount:         27
{ common_pid: mc-worker       [     26079], ret:         26 } hitcount:         27
{ common_pid: mc-worker       [     26076], ret:         26 } hitcount:         27
{ common_pid: mc-worker       [     26079], ret:         27 } hitcount:         27
{ common_pid: mc-worker       [     26077], ret:         33 } hitcount:         29
{ common_pid: mc-worker       [     26076], ret:         25 } hitcount:         29
{ common_pid: mc-worker       [     26078], ret:         26 } hitcount:         29
{ common_pid: mc-worker       [     26082], ret:         29 } hitcount:         29
{ common_pid: mc-worker       [     26080], ret:         32 } hitcount:         30
{ common_pid: mc-worker       [     26079], ret:         24 } hitcount:         30
{ common_pid: mc-worker       [     26079], ret:         29 } hitcount:         30
{ common_pid: mc-worker       [     26081], ret:         34 } hitcount:         30
{ common_pid: mc-worker       [     26078], ret:         25 } hitcount:         31
{ common_pid: mc-worker       [     26078], ret:         29 } hitcount:         31
{ common_pid: mc-worker       [     26080], ret:         31 } hitcount:         31
{ common_pid: mc-worker       [     26081], ret:         31 } hitcount:         32
{ common_pid: mc-worker       [     26076], ret:         29 } hitcount:         32
{ common_pid: mc-worker       [     26079], ret:         23 } hitcount:         32
{ common_pid: mc-worker       [     26079], ret:         25 } hitcount:         33
{ common_pid: mc-worker       [     26081], ret:         30 } hitcount:         35
{ common_pid: mc-worker       [     26082], ret:         25 } hitcount:         35
{ common_pid: mc-worker       [     26078], ret:         21 } hitcount:         36
{ common_pid: mc-worker       [     26078], ret:         27 } hitcount:         36
{ common_pid: mc-worker       [     26083], ret:         29 } hitcount:         36
{ common_pid: mc-worker       [     26077], ret:         31 } hitcount:         37
{ common_pid: mc-worker       [     26076], ret:         24 } hitcount:         38
{ common_pid: mc-worker       [     26078], ret:         23 } hitcount:         38
{ common_pid: mc-worker       [     26080], ret:         30 } hitcount:         38
{ common_pid: mc-worker       [     26083], ret:         28 } hitcount:         38
{ common_pid: mc-worker       [     26082], ret:         26 } hitcount:         42
{ common_pid: mc-worker       [     26076], ret:         27 } hitcount:         42
{ common_pid: mc-worker       [     26083], ret:         27 } hitcount:         43
{ common_pid: mc-worker       [     26079], ret:         22 } hitcount:         43
{ common_pid: mc-worker       [     26080], ret:         29 } hitcount:         43
{ common_pid: mc-worker       [     26078], ret:         24 } hitcount:         44
{ common_pid: mc-worker       [     26082], ret:         24 } hitcount:         45
{ common_pid: mc-worker       [     26083], ret:         26 } hitcount:         46
{ common_pid: mc-worker       [     26081], ret:         29 } hitcount:         47
{ common_pid: mc-worker       [     26078], ret:         22 } hitcount:         47
{ common_pid: mc-worker       [     26079], ret:         21 } hitcount:         49
{ common_pid: mc-worker       [     26077], ret:         29 } hitcount:         52
{ common_pid: mc-worker       [     26077], ret:         28 } hitcount:         52
{ common_pid: mc-worker       [     26077], ret:         32 } hitcount:         52
{ common_pid: mc-worker       [     26081], ret:         28 } hitcount:         52
{ common_pid: mc-worker       [     26077], ret:         30 } hitcount:         54
{ common_pid: mc-worker       [     26077], ret:         27 } hitcount:         56
{ common_pid: mc-worker       [     26082], ret:         22 } hitcount:         56
{ common_pid: mc-worker       [     26079], ret:         20 } hitcount:         58
{ common_pid: mc-worker       [     26076], ret:         22 } hitcount:         59
{ common_pid: mc-worker       [     26076], ret:         23 } hitcount:         61
{ common_pid: mc-worker       [     26077], ret:         26 } hitcount:         65
{ common_pid: mc-worker       [     26078], ret:         20 } hitcount:         66
{ common_pid: mc-worker       [     26082], ret:         23 } hitcount:         66
{ common_pid: mc-worker       [     26081], ret:         27 } hitcount:         67
{ common_pid: mc-worker       [     26083], ret:         25 } hitcount:         67
{ common_pid: mc-worker       [     26080], ret:         28 } hitcount:         69
{ common_pid: mc-worker       [     26082], ret:         21 } hitcount:         71
{ common_pid: mc-worker       [     26077], ret:         24 } hitcount:         72
{ common_pid: mc-worker       [     26080], ret:         27 } hitcount:         73
{ common_pid: mc-worker       [     26077], ret:         25 } hitcount:         73
{ common_pid: mc-worker       [     26083], ret:         24 } hitcount:         74
{ common_pid: mc-worker       [     26076], ret:         21 } hitcount:         74
{ common_pid: mc-worker       [     26079], ret:         19 } hitcount:         77
{ common_pid: mc-worker       [     26078], ret:         19 } hitcount:         79
{ common_pid: mc-worker       [     26080], ret:         26 } hitcount:         83
{ common_pid: mc-worker       [     26078], ret:         18 } hitcount:         86
{ common_pid: mc-worker       [     26082], ret:         20 } hitcount:         88
{ common_pid: mc-worker       [     26081], ret:         26 } hitcount:         89
{ common_pid: mc-worker       [     26077], ret:         23 } hitcount:         90
{ common_pid: mc-worker       [     26081], ret:         25 } hitcount:        100
{ common_pid: mc-worker       [     26079], ret:         18 } hitcount:        102
{ common_pid: mc-worker       [     26081], ret:         24 } hitcount:        104
{ common_pid: mc-worker       [     26083], ret:         23 } hitcount:        105
{ common_pid: mc-worker       [     26077], ret:         22 } hitcount:        106
{ common_pid: mc-worker       [     26078], ret:         17 } hitcount:        112
{ common_pid: mc-worker       [     26076], ret:         19 } hitcount:        117
{ common_pid: mc-worker       [     26076], ret:         20 } hitcount:        120
{ common_pid: mc-worker       [     26080], ret:         25 } hitcount:        121
{ common_pid: mc-worker       [     26083], ret:         22 } hitcount:        129
{ common_pid: mc-worker       [     26082], ret:         19 } hitcount:        138
{ common_pid: mc-worker       [     26077], ret:         21 } hitcount:        139
{ common_pid: mc-worker       [     26080], ret:         24 } hitcount:        142
{ common_pid: mc-worker       [     26081], ret:         23 } hitcount:        151
{ common_pid: mc-worker       [     26076], ret:         18 } hitcount:        160
{ common_pid: mc-worker       [     26079], ret:         17 } hitcount:        161
{ common_pid: mc-worker       [     26078], ret:         16 } hitcount:        163
{ common_pid: mc-worker       [     26077], ret:         20 } hitcount:        167
{ common_pid: mc-worker       [     26083], ret:         21 } hitcount:        168
{ common_pid: mc-worker       [     26081], ret:         22 } hitcount:        176
{ common_pid: mc-worker       [     26082], ret:         18 } hitcount:        208
{ common_pid: mc-worker       [     26079], ret:         16 } hitcount:        210
{ common_pid: mc-worker       [     26076], ret:         17 } hitcount:        220
{ common_pid: mc-worker       [     26083], ret:         20 } hitcount:        235
{ common_pid: mc-worker       [     26080], ret:         23 } hitcount:        235
{ common_pid: mc-worker       [     26081], ret:         21 } hitcount:        241
{ common_pid: mc-worker       [     26080], ret:         22 } hitcount:        244
{ common_pid: mc-worker       [     26078], ret:         15 } hitcount:        256
{ common_pid: mc-worker       [     26077], ret:         19 } hitcount:        259
{ common_pid: mc-worker       [     26082], ret:         17 } hitcount:        271
{ common_pid: mc-worker       [     26081], ret:         20 } hitcount:        319
{ common_pid: mc-worker       [     26079], ret:         15 } hitcount:        319
{ common_pid: mc-worker       [     26076], ret:         16 } hitcount:        323
{ common_pid: mc-worker       [     26080], ret:         21 } hitcount:        350
{ common_pid: mc-worker       [     26077], ret:         18 } hitcount:        350
{ common_pid: mc-worker       [     26083], ret:         19 } hitcount:        352
{ common_pid: mc-worker       [     26078], ret:         14 } hitcount:        375
{ common_pid: mc-worker       [     26082], ret:         16 } hitcount:        426
{ common_pid: mc-worker       [     26081], ret:         19 } hitcount:        459
{ common_pid: mc-worker       [     26076], ret:         15 } hitcount:        469
{ common_pid: mc-worker       [     26077], ret:         17 } hitcount:        483
{ common_pid: mc-worker       [     26083], ret:         18 } hitcount:        486
{ common_pid: mc-worker       [     26080], ret:         20 } hitcount:        495
{ common_pid: mc-worker       [     26079], ret:         14 } hitcount:        495
{ common_pid: mc-worker       [     26081], ret:         18 } hitcount:        561
{ common_pid: mc-worker       [     26082], ret:         15 } hitcount:        568
{ common_pid: mc-worker       [     26078], ret:         13 } hitcount:        570
{ common_pid: mc-worker       [     26083], ret:         17 } hitcount:        618
{ common_pid: mc-worker       [     26077], ret:         16 } hitcount:        677
{ common_pid: mc-worker       [     26080], ret:         19 } hitcount:        678
{ common_pid: mc-worker       [     26076], ret:         14 } hitcount:        692
{ common_pid: mc-worker       [     26079], ret:         13 } hitcount:        730
{ common_pid: mc-worker       [     26081], ret:         17 } hitcount:        817
{ common_pid: mc-worker       [     26080], ret:         18 } hitcount:        884
{ common_pid: mc-worker       [     26082], ret:         14 } hitcount:        891
{ common_pid: mc-worker       [     26078], ret:         12 } hitcount:        930
{ common_pid: mc-worker       [     26083], ret:         16 } hitcount:        935
{ common_pid: mc-worker       [     26077], ret:         15 } hitcount:        997
{ common_pid: mc-worker       [     26076], ret:         13 } hitcount:       1060
{ common_pid: mc-worker       [     26081], ret:         16 } hitcount:       1077
{ common_pid: mc-worker       [     26079], ret:         12 } hitcount:       1127
{ common_pid: mc-worker       [     26080], ret:         17 } hitcount:       1234
{ common_pid: mc-worker       [     26083], ret:         15 } hitcount:       1241
{ common_pid: mc-worker       [     26082], ret:         13 } hitcount:       1347
{ common_pid: mc-worker       [     26077], ret:         14 } hitcount:       1418
{ common_pid: mc-worker       [     26081], ret:         15 } hitcount:       1488
{ common_pid: mc-worker       [     26078], ret:         11 } hitcount:       1546
{ common_pid: mc-worker       [     26076], ret:         12 } hitcount:       1574
{ common_pid: mc-worker       [     26080], ret:         16 } hitcount:       1582
{ common_pid: mc-worker       [     26083], ret:         14 } hitcount:       1776
{ common_pid: mc-worker       [     26079], ret:         11 } hitcount:       1950
{ common_pid: mc-worker       [     26077], ret:         13 } hitcount:       1980
{ common_pid: mc-worker       [     26082], ret:         12 } hitcount:       2056
{ common_pid: mc-worker       [     26081], ret:         14 } hitcount:       2085
{ common_pid: mc-worker       [     26080], ret:         15 } hitcount:       2202
{ common_pid: mc-worker       [     26083], ret:         13 } hitcount:       2515
{ common_pid: mc-worker       [     26076], ret:         11 } hitcount:       2565
{ common_pid: mc-worker       [     26078], ret:         10 } hitcount:       2587
{ common_pid: mc-worker       [     26081], ret:         13 } hitcount:       2840
{ common_pid: mc-worker       [     26077], ret:         12 } hitcount:       2926
{ common_pid: mc-worker       [     26080], ret:         14 } hitcount:       3073
{ common_pid: mc-worker       [     26082], ret:         11 } hitcount:       3183
{ common_pid: mc-worker       [     26079], ret:         10 } hitcount:       3241
{ common_pid: mc-worker       [     26083], ret:         12 } hitcount:       3566
{ common_pid: mc-worker       [     26076], ret:         10 } hitcount:       3850
{ common_pid: mc-worker       [     26080], ret:         13 } hitcount:       4108
{ common_pid: mc-worker       [     26081], ret:         12 } hitcount:       4243
{ common_pid: mc-worker       [     26077], ret:         11 } hitcount:       4263
{ common_pid: mc-worker       [     26078], ret:          9 } hitcount:       4453
{ common_pid: mc-worker       [     26082], ret:         10 } hitcount:       5044
{ common_pid: mc-worker       [     26083], ret:         11 } hitcount:       5107
{ common_pid: mc-worker       [     26079], ret:          9 } hitcount:       5563
{ common_pid: mc-worker       [     26080], ret:         12 } hitcount:       5741
{ common_pid: mc-worker       [     26081], ret:         11 } hitcount:       5979
{ common_pid: mc-worker       [     26076], ret:          9 } hitcount:       6228
{ common_pid: mc-worker       [     26077], ret:         10 } hitcount:       6472
{ common_pid: mc-worker       [     26083], ret:         10 } hitcount:       7500
{ common_pid: mc-worker       [     26078], ret:          8 } hitcount:       7757
{ common_pid: mc-worker       [     26082], ret:          9 } hitcount:       7839
{ common_pid: mc-worker       [     26080], ret:         11 } hitcount:       8088
{ common_pid: mc-worker       [     26081], ret:         10 } hitcount:       8507
{ common_pid: mc-worker       [     26079], ret:          8 } hitcount:       9305
{ common_pid: mc-worker       [     26077], ret:          9 } hitcount:       9826
{ common_pid: mc-worker       [     26076], ret:          8 } hitcount:      10519
{ common_pid: mc-worker       [     26080], ret:         10 } hitcount:      11035
{ common_pid: mc-worker       [     26083], ret:          9 } hitcount:      11355
{ common_pid: mc-worker       [     26081], ret:          9 } hitcount:      12318
{ common_pid: mc-worker       [     26082], ret:          8 } hitcount:      12771
{ common_pid: mc-worker       [     26078], ret:          7 } hitcount:      13806
{ common_pid: mc-worker       [     26077], ret:          8 } hitcount:      14490
{ common_pid: mc-worker       [     26080], ret:          9 } hitcount:      15844
{ common_pid: mc-worker       [     26079], ret:          7 } hitcount:      16366
{ common_pid: mc-worker       [     26083], ret:          8 } hitcount:      17024
{ common_pid: mc-worker       [     26081], ret:          8 } hitcount:      18099
{ common_pid: mc-worker       [     26076], ret:          7 } hitcount:      18120
{ common_pid: mc-worker       [     26082], ret:          7 } hitcount:      21310
{ common_pid: mc-worker       [     26080], ret:          8 } hitcount:      22449
{ common_pid: mc-worker       [     26077], ret:          7 } hitcount:      22806
{ common_pid: mc-worker       [     26083], ret:          7 } hitcount:      25857
{ common_pid: mc-worker       [     26078], ret:          6 } hitcount:      26358
{ common_pid: mc-worker       [     26081], ret:          7 } hitcount:      27253
{ common_pid: mc-worker       [     26079], ret:          6 } hitcount:      30484
{ common_pid: mc-worker       [     26076], ret:          6 } hitcount:      31913
{ common_pid: mc-worker       [     26080], ret:          7 } hitcount:      32198
{ common_pid: mc-worker       [     26082], ret:          6 } hitcount:      36363
{ common_pid: mc-worker       [     26077], ret:          6 } hitcount:      37547
{ common_pid: mc-worker       [     26083], ret:          6 } hitcount:      41514
{ common_pid: mc-worker       [     26081], ret:          6 } hitcount:      42737
{ common_pid: mc-worker       [     26080], ret:          6 } hitcount:      47904
{ common_pid: mc-worker       [     26078], ret:          5 } hitcount:      50539
{ common_pid: mc-worker       [     26079], ret:          5 } hitcount:      57215
{ common_pid: mc-worker       [     26076], ret:          5 } hitcount:      57989
{ common_pid: mc-worker       [     26077], ret:          5 } hitcount:      62993
{ common_pid: mc-worker       [     26082], ret:          5 } hitcount:      65277
{ common_pid: mc-worker       [     26081], ret:          5 } hitcount:      68929
{ common_pid: mc-worker       [     26083], ret:          5 } hitcount:      69026
{ common_pid: mc-worker       [     26080], ret:          5 } hitcount:      73852
{ common_pid: mc-worker       [     26078], ret:          4 } hitcount:     101913
{ common_pid: mc-worker       [     26076], ret:          4 } hitcount:     109945
{ common_pid: mc-worker       [     26077], ret:          4 } hitcount:     110052
{ common_pid: mc-worker       [     26079], ret:          4 } hitcount:     111613
{ common_pid: mc-worker       [     26081], ret:          4 } hitcount:     113716
{ common_pid: mc-worker       [     26083], ret:          4 } hitcount:     115861
{ common_pid: mc-worker       [     26080], ret:          4 } hitcount:     116992
{ common_pid: mc-worker       [     26082], ret:          4 } hitcount:     117078
{ common_pid: mc-worker       [     26080], ret:          3 } hitcount:     188851
{ common_pid: mc-worker       [     26077], ret:          3 } hitcount:     193616
{ common_pid: mc-worker       [     26081], ret:          3 } hitcount:     194404
{ common_pid: mc-worker       [     26083], ret:          3 } hitcount:     201526
{ common_pid: mc-worker       [     26078], ret:          3 } hitcount:     206737
{ common_pid: mc-worker       [     26076], ret:          3 } hitcount:     214177
{ common_pid: mc-worker       [     26082], ret:          3 } hitcount:     217248
{ common_pid: mc-worker       [     26079], ret:          3 } hitcount:     222143
{ common_pid: mc-worker       [     26080], ret:          2 } hitcount:     318358
{ common_pid: mc-worker       [     26081], ret:          2 } hitcount:     344972
{ common_pid: mc-worker       [     26077], ret:          2 } hitcount:     358569
{ common_pid: mc-worker       [     26083], ret:          2 } hitcount:     365560
{ common_pid: mc-worker       [     26082], ret:          2 } hitcount:     421717
{ common_pid: mc-worker       [     26076], ret:          2 } hitcount:     432934
{ common_pid: mc-worker       [     26078], ret:          2 } hitcount:     442295
{ common_pid: mc-worker       [     26079], ret:          2 } hitcount:     461280
{ common_pid: mc-worker       [     26080], ret:          1 } hitcount:     545313
{ common_pid: mc-worker       [     26081], ret:          1 } hitcount:     620350
{ common_pid: mc-worker       [     26077], ret:          1 } hitcount:     660100
{ common_pid: mc-worker       [     26083], ret:          1 } hitcount:     667178
{ common_pid: mc-worker       [     26082], ret:          1 } hitcount:     808253
{ common_pid: mc-worker       [     26076], ret:          1 } hitcount:     873778
{ common_pid: mc-worker       [     26078], ret:          1 } hitcount:     937415
{ common_pid: mc-worker       [     26079], ret:          1 } hitcount:     959486
