{ common_pid: mc-worker       [    162029], ret:         84 } hitcount:          1
{ common_pid: mc-worker       [    162022], ret:         43 } hitcount:          1
{ common_pid: mc-worker       [    162025], ret:         61 } hitcount:          1
{ common_pid: mc-worker       [    162024], ret:        229 } hitcount:          1
{ common_pid: mc-worker       [    162026], ret:         48 } hitcount:          1
{ common_pid: mc-worker       [    162026], ret:        195 } hitcount:          1
{ common_pid: mc-worker       [    162023], ret:         58 } hitcount:          1
{ common_pid: mc-worker       [    162029], ret:        242 } hitcount:          1
{ common_pid: mc-worker       [    162028], ret:         56 } hitcount:          1
{ common_pid: mc-worker       [    162026], ret:        126 } hitcount:          1
{ common_pid: mc-worker       [    162023], ret:        111 } hitcount:          1
{ common_pid: mc-worker       [    162023], ret:         53 } hitcount:          1
{ common_pid: mc-worker       [    162025], ret:         37 } hitcount:          1
{ common_pid: mc-worker       [    162025], ret:         54 } hitcount:          1
{ common_pid: mc-worker       [    162028], ret:         49 } hitcount:          1
{ common_pid: mc-worker       [    162026], ret:        156 } hitcount:          1
{ common_pid: mc-worker       [    162024], ret:        128 } hitcount:          1
{ common_pid: mc-worker       [    162023], ret:         48 } hitcount:          1
{ common_pid: mc-worker       [    162025], ret:         58 } hitcount:          1
{ common_pid: mc-worker       [    162022], ret:         96 } hitcount:          1
{ common_pid: mc-worker       [    162025], ret:        186 } hitcount:          1
{ common_pid: mc-worker       [    162023], ret:         64 } hitcount:          1
{ common_pid: mc-worker       [    162026], ret:         60 } hitcount:          1
{ common_pid: mc-worker       [    162029], ret:        249 } hitcount:          1
{ common_pid: mc-worker       [    162023], ret:         46 } hitcount:          1
{ common_pid: mc-worker       [    162026], ret:        124 } hitcount:          1
{ common_pid: mc-worker       [    162026], ret:        210 } hitcount:          1
{ common_pid: mc-worker       [    162028], ret:         90 } hitcount:          1
{ common_pid: mc-worker       [    162029], ret:        103 } hitcount:          1
{ common_pid: mc-worker       [    162025], ret:        110 } hitcount:          1
{ common_pid: mc-worker       [    162026], ret:         42 } hitcount:          1
{ common_pid: mc-worker       [    162025], ret:        109 } hitcount:          1
{ common_pid: mc-worker       [    162026], ret:         47 } hitcount:          1
{ common_pid: mc-worker       [    162023], ret:        128 } hitcount:          1
{ common_pid: mc-worker       [    162028], ret:         38 } hitcount:          1
{ common_pid: mc-worker       [    162028], ret:        207 } hitcount:          1
{ common_pid: mc-worker       [    162026], ret:        256 } hitcount:          1
{ common_pid: mc-worker       [    162026], ret:        230 } hitcount:          1
{ common_pid: mc-worker       [    162025], ret:         56 } hitcount:          1
{ common_pid: mc-worker       [    162027], ret:         42 } hitcount:          1
{ common_pid: mc-worker       [    162029], ret:         41 } hitcount:          1
{ common_pid: mc-worker       [    162022], ret:        128 } hitcount:          1
{ common_pid: mc-worker       [    162022], ret:         41 } hitcount:          1
{ common_pid: mc-worker       [    162023], ret:        102 } hitcount:          1
{ common_pid: mc-worker       [    162026], ret:        197 } hitcount:          1
{ common_pid: mc-worker       [    162022], ret:         37 } hitcount:          1
{ common_pid: mc-worker       [    162026], ret:        121 } hitcount:          1
{ common_pid: mc-worker       [    162026], ret:         55 } hitcount:          1
{ common_pid: mc-worker       [    162029], ret:        210 } hitcount:          1
{ common_pid: mc-worker       [    162029], ret:         45 } hitcount:          1
{ common_pid: mc-worker       [    162024], ret:         72 } hitcount:          1
{ common_pid: mc-worker       [    162026], ret:         83 } hitcount:          1
{ common_pid: mc-worker       [    162026], ret:         45 } hitcount:          1
{ common_pid: mc-worker       [    162026], ret:         37 } hitcount:          1
{ common_pid: mc-worker       [    162028], ret:        243 } hitcount:          1
{ common_pid: mc-worker       [    162028], ret:         39 } hitcount:          1
{ common_pid: mc-worker       [    162026], ret:        144 } hitcount:          1
{ common_pid: mc-worker       [    162029], ret:         50 } hitcount:          1
{ common_pid: mc-worker       [    162026], ret:         72 } hitcount:          1
{ common_pid: mc-worker       [    162025], ret:        121 } hitcount:          1
{ common_pid: mc-worker       [    162022], ret:        256 } hitcount:          1
{ common_pid: mc-worker       [    162025], ret:        126 } hitcount:          1
{ common_pid: mc-worker       [    162024], ret:        109 } hitcount:          1
{ common_pid: mc-worker       [    162022], ret:        126 } hitcount:          1
{ common_pid: mc-worker       [    162025], ret:        253 } hitcount:          1
{ common_pid: mc-worker       [    162026], ret:        114 } hitcount:          1
{ common_pid: mc-worker       [    162029], ret:        164 } hitcount:          1
{ common_pid: mc-worker       [    162028], ret:         91 } hitcount:          1
{ common_pid: mc-worker       [    162026], ret:         58 } hitcount:          1
{ common_pid: mc-worker       [    162025], ret:         57 } hitcount:          1
{ common_pid: mc-worker       [    162029], ret:         95 } hitcount:          1
{ common_pid: mc-worker       [    162028], ret:        117 } hitcount:          1
{ common_pid: mc-worker       [    162028], ret:        378 } hitcount:          1
{ common_pid: mc-worker       [    162022], ret:        103 } hitcount:          1
{ common_pid: mc-worker       [    162024], ret:         67 } hitcount:          1
{ common_pid: mc-worker       [    162027], ret:         43 } hitcount:          1
{ common_pid: mc-worker       [    162023], ret:         39 } hitcount:          1
{ common_pid: mc-worker       [    162029], ret:         49 } hitcount:          1
{ common_pid: mc-worker       [    162023], ret:        167 } hitcount:          1
{ common_pid: mc-worker       [    162026], ret:        460 } hitcount:          1
{ common_pid: mc-worker       [    162029], ret:         38 } hitcount:          1
{ common_pid: mc-worker       [    162022], ret:        112 } hitcount:          1
{ common_pid: mc-worker       [    162028], ret:         65 } hitcount:          1
{ common_pid: mc-worker       [    162026], ret:        109 } hitcount:          1
{ common_pid: mc-worker       [    162026], ret:         85 } hitcount:          1
{ common_pid: mc-worker       [    162024], ret:         42 } hitcount:          1
{ common_pid: mc-worker       [    162029], ret:         55 } hitcount:          1
{ common_pid: mc-worker       [    162029], ret:        245 } hitcount:          1
{ common_pid: mc-worker       [    162022], ret:         54 } hitcount:          1
{ common_pid: mc-worker       [    162029], ret:         91 } hitcount:          1
{ common_pid: mc-worker       [    162024], ret:         40 } hitcount:          1
{ common_pid: mc-worker       [    162026], ret:        177 } hitcount:          1
{ common_pid: mc-worker       [    162024], ret:         41 } hitcount:          1
{ common_pid: mc-worker       [    162022], ret:         40 } hitcount:          1
{ common_pid: mc-worker       [    162026], ret:         95 } hitcount:          1
{ common_pid: mc-worker       [    162026], ret:         52 } hitcount:          1
{ common_pid: mc-worker       [    162028], ret:         54 } hitcount:          1
{ common_pid: mc-worker       [    162028], ret:         41 } hitcount:          1
{ common_pid: mc-worker       [    162027], ret:         56 } hitcount:          1
{ common_pid: mc-worker       [    162024], ret:        247 } hitcount:          1
{ common_pid: mc-worker       [    162025], ret:         51 } hitcount:          1
{ common_pid: mc-worker       [    162026], ret:        104 } hitcount:          1
{ common_pid: mc-worker       [    162026], ret:         56 } hitcount:          1
{ common_pid: mc-worker       [    162024], ret:         45 } hitcount:          1
{ common_pid: mc-worker       [    162026], ret:         90 } hitcount:          1
{ common_pid: mc-worker       [    162025], ret:        239 } hitcount:          1
{ common_pid: mc-worker       [    162027], ret:        197 } hitcount:          1
{ common_pid: mc-worker       [    162025], ret:         45 } hitcount:          1
{ common_pid: mc-worker       [    162022], ret:         59 } hitcount:          1
{ common_pid: mc-worker       [    162029], ret:         39 } hitcount:          1
{ common_pid: mc-worker       [    162029], ret:         44 } hitcount:          1
{ common_pid: mc-worker       [    162023], ret:        216 } hitcount:          1
{ common_pid: mc-worker       [    162026], ret:         39 } hitcount:          1
{ common_pid: mc-worker       [    162025], ret:         98 } hitcount:          1
{ common_pid: mc-worker       [    162027], ret:        256 } hitcount:          1
{ common_pid: mc-worker       [    162028], ret:        180 } hitcount:          1
{ common_pid: mc-worker       [    162028], ret:        295 } hitcount:          1
{ common_pid: mc-worker       [    162028], ret:         45 } hitcount:          1
{ common_pid: mc-worker       [    162028], ret:        290 } hitcount:          1
{ common_pid: mc-worker       [    162026], ret:        123 } hitcount:          1
{ common_pid: mc-worker       [    162025], ret:         60 } hitcount:          1
{ common_pid: mc-worker       [    162027], ret:        120 } hitcount:          1
{ common_pid: mc-worker       [    162029], ret:        118 } hitcount:          1
{ common_pid: mc-worker       [    162026], ret:         64 } hitcount:          1
{ common_pid: mc-worker       [    162027], ret:         38 } hitcount:          1
{ common_pid: mc-worker       [    162028], ret:        118 } hitcount:          1
{ common_pid: mc-worker       [    162023], ret:         42 } hitcount:          1
{ common_pid: mc-worker       [    162026], ret:        164 } hitcount:          1
{ common_pid: mc-worker       [    162022], ret:         39 } hitcount:          1
{ common_pid: mc-worker       [    162028], ret:         50 } hitcount:          2
{ common_pid: mc-worker       [    162028], ret:         58 } hitcount:          2
{ common_pid: mc-worker       [    162028], ret:         53 } hitcount:          2
{ common_pid: mc-worker       [    162029], ret:         48 } hitcount:          2
{ common_pid: mc-worker       [    162028], ret:         40 } hitcount:          2
{ common_pid: mc-worker       [    162025], ret:         47 } hitcount:          2
{ common_pid: mc-worker       [    162029], ret:         43 } hitcount:          2
{ common_pid: mc-worker       [    162024], ret:         43 } hitcount:          2
{ common_pid: mc-worker       [    162026], ret:         93 } hitcount:          2
{ common_pid: mc-worker       [    162026], ret:         96 } hitcount:          2
{ common_pid: mc-worker       [    162025], ret:         34 } hitcount:          2
{ common_pid: mc-worker       [    162029], ret:         46 } hitcount:          2
{ common_pid: mc-worker       [    162026], ret:         53 } hitcount:          2
{ common_pid: mc-worker       [    162025], ret:        256 } hitcount:          2
{ common_pid: mc-worker       [    162027], ret:         41 } hitcount:          2
{ common_pid: mc-worker       [    162024], ret:         37 } hitcount:          2
{ common_pid: mc-worker       [    162029], ret:         51 } hitcount:          2
{ common_pid: mc-worker       [    162029], ret:         53 } hitcount:          3
{ common_pid: mc-worker       [    162025], ret:         36 } hitcount:          3
{ common_pid: mc-worker       [    162026], ret:         74 } hitcount:          3
{ common_pid: mc-worker       [    162027], ret:         37 } hitcount:          3
{ common_pid: mc-worker       [    162029], ret:         42 } hitcount:          3
{ common_pid: mc-worker       [    162028], ret:         55 } hitcount:          3
{ common_pid: mc-worker       [    162025], ret:         35 } hitcount:          3
{ common_pid: mc-worker       [    162026], ret:         38 } hitcount:          3
{ common_pid: mc-worker       [    162027], ret:         40 } hitcount:          3
{ common_pid: mc-worker       [    162023], ret:         41 } hitcount:          3
{ common_pid: mc-worker       [    162028], ret:         57 } hitcount:          3
{ common_pid: mc-worker       [    162024], ret:         39 } hitcount:          3
{ common_pid: mc-worker       [    162028], ret:         37 } hitcount:          4
{ common_pid: mc-worker       [    162028], ret:         35 } hitcount:          4
{ common_pid: mc-worker       [    162024], ret:         38 } hitcount:          4
{ common_pid: mc-worker       [    162027], ret:         36 } hitcount:          4
{ common_pid: mc-worker       [    162026], ret:         40 } hitcount:          4
{ common_pid: mc-worker       [    162022], ret:         35 } hitcount:          5
{ common_pid: mc-worker       [    162027], ret:         39 } hitcount:          5
{ common_pid: mc-worker       [    162023], ret:         40 } hitcount:          5
{ common_pid: mc-worker       [    162029], ret:         36 } hitcount:          5
{ common_pid: mc-worker       [    162024], ret:         36 } hitcount:          5
{ common_pid: mc-worker       [    162029], ret:         35 } hitcount:          6
{ common_pid: mc-worker       [    162028], ret:         36 } hitcount:          7
{ common_pid: mc-worker       [    162022], ret:         36 } hitcount:          7
{ common_pid: mc-worker       [    162029], ret:         37 } hitcount:          7
{ common_pid: mc-worker       [    162023], ret:         37 } hitcount:          7
{ common_pid: mc-worker       [    162029], ret:         33 } hitcount:          8
{ common_pid: mc-worker       [    162023], ret:         38 } hitcount:          9
{ common_pid: mc-worker       [    162024], ret:         34 } hitcount:          9
{ common_pid: mc-worker       [    162028], ret:         34 } hitcount:          9
{ common_pid: mc-worker       [    162027], ret:         34 } hitcount:          9
{ common_pid: mc-worker       [    162024], ret:         35 } hitcount:          9
{ common_pid: mc-worker       [    162023], ret:         36 } hitcount:          9
{ common_pid: mc-worker       [    162026], ret:         36 } hitcount:          9
{ common_pid: mc-worker       [    162026], ret:         34 } hitcount:         10
{ common_pid: mc-worker       [    162029], ret:         34 } hitcount:         10
{ common_pid: mc-worker       [    162027], ret:         35 } hitcount:         10
{ common_pid: mc-worker       [    162025], ret:         32 } hitcount:         11
{ common_pid: mc-worker       [    162023], ret:         34 } hitcount:         11
{ common_pid: mc-worker       [    162027], ret:         32 } hitcount:         11
{ common_pid: mc-worker       [    162025], ret:         33 } hitcount:         12
{ common_pid: mc-worker       [    162027], ret:         33 } hitcount:         13
{ common_pid: mc-worker       [    162022], ret:         32 } hitcount:         14
{ common_pid: mc-worker       [    162023], ret:         35 } hitcount:         14
{ common_pid: mc-worker       [    162022], ret:         34 } hitcount:         14
{ common_pid: mc-worker       [    162024], ret:         32 } hitcount:         16
{ common_pid: mc-worker       [    162026], ret:         33 } hitcount:         17
{ common_pid: mc-worker       [    162022], ret:         33 } hitcount:         17
{ common_pid: mc-worker       [    162028], ret:         33 } hitcount:         17
{ common_pid: mc-worker       [    162023], ret:         32 } hitcount:         17
{ common_pid: mc-worker       [    162022], ret:         31 } hitcount:         18
{ common_pid: mc-worker       [    162024], ret:         33 } hitcount:         18
{ common_pid: mc-worker       [    162026], ret:         35 } hitcount:         19
{ common_pid: mc-worker       [    162023], ret:         31 } hitcount:         20
{ common_pid: mc-worker       [    162023], ret:         33 } hitcount:         20
{ common_pid: mc-worker       [    162024], ret:         31 } hitcount:         21
{ common_pid: mc-worker       [    162026], ret:         32 } hitcount:         21
{ common_pid: mc-worker       [    162029], ret:         32 } hitcount:         22
{ common_pid: mc-worker       [    162022], ret:         30 } hitcount:         23
{ common_pid: mc-worker       [    162025], ret:         30 } hitcount:         23
{ common_pid: mc-worker       [    162024], ret:         29 } hitcount:         25
{ common_pid: mc-worker       [    162028], ret:         31 } hitcount:         25
{ common_pid: mc-worker       [    162029], ret:         31 } hitcount:         26
{ common_pid: mc-worker       [    162024], ret:         30 } hitcount:         27
{ common_pid: mc-worker       [    162028], ret:         32 } hitcount:         27
{ common_pid: mc-worker       [    162028], ret:         30 } hitcount:         28
{ common_pid: mc-worker       [    162025], ret:         31 } hitcount:         30
{ common_pid: mc-worker       [    162022], ret:         29 } hitcount:         30
{ common_pid: mc-worker       [    162025], ret:         29 } hitcount:         30
{ common_pid: mc-worker       [    162027], ret:         31 } hitcount:         30
{ common_pid: mc-worker       [    162026], ret:         31 } hitcount:         32
{ common_pid: mc-worker       [    162027], ret:         30 } hitcount:         32
{ common_pid: mc-worker       [    162029], ret:         30 } hitcount:         33
{ common_pid: mc-worker       [    162024], ret:         27 } hitcount:         34
{ common_pid: mc-worker       [    162026], ret:         30 } hitcount:         34
{ common_pid: mc-worker       [    162023], ret:         30 } hitcount:         35
{ common_pid: mc-worker       [    162024], ret:         28 } hitcount:         36
{ common_pid: mc-worker       [    162023], ret:         29 } hitcount:         37
{ common_pid: mc-worker       [    162027], ret:         29 } hitcount:         39
{ common_pid: mc-worker       [    162029], ret:         29 } hitcount:         40
{ common_pid: mc-worker       [    162028], ret:         29 } hitcount:         43
{ common_pid: mc-worker       [    162023], ret:         27 } hitcount:         44
{ common_pid: mc-worker       [    162027], ret:         28 } hitcount:         45
{ common_pid: mc-worker       [    162028], ret:         28 } hitcount:         46
{ common_pid: mc-worker       [    162025], ret:         28 } hitcount:         47
{ common_pid: mc-worker       [    162022], ret:         28 } hitcount:         48
{ common_pid: mc-worker       [    162026], ret:         28 } hitcount:         49
{ common_pid: mc-worker       [    162027], ret:         27 } hitcount:         50
{ common_pid: mc-worker       [    162029], ret:         28 } hitcount:         50
{ common_pid: mc-worker       [    162026], ret:         29 } hitcount:         52
{ common_pid: mc-worker       [    162024], ret:         26 } hitcount:         53
{ common_pid: mc-worker       [    162023], ret:         28 } hitcount:         54
{ common_pid: mc-worker       [    162027], ret:         24 } hitcount:         54
{ common_pid: mc-worker       [    162027], ret:         25 } hitcount:         55
{ common_pid: mc-worker       [    162024], ret:         24 } hitcount:         57
{ common_pid: mc-worker       [    162024], ret:         22 } hitcount:         58
{ common_pid: mc-worker       [    162022], ret:         27 } hitcount:         59
{ common_pid: mc-worker       [    162025], ret:         27 } hitcount:         59
{ common_pid: mc-worker       [    162023], ret:         26 } hitcount:         63
{ common_pid: mc-worker       [    162027], ret:         26 } hitcount:         64
{ common_pid: mc-worker       [    162026], ret:         27 } hitcount:         67
{ common_pid: mc-worker       [    162024], ret:         23 } hitcount:         67
{ common_pid: mc-worker       [    162024], ret:         25 } hitcount:         68
{ common_pid: mc-worker       [    162027], ret:         23 } hitcount:         69
{ common_pid: mc-worker       [    162023], ret:         24 } hitcount:         70
{ common_pid: mc-worker       [    162023], ret:         25 } hitcount:         72
{ common_pid: mc-worker       [    162024], ret:         19 } hitcount:         72
{ common_pid: mc-worker       [    162029], ret:         27 } hitcount:         73
{ common_pid: mc-worker       [    162027], ret:         22 } hitcount:         74
{ common_pid: mc-worker       [    162023], ret:         23 } hitcount:         75
{ common_pid: mc-worker       [    162023], ret:         21 } hitcount:         77
{ common_pid: mc-worker       [    162024], ret:         21 } hitcount:         79
{ common_pid: mc-worker       [    162023], ret:         20 } hitcount:         81
{ common_pid: mc-worker       [    162022], ret:         26 } hitcount:         81
{ common_pid: mc-worker       [    162028], ret:         27 } hitcount:         82
{ common_pid: mc-worker       [    162027], ret:         20 } hitcount:         83
{ common_pid: mc-worker       [    162024], ret:         20 } hitcount:         85
{ common_pid: mc-worker       [    162028], ret:         25 } hitcount:         86
{ common_pid: mc-worker       [    162023], ret:         22 } hitcount:         86
{ common_pid: mc-worker       [    162024], ret:         18 } hitcount:         88
{ common_pid: mc-worker       [    162027], ret:         21 } hitcount:         89
{ common_pid: mc-worker       [    162029], ret:         26 } hitcount:         89
{ common_pid: mc-worker       [    162022], ret:         25 } hitcount:         90
{ common_pid: mc-worker       [    162023], ret:         19 } hitcount:         91
{ common_pid: mc-worker       [    162028], ret:         26 } hitcount:         91
{ common_pid: mc-worker       [    162027], ret:         19 } hitcount:         92
{ common_pid: mc-worker       [    162025], ret:         26 } hitcount:         94
{ common_pid: mc-worker       [    162026], ret:         26 } hitcount:         97
{ common_pid: mc-worker       [    162026], ret:         25 } hitcount:        102
{ common_pid: mc-worker       [    162024], ret:         17 } hitcount:        102
{ common_pid: mc-worker       [    162022], ret:         24 } hitcount:        103
{ common_pid: mc-worker       [    162023], ret:         17 } hitcount:        104
{ common_pid: mc-worker       [    162023], ret:         18 } hitcount:        106
{ common_pid: mc-worker       [    162025], ret:         25 } hitcount:        106
{ common_pid: mc-worker       [    162026], ret:         23 } hitcount:        110
{ common_pid: mc-worker       [    162027], ret:         18 } hitcount:        111
{ common_pid: mc-worker       [    162023], ret:         16 } hitcount:        112
{ common_pid: mc-worker       [    162029], ret:         25 } hitcount:        116
{ common_pid: mc-worker       [    162026], ret:         24 } hitcount:        116
{ common_pid: mc-worker       [    162028], ret:         20 } hitcount:        119
{ common_pid: mc-worker       [    162028], ret:         22 } hitcount:        119
{ common_pid: mc-worker       [    162025], ret:         24 } hitcount:        120
{ common_pid: mc-worker       [    162028], ret:         24 } hitcount:        120
{ common_pid: mc-worker       [    162026], ret:         20 } hitcount:        122
{ common_pid: mc-worker       [    162022], ret:         22 } hitcount:        122
{ common_pid: mc-worker       [    162028], ret:         23 } hitcount:        123
{ common_pid: mc-worker       [    162029], ret:         24 } hitcount:        123
{ common_pid: mc-worker       [    162029], ret:         22 } hitcount:        124
{ common_pid: mc-worker       [    162022], ret:         23 } hitcount:        125
{ common_pid: mc-worker       [    162022], ret:         17 } hitcount:        127
{ common_pid: mc-worker       [    162026], ret:         22 } hitcount:        127
{ common_pid: mc-worker       [    162023], ret:         15 } hitcount:        127
{ common_pid: mc-worker       [    162022], ret:         16 } hitcount:        128
{ common_pid: mc-worker       [    162025], ret:         23 } hitcount:        131
{ common_pid: mc-worker       [    162028], ret:         18 } hitcount:        134
{ common_pid: mc-worker       [    162027], ret:         17 } hitcount:        135
{ common_pid: mc-worker       [    162022], ret:         21 } hitcount:        135
{ common_pid: mc-worker       [    162028], ret:         19 } hitcount:        137
{ common_pid: mc-worker       [    162028], ret:         21 } hitcount:        138
{ common_pid: mc-worker       [    162029], ret:         21 } hitcount:        139
{ common_pid: mc-worker       [    162026], ret:         21 } hitcount:        140
{ common_pid: mc-worker       [    162025], ret:         22 } hitcount:        142
{ common_pid: mc-worker       [    162029], ret:         23 } hitcount:        142
{ common_pid: mc-worker       [    162023], ret:         14 } hitcount:        144
{ common_pid: mc-worker       [    162022], ret:         19 } hitcount:        148
{ common_pid: mc-worker       [    162026], ret:         15 } hitcount:        151
{ common_pid: mc-worker       [    162024], ret:         16 } hitcount:        151
{ common_pid: mc-worker       [    162028], ret:         17 } hitcount:        154
{ common_pid: mc-worker       [    162029], ret:         17 } hitcount:        155
{ common_pid: mc-worker       [    162022], ret:         14 } hitcount:        155
{ common_pid: mc-worker       [    162029], ret:         19 } hitcount:        156
{ common_pid: mc-worker       [    162022], ret:         20 } hitcount:        157
{ common_pid: mc-worker       [    162029], ret:         18 } hitcount:        157
{ common_pid: mc-worker       [    162026], ret:         18 } hitcount:        161
{ common_pid: mc-worker       [    162029], ret:         20 } hitcount:        162
{ common_pid: mc-worker       [    162027], ret:         16 } hitcount:        163
{ common_pid: mc-worker       [    162026], ret:         19 } hitcount:        166
{ common_pid: mc-worker       [    162026], ret:         17 } hitcount:        166
{ common_pid: mc-worker       [    162022], ret:         18 } hitcount:        167
{ common_pid: mc-worker       [    162029], ret:         16 } hitcount:        167
{ common_pid: mc-worker       [    162025], ret:         21 } hitcount:        167
{ common_pid: mc-worker       [    162025], ret:         15 } hitcount:        168
{ common_pid: mc-worker       [    162026], ret:         14 } hitcount:        169
{ common_pid: mc-worker       [    162026], ret:         16 } hitcount:        173
{ common_pid: mc-worker       [    162022], ret:         13 } hitcount:        174
{ common_pid: mc-worker       [    162028], ret:         16 } hitcount:        175
{ common_pid: mc-worker       [    162024], ret:         15 } hitcount:        175
{ common_pid: mc-worker       [    162025], ret:         20 } hitcount:        177
{ common_pid: mc-worker       [    162022], ret:         15 } hitcount:        178
{ common_pid: mc-worker       [    162029], ret:         15 } hitcount:        179
{ common_pid: mc-worker       [    162023], ret:         13 } hitcount:        186
{ common_pid: mc-worker       [    162029], ret:         14 } hitcount:        187
{ common_pid: mc-worker       [    162026], ret:         13 } hitcount:        191
{ common_pid: mc-worker       [    162028], ret:         15 } hitcount:        192
{ common_pid: mc-worker       [    162025], ret:         19 } hitcount:        193
{ common_pid: mc-worker       [    162025], ret:         18 } hitcount:        194
{ common_pid: mc-worker       [    162025], ret:         16 } hitcount:        197
{ common_pid: mc-worker       [    162028], ret:         14 } hitcount:        212
{ common_pid: mc-worker       [    162027], ret:         15 } hitcount:        214
{ common_pid: mc-worker       [    162025], ret:         17 } hitcount:        215
{ common_pid: mc-worker       [    162025], ret:         14 } hitcount:        217
{ common_pid: mc-worker       [    162029], ret:         13 } hitcount:        234
{ common_pid: mc-worker       [    162026], ret:         12 } hitcount:        234
{ common_pid: mc-worker       [    162022], ret:         12 } hitcount:        238
{ common_pid: mc-worker       [    162025], ret:         13 } hitcount:        244
{ common_pid: mc-worker       [    162029], ret:         12 } hitcount:        258
{ common_pid: mc-worker       [    162024], ret:         14 } hitcount:        275
{ common_pid: mc-worker       [    162028], ret:         13 } hitcount:        279
{ common_pid: mc-worker       [    162027], ret:         14 } hitcount:        279
{ common_pid: mc-worker       [    162022], ret:         11 } hitcount:        282
{ common_pid: mc-worker       [    162023], ret:         12 } hitcount:        288
{ common_pid: mc-worker       [    162028], ret:         12 } hitcount:        329
{ common_pid: mc-worker       [    162026], ret:         11 } hitcount:        338
{ common_pid: mc-worker       [    162025], ret:         12 } hitcount:        348
{ common_pid: mc-worker       [    162024], ret:         13 } hitcount:        350
{ common_pid: mc-worker       [    162029], ret:         11 } hitcount:        379
{ common_pid: mc-worker       [    162022], ret:         10 } hitcount:        392
{ common_pid: mc-worker       [    162027], ret:         13 } hitcount:        445
{ common_pid: mc-worker       [    162025], ret:         11 } hitcount:        447
{ common_pid: mc-worker       [    162026], ret:         10 } hitcount:        482
{ common_pid: mc-worker       [    162028], ret:         11 } hitcount:        490
{ common_pid: mc-worker       [    162023], ret:         11 } hitcount:        496
{ common_pid: mc-worker       [    162029], ret:         10 } hitcount:        522
{ common_pid: mc-worker       [    162024], ret:         12 } hitcount:        603
{ common_pid: mc-worker       [    162025], ret:         10 } hitcount:        623
{ common_pid: mc-worker       [    162022], ret:          9 } hitcount:        628
{ common_pid: mc-worker       [    162027], ret:         12 } hitcount:        668
{ common_pid: mc-worker       [    162026], ret:          9 } hitcount:        795
{ common_pid: mc-worker       [    162023], ret:         10 } hitcount:        804
{ common_pid: mc-worker       [    162029], ret:          9 } hitcount:        812
{ common_pid: mc-worker       [    162028], ret:         10 } hitcount:        850
{ common_pid: mc-worker       [    162024], ret:         11 } hitcount:        953
{ common_pid: mc-worker       [    162025], ret:          9 } hitcount:        984
{ common_pid: mc-worker       [    162027], ret:         11 } hitcount:       1075
{ common_pid: mc-worker       [    162022], ret:          8 } hitcount:       1160
{ common_pid: mc-worker       [    162023], ret:          9 } hitcount:       1366
{ common_pid: mc-worker       [    162026], ret:          8 } hitcount:       1423
{ common_pid: mc-worker       [    162028], ret:          9 } hitcount:       1457
{ common_pid: mc-worker       [    162029], ret:          8 } hitcount:       1502
{ common_pid: mc-worker       [    162024], ret:         10 } hitcount:       1651
{ common_pid: mc-worker       [    162025], ret:          8 } hitcount:       1788
{ common_pid: mc-worker       [    162027], ret:         10 } hitcount:       1835
{ common_pid: mc-worker       [    162022], ret:          7 } hitcount:       2351
{ common_pid: mc-worker       [    162023], ret:          8 } hitcount:       2635
{ common_pid: mc-worker       [    162028], ret:          8 } hitcount:       2760
{ common_pid: mc-worker       [    162024], ret:          9 } hitcount:       2903
{ common_pid: mc-worker       [    162029], ret:          7 } hitcount:       3087
{ common_pid: mc-worker       [    162027], ret:          9 } hitcount:       3161
{ common_pid: mc-worker       [    162026], ret:          7 } hitcount:       3196
{ common_pid: mc-worker       [    162025], ret:          7 } hitcount:       3650
{ common_pid: mc-worker       [    162024], ret:          8 } hitcount:       5375
{ common_pid: mc-worker       [    162028], ret:          7 } hitcount:       5409
{ common_pid: mc-worker       [    162023], ret:          7 } hitcount:       5526
{ common_pid: mc-worker       [    162027], ret:          8 } hitcount:       5569
{ common_pid: mc-worker       [    162022], ret:          6 } hitcount:       5944
{ common_pid: mc-worker       [    162026], ret:          6 } hitcount:       7389
{ common_pid: mc-worker       [    162029], ret:          6 } hitcount:       7514
{ common_pid: mc-worker       [    162025], ret:          6 } hitcount:       8273
{ common_pid: mc-worker       [    162024], ret:          7 } hitcount:       9731
{ common_pid: mc-worker       [    162027], ret:          7 } hitcount:      10047
{ common_pid: mc-worker       [    162028], ret:          6 } hitcount:      11703
{ common_pid: mc-worker       [    162023], ret:          6 } hitcount:      12168
{ common_pid: mc-worker       [    162022], ret:          5 } hitcount:      15921
{ common_pid: mc-worker       [    162029], ret:          5 } hitcount:      18715
{ common_pid: mc-worker       [    162026], ret:          5 } hitcount:      19021
{ common_pid: mc-worker       [    162024], ret:          6 } hitcount:      19355
{ common_pid: mc-worker       [    162027], ret:          6 } hitcount:      19808
{ common_pid: mc-worker       [    162025], ret:          5 } hitcount:      19905
{ common_pid: mc-worker       [    162028], ret:          5 } hitcount:      26977
{ common_pid: mc-worker       [    162023], ret:          5 } hitcount:      27918
{ common_pid: mc-worker       [    162027], ret:          5 } hitcount:      40047
{ common_pid: mc-worker       [    162024], ret:          5 } hitcount:      40106
{ common_pid: mc-worker       [    162022], ret:          4 } hitcount:      45122
{ common_pid: mc-worker       [    162029], ret:          4 } hitcount:      49889
{ common_pid: mc-worker       [    162026], ret:          4 } hitcount:      50756
{ common_pid: mc-worker       [    162025], ret:          4 } hitcount:      51064
{ common_pid: mc-worker       [    162028], ret:          4 } hitcount:      64392
{ common_pid: mc-worker       [    162023], ret:          4 } hitcount:      67769
{ common_pid: mc-worker       [    162027], ret:          4 } hitcount:      84786
{ common_pid: mc-worker       [    162024], ret:          4 } hitcount:      85200
{ common_pid: mc-worker       [    162022], ret:          3 } hitcount:     133993
{ common_pid: mc-worker       [    162025], ret:          3 } hitcount:     137326
{ common_pid: mc-worker       [    162029], ret:          3 } hitcount:     140802
{ common_pid: mc-worker       [    162026], ret:          3 } hitcount:     143805
{ common_pid: mc-worker       [    162028], ret:          3 } hitcount:     157732
{ common_pid: mc-worker       [    162023], ret:          3 } hitcount:     169813
{ common_pid: mc-worker       [    162027], ret:          3 } hitcount:     182657
{ common_pid: mc-worker       [    162024], ret:          3 } hitcount:     186702
{ common_pid: mc-worker       [    162025], ret:          2 } hitcount:     393604
{ common_pid: mc-worker       [    162028], ret:          2 } hitcount:     404844
{ common_pid: mc-worker       [    162027], ret:          2 } hitcount:     412539
{ common_pid: mc-worker       [    162029], ret:          2 } hitcount:     416367
{ common_pid: mc-worker       [    162022], ret:          2 } hitcount:     422297
{ common_pid: mc-worker       [    162024], ret:          2 } hitcount:     425900
{ common_pid: mc-worker       [    162026], ret:          2 } hitcount:     428068
{ common_pid: mc-worker       [    162023], ret:          2 } hitcount:     442467
{ common_pid: mc-worker       [    162027], ret:          1 } hitcount:     925356
{ common_pid: mc-worker       [    162024], ret:          1 } hitcount:     964345
{ common_pid: mc-worker       [    162028], ret:          1 } hitcount:    1027111
{ common_pid: mc-worker       [    162025], ret:          1 } hitcount:    1109462
{ common_pid: mc-worker       [    162023], ret:          1 } hitcount:    1117197
{ common_pid: mc-worker       [    162029], ret:          1 } hitcount:    1192839
{ common_pid: mc-worker       [    162026], ret:          1 } hitcount:    1234915
{ common_pid: mc-worker       [    162022], ret:          1 } hitcount:    1292330
