{ common_pid: mc-worker       [    483849], ret:        178 } hitcount:          1
{ common_pid: mc-worker       [    483847], ret:        107 } hitcount:          1
{ common_pid: mc-worker       [    483844], ret:        512 } hitcount:          1
{ common_pid: mc-worker       [    483846], ret:         76 } hitcount:          1
{ common_pid: mc-worker       [    483849], ret:         74 } hitcount:          1
{ common_pid: mc-worker       [    483845], ret:        502 } hitcount:          1
{ common_pid: mc-worker       [    483842], ret:         58 } hitcount:          1
{ common_pid: mc-worker       [    483848], ret:        512 } hitcount:          1
{ common_pid: mc-worker       [    483845], ret:         90 } hitcount:          1
{ common_pid: mc-worker       [    483849], ret:         79 } hitcount:          1
{ common_pid: mc-worker       [    483846], ret:        512 } hitcount:          1
{ common_pid: mc-worker       [    483845], ret:         78 } hitcount:          1
{ common_pid: mc-worker       [    483845], ret:        103 } hitcount:          1
{ common_pid: mc-worker       [    483849], ret:        388 } hitcount:          1
{ common_pid: mc-worker       [    483846], ret:         81 } hitcount:          1
{ common_pid: mc-worker       [    483844], ret:         87 } hitcount:          1
{ common_pid: mc-worker       [    483849], ret:         91 } hitcount:          1
{ common_pid: mc-worker       [    483843], ret:         73 } hitcount:          1
{ common_pid: mc-worker       [    483847], ret:         99 } hitcount:          1
{ common_pid: mc-worker       [    483843], ret:         77 } hitcount:          1
{ common_pid: mc-worker       [    483842], ret:        512 } hitcount:          1
{ common_pid: mc-worker       [    483848], ret:         78 } hitcount:          1
{ common_pid: mc-worker       [    483843], ret:         99 } hitcount:          1
{ common_pid: mc-worker       [    483843], ret:        510 } hitcount:          1
{ common_pid: mc-worker       [    483845], ret:         72 } hitcount:          1
{ common_pid: mc-worker       [    483847], ret:         88 } hitcount:          1
{ common_pid: mc-worker       [    483842], ret:         76 } hitcount:          1
{ common_pid: mc-worker       [    483844], ret:         78 } hitcount:          1
{ common_pid: mc-worker       [    483847], ret:         97 } hitcount:          1
{ common_pid: mc-worker       [    483843], ret:         78 } hitcount:          1
{ common_pid: mc-worker       [    483847], ret:        507 } hitcount:          1
{ common_pid: mc-worker       [    483842], ret:         83 } hitcount:          1
{ common_pid: mc-worker       [    483844], ret:         75 } hitcount:          2
{ common_pid: mc-worker       [    483843], ret:         74 } hitcount:          2
{ common_pid: mc-worker       [    483844], ret:         69 } hitcount:          2
{ common_pid: mc-worker       [    483843], ret:         71 } hitcount:          2
{ common_pid: mc-worker       [    483844], ret:         71 } hitcount:          2
{ common_pid: mc-worker       [    483846], ret:         74 } hitcount:          2
{ common_pid: mc-worker       [    483842], ret:         71 } hitcount:          2
{ common_pid: mc-worker       [    483849], ret:         73 } hitcount:          2
{ common_pid: mc-worker       [    483842], ret:         70 } hitcount:          2
{ common_pid: mc-worker       [    483844], ret:         72 } hitcount:          2
{ common_pid: mc-worker       [    483845], ret:         70 } hitcount:          3
{ common_pid: mc-worker       [    483848], ret:         71 } hitcount:          3
{ common_pid: mc-worker       [    483847], ret:         73 } hitcount:          3
{ common_pid: mc-worker       [    483843], ret:         72 } hitcount:          3
{ common_pid: mc-worker       [    483845], ret:         73 } hitcount:          3
{ common_pid: mc-worker       [    483843], ret:         53 } hitcount:          4
{ common_pid: mc-worker       [    483846], ret:         71 } hitcount:          4
{ common_pid: mc-worker       [    483847], ret:         70 } hitcount:          4
{ common_pid: mc-worker       [    483842], ret:         54 } hitcount:          4
{ common_pid: mc-worker       [    483847], ret:         69 } hitcount:          4
{ common_pid: mc-worker       [    483842], ret:         69 } hitcount:          4
{ common_pid: mc-worker       [    483843], ret:         70 } hitcount:          4
{ common_pid: mc-worker       [    483848], ret:         54 } hitcount:          4
{ common_pid: mc-worker       [    483849], ret:         71 } hitcount:          4
{ common_pid: mc-worker       [    483843], ret:         56 } hitcount:          5
{ common_pid: mc-worker       [    483843], ret:         69 } hitcount:          5
{ common_pid: mc-worker       [    483845], ret:         55 } hitcount:          5
{ common_pid: mc-worker       [    483842], ret:         47 } hitcount:          5
{ common_pid: mc-worker       [    483842], ret:         55 } hitcount:          5
{ common_pid: mc-worker       [    483848], ret:         69 } hitcount:          5
{ common_pid: mc-worker       [    483843], ret:         54 } hitcount:          5
{ common_pid: mc-worker       [    483849], ret:         72 } hitcount:          5
{ common_pid: mc-worker       [    483847], ret:         56 } hitcount:          6
{ common_pid: mc-worker       [    483843], ret:         52 } hitcount:          6
{ common_pid: mc-worker       [    483847], ret:         59 } hitcount:          6
{ common_pid: mc-worker       [    483846], ret:         70 } hitcount:          6
{ common_pid: mc-worker       [    483847], ret:         50 } hitcount:          6
{ common_pid: mc-worker       [    483848], ret:         70 } hitcount:          6
{ common_pid: mc-worker       [    483842], ret:         67 } hitcount:          7
{ common_pid: mc-worker       [    483845], ret:         54 } hitcount:          7
{ common_pid: mc-worker       [    483844], ret:         57 } hitcount:          7
{ common_pid: mc-worker       [    483842], ret:         57 } hitcount:          7
{ common_pid: mc-worker       [    483842], ret:         56 } hitcount:          7
{ common_pid: mc-worker       [    483847], ret:         54 } hitcount:          7
{ common_pid: mc-worker       [    483844], ret:         70 } hitcount:          7
{ common_pid: mc-worker       [    483845], ret:         52 } hitcount:          7
{ common_pid: mc-worker       [    483843], ret:         55 } hitcount:          8
{ common_pid: mc-worker       [    483846], ret:         68 } hitcount:          8
{ common_pid: mc-worker       [    483847], ret:         49 } hitcount:          8
{ common_pid: mc-worker       [    483844], ret:         54 } hitcount:          8
{ common_pid: mc-worker       [    483842], ret:         52 } hitcount:          8
{ common_pid: mc-worker       [    483845], ret:         57 } hitcount:          8
{ common_pid: mc-worker       [    483847], ret:         53 } hitcount:          8
{ common_pid: mc-worker       [    483844], ret:         58 } hitcount:          8
{ common_pid: mc-worker       [    483846], ret:         56 } hitcount:          8
{ common_pid: mc-worker       [    483844], ret:         56 } hitcount:          8
{ common_pid: mc-worker       [    483845], ret:         71 } hitcount:          8
{ common_pid: mc-worker       [    483843], ret:         57 } hitcount:          9
{ common_pid: mc-worker       [    483842], ret:         64 } hitcount:          9
{ common_pid: mc-worker       [    483846], ret:         53 } hitcount:          9
{ common_pid: mc-worker       [    483842], ret:         59 } hitcount:          9
{ common_pid: mc-worker       [    483848], ret:         55 } hitcount:          9
{ common_pid: mc-worker       [    483847], ret:         52 } hitcount:          9
{ common_pid: mc-worker       [    483844], ret:         55 } hitcount:          9
{ common_pid: mc-worker       [    483847], ret:         47 } hitcount:          9
{ common_pid: mc-worker       [    483847], ret:         55 } hitcount:          9
{ common_pid: mc-worker       [    483844], ret:         51 } hitcount:          9
{ common_pid: mc-worker       [    483849], ret:         55 } hitcount:          9
{ common_pid: mc-worker       [    483844], ret:         53 } hitcount:          9
{ common_pid: mc-worker       [    483845], ret:         58 } hitcount:          9
{ common_pid: mc-worker       [    483848], ret:         68 } hitcount:          9
{ common_pid: mc-worker       [    483848], ret:         57 } hitcount:         10
{ common_pid: mc-worker       [    483845], ret:         48 } hitcount:         10
{ common_pid: mc-worker       [    483847], ret:         67 } hitcount:         10
{ common_pid: mc-worker       [    483848], ret:         56 } hitcount:         10
{ common_pid: mc-worker       [    483844], ret:         46 } hitcount:         10
{ common_pid: mc-worker       [    483849], ret:         70 } hitcount:         10
{ common_pid: mc-worker       [    483842], ret:         53 } hitcount:         10
{ common_pid: mc-worker       [    483849], ret:         54 } hitcount:         10
{ common_pid: mc-worker       [    483843], ret:         61 } hitcount:         10
{ common_pid: mc-worker       [    483849], ret:         57 } hitcount:         10
{ common_pid: mc-worker       [    483845], ret:         69 } hitcount:         10
{ common_pid: mc-worker       [    483846], ret:         55 } hitcount:         10
{ common_pid: mc-worker       [    483843], ret:         51 } hitcount:         11
{ common_pid: mc-worker       [    483843], ret:         46 } hitcount:         11
{ common_pid: mc-worker       [    483847], ret:         58 } hitcount:         11
{ common_pid: mc-worker       [    483847], ret:         62 } hitcount:         11
{ common_pid: mc-worker       [    483849], ret:         53 } hitcount:         11
{ common_pid: mc-worker       [    483842], ret:         68 } hitcount:         11
{ common_pid: mc-worker       [    483843], ret:         65 } hitcount:         11
{ common_pid: mc-worker       [    483849], ret:         52 } hitcount:         11
{ common_pid: mc-worker       [    483844], ret:         52 } hitcount:         11
{ common_pid: mc-worker       [    483843], ret:         50 } hitcount:         11
{ common_pid: mc-worker       [    483844], ret:         59 } hitcount:         11
{ common_pid: mc-worker       [    483846], ret:         47 } hitcount:         11
{ common_pid: mc-worker       [    483847], ret:         51 } hitcount:         12
{ common_pid: mc-worker       [    483846], ret:         69 } hitcount:         12
{ common_pid: mc-worker       [    483842], ret:         51 } hitcount:         12
{ common_pid: mc-worker       [    483842], ret:         66 } hitcount:         12
{ common_pid: mc-worker       [    483845], ret:         53 } hitcount:         12
{ common_pid: mc-worker       [    483846], ret:         50 } hitcount:         12
{ common_pid: mc-worker       [    483847], ret:         45 } hitcount:         12
{ common_pid: mc-worker       [    483845], ret:         51 } hitcount:         12
{ common_pid: mc-worker       [    483847], ret:         46 } hitcount:         12
{ common_pid: mc-worker       [    483844], ret:         68 } hitcount:         12
{ common_pid: mc-worker       [    483845], ret:         49 } hitcount:         13
{ common_pid: mc-worker       [    483842], ret:         62 } hitcount:         13
{ common_pid: mc-worker       [    483848], ret:         53 } hitcount:         13
{ common_pid: mc-worker       [    483845], ret:         43 } hitcount:         13
{ common_pid: mc-worker       [    483848], ret:         50 } hitcount:         13
{ common_pid: mc-worker       [    483847], ret:         68 } hitcount:         13
{ common_pid: mc-worker       [    483848], ret:         48 } hitcount:         13
{ common_pid: mc-worker       [    483848], ret:         58 } hitcount:         13
{ common_pid: mc-worker       [    483845], ret:         56 } hitcount:         13
{ common_pid: mc-worker       [    483844], ret:         50 } hitcount:         13
{ common_pid: mc-worker       [    483846], ret:         51 } hitcount:         13
{ common_pid: mc-worker       [    483844], ret:         60 } hitcount:         13
{ common_pid: mc-worker       [    483846], ret:         67 } hitcount:         13
{ common_pid: mc-worker       [    483843], ret:         59 } hitcount:         13
{ common_pid: mc-worker       [    483846], ret:         54 } hitcount:         14
{ common_pid: mc-worker       [    483842], ret:         60 } hitcount:         14
{ common_pid: mc-worker       [    483843], ret:         62 } hitcount:         14
{ common_pid: mc-worker       [    483845], ret:         59 } hitcount:         14
{ common_pid: mc-worker       [    483848], ret:         59 } hitcount:         14
{ common_pid: mc-worker       [    483843], ret:         45 } hitcount:         14
{ common_pid: mc-worker       [    483843], ret:         44 } hitcount:         14
{ common_pid: mc-worker       [    483847], ret:         60 } hitcount:         14
{ common_pid: mc-worker       [    483848], ret:         52 } hitcount:         14
{ common_pid: mc-worker       [    483846], ret:         48 } hitcount:         14
{ common_pid: mc-worker       [    483842], ret:         63 } hitcount:         14
{ common_pid: mc-worker       [    483849], ret:         68 } hitcount:         14
{ common_pid: mc-worker       [    483842], ret:         49 } hitcount:         14
{ common_pid: mc-worker       [    483846], ret:         49 } hitcount:         14
{ common_pid: mc-worker       [    483844], ret:         49 } hitcount:         14
{ common_pid: mc-worker       [    483848], ret:         51 } hitcount:         15
{ common_pid: mc-worker       [    483847], ret:         57 } hitcount:         15
{ common_pid: mc-worker       [    483844], ret:         44 } hitcount:         15
{ common_pid: mc-worker       [    483846], ret:         46 } hitcount:         15
{ common_pid: mc-worker       [    483848], ret:         60 } hitcount:         15
{ common_pid: mc-worker       [    483846], ret:         59 } hitcount:         15
{ common_pid: mc-worker       [    483843], ret:         66 } hitcount:         15
{ common_pid: mc-worker       [    483846], ret:         52 } hitcount:         15
{ common_pid: mc-worker       [    483847], ret:         48 } hitcount:         15
{ common_pid: mc-worker       [    483847], ret:         63 } hitcount:         15
{ common_pid: mc-worker       [    483843], ret:         67 } hitcount:         15
{ common_pid: mc-worker       [    483843], ret:         68 } hitcount:         15
{ common_pid: mc-worker       [    483847], ret:         65 } hitcount:         15
{ common_pid: mc-worker       [    483842], ret:         50 } hitcount:         15
{ common_pid: mc-worker       [    483849], ret:         50 } hitcount:         15
{ common_pid: mc-worker       [    483842], ret:         65 } hitcount:         15
{ common_pid: mc-worker       [    483845], ret:         46 } hitcount:         15
{ common_pid: mc-worker       [    483843], ret:         58 } hitcount:         15
{ common_pid: mc-worker       [    483842], ret:         61 } hitcount:         15
{ common_pid: mc-worker       [    483845], ret:         50 } hitcount:         15
{ common_pid: mc-worker       [    483848], ret:         49 } hitcount:         16
{ common_pid: mc-worker       [    483848], ret:         44 } hitcount:         16
{ common_pid: mc-worker       [    483849], ret:         69 } hitcount:         16
{ common_pid: mc-worker       [    483847], ret:         61 } hitcount:         16
{ common_pid: mc-worker       [    483843], ret:         49 } hitcount:         16
{ common_pid: mc-worker       [    483844], ret:         45 } hitcount:         16
{ common_pid: mc-worker       [    483844], ret:         61 } hitcount:         16
{ common_pid: mc-worker       [    483848], ret:         46 } hitcount:         16
{ common_pid: mc-worker       [    483847], ret:         66 } hitcount:         17
{ common_pid: mc-worker       [    483843], ret:         60 } hitcount:         17
{ common_pid: mc-worker       [    483843], ret:         47 } hitcount:         17
{ common_pid: mc-worker       [    483843], ret:         48 } hitcount:         17
{ common_pid: mc-worker       [    483846], ret:         43 } hitcount:         17
{ common_pid: mc-worker       [    483842], ret:         45 } hitcount:         17
{ common_pid: mc-worker       [    483843], ret:         64 } hitcount:         17
{ common_pid: mc-worker       [    483845], ret:         60 } hitcount:         17
{ common_pid: mc-worker       [    483848], ret:         67 } hitcount:         17
{ common_pid: mc-worker       [    483844], ret:         66 } hitcount:         17
{ common_pid: mc-worker       [    483845], ret:         45 } hitcount:         17
{ common_pid: mc-worker       [    483844], ret:         64 } hitcount:         17
{ common_pid: mc-worker       [    483844], ret:         47 } hitcount:         17
{ common_pid: mc-worker       [    483842], ret:         48 } hitcount:         18
{ common_pid: mc-worker       [    483848], ret:         63 } hitcount:         18
{ common_pid: mc-worker       [    483848], ret:         65 } hitcount:         18
{ common_pid: mc-worker       [    483846], ret:         45 } hitcount:         18
{ common_pid: mc-worker       [    483844], ret:         67 } hitcount:         18
{ common_pid: mc-worker       [    483846], ret:         57 } hitcount:         18
{ common_pid: mc-worker       [    483843], ret:         40 } hitcount:         19
{ common_pid: mc-worker       [    483845], ret:         41 } hitcount:         19
{ common_pid: mc-worker       [    483846], ret:         58 } hitcount:         19
{ common_pid: mc-worker       [    483848], ret:         47 } hitcount:         19
{ common_pid: mc-worker       [    483849], ret:         49 } hitcount:         19
{ common_pid: mc-worker       [    483845], ret:         68 } hitcount:         19
{ common_pid: mc-worker       [    483849], ret:         58 } hitcount:         19
{ common_pid: mc-worker       [    483842], ret:         46 } hitcount:         19
{ common_pid: mc-worker       [    483845], ret:         66 } hitcount:         20
{ common_pid: mc-worker       [    483845], ret:         61 } hitcount:         20
{ common_pid: mc-worker       [    483847], ret:         44 } hitcount:         20
{ common_pid: mc-worker       [    483844], ret:         48 } hitcount:         20
{ common_pid: mc-worker       [    483845], ret:         47 } hitcount:         20
{ common_pid: mc-worker       [    483846], ret:         61 } hitcount:         20
{ common_pid: mc-worker       [    483849], ret:         51 } hitcount:         20
{ common_pid: mc-worker       [    483844], ret:         63 } hitcount:         20
{ common_pid: mc-worker       [    483848], ret:         66 } hitcount:         20
{ common_pid: mc-worker       [    483844], ret:         65 } hitcount:         20
{ common_pid: mc-worker       [    483849], ret:         60 } hitcount:         20
{ common_pid: mc-worker       [    483847], ret:         64 } hitcount:         21
{ common_pid: mc-worker       [    483847], ret:         38 } hitcount:         21
{ common_pid: mc-worker       [    483846], ret:         60 } hitcount:         21
{ common_pid: mc-worker       [    483849], ret:         67 } hitcount:         21
{ common_pid: mc-worker       [    483844], ret:         42 } hitcount:         21
{ common_pid: mc-worker       [    483849], ret:         59 } hitcount:         21
{ common_pid: mc-worker       [    483848], ret:         45 } hitcount:         21
{ common_pid: mc-worker       [    483846], ret:         44 } hitcount:         21
{ common_pid: mc-worker       [    483842], ret:         42 } hitcount:         21
{ common_pid: mc-worker       [    483848], ret:         41 } hitcount:         21
{ common_pid: mc-worker       [    483843], ret:         43 } hitcount:         21
{ common_pid: mc-worker       [    483845], ret:         62 } hitcount:         22
{ common_pid: mc-worker       [    483847], ret:         43 } hitcount:         22
{ common_pid: mc-worker       [    483843], ret:         63 } hitcount:         22
{ common_pid: mc-worker       [    483845], ret:         42 } hitcount:         22
{ common_pid: mc-worker       [    483849], ret:         48 } hitcount:         23
{ common_pid: mc-worker       [    483845], ret:         67 } hitcount:         23
{ common_pid: mc-worker       [    483848], ret:         62 } hitcount:         23
{ common_pid: mc-worker       [    483842], ret:         41 } hitcount:         23
{ common_pid: mc-worker       [    483849], ret:         64 } hitcount:         23
{ common_pid: mc-worker       [    483846], ret:         62 } hitcount:         23
{ common_pid: mc-worker       [    483846], ret:         66 } hitcount:         24
{ common_pid: mc-worker       [    483846], ret:         40 } hitcount:         24
{ common_pid: mc-worker       [    483849], ret:         56 } hitcount:         24
{ common_pid: mc-worker       [    483849], ret:         46 } hitcount:         24
{ common_pid: mc-worker       [    483845], ret:         64 } hitcount:         25
{ common_pid: mc-worker       [    483843], ret:         41 } hitcount:         25
{ common_pid: mc-worker       [    483849], ret:         63 } hitcount:         25
{ common_pid: mc-worker       [    483843], ret:         42 } hitcount:         25
{ common_pid: mc-worker       [    483846], ret:         63 } hitcount:         26
{ common_pid: mc-worker       [    483842], ret:         44 } hitcount:         26
{ common_pid: mc-worker       [    483848], ret:         43 } hitcount:         26
{ common_pid: mc-worker       [    483848], ret:         64 } hitcount:         26
{ common_pid: mc-worker       [    483847], ret:         41 } hitcount:         26
{ common_pid: mc-worker       [    483846], ret:         64 } hitcount:         26
{ common_pid: mc-worker       [    483845], ret:         44 } hitcount:         26
{ common_pid: mc-worker       [    483845], ret:         65 } hitcount:         26
{ common_pid: mc-worker       [    483844], ret:         43 } hitcount:         27
{ common_pid: mc-worker       [    483849], ret:         62 } hitcount:         27
{ common_pid: mc-worker       [    483848], ret:         42 } hitcount:         27
{ common_pid: mc-worker       [    483848], ret:         40 } hitcount:         27
{ common_pid: mc-worker       [    483846], ret:         41 } hitcount:         28
{ common_pid: mc-worker       [    483849], ret:         66 } hitcount:         28
{ common_pid: mc-worker       [    483848], ret:         39 } hitcount:         28
{ common_pid: mc-worker       [    483849], ret:         47 } hitcount:         28
{ common_pid: mc-worker       [    483849], ret:         61 } hitcount:         28
{ common_pid: mc-worker       [    483845], ret:         40 } hitcount:         28
{ common_pid: mc-worker       [    483845], ret:         63 } hitcount:         28
{ common_pid: mc-worker       [    483847], ret:         42 } hitcount:         28
{ common_pid: mc-worker       [    483849], ret:         65 } hitcount:         29
{ common_pid: mc-worker       [    483848], ret:         61 } hitcount:         29
{ common_pid: mc-worker       [    483844], ret:         62 } hitcount:         29
{ common_pid: mc-worker       [    483843], ret:         39 } hitcount:         30
{ common_pid: mc-worker       [    483842], ret:         40 } hitcount:         30
{ common_pid: mc-worker       [    483844], ret:         40 } hitcount:         30
{ common_pid: mc-worker       [    483842], ret:         43 } hitcount:         30
{ common_pid: mc-worker       [    483846], ret:         42 } hitcount:         30
{ common_pid: mc-worker       [    483849], ret:         43 } hitcount:         30
{ common_pid: mc-worker       [    483843], ret:         36 } hitcount:         31
{ common_pid: mc-worker       [    483842], ret:         36 } hitcount:         31
{ common_pid: mc-worker       [    483847], ret:         37 } hitcount:         31
{ common_pid: mc-worker       [    483844], ret:         41 } hitcount:         31
{ common_pid: mc-worker       [    483845], ret:         38 } hitcount:         31
{ common_pid: mc-worker       [    483846], ret:         38 } hitcount:         32
{ common_pid: mc-worker       [    483844], ret:         39 } hitcount:         32
{ common_pid: mc-worker       [    483843], ret:         38 } hitcount:         33
{ common_pid: mc-worker       [    483843], ret:         37 } hitcount:         33
{ common_pid: mc-worker       [    483847], ret:         39 } hitcount:         34
{ common_pid: mc-worker       [    483842], ret:         39 } hitcount:         34
{ common_pid: mc-worker       [    483847], ret:         35 } hitcount:         35
{ common_pid: mc-worker       [    483847], ret:         40 } hitcount:         35
{ common_pid: mc-worker       [    483845], ret:         39 } hitcount:         35
{ common_pid: mc-worker       [    483846], ret:         39 } hitcount:         36
{ common_pid: mc-worker       [    483844], ret:         31 } hitcount:         36
{ common_pid: mc-worker       [    483842], ret:         37 } hitcount:         37
{ common_pid: mc-worker       [    483846], ret:         65 } hitcount:         38
{ common_pid: mc-worker       [    483847], ret:         36 } hitcount:         38
{ common_pid: mc-worker       [    483849], ret:         44 } hitcount:         39
{ common_pid: mc-worker       [    483849], ret:         42 } hitcount:         39
{ common_pid: mc-worker       [    483849], ret:         45 } hitcount:         39
{ common_pid: mc-worker       [    483844], ret:         35 } hitcount:         42
{ common_pid: mc-worker       [    483848], ret:         38 } hitcount:         42
{ common_pid: mc-worker       [    483849], ret:         41 } hitcount:         42
{ common_pid: mc-worker       [    483848], ret:         35 } hitcount:         43
{ common_pid: mc-worker       [    483844], ret:         38 } hitcount:         43
{ common_pid: mc-worker       [    483846], ret:         34 } hitcount:         43
{ common_pid: mc-worker       [    483844], ret:         37 } hitcount:         45
{ common_pid: mc-worker       [    483843], ret:         35 } hitcount:         45
{ common_pid: mc-worker       [    483846], ret:         37 } hitcount:         46
{ common_pid: mc-worker       [    483847], ret:         34 } hitcount:         46
{ common_pid: mc-worker       [    483844], ret:         33 } hitcount:         46
{ common_pid: mc-worker       [    483846], ret:         36 } hitcount:         47
{ common_pid: mc-worker       [    483844], ret:         36 } hitcount:         47
{ common_pid: mc-worker       [    483848], ret:         32 } hitcount:         47
{ common_pid: mc-worker       [    483848], ret:         36 } hitcount:         47
{ common_pid: mc-worker       [    483845], ret:         33 } hitcount:         48
{ common_pid: mc-worker       [    483843], ret:         33 } hitcount:         48
{ common_pid: mc-worker       [    483842], ret:         38 } hitcount:         49
{ common_pid: mc-worker       [    483845], ret:         35 } hitcount:         49
{ common_pid: mc-worker       [    483849], ret:         40 } hitcount:         49
{ common_pid: mc-worker       [    483846], ret:         35 } hitcount:         49
{ common_pid: mc-worker       [    483845], ret:         36 } hitcount:         50
{ common_pid: mc-worker       [    483848], ret:         37 } hitcount:         50
{ common_pid: mc-worker       [    483843], ret:         34 } hitcount:         50
{ common_pid: mc-worker       [    483842], ret:         34 } hitcount:         51
{ common_pid: mc-worker       [    483842], ret:         33 } hitcount:         51
{ common_pid: mc-worker       [    483849], ret:         38 } hitcount:         51
{ common_pid: mc-worker       [    483842], ret:         32 } hitcount:         51
{ common_pid: mc-worker       [    483847], ret:         32 } hitcount:         51
{ common_pid: mc-worker       [    483845], ret:         37 } hitcount:         52
{ common_pid: mc-worker       [    483847], ret:         33 } hitcount:         53
{ common_pid: mc-worker       [    483842], ret:         35 } hitcount:         53
{ common_pid: mc-worker       [    483845], ret:         34 } hitcount:         54
{ common_pid: mc-worker       [    483844], ret:         32 } hitcount:         55
{ common_pid: mc-worker       [    483845], ret:         32 } hitcount:         55
{ common_pid: mc-worker       [    483845], ret:         30 } hitcount:         55
{ common_pid: mc-worker       [    483848], ret:         29 } hitcount:         56
{ common_pid: mc-worker       [    483846], ret:         33 } hitcount:         56
{ common_pid: mc-worker       [    483847], ret:         31 } hitcount:         57
{ common_pid: mc-worker       [    483849], ret:         39 } hitcount:         57
{ common_pid: mc-worker       [    483849], ret:         37 } hitcount:         57
{ common_pid: mc-worker       [    483844], ret:         34 } hitcount:         58
{ common_pid: mc-worker       [    483847], ret:         30 } hitcount:         58
{ common_pid: mc-worker       [    483843], ret:         31 } hitcount:         59
{ common_pid: mc-worker       [    483844], ret:         29 } hitcount:         59
{ common_pid: mc-worker       [    483845], ret:         29 } hitcount:         59
{ common_pid: mc-worker       [    483844], ret:         28 } hitcount:         60
{ common_pid: mc-worker       [    483843], ret:         32 } hitcount:         60
{ common_pid: mc-worker       [    483849], ret:         36 } hitcount:         61
{ common_pid: mc-worker       [    483848], ret:         34 } hitcount:         64
{ common_pid: mc-worker       [    483843], ret:         30 } hitcount:         66
{ common_pid: mc-worker       [    483845], ret:         28 } hitcount:         66
{ common_pid: mc-worker       [    483846], ret:         31 } hitcount:         67
{ common_pid: mc-worker       [    483842], ret:         31 } hitcount:         67
{ common_pid: mc-worker       [    483843], ret:         29 } hitcount:         67
{ common_pid: mc-worker       [    483844], ret:         27 } hitcount:         68
{ common_pid: mc-worker       [    483846], ret:         32 } hitcount:         70
{ common_pid: mc-worker       [    483846], ret:         30 } hitcount:         71
{ common_pid: mc-worker       [    483848], ret:         30 } hitcount:         71
{ common_pid: mc-worker       [    483846], ret:         28 } hitcount:         72
{ common_pid: mc-worker       [    483842], ret:         28 } hitcount:         74
{ common_pid: mc-worker       [    483847], ret:         28 } hitcount:         75
{ common_pid: mc-worker       [    483843], ret:         27 } hitcount:         75
{ common_pid: mc-worker       [    483845], ret:         31 } hitcount:         75
{ common_pid: mc-worker       [    483848], ret:         31 } hitcount:         76
{ common_pid: mc-worker       [    483848], ret:         33 } hitcount:         76
{ common_pid: mc-worker       [    483848], ret:         27 } hitcount:         78
{ common_pid: mc-worker       [    483849], ret:         34 } hitcount:         78
{ common_pid: mc-worker       [    483848], ret:         28 } hitcount:         79
{ common_pid: mc-worker       [    483842], ret:         30 } hitcount:         79
{ common_pid: mc-worker       [    483846], ret:         29 } hitcount:         80
{ common_pid: mc-worker       [    483847], ret:         27 } hitcount:         80
{ common_pid: mc-worker       [    483849], ret:         33 } hitcount:         80
{ common_pid: mc-worker       [    483846], ret:         27 } hitcount:         80
{ common_pid: mc-worker       [    483847], ret:         29 } hitcount:         80
{ common_pid: mc-worker       [    483844], ret:         30 } hitcount:         80
{ common_pid: mc-worker       [    483843], ret:         28 } hitcount:         81
{ common_pid: mc-worker       [    483844], ret:         25 } hitcount:         82
{ common_pid: mc-worker       [    483849], ret:         35 } hitcount:         82
{ common_pid: mc-worker       [    483845], ret:         26 } hitcount:         82
{ common_pid: mc-worker       [    483848], ret:         26 } hitcount:         85
{ common_pid: mc-worker       [    483842], ret:         27 } hitcount:         86
{ common_pid: mc-worker       [    483846], ret:         26 } hitcount:         89
{ common_pid: mc-worker       [    483842], ret:         29 } hitcount:         90
{ common_pid: mc-worker       [    483847], ret:         26 } hitcount:         91
{ common_pid: mc-worker       [    483847], ret:         25 } hitcount:         98
{ common_pid: mc-worker       [    483849], ret:         29 } hitcount:         98
{ common_pid: mc-worker       [    483846], ret:         25 } hitcount:         98
{ common_pid: mc-worker       [    483845], ret:         27 } hitcount:         98
{ common_pid: mc-worker       [    483842], ret:         26 } hitcount:         99
{ common_pid: mc-worker       [    483844], ret:         26 } hitcount:        100
{ common_pid: mc-worker       [    483843], ret:         26 } hitcount:        100
{ common_pid: mc-worker       [    483849], ret:         31 } hitcount:        101
{ common_pid: mc-worker       [    483849], ret:         32 } hitcount:        103
{ common_pid: mc-worker       [    483843], ret:         25 } hitcount:        107
{ common_pid: mc-worker       [    483845], ret:         24 } hitcount:        108
{ common_pid: mc-worker       [    483845], ret:         25 } hitcount:        109
{ common_pid: mc-worker       [    483849], ret:         30 } hitcount:        110
{ common_pid: mc-worker       [    483849], ret:         28 } hitcount:        113
{ common_pid: mc-worker       [    483847], ret:         24 } hitcount:        114
{ common_pid: mc-worker       [    483842], ret:         25 } hitcount:        114
{ common_pid: mc-worker       [    483846], ret:         24 } hitcount:        115
{ common_pid: mc-worker       [    483844], ret:         23 } hitcount:        117
{ common_pid: mc-worker       [    483844], ret:         24 } hitcount:        121
{ common_pid: mc-worker       [    483848], ret:         25 } hitcount:        124
{ common_pid: mc-worker       [    483843], ret:         24 } hitcount:        125
{ common_pid: mc-worker       [    483849], ret:         27 } hitcount:        132
{ common_pid: mc-worker       [    483846], ret:         23 } hitcount:        136
{ common_pid: mc-worker       [    483842], ret:         24 } hitcount:        137
{ common_pid: mc-worker       [    483843], ret:         23 } hitcount:        139
{ common_pid: mc-worker       [    483845], ret:         23 } hitcount:        139
{ common_pid: mc-worker       [    483845], ret:         22 } hitcount:        143
{ common_pid: mc-worker       [    483848], ret:         23 } hitcount:        146
{ common_pid: mc-worker       [    483848], ret:         24 } hitcount:        147
{ common_pid: mc-worker       [    483847], ret:         23 } hitcount:        151
{ common_pid: mc-worker       [    483849], ret:         26 } hitcount:        151
{ common_pid: mc-worker       [    483842], ret:         23 } hitcount:        159
{ common_pid: mc-worker       [    483849], ret:         25 } hitcount:        162
{ common_pid: mc-worker       [    483842], ret:         22 } hitcount:        168
{ common_pid: mc-worker       [    483849], ret:         24 } hitcount:        178
{ common_pid: mc-worker       [    483846], ret:         22 } hitcount:        179
{ common_pid: mc-worker       [    483843], ret:         22 } hitcount:        185
{ common_pid: mc-worker       [    483847], ret:         22 } hitcount:        185
{ common_pid: mc-worker       [    483844], ret:         22 } hitcount:        187
{ common_pid: mc-worker       [    483848], ret:         22 } hitcount:        192
{ common_pid: mc-worker       [    483849], ret:         23 } hitcount:        217
{ common_pid: mc-worker       [    483845], ret:         21 } hitcount:        217
{ common_pid: mc-worker       [    483844], ret:         21 } hitcount:        225
{ common_pid: mc-worker       [    483842], ret:         21 } hitcount:        233
{ common_pid: mc-worker       [    483848], ret:         21 } hitcount:        241
{ common_pid: mc-worker       [    483846], ret:         21 } hitcount:        244
{ common_pid: mc-worker       [    483847], ret:         21 } hitcount:        252
{ common_pid: mc-worker       [    483843], ret:         21 } hitcount:        266
{ common_pid: mc-worker       [    483849], ret:         22 } hitcount:        272
{ common_pid: mc-worker       [    483845], ret:         20 } hitcount:        277
{ common_pid: mc-worker       [    483849], ret:         21 } hitcount:        326
{ common_pid: mc-worker       [    483842], ret:         20 } hitcount:        346
{ common_pid: mc-worker       [    483848], ret:         20 } hitcount:        347
{ common_pid: mc-worker       [    483846], ret:         20 } hitcount:        350
{ common_pid: mc-worker       [    483844], ret:         20 } hitcount:        354
{ common_pid: mc-worker       [    483843], ret:         20 } hitcount:        358
{ common_pid: mc-worker       [    483847], ret:         20 } hitcount:        386
{ common_pid: mc-worker       [    483845], ret:         19 } hitcount:        419
{ common_pid: mc-worker       [    483849], ret:         20 } hitcount:        496
{ common_pid: mc-worker       [    483842], ret:         19 } hitcount:        502
{ common_pid: mc-worker       [    483844], ret:         19 } hitcount:        502
{ common_pid: mc-worker       [    483846], ret:         19 } hitcount:        522
{ common_pid: mc-worker       [    483848], ret:         19 } hitcount:        536
{ common_pid: mc-worker       [    483847], ret:         19 } hitcount:        565
{ common_pid: mc-worker       [    483843], ret:         19 } hitcount:        619
{ common_pid: mc-worker       [    483845], ret:         18 } hitcount:        674
{ common_pid: mc-worker       [    483846], ret:         18 } hitcount:        729
{ common_pid: mc-worker       [    483842], ret:         18 } hitcount:        731
{ common_pid: mc-worker       [    483849], ret:         19 } hitcount:        733
{ common_pid: mc-worker       [    483844], ret:         18 } hitcount:        735
{ common_pid: mc-worker       [    483848], ret:         18 } hitcount:        825
{ common_pid: mc-worker       [    483847], ret:         18 } hitcount:        885
{ common_pid: mc-worker       [    483843], ret:         18 } hitcount:        971
{ common_pid: mc-worker       [    483845], ret:         17 } hitcount:       1040
{ common_pid: mc-worker       [    483842], ret:         17 } hitcount:       1105
{ common_pid: mc-worker       [    483846], ret:         17 } hitcount:       1125
{ common_pid: mc-worker       [    483844], ret:         17 } hitcount:       1138
{ common_pid: mc-worker       [    483849], ret:         18 } hitcount:       1166
{ common_pid: mc-worker       [    483848], ret:         17 } hitcount:       1224
{ common_pid: mc-worker       [    483843], ret:         17 } hitcount:       1424
{ common_pid: mc-worker       [    483847], ret:         17 } hitcount:       1437
{ common_pid: mc-worker       [    483842], ret:         16 } hitcount:       1624
{ common_pid: mc-worker       [    483849], ret:         17 } hitcount:       1716
{ common_pid: mc-worker       [    483844], ret:         16 } hitcount:       1734
{ common_pid: mc-worker       [    483845], ret:         16 } hitcount:       1754
{ common_pid: mc-worker       [    483848], ret:         16 } hitcount:       1860
{ common_pid: mc-worker       [    483846], ret:         16 } hitcount:       1931
{ common_pid: mc-worker       [    483847], ret:         16 } hitcount:       2150
{ common_pid: mc-worker       [    483843], ret:         16 } hitcount:       2184
{ common_pid: mc-worker       [    483842], ret:         15 } hitcount:       2451
{ common_pid: mc-worker       [    483845], ret:         15 } hitcount:       2488
{ common_pid: mc-worker       [    483849], ret:         16 } hitcount:       2493
{ common_pid: mc-worker       [    483844], ret:         15 } hitcount:       2657
{ common_pid: mc-worker       [    483846], ret:         15 } hitcount:       2700
{ common_pid: mc-worker       [    483848], ret:         15 } hitcount:       2721
{ common_pid: mc-worker       [    483847], ret:         15 } hitcount:       3096
{ common_pid: mc-worker       [    483843], ret:         15 } hitcount:       3151
{ common_pid: mc-worker       [    483849], ret:         15 } hitcount:       3508
{ common_pid: mc-worker       [    483842], ret:         14 } hitcount:       3609
{ common_pid: mc-worker       [    483845], ret:         14 } hitcount:       3632
{ common_pid: mc-worker       [    483846], ret:         14 } hitcount:       3878
{ common_pid: mc-worker       [    483844], ret:         14 } hitcount:       3943
{ common_pid: mc-worker       [    483848], ret:         14 } hitcount:       4067
{ common_pid: mc-worker       [    483847], ret:         14 } hitcount:       4426
{ common_pid: mc-worker       [    483843], ret:         14 } hitcount:       4516
{ common_pid: mc-worker       [    483849], ret:         14 } hitcount:       4937
{ common_pid: mc-worker       [    483845], ret:         13 } hitcount:       5135
{ common_pid: mc-worker       [    483842], ret:         13 } hitcount:       5135
{ common_pid: mc-worker       [    483846], ret:         13 } hitcount:       5478
{ common_pid: mc-worker       [    483844], ret:         13 } hitcount:       5496
{ common_pid: mc-worker       [    483848], ret:         13 } hitcount:       5624
{ common_pid: mc-worker       [    483843], ret:         13 } hitcount:       6133
{ common_pid: mc-worker       [    483847], ret:         13 } hitcount:       6183
{ common_pid: mc-worker       [    483849], ret:         13 } hitcount:       6512
{ common_pid: mc-worker       [    483845], ret:         12 } hitcount:       6994
{ common_pid: mc-worker       [    483842], ret:         12 } hitcount:       7130
{ common_pid: mc-worker       [    483846], ret:         12 } hitcount:       7506
{ common_pid: mc-worker       [    483844], ret:         12 } hitcount:       7513
{ common_pid: mc-worker       [    483848], ret:         12 } hitcount:       7634
{ common_pid: mc-worker       [    483847], ret:         12 } hitcount:       8233
{ common_pid: mc-worker       [    483843], ret:         12 } hitcount:       8272
{ common_pid: mc-worker       [    483849], ret:         12 } hitcount:       8476
{ common_pid: mc-worker       [    483842], ret:         11 } hitcount:       9337
{ common_pid: mc-worker       [    483845], ret:         11 } hitcount:       9538
{ common_pid: mc-worker       [    483846], ret:         11 } hitcount:       9756
{ common_pid: mc-worker       [    483844], ret:         11 } hitcount:       9872
{ common_pid: mc-worker       [    483848], ret:         11 } hitcount:       9948
{ common_pid: mc-worker       [    483847], ret:         11 } hitcount:      10706
{ common_pid: mc-worker       [    483843], ret:         11 } hitcount:      10751
{ common_pid: mc-worker       [    483849], ret:         11 } hitcount:      10991
{ common_pid: mc-worker       [    483842], ret:         10 } hitcount:      12082
{ common_pid: mc-worker       [    483845], ret:         10 } hitcount:      12393
{ common_pid: mc-worker       [    483844], ret:         10 } hitcount:      12508
{ common_pid: mc-worker       [    483846], ret:         10 } hitcount:      12547
{ common_pid: mc-worker       [    483848], ret:         10 } hitcount:      12706
{ common_pid: mc-worker       [    483849], ret:         10 } hitcount:      13516
{ common_pid: mc-worker       [    483843], ret:         10 } hitcount:      13568
{ common_pid: mc-worker       [    483847], ret:         10 } hitcount:      13626
{ common_pid: mc-worker       [    483842], ret:          9 } hitcount:      15359
{ common_pid: mc-worker       [    483845], ret:          9 } hitcount:      15450
{ common_pid: mc-worker       [    483844], ret:          9 } hitcount:      15469
{ common_pid: mc-worker       [    483848], ret:          9 } hitcount:      15684
{ common_pid: mc-worker       [    483846], ret:          9 } hitcount:      15702
{ common_pid: mc-worker       [    483849], ret:          9 } hitcount:      16352
{ common_pid: mc-worker       [    483847], ret:          9 } hitcount:      16617
{ common_pid: mc-worker       [    483843], ret:          9 } hitcount:      16720
{ common_pid: mc-worker       [    483844], ret:          8 } hitcount:      18908
{ common_pid: mc-worker       [    483842], ret:          8 } hitcount:      18909
{ common_pid: mc-worker       [    483848], ret:          8 } hitcount:      18952
{ common_pid: mc-worker       [    483845], ret:          8 } hitcount:      19169
{ common_pid: mc-worker       [    483846], ret:          8 } hitcount:      19251
{ common_pid: mc-worker       [    483849], ret:          8 } hitcount:      19325
{ common_pid: mc-worker       [    483843], ret:          8 } hitcount:      19820
{ common_pid: mc-worker       [    483847], ret:          8 } hitcount:      19936
{ common_pid: mc-worker       [    483849], ret:          7 } hitcount:      22515
{ common_pid: mc-worker       [    483842], ret:          7 } hitcount:      22746
{ common_pid: mc-worker       [    483846], ret:          7 } hitcount:      22878
{ common_pid: mc-worker       [    483844], ret:          7 } hitcount:      22909
{ common_pid: mc-worker       [    483845], ret:          7 } hitcount:      22921
{ common_pid: mc-worker       [    483848], ret:          7 } hitcount:      23005
{ common_pid: mc-worker       [    483847], ret:          7 } hitcount:      23028
{ common_pid: mc-worker       [    483843], ret:          7 } hitcount:      23729
{ common_pid: mc-worker       [    483849], ret:          6 } hitcount:      26922
{ common_pid: mc-worker       [    483845], ret:          6 } hitcount:      27485
{ common_pid: mc-worker       [    483847], ret:          6 } hitcount:      27544
{ common_pid: mc-worker       [    483848], ret:          6 } hitcount:      27596
{ common_pid: mc-worker       [    483842], ret:          6 } hitcount:      27682
{ common_pid: mc-worker       [    483846], ret:          6 } hitcount:      27737
{ common_pid: mc-worker       [    483844], ret:          6 } hitcount:      27772
{ common_pid: mc-worker       [    483843], ret:          6 } hitcount:      28354
{ common_pid: mc-worker       [    483846], ret:          5 } hitcount:      34793
{ common_pid: mc-worker       [    483849], ret:          5 } hitcount:      34884
{ common_pid: mc-worker       [    483847], ret:          5 } hitcount:      35172
{ common_pid: mc-worker       [    483844], ret:          5 } hitcount:      35495
{ common_pid: mc-worker       [    483848], ret:          5 } hitcount:      35708
{ common_pid: mc-worker       [    483845], ret:          5 } hitcount:      35875
{ common_pid: mc-worker       [    483842], ret:          5 } hitcount:      35941
{ common_pid: mc-worker       [    483843], ret:          5 } hitcount:      36428
{ common_pid: mc-worker       [    483846], ret:          4 } hitcount:      53765
{ common_pid: mc-worker       [    483849], ret:          4 } hitcount:      54283
{ common_pid: mc-worker       [    483845], ret:          4 } hitcount:      54301
{ common_pid: mc-worker       [    483847], ret:          4 } hitcount:      54514
{ common_pid: mc-worker       [    483848], ret:          4 } hitcount:      55301
{ common_pid: mc-worker       [    483844], ret:          4 } hitcount:      55931
{ common_pid: mc-worker       [    483843], ret:          4 } hitcount:      56285
{ common_pid: mc-worker       [    483842], ret:          4 } hitcount:      57126
{ common_pid: mc-worker       [    483846], ret:          1 } hitcount:      76321
{ common_pid: mc-worker       [    483845], ret:          1 } hitcount:      77472
{ common_pid: mc-worker       [    483847], ret:          1 } hitcount:      78945
{ common_pid: mc-worker       [    483843], ret:          1 } hitcount:      79217
{ common_pid: mc-worker       [    483848], ret:          1 } hitcount:      80988
{ common_pid: mc-worker       [    483849], ret:          1 } hitcount:      81886
{ common_pid: mc-worker       [    483846], ret:          3 } hitcount:      84585
{ common_pid: mc-worker       [    483844], ret:          1 } hitcount:      85141
{ common_pid: mc-worker       [    483849], ret:          3 } hitcount:      87546
{ common_pid: mc-worker       [    483847], ret:          3 } hitcount:      87769
{ common_pid: mc-worker       [    483842], ret:          1 } hitcount:      87835
{ common_pid: mc-worker       [    483844], ret:          3 } hitcount:      88544
{ common_pid: mc-worker       [    483845], ret:          3 } hitcount:      88583
{ common_pid: mc-worker       [    483848], ret:          3 } hitcount:      88691
{ common_pid: mc-worker       [    483843], ret:          3 } hitcount:      90833
{ common_pid: mc-worker       [    483842], ret:          3 } hitcount:      92963
{ common_pid: mc-worker       [    483846], ret:          2 } hitcount:     101015
{ common_pid: mc-worker       [    483847], ret:          2 } hitcount:     105679
{ common_pid: mc-worker       [    483845], ret:          2 } hitcount:     106110
{ common_pid: mc-worker       [    483849], ret:          2 } hitcount:     107450
{ common_pid: mc-worker       [    483848], ret:          2 } hitcount:     107793
{ common_pid: mc-worker       [    483844], ret:          2 } hitcount:     108717
{ common_pid: mc-worker       [    483843], ret:          2 } hitcount:     108769
{ common_pid: mc-worker       [    483842], ret:          2 } hitcount:     114696
