{ common_pid: mc-worker       [    468044], ret:        128 } hitcount:          1
{ common_pid: mc-worker       [    468042], ret:        108 } hitcount:          1
{ common_pid: mc-worker       [    468037], ret:        124 } hitcount:          1
{ common_pid: mc-worker       [    468044], ret:         23 } hitcount:          1
{ common_pid: mc-worker       [    468038], ret:        106 } hitcount:          1
{ common_pid: mc-worker       [    468039], ret:        122 } hitcount:          1
{ common_pid: mc-worker       [    468038], ret:         18 } hitcount:          1
{ common_pid: mc-worker       [    468044], ret:        115 } hitcount:          1
{ common_pid: mc-worker       [    468037], ret:         51 } hitcount:          1
{ common_pid: mc-worker       [    468039], ret:        110 } hitcount:          1
{ common_pid: mc-worker       [    468037], ret:        126 } hitcount:          1
{ common_pid: mc-worker       [    468038], ret:        126 } hitcount:          1
{ common_pid: mc-worker       [    468038], ret:        118 } hitcount:          1
{ common_pid: mc-worker       [    468043], ret:        127 } hitcount:          1
{ common_pid: mc-worker       [    468041], ret:        115 } hitcount:          1
{ common_pid: mc-worker       [    468039], ret:        113 } hitcount:          1
{ common_pid: mc-worker       [    468043], ret:        103 } hitcount:          1
{ common_pid: mc-worker       [    468042], ret:         65 } hitcount:          1
{ common_pid: mc-worker       [    468044], ret:        112 } hitcount:          1
{ common_pid: mc-worker       [    468040], ret:         47 } hitcount:          1
{ common_pid: mc-worker       [    468043], ret:        117 } hitcount:          1
{ common_pid: mc-worker       [    468044], ret:         16 } hitcount:          1
{ common_pid: mc-worker       [    468044], ret:         19 } hitcount:          1
{ common_pid: mc-worker       [    468041], ret:        105 } hitcount:          1
{ common_pid: mc-worker       [    468043], ret:        115 } hitcount:          1
{ common_pid: mc-worker       [    468043], ret:         25 } hitcount:          1
{ common_pid: mc-worker       [    468037], ret:         23 } hitcount:          1
{ common_pid: mc-worker       [    468042], ret:         22 } hitcount:          1
{ common_pid: mc-worker       [    468040], ret:         19 } hitcount:          1
{ common_pid: mc-worker       [    468043], ret:         19 } hitcount:          1
{ common_pid: mc-worker       [    468042], ret:        127 } hitcount:          1
{ common_pid: mc-worker       [    468038], ret:         55 } hitcount:          1
{ common_pid: mc-worker       [    468040], ret:         23 } hitcount:          1
{ common_pid: mc-worker       [    468039], ret:        128 } hitcount:          1
{ common_pid: mc-worker       [    468038], ret:         27 } hitcount:          1
{ common_pid: mc-worker       [    468037], ret:         18 } hitcount:          1
{ common_pid: mc-worker       [    468042], ret:         17 } hitcount:          1
{ common_pid: mc-worker       [    468038], ret:        104 } hitcount:          1
{ common_pid: mc-worker       [    468042], ret:         23 } hitcount:          1
{ common_pid: mc-worker       [    468039], ret:         36 } hitcount:          1
{ common_pid: mc-worker       [    468042], ret:        104 } hitcount:          1
{ common_pid: mc-worker       [    468041], ret:         48 } hitcount:          1
{ common_pid: mc-worker       [    468040], ret:        114 } hitcount:          1
{ common_pid: mc-worker       [    468039], ret:         19 } hitcount:          1
{ common_pid: mc-worker       [    468038], ret:         16 } hitcount:          1
{ common_pid: mc-worker       [    468037], ret:         21 } hitcount:          1
{ common_pid: mc-worker       [    468042], ret:         21 } hitcount:          1
{ common_pid: mc-worker       [    468043], ret:         34 } hitcount:          1
{ common_pid: mc-worker       [    468044], ret:         28 } hitcount:          1
{ common_pid: mc-worker       [    468040], ret:        113 } hitcount:          1
{ common_pid: mc-worker       [    468043], ret:         23 } hitcount:          1
{ common_pid: mc-worker       [    468039], ret:         17 } hitcount:          1
{ common_pid: mc-worker       [    468041], ret:        117 } hitcount:          1
{ common_pid: mc-worker       [    468040], ret:        118 } hitcount:          1
{ common_pid: mc-worker       [    468042], ret:         20 } hitcount:          1
{ common_pid: mc-worker       [    468042], ret:         18 } hitcount:          1
{ common_pid: mc-worker       [    468037], ret:        111 } hitcount:          1
{ common_pid: mc-worker       [    468042], ret:        117 } hitcount:          1
{ common_pid: mc-worker       [    468040], ret:         20 } hitcount:          1
{ common_pid: mc-worker       [    468038], ret:         22 } hitcount:          1
{ common_pid: mc-worker       [    468044], ret:         25 } hitcount:          1
{ common_pid: mc-worker       [    468041], ret:         25 } hitcount:          1
{ common_pid: mc-worker       [    468037], ret:        103 } hitcount:          1
{ common_pid: mc-worker       [    468041], ret:         18 } hitcount:          1
{ common_pid: mc-worker       [    468044], ret:        103 } hitcount:          1
{ common_pid: mc-worker       [    468041], ret:        128 } hitcount:          1
{ common_pid: mc-worker       [    468040], ret:        128 } hitcount:          1
{ common_pid: mc-worker       [    468037], ret:         20 } hitcount:          1
{ common_pid: mc-worker       [    468042], ret:         19 } hitcount:          2
{ common_pid: mc-worker       [    468037], ret:         16 } hitcount:          2
{ common_pid: mc-worker       [    468043], ret:         17 } hitcount:          2
{ common_pid: mc-worker       [    468044], ret:         18 } hitcount:          2
{ common_pid: mc-worker       [    468039], ret:         20 } hitcount:          2
{ common_pid: mc-worker       [    468044], ret:         27 } hitcount:          2
{ common_pid: mc-worker       [    468037], ret:         19 } hitcount:          2
{ common_pid: mc-worker       [    468041], ret:         21 } hitcount:          2
{ common_pid: mc-worker       [    468037], ret:         17 } hitcount:          2
{ common_pid: mc-worker       [    468039], ret:         16 } hitcount:          2
{ common_pid: mc-worker       [    468044], ret:         20 } hitcount:          2
{ common_pid: mc-worker       [    468041], ret:         17 } hitcount:          2
{ common_pid: mc-worker       [    468040], ret:         24 } hitcount:          2
{ common_pid: mc-worker       [    468041], ret:         20 } hitcount:          2
{ common_pid: mc-worker       [    468043], ret:         18 } hitcount:          2
{ common_pid: mc-worker       [    468038], ret:         15 } hitcount:          3
{ common_pid: mc-worker       [    468040], ret:         17 } hitcount:          3
{ common_pid: mc-worker       [    468040], ret:         16 } hitcount:          3
{ common_pid: mc-worker       [    468039], ret:         15 } hitcount:          3
{ common_pid: mc-worker       [    468038], ret:         14 } hitcount:          3
{ common_pid: mc-worker       [    468037], ret:         15 } hitcount:          3
{ common_pid: mc-worker       [    468041], ret:         19 } hitcount:          3
{ common_pid: mc-worker       [    468044], ret:         15 } hitcount:          4
{ common_pid: mc-worker       [    468042], ret:         16 } hitcount:          4
{ common_pid: mc-worker       [    468041], ret:         16 } hitcount:          5
{ common_pid: mc-worker       [    468043], ret:         15 } hitcount:          5
{ common_pid: mc-worker       [    468042], ret:         15 } hitcount:          6
{ common_pid: mc-worker       [    468039], ret:         14 } hitcount:          6
{ common_pid: mc-worker       [    468041], ret:         14 } hitcount:          8
{ common_pid: mc-worker       [    468040], ret:         15 } hitcount:          8
{ common_pid: mc-worker       [    468044], ret:         14 } hitcount:          8
{ common_pid: mc-worker       [    468043], ret:         16 } hitcount:          9
{ common_pid: mc-worker       [    468041], ret:         15 } hitcount:          9
{ common_pid: mc-worker       [    468038], ret:         13 } hitcount:         10
{ common_pid: mc-worker       [    468043], ret:         14 } hitcount:         11
{ common_pid: mc-worker       [    468037], ret:         14 } hitcount:         16
{ common_pid: mc-worker       [    468044], ret:         13 } hitcount:         17
{ common_pid: mc-worker       [    468042], ret:         14 } hitcount:         17
{ common_pid: mc-worker       [    468039], ret:         13 } hitcount:         20
{ common_pid: mc-worker       [    468041], ret:         13 } hitcount:         21
{ common_pid: mc-worker       [    468043], ret:         13 } hitcount:         21
{ common_pid: mc-worker       [    468040], ret:         14 } hitcount:         24
{ common_pid: mc-worker       [    468040], ret:         13 } hitcount:         26
{ common_pid: mc-worker       [    468042], ret:         13 } hitcount:         27
{ common_pid: mc-worker       [    468037], ret:         13 } hitcount:         28
{ common_pid: mc-worker       [    468044], ret:         12 } hitcount:         33
{ common_pid: mc-worker       [    468039], ret:         12 } hitcount:         40
{ common_pid: mc-worker       [    468038], ret:         12 } hitcount:         43
{ common_pid: mc-worker       [    468041], ret:         12 } hitcount:         66
{ common_pid: mc-worker       [    468043], ret:         12 } hitcount:         66
{ common_pid: mc-worker       [    468042], ret:         12 } hitcount:         67
{ common_pid: mc-worker       [    468037], ret:         12 } hitcount:         81
{ common_pid: mc-worker       [    468044], ret:         11 } hitcount:        102
{ common_pid: mc-worker       [    468040], ret:         12 } hitcount:        103
{ common_pid: mc-worker       [    468038], ret:         11 } hitcount:        124
{ common_pid: mc-worker       [    468043], ret:         11 } hitcount:        141
{ common_pid: mc-worker       [    468039], ret:         11 } hitcount:        155
{ common_pid: mc-worker       [    468041], ret:         11 } hitcount:        187
{ common_pid: mc-worker       [    468042], ret:         11 } hitcount:        188
{ common_pid: mc-worker       [    468037], ret:         11 } hitcount:        193
{ common_pid: mc-worker       [    468040], ret:         11 } hitcount:        220
{ common_pid: mc-worker       [    468044], ret:         10 } hitcount:        317
{ common_pid: mc-worker       [    468038], ret:         10 } hitcount:        413
{ common_pid: mc-worker       [    468043], ret:         10 } hitcount:        452
{ common_pid: mc-worker       [    468042], ret:         10 } hitcount:        468
{ common_pid: mc-worker       [    468041], ret:         10 } hitcount:        504
{ common_pid: mc-worker       [    468039], ret:         10 } hitcount:        523
{ common_pid: mc-worker       [    468040], ret:         10 } hitcount:        629
{ common_pid: mc-worker       [    468037], ret:         10 } hitcount:        641
{ common_pid: mc-worker       [    468044], ret:          9 } hitcount:        925
{ common_pid: mc-worker       [    468038], ret:          9 } hitcount:       1216
{ common_pid: mc-worker       [    468043], ret:          9 } hitcount:       1259
{ common_pid: mc-worker       [    468041], ret:          9 } hitcount:       1410
{ common_pid: mc-worker       [    468039], ret:          9 } hitcount:       1420
{ common_pid: mc-worker       [    468042], ret:          9 } hitcount:       1440
{ common_pid: mc-worker       [    468037], ret:          9 } hitcount:       1705
{ common_pid: mc-worker       [    468040], ret:          9 } hitcount:       1794
{ common_pid: mc-worker       [    468044], ret:          8 } hitcount:       2482
{ common_pid: mc-worker       [    468038], ret:          8 } hitcount:       3172
{ common_pid: mc-worker       [    468043], ret:          8 } hitcount:       3296
{ common_pid: mc-worker       [    468042], ret:          8 } hitcount:       3392
{ common_pid: mc-worker       [    468039], ret:          8 } hitcount:       3544
{ common_pid: mc-worker       [    468041], ret:          8 } hitcount:       3595
{ common_pid: mc-worker       [    468040], ret:          8 } hitcount:       4113
{ common_pid: mc-worker       [    468037], ret:          8 } hitcount:       4171
{ common_pid: mc-worker       [    468044], ret:          7 } hitcount:       5838
{ common_pid: mc-worker       [    468038], ret:          7 } hitcount:       7262
{ common_pid: mc-worker       [    468043], ret:          7 } hitcount:       7306
{ common_pid: mc-worker       [    468042], ret:          7 } hitcount:       7524
{ common_pid: mc-worker       [    468041], ret:          7 } hitcount:       7784
{ common_pid: mc-worker       [    468039], ret:          7 } hitcount:       7866
{ common_pid: mc-worker       [    468040], ret:          7 } hitcount:       8846
{ common_pid: mc-worker       [    468037], ret:          7 } hitcount:       9042
{ common_pid: mc-worker       [    468044], ret:          6 } hitcount:      12511
{ common_pid: mc-worker       [    468038], ret:          6 } hitcount:      14812
{ common_pid: mc-worker       [    468043], ret:          6 } hitcount:      14884
{ common_pid: mc-worker       [    468042], ret:          6 } hitcount:      15174
{ common_pid: mc-worker       [    468039], ret:          6 } hitcount:      15554
{ common_pid: mc-worker       [    468041], ret:          6 } hitcount:      15728
{ common_pid: mc-worker       [    468040], ret:          6 } hitcount:      17068
{ common_pid: mc-worker       [    468037], ret:          6 } hitcount:      17291
{ common_pid: mc-worker       [    468044], ret:          5 } hitcount:      26715
{ common_pid: mc-worker       [    468043], ret:          5 } hitcount:      29736
{ common_pid: mc-worker       [    468038], ret:          5 } hitcount:      30029
{ common_pid: mc-worker       [    468042], ret:          5 } hitcount:      30344
{ common_pid: mc-worker       [    468041], ret:          5 } hitcount:      30880
{ common_pid: mc-worker       [    468039], ret:          5 } hitcount:      30936
{ common_pid: mc-worker       [    468040], ret:          5 } hitcount:      32845
{ common_pid: mc-worker       [    468037], ret:          5 } hitcount:      33142
{ common_pid: mc-worker       [    468044], ret:          4 } hitcount:      54578
{ common_pid: mc-worker       [    468038], ret:          4 } hitcount:      58577
{ common_pid: mc-worker       [    468043], ret:          4 } hitcount:      58609
{ common_pid: mc-worker       [    468042], ret:          4 } hitcount:      58774
{ common_pid: mc-worker       [    468039], ret:          4 } hitcount:      59906
{ common_pid: mc-worker       [    468041], ret:          4 } hitcount:      60127
{ common_pid: mc-worker       [    468040], ret:          4 } hitcount:      62099
{ common_pid: mc-worker       [    468037], ret:          4 } hitcount:      62433
{ common_pid: mc-worker       [    468044], ret:          3 } hitcount:     100957
{ common_pid: mc-worker       [    468042], ret:          3 } hitcount:     104506
{ common_pid: mc-worker       [    468043], ret:          3 } hitcount:     104994
{ common_pid: mc-worker       [    468038], ret:          3 } hitcount:     105021
{ common_pid: mc-worker       [    468041], ret:          3 } hitcount:     106069
{ common_pid: mc-worker       [    468039], ret:          3 } hitcount:     106492
{ common_pid: mc-worker       [    468040], ret:          3 } hitcount:     107683
{ common_pid: mc-worker       [    468037], ret:          3 } hitcount:     107689
{ common_pid: mc-worker       [    468044], ret:          2 } hitcount:     166564
{ common_pid: mc-worker       [    468042], ret:          2 } hitcount:     168051
{ common_pid: mc-worker       [    468043], ret:          2 } hitcount:     168647
{ common_pid: mc-worker       [    468041], ret:          2 } hitcount:     168876
{ common_pid: mc-worker       [    468040], ret:          2 } hitcount:     169262
{ common_pid: mc-worker       [    468037], ret:          2 } hitcount:     169546
{ common_pid: mc-worker       [    468038], ret:          2 } hitcount:     169553
{ common_pid: mc-worker       [    468039], ret:          2 } hitcount:     170087
{ common_pid: mc-worker       [    468042], ret:          1 } hitcount:     260050
{ common_pid: mc-worker       [    468040], ret:          1 } hitcount:     260702
{ common_pid: mc-worker       [    468043], ret:          1 } hitcount:     261359
{ common_pid: mc-worker       [    468041], ret:          1 } hitcount:     261376
{ common_pid: mc-worker       [    468037], ret:          1 } hitcount:     262437
{ common_pid: mc-worker       [    468044], ret:          1 } hitcount:     263145
{ common_pid: mc-worker       [    468038], ret:          1 } hitcount:     263807
{ common_pid: mc-worker       [    468039], ret:          1 } hitcount:     264313
