{ common_pid: mc-worker       [     93919], ret:         28 } hitcount:          1
{ common_pid: mc-worker       [     93917], ret:        156 } hitcount:          1
{ common_pid: mc-worker       [     93922], ret:        512 } hitcount:          1
{ common_pid: mc-worker       [     93918], ret:         20 } hitcount:          1
{ common_pid: mc-worker       [     93919], ret:        508 } hitcount:          1
{ common_pid: mc-worker       [     93922], ret:         64 } hitcount:          1
{ common_pid: mc-worker       [     93918], ret:         21 } hitcount:          1
{ common_pid: mc-worker       [     93916], ret:         19 } hitcount:          1
{ common_pid: mc-worker       [     93917], ret:         15 } hitcount:          1
{ common_pid: mc-worker       [     93916], ret:         20 } hitcount:          1
{ common_pid: mc-worker       [     93921], ret:         62 } hitcount:          1
{ common_pid: mc-worker       [     93921], ret:        465 } hitcount:          1
{ common_pid: mc-worker       [     93919], ret:         20 } hitcount:          1
{ common_pid: mc-worker       [     93918], ret:         19 } hitcount:          1
{ common_pid: mc-worker       [     93918], ret:         31 } hitcount:          1
{ common_pid: mc-worker       [     93917], ret:        335 } hitcount:          1
{ common_pid: mc-worker       [     93921], ret:         20 } hitcount:          1
{ common_pid: mc-worker       [     93923], ret:         26 } hitcount:          1
{ common_pid: mc-worker       [     93923], ret:        457 } hitcount:          1
{ common_pid: mc-worker       [     93916], ret:         43 } hitcount:          1
{ common_pid: mc-worker       [     93920], ret:        453 } hitcount:          1
{ common_pid: mc-worker       [     93918], ret:        512 } hitcount:          1
{ common_pid: mc-worker       [     93916], ret:        458 } hitcount:          1
{ common_pid: mc-worker       [     93920], ret:         44 } hitcount:          1
{ common_pid: mc-worker       [     93916], ret:         17 } hitcount:          2
{ common_pid: mc-worker       [     93922], ret:         19 } hitcount:          2
{ common_pid: mc-worker       [     93921], ret:         19 } hitcount:          2
{ common_pid: mc-worker       [     93920], ret:         18 } hitcount:          2
{ common_pid: mc-worker       [     93916], ret:         18 } hitcount:          3
{ common_pid: mc-worker       [     93917], ret:         16 } hitcount:          4
{ common_pid: mc-worker       [     93918], ret:         18 } hitcount:          4
{ common_pid: mc-worker       [     93921], ret:         18 } hitcount:          5
{ common_pid: mc-worker       [     93919], ret:         18 } hitcount:          5
{ common_pid: mc-worker       [     93920], ret:         17 } hitcount:          5
{ common_pid: mc-worker       [     93923], ret:         16 } hitcount:          6
{ common_pid: mc-worker       [     93918], ret:         17 } hitcount:          6
{ common_pid: mc-worker       [     93923], ret:         15 } hitcount:          8
{ common_pid: mc-worker       [     93922], ret:         18 } hitcount:          8
{ common_pid: mc-worker       [     93921], ret:         17 } hitcount:         11
{ common_pid: mc-worker       [     93920], ret:         16 } hitcount:         12
{ common_pid: mc-worker       [     93916], ret:         16 } hitcount:         15
{ common_pid: mc-worker       [     93919], ret:         17 } hitcount:         16
{ common_pid: mc-worker       [     93917], ret:         14 } hitcount:         16
{ common_pid: mc-worker       [     93919], ret:         16 } hitcount:         18
{ common_pid: mc-worker       [     93918], ret:         16 } hitcount:         18
{ common_pid: mc-worker       [     93922], ret:         17 } hitcount:         18
{ common_pid: mc-worker       [     93920], ret:         15 } hitcount:         25
{ common_pid: mc-worker       [     93921], ret:         16 } hitcount:         29
{ common_pid: mc-worker       [     93917], ret:         13 } hitcount:         33
{ common_pid: mc-worker       [     93923], ret:         14 } hitcount:         35
{ common_pid: mc-worker       [     93916], ret:         15 } hitcount:         41
{ common_pid: mc-worker       [     93918], ret:         15 } hitcount:         49
{ common_pid: mc-worker       [     93919], ret:         15 } hitcount:         56
{ common_pid: mc-worker       [     93922], ret:         16 } hitcount:         60
{ common_pid: mc-worker       [     93917], ret:         12 } hitcount:         66
{ common_pid: mc-worker       [     93923], ret:         13 } hitcount:         72
{ common_pid: mc-worker       [     93920], ret:         14 } hitcount:         79
{ common_pid: mc-worker       [     93921], ret:         15 } hitcount:         82
{ common_pid: mc-worker       [     93916], ret:         14 } hitcount:         82
{ common_pid: mc-worker       [     93918], ret:         14 } hitcount:         99
{ common_pid: mc-worker       [     93922], ret:         15 } hitcount:        121
{ common_pid: mc-worker       [     93919], ret:         14 } hitcount:        139
{ common_pid: mc-worker       [     93923], ret:         12 } hitcount:        161
{ common_pid: mc-worker       [     93917], ret:         11 } hitcount:        188
{ common_pid: mc-worker       [     93920], ret:         13 } hitcount:        199
{ common_pid: mc-worker       [     93916], ret:         13 } hitcount:        214
{ common_pid: mc-worker       [     93918], ret:         13 } hitcount:        218
{ common_pid: mc-worker       [     93921], ret:         14 } hitcount:        243
{ common_pid: mc-worker       [     93922], ret:         14 } hitcount:        284
{ common_pid: mc-worker       [     93919], ret:         13 } hitcount:        339
{ common_pid: mc-worker       [     93923], ret:         11 } hitcount:        427
{ common_pid: mc-worker       [     93916], ret:         12 } hitcount:        438
{ common_pid: mc-worker       [     93917], ret:         10 } hitcount:        478
{ common_pid: mc-worker       [     93920], ret:         12 } hitcount:        478
{ common_pid: mc-worker       [     93921], ret:         13 } hitcount:        490
{ common_pid: mc-worker       [     93918], ret:         12 } hitcount:        502
{ common_pid: mc-worker       [     93922], ret:         13 } hitcount:        586
{ common_pid: mc-worker       [     93919], ret:         12 } hitcount:        698
{ common_pid: mc-worker       [     93923], ret:         10 } hitcount:        822
{ common_pid: mc-worker       [     93916], ret:         11 } hitcount:        935
{ common_pid: mc-worker       [     93920], ret:         11 } hitcount:        971
{ common_pid: mc-worker       [     93921], ret:         12 } hitcount:        990
{ common_pid: mc-worker       [     93918], ret:         11 } hitcount:       1025
{ common_pid: mc-worker       [     93917], ret:          9 } hitcount:       1037
{ common_pid: mc-worker       [     93922], ret:         12 } hitcount:       1242
{ common_pid: mc-worker       [     93919], ret:         11 } hitcount:       1407
{ common_pid: mc-worker       [     93923], ret:          9 } hitcount:       1817
{ common_pid: mc-worker       [     93916], ret:         10 } hitcount:       1952
{ common_pid: mc-worker       [     93921], ret:         11 } hitcount:       2007
{ common_pid: mc-worker       [     93918], ret:         10 } hitcount:       2048
{ common_pid: mc-worker       [     93920], ret:         10 } hitcount:       2055
{ common_pid: mc-worker       [     93917], ret:          8 } hitcount:       2255
{ common_pid: mc-worker       [     93922], ret:         11 } hitcount:       2428
{ common_pid: mc-worker       [     93919], ret:         10 } hitcount:       2767
{ common_pid: mc-worker       [     93923], ret:          8 } hitcount:       3430
{ common_pid: mc-worker       [     93921], ret:         10 } hitcount:       3690
{ common_pid: mc-worker       [     93918], ret:          9 } hitcount:       3719
{ common_pid: mc-worker       [     93916], ret:          9 } hitcount:       3719
{ common_pid: mc-worker       [     93920], ret:          9 } hitcount:       3991
{ common_pid: mc-worker       [     93922], ret:         10 } hitcount:       4274
{ common_pid: mc-worker       [     93917], ret:          7 } hitcount:       4641
{ common_pid: mc-worker       [     93919], ret:          9 } hitcount:       4914
{ common_pid: mc-worker       [     93923], ret:          7 } hitcount:       6167
{ common_pid: mc-worker       [     93916], ret:          8 } hitcount:       6343
{ common_pid: mc-worker       [     93921], ret:          9 } hitcount:       6400
{ common_pid: mc-worker       [     93918], ret:          8 } hitcount:       6405
{ common_pid: mc-worker       [     93920], ret:          8 } hitcount:       7156
{ common_pid: mc-worker       [     93922], ret:          9 } hitcount:       7236
{ common_pid: mc-worker       [     93919], ret:          8 } hitcount:       8266
{ common_pid: mc-worker       [     93917], ret:          6 } hitcount:       9288
{ common_pid: mc-worker       [     93921], ret:          8 } hitcount:       9896
{ common_pid: mc-worker       [     93918], ret:          7 } hitcount:      10039
{ common_pid: mc-worker       [     93916], ret:          7 } hitcount:      10337
{ common_pid: mc-worker       [     93923], ret:          6 } hitcount:      10413
{ common_pid: mc-worker       [     93922], ret:          8 } hitcount:      10960
{ common_pid: mc-worker       [     93920], ret:          7 } hitcount:      11358
{ common_pid: mc-worker       [     93919], ret:          7 } hitcount:      12701
{ common_pid: mc-worker       [     93921], ret:          7 } hitcount:      14417
{ common_pid: mc-worker       [     93918], ret:          6 } hitcount:      14913
{ common_pid: mc-worker       [     93916], ret:          6 } hitcount:      15129
{ common_pid: mc-worker       [     93922], ret:          7 } hitcount:      15562
{ common_pid: mc-worker       [     93920], ret:          6 } hitcount:      16551
{ common_pid: mc-worker       [     93922], ret:          1 } hitcount:      16905
{ common_pid: mc-worker       [     93919], ret:          6 } hitcount:      17132
{ common_pid: mc-worker       [     93923], ret:          5 } hitcount:      17274
{ common_pid: mc-worker       [     93917], ret:          5 } hitcount:      17405
{ common_pid: mc-worker       [     93921], ret:          6 } hitcount:      18676
{ common_pid: mc-worker       [     93921], ret:          1 } hitcount:      19052
{ common_pid: mc-worker       [     93922], ret:          6 } hitcount:      19558
{ common_pid: mc-worker       [     93918], ret:          5 } hitcount:      20926
{ common_pid: mc-worker       [     93916], ret:          5 } hitcount:      21085
{ common_pid: mc-worker       [     93920], ret:          5 } hitcount:      21612
{ common_pid: mc-worker       [     93920], ret:          1 } hitcount:      21733
{ common_pid: mc-worker       [     93919], ret:          5 } hitcount:      21847
{ common_pid: mc-worker       [     93921], ret:          5 } hitcount:      21969
{ common_pid: mc-worker       [     93922], ret:          5 } hitcount:      22081
{ common_pid: mc-worker       [     93922], ret:          2 } hitcount:      22684
{ common_pid: mc-worker       [     93922], ret:          4 } hitcount:      23464
{ common_pid: mc-worker       [     93922], ret:          3 } hitcount:      23736
{ common_pid: mc-worker       [     93921], ret:          4 } hitcount:      24579
{ common_pid: mc-worker       [     93919], ret:          1 } hitcount:      25600
{ common_pid: mc-worker       [     93921], ret:          2 } hitcount:      26247
{ common_pid: mc-worker       [     93919], ret:          4 } hitcount:      26344
{ common_pid: mc-worker       [     93921], ret:          3 } hitcount:      26389
{ common_pid: mc-worker       [     93920], ret:          4 } hitcount:      26807
{ common_pid: mc-worker       [     93916], ret:          4 } hitcount:      29453
{ common_pid: mc-worker       [     93918], ret:          4 } hitcount:      29506
{ common_pid: mc-worker       [     93923], ret:          4 } hitcount:      29519
{ common_pid: mc-worker       [     93919], ret:          3 } hitcount:      30631
{ common_pid: mc-worker       [     93920], ret:          3 } hitcount:      30746
{ common_pid: mc-worker       [     93920], ret:          2 } hitcount:      30822
{ common_pid: mc-worker       [     93919], ret:          2 } hitcount:      32733
{ common_pid: mc-worker       [     93917], ret:          4 } hitcount:      33125
{ common_pid: mc-worker       [     93916], ret:          1 } hitcount:      33982
{ common_pid: mc-worker       [     93916], ret:          3 } hitcount:      38498
{ common_pid: mc-worker       [     93918], ret:          3 } hitcount:      39952
{ common_pid: mc-worker       [     93918], ret:          1 } hitcount:      41245
{ common_pid: mc-worker       [     93916], ret:          2 } hitcount:      44373
{ common_pid: mc-worker       [     93923], ret:          3 } hitcount:      46163
{ common_pid: mc-worker       [     93918], ret:          2 } hitcount:      47630
{ common_pid: mc-worker       [     93917], ret:          3 } hitcount:      54228
{ common_pid: mc-worker       [     93923], ret:          1 } hitcount:      56965
{ common_pid: mc-worker       [     93923], ret:          2 } hitcount:      59771
{ common_pid: mc-worker       [     93917], ret:          2 } hitcount:      75148
{ common_pid: mc-worker       [     93917], ret:          1 } hitcount:      77599
