{ common_pid: mc-worker       [    471807], ret:         24 } hitcount:          1
{ common_pid: mc-worker       [    471808], ret:         16 } hitcount:          1
{ common_pid: mc-worker       [    471812], ret:         15 } hitcount:          1
{ common_pid: mc-worker       [    471811], ret:        480 } hitcount:          1
{ common_pid: mc-worker       [    471812], ret:         17 } hitcount:          1
{ common_pid: mc-worker       [    471808], ret:         27 } hitcount:          1
{ common_pid: mc-worker       [    471807], ret:         25 } hitcount:          1
{ common_pid: mc-worker       [    471810], ret:         18 } hitcount:          1
{ common_pid: mc-worker       [    471811], ret:         23 } hitcount:          1
{ common_pid: mc-worker       [    471807], ret:         94 } hitcount:          1
{ common_pid: mc-worker       [    471814], ret:        508 } hitcount:          1
{ common_pid: mc-worker       [    471809], ret:         46 } hitcount:          1
{ common_pid: mc-worker       [    471807], ret:         14 } hitcount:          1
{ common_pid: mc-worker       [    471814], ret:         16 } hitcount:          1
{ common_pid: mc-worker       [    471809], ret:         20 } hitcount:          1
{ common_pid: mc-worker       [    471810], ret:         44 } hitcount:          1
{ common_pid: mc-worker       [    471814], ret:         18 } hitcount:          1
{ common_pid: mc-worker       [    471808], ret:         31 } hitcount:          1
{ common_pid: mc-worker       [    471808], ret:         13 } hitcount:          1
{ common_pid: mc-worker       [    471809], ret:        512 } hitcount:          1
{ common_pid: mc-worker       [    471809], ret:         18 } hitcount:          1
{ common_pid: mc-worker       [    471812], ret:        494 } hitcount:          1
{ common_pid: mc-worker       [    471813], ret:         30 } hitcount:          1
{ common_pid: mc-worker       [    471814], ret:         28 } hitcount:          1
{ common_pid: mc-worker       [    471807], ret:        454 } hitcount:          1
{ common_pid: mc-worker       [    471811], ret:         24 } hitcount:          1
{ common_pid: mc-worker       [    471813], ret:         16 } hitcount:          1
{ common_pid: mc-worker       [    471808], ret:        498 } hitcount:          1
{ common_pid: mc-worker       [    471808], ret:         20 } hitcount:          1
{ common_pid: mc-worker       [    471812], ret:         28 } hitcount:          1
{ common_pid: mc-worker       [    471807], ret:         29 } hitcount:          1
{ common_pid: mc-worker       [    471810], ret:        512 } hitcount:          1
{ common_pid: mc-worker       [    471808], ret:         19 } hitcount:          1
{ common_pid: mc-worker       [    471813], ret:        512 } hitcount:          1
{ common_pid: mc-worker       [    471814], ret:         34 } hitcount:          1
{ common_pid: mc-worker       [    471807], ret:         22 } hitcount:          1
{ common_pid: mc-worker       [    471810], ret:         13 } hitcount:          2
{ common_pid: mc-worker       [    471811], ret:         16 } hitcount:          2
{ common_pid: mc-worker       [    471813], ret:         14 } hitcount:          2
{ common_pid: mc-worker       [    471812], ret:         14 } hitcount:          2
{ common_pid: mc-worker       [    471808], ret:         14 } hitcount:          2
{ common_pid: mc-worker       [    471811], ret:         17 } hitcount:          2
{ common_pid: mc-worker       [    471811], ret:         14 } hitcount:          2
{ common_pid: mc-worker       [    471807], ret:         13 } hitcount:          2
{ common_pid: mc-worker       [    471809], ret:         16 } hitcount:          2
{ common_pid: mc-worker       [    471811], ret:         13 } hitcount:          3
{ common_pid: mc-worker       [    471809], ret:         17 } hitcount:          3
{ common_pid: mc-worker       [    471809], ret:         15 } hitcount:          3
{ common_pid: mc-worker       [    471808], ret:         12 } hitcount:          3
{ common_pid: mc-worker       [    471814], ret:         13 } hitcount:          3
{ common_pid: mc-worker       [    471812], ret:         13 } hitcount:          4
{ common_pid: mc-worker       [    471814], ret:         14 } hitcount:          4
{ common_pid: mc-worker       [    471807], ret:         12 } hitcount:          4
{ common_pid: mc-worker       [    471813], ret:         13 } hitcount:          4
{ common_pid: mc-worker       [    471814], ret:         12 } hitcount:          5
{ common_pid: mc-worker       [    471811], ret:         15 } hitcount:          5
{ common_pid: mc-worker       [    471810], ret:         14 } hitcount:          6
{ common_pid: mc-worker       [    471813], ret:         12 } hitcount:          6
{ common_pid: mc-worker       [    471809], ret:         12 } hitcount:          6
{ common_pid: mc-worker       [    471809], ret:         14 } hitcount:          7
{ common_pid: mc-worker       [    471809], ret:         13 } hitcount:          7
{ common_pid: mc-worker       [    471810], ret:         12 } hitcount:          8
{ common_pid: mc-worker       [    471812], ret:         12 } hitcount:          8
{ common_pid: mc-worker       [    471808], ret:         11 } hitcount:         11
{ common_pid: mc-worker       [    471813], ret:         11 } hitcount:         12
{ common_pid: mc-worker       [    471812], ret:         11 } hitcount:         13
{ common_pid: mc-worker       [    471807], ret:         11 } hitcount:         14
{ common_pid: mc-worker       [    471814], ret:         11 } hitcount:         15
{ common_pid: mc-worker       [    471811], ret:         12 } hitcount:         17
{ common_pid: mc-worker       [    471811], ret:         11 } hitcount:         20
{ common_pid: mc-worker       [    471810], ret:         11 } hitcount:         20
{ common_pid: mc-worker       [    471812], ret:         10 } hitcount:         21
{ common_pid: mc-worker       [    471809], ret:         11 } hitcount:         23
{ common_pid: mc-worker       [    471807], ret:         10 } hitcount:         26
{ common_pid: mc-worker       [    471808], ret:         10 } hitcount:         26
{ common_pid: mc-worker       [    471811], ret:         10 } hitcount:         27
{ common_pid: mc-worker       [    471814], ret:         10 } hitcount:         28
{ common_pid: mc-worker       [    471810], ret:         10 } hitcount:         31
{ common_pid: mc-worker       [    471809], ret:         10 } hitcount:         33
{ common_pid: mc-worker       [    471813], ret:         10 } hitcount:         37
{ common_pid: mc-worker       [    471814], ret:          9 } hitcount:         52
{ common_pid: mc-worker       [    471807], ret:          9 } hitcount:         53
{ common_pid: mc-worker       [    471808], ret:          9 } hitcount:         60
{ common_pid: mc-worker       [    471812], ret:          9 } hitcount:         61
{ common_pid: mc-worker       [    471811], ret:          9 } hitcount:         86
{ common_pid: mc-worker       [    471809], ret:          9 } hitcount:         91
{ common_pid: mc-worker       [    471810], ret:          9 } hitcount:         94
{ common_pid: mc-worker       [    471813], ret:          9 } hitcount:         96
{ common_pid: mc-worker       [    471812], ret:          8 } hitcount:        149
{ common_pid: mc-worker       [    471807], ret:          8 } hitcount:        163
{ common_pid: mc-worker       [    471808], ret:          8 } hitcount:        173
{ common_pid: mc-worker       [    471811], ret:          8 } hitcount:        188
{ common_pid: mc-worker       [    471814], ret:          8 } hitcount:        189
{ common_pid: mc-worker       [    471809], ret:          8 } hitcount:        203
{ common_pid: mc-worker       [    471810], ret:          8 } hitcount:        218
{ common_pid: mc-worker       [    471813], ret:          8 } hitcount:        218
{ common_pid: mc-worker       [    471807], ret:          7 } hitcount:        467
{ common_pid: mc-worker       [    471811], ret:          7 } hitcount:        481
{ common_pid: mc-worker       [    471812], ret:          7 } hitcount:        506
{ common_pid: mc-worker       [    471814], ret:          7 } hitcount:        508
{ common_pid: mc-worker       [    471808], ret:          7 } hitcount:        536
{ common_pid: mc-worker       [    471809], ret:          7 } hitcount:        537
{ common_pid: mc-worker       [    471813], ret:          7 } hitcount:        620
{ common_pid: mc-worker       [    471810], ret:          7 } hitcount:        643
{ common_pid: mc-worker       [    471811], ret:          6 } hitcount:       1511
{ common_pid: mc-worker       [    471812], ret:          6 } hitcount:       1541
{ common_pid: mc-worker       [    471807], ret:          6 } hitcount:       1637
{ common_pid: mc-worker       [    471814], ret:          6 } hitcount:       1696
{ common_pid: mc-worker       [    471808], ret:          6 } hitcount:       1838
{ common_pid: mc-worker       [    471809], ret:          6 } hitcount:       1919
{ common_pid: mc-worker       [    471810], ret:          6 } hitcount:       2015
{ common_pid: mc-worker       [    471813], ret:          6 } hitcount:       2019
{ common_pid: mc-worker       [    471811], ret:          5 } hitcount:       6159
{ common_pid: mc-worker       [    471812], ret:          5 } hitcount:       6343
{ common_pid: mc-worker       [    471807], ret:          5 } hitcount:       6479
{ common_pid: mc-worker       [    471814], ret:          5 } hitcount:       6784
{ common_pid: mc-worker       [    471808], ret:          5 } hitcount:       7124
{ common_pid: mc-worker       [    471809], ret:          5 } hitcount:       7394
{ common_pid: mc-worker       [    471810], ret:          5 } hitcount:       7746
{ common_pid: mc-worker       [    471813], ret:          5 } hitcount:       7948
{ common_pid: mc-worker       [    471811], ret:          4 } hitcount:      27251
{ common_pid: mc-worker       [    471812], ret:          4 } hitcount:      27721
{ common_pid: mc-worker       [    471807], ret:          4 } hitcount:      28393
{ common_pid: mc-worker       [    471814], ret:          4 } hitcount:      29646
{ common_pid: mc-worker       [    471808], ret:          4 } hitcount:      30842
{ common_pid: mc-worker       [    471809], ret:          4 } hitcount:      31991
{ common_pid: mc-worker       [    471810], ret:          4 } hitcount:      32356
{ common_pid: mc-worker       [    471813], ret:          4 } hitcount:      32454
{ common_pid: mc-worker       [    471811], ret:          3 } hitcount:     104236
{ common_pid: mc-worker       [    471812], ret:          3 } hitcount:     104319
{ common_pid: mc-worker       [    471814], ret:          3 } hitcount:     107032
{ common_pid: mc-worker       [    471807], ret:          3 } hitcount:     108063
{ common_pid: mc-worker       [    471808], ret:          3 } hitcount:     109729
{ common_pid: mc-worker       [    471809], ret:          3 } hitcount:     114464
{ common_pid: mc-worker       [    471813], ret:          3 } hitcount:     114620
{ common_pid: mc-worker       [    471810], ret:          3 } hitcount:     114946
{ common_pid: mc-worker       [    471811], ret:          2 } hitcount:     270739
{ common_pid: mc-worker       [    471812], ret:          2 } hitcount:     271535
{ common_pid: mc-worker       [    471808], ret:          2 } hitcount:     272104
{ common_pid: mc-worker       [    471814], ret:          2 } hitcount:     273835
{ common_pid: mc-worker       [    471807], ret:          2 } hitcount:     277190
{ common_pid: mc-worker       [    471810], ret:          2 } hitcount:     280821
{ common_pid: mc-worker       [    471813], ret:          2 } hitcount:     281225
{ common_pid: mc-worker       [    471809], ret:          2 } hitcount:     281516
{ common_pid: mc-worker       [    471808], ret:          1 } hitcount:     442897
{ common_pid: mc-worker       [    471810], ret:          1 } hitcount:     443242
{ common_pid: mc-worker       [    471813], ret:          1 } hitcount:     445238
{ common_pid: mc-worker       [    471809], ret:          1 } hitcount:     447382
{ common_pid: mc-worker       [    471814], ret:          1 } hitcount:     447651
{ common_pid: mc-worker       [    471811], ret:          1 } hitcount:     450411
{ common_pid: mc-worker       [    471812], ret:          1 } hitcount:     451273
{ common_pid: mc-worker       [    471807], ret:          1 } hitcount:     451371
