{ common_pid: mc-worker       [    134252], ret:         13 } hitcount:          1
{ common_pid: mc-worker       [    134252], ret:        111 } hitcount:          1
{ common_pid: mc-worker       [    134253], ret:         16 } hitcount:          1
{ common_pid: mc-worker       [    134254], ret:        112 } hitcount:          1
{ common_pid: mc-worker       [    134251], ret:        118 } hitcount:          1
{ common_pid: mc-worker       [    134254], ret:         23 } hitcount:          1
{ common_pid: mc-worker       [    134253], ret:         28 } hitcount:          1
{ common_pid: mc-worker       [    134254], ret:         87 } hitcount:          1
{ common_pid: mc-worker       [    134249], ret:         48 } hitcount:          1
{ common_pid: mc-worker       [    134250], ret:         19 } hitcount:          1
{ common_pid: mc-worker       [    134253], ret:        124 } hitcount:          1
{ common_pid: mc-worker       [    134249], ret:         16 } hitcount:          1
{ common_pid: mc-worker       [    134248], ret:         20 } hitcount:          1
{ common_pid: mc-worker       [    134247], ret:         18 } hitcount:          1
{ common_pid: mc-worker       [    134250], ret:         15 } hitcount:          1
{ common_pid: mc-worker       [    134248], ret:         14 } hitcount:          1
{ common_pid: mc-worker       [    134250], ret:         18 } hitcount:          1
{ common_pid: mc-worker       [    134253], ret:        122 } hitcount:          1
{ common_pid: mc-worker       [    134248], ret:        109 } hitcount:          1
{ common_pid: mc-worker       [    134251], ret:         16 } hitcount:          1
{ common_pid: mc-worker       [    134254], ret:         59 } hitcount:          1
{ common_pid: mc-worker       [    134251], ret:         66 } hitcount:          1
{ common_pid: mc-worker       [    134247], ret:         31 } hitcount:          1
{ common_pid: mc-worker       [    134250], ret:         22 } hitcount:          1
{ common_pid: mc-worker       [    134250], ret:         30 } hitcount:          1
{ common_pid: mc-worker       [    134248], ret:        121 } hitcount:          1
{ common_pid: mc-worker       [    134253], ret:         36 } hitcount:          1
{ common_pid: mc-worker       [    134252], ret:         15 } hitcount:          1
{ common_pid: mc-worker       [    134249], ret:         15 } hitcount:          1
{ common_pid: mc-worker       [    134249], ret:         26 } hitcount:          1
{ common_pid: mc-worker       [    134253], ret:         98 } hitcount:          1
{ common_pid: mc-worker       [    134250], ret:         27 } hitcount:          1
{ common_pid: mc-worker       [    134247], ret:        106 } hitcount:          1
{ common_pid: mc-worker       [    134248], ret:         13 } hitcount:          1
{ common_pid: mc-worker       [    134252], ret:         17 } hitcount:          1
{ common_pid: mc-worker       [    134251], ret:        102 } hitcount:          1
{ common_pid: mc-worker       [    134247], ret:        124 } hitcount:          1
{ common_pid: mc-worker       [    134250], ret:         21 } hitcount:          1
{ common_pid: mc-worker       [    134249], ret:         21 } hitcount:          1
{ common_pid: mc-worker       [    134248], ret:         23 } hitcount:          1
{ common_pid: mc-worker       [    134252], ret:         22 } hitcount:          1
{ common_pid: mc-worker       [    134254], ret:         16 } hitcount:          1
{ common_pid: mc-worker       [    134247], ret:         16 } hitcount:          1
{ common_pid: mc-worker       [    134252], ret:         98 } hitcount:          1
{ common_pid: mc-worker       [    134254], ret:         27 } hitcount:          1
{ common_pid: mc-worker       [    134251], ret:         25 } hitcount:          1
{ common_pid: mc-worker       [    134249], ret:         82 } hitcount:          1
{ common_pid: mc-worker       [    134250], ret:        111 } hitcount:          1
{ common_pid: mc-worker       [    134251], ret:         15 } hitcount:          1
{ common_pid: mc-worker       [    134253], ret:         20 } hitcount:          1
{ common_pid: mc-worker       [    134250], ret:         59 } hitcount:          1
{ common_pid: mc-worker       [    134252], ret:         14 } hitcount:          1
{ common_pid: mc-worker       [    134249], ret:         14 } hitcount:          1
{ common_pid: mc-worker       [    134253], ret:        114 } hitcount:          1
{ common_pid: mc-worker       [    134251], ret:        128 } hitcount:          1
{ common_pid: mc-worker       [    134251], ret:        120 } hitcount:          1
{ common_pid: mc-worker       [    134249], ret:        112 } hitcount:          1
{ common_pid: mc-worker       [    134248], ret:         17 } hitcount:          1
{ common_pid: mc-worker       [    134252], ret:         72 } hitcount:          1
{ common_pid: mc-worker       [    134254], ret:        120 } hitcount:          1
{ common_pid: mc-worker       [    134248], ret:         39 } hitcount:          1
{ common_pid: mc-worker       [    134251], ret:         21 } hitcount:          1
{ common_pid: mc-worker       [    134252], ret:         16 } hitcount:          1
{ common_pid: mc-worker       [    134247], ret:         68 } hitcount:          1
{ common_pid: mc-worker       [    134253], ret:         15 } hitcount:          1
{ common_pid: mc-worker       [    134253], ret:         18 } hitcount:          1
{ common_pid: mc-worker       [    134251], ret:         13 } hitcount:          1
{ common_pid: mc-worker       [    134248], ret:        128 } hitcount:          1
{ common_pid: mc-worker       [    134248], ret:         90 } hitcount:          1
{ common_pid: mc-worker       [    134250], ret:        101 } hitcount:          1
{ common_pid: mc-worker       [    134254], ret:        128 } hitcount:          1
{ common_pid: mc-worker       [    134247], ret:         24 } hitcount:          1
{ common_pid: mc-worker       [    134248], ret:         21 } hitcount:          1
{ common_pid: mc-worker       [    134247], ret:         20 } hitcount:          1
{ common_pid: mc-worker       [    134249], ret:         18 } hitcount:          2
{ common_pid: mc-worker       [    134254], ret:         20 } hitcount:          2
{ common_pid: mc-worker       [    134248], ret:         16 } hitcount:          2
{ common_pid: mc-worker       [    134249], ret:        122 } hitcount:          2
{ common_pid: mc-worker       [    134251], ret:         18 } hitcount:          2
{ common_pid: mc-worker       [    134247], ret:         14 } hitcount:          2
{ common_pid: mc-worker       [    134250], ret:         12 } hitcount:          2
{ common_pid: mc-worker       [    134254], ret:         18 } hitcount:          2
{ common_pid: mc-worker       [    134247], ret:        108 } hitcount:          2
{ common_pid: mc-worker       [    134250], ret:        128 } hitcount:          2
{ common_pid: mc-worker       [    134252], ret:        126 } hitcount:          2
{ common_pid: mc-worker       [    134250], ret:         17 } hitcount:          2
{ common_pid: mc-worker       [    134250], ret:         13 } hitcount:          2
{ common_pid: mc-worker       [    134253], ret:         14 } hitcount:          2
{ common_pid: mc-worker       [    134249], ret:         17 } hitcount:          2
{ common_pid: mc-worker       [    134254], ret:         17 } hitcount:          2
{ common_pid: mc-worker       [    134252], ret:         18 } hitcount:          2
{ common_pid: mc-worker       [    134254], ret:         15 } hitcount:          3
{ common_pid: mc-worker       [    134248], ret:         11 } hitcount:          3
{ common_pid: mc-worker       [    134247], ret:         13 } hitcount:          3
{ common_pid: mc-worker       [    134252], ret:         12 } hitcount:          3
{ common_pid: mc-worker       [    134251], ret:         14 } hitcount:          3
{ common_pid: mc-worker       [    134249], ret:         11 } hitcount:          3
{ common_pid: mc-worker       [    134247], ret:         15 } hitcount:          3
{ common_pid: mc-worker       [    134251], ret:         12 } hitcount:          3
{ common_pid: mc-worker       [    134254], ret:         13 } hitcount:          4
{ common_pid: mc-worker       [    134253], ret:         13 } hitcount:          4
{ common_pid: mc-worker       [    134252], ret:         19 } hitcount:          4
{ common_pid: mc-worker       [    134248], ret:         12 } hitcount:          4
{ common_pid: mc-worker       [    134250], ret:         14 } hitcount:          4
{ common_pid: mc-worker       [    134247], ret:         11 } hitcount:          4
{ common_pid: mc-worker       [    134253], ret:         12 } hitcount:          5
{ common_pid: mc-worker       [    134247], ret:         12 } hitcount:          5
{ common_pid: mc-worker       [    134254], ret:         12 } hitcount:          5
{ common_pid: mc-worker       [    134254], ret:         11 } hitcount:          6
{ common_pid: mc-worker       [    134249], ret:         12 } hitcount:          8
{ common_pid: mc-worker       [    134253], ret:         11 } hitcount:          9
{ common_pid: mc-worker       [    134249], ret:         10 } hitcount:         10
{ common_pid: mc-worker       [    134251], ret:         11 } hitcount:         10
{ common_pid: mc-worker       [    134248], ret:         10 } hitcount:         11
{ common_pid: mc-worker       [    134252], ret:         11 } hitcount:         11
{ common_pid: mc-worker       [    134250], ret:         11 } hitcount:         11
{ common_pid: mc-worker       [    134254], ret:         10 } hitcount:         12
{ common_pid: mc-worker       [    134251], ret:         10 } hitcount:         12
{ common_pid: mc-worker       [    134253], ret:         10 } hitcount:         13
{ common_pid: mc-worker       [    134247], ret:         10 } hitcount:         18
{ common_pid: mc-worker       [    134252], ret:         10 } hitcount:         18
{ common_pid: mc-worker       [    134250], ret:         10 } hitcount:         30
{ common_pid: mc-worker       [    134253], ret:          9 } hitcount:         32
{ common_pid: mc-worker       [    134254], ret:          9 } hitcount:         32
{ common_pid: mc-worker       [    134248], ret:          9 } hitcount:         32
{ common_pid: mc-worker       [    134249], ret:          9 } hitcount:         36
{ common_pid: mc-worker       [    134247], ret:          9 } hitcount:         40
{ common_pid: mc-worker       [    134251], ret:          9 } hitcount:         49
{ common_pid: mc-worker       [    134252], ret:          9 } hitcount:         63
{ common_pid: mc-worker       [    134250], ret:          9 } hitcount:         66
{ common_pid: mc-worker       [    134248], ret:          8 } hitcount:         93
{ common_pid: mc-worker       [    134249], ret:          8 } hitcount:        105
{ common_pid: mc-worker       [    134253], ret:          8 } hitcount:        131
{ common_pid: mc-worker       [    134254], ret:          8 } hitcount:        138
{ common_pid: mc-worker       [    134247], ret:          8 } hitcount:        158
{ common_pid: mc-worker       [    134252], ret:          8 } hitcount:        202
{ common_pid: mc-worker       [    134251], ret:          8 } hitcount:        226
{ common_pid: mc-worker       [    134250], ret:          8 } hitcount:        227
{ common_pid: mc-worker       [    134248], ret:          7 } hitcount:        304
{ common_pid: mc-worker       [    134249], ret:          7 } hitcount:        365
{ common_pid: mc-worker       [    134253], ret:          7 } hitcount:        394
{ common_pid: mc-worker       [    134254], ret:          7 } hitcount:        449
{ common_pid: mc-worker       [    134247], ret:          7 } hitcount:        555
{ common_pid: mc-worker       [    134252], ret:          7 } hitcount:        605
{ common_pid: mc-worker       [    134251], ret:          7 } hitcount:        649
{ common_pid: mc-worker       [    134250], ret:          7 } hitcount:        712
{ common_pid: mc-worker       [    134248], ret:          6 } hitcount:       1159
{ common_pid: mc-worker       [    134249], ret:          6 } hitcount:       1427
{ common_pid: mc-worker       [    134253], ret:          6 } hitcount:       1438
{ common_pid: mc-worker       [    134254], ret:          6 } hitcount:       1649
{ common_pid: mc-worker       [    134247], ret:          6 } hitcount:       1827
{ common_pid: mc-worker       [    134251], ret:          6 } hitcount:       2093
{ common_pid: mc-worker       [    134252], ret:          6 } hitcount:       2161
{ common_pid: mc-worker       [    134250], ret:          6 } hitcount:       2491
{ common_pid: mc-worker       [    134248], ret:          5 } hitcount:       4929
{ common_pid: mc-worker       [    134249], ret:          5 } hitcount:       5867
{ common_pid: mc-worker       [    134253], ret:          5 } hitcount:       5965
{ common_pid: mc-worker       [    134254], ret:          5 } hitcount:       6550
{ common_pid: mc-worker       [    134247], ret:          5 } hitcount:       7391
{ common_pid: mc-worker       [    134252], ret:          5 } hitcount:       8014
{ common_pid: mc-worker       [    134251], ret:          5 } hitcount:       8034
{ common_pid: mc-worker       [    134250], ret:          5 } hitcount:       9033
{ common_pid: mc-worker       [    134248], ret:          4 } hitcount:      21481
{ common_pid: mc-worker       [    134253], ret:          4 } hitcount:      23837
{ common_pid: mc-worker       [    134249], ret:          4 } hitcount:      23983
{ common_pid: mc-worker       [    134254], ret:          4 } hitcount:      25863
{ common_pid: mc-worker       [    134247], ret:          4 } hitcount:      28014
{ common_pid: mc-worker       [    134251], ret:          4 } hitcount:      30246
{ common_pid: mc-worker       [    134252], ret:          4 } hitcount:      30400
{ common_pid: mc-worker       [    134250], ret:          4 } hitcount:      32690
{ common_pid: mc-worker       [    134248], ret:          3 } hitcount:      78564
{ common_pid: mc-worker       [    134253], ret:          3 } hitcount:      85141
{ common_pid: mc-worker       [    134249], ret:          3 } hitcount:      85214
{ common_pid: mc-worker       [    134254], ret:          3 } hitcount:      89495
{ common_pid: mc-worker       [    134247], ret:          3 } hitcount:      94426
{ common_pid: mc-worker       [    134251], ret:          3 } hitcount:      98248
{ common_pid: mc-worker       [    134252], ret:          3 } hitcount:      98367
{ common_pid: mc-worker       [    134250], ret:          3 } hitcount:     104058
{ common_pid: mc-worker       [    134248], ret:          2 } hitcount:     238363
{ common_pid: mc-worker       [    134253], ret:          2 } hitcount:     247158
{ common_pid: mc-worker       [    134249], ret:          2 } hitcount:     247228
{ common_pid: mc-worker       [    134254], ret:          2 } hitcount:     253419
{ common_pid: mc-worker       [    134247], ret:          2 } hitcount:     260934
{ common_pid: mc-worker       [    134251], ret:          2 } hitcount:     265275
{ common_pid: mc-worker       [    134252], ret:          2 } hitcount:     265309
{ common_pid: mc-worker       [    134250], ret:          2 } hitcount:     272782
{ common_pid: mc-worker       [    134248], ret:          1 } hitcount:     549970
{ common_pid: mc-worker       [    134249], ret:          1 } hitcount:     551169
{ common_pid: mc-worker       [    134253], ret:          1 } hitcount:     552087
{ common_pid: mc-worker       [    134251], ret:          1 } hitcount:     553787
{ common_pid: mc-worker       [    134254], ret:          1 } hitcount:     554960
{ common_pid: mc-worker       [    134247], ret:          1 } hitcount:     555036
{ common_pid: mc-worker       [    134252], ret:          1 } hitcount:     555451
{ common_pid: mc-worker       [    134250], ret:          1 } hitcount:     558121
