Linux 6.12.0-rc2-suspend-v2-nfcpu (cache-sql13432) 	10/20/2024 	_x86_64_	(64 CPU)

07:32:54 PM     CPU      %usr     %nice      %sys   %iowait    %steal      %irq     %soft    %guest    %gnice     %idle
07:32:55 PM      32      6.06      0.00     17.17      0.00      0.00      0.00     20.20      0.00      0.00     56.57
07:32:55 PM      33      8.16      0.00     17.35      0.00      0.00      0.00     14.29      0.00      0.00     60.20
07:32:55 PM      34      9.00      0.00     17.00      0.00      0.00      0.00     13.00      0.00      0.00     61.00
07:32:55 PM      35      7.07      0.00     19.19      0.00      0.00      0.00     13.13      0.00      0.00     60.61
07:32:55 PM      36      9.57      0.00     12.77      0.00      0.00      0.00     17.02      0.00      0.00     60.64
07:32:55 PM      37      8.16      0.00     17.35      0.00      0.00      0.00     15.31      0.00      0.00     59.18
07:32:55 PM      38      7.22      0.00     12.37      0.00      0.00      0.00     20.62      0.00      0.00     59.79
07:32:55 PM      39      6.19      0.00     14.43      0.00      0.00      0.00     19.59      0.00      0.00     59.79

07:32:55 PM     CPU      %usr     %nice      %sys   %iowait    %steal      %irq     %soft    %guest    %gnice     %idle
07:32:56 PM      32      7.92      0.00     17.82      0.00      0.00      0.00     17.82      0.00      0.00     56.44
07:32:56 PM      33      7.92      0.00     16.83      0.00      0.00      0.00     16.83      0.00      0.00     58.42
07:32:56 PM      34      8.08      0.00     15.15      0.00      0.00      0.00     19.19      0.00      0.00     57.58
07:32:56 PM      35      6.12      0.00     15.31      0.00      0.00      0.00     18.37      0.00      0.00     60.20
07:32:56 PM      36      6.06      0.00     16.16      0.00      0.00      0.00     15.15      0.00      0.00     62.63
07:32:56 PM      37      3.12      0.00     18.75      0.00      0.00      0.00     20.83      0.00      0.00     57.29
07:32:56 PM      38      5.15      0.00     14.43      0.00      0.00      0.00     17.53      0.00      0.00     62.89
07:32:56 PM      39      6.59      0.00      9.89      0.00      0.00      0.00     14.29      0.00      0.00     69.23

07:32:56 PM     CPU      %usr     %nice      %sys   %iowait    %steal      %irq     %soft    %guest    %gnice     %idle
07:32:57 PM      32      8.16      0.00     14.29      0.00      0.00      0.00     16.33      0.00      0.00     61.22
07:32:57 PM      33      8.25      0.00     20.62      0.00      0.00      0.00     11.34      0.00      0.00     59.79
07:32:57 PM      34      6.19      0.00     16.49      0.00      0.00      0.00     23.71      0.00      0.00     53.61
07:32:57 PM      35      7.62      0.00     20.95      0.00      0.00      0.00     13.33      0.00      0.00     58.10
07:32:57 PM      36      7.00      0.00     16.00      0.00      0.00      0.00     22.00      0.00      0.00     55.00
07:32:57 PM      37      8.25      0.00     19.59      0.00      0.00      0.00     13.40      0.00      0.00     58.76
07:32:57 PM      38      8.91      0.00     15.84      0.00      0.00      0.00     15.84      0.00      0.00     59.41
07:32:57 PM      39      6.32      0.00     18.95      0.00      0.00      0.00     12.63      0.00      0.00     62.11

07:32:57 PM     CPU      %usr     %nice      %sys   %iowait    %steal      %irq     %soft    %guest    %gnice     %idle
07:32:58 PM      32      8.25      0.00     13.40      0.00      0.00      0.00     19.59      0.00      0.00     58.76
07:32:58 PM      33      7.07      0.00     17.17      0.00      0.00      0.00     15.15      0.00      0.00     60.61
07:32:58 PM      34      5.15      0.00     16.49      0.00      0.00      0.00     17.53      0.00      0.00     60.82
07:32:58 PM      35      8.00      0.00     17.00      0.00      0.00      0.00     13.00      0.00      0.00     62.00
07:32:58 PM      36      8.33      0.00     14.58      0.00      0.00      0.00     15.62      0.00      0.00     61.46
07:32:58 PM      37      7.92      0.00     18.81      0.00      0.00      0.00     15.84      0.00      0.00     57.43
07:32:58 PM      38      7.92      0.00     14.85      0.00      0.00      0.00     17.82      0.00      0.00     59.41
07:32:58 PM      39      8.51      0.00     11.70      0.00      0.00      0.00     18.09      0.00      0.00     61.70

07:32:58 PM     CPU      %usr     %nice      %sys   %iowait    %steal      %irq     %soft    %guest    %gnice     %idle
07:32:59 PM      32      5.49      0.00     17.58      0.00      0.00      0.00     10.99      0.00      0.00     65.93
07:32:59 PM      33      7.29      0.00     13.54      0.00      0.00      0.00     16.67      0.00      0.00     62.50
07:32:59 PM      34      9.18      0.00     13.27      0.00      0.00      0.00     20.41      0.00      0.00     57.14
07:32:59 PM      35      7.14      0.00     16.33      0.00      0.00      0.00     18.37      0.00      0.00     58.16
07:32:59 PM      36      8.00      0.00     14.00      0.00      0.00      0.00     22.00      0.00      0.00     56.00
07:32:59 PM      37      7.22      0.00     15.46      0.00      0.00      0.00     16.49      0.00      0.00     60.82
07:32:59 PM      38      6.38      0.00     13.83      0.00      0.00      0.00     21.28      0.00      0.00     58.51
07:32:59 PM      39      9.09      0.00     16.16      0.00      0.00      0.00     15.15      0.00      0.00     59.60

07:32:59 PM     CPU      %usr     %nice      %sys   %iowait    %steal      %irq     %soft    %guest    %gnice     %idle
07:33:00 PM      32      8.74      0.00     21.36      0.00      0.00      0.00     17.48      0.00      0.00     52.43
07:33:00 PM      33      9.28      0.00     17.53      0.00      0.00      0.00     15.46      0.00      0.00     57.73
07:33:00 PM      34     10.31      0.00     14.43      0.00      0.00      0.00     20.62      0.00      0.00     54.64
07:33:00 PM      35      7.00      0.00     14.00      0.00      0.00      0.00     24.00      0.00      0.00     55.00
07:33:00 PM      36      6.12      0.00     15.31      0.00      0.00      0.00     25.51      0.00      0.00     53.06
07:33:00 PM      37      6.86      0.00     18.63      0.00      0.00      0.00     17.65      0.00      0.00     56.86
07:33:00 PM      38     10.68      0.00     17.48      0.00      0.00      0.00     17.48      0.00      0.00     54.37
07:33:00 PM      39      5.10      0.00     19.39      0.00      0.00      0.00     21.43      0.00      0.00     54.08

07:33:00 PM     CPU      %usr     %nice      %sys   %iowait    %steal      %irq     %soft    %guest    %gnice     %idle
07:33:01 PM      32      7.29      0.00     15.62      0.00      0.00      0.00     21.88      0.00      0.00     55.21
07:33:01 PM      33      5.21      0.00     18.75      0.00      0.00      0.00     15.62      0.00      0.00     60.42
07:33:01 PM      34      6.06      0.00     13.13      0.00      0.00      0.00     21.21      0.00      0.00     59.60
07:33:01 PM      35      5.38      0.00     17.20      0.00      0.00      0.00     13.98      0.00      0.00     63.44
07:33:01 PM      36      9.00      0.00     13.00      0.00      0.00      0.00     19.00      0.00      0.00     59.00
07:33:01 PM      37      9.38      0.00     20.83      0.00      0.00      0.00     10.42      0.00      0.00     59.38
07:33:01 PM      38      4.95      0.00     19.80      0.00      0.00      0.00     17.82      0.00      0.00     57.43
07:33:01 PM      39      7.37      0.00     11.58      0.00      0.00      0.00     24.21      0.00      0.00     56.84

07:33:01 PM     CPU      %usr     %nice      %sys   %iowait    %steal      %irq     %soft    %guest    %gnice     %idle
07:33:02 PM      32      6.00      0.00     16.00      0.00      0.00      0.00     19.00      0.00      0.00     59.00
07:33:02 PM      33      6.06      0.00     15.15      0.00      0.00      0.00     17.17      0.00      0.00     61.62
07:33:02 PM      34      4.35      0.00     13.04      0.00      0.00      0.00     18.48      0.00      0.00     64.13
07:33:02 PM      35     10.64      0.00     13.83      0.00      0.00      0.00     11.70      0.00      0.00     63.83
07:33:02 PM      36      7.14      0.00     12.24      0.00      0.00      0.00     21.43      0.00      0.00     59.18
07:33:02 PM      37      8.74      0.00     15.53      0.00      0.00      0.00     20.39      0.00      0.00     55.34
07:33:02 PM      38      8.51      0.00     15.96      0.00      0.00      0.00     12.77      0.00      0.00     62.77
07:33:02 PM      39      5.15      0.00     17.53      0.00      0.00      0.00     16.49      0.00      0.00     60.82

07:33:02 PM     CPU      %usr     %nice      %sys   %iowait    %steal      %irq     %soft    %guest    %gnice     %idle
07:33:03 PM      32      6.19      0.00     14.43      0.00      0.00      0.00     16.49      0.00      0.00     62.89
07:33:03 PM      33      8.33      0.00     12.50      0.00      0.00      0.00     14.58      0.00      0.00     64.58
07:33:03 PM      34      6.38      0.00     12.77      0.00      0.00      0.00     17.02      0.00      0.00     63.83
07:33:03 PM      35      6.12      0.00     16.33      0.00      0.00      0.00     15.31      0.00      0.00     62.24
07:33:03 PM      36      6.00      0.00     16.00      0.00      0.00      0.00     17.00      0.00      0.00     61.00
07:33:03 PM      37      6.19      0.00     14.43      0.00      0.00      0.00     16.49      0.00      0.00     62.89
07:33:03 PM      38      6.12      0.00     15.31      0.00      0.00      0.00     16.33      0.00      0.00     62.24
07:33:03 PM      39      7.61      0.00     10.87      0.00      0.00      0.00     16.30      0.00      0.00     65.22

07:33:03 PM     CPU      %usr     %nice      %sys   %iowait    %steal      %irq     %soft    %guest    %gnice     %idle
07:33:04 PM      32      9.18      0.00     15.31      0.00      0.00      0.00     13.27      0.00      0.00     62.24
07:33:04 PM      33      9.47      0.00     11.58      0.00      0.00      0.00     14.74      0.00      0.00     64.21
07:33:04 PM      34      4.21      0.00     14.74      0.00      0.00      0.00     16.84      0.00      0.00     64.21
07:33:04 PM      35      5.38      0.00     13.98      0.00      0.00      0.00     15.05      0.00      0.00     65.59
07:33:04 PM      36     10.10      0.00     14.14      0.00      0.00      0.00     15.15      0.00      0.00     60.61
07:33:04 PM      37      6.80      0.00     14.56      0.00      0.00      0.00     19.42      0.00      0.00     59.22
07:33:04 PM      38      7.14      0.00     14.29      0.00      0.00      0.00     16.33      0.00      0.00     62.24
07:33:04 PM      39      7.92      0.00     16.83      0.00      0.00      0.00     14.85      0.00      0.00     60.40

Average:        CPU      %usr     %nice      %sys   %iowait    %steal      %irq     %soft    %guest    %gnice     %idle
Average:         32      7.35      0.00     16.33      0.00      0.00      0.00     17.35      0.00      0.00     58.98
Average:         33      7.70      0.00     16.12      0.00      0.00      0.00     15.20      0.00      0.00     60.99
Average:         34      6.92      0.00     14.67      0.00      0.00      0.00     18.80      0.00      0.00     59.61
Average:         35      7.06      0.00     16.46      0.00      0.00      0.00     15.64      0.00      0.00     60.84
Average:         36      7.72      0.00     14.43      0.00      0.00      0.00     19.00      0.00      0.00     58.84
Average:         37      7.27      0.00     17.37      0.00      0.00      0.00     16.67      0.00      0.00     58.69
Average:         38      7.32      0.00     15.45      0.00      0.00      0.00     17.38      0.00      0.00     59.86
Average:         39      6.99      0.00     14.81      0.00      0.00      0.00     17.31      0.00      0.00     60.90
