Linux 6.12.0-rc2-suspend-v2-nfcpu (cache-sql13432) 	10/20/2024 	_x86_64_	(64 CPU)

05:59:28 AM     CPU      %usr     %nice      %sys   %iowait    %steal      %irq     %soft    %guest    %gnice     %idle
05:59:29 AM      32     24.00      0.00     76.00      0.00      0.00      0.00      0.00      0.00      0.00      0.00
05:59:29 AM      33     18.00      0.00     82.00      0.00      0.00      0.00      0.00      0.00      0.00      0.00
05:59:29 AM      34     20.00      0.00     79.00      0.00      0.00      0.00      1.00      0.00      0.00      0.00
05:59:29 AM      35     15.15      0.00     84.85      0.00      0.00      0.00      0.00      0.00      0.00      0.00
05:59:29 AM      36     16.83      0.00     82.18      0.00      0.00      0.00      0.99      0.00      0.00      0.00
05:59:29 AM      37     16.00      0.00     84.00      0.00      0.00      0.00      0.00      0.00      0.00      0.00
05:59:29 AM      38     14.85      0.00     83.17      0.00      0.00      0.00      1.98      0.00      0.00      0.00
05:59:29 AM      39     16.00      0.00     84.00      0.00      0.00      0.00      0.00      0.00      0.00      0.00

05:59:29 AM     CPU      %usr     %nice      %sys   %iowait    %steal      %irq     %soft    %guest    %gnice     %idle
05:59:30 AM      32     19.00      0.00     80.00      0.00      0.00      0.00      1.00      0.00      0.00      0.00
05:59:30 AM      33     17.17      0.00     82.83      0.00      0.00      0.00      0.00      0.00      0.00      0.00
05:59:30 AM      34     24.24      0.00     74.75      0.00      0.00      0.00      1.01      0.00      0.00      0.00
05:59:30 AM      35     22.77      0.00     77.23      0.00      0.00      0.00      0.00      0.00      0.00      0.00
05:59:30 AM      36     15.31      0.00     84.69      0.00      0.00      0.00      0.00      0.00      0.00      0.00
05:59:30 AM      37     19.00      0.00     81.00      0.00      0.00      0.00      0.00      0.00      0.00      0.00
05:59:30 AM      38     17.17      0.00     82.83      0.00      0.00      0.00      0.00      0.00      0.00      0.00
05:59:30 AM      39     23.00      0.00     77.00      0.00      0.00      0.00      0.00      0.00      0.00      0.00

05:59:30 AM     CPU      %usr     %nice      %sys   %iowait    %steal      %irq     %soft    %guest    %gnice     %idle
05:59:31 AM      32     14.00      0.00     86.00      0.00      0.00      0.00      0.00      0.00      0.00      0.00
05:59:31 AM      33     18.81      0.00     80.20      0.00      0.00      0.00      0.99      0.00      0.00      0.00
05:59:31 AM      34     23.76      0.00     76.24      0.00      0.00      0.00      0.00      0.00      0.00      0.00
05:59:31 AM      35     22.00      0.00     77.00      0.00      0.00      0.00      1.00      0.00      0.00      0.00
05:59:31 AM      36     20.79      0.00     79.21      0.00      0.00      0.00      0.00      0.00      0.00      0.00
05:59:31 AM      37     19.00      0.00     81.00      0.00      0.00      0.00      0.00      0.00      0.00      0.00
05:59:31 AM      38     23.76      0.00     75.25      0.00      0.00      0.00      0.99      0.00      0.00      0.00
05:59:31 AM      39     21.21      0.00     78.79      0.00      0.00      0.00      0.00      0.00      0.00      0.00

05:59:31 AM     CPU      %usr     %nice      %sys   %iowait    %steal      %irq     %soft    %guest    %gnice     %idle
05:59:32 AM      32     16.00      0.00     83.00      0.00      0.00      0.00      1.00      0.00      0.00      0.00
05:59:32 AM      33     21.00      0.00     79.00      0.00      0.00      0.00      0.00      0.00      0.00      0.00
05:59:32 AM      34     24.00      0.00     76.00      0.00      0.00      0.00      0.00      0.00      0.00      0.00
05:59:32 AM      35     20.20      0.00     79.80      0.00      0.00      0.00      0.00      0.00      0.00      0.00
05:59:32 AM      36     17.00      0.00     82.00      0.00      0.00      0.00      1.00      0.00      0.00      0.00
05:59:32 AM      37     21.00      0.00     79.00      0.00      0.00      0.00      0.00      0.00      0.00      0.00
05:59:32 AM      38     23.00      0.00     76.00      0.00      0.00      0.00      1.00      0.00      0.00      0.00
05:59:32 AM      39     23.76      0.00     76.24      0.00      0.00      0.00      0.00      0.00      0.00      0.00

05:59:32 AM     CPU      %usr     %nice      %sys   %iowait    %steal      %irq     %soft    %guest    %gnice     %idle
05:59:33 AM      32     16.83      0.00     82.18      0.00      0.00      0.00      0.99      0.00      0.00      0.00
05:59:33 AM      33     20.00      0.00     80.00      0.00      0.00      0.00      0.00      0.00      0.00      0.00
05:59:33 AM      34     23.00      0.00     75.00      0.00      0.00      0.00      2.00      0.00      0.00      0.00
05:59:33 AM      35     19.80      0.00     79.21      0.00      0.00      0.00      0.99      0.00      0.00      0.00
05:59:33 AM      36     18.00      0.00     81.00      0.00      0.00      0.00      1.00      0.00      0.00      0.00
05:59:33 AM      37     24.00      0.00     76.00      0.00      0.00      0.00      0.00      0.00      0.00      0.00
05:59:33 AM      38     19.00      0.00     81.00      0.00      0.00      0.00      0.00      0.00      0.00      0.00
05:59:33 AM      39     21.00      0.00     79.00      0.00      0.00      0.00      0.00      0.00      0.00      0.00

05:59:33 AM     CPU      %usr     %nice      %sys   %iowait    %steal      %irq     %soft    %guest    %gnice     %idle
05:59:34 AM      32     19.19      0.00     80.81      0.00      0.00      0.00      0.00      0.00      0.00      0.00
05:59:34 AM      33     24.00      0.00     76.00      0.00      0.00      0.00      0.00      0.00      0.00      0.00
05:59:34 AM      34     20.00      0.00     79.00      0.00      0.00      0.00      1.00      0.00      0.00      0.00
05:59:34 AM      35     19.00      0.00     80.00      0.00      0.00      0.00      1.00      0.00      0.00      0.00
05:59:34 AM      36     15.00      0.00     85.00      0.00      0.00      0.00      0.00      0.00      0.00      0.00
05:59:34 AM      37     18.00      0.00     82.00      0.00      0.00      0.00      0.00      0.00      0.00      0.00
05:59:34 AM      38     17.82      0.00     82.18      0.00      0.00      0.00      0.00      0.00      0.00      0.00
05:59:34 AM      39     21.00      0.00     79.00      0.00      0.00      0.00      0.00      0.00      0.00      0.00

05:59:34 AM     CPU      %usr     %nice      %sys   %iowait    %steal      %irq     %soft    %guest    %gnice     %idle
05:59:35 AM      32     24.00      0.00     75.00      0.00      0.00      0.00      1.00      0.00      0.00      0.00
05:59:35 AM      33     24.00      0.00     76.00      0.00      0.00      0.00      0.00      0.00      0.00      0.00
05:59:35 AM      34     21.78      0.00     76.24      0.00      0.00      0.00      1.98      0.00      0.00      0.00
05:59:35 AM      35     19.00      0.00     81.00      0.00      0.00      0.00      0.00      0.00      0.00      0.00
05:59:35 AM      36     22.00      0.00     78.00      0.00      0.00      0.00      0.00      0.00      0.00      0.00
05:59:35 AM      37     22.22      0.00     77.78      0.00      0.00      0.00      0.00      0.00      0.00      0.00
05:59:35 AM      38     20.41      0.00     79.59      0.00      0.00      0.00      0.00      0.00      0.00      0.00
05:59:35 AM      39     20.00      0.00     80.00      0.00      0.00      0.00      0.00      0.00      0.00      0.00

05:59:35 AM     CPU      %usr     %nice      %sys   %iowait    %steal      %irq     %soft    %guest    %gnice     %idle
05:59:36 AM      32     17.00      0.00     83.00      0.00      0.00      0.00      0.00      0.00      0.00      0.00
05:59:36 AM      33     20.00      0.00     79.00      0.00      0.00      0.00      1.00      0.00      0.00      0.00
05:59:36 AM      34     19.00      0.00     80.00      0.00      0.00      0.00      1.00      0.00      0.00      0.00
05:59:36 AM      35     22.00      0.00     78.00      0.00      0.00      0.00      0.00      0.00      0.00      0.00
05:59:36 AM      36     15.00      0.00     84.00      0.00      0.00      0.00      1.00      0.00      0.00      0.00
05:59:36 AM      37     24.75      0.00     75.25      0.00      0.00      0.00      0.00      0.00      0.00      0.00
05:59:36 AM      38     18.81      0.00     80.20      0.00      0.00      0.00      0.99      0.00      0.00      0.00
05:59:36 AM      39     21.21      0.00     78.79      0.00      0.00      0.00      0.00      0.00      0.00      0.00

05:59:36 AM     CPU      %usr     %nice      %sys   %iowait    %steal      %irq     %soft    %guest    %gnice     %idle
05:59:37 AM      32     19.00      0.00     79.00      0.00      0.00      0.00      2.00      0.00      0.00      0.00
05:59:37 AM      33     20.00      0.00     80.00      0.00      0.00      0.00      0.00      0.00      0.00      0.00
05:59:37 AM      34     20.00      0.00     68.00      0.00      0.00      0.00      1.00      0.00      0.00     11.00
05:59:37 AM      35     18.00      0.00     80.00      0.00      0.00      0.00      2.00      0.00      0.00      0.00
05:59:37 AM      36     16.00      0.00     83.00      0.00      0.00      0.00      1.00      0.00      0.00      0.00
05:59:37 AM      37     21.00      0.00     79.00      0.00      0.00      0.00      0.00      0.00      0.00      0.00
05:59:37 AM      38     17.00      0.00     82.00      0.00      0.00      0.00      1.00      0.00      0.00      0.00
05:59:37 AM      39     21.00      0.00     79.00      0.00      0.00      0.00      0.00      0.00      0.00      0.00

05:59:37 AM     CPU      %usr     %nice      %sys   %iowait    %steal      %irq     %soft    %guest    %gnice     %idle
05:59:38 AM      32     21.00      0.00     71.00      0.00      0.00      0.00      8.00      0.00      0.00      0.00
05:59:38 AM      33     19.00      0.00     80.00      0.00      0.00      0.00      1.00      0.00      0.00      0.00
05:59:38 AM      34      0.00      0.00      9.09      0.00      0.00      0.00      0.00      0.00      0.00     90.91
05:59:38 AM      35     17.17      0.00     71.72      0.00      0.00      0.00     10.10      0.00      0.00      1.01
05:59:38 AM      36     19.39      0.00     79.59      0.00      0.00      0.00      1.02      0.00      0.00      0.00
05:59:38 AM      37     27.00      0.00     71.00      0.00      0.00      0.00      2.00      0.00      0.00      0.00
05:59:38 AM      38     20.00      0.00     79.00      0.00      0.00      0.00      1.00      0.00      0.00      0.00
05:59:38 AM      39     23.76      0.00     74.26      0.00      0.00      0.00      1.98      0.00      0.00      0.00

Average:        CPU      %usr     %nice      %sys   %iowait    %steal      %irq     %soft    %guest    %gnice     %idle
Average:         32     19.00      0.00     79.60      0.00      0.00      0.00      1.40      0.00      0.00      0.00
Average:         33     20.20      0.00     79.50      0.00      0.00      0.00      0.30      0.00      0.00      0.00
Average:         34     19.60      0.00     69.40      0.00      0.00      0.00      0.90      0.00      0.00     10.10
Average:         35     19.52      0.00     78.88      0.00      0.00      0.00      1.50      0.00      0.00      0.10
Average:         36     17.54      0.00     81.86      0.00      0.00      0.00      0.60      0.00      0.00      0.00
Average:         37     21.20      0.00     78.60      0.00      0.00      0.00      0.20      0.00      0.00      0.00
Average:         38     19.18      0.00     80.12      0.00      0.00      0.00      0.70      0.00      0.00      0.00
Average:         39     21.20      0.00     78.60      0.00      0.00      0.00      0.20      0.00      0.00      0.00
