Linux 6.12.0-rc2-suspend-v2-nfcpu (cache-sql13432) 	10/20/2024 	_x86_64_	(64 CPU)

04:36:50 PM     CPU      %usr     %nice      %sys   %iowait    %steal      %irq     %soft    %guest    %gnice     %idle
04:36:51 PM      32      6.32      0.00     17.89      0.00      0.00      0.00     17.89      0.00      0.00     57.89
04:36:51 PM      33      9.28      0.00     17.53      0.00      0.00      0.00     16.49      0.00      0.00     56.70
04:36:51 PM      34      8.16      0.00     20.41      0.00      0.00      0.00     16.33      0.00      0.00     55.10
04:36:51 PM      35     11.34      0.00     16.49      0.00      0.00      0.00     15.46      0.00      0.00     56.70
04:36:51 PM      36     10.89      0.00     19.80      0.00      0.00      0.00     14.85      0.00      0.00     54.46
04:36:51 PM      37     10.42      0.00     15.62      0.00      0.00      0.00     14.58      0.00      0.00     59.38
04:36:51 PM      38      6.38      0.00     21.28      0.00      0.00      0.00     13.83      0.00      0.00     58.51
04:36:51 PM      39      5.26      0.00     16.84      0.00      0.00      0.00     16.84      0.00      0.00     61.05

04:36:51 PM     CPU      %usr     %nice      %sys   %iowait    %steal      %irq     %soft    %guest    %gnice     %idle
04:36:52 PM      32      9.57      0.00     15.96      0.00      0.00      0.00     14.89      0.00      0.00     59.57
04:36:52 PM      33     11.58      0.00     17.89      0.00      0.00      0.00     12.63      0.00      0.00     57.89
04:36:52 PM      34      8.51      0.00     18.09      0.00      0.00      0.00     15.96      0.00      0.00     57.45
04:36:52 PM      35      7.14      0.00     19.39      0.00      0.00      0.00     17.35      0.00      0.00     56.12
04:36:52 PM      36     10.20      0.00     20.41      0.00      0.00      0.00     14.29      0.00      0.00     55.10
04:36:52 PM      37      8.60      0.00     15.05      0.00      0.00      0.00     16.13      0.00      0.00     60.22
04:36:52 PM      38      9.47      0.00     20.00      0.00      0.00      0.00     14.74      0.00      0.00     55.79
04:36:52 PM      39      4.35      0.00     22.83      0.00      0.00      0.00     13.04      0.00      0.00     59.78

04:36:52 PM     CPU      %usr     %nice      %sys   %iowait    %steal      %irq     %soft    %guest    %gnice     %idle
04:36:53 PM      32      9.28      0.00     18.56      0.00      0.00      0.00     16.49      0.00      0.00     55.67
04:36:53 PM      33     10.68      0.00     23.30      0.00      0.00      0.00     13.59      0.00      0.00     52.43
04:36:53 PM      34      6.19      0.00     19.59      0.00      0.00      0.00     18.56      0.00      0.00     55.67
04:36:53 PM      35      9.47      0.00     21.05      0.00      0.00      0.00     11.58      0.00      0.00     57.89
04:36:53 PM      36      9.28      0.00     18.56      0.00      0.00      0.00     14.43      0.00      0.00     57.73
04:36:53 PM      37      8.08      0.00     21.21      0.00      0.00      0.00     13.13      0.00      0.00     57.58
04:36:53 PM      38     10.00      0.00     22.00      0.00      0.00      0.00     13.00      0.00      0.00     55.00
04:36:53 PM      39      7.29      0.00     15.62      0.00      0.00      0.00     19.79      0.00      0.00     57.29

04:36:53 PM     CPU      %usr     %nice      %sys   %iowait    %steal      %irq     %soft    %guest    %gnice     %idle
04:36:54 PM      32      9.57      0.00     17.02      0.00      0.00      0.00     13.83      0.00      0.00     59.57
04:36:54 PM      33      6.38      0.00     19.15      0.00      0.00      0.00     15.96      0.00      0.00     58.51
04:36:54 PM      34      7.37      0.00     17.89      0.00      0.00      0.00     16.84      0.00      0.00     57.89
04:36:54 PM      35     12.37      0.00     18.56      0.00      0.00      0.00     12.37      0.00      0.00     56.70
04:36:54 PM      36      6.45      0.00     17.20      0.00      0.00      0.00     16.13      0.00      0.00     60.22
04:36:54 PM      37      9.28      0.00     16.49      0.00      0.00      0.00     15.46      0.00      0.00     58.76
04:36:54 PM      38      9.47      0.00     21.05      0.00      0.00      0.00     11.58      0.00      0.00     57.89
04:36:54 PM      39     15.15      0.00     19.19      0.00      0.00      0.00      9.09      0.00      0.00     56.57

04:36:54 PM     CPU      %usr     %nice      %sys   %iowait    %steal      %irq     %soft    %guest    %gnice     %idle
04:36:55 PM      32      8.25      0.00     15.46      0.00      0.00      0.00     18.56      0.00      0.00     57.73
04:36:55 PM      33      6.93      0.00     20.79      0.00      0.00      0.00     18.81      0.00      0.00     53.47
04:36:55 PM      34     10.31      0.00     21.65      0.00      0.00      0.00     13.40      0.00      0.00     54.64
04:36:55 PM      35      8.16      0.00     16.33      0.00      0.00      0.00     18.37      0.00      0.00     57.14
04:36:55 PM      36      6.06      0.00     15.15      0.00      0.00      0.00     21.21      0.00      0.00     57.58
04:36:55 PM      37      6.32      0.00     18.95      0.00      0.00      0.00     14.74      0.00      0.00     60.00
04:36:55 PM      38     10.48      0.00     21.90      0.00      0.00      0.00     15.24      0.00      0.00     52.38
04:36:55 PM      39     11.22      0.00     21.43      0.00      0.00      0.00     12.24      0.00      0.00     55.10

04:36:55 PM     CPU      %usr     %nice      %sys   %iowait    %steal      %irq     %soft    %guest    %gnice     %idle
04:36:56 PM      32      6.45      0.00     17.20      0.00      0.00      0.00     13.98      0.00      0.00     62.37
04:36:56 PM      33     10.31      0.00     21.65      0.00      0.00      0.00     12.37      0.00      0.00     55.67
04:36:56 PM      34      9.80      0.00     17.65      0.00      0.00      0.00     19.61      0.00      0.00     52.94
04:36:56 PM      35      6.80      0.00     21.36      0.00      0.00      0.00     16.50      0.00      0.00     55.34
04:36:56 PM      36      7.53      0.00     18.28      0.00      0.00      0.00     13.98      0.00      0.00     60.22
04:36:56 PM      37      5.68      0.00     17.05      0.00      0.00      0.00     13.64      0.00      0.00     63.64
04:36:56 PM      38     10.89      0.00     14.85      0.00      0.00      0.00     20.79      0.00      0.00     53.47
04:36:56 PM      39      9.90      0.00     16.83      0.00      0.00      0.00     17.82      0.00      0.00     55.45

04:36:56 PM     CPU      %usr     %nice      %sys   %iowait    %steal      %irq     %soft    %guest    %gnice     %idle
04:36:57 PM      32      6.19      0.00     14.43      0.00      0.00      0.00     18.56      0.00      0.00     60.82
04:36:57 PM      33      9.09      0.00     19.19      0.00      0.00      0.00     18.18      0.00      0.00     53.54
04:36:57 PM      34     10.75      0.00     20.43      0.00      0.00      0.00     16.13      0.00      0.00     52.69
04:36:57 PM      35      8.70      0.00     18.48      0.00      0.00      0.00     15.22      0.00      0.00     57.61
04:36:57 PM      36      8.42      0.00     23.16      0.00      0.00      0.00     12.63      0.00      0.00     55.79
04:36:57 PM      37     12.24      0.00     19.39      0.00      0.00      0.00     16.33      0.00      0.00     52.04
04:36:57 PM      38      8.25      0.00     21.65      0.00      0.00      0.00     14.43      0.00      0.00     55.67
04:36:57 PM      39      8.51      0.00     19.15      0.00      0.00      0.00     17.02      0.00      0.00     55.32

04:36:57 PM     CPU      %usr     %nice      %sys   %iowait    %steal      %irq     %soft    %guest    %gnice     %idle
04:36:58 PM      32      9.09      0.00     23.23      0.00      0.00      0.00     17.17      0.00      0.00     50.51
04:36:58 PM      33      9.90      0.00     20.79      0.00      0.00      0.00     17.82      0.00      0.00     51.49
04:36:58 PM      34     10.00      0.00     20.00      0.00      0.00      0.00     23.33      0.00      0.00     46.67
04:36:58 PM      35      7.29      0.00     18.75      0.00      0.00      0.00     18.75      0.00      0.00     55.21
04:36:58 PM      36      6.59      0.00     23.08      0.00      0.00      0.00     16.48      0.00      0.00     53.85
04:36:58 PM      37     12.50      0.00     23.96      0.00      0.00      0.00     19.79      0.00      0.00     43.75
04:36:58 PM      38      7.14      0.00     26.53      0.00      0.00      0.00     15.31      0.00      0.00     51.02
04:36:58 PM      39      8.42      0.00     21.05      0.00      0.00      0.00     12.63      0.00      0.00     57.89

04:36:58 PM     CPU      %usr     %nice      %sys   %iowait    %steal      %irq     %soft    %guest    %gnice     %idle
04:36:59 PM      32      9.52      0.00     19.05      0.00      0.00      0.00     29.52      0.00      0.00     41.90
04:36:59 PM      33      8.42      0.00     18.95      0.00      0.00      0.00     16.84      0.00      0.00     55.79
04:36:59 PM      34      9.47      0.00     15.79      0.00      0.00      0.00     20.00      0.00      0.00     54.74
04:36:59 PM      35      9.18      0.00     23.47      0.00      0.00      0.00     16.33      0.00      0.00     51.02
04:36:59 PM      36      6.32      0.00     16.84      0.00      0.00      0.00     31.58      0.00      0.00     45.26
04:36:59 PM      37      8.25      0.00     23.71      0.00      0.00      0.00     10.31      0.00      0.00     57.73
04:36:59 PM      38      8.70      0.00     18.48      0.00      0.00      0.00     13.04      0.00      0.00     59.78
04:36:59 PM      39      7.45      0.00     27.66      0.00      0.00      0.00     11.70      0.00      0.00     53.19

04:36:59 PM     CPU      %usr     %nice      %sys   %iowait    %steal      %irq     %soft    %guest    %gnice     %idle
04:37:00 PM      32      9.90      0.00     20.79      0.00      0.00      0.00     25.74      0.00      0.00     43.56
04:37:00 PM      33     12.00      0.00     17.00      0.00      0.00      0.00     16.00      0.00      0.00     55.00
04:37:00 PM      34      8.60      0.00     18.28      0.00      0.00      0.00     18.28      0.00      0.00     54.84
04:37:00 PM      35      7.53      0.00     22.58      0.00      0.00      0.00     16.13      0.00      0.00     53.76
04:37:00 PM      36     10.31      0.00     15.46      0.00      0.00      0.00     28.87      0.00      0.00     45.36
04:37:00 PM      37      6.52      0.00     18.48      0.00      0.00      0.00     17.39      0.00      0.00     57.61
04:37:00 PM      38      9.00      0.00     23.00      0.00      0.00      0.00     16.00      0.00      0.00     52.00
04:37:00 PM      39      9.00      0.00     24.00      0.00      0.00      0.00     11.00      0.00      0.00     56.00

Average:        CPU      %usr     %nice      %sys   %iowait    %steal      %irq     %soft    %guest    %gnice     %idle
Average:         32      8.44      0.00     18.00      0.00      0.00      0.00     18.83      0.00      0.00     54.73
Average:         33      9.47      0.00     19.65      0.00      0.00      0.00     15.89      0.00      0.00     54.99
Average:         34      8.91      0.00     18.97      0.00      0.00      0.00     17.82      0.00      0.00     54.30
Average:         35      8.79      0.00     19.65      0.00      0.00      0.00     15.82      0.00      0.00     55.74
Average:         36      8.24      0.00     18.77      0.00      0.00      0.00     18.46      0.00      0.00     54.54
Average:         37      8.83      0.00     19.03      0.00      0.00      0.00     15.14      0.00      0.00     56.99
Average:         38      9.01      0.00     21.08      0.00      0.00      0.00     14.84      0.00      0.00     55.07
Average:         39      8.71      0.00     20.44      0.00      0.00      0.00     14.11      0.00      0.00     56.74
