Linux 6.12.0-rc2-suspend-v2-nfcpu (cache-sql13432) 	10/20/2024 	_x86_64_	(64 CPU)

10:13:28 AM     CPU      %usr     %nice      %sys   %iowait    %steal      %irq     %soft    %guest    %gnice     %idle
10:13:29 AM      32     14.89      0.00     36.17      0.00      0.00      0.00     29.79      0.00      0.00     19.15
10:13:29 AM      33     13.40      0.00     35.05      0.00      0.00      0.00     36.08      0.00      0.00     15.46
10:13:29 AM      34     15.62      0.00     31.25      0.00      0.00      0.00     36.46      0.00      0.00     16.67
10:13:29 AM      35     13.19      0.00     31.87      0.00      0.00      0.00     28.57      0.00      0.00     26.37
10:13:29 AM      36     14.13      0.00     31.52      0.00      0.00      0.00     34.78      0.00      0.00     19.57
10:13:29 AM      37     12.37      0.00     39.18      0.00      0.00      0.00     22.68      0.00      0.00     25.77
10:13:29 AM      38     11.96      0.00     26.09      0.00      0.00      0.00     38.04      0.00      0.00     23.91
10:13:29 AM      39     10.64      0.00     35.11      0.00      0.00      0.00     42.55      0.00      0.00     11.70

10:13:29 AM     CPU      %usr     %nice      %sys   %iowait    %steal      %irq     %soft    %guest    %gnice     %idle
10:13:30 AM      32     12.24      0.00     35.71      0.00      0.00      0.00     27.55      0.00      0.00     24.49
10:13:30 AM      33     15.96      0.00     30.85      0.00      0.00      0.00     34.04      0.00      0.00     19.15
10:13:30 AM      34     10.10      0.00     38.38      0.00      0.00      0.00     42.42      0.00      0.00      9.09
10:13:30 AM      35     13.40      0.00     30.93      0.00      0.00      0.00     42.27      0.00      0.00     13.40
10:13:30 AM      36     11.46      0.00     36.46      0.00      0.00      0.00     40.62      0.00      0.00     11.46
10:13:30 AM      37     13.19      0.00     36.26      0.00      0.00      0.00     37.36      0.00      0.00     13.19
10:13:30 AM      38     15.22      0.00     27.17      0.00      0.00      0.00     21.74      0.00      0.00     35.87
10:13:30 AM      39     15.62      0.00     39.58      0.00      0.00      0.00     36.46      0.00      0.00      8.33

10:13:30 AM     CPU      %usr     %nice      %sys   %iowait    %steal      %irq     %soft    %guest    %gnice     %idle
10:13:31 AM      32     16.30      0.00     28.26      0.00      0.00      0.00     33.70      0.00      0.00     21.74
10:13:31 AM      33     11.46      0.00     39.58      0.00      0.00      0.00     34.38      0.00      0.00     14.58
10:13:31 AM      34      9.68      0.00     37.63      0.00      0.00      0.00     34.41      0.00      0.00     18.28
10:13:31 AM      35     14.44      0.00     25.56      0.00      0.00      0.00     41.11      0.00      0.00     18.89
10:13:31 AM      36     13.54      0.00     31.25      0.00      0.00      0.00     33.33      0.00      0.00     21.88
10:13:31 AM      37     14.89      0.00     32.98      0.00      0.00      0.00     37.23      0.00      0.00     14.89
10:13:31 AM      38     11.58      0.00     34.74      0.00      0.00      0.00     32.63      0.00      0.00     21.05
10:13:31 AM      39     16.13      0.00     33.33      0.00      0.00      0.00     37.63      0.00      0.00     12.90

10:13:31 AM     CPU      %usr     %nice      %sys   %iowait    %steal      %irq     %soft    %guest    %gnice     %idle
10:13:32 AM      32     15.31      0.00     34.69      0.00      0.00      0.00     26.53      0.00      0.00     23.47
10:13:32 AM      33     12.90      0.00     34.41      0.00      0.00      0.00     35.48      0.00      0.00     17.20
10:13:32 AM      34     14.74      0.00     27.37      0.00      0.00      0.00     30.53      0.00      0.00     27.37
10:13:32 AM      35     14.58      0.00     37.50      0.00      0.00      0.00     39.58      0.00      0.00      8.33
10:13:32 AM      36     13.40      0.00     38.14      0.00      0.00      0.00     32.99      0.00      0.00     15.46
10:13:32 AM      37     12.37      0.00     31.96      0.00      0.00      0.00     29.90      0.00      0.00     25.77
10:13:32 AM      38     15.00      0.00     34.00      0.00      0.00      0.00     40.00      0.00      0.00     11.00
10:13:32 AM      39     12.50      0.00     27.08      0.00      0.00      0.00     36.46      0.00      0.00     23.96

10:13:32 AM     CPU      %usr     %nice      %sys   %iowait    %steal      %irq     %soft    %guest    %gnice     %idle
10:13:33 AM      32     14.14      0.00     38.38      0.00      0.00      0.00     30.30      0.00      0.00     17.17
10:13:33 AM      33     11.70      0.00     34.04      0.00      0.00      0.00     31.91      0.00      0.00     22.34
10:13:33 AM      34     14.89      0.00     35.11      0.00      0.00      0.00     31.91      0.00      0.00     18.09
10:13:33 AM      35     10.64      0.00     34.04      0.00      0.00      0.00     35.11      0.00      0.00     20.21
10:13:33 AM      36     13.68      0.00     34.74      0.00      0.00      0.00     34.74      0.00      0.00     16.84
10:13:33 AM      37     15.05      0.00     34.41      0.00      0.00      0.00     30.11      0.00      0.00     20.43
10:13:33 AM      38     11.70      0.00     30.85      0.00      0.00      0.00     29.79      0.00      0.00     27.66
10:13:33 AM      39     10.75      0.00     34.41      0.00      0.00      0.00     39.78      0.00      0.00     15.05

10:13:33 AM     CPU      %usr     %nice      %sys   %iowait    %steal      %irq     %soft    %guest    %gnice     %idle
10:13:34 AM      32     10.75      0.00     40.86      0.00      0.00      0.00     36.56      0.00      0.00     11.83
10:13:34 AM      33     13.68      0.00     34.74      0.00      0.00      0.00     38.95      0.00      0.00     12.63
10:13:34 AM      34     11.70      0.00     38.30      0.00      0.00      0.00     32.98      0.00      0.00     17.02
10:13:34 AM      35     13.13      0.00     37.37      0.00      0.00      0.00     42.42      0.00      0.00      7.07
10:13:34 AM      36     13.04      0.00     36.96      0.00      0.00      0.00     39.13      0.00      0.00     10.87
10:13:34 AM      37     12.63      0.00     34.74      0.00      0.00      0.00     37.89      0.00      0.00     14.74
10:13:34 AM      38     10.42      0.00     42.71      0.00      0.00      0.00     38.54      0.00      0.00      8.33
10:13:34 AM      39     13.04      0.00     32.61      0.00      0.00      0.00     38.04      0.00      0.00     16.30

10:13:34 AM     CPU      %usr     %nice      %sys   %iowait    %steal      %irq     %soft    %guest    %gnice     %idle
10:13:35 AM      32     14.14      0.00     33.33      0.00      0.00      0.00     41.41      0.00      0.00     11.11
10:13:35 AM      33     16.84      0.00     34.74      0.00      0.00      0.00     41.05      0.00      0.00      7.37
10:13:35 AM      34     12.37      0.00     39.18      0.00      0.00      0.00     37.11      0.00      0.00     11.34
10:13:35 AM      35     13.40      0.00     41.24      0.00      0.00      0.00     38.14      0.00      0.00      7.22
10:13:35 AM      36     11.83      0.00     33.33      0.00      0.00      0.00     44.09      0.00      0.00     10.75
10:13:35 AM      37     14.58      0.00     43.75      0.00      0.00      0.00     33.33      0.00      0.00      8.33
10:13:35 AM      38     12.00      0.00     40.00      0.00      0.00      0.00     40.00      0.00      0.00      8.00
10:13:35 AM      39     16.49      0.00     30.93      0.00      0.00      0.00     42.27      0.00      0.00     10.31

10:13:35 AM     CPU      %usr     %nice      %sys   %iowait    %steal      %irq     %soft    %guest    %gnice     %idle
10:13:36 AM      32     10.75      0.00     37.63      0.00      0.00      0.00     39.78      0.00      0.00     11.83
10:13:36 AM      33     13.40      0.00     36.08      0.00      0.00      0.00     43.30      0.00      0.00      7.22
10:13:36 AM      34     14.44      0.00     35.56      0.00      0.00      0.00     38.89      0.00      0.00     11.11
10:13:36 AM      35     12.50      0.00     38.54      0.00      0.00      0.00     41.67      0.00      0.00      7.29
10:13:36 AM      36     14.29      0.00     33.67      0.00      0.00      0.00     41.84      0.00      0.00     10.20
10:13:36 AM      37     16.84      0.00     42.11      0.00      0.00      0.00     32.63      0.00      0.00      8.42
10:13:36 AM      38     14.58      0.00     39.58      0.00      0.00      0.00     38.54      0.00      0.00      7.29
10:13:36 AM      39     13.13      0.00     39.39      0.00      0.00      0.00     38.38      0.00      0.00      9.09

10:13:36 AM     CPU      %usr     %nice      %sys   %iowait    %steal      %irq     %soft    %guest    %gnice     %idle
10:13:37 AM      32     10.42      0.00     39.58      0.00      0.00      0.00     40.62      0.00      0.00      9.38
10:13:37 AM      33     11.46      0.00     40.62      0.00      0.00      0.00     39.58      0.00      0.00      8.33
10:13:37 AM      34     15.31      0.00     38.78      0.00      0.00      0.00     34.69      0.00      0.00     11.22
10:13:37 AM      35     14.89      0.00     36.17      0.00      0.00      0.00     41.49      0.00      0.00      7.45
10:13:37 AM      36     12.37      0.00     34.02      0.00      0.00      0.00     43.30      0.00      0.00     10.31
10:13:37 AM      37     18.37      0.00     37.76      0.00      0.00      0.00     34.69      0.00      0.00      9.18
10:13:37 AM      38     13.54      0.00     36.46      0.00      0.00      0.00     41.67      0.00      0.00      8.33
10:13:37 AM      39     11.11      0.00     41.41      0.00      0.00      0.00     38.38      0.00      0.00      9.09

10:13:37 AM     CPU      %usr     %nice      %sys   %iowait    %steal      %irq     %soft    %guest    %gnice     %idle
10:13:38 AM      32     14.29      0.00     38.78      0.00      0.00      0.00     35.71      0.00      0.00     11.22
10:13:38 AM      33     16.13      0.00     39.78      0.00      0.00      0.00     36.56      0.00      0.00      7.53
10:13:38 AM      34      9.47      0.00     44.21      0.00      0.00      0.00     33.68      0.00      0.00     12.63
10:13:38 AM      35     17.02      0.00     31.91      0.00      0.00      0.00     44.68      0.00      0.00      6.38
10:13:38 AM      36     12.90      0.00     35.48      0.00      0.00      0.00     40.86      0.00      0.00     10.75
10:13:38 AM      37     12.90      0.00     44.09      0.00      0.00      0.00     34.41      0.00      0.00      8.60
10:13:38 AM      38     13.27      0.00     39.80      0.00      0.00      0.00     38.78      0.00      0.00      8.16
10:13:38 AM      39      8.33      0.00     36.46      0.00      0.00      0.00     45.83      0.00      0.00      9.38

Average:        CPU      %usr     %nice      %sys   %iowait    %steal      %irq     %soft    %guest    %gnice     %idle
Average:         32     13.33      0.00     36.35      0.00      0.00      0.00     34.17      0.00      0.00     16.15
Average:         33     13.68      0.00     36.00      0.00      0.00      0.00     37.16      0.00      0.00     13.16
Average:         34     12.83      0.00     36.59      0.00      0.00      0.00     35.33      0.00      0.00     15.25
Average:         35     13.71      0.00     34.60      0.00      0.00      0.00     39.56      0.00      0.00     12.13
Average:         36     13.07      0.00     34.56      0.00      0.00      0.00     38.57      0.00      0.00     13.80
Average:         37     14.33      0.00     37.72      0.00      0.00      0.00     32.98      0.00      0.00     14.96
Average:         38     12.93      0.00     35.25      0.00      0.00      0.00     36.08      0.00      0.00     15.75
Average:         39     12.77      0.00     35.08      0.00      0.00      0.00     39.58      0.00      0.00     12.57
