Linux 6.12.0-rc2-suspend-v2-nfcpu (cache-sql13432) 	10/20/2024 	_x86_64_	(64 CPU)

01:30:23 AM     CPU      %usr     %nice      %sys   %iowait    %steal      %irq     %soft    %guest    %gnice     %idle
01:30:24 AM      32      9.89      0.00     26.37      0.00      0.00      0.00     15.38      0.00      0.00     48.35
01:30:24 AM      33      5.43      0.00     32.61      0.00      0.00      0.00     17.39      0.00      0.00     44.57
01:30:24 AM      34      6.45      0.00     29.03      0.00      0.00      0.00     17.20      0.00      0.00     47.31
01:30:24 AM      35     10.00      0.00     26.67      0.00      0.00      0.00     17.78      0.00      0.00     45.56
01:30:24 AM      36      7.61      0.00     29.35      0.00      0.00      0.00     16.30      0.00      0.00     46.74
01:30:24 AM      37      8.99      0.00     31.46      0.00      0.00      0.00     12.36      0.00      0.00     47.19
01:30:24 AM      38     10.47      0.00     26.74      0.00      0.00      0.00     13.95      0.00      0.00     48.84
01:30:24 AM      39      8.51      0.00     34.04      0.00      0.00      0.00     13.83      0.00      0.00     43.62

01:30:24 AM     CPU      %usr     %nice      %sys   %iowait    %steal      %irq     %soft    %guest    %gnice     %idle
01:30:25 AM      32      6.52      0.00     33.70      0.00      0.00      0.00     13.04      0.00      0.00     46.74
01:30:25 AM      33      6.90      0.00     29.89      0.00      0.00      0.00     14.94      0.00      0.00     48.28
01:30:25 AM      34     10.00      0.00     30.00      0.00      0.00      0.00     13.33      0.00      0.00     46.67
01:30:25 AM      35      5.62      0.00     32.58      0.00      0.00      0.00     14.61      0.00      0.00     47.19
01:30:25 AM      36      9.09      0.00     27.27      0.00      0.00      0.00     12.50      0.00      0.00     51.14
01:30:25 AM      37      9.89      0.00     30.77      0.00      0.00      0.00     13.19      0.00      0.00     46.15
01:30:25 AM      38      8.99      0.00     31.46      0.00      0.00      0.00     13.48      0.00      0.00     46.07
01:30:25 AM      39      6.98      0.00     31.40      0.00      0.00      0.00     12.79      0.00      0.00     48.84

01:30:25 AM     CPU      %usr     %nice      %sys   %iowait    %steal      %irq     %soft    %guest    %gnice     %idle
01:30:26 AM      32      6.52      0.00     30.43      0.00      0.00      0.00     16.30      0.00      0.00     46.74
01:30:26 AM      33      6.74      0.00     28.09      0.00      0.00      0.00     19.10      0.00      0.00     46.07
01:30:26 AM      34      6.82      0.00     32.95      0.00      0.00      0.00     12.50      0.00      0.00     47.73
01:30:26 AM      35      9.89      0.00     24.18      0.00      0.00      0.00     19.78      0.00      0.00     46.15
01:30:26 AM      36      6.90      0.00     29.89      0.00      0.00      0.00     14.94      0.00      0.00     48.28
01:30:26 AM      37     10.87      0.00     30.43      0.00      0.00      0.00     13.04      0.00      0.00     45.65
01:30:26 AM      38     14.13      0.00     29.35      0.00      0.00      0.00     11.96      0.00      0.00     44.57
01:30:26 AM      39      5.56      0.00     30.00      0.00      0.00      0.00     15.56      0.00      0.00     48.89

01:30:26 AM     CPU      %usr     %nice      %sys   %iowait    %steal      %irq     %soft    %guest    %gnice     %idle
01:30:27 AM      32     11.49      0.00     22.99      0.00      0.00      0.00     13.79      0.00      0.00     51.72
01:30:27 AM      33      6.98      0.00     26.74      0.00      0.00      0.00     16.28      0.00      0.00     50.00
01:30:27 AM      34      9.57      0.00     27.66      0.00      0.00      0.00     18.09      0.00      0.00     44.68
01:30:27 AM      35      7.69      0.00     30.77      0.00      0.00      0.00     14.29      0.00      0.00     47.25
01:30:27 AM      36      7.29      0.00     33.33      0.00      0.00      0.00     16.67      0.00      0.00     42.71
01:30:27 AM      37      6.82      0.00     20.45      0.00      0.00      0.00     23.86      0.00      0.00     48.86
01:30:27 AM      38      6.74      0.00     30.34      0.00      0.00      0.00     15.73      0.00      0.00     47.19
01:30:27 AM      39      7.69      0.00     29.67      0.00      0.00      0.00     14.29      0.00      0.00     48.35

01:30:27 AM     CPU      %usr     %nice      %sys   %iowait    %steal      %irq     %soft    %guest    %gnice     %idle
01:30:28 AM      32      6.74      0.00     30.34      0.00      0.00      0.00     12.36      0.00      0.00     50.56
01:30:28 AM      33      7.14      0.00     27.38      0.00      0.00      0.00     11.90      0.00      0.00     53.57
01:30:28 AM      34      8.60      0.00     32.26      0.00      0.00      0.00     15.05      0.00      0.00     44.09
01:30:28 AM      35      7.45      0.00     32.98      0.00      0.00      0.00     12.77      0.00      0.00     46.81
01:30:28 AM      36      8.79      0.00     28.57      0.00      0.00      0.00     16.48      0.00      0.00     46.15
01:30:28 AM      37      6.90      0.00     26.44      0.00      0.00      0.00     16.09      0.00      0.00     50.57
01:30:28 AM      38      8.79      0.00     29.67      0.00      0.00      0.00     13.19      0.00      0.00     48.35
01:30:28 AM      39     10.00      0.00     30.00      0.00      0.00      0.00     12.22      0.00      0.00     47.78

01:30:28 AM     CPU      %usr     %nice      %sys   %iowait    %steal      %irq     %soft    %guest    %gnice     %idle
01:30:29 AM      32      6.98      0.00     27.91      0.00      0.00      0.00     13.95      0.00      0.00     51.16
01:30:29 AM      33     10.75      0.00     30.11      0.00      0.00      0.00     11.83      0.00      0.00     47.31
01:30:29 AM      34     10.64      0.00     31.91      0.00      0.00      0.00     10.64      0.00      0.00     46.81
01:30:29 AM      35      6.52      0.00     32.61      0.00      0.00      0.00     15.22      0.00      0.00     45.65
01:30:29 AM      36      8.70      0.00     33.70      0.00      0.00      0.00     10.87      0.00      0.00     46.74
01:30:29 AM      37      6.25      0.00     35.42      0.00      0.00      0.00     13.54      0.00      0.00     44.79
01:30:29 AM      38      9.47      0.00     31.58      0.00      0.00      0.00     12.63      0.00      0.00     46.32
01:30:29 AM      39      7.53      0.00     29.03      0.00      0.00      0.00     16.13      0.00      0.00     47.31

01:30:29 AM     CPU      %usr     %nice      %sys   %iowait    %steal      %irq     %soft    %guest    %gnice     %idle
01:30:30 AM      32      9.89      0.00     31.87      0.00      0.00      0.00      9.89      0.00      0.00     48.35
01:30:30 AM      33      9.28      0.00     31.96      0.00      0.00      0.00     12.37      0.00      0.00     46.39
01:30:30 AM      34      8.60      0.00     30.11      0.00      0.00      0.00     13.98      0.00      0.00     47.31
01:30:30 AM      35      8.79      0.00     27.47      0.00      0.00      0.00     16.48      0.00      0.00     47.25
01:30:30 AM      36      7.61      0.00     30.43      0.00      0.00      0.00     13.04      0.00      0.00     48.91
01:30:30 AM      37     10.53      0.00     29.47      0.00      0.00      0.00     12.63      0.00      0.00     47.37
01:30:30 AM      38      7.53      0.00     29.03      0.00      0.00      0.00     16.13      0.00      0.00     47.31
01:30:30 AM      39     12.50      0.00     33.33      0.00      0.00      0.00     10.42      0.00      0.00     43.75

01:30:30 AM     CPU      %usr     %nice      %sys   %iowait    %steal      %irq     %soft    %guest    %gnice     %idle
01:30:31 AM      32      8.42      0.00     30.53      0.00      0.00      0.00     13.68      0.00      0.00     47.37
01:30:31 AM      33     10.53      0.00     33.68      0.00      0.00      0.00      9.47      0.00      0.00     46.32
01:30:31 AM      34     10.23      0.00     26.14      0.00      0.00      0.00     12.50      0.00      0.00     51.14
01:30:31 AM      35      7.53      0.00     29.03      0.00      0.00      0.00     16.13      0.00      0.00     47.31
01:30:31 AM      36      6.32      0.00     32.63      0.00      0.00      0.00     13.68      0.00      0.00     47.37
01:30:31 AM      37      4.12      0.00     31.96      0.00      0.00      0.00     18.56      0.00      0.00     45.36
01:30:31 AM      38     10.31      0.00     30.93      0.00      0.00      0.00     14.43      0.00      0.00     44.33
01:30:31 AM      39     10.75      0.00     26.88      0.00      0.00      0.00     13.98      0.00      0.00     48.39

01:30:31 AM     CPU      %usr     %nice      %sys   %iowait    %steal      %irq     %soft    %guest    %gnice     %idle
01:30:32 AM      32      8.51      0.00     30.85      0.00      0.00      0.00     17.02      0.00      0.00     43.62
01:30:32 AM      33      7.53      0.00     33.33      0.00      0.00      0.00     12.90      0.00      0.00     46.24
01:30:32 AM      34      9.38      0.00     31.25      0.00      0.00      0.00     13.54      0.00      0.00     45.83
01:30:32 AM      35      8.60      0.00     31.18      0.00      0.00      0.00     13.98      0.00      0.00     46.24
01:30:32 AM      36     10.87      0.00     30.43      0.00      0.00      0.00     13.04      0.00      0.00     45.65
01:30:32 AM      37      7.53      0.00     30.11      0.00      0.00      0.00     15.05      0.00      0.00     47.31
01:30:32 AM      38      8.99      0.00     24.72      0.00      0.00      0.00     16.85      0.00      0.00     49.44
01:30:32 AM      39      9.47      0.00     30.53      0.00      0.00      0.00     11.58      0.00      0.00     48.42

01:30:32 AM     CPU      %usr     %nice      %sys   %iowait    %steal      %irq     %soft    %guest    %gnice     %idle
01:30:33 AM      32      7.37      0.00     35.79      0.00      0.00      0.00     14.74      0.00      0.00     42.11
01:30:33 AM      33      6.19      0.00     32.99      0.00      0.00      0.00     15.46      0.00      0.00     45.36
01:30:33 AM      34     10.10      0.00     33.33      0.00      0.00      0.00     11.11      0.00      0.00     45.45
01:30:33 AM      35     11.70      0.00     27.66      0.00      0.00      0.00     15.96      0.00      0.00     44.68
01:30:33 AM      36      8.70      0.00     29.35      0.00      0.00      0.00     15.22      0.00      0.00     46.74
01:30:33 AM      37     10.75      0.00     32.26      0.00      0.00      0.00     11.83      0.00      0.00     45.16
01:30:33 AM      38      5.49      0.00     30.77      0.00      0.00      0.00     15.38      0.00      0.00     48.35
01:30:33 AM      39     10.11      0.00     29.21      0.00      0.00      0.00     13.48      0.00      0.00     47.19

Average:        CPU      %usr     %nice      %sys   %iowait    %steal      %irq     %soft    %guest    %gnice     %idle
Average:         32      8.22      0.00     30.15      0.00      0.00      0.00     14.04      0.00      0.00     47.59
Average:         33      7.78      0.00     30.78      0.00      0.00      0.00     14.13      0.00      0.00     47.32
Average:         34      9.05      0.00     30.50      0.00      0.00      0.00     13.79      0.00      0.00     46.66
Average:         35      8.39      0.00     29.52      0.00      0.00      0.00     15.69      0.00      0.00     46.41
Average:         36      8.18      0.00     30.53      0.00      0.00      0.00     14.29      0.00      0.00     47.00
Average:         37      8.25      0.00     29.97      0.00      0.00      0.00     14.98      0.00      0.00     46.80
Average:         38      9.10      0.00     29.50      0.00      0.00      0.00     14.36      0.00      0.00     47.04
Average:         39      8.94      0.00     30.43      0.00      0.00      0.00     13.41      0.00      0.00     47.22
