Linux 6.12.0-rc2-suspend-v2-nfcpu (cache-sql13432) 	10/20/2024 	_x86_64_	(64 CPU)

02:22:50 PM     CPU      %usr     %nice      %sys   %iowait    %steal      %irq     %soft    %guest    %gnice     %idle
02:22:51 PM      32      5.38      0.00     12.90      0.00      0.00      0.00      7.53      0.00      0.00     74.19
02:22:51 PM      33      7.29      0.00     10.42      0.00      0.00      0.00     10.42      0.00      0.00     71.88
02:22:51 PM      34      3.19      0.00     12.77      0.00      0.00      0.00     10.64      0.00      0.00     73.40
02:22:51 PM      35      4.40      0.00     13.19      0.00      0.00      0.00      6.59      0.00      0.00     75.82
02:22:51 PM      36      4.26      0.00      7.45      0.00      0.00      0.00     15.96      0.00      0.00     72.34
02:22:51 PM      37      4.21      0.00     11.58      0.00      0.00      0.00     11.58      0.00      0.00     72.63
02:22:51 PM      38      4.30      0.00      9.68      0.00      0.00      0.00     11.83      0.00      0.00     74.19
02:22:51 PM      39      5.10      0.00     10.20      0.00      0.00      0.00     14.29      0.00      0.00     70.41

02:22:51 PM     CPU      %usr     %nice      %sys   %iowait    %steal      %irq     %soft    %guest    %gnice     %idle
02:22:52 PM      32      7.45      0.00     12.77      0.00      0.00      0.00      7.45      0.00      0.00     72.34
02:22:52 PM      33      4.40      0.00     12.09      0.00      0.00      0.00      7.69      0.00      0.00     75.82
02:22:52 PM      34      7.00      0.00     12.00      0.00      0.00      0.00     13.00      0.00      0.00     68.00
02:22:52 PM      35      3.37      0.00      6.74      0.00      0.00      0.00     12.36      0.00      0.00     77.53
02:22:52 PM      36      4.49      0.00      8.99      0.00      0.00      0.00      8.99      0.00      0.00     77.53
02:22:52 PM      37      4.30      0.00      8.60      0.00      0.00      0.00     12.90      0.00      0.00     74.19
02:22:52 PM      38      4.40      0.00      8.79      0.00      0.00      0.00      9.89      0.00      0.00     76.92
02:22:52 PM      39      3.33      0.00     11.11      0.00      0.00      0.00      8.89      0.00      0.00     76.67

02:22:52 PM     CPU      %usr     %nice      %sys   %iowait    %steal      %irq     %soft    %guest    %gnice     %idle
02:22:53 PM      32      5.38      0.00     11.83      0.00      0.00      0.00     10.75      0.00      0.00     72.04
02:22:53 PM      33      3.30      0.00      8.79      0.00      0.00      0.00     12.09      0.00      0.00     75.82
02:22:53 PM      34      5.15      0.00      6.19      0.00      0.00      0.00     17.53      0.00      0.00     71.13
02:22:53 PM      35      3.41      0.00      6.82      0.00      0.00      0.00     11.36      0.00      0.00     78.41
02:22:53 PM      36      5.49      0.00      7.69      0.00      0.00      0.00     12.09      0.00      0.00     74.73
02:22:53 PM      37      3.49      0.00      8.14      0.00      0.00      0.00      8.14      0.00      0.00     80.23
02:22:53 PM      38      5.15      0.00     15.46      0.00      0.00      0.00      8.25      0.00      0.00     71.13
02:22:53 PM      39      4.26      0.00     10.64      0.00      0.00      0.00     10.64      0.00      0.00     74.47

02:22:53 PM     CPU      %usr     %nice      %sys   %iowait    %steal      %irq     %soft    %guest    %gnice     %idle
02:22:54 PM      32      3.26      0.00      9.78      0.00      0.00      0.00     13.04      0.00      0.00     73.91
02:22:54 PM      33      7.22      0.00     11.34      0.00      0.00      0.00     10.31      0.00      0.00     71.13
02:22:54 PM      34      8.42      0.00      6.32      0.00      0.00      0.00     12.63      0.00      0.00     72.63
02:22:54 PM      35      3.37      0.00     10.11      0.00      0.00      0.00     10.11      0.00      0.00     76.40
02:22:54 PM      36      3.26      0.00     10.87      0.00      0.00      0.00     10.87      0.00      0.00     75.00
02:22:54 PM      37      4.26      0.00      9.57      0.00      0.00      0.00     13.83      0.00      0.00     72.34
02:22:54 PM      38      5.15      0.00     11.34      0.00      0.00      0.00     12.37      0.00      0.00     71.13
02:22:54 PM      39      3.49      0.00      6.98      0.00      0.00      0.00      9.30      0.00      0.00     80.23

02:22:54 PM     CPU      %usr     %nice      %sys   %iowait    %steal      %irq     %soft    %guest    %gnice     %idle
02:22:55 PM      32      5.38      0.00     10.75      0.00      0.00      0.00     10.75      0.00      0.00     73.12
02:22:55 PM      33      4.35      0.00     11.96      0.00      0.00      0.00      9.78      0.00      0.00     73.91
02:22:55 PM      34      4.35      0.00      8.70      0.00      0.00      0.00     13.04      0.00      0.00     73.91
02:22:55 PM      35      3.26      0.00      9.78      0.00      0.00      0.00     11.96      0.00      0.00     75.00
02:22:55 PM      36      4.26      0.00     10.64      0.00      0.00      0.00     12.77      0.00      0.00     72.34
02:22:55 PM      37      4.44      0.00      8.89      0.00      0.00      0.00     11.11      0.00      0.00     75.56
02:22:55 PM      38      3.19      0.00     10.64      0.00      0.00      0.00     12.77      0.00      0.00     73.40
02:22:55 PM      39      3.16      0.00     12.63      0.00      0.00      0.00     11.58      0.00      0.00     72.63

02:22:55 PM     CPU      %usr     %nice      %sys   %iowait    %steal      %irq     %soft    %guest    %gnice     %idle
02:22:56 PM      32      5.49      0.00     10.99      0.00      0.00      0.00      8.79      0.00      0.00     74.73
02:22:56 PM      33      5.32      0.00     11.70      0.00      0.00      0.00      9.57      0.00      0.00     73.40
02:22:56 PM      34      3.19      0.00     11.70      0.00      0.00      0.00     11.70      0.00      0.00     73.40
02:22:56 PM      35      5.26      0.00     10.53      0.00      0.00      0.00     11.58      0.00      0.00     72.63
02:22:56 PM      36      4.26      0.00     10.64      0.00      0.00      0.00     11.70      0.00      0.00     73.40
02:22:56 PM      37      3.30      0.00     10.99      0.00      0.00      0.00      9.89      0.00      0.00     75.82
02:22:56 PM      38      2.15      0.00     12.90      0.00      0.00      0.00      9.68      0.00      0.00     75.27
02:22:56 PM      39      6.06      0.00     12.12      0.00      0.00      0.00     11.11      0.00      0.00     70.71

02:22:56 PM     CPU      %usr     %nice      %sys   %iowait    %steal      %irq     %soft    %guest    %gnice     %idle
02:22:57 PM      32      4.30      0.00     10.75      0.00      0.00      0.00     11.83      0.00      0.00     73.12
02:22:57 PM      33      4.26      0.00     11.70      0.00      0.00      0.00     10.64      0.00      0.00     73.40
02:22:57 PM      34      3.19      0.00     12.77      0.00      0.00      0.00      9.57      0.00      0.00     74.47
02:22:57 PM      35      3.30      0.00      9.89      0.00      0.00      0.00     12.09      0.00      0.00     74.73
02:22:57 PM      36      5.32      0.00     12.77      0.00      0.00      0.00      8.51      0.00      0.00     73.40
02:22:57 PM      37      3.06      0.00     13.27      0.00      0.00      0.00     13.27      0.00      0.00     70.41
02:22:57 PM      38      5.32      0.00      8.51      0.00      0.00      0.00     12.77      0.00      0.00     73.40
02:22:57 PM      39      4.35      0.00      8.70      0.00      0.00      0.00     11.96      0.00      0.00     75.00

02:22:57 PM     CPU      %usr     %nice      %sys   %iowait    %steal      %irq     %soft    %guest    %gnice     %idle
02:22:58 PM      32      4.85      0.00     15.53      0.00      0.00      0.00     13.59      0.00      0.00     66.02
02:22:58 PM      33      4.17      0.00     11.46      0.00      0.00      0.00     11.46      0.00      0.00     72.92
02:22:58 PM      34      6.59      0.00      7.69      0.00      0.00      0.00      9.89      0.00      0.00     75.82
02:22:58 PM      35      5.56      0.00     11.11      0.00      0.00      0.00      6.67      0.00      0.00     76.67
02:22:58 PM      36      2.27      0.00     11.36      0.00      0.00      0.00      6.82      0.00      0.00     79.55
02:22:58 PM      37      3.23      0.00     10.75      0.00      0.00      0.00     11.83      0.00      0.00     74.19
02:22:58 PM      38      7.29      0.00     10.42      0.00      0.00      0.00      9.38      0.00      0.00     72.92
02:22:58 PM      39      4.40      0.00      8.79      0.00      0.00      0.00      9.89      0.00      0.00     76.92

02:22:58 PM     CPU      %usr     %nice      %sys   %iowait    %steal      %irq     %soft    %guest    %gnice     %idle
02:22:59 PM      32      4.08      0.00     11.22      0.00      0.00      0.00     15.31      0.00      0.00     69.39
02:22:59 PM      33      5.26      0.00     13.68      0.00      0.00      0.00      8.42      0.00      0.00     72.63
02:22:59 PM      34      3.26      0.00     10.87      0.00      0.00      0.00     10.87      0.00      0.00     75.00
02:22:59 PM      35      3.30      0.00     10.99      0.00      0.00      0.00      8.79      0.00      0.00     76.92
02:22:59 PM      36      3.33      0.00     10.00      0.00      0.00      0.00     10.00      0.00      0.00     76.67
02:22:59 PM      37      3.30      0.00     10.99      0.00      0.00      0.00     10.99      0.00      0.00     74.73
02:22:59 PM      38      4.21      0.00     10.53      0.00      0.00      0.00     12.63      0.00      0.00     72.63
02:22:59 PM      39      3.16      0.00     10.53      0.00      0.00      0.00     12.63      0.00      0.00     73.68

02:22:59 PM     CPU      %usr     %nice      %sys   %iowait    %steal      %irq     %soft    %guest    %gnice     %idle
02:23:00 PM      32      5.21      0.00      9.38      0.00      0.00      0.00     13.54      0.00      0.00     71.88
02:23:00 PM      33      4.60      0.00      6.90      0.00      0.00      0.00      9.20      0.00      0.00     79.31
02:23:00 PM      34      8.51      0.00      9.57      0.00      0.00      0.00      8.51      0.00      0.00     73.40
02:23:00 PM      35      4.35      0.00     10.87      0.00      0.00      0.00      9.78      0.00      0.00     75.00
02:23:00 PM      36      3.30      0.00     10.99      0.00      0.00      0.00      9.89      0.00      0.00     75.82
02:23:00 PM      37      3.12      0.00     11.46      0.00      0.00      0.00     13.54      0.00      0.00     71.88
02:23:00 PM      38      3.23      0.00     12.90      0.00      0.00      0.00      8.60      0.00      0.00     75.27
02:23:00 PM      39      6.32      0.00     10.53      0.00      0.00      0.00      9.47      0.00      0.00     73.68

Average:        CPU      %usr     %nice      %sys   %iowait    %steal      %irq     %soft    %guest    %gnice     %idle
Average:         32      5.07      0.00     11.63      0.00      0.00      0.00     11.31      0.00      0.00     71.99
Average:         33      5.04      0.00     11.04      0.00      0.00      0.00      9.97      0.00      0.00     73.95
Average:         34      5.30      0.00      9.86      0.00      0.00      0.00     11.77      0.00      0.00     73.06
Average:         35      3.96      0.00     10.02      0.00      0.00      0.00     10.13      0.00      0.00     75.88
Average:         36      4.03      0.00     10.14      0.00      0.00      0.00     10.80      0.00      0.00     75.03
Average:         37      3.67      0.00     10.46      0.00      0.00      0.00     11.76      0.00      0.00     74.11
Average:         38      4.45      0.00     11.13      0.00      0.00      0.00     10.82      0.00      0.00     73.59
Average:         39      4.39      0.00     10.27      0.00      0.00      0.00     11.02      0.00      0.00     74.33
