{ common_pid: mc-worker       [    343008], ret:         64 } hitcount:          1
{ common_pid: mc-worker       [    343002], ret:        190 } hitcount:          1
{ common_pid: mc-worker       [    343006], ret:        105 } hitcount:          1
{ common_pid: mc-worker       [    343008], ret:        109 } hitcount:          1
{ common_pid: mc-worker       [    343002], ret:        119 } hitcount:          1
{ common_pid: mc-worker       [    343007], ret:         64 } hitcount:          1
{ common_pid: mc-worker       [    343001], ret:        256 } hitcount:          1
{ common_pid: mc-worker       [    343001], ret:        217 } hitcount:          1
{ common_pid: mc-worker       [    343008], ret:         76 } hitcount:          1
{ common_pid: mc-worker       [    343003], ret:        198 } hitcount:          1
{ common_pid: mc-worker       [    343001], ret:         19 } hitcount:          1
{ common_pid: mc-worker       [    343008], ret:        154 } hitcount:          1
{ common_pid: mc-worker       [    343006], ret:         44 } hitcount:          1
{ common_pid: mc-worker       [    343005], ret:        152 } hitcount:          1
{ common_pid: mc-worker       [    343003], ret:         19 } hitcount:          1
{ common_pid: mc-worker       [    343008], ret:         42 } hitcount:          1
{ common_pid: mc-worker       [    343006], ret:         24 } hitcount:          1
{ common_pid: mc-worker       [    343002], ret:         22 } hitcount:          1
{ common_pid: mc-worker       [    343003], ret:         18 } hitcount:          1
{ common_pid: mc-worker       [    343001], ret:        127 } hitcount:          1
{ common_pid: mc-worker       [    343001], ret:         20 } hitcount:          1
{ common_pid: mc-worker       [    343007], ret:        156 } hitcount:          1
{ common_pid: mc-worker       [    343004], ret:        123 } hitcount:          1
{ common_pid: mc-worker       [    343008], ret:        108 } hitcount:          1
{ common_pid: mc-worker       [    343005], ret:         64 } hitcount:          1
{ common_pid: mc-worker       [    343005], ret:        127 } hitcount:          1
{ common_pid: mc-worker       [    343002], ret:         24 } hitcount:          1
{ common_pid: mc-worker       [    343005], ret:         63 } hitcount:          1
{ common_pid: mc-worker       [    343005], ret:         19 } hitcount:          1
{ common_pid: mc-worker       [    343002], ret:         45 } hitcount:          1
{ common_pid: mc-worker       [    343003], ret:        118 } hitcount:          1
{ common_pid: mc-worker       [    343006], ret:        118 } hitcount:          1
{ common_pid: mc-worker       [    343007], ret:         61 } hitcount:          1
{ common_pid: mc-worker       [    343002], ret:         18 } hitcount:          1
{ common_pid: mc-worker       [    343005], ret:         20 } hitcount:          1
{ common_pid: mc-worker       [    343003], ret:        184 } hitcount:          1
{ common_pid: mc-worker       [    343004], ret:         18 } hitcount:          1
{ common_pid: mc-worker       [    343002], ret:        222 } hitcount:          1
{ common_pid: mc-worker       [    343006], ret:        161 } hitcount:          1
{ common_pid: mc-worker       [    343002], ret:         19 } hitcount:          1
{ common_pid: mc-worker       [    343007], ret:        128 } hitcount:          1
{ common_pid: mc-worker       [    343006], ret:         26 } hitcount:          1
{ common_pid: mc-worker       [    343002], ret:         38 } hitcount:          1
{ common_pid: mc-worker       [    343007], ret:        154 } hitcount:          1
{ common_pid: mc-worker       [    343004], ret:        457 } hitcount:          1
{ common_pid: mc-worker       [    343005], ret:        114 } hitcount:          1
{ common_pid: mc-worker       [    343006], ret:         17 } hitcount:          2
{ common_pid: mc-worker       [    343008], ret:         17 } hitcount:          2
{ common_pid: mc-worker       [    343006], ret:         64 } hitcount:          2
{ common_pid: mc-worker       [    343005], ret:         18 } hitcount:          2
{ common_pid: mc-worker       [    343005], ret:         17 } hitcount:          2
{ common_pid: mc-worker       [    343002], ret:         17 } hitcount:          2
{ common_pid: mc-worker       [    343003], ret:         16 } hitcount:          2
{ common_pid: mc-worker       [    343007], ret:         18 } hitcount:          2
{ common_pid: mc-worker       [    343007], ret:         17 } hitcount:          2
{ common_pid: mc-worker       [    343003], ret:         17 } hitcount:          3
{ common_pid: mc-worker       [    343005], ret:         16 } hitcount:          4
{ common_pid: mc-worker       [    343001], ret:         18 } hitcount:          4
{ common_pid: mc-worker       [    343008], ret:         16 } hitcount:          4
{ common_pid: mc-worker       [    343006], ret:         16 } hitcount:          7
{ common_pid: mc-worker       [    343004], ret:         17 } hitcount:          8
{ common_pid: mc-worker       [    343003], ret:         15 } hitcount:          8
{ common_pid: mc-worker       [    343002], ret:         16 } hitcount:          9
{ common_pid: mc-worker       [    343001], ret:         17 } hitcount:         11
{ common_pid: mc-worker       [    343007], ret:         16 } hitcount:         12
{ common_pid: mc-worker       [    343005], ret:         15 } hitcount:         12
{ common_pid: mc-worker       [    343004], ret:         16 } hitcount:         15
{ common_pid: mc-worker       [    343001], ret:         16 } hitcount:         16
{ common_pid: mc-worker       [    343008], ret:         15 } hitcount:         19
{ common_pid: mc-worker       [    343007], ret:         15 } hitcount:         19
{ common_pid: mc-worker       [    343003], ret:         14 } hitcount:         21
{ common_pid: mc-worker       [    343006], ret:         15 } hitcount:         28
{ common_pid: mc-worker       [    343002], ret:         15 } hitcount:         34
{ common_pid: mc-worker       [    343005], ret:         14 } hitcount:         39
{ common_pid: mc-worker       [    343004], ret:         15 } hitcount:         43
{ common_pid: mc-worker       [    343001], ret:         15 } hitcount:         50
{ common_pid: mc-worker       [    343006], ret:         14 } hitcount:         51
{ common_pid: mc-worker       [    343007], ret:         14 } hitcount:         58
{ common_pid: mc-worker       [    343008], ret:         14 } hitcount:         66
{ common_pid: mc-worker       [    343003], ret:         13 } hitcount:         71
{ common_pid: mc-worker       [    343002], ret:         14 } hitcount:         72
{ common_pid: mc-worker       [    343004], ret:         14 } hitcount:         87
{ common_pid: mc-worker       [    343005], ret:         13 } hitcount:         96
{ common_pid: mc-worker       [    343001], ret:         14 } hitcount:         96
{ common_pid: mc-worker       [    343006], ret:         13 } hitcount:        134
{ common_pid: mc-worker       [    343008], ret:         13 } hitcount:        137
{ common_pid: mc-worker       [    343007], ret:         13 } hitcount:        155
{ common_pid: mc-worker       [    343002], ret:         13 } hitcount:        184
{ common_pid: mc-worker       [    343004], ret:         13 } hitcount:        189
{ common_pid: mc-worker       [    343003], ret:         12 } hitcount:        204
{ common_pid: mc-worker       [    343005], ret:         12 } hitcount:        230
{ common_pid: mc-worker       [    343001], ret:         13 } hitcount:        248
{ common_pid: mc-worker       [    343006], ret:         12 } hitcount:        334
{ common_pid: mc-worker       [    343008], ret:         12 } hitcount:        336
{ common_pid: mc-worker       [    343007], ret:         12 } hitcount:        359
{ common_pid: mc-worker       [    343002], ret:         12 } hitcount:        390
{ common_pid: mc-worker       [    343004], ret:         12 } hitcount:        457
{ common_pid: mc-worker       [    343003], ret:         11 } hitcount:        490
{ common_pid: mc-worker       [    343001], ret:         12 } hitcount:        503
{ common_pid: mc-worker       [    343005], ret:         11 } hitcount:        634
{ common_pid: mc-worker       [    343006], ret:         11 } hitcount:        764
{ common_pid: mc-worker       [    343008], ret:         11 } hitcount:        784
{ common_pid: mc-worker       [    343007], ret:         11 } hitcount:        834
{ common_pid: mc-worker       [    343002], ret:         11 } hitcount:        962
{ common_pid: mc-worker       [    343004], ret:         11 } hitcount:        968
{ common_pid: mc-worker       [    343001], ret:         11 } hitcount:       1108
{ common_pid: mc-worker       [    343003], ret:         10 } hitcount:       1127
{ common_pid: mc-worker       [    343005], ret:         10 } hitcount:       1323
{ common_pid: mc-worker       [    343006], ret:         10 } hitcount:       1592
{ common_pid: mc-worker       [    343008], ret:         10 } hitcount:       1618
{ common_pid: mc-worker       [    343007], ret:         10 } hitcount:       1691
{ common_pid: mc-worker       [    343002], ret:         10 } hitcount:       1761
{ common_pid: mc-worker       [    343004], ret:         10 } hitcount:       1891
{ common_pid: mc-worker       [    343001], ret:         10 } hitcount:       2157
{ common_pid: mc-worker       [    343003], ret:          9 } hitcount:       2208
{ common_pid: mc-worker       [    343005], ret:          9 } hitcount:       2543
{ common_pid: mc-worker       [    343006], ret:          9 } hitcount:       2891
{ common_pid: mc-worker       [    343008], ret:          9 } hitcount:       2894
{ common_pid: mc-worker       [    343007], ret:          9 } hitcount:       2986
{ common_pid: mc-worker       [    343002], ret:          9 } hitcount:       3274
{ common_pid: mc-worker       [    343004], ret:          9 } hitcount:       3352
{ common_pid: mc-worker       [    343001], ret:          9 } hitcount:       3605
{ common_pid: mc-worker       [    343003], ret:          8 } hitcount:       3788
{ common_pid: mc-worker       [    343005], ret:          8 } hitcount:       3946
{ common_pid: mc-worker       [    343008], ret:          8 } hitcount:       4419
{ common_pid: mc-worker       [    343006], ret:          8 } hitcount:       4547
{ common_pid: mc-worker       [    343007], ret:          8 } hitcount:       4569
{ common_pid: mc-worker       [    343002], ret:          8 } hitcount:       4800
{ common_pid: mc-worker       [    343004], ret:          8 } hitcount:       4925
{ common_pid: mc-worker       [    343001], ret:          8 } hitcount:       5196
{ common_pid: mc-worker       [    343003], ret:          7 } hitcount:       5931
{ common_pid: mc-worker       [    343005], ret:          7 } hitcount:       6175
{ common_pid: mc-worker       [    343008], ret:          7 } hitcount:       6535
{ common_pid: mc-worker       [    343006], ret:          7 } hitcount:       6575
{ common_pid: mc-worker       [    343002], ret:          7 } hitcount:       6739
{ common_pid: mc-worker       [    343007], ret:          7 } hitcount:       6750
{ common_pid: mc-worker       [    343004], ret:          7 } hitcount:       6881
{ common_pid: mc-worker       [    343001], ret:          7 } hitcount:       6972
{ common_pid: mc-worker       [    343003], ret:          6 } hitcount:       9024
{ common_pid: mc-worker       [    343001], ret:          6 } hitcount:       9193
{ common_pid: mc-worker       [    343005], ret:          6 } hitcount:       9197
{ common_pid: mc-worker       [    343004], ret:          6 } hitcount:       9352
{ common_pid: mc-worker       [    343007], ret:          6 } hitcount:       9383
{ common_pid: mc-worker       [    343006], ret:          6 } hitcount:       9406
{ common_pid: mc-worker       [    343002], ret:          6 } hitcount:       9472
{ common_pid: mc-worker       [    343008], ret:          6 } hitcount:       9531
{ common_pid: mc-worker       [    343001], ret:          5 } hitcount:      10737
{ common_pid: mc-worker       [    343001], ret:          4 } hitcount:      10742
{ common_pid: mc-worker       [    343004], ret:          5 } hitcount:      11105
{ common_pid: mc-worker       [    343002], ret:          5 } hitcount:      11267
{ common_pid: mc-worker       [    343007], ret:          5 } hitcount:      11300
{ common_pid: mc-worker       [    343006], ret:          5 } hitcount:      11304
{ common_pid: mc-worker       [    343008], ret:          5 } hitcount:      11352
{ common_pid: mc-worker       [    343004], ret:          4 } hitcount:      11433
{ common_pid: mc-worker       [    343002], ret:          4 } hitcount:      11580
{ common_pid: mc-worker       [    343003], ret:          5 } hitcount:      11944
{ common_pid: mc-worker       [    343005], ret:          5 } hitcount:      11967
{ common_pid: mc-worker       [    343007], ret:          4 } hitcount:      12052
{ common_pid: mc-worker       [    343008], ret:          4 } hitcount:      12272
{ common_pid: mc-worker       [    343006], ret:          4 } hitcount:      12345
{ common_pid: mc-worker       [    343002], ret:          3 } hitcount:      12942
{ common_pid: mc-worker       [    343001], ret:          3 } hitcount:      12996
{ common_pid: mc-worker       [    343004], ret:          3 } hitcount:      13032
{ common_pid: mc-worker       [    343005], ret:          4 } hitcount:      13127
{ common_pid: mc-worker       [    343003], ret:          4 } hitcount:      13365
{ common_pid: mc-worker       [    343007], ret:          3 } hitcount:      13380
{ common_pid: mc-worker       [    343008], ret:          3 } hitcount:      13437
{ common_pid: mc-worker       [    343006], ret:          3 } hitcount:      13651
{ common_pid: mc-worker       [    343005], ret:          3 } hitcount:      13930
{ common_pid: mc-worker       [    343003], ret:          3 } hitcount:      14414
{ common_pid: mc-worker       [    343003], ret:          2 } hitcount:      34169
{ common_pid: mc-worker       [    343005], ret:          2 } hitcount:      35060
{ common_pid: mc-worker       [    343008], ret:          2 } hitcount:      37228
{ common_pid: mc-worker       [    343006], ret:          2 } hitcount:      37789
{ common_pid: mc-worker       [    343007], ret:          2 } hitcount:      38815
{ common_pid: mc-worker       [    343002], ret:          2 } hitcount:      39424
{ common_pid: mc-worker       [    343004], ret:          2 } hitcount:      40517
{ common_pid: mc-worker       [    343001], ret:          2 } hitcount:      42529
{ common_pid: mc-worker       [    343003], ret:          1 } hitcount:     293845
{ common_pid: mc-worker       [    343005], ret:          1 } hitcount:     308219
{ common_pid: mc-worker       [    343006], ret:          1 } hitcount:     327161
{ common_pid: mc-worker       [    343008], ret:          1 } hitcount:     327166
{ common_pid: mc-worker       [    343007], ret:          1 } hitcount:     332495
{ common_pid: mc-worker       [    343002], ret:          1 } hitcount:     343544
{ common_pid: mc-worker       [    343004], ret:          1 } hitcount:     349937
{ common_pid: mc-worker       [    343001], ret:          1 } hitcount:     362382
