Linux 6.11.0-rc3-suspendv2 (cache-sql13432) 	08/22/2024 	_x86_64_	(64 CPU)

02:04:19 AM     CPU      %usr     %nice      %sys   %iowait    %steal      %irq     %soft    %guest    %gnice     %idle
02:04:20 AM      16      8.25      0.00     35.05      0.00      0.00      1.03     30.93      0.00      0.00     24.74
02:04:20 AM      17      8.60      0.00     32.26      0.00      0.00      1.08     33.33      0.00      0.00     24.73
02:04:20 AM      18      7.22      0.00     22.68      0.00      0.00      1.03     38.14      0.00      0.00     30.93
02:04:20 AM      19      7.45      0.00     28.72      0.00      0.00      1.06     35.11      0.00      0.00     27.66
02:04:20 AM      20      8.42      0.00     33.68      0.00      0.00      1.05     33.68      0.00      0.00     23.16
02:04:20 AM      21      8.51      0.00     34.04      0.00      0.00      1.06     35.11      0.00      0.00     21.28
02:04:20 AM      22      8.51      0.00     36.17      0.00      0.00      1.06     31.91      0.00      0.00     22.34
02:04:20 AM      23      8.51      0.00     37.23      0.00      0.00      0.00     34.04      0.00      0.00     20.21

02:04:20 AM     CPU      %usr     %nice      %sys   %iowait    %steal      %irq     %soft    %guest    %gnice     %idle
02:04:21 AM      16      9.28      0.00     31.96      0.00      0.00      0.00     29.90      0.00      0.00     28.87
02:04:21 AM      17      7.29      0.00     31.25      0.00      0.00      0.00     34.38      0.00      0.00     27.08
02:04:21 AM      18      8.42      0.00     34.74      0.00      0.00      0.00     31.58      0.00      0.00     25.26
02:04:21 AM      19      8.33      0.00     28.12      0.00      0.00      0.00     34.38      0.00      0.00     29.17
02:04:21 AM      20      7.45      0.00     31.91      0.00      0.00      0.00     34.04      0.00      0.00     26.60
02:04:21 AM      21      8.42      0.00     32.63      0.00      0.00      0.00     31.58      0.00      0.00     27.37
02:04:21 AM      22      7.29      0.00     33.33      0.00      0.00      0.00     33.33      0.00      0.00     26.04
02:04:21 AM      23      9.28      0.00     34.02      0.00      0.00      1.03     30.93      0.00      0.00     24.74

02:04:21 AM     CPU      %usr     %nice      %sys   %iowait    %steal      %irq     %soft    %guest    %gnice     %idle
02:04:22 AM      16      8.33      0.00     33.33      0.00      0.00      1.04     31.25      0.00      0.00     26.04
02:04:22 AM      17      9.38      0.00     29.17      0.00      0.00      1.04     34.38      0.00      0.00     26.04
02:04:22 AM      18      6.38      0.00     29.79      0.00      0.00      0.00     34.04      0.00      0.00     29.79
02:04:22 AM      19      8.33      0.00     29.17      0.00      0.00      1.04     34.38      0.00      0.00     27.08
02:04:22 AM      20      8.42      0.00     31.58      0.00      0.00      1.05     32.63      0.00      0.00     26.32
02:04:22 AM      21      9.28      0.00     35.05      0.00      0.00      1.03     31.96      0.00      0.00     22.68
02:04:22 AM      22      8.25      0.00     32.99      0.00      0.00      1.03     31.96      0.00      0.00     25.77
02:04:22 AM      23      9.47      0.00     32.63      0.00      0.00      0.00     32.63      0.00      0.00     25.26

02:04:22 AM     CPU      %usr     %nice      %sys   %iowait    %steal      %irq     %soft    %guest    %gnice     %idle
02:04:23 AM      16     11.58      0.00     26.32      0.00      0.00      0.00     25.26      0.00      0.00     36.84
02:04:23 AM      17      8.60      0.00     27.96      0.00      0.00      0.00     27.96      0.00      0.00     35.48
02:04:23 AM      18      8.16      0.00     29.59      0.00      0.00      1.02     27.55      0.00      0.00     33.67
02:04:23 AM      19      7.45      0.00     23.40      0.00      0.00      0.00     30.85      0.00      0.00     38.30
02:04:23 AM      20      9.18      0.00     30.61      0.00      0.00      0.00     27.55      0.00      0.00     32.65
02:04:23 AM      21      9.57      0.00     28.72      0.00      0.00      0.00     28.72      0.00      0.00     32.98
02:04:23 AM      22      9.47      0.00     28.42      0.00      0.00      0.00     28.42      0.00      0.00     33.68
02:04:23 AM      23      8.25      0.00     28.87      0.00      0.00      1.03     24.74      0.00      0.00     37.11

02:04:23 AM     CPU      %usr     %nice      %sys   %iowait    %steal      %irq     %soft    %guest    %gnice     %idle
02:04:24 AM      16      7.45      0.00     29.79      0.00      0.00      1.06     34.04      0.00      0.00     27.66
02:04:24 AM      17      9.47      0.00     30.53      0.00      0.00      0.00     29.47      0.00      0.00     30.53
02:04:24 AM      18      8.60      0.00     27.96      0.00      0.00      0.00     33.33      0.00      0.00     30.11
02:04:24 AM      19      8.33      0.00     28.12      0.00      0.00      0.00     32.29      0.00      0.00     31.25
02:04:24 AM      20      7.53      0.00     31.18      0.00      0.00      0.00     32.26      0.00      0.00     29.03
02:04:24 AM      21      9.28      0.00     31.96      0.00      0.00      1.03     29.90      0.00      0.00     27.84
02:04:24 AM      22      8.70      0.00     30.43      0.00      0.00      0.00     33.70      0.00      0.00     27.17
02:04:24 AM      23      7.37      0.00     33.68      0.00      0.00      0.00     30.53      0.00      0.00     28.42

02:04:24 AM     CPU      %usr     %nice      %sys   %iowait    %steal      %irq     %soft    %guest    %gnice     %idle
02:04:25 AM      16      9.38      0.00     32.29      0.00      0.00      0.00     32.29      0.00      0.00     26.04
02:04:25 AM      17      7.53      0.00     29.03      0.00      0.00      1.08     32.26      0.00      0.00     30.11
02:04:25 AM      18     10.42      0.00     28.12      0.00      0.00      1.04     33.33      0.00      0.00     27.08
02:04:25 AM      19      6.32      0.00     28.42      0.00      0.00      1.05     36.84      0.00      0.00     27.37
02:04:25 AM      20      7.37      0.00     31.58      0.00      0.00      1.05     35.79      0.00      0.00     24.21
02:04:25 AM      21      9.57      0.00     32.98      0.00      0.00      0.00     34.04      0.00      0.00     23.40
02:04:25 AM      22      8.51      0.00     32.98      0.00      0.00      1.06     30.85      0.00      0.00     26.60
02:04:25 AM      23      9.57      0.00     32.98      0.00      0.00      0.00     30.85      0.00      0.00     26.60

02:04:25 AM     CPU      %usr     %nice      %sys   %iowait    %steal      %irq     %soft    %guest    %gnice     %idle
02:04:26 AM      16      7.53      0.00     29.03      0.00      0.00      0.00     33.33      0.00      0.00     30.11
02:04:26 AM      17      8.51      0.00     29.79      0.00      0.00      0.00     29.79      0.00      0.00     31.91
02:04:26 AM      18      8.51      0.00     30.85      0.00      0.00      0.00     28.72      0.00      0.00     31.91
02:04:26 AM      19      8.60      0.00     27.96      0.00      0.00      0.00     32.26      0.00      0.00     31.18
02:04:26 AM      20      8.33      0.00     31.25      0.00      0.00      0.00     31.25      0.00      0.00     29.17
02:04:26 AM      21      8.42      0.00     30.53      0.00      0.00      0.00     31.58      0.00      0.00     29.47
02:04:26 AM      22      7.37      0.00     30.53      0.00      0.00      0.00     31.58      0.00      0.00     30.53
02:04:26 AM      23     10.53      0.00     29.47      0.00      0.00      1.05     27.37      0.00      0.00     31.58

02:04:26 AM     CPU      %usr     %nice      %sys   %iowait    %steal      %irq     %soft    %guest    %gnice     %idle
02:04:27 AM      16      8.33      0.00     34.38      0.00      0.00      1.04     31.25      0.00      0.00     25.00
02:04:27 AM      17      9.28      0.00     29.90      0.00      0.00      1.03     32.99      0.00      0.00     26.80
02:04:27 AM      18      8.33      0.00     32.29      0.00      0.00      1.04     32.29      0.00      0.00     26.04
02:04:27 AM      19      6.19      0.00     26.80      0.00      0.00      1.03     37.11      0.00      0.00     28.87
02:04:27 AM      20      8.33      0.00     31.25      0.00      0.00      1.04     33.33      0.00      0.00     26.04
02:04:27 AM      21      6.38      0.00     35.11      0.00      0.00      1.06     32.98      0.00      0.00     24.47
02:04:27 AM      22      8.33      0.00     35.42      0.00      0.00      1.04     33.33      0.00      0.00     21.88
02:04:27 AM      23      9.38      0.00     35.42      0.00      0.00      0.00     32.29      0.00      0.00     22.92

02:04:27 AM     CPU      %usr     %nice      %sys   %iowait    %steal      %irq     %soft    %guest    %gnice     %idle
02:04:28 AM      16      7.37      0.00     33.68      0.00      0.00      0.00     33.68      0.00      0.00     25.26
02:04:28 AM      17      9.38      0.00     33.33      0.00      0.00      0.00     32.29      0.00      0.00     25.00
02:04:28 AM      18      6.32      0.00     28.42      0.00      0.00      0.00     38.95      0.00      0.00     26.32
02:04:28 AM      19      8.60      0.00     32.26      0.00      0.00      0.00     34.41      0.00      0.00     24.73
02:04:28 AM      20      8.51      0.00     31.91      0.00      0.00      0.00     35.11      0.00      0.00     24.47
02:04:28 AM      21      9.47      0.00     29.47      0.00      0.00      0.00     35.79      0.00      0.00     25.26
02:04:28 AM      22     10.64      0.00     31.91      0.00      0.00      0.00     31.91      0.00      0.00     25.53
02:04:28 AM      23     10.53      0.00     34.74      0.00      0.00      1.05     31.58      0.00      0.00     22.11

02:04:28 AM     CPU      %usr     %nice      %sys   %iowait    %steal      %irq     %soft    %guest    %gnice     %idle
02:04:29 AM      16      9.38      0.00     31.25      0.00      0.00      1.04     30.21      0.00      0.00     28.12
02:04:29 AM      17      8.33      0.00     29.17      0.00      0.00      1.04     31.25      0.00      0.00     30.21
02:04:29 AM      18      7.53      0.00     30.11      0.00      0.00      0.00     31.18      0.00      0.00     31.18
02:04:29 AM      19      7.37      0.00     25.26      0.00      0.00      1.05     33.68      0.00      0.00     32.63
02:04:29 AM      20      9.18      0.00     33.67      0.00      0.00      1.02     29.59      0.00      0.00     26.53
02:04:29 AM      21      9.28      0.00     30.93      0.00      0.00      1.03     32.99      0.00      0.00     25.77
02:04:29 AM      22      8.33      0.00     30.21      0.00      0.00      1.04     32.29      0.00      0.00     28.12
02:04:29 AM      23      8.51      0.00     30.85      0.00      0.00      0.00     28.72      0.00      0.00     31.91

Average:        CPU      %usr     %nice      %sys   %iowait    %steal      %irq     %soft    %guest    %gnice     %idle
Average:         16      8.69      0.00     31.73      0.00      0.00      0.52     31.20      0.00      0.00     27.85
Average:         17      8.64      0.00     30.24      0.00      0.00      0.53     31.82      0.00      0.00     28.77
Average:         18      7.99      0.00     29.44      0.00      0.00      0.42     32.91      0.00      0.00     29.23
Average:         19      7.69      0.00     27.82      0.00      0.00      0.53     34.14      0.00      0.00     29.82
Average:         20      8.28      0.00     31.87      0.00      0.00      0.52     32.49      0.00      0.00     26.83
Average:         21      8.82      0.00     32.14      0.00      0.00      0.53     32.46      0.00      0.00     26.05
Average:         22      8.54      0.00     32.24      0.00      0.00      0.53     31.93      0.00      0.00     26.77
Average:         23      9.14      0.00     32.98      0.00      0.00      0.42     30.36      0.00      0.00     27.10
