Linux 6.11.0-rc3-suspendv2 (cache-sql13432) 	08/22/2024 	_x86_64_	(64 CPU)

05:22:08 AM     CPU      %usr     %nice      %sys   %iowait    %steal      %irq     %soft    %guest    %gnice     %idle
05:22:09 AM      16     17.00      0.00     82.00      0.00      0.00      0.00      1.00      0.00      0.00      0.00
05:22:09 AM      17     19.00      0.00     80.00      0.00      0.00      1.00      0.00      0.00      0.00      0.00
05:22:09 AM      18     17.00      0.00     83.00      0.00      0.00      0.00      0.00      0.00      0.00      0.00
05:22:09 AM      19     17.65      0.00     81.37      0.00      0.00      0.00      0.98      0.00      0.00      0.00
05:22:09 AM      20     14.14      0.00     85.86      0.00      0.00      0.00      0.00      0.00      0.00      0.00
05:22:09 AM      21     15.84      0.00     83.17      0.00      0.00      0.99      0.00      0.00      0.00      0.00
05:22:09 AM      22     16.00      0.00     83.00      0.00      0.00      1.00      0.00      0.00      0.00      0.00
05:22:09 AM      23     17.00      0.00     83.00      0.00      0.00      0.00      0.00      0.00      0.00      0.00

05:22:09 AM     CPU      %usr     %nice      %sys   %iowait    %steal      %irq     %soft    %guest    %gnice     %idle
05:22:10 AM      16     18.00      0.00     81.00      0.00      0.00      1.00      0.00      0.00      0.00      0.00
05:22:10 AM      17     16.00      0.00     84.00      0.00      0.00      0.00      0.00      0.00      0.00      0.00
05:22:10 AM      18     16.00      0.00     83.00      0.00      0.00      1.00      0.00      0.00      0.00      0.00
05:22:10 AM      19     17.17      0.00     81.82      0.00      0.00      1.01      0.00      0.00      0.00      0.00
05:22:10 AM      20     17.65      0.00     80.39      0.00      0.00      0.98      0.98      0.00      0.00      0.00
05:22:10 AM      21     15.15      0.00     84.85      0.00      0.00      0.00      0.00      0.00      0.00      0.00
05:22:10 AM      22     15.00      0.00     85.00      0.00      0.00      0.00      0.00      0.00      0.00      0.00
05:22:10 AM      23     14.85      0.00     83.17      0.00      0.00      0.99      0.99      0.00      0.00      0.00

05:22:10 AM     CPU      %usr     %nice      %sys   %iowait    %steal      %irq     %soft    %guest    %gnice     %idle
05:22:11 AM      16     17.00      0.00     83.00      0.00      0.00      0.00      0.00      0.00      0.00      0.00
05:22:11 AM      17     14.14      0.00     84.85      0.00      0.00      1.01      0.00      0.00      0.00      0.00
05:22:11 AM      18     16.33      0.00     83.67      0.00      0.00      0.00      0.00      0.00      0.00      0.00
05:22:11 AM      19     17.00      0.00     83.00      0.00      0.00      0.00      0.00      0.00      0.00      0.00
05:22:11 AM      20     16.00      0.00     84.00      0.00      0.00      0.00      0.00      0.00      0.00      0.00
05:22:11 AM      21     16.00      0.00     83.00      0.00      0.00      1.00      0.00      0.00      0.00      0.00
05:22:11 AM      22     16.00      0.00     83.00      0.00      0.00      0.00      1.00      0.00      0.00      0.00
05:22:11 AM      23     16.00      0.00     84.00      0.00      0.00      0.00      0.00      0.00      0.00      0.00

05:22:11 AM     CPU      %usr     %nice      %sys   %iowait    %steal      %irq     %soft    %guest    %gnice     %idle
05:22:12 AM      16     17.00      0.00     82.00      0.00      0.00      1.00      0.00      0.00      0.00      0.00
05:22:12 AM      17     15.84      0.00     83.17      0.00      0.00      0.00      0.99      0.00      0.00      0.00
05:22:12 AM      18     16.67      0.00     81.37      0.00      0.00      0.98      0.98      0.00      0.00      0.00
05:22:12 AM      19     16.00      0.00     83.00      0.00      0.00      1.00      0.00      0.00      0.00      0.00
05:22:12 AM      20     17.00      0.00     82.00      0.00      0.00      1.00      0.00      0.00      0.00      0.00
05:22:12 AM      21     16.16      0.00     83.84      0.00      0.00      0.00      0.00      0.00      0.00      0.00
05:22:12 AM      22     16.83      0.00     82.18      0.00      0.00      0.99      0.00      0.00      0.00      0.00
05:22:12 AM      23     16.16      0.00     82.83      0.00      0.00      1.01      0.00      0.00      0.00      0.00

05:22:12 AM     CPU      %usr     %nice      %sys   %iowait    %steal      %irq     %soft    %guest    %gnice     %idle
05:22:13 AM      16     13.13      0.00     86.87      0.00      0.00      0.00      0.00      0.00      0.00      0.00
05:22:13 AM      17     17.00      0.00     82.00      0.00      0.00      1.00      0.00      0.00      0.00      0.00
05:22:13 AM      18     18.00      0.00     82.00      0.00      0.00      0.00      0.00      0.00      0.00      0.00
05:22:13 AM      19     16.16      0.00     83.84      0.00      0.00      0.00      0.00      0.00      0.00      0.00
05:22:13 AM      20     17.00      0.00     82.00      0.00      0.00      1.00      0.00      0.00      0.00      0.00
05:22:13 AM      21     18.81      0.00     80.20      0.00      0.00      0.00      0.99      0.00      0.00      0.00
05:22:13 AM      22     17.17      0.00     82.83      0.00      0.00      0.00      0.00      0.00      0.00      0.00
05:22:13 AM      23     18.00      0.00     82.00      0.00      0.00      0.00      0.00      0.00      0.00      0.00

05:22:13 AM     CPU      %usr     %nice      %sys   %iowait    %steal      %irq     %soft    %guest    %gnice     %idle
05:22:14 AM      16     16.00      0.00     83.00      0.00      0.00      1.00      0.00      0.00      0.00      0.00
05:22:14 AM      17     16.16      0.00     83.84      0.00      0.00      0.00      0.00      0.00      0.00      0.00
05:22:14 AM      18     16.00      0.00     83.00      0.00      0.00      1.00      0.00      0.00      0.00      0.00
05:22:14 AM      19     16.83      0.00     82.18      0.00      0.00      0.99      0.00      0.00      0.00      0.00
05:22:14 AM      20     16.16      0.00     83.84      0.00      0.00      0.00      0.00      0.00      0.00      0.00
05:22:14 AM      21     16.00      0.00     83.00      0.00      0.00      1.00      0.00      0.00      0.00      0.00
05:22:14 AM      22     16.83      0.00     82.18      0.00      0.00      0.99      0.00      0.00      0.00      0.00
05:22:14 AM      23     18.81      0.00     80.20      0.00      0.00      0.99      0.00      0.00      0.00      0.00

05:22:14 AM     CPU      %usr     %nice      %sys   %iowait    %steal      %irq     %soft    %guest    %gnice     %idle
05:22:15 AM      16     16.83      0.00     82.18      0.00      0.00      0.00      0.99      0.00      0.00      0.00
05:22:15 AM      17     16.83      0.00     81.19      0.00      0.00      0.99      0.99      0.00      0.00      0.00
05:22:15 AM      18     16.00      0.00     84.00      0.00      0.00      0.00      0.00      0.00      0.00      0.00
05:22:15 AM      19     16.00      0.00     83.00      0.00      0.00      0.00      1.00      0.00      0.00      0.00
05:22:15 AM      20     16.00      0.00     83.00      0.00      0.00      1.00      0.00      0.00      0.00      0.00
05:22:15 AM      21     17.17      0.00     82.83      0.00      0.00      0.00      0.00      0.00      0.00      0.00
05:22:15 AM      22     15.15      0.00     84.85      0.00      0.00      0.00      0.00      0.00      0.00      0.00
05:22:15 AM      23     14.14      0.00     85.86      0.00      0.00      0.00      0.00      0.00      0.00      0.00

05:22:15 AM     CPU      %usr     %nice      %sys   %iowait    %steal      %irq     %soft    %guest    %gnice     %idle
05:22:16 AM      16     17.00      0.00     83.00      0.00      0.00      0.00      0.00      0.00      0.00      0.00
05:22:16 AM      17     15.00      0.00     85.00      0.00      0.00      0.00      0.00      0.00      0.00      0.00
05:22:16 AM      18     15.15      0.00     83.84      0.00      0.00      1.01      0.00      0.00      0.00      0.00
05:22:16 AM      19     15.84      0.00     83.17      0.00      0.00      0.99      0.00      0.00      0.00      0.00
05:22:16 AM      20     16.00      0.00     83.00      0.00      0.00      0.00      1.00      0.00      0.00      0.00
05:22:16 AM      21     16.83      0.00     82.18      0.00      0.00      0.99      0.00      0.00      0.00      0.00
05:22:16 AM      22     17.00      0.00     82.00      0.00      0.00      1.00      0.00      0.00      0.00      0.00
05:22:16 AM      23     17.00      0.00     82.00      0.00      0.00      1.00      0.00      0.00      0.00      0.00

05:22:16 AM     CPU      %usr     %nice      %sys   %iowait    %steal      %irq     %soft    %guest    %gnice     %idle
05:22:17 AM      16     18.00      0.00     81.00      0.00      0.00      1.00      0.00      0.00      0.00      0.00
05:22:17 AM      17     16.16      0.00     82.83      0.00      0.00      1.01      0.00      0.00      0.00      0.00
05:22:17 AM      18     16.00      0.00     83.00      0.00      0.00      0.00      1.00      0.00      0.00      0.00
05:22:17 AM      19     16.16      0.00     83.84      0.00      0.00      0.00      0.00      0.00      0.00      0.00
05:22:17 AM      20     16.83      0.00     82.18      0.00      0.00      0.99      0.00      0.00      0.00      0.00
05:22:17 AM      21     16.16      0.00     83.84      0.00      0.00      0.00      0.00      0.00      0.00      0.00
05:22:17 AM      22     16.00      0.00     84.00      0.00      0.00      0.00      0.00      0.00      0.00      0.00
05:22:17 AM      23     16.00      0.00     84.00      0.00      0.00      0.00      0.00      0.00      0.00      0.00

05:22:17 AM     CPU      %usr     %nice      %sys   %iowait    %steal      %irq     %soft    %guest    %gnice     %idle
05:22:18 AM      16     16.16      0.00     83.84      0.00      0.00      0.00      0.00      0.00      0.00      0.00
05:22:18 AM      17     14.85      0.00     84.16      0.00      0.00      0.00      0.99      0.00      0.00      0.00
05:22:18 AM      18     13.86      0.00     85.15      0.00      0.00      0.99      0.00      0.00      0.00      0.00
05:22:18 AM      19     16.00      0.00     83.00      0.00      0.00      1.00      0.00      0.00      0.00      0.00
05:22:18 AM      20     17.17      0.00     82.83      0.00      0.00      0.00      0.00      0.00      0.00      0.00
05:22:18 AM      21     13.86      0.00     85.15      0.00      0.00      0.99      0.00      0.00      0.00      0.00
05:22:18 AM      22     15.84      0.00     82.18      0.00      0.00      0.99      0.99      0.00      0.00      0.00
05:22:18 AM      23     16.00      0.00     83.00      0.00      0.00      1.00      0.00      0.00      0.00      0.00

Average:        CPU      %usr     %nice      %sys   %iowait    %steal      %irq     %soft    %guest    %gnice     %idle
Average:         16     16.62      0.00     82.78      0.00      0.00      0.40      0.20      0.00      0.00      0.00
Average:         17     16.10      0.00     83.10      0.00      0.00      0.50      0.30      0.00      0.00      0.00
Average:         18     16.10      0.00     83.20      0.00      0.00      0.50      0.20      0.00      0.00      0.00
Average:         19     16.48      0.00     82.82      0.00      0.00      0.50      0.20      0.00      0.00      0.00
Average:         20     16.40      0.00     82.90      0.00      0.00      0.50      0.20      0.00      0.00      0.00
Average:         21     16.20      0.00     83.20      0.00      0.00      0.50      0.10      0.00      0.00      0.00
Average:         22     16.18      0.00     83.12      0.00      0.00      0.50      0.20      0.00      0.00      0.00
Average:         23     16.40      0.00     83.00      0.00      0.00      0.50      0.10      0.00      0.00      0.00
