Linux 6.11.0-rc3-suspendv2 (cache-sql13432) 	08/22/2024 	_x86_64_	(64 CPU)

12:10:22 AM     CPU      %usr     %nice      %sys   %iowait    %steal      %irq     %soft    %guest    %gnice     %idle
12:10:23 AM      16     13.68      0.00     69.47      0.00      0.00      0.00      4.21      0.00      0.00     12.63
12:10:23 AM      17     11.46      0.00     60.42      0.00      0.00      1.04      6.25      0.00      0.00     20.83
12:10:23 AM      18     12.50      0.00     62.50      0.00      0.00      0.00      6.25      0.00      0.00     18.75
12:10:23 AM      19     16.16      0.00     71.72      0.00      0.00      1.01      3.03      0.00      0.00      8.08
12:10:23 AM      20     16.49      0.00     73.20      0.00      0.00      0.00      3.09      0.00      0.00      7.22
12:10:23 AM      21     14.89      0.00     68.09      0.00      0.00      1.06      4.26      0.00      0.00     11.70
12:10:23 AM      22     15.62      0.00     57.29      0.00      0.00      0.00      6.25      0.00      0.00     20.83
12:10:23 AM      23     12.37      0.00     61.86      0.00      0.00      1.03      5.15      0.00      0.00     19.59

12:10:23 AM     CPU      %usr     %nice      %sys   %iowait    %steal      %irq     %soft    %guest    %gnice     %idle
12:10:24 AM      16     12.50      0.00     67.71      0.00      0.00      1.04      5.21      0.00      0.00     13.54
12:10:24 AM      17     13.33      0.00     58.89      0.00      0.00      0.00      5.56      0.00      0.00     22.22
12:10:24 AM      18     12.77      0.00     62.77      0.00      0.00      0.00      5.32      0.00      0.00     19.15
12:10:24 AM      19     14.74      0.00     75.79      0.00      0.00      0.00      2.11      0.00      0.00      7.37
12:10:24 AM      20     15.15      0.00     74.75      0.00      0.00      1.01      2.02      0.00      0.00      7.07
12:10:24 AM      21     13.98      0.00     68.82      0.00      0.00      0.00      4.30      0.00      0.00     12.90
12:10:24 AM      22     14.13      0.00     59.78      0.00      0.00      0.00      5.43      0.00      0.00     20.65
12:10:24 AM      23     12.63      0.00     63.16      0.00      0.00      0.00      5.26      0.00      0.00     18.95

12:10:24 AM     CPU      %usr     %nice      %sys   %iowait    %steal      %irq     %soft    %guest    %gnice     %idle
12:10:25 AM      16     13.04      0.00     68.48      0.00      0.00      0.00      4.35      0.00      0.00     14.13
12:10:25 AM      17     11.34      0.00     60.82      0.00      0.00      0.00      6.19      0.00      0.00     21.65
12:10:25 AM      18     13.54      0.00     60.42      0.00      0.00      1.04      6.25      0.00      0.00     18.75
12:10:25 AM      19     15.31      0.00     72.45      0.00      0.00      1.02      3.06      0.00      0.00      8.16
12:10:25 AM      20     12.37      0.00     77.32      0.00      0.00      0.00      3.09      0.00      0.00      7.22
12:10:25 AM      21     12.24      0.00     70.41      0.00      0.00      1.02      4.08      0.00      0.00     12.24
12:10:25 AM      22     14.43      0.00     58.76      0.00      0.00      1.03      6.19      0.00      0.00     19.59
12:10:25 AM      23     11.70      0.00     63.83      0.00      0.00      0.00      5.32      0.00      0.00     19.15

12:10:25 AM     CPU      %usr     %nice      %sys   %iowait    %steal      %irq     %soft    %guest    %gnice     %idle
12:10:26 AM      16     12.77      0.00     69.15      0.00      0.00      0.00      4.26      0.00      0.00     13.83
12:10:26 AM      17     13.83      0.00     57.45      0.00      0.00      1.06      6.38      0.00      0.00     21.28
12:10:26 AM      18     14.89      0.00     59.57      0.00      0.00      0.00      6.38      0.00      0.00     19.15
12:10:26 AM      19     14.43      0.00     74.23      0.00      0.00      0.00      3.09      0.00      0.00      8.25
12:10:26 AM      20     16.16      0.00     73.74      0.00      0.00      1.01      2.02      0.00      0.00      7.07
12:10:26 AM      21     14.43      0.00     69.07      0.00      0.00      0.00      4.12      0.00      0.00     12.37
12:10:26 AM      22     12.77      0.00     60.64      0.00      0.00      0.00      6.38      0.00      0.00     20.21
12:10:26 AM      23     14.43      0.00     60.82      0.00      0.00      1.03      5.15      0.00      0.00     18.56

12:10:26 AM     CPU      %usr     %nice      %sys   %iowait    %steal      %irq     %soft    %guest    %gnice     %idle
12:10:27 AM      16     13.00      0.00     68.00      0.00      0.00      1.00      5.00      0.00      0.00     13.00
12:10:27 AM      17     11.83      0.00     61.29      0.00      0.00      0.00      5.38      0.00      0.00     21.51
12:10:27 AM      18     14.89      0.00     60.64      0.00      0.00      1.06      5.32      0.00      0.00     18.09
12:10:27 AM      19     13.40      0.00     75.26      0.00      0.00      0.00      3.09      0.00      0.00      8.25
12:10:27 AM      20     14.74      0.00     74.74      0.00      0.00      0.00      3.16      0.00      0.00      7.37
12:10:27 AM      21     13.33      0.00     71.11      0.00      0.00      0.00      3.33      0.00      0.00     12.22
12:10:27 AM      22     11.70      0.00     59.57      0.00      0.00      1.06      6.38      0.00      0.00     21.28
12:10:27 AM      23     12.63      0.00     62.11      0.00      0.00      0.00      5.26      0.00      0.00     20.00

12:10:27 AM     CPU      %usr     %nice      %sys   %iowait    %steal      %irq     %soft    %guest    %gnice     %idle
12:10:28 AM      16     14.13      0.00     67.39      0.00      0.00      0.00      4.35      0.00      0.00     14.13
12:10:28 AM      17     13.27      0.00     59.18      0.00      0.00      1.02      6.12      0.00      0.00     20.41
12:10:28 AM      18     13.83      0.00     60.64      0.00      0.00      0.00      6.38      0.00      0.00     19.15
12:10:28 AM      19     13.40      0.00     74.23      0.00      0.00      1.03      3.09      0.00      0.00      8.25
12:10:28 AM      20     15.46      0.00     74.23      0.00      0.00      1.03      2.06      0.00      0.00      7.22
12:10:28 AM      21     13.13      0.00     68.69      0.00      0.00      1.01      4.04      0.00      0.00     13.13
12:10:28 AM      22     12.90      0.00     60.22      0.00      0.00      0.00      6.45      0.00      0.00     20.43
12:10:28 AM      23     13.83      0.00     61.70      0.00      0.00      0.00      5.32      0.00      0.00     19.15

12:10:28 AM     CPU      %usr     %nice      %sys   %iowait    %steal      %irq     %soft    %guest    %gnice     %idle
12:10:29 AM      16     14.43      0.00     67.01      0.00      0.00      1.03      4.12      0.00      0.00     13.40
12:10:29 AM      17     13.54      0.00     58.33      0.00      0.00      0.00      6.25      0.00      0.00     21.88
12:10:29 AM      18     11.46      0.00     62.50      0.00      0.00      0.00      6.25      0.00      0.00     19.79
12:10:29 AM      19     14.74      0.00     75.79      0.00      0.00      0.00      2.11      0.00      0.00      7.37
12:10:29 AM      20     15.31      0.00     74.49      0.00      0.00      0.00      3.06      0.00      0.00      7.14
12:10:29 AM      21     15.79      0.00     68.42      0.00      0.00      0.00      4.21      0.00      0.00     11.58
12:10:29 AM      22     12.90      0.00     59.14      0.00      0.00      0.00      6.45      0.00      0.00     21.51
12:10:29 AM      23     11.58      0.00     62.11      0.00      0.00      1.05      5.26      0.00      0.00     20.00

12:10:29 AM     CPU      %usr     %nice      %sys   %iowait    %steal      %irq     %soft    %guest    %gnice     %idle
12:10:30 AM      16     11.83      0.00     69.89      0.00      0.00      0.00      4.30      0.00      0.00     13.98
12:10:30 AM      17     13.68      0.00     58.95      0.00      0.00      0.00      5.26      0.00      0.00     22.11
12:10:30 AM      18     13.54      0.00     61.46      0.00      0.00      1.04      5.21      0.00      0.00     18.75
12:10:30 AM      19     13.13      0.00     74.75      0.00      0.00      1.01      3.03      0.00      0.00      8.08
12:10:30 AM      20     14.74      0.00     74.74      0.00      0.00      0.00      3.16      0.00      0.00      7.37
12:10:30 AM      21     13.27      0.00     68.37      0.00      0.00      1.02      4.08      0.00      0.00     13.27
12:10:30 AM      22     14.43      0.00     58.76      0.00      0.00      1.03      6.19      0.00      0.00     19.59
12:10:30 AM      23     13.68      0.00     61.05      0.00      0.00      0.00      5.26      0.00      0.00     20.00

12:10:30 AM     CPU      %usr     %nice      %sys   %iowait    %steal      %irq     %soft    %guest    %gnice     %idle
12:10:31 AM      16     13.54      0.00     66.67      0.00      0.00      1.04      5.21      0.00      0.00     13.54
12:10:31 AM      17     12.24      0.00     60.20      0.00      0.00      1.02      6.12      0.00      0.00     20.41
12:10:31 AM      18     13.68      0.00     61.05      0.00      0.00      0.00      6.32      0.00      0.00     18.95
12:10:31 AM      19     13.40      0.00     75.26      0.00      0.00      0.00      3.09      0.00      0.00      8.25
12:10:31 AM      20     14.14      0.00     75.76      0.00      0.00      1.01      2.02      0.00      0.00      7.07
12:10:31 AM      21     14.58      0.00     69.79      0.00      0.00      0.00      4.17      0.00      0.00     11.46
12:10:31 AM      22     12.77      0.00     59.57      0.00      0.00      0.00      6.38      0.00      0.00     21.28
12:10:31 AM      23     13.40      0.00     61.86      0.00      0.00      1.03      5.15      0.00      0.00     18.56

12:10:31 AM     CPU      %usr     %nice      %sys   %iowait    %steal      %irq     %soft    %guest    %gnice     %idle
12:10:32 AM      16     13.04      0.00     68.48      0.00      0.00      0.00      4.35      0.00      0.00     14.13
12:10:32 AM      17     11.70      0.00     59.57      0.00      0.00      0.00      6.38      0.00      0.00     22.34
12:10:32 AM      18     13.54      0.00     60.42      0.00      0.00      1.04      6.25      0.00      0.00     18.75
12:10:32 AM      19     15.31      0.00     72.45      0.00      0.00      1.02      3.06      0.00      0.00      8.16
12:10:32 AM      20     13.40      0.00     75.26      0.00      0.00      0.00      3.09      0.00      0.00      8.25
12:10:32 AM      21     14.29      0.00     68.37      0.00      0.00      1.02      4.08      0.00      0.00     12.24
12:10:32 AM      22     13.68      0.00     57.89      0.00      0.00      1.05      6.32      0.00      0.00     21.05
12:10:32 AM      23     11.96      0.00     63.04      0.00      0.00      0.00      5.43      0.00      0.00     19.57

Average:        CPU      %usr     %nice      %sys   %iowait    %steal      %irq     %soft    %guest    %gnice     %idle
Average:         16     13.20      0.00     68.22      0.00      0.00      0.42      4.54      0.00      0.00     13.62
Average:         17     12.62      0.00     59.52      0.00      0.00      0.42      5.99      0.00      0.00     21.45
Average:         18     13.46      0.00     61.20      0.00      0.00      0.42      5.99      0.00      0.00     18.93
Average:         19     14.40      0.00     74.18      0.00      0.00      0.51      2.88      0.00      0.00      8.02
Average:         20     14.80      0.00     74.82      0.00      0.00      0.41      2.67      0.00      0.00      7.30
Average:         21     13.99      0.00     69.10      0.00      0.00      0.52      4.07      0.00      0.00     12.32
Average:         22     13.54      0.00     59.15      0.00      0.00      0.42      6.24      0.00      0.00     20.63
Average:         23     12.83      0.00     62.15      0.00      0.00      0.42      5.26      0.00      0.00     19.35
