Linux 6.11.0-rc3-suspendv2 (cache-sql13432) 	08/23/2024 	_x86_64_	(64 CPU)

12:20:27 PM     CPU      %usr     %nice      %sys   %iowait    %steal      %irq     %soft    %guest    %gnice     %idle
12:20:28 PM      16      7.84      0.00     52.94      0.00      0.00      0.98     38.24      0.00      0.00      0.00
12:20:28 PM      17     11.88      0.00     61.39      0.00      0.00      0.99     25.74      0.00      0.00      0.00
12:20:28 PM      18     10.89      0.00     66.34      0.00      0.00      0.99     21.78      0.00      0.00      0.00
12:20:28 PM      19     11.00      0.00     62.00      0.00      0.00      1.00     26.00      0.00      0.00      0.00
12:20:28 PM      20     14.14      0.00     65.66      0.00      0.00      0.00     20.20      0.00      0.00      0.00
12:20:28 PM      21     14.71      0.00     63.73      0.00      0.00      0.98     15.69      0.00      0.00      4.90
12:20:28 PM      22      8.00      0.00     41.00      0.00      0.00      0.00     29.00      0.00      0.00     22.00
12:20:28 PM      23     12.00      0.00     68.00      0.00      0.00      1.00     19.00      0.00      0.00      0.00

12:20:28 PM     CPU      %usr     %nice      %sys   %iowait    %steal      %irq     %soft    %guest    %gnice     %idle
12:20:29 PM      16      4.04      0.00     29.29      0.00      0.00      0.00     58.59      0.00      0.00      8.08
12:20:29 PM      17     12.12      0.00     58.59      0.00      0.00      0.00     21.21      0.00      0.00      8.08
12:20:29 PM      18     15.00      0.00     58.00      0.00      0.00      0.00     15.00      0.00      0.00     12.00
12:20:29 PM      19      8.00      0.00     47.00      0.00      0.00      0.00     43.00      0.00      0.00      2.00
12:20:29 PM      20     20.79      0.00     68.32      0.00      0.00      0.99      8.91      0.00      0.00      0.99
12:20:29 PM      21     11.11      0.00     43.43      0.00      0.00      0.00     42.42      0.00      0.00      3.03
12:20:29 PM      22      7.07      0.00     38.38      0.00      0.00      1.01     47.47      0.00      0.00      6.06
12:20:29 PM      23     14.14      0.00     51.52      0.00      0.00      0.00     18.18      0.00      0.00     16.16

12:20:29 PM     CPU      %usr     %nice      %sys   %iowait    %steal      %irq     %soft    %guest    %gnice     %idle
12:20:30 PM      16      5.00      0.00     37.00      0.00      0.00      1.00     57.00      0.00      0.00      0.00
12:20:30 PM      17     11.11      0.00     66.67      0.00      0.00      1.01     21.21      0.00      0.00      0.00
12:20:30 PM      18     28.00      0.00     71.00      0.00      0.00      1.00      0.00      0.00      0.00      0.00
12:20:30 PM      19      3.00      0.00     26.00      0.00      0.00      1.00     70.00      0.00      0.00      0.00
12:20:30 PM      20     25.51      0.00     72.45      0.00      0.00      0.00      2.04      0.00      0.00      0.00
12:20:30 PM      21      1.98      0.00     27.72      0.00      0.00      0.99     67.33      0.00      0.00      1.98
12:20:30 PM      22     11.88      0.00     66.34      0.00      0.00      0.00     20.79      0.00      0.00      0.99
12:20:30 PM      23      8.00      0.00     45.00      0.00      0.00      1.00     44.00      0.00      0.00      2.00

12:20:30 PM     CPU      %usr     %nice      %sys   %iowait    %steal      %irq     %soft    %guest    %gnice     %idle
12:20:31 PM      16      6.06      0.00     35.35      0.00      0.00      0.00     56.57      0.00      0.00      2.02
12:20:31 PM      17      5.94      0.00     52.48      0.00      0.00      0.99     38.61      0.00      0.00      1.98
12:20:31 PM      18     30.30      0.00     68.69      0.00      0.00      0.00      0.00      0.00      0.00      1.01
12:20:31 PM      19      1.01      0.00     27.27      0.00      0.00      0.00     70.71      0.00      0.00      1.01
12:20:31 PM      20      7.84      0.00     50.00      0.00      0.00      0.98     40.20      0.00      0.00      0.98
12:20:31 PM      21      7.07      0.00     37.37      0.00      0.00      0.00     54.55      0.00      0.00      1.01
12:20:31 PM      22     23.00      0.00     69.00      0.00      0.00      1.00      7.00      0.00      0.00      0.00
12:20:31 PM      23      7.92      0.00     36.63      0.00      0.00      0.99     52.48      0.00      0.00      1.98

12:20:31 PM     CPU      %usr     %nice      %sys   %iowait    %steal      %irq     %soft    %guest    %gnice     %idle
12:20:32 PM      16     14.85      0.00     56.44      0.00      0.00      0.99     25.74      0.00      0.00      1.98
12:20:32 PM      17      7.07      0.00     43.43      0.00      0.00      0.00     49.49      0.00      0.00      0.00
12:20:32 PM      18     21.00      0.00     65.00      0.00      0.00      1.00     13.00      0.00      0.00      0.00
12:20:32 PM      19      3.00      0.00     28.00      0.00      0.00      1.00     63.00      0.00      0.00      5.00
12:20:32 PM      20      7.14      0.00     46.94      0.00      0.00      0.00     43.88      0.00      0.00      2.04
12:20:32 PM      21      4.95      0.00     33.66      0.00      0.00      0.99     55.45      0.00      0.00      4.95
12:20:32 PM      22     16.00      0.00     69.00      0.00      0.00      0.00     15.00      0.00      0.00      0.00
12:20:32 PM      23     11.22      0.00     50.00      0.00      0.00      0.00     37.76      0.00      0.00      1.02

12:20:32 PM     CPU      %usr     %nice      %sys   %iowait    %steal      %irq     %soft    %guest    %gnice     %idle
12:20:33 PM      16     23.00      0.00     75.00      0.00      0.00      0.00      1.00      0.00      0.00      1.00
12:20:33 PM      17      4.85      0.00     34.95      0.00      0.00      0.97     57.28      0.00      0.00      1.94
12:20:33 PM      18      8.00      0.00     52.00      0.00      0.00      0.00     40.00      0.00      0.00      0.00
12:20:33 PM      19      7.00      0.00     41.00      0.00      0.00      0.00     51.00      0.00      0.00      1.00
12:20:33 PM      20      8.91      0.00     53.47      0.00      0.00      0.99     36.63      0.00      0.00      0.00
12:20:33 PM      21      2.04      0.00     26.53      0.00      0.00      0.00     65.31      0.00      0.00      6.12
12:20:33 PM      22     10.89      0.00     68.32      0.00      0.00      0.99     18.81      0.00      0.00      0.99
12:20:33 PM      23      8.91      0.00     48.51      0.00      0.00      0.99     40.59      0.00      0.00      0.99

12:20:33 PM     CPU      %usr     %nice      %sys   %iowait    %steal      %irq     %soft    %guest    %gnice     %idle
12:20:34 PM      16      9.00      0.00     59.00      0.00      0.00      1.00     31.00      0.00      0.00      0.00
12:20:34 PM      17      7.07      0.00     47.47      0.00      0.00      0.00     44.44      0.00      0.00      1.01
12:20:34 PM      18      9.90      0.00     49.50      0.00      0.00      0.99     38.61      0.00      0.00      0.99
12:20:34 PM      19      8.91      0.00     48.51      0.00      0.00      0.99     40.59      0.00      0.00      0.99
12:20:34 PM      20      8.00      0.00     53.00      0.00      0.00      1.00     38.00      0.00      0.00      0.00
12:20:34 PM      21      8.82      0.00     40.20      0.00      0.00      0.98     47.06      0.00      0.00      2.94
12:20:34 PM      22     11.11      0.00     50.51      0.00      0.00      0.00     38.38      0.00      0.00      0.00
12:20:34 PM      23      8.00      0.00     44.00      0.00      0.00      0.00     48.00      0.00      0.00      0.00

12:20:34 PM     CPU      %usr     %nice      %sys   %iowait    %steal      %irq     %soft    %guest    %gnice     %idle
12:20:35 PM      16      8.00      0.00     52.00      0.00      0.00      0.00     39.00      0.00      0.00      1.00
12:20:35 PM      17     13.13      0.00     56.57      0.00      0.00      1.01     29.29      0.00      0.00      0.00
12:20:35 PM      18      9.00      0.00     51.00      0.00      0.00      1.00     39.00      0.00      0.00      0.00
12:20:35 PM      19      6.00      0.00     35.00      0.00      0.00      1.00     57.00      0.00      0.00      1.00
12:20:35 PM      20      8.00      0.00     52.00      0.00      0.00      0.00     39.00      0.00      0.00      1.00
12:20:35 PM      21     11.11      0.00     58.59      0.00      0.00      1.01     29.29      0.00      0.00      0.00
12:20:35 PM      22     10.00      0.00     50.00      0.00      0.00      1.00     39.00      0.00      0.00      0.00
12:20:35 PM      23      4.95      0.00     37.62      0.00      0.00      0.99     56.44      0.00      0.00      0.00

12:20:35 PM     CPU      %usr     %nice      %sys   %iowait    %steal      %irq     %soft    %guest    %gnice     %idle
12:20:36 PM      16      7.00      0.00     43.00      0.00      0.00      1.00     48.00      0.00      0.00      1.00
12:20:36 PM      17      7.92      0.00     46.53      0.00      0.00      0.99     44.55      0.00      0.00      0.00
12:20:36 PM      18      7.00      0.00     53.00      0.00      0.00      0.00     39.00      0.00      0.00      1.00
12:20:36 PM      19      6.06      0.00     45.45      0.00      0.00      0.00     47.47      0.00      0.00      1.01
12:20:36 PM      20      8.91      0.00     51.49      0.00      0.00      0.99     38.61      0.00      0.00      0.00
12:20:36 PM      21      9.90      0.00     47.52      0.00      0.00      0.00     41.58      0.00      0.00      0.99
12:20:36 PM      22      9.00      0.00     48.00      0.00      0.00      1.00     42.00      0.00      0.00      0.00
12:20:36 PM      23      8.91      0.00     47.52      0.00      0.00      0.99     41.58      0.00      0.00      0.99

12:20:36 PM     CPU      %usr     %nice      %sys   %iowait    %steal      %irq     %soft    %guest    %gnice     %idle
12:20:37 PM      16      5.00      0.00     44.00      0.00      0.00      1.00     50.00      0.00      0.00      0.00
12:20:37 PM      17      8.08      0.00     45.45      0.00      0.00      0.00     46.46      0.00      0.00      0.00
12:20:37 PM      18      8.08      0.00     51.52      0.00      0.00      1.01     39.39      0.00      0.00      0.00
12:20:37 PM      19      6.93      0.00     44.55      0.00      0.00      0.99     47.52      0.00      0.00      0.00
12:20:37 PM      20      8.08      0.00     52.53      0.00      0.00      0.00     39.39      0.00      0.00      0.00
12:20:37 PM      21     10.00      0.00     46.00      0.00      0.00      1.00     43.00      0.00      0.00      0.00
12:20:37 PM      22      8.08      0.00     49.49      0.00      0.00      0.00     42.42      0.00      0.00      0.00
12:20:37 PM      23     10.10      0.00     48.48      0.00      0.00      0.00     41.41      0.00      0.00      0.00

Average:        CPU      %usr     %nice      %sys   %iowait    %steal      %irq     %soft    %guest    %gnice     %idle
Average:         16      8.99      0.00     48.45      0.00      0.00      0.60     40.46      0.00      0.00      1.50
Average:         17      8.90      0.00     51.30      0.00      0.00      0.60     37.90      0.00      0.00      1.30
Average:         18     14.70      0.00     58.60      0.00      0.00      0.60     24.60      0.00      0.00      1.50
Average:         19      6.10      0.00     40.50      0.00      0.00      0.60     51.60      0.00      0.00      1.20
Average:         20     11.71      0.00     56.56      0.00      0.00      0.50     30.73      0.00      0.00      0.50
Average:         21      8.18      0.00     42.51      0.00      0.00      0.60     46.11      0.00      0.00      2.59
Average:         22     11.51      0.00     55.06      0.00      0.00      0.50     29.93      0.00      0.00      3.00
Average:         23      9.40      0.00     47.70      0.00      0.00      0.60     40.00      0.00      0.00      2.30
