Linux 6.11.0-rc3-suspendv2 (cache-sql13432) 	08/22/2024 	_x86_64_	(64 CPU)

07:44:36 AM     CPU      %usr     %nice      %sys   %iowait    %steal      %irq     %soft    %guest    %gnice     %idle
07:44:37 AM      16      4.21      0.00     49.47      0.00      0.00      0.00      2.11      0.00      0.00     44.21
07:44:37 AM      17      2.97      0.00     49.50      0.00      0.00      0.00      2.97      0.00      0.00     44.55
07:44:37 AM      18      3.09      0.00     48.45      0.00      0.00      0.00      3.09      0.00      0.00     45.36
07:44:37 AM      19      2.13      0.00     51.06      0.00      0.00      0.00      2.13      0.00      0.00     44.68
07:44:37 AM      20      3.12      0.00     50.00      0.00      0.00      0.00      2.08      0.00      0.00     44.79
07:44:37 AM      21      4.17      0.00     51.04      0.00      0.00      0.00      3.12      0.00      0.00     41.67
07:44:37 AM      22      3.92      0.00     50.98      0.00      0.00      0.00      2.94      0.00      0.00     42.16
07:44:37 AM      23      4.08      0.00     48.98      0.00      0.00      0.00      2.04      0.00      0.00     44.90

07:44:37 AM     CPU      %usr     %nice      %sys   %iowait    %steal      %irq     %soft    %guest    %gnice     %idle
07:44:38 AM      16      3.00      0.00     50.00      0.00      0.00      1.00      3.00      0.00      0.00     43.00
07:44:38 AM      17      3.16      0.00     46.32      0.00      0.00      0.00      3.16      0.00      0.00     47.37
07:44:38 AM      18      3.09      0.00     49.48      0.00      0.00      0.00      3.09      0.00      0.00     44.33
07:44:38 AM      19      3.96      0.00     50.50      0.00      0.00      0.00      2.97      0.00      0.00     42.57
07:44:38 AM      20      4.08      0.00     50.00      0.00      0.00      0.00      3.06      0.00      0.00     42.86
07:44:38 AM      21      3.06      0.00     52.04      0.00      0.00      0.00      3.06      0.00      0.00     41.84
07:44:38 AM      22      2.06      0.00     50.52      0.00      0.00      0.00      2.06      0.00      0.00     45.36
07:44:38 AM      23      2.08      0.00     47.92      0.00      0.00      0.00      3.12      0.00      0.00     46.88

07:44:38 AM     CPU      %usr     %nice      %sys   %iowait    %steal      %irq     %soft    %guest    %gnice     %idle
07:44:39 AM      16      2.13      0.00     46.81      0.00      0.00      0.00      3.19      0.00      0.00     47.87
07:44:39 AM      17      3.03      0.00     48.48      0.00      0.00      1.01      3.03      0.00      0.00     44.44
07:44:39 AM      18      3.09      0.00     49.48      0.00      0.00      1.03      2.06      0.00      0.00     44.33
07:44:39 AM      19      3.03      0.00     47.47      0.00      0.00      1.01      3.03      0.00      0.00     45.45
07:44:39 AM      20      3.03      0.00     50.51      0.00      0.00      1.01      2.02      0.00      0.00     43.43
07:44:39 AM      21      3.12      0.00     51.04      0.00      0.00      1.04      2.08      0.00      0.00     42.71
07:44:39 AM      22      2.94      0.00     50.98      0.00      0.00      0.98      2.94      0.00      0.00     42.16
07:44:39 AM      23      3.03      0.00     49.49      0.00      0.00      1.01      3.03      0.00      0.00     43.43

07:44:39 AM     CPU      %usr     %nice      %sys   %iowait    %steal      %irq     %soft    %guest    %gnice     %idle
07:44:40 AM      16      3.00      0.00     48.00      0.00      0.00      0.00      3.00      0.00      0.00     46.00
07:44:40 AM      17      4.12      0.00     48.45      0.00      0.00      0.00      3.09      0.00      0.00     44.33
07:44:40 AM      18      3.00      0.00     49.00      0.00      0.00      0.00      3.00      0.00      0.00     45.00
07:44:40 AM      19      4.04      0.00     50.51      0.00      0.00      0.00      3.03      0.00      0.00     42.42
07:44:40 AM      20      3.16      0.00     47.37      0.00      0.00      0.00      3.16      0.00      0.00     46.32
07:44:40 AM      21      4.17      0.00     51.04      0.00      0.00      0.00      3.12      0.00      0.00     41.67
07:44:40 AM      22      3.03      0.00     51.52      0.00      0.00      0.00      2.02      0.00      0.00     43.43
07:44:40 AM      23      3.09      0.00     49.48      0.00      0.00      0.00      3.09      0.00      0.00     44.33

07:44:40 AM     CPU      %usr     %nice      %sys   %iowait    %steal      %irq     %soft    %guest    %gnice     %idle
07:44:41 AM      16      4.00      0.00     47.00      0.00      0.00      1.00      2.00      0.00      0.00     46.00
07:44:41 AM      17      3.06      0.00     48.98      0.00      0.00      1.02      2.04      0.00      0.00     44.90
07:44:41 AM      18      3.12      0.00     50.00      0.00      0.00      0.00      2.08      0.00      0.00     44.79
07:44:41 AM      19      3.12      0.00     50.00      0.00      0.00      1.04      2.08      0.00      0.00     43.75
07:44:41 AM      20      3.06      0.00     50.00      0.00      0.00      0.00      2.04      0.00      0.00     44.90
07:44:41 AM      21      2.04      0.00     52.04      0.00      0.00      0.00      3.06      0.00      0.00     42.86
07:44:41 AM      22      2.97      0.00     50.50      0.00      0.00      0.00      2.97      0.00      0.00     43.56
07:44:41 AM      23      3.16      0.00     49.47      0.00      0.00      0.00      2.11      0.00      0.00     45.26

07:44:41 AM     CPU      %usr     %nice      %sys   %iowait    %steal      %irq     %soft    %guest    %gnice     %idle
07:44:42 AM      16      3.09      0.00     51.55      0.00      0.00      0.00      3.09      0.00      0.00     42.27
07:44:42 AM      17      2.04      0.00     47.96      0.00      0.00      0.00      3.06      0.00      0.00     46.94
07:44:42 AM      18      3.00      0.00     46.00      0.00      0.00      1.00      3.00      0.00      0.00     47.00
07:44:42 AM      19      3.06      0.00     51.02      0.00      0.00      0.00      3.06      0.00      0.00     42.86
07:44:42 AM      20      4.00      0.00     49.00      0.00      0.00      1.00      3.00      0.00      0.00     43.00
07:44:42 AM      21      3.00      0.00     53.00      0.00      0.00      1.00      3.00      0.00      0.00     40.00
07:44:42 AM      22      3.00      0.00     50.00      0.00      0.00      1.00      3.00      0.00      0.00     43.00
07:44:42 AM      23      2.94      0.00     50.00      0.00      0.00      0.98      2.94      0.00      0.00     43.14

07:44:42 AM     CPU      %usr     %nice      %sys   %iowait    %steal      %irq     %soft    %guest    %gnice     %idle
07:44:43 AM      16      2.08      0.00     51.04      0.00      0.00      0.00      3.12      0.00      0.00     43.75
07:44:43 AM      17      2.11      0.00     49.47      0.00      0.00      0.00      2.11      0.00      0.00     46.32
07:44:43 AM      18      3.00      0.00     48.00      0.00      0.00      0.00      3.00      0.00      0.00     46.00
07:44:43 AM      19      5.05      0.00     48.48      0.00      0.00      0.00      3.03      0.00      0.00     43.43
07:44:43 AM      20      4.12      0.00     48.45      0.00      0.00      0.00      3.09      0.00      0.00     44.33
07:44:43 AM      21      3.16      0.00     50.53      0.00      0.00      0.00      3.16      0.00      0.00     43.16
07:44:43 AM      22      1.98      0.00     52.48      0.00      0.00      0.00      1.98      0.00      0.00     43.56
07:44:43 AM      23      3.06      0.00     48.98      0.00      0.00      0.00      3.06      0.00      0.00     44.90

07:44:43 AM     CPU      %usr     %nice      %sys   %iowait    %steal      %irq     %soft    %guest    %gnice     %idle
07:44:44 AM      16      2.02      0.00     48.48      0.00      0.00      1.01      3.03      0.00      0.00     45.45
07:44:44 AM      17      3.03      0.00     47.47      0.00      0.00      1.01      3.03      0.00      0.00     45.45
07:44:44 AM      18      3.09      0.00     50.52      0.00      0.00      0.00      3.09      0.00      0.00     43.30
07:44:44 AM      19      2.97      0.00     49.50      0.00      0.00      0.99      2.97      0.00      0.00     43.56
07:44:44 AM      20      2.06      0.00     50.52      0.00      0.00      0.00      2.06      0.00      0.00     45.36
07:44:44 AM      21      3.09      0.00     51.55      0.00      0.00      0.00      3.09      0.00      0.00     42.27
07:44:44 AM      22      3.96      0.00     49.50      0.00      0.00      0.00      2.97      0.00      0.00     43.56
07:44:44 AM      23      3.12      0.00     48.96      0.00      0.00      0.00      3.12      0.00      0.00     44.79

07:44:44 AM     CPU      %usr     %nice      %sys   %iowait    %steal      %irq     %soft    %guest    %gnice     %idle
07:44:45 AM      16      3.09      0.00     47.42      0.00      0.00      0.00      3.09      0.00      0.00     46.39
07:44:45 AM      17      3.12      0.00     47.92      0.00      0.00      0.00      2.08      0.00      0.00     46.88
07:44:45 AM      18      3.96      0.00     48.51      0.00      0.00      0.99      2.97      0.00      0.00     43.56
07:44:45 AM      19      2.08      0.00     51.04      0.00      0.00      0.00      3.12      0.00      0.00     43.75
07:44:45 AM      20      3.06      0.00     48.98      0.00      0.00      1.02      3.06      0.00      0.00     43.88
07:44:45 AM      21      3.06      0.00     52.04      0.00      0.00      1.02      3.06      0.00      0.00     40.82
07:44:45 AM      22      2.08      0.00     50.00      0.00      0.00      1.04      2.08      0.00      0.00     44.79
07:44:45 AM      23      4.08      0.00     48.98      0.00      0.00      1.02      2.04      0.00      0.00     43.88

07:44:45 AM     CPU      %usr     %nice      %sys   %iowait    %steal      %irq     %soft    %guest    %gnice     %idle
07:44:46 AM      16      3.12      0.00     46.88      0.00      0.00      0.00      3.12      0.00      0.00     46.88
07:44:46 AM      17      3.06      0.00     48.98      0.00      0.00      0.00      3.06      0.00      0.00     44.90
07:44:46 AM      18      3.09      0.00     50.52      0.00      0.00      0.00      2.06      0.00      0.00     44.33
07:44:46 AM      19      3.06      0.00     50.00      0.00      0.00      0.00      2.04      0.00      0.00     44.90
07:44:46 AM      20      3.09      0.00     49.48      0.00      0.00      0.00      3.09      0.00      0.00     44.33
07:44:46 AM      21      2.04      0.00     54.08      0.00      0.00      0.00      2.04      0.00      0.00     41.84
07:44:46 AM      22      4.04      0.00     49.49      0.00      0.00      0.00      3.03      0.00      0.00     43.43
07:44:46 AM      23      2.02      0.00     51.52      0.00      0.00      0.00      3.03      0.00      0.00     43.43

Average:        CPU      %usr     %nice      %sys   %iowait    %steal      %irq     %soft    %guest    %gnice     %idle
Average:         16      2.98      0.00     48.67      0.00      0.00      0.31      2.87      0.00      0.00     45.17
Average:         17      2.97      0.00     48.36      0.00      0.00      0.31      2.77      0.00      0.00     45.59
Average:         18      3.16      0.00     48.98      0.00      0.00      0.31      2.75      0.00      0.00     44.81
Average:         19      3.26      0.00     49.95      0.00      0.00      0.31      2.75      0.00      0.00     43.73
Average:         20      3.28      0.00     49.44      0.00      0.00      0.31      2.67      0.00      0.00     44.31
Average:         21      3.09      0.00     51.85      0.00      0.00      0.31      2.88      0.00      0.00     41.87
Average:         22      3.01      0.00     50.60      0.00      0.00      0.30      2.61      0.00      0.00     43.49
Average:         23      3.07      0.00     49.39      0.00      0.00      0.31      2.76      0.00      0.00     44.48
