Linux 6.11.0-rc3-suspendv2 (cache-sql13432) 	08/22/2024 	_x86_64_	(64 CPU)

05:45:17 AM     CPU      %usr     %nice      %sys   %iowait    %steal      %irq     %soft    %guest    %gnice     %idle
05:45:18 AM      16      3.06      0.00      9.18      0.00      0.00      0.00      6.12      0.00      0.00     81.63
05:45:18 AM      17      2.08      0.00      9.38      0.00      0.00      0.00      7.29      0.00      0.00     81.25
05:45:18 AM      18      3.00      0.00     10.00      0.00      0.00      1.00      6.00      0.00      0.00     80.00
05:45:18 AM      19      3.03      0.00      9.09      0.00      0.00      0.00      7.07      0.00      0.00     80.81
05:45:18 AM      20      2.00      0.00     11.00      0.00      0.00      1.00      7.00      0.00      0.00     79.00
05:45:18 AM      21      3.03      0.00     11.11      0.00      0.00      0.00      7.07      0.00      0.00     78.79
05:45:18 AM      22      2.11      0.00      8.42      0.00      0.00      0.00      6.32      0.00      0.00     83.16
05:45:18 AM      23      4.00      0.00      9.00      0.00      0.00      0.00      6.00      0.00      0.00     81.00

05:45:18 AM     CPU      %usr     %nice      %sys   %iowait    %steal      %irq     %soft    %guest    %gnice     %idle
05:45:19 AM      16      2.04      0.00      9.18      0.00      0.00      1.02      6.12      0.00      0.00     81.63
05:45:19 AM      17      2.11      0.00      8.42      0.00      0.00      1.05      6.32      0.00      0.00     82.11
05:45:19 AM      18      2.02      0.00     11.11      0.00      0.00      0.00      7.07      0.00      0.00     79.80
05:45:19 AM      19      3.00      0.00     10.00      0.00      0.00      0.00      6.00      0.00      0.00     81.00
05:45:19 AM      20      3.09      0.00      9.28      0.00      0.00      0.00      7.22      0.00      0.00     80.41
05:45:19 AM      21      3.06      0.00     10.20      0.00      0.00      0.00      7.14      0.00      0.00     79.59
05:45:19 AM      22      3.09      0.00      9.28      0.00      0.00      0.00      6.19      0.00      0.00     81.44
05:45:19 AM      23      2.02      0.00     11.11      0.00      0.00      0.00      6.06      0.00      0.00     80.81

05:45:19 AM     CPU      %usr     %nice      %sys   %iowait    %steal      %irq     %soft    %guest    %gnice     %idle
05:45:20 AM      16      3.16      0.00      6.32      0.00      0.00      0.00      7.37      0.00      0.00     83.16
05:45:20 AM      17      4.08      0.00      8.16      0.00      0.00      0.00      7.14      0.00      0.00     80.61
05:45:20 AM      18      3.09      0.00      9.28      0.00      0.00      0.00      6.19      0.00      0.00     81.44
05:45:20 AM      19      2.97      0.00      9.90      0.00      0.00      0.99      4.95      0.00      0.00     81.19
05:45:20 AM      20      3.03      0.00     10.10      0.00      0.00      0.00      7.07      0.00      0.00     79.80
05:45:20 AM      21      4.00      0.00     11.00      0.00      0.00      1.00      7.00      0.00      0.00     77.00
05:45:20 AM      22      2.02      0.00     11.11      0.00      0.00      1.01      6.06      0.00      0.00     79.80
05:45:20 AM      23      3.06      0.00      9.18      0.00      0.00      1.02      6.12      0.00      0.00     80.61

05:45:20 AM     CPU      %usr     %nice      %sys   %iowait    %steal      %irq     %soft    %guest    %gnice     %idle
05:45:21 AM      16      2.06      0.00      9.28      0.00      0.00      0.00      6.19      0.00      0.00     82.47
05:45:21 AM      17      2.02      0.00     11.11      0.00      0.00      0.00      7.07      0.00      0.00     79.80
05:45:21 AM      18      2.02      0.00     10.10      0.00      0.00      1.01      7.07      0.00      0.00     79.80
05:45:21 AM      19      3.06      0.00      8.16      0.00      0.00      0.00      6.12      0.00      0.00     82.65
05:45:21 AM      20      2.02      0.00     12.12      0.00      0.00      1.01      7.07      0.00      0.00     77.78
05:45:21 AM      21      2.08      0.00      9.38      0.00      0.00      0.00      6.25      0.00      0.00     82.29
05:45:21 AM      22      3.03      0.00     11.11      0.00      0.00      0.00      6.06      0.00      0.00     79.80
05:45:21 AM      23      4.08      0.00      8.16      0.00      0.00      0.00      6.12      0.00      0.00     81.63

05:45:21 AM     CPU      %usr     %nice      %sys   %iowait    %steal      %irq     %soft    %guest    %gnice     %idle
05:45:22 AM      16      4.04      0.00      8.08      0.00      0.00      1.01      6.06      0.00      0.00     80.81
05:45:22 AM      17      3.03      0.00      9.09      0.00      0.00      1.01      7.07      0.00      0.00     79.80
05:45:22 AM      18      3.00      0.00     12.00      0.00      0.00      0.00      7.00      0.00      0.00     78.00
05:45:22 AM      19      2.02      0.00     10.10      0.00      0.00      0.00      6.06      0.00      0.00     81.82
05:45:22 AM      20      3.12      0.00      9.38      0.00      0.00      0.00      6.25      0.00      0.00     81.25
05:45:22 AM      21      3.09      0.00      9.28      0.00      0.00      0.00      7.22      0.00      0.00     80.41
05:45:22 AM      22      3.12      0.00      6.25      0.00      0.00      1.04      7.29      0.00      0.00     82.29
05:45:22 AM      23      3.09      0.00      9.28      0.00      0.00      0.00      6.19      0.00      0.00     81.44

05:45:22 AM     CPU      %usr     %nice      %sys   %iowait    %steal      %irq     %soft    %guest    %gnice     %idle
05:45:23 AM      16      3.03      0.00      8.08      0.00      0.00      0.00      6.06      0.00      0.00     82.83
05:45:23 AM      17      2.08      0.00      9.38      0.00      0.00      0.00      7.29      0.00      0.00     81.25
05:45:23 AM      18      3.06      0.00     10.20      0.00      0.00      0.00      7.14      0.00      0.00     79.59
05:45:23 AM      19      4.00      0.00      8.00      0.00      0.00      1.00      6.00      0.00      0.00     81.00
05:45:23 AM      20      3.03      0.00     10.10      0.00      0.00      1.01      7.07      0.00      0.00     78.79
05:45:23 AM      21      3.00      0.00     11.00      0.00      0.00      1.00      7.00      0.00      0.00     78.00
05:45:23 AM      22      2.04      0.00     11.22      0.00      0.00      0.00      6.12      0.00      0.00     80.61
05:45:23 AM      23      2.06      0.00      9.28      0.00      0.00      1.03      7.22      0.00      0.00     80.41

05:45:23 AM     CPU      %usr     %nice      %sys   %iowait    %steal      %irq     %soft    %guest    %gnice     %idle
05:45:24 AM      16      3.00      0.00     10.00      0.00      0.00      0.00      6.00      0.00      0.00     81.00
05:45:24 AM      17      2.06      0.00     10.31      0.00      0.00      0.00      6.19      0.00      0.00     81.44
05:45:24 AM      18      2.06      0.00      9.28      0.00      0.00      1.03      6.19      0.00      0.00     81.44
05:45:24 AM      19      2.04      0.00     10.20      0.00      0.00      0.00      6.12      0.00      0.00     81.63
05:45:24 AM      20      3.09      0.00     10.31      0.00      0.00      0.00      7.22      0.00      0.00     79.38
05:45:24 AM      21      2.06      0.00     11.34      0.00      0.00      0.00      6.19      0.00      0.00     80.41
05:45:24 AM      22      3.12      0.00      7.29      0.00      0.00      0.00      6.25      0.00      0.00     83.33
05:45:24 AM      23      3.03      0.00      9.09      0.00      0.00      0.00      7.07      0.00      0.00     80.81

05:45:24 AM     CPU      %usr     %nice      %sys   %iowait    %steal      %irq     %soft    %guest    %gnice     %idle
05:45:25 AM      16      3.03      0.00      8.08      0.00      0.00      1.01      5.05      0.00      0.00     82.83
05:45:25 AM      17      2.06      0.00      9.28      0.00      0.00      1.03      7.22      0.00      0.00     80.41
05:45:25 AM      18      4.04      0.00     10.10      0.00      0.00      0.00      7.07      0.00      0.00     78.79
05:45:25 AM      19      3.09      0.00      8.25      0.00      0.00      0.00      6.19      0.00      0.00     82.47
05:45:25 AM      20      3.09      0.00      9.28      0.00      0.00      0.00      7.22      0.00      0.00     80.41
05:45:25 AM      21      3.03      0.00     11.11      0.00      0.00      0.00      7.07      0.00      0.00     78.79
05:45:25 AM      22      2.08      0.00      7.29      0.00      0.00      1.04      7.29      0.00      0.00     82.29
05:45:25 AM      23      3.12      0.00      8.33      0.00      0.00      0.00      6.25      0.00      0.00     82.29

05:45:25 AM     CPU      %usr     %nice      %sys   %iowait    %steal      %irq     %soft    %guest    %gnice     %idle
05:45:26 AM      16      5.94      0.00      9.90      0.00      0.00      0.00      5.94      0.00      0.00     78.22
05:45:26 AM      17      3.09      0.00      9.28      0.00      0.00      0.00      7.22      0.00      0.00     80.41
05:45:26 AM      18      4.04      0.00      9.09      0.00      0.00      0.00      7.07      0.00      0.00     79.80
05:45:26 AM      19      3.03      0.00      9.09      0.00      0.00      1.01      6.06      0.00      0.00     80.81
05:45:26 AM      20      2.06      0.00      9.28      0.00      0.00      1.03      7.22      0.00      0.00     80.41
05:45:26 AM      21      2.04      0.00     10.20      0.00      0.00      1.02      7.14      0.00      0.00     79.59
05:45:26 AM      22      4.08      0.00      8.16      0.00      0.00      0.00      6.12      0.00      0.00     81.63
05:45:26 AM      23      3.06      0.00      9.18      0.00      0.00      1.02      6.12      0.00      0.00     80.61

05:45:26 AM     CPU      %usr     %nice      %sys   %iowait    %steal      %irq     %soft    %guest    %gnice     %idle
05:45:27 AM      16      2.04      0.00      9.18      0.00      0.00      0.00      6.12      0.00      0.00     82.65
05:45:27 AM      17      2.94      0.00     10.78      0.00      0.00      0.98      6.86      0.00      0.00     78.43
05:45:27 AM      18      2.08      0.00      8.33      0.00      0.00      1.04      7.29      0.00      0.00     81.25
05:45:27 AM      19      2.97      0.00      9.90      0.00      0.00      0.00      5.94      0.00      0.00     81.19
05:45:27 AM      20      3.06      0.00     11.22      0.00      0.00      0.00      7.14      0.00      0.00     78.57
05:45:27 AM      21      3.03      0.00     10.10      0.00      0.00      0.00      7.07      0.00      0.00     79.80
05:45:27 AM      22      3.09      0.00      9.28      0.00      0.00      0.00      6.19      0.00      0.00     81.44
05:45:27 AM      23      2.08      0.00      8.33      0.00      0.00      0.00      7.29      0.00      0.00     82.29

Average:        CPU      %usr     %nice      %sys   %iowait    %steal      %irq     %soft    %guest    %gnice     %idle
Average:         16      3.15      0.00      8.74      0.00      0.00      0.30      6.10      0.00      0.00     81.71
Average:         17      2.56      0.00      9.53      0.00      0.00      0.41      6.97      0.00      0.00     80.53
Average:         18      2.85      0.00      9.96      0.00      0.00      0.41      6.81      0.00      0.00     79.98
Average:         19      2.92      0.00      9.27      0.00      0.00      0.30      6.05      0.00      0.00     81.45
Average:         20      2.76      0.00     10.21      0.00      0.00      0.41      7.05      0.00      0.00     79.57
Average:         21      2.85      0.00     10.48      0.00      0.00      0.31      6.92      0.00      0.00     79.45
Average:         22      2.78      0.00      8.96      0.00      0.00      0.31      6.39      0.00      0.00     81.57
Average:         23      2.97      0.00      9.10      0.00      0.00      0.31      6.44      0.00      0.00     81.19
