{ common_pid: mc-worker       [    317085], ret:         20 } hitcount:          1
{ common_pid: mc-worker       [    317088], ret:         18 } hitcount:          1
{ common_pid: mc-worker       [    317082], ret:        119 } hitcount:          1
{ common_pid: mc-worker       [    317084], ret:        127 } hitcount:          1
{ common_pid: mc-worker       [    317087], ret:         20 } hitcount:          1
{ common_pid: mc-worker       [    317082], ret:         19 } hitcount:          1
{ common_pid: mc-worker       [    317081], ret:        108 } hitcount:          1
{ common_pid: mc-worker       [    317084], ret:        110 } hitcount:          1
{ common_pid: mc-worker       [    317083], ret:        109 } hitcount:          1
{ common_pid: mc-worker       [    317084], ret:         19 } hitcount:          1
{ common_pid: mc-worker       [    317082], ret:        120 } hitcount:          1
{ common_pid: mc-worker       [    317081], ret:        124 } hitcount:          1
{ common_pid: mc-worker       [    317083], ret:         58 } hitcount:          1
{ common_pid: mc-worker       [    317086], ret:         20 } hitcount:          1
{ common_pid: mc-worker       [    317086], ret:         60 } hitcount:          1
{ common_pid: mc-worker       [    317088], ret:        128 } hitcount:          1
{ common_pid: mc-worker       [    317087], ret:        124 } hitcount:          1
{ common_pid: mc-worker       [    317087], ret:         85 } hitcount:          1
{ common_pid: mc-worker       [    317085], ret:        128 } hitcount:          1
{ common_pid: mc-worker       [    317087], ret:         60 } hitcount:          1
{ common_pid: mc-worker       [    317083], ret:         59 } hitcount:          1
{ common_pid: mc-worker       [    317086], ret:        120 } hitcount:          1
{ common_pid: mc-worker       [    317086], ret:        127 } hitcount:          1
{ common_pid: mc-worker       [    317085], ret:         18 } hitcount:          1
{ common_pid: mc-worker       [    317084], ret:         20 } hitcount:          1
{ common_pid: mc-worker       [    317084], ret:        118 } hitcount:          1
{ common_pid: mc-worker       [    317085], ret:        114 } hitcount:          1
{ common_pid: mc-worker       [    317084], ret:        122 } hitcount:          1
{ common_pid: mc-worker       [    317082], ret:        128 } hitcount:          1
{ common_pid: mc-worker       [    317087], ret:        108 } hitcount:          1
{ common_pid: mc-worker       [    317086], ret:         77 } hitcount:          1
{ common_pid: mc-worker       [    317088], ret:        137 } hitcount:          1
{ common_pid: mc-worker       [    317086], ret:        128 } hitcount:          1
{ common_pid: mc-worker       [    317083], ret:        128 } hitcount:          1
{ common_pid: mc-worker       [    317081], ret:         19 } hitcount:          1
{ common_pid: mc-worker       [    317088], ret:        256 } hitcount:          1
{ common_pid: mc-worker       [    317087], ret:        110 } hitcount:          1
{ common_pid: mc-worker       [    317082], ret:        104 } hitcount:          1
{ common_pid: mc-worker       [    317081], ret:        128 } hitcount:          1
{ common_pid: mc-worker       [    317083], ret:        125 } hitcount:          1
{ common_pid: mc-worker       [    317085], ret:        127 } hitcount:          1
{ common_pid: mc-worker       [    317084], ret:         24 } hitcount:          1
{ common_pid: mc-worker       [    317085], ret:        120 } hitcount:          1
{ common_pid: mc-worker       [    317088], ret:         20 } hitcount:          1
{ common_pid: mc-worker       [    317087], ret:         19 } hitcount:          2
{ common_pid: mc-worker       [    317081], ret:         18 } hitcount:          2
{ common_pid: mc-worker       [    317083], ret:         18 } hitcount:          2
{ common_pid: mc-worker       [    317086], ret:         19 } hitcount:          2
{ common_pid: mc-worker       [    317081], ret:         17 } hitcount:          2
{ common_pid: mc-worker       [    317088], ret:         19 } hitcount:          2
{ common_pid: mc-worker       [    317085], ret:         19 } hitcount:          2
{ common_pid: mc-worker       [    317081], ret:         61 } hitcount:          2
{ common_pid: mc-worker       [    317082], ret:         18 } hitcount:          2
{ common_pid: mc-worker       [    317084], ret:         18 } hitcount:          5
{ common_pid: mc-worker       [    317086], ret:         18 } hitcount:          5
{ common_pid: mc-worker       [    317083], ret:         17 } hitcount:          5
{ common_pid: mc-worker       [    317082], ret:         17 } hitcount:          5
{ common_pid: mc-worker       [    317085], ret:         17 } hitcount:          6
{ common_pid: mc-worker       [    317087], ret:         18 } hitcount:          6
{ common_pid: mc-worker       [    317088], ret:         17 } hitcount:          7
{ common_pid: mc-worker       [    317084], ret:         17 } hitcount:          9
{ common_pid: mc-worker       [    317086], ret:         17 } hitcount:         10
{ common_pid: mc-worker       [    317087], ret:         17 } hitcount:         12
{ common_pid: mc-worker       [    317083], ret:         16 } hitcount:         12
{ common_pid: mc-worker       [    317087], ret:         16 } hitcount:         14
{ common_pid: mc-worker       [    317081], ret:         16 } hitcount:         16
{ common_pid: mc-worker       [    317082], ret:         16 } hitcount:         19
{ common_pid: mc-worker       [    317085], ret:         16 } hitcount:         25
{ common_pid: mc-worker       [    317086], ret:         16 } hitcount:         30
{ common_pid: mc-worker       [    317081], ret:         15 } hitcount:         31
{ common_pid: mc-worker       [    317084], ret:         16 } hitcount:         32
{ common_pid: mc-worker       [    317083], ret:         15 } hitcount:         39
{ common_pid: mc-worker       [    317082], ret:         15 } hitcount:         40
{ common_pid: mc-worker       [    317088], ret:         16 } hitcount:         41
{ common_pid: mc-worker       [    317088], ret:         15 } hitcount:         55
{ common_pid: mc-worker       [    317085], ret:         15 } hitcount:         59
{ common_pid: mc-worker       [    317087], ret:         15 } hitcount:         70
{ common_pid: mc-worker       [    317084], ret:         15 } hitcount:         83
{ common_pid: mc-worker       [    317086], ret:         15 } hitcount:        101
{ common_pid: mc-worker       [    317081], ret:         14 } hitcount:        104
{ common_pid: mc-worker       [    317082], ret:         14 } hitcount:        112
{ common_pid: mc-worker       [    317083], ret:         14 } hitcount:        128
{ common_pid: mc-worker       [    317088], ret:         14 } hitcount:        153
{ common_pid: mc-worker       [    317087], ret:         14 } hitcount:        154
{ common_pid: mc-worker       [    317085], ret:         14 } hitcount:        155
{ common_pid: mc-worker       [    317084], ret:         14 } hitcount:        193
{ common_pid: mc-worker       [    317086], ret:         14 } hitcount:        230
{ common_pid: mc-worker       [    317081], ret:         13 } hitcount:        272
{ common_pid: mc-worker       [    317083], ret:         13 } hitcount:        278
{ common_pid: mc-worker       [    317082], ret:         13 } hitcount:        294
{ common_pid: mc-worker       [    317087], ret:         13 } hitcount:        335
{ common_pid: mc-worker       [    317088], ret:         13 } hitcount:        348
{ common_pid: mc-worker       [    317085], ret:         13 } hitcount:        355
{ common_pid: mc-worker       [    317084], ret:         13 } hitcount:        435
{ common_pid: mc-worker       [    317086], ret:         13 } hitcount:        482
{ common_pid: mc-worker       [    317081], ret:         12 } hitcount:        598
{ common_pid: mc-worker       [    317083], ret:         12 } hitcount:        627
{ common_pid: mc-worker       [    317082], ret:         12 } hitcount:        677
{ common_pid: mc-worker       [    317088], ret:         12 } hitcount:        700
{ common_pid: mc-worker       [    317085], ret:         12 } hitcount:        727
{ common_pid: mc-worker       [    317087], ret:         12 } hitcount:        742
{ common_pid: mc-worker       [    317084], ret:         12 } hitcount:        819
{ common_pid: mc-worker       [    317086], ret:         12 } hitcount:       1048
{ common_pid: mc-worker       [    317081], ret:         11 } hitcount:       1223
{ common_pid: mc-worker       [    317082], ret:         11 } hitcount:       1250
{ common_pid: mc-worker       [    317083], ret:         11 } hitcount:       1338
{ common_pid: mc-worker       [    317087], ret:         11 } hitcount:       1520
{ common_pid: mc-worker       [    317088], ret:         11 } hitcount:       1527
{ common_pid: mc-worker       [    317085], ret:         11 } hitcount:       1577
{ common_pid: mc-worker       [    317084], ret:         11 } hitcount:       1787
{ common_pid: mc-worker       [    317086], ret:         11 } hitcount:       2125
{ common_pid: mc-worker       [    317081], ret:         10 } hitcount:       2700
{ common_pid: mc-worker       [    317082], ret:         10 } hitcount:       2745
{ common_pid: mc-worker       [    317083], ret:         10 } hitcount:       2796
{ common_pid: mc-worker       [    317087], ret:         10 } hitcount:       3129
{ common_pid: mc-worker       [    317085], ret:         10 } hitcount:       3158
{ common_pid: mc-worker       [    317088], ret:         10 } hitcount:       3161
{ common_pid: mc-worker       [    317084], ret:         10 } hitcount:       3406
{ common_pid: mc-worker       [    317086], ret:         10 } hitcount:       3845
{ common_pid: mc-worker       [    317081], ret:          9 } hitcount:       4995
{ common_pid: mc-worker       [    317082], ret:          9 } hitcount:       5191
{ common_pid: mc-worker       [    317083], ret:          9 } hitcount:       5249
{ common_pid: mc-worker       [    317088], ret:          9 } hitcount:       5746
{ common_pid: mc-worker       [    317085], ret:          9 } hitcount:       5748
{ common_pid: mc-worker       [    317087], ret:          9 } hitcount:       5881
{ common_pid: mc-worker       [    317084], ret:          9 } hitcount:       6247
{ common_pid: mc-worker       [    317086], ret:          9 } hitcount:       6692
{ common_pid: mc-worker       [    317081], ret:          8 } hitcount:       8668
{ common_pid: mc-worker       [    317083], ret:          8 } hitcount:       8948
{ common_pid: mc-worker       [    317082], ret:          8 } hitcount:       8965
{ common_pid: mc-worker       [    317087], ret:          8 } hitcount:       9398
{ common_pid: mc-worker       [    317085], ret:          8 } hitcount:       9450
{ common_pid: mc-worker       [    317088], ret:          8 } hitcount:       9511
{ common_pid: mc-worker       [    317084], ret:          8 } hitcount:      10054
{ common_pid: mc-worker       [    317086], ret:          8 } hitcount:      10660
{ common_pid: mc-worker       [    317081], ret:          7 } hitcount:      13076
{ common_pid: mc-worker       [    317082], ret:          7 } hitcount:      13268
{ common_pid: mc-worker       [    317083], ret:          7 } hitcount:      13465
{ common_pid: mc-worker       [    317085], ret:          7 } hitcount:      13874
{ common_pid: mc-worker       [    317088], ret:          7 } hitcount:      13875
{ common_pid: mc-worker       [    317087], ret:          7 } hitcount:      13963
{ common_pid: mc-worker       [    317084], ret:          7 } hitcount:      14350
{ common_pid: mc-worker       [    317086], ret:          7 } hitcount:      14839
{ common_pid: mc-worker       [    317081], ret:          6 } hitcount:      17178
{ common_pid: mc-worker       [    317083], ret:          6 } hitcount:      17293
{ common_pid: mc-worker       [    317082], ret:          6 } hitcount:      17370
{ common_pid: mc-worker       [    317085], ret:          6 } hitcount:      17557
{ common_pid: mc-worker       [    317088], ret:          6 } hitcount:      17610
{ common_pid: mc-worker       [    317087], ret:          6 } hitcount:      17805
{ common_pid: mc-worker       [    317084], ret:          6 } hitcount:      17882
{ common_pid: mc-worker       [    317086], ret:          6 } hitcount:      17903
{ common_pid: mc-worker       [    317086], ret:          4 } hitcount:      19133
{ common_pid: mc-worker       [    317086], ret:          5 } hitcount:      19359
{ common_pid: mc-worker       [    317085], ret:          5 } hitcount:      19435
{ common_pid: mc-worker       [    317084], ret:          4 } hitcount:      19519
{ common_pid: mc-worker       [    317084], ret:          5 } hitcount:      19524
{ common_pid: mc-worker       [    317087], ret:          5 } hitcount:      19540
{ common_pid: mc-worker       [    317086], ret:          3 } hitcount:      19724
{ common_pid: mc-worker       [    317088], ret:          5 } hitcount:      19741
{ common_pid: mc-worker       [    317083], ret:          5 } hitcount:      19905
{ common_pid: mc-worker       [    317084], ret:          3 } hitcount:      19984
{ common_pid: mc-worker       [    317082], ret:          5 } hitcount:      20038
{ common_pid: mc-worker       [    317081], ret:          5 } hitcount:      20051
{ common_pid: mc-worker       [    317088], ret:          4 } hitcount:      20179
{ common_pid: mc-worker       [    317087], ret:          4 } hitcount:      20240
{ common_pid: mc-worker       [    317085], ret:          4 } hitcount:      20367
{ common_pid: mc-worker       [    317087], ret:          3 } hitcount:      20402
{ common_pid: mc-worker       [    317085], ret:          3 } hitcount:      20581
{ common_pid: mc-worker       [    317082], ret:          4 } hitcount:      20581
{ common_pid: mc-worker       [    317088], ret:          3 } hitcount:      20751
{ common_pid: mc-worker       [    317081], ret:          4 } hitcount:      20781
{ common_pid: mc-worker       [    317083], ret:          3 } hitcount:      20786
{ common_pid: mc-worker       [    317083], ret:          4 } hitcount:      20904
{ common_pid: mc-worker       [    317082], ret:          3 } hitcount:      21303
{ common_pid: mc-worker       [    317081], ret:          3 } hitcount:      21534
{ common_pid: mc-worker       [    317083], ret:          2 } hitcount:      27722
{ common_pid: mc-worker       [    317084], ret:          2 } hitcount:      27823
{ common_pid: mc-worker       [    317087], ret:          2 } hitcount:      27839
{ common_pid: mc-worker       [    317081], ret:          2 } hitcount:      27863
{ common_pid: mc-worker       [    317088], ret:          2 } hitcount:      27873
{ common_pid: mc-worker       [    317085], ret:          2 } hitcount:      27940
{ common_pid: mc-worker       [    317086], ret:          2 } hitcount:      28048
{ common_pid: mc-worker       [    317082], ret:          2 } hitcount:      28077
{ common_pid: mc-worker       [    317083], ret:          1 } hitcount:      58369
{ common_pid: mc-worker       [    317081], ret:          1 } hitcount:      58578
{ common_pid: mc-worker       [    317082], ret:          1 } hitcount:      58976
{ common_pid: mc-worker       [    317087], ret:          1 } hitcount:      59651
{ common_pid: mc-worker       [    317088], ret:          1 } hitcount:      59767
{ common_pid: mc-worker       [    317085], ret:          1 } hitcount:      60037
{ common_pid: mc-worker       [    317084], ret:          1 } hitcount:      60395
{ common_pid: mc-worker       [    317086], ret:          1 } hitcount:      60690
