{ common_pid: mc-worker       [    512228], ret:        123 } hitcount:          1
{ common_pid: mc-worker       [    512227], ret:         19 } hitcount:          1
{ common_pid: mc-worker       [    512229], ret:        116 } hitcount:          1
{ common_pid: mc-worker       [    512226], ret:        119 } hitcount:          1
{ common_pid: mc-worker       [    512232], ret:         14 } hitcount:          1
{ common_pid: mc-worker       [    512231], ret:        112 } hitcount:          1
{ common_pid: mc-worker       [    512231], ret:         15 } hitcount:          1
{ common_pid: mc-worker       [    512232], ret:        109 } hitcount:          1
{ common_pid: mc-worker       [    512230], ret:         89 } hitcount:          1
{ common_pid: mc-worker       [    512229], ret:        119 } hitcount:          1
{ common_pid: mc-worker       [    512229], ret:         52 } hitcount:          1
{ common_pid: mc-worker       [    512230], ret:          7 } hitcount:          1
{ common_pid: mc-worker       [    512233], ret:         80 } hitcount:          1
{ common_pid: mc-worker       [    512231], ret:         64 } hitcount:          1
{ common_pid: mc-worker       [    512229], ret:          7 } hitcount:          1
{ common_pid: mc-worker       [    512232], ret:        115 } hitcount:          1
{ common_pid: mc-worker       [    512233], ret:          9 } hitcount:          1
{ common_pid: mc-worker       [    512231], ret:        121 } hitcount:          1
{ common_pid: mc-worker       [    512233], ret:         23 } hitcount:          1
{ common_pid: mc-worker       [    512226], ret:         56 } hitcount:          1
{ common_pid: mc-worker       [    512227], ret:        107 } hitcount:          1
{ common_pid: mc-worker       [    512227], ret:         34 } hitcount:          1
{ common_pid: mc-worker       [    512226], ret:         11 } hitcount:          1
{ common_pid: mc-worker       [    512233], ret:        122 } hitcount:          1
{ common_pid: mc-worker       [    512227], ret:        128 } hitcount:          1
{ common_pid: mc-worker       [    512228], ret:         13 } hitcount:          1
{ common_pid: mc-worker       [    512231], ret:         63 } hitcount:          1
{ common_pid: mc-worker       [    512233], ret:         15 } hitcount:          1
{ common_pid: mc-worker       [    512230], ret:         64 } hitcount:          1
{ common_pid: mc-worker       [    512231], ret:          9 } hitcount:          1
{ common_pid: mc-worker       [    512226], ret:         24 } hitcount:          1
{ common_pid: mc-worker       [    512230], ret:         52 } hitcount:          1
{ common_pid: mc-worker       [    512226], ret:         14 } hitcount:          1
{ common_pid: mc-worker       [    512228], ret:          8 } hitcount:          1
{ common_pid: mc-worker       [    512233], ret:         40 } hitcount:          1
{ common_pid: mc-worker       [    512229], ret:         16 } hitcount:          1
{ common_pid: mc-worker       [    512232], ret:         57 } hitcount:          1
{ common_pid: mc-worker       [    512229], ret:         13 } hitcount:          1
{ common_pid: mc-worker       [    512229], ret:         19 } hitcount:          1
{ common_pid: mc-worker       [    512230], ret:         15 } hitcount:          1
{ common_pid: mc-worker       [    512231], ret:         22 } hitcount:          1
{ common_pid: mc-worker       [    512229], ret:         14 } hitcount:          1
{ common_pid: mc-worker       [    512232], ret:         52 } hitcount:          1
{ common_pid: mc-worker       [    512226], ret:        127 } hitcount:          1
{ common_pid: mc-worker       [    512229], ret:         57 } hitcount:          1
{ common_pid: mc-worker       [    512228], ret:         56 } hitcount:          1
{ common_pid: mc-worker       [    512228], ret:         12 } hitcount:          1
{ common_pid: mc-worker       [    512228], ret:         92 } hitcount:          1
{ common_pid: mc-worker       [    512232], ret:         43 } hitcount:          1
{ common_pid: mc-worker       [    512227], ret:        113 } hitcount:          1
{ common_pid: mc-worker       [    512227], ret:         63 } hitcount:          1
{ common_pid: mc-worker       [    512233], ret:         21 } hitcount:          1
{ common_pid: mc-worker       [    512228], ret:         17 } hitcount:          1
{ common_pid: mc-worker       [    512233], ret:        109 } hitcount:          1
{ common_pid: mc-worker       [    512232], ret:         12 } hitcount:          1
{ common_pid: mc-worker       [    512226], ret:         79 } hitcount:          1
{ common_pid: mc-worker       [    512229], ret:         20 } hitcount:          1
{ common_pid: mc-worker       [    512229], ret:         70 } hitcount:          1
{ common_pid: mc-worker       [    512233], ret:        111 } hitcount:          1
{ common_pid: mc-worker       [    512230], ret:        119 } hitcount:          1
{ common_pid: mc-worker       [    512228], ret:        124 } hitcount:          1
{ common_pid: mc-worker       [    512231], ret:          8 } hitcount:          1
{ common_pid: mc-worker       [    512229], ret:         12 } hitcount:          1
{ common_pid: mc-worker       [    512230], ret:          9 } hitcount:          1
{ common_pid: mc-worker       [    512230], ret:        127 } hitcount:          1
{ common_pid: mc-worker       [    512228], ret:         99 } hitcount:          1
{ common_pid: mc-worker       [    512231], ret:         34 } hitcount:          1
{ common_pid: mc-worker       [    512230], ret:         22 } hitcount:          1
{ common_pid: mc-worker       [    512229], ret:         98 } hitcount:          1
{ common_pid: mc-worker       [    512230], ret:         11 } hitcount:          1
{ common_pid: mc-worker       [    512232], ret:         64 } hitcount:          1
{ common_pid: mc-worker       [    512226], ret:         64 } hitcount:          1
{ common_pid: mc-worker       [    512227], ret:         16 } hitcount:          1
{ common_pid: mc-worker       [    512227], ret:         13 } hitcount:          1
{ common_pid: mc-worker       [    512231], ret:         52 } hitcount:          1
{ common_pid: mc-worker       [    512232], ret:         10 } hitcount:          2
{ common_pid: mc-worker       [    512233], ret:          8 } hitcount:          2
{ common_pid: mc-worker       [    512230], ret:         10 } hitcount:          2
{ common_pid: mc-worker       [    512232], ret:          7 } hitcount:          2
{ common_pid: mc-worker       [    512227], ret:          7 } hitcount:          2
{ common_pid: mc-worker       [    512226], ret:          7 } hitcount:          2
{ common_pid: mc-worker       [    512233], ret:          7 } hitcount:          3
{ common_pid: mc-worker       [    512226], ret:          8 } hitcount:          3
{ common_pid: mc-worker       [    512229], ret:          8 } hitcount:          4
{ common_pid: mc-worker       [    512228], ret:          7 } hitcount:          5
{ common_pid: mc-worker       [    512227], ret:          6 } hitcount:          8
{ common_pid: mc-worker       [    512232], ret:          6 } hitcount:          8
{ common_pid: mc-worker       [    512230], ret:          6 } hitcount:         12
{ common_pid: mc-worker       [    512233], ret:          6 } hitcount:         12
{ common_pid: mc-worker       [    512226], ret:          6 } hitcount:         13
{ common_pid: mc-worker       [    512231], ret:          6 } hitcount:         15
{ common_pid: mc-worker       [    512228], ret:          6 } hitcount:         16
{ common_pid: mc-worker       [    512229], ret:          6 } hitcount:         27
{ common_pid: mc-worker       [    512231], ret:          5 } hitcount:         90
{ common_pid: mc-worker       [    512232], ret:          5 } hitcount:         99
{ common_pid: mc-worker       [    512227], ret:          5 } hitcount:        104
{ common_pid: mc-worker       [    512226], ret:          5 } hitcount:        113
{ common_pid: mc-worker       [    512230], ret:          5 } hitcount:        118
{ common_pid: mc-worker       [    512233], ret:          5 } hitcount:        136
{ common_pid: mc-worker       [    512228], ret:          5 } hitcount:        147
{ common_pid: mc-worker       [    512229], ret:          5 } hitcount:        173
{ common_pid: mc-worker       [    512232], ret:          4 } hitcount:        781
{ common_pid: mc-worker       [    512227], ret:          4 } hitcount:        965
{ common_pid: mc-worker       [    512231], ret:          4 } hitcount:        989
{ common_pid: mc-worker       [    512226], ret:          4 } hitcount:        999
{ common_pid: mc-worker       [    512233], ret:          4 } hitcount:       1133
{ common_pid: mc-worker       [    512230], ret:          4 } hitcount:       1187
{ common_pid: mc-worker       [    512228], ret:          4 } hitcount:       1424
{ common_pid: mc-worker       [    512229], ret:          4 } hitcount:       1484
{ common_pid: mc-worker       [    512232], ret:          3 } hitcount:       8441
{ common_pid: mc-worker       [    512231], ret:          3 } hitcount:       9614
{ common_pid: mc-worker       [    512226], ret:          3 } hitcount:       9800
{ common_pid: mc-worker       [    512227], ret:          3 } hitcount:      10014
{ common_pid: mc-worker       [    512230], ret:          3 } hitcount:      10586
{ common_pid: mc-worker       [    512233], ret:          3 } hitcount:      10691
{ common_pid: mc-worker       [    512228], ret:          3 } hitcount:      12249
{ common_pid: mc-worker       [    512229], ret:          3 } hitcount:      13218
{ common_pid: mc-worker       [    512232], ret:          2 } hitcount:      76671
{ common_pid: mc-worker       [    512231], ret:          2 } hitcount:      82239
{ common_pid: mc-worker       [    512227], ret:          2 } hitcount:      83550
{ common_pid: mc-worker       [    512226], ret:          2 } hitcount:      84174
{ common_pid: mc-worker       [    512230], ret:          2 } hitcount:      87752
{ common_pid: mc-worker       [    512233], ret:          2 } hitcount:      87965
{ common_pid: mc-worker       [    512228], ret:          2 } hitcount:      95670
{ common_pid: mc-worker       [    512229], ret:          2 } hitcount:      99230
{ common_pid: mc-worker       [    512232], ret:          1 } hitcount:     511201
{ common_pid: mc-worker       [    512231], ret:          1 } hitcount:     529435
{ common_pid: mc-worker       [    512227], ret:          1 } hitcount:     529695
{ common_pid: mc-worker       [    512226], ret:          1 } hitcount:     532634
{ common_pid: mc-worker       [    512233], ret:          1 } hitcount:     543088
{ common_pid: mc-worker       [    512230], ret:          1 } hitcount:     544338
{ common_pid: mc-worker       [    512228], ret:          1 } hitcount:     557977
{ common_pid: mc-worker       [    512229], ret:          1 } hitcount:     567019
