{ common_pid: mc-worker       [    239764], ret:        122 } hitcount:          1
{ common_pid: mc-worker       [    239760], ret:         11 } hitcount:          1
{ common_pid: mc-worker       [    239760], ret:         16 } hitcount:          1
{ common_pid: mc-worker       [    239762], ret:        125 } hitcount:          1
{ common_pid: mc-worker       [    239765], ret:         29 } hitcount:          1
{ common_pid: mc-worker       [    239762], ret:        119 } hitcount:          1
{ common_pid: mc-worker       [    239764], ret:         82 } hitcount:          1
{ common_pid: mc-worker       [    239762], ret:         89 } hitcount:          1
{ common_pid: mc-worker       [    239759], ret:         95 } hitcount:          1
{ common_pid: mc-worker       [    239763], ret:         39 } hitcount:          1
{ common_pid: mc-worker       [    239761], ret:         24 } hitcount:          1
{ common_pid: mc-worker       [    239764], ret:         30 } hitcount:          1
{ common_pid: mc-worker       [    239758], ret:        119 } hitcount:          1
{ common_pid: mc-worker       [    239758], ret:        128 } hitcount:          1
{ common_pid: mc-worker       [    239763], ret:         10 } hitcount:          1
{ common_pid: mc-worker       [    239759], ret:         34 } hitcount:          1
{ common_pid: mc-worker       [    239762], ret:         10 } hitcount:          1
{ common_pid: mc-worker       [    239762], ret:         34 } hitcount:          1
{ common_pid: mc-worker       [    239759], ret:        123 } hitcount:          1
{ common_pid: mc-worker       [    239765], ret:         20 } hitcount:          1
{ common_pid: mc-worker       [    239763], ret:        103 } hitcount:          1
{ common_pid: mc-worker       [    239760], ret:        123 } hitcount:          1
{ common_pid: mc-worker       [    239765], ret:         68 } hitcount:          1
{ common_pid: mc-worker       [    239761], ret:        121 } hitcount:          1
{ common_pid: mc-worker       [    239761], ret:        127 } hitcount:          1
{ common_pid: mc-worker       [    239758], ret:        118 } hitcount:          1
{ common_pid: mc-worker       [    239758], ret:         85 } hitcount:          1
{ common_pid: mc-worker       [    239760], ret:        120 } hitcount:          1
{ common_pid: mc-worker       [    239761], ret:        128 } hitcount:          1
{ common_pid: mc-worker       [    239765], ret:        107 } hitcount:          1
{ common_pid: mc-worker       [    239759], ret:        127 } hitcount:          1
{ common_pid: mc-worker       [    239759], ret:          9 } hitcount:          1
{ common_pid: mc-worker       [    239758], ret:         15 } hitcount:          1
{ common_pid: mc-worker       [    239765], ret:        112 } hitcount:          1
{ common_pid: mc-worker       [    239762], ret:         11 } hitcount:          1
{ common_pid: mc-worker       [    239763], ret:        120 } hitcount:          1
{ common_pid: mc-worker       [    239760], ret:         32 } hitcount:          1
{ common_pid: mc-worker       [    239764], ret:        123 } hitcount:          1
{ common_pid: mc-worker       [    239761], ret:         30 } hitcount:          1
{ common_pid: mc-worker       [    239763], ret:         22 } hitcount:          1
{ common_pid: mc-worker       [    239761], ret:        103 } hitcount:          1
{ common_pid: mc-worker       [    239760], ret:         92 } hitcount:          1
{ common_pid: mc-worker       [    239765], ret:         73 } hitcount:          1
{ common_pid: mc-worker       [    239759], ret:        125 } hitcount:          1
{ common_pid: mc-worker       [    239765], ret:        124 } hitcount:          1
{ common_pid: mc-worker       [    239764], ret:        128 } hitcount:          1
{ common_pid: mc-worker       [    239759], ret:         16 } hitcount:          1
{ common_pid: mc-worker       [    239760], ret:        127 } hitcount:          1
{ common_pid: mc-worker       [    239758], ret:         20 } hitcount:          1
{ common_pid: mc-worker       [    239762], ret:        127 } hitcount:          1
{ common_pid: mc-worker       [    239759], ret:         12 } hitcount:          2
{ common_pid: mc-worker       [    239764], ret:          8 } hitcount:          2
{ common_pid: mc-worker       [    239765], ret:          9 } hitcount:          2
{ common_pid: mc-worker       [    239765], ret:         10 } hitcount:          2
{ common_pid: mc-worker       [    239758], ret:          8 } hitcount:          2
{ common_pid: mc-worker       [    239763], ret:        128 } hitcount:          2
{ common_pid: mc-worker       [    239762], ret:          9 } hitcount:          2
{ common_pid: mc-worker       [    239760], ret:          9 } hitcount:          2
{ common_pid: mc-worker       [    239761], ret:          9 } hitcount:          3
{ common_pid: mc-worker       [    239765], ret:          8 } hitcount:          3
{ common_pid: mc-worker       [    239764], ret:          9 } hitcount:          3
{ common_pid: mc-worker       [    239759], ret:          8 } hitcount:          3
{ common_pid: mc-worker       [    239762], ret:          8 } hitcount:          3
{ common_pid: mc-worker       [    239758], ret:          7 } hitcount:          4
{ common_pid: mc-worker       [    239763], ret:         11 } hitcount:          4
{ common_pid: mc-worker       [    239761], ret:          8 } hitcount:          5
{ common_pid: mc-worker       [    239760], ret:          8 } hitcount:          6
{ common_pid: mc-worker       [    239763], ret:          8 } hitcount:          6
{ common_pid: mc-worker       [    239764], ret:          7 } hitcount:          8
{ common_pid: mc-worker       [    239762], ret:          7 } hitcount:          8
{ common_pid: mc-worker       [    239765], ret:          7 } hitcount:         10
{ common_pid: mc-worker       [    239759], ret:          7 } hitcount:         11
{ common_pid: mc-worker       [    239760], ret:          7 } hitcount:         13
{ common_pid: mc-worker       [    239761], ret:          7 } hitcount:         21
{ common_pid: mc-worker       [    239763], ret:          7 } hitcount:         22
{ common_pid: mc-worker       [    239758], ret:          6 } hitcount:         51
{ common_pid: mc-worker       [    239762], ret:          6 } hitcount:         60
{ common_pid: mc-worker       [    239764], ret:          6 } hitcount:         62
{ common_pid: mc-worker       [    239760], ret:          6 } hitcount:         66
{ common_pid: mc-worker       [    239763], ret:          6 } hitcount:         71
{ common_pid: mc-worker       [    239765], ret:          6 } hitcount:         78
{ common_pid: mc-worker       [    239759], ret:          6 } hitcount:         85
{ common_pid: mc-worker       [    239761], ret:          6 } hitcount:         90
{ common_pid: mc-worker       [    239758], ret:          5 } hitcount:        371
{ common_pid: mc-worker       [    239764], ret:          5 } hitcount:        416
{ common_pid: mc-worker       [    239762], ret:          5 } hitcount:        448
{ common_pid: mc-worker       [    239760], ret:          5 } hitcount:        455
{ common_pid: mc-worker       [    239765], ret:          5 } hitcount:        492
{ common_pid: mc-worker       [    239759], ret:          5 } hitcount:        514
{ common_pid: mc-worker       [    239761], ret:          5 } hitcount:        548
{ common_pid: mc-worker       [    239763], ret:          5 } hitcount:        619
{ common_pid: mc-worker       [    239758], ret:          4 } hitcount:       2710
{ common_pid: mc-worker       [    239764], ret:          4 } hitcount:       3052
{ common_pid: mc-worker       [    239762], ret:          4 } hitcount:       3159
{ common_pid: mc-worker       [    239760], ret:          4 } hitcount:       3365
{ common_pid: mc-worker       [    239765], ret:          4 } hitcount:       3380
{ common_pid: mc-worker       [    239759], ret:          4 } hitcount:       3516
{ common_pid: mc-worker       [    239761], ret:          4 } hitcount:       3974
{ common_pid: mc-worker       [    239763], ret:          4 } hitcount:       3985
{ common_pid: mc-worker       [    239758], ret:          3 } hitcount:      18682
{ common_pid: mc-worker       [    239764], ret:          3 } hitcount:      19792
{ common_pid: mc-worker       [    239762], ret:          3 } hitcount:      20730
{ common_pid: mc-worker       [    239760], ret:          3 } hitcount:      20979
{ common_pid: mc-worker       [    239765], ret:          3 } hitcount:      21422
{ common_pid: mc-worker       [    239759], ret:          3 } hitcount:      22351
{ common_pid: mc-worker       [    239763], ret:          3 } hitcount:      23451
{ common_pid: mc-worker       [    239761], ret:          3 } hitcount:      24243
{ common_pid: mc-worker       [    239758], ret:          2 } hitcount:     104212
{ common_pid: mc-worker       [    239764], ret:          2 } hitcount:     107616
{ common_pid: mc-worker       [    239762], ret:          2 } hitcount:     111335
{ common_pid: mc-worker       [    239760], ret:          2 } hitcount:     112678
{ common_pid: mc-worker       [    239765], ret:          2 } hitcount:     113332
{ common_pid: mc-worker       [    239759], ret:          2 } hitcount:     116587
{ common_pid: mc-worker       [    239761], ret:          2 } hitcount:     120500
{ common_pid: mc-worker       [    239763], ret:          2 } hitcount:     120508
{ common_pid: mc-worker       [    239758], ret:          1 } hitcount:     429603
{ common_pid: mc-worker       [    239764], ret:          1 } hitcount:     435280
{ common_pid: mc-worker       [    239762], ret:          1 } hitcount:     441342
{ common_pid: mc-worker       [    239760], ret:          1 } hitcount:     441508
{ common_pid: mc-worker       [    239765], ret:          1 } hitcount:     442974
{ common_pid: mc-worker       [    239759], ret:          1 } hitcount:     447750
{ common_pid: mc-worker       [    239763], ret:          1 } hitcount:     452953
{ common_pid: mc-worker       [    239761], ret:          1 } hitcount:     453317
