{ common_pid: mc-worker       [     26297], ret:        480 } hitcount:          1
{ common_pid: mc-worker       [     26297], ret:         80 } hitcount:          1
{ common_pid: mc-worker       [     26298], ret:         76 } hitcount:          1
{ common_pid: mc-worker       [     26297], ret:         72 } hitcount:          1
{ common_pid: mc-worker       [     26304], ret:        498 } hitcount:          1
{ common_pid: mc-worker       [     26304], ret:         73 } hitcount:          1
{ common_pid: mc-worker       [     26299], ret:        107 } hitcount:          1
{ common_pid: mc-worker       [     26302], ret:        509 } hitcount:          1
{ common_pid: mc-worker       [     26302], ret:         78 } hitcount:          1
{ common_pid: mc-worker       [     26300], ret:         79 } hitcount:          1
{ common_pid: mc-worker       [     26301], ret:         98 } hitcount:          1
{ common_pid: mc-worker       [     26299], ret:        409 } hitcount:          1
{ common_pid: mc-worker       [     26301], ret:         79 } hitcount:          1
{ common_pid: mc-worker       [     26299], ret:         76 } hitcount:          1
{ common_pid: mc-worker       [     26300], ret:        498 } hitcount:          1
{ common_pid: mc-worker       [     26303], ret:         74 } hitcount:          1
{ common_pid: mc-worker       [     26297], ret:         76 } hitcount:          1
{ common_pid: mc-worker       [     26301], ret:        497 } hitcount:          1
{ common_pid: mc-worker       [     26299], ret:         74 } hitcount:          1
{ common_pid: mc-worker       [     26298], ret:         79 } hitcount:          1
{ common_pid: mc-worker       [     26297], ret:        115 } hitcount:          1
{ common_pid: mc-worker       [     26303], ret:         76 } hitcount:          1
{ common_pid: mc-worker       [     26300], ret:         82 } hitcount:          1
{ common_pid: mc-worker       [     26303], ret:         84 } hitcount:          1
{ common_pid: mc-worker       [     26297], ret:         97 } hitcount:          1
{ common_pid: mc-worker       [     26301], ret:         83 } hitcount:          1
{ common_pid: mc-worker       [     26297], ret:         75 } hitcount:          1
{ common_pid: mc-worker       [     26302], ret:         75 } hitcount:          1
{ common_pid: mc-worker       [     26298], ret:         78 } hitcount:          1
{ common_pid: mc-worker       [     26303], ret:        472 } hitcount:          1
{ common_pid: mc-worker       [     26301], ret:         75 } hitcount:          1
{ common_pid: mc-worker       [     26298], ret:         72 } hitcount:          1
{ common_pid: mc-worker       [     26298], ret:        471 } hitcount:          1
{ common_pid: mc-worker       [     26300], ret:         76 } hitcount:          2
{ common_pid: mc-worker       [     26301], ret:         76 } hitcount:          2
{ common_pid: mc-worker       [     26302], ret:         73 } hitcount:          2
{ common_pid: mc-worker       [     26300], ret:         72 } hitcount:          2
{ common_pid: mc-worker       [     26298], ret:         74 } hitcount:          2
{ common_pid: mc-worker       [     26303], ret:         75 } hitcount:          2
{ common_pid: mc-worker       [     26300], ret:         71 } hitcount:          2
{ common_pid: mc-worker       [     26303], ret:         72 } hitcount:          2
{ common_pid: mc-worker       [     26297], ret:         73 } hitcount:          2
{ common_pid: mc-worker       [     26301], ret:         72 } hitcount:          2
{ common_pid: mc-worker       [     26299], ret:         70 } hitcount:          2
{ common_pid: mc-worker       [     26300], ret:         73 } hitcount:          2
{ common_pid: mc-worker       [     26299], ret:         73 } hitcount:          3
{ common_pid: mc-worker       [     26302], ret:         72 } hitcount:          3
{ common_pid: mc-worker       [     26299], ret:         72 } hitcount:          3
{ common_pid: mc-worker       [     26304], ret:         70 } hitcount:          3
{ common_pid: mc-worker       [     26297], ret:         53 } hitcount:          3
{ common_pid: mc-worker       [     26300], ret:         75 } hitcount:          3
{ common_pid: mc-worker       [     26301], ret:         74 } hitcount:          3
{ common_pid: mc-worker       [     26298], ret:         56 } hitcount:          4
{ common_pid: mc-worker       [     26300], ret:         70 } hitcount:          4
{ common_pid: mc-worker       [     26299], ret:         58 } hitcount:          4
{ common_pid: mc-worker       [     26297], ret:         71 } hitcount:          4
{ common_pid: mc-worker       [     26299], ret:         71 } hitcount:          4
{ common_pid: mc-worker       [     26298], ret:         71 } hitcount:          4
{ common_pid: mc-worker       [     26304], ret:         71 } hitcount:          4
{ common_pid: mc-worker       [     26298], ret:         54 } hitcount:          4
{ common_pid: mc-worker       [     26302], ret:         74 } hitcount:          4
{ common_pid: mc-worker       [     26303], ret:         51 } hitcount:          5
{ common_pid: mc-worker       [     26298], ret:         68 } hitcount:          5
{ common_pid: mc-worker       [     26298], ret:         53 } hitcount:          5
{ common_pid: mc-worker       [     26299], ret:         60 } hitcount:          5
{ common_pid: mc-worker       [     26297], ret:         56 } hitcount:          5
{ common_pid: mc-worker       [     26298], ret:         58 } hitcount:          5
{ common_pid: mc-worker       [     26300], ret:         57 } hitcount:          5
{ common_pid: mc-worker       [     26304], ret:         54 } hitcount:          5
{ common_pid: mc-worker       [     26302], ret:         52 } hitcount:          6
{ common_pid: mc-worker       [     26301], ret:         71 } hitcount:          6
{ common_pid: mc-worker       [     26298], ret:         50 } hitcount:          6
{ common_pid: mc-worker       [     26303], ret:         71 } hitcount:          6
{ common_pid: mc-worker       [     26299], ret:         57 } hitcount:          6
{ common_pid: mc-worker       [     26302], ret:         71 } hitcount:          6
{ common_pid: mc-worker       [     26300], ret:         55 } hitcount:          6
{ common_pid: mc-worker       [     26297], ret:         55 } hitcount:          6
{ common_pid: mc-worker       [     26304], ret:         68 } hitcount:          6
{ common_pid: mc-worker       [     26299], ret:         54 } hitcount:          6
{ common_pid: mc-worker       [     26298], ret:         61 } hitcount:          6
{ common_pid: mc-worker       [     26299], ret:         50 } hitcount:          6
{ common_pid: mc-worker       [     26303], ret:         53 } hitcount:          6
{ common_pid: mc-worker       [     26298], ret:         70 } hitcount:          6
{ common_pid: mc-worker       [     26300], ret:         56 } hitcount:          6
{ common_pid: mc-worker       [     26300], ret:         51 } hitcount:          7
{ common_pid: mc-worker       [     26298], ret:         69 } hitcount:          7
{ common_pid: mc-worker       [     26303], ret:         70 } hitcount:          7
{ common_pid: mc-worker       [     26302], ret:         58 } hitcount:          7
{ common_pid: mc-worker       [     26300], ret:         54 } hitcount:          7
{ common_pid: mc-worker       [     26304], ret:         48 } hitcount:          7
{ common_pid: mc-worker       [     26304], ret:         59 } hitcount:          7
{ common_pid: mc-worker       [     26304], ret:         69 } hitcount:          7
{ common_pid: mc-worker       [     26304], ret:         53 } hitcount:          7
{ common_pid: mc-worker       [     26302], ret:         53 } hitcount:          7
{ common_pid: mc-worker       [     26298], ret:         52 } hitcount:          7
{ common_pid: mc-worker       [     26297], ret:         52 } hitcount:          7
{ common_pid: mc-worker       [     26299], ret:         51 } hitcount:          7
{ common_pid: mc-worker       [     26298], ret:         60 } hitcount:          7
{ common_pid: mc-worker       [     26297], ret:         70 } hitcount:          7
{ common_pid: mc-worker       [     26303], ret:         55 } hitcount:          7
{ common_pid: mc-worker       [     26304], ret:         58 } hitcount:          7
{ common_pid: mc-worker       [     26302], ret:         54 } hitcount:          7
{ common_pid: mc-worker       [     26301], ret:         53 } hitcount:          8
{ common_pid: mc-worker       [     26297], ret:         57 } hitcount:          8
{ common_pid: mc-worker       [     26304], ret:         56 } hitcount:          8
{ common_pid: mc-worker       [     26300], ret:         59 } hitcount:          8
{ common_pid: mc-worker       [     26301], ret:         59 } hitcount:          8
{ common_pid: mc-worker       [     26302], ret:         61 } hitcount:          8
{ common_pid: mc-worker       [     26298], ret:         59 } hitcount:          8
{ common_pid: mc-worker       [     26302], ret:         69 } hitcount:          8
{ common_pid: mc-worker       [     26302], ret:         56 } hitcount:          8
{ common_pid: mc-worker       [     26301], ret:         54 } hitcount:          8
{ common_pid: mc-worker       [     26298], ret:         51 } hitcount:          9
{ common_pid: mc-worker       [     26304], ret:         51 } hitcount:          9
{ common_pid: mc-worker       [     26300], ret:         50 } hitcount:          9
{ common_pid: mc-worker       [     26302], ret:         70 } hitcount:          9
{ common_pid: mc-worker       [     26301], ret:         57 } hitcount:          9
{ common_pid: mc-worker       [     26298], ret:         57 } hitcount:          9
{ common_pid: mc-worker       [     26299], ret:         55 } hitcount:          9
{ common_pid: mc-worker       [     26299], ret:         59 } hitcount:          9
{ common_pid: mc-worker       [     26303], ret:         54 } hitcount:          9
{ common_pid: mc-worker       [     26300], ret:         61 } hitcount:          9
{ common_pid: mc-worker       [     26301], ret:         55 } hitcount:          9
{ common_pid: mc-worker       [     26297], ret:         49 } hitcount:          9
{ common_pid: mc-worker       [     26304], ret:         55 } hitcount:          9
{ common_pid: mc-worker       [     26303], ret:         68 } hitcount:          9
{ common_pid: mc-worker       [     26304], ret:         52 } hitcount:         10
{ common_pid: mc-worker       [     26304], ret:         57 } hitcount:         10
{ common_pid: mc-worker       [     26301], ret:         56 } hitcount:         10
{ common_pid: mc-worker       [     26299], ret:         48 } hitcount:         10
{ common_pid: mc-worker       [     26303], ret:         50 } hitcount:         10
{ common_pid: mc-worker       [     26303], ret:         60 } hitcount:         10
{ common_pid: mc-worker       [     26297], ret:         59 } hitcount:         10
{ common_pid: mc-worker       [     26303], ret:         69 } hitcount:         10
{ common_pid: mc-worker       [     26299], ret:         56 } hitcount:         10
{ common_pid: mc-worker       [     26298], ret:         55 } hitcount:         10
{ common_pid: mc-worker       [     26301], ret:         69 } hitcount:         10
{ common_pid: mc-worker       [     26300], ret:         52 } hitcount:         11
{ common_pid: mc-worker       [     26297], ret:         58 } hitcount:         11
{ common_pid: mc-worker       [     26299], ret:         52 } hitcount:         11
{ common_pid: mc-worker       [     26301], ret:         58 } hitcount:         11
{ common_pid: mc-worker       [     26301], ret:         51 } hitcount:         11
{ common_pid: mc-worker       [     26304], ret:         49 } hitcount:         11
{ common_pid: mc-worker       [     26302], ret:         59 } hitcount:         11
{ common_pid: mc-worker       [     26301], ret:         52 } hitcount:         11
{ common_pid: mc-worker       [     26300], ret:         60 } hitcount:         11
{ common_pid: mc-worker       [     26303], ret:         61 } hitcount:         11
{ common_pid: mc-worker       [     26302], ret:         57 } hitcount:         11
{ common_pid: mc-worker       [     26299], ret:         49 } hitcount:         11
{ common_pid: mc-worker       [     26297], ret:         60 } hitcount:         11
{ common_pid: mc-worker       [     26303], ret:         45 } hitcount:         11
{ common_pid: mc-worker       [     26303], ret:         57 } hitcount:         11
{ common_pid: mc-worker       [     26302], ret:         55 } hitcount:         11
{ common_pid: mc-worker       [     26304], ret:         45 } hitcount:         12
{ common_pid: mc-worker       [     26299], ret:         62 } hitcount:         12
{ common_pid: mc-worker       [     26300], ret:         58 } hitcount:         12
{ common_pid: mc-worker       [     26297], ret:         48 } hitcount:         12
{ common_pid: mc-worker       [     26299], ret:         69 } hitcount:         12
{ common_pid: mc-worker       [     26297], ret:         51 } hitcount:         12
{ common_pid: mc-worker       [     26298], ret:         62 } hitcount:         12
{ common_pid: mc-worker       [     26303], ret:         59 } hitcount:         12
{ common_pid: mc-worker       [     26297], ret:         54 } hitcount:         12
{ common_pid: mc-worker       [     26300], ret:         46 } hitcount:         12
{ common_pid: mc-worker       [     26304], ret:         61 } hitcount:         12
{ common_pid: mc-worker       [     26298], ret:         46 } hitcount:         12
{ common_pid: mc-worker       [     26302], ret:         47 } hitcount:         12
{ common_pid: mc-worker       [     26298], ret:         49 } hitcount:         12
{ common_pid: mc-worker       [     26304], ret:         50 } hitcount:         12
{ common_pid: mc-worker       [     26303], ret:         48 } hitcount:         12
{ common_pid: mc-worker       [     26303], ret:         56 } hitcount:         12
{ common_pid: mc-worker       [     26300], ret:         53 } hitcount:         13
{ common_pid: mc-worker       [     26297], ret:         69 } hitcount:         13
{ common_pid: mc-worker       [     26298], ret:         47 } hitcount:         13
{ common_pid: mc-worker       [     26298], ret:         66 } hitcount:         13
{ common_pid: mc-worker       [     26297], ret:         50 } hitcount:         13
{ common_pid: mc-worker       [     26303], ret:         52 } hitcount:         13
{ common_pid: mc-worker       [     26300], ret:         69 } hitcount:         13
{ common_pid: mc-worker       [     26297], ret:         47 } hitcount:         13
{ common_pid: mc-worker       [     26298], ret:         43 } hitcount:         13
{ common_pid: mc-worker       [     26301], ret:         67 } hitcount:         13
{ common_pid: mc-worker       [     26301], ret:         70 } hitcount:         14
{ common_pid: mc-worker       [     26302], ret:         43 } hitcount:         14
{ common_pid: mc-worker       [     26304], ret:         67 } hitcount:         14
{ common_pid: mc-worker       [     26303], ret:         58 } hitcount:         14
{ common_pid: mc-worker       [     26303], ret:         47 } hitcount:         14
{ common_pid: mc-worker       [     26299], ret:         53 } hitcount:         14
{ common_pid: mc-worker       [     26303], ret:         49 } hitcount:         15
{ common_pid: mc-worker       [     26304], ret:         66 } hitcount:         15
{ common_pid: mc-worker       [     26300], ret:         67 } hitcount:         15
{ common_pid: mc-worker       [     26303], ret:         43 } hitcount:         15
{ common_pid: mc-worker       [     26301], ret:         49 } hitcount:         15
{ common_pid: mc-worker       [     26304], ret:         62 } hitcount:         15
{ common_pid: mc-worker       [     26304], ret:         64 } hitcount:         15
{ common_pid: mc-worker       [     26300], ret:         62 } hitcount:         15
{ common_pid: mc-worker       [     26299], ret:         65 } hitcount:         15
{ common_pid: mc-worker       [     26303], ret:         63 } hitcount:         15
{ common_pid: mc-worker       [     26299], ret:         63 } hitcount:         16
{ common_pid: mc-worker       [     26299], ret:         45 } hitcount:         16
{ common_pid: mc-worker       [     26301], ret:         46 } hitcount:         16
{ common_pid: mc-worker       [     26301], ret:         48 } hitcount:         16
{ common_pid: mc-worker       [     26304], ret:         63 } hitcount:         16
{ common_pid: mc-worker       [     26300], ret:         47 } hitcount:         16
{ common_pid: mc-worker       [     26298], ret:         64 } hitcount:         16
{ common_pid: mc-worker       [     26304], ret:         47 } hitcount:         16
{ common_pid: mc-worker       [     26298], ret:         48 } hitcount:         16
{ common_pid: mc-worker       [     26302], ret:         49 } hitcount:         16
{ common_pid: mc-worker       [     26299], ret:         61 } hitcount:         16
{ common_pid: mc-worker       [     26301], ret:         68 } hitcount:         16
{ common_pid: mc-worker       [     26302], ret:         50 } hitcount:         17
{ common_pid: mc-worker       [     26297], ret:         64 } hitcount:         17
{ common_pid: mc-worker       [     26304], ret:         60 } hitcount:         17
{ common_pid: mc-worker       [     26300], ret:         68 } hitcount:         17
{ common_pid: mc-worker       [     26298], ret:         67 } hitcount:         17
{ common_pid: mc-worker       [     26299], ret:         43 } hitcount:         17
{ common_pid: mc-worker       [     26304], ret:         40 } hitcount:         17
{ common_pid: mc-worker       [     26301], ret:         60 } hitcount:         17
{ common_pid: mc-worker       [     26299], ret:         68 } hitcount:         17
{ common_pid: mc-worker       [     26303], ret:         46 } hitcount:         17
{ common_pid: mc-worker       [     26301], ret:         50 } hitcount:         18
{ common_pid: mc-worker       [     26303], ret:         62 } hitcount:         18
{ common_pid: mc-worker       [     26297], ret:         63 } hitcount:         18
{ common_pid: mc-worker       [     26304], ret:         42 } hitcount:         18
{ common_pid: mc-worker       [     26304], ret:         46 } hitcount:         18
{ common_pid: mc-worker       [     26302], ret:         48 } hitcount:         18
{ common_pid: mc-worker       [     26297], ret:         45 } hitcount:         18
{ common_pid: mc-worker       [     26303], ret:         66 } hitcount:         18
{ common_pid: mc-worker       [     26301], ret:         62 } hitcount:         18
{ common_pid: mc-worker       [     26300], ret:         66 } hitcount:         18
{ common_pid: mc-worker       [     26300], ret:         49 } hitcount:         18
{ common_pid: mc-worker       [     26302], ret:         67 } hitcount:         18
{ common_pid: mc-worker       [     26302], ret:         64 } hitcount:         18
{ common_pid: mc-worker       [     26297], ret:         68 } hitcount:         19
{ common_pid: mc-worker       [     26303], ret:         42 } hitcount:         19
{ common_pid: mc-worker       [     26302], ret:         62 } hitcount:         19
{ common_pid: mc-worker       [     26297], ret:         62 } hitcount:         20
{ common_pid: mc-worker       [     26302], ret:         51 } hitcount:         20
{ common_pid: mc-worker       [     26304], ret:         39 } hitcount:         20
{ common_pid: mc-worker       [     26298], ret:         63 } hitcount:         20
{ common_pid: mc-worker       [     26299], ret:         44 } hitcount:         20
{ common_pid: mc-worker       [     26299], ret:         47 } hitcount:         20
{ common_pid: mc-worker       [     26298], ret:         45 } hitcount:         20
{ common_pid: mc-worker       [     26298], ret:         65 } hitcount:         21
{ common_pid: mc-worker       [     26301], ret:         61 } hitcount:         21
{ common_pid: mc-worker       [     26301], ret:         63 } hitcount:         21
{ common_pid: mc-worker       [     26300], ret:         65 } hitcount:         22
{ common_pid: mc-worker       [     26299], ret:         67 } hitcount:         22
{ common_pid: mc-worker       [     26300], ret:         63 } hitcount:         22
{ common_pid: mc-worker       [     26297], ret:         67 } hitcount:         22
{ common_pid: mc-worker       [     26304], ret:         44 } hitcount:         22
{ common_pid: mc-worker       [     26297], ret:         61 } hitcount:         22
{ common_pid: mc-worker       [     26297], ret:         46 } hitcount:         22
{ common_pid: mc-worker       [     26302], ret:         46 } hitcount:         22
{ common_pid: mc-worker       [     26303], ret:         44 } hitcount:         22
{ common_pid: mc-worker       [     26302], ret:         60 } hitcount:         22
{ common_pid: mc-worker       [     26300], ret:         45 } hitcount:         22
{ common_pid: mc-worker       [     26301], ret:         47 } hitcount:         23
{ common_pid: mc-worker       [     26297], ret:         65 } hitcount:         23
{ common_pid: mc-worker       [     26301], ret:         65 } hitcount:         23
{ common_pid: mc-worker       [     26301], ret:         44 } hitcount:         23
{ common_pid: mc-worker       [     26302], ret:         65 } hitcount:         23
{ common_pid: mc-worker       [     26304], ret:         41 } hitcount:         23
{ common_pid: mc-worker       [     26302], ret:         68 } hitcount:         24
{ common_pid: mc-worker       [     26297], ret:         41 } hitcount:         24
{ common_pid: mc-worker       [     26304], ret:         65 } hitcount:         24
{ common_pid: mc-worker       [     26297], ret:         43 } hitcount:         24
{ common_pid: mc-worker       [     26302], ret:         45 } hitcount:         24
{ common_pid: mc-worker       [     26303], ret:         67 } hitcount:         24
{ common_pid: mc-worker       [     26304], ret:         38 } hitcount:         25
{ common_pid: mc-worker       [     26299], ret:         64 } hitcount:         25
{ common_pid: mc-worker       [     26299], ret:         46 } hitcount:         25
{ common_pid: mc-worker       [     26303], ret:         65 } hitcount:         25
{ common_pid: mc-worker       [     26301], ret:         64 } hitcount:         25
{ common_pid: mc-worker       [     26297], ret:         66 } hitcount:         25
{ common_pid: mc-worker       [     26300], ret:         64 } hitcount:         25
{ common_pid: mc-worker       [     26300], ret:         43 } hitcount:         26
{ common_pid: mc-worker       [     26302], ret:         44 } hitcount:         26
{ common_pid: mc-worker       [     26297], ret:         38 } hitcount:         27
{ common_pid: mc-worker       [     26299], ret:         42 } hitcount:         27
{ common_pid: mc-worker       [     26298], ret:         42 } hitcount:         27
{ common_pid: mc-worker       [     26300], ret:         41 } hitcount:         27
{ common_pid: mc-worker       [     26297], ret:         44 } hitcount:         27
{ common_pid: mc-worker       [     26304], ret:         43 } hitcount:         27
{ common_pid: mc-worker       [     26300], ret:         48 } hitcount:         27
{ common_pid: mc-worker       [     26302], ret:         66 } hitcount:         28
{ common_pid: mc-worker       [     26297], ret:         40 } hitcount:         28
{ common_pid: mc-worker       [     26301], ret:         66 } hitcount:         28
{ common_pid: mc-worker       [     26301], ret:         43 } hitcount:         28
{ common_pid: mc-worker       [     26302], ret:         63 } hitcount:         28
{ common_pid: mc-worker       [     26297], ret:         42 } hitcount:         29
{ common_pid: mc-worker       [     26303], ret:         39 } hitcount:         29
{ common_pid: mc-worker       [     26299], ret:         66 } hitcount:         29
{ common_pid: mc-worker       [     26303], ret:         64 } hitcount:         29
{ common_pid: mc-worker       [     26301], ret:         41 } hitcount:         30
{ common_pid: mc-worker       [     26302], ret:         41 } hitcount:         31
{ common_pid: mc-worker       [     26300], ret:         38 } hitcount:         31
{ common_pid: mc-worker       [     26303], ret:         40 } hitcount:         31
{ common_pid: mc-worker       [     26300], ret:         39 } hitcount:         32
{ common_pid: mc-worker       [     26298], ret:         41 } hitcount:         32
{ common_pid: mc-worker       [     26301], ret:         39 } hitcount:         33
{ common_pid: mc-worker       [     26302], ret:         39 } hitcount:         33
{ common_pid: mc-worker       [     26300], ret:         44 } hitcount:         33
{ common_pid: mc-worker       [     26302], ret:         42 } hitcount:         33
{ common_pid: mc-worker       [     26304], ret:         30 } hitcount:         34
{ common_pid: mc-worker       [     26298], ret:         40 } hitcount:         34
{ common_pid: mc-worker       [     26303], ret:         41 } hitcount:         34
{ common_pid: mc-worker       [     26301], ret:         45 } hitcount:         35
{ common_pid: mc-worker       [     26298], ret:         39 } hitcount:         35
{ common_pid: mc-worker       [     26302], ret:         40 } hitcount:         36
{ common_pid: mc-worker       [     26300], ret:         42 } hitcount:         36
{ common_pid: mc-worker       [     26298], ret:         44 } hitcount:         36
{ common_pid: mc-worker       [     26297], ret:         39 } hitcount:         36
{ common_pid: mc-worker       [     26299], ret:         37 } hitcount:         37
{ common_pid: mc-worker       [     26298], ret:         35 } hitcount:         37
{ common_pid: mc-worker       [     26302], ret:         38 } hitcount:         37
{ common_pid: mc-worker       [     26300], ret:         37 } hitcount:         37
{ common_pid: mc-worker       [     26299], ret:         38 } hitcount:         38
{ common_pid: mc-worker       [     26297], ret:         37 } hitcount:         38
{ common_pid: mc-worker       [     26303], ret:         36 } hitcount:         39
{ common_pid: mc-worker       [     26299], ret:         40 } hitcount:         39
{ common_pid: mc-worker       [     26300], ret:         40 } hitcount:         39
{ common_pid: mc-worker       [     26303], ret:         34 } hitcount:         39
{ common_pid: mc-worker       [     26303], ret:         37 } hitcount:         39
{ common_pid: mc-worker       [     26303], ret:         38 } hitcount:         41
{ common_pid: mc-worker       [     26298], ret:         36 } hitcount:         41
{ common_pid: mc-worker       [     26304], ret:         34 } hitcount:         41
{ common_pid: mc-worker       [     26299], ret:         35 } hitcount:         41
{ common_pid: mc-worker       [     26297], ret:         36 } hitcount:         41
{ common_pid: mc-worker       [     26298], ret:         33 } hitcount:         42
{ common_pid: mc-worker       [     26301], ret:         36 } hitcount:         42
{ common_pid: mc-worker       [     26298], ret:         37 } hitcount:         42
{ common_pid: mc-worker       [     26304], ret:         37 } hitcount:         42
{ common_pid: mc-worker       [     26301], ret:         42 } hitcount:         42
{ common_pid: mc-worker       [     26297], ret:         35 } hitcount:         43
{ common_pid: mc-worker       [     26299], ret:         33 } hitcount:         43
{ common_pid: mc-worker       [     26304], ret:         36 } hitcount:         44
{ common_pid: mc-worker       [     26299], ret:         39 } hitcount:         45
{ common_pid: mc-worker       [     26301], ret:         40 } hitcount:         45
{ common_pid: mc-worker       [     26301], ret:         38 } hitcount:         46
{ common_pid: mc-worker       [     26303], ret:         35 } hitcount:         46
{ common_pid: mc-worker       [     26299], ret:         41 } hitcount:         47
{ common_pid: mc-worker       [     26299], ret:         36 } hitcount:         47
{ common_pid: mc-worker       [     26300], ret:         36 } hitcount:         47
{ common_pid: mc-worker       [     26302], ret:         32 } hitcount:         48
{ common_pid: mc-worker       [     26299], ret:         32 } hitcount:         48
{ common_pid: mc-worker       [     26298], ret:         38 } hitcount:         48
{ common_pid: mc-worker       [     26300], ret:         34 } hitcount:         48
{ common_pid: mc-worker       [     26302], ret:         37 } hitcount:         49
{ common_pid: mc-worker       [     26299], ret:         34 } hitcount:         49
{ common_pid: mc-worker       [     26304], ret:         31 } hitcount:         49
{ common_pid: mc-worker       [     26304], ret:         32 } hitcount:         50
{ common_pid: mc-worker       [     26302], ret:         35 } hitcount:         50
{ common_pid: mc-worker       [     26301], ret:         37 } hitcount:         50
{ common_pid: mc-worker       [     26300], ret:         35 } hitcount:         51
{ common_pid: mc-worker       [     26304], ret:         33 } hitcount:         51
{ common_pid: mc-worker       [     26302], ret:         36 } hitcount:         51
{ common_pid: mc-worker       [     26304], ret:         35 } hitcount:         51
{ common_pid: mc-worker       [     26303], ret:         33 } hitcount:         52
{ common_pid: mc-worker       [     26300], ret:         33 } hitcount:         53
{ common_pid: mc-worker       [     26304], ret:         29 } hitcount:         53
{ common_pid: mc-worker       [     26301], ret:         35 } hitcount:         53
{ common_pid: mc-worker       [     26297], ret:         34 } hitcount:         55
{ common_pid: mc-worker       [     26302], ret:         33 } hitcount:         55
{ common_pid: mc-worker       [     26297], ret:         33 } hitcount:         55
{ common_pid: mc-worker       [     26298], ret:         31 } hitcount:         56
{ common_pid: mc-worker       [     26301], ret:         32 } hitcount:         56
{ common_pid: mc-worker       [     26299], ret:         29 } hitcount:         57
{ common_pid: mc-worker       [     26303], ret:         32 } hitcount:         58
{ common_pid: mc-worker       [     26298], ret:         30 } hitcount:         58
{ common_pid: mc-worker       [     26297], ret:         31 } hitcount:         58
{ common_pid: mc-worker       [     26299], ret:         31 } hitcount:         59
{ common_pid: mc-worker       [     26297], ret:         28 } hitcount:         60
{ common_pid: mc-worker       [     26297], ret:         32 } hitcount:         60
{ common_pid: mc-worker       [     26298], ret:         34 } hitcount:         60
{ common_pid: mc-worker       [     26303], ret:         31 } hitcount:         61
{ common_pid: mc-worker       [     26297], ret:         30 } hitcount:         61
{ common_pid: mc-worker       [     26301], ret:         34 } hitcount:         62
{ common_pid: mc-worker       [     26302], ret:         31 } hitcount:         62
{ common_pid: mc-worker       [     26303], ret:         30 } hitcount:         62
{ common_pid: mc-worker       [     26300], ret:         30 } hitcount:         62
{ common_pid: mc-worker       [     26304], ret:         28 } hitcount:         63
{ common_pid: mc-worker       [     26300], ret:         31 } hitcount:         63
{ common_pid: mc-worker       [     26300], ret:         32 } hitcount:         63
{ common_pid: mc-worker       [     26298], ret:         32 } hitcount:         63
{ common_pid: mc-worker       [     26301], ret:         31 } hitcount:         64
{ common_pid: mc-worker       [     26302], ret:         34 } hitcount:         66
{ common_pid: mc-worker       [     26303], ret:         27 } hitcount:         66
{ common_pid: mc-worker       [     26300], ret:         28 } hitcount:         66
{ common_pid: mc-worker       [     26300], ret:         29 } hitcount:         67
{ common_pid: mc-worker       [     26297], ret:         29 } hitcount:         67
{ common_pid: mc-worker       [     26301], ret:         33 } hitcount:         69
{ common_pid: mc-worker       [     26301], ret:         30 } hitcount:         69
{ common_pid: mc-worker       [     26298], ret:         29 } hitcount:         70
{ common_pid: mc-worker       [     26299], ret:         30 } hitcount:         71
{ common_pid: mc-worker       [     26302], ret:         28 } hitcount:         72
{ common_pid: mc-worker       [     26298], ret:         28 } hitcount:         73
{ common_pid: mc-worker       [     26300], ret:         27 } hitcount:         74
{ common_pid: mc-worker       [     26303], ret:         25 } hitcount:         75
{ common_pid: mc-worker       [     26304], ret:         26 } hitcount:         76
{ common_pid: mc-worker       [     26298], ret:         27 } hitcount:         77
{ common_pid: mc-worker       [     26297], ret:         27 } hitcount:         77
{ common_pid: mc-worker       [     26303], ret:         29 } hitcount:         78
{ common_pid: mc-worker       [     26303], ret:         28 } hitcount:         78
{ common_pid: mc-worker       [     26302], ret:         29 } hitcount:         78
{ common_pid: mc-worker       [     26302], ret:         30 } hitcount:         79
{ common_pid: mc-worker       [     26301], ret:         28 } hitcount:         80
{ common_pid: mc-worker       [     26304], ret:         27 } hitcount:         81
{ common_pid: mc-worker       [     26299], ret:         27 } hitcount:         86
{ common_pid: mc-worker       [     26304], ret:         25 } hitcount:         86
{ common_pid: mc-worker       [     26303], ret:         26 } hitcount:         87
{ common_pid: mc-worker       [     26299], ret:         28 } hitcount:         87
{ common_pid: mc-worker       [     26301], ret:         29 } hitcount:         88
{ common_pid: mc-worker       [     26297], ret:         26 } hitcount:         90
{ common_pid: mc-worker       [     26299], ret:         25 } hitcount:         91
{ common_pid: mc-worker       [     26297], ret:         25 } hitcount:         92
{ common_pid: mc-worker       [     26298], ret:         25 } hitcount:         92
{ common_pid: mc-worker       [     26302], ret:         26 } hitcount:         93
{ common_pid: mc-worker       [     26299], ret:         26 } hitcount:         96
{ common_pid: mc-worker       [     26301], ret:         27 } hitcount:         96
{ common_pid: mc-worker       [     26302], ret:         27 } hitcount:         97
{ common_pid: mc-worker       [     26303], ret:         24 } hitcount:         97
{ common_pid: mc-worker       [     26299], ret:         24 } hitcount:         97
{ common_pid: mc-worker       [     26298], ret:         26 } hitcount:         98
{ common_pid: mc-worker       [     26300], ret:         26 } hitcount:        100
{ common_pid: mc-worker       [     26302], ret:         25 } hitcount:        101
{ common_pid: mc-worker       [     26300], ret:         25 } hitcount:        105
{ common_pid: mc-worker       [     26301], ret:         26 } hitcount:        106
{ common_pid: mc-worker       [     26304], ret:         24 } hitcount:        107
{ common_pid: mc-worker       [     26301], ret:         25 } hitcount:        113
{ common_pid: mc-worker       [     26297], ret:         24 } hitcount:        120
{ common_pid: mc-worker       [     26300], ret:         24 } hitcount:        126
{ common_pid: mc-worker       [     26298], ret:         24 } hitcount:        128
{ common_pid: mc-worker       [     26299], ret:         23 } hitcount:        133
{ common_pid: mc-worker       [     26303], ret:         23 } hitcount:        135
{ common_pid: mc-worker       [     26302], ret:         24 } hitcount:        141
{ common_pid: mc-worker       [     26300], ret:         23 } hitcount:        142
{ common_pid: mc-worker       [     26297], ret:         23 } hitcount:        143
{ common_pid: mc-worker       [     26301], ret:         24 } hitcount:        143
{ common_pid: mc-worker       [     26298], ret:         23 } hitcount:        155
{ common_pid: mc-worker       [     26302], ret:         23 } hitcount:        160
{ common_pid: mc-worker       [     26304], ret:         22 } hitcount:        165
{ common_pid: mc-worker       [     26304], ret:         23 } hitcount:        167
{ common_pid: mc-worker       [     26301], ret:         23 } hitcount:        170
{ common_pid: mc-worker       [     26303], ret:         22 } hitcount:        178
{ common_pid: mc-worker       [     26299], ret:         22 } hitcount:        189
{ common_pid: mc-worker       [     26300], ret:         22 } hitcount:        191
{ common_pid: mc-worker       [     26297], ret:         22 } hitcount:        209
{ common_pid: mc-worker       [     26302], ret:         22 } hitcount:        212
{ common_pid: mc-worker       [     26298], ret:         22 } hitcount:        220
{ common_pid: mc-worker       [     26301], ret:         22 } hitcount:        222
{ common_pid: mc-worker       [     26299], ret:         21 } hitcount:        230
{ common_pid: mc-worker       [     26303], ret:         21 } hitcount:        231
{ common_pid: mc-worker       [     26304], ret:         21 } hitcount:        241
{ common_pid: mc-worker       [     26297], ret:         21 } hitcount:        254
{ common_pid: mc-worker       [     26298], ret:         21 } hitcount:        271
{ common_pid: mc-worker       [     26300], ret:         21 } hitcount:        278
{ common_pid: mc-worker       [     26303], ret:         20 } hitcount:        292
{ common_pid: mc-worker       [     26302], ret:         21 } hitcount:        297
{ common_pid: mc-worker       [     26299], ret:         20 } hitcount:        316
{ common_pid: mc-worker       [     26297], ret:         20 } hitcount:        345
{ common_pid: mc-worker       [     26301], ret:         21 } hitcount:        347
{ common_pid: mc-worker       [     26304], ret:         20 } hitcount:        354
{ common_pid: mc-worker       [     26298], ret:         20 } hitcount:        380
{ common_pid: mc-worker       [     26300], ret:         20 } hitcount:        381
{ common_pid: mc-worker       [     26302], ret:         20 } hitcount:        399
{ common_pid: mc-worker       [     26303], ret:         19 } hitcount:        421
{ common_pid: mc-worker       [     26299], ret:         19 } hitcount:        455
{ common_pid: mc-worker       [     26301], ret:         20 } hitcount:        481
{ common_pid: mc-worker       [     26297], ret:         19 } hitcount:        554
{ common_pid: mc-worker       [     26304], ret:         19 } hitcount:        564
{ common_pid: mc-worker       [     26300], ret:         19 } hitcount:        583
{ common_pid: mc-worker       [     26303], ret:         18 } hitcount:        611
{ common_pid: mc-worker       [     26298], ret:         19 } hitcount:        613
{ common_pid: mc-worker       [     26302], ret:         19 } hitcount:        660
{ common_pid: mc-worker       [     26301], ret:         19 } hitcount:        676
{ common_pid: mc-worker       [     26299], ret:         18 } hitcount:        697
{ common_pid: mc-worker       [     26297], ret:         18 } hitcount:        831
{ common_pid: mc-worker       [     26304], ret:         18 } hitcount:        874
{ common_pid: mc-worker       [     26300], ret:         18 } hitcount:        891
{ common_pid: mc-worker       [     26302], ret:         18 } hitcount:        944
{ common_pid: mc-worker       [     26298], ret:         18 } hitcount:        975
{ common_pid: mc-worker       [     26303], ret:         17 } hitcount:        987
{ common_pid: mc-worker       [     26301], ret:         18 } hitcount:       1049
{ common_pid: mc-worker       [     26299], ret:         17 } hitcount:       1124
{ common_pid: mc-worker       [     26297], ret:         17 } hitcount:       1253
{ common_pid: mc-worker       [     26304], ret:         17 } hitcount:       1327
{ common_pid: mc-worker       [     26300], ret:         17 } hitcount:       1365
{ common_pid: mc-worker       [     26298], ret:         17 } hitcount:       1405
{ common_pid: mc-worker       [     26302], ret:         17 } hitcount:       1452
{ common_pid: mc-worker       [     26303], ret:         16 } hitcount:       1540
{ common_pid: mc-worker       [     26301], ret:         17 } hitcount:       1587
{ common_pid: mc-worker       [     26299], ret:         16 } hitcount:       1694
{ common_pid: mc-worker       [     26297], ret:         16 } hitcount:       1935
{ common_pid: mc-worker       [     26304], ret:         16 } hitcount:       2025
{ common_pid: mc-worker       [     26300], ret:         16 } hitcount:       2088
{ common_pid: mc-worker       [     26298], ret:         16 } hitcount:       2111
{ common_pid: mc-worker       [     26302], ret:         16 } hitcount:       2218
{ common_pid: mc-worker       [     26303], ret:         15 } hitcount:       2363
{ common_pid: mc-worker       [     26301], ret:         16 } hitcount:       2364
{ common_pid: mc-worker       [     26299], ret:         15 } hitcount:       2520
{ common_pid: mc-worker       [     26297], ret:         15 } hitcount:       2934
{ common_pid: mc-worker       [     26304], ret:         15 } hitcount:       3061
{ common_pid: mc-worker       [     26300], ret:         15 } hitcount:       3065
{ common_pid: mc-worker       [     26298], ret:         15 } hitcount:       3118
{ common_pid: mc-worker       [     26302], ret:         15 } hitcount:       3147
{ common_pid: mc-worker       [     26301], ret:         15 } hitcount:       3345
{ common_pid: mc-worker       [     26303], ret:         14 } hitcount:       3389
{ common_pid: mc-worker       [     26299], ret:         14 } hitcount:       3707
{ common_pid: mc-worker       [     26297], ret:         14 } hitcount:       4147
{ common_pid: mc-worker       [     26298], ret:         14 } hitcount:       4356
{ common_pid: mc-worker       [     26300], ret:         14 } hitcount:       4380
{ common_pid: mc-worker       [     26304], ret:         14 } hitcount:       4408
{ common_pid: mc-worker       [     26302], ret:         14 } hitcount:       4628
{ common_pid: mc-worker       [     26301], ret:         14 } hitcount:       4745
{ common_pid: mc-worker       [     26303], ret:         13 } hitcount:       4912
{ common_pid: mc-worker       [     26299], ret:         13 } hitcount:       5215
{ common_pid: mc-worker       [     26297], ret:         13 } hitcount:       5724
{ common_pid: mc-worker       [     26304], ret:         13 } hitcount:       5976
{ common_pid: mc-worker       [     26298], ret:         13 } hitcount:       6062
{ common_pid: mc-worker       [     26300], ret:         13 } hitcount:       6152
{ common_pid: mc-worker       [     26302], ret:         13 } hitcount:       6267
{ common_pid: mc-worker       [     26301], ret:         13 } hitcount:       6454
{ common_pid: mc-worker       [     26303], ret:         12 } hitcount:       7068
{ common_pid: mc-worker       [     26299], ret:         12 } hitcount:       7201
{ common_pid: mc-worker       [     26297], ret:         12 } hitcount:       7891
{ common_pid: mc-worker       [     26304], ret:         12 } hitcount:       7956
{ common_pid: mc-worker       [     26300], ret:         12 } hitcount:       8094
{ common_pid: mc-worker       [     26298], ret:         12 } hitcount:       8307
{ common_pid: mc-worker       [     26302], ret:         12 } hitcount:       8311
{ common_pid: mc-worker       [     26301], ret:         12 } hitcount:       8568
{ common_pid: mc-worker       [     26303], ret:         11 } hitcount:       9247
{ common_pid: mc-worker       [     26299], ret:         11 } hitcount:       9652
{ common_pid: mc-worker       [     26297], ret:         11 } hitcount:      10361
{ common_pid: mc-worker       [     26300], ret:         11 } hitcount:      10418
{ common_pid: mc-worker       [     26298], ret:         11 } hitcount:      10426
{ common_pid: mc-worker       [     26304], ret:         11 } hitcount:      10526
{ common_pid: mc-worker       [     26302], ret:         11 } hitcount:      10753
{ common_pid: mc-worker       [     26301], ret:         11 } hitcount:      11036
{ common_pid: mc-worker       [     26303], ret:         10 } hitcount:      11951
{ common_pid: mc-worker       [     26299], ret:         10 } hitcount:      12576
{ common_pid: mc-worker       [     26297], ret:         10 } hitcount:      13074
{ common_pid: mc-worker       [     26300], ret:         10 } hitcount:      13326
{ common_pid: mc-worker       [     26304], ret:         10 } hitcount:      13500
{ common_pid: mc-worker       [     26301], ret:         10 } hitcount:      13513
{ common_pid: mc-worker       [     26302], ret:         10 } hitcount:      13551
{ common_pid: mc-worker       [     26298], ret:         10 } hitcount:      13556
{ common_pid: mc-worker       [     26303], ret:          9 } hitcount:      15125
{ common_pid: mc-worker       [     26299], ret:          9 } hitcount:      15551
{ common_pid: mc-worker       [     26297], ret:          9 } hitcount:      16090
{ common_pid: mc-worker       [     26298], ret:          9 } hitcount:      16214
{ common_pid: mc-worker       [     26300], ret:          9 } hitcount:      16431
{ common_pid: mc-worker       [     26301], ret:          9 } hitcount:      16505
{ common_pid: mc-worker       [     26302], ret:          9 } hitcount:      16590
{ common_pid: mc-worker       [     26304], ret:          9 } hitcount:      16777
{ common_pid: mc-worker       [     26303], ret:          8 } hitcount:      18677
{ common_pid: mc-worker       [     26299], ret:          8 } hitcount:      19272
{ common_pid: mc-worker       [     26302], ret:          8 } hitcount:      19470
{ common_pid: mc-worker       [     26297], ret:          8 } hitcount:      19501
{ common_pid: mc-worker       [     26301], ret:          8 } hitcount:      19553
{ common_pid: mc-worker       [     26298], ret:          8 } hitcount:      19595
{ common_pid: mc-worker       [     26304], ret:          8 } hitcount:      19706
{ common_pid: mc-worker       [     26300], ret:          8 } hitcount:      19768
{ common_pid: mc-worker       [     26299], ret:          7 } hitcount:      22726
{ common_pid: mc-worker       [     26301], ret:          7 } hitcount:      22727
{ common_pid: mc-worker       [     26303], ret:          7 } hitcount:      22847
{ common_pid: mc-worker       [     26297], ret:          7 } hitcount:      23143
{ common_pid: mc-worker       [     26298], ret:          7 } hitcount:      23211
{ common_pid: mc-worker       [     26302], ret:          7 } hitcount:      23295
{ common_pid: mc-worker       [     26300], ret:          7 } hitcount:      23582
{ common_pid: mc-worker       [     26304], ret:          7 } hitcount:      23767
{ common_pid: mc-worker       [     26301], ret:          6 } hitcount:      26870
{ common_pid: mc-worker       [     26299], ret:          6 } hitcount:      27207
{ common_pid: mc-worker       [     26297], ret:          6 } hitcount:      27236
{ common_pid: mc-worker       [     26302], ret:          6 } hitcount:      27359
{ common_pid: mc-worker       [     26303], ret:          6 } hitcount:      27479
{ common_pid: mc-worker       [     26300], ret:          6 } hitcount:      27652
{ common_pid: mc-worker       [     26298], ret:          6 } hitcount:      27828
{ common_pid: mc-worker       [     26304], ret:          6 } hitcount:      28411
{ common_pid: mc-worker       [     26302], ret:          5 } hitcount:      34981
{ common_pid: mc-worker       [     26301], ret:          5 } hitcount:      34997
{ common_pid: mc-worker       [     26297], ret:          5 } hitcount:      35192
{ common_pid: mc-worker       [     26299], ret:          5 } hitcount:      35249
{ common_pid: mc-worker       [     26300], ret:          5 } hitcount:      35351
{ common_pid: mc-worker       [     26303], ret:          5 } hitcount:      35950
{ common_pid: mc-worker       [     26304], ret:          5 } hitcount:      36707
{ common_pid: mc-worker       [     26298], ret:          5 } hitcount:      36745
{ common_pid: mc-worker       [     26301], ret:          4 } hitcount:      53830
{ common_pid: mc-worker       [     26302], ret:          4 } hitcount:      54280
{ common_pid: mc-worker       [     26297], ret:          4 } hitcount:      54772
{ common_pid: mc-worker       [     26300], ret:          4 } hitcount:      55045
{ common_pid: mc-worker       [     26299], ret:          4 } hitcount:      55998
{ common_pid: mc-worker       [     26303], ret:          4 } hitcount:      56265
{ common_pid: mc-worker       [     26304], ret:          4 } hitcount:      56874
{ common_pid: mc-worker       [     26298], ret:          4 } hitcount:      56997
{ common_pid: mc-worker       [     26300], ret:          1 } hitcount:      71602
{ common_pid: mc-worker       [     26304], ret:          1 } hitcount:      72609
{ common_pid: mc-worker       [     26301], ret:          1 } hitcount:      72930
{ common_pid: mc-worker       [     26297], ret:          1 } hitcount:      73184
{ common_pid: mc-worker       [     26302], ret:          1 } hitcount:      75119
{ common_pid: mc-worker       [     26298], ret:          1 } hitcount:      78111
{ common_pid: mc-worker       [     26303], ret:          1 } hitcount:      79639
{ common_pid: mc-worker       [     26299], ret:          1 } hitcount:      81746
{ common_pid: mc-worker       [     26297], ret:          3 } hitcount:      85871
{ common_pid: mc-worker       [     26302], ret:          3 } hitcount:      86241
{ common_pid: mc-worker       [     26301], ret:          3 } hitcount:      86860
{ common_pid: mc-worker       [     26300], ret:          3 } hitcount:      87222
{ common_pid: mc-worker       [     26303], ret:          3 } hitcount:      89145
{ common_pid: mc-worker       [     26304], ret:          3 } hitcount:      90178
{ common_pid: mc-worker       [     26299], ret:          3 } hitcount:      90370
{ common_pid: mc-worker       [     26298], ret:          3 } hitcount:      90481
{ common_pid: mc-worker       [     26297], ret:          2 } hitcount:      98620
{ common_pid: mc-worker       [     26300], ret:          2 } hitcount:     100032
{ common_pid: mc-worker       [     26302], ret:          2 } hitcount:     100424
{ common_pid: mc-worker       [     26301], ret:          2 } hitcount:     100606
{ common_pid: mc-worker       [     26304], ret:          2 } hitcount:     102214
{ common_pid: mc-worker       [     26303], ret:          2 } hitcount:     103182
{ common_pid: mc-worker       [     26298], ret:          2 } hitcount:     104595
{ common_pid: mc-worker       [     26299], ret:          2 } hitcount:     108001
