{ common_pid: mc-worker       [    386687], ret:        491 } hitcount:          1
{ common_pid: mc-worker       [    386690], ret:        513 } hitcount:          1
{ common_pid: mc-worker       [    386690], ret:         28 } hitcount:          1
{ common_pid: mc-worker       [    386686], ret:         21 } hitcount:          1
{ common_pid: mc-worker       [    386692], ret:         36 } hitcount:          1
{ common_pid: mc-worker       [    386688], ret:        486 } hitcount:          1
{ common_pid: mc-worker       [    386686], ret:        561 } hitcount:          1
{ common_pid: mc-worker       [    386686], ret:         24 } hitcount:          1
{ common_pid: mc-worker       [    386687], ret:         24 } hitcount:          1
{ common_pid: mc-worker       [    386687], ret:         16 } hitcount:          1
{ common_pid: mc-worker       [    386689], ret:        365 } hitcount:          1
{ common_pid: mc-worker       [    386688], ret:        489 } hitcount:          1
{ common_pid: mc-worker       [    386689], ret:        521 } hitcount:          1
{ common_pid: mc-worker       [    386690], ret:        496 } hitcount:          1
{ common_pid: mc-worker       [    386692], ret:        511 } hitcount:          1
{ common_pid: mc-worker       [    386686], ret:         23 } hitcount:          1
{ common_pid: mc-worker       [    386693], ret:        535 } hitcount:          1
{ common_pid: mc-worker       [    386686], ret:         27 } hitcount:          1
{ common_pid: mc-worker       [    386690], ret:         20 } hitcount:          1
{ common_pid: mc-worker       [    386689], ret:        568 } hitcount:          1
{ common_pid: mc-worker       [    386686], ret:         20 } hitcount:          1
{ common_pid: mc-worker       [    386692], ret:        509 } hitcount:          1
{ common_pid: mc-worker       [    386691], ret:        493 } hitcount:          1
{ common_pid: mc-worker       [    386691], ret:         22 } hitcount:          1
{ common_pid: mc-worker       [    386693], ret:         21 } hitcount:          1
{ common_pid: mc-worker       [    386686], ret:         29 } hitcount:          1
{ common_pid: mc-worker       [    386693], ret:         31 } hitcount:          1
{ common_pid: mc-worker       [    386690], ret:        504 } hitcount:          1
{ common_pid: mc-worker       [    386690], ret:         21 } hitcount:          1
{ common_pid: mc-worker       [    386691], ret:        435 } hitcount:          1
{ common_pid: mc-worker       [    386691], ret:        549 } hitcount:          1
{ common_pid: mc-worker       [    386686], ret:        502 } hitcount:          1
{ common_pid: mc-worker       [    386692], ret:         17 } hitcount:          1
{ common_pid: mc-worker       [    386688], ret:        435 } hitcount:          1
{ common_pid: mc-worker       [    386691], ret:         25 } hitcount:          1
{ common_pid: mc-worker       [    386692], ret:         18 } hitcount:          1
{ common_pid: mc-worker       [    386691], ret:         19 } hitcount:          1
{ common_pid: mc-worker       [    386689], ret:        520 } hitcount:          1
{ common_pid: mc-worker       [    386690], ret:         24 } hitcount:          1
{ common_pid: mc-worker       [    386691], ret:        491 } hitcount:          1
{ common_pid: mc-worker       [    386687], ret:        486 } hitcount:          1
{ common_pid: mc-worker       [    386687], ret:         23 } hitcount:          1
{ common_pid: mc-worker       [    386687], ret:        399 } hitcount:          1
{ common_pid: mc-worker       [    386687], ret:        362 } hitcount:          1
{ common_pid: mc-worker       [    386690], ret:         22 } hitcount:          1
{ common_pid: mc-worker       [    386690], ret:        501 } hitcount:          1
{ common_pid: mc-worker       [    386688], ret:         40 } hitcount:          1
{ common_pid: mc-worker       [    386690], ret:         26 } hitcount:          1
{ common_pid: mc-worker       [    386693], ret:        536 } hitcount:          1
{ common_pid: mc-worker       [    386688], ret:        551 } hitcount:          1
{ common_pid: mc-worker       [    386691], ret:        441 } hitcount:          1
{ common_pid: mc-worker       [    386689], ret:        525 } hitcount:          1
{ common_pid: mc-worker       [    386690], ret:        561 } hitcount:          1
{ common_pid: mc-worker       [    386691], ret:         20 } hitcount:          1
{ common_pid: mc-worker       [    386689], ret:        569 } hitcount:          1
{ common_pid: mc-worker       [    386689], ret:        459 } hitcount:          1
{ common_pid: mc-worker       [    386688], ret:        493 } hitcount:          1
{ common_pid: mc-worker       [    386689], ret:         18 } hitcount:          1
{ common_pid: mc-worker       [    386693], ret:        538 } hitcount:          1
{ common_pid: mc-worker       [    386692], ret:         28 } hitcount:          1
{ common_pid: mc-worker       [    386689], ret:        144 } hitcount:          1
{ common_pid: mc-worker       [    386686], ret:         28 } hitcount:          1
{ common_pid: mc-worker       [    386688], ret:        494 } hitcount:          1
{ common_pid: mc-worker       [    386689], ret:        523 } hitcount:          1
{ common_pid: mc-worker       [    386692], ret:        512 } hitcount:          1
{ common_pid: mc-worker       [    386686], ret:        507 } hitcount:          1
{ common_pid: mc-worker       [    386689], ret:         26 } hitcount:          1
{ common_pid: mc-worker       [    386686], ret:        422 } hitcount:          1
{ common_pid: mc-worker       [    386688], ret:         24 } hitcount:          1
{ common_pid: mc-worker       [    386686], ret:         17 } hitcount:          1
{ common_pid: mc-worker       [    386692], ret:         27 } hitcount:          1
{ common_pid: mc-worker       [    386689], ret:         19 } hitcount:          1
{ common_pid: mc-worker       [    386686], ret:         39 } hitcount:          1
{ common_pid: mc-worker       [    386687], ret:        483 } hitcount:          1
{ common_pid: mc-worker       [    386691], ret:         17 } hitcount:          1
{ common_pid: mc-worker       [    386690], ret:        368 } hitcount:          1
{ common_pid: mc-worker       [    386686], ret:         22 } hitcount:          1
{ common_pid: mc-worker       [    386686], ret:        504 } hitcount:          1
{ common_pid: mc-worker       [    386693], ret:        418 } hitcount:          1
{ common_pid: mc-worker       [    386688], ret:        491 } hitcount:          1
{ common_pid: mc-worker       [    386686], ret:        503 } hitcount:          1
{ common_pid: mc-worker       [    386692], ret:        514 } hitcount:          1
{ common_pid: mc-worker       [    386693], ret:        534 } hitcount:          1
{ common_pid: mc-worker       [    386687], ret:        492 } hitcount:          1
{ common_pid: mc-worker       [    386692], ret:         71 } hitcount:          1
{ common_pid: mc-worker       [    386692], ret:        516 } hitcount:          1
{ common_pid: mc-worker       [    386693], ret:        190 } hitcount:          1
{ common_pid: mc-worker       [    386690], ret:         36 } hitcount:          1
{ common_pid: mc-worker       [    386688], ret:         20 } hitcount:          1
{ common_pid: mc-worker       [    386687], ret:         29 } hitcount:          1
{ common_pid: mc-worker       [    386692], ret:        561 } hitcount:          2
{ common_pid: mc-worker       [    386691], ret:        497 } hitcount:          2
{ common_pid: mc-worker       [    386687], ret:         22 } hitcount:          2
{ common_pid: mc-worker       [    386693], ret:        533 } hitcount:          2
{ common_pid: mc-worker       [    386693], ret:        541 } hitcount:          2
{ common_pid: mc-worker       [    386689], ret:        527 } hitcount:          2
{ common_pid: mc-worker       [    386690], ret:        516 } hitcount:          2
{ common_pid: mc-worker       [    386693], ret:         15 } hitcount:          2
{ common_pid: mc-worker       [    386693], ret:        540 } hitcount:          2
{ common_pid: mc-worker       [    386693], ret:         18 } hitcount:          2
{ common_pid: mc-worker       [    386686], ret:         31 } hitcount:          2
{ common_pid: mc-worker       [    386687], ret:        537 } hitcount:          2
{ common_pid: mc-worker       [    386693], ret:        580 } hitcount:          2
{ common_pid: mc-worker       [    386692], ret:         19 } hitcount:          2
{ common_pid: mc-worker       [    386690], ret:        560 } hitcount:          2
{ common_pid: mc-worker       [    386687], ret:         14 } hitcount:          2
{ common_pid: mc-worker       [    386690], ret:        514 } hitcount:          2
{ common_pid: mc-worker       [    386687], ret:        489 } hitcount:          2
{ common_pid: mc-worker       [    386692], ret:        515 } hitcount:          2
{ common_pid: mc-worker       [    386687], ret:        487 } hitcount:          2
{ common_pid: mc-worker       [    386691], ret:        495 } hitcount:          2
{ common_pid: mc-worker       [    386690], ret:         18 } hitcount:          2
{ common_pid: mc-worker       [    386687], ret:         19 } hitcount:          2
{ common_pid: mc-worker       [    386690], ret:         17 } hitcount:          2
{ common_pid: mc-worker       [    386687], ret:         18 } hitcount:          2
{ common_pid: mc-worker       [    386689], ret:        519 } hitcount:          2
{ common_pid: mc-worker       [    386692], ret:        501 } hitcount:          2
{ common_pid: mc-worker       [    386693], ret:         17 } hitcount:          2
{ common_pid: mc-worker       [    386689], ret:        570 } hitcount:          2
{ common_pid: mc-worker       [    386691], ret:        498 } hitcount:          2
{ common_pid: mc-worker       [    386686], ret:        508 } hitcount:          2
{ common_pid: mc-worker       [    386692], ret:        517 } hitcount:          2
{ common_pid: mc-worker       [    386687], ret:        490 } hitcount:          2
{ common_pid: mc-worker       [    386688], ret:        492 } hitcount:          2
{ common_pid: mc-worker       [    386686], ret:         25 } hitcount:          2
{ common_pid: mc-worker       [    386692], ret:         15 } hitcount:          2
{ common_pid: mc-worker       [    386686], ret:         18 } hitcount:          2
{ common_pid: mc-worker       [    386687], ret:        485 } hitcount:          2
{ common_pid: mc-worker       [    386689], ret:         21 } hitcount:          2
{ common_pid: mc-worker       [    386691], ret:         16 } hitcount:          2
{ common_pid: mc-worker       [    386692], ret:         14 } hitcount:          3
{ common_pid: mc-worker       [    386692], ret:         16 } hitcount:          3
{ common_pid: mc-worker       [    386691], ret:        550 } hitcount:          3
{ common_pid: mc-worker       [    386690], ret:        515 } hitcount:          3
{ common_pid: mc-worker       [    386688], ret:         21 } hitcount:          3
{ common_pid: mc-worker       [    386689], ret:         13 } hitcount:          3
{ common_pid: mc-worker       [    386691], ret:        502 } hitcount:          3
{ common_pid: mc-worker       [    386691], ret:        548 } hitcount:          3
{ common_pid: mc-worker       [    386688], ret:         18 } hitcount:          3
{ common_pid: mc-worker       [    386691], ret:        501 } hitcount:          3
{ common_pid: mc-worker       [    386692], ret:        513 } hitcount:          3
{ common_pid: mc-worker       [    386692], ret:         20 } hitcount:          3
{ common_pid: mc-worker       [    386686], ret:        562 } hitcount:          3
{ common_pid: mc-worker       [    386689], ret:        524 } hitcount:          3
{ common_pid: mc-worker       [    386687], ret:         17 } hitcount:          3
{ common_pid: mc-worker       [    386690], ret:        558 } hitcount:          3
{ common_pid: mc-worker       [    386687], ret:        536 } hitcount:          3
{ common_pid: mc-worker       [    386688], ret:        496 } hitcount:          3
{ common_pid: mc-worker       [    386686], ret:         19 } hitcount:          4
{ common_pid: mc-worker       [    386691], ret:         14 } hitcount:          4
{ common_pid: mc-worker       [    386688], ret:        549 } hitcount:          4
{ common_pid: mc-worker       [    386689], ret:         16 } hitcount:          4
{ common_pid: mc-worker       [    386689], ret:        528 } hitcount:          4
{ common_pid: mc-worker       [    386690], ret:        559 } hitcount:          4
{ common_pid: mc-worker       [    386692], ret:        560 } hitcount:          4
{ common_pid: mc-worker       [    386688], ret:        547 } hitcount:          4
{ common_pid: mc-worker       [    386689], ret:        522 } hitcount:          4
{ common_pid: mc-worker       [    386693], ret:         14 } hitcount:          4
{ common_pid: mc-worker       [    386691], ret:        500 } hitcount:          4
{ common_pid: mc-worker       [    386686], ret:         16 } hitcount:          4
{ common_pid: mc-worker       [    386686], ret:        560 } hitcount:          4
{ common_pid: mc-worker       [    386691], ret:        503 } hitcount:          4
{ common_pid: mc-worker       [    386691], ret:         15 } hitcount:          4
{ common_pid: mc-worker       [    386693], ret:        579 } hitcount:          4
{ common_pid: mc-worker       [    386691], ret:         18 } hitcount:          5
{ common_pid: mc-worker       [    386691], ret:         11 } hitcount:          5
{ common_pid: mc-worker       [    386690], ret:         13 } hitcount:          5
{ common_pid: mc-worker       [    386688], ret:        495 } hitcount:          5
{ common_pid: mc-worker       [    386686], ret:        559 } hitcount:          5
{ common_pid: mc-worker       [    386690], ret:         15 } hitcount:          5
{ common_pid: mc-worker       [    386693], ret:        543 } hitcount:          5
{ common_pid: mc-worker       [    386693], ret:        542 } hitcount:          5
{ common_pid: mc-worker       [    386686], ret:        509 } hitcount:          5
{ common_pid: mc-worker       [    386686], ret:        511 } hitcount:          5
{ common_pid: mc-worker       [    386690], ret:         14 } hitcount:          5
{ common_pid: mc-worker       [    386688], ret:        548 } hitcount:          5
{ common_pid: mc-worker       [    386690], ret:         12 } hitcount:          5
{ common_pid: mc-worker       [    386688], ret:        497 } hitcount:          5
{ common_pid: mc-worker       [    386689], ret:         17 } hitcount:          5
{ common_pid: mc-worker       [    386692], ret:        518 } hitcount:          6
{ common_pid: mc-worker       [    386692], ret:        559 } hitcount:          6
{ common_pid: mc-worker       [    386693], ret:         13 } hitcount:          6
{ common_pid: mc-worker       [    386686], ret:        512 } hitcount:          6
{ common_pid: mc-worker       [    386687], ret:        494 } hitcount:          6
{ common_pid: mc-worker       [    386688], ret:         14 } hitcount:          6
{ common_pid: mc-worker       [    386692], ret:         13 } hitcount:          6
{ common_pid: mc-worker       [    386686], ret:        510 } hitcount:          6
{ common_pid: mc-worker       [    386688], ret:         17 } hitcount:          6
{ common_pid: mc-worker       [    386691], ret:        496 } hitcount:          6
{ common_pid: mc-worker       [    386687], ret:        495 } hitcount:          6
{ common_pid: mc-worker       [    386691], ret:         10 } hitcount:          6
{ common_pid: mc-worker       [    386693], ret:        578 } hitcount:          6
{ common_pid: mc-worker       [    386686], ret:         15 } hitcount:          7
{ common_pid: mc-worker       [    386692], ret:         12 } hitcount:          7
{ common_pid: mc-worker       [    386687], ret:        535 } hitcount:          7
{ common_pid: mc-worker       [    386686], ret:        513 } hitcount:          7
{ common_pid: mc-worker       [    386687], ret:        496 } hitcount:          7
{ common_pid: mc-worker       [    386693], ret:         16 } hitcount:          7
{ common_pid: mc-worker       [    386690], ret:        557 } hitcount:          7
{ common_pid: mc-worker       [    386688], ret:        546 } hitcount:          7
{ common_pid: mc-worker       [    386691], ret:         13 } hitcount:          7
{ common_pid: mc-worker       [    386689], ret:        526 } hitcount:          7
{ common_pid: mc-worker       [    386691], ret:        545 } hitcount:          7
{ common_pid: mc-worker       [    386688], ret:         12 } hitcount:          7
{ common_pid: mc-worker       [    386687], ret:         10 } hitcount:          7
{ common_pid: mc-worker       [    386688], ret:        499 } hitcount:          7
{ common_pid: mc-worker       [    386687], ret:        497 } hitcount:          7
{ common_pid: mc-worker       [    386687], ret:         13 } hitcount:          7
{ common_pid: mc-worker       [    386687], ret:        493 } hitcount:          8
{ common_pid: mc-worker       [    386689], ret:         15 } hitcount:          8
{ common_pid: mc-worker       [    386689], ret:        529 } hitcount:          8
{ common_pid: mc-worker       [    386693], ret:         12 } hitcount:          8
{ common_pid: mc-worker       [    386689], ret:          8 } hitcount:          8
{ common_pid: mc-worker       [    386689], ret:         11 } hitcount:          8
{ common_pid: mc-worker       [    386691], ret:        547 } hitcount:          8
{ common_pid: mc-worker       [    386687], ret:         15 } hitcount:          8
{ common_pid: mc-worker       [    386691], ret:        505 } hitcount:          8
{ common_pid: mc-worker       [    386690], ret:        518 } hitcount:          9
{ common_pid: mc-worker       [    386686], ret:         14 } hitcount:          9
{ common_pid: mc-worker       [    386687], ret:         12 } hitcount:          9
{ common_pid: mc-worker       [    386690], ret:         16 } hitcount:          9
{ common_pid: mc-worker       [    386687], ret:         11 } hitcount:          9
{ common_pid: mc-worker       [    386691], ret:        504 } hitcount:          9
{ common_pid: mc-worker       [    386689], ret:         14 } hitcount:          9
{ common_pid: mc-worker       [    386686], ret:         10 } hitcount:          9
{ common_pid: mc-worker       [    386686], ret:         13 } hitcount:          9
{ common_pid: mc-worker       [    386691], ret:         12 } hitcount:          9
{ common_pid: mc-worker       [    386693], ret:        544 } hitcount:          9
{ common_pid: mc-worker       [    386689], ret:         12 } hitcount:          9
{ common_pid: mc-worker       [    386687], ret:        534 } hitcount:          9
{ common_pid: mc-worker       [    386692], ret:        520 } hitcount:          9
{ common_pid: mc-worker       [    386688], ret:        498 } hitcount:         10
{ common_pid: mc-worker       [    386693], ret:         11 } hitcount:         10
{ common_pid: mc-worker       [    386692], ret:          8 } hitcount:         10
{ common_pid: mc-worker       [    386688], ret:         16 } hitcount:         10
{ common_pid: mc-worker       [    386690], ret:        520 } hitcount:         10
{ common_pid: mc-worker       [    386691], ret:          9 } hitcount:         10
{ common_pid: mc-worker       [    386689], ret:        530 } hitcount:         10
{ common_pid: mc-worker       [    386692], ret:         11 } hitcount:         11
{ common_pid: mc-worker       [    386688], ret:         15 } hitcount:         11
{ common_pid: mc-worker       [    386686], ret:        514 } hitcount:         11
{ common_pid: mc-worker       [    386693], ret:        545 } hitcount:         11
{ common_pid: mc-worker       [    386691], ret:        508 } hitcount:         11
{ common_pid: mc-worker       [    386689], ret:        531 } hitcount:         11
{ common_pid: mc-worker       [    386692], ret:        519 } hitcount:         11
{ common_pid: mc-worker       [    386690], ret:        517 } hitcount:         11
{ common_pid: mc-worker       [    386688], ret:        501 } hitcount:         12
{ common_pid: mc-worker       [    386692], ret:        522 } hitcount:         12
{ common_pid: mc-worker       [    386688], ret:         13 } hitcount:         12
{ common_pid: mc-worker       [    386690], ret:         11 } hitcount:         12
{ common_pid: mc-worker       [    386691], ret:        507 } hitcount:         12
{ common_pid: mc-worker       [    386690], ret:         10 } hitcount:         12
{ common_pid: mc-worker       [    386689], ret:          9 } hitcount:         13
{ common_pid: mc-worker       [    386692], ret:         10 } hitcount:         13
{ common_pid: mc-worker       [    386690], ret:        519 } hitcount:         13
{ common_pid: mc-worker       [    386693], ret:          8 } hitcount:         13
{ common_pid: mc-worker       [    386693], ret:          9 } hitcount:         13
{ common_pid: mc-worker       [    386686], ret:         11 } hitcount:         13
{ common_pid: mc-worker       [    386693], ret:         10 } hitcount:         13
{ common_pid: mc-worker       [    386689], ret:        566 } hitcount:         13
{ common_pid: mc-worker       [    386687], ret:        498 } hitcount:         14
{ common_pid: mc-worker       [    386688], ret:        500 } hitcount:         14
{ common_pid: mc-worker       [    386691], ret:          8 } hitcount:         14
{ common_pid: mc-worker       [    386689], ret:          7 } hitcount:         14
{ common_pid: mc-worker       [    386692], ret:        521 } hitcount:         14
{ common_pid: mc-worker       [    386687], ret:          8 } hitcount:         14
{ common_pid: mc-worker       [    386687], ret:        499 } hitcount:         15
{ common_pid: mc-worker       [    386693], ret:        577 } hitcount:         15
{ common_pid: mc-worker       [    386686], ret:         12 } hitcount:         15
{ common_pid: mc-worker       [    386687], ret:          6 } hitcount:         15
{ common_pid: mc-worker       [    386688], ret:         10 } hitcount:         15
{ common_pid: mc-worker       [    386687], ret:          9 } hitcount:         15
{ common_pid: mc-worker       [    386689], ret:          5 } hitcount:         16
{ common_pid: mc-worker       [    386689], ret:          6 } hitcount:         16
{ common_pid: mc-worker       [    386688], ret:         11 } hitcount:         16
{ common_pid: mc-worker       [    386688], ret:        545 } hitcount:         16
{ common_pid: mc-worker       [    386689], ret:        567 } hitcount:         16
{ common_pid: mc-worker       [    386693], ret:        546 } hitcount:         16
{ common_pid: mc-worker       [    386691], ret:        546 } hitcount:         16
{ common_pid: mc-worker       [    386693], ret:        576 } hitcount:         16
{ common_pid: mc-worker       [    386688], ret:          7 } hitcount:         17
{ common_pid: mc-worker       [    386686], ret:        557 } hitcount:         17
{ common_pid: mc-worker       [    386690], ret:        555 } hitcount:         17
{ common_pid: mc-worker       [    386690], ret:          9 } hitcount:         17
{ common_pid: mc-worker       [    386689], ret:         10 } hitcount:         17
{ common_pid: mc-worker       [    386688], ret:          9 } hitcount:         18
{ common_pid: mc-worker       [    386693], ret:          7 } hitcount:         18
{ common_pid: mc-worker       [    386686], ret:        558 } hitcount:         18
{ common_pid: mc-worker       [    386692], ret:        558 } hitcount:         18
{ common_pid: mc-worker       [    386692], ret:          9 } hitcount:         18
{ common_pid: mc-worker       [    386687], ret:        500 } hitcount:         18
{ common_pid: mc-worker       [    386692], ret:          7 } hitcount:         18
{ common_pid: mc-worker       [    386689], ret:        532 } hitcount:         18
{ common_pid: mc-worker       [    386693], ret:        547 } hitcount:         18
{ common_pid: mc-worker       [    386691], ret:        506 } hitcount:         18
{ common_pid: mc-worker       [    386690], ret:        521 } hitcount:         19
{ common_pid: mc-worker       [    386688], ret:        503 } hitcount:         19
{ common_pid: mc-worker       [    386693], ret:          6 } hitcount:         20
{ common_pid: mc-worker       [    386692], ret:          6 } hitcount:         20
{ common_pid: mc-worker       [    386688], ret:          8 } hitcount:         20
{ common_pid: mc-worker       [    386688], ret:        502 } hitcount:         20
{ common_pid: mc-worker       [    386686], ret:        515 } hitcount:         20
{ common_pid: mc-worker       [    386687], ret:        533 } hitcount:         20
{ common_pid: mc-worker       [    386687], ret:          7 } hitcount:         20
{ common_pid: mc-worker       [    386686], ret:        516 } hitcount:         21
{ common_pid: mc-worker       [    386690], ret:          8 } hitcount:         21
{ common_pid: mc-worker       [    386690], ret:        556 } hitcount:         21
{ common_pid: mc-worker       [    386688], ret:        544 } hitcount:         21
{ common_pid: mc-worker       [    386692], ret:        524 } hitcount:         21
{ common_pid: mc-worker       [    386688], ret:        504 } hitcount:         21
{ common_pid: mc-worker       [    386690], ret:          7 } hitcount:         21
{ common_pid: mc-worker       [    386688], ret:          6 } hitcount:         22
{ common_pid: mc-worker       [    386686], ret:        556 } hitcount:         22
{ common_pid: mc-worker       [    386686], ret:          7 } hitcount:         22
{ common_pid: mc-worker       [    386691], ret:        509 } hitcount:         23
{ common_pid: mc-worker       [    386693], ret:          5 } hitcount:         23
{ common_pid: mc-worker       [    386693], ret:        548 } hitcount:         23
{ common_pid: mc-worker       [    386692], ret:        523 } hitcount:         23
{ common_pid: mc-worker       [    386690], ret:          6 } hitcount:         23
{ common_pid: mc-worker       [    386692], ret:        557 } hitcount:         24
{ common_pid: mc-worker       [    386686], ret:          9 } hitcount:         24
{ common_pid: mc-worker       [    386687], ret:        501 } hitcount:         24
{ common_pid: mc-worker       [    386691], ret:          7 } hitcount:         24
{ common_pid: mc-worker       [    386693], ret:          4 } hitcount:         25
{ common_pid: mc-worker       [    386689], ret:        533 } hitcount:         25
{ common_pid: mc-worker       [    386688], ret:        505 } hitcount:         25
{ common_pid: mc-worker       [    386691], ret:          6 } hitcount:         27
{ common_pid: mc-worker       [    386690], ret:        522 } hitcount:         28
{ common_pid: mc-worker       [    386691], ret:        511 } hitcount:         28
{ common_pid: mc-worker       [    386686], ret:        517 } hitcount:         29
{ common_pid: mc-worker       [    386686], ret:          5 } hitcount:         29
{ common_pid: mc-worker       [    386686], ret:          8 } hitcount:         29
{ common_pid: mc-worker       [    386692], ret:        525 } hitcount:         29
{ common_pid: mc-worker       [    386690], ret:        523 } hitcount:         29
{ common_pid: mc-worker       [    386691], ret:        510 } hitcount:         30
{ common_pid: mc-worker       [    386686], ret:          4 } hitcount:         30
{ common_pid: mc-worker       [    386687], ret:          5 } hitcount:         30
{ common_pid: mc-worker       [    386689], ret:        534 } hitcount:         30
{ common_pid: mc-worker       [    386686], ret:          3 } hitcount:         31
{ common_pid: mc-worker       [    386689], ret:        565 } hitcount:         31
{ common_pid: mc-worker       [    386686], ret:          6 } hitcount:         33
{ common_pid: mc-worker       [    386686], ret:        518 } hitcount:         34
{ common_pid: mc-worker       [    386686], ret:        519 } hitcount:         34
{ common_pid: mc-worker       [    386692], ret:          5 } hitcount:         35
{ common_pid: mc-worker       [    386686], ret:          2 } hitcount:         36
{ common_pid: mc-worker       [    386693], ret:        575 } hitcount:         36
{ common_pid: mc-worker       [    386688], ret:          5 } hitcount:         36
{ common_pid: mc-worker       [    386686], ret:        554 } hitcount:         36
{ common_pid: mc-worker       [    386686], ret:        555 } hitcount:         37
{ common_pid: mc-worker       [    386691], ret:        544 } hitcount:         38
{ common_pid: mc-worker       [    386692], ret:        556 } hitcount:         39
{ common_pid: mc-worker       [    386692], ret:        528 } hitcount:         39
{ common_pid: mc-worker       [    386689], ret:        564 } hitcount:         40
{ common_pid: mc-worker       [    386690], ret:        524 } hitcount:         40
{ common_pid: mc-worker       [    386691], ret:          5 } hitcount:         40
{ common_pid: mc-worker       [    386690], ret:        554 } hitcount:         41
{ common_pid: mc-worker       [    386689], ret:          4 } hitcount:         41
{ common_pid: mc-worker       [    386692], ret:        526 } hitcount:         41
{ common_pid: mc-worker       [    386687], ret:        502 } hitcount:         42
{ common_pid: mc-worker       [    386692], ret:          3 } hitcount:         42
{ common_pid: mc-worker       [    386693], ret:        549 } hitcount:         43
{ common_pid: mc-worker       [    386690], ret:          5 } hitcount:         45
{ common_pid: mc-worker       [    386687], ret:        532 } hitcount:         45
{ common_pid: mc-worker       [    386688], ret:        507 } hitcount:         45
{ common_pid: mc-worker       [    386688], ret:          4 } hitcount:         46
{ common_pid: mc-worker       [    386692], ret:          4 } hitcount:         46
{ common_pid: mc-worker       [    386693], ret:        550 } hitcount:         46
{ common_pid: mc-worker       [    386687], ret:        503 } hitcount:         48
{ common_pid: mc-worker       [    386687], ret:          4 } hitcount:         48
{ common_pid: mc-worker       [    386688], ret:        506 } hitcount:         48
{ common_pid: mc-worker       [    386689], ret:        563 } hitcount:         49
{ common_pid: mc-worker       [    386686], ret:        520 } hitcount:         51
{ common_pid: mc-worker       [    386692], ret:        527 } hitcount:         51
{ common_pid: mc-worker       [    386688], ret:        543 } hitcount:         52
{ common_pid: mc-worker       [    386690], ret:        525 } hitcount:         52
{ common_pid: mc-worker       [    386689], ret:        536 } hitcount:         53
{ common_pid: mc-worker       [    386691], ret:          4 } hitcount:         53
{ common_pid: mc-worker       [    386688], ret:        542 } hitcount:         53
{ common_pid: mc-worker       [    386693], ret:          3 } hitcount:         53
{ common_pid: mc-worker       [    386693], ret:        574 } hitcount:         54
{ common_pid: mc-worker       [    386692], ret:          2 } hitcount:         54
{ common_pid: mc-worker       [    386691], ret:        512 } hitcount:         54
{ common_pid: mc-worker       [    386689], ret:        535 } hitcount:         54
{ common_pid: mc-worker       [    386686], ret:        553 } hitcount:         55
{ common_pid: mc-worker       [    386691], ret:        543 } hitcount:         56
{ common_pid: mc-worker       [    386693], ret:        573 } hitcount:         56
{ common_pid: mc-worker       [    386692], ret:        529 } hitcount:         57
{ common_pid: mc-worker       [    386690], ret:        553 } hitcount:         57
{ common_pid: mc-worker       [    386689], ret:          3 } hitcount:         57
{ common_pid: mc-worker       [    386688], ret:        508 } hitcount:         58
{ common_pid: mc-worker       [    386692], ret:        555 } hitcount:         59
{ common_pid: mc-worker       [    386687], ret:          3 } hitcount:         60
{ common_pid: mc-worker       [    386690], ret:        526 } hitcount:         61
{ common_pid: mc-worker       [    386693], ret:        551 } hitcount:         61
{ common_pid: mc-worker       [    386687], ret:        504 } hitcount:         62
{ common_pid: mc-worker       [    386688], ret:        509 } hitcount:         63
{ common_pid: mc-worker       [    386691], ret:        542 } hitcount:         63
{ common_pid: mc-worker       [    386687], ret:          2 } hitcount:         65
{ common_pid: mc-worker       [    386688], ret:        541 } hitcount:         66
{ common_pid: mc-worker       [    386688], ret:          3 } hitcount:         66
{ common_pid: mc-worker       [    386688], ret:          2 } hitcount:         67
{ common_pid: mc-worker       [    386687], ret:        505 } hitcount:         67
{ common_pid: mc-worker       [    386687], ret:        531 } hitcount:         69
{ common_pid: mc-worker       [    386689], ret:        537 } hitcount:         69
{ common_pid: mc-worker       [    386686], ret:        521 } hitcount:         69
{ common_pid: mc-worker       [    386693], ret:          2 } hitcount:         70
{ common_pid: mc-worker       [    386689], ret:        562 } hitcount:         74
{ common_pid: mc-worker       [    386691], ret:        514 } hitcount:         75
{ common_pid: mc-worker       [    386690], ret:          2 } hitcount:         75
{ common_pid: mc-worker       [    386691], ret:        513 } hitcount:         76
{ common_pid: mc-worker       [    386689], ret:          2 } hitcount:         76
{ common_pid: mc-worker       [    386689], ret:        538 } hitcount:         76
{ common_pid: mc-worker       [    386690], ret:          4 } hitcount:         76
{ common_pid: mc-worker       [    386686], ret:        523 } hitcount:         77
{ common_pid: mc-worker       [    386692], ret:        530 } hitcount:         81
{ common_pid: mc-worker       [    386690], ret:        552 } hitcount:         81
{ common_pid: mc-worker       [    386691], ret:          3 } hitcount:         81
{ common_pid: mc-worker       [    386691], ret:        515 } hitcount:         81
{ common_pid: mc-worker       [    386687], ret:        530 } hitcount:         82
{ common_pid: mc-worker       [    386686], ret:        551 } hitcount:         84
{ common_pid: mc-worker       [    386686], ret:        552 } hitcount:         85
{ common_pid: mc-worker       [    386691], ret:          2 } hitcount:         86
{ common_pid: mc-worker       [    386686], ret:        524 } hitcount:         87
{ common_pid: mc-worker       [    386693], ret:        552 } hitcount:         88
{ common_pid: mc-worker       [    386686], ret:        522 } hitcount:         90
{ common_pid: mc-worker       [    386692], ret:        554 } hitcount:         90
{ common_pid: mc-worker       [    386690], ret:          3 } hitcount:         90
{ common_pid: mc-worker       [    386690], ret:        527 } hitcount:         91
{ common_pid: mc-worker       [    386693], ret:        572 } hitcount:         92
{ common_pid: mc-worker       [    386688], ret:        510 } hitcount:         93
{ common_pid: mc-worker       [    386692], ret:        531 } hitcount:         94
{ common_pid: mc-worker       [    386688], ret:        511 } hitcount:         95
{ common_pid: mc-worker       [    386690], ret:        528 } hitcount:         97
{ common_pid: mc-worker       [    386690], ret:        551 } hitcount:         98
{ common_pid: mc-worker       [    386687], ret:        506 } hitcount:         98
{ common_pid: mc-worker       [    386693], ret:        553 } hitcount:        103
{ common_pid: mc-worker       [    386691], ret:        541 } hitcount:        104
{ common_pid: mc-worker       [    386688], ret:        512 } hitcount:        107
{ common_pid: mc-worker       [    386691], ret:        516 } hitcount:        112
{ common_pid: mc-worker       [    386689], ret:        540 } hitcount:        114
{ common_pid: mc-worker       [    386690], ret:        529 } hitcount:        114
{ common_pid: mc-worker       [    386692], ret:        553 } hitcount:        115
{ common_pid: mc-worker       [    386692], ret:        532 } hitcount:        117
{ common_pid: mc-worker       [    386686], ret:        550 } hitcount:        119
{ common_pid: mc-worker       [    386688], ret:        540 } hitcount:        120
{ common_pid: mc-worker       [    386687], ret:        507 } hitcount:        120
{ common_pid: mc-worker       [    386693], ret:        571 } hitcount:        122
{ common_pid: mc-worker       [    386691], ret:        540 } hitcount:        125
{ common_pid: mc-worker       [    386690], ret:        549 } hitcount:        127
{ common_pid: mc-worker       [    386687], ret:        529 } hitcount:        127
{ common_pid: mc-worker       [    386689], ret:        539 } hitcount:        127
{ common_pid: mc-worker       [    386692], ret:        552 } hitcount:        128
{ common_pid: mc-worker       [    386692], ret:        533 } hitcount:        129
{ common_pid: mc-worker       [    386686], ret:        525 } hitcount:        129
{ common_pid: mc-worker       [    386693], ret:        554 } hitcount:        130
{ common_pid: mc-worker       [    386689], ret:        561 } hitcount:        133
{ common_pid: mc-worker       [    386691], ret:        517 } hitcount:        134
{ common_pid: mc-worker       [    386688], ret:        513 } hitcount:        134
{ common_pid: mc-worker       [    386690], ret:        550 } hitcount:        136
{ common_pid: mc-worker       [    386690], ret:        530 } hitcount:        145
{ common_pid: mc-worker       [    386691], ret:        539 } hitcount:        148
{ common_pid: mc-worker       [    386692], ret:        551 } hitcount:        150
{ common_pid: mc-worker       [    386686], ret:        549 } hitcount:        152
{ common_pid: mc-worker       [    386686], ret:        526 } hitcount:        152
{ common_pid: mc-worker       [    386693], ret:        555 } hitcount:        157
{ common_pid: mc-worker       [    386688], ret:        538 } hitcount:        157
{ common_pid: mc-worker       [    386689], ret:        560 } hitcount:        158
{ common_pid: mc-worker       [    386693], ret:        556 } hitcount:        158
{ common_pid: mc-worker       [    386692], ret:        534 } hitcount:        158
{ common_pid: mc-worker       [    386688], ret:        539 } hitcount:        160
{ common_pid: mc-worker       [    386687], ret:        508 } hitcount:        162
{ common_pid: mc-worker       [    386689], ret:        541 } hitcount:        163
{ common_pid: mc-worker       [    386688], ret:        514 } hitcount:        169
{ common_pid: mc-worker       [    386688], ret:        516 } hitcount:        169
{ common_pid: mc-worker       [    386689], ret:        542 } hitcount:        170
{ common_pid: mc-worker       [    386691], ret:        518 } hitcount:        171
{ common_pid: mc-worker       [    386693], ret:        557 } hitcount:        172
{ common_pid: mc-worker       [    386687], ret:        509 } hitcount:        173
{ common_pid: mc-worker       [    386693], ret:        569 } hitcount:        175
{ common_pid: mc-worker       [    386693], ret:        570 } hitcount:        177
{ common_pid: mc-worker       [    386688], ret:        537 } hitcount:        180
{ common_pid: mc-worker       [    386687], ret:        528 } hitcount:        182
{ common_pid: mc-worker       [    386692], ret:        535 } hitcount:        184
{ common_pid: mc-worker       [    386689], ret:        543 } hitcount:        189
{ common_pid: mc-worker       [    386691], ret:        519 } hitcount:        189
{ common_pid: mc-worker       [    386688], ret:        515 } hitcount:        190
{ common_pid: mc-worker       [    386689], ret:        559 } hitcount:        194
{ common_pid: mc-worker       [    386690], ret:        531 } hitcount:        194
{ common_pid: mc-worker       [    386690], ret:        548 } hitcount:        196
{ common_pid: mc-worker       [    386691], ret:        538 } hitcount:        199
{ common_pid: mc-worker       [    386686], ret:        547 } hitcount:        203
{ common_pid: mc-worker       [    386686], ret:        527 } hitcount:        204
{ common_pid: mc-worker       [    386691], ret:        520 } hitcount:        204
{ common_pid: mc-worker       [    386686], ret:        548 } hitcount:        204
{ common_pid: mc-worker       [    386690], ret:        533 } hitcount:        207
{ common_pid: mc-worker       [    386687], ret:        527 } hitcount:        210
{ common_pid: mc-worker       [    386690], ret:        532 } hitcount:        210
{ common_pid: mc-worker       [    386692], ret:        550 } hitcount:        212
{ common_pid: mc-worker       [    386686], ret:        528 } hitcount:        213
{ common_pid: mc-worker       [    386692], ret:        536 } hitcount:        216
{ common_pid: mc-worker       [    386687], ret:        510 } hitcount:        216
{ common_pid: mc-worker       [    386688], ret:        518 } hitcount:        218
{ common_pid: mc-worker       [    386691], ret:        521 } hitcount:        222
{ common_pid: mc-worker       [    386688], ret:        535 } hitcount:        226
{ common_pid: mc-worker       [    386688], ret:        536 } hitcount:        226
{ common_pid: mc-worker       [    386693], ret:        559 } hitcount:        227
{ common_pid: mc-worker       [    386693], ret:        558 } hitcount:        228
{ common_pid: mc-worker       [    386689], ret:        558 } hitcount:        228
{ common_pid: mc-worker       [    386692], ret:        537 } hitcount:        229
{ common_pid: mc-worker       [    386689], ret:        557 } hitcount:        233
{ common_pid: mc-worker       [    386688], ret:        517 } hitcount:        234
{ common_pid: mc-worker       [    386693], ret:        568 } hitcount:        234
{ common_pid: mc-worker       [    386690], ret:        534 } hitcount:        235
{ common_pid: mc-worker       [    386691], ret:        537 } hitcount:        240
{ common_pid: mc-worker       [    386689], ret:        545 } hitcount:        242
{ common_pid: mc-worker       [    386686], ret:        529 } hitcount:        244
{ common_pid: mc-worker       [    386690], ret:        547 } hitcount:        245
{ common_pid: mc-worker       [    386692], ret:        549 } hitcount:        245
{ common_pid: mc-worker       [    386692], ret:        548 } hitcount:        245
{ common_pid: mc-worker       [    386686], ret:        530 } hitcount:        245
{ common_pid: mc-worker       [    386689], ret:        544 } hitcount:        246
{ common_pid: mc-worker       [    386693], ret:        567 } hitcount:        247
{ common_pid: mc-worker       [    386692], ret:        538 } hitcount:        247
{ common_pid: mc-worker       [    386688], ret:        519 } hitcount:        253
{ common_pid: mc-worker       [    386693], ret:        564 } hitcount:        258
{ common_pid: mc-worker       [    386690], ret:        546 } hitcount:        260
{ common_pid: mc-worker       [    386687], ret:        511 } hitcount:        261
{ common_pid: mc-worker       [    386691], ret:        536 } hitcount:        262
{ common_pid: mc-worker       [    386687], ret:        526 } hitcount:        263
{ common_pid: mc-worker       [    386693], ret:        566 } hitcount:        264
{ common_pid: mc-worker       [    386693], ret:        560 } hitcount:        265
{ common_pid: mc-worker       [    386688], ret:        534 } hitcount:        267
{ common_pid: mc-worker       [    386692], ret:        547 } hitcount:        268
{ common_pid: mc-worker       [    386686], ret:        531 } hitcount:        268
{ common_pid: mc-worker       [    386686], ret:        546 } hitcount:        271
{ common_pid: mc-worker       [    386692], ret:        539 } hitcount:        273
{ common_pid: mc-worker       [    386692], ret:        540 } hitcount:        274
{ common_pid: mc-worker       [    386687], ret:        512 } hitcount:        275
{ common_pid: mc-worker       [    386691], ret:        522 } hitcount:        278
{ common_pid: mc-worker       [    386692], ret:        542 } hitcount:        279
{ common_pid: mc-worker       [    386693], ret:        565 } hitcount:        281
{ common_pid: mc-worker       [    386693], ret:        562 } hitcount:        283
{ common_pid: mc-worker       [    386693], ret:        561 } hitcount:        284
{ common_pid: mc-worker       [    386689], ret:        546 } hitcount:        286
{ common_pid: mc-worker       [    386687], ret:        525 } hitcount:        294
{ common_pid: mc-worker       [    386690], ret:        544 } hitcount:        296
{ common_pid: mc-worker       [    386693], ret:        563 } hitcount:        296
{ common_pid: mc-worker       [    386686], ret:        532 } hitcount:        297
{ common_pid: mc-worker       [    386688], ret:        520 } hitcount:        298
{ common_pid: mc-worker       [    386691], ret:        535 } hitcount:        299
{ common_pid: mc-worker       [    386692], ret:        541 } hitcount:        300
{ common_pid: mc-worker       [    386689], ret:        554 } hitcount:        301
{ common_pid: mc-worker       [    386690], ret:        545 } hitcount:        306
{ common_pid: mc-worker       [    386690], ret:        535 } hitcount:        307
{ common_pid: mc-worker       [    386686], ret:        544 } hitcount:        308
{ common_pid: mc-worker       [    386689], ret:        555 } hitcount:        309
{ common_pid: mc-worker       [    386689], ret:        556 } hitcount:        310
{ common_pid: mc-worker       [    386692], ret:        543 } hitcount:        310
{ common_pid: mc-worker       [    386689], ret:        547 } hitcount:        311
{ common_pid: mc-worker       [    386690], ret:        537 } hitcount:        313
{ common_pid: mc-worker       [    386691], ret:        523 } hitcount:        314
{ common_pid: mc-worker       [    386692], ret:        546 } hitcount:        316
{ common_pid: mc-worker       [    386686], ret:        545 } hitcount:        320
{ common_pid: mc-worker       [    386692], ret:        545 } hitcount:        321
{ common_pid: mc-worker       [    386690], ret:        538 } hitcount:        322
{ common_pid: mc-worker       [    386690], ret:        543 } hitcount:        324
{ common_pid: mc-worker       [    386690], ret:        536 } hitcount:        327
{ common_pid: mc-worker       [    386687], ret:        513 } hitcount:        328
{ common_pid: mc-worker       [    386686], ret:        536 } hitcount:        331
{ common_pid: mc-worker       [    386689], ret:        550 } hitcount:        332
{ common_pid: mc-worker       [    386688], ret:        521 } hitcount:        334
{ common_pid: mc-worker       [    386689], ret:        553 } hitcount:        335
{ common_pid: mc-worker       [    386686], ret:        543 } hitcount:        340
{ common_pid: mc-worker       [    386690], ret:        540 } hitcount:        341
{ common_pid: mc-worker       [    386686], ret:        533 } hitcount:        344
{ common_pid: mc-worker       [    386686], ret:        534 } hitcount:        344
{ common_pid: mc-worker       [    386691], ret:        524 } hitcount:        345
{ common_pid: mc-worker       [    386692], ret:        544 } hitcount:        346
{ common_pid: mc-worker       [    386691], ret:        525 } hitcount:        348
{ common_pid: mc-worker       [    386691], ret:        534 } hitcount:        349
{ common_pid: mc-worker       [    386688], ret:        522 } hitcount:        351
{ common_pid: mc-worker       [    386687], ret:        514 } hitcount:        354
{ common_pid: mc-worker       [    386688], ret:        532 } hitcount:        356
{ common_pid: mc-worker       [    386687], ret:        524 } hitcount:        356
{ common_pid: mc-worker       [    386688], ret:        533 } hitcount:        356
{ common_pid: mc-worker       [    386689], ret:        552 } hitcount:        359
{ common_pid: mc-worker       [    386689], ret:        549 } hitcount:        359
{ common_pid: mc-worker       [    386688], ret:        523 } hitcount:        362
{ common_pid: mc-worker       [    386689], ret:        548 } hitcount:        364
{ common_pid: mc-worker       [    386688], ret:        531 } hitcount:        364
{ common_pid: mc-worker       [    386690], ret:        542 } hitcount:        367
{ common_pid: mc-worker       [    386686], ret:        542 } hitcount:        369
{ common_pid: mc-worker       [    386688], ret:        524 } hitcount:        370
{ common_pid: mc-worker       [    386691], ret:        533 } hitcount:        375
{ common_pid: mc-worker       [    386686], ret:        541 } hitcount:        375
{ common_pid: mc-worker       [    386686], ret:        538 } hitcount:        379
{ common_pid: mc-worker       [    386690], ret:        539 } hitcount:        380
{ common_pid: mc-worker       [    386689], ret:        551 } hitcount:        381
{ common_pid: mc-worker       [    386687], ret:        516 } hitcount:        384
{ common_pid: mc-worker       [    386691], ret:        532 } hitcount:        384
{ common_pid: mc-worker       [    386688], ret:        529 } hitcount:        384
{ common_pid: mc-worker       [    386687], ret:        523 } hitcount:        385
{ common_pid: mc-worker       [    386686], ret:        540 } hitcount:        389
{ common_pid: mc-worker       [    386686], ret:        537 } hitcount:        390
{ common_pid: mc-worker       [    386686], ret:        539 } hitcount:        392
{ common_pid: mc-worker       [    386690], ret:        541 } hitcount:        392
{ common_pid: mc-worker       [    386688], ret:        527 } hitcount:        399
{ common_pid: mc-worker       [    386688], ret:        526 } hitcount:        402
{ common_pid: mc-worker       [    386688], ret:        525 } hitcount:        404
{ common_pid: mc-worker       [    386688], ret:        528 } hitcount:        409
{ common_pid: mc-worker       [    386688], ret:        530 } hitcount:        411
{ common_pid: mc-worker       [    386691], ret:        528 } hitcount:        411
{ common_pid: mc-worker       [    386686], ret:        535 } hitcount:        412
{ common_pid: mc-worker       [    386687], ret:        522 } hitcount:        413
{ common_pid: mc-worker       [    386691], ret:        526 } hitcount:        415
{ common_pid: mc-worker       [    386687], ret:        517 } hitcount:        423
{ common_pid: mc-worker       [    386691], ret:        530 } hitcount:        423
{ common_pid: mc-worker       [    386691], ret:        527 } hitcount:        426
{ common_pid: mc-worker       [    386687], ret:        515 } hitcount:        427
{ common_pid: mc-worker       [    386691], ret:        529 } hitcount:        438
{ common_pid: mc-worker       [    386687], ret:        518 } hitcount:        440
{ common_pid: mc-worker       [    386687], ret:        519 } hitcount:        441
{ common_pid: mc-worker       [    386691], ret:        531 } hitcount:        442
{ common_pid: mc-worker       [    386687], ret:        521 } hitcount:        445
{ common_pid: mc-worker       [    386687], ret:        520 } hitcount:        479
{ common_pid: mc-worker       [    386688], ret:          1 } hitcount:        571
{ common_pid: mc-worker       [    386686], ret:          1 } hitcount:        573
{ common_pid: mc-worker       [    386690], ret:          1 } hitcount:        584
{ common_pid: mc-worker       [    386692], ret:          1 } hitcount:        596
{ common_pid: mc-worker       [    386691], ret:          1 } hitcount:        600
{ common_pid: mc-worker       [    386693], ret:          1 } hitcount:        615
{ common_pid: mc-worker       [    386687], ret:          1 } hitcount:        628
{ common_pid: mc-worker       [    386689], ret:          1 } hitcount:        636
