Linux 6.12.0-rc5-nfoff-mitioff-ndsim-sv5 (cache-sql13432) 	11/03/2024 	_x86_64_	(64 CPU)

10:25:47 PM     CPU      %usr     %nice      %sys   %iowait    %steal      %irq     %soft    %guest    %gnice     %idle
10:25:48 PM      32     15.00      0.00     48.00      0.00      0.00      0.00     37.00      0.00      0.00      0.00
10:25:48 PM      33     24.24      0.00     48.48      0.00      0.00      0.00     27.27      0.00      0.00      0.00
10:25:48 PM      34     14.85      0.00     43.56      0.00      0.00      0.00     41.58      0.00      0.00      0.00
10:25:48 PM      35     16.00      0.00     44.00      0.00      0.00      0.00     40.00      0.00      0.00      0.00
10:25:48 PM      36     22.00      0.00     42.00      0.00      0.00      0.00     36.00      0.00      0.00      0.00
10:25:48 PM      37     16.33      0.00     43.88      0.00      0.00      0.00     39.80      0.00      0.00      0.00
10:25:48 PM      38     16.00      0.00     51.00      0.00      0.00      0.00     33.00      0.00      0.00      0.00
10:25:48 PM      39     15.00      0.00     41.00      0.00      0.00      0.00     44.00      0.00      0.00      0.00

10:25:48 PM     CPU      %usr     %nice      %sys   %iowait    %steal      %irq     %soft    %guest    %gnice     %idle
10:25:49 PM      32     17.00      0.00     47.00      0.00      0.00      0.00     36.00      0.00      0.00      0.00
10:25:49 PM      33     23.00      0.00     46.00      0.00      0.00      0.00     31.00      0.00      0.00      0.00
10:25:49 PM      34     12.12      0.00     42.42      0.00      0.00      0.00     45.45      0.00      0.00      0.00
10:25:49 PM      35     16.16      0.00     35.35      0.00      0.00      0.00     48.48      0.00      0.00      0.00
10:25:49 PM      36     21.00      0.00     53.00      0.00      0.00      0.00     26.00      0.00      0.00      0.00
10:25:49 PM      37     14.00      0.00     50.00      0.00      0.00      0.00     36.00      0.00      0.00      0.00
10:25:49 PM      38      9.00      0.00     46.00      0.00      0.00      0.00     45.00      0.00      0.00      0.00
10:25:49 PM      39     15.00      0.00     42.00      0.00      0.00      0.00     43.00      0.00      0.00      0.00

10:25:49 PM     CPU      %usr     %nice      %sys   %iowait    %steal      %irq     %soft    %guest    %gnice     %idle
10:25:50 PM      32     17.00      0.00     48.00      0.00      0.00      0.00     35.00      0.00      0.00      0.00
10:25:50 PM      33     20.20      0.00     43.43      0.00      0.00      0.00     36.36      0.00      0.00      0.00
10:25:50 PM      34     14.00      0.00     47.00      0.00      0.00      0.00     39.00      0.00      0.00      0.00
10:25:50 PM      35     16.83      0.00     40.59      0.00      0.00      0.00     42.57      0.00      0.00      0.00
10:25:50 PM      36     25.00      0.00     48.00      0.00      0.00      0.00     27.00      0.00      0.00      0.00
10:25:50 PM      37     17.82      0.00     46.53      0.00      0.00      0.00     35.64      0.00      0.00      0.00
10:25:50 PM      38     16.00      0.00     49.00      0.00      0.00      0.00     35.00      0.00      0.00      0.00
10:25:50 PM      39     16.00      0.00     38.00      0.00      0.00      0.00     46.00      0.00      0.00      0.00

10:25:50 PM     CPU      %usr     %nice      %sys   %iowait    %steal      %irq     %soft    %guest    %gnice     %idle
10:25:51 PM      32     14.00      0.00     45.00      0.00      0.00      0.00     41.00      0.00      0.00      0.00
10:25:51 PM      33     20.00      0.00     48.00      0.00      0.00      0.00     32.00      0.00      0.00      0.00
10:25:51 PM      34     14.14      0.00     40.40      0.00      0.00      0.00     45.45      0.00      0.00      0.00
10:25:51 PM      35     14.00      0.00     44.00      0.00      0.00      0.00     42.00      0.00      0.00      0.00
10:25:51 PM      36     23.00      0.00     43.00      0.00      0.00      0.00     34.00      0.00      0.00      0.00
10:25:51 PM      37     14.00      0.00     44.00      0.00      0.00      0.00     42.00      0.00      0.00      0.00
10:25:51 PM      38     16.16      0.00     45.45      0.00      0.00      0.00     38.38      0.00      0.00      0.00
10:25:51 PM      39     16.00      0.00     43.00      0.00      0.00      0.00     41.00      0.00      0.00      0.00

10:25:51 PM     CPU      %usr     %nice      %sys   %iowait    %steal      %irq     %soft    %guest    %gnice     %idle
10:25:52 PM      32     19.00      0.00     41.00      0.00      0.00      0.00     40.00      0.00      0.00      0.00
10:25:52 PM      33     21.78      0.00     44.55      0.00      0.00      0.00     33.66      0.00      0.00      0.00
10:25:52 PM      34     17.82      0.00     42.57      0.00      0.00      0.00     39.60      0.00      0.00      0.00
10:25:52 PM      35     19.00      0.00     42.00      0.00      0.00      0.00     39.00      0.00      0.00      0.00
10:25:52 PM      36     18.18      0.00     47.47      0.00      0.00      0.00     34.34      0.00      0.00      0.00
10:25:52 PM      37     14.14      0.00     44.44      0.00      0.00      0.00     41.41      0.00      0.00      0.00
10:25:52 PM      38     14.00      0.00     50.00      0.00      0.00      0.00     36.00      0.00      0.00      0.00
10:25:52 PM      39     16.00      0.00     39.00      0.00      0.00      0.00     45.00      0.00      0.00      0.00

10:25:52 PM     CPU      %usr     %nice      %sys   %iowait    %steal      %irq     %soft    %guest    %gnice     %idle
10:25:53 PM      32     18.00      0.00     42.00      0.00      0.00      0.00     40.00      0.00      0.00      0.00
10:25:53 PM      33     24.24      0.00     44.44      0.00      0.00      0.00     31.31      0.00      0.00      0.00
10:25:53 PM      34     16.16      0.00     40.40      0.00      0.00      0.00     43.43      0.00      0.00      0.00
10:25:53 PM      35     20.20      0.00     41.41      0.00      0.00      0.00     38.38      0.00      0.00      0.00
10:25:53 PM      36     16.00      0.00     51.00      0.00      0.00      0.00     33.00      0.00      0.00      0.00
10:25:53 PM      37     20.00      0.00     44.00      0.00      0.00      0.00     36.00      0.00      0.00      0.00
10:25:53 PM      38     17.00      0.00     49.00      0.00      0.00      0.00     34.00      0.00      0.00      0.00
10:25:53 PM      39     14.00      0.00     40.00      0.00      0.00      0.00     46.00      0.00      0.00      0.00

10:25:53 PM     CPU      %usr     %nice      %sys   %iowait    %steal      %irq     %soft    %guest    %gnice     %idle
10:25:54 PM      32     18.18      0.00     45.45      0.00      0.00      0.00     36.36      0.00      0.00      0.00
10:25:54 PM      33     21.78      0.00     43.56      0.00      0.00      0.00     34.65      0.00      0.00      0.00
10:25:54 PM      34     13.86      0.00     47.52      0.00      0.00      0.00     38.61      0.00      0.00      0.00
10:25:54 PM      35     15.84      0.00     42.57      0.00      0.00      0.00     41.58      0.00      0.00      0.00
10:25:54 PM      36     18.81      0.00     46.53      0.00      0.00      0.00     34.65      0.00      0.00      0.00
10:25:54 PM      37     17.82      0.00     42.57      0.00      0.00      0.00     39.60      0.00      0.00      0.00
10:25:54 PM      38     11.88      0.00     46.53      0.00      0.00      0.00     41.58      0.00      0.00      0.00
10:25:54 PM      39     17.17      0.00     42.42      0.00      0.00      0.00     40.40      0.00      0.00      0.00

10:25:54 PM     CPU      %usr     %nice      %sys   %iowait    %steal      %irq     %soft    %guest    %gnice     %idle
10:25:55 PM      32     22.00      0.00     44.00      0.00      0.00      0.00     34.00      0.00      0.00      0.00
10:25:55 PM      33     20.20      0.00     43.43      0.00      0.00      0.00     36.36      0.00      0.00      0.00
10:25:55 PM      34     16.00      0.00     39.00      0.00      0.00      0.00     45.00      0.00      0.00      0.00
10:25:55 PM      35     12.12      0.00     43.43      0.00      0.00      0.00     44.44      0.00      0.00      0.00
10:25:55 PM      36     23.00      0.00     44.00      0.00      0.00      0.00     33.00      0.00      0.00      0.00
10:25:55 PM      37     13.00      0.00     45.00      0.00      0.00      0.00     42.00      0.00      0.00      0.00
10:25:55 PM      38     17.17      0.00     47.47      0.00      0.00      0.00     35.35      0.00      0.00      0.00
10:25:55 PM      39     17.82      0.00     38.61      0.00      0.00      0.00     43.56      0.00      0.00      0.00

10:25:55 PM     CPU      %usr     %nice      %sys   %iowait    %steal      %irq     %soft    %guest    %gnice     %idle
10:25:56 PM      32     18.00      0.00     46.00      0.00      0.00      0.00     36.00      0.00      0.00      0.00
10:25:56 PM      33     22.00      0.00     44.00      0.00      0.00      0.00     34.00      0.00      0.00      0.00
10:25:56 PM      34     14.00      0.00     43.00      0.00      0.00      0.00     43.00      0.00      0.00      0.00
10:25:56 PM      35     15.84      0.00     44.55      0.00      0.00      0.00     39.60      0.00      0.00      0.00
10:25:56 PM      36     20.20      0.00     49.49      0.00      0.00      0.00     30.30      0.00      0.00      0.00
10:25:56 PM      37     18.18      0.00     41.41      0.00      0.00      0.00     40.40      0.00      0.00      0.00
10:25:56 PM      38     16.00      0.00     45.00      0.00      0.00      0.00     39.00      0.00      0.00      0.00
10:25:56 PM      39     13.00      0.00     40.00      0.00      0.00      0.00     47.00      0.00      0.00      0.00

10:25:56 PM     CPU      %usr     %nice      %sys   %iowait    %steal      %irq     %soft    %guest    %gnice     %idle
10:25:57 PM      32     18.00      0.00     43.00      0.00      0.00      0.00     39.00      0.00      0.00      0.00
10:25:57 PM      33     20.00      0.00     48.00      0.00      0.00      0.00     32.00      0.00      0.00      0.00
10:25:57 PM      34     14.14      0.00     41.41      0.00      0.00      0.00     44.44      0.00      0.00      0.00
10:25:57 PM      35     18.18      0.00     35.35      0.00      0.00      0.00     46.46      0.00      0.00      0.00
10:25:57 PM      36     20.00      0.00     48.00      0.00      0.00      0.00     32.00      0.00      0.00      0.00
10:25:57 PM      37     16.83      0.00     44.55      0.00      0.00      0.00     38.61      0.00      0.00      0.00
10:25:57 PM      38     14.85      0.00     44.55      0.00      0.00      0.00     40.59      0.00      0.00      0.00
10:25:57 PM      39     22.00      0.00     36.00      0.00      0.00      0.00     42.00      0.00      0.00      0.00

Average:        CPU      %usr     %nice      %sys   %iowait    %steal      %irq     %soft    %guest    %gnice     %idle
Average:         32     17.62      0.00     44.94      0.00      0.00      0.00     37.44      0.00      0.00      0.00
Average:         33     21.74      0.00     45.39      0.00      0.00      0.00     32.87      0.00      0.00      0.00
Average:         34     14.71      0.00     42.74      0.00      0.00      0.00     42.54      0.00      0.00      0.00
Average:         35     16.42      0.00     41.34      0.00      0.00      0.00     42.24      0.00      0.00      0.00
Average:         36     20.72      0.00     47.25      0.00      0.00      0.00     32.03      0.00      0.00      0.00
Average:         37     16.22      0.00     44.64      0.00      0.00      0.00     39.14      0.00      0.00      0.00
Average:         38     14.80      0.00     47.40      0.00      0.00      0.00     37.80      0.00      0.00      0.00
Average:         39     16.20      0.00     40.00      0.00      0.00      0.00     43.80      0.00      0.00      0.00
