Linux 6.12.0-rc5-nfoff-mitioff-ndsim-sv5 (cache-sql13432) 	11/03/2024 	_x86_64_	(64 CPU)

09:48:33 AM     CPU      %usr     %nice      %sys   %iowait    %steal      %irq     %soft    %guest    %gnice     %idle
09:48:34 AM      32      3.12      0.00      9.38      0.00      0.00      0.00     12.50      0.00      0.00     75.00
09:48:34 AM      33      5.05      0.00      7.07      0.00      0.00      0.00     14.14      0.00      0.00     73.74
09:48:34 AM      34      3.03      0.00      9.09      0.00      0.00      0.00     16.16      0.00      0.00     71.72
09:48:34 AM      35      3.09      0.00     10.31      0.00      0.00      0.00     12.37      0.00      0.00     74.23
09:48:34 AM      36      4.08      0.00     11.22      0.00      0.00      0.00     12.24      0.00      0.00     72.45
09:48:34 AM      37      5.71      0.00      9.52      0.00      0.00      0.00     16.19      0.00      0.00     68.57
09:48:34 AM      38      3.23      0.00      6.45      0.00      0.00      0.00     11.83      0.00      0.00     78.49
09:48:34 AM      39      5.00      0.00     10.00      0.00      0.00      0.00     11.00      0.00      0.00     74.00

09:48:34 AM     CPU      %usr     %nice      %sys   %iowait    %steal      %irq     %soft    %guest    %gnice     %idle
09:48:35 AM      32      5.15      0.00      8.25      0.00      0.00      0.00     10.31      0.00      0.00     76.29
09:48:35 AM      33      3.16      0.00      7.37      0.00      0.00      0.00     12.63      0.00      0.00     76.84
09:48:35 AM      34      4.26      0.00      5.32      0.00      0.00      0.00     12.77      0.00      0.00     77.66
09:48:35 AM      35      4.30      0.00      5.38      0.00      0.00      0.00     15.05      0.00      0.00     75.27
09:48:35 AM      36      2.13      0.00      8.51      0.00      0.00      0.00     10.64      0.00      0.00     78.72
09:48:35 AM      37      3.03      0.00      7.07      0.00      0.00      0.00     17.17      0.00      0.00     72.73
09:48:35 AM      38      4.17      0.00      9.38      0.00      0.00      0.00     10.42      0.00      0.00     76.04
09:48:35 AM      39      1.04      0.00      9.38      0.00      0.00      0.00     13.54      0.00      0.00     76.04

09:48:35 AM     CPU      %usr     %nice      %sys   %iowait    %steal      %irq     %soft    %guest    %gnice     %idle
09:48:36 AM      32      3.92      0.00      9.80      0.00      0.00      0.00     14.71      0.00      0.00     71.57
09:48:36 AM      33      3.88      0.00      6.80      0.00      0.00      0.00     19.42      0.00      0.00     69.90
09:48:36 AM      34      4.95      0.00      9.90      0.00      0.00      0.00     14.85      0.00      0.00     70.30
09:48:36 AM      35      3.06      0.00      8.16      0.00      0.00      0.00     15.31      0.00      0.00     73.47
09:48:36 AM      36      3.19      0.00      8.51      0.00      0.00      0.00     10.64      0.00      0.00     77.66
09:48:36 AM      37      4.21      0.00      7.37      0.00      0.00      0.00     11.58      0.00      0.00     76.84
09:48:36 AM      38      2.91      0.00     10.68      0.00      0.00      0.00     15.53      0.00      0.00     70.87
09:48:36 AM      39      4.00      0.00     11.00      0.00      0.00      0.00     12.00      0.00      0.00     73.00

09:48:36 AM     CPU      %usr     %nice      %sys   %iowait    %steal      %irq     %soft    %guest    %gnice     %idle
09:48:37 AM      32      2.08      0.00      9.38      0.00      0.00      0.00     12.50      0.00      0.00     76.04
09:48:37 AM      33      3.06      0.00      9.18      0.00      0.00      0.00     12.24      0.00      0.00     75.51
09:48:37 AM      34      4.04      0.00      9.09      0.00      0.00      0.00     15.15      0.00      0.00     71.72
09:48:37 AM      35      3.00      0.00     12.00      0.00      0.00      0.00     13.00      0.00      0.00     72.00
09:48:37 AM      36      5.00      0.00      8.00      0.00      0.00      0.00     14.00      0.00      0.00     73.00
09:48:37 AM      37      3.00      0.00      9.00      0.00      0.00      0.00     15.00      0.00      0.00     73.00
09:48:37 AM      38      4.17      0.00      7.29      0.00      0.00      0.00     14.58      0.00      0.00     73.96
09:48:37 AM      39      3.92      0.00      7.84      0.00      0.00      0.00     17.65      0.00      0.00     70.59

09:48:37 AM     CPU      %usr     %nice      %sys   %iowait    %steal      %irq     %soft    %guest    %gnice     %idle
09:48:38 AM      32      5.00      0.00     11.00      0.00      0.00      0.00     13.00      0.00      0.00     71.00
09:48:38 AM      33      3.96      0.00      5.94      0.00      0.00      0.00     17.82      0.00      0.00     72.28
09:48:38 AM      34      3.19      0.00      7.45      0.00      0.00      0.00     13.83      0.00      0.00     75.53
09:48:38 AM      35      4.90      0.00      9.80      0.00      0.00      0.00     13.73      0.00      0.00     71.57
09:48:38 AM      36      4.17      0.00      7.29      0.00      0.00      0.00     14.58      0.00      0.00     73.96
09:48:38 AM      37      2.13      0.00     10.64      0.00      0.00      0.00      9.57      0.00      0.00     77.66
09:48:38 AM      38      4.12      0.00      7.22      0.00      0.00      0.00     13.40      0.00      0.00     75.26
09:48:38 AM      39      4.17      0.00      7.29      0.00      0.00      0.00     12.50      0.00      0.00     76.04

09:48:38 AM     CPU      %usr     %nice      %sys   %iowait    %steal      %irq     %soft    %guest    %gnice     %idle
09:48:39 AM      32      3.12      0.00      8.33      0.00      0.00      0.00     14.58      0.00      0.00     73.96
09:48:39 AM      33      4.21      0.00      7.37      0.00      0.00      0.00     11.58      0.00      0.00     76.84
09:48:39 AM      34      2.04      0.00      8.16      0.00      0.00      0.00     15.31      0.00      0.00     74.49
09:48:39 AM      35      3.19      0.00      8.51      0.00      0.00      0.00     12.77      0.00      0.00     75.53
09:48:39 AM      36      3.12      0.00      8.33      0.00      0.00      0.00     13.54      0.00      0.00     75.00
09:48:39 AM      37      5.00      0.00      8.00      0.00      0.00      0.00     14.00      0.00      0.00     73.00
09:48:39 AM      38      4.17      0.00      9.38      0.00      0.00      0.00     10.42      0.00      0.00     76.04
09:48:39 AM      39      2.94      0.00      9.80      0.00      0.00      0.00     15.69      0.00      0.00     71.57

09:48:39 AM     CPU      %usr     %nice      %sys   %iowait    %steal      %irq     %soft    %guest    %gnice     %idle
09:48:40 AM      32      5.26      0.00      7.37      0.00      0.00      0.00     10.53      0.00      0.00     76.84
09:48:40 AM      33      2.13      0.00      6.38      0.00      0.00      0.00     14.89      0.00      0.00     76.60
09:48:40 AM      34      4.08      0.00      8.16      0.00      0.00      0.00     14.29      0.00      0.00     73.47
09:48:40 AM      35      5.15      0.00      4.12      0.00      0.00      0.00     15.46      0.00      0.00     75.26
09:48:40 AM      36      4.21      0.00      7.37      0.00      0.00      0.00     11.58      0.00      0.00     76.84
09:48:40 AM      37      4.12      0.00     11.34      0.00      0.00      0.00     11.34      0.00      0.00     73.20
09:48:40 AM      38      2.06      0.00      8.25      0.00      0.00      0.00     16.49      0.00      0.00     73.20
09:48:40 AM      39      4.08      0.00      6.12      0.00      0.00      0.00     15.31      0.00      0.00     74.49

09:48:40 AM     CPU      %usr     %nice      %sys   %iowait    %steal      %irq     %soft    %guest    %gnice     %idle
09:48:41 AM      32      5.00      0.00     10.00      0.00      0.00      0.00     13.00      0.00      0.00     72.00
09:48:41 AM      33      6.19      0.00      5.15      0.00      0.00      0.00     13.40      0.00      0.00     75.26
09:48:41 AM      34      3.19      0.00      8.51      0.00      0.00      0.00     12.77      0.00      0.00     75.53
09:48:41 AM      35      5.10      0.00      8.16      0.00      0.00      0.00     13.27      0.00      0.00     73.47
09:48:41 AM      36      2.02      0.00      7.07      0.00      0.00      0.00     18.18      0.00      0.00     72.73
09:48:41 AM      37      3.16      0.00      7.37      0.00      0.00      0.00     13.68      0.00      0.00     75.79
09:48:41 AM      38      3.30      0.00      7.69      0.00      0.00      0.00      9.89      0.00      0.00     79.12
09:48:41 AM      39      4.21      0.00      7.37      0.00      0.00      0.00     13.68      0.00      0.00     74.74

09:48:41 AM     CPU      %usr     %nice      %sys   %iowait    %steal      %irq     %soft    %guest    %gnice     %idle
09:48:42 AM      32      3.06      0.00      9.18      0.00      0.00      0.00     14.29      0.00      0.00     73.47
09:48:42 AM      33      3.23      0.00      9.68      0.00      0.00      0.00      8.60      0.00      0.00     78.49
09:48:42 AM      34      4.21      0.00      6.32      0.00      0.00      0.00     12.63      0.00      0.00     76.84
09:48:42 AM      35      4.21      0.00      3.16      0.00      0.00      0.00     16.84      0.00      0.00     75.79
09:48:42 AM      36      2.02      0.00     10.10      0.00      0.00      0.00     15.15      0.00      0.00     72.73
09:48:42 AM      37      5.00      0.00      8.00      0.00      0.00      0.00     13.00      0.00      0.00     74.00
09:48:42 AM      38      3.85      0.00     10.58      0.00      0.00      0.00     14.42      0.00      0.00     71.15
09:48:42 AM      39      3.03      0.00      9.09      0.00      0.00      0.00     14.14      0.00      0.00     73.74

09:48:42 AM     CPU      %usr     %nice      %sys   %iowait    %steal      %irq     %soft    %guest    %gnice     %idle
09:48:43 AM      32      3.00      0.00      8.00      0.00      0.00      0.00     18.00      0.00      0.00     71.00
09:48:43 AM      33      4.08      0.00     11.22      0.00      0.00      0.00     10.20      0.00      0.00     74.49
09:48:43 AM      34      4.17      0.00      7.29      0.00      0.00      0.00     14.58      0.00      0.00     73.96
09:48:43 AM      35      3.00      0.00     13.00      0.00      0.00      0.00     11.00      0.00      0.00     73.00
09:48:43 AM      36      4.04      0.00      9.09      0.00      0.00      0.00     13.13      0.00      0.00     73.74
09:48:43 AM      37      1.02      0.00     11.22      0.00      0.00      0.00     12.24      0.00      0.00     75.51
09:48:43 AM      38      3.12      0.00      6.25      0.00      0.00      0.00     15.62      0.00      0.00     75.00
09:48:43 AM      39      4.17      0.00      6.25      0.00      0.00      0.00     13.54      0.00      0.00     76.04

Average:        CPU      %usr     %nice      %sys   %iowait    %steal      %irq     %soft    %guest    %gnice     %idle
Average:         32      3.88      0.00      9.08      0.00      0.00      0.00     13.37      0.00      0.00     73.67
Average:         33      3.91      0.00      7.61      0.00      0.00      0.00     13.57      0.00      0.00     74.92
Average:         34      3.72      0.00      7.95      0.00      0.00      0.00     14.26      0.00      0.00     74.07
Average:         35      3.90      0.00      8.32      0.00      0.00      0.00     13.86      0.00      0.00     73.92
Average:         36      3.40      0.00      8.56      0.00      0.00      0.00     13.40      0.00      0.00     74.64
Average:         37      3.66      0.00      8.95      0.00      0.00      0.00     13.43      0.00      0.00     73.96
Average:         38      3.51      0.00      8.36      0.00      0.00      0.00     13.31      0.00      0.00     74.82
Average:         39      3.66      0.00      8.43      0.00      0.00      0.00     13.92      0.00      0.00     73.98
