Linux 6.12.0-rc5-nfoff-mitioff-ndsim-sv5 (cache-sql13432) 	11/03/2024 	_x86_64_	(64 CPU)

04:38:50 PM     CPU      %usr     %nice      %sys   %iowait    %steal      %irq     %soft    %guest    %gnice     %idle
04:38:51 PM      32     12.12      0.00     87.88      0.00      0.00      0.00      0.00      0.00      0.00      0.00
04:38:51 PM      33     16.16      0.00     83.84      0.00      0.00      0.00      0.00      0.00      0.00      0.00
04:38:51 PM      34     13.00      0.00     87.00      0.00      0.00      0.00      0.00      0.00      0.00      0.00
04:38:51 PM      35     17.00      0.00     83.00      0.00      0.00      0.00      0.00      0.00      0.00      0.00
04:38:51 PM      36     19.00      0.00     81.00      0.00      0.00      0.00      0.00      0.00      0.00      0.00
04:38:51 PM      37     20.00      0.00     80.00      0.00      0.00      0.00      0.00      0.00      0.00      0.00
04:38:51 PM      38     15.84      0.00     84.16      0.00      0.00      0.00      0.00      0.00      0.00      0.00
04:38:51 PM      39     14.00      0.00     86.00      0.00      0.00      0.00      0.00      0.00      0.00      0.00

04:38:51 PM     CPU      %usr     %nice      %sys   %iowait    %steal      %irq     %soft    %guest    %gnice     %idle
04:38:52 PM      32     17.17      0.00     81.82      0.00      0.00      0.00      0.00      0.00      0.00      1.01
04:38:52 PM      33     14.85      0.00     84.16      0.00      0.00      0.00      0.99      0.00      0.00      0.00
04:38:52 PM      34     16.83      0.00     82.18      0.00      0.00      0.00      0.00      0.00      0.00      0.99
04:38:52 PM      35     14.85      0.00     84.16      0.00      0.00      0.00      0.99      0.00      0.00      0.00
04:38:52 PM      36     16.00      0.00     84.00      0.00      0.00      0.00      0.00      0.00      0.00      0.00
04:38:52 PM      37     12.12      0.00     87.88      0.00      0.00      0.00      0.00      0.00      0.00      0.00
04:38:52 PM      38     12.87      0.00     86.14      0.00      0.00      0.00      0.99      0.00      0.00      0.00
04:38:52 PM      39     16.00      0.00     84.00      0.00      0.00      0.00      0.00      0.00      0.00      0.00

04:38:52 PM     CPU      %usr     %nice      %sys   %iowait    %steal      %irq     %soft    %guest    %gnice     %idle
04:38:53 PM      32     18.81      0.00     81.19      0.00      0.00      0.00      0.00      0.00      0.00      0.00
04:38:53 PM      33     12.00      0.00     88.00      0.00      0.00      0.00      0.00      0.00      0.00      0.00
04:38:53 PM      34     12.00      0.00     88.00      0.00      0.00      0.00      0.00      0.00      0.00      0.00
04:38:53 PM      35     19.19      0.00     79.80      0.00      0.00      0.00      1.01      0.00      0.00      0.00
04:38:53 PM      36     20.00      0.00     79.00      0.00      0.00      0.00      0.00      0.00      0.00      1.00
04:38:53 PM      37     13.00      0.00     87.00      0.00      0.00      0.00      0.00      0.00      0.00      0.00
04:38:53 PM      38     13.13      0.00     86.87      0.00      0.00      0.00      0.00      0.00      0.00      0.00
04:38:53 PM      39     16.00      0.00     84.00      0.00      0.00      0.00      0.00      0.00      0.00      0.00

04:38:53 PM     CPU      %usr     %nice      %sys   %iowait    %steal      %irq     %soft    %guest    %gnice     %idle
04:38:54 PM      32     15.00      0.00     85.00      0.00      0.00      0.00      0.00      0.00      0.00      0.00
04:38:54 PM      33     12.00      0.00     88.00      0.00      0.00      0.00      0.00      0.00      0.00      0.00
04:38:54 PM      34     12.00      0.00     88.00      0.00      0.00      0.00      0.00      0.00      0.00      0.00
04:38:54 PM      35     10.89      0.00     89.11      0.00      0.00      0.00      0.00      0.00      0.00      0.00
04:38:54 PM      36     14.00      0.00     86.00      0.00      0.00      0.00      0.00      0.00      0.00      0.00
04:38:54 PM      37     13.13      0.00     86.87      0.00      0.00      0.00      0.00      0.00      0.00      0.00
04:38:54 PM      38     14.00      0.00     86.00      0.00      0.00      0.00      0.00      0.00      0.00      0.00
04:38:54 PM      39     18.00      0.00     82.00      0.00      0.00      0.00      0.00      0.00      0.00      0.00

04:38:54 PM     CPU      %usr     %nice      %sys   %iowait    %steal      %irq     %soft    %guest    %gnice     %idle
04:38:55 PM      32     17.00      0.00     83.00      0.00      0.00      0.00      0.00      0.00      0.00      0.00
04:38:55 PM      33     16.00      0.00     84.00      0.00      0.00      0.00      0.00      0.00      0.00      0.00
04:38:55 PM      34     12.00      0.00     88.00      0.00      0.00      0.00      0.00      0.00      0.00      0.00
04:38:55 PM      35     17.17      0.00     82.83      0.00      0.00      0.00      0.00      0.00      0.00      0.00
04:38:55 PM      36     16.16      0.00     83.84      0.00      0.00      0.00      0.00      0.00      0.00      0.00
04:38:55 PM      37     22.00      0.00     78.00      0.00      0.00      0.00      0.00      0.00      0.00      0.00
04:38:55 PM      38     18.00      0.00     82.00      0.00      0.00      0.00      0.00      0.00      0.00      0.00
04:38:55 PM      39     15.00      0.00     85.00      0.00      0.00      0.00      0.00      0.00      0.00      0.00

04:38:55 PM     CPU      %usr     %nice      %sys   %iowait    %steal      %irq     %soft    %guest    %gnice     %idle
04:38:56 PM      32     16.00      0.00     84.00      0.00      0.00      0.00      0.00      0.00      0.00      0.00
04:38:56 PM      33     16.00      0.00     84.00      0.00      0.00      0.00      0.00      0.00      0.00      0.00
04:38:56 PM      34     16.00      0.00     84.00      0.00      0.00      0.00      0.00      0.00      0.00      0.00
04:38:56 PM      35     14.00      0.00     86.00      0.00      0.00      0.00      0.00      0.00      0.00      0.00
04:38:56 PM      36     14.00      0.00     86.00      0.00      0.00      0.00      0.00      0.00      0.00      0.00
04:38:56 PM      37     12.00      0.00     88.00      0.00      0.00      0.00      0.00      0.00      0.00      0.00
04:38:56 PM      38     13.13      0.00     86.87      0.00      0.00      0.00      0.00      0.00      0.00      0.00
04:38:56 PM      39      9.00      0.00     91.00      0.00      0.00      0.00      0.00      0.00      0.00      0.00

04:38:56 PM     CPU      %usr     %nice      %sys   %iowait    %steal      %irq     %soft    %guest    %gnice     %idle
04:38:57 PM      32     16.00      0.00     83.00      0.00      0.00      0.00      0.00      0.00      0.00      1.00
04:38:57 PM      33     14.00      0.00     86.00      0.00      0.00      0.00      0.00      0.00      0.00      0.00
04:38:57 PM      34     16.16      0.00     83.84      0.00      0.00      0.00      0.00      0.00      0.00      0.00
04:38:57 PM      35     15.00      0.00     85.00      0.00      0.00      0.00      0.00      0.00      0.00      0.00
04:38:57 PM      36     16.00      0.00     84.00      0.00      0.00      0.00      0.00      0.00      0.00      0.00
04:38:57 PM      37     18.00      0.00     82.00      0.00      0.00      0.00      0.00      0.00      0.00      0.00
04:38:57 PM      38     14.85      0.00     85.15      0.00      0.00      0.00      0.00      0.00      0.00      0.00
04:38:57 PM      39     20.20      0.00     79.80      0.00      0.00      0.00      0.00      0.00      0.00      0.00

04:38:57 PM     CPU      %usr     %nice      %sys   %iowait    %steal      %irq     %soft    %guest    %gnice     %idle
04:38:58 PM      32     13.00      0.00     87.00      0.00      0.00      0.00      0.00      0.00      0.00      0.00
04:38:58 PM      33     17.82      0.00     80.20      0.00      0.00      0.00      0.99      0.00      0.00      0.99
04:38:58 PM      34     18.00      0.00     82.00      0.00      0.00      0.00      0.00      0.00      0.00      0.00
04:38:58 PM      35     18.00      0.00     82.00      0.00      0.00      0.00      0.00      0.00      0.00      0.00
04:38:58 PM      36     16.83      0.00     81.19      0.00      0.00      0.00      0.99      0.00      0.00      0.99
04:38:58 PM      37     12.12      0.00     87.88      0.00      0.00      0.00      0.00      0.00      0.00      0.00
04:38:58 PM      38     18.00      0.00     82.00      0.00      0.00      0.00      0.00      0.00      0.00      0.00
04:38:58 PM      39     15.00      0.00     85.00      0.00      0.00      0.00      0.00      0.00      0.00      0.00

04:38:58 PM     CPU      %usr     %nice      %sys   %iowait    %steal      %irq     %soft    %guest    %gnice     %idle
04:38:59 PM      32     16.00      0.00     84.00      0.00      0.00      0.00      0.00      0.00      0.00      0.00
04:38:59 PM      33     19.00      0.00     81.00      0.00      0.00      0.00      0.00      0.00      0.00      0.00
04:38:59 PM      34     18.00      0.00     81.00      0.00      0.00      0.00      1.00      0.00      0.00      0.00
04:38:59 PM      35     18.18      0.00     81.82      0.00      0.00      0.00      0.00      0.00      0.00      0.00
04:38:59 PM      36     14.00      0.00     86.00      0.00      0.00      0.00      0.00      0.00      0.00      0.00
04:38:59 PM      37     18.00      0.00     82.00      0.00      0.00      0.00      0.00      0.00      0.00      0.00
04:38:59 PM      38     13.86      0.00     85.15      0.00      0.00      0.00      0.00      0.00      0.00      0.99
04:38:59 PM      39     15.00      0.00     84.00      0.00      0.00      0.00      1.00      0.00      0.00      0.00

04:38:59 PM     CPU      %usr     %nice      %sys   %iowait    %steal      %irq     %soft    %guest    %gnice     %idle
04:39:00 PM      32     17.00      0.00     82.00      0.00      0.00      0.00      1.00      0.00      0.00      0.00
04:39:00 PM      33     18.00      0.00     82.00      0.00      0.00      0.00      0.00      0.00      0.00      0.00
04:39:00 PM      34     20.00      0.00     80.00      0.00      0.00      0.00      0.00      0.00      0.00      0.00
04:39:00 PM      35     16.16      0.00     83.84      0.00      0.00      0.00      0.00      0.00      0.00      0.00
04:39:00 PM      36     16.00      0.00     84.00      0.00      0.00      0.00      0.00      0.00      0.00      0.00
04:39:00 PM      37     18.00      0.00     82.00      0.00      0.00      0.00      0.00      0.00      0.00      0.00
04:39:00 PM      38     14.00      0.00     86.00      0.00      0.00      0.00      0.00      0.00      0.00      0.00
04:39:00 PM      39     13.86      0.00     85.15      0.00      0.00      0.00      0.00      0.00      0.00      0.99

Average:        CPU      %usr     %nice      %sys   %iowait    %steal      %irq     %soft    %guest    %gnice     %idle
Average:         32     15.82      0.00     83.88      0.00      0.00      0.00      0.10      0.00      0.00      0.20
Average:         33     15.58      0.00     84.12      0.00      0.00      0.00      0.20      0.00      0.00      0.10
Average:         34     15.40      0.00     84.40      0.00      0.00      0.00      0.10      0.00      0.00      0.10
Average:         35     16.03      0.00     83.77      0.00      0.00      0.00      0.20      0.00      0.00      0.00
Average:         36     16.20      0.00     83.50      0.00      0.00      0.00      0.10      0.00      0.00      0.20
Average:         37     15.85      0.00     84.15      0.00      0.00      0.00      0.00      0.00      0.00      0.00
Average:         38     14.77      0.00     85.03      0.00      0.00      0.00      0.10      0.00      0.00      0.10
Average:         39     15.20      0.00     84.60      0.00      0.00      0.00      0.10      0.00      0.00      0.10
