Linux 6.12.0-rc5-nfoff-mitioff-ndsim-sv5 (cache-sql13432) 	11/03/2024 	_x86_64_	(64 CPU)

12:53:54 PM     CPU      %usr     %nice      %sys   %iowait    %steal      %irq     %soft    %guest    %gnice     %idle
12:53:55 PM      32     18.37      0.00     53.06      0.00      0.00      0.00     26.53      0.00      0.00      2.04
12:53:55 PM      33     20.21      0.00     39.36      0.00      0.00      0.00     27.66      0.00      0.00     12.77
12:53:55 PM      34     13.86      0.00     38.61      0.00      0.00      0.00     47.52      0.00      0.00      0.00
12:53:55 PM      35     15.00      0.00     39.00      0.00      0.00      0.00     45.00      0.00      0.00      1.00
12:53:55 PM      36     15.31      0.00     34.69      0.00      0.00      0.00     50.00      0.00      0.00      0.00
12:53:55 PM      37     15.15      0.00     52.53      0.00      0.00      0.00     32.32      0.00      0.00      0.00
12:53:55 PM      38     18.09      0.00     52.13      0.00      0.00      0.00     26.60      0.00      0.00      3.19
12:53:55 PM      39     16.84      0.00     38.95      0.00      0.00      0.00     37.89      0.00      0.00      6.32

12:53:55 PM     CPU      %usr     %nice      %sys   %iowait    %steal      %irq     %soft    %guest    %gnice     %idle
12:53:56 PM      32     14.14      0.00     48.48      0.00      0.00      0.00     36.36      0.00      0.00      1.01
12:53:56 PM      33     20.00      0.00     37.89      0.00      0.00      0.00     28.42      0.00      0.00     13.68
12:53:56 PM      34      8.08      0.00     39.39      0.00      0.00      0.00     52.53      0.00      0.00      0.00
12:53:56 PM      35     17.35      0.00     34.69      0.00      0.00      0.00     46.94      0.00      0.00      1.02
12:53:56 PM      36     17.00      0.00     34.00      0.00      0.00      0.00     48.00      0.00      0.00      1.00
12:53:56 PM      37     16.83      0.00     48.51      0.00      0.00      0.00     34.65      0.00      0.00      0.00
12:53:56 PM      38     15.15      0.00     51.52      0.00      0.00      0.00     29.29      0.00      0.00      4.04
12:53:56 PM      39     21.11      0.00     38.89      0.00      0.00      0.00     32.22      0.00      0.00      7.78

12:53:56 PM     CPU      %usr     %nice      %sys   %iowait    %steal      %irq     %soft    %guest    %gnice     %idle
12:53:57 PM      32     20.62      0.00     41.24      0.00      0.00      0.00     31.96      0.00      0.00      6.19
12:53:57 PM      33     18.09      0.00     36.17      0.00      0.00      0.00     37.23      0.00      0.00      8.51
12:53:57 PM      34     11.00      0.00     44.00      0.00      0.00      0.00     45.00      0.00      0.00      0.00
12:53:57 PM      35     17.71      0.00     37.50      0.00      0.00      0.00     37.50      0.00      0.00      7.29
12:53:57 PM      36     18.37      0.00     33.67      0.00      0.00      0.00     45.92      0.00      0.00      2.04
12:53:57 PM      37     15.15      0.00     47.47      0.00      0.00      0.00     37.37      0.00      0.00      0.00
12:53:57 PM      38     15.96      0.00     47.87      0.00      0.00      0.00     28.72      0.00      0.00      7.45
12:53:57 PM      39     22.11      0.00     34.74      0.00      0.00      0.00     38.95      0.00      0.00      4.21

12:53:57 PM     CPU      %usr     %nice      %sys   %iowait    %steal      %irq     %soft    %guest    %gnice     %idle
12:53:58 PM      32     18.89      0.00     40.00      0.00      0.00      0.00     27.78      0.00      0.00     13.33
12:53:58 PM      33     11.88      0.00     39.60      0.00      0.00      0.00     48.51      0.00      0.00      0.00
12:53:58 PM      34     17.00      0.00     38.00      0.00      0.00      0.00     45.00      0.00      0.00      0.00
12:53:58 PM      35     23.86      0.00     31.82      0.00      0.00      0.00     27.27      0.00      0.00     17.05
12:53:58 PM      36     23.40      0.00     35.11      0.00      0.00      0.00     35.11      0.00      0.00      6.38
12:53:58 PM      37     21.00      0.00     51.00      0.00      0.00      0.00     28.00      0.00      0.00      0.00
12:53:58 PM      38     20.65      0.00     38.04      0.00      0.00      0.00     28.26      0.00      0.00     13.04
12:53:58 PM      39     18.81      0.00     45.54      0.00      0.00      0.00     35.64      0.00      0.00      0.00

12:53:58 PM     CPU      %usr     %nice      %sys   %iowait    %steal      %irq     %soft    %guest    %gnice     %idle
12:53:59 PM      32     25.53      0.00     36.17      0.00      0.00      0.00     25.53      0.00      0.00     12.77
12:53:59 PM      33     12.00      0.00     35.00      0.00      0.00      0.00     53.00      0.00      0.00      0.00
12:53:59 PM      34     11.00      0.00     46.00      0.00      0.00      0.00     43.00      0.00      0.00      0.00
12:53:59 PM      35     19.57      0.00     32.61      0.00      0.00      0.00     30.43      0.00      0.00     17.39
12:53:59 PM      36     18.56      0.00     40.21      0.00      0.00      0.00     35.05      0.00      0.00      6.19
12:53:59 PM      37     16.00      0.00     53.00      0.00      0.00      0.00     31.00      0.00      0.00      0.00
12:53:59 PM      38     19.54      0.00     36.78      0.00      0.00      0.00     29.89      0.00      0.00     13.79
12:53:59 PM      39     12.12      0.00     49.49      0.00      0.00      0.00     38.38      0.00      0.00      0.00

12:53:59 PM     CPU      %usr     %nice      %sys   %iowait    %steal      %irq     %soft    %guest    %gnice     %idle
12:54:00 PM      32     21.88      0.00     38.54      0.00      0.00      0.00     28.12      0.00      0.00     11.46
12:54:00 PM      33      9.90      0.00     44.55      0.00      0.00      0.00     45.54      0.00      0.00      0.00
12:54:00 PM      34     12.00      0.00     38.00      0.00      0.00      0.00     50.00      0.00      0.00      0.00
12:54:00 PM      35     16.85      0.00     42.70      0.00      0.00      0.00     23.60      0.00      0.00     16.85
12:54:00 PM      36     20.45      0.00     37.50      0.00      0.00      0.00     36.36      0.00      0.00      5.68
12:54:00 PM      37     14.14      0.00     56.57      0.00      0.00      0.00     29.29      0.00      0.00      0.00
12:54:00 PM      38     18.18      0.00     36.36      0.00      0.00      0.00     30.68      0.00      0.00     14.77
12:54:00 PM      39     16.00      0.00     47.00      0.00      0.00      0.00     37.00      0.00      0.00      0.00

12:54:00 PM     CPU      %usr     %nice      %sys   %iowait    %steal      %irq     %soft    %guest    %gnice     %idle
12:54:01 PM      32     16.48      0.00     40.66      0.00      0.00      0.00     29.67      0.00      0.00     13.19
12:54:01 PM      33     14.14      0.00     42.42      0.00      0.00      0.00     43.43      0.00      0.00      0.00
12:54:01 PM      34     14.85      0.00     38.61      0.00      0.00      0.00     46.53      0.00      0.00      0.00
12:54:01 PM      35     19.10      0.00     40.45      0.00      0.00      0.00     22.47      0.00      0.00     17.98
12:54:01 PM      36     14.43      0.00     39.18      0.00      0.00      0.00     40.21      0.00      0.00      6.19
12:54:01 PM      37     22.00      0.00     50.00      0.00      0.00      0.00     28.00      0.00      0.00      0.00
12:54:01 PM      38     19.35      0.00     35.48      0.00      0.00      0.00     31.18      0.00      0.00     13.98
12:54:01 PM      39     13.13      0.00     48.48      0.00      0.00      0.00     38.38      0.00      0.00      0.00

12:54:01 PM     CPU      %usr     %nice      %sys   %iowait    %steal      %irq     %soft    %guest    %gnice     %idle
12:54:02 PM      32     16.85      0.00     38.20      0.00      0.00      0.00     31.46      0.00      0.00     13.48
12:54:02 PM      33     16.00      0.00     41.00      0.00      0.00      0.00     43.00      0.00      0.00      0.00
12:54:02 PM      34     10.10      0.00     35.35      0.00      0.00      0.00     54.55      0.00      0.00      0.00
12:54:02 PM      35     19.35      0.00     39.78      0.00      0.00      0.00     24.73      0.00      0.00     16.13
12:54:02 PM      36     23.08      0.00     35.16      0.00      0.00      0.00     36.26      0.00      0.00      5.49
12:54:02 PM      37     19.80      0.00     48.51      0.00      0.00      0.00     31.68      0.00      0.00      0.00
12:54:02 PM      38     20.88      0.00     36.26      0.00      0.00      0.00     29.67      0.00      0.00     13.19
12:54:02 PM      39     12.00      0.00     52.00      0.00      0.00      0.00     36.00      0.00      0.00      0.00

12:54:02 PM     CPU      %usr     %nice      %sys   %iowait    %steal      %irq     %soft    %guest    %gnice     %idle
12:54:03 PM      32     22.73      0.00     40.91      0.00      0.00      0.00     23.86      0.00      0.00     12.50
12:54:03 PM      33     12.12      0.00     36.36      0.00      0.00      0.00     51.52      0.00      0.00      0.00
12:54:03 PM      34     15.00      0.00     36.00      0.00      0.00      0.00     49.00      0.00      0.00      0.00
12:54:03 PM      35     15.29      0.00     38.82      0.00      0.00      0.00     29.41      0.00      0.00     16.47
12:54:03 PM      36     19.57      0.00     34.78      0.00      0.00      0.00     40.22      0.00      0.00      5.43
12:54:03 PM      37     21.00      0.00     51.00      0.00      0.00      0.00     28.00      0.00      0.00      0.00
12:54:03 PM      38     14.94      0.00     39.08      0.00      0.00      0.00     32.18      0.00      0.00     13.79
12:54:03 PM      39     14.85      0.00     47.52      0.00      0.00      0.00     37.62      0.00      0.00      0.00

12:54:03 PM     CPU      %usr     %nice      %sys   %iowait    %steal      %irq     %soft    %guest    %gnice     %idle
12:54:04 PM      32     20.43      0.00     37.63      0.00      0.00      0.00     29.03      0.00      0.00     12.90
12:54:04 PM      33     13.86      0.00     38.61      0.00      0.00      0.00     47.52      0.00      0.00      0.00
12:54:04 PM      34     11.11      0.00     42.42      0.00      0.00      0.00     46.46      0.00      0.00      0.00
12:54:04 PM      35     19.77      0.00     38.37      0.00      0.00      0.00     24.42      0.00      0.00     17.44
12:54:04 PM      36     17.58      0.00     37.36      0.00      0.00      0.00     38.46      0.00      0.00      6.59
12:54:04 PM      37     18.00      0.00     53.00      0.00      0.00      0.00     29.00      0.00      0.00      0.00
12:54:04 PM      38     20.00      0.00     42.22      0.00      0.00      0.00     24.44      0.00      0.00     13.33
12:54:04 PM      39     15.15      0.00     46.46      0.00      0.00      0.00     38.38      0.00      0.00      0.00

Average:        CPU      %usr     %nice      %sys   %iowait    %steal      %irq     %soft    %guest    %gnice     %idle
Average:         32     19.57      0.00     41.60      0.00      0.00      0.00     29.09      0.00      0.00      9.73
Average:         33     14.74      0.00     39.13      0.00      0.00      0.00     42.78      0.00      0.00      3.35
Average:         34     12.41      0.00     39.64      0.00      0.00      0.00     47.95      0.00      0.00      0.00
Average:         35     18.34      0.00     37.55      0.00      0.00      0.00     31.55      0.00      0.00     12.55
Average:         36     18.71      0.00     36.15      0.00      0.00      0.00     40.70      0.00      0.00      4.44
Average:         37     17.92      0.00     51.15      0.00      0.00      0.00     30.93      0.00      0.00      0.00
Average:         38     18.25      0.00     41.75      0.00      0.00      0.00     29.07      0.00      0.00     10.93
Average:         39     16.14      0.00     45.05      0.00      0.00      0.00     37.08      0.00      0.00      1.74
