Linux 6.12.0-rc5-nfoff-mitioff-ndsim-sv5 (cache-sql13432) 	11/04/2024 	_x86_64_	(64 CPU)

10:57:13 AM     CPU      %usr     %nice      %sys   %iowait    %steal      %irq     %soft    %guest    %gnice     %idle
10:57:14 AM      32     14.29      0.00     57.14      0.00      0.00      0.00     17.35      0.00      0.00     11.22
10:57:14 AM      33     15.15      0.00     57.58      0.00      0.00      0.00     15.15      0.00      0.00     12.12
10:57:14 AM      34     14.13      0.00     55.43      0.00      0.00      0.00     16.30      0.00      0.00     14.13
10:57:14 AM      35     14.29      0.00     57.14      0.00      0.00      0.00     16.33      0.00      0.00     12.24
10:57:14 AM      36     13.98      0.00     54.84      0.00      0.00      0.00     16.13      0.00      0.00     15.05
10:57:14 AM      37     14.29      0.00     57.14      0.00      0.00      0.00     18.37      0.00      0.00     10.20
10:57:14 AM      38     14.29      0.00     55.10      0.00      0.00      0.00     18.37      0.00      0.00     12.24
10:57:14 AM      39     16.00      0.00     58.00      0.00      0.00      0.00     12.00      0.00      0.00     14.00

10:57:14 AM     CPU      %usr     %nice      %sys   %iowait    %steal      %irq     %soft    %guest    %gnice     %idle
10:57:15 AM      32     12.12      0.00     58.59      0.00      0.00      0.00     14.14      0.00      0.00     15.15
10:57:15 AM      33     11.22      0.00     59.18      0.00      0.00      0.00     18.37      0.00      0.00     11.22
10:57:15 AM      34     11.46      0.00     60.42      0.00      0.00      0.00     15.62      0.00      0.00     12.50
10:57:15 AM      35     16.83      0.00     52.48      0.00      0.00      0.00     15.84      0.00      0.00     14.85
10:57:15 AM      36     14.43      0.00     56.70      0.00      0.00      0.00     12.37      0.00      0.00     16.49
10:57:15 AM      37     13.00      0.00     60.00      0.00      0.00      0.00     15.00      0.00      0.00     12.00
10:57:15 AM      38     15.31      0.00     55.10      0.00      0.00      0.00     14.29      0.00      0.00     15.31
10:57:15 AM      39     15.84      0.00     49.50      0.00      0.00      0.00     19.80      0.00      0.00     14.85

10:57:15 AM     CPU      %usr     %nice      %sys   %iowait    %steal      %irq     %soft    %guest    %gnice     %idle
10:57:16 AM      32     12.50      0.00     54.81      0.00      0.00      0.00     19.23      0.00      0.00     13.46
10:57:16 AM      33     11.70      0.00     59.57      0.00      0.00      0.00     18.09      0.00      0.00     10.64
10:57:16 AM      34     13.86      0.00     61.39      0.00      0.00      0.00     15.84      0.00      0.00      8.91
10:57:16 AM      35     14.14      0.00     58.59      0.00      0.00      0.00     16.16      0.00      0.00     11.11
10:57:16 AM      36     13.00      0.00     57.00      0.00      0.00      0.00     19.00      0.00      0.00     11.00
10:57:16 AM      37     13.40      0.00     56.70      0.00      0.00      0.00     16.49      0.00      0.00     13.40
10:57:16 AM      38     12.90      0.00     58.06      0.00      0.00      0.00     16.13      0.00      0.00     12.90
10:57:16 AM      39     14.58      0.00     62.50      0.00      0.00      0.00     10.42      0.00      0.00     12.50

10:57:16 AM     CPU      %usr     %nice      %sys   %iowait    %steal      %irq     %soft    %guest    %gnice     %idle
10:57:17 AM      32     11.83      0.00     60.22      0.00      0.00      0.00     12.90      0.00      0.00     15.05
10:57:17 AM      33     14.00      0.00     57.00      0.00      0.00      0.00     18.00      0.00      0.00     11.00
10:57:17 AM      34     15.31      0.00     60.20      0.00      0.00      0.00     14.29      0.00      0.00     10.20
10:57:17 AM      35     13.73      0.00     60.78      0.00      0.00      0.00     14.71      0.00      0.00     10.78
10:57:17 AM      36     11.76      0.00     60.78      0.00      0.00      0.00     15.69      0.00      0.00     11.76
10:57:17 AM      37     10.00      0.00     58.00      0.00      0.00      0.00     19.00      0.00      0.00     13.00
10:57:17 AM      38     15.31      0.00     55.10      0.00      0.00      0.00     17.35      0.00      0.00     12.24
10:57:17 AM      39     10.78      0.00     57.84      0.00      0.00      0.00     19.61      0.00      0.00     11.76

10:57:17 AM     CPU      %usr     %nice      %sys   %iowait    %steal      %irq     %soft    %guest    %gnice     %idle
10:57:18 AM      32     13.40      0.00     56.70      0.00      0.00      0.00     16.49      0.00      0.00     13.40
10:57:18 AM      33     11.76      0.00     59.80      0.00      0.00      0.00     18.63      0.00      0.00      9.80
10:57:18 AM      34     14.29      0.00     59.18      0.00      0.00      0.00     17.35      0.00      0.00      9.18
10:57:18 AM      35     12.77      0.00     62.77      0.00      0.00      0.00     13.83      0.00      0.00     10.64
10:57:18 AM      36     13.27      0.00     58.16      0.00      0.00      0.00     18.37      0.00      0.00     10.20
10:57:18 AM      37     10.31      0.00     61.86      0.00      0.00      0.00     15.46      0.00      0.00     12.37
10:57:18 AM      38     13.13      0.00     60.61      0.00      0.00      0.00     14.14      0.00      0.00     12.12
10:57:18 AM      39     13.73      0.00     59.80      0.00      0.00      0.00     14.71      0.00      0.00     11.76

10:57:18 AM     CPU      %usr     %nice      %sys   %iowait    %steal      %irq     %soft    %guest    %gnice     %idle
10:57:19 AM      32     11.00      0.00     64.00      0.00      0.00      0.00     14.00      0.00      0.00     11.00
10:57:19 AM      33      9.90      0.00     61.39      0.00      0.00      0.00     15.84      0.00      0.00     12.87
10:57:19 AM      34     15.31      0.00     58.16      0.00      0.00      0.00     17.35      0.00      0.00      9.18
10:57:19 AM      35     14.29      0.00     57.14      0.00      0.00      0.00     17.35      0.00      0.00     11.22
10:57:19 AM      36     12.24      0.00     57.14      0.00      0.00      0.00     20.41      0.00      0.00     10.20
10:57:19 AM      37     12.12      0.00     56.57      0.00      0.00      0.00     18.18      0.00      0.00     13.13
10:57:19 AM      38     10.00      0.00     61.00      0.00      0.00      0.00     17.00      0.00      0.00     12.00
10:57:19 AM      39     10.10      0.00     63.64      0.00      0.00      0.00     15.15      0.00      0.00     11.11

10:57:19 AM     CPU      %usr     %nice      %sys   %iowait    %steal      %irq     %soft    %guest    %gnice     %idle
10:57:20 AM      32     16.33      0.00     56.12      0.00      0.00      0.00     16.33      0.00      0.00     11.22
10:57:20 AM      33     15.31      0.00     51.02      0.00      0.00      0.00     22.45      0.00      0.00     11.22
10:57:20 AM      34     12.87      0.00     54.46      0.00      0.00      0.00     18.81      0.00      0.00     13.86
10:57:20 AM      35     13.54      0.00     59.38      0.00      0.00      0.00     14.58      0.00      0.00     12.50
10:57:20 AM      36     11.46      0.00     57.29      0.00      0.00      0.00     16.67      0.00      0.00     14.58
10:57:20 AM      37     14.29      0.00     51.02      0.00      0.00      0.00     20.41      0.00      0.00     14.29
10:57:20 AM      38     12.87      0.00     55.45      0.00      0.00      0.00     18.81      0.00      0.00     12.87
10:57:20 AM      39     13.00      0.00     58.00      0.00      0.00      0.00     14.00      0.00      0.00     15.00

10:57:20 AM     CPU      %usr     %nice      %sys   %iowait    %steal      %irq     %soft    %guest    %gnice     %idle
10:57:21 AM      32     12.00      0.00     58.00      0.00      0.00      0.00     18.00      0.00      0.00     12.00
10:57:21 AM      33     12.87      0.00     57.43      0.00      0.00      0.00     16.83      0.00      0.00     12.87
10:57:21 AM      34     12.87      0.00     55.45      0.00      0.00      0.00     15.84      0.00      0.00     15.84
10:57:21 AM      35     14.00      0.00     50.00      0.00      0.00      0.00     18.00      0.00      0.00     18.00
10:57:21 AM      36     15.31      0.00     54.08      0.00      0.00      0.00     14.29      0.00      0.00     16.33
10:57:21 AM      37     13.83      0.00     52.13      0.00      0.00      0.00     19.15      0.00      0.00     14.89
10:57:21 AM      38     13.40      0.00     54.64      0.00      0.00      0.00     17.53      0.00      0.00     14.43
10:57:21 AM      39     10.53      0.00     55.79      0.00      0.00      0.00     16.84      0.00      0.00     16.84

10:57:21 AM     CPU      %usr     %nice      %sys   %iowait    %steal      %irq     %soft    %guest    %gnice     %idle
10:57:22 AM      32     13.27      0.00     56.12      0.00      0.00      0.00     17.35      0.00      0.00     13.27
10:57:22 AM      33     14.29      0.00     56.12      0.00      0.00      0.00     14.29      0.00      0.00     15.31
10:57:22 AM      34     20.41      0.00     47.96      0.00      0.00      0.00     16.33      0.00      0.00     15.31
10:57:22 AM      35     16.83      0.00     52.48      0.00      0.00      0.00     14.85      0.00      0.00     15.84
10:57:22 AM      36     14.14      0.00     54.55      0.00      0.00      0.00     18.18      0.00      0.00     13.13
10:57:22 AM      37     13.27      0.00     55.10      0.00      0.00      0.00     16.33      0.00      0.00     15.31
10:57:22 AM      38     11.22      0.00     53.06      0.00      0.00      0.00     18.37      0.00      0.00     17.35
10:57:22 AM      39     12.12      0.00     56.57      0.00      0.00      0.00     18.18      0.00      0.00     13.13

10:57:22 AM     CPU      %usr     %nice      %sys   %iowait    %steal      %irq     %soft    %guest    %gnice     %idle
10:57:23 AM      32     14.43      0.00     57.73      0.00      0.00      0.00     15.46      0.00      0.00     12.37
10:57:23 AM      33     11.22      0.00     64.29      0.00      0.00      0.00     10.20      0.00      0.00     14.29
10:57:23 AM      34     12.50      0.00     51.04      0.00      0.00      0.00     17.71      0.00      0.00     18.75
10:57:23 AM      35     13.40      0.00     57.73      0.00      0.00      0.00     17.53      0.00      0.00     11.34
10:57:23 AM      36      9.90      0.00     62.38      0.00      0.00      0.00     14.85      0.00      0.00     12.87
10:57:23 AM      37      9.18      0.00     60.20      0.00      0.00      0.00     18.37      0.00      0.00     12.24
10:57:23 AM      38     10.10      0.00     58.59      0.00      0.00      0.00     13.13      0.00      0.00     18.18
10:57:23 AM      39     14.29      0.00     61.22      0.00      0.00      0.00      7.14      0.00      0.00     17.35

Average:        CPU      %usr     %nice      %sys   %iowait    %steal      %irq     %soft    %guest    %gnice     %idle
Average:         32     13.11      0.00     57.93      0.00      0.00      0.00     16.16      0.00      0.00     12.80
Average:         33     12.74      0.00     58.34      0.00      0.00      0.00     16.78      0.00      0.00     12.13
Average:         34     14.30      0.00     56.38      0.00      0.00      0.00     16.55      0.00      0.00     12.77
Average:         35     14.40      0.00     56.80      0.00      0.00      0.00     15.92      0.00      0.00     12.88
Average:         36     12.93      0.00     57.33      0.00      0.00      0.00     16.60      0.00      0.00     13.14
Average:         37     12.36      0.00     56.89      0.00      0.00      0.00     17.67      0.00      0.00     13.07
Average:         38     12.84      0.00     56.68      0.00      0.00      0.00     16.51      0.00      0.00     13.97
Average:         39     13.10      0.00     58.27      0.00      0.00      0.00     14.82      0.00      0.00     13.81
