Linux 6.12.0-rc5-nfoff-mitioff-ndsim-sv5 (cache-sql13432) 	11/03/2024 	_x86_64_	(64 CPU)

02:33:50 PM     CPU      %usr     %nice      %sys   %iowait    %steal      %irq     %soft    %guest    %gnice     %idle
02:33:51 PM      32     13.54      0.00     63.54      0.00      0.00      0.00      9.38      0.00      0.00     13.54
02:33:51 PM      33      8.51      0.00     70.21      0.00      0.00      0.00      6.38      0.00      0.00     14.89
02:33:51 PM      34     14.58      0.00     63.54      0.00      0.00      0.00      6.25      0.00      0.00     15.62
02:33:51 PM      35     15.05      0.00     61.29      0.00      0.00      0.00      9.68      0.00      0.00     13.98
02:33:51 PM      36     14.29      0.00     64.84      0.00      0.00      0.00      6.59      0.00      0.00     14.29
02:33:51 PM      37     13.68      0.00     66.32      0.00      0.00      0.00      7.37      0.00      0.00     12.63
02:33:51 PM      38     16.30      0.00     59.78      0.00      0.00      0.00      7.61      0.00      0.00     16.30
02:33:51 PM      39     14.58      0.00     66.67      0.00      0.00      0.00      7.29      0.00      0.00     11.46

02:33:51 PM     CPU      %usr     %nice      %sys   %iowait    %steal      %irq     %soft    %guest    %gnice     %idle
02:33:52 PM      32     15.22      0.00     58.70      0.00      0.00      0.00      9.78      0.00      0.00     16.30
02:33:52 PM      33     17.39      0.00     57.61      0.00      0.00      0.00      8.70      0.00      0.00     16.30
02:33:52 PM      34     12.63      0.00     64.21      0.00      0.00      0.00      8.42      0.00      0.00     14.74
02:33:52 PM      35     15.38      0.00     63.74      0.00      0.00      0.00      6.59      0.00      0.00     14.29
02:33:52 PM      36     13.83      0.00     62.77      0.00      0.00      0.00      8.51      0.00      0.00     14.89
02:33:52 PM      37     12.63      0.00     64.21      0.00      0.00      0.00      9.47      0.00      0.00     13.68
02:33:52 PM      38     14.58      0.00     62.50      0.00      0.00      0.00      7.29      0.00      0.00     15.62
02:33:52 PM      39     14.13      0.00     68.48      0.00      0.00      0.00      5.43      0.00      0.00     11.96

02:33:52 PM     CPU      %usr     %nice      %sys   %iowait    %steal      %irq     %soft    %guest    %gnice     %idle
02:33:53 PM      32     15.46      0.00     59.79      0.00      0.00      0.00     10.31      0.00      0.00     14.43
02:33:53 PM      33     16.84      0.00     58.95      0.00      0.00      0.00      9.47      0.00      0.00     14.74
02:33:53 PM      34     13.83      0.00     61.70      0.00      0.00      0.00     10.64      0.00      0.00     13.83
02:33:53 PM      35     15.38      0.00     60.44      0.00      0.00      0.00     10.99      0.00      0.00     13.19
02:33:53 PM      36     13.40      0.00     68.04      0.00      0.00      0.00      4.12      0.00      0.00     14.43
02:33:53 PM      37     17.39      0.00     63.04      0.00      0.00      0.00      6.52      0.00      0.00     13.04
02:33:53 PM      38     17.02      0.00     59.57      0.00      0.00      0.00      7.45      0.00      0.00     15.96
02:33:53 PM      39     15.62      0.00     68.75      0.00      0.00      0.00      5.21      0.00      0.00     10.42

02:33:53 PM     CPU      %usr     %nice      %sys   %iowait    %steal      %irq     %soft    %guest    %gnice     %idle
02:33:54 PM      32     12.50      0.00     63.54      0.00      0.00      0.00      9.38      0.00      0.00     14.58
02:33:54 PM      33     12.37      0.00     65.98      0.00      0.00      0.00      6.19      0.00      0.00     15.46
02:33:54 PM      34     14.29      0.00     63.27      0.00      0.00      0.00      8.16      0.00      0.00     14.29
02:33:54 PM      35     16.33      0.00     65.31      0.00      0.00      0.00      5.10      0.00      0.00     13.27
02:33:54 PM      36     15.46      0.00     62.89      0.00      0.00      0.00      8.25      0.00      0.00     13.40
02:33:54 PM      37     16.49      0.00     61.86      0.00      0.00      0.00      8.25      0.00      0.00     13.40
02:33:54 PM      38     14.89      0.00     61.70      0.00      0.00      0.00      8.51      0.00      0.00     14.89
02:33:54 PM      39     14.29      0.00     67.35      0.00      0.00      0.00      6.12      0.00      0.00     12.24

02:33:54 PM     CPU      %usr     %nice      %sys   %iowait    %steal      %irq     %soft    %guest    %gnice     %idle
02:33:55 PM      32     16.13      0.00     61.29      0.00      0.00      0.00      7.53      0.00      0.00     15.05
02:33:55 PM      33      9.47      0.00     65.26      0.00      0.00      0.00      9.47      0.00      0.00     15.79
02:33:55 PM      34     19.59      0.00     59.79      0.00      0.00      0.00      7.22      0.00      0.00     13.40
02:33:55 PM      35     18.75      0.00     59.38      0.00      0.00      0.00      8.33      0.00      0.00     13.54
02:33:55 PM      36     16.30      0.00     65.22      0.00      0.00      0.00      3.26      0.00      0.00     15.22
02:33:55 PM      37     11.70      0.00     65.96      0.00      0.00      0.00      9.57      0.00      0.00     12.77
02:33:55 PM      38     14.13      0.00     60.87      0.00      0.00      0.00      8.70      0.00      0.00     16.30
02:33:55 PM      39     15.05      0.00     66.67      0.00      0.00      0.00      7.53      0.00      0.00     10.75

02:33:55 PM     CPU      %usr     %nice      %sys   %iowait    %steal      %irq     %soft    %guest    %gnice     %idle
02:33:56 PM      32     12.90      0.00     62.37      0.00      0.00      0.00      9.68      0.00      0.00     15.05
02:33:56 PM      33     15.05      0.00     63.44      0.00      0.00      0.00      6.45      0.00      0.00     15.05
02:33:56 PM      34     11.70      0.00     64.89      0.00      0.00      0.00      8.51      0.00      0.00     14.89
02:33:56 PM      35     18.09      0.00     58.51      0.00      0.00      0.00     10.64      0.00      0.00     12.77
02:33:56 PM      36     14.89      0.00     64.89      0.00      0.00      0.00      5.32      0.00      0.00     14.89
02:33:56 PM      37     12.00      0.00     67.00      0.00      0.00      0.00      8.00      0.00      0.00     13.00
02:33:56 PM      38     13.19      0.00     62.64      0.00      0.00      0.00      8.79      0.00      0.00     15.38
02:33:56 PM      39     16.67      0.00     67.71      0.00      0.00      0.00      4.17      0.00      0.00     11.46

02:33:56 PM     CPU      %usr     %nice      %sys   %iowait    %steal      %irq     %soft    %guest    %gnice     %idle
02:33:57 PM      32     11.34      0.00     62.89      0.00      0.00      0.00     11.34      0.00      0.00     14.43
02:33:57 PM      33     12.50      0.00     64.58      0.00      0.00      0.00      8.33      0.00      0.00     14.58
02:33:57 PM      34     12.77      0.00     62.77      0.00      0.00      0.00      9.57      0.00      0.00     14.89
02:33:57 PM      35     10.53      0.00     65.26      0.00      0.00      0.00     10.53      0.00      0.00     13.68
02:33:57 PM      36     14.14      0.00     62.63      0.00      0.00      0.00     10.10      0.00      0.00     13.13
02:33:57 PM      37     14.43      0.00     70.10      0.00      0.00      0.00      3.09      0.00      0.00     12.37
02:33:57 PM      38      9.47      0.00     67.37      0.00      0.00      0.00      8.42      0.00      0.00     14.74
02:33:57 PM      39     18.75      0.00     65.62      0.00      0.00      0.00      5.21      0.00      0.00     10.42

02:33:57 PM     CPU      %usr     %nice      %sys   %iowait    %steal      %irq     %soft    %guest    %gnice     %idle
02:33:58 PM      32     17.02      0.00     58.51      0.00      0.00      0.00      9.57      0.00      0.00     14.89
02:33:58 PM      33     14.58      0.00     65.62      0.00      0.00      0.00      4.17      0.00      0.00     15.62
02:33:58 PM      34     17.98      0.00     58.43      0.00      0.00      0.00      8.99      0.00      0.00     14.61
02:33:58 PM      35     13.54      0.00     66.67      0.00      0.00      0.00      6.25      0.00      0.00     13.54
02:33:58 PM      36     17.02      0.00     61.70      0.00      0.00      0.00      6.38      0.00      0.00     14.89
02:33:58 PM      37     21.65      0.00     57.73      0.00      0.00      0.00      8.25      0.00      0.00     12.37
02:33:58 PM      38     16.67      0.00     60.42      0.00      0.00      0.00      7.29      0.00      0.00     15.62
02:33:58 PM      39     18.09      0.00     63.83      0.00      0.00      0.00      6.38      0.00      0.00     11.70

02:33:58 PM     CPU      %usr     %nice      %sys   %iowait    %steal      %irq     %soft    %guest    %gnice     %idle
02:33:59 PM      32     10.20      0.00     65.31      0.00      0.00      0.00     10.20      0.00      0.00     14.29
02:33:59 PM      33     14.89      0.00     62.77      0.00      0.00      0.00      7.45      0.00      0.00     14.89
02:33:59 PM      34     16.30      0.00     64.13      0.00      0.00      0.00      4.35      0.00      0.00     15.22
02:33:59 PM      35     15.96      0.00     61.70      0.00      0.00      0.00      9.57      0.00      0.00     12.77
02:33:59 PM      36     15.46      0.00     60.82      0.00      0.00      0.00      9.28      0.00      0.00     14.43
02:33:59 PM      37     10.53      0.00     66.32      0.00      0.00      0.00      9.47      0.00      0.00     13.68
02:33:59 PM      38     15.05      0.00     56.99      0.00      0.00      0.00     11.83      0.00      0.00     16.13
02:33:59 PM      39     16.30      0.00     65.22      0.00      0.00      0.00      7.61      0.00      0.00     10.87

02:33:59 PM     CPU      %usr     %nice      %sys   %iowait    %steal      %irq     %soft    %guest    %gnice     %idle
02:34:00 PM      32     12.63      0.00     62.11      0.00      0.00      0.00     10.53      0.00      0.00     14.74
02:34:00 PM      33     14.13      0.00     61.96      0.00      0.00      0.00      7.61      0.00      0.00     16.30
02:34:00 PM      34     13.19      0.00     65.93      0.00      0.00      0.00      6.59      0.00      0.00     14.29
02:34:00 PM      35     14.89      0.00     65.96      0.00      0.00      0.00      5.32      0.00      0.00     13.83
02:34:00 PM      36     16.16      0.00     62.63      0.00      0.00      0.00      7.07      0.00      0.00     14.14
02:34:00 PM      37     14.89      0.00     62.77      0.00      0.00      0.00      9.57      0.00      0.00     12.77
02:34:00 PM      38     14.89      0.00     60.64      0.00      0.00      0.00      9.57      0.00      0.00     14.89
02:34:00 PM      39     10.20      0.00     72.45      0.00      0.00      0.00      6.12      0.00      0.00     11.22

Average:        CPU      %usr     %nice      %sys   %iowait    %steal      %irq     %soft    %guest    %gnice     %idle
Average:         32     13.67      0.00     61.83      0.00      0.00      0.00      9.78      0.00      0.00     14.72
Average:         33     13.56      0.00     63.67      0.00      0.00      0.00      7.42      0.00      0.00     15.36
Average:         34     14.68      0.00     62.87      0.00      0.00      0.00      7.87      0.00      0.00     14.57
Average:         35     15.39      0.00     62.85      0.00      0.00      0.00      8.28      0.00      0.00     13.48
Average:         36     15.09      0.00     63.63      0.00      0.00      0.00      6.92      0.00      0.00     14.36
Average:         37     14.54      0.00     64.54      0.00      0.00      0.00      7.95      0.00      0.00     12.97
Average:         38     14.62      0.00     61.26      0.00      0.00      0.00      8.54      0.00      0.00     15.58
Average:         39     15.35      0.00     67.30      0.00      0.00      0.00      6.10      0.00      0.00     11.25
