Linux 6.12.0-rc5-nfoff-mitioff-ndsim-sv5 (cache-sql13432) 	11/03/2024 	_x86_64_	(64 CPU)

07:04:41 AM     CPU      %usr     %nice      %sys   %iowait    %steal      %irq     %soft    %guest    %gnice     %idle
07:04:42 AM      32     11.11      0.00     88.89      0.00      0.00      0.00      0.00      0.00      0.00      0.00
07:04:42 AM      33     15.00      0.00     83.00      0.00      0.00      0.00      1.00      0.00      0.00      1.00
07:04:42 AM      34     14.00      0.00     85.00      0.00      0.00      0.00      0.00      0.00      0.00      1.00
07:04:42 AM      35     11.11      0.00     87.88      0.00      0.00      0.00      0.00      0.00      0.00      1.01
07:04:42 AM      36     18.18      0.00     81.82      0.00      0.00      0.00      0.00      0.00      0.00      0.00
07:04:42 AM      37     14.00      0.00     85.00      0.00      0.00      0.00      0.00      0.00      0.00      1.00
07:04:42 AM      38     15.00      0.00     84.00      0.00      0.00      0.00      0.00      0.00      0.00      1.00
07:04:42 AM      39      9.09      0.00     89.90      0.00      0.00      0.00      1.01      0.00      0.00      0.00

07:04:42 AM     CPU      %usr     %nice      %sys   %iowait    %steal      %irq     %soft    %guest    %gnice     %idle
07:04:43 AM      32     15.00      0.00     84.00      0.00      0.00      0.00      0.00      0.00      0.00      1.00
07:04:43 AM      33     11.00      0.00     88.00      0.00      0.00      0.00      0.00      0.00      0.00      1.00
07:04:43 AM      34     16.33      0.00     83.67      0.00      0.00      0.00      0.00      0.00      0.00      0.00
07:04:43 AM      35     15.00      0.00     84.00      0.00      0.00      0.00      0.00      0.00      0.00      1.00
07:04:43 AM      36     16.00      0.00     83.00      0.00      0.00      0.00      0.00      0.00      0.00      1.00
07:04:43 AM      37     13.13      0.00     85.86      0.00      0.00      0.00      0.00      0.00      0.00      1.01
07:04:43 AM      38     14.00      0.00     85.00      0.00      0.00      0.00      0.00      0.00      0.00      1.00
07:04:43 AM      39     10.10      0.00     88.89      0.00      0.00      0.00      0.00      0.00      0.00      1.01

07:04:43 AM     CPU      %usr     %nice      %sys   %iowait    %steal      %irq     %soft    %guest    %gnice     %idle
07:04:44 AM      32     12.87      0.00     86.14      0.00      0.00      0.00      0.00      0.00      0.00      0.99
07:04:44 AM      33     16.16      0.00     82.83      0.00      0.00      0.00      0.00      0.00      0.00      1.01
07:04:44 AM      34     10.89      0.00     88.12      0.00      0.00      0.00      0.00      0.00      0.00      0.99
07:04:44 AM      35     14.85      0.00     84.16      0.00      0.00      0.00      0.00      0.00      0.00      0.99
07:04:44 AM      36     14.00      0.00     85.00      0.00      0.00      0.00      0.00      0.00      0.00      1.00
07:04:44 AM      37     12.12      0.00     86.87      0.00      0.00      0.00      0.00      0.00      0.00      1.01
07:04:44 AM      38     10.20      0.00     88.78      0.00      0.00      0.00      0.00      0.00      0.00      1.02
07:04:44 AM      39     14.00      0.00     85.00      0.00      0.00      0.00      0.00      0.00      0.00      1.00

07:04:44 AM     CPU      %usr     %nice      %sys   %iowait    %steal      %irq     %soft    %guest    %gnice     %idle
07:04:45 AM      32     12.24      0.00     87.76      0.00      0.00      0.00      0.00      0.00      0.00      0.00
07:04:45 AM      33     16.83      0.00     83.17      0.00      0.00      0.00      0.00      0.00      0.00      0.00
07:04:45 AM      34     11.88      0.00     86.14      0.00      0.00      0.00      0.99      0.00      0.00      0.99
07:04:45 AM      35     11.00      0.00     88.00      0.00      0.00      0.00      0.00      0.00      0.00      1.00
07:04:45 AM      36     14.14      0.00     85.86      0.00      0.00      0.00      0.00      0.00      0.00      0.00
07:04:45 AM      37     16.00      0.00     84.00      0.00      0.00      0.00      0.00      0.00      0.00      0.00
07:04:45 AM      38     11.88      0.00     87.13      0.00      0.00      0.00      0.00      0.00      0.00      0.99
07:04:45 AM      39     13.86      0.00     85.15      0.00      0.00      0.00      0.00      0.00      0.00      0.99

07:04:45 AM     CPU      %usr     %nice      %sys   %iowait    %steal      %irq     %soft    %guest    %gnice     %idle
07:04:46 AM      32     12.00      0.00     87.00      0.00      0.00      0.00      0.00      0.00      0.00      1.00
07:04:46 AM      33     10.10      0.00     88.89      0.00      0.00      0.00      0.00      0.00      0.00      1.01
07:04:46 AM      34     13.27      0.00     86.73      0.00      0.00      0.00      0.00      0.00      0.00      0.00
07:04:46 AM      35     14.85      0.00     84.16      0.00      0.00      0.00      0.00      0.00      0.00      0.99
07:04:46 AM      36     14.00      0.00     85.00      0.00      0.00      0.00      0.00      0.00      0.00      1.00
07:04:46 AM      37     14.14      0.00     84.85      0.00      0.00      0.00      0.00      0.00      0.00      1.01
07:04:46 AM      38     12.12      0.00     87.88      0.00      0.00      0.00      0.00      0.00      0.00      0.00
07:04:46 AM      39     11.88      0.00     87.13      0.00      0.00      0.00      0.00      0.00      0.00      0.99

07:04:46 AM     CPU      %usr     %nice      %sys   %iowait    %steal      %irq     %soft    %guest    %gnice     %idle
07:04:47 AM      32     11.88      0.00     87.13      0.00      0.00      0.00      0.00      0.00      0.00      0.99
07:04:47 AM      33     15.84      0.00     83.17      0.00      0.00      0.00      0.00      0.00      0.00      0.99
07:04:47 AM      34     13.00      0.00     85.00      0.00      0.00      0.00      1.00      0.00      0.00      1.00
07:04:47 AM      35     11.11      0.00     87.88      0.00      0.00      0.00      0.00      0.00      0.00      1.01
07:04:47 AM      36     16.83      0.00     81.19      0.00      0.00      0.00      0.99      0.00      0.00      0.99
07:04:47 AM      37     13.13      0.00     84.85      0.00      0.00      0.00      1.01      0.00      0.00      1.01
07:04:47 AM      38      9.00      0.00     90.00      0.00      0.00      0.00      0.00      0.00      0.00      1.00
07:04:47 AM      39     12.12      0.00     86.87      0.00      0.00      0.00      1.01      0.00      0.00      0.00

07:04:47 AM     CPU      %usr     %nice      %sys   %iowait    %steal      %irq     %soft    %guest    %gnice     %idle
07:04:48 AM      32     13.00      0.00     86.00      0.00      0.00      0.00      0.00      0.00      0.00      1.00
07:04:48 AM      33     17.82      0.00     81.19      0.00      0.00      0.00      0.00      0.00      0.00      0.99
07:04:48 AM      34     13.73      0.00     84.31      0.00      0.00      0.00      0.98      0.00      0.00      0.98
07:04:48 AM      35     11.11      0.00     87.88      0.00      0.00      0.00      0.00      0.00      0.00      1.01
07:04:48 AM      36     12.87      0.00     86.14      0.00      0.00      0.00      0.00      0.00      0.00      0.99
07:04:48 AM      37     11.00      0.00     88.00      0.00      0.00      0.00      0.00      0.00      0.00      1.00
07:04:48 AM      38     11.88      0.00     86.14      0.00      0.00      0.00      0.00      0.00      0.00      1.98
07:04:48 AM      39     10.89      0.00     88.12      0.00      0.00      0.00      0.00      0.00      0.00      0.99

07:04:48 AM     CPU      %usr     %nice      %sys   %iowait    %steal      %irq     %soft    %guest    %gnice     %idle
07:04:49 AM      32     16.00      0.00     83.00      0.00      0.00      0.00      0.00      0.00      0.00      1.00
07:04:49 AM      33     12.12      0.00     87.88      0.00      0.00      0.00      0.00      0.00      0.00      0.00
07:04:49 AM      34     19.00      0.00     81.00      0.00      0.00      0.00      0.00      0.00      0.00      0.00
07:04:49 AM      35     17.82      0.00     81.19      0.00      0.00      0.00      0.00      0.00      0.00      0.99
07:04:49 AM      36     13.13      0.00     86.87      0.00      0.00      0.00      0.00      0.00      0.00      0.00
07:04:49 AM      37     12.00      0.00     88.00      0.00      0.00      0.00      0.00      0.00      0.00      0.00
07:04:49 AM      38     11.22      0.00     88.78      0.00      0.00      0.00      0.00      0.00      0.00      0.00
07:04:49 AM      39     14.00      0.00     85.00      0.00      0.00      0.00      0.00      0.00      0.00      1.00

07:04:49 AM     CPU      %usr     %nice      %sys   %iowait    %steal      %irq     %soft    %guest    %gnice     %idle
07:04:50 AM      32     13.00      0.00     87.00      0.00      0.00      0.00      0.00      0.00      0.00      0.00
07:04:50 AM      33     14.85      0.00     84.16      0.00      0.00      0.00      0.00      0.00      0.00      0.99
07:04:50 AM      34     13.00      0.00     86.00      0.00      0.00      0.00      0.00      0.00      0.00      1.00
07:04:50 AM      35     11.11      0.00     86.87      0.00      0.00      0.00      1.01      0.00      0.00      1.01
07:04:50 AM      36     13.13      0.00     85.86      0.00      0.00      0.00      0.00      0.00      0.00      1.01
07:04:50 AM      37     14.14      0.00     83.84      0.00      0.00      0.00      1.01      0.00      0.00      1.01
07:04:50 AM      38     10.89      0.00     88.12      0.00      0.00      0.00      0.00      0.00      0.00      0.99
07:04:50 AM      39     11.00      0.00     87.00      0.00      0.00      0.00      1.00      0.00      0.00      1.00

07:04:50 AM     CPU      %usr     %nice      %sys   %iowait    %steal      %irq     %soft    %guest    %gnice     %idle
07:04:51 AM      32     11.88      0.00     86.14      0.00      0.00      0.00      0.99      0.00      0.00      0.99
07:04:51 AM      33     14.14      0.00     84.85      0.00      0.00      0.00      0.00      0.00      0.00      1.01
07:04:51 AM      34      8.91      0.00     89.11      0.00      0.00      0.00      0.99      0.00      0.00      0.99
07:04:51 AM      35     14.14      0.00     84.85      0.00      0.00      0.00      0.00      0.00      0.00      1.01
07:04:51 AM      36     13.73      0.00     85.29      0.00      0.00      0.00      0.00      0.00      0.00      0.98
07:04:51 AM      37     17.17      0.00     81.82      0.00      0.00      0.00      0.00      0.00      0.00      1.01
07:04:51 AM      38     13.86      0.00     84.16      0.00      0.00      0.00      0.99      0.00      0.00      0.99
07:04:51 AM      39     14.14      0.00     85.86      0.00      0.00      0.00      0.00      0.00      0.00      0.00

Average:        CPU      %usr     %nice      %sys   %iowait    %steal      %irq     %soft    %guest    %gnice     %idle
Average:         32     12.90      0.00     86.30      0.00      0.00      0.00      0.10      0.00      0.00      0.70
Average:         33     14.40      0.00     84.70      0.00      0.00      0.00      0.10      0.00      0.00      0.80
Average:         34     13.39      0.00     85.51      0.00      0.00      0.00      0.40      0.00      0.00      0.70
Average:         35     13.23      0.00     85.67      0.00      0.00      0.00      0.10      0.00      0.00      1.00
Average:         36     14.60      0.00     84.60      0.00      0.00      0.00      0.10      0.00      0.00      0.70
Average:         37     13.68      0.00     85.31      0.00      0.00      0.00      0.20      0.00      0.00      0.80
Average:         38     12.01      0.00     86.99      0.00      0.00      0.00      0.10      0.00      0.00      0.90
Average:         39     12.11      0.00     86.89      0.00      0.00      0.00      0.30      0.00      0.00      0.70
