Linux 6.12.0-rc5-nfoff-mitioff-ndsim-sv5 (cache-sql13432) 	11/04/2024 	_x86_64_	(64 CPU)

11:28:36 AM     CPU      %usr     %nice      %sys   %iowait    %steal      %irq     %soft    %guest    %gnice     %idle
11:28:37 AM      32     20.00      0.00     42.00      0.00      0.00      0.00     38.00      0.00      0.00      0.00
11:28:37 AM      33     21.21      0.00     45.45      0.00      0.00      0.00     33.33      0.00      0.00      0.00
11:28:37 AM      34     16.00      0.00     53.00      0.00      0.00      0.00     31.00      0.00      0.00      0.00
11:28:37 AM      35     15.84      0.00     35.64      0.00      0.00      0.00     48.51      0.00      0.00      0.00
11:28:37 AM      36     22.55      0.00     50.98      0.00      0.00      0.00     25.49      0.00      0.00      0.98
11:28:37 AM      37     12.12      0.00     30.30      0.00      0.00      0.00     57.58      0.00      0.00      0.00
11:28:37 AM      38     17.82      0.00     40.59      0.00      0.00      0.00     41.58      0.00      0.00      0.00
11:28:37 AM      39     17.00      0.00     52.00      0.00      0.00      0.00     31.00      0.00      0.00      0.00

11:28:37 AM     CPU      %usr     %nice      %sys   %iowait    %steal      %irq     %soft    %guest    %gnice     %idle
11:28:38 AM      32     20.20      0.00     45.45      0.00      0.00      0.00     34.34      0.00      0.00      0.00
11:28:38 AM      33     26.00      0.00     38.00      0.00      0.00      0.00     36.00      0.00      0.00      0.00
11:28:38 AM      34     18.81      0.00     48.51      0.00      0.00      0.00     31.68      0.00      0.00      0.99
11:28:38 AM      35     14.00      0.00     44.00      0.00      0.00      0.00     42.00      0.00      0.00      0.00
11:28:38 AM      36     19.19      0.00     49.49      0.00      0.00      0.00     31.31      0.00      0.00      0.00
11:28:38 AM      37     14.85      0.00     33.66      0.00      0.00      0.00     51.49      0.00      0.00      0.00
11:28:38 AM      38     16.16      0.00     41.41      0.00      0.00      0.00     42.42      0.00      0.00      0.00
11:28:38 AM      39     14.14      0.00     48.48      0.00      0.00      0.00     37.37      0.00      0.00      0.00

11:28:38 AM     CPU      %usr     %nice      %sys   %iowait    %steal      %irq     %soft    %guest    %gnice     %idle
11:28:39 AM      32     22.22      0.00     39.39      0.00      0.00      0.00     38.38      0.00      0.00      0.00
11:28:39 AM      33     19.00      0.00     46.00      0.00      0.00      0.00     35.00      0.00      0.00      0.00
11:28:39 AM      34     15.00      0.00     53.00      0.00      0.00      0.00     32.00      0.00      0.00      0.00
11:28:39 AM      35     14.14      0.00     47.47      0.00      0.00      0.00     38.38      0.00      0.00      0.00
11:28:39 AM      36     26.73      0.00     45.54      0.00      0.00      0.00     27.72      0.00      0.00      0.00
11:28:39 AM      37     10.10      0.00     35.35      0.00      0.00      0.00     54.55      0.00      0.00      0.00
11:28:39 AM      38     22.77      0.00     36.63      0.00      0.00      0.00     39.60      0.00      0.00      0.99
11:28:39 AM      39     18.00      0.00     48.00      0.00      0.00      0.00     34.00      0.00      0.00      0.00

11:28:39 AM     CPU      %usr     %nice      %sys   %iowait    %steal      %irq     %soft    %guest    %gnice     %idle
11:28:40 AM      32     19.80      0.00     43.56      0.00      0.00      0.00     36.63      0.00      0.00      0.00
11:28:40 AM      33     17.82      0.00     46.53      0.00      0.00      0.00     35.64      0.00      0.00      0.00
11:28:40 AM      34     17.17      0.00     54.55      0.00      0.00      0.00     28.28      0.00      0.00      0.00
11:28:40 AM      35     17.00      0.00     43.00      0.00      0.00      0.00     40.00      0.00      0.00      0.00
11:28:40 AM      36     25.25      0.00     50.51      0.00      0.00      0.00     24.24      0.00      0.00      0.00
11:28:40 AM      37     14.00      0.00     31.00      0.00      0.00      0.00     55.00      0.00      0.00      0.00
11:28:40 AM      38     17.17      0.00     42.42      0.00      0.00      0.00     40.40      0.00      0.00      0.00
11:28:40 AM      39     23.00      0.00     43.00      0.00      0.00      0.00     34.00      0.00      0.00      0.00

11:28:40 AM     CPU      %usr     %nice      %sys   %iowait    %steal      %irq     %soft    %guest    %gnice     %idle
11:28:41 AM      32     13.86      0.00     48.51      0.00      0.00      0.00     37.62      0.00      0.00      0.00
11:28:41 AM      33     20.20      0.00     48.48      0.00      0.00      0.00     31.31      0.00      0.00      0.00
11:28:41 AM      34     18.81      0.00     50.50      0.00      0.00      0.00     30.69      0.00      0.00      0.00
11:28:41 AM      35     14.00      0.00     42.00      0.00      0.00      0.00     44.00      0.00      0.00      0.00
11:28:41 AM      36     24.00      0.00     48.00      0.00      0.00      0.00     28.00      0.00      0.00      0.00
11:28:41 AM      37     14.00      0.00     34.00      0.00      0.00      0.00     52.00      0.00      0.00      0.00
11:28:41 AM      38     17.82      0.00     42.57      0.00      0.00      0.00     39.60      0.00      0.00      0.00
11:28:41 AM      39     16.00      0.00     53.00      0.00      0.00      0.00     31.00      0.00      0.00      0.00

11:28:41 AM     CPU      %usr     %nice      %sys   %iowait    %steal      %irq     %soft    %guest    %gnice     %idle
11:28:42 AM      32     18.18      0.00     44.44      0.00      0.00      0.00     35.35      0.00      0.00      2.02
11:28:42 AM      33     16.00      0.00     47.00      0.00      0.00      0.00     37.00      0.00      0.00      0.00
11:28:42 AM      34     13.13      0.00     54.55      0.00      0.00      0.00     32.32      0.00      0.00      0.00
11:28:42 AM      35     14.14      0.00     45.45      0.00      0.00      0.00     40.40      0.00      0.00      0.00
11:28:42 AM      36     21.00      0.00     47.00      0.00      0.00      0.00     32.00      0.00      0.00      0.00
11:28:42 AM      37     12.12      0.00     38.38      0.00      0.00      0.00     49.49      0.00      0.00      0.00
11:28:42 AM      38     17.17      0.00     39.39      0.00      0.00      0.00     43.43      0.00      0.00      0.00
11:28:42 AM      39     22.00      0.00     48.00      0.00      0.00      0.00     30.00      0.00      0.00      0.00

11:28:42 AM     CPU      %usr     %nice      %sys   %iowait    %steal      %irq     %soft    %guest    %gnice     %idle
11:28:43 AM      32     22.00      0.00     46.00      0.00      0.00      0.00     32.00      0.00      0.00      0.00
11:28:43 AM      33     23.23      0.00     42.42      0.00      0.00      0.00     34.34      0.00      0.00      0.00
11:28:43 AM      34     19.19      0.00     54.55      0.00      0.00      0.00     26.26      0.00      0.00      0.00
11:28:43 AM      35     14.00      0.00     44.00      0.00      0.00      0.00     42.00      0.00      0.00      0.00
11:28:43 AM      36     19.19      0.00     54.55      0.00      0.00      0.00     26.26      0.00      0.00      0.00
11:28:43 AM      37     15.00      0.00     40.00      0.00      0.00      0.00     45.00      0.00      0.00      0.00
11:28:43 AM      38     20.00      0.00     42.00      0.00      0.00      0.00     38.00      0.00      0.00      0.00
11:28:43 AM      39     16.83      0.00     50.50      0.00      0.00      0.00     32.67      0.00      0.00      0.00

11:28:43 AM     CPU      %usr     %nice      %sys   %iowait    %steal      %irq     %soft    %guest    %gnice     %idle
11:28:44 AM      32     20.79      0.00     46.53      0.00      0.00      0.00     32.67      0.00      0.00      0.00
11:28:44 AM      33     18.63      0.00     45.10      0.00      0.00      0.00     35.29      0.00      0.00      0.98
11:28:44 AM      34     20.79      0.00     51.49      0.00      0.00      0.00     26.73      0.00      0.00      0.99
11:28:44 AM      35     16.83      0.00     32.67      0.00      0.00      0.00     50.50      0.00      0.00      0.00
11:28:44 AM      36     22.55      0.00     45.10      0.00      0.00      0.00     31.37      0.00      0.00      0.98
11:28:44 AM      37     11.88      0.00     35.64      0.00      0.00      0.00     52.48      0.00      0.00      0.00
11:28:44 AM      38     18.18      0.00     40.40      0.00      0.00      0.00     41.41      0.00      0.00      0.00
11:28:44 AM      39     14.00      0.00     53.00      0.00      0.00      0.00     32.00      0.00      0.00      1.00

11:28:44 AM     CPU      %usr     %nice      %sys   %iowait    %steal      %irq     %soft    %guest    %gnice     %idle
11:28:45 AM      32     21.43      0.00     41.84      0.00      0.00      0.00     36.73      0.00      0.00      0.00
11:28:45 AM      33     17.17      0.00     52.53      0.00      0.00      0.00     30.30      0.00      0.00      0.00
11:28:45 AM      34     20.00      0.00     54.00      0.00      0.00      0.00     26.00      0.00      0.00      0.00
11:28:45 AM      35     15.15      0.00     40.40      0.00      0.00      0.00     43.43      0.00      0.00      1.01
11:28:45 AM      36     21.21      0.00     49.49      0.00      0.00      0.00     29.29      0.00      0.00      0.00
11:28:45 AM      37     13.13      0.00     36.36      0.00      0.00      0.00     50.51      0.00      0.00      0.00
11:28:45 AM      38     16.83      0.00     41.58      0.00      0.00      0.00     41.58      0.00      0.00      0.00
11:28:45 AM      39     18.18      0.00     47.47      0.00      0.00      0.00     34.34      0.00      0.00      0.00

11:28:45 AM     CPU      %usr     %nice      %sys   %iowait    %steal      %irq     %soft    %guest    %gnice     %idle
11:28:46 AM      32     20.00      0.00     47.00      0.00      0.00      0.00     33.00      0.00      0.00      0.00
11:28:46 AM      33     20.20      0.00     45.45      0.00      0.00      0.00     34.34      0.00      0.00      0.00
11:28:46 AM      34     20.00      0.00     54.00      0.00      0.00      0.00     26.00      0.00      0.00      0.00
11:28:46 AM      35     13.13      0.00     40.40      0.00      0.00      0.00     46.46      0.00      0.00      0.00
11:28:46 AM      36     16.00      0.00     53.00      0.00      0.00      0.00     31.00      0.00      0.00      0.00
11:28:46 AM      37     17.17      0.00     32.32      0.00      0.00      0.00     50.51      0.00      0.00      0.00
11:28:46 AM      38     22.00      0.00     37.00      0.00      0.00      0.00     41.00      0.00      0.00      0.00
11:28:46 AM      39     20.00      0.00     51.00      0.00      0.00      0.00     29.00      0.00      0.00      0.00

Average:        CPU      %usr     %nice      %sys   %iowait    %steal      %irq     %soft    %guest    %gnice     %idle
Average:         32     19.84      0.00     44.49      0.00      0.00      0.00     35.47      0.00      0.00      0.20
Average:         33     19.94      0.00     45.69      0.00      0.00      0.00     34.27      0.00      0.00      0.10
Average:         34     17.90      0.00     52.80      0.00      0.00      0.00     29.10      0.00      0.00      0.20
Average:         35     14.83      0.00     41.48      0.00      0.00      0.00     43.59      0.00      0.00      0.10
Average:         36     21.78      0.00     49.35      0.00      0.00      0.00     28.67      0.00      0.00      0.20
Average:         37     13.44      0.00     34.70      0.00      0.00      0.00     51.86      0.00      0.00      0.00
Average:         38     18.60      0.00     40.40      0.00      0.00      0.00     40.90      0.00      0.00      0.10
Average:         39     17.92      0.00     49.45      0.00      0.00      0.00     32.53      0.00      0.00      0.10
