Linux 6.12.0-rc5-nfoff-mitioff-ndsim-sv5 (cache-sql13432) 	11/03/2024 	_x86_64_	(64 CPU)

02:56:25 PM     CPU      %usr     %nice      %sys   %iowait    %steal      %irq     %soft    %guest    %gnice     %idle
02:56:26 PM      32     15.96      0.00     61.70      0.00      0.00      0.00      4.26      0.00      0.00     18.09
02:56:26 PM      33     18.37      0.00     58.16      0.00      0.00      0.00      1.02      0.00      0.00     22.45
02:56:26 PM      34     15.56      0.00     52.22      0.00      0.00      0.00      7.78      0.00      0.00     24.44
02:56:26 PM      35     13.98      0.00     60.22      0.00      0.00      0.00      5.38      0.00      0.00     20.43
02:56:26 PM      36     14.85      0.00     63.37      0.00      0.00      0.00      3.96      0.00      0.00     17.82
02:56:26 PM      37     16.84      0.00     57.89      0.00      0.00      0.00      4.21      0.00      0.00     21.05
02:56:26 PM      38     18.37      0.00     53.06      0.00      0.00      0.00      5.10      0.00      0.00     23.47
02:56:26 PM      39     19.79      0.00     53.12      0.00      0.00      0.00      3.12      0.00      0.00     23.96

02:56:26 PM     CPU      %usr     %nice      %sys   %iowait    %steal      %irq     %soft    %guest    %gnice     %idle
02:56:27 PM      32     14.43      0.00     63.92      0.00      0.00      0.00      3.09      0.00      0.00     18.56
02:56:27 PM      33     16.49      0.00     61.86      0.00      0.00      0.00      3.09      0.00      0.00     18.56
02:56:27 PM      34     14.71      0.00     55.88      0.00      0.00      0.00      2.94      0.00      0.00     26.47
02:56:27 PM      35     14.85      0.00     66.34      0.00      0.00      0.00      2.97      0.00      0.00     15.84
02:56:27 PM      36     15.31      0.00     57.14      0.00      0.00      0.00      4.08      0.00      0.00     23.47
02:56:27 PM      37     13.00      0.00     58.00      0.00      0.00      0.00      5.00      0.00      0.00     24.00
02:56:27 PM      38     11.22      0.00     61.22      0.00      0.00      0.00      5.10      0.00      0.00     22.45
02:56:27 PM      39     19.23      0.00     61.54      0.00      0.00      0.00      1.92      0.00      0.00     17.31

02:56:27 PM     CPU      %usr     %nice      %sys   %iowait    %steal      %irq     %soft    %guest    %gnice     %idle
02:56:28 PM      32     13.40      0.00     63.92      0.00      0.00      0.00      4.12      0.00      0.00     18.56
02:56:28 PM      33     15.31      0.00     63.27      0.00      0.00      0.00      3.06      0.00      0.00     18.37
02:56:28 PM      34     16.67      0.00     51.04      0.00      0.00      0.00      2.08      0.00      0.00     30.21
02:56:28 PM      35     12.63      0.00     68.42      0.00      0.00      0.00      4.21      0.00      0.00     14.74
02:56:28 PM      36     13.54      0.00     61.46      0.00      0.00      0.00      1.04      0.00      0.00     23.96
02:56:28 PM      37     15.31      0.00     55.10      0.00      0.00      0.00      6.12      0.00      0.00     23.47
02:56:28 PM      38     14.58      0.00     60.42      0.00      0.00      0.00      2.08      0.00      0.00     22.92
02:56:28 PM      39     17.20      0.00     62.37      0.00      0.00      0.00      3.23      0.00      0.00     17.20

02:56:28 PM     CPU      %usr     %nice      %sys   %iowait    %steal      %irq     %soft    %guest    %gnice     %idle
02:56:29 PM      32     16.16      0.00     62.63      0.00      0.00      0.00      3.03      0.00      0.00     18.18
02:56:29 PM      33     12.12      0.00     64.65      0.00      0.00      0.00      5.05      0.00      0.00     18.18
02:56:29 PM      34     15.46      0.00     48.45      0.00      0.00      0.00      6.19      0.00      0.00     29.90
02:56:29 PM      35     16.33      0.00     65.31      0.00      0.00      0.00      3.06      0.00      0.00     15.31
02:56:29 PM      36     13.19      0.00     58.24      0.00      0.00      0.00      2.20      0.00      0.00     26.37
02:56:29 PM      37     15.84      0.00     56.44      0.00      0.00      0.00      3.96      0.00      0.00     23.76
02:56:29 PM      38     15.00      0.00     59.00      0.00      0.00      0.00      4.00      0.00      0.00     22.00
02:56:29 PM      39     14.71      0.00     66.67      0.00      0.00      0.00      1.96      0.00      0.00     16.67

02:56:29 PM     CPU      %usr     %nice      %sys   %iowait    %steal      %irq     %soft    %guest    %gnice     %idle
02:56:30 PM      32     14.00      0.00     66.00      0.00      0.00      0.00      3.00      0.00      0.00     17.00
02:56:30 PM      33     18.63      0.00     60.78      0.00      0.00      0.00      2.94      0.00      0.00     17.65
02:56:30 PM      34     15.62      0.00     51.04      0.00      0.00      0.00      3.12      0.00      0.00     30.21
02:56:30 PM      35     14.85      0.00     67.33      0.00      0.00      0.00      2.97      0.00      0.00     14.85
02:56:30 PM      36     13.21      0.00     60.38      0.00      0.00      0.00      2.83      0.00      0.00     23.58
02:56:30 PM      37     12.87      0.00     60.40      0.00      0.00      0.00      2.97      0.00      0.00     23.76
02:56:30 PM      38     13.73      0.00     60.78      0.00      0.00      0.00      3.92      0.00      0.00     21.57
02:56:30 PM      39     18.18      0.00     60.61      0.00      0.00      0.00      3.03      0.00      0.00     18.18

02:56:30 PM     CPU      %usr     %nice      %sys   %iowait    %steal      %irq     %soft    %guest    %gnice     %idle
02:56:31 PM      32     14.29      0.00     63.27      0.00      0.00      0.00      4.08      0.00      0.00     18.37
02:56:31 PM      33     13.98      0.00     63.44      0.00      0.00      0.00      4.30      0.00      0.00     18.28
02:56:31 PM      34     15.79      0.00     48.42      0.00      0.00      0.00      5.26      0.00      0.00     30.53
02:56:31 PM      35     14.14      0.00     64.65      0.00      0.00      0.00      5.05      0.00      0.00     16.16
02:56:31 PM      36     13.68      0.00     60.00      0.00      0.00      0.00      1.05      0.00      0.00     25.26
02:56:31 PM      37     20.00      0.00     48.42      0.00      0.00      0.00      6.32      0.00      0.00     25.26
02:56:31 PM      38     14.89      0.00     59.57      0.00      0.00      0.00      2.13      0.00      0.00     23.40
02:56:31 PM      39     13.98      0.00     66.67      0.00      0.00      0.00      2.15      0.00      0.00     17.20

02:56:31 PM     CPU      %usr     %nice      %sys   %iowait    %steal      %irq     %soft    %guest    %gnice     %idle
02:56:32 PM      32     12.77      0.00     65.96      0.00      0.00      0.00      3.19      0.00      0.00     18.09
02:56:32 PM      33     13.54      0.00     63.54      0.00      0.00      0.00      4.17      0.00      0.00     18.75
02:56:32 PM      34     15.84      0.00     51.49      0.00      0.00      0.00      3.96      0.00      0.00     28.71
02:56:32 PM      35     13.86      0.00     70.30      0.00      0.00      0.00      1.98      0.00      0.00     13.86
02:56:32 PM      36     12.75      0.00     59.80      0.00      0.00      0.00      3.92      0.00      0.00     23.53
02:56:32 PM      37     12.26      0.00     60.38      0.00      0.00      0.00      4.72      0.00      0.00     22.64
02:56:32 PM      38     18.00      0.00     56.00      0.00      0.00      0.00      4.00      0.00      0.00     22.00
02:56:32 PM      39     15.79      0.00     63.16      0.00      0.00      0.00      3.16      0.00      0.00     17.89

02:56:32 PM     CPU      %usr     %nice      %sys   %iowait    %steal      %irq     %soft    %guest    %gnice     %idle
02:56:33 PM      32     19.80      0.00     59.41      0.00      0.00      0.00      2.97      0.00      0.00     17.82
02:56:33 PM      33     13.68      0.00     63.16      0.00      0.00      0.00      4.21      0.00      0.00     18.95
02:56:33 PM      34     15.73      0.00     49.44      0.00      0.00      0.00      2.25      0.00      0.00     32.58
02:56:33 PM      35     16.67      0.00     65.69      0.00      0.00      0.00      2.94      0.00      0.00     14.71
02:56:33 PM      36     15.31      0.00     57.14      0.00      0.00      0.00      4.08      0.00      0.00     23.47
02:56:33 PM      37     17.17      0.00     52.53      0.00      0.00      0.00      6.06      0.00      0.00     24.24
02:56:33 PM      38     18.28      0.00     52.69      0.00      0.00      0.00      4.30      0.00      0.00     24.73
02:56:33 PM      39     14.74      0.00     64.21      0.00      0.00      0.00      3.16      0.00      0.00     17.89

02:56:33 PM     CPU      %usr     %nice      %sys   %iowait    %steal      %irq     %soft    %guest    %gnice     %idle
02:56:34 PM      32     14.14      0.00     63.64      0.00      0.00      0.00      4.04      0.00      0.00     18.18
02:56:34 PM      33     15.22      0.00     60.87      0.00      0.00      0.00      4.35      0.00      0.00     19.57
02:56:34 PM      34     17.02      0.00     47.87      0.00      0.00      0.00      4.26      0.00      0.00     30.85
02:56:34 PM      35     10.64      0.00     70.21      0.00      0.00      0.00      3.19      0.00      0.00     15.96
02:56:34 PM      36     16.50      0.00     57.28      0.00      0.00      0.00      2.91      0.00      0.00     23.30
02:56:34 PM      37     14.58      0.00     57.29      0.00      0.00      0.00      4.17      0.00      0.00     23.96
02:56:34 PM      38     14.58      0.00     60.42      0.00      0.00      0.00      2.08      0.00      0.00     22.92
02:56:34 PM      39     16.84      0.00     63.16      0.00      0.00      0.00      2.11      0.00      0.00     17.89

02:56:34 PM     CPU      %usr     %nice      %sys   %iowait    %steal      %irq     %soft    %guest    %gnice     %idle
02:56:35 PM      32     13.68      0.00     62.11      0.00      0.00      0.00      5.26      0.00      0.00     18.95
02:56:35 PM      33     13.40      0.00     63.92      0.00      0.00      0.00      5.15      0.00      0.00     17.53
02:56:35 PM      34     14.00      0.00     52.00      0.00      0.00      0.00      5.00      0.00      0.00     29.00
02:56:35 PM      35     16.13      0.00     64.52      0.00      0.00      0.00      3.23      0.00      0.00     16.13
02:56:35 PM      36     11.58      0.00     57.89      0.00      0.00      0.00      5.26      0.00      0.00     25.26
02:56:35 PM      37     14.00      0.00     58.00      0.00      0.00      0.00      4.00      0.00      0.00     24.00
02:56:35 PM      38     16.67      0.00     58.33      0.00      0.00      0.00      2.08      0.00      0.00     22.92
02:56:35 PM      39     15.00      0.00     67.00      0.00      0.00      0.00      2.00      0.00      0.00     16.00

Average:        CPU      %usr     %nice      %sys   %iowait    %steal      %irq     %soft    %guest    %gnice     %idle
Average:         32     14.89      0.00     63.24      0.00      0.00      0.00      3.70      0.00      0.00     18.17
Average:         33     15.10      0.00     62.36      0.00      0.00      0.00      3.72      0.00      0.00     18.82
Average:         34     15.62      0.00     50.83      0.00      0.00      0.00      4.27      0.00      0.00     29.27
Average:         35     14.43      0.00     66.33      0.00      0.00      0.00      3.48      0.00      0.00     15.76
Average:         36     14.01      0.00     59.29      0.00      0.00      0.00      3.15      0.00      0.00     23.55
Average:         37     15.14      0.00     56.51      0.00      0.00      0.00      4.74      0.00      0.00     23.61
Average:         38     15.52      0.00     58.17      0.00      0.00      0.00      3.49      0.00      0.00     22.82
Average:         39     16.56      0.00     62.86      0.00      0.00      0.00      2.57      0.00      0.00     18.00
