Linux 6.12.0-rc5-nfoff-mitioff-ndsim-sv5 (cache-sql13432) 	11/03/2024 	_x86_64_	(64 CPU)

01:15:04 PM     CPU      %usr     %nice      %sys   %iowait    %steal      %irq     %soft    %guest    %gnice     %idle
01:15:05 PM      32     18.81      0.00     41.58      0.00      0.00      0.00     39.60      0.00      0.00      0.00
01:15:05 PM      33     19.61      0.00     43.14      0.00      0.00      0.00     37.25      0.00      0.00      0.00
01:15:05 PM      34     14.00      0.00     44.00      0.00      0.00      0.00     42.00      0.00      0.00      0.00
01:15:05 PM      35     15.15      0.00     45.45      0.00      0.00      0.00     39.39      0.00      0.00      0.00
01:15:05 PM      36     16.16      0.00     42.42      0.00      0.00      0.00     41.41      0.00      0.00      0.00
01:15:05 PM      37     16.00      0.00     60.00      0.00      0.00      0.00     24.00      0.00      0.00      0.00
01:15:05 PM      38     26.73      0.00     41.58      0.00      0.00      0.00     31.68      0.00      0.00      0.00
01:15:05 PM      39     18.00      0.00     45.00      0.00      0.00      0.00     37.00      0.00      0.00      0.00

01:15:05 PM     CPU      %usr     %nice      %sys   %iowait    %steal      %irq     %soft    %guest    %gnice     %idle
01:15:06 PM      32     19.19      0.00     43.43      0.00      0.00      0.00     37.37      0.00      0.00      0.00
01:15:06 PM      33     20.41      0.00     38.78      0.00      0.00      0.00     40.82      0.00      0.00      0.00
01:15:06 PM      34     13.00      0.00     39.00      0.00      0.00      0.00     47.00      0.00      0.00      1.00
01:15:06 PM      35     15.00      0.00     32.00      0.00      0.00      0.00     53.00      0.00      0.00      0.00
01:15:06 PM      36     15.84      0.00     44.55      0.00      0.00      0.00     39.60      0.00      0.00      0.00
01:15:06 PM      37     20.79      0.00     46.53      0.00      0.00      0.00     31.68      0.00      0.00      0.99
01:15:06 PM      38     22.22      0.00     47.47      0.00      0.00      0.00     30.30      0.00      0.00      0.00
01:15:06 PM      39     18.00      0.00     49.00      0.00      0.00      0.00     33.00      0.00      0.00      0.00

01:15:06 PM     CPU      %usr     %nice      %sys   %iowait    %steal      %irq     %soft    %guest    %gnice     %idle
01:15:07 PM      32     21.00      0.00     44.00      0.00      0.00      0.00     35.00      0.00      0.00      0.00
01:15:07 PM      33     19.80      0.00     42.57      0.00      0.00      0.00     37.62      0.00      0.00      0.00
01:15:07 PM      34     14.85      0.00     41.58      0.00      0.00      0.00     43.56      0.00      0.00      0.00
01:15:07 PM      35     16.83      0.00     34.65      0.00      0.00      0.00     47.52      0.00      0.00      0.99
01:15:07 PM      36     17.17      0.00     45.45      0.00      0.00      0.00     37.37      0.00      0.00      0.00
01:15:07 PM      37     17.17      0.00     49.49      0.00      0.00      0.00     33.33      0.00      0.00      0.00
01:15:07 PM      38     23.00      0.00     48.00      0.00      0.00      0.00     29.00      0.00      0.00      0.00
01:15:07 PM      39     19.00      0.00     42.00      0.00      0.00      0.00     39.00      0.00      0.00      0.00

01:15:07 PM     CPU      %usr     %nice      %sys   %iowait    %steal      %irq     %soft    %guest    %gnice     %idle
01:15:08 PM      32     19.00      0.00     47.00      0.00      0.00      0.00     34.00      0.00      0.00      0.00
01:15:08 PM      33     18.18      0.00     45.45      0.00      0.00      0.00     36.36      0.00      0.00      0.00
01:15:08 PM      34     16.16      0.00     42.42      0.00      0.00      0.00     41.41      0.00      0.00      0.00
01:15:08 PM      35     16.00      0.00     38.00      0.00      0.00      0.00     46.00      0.00      0.00      0.00
01:15:08 PM      36     19.00      0.00     40.00      0.00      0.00      0.00     41.00      0.00      0.00      0.00
01:15:08 PM      37     19.19      0.00     49.49      0.00      0.00      0.00     31.31      0.00      0.00      0.00
01:15:08 PM      38     18.18      0.00     42.42      0.00      0.00      0.00     39.39      0.00      0.00      0.00
01:15:08 PM      39     18.00      0.00     44.00      0.00      0.00      0.00     38.00      0.00      0.00      0.00

01:15:08 PM     CPU      %usr     %nice      %sys   %iowait    %steal      %irq     %soft    %guest    %gnice     %idle
01:15:09 PM      32     20.00      0.00     41.00      0.00      0.00      0.00     39.00      0.00      0.00      0.00
01:15:09 PM      33     17.00      0.00     41.00      0.00      0.00      0.00     42.00      0.00      0.00      0.00
01:15:09 PM      34     14.85      0.00     41.58      0.00      0.00      0.00     43.56      0.00      0.00      0.00
01:15:09 PM      35     12.87      0.00     35.64      0.00      0.00      0.00     51.49      0.00      0.00      0.00
01:15:09 PM      36     16.00      0.00     46.00      0.00      0.00      0.00     38.00      0.00      0.00      0.00
01:15:09 PM      37     25.74      0.00     46.53      0.00      0.00      0.00     27.72      0.00      0.00      0.00
01:15:09 PM      38     20.79      0.00     44.55      0.00      0.00      0.00     34.65      0.00      0.00      0.00
01:15:09 PM      39     19.00      0.00     45.00      0.00      0.00      0.00     36.00      0.00      0.00      0.00

01:15:09 PM     CPU      %usr     %nice      %sys   %iowait    %steal      %irq     %soft    %guest    %gnice     %idle
01:15:10 PM      32     16.00      0.00     51.00      0.00      0.00      0.00     33.00      0.00      0.00      0.00
01:15:10 PM      33     16.00      0.00     49.00      0.00      0.00      0.00     35.00      0.00      0.00      0.00
01:15:10 PM      34     12.12      0.00     40.40      0.00      0.00      0.00     47.47      0.00      0.00      0.00
01:15:10 PM      35     11.00      0.00     40.00      0.00      0.00      0.00     49.00      0.00      0.00      0.00
01:15:10 PM      36     15.00      0.00     45.00      0.00      0.00      0.00     40.00      0.00      0.00      0.00
01:15:10 PM      37     19.19      0.00     50.51      0.00      0.00      0.00     30.30      0.00      0.00      0.00
01:15:10 PM      38     14.14      0.00     44.44      0.00      0.00      0.00     41.41      0.00      0.00      0.00
01:15:10 PM      39     21.00      0.00     45.00      0.00      0.00      0.00     34.00      0.00      0.00      0.00

01:15:10 PM     CPU      %usr     %nice      %sys   %iowait    %steal      %irq     %soft    %guest    %gnice     %idle
01:15:11 PM      32     21.21      0.00     44.44      0.00      0.00      0.00     34.34      0.00      0.00      0.00
01:15:11 PM      33     24.00      0.00     43.00      0.00      0.00      0.00     33.00      0.00      0.00      0.00
01:15:11 PM      34     17.00      0.00     36.00      0.00      0.00      0.00     47.00      0.00      0.00      0.00
01:15:11 PM      35     16.00      0.00     44.00      0.00      0.00      0.00     40.00      0.00      0.00      0.00
01:15:11 PM      36     14.85      0.00     48.51      0.00      0.00      0.00     35.64      0.00      0.00      0.99
01:15:11 PM      37     21.00      0.00     45.00      0.00      0.00      0.00     34.00      0.00      0.00      0.00
01:15:11 PM      38     16.16      0.00     47.47      0.00      0.00      0.00     36.36      0.00      0.00      0.00
01:15:11 PM      39     22.22      0.00     38.38      0.00      0.00      0.00     39.39      0.00      0.00      0.00

01:15:11 PM     CPU      %usr     %nice      %sys   %iowait    %steal      %irq     %soft    %guest    %gnice     %idle
01:15:12 PM      32     18.00      0.00     41.00      0.00      0.00      0.00     41.00      0.00      0.00      0.00
01:15:12 PM      33     21.00      0.00     40.00      0.00      0.00      0.00     38.00      0.00      0.00      1.00
01:15:12 PM      34     15.84      0.00     39.60      0.00      0.00      0.00     44.55      0.00      0.00      0.00
01:15:12 PM      35     15.15      0.00     41.41      0.00      0.00      0.00     43.43      0.00      0.00      0.00
01:15:12 PM      36     18.18      0.00     47.47      0.00      0.00      0.00     34.34      0.00      0.00      0.00
01:15:12 PM      37     20.00      0.00     47.00      0.00      0.00      0.00     33.00      0.00      0.00      0.00
01:15:12 PM      38     17.82      0.00     44.55      0.00      0.00      0.00     36.63      0.00      0.00      0.99
01:15:12 PM      39     17.00      0.00     44.00      0.00      0.00      0.00     39.00      0.00      0.00      0.00

01:15:12 PM     CPU      %usr     %nice      %sys   %iowait    %steal      %irq     %soft    %guest    %gnice     %idle
01:15:13 PM      32     15.84      0.00     44.55      0.00      0.00      0.00     38.61      0.00      0.00      0.99
01:15:13 PM      33     18.00      0.00     45.00      0.00      0.00      0.00     37.00      0.00      0.00      0.00
01:15:13 PM      34     14.00      0.00     38.00      0.00      0.00      0.00     48.00      0.00      0.00      0.00
01:15:13 PM      35     15.84      0.00     44.55      0.00      0.00      0.00     39.60      0.00      0.00      0.00
01:15:13 PM      36     18.00      0.00     48.00      0.00      0.00      0.00     34.00      0.00      0.00      0.00
01:15:13 PM      37     18.18      0.00     50.51      0.00      0.00      0.00     31.31      0.00      0.00      0.00
01:15:13 PM      38     12.00      0.00     52.00      0.00      0.00      0.00     36.00      0.00      0.00      0.00
01:15:13 PM      39     21.00      0.00     46.00      0.00      0.00      0.00     33.00      0.00      0.00      0.00

01:15:13 PM     CPU      %usr     %nice      %sys   %iowait    %steal      %irq     %soft    %guest    %gnice     %idle
01:15:14 PM      32     18.81      0.00     39.60      0.00      0.00      0.00     41.58      0.00      0.00      0.00
01:15:14 PM      33     16.00      0.00     46.00      0.00      0.00      0.00     38.00      0.00      0.00      0.00
01:15:14 PM      34     17.17      0.00     40.40      0.00      0.00      0.00     42.42      0.00      0.00      0.00
01:15:14 PM      35     15.15      0.00     40.40      0.00      0.00      0.00     44.44      0.00      0.00      0.00
01:15:14 PM      36     19.00      0.00     47.00      0.00      0.00      0.00     34.00      0.00      0.00      0.00
01:15:14 PM      37     21.00      0.00     46.00      0.00      0.00      0.00     33.00      0.00      0.00      0.00
01:15:14 PM      38     18.00      0.00     46.00      0.00      0.00      0.00     36.00      0.00      0.00      0.00
01:15:14 PM      39     20.20      0.00     44.44      0.00      0.00      0.00     35.35      0.00      0.00      0.00

Average:        CPU      %usr     %nice      %sys   %iowait    %steal      %irq     %soft    %guest    %gnice     %idle
Average:         32     18.78      0.00     43.76      0.00      0.00      0.00     37.36      0.00      0.00      0.10
Average:         33     19.00      0.00     43.40      0.00      0.00      0.00     37.50      0.00      0.00      0.10
Average:         34     14.90      0.00     40.30      0.00      0.00      0.00     44.70      0.00      0.00      0.10
Average:         35     14.90      0.00     39.60      0.00      0.00      0.00     45.40      0.00      0.00      0.10
Average:         36     16.92      0.00     45.45      0.00      0.00      0.00     37.54      0.00      0.00      0.10
Average:         37     19.84      0.00     49.10      0.00      0.00      0.00     30.96      0.00      0.00      0.10
Average:         38     18.92      0.00     45.85      0.00      0.00      0.00     35.14      0.00      0.00      0.10
Average:         39     19.34      0.00     44.29      0.00      0.00      0.00     36.37      0.00      0.00      0.00
