Linux 6.12.0-rc5-nfoff-mitioff-ndsim-sv5 (cache-sql13432) 	11/03/2024 	_x86_64_	(64 CPU)

07:19:27 AM     CPU      %usr     %nice      %sys   %iowait    %steal      %irq     %soft    %guest    %gnice     %idle
07:19:28 AM      32     18.00      0.00     44.00      0.00      0.00      0.00     38.00      0.00      0.00      0.00
07:19:28 AM      33     24.18      0.00     34.07      0.00      0.00      0.00     30.77      0.00      0.00     10.99
07:19:28 AM      34     23.91      0.00     39.13      0.00      0.00      0.00     25.00      0.00      0.00     11.96
07:19:28 AM      35     14.00      0.00     47.00      0.00      0.00      0.00     39.00      0.00      0.00      0.00
07:19:28 AM      36     16.47      0.00     40.00      0.00      0.00      0.00     23.53      0.00      0.00     20.00
07:19:28 AM      37     19.77      0.00     37.21      0.00      0.00      0.00     26.74      0.00      0.00     16.28
07:19:28 AM      38     15.15      0.00     38.38      0.00      0.00      0.00     46.46      0.00      0.00      0.00
07:19:28 AM      39     14.00      0.00     39.00      0.00      0.00      0.00     47.00      0.00      0.00      0.00

07:19:28 AM     CPU      %usr     %nice      %sys   %iowait    %steal      %irq     %soft    %guest    %gnice     %idle
07:19:29 AM      32     18.18      0.00     41.41      0.00      0.00      0.00     40.40      0.00      0.00      0.00
07:19:29 AM      33     15.56      0.00     44.44      0.00      0.00      0.00     27.78      0.00      0.00     12.22
07:19:29 AM      34     16.85      0.00     37.08      0.00      0.00      0.00     33.71      0.00      0.00     12.36
07:19:29 AM      35     19.00      0.00     42.00      0.00      0.00      0.00     39.00      0.00      0.00      0.00
07:19:29 AM      36     18.39      0.00     40.23      0.00      0.00      0.00     22.99      0.00      0.00     18.39
07:19:29 AM      37     18.68      0.00     41.76      0.00      0.00      0.00     25.27      0.00      0.00     14.29
07:19:29 AM      38     19.00      0.00     37.00      0.00      0.00      0.00     44.00      0.00      0.00      0.00
07:19:29 AM      39     13.00      0.00     42.00      0.00      0.00      0.00     45.00      0.00      0.00      0.00

07:19:29 AM     CPU      %usr     %nice      %sys   %iowait    %steal      %irq     %soft    %guest    %gnice     %idle
07:19:30 AM      32     17.17      0.00     44.44      0.00      0.00      0.00     38.38      0.00      0.00      0.00
07:19:30 AM      33     22.47      0.00     35.96      0.00      0.00      0.00     30.34      0.00      0.00     11.24
07:19:30 AM      34     18.75      0.00     35.00      0.00      0.00      0.00     32.50      0.00      0.00     13.75
07:19:30 AM      35     15.84      0.00     45.54      0.00      0.00      0.00     37.62      0.00      0.00      0.99
07:19:30 AM      36     16.87      0.00     34.94      0.00      0.00      0.00     27.71      0.00      0.00     20.48
07:19:30 AM      37     18.89      0.00     38.89      0.00      0.00      0.00     26.67      0.00      0.00     15.56
07:19:30 AM      38     13.86      0.00     36.63      0.00      0.00      0.00     49.50      0.00      0.00      0.00
07:19:30 AM      39     15.00      0.00     40.00      0.00      0.00      0.00     45.00      0.00      0.00      0.00

07:19:30 AM     CPU      %usr     %nice      %sys   %iowait    %steal      %irq     %soft    %guest    %gnice     %idle
07:19:31 AM      32     12.00      0.00     46.00      0.00      0.00      0.00     42.00      0.00      0.00      0.00
07:19:31 AM      33     20.22      0.00     34.83      0.00      0.00      0.00     33.71      0.00      0.00     11.24
07:19:31 AM      34     20.45      0.00     35.23      0.00      0.00      0.00     31.82      0.00      0.00     12.50
07:19:31 AM      35     17.00      0.00     43.00      0.00      0.00      0.00     40.00      0.00      0.00      0.00
07:19:31 AM      36     12.77      0.00     42.55      0.00      0.00      0.00     25.53      0.00      0.00     19.15
07:19:31 AM      37     20.69      0.00     37.93      0.00      0.00      0.00     26.44      0.00      0.00     14.94
07:19:31 AM      38     15.00      0.00     35.00      0.00      0.00      0.00     50.00      0.00      0.00      0.00
07:19:31 AM      39     14.14      0.00     39.39      0.00      0.00      0.00     46.46      0.00      0.00      0.00

07:19:31 AM     CPU      %usr     %nice      %sys   %iowait    %steal      %irq     %soft    %guest    %gnice     %idle
07:19:32 AM      32     10.00      0.00     48.00      0.00      0.00      0.00     42.00      0.00      0.00      0.00
07:19:32 AM      33     14.61      0.00     40.45      0.00      0.00      0.00     32.58      0.00      0.00     12.36
07:19:32 AM      34     19.15      0.00     35.11      0.00      0.00      0.00     34.04      0.00      0.00     11.70
07:19:32 AM      35     19.00      0.00     42.00      0.00      0.00      0.00     39.00      0.00      0.00      0.00
07:19:32 AM      36     18.48      0.00     33.70      0.00      0.00      0.00     29.35      0.00      0.00     18.48
07:19:32 AM      37     16.67      0.00     41.11      0.00      0.00      0.00     26.67      0.00      0.00     15.56
07:19:32 AM      38     14.00      0.00     39.00      0.00      0.00      0.00     47.00      0.00      0.00      0.00
07:19:32 AM      39     12.87      0.00     39.60      0.00      0.00      0.00     47.52      0.00      0.00      0.00

07:19:32 AM     CPU      %usr     %nice      %sys   %iowait    %steal      %irq     %soft    %guest    %gnice     %idle
07:19:33 AM      32     22.22      0.00     45.45      0.00      0.00      0.00     32.32      0.00      0.00      0.00
07:19:33 AM      33     20.21      0.00     35.11      0.00      0.00      0.00     32.98      0.00      0.00     11.70
07:19:33 AM      34     20.00      0.00     41.11      0.00      0.00      0.00     26.67      0.00      0.00     12.22
07:19:33 AM      35     16.16      0.00     45.45      0.00      0.00      0.00     38.38      0.00      0.00      0.00
07:19:33 AM      36     17.24      0.00     37.93      0.00      0.00      0.00     25.29      0.00      0.00     19.54
07:19:33 AM      37     21.51      0.00     37.63      0.00      0.00      0.00     26.88      0.00      0.00     13.98
07:19:33 AM      38     13.00      0.00     39.00      0.00      0.00      0.00     48.00      0.00      0.00      0.00
07:19:33 AM      39     19.00      0.00     38.00      0.00      0.00      0.00     43.00      0.00      0.00      0.00

07:19:33 AM     CPU      %usr     %nice      %sys   %iowait    %steal      %irq     %soft    %guest    %gnice     %idle
07:19:34 AM      32     13.00      0.00     44.00      0.00      0.00      0.00     42.00      0.00      0.00      1.00
07:19:34 AM      33     23.91      0.00     31.52      0.00      0.00      0.00     32.61      0.00      0.00     11.96
07:19:34 AM      34     18.48      0.00     39.13      0.00      0.00      0.00     30.43      0.00      0.00     11.96
07:19:34 AM      35     17.00      0.00     47.00      0.00      0.00      0.00     36.00      0.00      0.00      0.00
07:19:34 AM      36     15.91      0.00     43.18      0.00      0.00      0.00     22.73      0.00      0.00     18.18
07:19:34 AM      37     18.48      0.00     41.30      0.00      0.00      0.00     25.00      0.00      0.00     15.22
07:19:34 AM      38     16.00      0.00     35.00      0.00      0.00      0.00     49.00      0.00      0.00      0.00
07:19:34 AM      39     12.12      0.00     38.38      0.00      0.00      0.00     49.49      0.00      0.00      0.00

07:19:34 AM     CPU      %usr     %nice      %sys   %iowait    %steal      %irq     %soft    %guest    %gnice     %idle
07:19:35 AM      32     13.13      0.00     44.44      0.00      0.00      0.00     42.42      0.00      0.00      0.00
07:19:35 AM      33     19.77      0.00     38.37      0.00      0.00      0.00     29.07      0.00      0.00     12.79
07:19:35 AM      34     14.61      0.00     41.57      0.00      0.00      0.00     31.46      0.00      0.00     12.36
07:19:35 AM      35     13.27      0.00     44.90      0.00      0.00      0.00     41.84      0.00      0.00      0.00
07:19:35 AM      36     22.35      0.00     32.94      0.00      0.00      0.00     23.53      0.00      0.00     21.18
07:19:35 AM      37     22.73      0.00     36.36      0.00      0.00      0.00     25.00      0.00      0.00     15.91
07:19:35 AM      38     13.00      0.00     39.00      0.00      0.00      0.00     48.00      0.00      0.00      0.00
07:19:35 AM      39     13.00      0.00     39.00      0.00      0.00      0.00     48.00      0.00      0.00      0.00

07:19:35 AM     CPU      %usr     %nice      %sys   %iowait    %steal      %irq     %soft    %guest    %gnice     %idle
07:19:36 AM      32     16.00      0.00     48.00      0.00      0.00      0.00     36.00      0.00      0.00      0.00
07:19:36 AM      33     17.78      0.00     42.22      0.00      0.00      0.00     28.89      0.00      0.00     11.11
07:19:36 AM      34     20.22      0.00     39.33      0.00      0.00      0.00     28.09      0.00      0.00     12.36
07:19:36 AM      35     14.85      0.00     47.52      0.00      0.00      0.00     37.62      0.00      0.00      0.00
07:19:36 AM      36     23.08      0.00     37.36      0.00      0.00      0.00     21.98      0.00      0.00     17.58
07:19:36 AM      37     22.83      0.00     36.96      0.00      0.00      0.00     26.09      0.00      0.00     14.13
07:19:36 AM      38     15.00      0.00     37.00      0.00      0.00      0.00     48.00      0.00      0.00      0.00
07:19:36 AM      39     14.00      0.00     36.00      0.00      0.00      0.00     50.00      0.00      0.00      0.00

07:19:36 AM     CPU      %usr     %nice      %sys   %iowait    %steal      %irq     %soft    %guest    %gnice     %idle
07:19:37 AM      32     11.11      0.00     42.42      0.00      0.00      0.00     46.46      0.00      0.00      0.00
07:19:37 AM      33     15.73      0.00     46.07      0.00      0.00      0.00     25.84      0.00      0.00     12.36
07:19:37 AM      34     16.13      0.00     39.78      0.00      0.00      0.00     32.26      0.00      0.00     11.83
07:19:37 AM      35     14.14      0.00     47.47      0.00      0.00      0.00     37.37      0.00      0.00      1.01
07:19:37 AM      36     20.45      0.00     36.36      0.00      0.00      0.00     23.86      0.00      0.00     19.32
07:19:37 AM      37     17.98      0.00     38.20      0.00      0.00      0.00     28.09      0.00      0.00     15.73
07:19:37 AM      38     16.16      0.00     33.33      0.00      0.00      0.00     50.51      0.00      0.00      0.00
07:19:37 AM      39     12.00      0.00     44.00      0.00      0.00      0.00     44.00      0.00      0.00      0.00

Average:        CPU      %usr     %nice      %sys   %iowait    %steal      %irq     %soft    %guest    %gnice     %idle
Average:         32     15.08      0.00     44.82      0.00      0.00      0.00     40.00      0.00      0.00      0.10
Average:         33     19.47      0.00     38.26      0.00      0.00      0.00     30.48      0.00      0.00     11.79
Average:         34     18.86      0.00     38.28      0.00      0.00      0.00     30.58      0.00      0.00     12.28
Average:         35     16.03      0.00     45.19      0.00      0.00      0.00     38.58      0.00      0.00      0.20
Average:         36     18.18      0.00     37.95      0.00      0.00      0.00     24.66      0.00      0.00     19.20
Average:         37     19.82      0.00     38.75      0.00      0.00      0.00     26.28      0.00      0.00     15.14
Average:         38     15.02      0.00     36.94      0.00      0.00      0.00     48.05      0.00      0.00      0.00
Average:         39     13.91      0.00     39.54      0.00      0.00      0.00     46.55      0.00      0.00      0.00
