Linux 6.12.0-rc5-nfoff-mitioff-ndsim-sv5 (cache-sql13432) 	11/03/2024 	_x86_64_	(64 CPU)

10:17:35 AM     CPU      %usr     %nice      %sys   %iowait    %steal      %irq     %soft    %guest    %gnice     %idle
10:17:36 AM      32      5.49      0.00     23.08      0.00      0.00      0.00     13.19      0.00      0.00     58.24
10:17:36 AM      33      7.07      0.00     25.25      0.00      0.00      0.00     13.13      0.00      0.00     54.55
10:17:36 AM      34      7.00      0.00     24.00      0.00      0.00      0.00     14.00      0.00      0.00     55.00
10:17:36 AM      35      5.10      0.00     26.53      0.00      0.00      0.00     14.29      0.00      0.00     54.08
10:17:36 AM      36      7.53      0.00     21.51      0.00      0.00      0.00     11.83      0.00      0.00     59.14
10:17:36 AM      37      7.45      0.00     21.28      0.00      0.00      0.00     14.89      0.00      0.00     56.38
10:17:36 AM      38      7.77      0.00     26.21      0.00      0.00      0.00     11.65      0.00      0.00     54.37
10:17:36 AM      39      5.56      0.00     18.89      0.00      0.00      0.00     12.22      0.00      0.00     63.33

10:17:36 AM     CPU      %usr     %nice      %sys   %iowait    %steal      %irq     %soft    %guest    %gnice     %idle
10:17:37 AM      32      7.14      0.00     27.55      0.00      0.00      0.00     11.22      0.00      0.00     54.08
10:17:37 AM      33      5.15      0.00     22.68      0.00      0.00      0.00     13.40      0.00      0.00     58.76
10:17:37 AM      34      6.32      0.00     24.21      0.00      0.00      0.00     14.74      0.00      0.00     54.74
10:17:37 AM      35      7.37      0.00     25.26      0.00      0.00      0.00     10.53      0.00      0.00     56.84
10:17:37 AM      36      6.00      0.00     29.00      0.00      0.00      0.00     10.00      0.00      0.00     55.00
10:17:37 AM      37      7.29      0.00     25.00      0.00      0.00      0.00     10.42      0.00      0.00     57.29
10:17:37 AM      38      6.25      0.00     28.12      0.00      0.00      0.00      9.38      0.00      0.00     56.25
10:17:37 AM      39      3.85      0.00     26.92      0.00      0.00      0.00     15.38      0.00      0.00     53.85

10:17:37 AM     CPU      %usr     %nice      %sys   %iowait    %steal      %irq     %soft    %guest    %gnice     %idle
10:17:38 AM      32      7.37      0.00     29.47      0.00      0.00      0.00     11.58      0.00      0.00     51.58
10:17:38 AM      33      6.19      0.00     28.87      0.00      0.00      0.00     14.43      0.00      0.00     50.52
10:17:38 AM      34      9.90      0.00     21.78      0.00      0.00      0.00     13.86      0.00      0.00     54.46
10:17:38 AM      35      8.00      0.00     30.00      0.00      0.00      0.00     15.00      0.00      0.00     47.00
10:17:38 AM      36      6.45      0.00     24.73      0.00      0.00      0.00     13.98      0.00      0.00     54.84
10:17:38 AM      37      8.08      0.00     24.24      0.00      0.00      0.00     15.15      0.00      0.00     52.53
10:17:38 AM      38      5.26      0.00     27.37      0.00      0.00      0.00      8.42      0.00      0.00     58.95
10:17:38 AM      39      6.45      0.00     27.96      0.00      0.00      0.00     15.05      0.00      0.00     50.54

10:17:38 AM     CPU      %usr     %nice      %sys   %iowait    %steal      %irq     %soft    %guest    %gnice     %idle
10:17:39 AM      32      4.95      0.00     29.70      0.00      0.00      0.00     16.83      0.00      0.00     48.51
10:17:39 AM      33      8.25      0.00     26.80      0.00      0.00      0.00     10.31      0.00      0.00     54.64
10:17:39 AM      34      5.83      0.00     33.01      0.00      0.00      0.00     11.65      0.00      0.00     49.51
10:17:39 AM      35      7.14      0.00     29.59      0.00      0.00      0.00     12.24      0.00      0.00     51.02
10:17:39 AM      36      5.15      0.00     26.80      0.00      0.00      0.00     11.34      0.00      0.00     56.70
10:17:39 AM      37      6.38      0.00     25.53      0.00      0.00      0.00     10.64      0.00      0.00     57.45
10:17:39 AM      38     10.00      0.00     20.00      0.00      0.00      0.00     15.00      0.00      0.00     55.00
10:17:39 AM      39      7.45      0.00     29.79      0.00      0.00      0.00     12.77      0.00      0.00     50.00

10:17:39 AM     CPU      %usr     %nice      %sys   %iowait    %steal      %irq     %soft    %guest    %gnice     %idle
10:17:40 AM      32      6.06      0.00     29.29      0.00      0.00      0.00     16.16      0.00      0.00     48.48
10:17:40 AM      33      7.14      0.00     30.61      0.00      0.00      0.00     12.24      0.00      0.00     50.00
10:17:40 AM      34      8.60      0.00     24.73      0.00      0.00      0.00     15.05      0.00      0.00     51.61
10:17:40 AM      35      6.32      0.00     25.26      0.00      0.00      0.00     15.79      0.00      0.00     52.63
10:17:40 AM      36      7.29      0.00     25.00      0.00      0.00      0.00     14.58      0.00      0.00     53.12
10:17:40 AM      37      6.19      0.00     30.93      0.00      0.00      0.00     13.40      0.00      0.00     49.48
10:17:40 AM      38      8.00      0.00     29.00      0.00      0.00      0.00     12.00      0.00      0.00     51.00
10:17:40 AM      39      7.29      0.00     26.04      0.00      0.00      0.00     14.58      0.00      0.00     52.08

10:17:40 AM     CPU      %usr     %nice      %sys   %iowait    %steal      %irq     %soft    %guest    %gnice     %idle
10:17:41 AM      32      5.21      0.00     28.12      0.00      0.00      0.00     15.62      0.00      0.00     51.04
10:17:41 AM      33      7.14      0.00     23.47      0.00      0.00      0.00     12.24      0.00      0.00     57.14
10:17:41 AM      34      8.60      0.00     20.43      0.00      0.00      0.00     12.90      0.00      0.00     58.06
10:17:41 AM      35      7.14      0.00     27.55      0.00      0.00      0.00     12.24      0.00      0.00     53.06
10:17:41 AM      36      5.32      0.00     26.60      0.00      0.00      0.00     12.77      0.00      0.00     55.32
10:17:41 AM      37      5.32      0.00     25.53      0.00      0.00      0.00     15.96      0.00      0.00     53.19
10:17:41 AM      38      7.53      0.00     24.73      0.00      0.00      0.00      9.68      0.00      0.00     58.06
10:17:41 AM      39      8.25      0.00     20.62      0.00      0.00      0.00     15.46      0.00      0.00     55.67

10:17:41 AM     CPU      %usr     %nice      %sys   %iowait    %steal      %irq     %soft    %guest    %gnice     %idle
10:17:42 AM      32     10.42      0.00     22.92      0.00      0.00      0.00     12.50      0.00      0.00     54.17
10:17:42 AM      33      8.89      0.00     25.56      0.00      0.00      0.00     10.00      0.00      0.00     55.56
10:17:42 AM      34      9.47      0.00     20.00      0.00      0.00      0.00     15.79      0.00      0.00     54.74
10:17:42 AM      35      7.22      0.00     29.90      0.00      0.00      0.00      9.28      0.00      0.00     53.61
10:17:42 AM      36      6.06      0.00     29.29      0.00      0.00      0.00     12.12      0.00      0.00     52.53
10:17:42 AM      37      7.29      0.00     26.04      0.00      0.00      0.00     12.50      0.00      0.00     54.17
10:17:42 AM      38      6.52      0.00     25.00      0.00      0.00      0.00      9.78      0.00      0.00     58.70
10:17:42 AM      39      4.85      0.00     28.16      0.00      0.00      0.00     14.56      0.00      0.00     52.43

10:17:42 AM     CPU      %usr     %nice      %sys   %iowait    %steal      %irq     %soft    %guest    %gnice     %idle
10:17:43 AM      32      6.32      0.00     32.63      0.00      0.00      0.00     12.63      0.00      0.00     48.42
10:17:43 AM      33      8.79      0.00     26.37      0.00      0.00      0.00     10.99      0.00      0.00     53.85
10:17:43 AM      34      6.25      0.00     28.12      0.00      0.00      0.00     16.67      0.00      0.00     48.96
10:17:43 AM      35      5.62      0.00     26.97      0.00      0.00      0.00     11.24      0.00      0.00     56.18
10:17:43 AM      36      5.43      0.00     30.43      0.00      0.00      0.00     15.22      0.00      0.00     48.91
10:17:43 AM      37      7.29      0.00     22.92      0.00      0.00      0.00     11.46      0.00      0.00     58.33
10:17:43 AM      38      6.06      0.00     26.26      0.00      0.00      0.00     11.11      0.00      0.00     56.57
10:17:43 AM      39      7.07      0.00     31.31      0.00      0.00      0.00     14.14      0.00      0.00     47.47

10:17:43 AM     CPU      %usr     %nice      %sys   %iowait    %steal      %irq     %soft    %guest    %gnice     %idle
10:17:44 AM      32     10.20      0.00     32.65      0.00      0.00      0.00     10.20      0.00      0.00     46.94
10:17:44 AM      33      6.06      0.00     30.30      0.00      0.00      0.00     17.17      0.00      0.00     46.46
10:17:44 AM      34      9.38      0.00     29.17      0.00      0.00      0.00     12.50      0.00      0.00     48.96
10:17:44 AM      35     12.12      0.00     27.27      0.00      0.00      0.00     11.11      0.00      0.00     49.49
10:17:44 AM      36      7.37      0.00     29.47      0.00      0.00      0.00     14.74      0.00      0.00     48.42
10:17:44 AM      37      7.00      0.00     30.00      0.00      0.00      0.00     11.00      0.00      0.00     52.00
10:17:44 AM      38      6.93      0.00     22.77      0.00      0.00      0.00     16.83      0.00      0.00     53.47
10:17:44 AM      39      5.00      0.00     37.00      0.00      0.00      0.00     15.00      0.00      0.00     43.00

10:17:44 AM     CPU      %usr     %nice      %sys   %iowait    %steal      %irq     %soft    %guest    %gnice     %idle
10:17:45 AM      32      8.33      0.00     26.04      0.00      0.00      0.00     16.67      0.00      0.00     48.96
10:17:45 AM      33      7.92      0.00     30.69      0.00      0.00      0.00     14.85      0.00      0.00     46.53
10:17:45 AM      34      3.26      0.00     28.26      0.00      0.00      0.00     11.96      0.00      0.00     56.52
10:17:45 AM      35      8.16      0.00     26.53      0.00      0.00      0.00     14.29      0.00      0.00     51.02
10:17:45 AM      36      8.16      0.00     30.61      0.00      0.00      0.00     13.27      0.00      0.00     47.96
10:17:45 AM      37      5.32      0.00     25.53      0.00      0.00      0.00     14.89      0.00      0.00     54.26
10:17:45 AM      38      8.60      0.00     23.66      0.00      0.00      0.00      8.60      0.00      0.00     59.14
10:17:45 AM      39      5.15      0.00     29.90      0.00      0.00      0.00     15.46      0.00      0.00     49.48

Average:        CPU      %usr     %nice      %sys   %iowait    %steal      %irq     %soft    %guest    %gnice     %idle
Average:         32      7.15      0.00     28.19      0.00      0.00      0.00     13.68      0.00      0.00     50.98
Average:         33      7.24      0.00     27.09      0.00      0.00      0.00     12.93      0.00      0.00     52.74
Average:         34      7.47      0.00     25.41      0.00      0.00      0.00     13.90      0.00      0.00     53.22
Average:         35      7.45      0.00     27.51      0.00      0.00      0.00     12.62      0.00      0.00     52.43
Average:         36      6.48      0.00     27.38      0.00      0.00      0.00     12.96      0.00      0.00     53.19
Average:         37      6.77      0.00     25.73      0.00      0.00      0.00     13.02      0.00      0.00     54.48
Average:         38      7.30      0.00     25.31      0.00      0.00      0.00     11.32      0.00      0.00     56.07
Average:         39      6.06      0.00     27.75      0.00      0.00      0.00     14.49      0.00      0.00     51.70
