Linux 6.12.0-rc5-nfoff-mitioff-ndsim-sv5 (cache-sql13432) 	11/03/2024 	_x86_64_	(64 CPU)

02:26:28 PM     CPU      %usr     %nice      %sys   %iowait    %steal      %irq     %soft    %guest    %gnice     %idle
02:26:29 PM      32     13.98      0.00     31.18      0.00      0.00      0.00     24.73      0.00      0.00     30.11
02:26:29 PM      33     10.75      0.00     25.81      0.00      0.00      0.00     27.96      0.00      0.00     35.48
02:26:29 PM      34     12.77      0.00     30.85      0.00      0.00      0.00     23.40      0.00      0.00     32.98
02:26:29 PM      35     16.33      0.00     39.80      0.00      0.00      0.00     24.49      0.00      0.00     19.39
02:26:29 PM      36     17.39      0.00     34.78      0.00      0.00      0.00     16.30      0.00      0.00     31.52
02:26:29 PM      37     17.71      0.00     21.88      0.00      0.00      0.00     33.33      0.00      0.00     27.08
02:26:29 PM      38     15.96      0.00     29.79      0.00      0.00      0.00     23.40      0.00      0.00     30.85
02:26:29 PM      39     14.89      0.00     31.91      0.00      0.00      0.00     25.53      0.00      0.00     27.66

02:26:29 PM     CPU      %usr     %nice      %sys   %iowait    %steal      %irq     %soft    %guest    %gnice     %idle
02:26:30 PM      32     14.89      0.00     32.98      0.00      0.00      0.00     26.60      0.00      0.00     25.53
02:26:30 PM      33     13.48      0.00     25.84      0.00      0.00      0.00     23.60      0.00      0.00     37.08
02:26:30 PM      34     15.96      0.00     27.66      0.00      0.00      0.00     28.72      0.00      0.00     27.66
02:26:30 PM      35     16.49      0.00     28.87      0.00      0.00      0.00     40.21      0.00      0.00     14.43
02:26:30 PM      36     13.54      0.00     33.33      0.00      0.00      0.00     23.96      0.00      0.00     29.17
02:26:30 PM      37     15.22      0.00     28.26      0.00      0.00      0.00     36.96      0.00      0.00     19.57
02:26:30 PM      38     16.48      0.00     31.87      0.00      0.00      0.00     31.87      0.00      0.00     19.78
02:26:30 PM      39     12.24      0.00     38.78      0.00      0.00      0.00     22.45      0.00      0.00     26.53

02:26:30 PM     CPU      %usr     %nice      %sys   %iowait    %steal      %irq     %soft    %guest    %gnice     %idle
02:26:31 PM      32     13.68      0.00     38.95      0.00      0.00      0.00     34.74      0.00      0.00     12.63
02:26:31 PM      33     13.04      0.00     38.04      0.00      0.00      0.00     16.30      0.00      0.00     32.61
02:26:31 PM      34     15.62      0.00     35.42      0.00      0.00      0.00     34.38      0.00      0.00     14.58
02:26:31 PM      35     12.63      0.00     38.95      0.00      0.00      0.00     38.95      0.00      0.00      9.47
02:26:31 PM      36     12.77      0.00     38.30      0.00      0.00      0.00     34.04      0.00      0.00     14.89
02:26:31 PM      37     15.22      0.00     39.13      0.00      0.00      0.00     28.26      0.00      0.00     17.39
02:26:31 PM      38     13.40      0.00     38.14      0.00      0.00      0.00     34.02      0.00      0.00     14.43
02:26:31 PM      39     15.05      0.00     38.71      0.00      0.00      0.00     25.81      0.00      0.00     20.43

02:26:31 PM     CPU      %usr     %nice      %sys   %iowait    %steal      %irq     %soft    %guest    %gnice     %idle
02:26:32 PM      32     15.79      0.00     36.84      0.00      0.00      0.00     22.11      0.00      0.00     25.26
02:26:32 PM      33     15.22      0.00     30.43      0.00      0.00      0.00     25.00      0.00      0.00     29.35
02:26:32 PM      34     15.00      0.00     34.00      0.00      0.00      0.00     38.00      0.00      0.00     13.00
02:26:32 PM      35     10.64      0.00     26.60      0.00      0.00      0.00     42.55      0.00      0.00     20.21
02:26:32 PM      36     13.68      0.00     35.79      0.00      0.00      0.00     41.05      0.00      0.00      9.47
02:26:32 PM      37     15.73      0.00     32.58      0.00      0.00      0.00     23.60      0.00      0.00     28.09
02:26:32 PM      38     10.99      0.00     34.07      0.00      0.00      0.00     25.27      0.00      0.00     29.67
02:26:32 PM      39     10.31      0.00     39.18      0.00      0.00      0.00     35.05      0.00      0.00     15.46

02:26:32 PM     CPU      %usr     %nice      %sys   %iowait    %steal      %irq     %soft    %guest    %gnice     %idle
02:26:33 PM      32     13.27      0.00     42.86      0.00      0.00      0.00     31.63      0.00      0.00     12.24
02:26:33 PM      33     16.30      0.00     30.43      0.00      0.00      0.00     21.74      0.00      0.00     31.52
02:26:33 PM      34     15.22      0.00     33.70      0.00      0.00      0.00     33.70      0.00      0.00     17.39
02:26:33 PM      35     14.29      0.00     36.73      0.00      0.00      0.00     40.82      0.00      0.00      8.16
02:26:33 PM      36     10.31      0.00     35.05      0.00      0.00      0.00     29.90      0.00      0.00     24.74
02:26:33 PM      37     15.38      0.00     34.07      0.00      0.00      0.00     26.37      0.00      0.00     24.18
02:26:33 PM      38     14.58      0.00     40.62      0.00      0.00      0.00     32.29      0.00      0.00     12.50
02:26:33 PM      39     15.56      0.00     37.78      0.00      0.00      0.00     33.33      0.00      0.00     13.33

02:26:33 PM     CPU      %usr     %nice      %sys   %iowait    %steal      %irq     %soft    %guest    %gnice     %idle
02:26:34 PM      32     13.40      0.00     43.30      0.00      0.00      0.00     28.87      0.00      0.00     14.43
02:26:34 PM      33     14.29      0.00     38.78      0.00      0.00      0.00     30.61      0.00      0.00     16.33
02:26:34 PM      34     12.37      0.00     39.18      0.00      0.00      0.00     40.21      0.00      0.00      8.25
02:26:34 PM      35     12.37      0.00     39.18      0.00      0.00      0.00     39.18      0.00      0.00      9.28
02:26:34 PM      36     17.39      0.00     42.39      0.00      0.00      0.00     23.91      0.00      0.00     16.30
02:26:34 PM      37     12.77      0.00     38.30      0.00      0.00      0.00     37.23      0.00      0.00     11.70
02:26:34 PM      38     14.58      0.00     48.96      0.00      0.00      0.00     26.04      0.00      0.00     10.42
02:26:34 PM      39     13.04      0.00     36.96      0.00      0.00      0.00     38.04      0.00      0.00     11.96

02:26:34 PM     CPU      %usr     %nice      %sys   %iowait    %steal      %irq     %soft    %guest    %gnice     %idle
02:26:35 PM      32      7.45      0.00     44.68      0.00      0.00      0.00     36.17      0.00      0.00     11.70
02:26:35 PM      33     15.79      0.00     32.63      0.00      0.00      0.00     45.26      0.00      0.00      6.32
02:26:35 PM      34     13.27      0.00     44.90      0.00      0.00      0.00     34.69      0.00      0.00      7.14
02:26:35 PM      35     15.15      0.00     40.40      0.00      0.00      0.00     38.38      0.00      0.00      6.06
02:26:35 PM      36     18.56      0.00     40.21      0.00      0.00      0.00     34.02      0.00      0.00      7.22
02:26:35 PM      37     11.46      0.00     39.58      0.00      0.00      0.00     37.50      0.00      0.00     11.46
02:26:35 PM      38     17.89      0.00     31.58      0.00      0.00      0.00     44.21      0.00      0.00      6.32
02:26:35 PM      39     12.77      0.00     42.55      0.00      0.00      0.00     37.23      0.00      0.00      7.45

02:26:35 PM     CPU      %usr     %nice      %sys   %iowait    %steal      %irq     %soft    %guest    %gnice     %idle
02:26:36 PM      32     13.13      0.00     36.36      0.00      0.00      0.00     38.38      0.00      0.00     12.12
02:26:36 PM      33     14.43      0.00     42.27      0.00      0.00      0.00     36.08      0.00      0.00      7.22
02:26:36 PM      34     15.79      0.00     40.00      0.00      0.00      0.00     36.84      0.00      0.00      7.37
02:26:36 PM      35     15.15      0.00     44.44      0.00      0.00      0.00     33.33      0.00      0.00      7.07
02:26:36 PM      36     11.34      0.00     43.30      0.00      0.00      0.00     39.18      0.00      0.00      6.19
02:26:36 PM      37     11.58      0.00     40.00      0.00      0.00      0.00     36.84      0.00      0.00     11.58
02:26:36 PM      38     11.22      0.00     42.86      0.00      0.00      0.00     39.80      0.00      0.00      6.12
02:26:36 PM      39     12.24      0.00     37.76      0.00      0.00      0.00     41.84      0.00      0.00      8.16

02:26:36 PM     CPU      %usr     %nice      %sys   %iowait    %steal      %irq     %soft    %guest    %gnice     %idle
02:26:37 PM      32     11.96      0.00     33.70      0.00      0.00      0.00     42.39      0.00      0.00     11.96
02:26:37 PM      33     12.37      0.00     46.39      0.00      0.00      0.00     35.05      0.00      0.00      6.19
02:26:37 PM      34     15.31      0.00     38.78      0.00      0.00      0.00     38.78      0.00      0.00      7.14
02:26:37 PM      35     14.43      0.00     39.18      0.00      0.00      0.00     39.18      0.00      0.00      7.22
02:26:37 PM      36     12.37      0.00     49.48      0.00      0.00      0.00     30.93      0.00      0.00      7.22
02:26:37 PM      37     16.16      0.00     35.35      0.00      0.00      0.00     37.37      0.00      0.00     11.11
02:26:37 PM      38     12.37      0.00     48.45      0.00      0.00      0.00     32.99      0.00      0.00      6.19
02:26:37 PM      39     15.79      0.00     41.05      0.00      0.00      0.00     34.74      0.00      0.00      8.42

02:26:37 PM     CPU      %usr     %nice      %sys   %iowait    %steal      %irq     %soft    %guest    %gnice     %idle
02:26:38 PM      32     10.64      0.00     38.30      0.00      0.00      0.00     39.36      0.00      0.00     11.70
02:26:38 PM      33     13.54      0.00     43.75      0.00      0.00      0.00     35.42      0.00      0.00      7.29
02:26:38 PM      34     17.53      0.00     39.18      0.00      0.00      0.00     36.08      0.00      0.00      7.22
02:26:38 PM      35     16.13      0.00     36.56      0.00      0.00      0.00     40.86      0.00      0.00      6.45
02:26:38 PM      36     12.77      0.00     39.36      0.00      0.00      0.00     41.49      0.00      0.00      6.38
02:26:38 PM      37     11.58      0.00     38.95      0.00      0.00      0.00     37.89      0.00      0.00     11.58
02:26:38 PM      38     16.00      0.00     37.00      0.00      0.00      0.00     40.00      0.00      0.00      7.00
02:26:38 PM      39      9.47      0.00     38.95      0.00      0.00      0.00     44.21      0.00      0.00      7.37

Average:        CPU      %usr     %nice      %sys   %iowait    %steal      %irq     %soft    %guest    %gnice     %idle
Average:         32     12.83      0.00     37.96      0.00      0.00      0.00     32.49      0.00      0.00     16.72
Average:         33     13.92      0.00     35.60      0.00      0.00      0.00     29.86      0.00      0.00     20.62
Average:         34     14.88      0.00     36.42      0.00      0.00      0.00     34.55      0.00      0.00     14.15
Average:         35     14.37      0.00     37.13      0.00      0.00      0.00     37.75      0.00      0.00     10.75
Average:         36     13.99      0.00     39.22      0.00      0.00      0.00     31.55      0.00      0.00     15.25
Average:         37     14.27      0.00     34.82      0.00      0.00      0.00     33.65      0.00      0.00     17.25
Average:         38     14.35      0.00     38.43      0.00      0.00      0.00     33.09      0.00      0.00     14.14
Average:         39     13.11      0.00     38.37      0.00      0.00      0.00     33.83      0.00      0.00     14.69
