Linux 6.12.0-rc5-nfoff-mitioff-ndsim-sv5 (cache-sql13432) 	11/04/2024 	_x86_64_	(64 CPU)

10:49:57 AM     CPU      %usr     %nice      %sys   %iowait    %steal      %irq     %soft    %guest    %gnice     %idle
10:49:58 AM      32      8.60      0.00     41.94      0.00      0.00      0.00     45.16      0.00      0.00      4.30
10:49:58 AM      33     16.16      0.00     37.37      0.00      0.00      0.00     43.43      0.00      0.00      3.03
10:49:58 AM      34     16.48      0.00     28.57      0.00      0.00      0.00     30.77      0.00      0.00     24.18
10:49:58 AM      35     13.40      0.00     41.24      0.00      0.00      0.00     43.30      0.00      0.00      2.06
10:49:58 AM      36      9.28      0.00     41.24      0.00      0.00      0.00     45.36      0.00      0.00      4.12
10:49:58 AM      37     17.53      0.00     39.18      0.00      0.00      0.00     40.21      0.00      0.00      3.09
10:49:58 AM      38     14.61      0.00     30.34      0.00      0.00      0.00     26.97      0.00      0.00     28.09
10:49:58 AM      39     16.33      0.00     35.71      0.00      0.00      0.00     44.90      0.00      0.00      3.06

10:49:58 AM     CPU      %usr     %nice      %sys   %iowait    %steal      %irq     %soft    %guest    %gnice     %idle
10:49:59 AM      32     13.27      0.00     38.78      0.00      0.00      0.00     43.88      0.00      0.00      4.08
10:49:59 AM      33     13.27      0.00     42.86      0.00      0.00      0.00     40.82      0.00      0.00      3.06
10:49:59 AM      34     15.12      0.00     37.21      0.00      0.00      0.00     22.09      0.00      0.00     25.58
10:49:59 AM      35     14.58      0.00     47.92      0.00      0.00      0.00     34.38      0.00      0.00      3.12
10:49:59 AM      36     17.53      0.00     39.18      0.00      0.00      0.00     40.21      0.00      0.00      3.09
10:49:59 AM      37     12.63      0.00     40.00      0.00      0.00      0.00     44.21      0.00      0.00      3.16
10:49:59 AM      38     14.61      0.00     28.09      0.00      0.00      0.00     29.21      0.00      0.00     28.09
10:49:59 AM      39     16.33      0.00     40.82      0.00      0.00      0.00     40.82      0.00      0.00      2.04

10:49:59 AM     CPU      %usr     %nice      %sys   %iowait    %steal      %irq     %soft    %guest    %gnice     %idle
10:50:00 AM      32     13.83      0.00     40.43      0.00      0.00      0.00     41.49      0.00      0.00      4.26
10:50:00 AM      33      7.37      0.00     47.37      0.00      0.00      0.00     42.11      0.00      0.00      3.16
10:50:00 AM      34     16.48      0.00     31.87      0.00      0.00      0.00     26.37      0.00      0.00     25.27
10:50:00 AM      35     10.53      0.00     38.95      0.00      0.00      0.00     47.37      0.00      0.00      3.16
10:50:00 AM      36     10.53      0.00     44.21      0.00      0.00      0.00     41.05      0.00      0.00      4.21
10:50:00 AM      37     10.64      0.00     45.74      0.00      0.00      0.00     40.43      0.00      0.00      3.19
10:50:00 AM      38     10.71      0.00     29.76      0.00      0.00      0.00     28.57      0.00      0.00     30.95
10:50:00 AM      39     16.67      0.00     39.58      0.00      0.00      0.00     40.62      0.00      0.00      3.12

10:50:00 AM     CPU      %usr     %nice      %sys   %iowait    %steal      %irq     %soft    %guest    %gnice     %idle
10:50:01 AM      32     13.40      0.00     37.11      0.00      0.00      0.00     36.08      0.00      0.00     13.40
10:50:01 AM      33     18.75      0.00     43.75      0.00      0.00      0.00     26.04      0.00      0.00     11.46
10:50:01 AM      34     15.00      0.00     36.00      0.00      0.00      0.00     37.00      0.00      0.00     12.00
10:50:01 AM      35     10.87      0.00     40.22      0.00      0.00      0.00     31.52      0.00      0.00     17.39
10:50:01 AM      36     13.54      0.00     38.54      0.00      0.00      0.00     34.38      0.00      0.00     13.54
10:50:01 AM      37     19.79      0.00     38.54      0.00      0.00      0.00     33.33      0.00      0.00      8.33
10:50:01 AM      38     15.22      0.00     30.43      0.00      0.00      0.00     31.52      0.00      0.00     22.83
10:50:01 AM      39     13.33      0.00     33.33      0.00      0.00      0.00     35.56      0.00      0.00     17.78

10:50:01 AM     CPU      %usr     %nice      %sys   %iowait    %steal      %irq     %soft    %guest    %gnice     %idle
10:50:02 AM      32     13.83      0.00     38.30      0.00      0.00      0.00     28.72      0.00      0.00     19.15
10:50:02 AM      33     15.56      0.00     35.56      0.00      0.00      0.00     34.44      0.00      0.00     14.44
10:50:02 AM      34     14.89      0.00     45.74      0.00      0.00      0.00     24.47      0.00      0.00     14.89
10:50:02 AM      35     17.20      0.00     32.26      0.00      0.00      0.00     30.11      0.00      0.00     20.43
10:50:02 AM      36     16.09      0.00     35.63      0.00      0.00      0.00     21.84      0.00      0.00     26.44
10:50:02 AM      37     13.83      0.00     46.81      0.00      0.00      0.00     29.79      0.00      0.00      9.57
10:50:02 AM      38     18.48      0.00     33.70      0.00      0.00      0.00     21.74      0.00      0.00     26.09
10:50:02 AM      39     13.98      0.00     33.33      0.00      0.00      0.00     39.78      0.00      0.00     12.90

10:50:02 AM     CPU      %usr     %nice      %sys   %iowait    %steal      %irq     %soft    %guest    %gnice     %idle
10:50:03 AM      32     15.73      0.00     39.33      0.00      0.00      0.00     26.97      0.00      0.00     17.98
10:50:03 AM      33     15.62      0.00     42.71      0.00      0.00      0.00     38.54      0.00      0.00      3.12
10:50:03 AM      34     17.20      0.00     31.18      0.00      0.00      0.00     40.86      0.00      0.00     10.75
10:50:03 AM      35     18.18      0.00     36.36      0.00      0.00      0.00     23.86      0.00      0.00     21.59
10:50:03 AM      36     15.22      0.00     41.30      0.00      0.00      0.00     35.87      0.00      0.00      7.61
10:50:03 AM      37     11.34      0.00     42.27      0.00      0.00      0.00     43.30      0.00      0.00      3.09
10:50:03 AM      38     12.90      0.00     37.63      0.00      0.00      0.00     21.51      0.00      0.00     27.96
10:50:03 AM      39     15.38      0.00     30.77      0.00      0.00      0.00     31.87      0.00      0.00     21.98

10:50:03 AM     CPU      %usr     %nice      %sys   %iowait    %steal      %irq     %soft    %guest    %gnice     %idle
10:50:04 AM      32     17.82      0.00     34.65      0.00      0.00      0.00     33.66      0.00      0.00     13.86
10:50:04 AM      33     15.46      0.00     44.33      0.00      0.00      0.00     36.08      0.00      0.00      4.12
10:50:04 AM      34     12.87      0.00     40.59      0.00      0.00      0.00     43.56      0.00      0.00      2.97
10:50:04 AM      35     17.58      0.00     35.16      0.00      0.00      0.00     34.07      0.00      0.00     13.19
10:50:04 AM      36     17.53      0.00     40.21      0.00      0.00      0.00     32.99      0.00      0.00      9.28
10:50:04 AM      37      9.47      0.00     41.05      0.00      0.00      0.00     46.32      0.00      0.00      3.16
10:50:04 AM      38     13.40      0.00     43.30      0.00      0.00      0.00     36.08      0.00      0.00      7.22
10:50:04 AM      39     13.83      0.00     30.85      0.00      0.00      0.00     42.55      0.00      0.00     12.77

10:50:04 AM     CPU      %usr     %nice      %sys   %iowait    %steal      %irq     %soft    %guest    %gnice     %idle
10:50:05 AM      32     11.34      0.00     43.30      0.00      0.00      0.00     41.24      0.00      0.00      4.12
10:50:05 AM      33     12.37      0.00     37.11      0.00      0.00      0.00     47.42      0.00      0.00      3.09
10:50:05 AM      34     17.35      0.00     40.82      0.00      0.00      0.00     39.80      0.00      0.00      2.04
10:50:05 AM      35     15.56      0.00     27.78      0.00      0.00      0.00     30.00      0.00      0.00     26.67
10:50:05 AM      36     14.58      0.00     42.71      0.00      0.00      0.00     38.54      0.00      0.00      4.17
10:50:05 AM      37     13.00      0.00     38.00      0.00      0.00      0.00     46.00      0.00      0.00      3.00
10:50:05 AM      38     13.54      0.00     52.08      0.00      0.00      0.00     21.88      0.00      0.00     12.50
10:50:05 AM      39     10.64      0.00     34.04      0.00      0.00      0.00     43.62      0.00      0.00     11.70

10:50:05 AM     CPU      %usr     %nice      %sys   %iowait    %steal      %irq     %soft    %guest    %gnice     %idle
10:50:06 AM      32     15.05      0.00     34.41      0.00      0.00      0.00     46.24      0.00      0.00      4.30
10:50:06 AM      33     12.90      0.00     44.09      0.00      0.00      0.00     39.78      0.00      0.00      3.23
10:50:06 AM      34     12.12      0.00     44.44      0.00      0.00      0.00     41.41      0.00      0.00      2.02
10:50:06 AM      35     17.71      0.00     34.38      0.00      0.00      0.00     22.92      0.00      0.00     25.00
10:50:06 AM      36     15.31      0.00     39.80      0.00      0.00      0.00     41.84      0.00      0.00      3.06
10:50:06 AM      37     12.63      0.00     42.11      0.00      0.00      0.00     43.16      0.00      0.00      2.11
10:50:06 AM      38     15.22      0.00     46.74      0.00      0.00      0.00     26.09      0.00      0.00     11.96
10:50:06 AM      39     15.79      0.00     32.63      0.00      0.00      0.00     40.00      0.00      0.00     11.58

10:50:06 AM     CPU      %usr     %nice      %sys   %iowait    %steal      %irq     %soft    %guest    %gnice     %idle
10:50:07 AM      32     14.74      0.00     42.11      0.00      0.00      0.00     38.95      0.00      0.00      4.21
10:50:07 AM      33     12.50      0.00     42.71      0.00      0.00      0.00     41.67      0.00      0.00      3.12
10:50:07 AM      34     11.58      0.00     44.21      0.00      0.00      0.00     41.05      0.00      0.00      3.16
10:50:07 AM      35     13.19      0.00     31.87      0.00      0.00      0.00     27.47      0.00      0.00     27.47
10:50:07 AM      36     12.50      0.00     44.79      0.00      0.00      0.00     39.58      0.00      0.00      3.12
10:50:07 AM      37     12.50      0.00     39.58      0.00      0.00      0.00     44.79      0.00      0.00      3.12
10:50:07 AM      38     14.89      0.00     41.49      0.00      0.00      0.00     28.72      0.00      0.00     14.89
10:50:07 AM      39     15.79      0.00     32.63      0.00      0.00      0.00     41.05      0.00      0.00     10.53

Average:        CPU      %usr     %nice      %sys   %iowait    %steal      %irq     %soft    %guest    %gnice     %idle
Average:         32     13.77      0.00     39.01      0.00      0.00      0.00     38.28      0.00      0.00      8.94
Average:         33     14.00      0.00     41.80      0.00      0.00      0.00     39.08      0.00      0.00      5.12
Average:         34     14.87      0.00     38.19      0.00      0.00      0.00     35.02      0.00      0.00     11.92
Average:         35     14.85      0.00     36.71      0.00      0.00      0.00     32.62      0.00      0.00     15.82
Average:         36     14.20      0.00     40.80      0.00      0.00      0.00     37.33      0.00      0.00      7.68
Average:         37     13.35      0.00     41.29      0.00      0.00      0.00     41.19      0.00      0.00      4.17
Average:         38     14.38      0.00     37.58      0.00      0.00      0.00     27.23      0.00      0.00     20.81
Average:         39     14.83      0.00     34.43      0.00      0.00      0.00     40.15      0.00      0.00     10.59
