Linux 6.12.0-rc5-nfoff-mitioff-ndsim-sv5 (cache-sql13432) 	11/04/2024 	_x86_64_	(64 CPU)

05:16:24 AM     CPU      %usr     %nice      %sys   %iowait    %steal      %irq     %soft    %guest    %gnice     %idle
05:16:25 AM      32     12.37      0.00     39.18      0.00      0.00      0.00     46.39      0.00      0.00      2.06
05:16:25 AM      33     19.35      0.00     33.33      0.00      0.00      0.00     36.56      0.00      0.00     10.75
05:16:25 AM      34     13.19      0.00     37.36      0.00      0.00      0.00     24.18      0.00      0.00     25.27
05:16:25 AM      35     13.40      0.00     41.24      0.00      0.00      0.00     30.93      0.00      0.00     14.43
05:16:25 AM      36     16.47      0.00     31.76      0.00      0.00      0.00     27.06      0.00      0.00     24.71
05:16:25 AM      37     18.48      0.00     41.30      0.00      0.00      0.00     28.26      0.00      0.00     11.96
05:16:25 AM      38     16.30      0.00     31.52      0.00      0.00      0.00     35.87      0.00      0.00     16.30
05:16:25 AM      39     13.40      0.00     38.14      0.00      0.00      0.00     45.36      0.00      0.00      3.09

05:16:25 AM     CPU      %usr     %nice      %sys   %iowait    %steal      %irq     %soft    %guest    %gnice     %idle
05:16:26 AM      32     13.40      0.00     39.18      0.00      0.00      0.00     41.24      0.00      0.00      6.19
05:16:26 AM      33     19.57      0.00     29.35      0.00      0.00      0.00     39.13      0.00      0.00     11.96
05:16:26 AM      34     19.57      0.00     32.61      0.00      0.00      0.00     25.00      0.00      0.00     22.83
05:16:26 AM      35     15.62      0.00     45.83      0.00      0.00      0.00     25.00      0.00      0.00     13.54
05:16:26 AM      36     14.43      0.00     42.27      0.00      0.00      0.00     38.14      0.00      0.00      5.15
05:16:26 AM      37     14.13      0.00     32.61      0.00      0.00      0.00     30.43      0.00      0.00     22.83
05:16:26 AM      38     17.05      0.00     27.27      0.00      0.00      0.00     34.09      0.00      0.00     21.59
05:16:26 AM      39     15.79      0.00     41.05      0.00      0.00      0.00     37.89      0.00      0.00      5.26

05:16:26 AM     CPU      %usr     %nice      %sys   %iowait    %steal      %irq     %soft    %guest    %gnice     %idle
05:16:27 AM      32     11.11      0.00     34.44      0.00      0.00      0.00     42.22      0.00      0.00     12.22
05:16:27 AM      33     14.89      0.00     42.55      0.00      0.00      0.00     38.30      0.00      0.00      4.26
05:16:27 AM      34     13.33      0.00     42.22      0.00      0.00      0.00     23.33      0.00      0.00     21.11
05:16:27 AM      35     13.64      0.00     38.64      0.00      0.00      0.00     28.41      0.00      0.00     19.32
05:16:27 AM      36     12.50      0.00     29.55      0.00      0.00      0.00     29.55      0.00      0.00     28.41
05:16:27 AM      37     16.00      0.00     41.00      0.00      0.00      0.00     39.00      0.00      0.00      4.00
05:16:27 AM      38     11.46      0.00     41.67      0.00      0.00      0.00     42.71      0.00      0.00      4.17
05:16:27 AM      39     14.94      0.00     28.74      0.00      0.00      0.00     31.03      0.00      0.00     25.29

05:16:27 AM     CPU      %usr     %nice      %sys   %iowait    %steal      %irq     %soft    %guest    %gnice     %idle
05:16:28 AM      32     13.40      0.00     31.96      0.00      0.00      0.00     46.39      0.00      0.00      8.25
05:16:28 AM      33     11.58      0.00     42.11      0.00      0.00      0.00     42.11      0.00      0.00      4.21
05:16:28 AM      34     16.09      0.00     43.68      0.00      0.00      0.00     27.59      0.00      0.00     12.64
05:16:28 AM      35     17.02      0.00     34.04      0.00      0.00      0.00     25.53      0.00      0.00     23.40
05:16:28 AM      36     11.83      0.00     35.48      0.00      0.00      0.00     26.88      0.00      0.00     25.81
05:16:28 AM      37     14.43      0.00     37.11      0.00      0.00      0.00     45.36      0.00      0.00      3.09
05:16:28 AM      38     16.49      0.00     44.33      0.00      0.00      0.00     36.08      0.00      0.00      3.09
05:16:28 AM      39     18.68      0.00     37.36      0.00      0.00      0.00     26.37      0.00      0.00     17.58

05:16:28 AM     CPU      %usr     %nice      %sys   %iowait    %steal      %irq     %soft    %guest    %gnice     %idle
05:16:29 AM      32     11.11      0.00     46.46      0.00      0.00      0.00     39.39      0.00      0.00      3.03
05:16:29 AM      33     17.71      0.00     43.75      0.00      0.00      0.00     35.42      0.00      0.00      3.12
05:16:29 AM      34     13.54      0.00     42.71      0.00      0.00      0.00     39.58      0.00      0.00      4.17
05:16:29 AM      35     17.39      0.00     38.04      0.00      0.00      0.00     21.74      0.00      0.00     22.83
05:16:29 AM      36     17.65      0.00     30.59      0.00      0.00      0.00     22.35      0.00      0.00     29.41
05:16:29 AM      37     17.71      0.00     39.58      0.00      0.00      0.00     39.58      0.00      0.00      3.12
05:16:29 AM      38     14.89      0.00     37.23      0.00      0.00      0.00     44.68      0.00      0.00      3.19
05:16:29 AM      39     13.68      0.00     44.21      0.00      0.00      0.00     37.89      0.00      0.00      4.21

05:16:29 AM     CPU      %usr     %nice      %sys   %iowait    %steal      %irq     %soft    %guest    %gnice     %idle
05:16:30 AM      32     18.37      0.00     38.78      0.00      0.00      0.00     40.82      0.00      0.00      2.04
05:16:30 AM      33     13.54      0.00     38.54      0.00      0.00      0.00     43.75      0.00      0.00      4.17
05:16:30 AM      34     14.58      0.00     36.46      0.00      0.00      0.00     44.79      0.00      0.00      4.17
05:16:30 AM      35     11.76      0.00     35.29      0.00      0.00      0.00     27.06      0.00      0.00     25.88
05:16:30 AM      36     17.58      0.00     34.07      0.00      0.00      0.00     21.98      0.00      0.00     26.37
05:16:30 AM      37     10.64      0.00     40.43      0.00      0.00      0.00     45.74      0.00      0.00      3.19
05:16:30 AM      38     13.83      0.00     44.68      0.00      0.00      0.00     38.30      0.00      0.00      3.19
05:16:30 AM      39     14.29      0.00     33.67      0.00      0.00      0.00     46.94      0.00      0.00      5.10

05:16:30 AM     CPU      %usr     %nice      %sys   %iowait    %steal      %irq     %soft    %guest    %gnice     %idle
05:16:31 AM      32     14.89      0.00     34.04      0.00      0.00      0.00     45.74      0.00      0.00      5.32
05:16:31 AM      33     20.00      0.00     42.00      0.00      0.00      0.00     35.00      0.00      0.00      3.00
05:16:31 AM      34     14.29      0.00     45.05      0.00      0.00      0.00     36.26      0.00      0.00      4.40
05:16:31 AM      35     12.90      0.00     37.63      0.00      0.00      0.00     31.18      0.00      0.00     18.28
05:16:31 AM      36     14.13      0.00     36.96      0.00      0.00      0.00     31.52      0.00      0.00     17.39
05:16:31 AM      37     11.46      0.00     40.62      0.00      0.00      0.00     44.79      0.00      0.00      3.12
05:16:31 AM      38     16.84      0.00     37.89      0.00      0.00      0.00     40.00      0.00      0.00      5.26
05:16:31 AM      39     15.46      0.00     40.21      0.00      0.00      0.00     37.11      0.00      0.00      7.22

05:16:31 AM     CPU      %usr     %nice      %sys   %iowait    %steal      %irq     %soft    %guest    %gnice     %idle
05:16:32 AM      32     13.98      0.00     38.71      0.00      0.00      0.00     26.88      0.00      0.00     20.43
05:16:32 AM      33     16.67      0.00     34.44      0.00      0.00      0.00     33.33      0.00      0.00     15.56
05:16:32 AM      34     14.44      0.00     35.56      0.00      0.00      0.00     37.78      0.00      0.00     12.22
05:16:32 AM      35     17.39      0.00     35.87      0.00      0.00      0.00     26.09      0.00      0.00     20.65
05:16:32 AM      36     13.19      0.00     37.36      0.00      0.00      0.00     39.56      0.00      0.00      9.89
05:16:32 AM      37     15.05      0.00     36.56      0.00      0.00      0.00     30.11      0.00      0.00     18.28
05:16:32 AM      38     16.09      0.00     34.48      0.00      0.00      0.00     26.44      0.00      0.00     22.99
05:16:32 AM      39     18.18      0.00     32.95      0.00      0.00      0.00     28.41      0.00      0.00     20.45

05:16:32 AM     CPU      %usr     %nice      %sys   %iowait    %steal      %irq     %soft    %guest    %gnice     %idle
05:16:33 AM      32     12.12      0.00     42.42      0.00      0.00      0.00     40.40      0.00      0.00      5.05
05:16:33 AM      33     15.62      0.00     48.96      0.00      0.00      0.00     23.96      0.00      0.00     11.46
05:16:33 AM      34     16.84      0.00     28.42      0.00      0.00      0.00     42.11      0.00      0.00     12.63
05:16:33 AM      35     15.00      0.00     38.00      0.00      0.00      0.00     44.00      0.00      0.00      3.00
05:16:33 AM      36     15.46      0.00     35.05      0.00      0.00      0.00     38.14      0.00      0.00     11.34
05:16:33 AM      37      9.68      0.00     45.16      0.00      0.00      0.00     39.78      0.00      0.00      5.38
05:16:33 AM      38     12.77      0.00     52.13      0.00      0.00      0.00     22.34      0.00      0.00     12.77
05:16:33 AM      39     13.54      0.00     46.88      0.00      0.00      0.00     36.46      0.00      0.00      3.12

05:16:33 AM     CPU      %usr     %nice      %sys   %iowait    %steal      %irq     %soft    %guest    %gnice     %idle
05:16:34 AM      32     13.83      0.00     46.81      0.00      0.00      0.00     26.60      0.00      0.00     12.77
05:16:34 AM      33     18.18      0.00     40.40      0.00      0.00      0.00     37.37      0.00      0.00      4.04
05:16:34 AM      34     13.98      0.00     29.03      0.00      0.00      0.00     46.24      0.00      0.00     10.75
05:16:34 AM      35     14.58      0.00     40.62      0.00      0.00      0.00     42.71      0.00      0.00      2.08
05:16:34 AM      36     17.39      0.00     30.43      0.00      0.00      0.00     39.13      0.00      0.00     13.04
05:16:34 AM      37     14.43      0.00     46.39      0.00      0.00      0.00     36.08      0.00      0.00      3.09
05:16:34 AM      38     11.58      0.00     45.26      0.00      0.00      0.00     30.53      0.00      0.00     12.63
05:16:34 AM      39     13.27      0.00     41.84      0.00      0.00      0.00     41.84      0.00      0.00      3.06

Average:        CPU      %usr     %nice      %sys   %iowait    %steal      %irq     %soft    %guest    %gnice     %idle
Average:         32     13.47      0.00     39.25      0.00      0.00      0.00     39.67      0.00      0.00      7.62
Average:         33     16.72      0.00     39.64      0.00      0.00      0.00     36.49      0.00      0.00      7.15
Average:         34     14.98      0.00     37.24      0.00      0.00      0.00     34.85      0.00      0.00     12.92
Average:         35     14.90      0.00     38.59      0.00      0.00      0.00     30.44      0.00      0.00     16.08
Average:         36     15.04      0.00     34.47      0.00      0.00      0.00     31.61      0.00      0.00     18.88
Average:         37     14.21      0.00     40.11      0.00      0.00      0.00     38.00      0.00      0.00      7.68
Average:         38     14.70      0.00     39.81      0.00      0.00      0.00     35.19      0.00      0.00     10.30
Average:         39     15.07      0.00     38.64      0.00      0.00      0.00     37.15      0.00      0.00      9.13
