Linux 6.12.0-rc5-nfoff-mitioff-ndsim-sv5 (cache-sql13432) 	11/04/2024 	_x86_64_	(64 CPU)

01:54:14 AM     CPU      %usr     %nice      %sys   %iowait    %steal      %irq     %soft    %guest    %gnice     %idle
01:54:15 AM      32     17.00      0.00     83.00      0.00      0.00      0.00      0.00      0.00      0.00      0.00
01:54:15 AM      33     15.00      0.00     85.00      0.00      0.00      0.00      0.00      0.00      0.00      0.00
01:54:15 AM      34     15.84      0.00     84.16      0.00      0.00      0.00      0.00      0.00      0.00      0.00
01:54:15 AM      35     15.15      0.00     84.85      0.00      0.00      0.00      0.00      0.00      0.00      0.00
01:54:15 AM      36     16.00      0.00     84.00      0.00      0.00      0.00      0.00      0.00      0.00      0.00
01:54:15 AM      37     14.85      0.00     85.15      0.00      0.00      0.00      0.00      0.00      0.00      0.00
01:54:15 AM      38     14.14      0.00     85.86      0.00      0.00      0.00      0.00      0.00      0.00      0.00
01:54:15 AM      39     21.00      0.00     79.00      0.00      0.00      0.00      0.00      0.00      0.00      0.00

01:54:15 AM     CPU      %usr     %nice      %sys   %iowait    %steal      %irq     %soft    %guest    %gnice     %idle
01:54:16 AM      32     16.00      0.00     84.00      0.00      0.00      0.00      0.00      0.00      0.00      0.00
01:54:16 AM      33     18.00      0.00     82.00      0.00      0.00      0.00      0.00      0.00      0.00      0.00
01:54:16 AM      34     16.16      0.00     83.84      0.00      0.00      0.00      0.00      0.00      0.00      0.00
01:54:16 AM      35     17.82      0.00     81.19      0.00      0.00      0.00      0.99      0.00      0.00      0.00
01:54:16 AM      36     17.00      0.00     83.00      0.00      0.00      0.00      0.00      0.00      0.00      0.00
01:54:16 AM      37     15.15      0.00     84.85      0.00      0.00      0.00      0.00      0.00      0.00      0.00
01:54:16 AM      38     17.00      0.00     83.00      0.00      0.00      0.00      0.00      0.00      0.00      0.00
01:54:16 AM      39     14.14      0.00     85.86      0.00      0.00      0.00      0.00      0.00      0.00      0.00

01:54:16 AM     CPU      %usr     %nice      %sys   %iowait    %steal      %irq     %soft    %guest    %gnice     %idle
01:54:17 AM      32     13.00      0.00     87.00      0.00      0.00      0.00      0.00      0.00      0.00      0.00
01:54:17 AM      33     17.00      0.00     83.00      0.00      0.00      0.00      0.00      0.00      0.00      0.00
01:54:17 AM      34     12.87      0.00     86.14      0.00      0.00      0.00      0.99      0.00      0.00      0.00
01:54:17 AM      35     20.00      0.00     80.00      0.00      0.00      0.00      0.00      0.00      0.00      0.00
01:54:17 AM      36     15.00      0.00     85.00      0.00      0.00      0.00      0.00      0.00      0.00      0.00
01:54:17 AM      37     18.00      0.00     82.00      0.00      0.00      0.00      0.00      0.00      0.00      0.00
01:54:17 AM      38     14.00      0.00     86.00      0.00      0.00      0.00      0.00      0.00      0.00      0.00
01:54:17 AM      39     17.00      0.00     83.00      0.00      0.00      0.00      0.00      0.00      0.00      0.00

01:54:17 AM     CPU      %usr     %nice      %sys   %iowait    %steal      %irq     %soft    %guest    %gnice     %idle
01:54:18 AM      32     14.00      0.00     86.00      0.00      0.00      0.00      0.00      0.00      0.00      0.00
01:54:18 AM      33     16.00      0.00     83.00      0.00      0.00      0.00      1.00      0.00      0.00      0.00
01:54:18 AM      34     15.15      0.00     84.85      0.00      0.00      0.00      0.00      0.00      0.00      0.00
01:54:18 AM      35     15.00      0.00     85.00      0.00      0.00      0.00      0.00      0.00      0.00      0.00
01:54:18 AM      36     19.80      0.00     80.20      0.00      0.00      0.00      0.00      0.00      0.00      0.00
01:54:18 AM      37     17.00      0.00     83.00      0.00      0.00      0.00      0.00      0.00      0.00      0.00
01:54:18 AM      38     21.78      0.00     78.22      0.00      0.00      0.00      0.00      0.00      0.00      0.00
01:54:18 AM      39     18.81      0.00     81.19      0.00      0.00      0.00      0.00      0.00      0.00      0.00

01:54:18 AM     CPU      %usr     %nice      %sys   %iowait    %steal      %irq     %soft    %guest    %gnice     %idle
01:54:19 AM      32     18.18      0.00     81.82      0.00      0.00      0.00      0.00      0.00      0.00      0.00
01:54:19 AM      33     13.00      0.00     87.00      0.00      0.00      0.00      0.00      0.00      0.00      0.00
01:54:19 AM      34     16.83      0.00     83.17      0.00      0.00      0.00      0.00      0.00      0.00      0.00
01:54:19 AM      35     15.00      0.00     85.00      0.00      0.00      0.00      0.00      0.00      0.00      0.00
01:54:19 AM      36     18.18      0.00     81.82      0.00      0.00      0.00      0.00      0.00      0.00      0.00
01:54:19 AM      37     14.00      0.00     86.00      0.00      0.00      0.00      0.00      0.00      0.00      0.00
01:54:19 AM      38     13.00      0.00     86.00      0.00      0.00      0.00      1.00      0.00      0.00      0.00
01:54:19 AM      39     17.00      0.00     83.00      0.00      0.00      0.00      0.00      0.00      0.00      0.00

01:54:19 AM     CPU      %usr     %nice      %sys   %iowait    %steal      %irq     %soft    %guest    %gnice     %idle
01:54:20 AM      32     17.82      0.00     82.18      0.00      0.00      0.00      0.00      0.00      0.00      0.00
01:54:20 AM      33     17.00      0.00     83.00      0.00      0.00      0.00      0.00      0.00      0.00      0.00
01:54:20 AM      34     13.13      0.00     86.87      0.00      0.00      0.00      0.00      0.00      0.00      0.00
01:54:20 AM      35     14.00      0.00     86.00      0.00      0.00      0.00      0.00      0.00      0.00      0.00
01:54:20 AM      36     18.00      0.00     82.00      0.00      0.00      0.00      0.00      0.00      0.00      0.00
01:54:20 AM      37     15.00      0.00     85.00      0.00      0.00      0.00      0.00      0.00      0.00      0.00
01:54:20 AM      38     15.00      0.00     85.00      0.00      0.00      0.00      0.00      0.00      0.00      0.00
01:54:20 AM      39     15.15      0.00     84.85      0.00      0.00      0.00      0.00      0.00      0.00      0.00

01:54:20 AM     CPU      %usr     %nice      %sys   %iowait    %steal      %irq     %soft    %guest    %gnice     %idle
01:54:21 AM      32     12.00      0.00     88.00      0.00      0.00      0.00      0.00      0.00      0.00      0.00
01:54:21 AM      33     15.00      0.00     85.00      0.00      0.00      0.00      0.00      0.00      0.00      0.00
01:54:21 AM      34     16.00      0.00     84.00      0.00      0.00      0.00      0.00      0.00      0.00      0.00
01:54:21 AM      35     19.00      0.00     81.00      0.00      0.00      0.00      0.00      0.00      0.00      0.00
01:54:21 AM      36     19.00      0.00     81.00      0.00      0.00      0.00      0.00      0.00      0.00      0.00
01:54:21 AM      37     16.00      0.00     84.00      0.00      0.00      0.00      0.00      0.00      0.00      0.00
01:54:21 AM      38     13.00      0.00     87.00      0.00      0.00      0.00      0.00      0.00      0.00      0.00
01:54:21 AM      39     17.82      0.00     82.18      0.00      0.00      0.00      0.00      0.00      0.00      0.00

01:54:21 AM     CPU      %usr     %nice      %sys   %iowait    %steal      %irq     %soft    %guest    %gnice     %idle
01:54:22 AM      32     13.00      0.00     87.00      0.00      0.00      0.00      0.00      0.00      0.00      0.00
01:54:22 AM      33     17.00      0.00     83.00      0.00      0.00      0.00      0.00      0.00      0.00      0.00
01:54:22 AM      34     19.00      0.00     81.00      0.00      0.00      0.00      0.00      0.00      0.00      0.00
01:54:22 AM      35     16.00      0.00     84.00      0.00      0.00      0.00      0.00      0.00      0.00      0.00
01:54:22 AM      36     24.00      0.00     76.00      0.00      0.00      0.00      0.00      0.00      0.00      0.00
01:54:22 AM      37     15.00      0.00     85.00      0.00      0.00      0.00      0.00      0.00      0.00      0.00
01:54:22 AM      38     17.17      0.00     82.83      0.00      0.00      0.00      0.00      0.00      0.00      0.00
01:54:22 AM      39     19.19      0.00     80.81      0.00      0.00      0.00      0.00      0.00      0.00      0.00

01:54:22 AM     CPU      %usr     %nice      %sys   %iowait    %steal      %irq     %soft    %guest    %gnice     %idle
01:54:23 AM      32     16.00      0.00     84.00      0.00      0.00      0.00      0.00      0.00      0.00      0.00
01:54:23 AM      33     22.00      0.00     78.00      0.00      0.00      0.00      0.00      0.00      0.00      0.00
01:54:23 AM      34     14.00      0.00     85.00      0.00      0.00      0.00      1.00      0.00      0.00      0.00
01:54:23 AM      35     16.00      0.00     84.00      0.00      0.00      0.00      0.00      0.00      0.00      0.00
01:54:23 AM      36     17.00      0.00     83.00      0.00      0.00      0.00      0.00      0.00      0.00      0.00
01:54:23 AM      37     18.00      0.00     82.00      0.00      0.00      0.00      0.00      0.00      0.00      0.00
01:54:23 AM      38     12.00      0.00     88.00      0.00      0.00      0.00      0.00      0.00      0.00      0.00
01:54:23 AM      39     16.00      0.00     84.00      0.00      0.00      0.00      0.00      0.00      0.00      0.00

01:54:23 AM     CPU      %usr     %nice      %sys   %iowait    %steal      %irq     %soft    %guest    %gnice     %idle
01:54:24 AM      32     11.11      0.00     88.89      0.00      0.00      0.00      0.00      0.00      0.00      0.00
01:54:24 AM      33     17.00      0.00     82.00      0.00      0.00      0.00      1.00      0.00      0.00      0.00
01:54:24 AM      34     16.83      0.00     83.17      0.00      0.00      0.00      0.00      0.00      0.00      0.00
01:54:24 AM      35     17.00      0.00     83.00      0.00      0.00      0.00      0.00      0.00      0.00      0.00
01:54:24 AM      36     19.80      0.00     80.20      0.00      0.00      0.00      0.00      0.00      0.00      0.00
01:54:24 AM      37     15.84      0.00     84.16      0.00      0.00      0.00      0.00      0.00      0.00      0.00
01:54:24 AM      38     15.84      0.00     84.16      0.00      0.00      0.00      0.00      0.00      0.00      0.00
01:54:24 AM      39     18.00      0.00     82.00      0.00      0.00      0.00      0.00      0.00      0.00      0.00

Average:        CPU      %usr     %nice      %sys   %iowait    %steal      %irq     %soft    %guest    %gnice     %idle
Average:         32     14.81      0.00     85.19      0.00      0.00      0.00      0.00      0.00      0.00      0.00
Average:         33     16.70      0.00     83.10      0.00      0.00      0.00      0.20      0.00      0.00      0.00
Average:         34     15.58      0.00     84.22      0.00      0.00      0.00      0.20      0.00      0.00      0.00
Average:         35     16.50      0.00     83.40      0.00      0.00      0.00      0.10      0.00      0.00      0.00
Average:         36     18.38      0.00     81.62      0.00      0.00      0.00      0.00      0.00      0.00      0.00
Average:         37     15.88      0.00     84.12      0.00      0.00      0.00      0.00      0.00      0.00      0.00
Average:         38     15.30      0.00     84.60      0.00      0.00      0.00      0.10      0.00      0.00      0.00
Average:         39     17.42      0.00     82.58      0.00      0.00      0.00      0.00      0.00      0.00      0.00
