{ common_pid: mc-worker       [    292491], ret:         12 } hitcount:          1
{ common_pid: mc-worker       [    292498], ret:         21 } hitcount:          1
{ common_pid: mc-worker       [    292491], ret:         18 } hitcount:          1
{ common_pid: mc-worker       [    292498], ret:         26 } hitcount:          1
{ common_pid: mc-worker       [    292497], ret:         28 } hitcount:          1
{ common_pid: mc-worker       [    292497], ret:        477 } hitcount:          1
{ common_pid: mc-worker       [    292498], ret:         15 } hitcount:          1
{ common_pid: mc-worker       [    292495], ret:        491 } hitcount:          1
{ common_pid: mc-worker       [    292491], ret:         29 } hitcount:          1
{ common_pid: mc-worker       [    292495], ret:         29 } hitcount:          1
{ common_pid: mc-worker       [    292497], ret:         14 } hitcount:          1
{ common_pid: mc-worker       [    292494], ret:         17 } hitcount:          1
{ common_pid: mc-worker       [    292495], ret:         14 } hitcount:          1
{ common_pid: mc-worker       [    292496], ret:         17 } hitcount:          1
{ common_pid: mc-worker       [    292491], ret:         16 } hitcount:          1
{ common_pid: mc-worker       [    292498], ret:        512 } hitcount:          1
{ common_pid: mc-worker       [    292492], ret:         21 } hitcount:          1
{ common_pid: mc-worker       [    292496], ret:         23 } hitcount:          1
{ common_pid: mc-worker       [    292493], ret:         19 } hitcount:          1
{ common_pid: mc-worker       [    292492], ret:         12 } hitcount:          1
{ common_pid: mc-worker       [    292493], ret:         14 } hitcount:          1
{ common_pid: mc-worker       [    292497], ret:         13 } hitcount:          1
{ common_pid: mc-worker       [    292497], ret:         11 } hitcount:          1
{ common_pid: mc-worker       [    292496], ret:         20 } hitcount:          1
{ common_pid: mc-worker       [    292493], ret:        500 } hitcount:          1
{ common_pid: mc-worker       [    292494], ret:         19 } hitcount:          1
{ common_pid: mc-worker       [    292492], ret:         24 } hitcount:          1
{ common_pid: mc-worker       [    292492], ret:        497 } hitcount:          1
{ common_pid: mc-worker       [    292495], ret:         16 } hitcount:          1
{ common_pid: mc-worker       [    292493], ret:         12 } hitcount:          1
{ common_pid: mc-worker       [    292493], ret:         16 } hitcount:          1
{ common_pid: mc-worker       [    292494], ret:         24 } hitcount:          1
{ common_pid: mc-worker       [    292498], ret:         17 } hitcount:          1
{ common_pid: mc-worker       [    292491], ret:        501 } hitcount:          1
{ common_pid: mc-worker       [    292495], ret:         15 } hitcount:          1
{ common_pid: mc-worker       [    292495], ret:         23 } hitcount:          1
{ common_pid: mc-worker       [    292495], ret:         18 } hitcount:          1
{ common_pid: mc-worker       [    292497], ret:         10 } hitcount:          1
{ common_pid: mc-worker       [    292494], ret:         16 } hitcount:          1
{ common_pid: mc-worker       [    292496], ret:         28 } hitcount:          1
{ common_pid: mc-worker       [    292496], ret:        512 } hitcount:          1
{ common_pid: mc-worker       [    292493], ret:         13 } hitcount:          1
{ common_pid: mc-worker       [    292496], ret:         12 } hitcount:          1
{ common_pid: mc-worker       [    292498], ret:         47 } hitcount:          1
{ common_pid: mc-worker       [    292497], ret:         17 } hitcount:          1
{ common_pid: mc-worker       [    292492], ret:         16 } hitcount:          1
{ common_pid: mc-worker       [    292497], ret:         41 } hitcount:          1
{ common_pid: mc-worker       [    292498], ret:         10 } hitcount:          1
{ common_pid: mc-worker       [    292495], ret:         13 } hitcount:          1
{ common_pid: mc-worker       [    292494], ret:        491 } hitcount:          1
{ common_pid: mc-worker       [    292492], ret:         15 } hitcount:          1
{ common_pid: mc-worker       [    292491], ret:         21 } hitcount:          1
{ common_pid: mc-worker       [    292492], ret:         13 } hitcount:          2
{ common_pid: mc-worker       [    292498], ret:         11 } hitcount:          2
{ common_pid: mc-worker       [    292498], ret:         12 } hitcount:          2
{ common_pid: mc-worker       [    292493], ret:         26 } hitcount:          2
{ common_pid: mc-worker       [    292494], ret:         11 } hitcount:          2
{ common_pid: mc-worker       [    292491], ret:         11 } hitcount:          2
{ common_pid: mc-worker       [    292495], ret:         21 } hitcount:          2
{ common_pid: mc-worker       [    292492], ret:         25 } hitcount:          2
{ common_pid: mc-worker       [    292497], ret:         12 } hitcount:          2
{ common_pid: mc-worker       [    292494], ret:         14 } hitcount:          2
{ common_pid: mc-worker       [    292496], ret:         11 } hitcount:          2
{ common_pid: mc-worker       [    292494], ret:         15 } hitcount:          2
{ common_pid: mc-worker       [    292498], ret:         13 } hitcount:          2
{ common_pid: mc-worker       [    292493], ret:         10 } hitcount:          3
{ common_pid: mc-worker       [    292496], ret:         10 } hitcount:          3
{ common_pid: mc-worker       [    292495], ret:         12 } hitcount:          3
{ common_pid: mc-worker       [    292495], ret:         11 } hitcount:          3
{ common_pid: mc-worker       [    292494], ret:         10 } hitcount:          3
{ common_pid: mc-worker       [    292491], ret:         14 } hitcount:          3
{ common_pid: mc-worker       [    292493], ret:         11 } hitcount:          4
{ common_pid: mc-worker       [    292492], ret:          9 } hitcount:          5
{ common_pid: mc-worker       [    292492], ret:         11 } hitcount:          5
{ common_pid: mc-worker       [    292493], ret:          9 } hitcount:          6
{ common_pid: mc-worker       [    292491], ret:          9 } hitcount:          7
{ common_pid: mc-worker       [    292496], ret:          9 } hitcount:          7
{ common_pid: mc-worker       [    292491], ret:         10 } hitcount:          7
{ common_pid: mc-worker       [    292492], ret:         10 } hitcount:          9
{ common_pid: mc-worker       [    292494], ret:          9 } hitcount:          9
{ common_pid: mc-worker       [    292497], ret:          9 } hitcount:         10
{ common_pid: mc-worker       [    292495], ret:         10 } hitcount:         10
{ common_pid: mc-worker       [    292495], ret:          9 } hitcount:         11
{ common_pid: mc-worker       [    292498], ret:          9 } hitcount:         11
{ common_pid: mc-worker       [    292492], ret:          8 } hitcount:         17
{ common_pid: mc-worker       [    292494], ret:          8 } hitcount:         19
{ common_pid: mc-worker       [    292493], ret:          8 } hitcount:         19
{ common_pid: mc-worker       [    292497], ret:          8 } hitcount:         22
{ common_pid: mc-worker       [    292495], ret:          8 } hitcount:         24
{ common_pid: mc-worker       [    292491], ret:          8 } hitcount:         28
{ common_pid: mc-worker       [    292496], ret:          8 } hitcount:         28
{ common_pid: mc-worker       [    292498], ret:          8 } hitcount:         36
{ common_pid: mc-worker       [    292494], ret:          7 } hitcount:         52
{ common_pid: mc-worker       [    292493], ret:          7 } hitcount:         55
{ common_pid: mc-worker       [    292491], ret:          7 } hitcount:         58
{ common_pid: mc-worker       [    292497], ret:          7 } hitcount:         60
{ common_pid: mc-worker       [    292492], ret:          7 } hitcount:         73
{ common_pid: mc-worker       [    292496], ret:          7 } hitcount:         74
{ common_pid: mc-worker       [    292495], ret:          7 } hitcount:         79
{ common_pid: mc-worker       [    292498], ret:          7 } hitcount:         83
{ common_pid: mc-worker       [    292494], ret:          6 } hitcount:        213
{ common_pid: mc-worker       [    292497], ret:          6 } hitcount:        248
{ common_pid: mc-worker       [    292491], ret:          6 } hitcount:        271
{ common_pid: mc-worker       [    292492], ret:          6 } hitcount:        276
{ common_pid: mc-worker       [    292495], ret:          6 } hitcount:        305
{ common_pid: mc-worker       [    292493], ret:          6 } hitcount:        308
{ common_pid: mc-worker       [    292498], ret:          6 } hitcount:        372
{ common_pid: mc-worker       [    292496], ret:          6 } hitcount:        381
{ common_pid: mc-worker       [    292494], ret:          5 } hitcount:       1342
{ common_pid: mc-worker       [    292497], ret:          5 } hitcount:       1502
{ common_pid: mc-worker       [    292492], ret:          5 } hitcount:       1550
{ common_pid: mc-worker       [    292491], ret:          5 } hitcount:       1657
{ common_pid: mc-worker       [    292495], ret:          5 } hitcount:       1693
{ common_pid: mc-worker       [    292493], ret:          5 } hitcount:       1773
{ common_pid: mc-worker       [    292498], ret:          5 } hitcount:       2023
{ common_pid: mc-worker       [    292496], ret:          5 } hitcount:       2057
{ common_pid: mc-worker       [    292494], ret:          4 } hitcount:       9674
{ common_pid: mc-worker       [    292497], ret:          4 } hitcount:       9766
{ common_pid: mc-worker       [    292492], ret:          4 } hitcount:      10191
{ common_pid: mc-worker       [    292491], ret:          4 } hitcount:      10605
{ common_pid: mc-worker       [    292493], ret:          4 } hitcount:      11163
{ common_pid: mc-worker       [    292495], ret:          4 } hitcount:      11247
{ common_pid: mc-worker       [    292496], ret:          4 } hitcount:      12728
{ common_pid: mc-worker       [    292498], ret:          4 } hitcount:      12758
{ common_pid: mc-worker       [    292494], ret:          3 } hitcount:      56588
{ common_pid: mc-worker       [    292497], ret:          3 } hitcount:      57259
{ common_pid: mc-worker       [    292492], ret:          3 } hitcount:      58555
{ common_pid: mc-worker       [    292495], ret:          3 } hitcount:      61169
{ common_pid: mc-worker       [    292491], ret:          3 } hitcount:      61299
{ common_pid: mc-worker       [    292493], ret:          3 } hitcount:      62217
{ common_pid: mc-worker       [    292498], ret:          3 } hitcount:      66838
{ common_pid: mc-worker       [    292496], ret:          3 } hitcount:      68422
{ common_pid: mc-worker       [    292494], ret:          2 } hitcount:     248214
{ common_pid: mc-worker       [    292497], ret:          2 } hitcount:     249305
{ common_pid: mc-worker       [    292492], ret:          2 } hitcount:     249527
{ common_pid: mc-worker       [    292495], ret:          2 } hitcount:     257261
{ common_pid: mc-worker       [    292493], ret:          2 } hitcount:     258239
{ common_pid: mc-worker       [    292491], ret:          2 } hitcount:     258711
{ common_pid: mc-worker       [    292498], ret:          2 } hitcount:     268425
{ common_pid: mc-worker       [    292496], ret:          2 } hitcount:     271418
{ common_pid: mc-worker       [    292492], ret:          1 } hitcount:     737653
{ common_pid: mc-worker       [    292494], ret:          1 } hitcount:     743179
{ common_pid: mc-worker       [    292497], ret:          1 } hitcount:     743570
{ common_pid: mc-worker       [    292493], ret:          1 } hitcount:     745837
{ common_pid: mc-worker       [    292491], ret:          1 } hitcount:     746447
{ common_pid: mc-worker       [    292495], ret:          1 } hitcount:     746539
{ common_pid: mc-worker       [    292498], ret:          1 } hitcount:     751234
{ common_pid: mc-worker       [    292496], ret:          1 } hitcount:     752081
