{ common_pid: mc-worker       [    425562], ret:        536 } hitcount:          1
{ common_pid: mc-worker       [    425558], ret:        513 } hitcount:          1
{ common_pid: mc-worker       [    425558], ret:        512 } hitcount:          1
{ common_pid: mc-worker       [    425558], ret:        436 } hitcount:          1
{ common_pid: mc-worker       [    425561], ret:        455 } hitcount:          1
{ common_pid: mc-worker       [    425563], ret:        520 } hitcount:          1
{ common_pid: mc-worker       [    425558], ret:        499 } hitcount:          1
{ common_pid: mc-worker       [    425563], ret:        526 } hitcount:          1
{ common_pid: mc-worker       [    425563], ret:        417 } hitcount:          1
{ common_pid: mc-worker       [    425562], ret:        540 } hitcount:          1
{ common_pid: mc-worker       [    425561], ret:          9 } hitcount:          1
{ common_pid: mc-worker       [    425562], ret:        535 } hitcount:          1
{ common_pid: mc-worker       [    425562], ret:          3 } hitcount:          1
{ common_pid: mc-worker       [    425558], ret:          2 } hitcount:          1
{ common_pid: mc-worker       [    425558], ret:        498 } hitcount:          1
{ common_pid: mc-worker       [    425559], ret:        522 } hitcount:          1
{ common_pid: mc-worker       [    425563], ret:          8 } hitcount:          1
{ common_pid: mc-worker       [    425563], ret:        511 } hitcount:          1
{ common_pid: mc-worker       [    425562], ret:        532 } hitcount:          1
{ common_pid: mc-worker       [    425558], ret:        511 } hitcount:          1
{ common_pid: mc-worker       [    425557], ret:        505 } hitcount:          1
{ common_pid: mc-worker       [    425558], ret:          3 } hitcount:          1
{ common_pid: mc-worker       [    425561], ret:          3 } hitcount:          1
{ common_pid: mc-worker       [    425560], ret:         51 } hitcount:          1
{ common_pid: mc-worker       [    425563], ret:        524 } hitcount:          1
{ common_pid: mc-worker       [    425558], ret:          6 } hitcount:          1
{ common_pid: mc-worker       [    425561], ret:        467 } hitcount:          1
{ common_pid: mc-worker       [    425563], ret:        497 } hitcount:          1
{ common_pid: mc-worker       [    425563], ret:        518 } hitcount:          1
{ common_pid: mc-worker       [    425557], ret:        301 } hitcount:          1
{ common_pid: mc-worker       [    425558], ret:        509 } hitcount:          1
{ common_pid: mc-worker       [    425563], ret:          2 } hitcount:          1
{ common_pid: mc-worker       [    425558], ret:        506 } hitcount:          1
{ common_pid: mc-worker       [    425556], ret:        423 } hitcount:          1
{ common_pid: mc-worker       [    425562], ret:          5 } hitcount:          1
{ common_pid: mc-worker       [    425559], ret:        533 } hitcount:          1
{ common_pid: mc-worker       [    425556], ret:          7 } hitcount:          1
{ common_pid: mc-worker       [    425560], ret:        517 } hitcount:          1
{ common_pid: mc-worker       [    425557], ret:          9 } hitcount:          1
{ common_pid: mc-worker       [    425561], ret:        456 } hitcount:          1
{ common_pid: mc-worker       [    425559], ret:         18 } hitcount:          1
{ common_pid: mc-worker       [    425561], ret:        441 } hitcount:          1
{ common_pid: mc-worker       [    425562], ret:        537 } hitcount:          1
{ common_pid: mc-worker       [    425558], ret:        495 } hitcount:          1
{ common_pid: mc-worker       [    425561], ret:          2 } hitcount:          1
{ common_pid: mc-worker       [    425563], ret:        507 } hitcount:          1
{ common_pid: mc-worker       [    425556], ret:        515 } hitcount:          1
{ common_pid: mc-worker       [    425559], ret:        532 } hitcount:          1
{ common_pid: mc-worker       [    425560], ret:        518 } hitcount:          1
{ common_pid: mc-worker       [    425558], ret:        504 } hitcount:          1
{ common_pid: mc-worker       [    425560], ret:          2 } hitcount:          1
{ common_pid: mc-worker       [    425561], ret:        470 } hitcount:          1
{ common_pid: mc-worker       [    425559], ret:        535 } hitcount:          2
{ common_pid: mc-worker       [    425556], ret:          2 } hitcount:          2
{ common_pid: mc-worker       [    425561], ret:        465 } hitcount:          2
{ common_pid: mc-worker       [    425561], ret:        477 } hitcount:          2
{ common_pid: mc-worker       [    425562], ret:        539 } hitcount:          2
{ common_pid: mc-worker       [    425561], ret:        464 } hitcount:          2
{ common_pid: mc-worker       [    425561], ret:        450 } hitcount:          2
{ common_pid: mc-worker       [    425556], ret:        518 } hitcount:          2
{ common_pid: mc-worker       [    425561], ret:        472 } hitcount:          2
{ common_pid: mc-worker       [    425556], ret:        516 } hitcount:          2
{ common_pid: mc-worker       [    425562], ret:        256 } hitcount:          2
{ common_pid: mc-worker       [    425557], ret:        509 } hitcount:          2
{ common_pid: mc-worker       [    425558], ret:          7 } hitcount:          2
{ common_pid: mc-worker       [    425561], ret:        466 } hitcount:          2
{ common_pid: mc-worker       [    425561], ret:        463 } hitcount:          2
{ common_pid: mc-worker       [    425563], ret:        514 } hitcount:          2
{ common_pid: mc-worker       [    425558], ret:        508 } hitcount:          2
{ common_pid: mc-worker       [    425562], ret:        541 } hitcount:          2
{ common_pid: mc-worker       [    425557], ret:          2 } hitcount:          2
{ common_pid: mc-worker       [    425557], ret:          7 } hitcount:          2
{ common_pid: mc-worker       [    425561], ret:        471 } hitcount:          3
{ common_pid: mc-worker       [    425557], ret:        510 } hitcount:          3
{ common_pid: mc-worker       [    425561], ret:        473 } hitcount:          3
{ common_pid: mc-worker       [    425556], ret:        517 } hitcount:          3
{ common_pid: mc-worker       [    425562], ret:        544 } hitcount:          3
{ common_pid: mc-worker       [    425558], ret:        502 } hitcount:          3
{ common_pid: mc-worker       [    425558], ret:        510 } hitcount:          3
{ common_pid: mc-worker       [    425557], ret:        511 } hitcount:          3
{ common_pid: mc-worker       [    425557], ret:        512 } hitcount:          3
{ common_pid: mc-worker       [    425559], ret:        536 } hitcount:          3
{ common_pid: mc-worker       [    425560], ret:        522 } hitcount:          4
{ common_pid: mc-worker       [    425560], ret:        519 } hitcount:          4
{ common_pid: mc-worker       [    425558], ret:        514 } hitcount:          5
{ common_pid: mc-worker       [    425561], ret:        474 } hitcount:          5
{ common_pid: mc-worker       [    425559], ret:        538 } hitcount:          5
{ common_pid: mc-worker       [    425563], ret:        527 } hitcount:          5
{ common_pid: mc-worker       [    425556], ret:        522 } hitcount:          5
{ common_pid: mc-worker       [    425563], ret:        528 } hitcount:          5
{ common_pid: mc-worker       [    425560], ret:        521 } hitcount:          5
{ common_pid: mc-worker       [    425559], ret:        537 } hitcount:          5
{ common_pid: mc-worker       [    425563], ret:        531 } hitcount:          5
{ common_pid: mc-worker       [    425560], ret:        520 } hitcount:          5
{ common_pid: mc-worker       [    425560], ret:        524 } hitcount:          6
{ common_pid: mc-worker       [    425558], ret:        515 } hitcount:          6
{ common_pid: mc-worker       [    425558], ret:        516 } hitcount:          6
{ common_pid: mc-worker       [    425559], ret:        539 } hitcount:          6
{ common_pid: mc-worker       [    425562], ret:        545 } hitcount:          6
{ common_pid: mc-worker       [    425562], ret:        543 } hitcount:          6
{ common_pid: mc-worker       [    425556], ret:        519 } hitcount:          7
{ common_pid: mc-worker       [    425559], ret:        540 } hitcount:          7
{ common_pid: mc-worker       [    425563], ret:        534 } hitcount:          7
{ common_pid: mc-worker       [    425560], ret:        523 } hitcount:          7
{ common_pid: mc-worker       [    425557], ret:        514 } hitcount:          7
{ common_pid: mc-worker       [    425561], ret:        476 } hitcount:          7
{ common_pid: mc-worker       [    425558], ret:        517 } hitcount:          7
{ common_pid: mc-worker       [    425556], ret:        560 } hitcount:          7
{ common_pid: mc-worker       [    425563], ret:        529 } hitcount:          8
{ common_pid: mc-worker       [    425561], ret:        478 } hitcount:          8
{ common_pid: mc-worker       [    425557], ret:        513 } hitcount:          8
{ common_pid: mc-worker       [    425563], ret:        530 } hitcount:          9
{ common_pid: mc-worker       [    425558], ret:        518 } hitcount:         10
{ common_pid: mc-worker       [    425560], ret:        564 } hitcount:         10
{ common_pid: mc-worker       [    425563], ret:        533 } hitcount:         11
{ common_pid: mc-worker       [    425563], ret:        532 } hitcount:         11
{ common_pid: mc-worker       [    425556], ret:        520 } hitcount:         11
{ common_pid: mc-worker       [    425557], ret:        515 } hitcount:         13
{ common_pid: mc-worker       [    425559], ret:        541 } hitcount:         14
{ common_pid: mc-worker       [    425556], ret:        521 } hitcount:         14
{ common_pid: mc-worker       [    425562], ret:        546 } hitcount:         14
{ common_pid: mc-worker       [    425561], ret:        479 } hitcount:         14
{ common_pid: mc-worker       [    425560], ret:        525 } hitcount:         14
{ common_pid: mc-worker       [    425560], ret:        563 } hitcount:         15
{ common_pid: mc-worker       [    425561], ret:        481 } hitcount:         15
{ common_pid: mc-worker       [    425561], ret:        475 } hitcount:         16
{ common_pid: mc-worker       [    425562], ret:        548 } hitcount:         16
{ common_pid: mc-worker       [    425563], ret:        536 } hitcount:         16
{ common_pid: mc-worker       [    425559], ret:        543 } hitcount:         17
{ common_pid: mc-worker       [    425557], ret:        516 } hitcount:         17
{ common_pid: mc-worker       [    425558], ret:        520 } hitcount:         17
{ common_pid: mc-worker       [    425558], ret:        519 } hitcount:         18
{ common_pid: mc-worker       [    425563], ret:        535 } hitcount:         19
{ common_pid: mc-worker       [    425562], ret:        547 } hitcount:         19
{ common_pid: mc-worker       [    425556], ret:        559 } hitcount:         20
{ common_pid: mc-worker       [    425559], ret:        542 } hitcount:         20
{ common_pid: mc-worker       [    425561], ret:        482 } hitcount:         21
{ common_pid: mc-worker       [    425559], ret:        544 } hitcount:         22
{ common_pid: mc-worker       [    425561], ret:        521 } hitcount:         22
{ common_pid: mc-worker       [    425558], ret:        521 } hitcount:         22
{ common_pid: mc-worker       [    425561], ret:        522 } hitcount:         22
{ common_pid: mc-worker       [    425561], ret:        483 } hitcount:         22
{ common_pid: mc-worker       [    425557], ret:        517 } hitcount:         23
{ common_pid: mc-worker       [    425560], ret:        527 } hitcount:         23
{ common_pid: mc-worker       [    425561], ret:        480 } hitcount:         23
{ common_pid: mc-worker       [    425557], ret:        518 } hitcount:         24
{ common_pid: mc-worker       [    425556], ret:        524 } hitcount:         25
{ common_pid: mc-worker       [    425560], ret:        528 } hitcount:         26
{ common_pid: mc-worker       [    425558], ret:        522 } hitcount:         28
{ common_pid: mc-worker       [    425560], ret:        526 } hitcount:         28
{ common_pid: mc-worker       [    425556], ret:        523 } hitcount:         32
{ common_pid: mc-worker       [    425557], ret:        519 } hitcount:         32
{ common_pid: mc-worker       [    425563], ret:        539 } hitcount:         33
{ common_pid: mc-worker       [    425562], ret:        579 } hitcount:         33
{ common_pid: mc-worker       [    425556], ret:        558 } hitcount:         33
{ common_pid: mc-worker       [    425562], ret:        549 } hitcount:         34
{ common_pid: mc-worker       [    425563], ret:        537 } hitcount:         34
{ common_pid: mc-worker       [    425558], ret:        523 } hitcount:         35
{ common_pid: mc-worker       [    425562], ret:        580 } hitcount:         35
{ common_pid: mc-worker       [    425559], ret:        545 } hitcount:         35
{ common_pid: mc-worker       [    425563], ret:        538 } hitcount:         35
{ common_pid: mc-worker       [    425561], ret:        484 } hitcount:         35
{ common_pid: mc-worker       [    425561], ret:        486 } hitcount:         38
{ common_pid: mc-worker       [    425562], ret:        550 } hitcount:         38
{ common_pid: mc-worker       [    425556], ret:        525 } hitcount:         38
{ common_pid: mc-worker       [    425563], ret:        574 } hitcount:         39
{ common_pid: mc-worker       [    425560], ret:        562 } hitcount:         42
{ common_pid: mc-worker       [    425560], ret:        530 } hitcount:         42
{ common_pid: mc-worker       [    425563], ret:        540 } hitcount:         43
{ common_pid: mc-worker       [    425563], ret:        541 } hitcount:         43
{ common_pid: mc-worker       [    425562], ret:        551 } hitcount:         44
{ common_pid: mc-worker       [    425557], ret:        520 } hitcount:         45
{ common_pid: mc-worker       [    425558], ret:        555 } hitcount:         45
{ common_pid: mc-worker       [    425559], ret:        546 } hitcount:         46
{ common_pid: mc-worker       [    425558], ret:        524 } hitcount:         47
{ common_pid: mc-worker       [    425560], ret:        531 } hitcount:         48
{ common_pid: mc-worker       [    425558], ret:        525 } hitcount:         50
{ common_pid: mc-worker       [    425557], ret:        552 } hitcount:         50
{ common_pid: mc-worker       [    425560], ret:        529 } hitcount:         50
{ common_pid: mc-worker       [    425561], ret:        487 } hitcount:         52
{ common_pid: mc-worker       [    425557], ret:        521 } hitcount:         55
{ common_pid: mc-worker       [    425559], ret:        547 } hitcount:         55
{ common_pid: mc-worker       [    425561], ret:        485 } hitcount:         56
{ common_pid: mc-worker       [    425563], ret:        573 } hitcount:         56
{ common_pid: mc-worker       [    425559], ret:        548 } hitcount:         61
{ common_pid: mc-worker       [    425563], ret:        542 } hitcount:         62
{ common_pid: mc-worker       [    425556], ret:        527 } hitcount:         63
{ common_pid: mc-worker       [    425562], ret:        552 } hitcount:         65
{ common_pid: mc-worker       [    425561], ret:        488 } hitcount:         65
{ common_pid: mc-worker       [    425556], ret:        526 } hitcount:         66
{ common_pid: mc-worker       [    425562], ret:        578 } hitcount:         67
{ common_pid: mc-worker       [    425560], ret:        561 } hitcount:         68
{ common_pid: mc-worker       [    425557], ret:        551 } hitcount:         70
{ common_pid: mc-worker       [    425558], ret:        554 } hitcount:         72
{ common_pid: mc-worker       [    425559], ret:        550 } hitcount:         73
{ common_pid: mc-worker       [    425561], ret:        520 } hitcount:         73
{ common_pid: mc-worker       [    425560], ret:        532 } hitcount:         73
{ common_pid: mc-worker       [    425559], ret:        549 } hitcount:         73
{ common_pid: mc-worker       [    425556], ret:        557 } hitcount:         74
{ common_pid: mc-worker       [    425558], ret:        526 } hitcount:         74
{ common_pid: mc-worker       [    425559], ret:        551 } hitcount:         76
{ common_pid: mc-worker       [    425561], ret:        489 } hitcount:         76
{ common_pid: mc-worker       [    425557], ret:        522 } hitcount:         76
{ common_pid: mc-worker       [    425562], ret:        553 } hitcount:         76
{ common_pid: mc-worker       [    425563], ret:        572 } hitcount:         79
{ common_pid: mc-worker       [    425563], ret:        544 } hitcount:         79
{ common_pid: mc-worker       [    425560], ret:        560 } hitcount:         80
{ common_pid: mc-worker       [    425560], ret:        533 } hitcount:         81
{ common_pid: mc-worker       [    425556], ret:        528 } hitcount:         82
{ common_pid: mc-worker       [    425557], ret:        523 } hitcount:         84
{ common_pid: mc-worker       [    425563], ret:        543 } hitcount:         84
{ common_pid: mc-worker       [    425558], ret:        527 } hitcount:         86
{ common_pid: mc-worker       [    425561], ret:        490 } hitcount:         91
{ common_pid: mc-worker       [    425563], ret:        545 } hitcount:         95
{ common_pid: mc-worker       [    425558], ret:        528 } hitcount:         96
{ common_pid: mc-worker       [    425563], ret:        546 } hitcount:         96
{ common_pid: mc-worker       [    425560], ret:        534 } hitcount:         98
{ common_pid: mc-worker       [    425558], ret:        529 } hitcount:         98
{ common_pid: mc-worker       [    425559], ret:        552 } hitcount:         99
{ common_pid: mc-worker       [    425562], ret:        554 } hitcount:        100
{ common_pid: mc-worker       [    425557], ret:        549 } hitcount:        104
{ common_pid: mc-worker       [    425557], ret:        550 } hitcount:        104
{ common_pid: mc-worker       [    425558], ret:        553 } hitcount:        107
{ common_pid: mc-worker       [    425556], ret:        556 } hitcount:        107
{ common_pid: mc-worker       [    425559], ret:        553 } hitcount:        108
{ common_pid: mc-worker       [    425561], ret:        519 } hitcount:        109
{ common_pid: mc-worker       [    425559], ret:        572 } hitcount:        112
{ common_pid: mc-worker       [    425563], ret:        571 } hitcount:        113
{ common_pid: mc-worker       [    425557], ret:        524 } hitcount:        113
{ common_pid: mc-worker       [    425562], ret:        577 } hitcount:        121
{ common_pid: mc-worker       [    425562], ret:        555 } hitcount:        122
{ common_pid: mc-worker       [    425556], ret:        529 } hitcount:        124
{ common_pid: mc-worker       [    425556], ret:        530 } hitcount:        124
{ common_pid: mc-worker       [    425557], ret:        525 } hitcount:        124
{ common_pid: mc-worker       [    425556], ret:        555 } hitcount:        125
{ common_pid: mc-worker       [    425560], ret:        535 } hitcount:        126
{ common_pid: mc-worker       [    425562], ret:        556 } hitcount:        126
{ common_pid: mc-worker       [    425563], ret:        547 } hitcount:        129
{ common_pid: mc-worker       [    425561], ret:        518 } hitcount:        132
{ common_pid: mc-worker       [    425561], ret:        491 } hitcount:        132
{ common_pid: mc-worker       [    425559], ret:        573 } hitcount:        133
{ common_pid: mc-worker       [    425559], ret:        571 } hitcount:        134
{ common_pid: mc-worker       [    425563], ret:        570 } hitcount:        135
{ common_pid: mc-worker       [    425560], ret:        536 } hitcount:        138
{ common_pid: mc-worker       [    425561], ret:        492 } hitcount:        141
{ common_pid: mc-worker       [    425560], ret:        559 } hitcount:        142
{ common_pid: mc-worker       [    425559], ret:        554 } hitcount:        147
{ common_pid: mc-worker       [    425558], ret:        530 } hitcount:        149
{ common_pid: mc-worker       [    425559], ret:        555 } hitcount:        150
{ common_pid: mc-worker       [    425559], ret:        556 } hitcount:        150
{ common_pid: mc-worker       [    425558], ret:        531 } hitcount:        152
{ common_pid: mc-worker       [    425557], ret:        527 } hitcount:        152
{ common_pid: mc-worker       [    425563], ret:        550 } hitcount:        153
{ common_pid: mc-worker       [    425556], ret:        531 } hitcount:        155
{ common_pid: mc-worker       [    425562], ret:        576 } hitcount:        156
{ common_pid: mc-worker       [    425556], ret:        554 } hitcount:        158
{ common_pid: mc-worker       [    425563], ret:        548 } hitcount:        158
{ common_pid: mc-worker       [    425557], ret:        526 } hitcount:        158
{ common_pid: mc-worker       [    425562], ret:        557 } hitcount:        159
{ common_pid: mc-worker       [    425560], ret:        558 } hitcount:        163
{ common_pid: mc-worker       [    425561], ret:        493 } hitcount:        164
{ common_pid: mc-worker       [    425558], ret:        552 } hitcount:        171
{ common_pid: mc-worker       [    425561], ret:        495 } hitcount:        172
{ common_pid: mc-worker       [    425559], ret:        557 } hitcount:        175
{ common_pid: mc-worker       [    425563], ret:        549 } hitcount:        175
{ common_pid: mc-worker       [    425557], ret:        528 } hitcount:        176
{ common_pid: mc-worker       [    425558], ret:        532 } hitcount:        178
{ common_pid: mc-worker       [    425561], ret:        494 } hitcount:        180
{ common_pid: mc-worker       [    425563], ret:        569 } hitcount:        183
{ common_pid: mc-worker       [    425561], ret:        517 } hitcount:        186
{ common_pid: mc-worker       [    425562], ret:        558 } hitcount:        186
{ common_pid: mc-worker       [    425560], ret:        538 } hitcount:        188
{ common_pid: mc-worker       [    425560], ret:        537 } hitcount:        192
{ common_pid: mc-worker       [    425559], ret:        558 } hitcount:        195
{ common_pid: mc-worker       [    425556], ret:        553 } hitcount:        195
{ common_pid: mc-worker       [    425556], ret:        532 } hitcount:        195
{ common_pid: mc-worker       [    425557], ret:        548 } hitcount:        203
{ common_pid: mc-worker       [    425558], ret:        533 } hitcount:        204
{ common_pid: mc-worker       [    425563], ret:        568 } hitcount:        204
{ common_pid: mc-worker       [    425560], ret:        557 } hitcount:        208
{ common_pid: mc-worker       [    425562], ret:        575 } hitcount:        213
{ common_pid: mc-worker       [    425563], ret:        551 } hitcount:        216
{ common_pid: mc-worker       [    425558], ret:        551 } hitcount:        218
{ common_pid: mc-worker       [    425557], ret:        529 } hitcount:        218
{ common_pid: mc-worker       [    425563], ret:        553 } hitcount:        222
{ common_pid: mc-worker       [    425560], ret:        539 } hitcount:        226
{ common_pid: mc-worker       [    425559], ret:        560 } hitcount:        227
{ common_pid: mc-worker       [    425560], ret:        541 } hitcount:        227
{ common_pid: mc-worker       [    425558], ret:        534 } hitcount:        228
{ common_pid: mc-worker       [    425556], ret:        533 } hitcount:        229
{ common_pid: mc-worker       [    425561], ret:        497 } hitcount:        230
{ common_pid: mc-worker       [    425560], ret:        540 } hitcount:        230
{ common_pid: mc-worker       [    425556], ret:        534 } hitcount:        231
{ common_pid: mc-worker       [    425557], ret:        531 } hitcount:        231
{ common_pid: mc-worker       [    425557], ret:        530 } hitcount:        231
{ common_pid: mc-worker       [    425561], ret:        516 } hitcount:        236
{ common_pid: mc-worker       [    425561], ret:        496 } hitcount:        237
{ common_pid: mc-worker       [    425556], ret:        552 } hitcount:        237
{ common_pid: mc-worker       [    425558], ret:        535 } hitcount:        241
{ common_pid: mc-worker       [    425559], ret:        559 } hitcount:        241
{ common_pid: mc-worker       [    425562], ret:        559 } hitcount:        241
{ common_pid: mc-worker       [    425561], ret:        500 } hitcount:        242
{ common_pid: mc-worker       [    425563], ret:        552 } hitcount:        245
{ common_pid: mc-worker       [    425562], ret:        574 } hitcount:        249
{ common_pid: mc-worker       [    425557], ret:        532 } hitcount:        252
{ common_pid: mc-worker       [    425557], ret:        547 } hitcount:        253
{ common_pid: mc-worker       [    425563], ret:        566 } hitcount:        253
{ common_pid: mc-worker       [    425561], ret:        499 } hitcount:        257
{ common_pid: mc-worker       [    425557], ret:        533 } hitcount:        259
{ common_pid: mc-worker       [    425557], ret:        534 } hitcount:        262
{ common_pid: mc-worker       [    425556], ret:        537 } hitcount:        263
{ common_pid: mc-worker       [    425563], ret:        567 } hitcount:        264
{ common_pid: mc-worker       [    425561], ret:        515 } hitcount:        265
{ common_pid: mc-worker       [    425558], ret:        550 } hitcount:        266
{ common_pid: mc-worker       [    425563], ret:        554 } hitcount:        266
{ common_pid: mc-worker       [    425556], ret:        535 } hitcount:        267
{ common_pid: mc-worker       [    425559], ret:        570 } hitcount:        267
{ common_pid: mc-worker       [    425558], ret:        536 } hitcount:        269
{ common_pid: mc-worker       [    425558], ret:        538 } hitcount:        271
{ common_pid: mc-worker       [    425559], ret:        561 } hitcount:        271
{ common_pid: mc-worker       [    425562], ret:        560 } hitcount:        273
{ common_pid: mc-worker       [    425557], ret:        546 } hitcount:        277
{ common_pid: mc-worker       [    425560], ret:        542 } hitcount:        279
{ common_pid: mc-worker       [    425561], ret:        498 } hitcount:        280
{ common_pid: mc-worker       [    425560], ret:        556 } hitcount:        282
{ common_pid: mc-worker       [    425556], ret:        536 } hitcount:        286
{ common_pid: mc-worker       [    425556], ret:        550 } hitcount:        288
{ common_pid: mc-worker       [    425562], ret:        561 } hitcount:        291
{ common_pid: mc-worker       [    425562], ret:        573 } hitcount:        291
{ common_pid: mc-worker       [    425557], ret:        535 } hitcount:        293
{ common_pid: mc-worker       [    425556], ret:        551 } hitcount:        295
{ common_pid: mc-worker       [    425563], ret:        565 } hitcount:        295
{ common_pid: mc-worker       [    425563], ret:        556 } hitcount:        297
{ common_pid: mc-worker       [    425561], ret:        501 } hitcount:        299
{ common_pid: mc-worker       [    425560], ret:        543 } hitcount:        305
{ common_pid: mc-worker       [    425563], ret:        555 } hitcount:        305
{ common_pid: mc-worker       [    425559], ret:        569 } hitcount:        306
{ common_pid: mc-worker       [    425557], ret:        536 } hitcount:        307
{ common_pid: mc-worker       [    425558], ret:        537 } hitcount:        308
{ common_pid: mc-worker       [    425559], ret:        562 } hitcount:        310
{ common_pid: mc-worker       [    425560], ret:        545 } hitcount:        313
{ common_pid: mc-worker       [    425556], ret:        540 } hitcount:        315
{ common_pid: mc-worker       [    425563], ret:        560 } hitcount:        315
{ common_pid: mc-worker       [    425563], ret:        564 } hitcount:        315
{ common_pid: mc-worker       [    425556], ret:        549 } hitcount:        316
{ common_pid: mc-worker       [    425561], ret:        514 } hitcount:        316
{ common_pid: mc-worker       [    425560], ret:        555 } hitcount:        317
{ common_pid: mc-worker       [    425558], ret:        539 } hitcount:        317
{ common_pid: mc-worker       [    425558], ret:        549 } hitcount:        317
{ common_pid: mc-worker       [    425557], ret:        538 } hitcount:        317
{ common_pid: mc-worker       [    425556], ret:        538 } hitcount:        319
{ common_pid: mc-worker       [    425561], ret:        502 } hitcount:        319
{ common_pid: mc-worker       [    425559], ret:        568 } hitcount:        321
{ common_pid: mc-worker       [    425563], ret:        558 } hitcount:        321
{ common_pid: mc-worker       [    425561], ret:        505 } hitcount:        322
{ common_pid: mc-worker       [    425560], ret:        544 } hitcount:        322
{ common_pid: mc-worker       [    425556], ret:        539 } hitcount:        323
{ common_pid: mc-worker       [    425561], ret:        504 } hitcount:        324
{ common_pid: mc-worker       [    425558], ret:        548 } hitcount:        325
{ common_pid: mc-worker       [    425562], ret:        571 } hitcount:        325
{ common_pid: mc-worker       [    425557], ret:        545 } hitcount:        328
{ common_pid: mc-worker       [    425557], ret:        537 } hitcount:        328
{ common_pid: mc-worker       [    425561], ret:        503 } hitcount:        331
{ common_pid: mc-worker       [    425557], ret:        543 } hitcount:        334
{ common_pid: mc-worker       [    425563], ret:        559 } hitcount:        335
{ common_pid: mc-worker       [    425559], ret:        567 } hitcount:        337
{ common_pid: mc-worker       [    425563], ret:        557 } hitcount:        338
{ common_pid: mc-worker       [    425562], ret:        572 } hitcount:        338
{ common_pid: mc-worker       [    425562], ret:        570 } hitcount:        339
{ common_pid: mc-worker       [    425563], ret:        563 } hitcount:        340
{ common_pid: mc-worker       [    425560], ret:        554 } hitcount:        340
{ common_pid: mc-worker       [    425557], ret:        540 } hitcount:        341
{ common_pid: mc-worker       [    425560], ret:        547 } hitcount:        341
{ common_pid: mc-worker       [    425557], ret:        542 } hitcount:        342
{ common_pid: mc-worker       [    425561], ret:        506 } hitcount:        343
{ common_pid: mc-worker       [    425560], ret:        548 } hitcount:        343
{ common_pid: mc-worker       [    425556], ret:        548 } hitcount:        346
{ common_pid: mc-worker       [    425556], ret:        543 } hitcount:        346
{ common_pid: mc-worker       [    425562], ret:        563 } hitcount:        346
{ common_pid: mc-worker       [    425556], ret:        544 } hitcount:        347
{ common_pid: mc-worker       [    425562], ret:        565 } hitcount:        349
{ common_pid: mc-worker       [    425558], ret:        542 } hitcount:        350
{ common_pid: mc-worker       [    425556], ret:        541 } hitcount:        350
{ common_pid: mc-worker       [    425562], ret:        569 } hitcount:        351
{ common_pid: mc-worker       [    425557], ret:        539 } hitcount:        352
{ common_pid: mc-worker       [    425562], ret:        567 } hitcount:        355
{ common_pid: mc-worker       [    425557], ret:        541 } hitcount:        356
{ common_pid: mc-worker       [    425559], ret:        566 } hitcount:        358
{ common_pid: mc-worker       [    425562], ret:        562 } hitcount:        358
{ common_pid: mc-worker       [    425562], ret:        564 } hitcount:        358
{ common_pid: mc-worker       [    425562], ret:        566 } hitcount:        359
{ common_pid: mc-worker       [    425556], ret:        542 } hitcount:        359
{ common_pid: mc-worker       [    425563], ret:        562 } hitcount:        360
{ common_pid: mc-worker       [    425560], ret:        546 } hitcount:        361
{ common_pid: mc-worker       [    425556], ret:        547 } hitcount:        361
{ common_pid: mc-worker       [    425559], ret:        564 } hitcount:        363
{ common_pid: mc-worker       [    425559], ret:        563 } hitcount:        364
{ common_pid: mc-worker       [    425557], ret:        544 } hitcount:        366
{ common_pid: mc-worker       [    425560], ret:        549 } hitcount:        366
{ common_pid: mc-worker       [    425563], ret:        561 } hitcount:        366
{ common_pid: mc-worker       [    425556], ret:        546 } hitcount:        367
{ common_pid: mc-worker       [    425558], ret:        543 } hitcount:        372
{ common_pid: mc-worker       [    425558], ret:        540 } hitcount:        374
{ common_pid: mc-worker       [    425560], ret:        552 } hitcount:        374
{ common_pid: mc-worker       [    425559], ret:        565 } hitcount:        374
{ common_pid: mc-worker       [    425558], ret:        544 } hitcount:        376
{ common_pid: mc-worker       [    425561], ret:        511 } hitcount:        378
{ common_pid: mc-worker       [    425561], ret:        508 } hitcount:        378
{ common_pid: mc-worker       [    425561], ret:        510 } hitcount:        379
{ common_pid: mc-worker       [    425558], ret:        546 } hitcount:        379
{ common_pid: mc-worker       [    425556], ret:        545 } hitcount:        380
{ common_pid: mc-worker       [    425561], ret:        513 } hitcount:        382
{ common_pid: mc-worker       [    425560], ret:        553 } hitcount:        383
{ common_pid: mc-worker       [    425561], ret:        507 } hitcount:        383
{ common_pid: mc-worker       [    425561], ret:        512 } hitcount:        384
{ common_pid: mc-worker       [    425558], ret:        541 } hitcount:        390
{ common_pid: mc-worker       [    425561], ret:        509 } hitcount:        390
{ common_pid: mc-worker       [    425558], ret:        545 } hitcount:        390
{ common_pid: mc-worker       [    425560], ret:        550 } hitcount:        391
{ common_pid: mc-worker       [    425558], ret:        547 } hitcount:        396
{ common_pid: mc-worker       [    425560], ret:        551 } hitcount:        407
{ common_pid: mc-worker       [    425562], ret:        568 } hitcount:        412
{ common_pid: mc-worker       [    425561], ret:          1 } hitcount:        447
{ common_pid: mc-worker       [    425563], ret:          1 } hitcount:        481
{ common_pid: mc-worker       [    425560], ret:          1 } hitcount:        493
{ common_pid: mc-worker       [    425562], ret:          1 } hitcount:        494
{ common_pid: mc-worker       [    425558], ret:          1 } hitcount:        498
{ common_pid: mc-worker       [    425559], ret:          1 } hitcount:        501
{ common_pid: mc-worker       [    425557], ret:          1 } hitcount:        509
{ common_pid: mc-worker       [    425556], ret:          1 } hitcount:        519
