{ common_pid: mc-worker       [     48186], ret:         40 } hitcount:          1
{ common_pid: mc-worker       [     48189], ret:        125 } hitcount:          1
{ common_pid: mc-worker       [     48190], ret:        512 } hitcount:          1
{ common_pid: mc-worker       [     48188], ret:         43 } hitcount:          1
{ common_pid: mc-worker       [     48187], ret:         67 } hitcount:          1
{ common_pid: mc-worker       [     48191], ret:         27 } hitcount:          1
{ common_pid: mc-worker       [     48188], ret:         57 } hitcount:          1
{ common_pid: mc-worker       [     48191], ret:        108 } hitcount:          1
{ common_pid: mc-worker       [     48188], ret:         62 } hitcount:          1
{ common_pid: mc-worker       [     48188], ret:         52 } hitcount:          1
{ common_pid: mc-worker       [     48192], ret:         29 } hitcount:          1
{ common_pid: mc-worker       [     48191], ret:         42 } hitcount:          1
{ common_pid: mc-worker       [     48193], ret:         66 } hitcount:          1
{ common_pid: mc-worker       [     48188], ret:         30 } hitcount:          1
{ common_pid: mc-worker       [     48191], ret:        128 } hitcount:          1
{ common_pid: mc-worker       [     48193], ret:         69 } hitcount:          1
{ common_pid: mc-worker       [     48191], ret:         58 } hitcount:          1
{ common_pid: mc-worker       [     48192], ret:         37 } hitcount:          1
{ common_pid: mc-worker       [     48190], ret:         24 } hitcount:          1
{ common_pid: mc-worker       [     48192], ret:         36 } hitcount:          1
{ common_pid: mc-worker       [     48192], ret:        125 } hitcount:          1
{ common_pid: mc-worker       [     48186], ret:         32 } hitcount:          1
{ common_pid: mc-worker       [     48187], ret:         40 } hitcount:          1
{ common_pid: mc-worker       [     48188], ret:         82 } hitcount:          1
{ common_pid: mc-worker       [     48189], ret:         36 } hitcount:          1
{ common_pid: mc-worker       [     48189], ret:        113 } hitcount:          1
{ common_pid: mc-worker       [     48192], ret:         48 } hitcount:          1
{ common_pid: mc-worker       [     48190], ret:        102 } hitcount:          1
{ common_pid: mc-worker       [     48190], ret:         38 } hitcount:          1
{ common_pid: mc-worker       [     48186], ret:        128 } hitcount:          1
{ common_pid: mc-worker       [     48188], ret:         36 } hitcount:          1
{ common_pid: mc-worker       [     48187], ret:         44 } hitcount:          1
{ common_pid: mc-worker       [     48188], ret:        127 } hitcount:          1
{ common_pid: mc-worker       [     48190], ret:         55 } hitcount:          1
{ common_pid: mc-worker       [     48193], ret:         44 } hitcount:          1
{ common_pid: mc-worker       [     48191], ret:        123 } hitcount:          1
{ common_pid: mc-worker       [     48187], ret:        119 } hitcount:          1
{ common_pid: mc-worker       [     48192], ret:         63 } hitcount:          1
{ common_pid: mc-worker       [     48193], ret:         78 } hitcount:          1
{ common_pid: mc-worker       [     48186], ret:         55 } hitcount:          1
{ common_pid: mc-worker       [     48192], ret:         49 } hitcount:          1
{ common_pid: mc-worker       [     48190], ret:         56 } hitcount:          1
{ common_pid: mc-worker       [     48188], ret:         44 } hitcount:          1
{ common_pid: mc-worker       [     48189], ret:         47 } hitcount:          1
{ common_pid: mc-worker       [     48189], ret:        154 } hitcount:          1
{ common_pid: mc-worker       [     48191], ret:         32 } hitcount:          1
{ common_pid: mc-worker       [     48191], ret:         51 } hitcount:          1
{ common_pid: mc-worker       [     48193], ret:         70 } hitcount:          1
{ common_pid: mc-worker       [     48186], ret:        112 } hitcount:          1
{ common_pid: mc-worker       [     48190], ret:         44 } hitcount:          1
{ common_pid: mc-worker       [     48191], ret:         45 } hitcount:          1
{ common_pid: mc-worker       [     48193], ret:         37 } hitcount:          1
{ common_pid: mc-worker       [     48192], ret:         39 } hitcount:          1
{ common_pid: mc-worker       [     48192], ret:         43 } hitcount:          1
{ common_pid: mc-worker       [     48189], ret:         37 } hitcount:          1
{ common_pid: mc-worker       [     48193], ret:        120 } hitcount:          1
{ common_pid: mc-worker       [     48192], ret:         31 } hitcount:          1
{ common_pid: mc-worker       [     48188], ret:        115 } hitcount:          1
{ common_pid: mc-worker       [     48190], ret:         35 } hitcount:          1
{ common_pid: mc-worker       [     48192], ret:         65 } hitcount:          1
{ common_pid: mc-worker       [     48188], ret:        128 } hitcount:          1
{ common_pid: mc-worker       [     48193], ret:         91 } hitcount:          1
{ common_pid: mc-worker       [     48188], ret:         33 } hitcount:          1
{ common_pid: mc-worker       [     48186], ret:         41 } hitcount:          1
{ common_pid: mc-worker       [     48189], ret:         72 } hitcount:          1
{ common_pid: mc-worker       [     48189], ret:         58 } hitcount:          1
{ common_pid: mc-worker       [     48190], ret:         51 } hitcount:          1
{ common_pid: mc-worker       [     48191], ret:         33 } hitcount:          1
{ common_pid: mc-worker       [     48189], ret:         28 } hitcount:          1
{ common_pid: mc-worker       [     48187], ret:         50 } hitcount:          1
{ common_pid: mc-worker       [     48186], ret:         64 } hitcount:          1
{ common_pid: mc-worker       [     48193], ret:         41 } hitcount:          1
{ common_pid: mc-worker       [     48191], ret:         61 } hitcount:          1
{ common_pid: mc-worker       [     48193], ret:         25 } hitcount:          1
{ common_pid: mc-worker       [     48188], ret:        107 } hitcount:          1
{ common_pid: mc-worker       [     48186], ret:        114 } hitcount:          1
{ common_pid: mc-worker       [     48189], ret:         52 } hitcount:          1
{ common_pid: mc-worker       [     48188], ret:         37 } hitcount:          1
{ common_pid: mc-worker       [     48189], ret:         56 } hitcount:          1
{ common_pid: mc-worker       [     48193], ret:         38 } hitcount:          1
{ common_pid: mc-worker       [     48187], ret:         37 } hitcount:          1
{ common_pid: mc-worker       [     48189], ret:         23 } hitcount:          1
{ common_pid: mc-worker       [     48191], ret:         41 } hitcount:          1
{ common_pid: mc-worker       [     48190], ret:         29 } hitcount:          1
{ common_pid: mc-worker       [     48188], ret:        122 } hitcount:          1
{ common_pid: mc-worker       [     48193], ret:         72 } hitcount:          1
{ common_pid: mc-worker       [     48193], ret:         34 } hitcount:          1
{ common_pid: mc-worker       [     48192], ret:        115 } hitcount:          1
{ common_pid: mc-worker       [     48190], ret:         83 } hitcount:          1
{ common_pid: mc-worker       [     48193], ret:         54 } hitcount:          1
{ common_pid: mc-worker       [     48187], ret:         33 } hitcount:          1
{ common_pid: mc-worker       [     48187], ret:         58 } hitcount:          1
{ common_pid: mc-worker       [     48187], ret:         24 } hitcount:          1
{ common_pid: mc-worker       [     48187], ret:         60 } hitcount:          1
{ common_pid: mc-worker       [     48188], ret:         74 } hitcount:          1
{ common_pid: mc-worker       [     48189], ret:        127 } hitcount:          1
{ common_pid: mc-worker       [     48192], ret:         59 } hitcount:          1
{ common_pid: mc-worker       [     48193], ret:         47 } hitcount:          1
{ common_pid: mc-worker       [     48186], ret:         47 } hitcount:          1
{ common_pid: mc-worker       [     48190], ret:         95 } hitcount:          1
{ common_pid: mc-worker       [     48188], ret:         29 } hitcount:          1
{ common_pid: mc-worker       [     48193], ret:         39 } hitcount:          1
{ common_pid: mc-worker       [     48186], ret:         57 } hitcount:          1
{ common_pid: mc-worker       [     48187], ret:        123 } hitcount:          1
{ common_pid: mc-worker       [     48186], ret:         42 } hitcount:          1
{ common_pid: mc-worker       [     48191], ret:         65 } hitcount:          1
{ common_pid: mc-worker       [     48191], ret:         66 } hitcount:          1
{ common_pid: mc-worker       [     48186], ret:        123 } hitcount:          1
{ common_pid: mc-worker       [     48190], ret:         37 } hitcount:          1
{ common_pid: mc-worker       [     48186], ret:         78 } hitcount:          1
{ common_pid: mc-worker       [     48186], ret:         34 } hitcount:          1
{ common_pid: mc-worker       [     48192], ret:         62 } hitcount:          1
{ common_pid: mc-worker       [     48193], ret:        114 } hitcount:          1
{ common_pid: mc-worker       [     48188], ret:         93 } hitcount:          1
{ common_pid: mc-worker       [     48190], ret:         54 } hitcount:          1
{ common_pid: mc-worker       [     48191], ret:         54 } hitcount:          1
{ common_pid: mc-worker       [     48188], ret:         35 } hitcount:          1
{ common_pid: mc-worker       [     48187], ret:         23 } hitcount:          1
{ common_pid: mc-worker       [     48193], ret:         40 } hitcount:          1
{ common_pid: mc-worker       [     48191], ret:        121 } hitcount:          1
{ common_pid: mc-worker       [     48192], ret:         40 } hitcount:          1
{ common_pid: mc-worker       [     48187], ret:        104 } hitcount:          1
{ common_pid: mc-worker       [     48188], ret:         45 } hitcount:          1
{ common_pid: mc-worker       [     48192], ret:         64 } hitcount:          1
{ common_pid: mc-worker       [     48190], ret:         49 } hitcount:          1
{ common_pid: mc-worker       [     48192], ret:        102 } hitcount:          1
{ common_pid: mc-worker       [     48192], ret:        112 } hitcount:          1
{ common_pid: mc-worker       [     48188], ret:         39 } hitcount:          1
{ common_pid: mc-worker       [     48193], ret:         60 } hitcount:          1
{ common_pid: mc-worker       [     48191], ret:         38 } hitcount:          1
{ common_pid: mc-worker       [     48192], ret:         81 } hitcount:          1
{ common_pid: mc-worker       [     48187], ret:         39 } hitcount:          1
{ common_pid: mc-worker       [     48189], ret:        128 } hitcount:          1
{ common_pid: mc-worker       [     48188], ret:         42 } hitcount:          1
{ common_pid: mc-worker       [     48186], ret:         45 } hitcount:          1
{ common_pid: mc-worker       [     48193], ret:         43 } hitcount:          1
{ common_pid: mc-worker       [     48191], ret:         48 } hitcount:          2
{ common_pid: mc-worker       [     48190], ret:         31 } hitcount:          2
{ common_pid: mc-worker       [     48188], ret:         26 } hitcount:          2
{ common_pid: mc-worker       [     48193], ret:         29 } hitcount:          2
{ common_pid: mc-worker       [     48189], ret:         55 } hitcount:          2
{ common_pid: mc-worker       [     48186], ret:         44 } hitcount:          2
{ common_pid: mc-worker       [     48188], ret:         55 } hitcount:          2
{ common_pid: mc-worker       [     48190], ret:         32 } hitcount:          2
{ common_pid: mc-worker       [     48193], ret:         24 } hitcount:          2
{ common_pid: mc-worker       [     48188], ret:         31 } hitcount:          2
{ common_pid: mc-worker       [     48192], ret:         28 } hitcount:          2
{ common_pid: mc-worker       [     48187], ret:         31 } hitcount:          2
{ common_pid: mc-worker       [     48191], ret:         24 } hitcount:          2
{ common_pid: mc-worker       [     48193], ret:        128 } hitcount:          2
{ common_pid: mc-worker       [     48192], ret:         33 } hitcount:          2
{ common_pid: mc-worker       [     48190], ret:         42 } hitcount:          2
{ common_pid: mc-worker       [     48191], ret:         36 } hitcount:          2
{ common_pid: mc-worker       [     48188], ret:         49 } hitcount:          2
{ common_pid: mc-worker       [     48193], ret:         31 } hitcount:          2
{ common_pid: mc-worker       [     48190], ret:         34 } hitcount:          2
{ common_pid: mc-worker       [     48192], ret:         27 } hitcount:          2
{ common_pid: mc-worker       [     48193], ret:         33 } hitcount:          2
{ common_pid: mc-worker       [     48186], ret:         22 } hitcount:          2
{ common_pid: mc-worker       [     48191], ret:         23 } hitcount:          2
{ common_pid: mc-worker       [     48189], ret:         34 } hitcount:          2
{ common_pid: mc-worker       [     48190], ret:         41 } hitcount:          2
{ common_pid: mc-worker       [     48190], ret:         46 } hitcount:          2
{ common_pid: mc-worker       [     48187], ret:         38 } hitcount:          2
{ common_pid: mc-worker       [     48187], ret:        128 } hitcount:          2
{ common_pid: mc-worker       [     48186], ret:         35 } hitcount:          2
{ common_pid: mc-worker       [     48189], ret:         38 } hitcount:          2
{ common_pid: mc-worker       [     48189], ret:         50 } hitcount:          2
{ common_pid: mc-worker       [     48188], ret:         41 } hitcount:          2
{ common_pid: mc-worker       [     48193], ret:         42 } hitcount:          2
{ common_pid: mc-worker       [     48189], ret:         48 } hitcount:          2
{ common_pid: mc-worker       [     48193], ret:         51 } hitcount:          2
{ common_pid: mc-worker       [     48192], ret:         32 } hitcount:          2
{ common_pid: mc-worker       [     48187], ret:         54 } hitcount:          2
{ common_pid: mc-worker       [     48191], ret:         40 } hitcount:          2
{ common_pid: mc-worker       [     48192], ret:         30 } hitcount:          2
{ common_pid: mc-worker       [     48189], ret:         43 } hitcount:          2
{ common_pid: mc-worker       [     48193], ret:         30 } hitcount:          2
{ common_pid: mc-worker       [     48190], ret:         48 } hitcount:          2
{ common_pid: mc-worker       [     48187], ret:         52 } hitcount:          2
{ common_pid: mc-worker       [     48186], ret:         43 } hitcount:          2
{ common_pid: mc-worker       [     48186], ret:         36 } hitcount:          2
{ common_pid: mc-worker       [     48193], ret:         36 } hitcount:          2
{ common_pid: mc-worker       [     48187], ret:         34 } hitcount:          2
{ common_pid: mc-worker       [     48186], ret:         46 } hitcount:          2
{ common_pid: mc-worker       [     48191], ret:         37 } hitcount:          2
{ common_pid: mc-worker       [     48190], ret:         30 } hitcount:          2
{ common_pid: mc-worker       [     48186], ret:         37 } hitcount:          2
{ common_pid: mc-worker       [     48187], ret:         26 } hitcount:          2
{ common_pid: mc-worker       [     48193], ret:         46 } hitcount:          2
{ common_pid: mc-worker       [     48191], ret:         43 } hitcount:          2
{ common_pid: mc-worker       [     48189], ret:         42 } hitcount:          2
{ common_pid: mc-worker       [     48189], ret:         33 } hitcount:          2
{ common_pid: mc-worker       [     48187], ret:         36 } hitcount:          2
{ common_pid: mc-worker       [     48186], ret:         49 } hitcount:          2
{ common_pid: mc-worker       [     48188], ret:         75 } hitcount:          2
{ common_pid: mc-worker       [     48189], ret:         46 } hitcount:          2
{ common_pid: mc-worker       [     48191], ret:         44 } hitcount:          2
{ common_pid: mc-worker       [     48189], ret:         44 } hitcount:          2
{ common_pid: mc-worker       [     48186], ret:         29 } hitcount:          2
{ common_pid: mc-worker       [     48189], ret:         45 } hitcount:          2
{ common_pid: mc-worker       [     48187], ret:         35 } hitcount:          2
{ common_pid: mc-worker       [     48188], ret:         48 } hitcount:          2
{ common_pid: mc-worker       [     48191], ret:         34 } hitcount:          2
{ common_pid: mc-worker       [     48189], ret:         22 } hitcount:          3
{ common_pid: mc-worker       [     48186], ret:         38 } hitcount:          3
{ common_pid: mc-worker       [     48189], ret:         27 } hitcount:          3
{ common_pid: mc-worker       [     48192], ret:         24 } hitcount:          3
{ common_pid: mc-worker       [     48189], ret:         41 } hitcount:          3
{ common_pid: mc-worker       [     48188], ret:         28 } hitcount:          3
{ common_pid: mc-worker       [     48188], ret:         25 } hitcount:          3
{ common_pid: mc-worker       [     48189], ret:         39 } hitcount:          3
{ common_pid: mc-worker       [     48187], ret:         28 } hitcount:          3
{ common_pid: mc-worker       [     48192], ret:         26 } hitcount:          3
{ common_pid: mc-worker       [     48190], ret:         28 } hitcount:          3
{ common_pid: mc-worker       [     48193], ret:         26 } hitcount:          3
{ common_pid: mc-worker       [     48192], ret:         25 } hitcount:          3
{ common_pid: mc-worker       [     48188], ret:         34 } hitcount:          3
{ common_pid: mc-worker       [     48189], ret:         35 } hitcount:          3
{ common_pid: mc-worker       [     48191], ret:         47 } hitcount:          3
{ common_pid: mc-worker       [     48186], ret:         23 } hitcount:          3
{ common_pid: mc-worker       [     48188], ret:         24 } hitcount:          3
{ common_pid: mc-worker       [     48190], ret:         25 } hitcount:          3
{ common_pid: mc-worker       [     48186], ret:         26 } hitcount:          3
{ common_pid: mc-worker       [     48187], ret:         45 } hitcount:          3
{ common_pid: mc-worker       [     48190], ret:         36 } hitcount:          3
{ common_pid: mc-worker       [     48186], ret:         30 } hitcount:          3
{ common_pid: mc-worker       [     48190], ret:         45 } hitcount:          3
{ common_pid: mc-worker       [     48190], ret:         40 } hitcount:          3
{ common_pid: mc-worker       [     48193], ret:         32 } hitcount:          3
{ common_pid: mc-worker       [     48188], ret:         21 } hitcount:          4
{ common_pid: mc-worker       [     48188], ret:         27 } hitcount:          4
{ common_pid: mc-worker       [     48186], ret:         33 } hitcount:          4
{ common_pid: mc-worker       [     48193], ret:         35 } hitcount:          4
{ common_pid: mc-worker       [     48187], ret:         25 } hitcount:          4
{ common_pid: mc-worker       [     48187], ret:         27 } hitcount:          4
{ common_pid: mc-worker       [     48192], ret:         21 } hitcount:          4
{ common_pid: mc-worker       [     48187], ret:         30 } hitcount:          4
{ common_pid: mc-worker       [     48193], ret:         23 } hitcount:          4
{ common_pid: mc-worker       [     48187], ret:         32 } hitcount:          4
{ common_pid: mc-worker       [     48188], ret:         32 } hitcount:          4
{ common_pid: mc-worker       [     48189], ret:         32 } hitcount:          4
{ common_pid: mc-worker       [     48192], ret:         20 } hitcount:          4
{ common_pid: mc-worker       [     48190], ret:         22 } hitcount:          4
{ common_pid: mc-worker       [     48190], ret:         23 } hitcount:          4
{ common_pid: mc-worker       [     48191], ret:         31 } hitcount:          5
{ common_pid: mc-worker       [     48192], ret:         19 } hitcount:          5
{ common_pid: mc-worker       [     48190], ret:         21 } hitcount:          5
{ common_pid: mc-worker       [     48191], ret:         26 } hitcount:          5
{ common_pid: mc-worker       [     48191], ret:         29 } hitcount:          5
{ common_pid: mc-worker       [     48189], ret:         29 } hitcount:          5
{ common_pid: mc-worker       [     48188], ret:         23 } hitcount:          5
{ common_pid: mc-worker       [     48186], ret:         27 } hitcount:          5
{ common_pid: mc-worker       [     48189], ret:         40 } hitcount:          5
{ common_pid: mc-worker       [     48193], ret:         20 } hitcount:          5
{ common_pid: mc-worker       [     48192], ret:         23 } hitcount:          5
{ common_pid: mc-worker       [     48193], ret:         28 } hitcount:          5
{ common_pid: mc-worker       [     48187], ret:         29 } hitcount:          5
{ common_pid: mc-worker       [     48190], ret:         27 } hitcount:          5
{ common_pid: mc-worker       [     48186], ret:         25 } hitcount:          5
{ common_pid: mc-worker       [     48186], ret:         18 } hitcount:          6
{ common_pid: mc-worker       [     48191], ret:         22 } hitcount:          6
{ common_pid: mc-worker       [     48191], ret:         20 } hitcount:          6
{ common_pid: mc-worker       [     48186], ret:         24 } hitcount:          6
{ common_pid: mc-worker       [     48191], ret:         30 } hitcount:          6
{ common_pid: mc-worker       [     48193], ret:         22 } hitcount:          6
{ common_pid: mc-worker       [     48186], ret:         28 } hitcount:          6
{ common_pid: mc-worker       [     48190], ret:         26 } hitcount:          6
{ common_pid: mc-worker       [     48187], ret:         20 } hitcount:          6
{ common_pid: mc-worker       [     48189], ret:         24 } hitcount:          6
{ common_pid: mc-worker       [     48191], ret:         28 } hitcount:          6
{ common_pid: mc-worker       [     48190], ret:         20 } hitcount:          6
{ common_pid: mc-worker       [     48193], ret:         21 } hitcount:          7
{ common_pid: mc-worker       [     48186], ret:         21 } hitcount:          7
{ common_pid: mc-worker       [     48186], ret:         20 } hitcount:          7
{ common_pid: mc-worker       [     48189], ret:         26 } hitcount:          7
{ common_pid: mc-worker       [     48191], ret:         25 } hitcount:          7
{ common_pid: mc-worker       [     48190], ret:         19 } hitcount:          8
{ common_pid: mc-worker       [     48192], ret:         22 } hitcount:          8
{ common_pid: mc-worker       [     48189], ret:         21 } hitcount:          8
{ common_pid: mc-worker       [     48187], ret:         21 } hitcount:          9
{ common_pid: mc-worker       [     48191], ret:         21 } hitcount:          9
{ common_pid: mc-worker       [     48188], ret:         19 } hitcount:          9
{ common_pid: mc-worker       [     48188], ret:         22 } hitcount:          9
{ common_pid: mc-worker       [     48191], ret:         19 } hitcount:          9
{ common_pid: mc-worker       [     48188], ret:         20 } hitcount:         10
{ common_pid: mc-worker       [     48187], ret:         22 } hitcount:         10
{ common_pid: mc-worker       [     48189], ret:         20 } hitcount:         10
{ common_pid: mc-worker       [     48187], ret:         19 } hitcount:         11
{ common_pid: mc-worker       [     48193], ret:         19 } hitcount:         11
{ common_pid: mc-worker       [     48190], ret:         18 } hitcount:         12
{ common_pid: mc-worker       [     48186], ret:         19 } hitcount:         14
{ common_pid: mc-worker       [     48186], ret:         17 } hitcount:         14
{ common_pid: mc-worker       [     48189], ret:         19 } hitcount:         14
{ common_pid: mc-worker       [     48192], ret:         18 } hitcount:         14
{ common_pid: mc-worker       [     48193], ret:         18 } hitcount:         15
{ common_pid: mc-worker       [     48192], ret:         17 } hitcount:         20
{ common_pid: mc-worker       [     48189], ret:         18 } hitcount:         21
{ common_pid: mc-worker       [     48187], ret:         18 } hitcount:         21
{ common_pid: mc-worker       [     48191], ret:         18 } hitcount:         22
{ common_pid: mc-worker       [     48190], ret:         17 } hitcount:         23
{ common_pid: mc-worker       [     48188], ret:         18 } hitcount:         23
{ common_pid: mc-worker       [     48191], ret:         17 } hitcount:         26
{ common_pid: mc-worker       [     48192], ret:         16 } hitcount:         28
{ common_pid: mc-worker       [     48186], ret:         16 } hitcount:         32
{ common_pid: mc-worker       [     48193], ret:         17 } hitcount:         33
{ common_pid: mc-worker       [     48187], ret:         17 } hitcount:         34
{ common_pid: mc-worker       [     48188], ret:         17 } hitcount:         39
{ common_pid: mc-worker       [     48191], ret:         16 } hitcount:         45
{ common_pid: mc-worker       [     48189], ret:         17 } hitcount:         48
{ common_pid: mc-worker       [     48190], ret:         16 } hitcount:         58
{ common_pid: mc-worker       [     48187], ret:         16 } hitcount:         61
{ common_pid: mc-worker       [     48189], ret:         16 } hitcount:         65
{ common_pid: mc-worker       [     48186], ret:         15 } hitcount:         71
{ common_pid: mc-worker       [     48193], ret:         16 } hitcount:         75
{ common_pid: mc-worker       [     48188], ret:         16 } hitcount:         83
{ common_pid: mc-worker       [     48192], ret:         15 } hitcount:         84
{ common_pid: mc-worker       [     48191], ret:         15 } hitcount:         96
{ common_pid: mc-worker       [     48190], ret:         15 } hitcount:        126
{ common_pid: mc-worker       [     48189], ret:         15 } hitcount:        134
{ common_pid: mc-worker       [     48187], ret:         15 } hitcount:        136
{ common_pid: mc-worker       [     48193], ret:         15 } hitcount:        136
{ common_pid: mc-worker       [     48188], ret:         15 } hitcount:        144
{ common_pid: mc-worker       [     48186], ret:         14 } hitcount:        164
{ common_pid: mc-worker       [     48192], ret:         14 } hitcount:        188
{ common_pid: mc-worker       [     48191], ret:         14 } hitcount:        222
{ common_pid: mc-worker       [     48187], ret:         14 } hitcount:        267
{ common_pid: mc-worker       [     48190], ret:         14 } hitcount:        289
{ common_pid: mc-worker       [     48193], ret:         14 } hitcount:        320
{ common_pid: mc-worker       [     48189], ret:         14 } hitcount:        320
{ common_pid: mc-worker       [     48188], ret:         14 } hitcount:        334
{ common_pid: mc-worker       [     48186], ret:         13 } hitcount:        359
{ common_pid: mc-worker       [     48191], ret:         13 } hitcount:        384
{ common_pid: mc-worker       [     48192], ret:         13 } hitcount:        393
{ common_pid: mc-worker       [     48190], ret:         13 } hitcount:        476
{ common_pid: mc-worker       [     48187], ret:         13 } hitcount:        520
{ common_pid: mc-worker       [     48189], ret:         13 } hitcount:        584
{ common_pid: mc-worker       [     48193], ret:         13 } hitcount:        616
{ common_pid: mc-worker       [     48188], ret:         13 } hitcount:        682
{ common_pid: mc-worker       [     48186], ret:         12 } hitcount:        721
{ common_pid: mc-worker       [     48192], ret:         12 } hitcount:        767
{ common_pid: mc-worker       [     48191], ret:         12 } hitcount:        847
{ common_pid: mc-worker       [     48190], ret:         12 } hitcount:        958
{ common_pid: mc-worker       [     48187], ret:         12 } hitcount:       1122
{ common_pid: mc-worker       [     48189], ret:         12 } hitcount:       1132
{ common_pid: mc-worker       [     48193], ret:         12 } hitcount:       1186
{ common_pid: mc-worker       [     48188], ret:         12 } hitcount:       1337
{ common_pid: mc-worker       [     48186], ret:         11 } hitcount:       1563
{ common_pid: mc-worker       [     48192], ret:         11 } hitcount:       1660
{ common_pid: mc-worker       [     48191], ret:         11 } hitcount:       1849
{ common_pid: mc-worker       [     48190], ret:         11 } hitcount:       2119
{ common_pid: mc-worker       [     48187], ret:         11 } hitcount:       2236
{ common_pid: mc-worker       [     48189], ret:         11 } hitcount:       2325
{ common_pid: mc-worker       [     48193], ret:         11 } hitcount:       2481
{ common_pid: mc-worker       [     48188], ret:         11 } hitcount:       2603
{ common_pid: mc-worker       [     48186], ret:         10 } hitcount:       3523
{ common_pid: mc-worker       [     48192], ret:         10 } hitcount:       3552
{ common_pid: mc-worker       [     48191], ret:         10 } hitcount:       3853
{ common_pid: mc-worker       [     48190], ret:         10 } hitcount:       4405
{ common_pid: mc-worker       [     48187], ret:         10 } hitcount:       4698
{ common_pid: mc-worker       [     48193], ret:         10 } hitcount:       4915
{ common_pid: mc-worker       [     48189], ret:         10 } hitcount:       4924
{ common_pid: mc-worker       [     48188], ret:         10 } hitcount:       5181
{ common_pid: mc-worker       [     48186], ret:          9 } hitcount:       7342
{ common_pid: mc-worker       [     48192], ret:          9 } hitcount:       7565
{ common_pid: mc-worker       [     48191], ret:          9 } hitcount:       8018
{ common_pid: mc-worker       [     48190], ret:          9 } hitcount:       8824
{ common_pid: mc-worker       [     48187], ret:          9 } hitcount:       9280
{ common_pid: mc-worker       [     48193], ret:          9 } hitcount:       9699
{ common_pid: mc-worker       [     48189], ret:          9 } hitcount:       9708
{ common_pid: mc-worker       [     48188], ret:          9 } hitcount:       9916
{ common_pid: mc-worker       [     48186], ret:          8 } hitcount:      13549
{ common_pid: mc-worker       [     48192], ret:          8 } hitcount:      14053
{ common_pid: mc-worker       [     48191], ret:          8 } hitcount:      14351
{ common_pid: mc-worker       [     48190], ret:          8 } hitcount:      15649
{ common_pid: mc-worker       [     48187], ret:          8 } hitcount:      16322
{ common_pid: mc-worker       [     48189], ret:          8 } hitcount:      16551
{ common_pid: mc-worker       [     48193], ret:          8 } hitcount:      16654
{ common_pid: mc-worker       [     48188], ret:          8 } hitcount:      17383
{ common_pid: mc-worker       [     48186], ret:          7 } hitcount:      22043
{ common_pid: mc-worker       [     48192], ret:          7 } hitcount:      23135
{ common_pid: mc-worker       [     48191], ret:          7 } hitcount:      23522
{ common_pid: mc-worker       [     48190], ret:          7 } hitcount:      24794
{ common_pid: mc-worker       [     48187], ret:          7 } hitcount:      25658
{ common_pid: mc-worker       [     48189], ret:          7 } hitcount:      26448
{ common_pid: mc-worker       [     48193], ret:          7 } hitcount:      26715
{ common_pid: mc-worker       [     48188], ret:          7 } hitcount:      26812
{ common_pid: mc-worker       [     48186], ret:          6 } hitcount:      34068
{ common_pid: mc-worker       [     48192], ret:          6 } hitcount:      34978
{ common_pid: mc-worker       [     48191], ret:          6 } hitcount:      35040
{ common_pid: mc-worker       [     48190], ret:          6 } hitcount:      36965
{ common_pid: mc-worker       [     48189], ret:          6 } hitcount:      37980
{ common_pid: mc-worker       [     48187], ret:          6 } hitcount:      38090
{ common_pid: mc-worker       [     48188], ret:          6 } hitcount:      38942
{ common_pid: mc-worker       [     48193], ret:          6 } hitcount:      38959
{ common_pid: mc-worker       [     48186], ret:          5 } hitcount:      52673
{ common_pid: mc-worker       [     48192], ret:          5 } hitcount:      53696
{ common_pid: mc-worker       [     48191], ret:          5 } hitcount:      53788
{ common_pid: mc-worker       [     48190], ret:          5 } hitcount:      55329
{ common_pid: mc-worker       [     48187], ret:          5 } hitcount:      55669
{ common_pid: mc-worker       [     48193], ret:          5 } hitcount:      56692
{ common_pid: mc-worker       [     48188], ret:          5 } hitcount:      57050
{ common_pid: mc-worker       [     48189], ret:          5 } hitcount:      57172
{ common_pid: mc-worker       [     48186], ret:          4 } hitcount:      81928
{ common_pid: mc-worker       [     48191], ret:          4 } hitcount:      82935
{ common_pid: mc-worker       [     48192], ret:          4 } hitcount:      83336
{ common_pid: mc-worker       [     48190], ret:          4 } hitcount:      84384
{ common_pid: mc-worker       [     48187], ret:          4 } hitcount:      85143
{ common_pid: mc-worker       [     48193], ret:          4 } hitcount:      85444
{ common_pid: mc-worker       [     48189], ret:          4 } hitcount:      85513
{ common_pid: mc-worker       [     48188], ret:          4 } hitcount:      85914
{ common_pid: mc-worker       [     48186], ret:          3 } hitcount:     121606
{ common_pid: mc-worker       [     48191], ret:          3 } hitcount:     122674
{ common_pid: mc-worker       [     48192], ret:          3 } hitcount:     122693
{ common_pid: mc-worker       [     48189], ret:          3 } hitcount:     123476
{ common_pid: mc-worker       [     48190], ret:          3 } hitcount:     123497
{ common_pid: mc-worker       [     48188], ret:          3 } hitcount:     123525
{ common_pid: mc-worker       [     48187], ret:          3 } hitcount:     123743
{ common_pid: mc-worker       [     48193], ret:          3 } hitcount:     124507
{ common_pid: mc-worker       [     48188], ret:          2 } hitcount:     170102
{ common_pid: mc-worker       [     48187], ret:          2 } hitcount:     170805
{ common_pid: mc-worker       [     48193], ret:          2 } hitcount:     171100
{ common_pid: mc-worker       [     48189], ret:          2 } hitcount:     171410
{ common_pid: mc-worker       [     48186], ret:          2 } hitcount:     171659
{ common_pid: mc-worker       [     48190], ret:          2 } hitcount:     171850
{ common_pid: mc-worker       [     48191], ret:          2 } hitcount:     171916
{ common_pid: mc-worker       [     48192], ret:          2 } hitcount:     172106
{ common_pid: mc-worker       [     48188], ret:          1 } hitcount:     225761
{ common_pid: mc-worker       [     48189], ret:          1 } hitcount:     227310
{ common_pid: mc-worker       [     48187], ret:          1 } hitcount:     229280
{ common_pid: mc-worker       [     48193], ret:          1 } hitcount:     229607
{ common_pid: mc-worker       [     48190], ret:          1 } hitcount:     231638
{ common_pid: mc-worker       [     48191], ret:          1 } hitcount:     234820
{ common_pid: mc-worker       [     48186], ret:          1 } hitcount:     236065
{ common_pid: mc-worker       [     48192], ret:          1 } hitcount:     236942
