{ common_pid: mc-worker       [    152665], ret:         39 } hitcount:          1
{ common_pid: mc-worker       [    152666], ret:        512 } hitcount:          1
{ common_pid: mc-worker       [    152662], ret:         40 } hitcount:          1
{ common_pid: mc-worker       [    152663], ret:         43 } hitcount:          1
{ common_pid: mc-worker       [    152661], ret:        430 } hitcount:          1
{ common_pid: mc-worker       [    152660], ret:         51 } hitcount:          1
{ common_pid: mc-worker       [    152665], ret:         41 } hitcount:          1
{ common_pid: mc-worker       [    152660], ret:        512 } hitcount:          1
{ common_pid: mc-worker       [    152666], ret:         70 } hitcount:          1
{ common_pid: mc-worker       [    152663], ret:         73 } hitcount:          1
{ common_pid: mc-worker       [    152661], ret:         37 } hitcount:          1
{ common_pid: mc-worker       [    152664], ret:         69 } hitcount:          1
{ common_pid: mc-worker       [    152665], ret:         38 } hitcount:          1
{ common_pid: mc-worker       [    152659], ret:         41 } hitcount:          1
{ common_pid: mc-worker       [    152665], ret:        512 } hitcount:          1
{ common_pid: mc-worker       [    152660], ret:         39 } hitcount:          1
{ common_pid: mc-worker       [    152659], ret:        512 } hitcount:          1
{ common_pid: mc-worker       [    152660], ret:         42 } hitcount:          1
{ common_pid: mc-worker       [    152661], ret:         95 } hitcount:          1
{ common_pid: mc-worker       [    152666], ret:         43 } hitcount:          1
{ common_pid: mc-worker       [    152662], ret:        498 } hitcount:          1
{ common_pid: mc-worker       [    152663], ret:        510 } hitcount:          1
{ common_pid: mc-worker       [    152664], ret:        512 } hitcount:          1
{ common_pid: mc-worker       [    152666], ret:         40 } hitcount:          2
{ common_pid: mc-worker       [    152664], ret:         39 } hitcount:          2
{ common_pid: mc-worker       [    152663], ret:         39 } hitcount:          2
{ common_pid: mc-worker       [    152661], ret:         36 } hitcount:          2
{ common_pid: mc-worker       [    152660], ret:         40 } hitcount:          2
{ common_pid: mc-worker       [    152659], ret:         37 } hitcount:          2
{ common_pid: mc-worker       [    152663], ret:         40 } hitcount:          2
{ common_pid: mc-worker       [    152664], ret:         40 } hitcount:          2
{ common_pid: mc-worker       [    152664], ret:         41 } hitcount:          2
{ common_pid: mc-worker       [    152665], ret:         40 } hitcount:          2
{ common_pid: mc-worker       [    152660], ret:         38 } hitcount:          2
{ common_pid: mc-worker       [    152662], ret:         42 } hitcount:          2
{ common_pid: mc-worker       [    152662], ret:         37 } hitcount:          3
{ common_pid: mc-worker       [    152659], ret:         39 } hitcount:          3
{ common_pid: mc-worker       [    152661], ret:         38 } hitcount:          3
{ common_pid: mc-worker       [    152663], ret:         41 } hitcount:          4
{ common_pid: mc-worker       [    152664], ret:         38 } hitcount:          4
{ common_pid: mc-worker       [    152666], ret:         39 } hitcount:          4
{ common_pid: mc-worker       [    152663], ret:         38 } hitcount:          4
{ common_pid: mc-worker       [    152662], ret:         38 } hitcount:          4
{ common_pid: mc-worker       [    152659], ret:         38 } hitcount:          5
{ common_pid: mc-worker       [    152659], ret:         36 } hitcount:          5
{ common_pid: mc-worker       [    152661], ret:         35 } hitcount:          5
{ common_pid: mc-worker       [    152660], ret:         37 } hitcount:          6
{ common_pid: mc-worker       [    152660], ret:         36 } hitcount:          7
{ common_pid: mc-worker       [    152659], ret:         35 } hitcount:          7
{ common_pid: mc-worker       [    152661], ret:         34 } hitcount:          8
{ common_pid: mc-worker       [    152666], ret:         37 } hitcount:          9
{ common_pid: mc-worker       [    152663], ret:         37 } hitcount:          9
{ common_pid: mc-worker       [    152666], ret:         38 } hitcount:         10
{ common_pid: mc-worker       [    152665], ret:         37 } hitcount:         10
{ common_pid: mc-worker       [    152665], ret:         36 } hitcount:         11
{ common_pid: mc-worker       [    152662], ret:         36 } hitcount:         11
{ common_pid: mc-worker       [    152664], ret:         37 } hitcount:         12
{ common_pid: mc-worker       [    152666], ret:         36 } hitcount:         15
{ common_pid: mc-worker       [    152665], ret:         35 } hitcount:         15
{ common_pid: mc-worker       [    152662], ret:         35 } hitcount:         15
{ common_pid: mc-worker       [    152660], ret:         35 } hitcount:         18
{ common_pid: mc-worker       [    152663], ret:         36 } hitcount:         18
{ common_pid: mc-worker       [    152662], ret:         34 } hitcount:         21
{ common_pid: mc-worker       [    152664], ret:         36 } hitcount:         22
{ common_pid: mc-worker       [    152660], ret:         34 } hitcount:         27
{ common_pid: mc-worker       [    152661], ret:         33 } hitcount:         28
{ common_pid: mc-worker       [    152659], ret:         34 } hitcount:         29
{ common_pid: mc-worker       [    152665], ret:         34 } hitcount:         33
{ common_pid: mc-worker       [    152664], ret:         35 } hitcount:         35
{ common_pid: mc-worker       [    152661], ret:         32 } hitcount:         37
{ common_pid: mc-worker       [    152659], ret:         33 } hitcount:         38
{ common_pid: mc-worker       [    152663], ret:         35 } hitcount:         41
{ common_pid: mc-worker       [    152666], ret:         35 } hitcount:         42
{ common_pid: mc-worker       [    152662], ret:         33 } hitcount:         44
{ common_pid: mc-worker       [    152665], ret:         33 } hitcount:         46
{ common_pid: mc-worker       [    152666], ret:         34 } hitcount:         48
{ common_pid: mc-worker       [    152660], ret:         33 } hitcount:         48
{ common_pid: mc-worker       [    152664], ret:         34 } hitcount:         58
{ common_pid: mc-worker       [    152659], ret:         32 } hitcount:         66
{ common_pid: mc-worker       [    152661], ret:         31 } hitcount:         68
{ common_pid: mc-worker       [    152663], ret:         34 } hitcount:         69
{ common_pid: mc-worker       [    152664], ret:         33 } hitcount:         82
{ common_pid: mc-worker       [    152662], ret:         32 } hitcount:         82
{ common_pid: mc-worker       [    152660], ret:         32 } hitcount:         82
{ common_pid: mc-worker       [    152666], ret:         33 } hitcount:         84
{ common_pid: mc-worker       [    152665], ret:         32 } hitcount:         89
{ common_pid: mc-worker       [    152659], ret:         31 } hitcount:         90
{ common_pid: mc-worker       [    152662], ret:         31 } hitcount:        102
{ common_pid: mc-worker       [    152661], ret:         30 } hitcount:        107
{ common_pid: mc-worker       [    152663], ret:         33 } hitcount:        115
{ common_pid: mc-worker       [    152660], ret:         31 } hitcount:        116
{ common_pid: mc-worker       [    152666], ret:         32 } hitcount:        131
{ common_pid: mc-worker       [    152665], ret:         31 } hitcount:        134
{ common_pid: mc-worker       [    152663], ret:         32 } hitcount:        143
{ common_pid: mc-worker       [    152664], ret:         32 } hitcount:        154
{ common_pid: mc-worker       [    152659], ret:         30 } hitcount:        154
{ common_pid: mc-worker       [    152661], ret:         29 } hitcount:        183
{ common_pid: mc-worker       [    152660], ret:         30 } hitcount:        186
{ common_pid: mc-worker       [    152662], ret:         30 } hitcount:        186
{ common_pid: mc-worker       [    152664], ret:         31 } hitcount:        213
{ common_pid: mc-worker       [    152665], ret:         30 } hitcount:        229
{ common_pid: mc-worker       [    152666], ret:         31 } hitcount:        229
{ common_pid: mc-worker       [    152659], ret:         29 } hitcount:        234
{ common_pid: mc-worker       [    152663], ret:         31 } hitcount:        246
{ common_pid: mc-worker       [    152661], ret:         28 } hitcount:        272
{ common_pid: mc-worker       [    152662], ret:         29 } hitcount:        303
{ common_pid: mc-worker       [    152660], ret:         29 } hitcount:        321
{ common_pid: mc-worker       [    152664], ret:         30 } hitcount:        323
{ common_pid: mc-worker       [    152666], ret:         30 } hitcount:        325
{ common_pid: mc-worker       [    152665], ret:         29 } hitcount:        361
{ common_pid: mc-worker       [    152659], ret:         28 } hitcount:        365
{ common_pid: mc-worker       [    152663], ret:         30 } hitcount:        374
{ common_pid: mc-worker       [    152661], ret:         27 } hitcount:        410
{ common_pid: mc-worker       [    152662], ret:         28 } hitcount:        482
{ common_pid: mc-worker       [    152660], ret:         28 } hitcount:        492
{ common_pid: mc-worker       [    152664], ret:         29 } hitcount:        500
{ common_pid: mc-worker       [    152665], ret:         28 } hitcount:        504
{ common_pid: mc-worker       [    152666], ret:         29 } hitcount:        505
{ common_pid: mc-worker       [    152659], ret:         27 } hitcount:        547
{ common_pid: mc-worker       [    152663], ret:         29 } hitcount:        565
{ common_pid: mc-worker       [    152661], ret:         26 } hitcount:        619
{ common_pid: mc-worker       [    152662], ret:         27 } hitcount:        687
{ common_pid: mc-worker       [    152660], ret:         27 } hitcount:        728
{ common_pid: mc-worker       [    152666], ret:         28 } hitcount:        748
{ common_pid: mc-worker       [    152665], ret:         27 } hitcount:        756
{ common_pid: mc-worker       [    152664], ret:         28 } hitcount:        768
{ common_pid: mc-worker       [    152663], ret:         28 } hitcount:        835
{ common_pid: mc-worker       [    152659], ret:         26 } hitcount:        855
{ common_pid: mc-worker       [    152661], ret:         25 } hitcount:        892
{ common_pid: mc-worker       [    152662], ret:         26 } hitcount:        926
{ common_pid: mc-worker       [    152664], ret:         27 } hitcount:        955
{ common_pid: mc-worker       [    152660], ret:         26 } hitcount:       1050
{ common_pid: mc-worker       [    152666], ret:         27 } hitcount:       1090
{ common_pid: mc-worker       [    152665], ret:         26 } hitcount:       1150
{ common_pid: mc-worker       [    152659], ret:         25 } hitcount:       1215
{ common_pid: mc-worker       [    152663], ret:         27 } hitcount:       1228
{ common_pid: mc-worker       [    152661], ret:         24 } hitcount:       1246
{ common_pid: mc-worker       [    152664], ret:         26 } hitcount:       1408
{ common_pid: mc-worker       [    152662], ret:         25 } hitcount:       1439
{ common_pid: mc-worker       [    152660], ret:         25 } hitcount:       1441
{ common_pid: mc-worker       [    152666], ret:         26 } hitcount:       1520
{ common_pid: mc-worker       [    152659], ret:         24 } hitcount:       1621
{ common_pid: mc-worker       [    152663], ret:         26 } hitcount:       1635
{ common_pid: mc-worker       [    152665], ret:         25 } hitcount:       1645
{ common_pid: mc-worker       [    152661], ret:         23 } hitcount:       1734
{ common_pid: mc-worker       [    152664], ret:         25 } hitcount:       1866
{ common_pid: mc-worker       [    152662], ret:         24 } hitcount:       1881
{ common_pid: mc-worker       [    152660], ret:         24 } hitcount:       1996
{ common_pid: mc-worker       [    152666], ret:         25 } hitcount:       2009
{ common_pid: mc-worker       [    152665], ret:         24 } hitcount:       2221
{ common_pid: mc-worker       [    152663], ret:         25 } hitcount:       2224
{ common_pid: mc-worker       [    152659], ret:         23 } hitcount:       2289
{ common_pid: mc-worker       [    152661], ret:         22 } hitcount:       2299
{ common_pid: mc-worker       [    152664], ret:         24 } hitcount:       2437
{ common_pid: mc-worker       [    152662], ret:         23 } hitcount:       2446
{ common_pid: mc-worker       [    152660], ret:         23 } hitcount:       2655
{ common_pid: mc-worker       [    152666], ret:         24 } hitcount:       2675
{ common_pid: mc-worker       [    152663], ret:         24 } hitcount:       2831
{ common_pid: mc-worker       [    152659], ret:         22 } hitcount:       2909
{ common_pid: mc-worker       [    152661], ret:         21 } hitcount:       2914
{ common_pid: mc-worker       [    152665], ret:         23 } hitcount:       2975
{ common_pid: mc-worker       [    152664], ret:         23 } hitcount:       3119
{ common_pid: mc-worker       [    152662], ret:         22 } hitcount:       3303
{ common_pid: mc-worker       [    152660], ret:         22 } hitcount:       3442
{ common_pid: mc-worker       [    152666], ret:         23 } hitcount:       3466
{ common_pid: mc-worker       [    152663], ret:         23 } hitcount:       3585
{ common_pid: mc-worker       [    152659], ret:         21 } hitcount:       3729
{ common_pid: mc-worker       [    152661], ret:         20 } hitcount:       3760
{ common_pid: mc-worker       [    152664], ret:         22 } hitcount:       3779
{ common_pid: mc-worker       [    152665], ret:         22 } hitcount:       3853
{ common_pid: mc-worker       [    152662], ret:         21 } hitcount:       4017
{ common_pid: mc-worker       [    152660], ret:         21 } hitcount:       4158
{ common_pid: mc-worker       [    152666], ret:         22 } hitcount:       4167
{ common_pid: mc-worker       [    152661], ret:         19 } hitcount:       4291
{ common_pid: mc-worker       [    152659], ret:         20 } hitcount:       4381
{ common_pid: mc-worker       [    152664], ret:         21 } hitcount:       4414
{ common_pid: mc-worker       [    152663], ret:         22 } hitcount:       4509
{ common_pid: mc-worker       [    152662], ret:         20 } hitcount:       4712
{ common_pid: mc-worker       [    152665], ret:         21 } hitcount:       4797
{ common_pid: mc-worker       [    152660], ret:         20 } hitcount:       4911
{ common_pid: mc-worker       [    152666], ret:         21 } hitcount:       4915
{ common_pid: mc-worker       [    152661], ret:         18 } hitcount:       4981
{ common_pid: mc-worker       [    152664], ret:         20 } hitcount:       5009
{ common_pid: mc-worker       [    152659], ret:         19 } hitcount:       5024
{ common_pid: mc-worker       [    152663], ret:         21 } hitcount:       5282
{ common_pid: mc-worker       [    152664], ret:         19 } hitcount:       5518
{ common_pid: mc-worker       [    152665], ret:         20 } hitcount:       5538
{ common_pid: mc-worker       [    152662], ret:         19 } hitcount:       5557
{ common_pid: mc-worker       [    152660], ret:         19 } hitcount:       5698
{ common_pid: mc-worker       [    152666], ret:         20 } hitcount:       5739
{ common_pid: mc-worker       [    152661], ret:         17 } hitcount:       5758
{ common_pid: mc-worker       [    152659], ret:         18 } hitcount:       5855
{ common_pid: mc-worker       [    152664], ret:         18 } hitcount:       6068
{ common_pid: mc-worker       [    152663], ret:         20 } hitcount:       6096
{ common_pid: mc-worker       [    152661], ret:         16 } hitcount:       6096
{ common_pid: mc-worker       [    152664], ret:         17 } hitcount:       6136
{ common_pid: mc-worker       [    152662], ret:         18 } hitcount:       6227
{ common_pid: mc-worker       [    152666], ret:         19 } hitcount:       6356
{ common_pid: mc-worker       [    152664], ret:         15 } hitcount:       6404
{ common_pid: mc-worker       [    152661], ret:         15 } hitcount:       6406
{ common_pid: mc-worker       [    152664], ret:         14 } hitcount:       6420
{ common_pid: mc-worker       [    152664], ret:         16 } hitcount:       6436
{ common_pid: mc-worker       [    152660], ret:         18 } hitcount:       6449
{ common_pid: mc-worker       [    152663], ret:         19 } hitcount:       6493
{ common_pid: mc-worker       [    152659], ret:         17 } hitcount:       6522
{ common_pid: mc-worker       [    152665], ret:         19 } hitcount:       6562
{ common_pid: mc-worker       [    152662], ret:         17 } hitcount:       6578
{ common_pid: mc-worker       [    152663], ret:         13 } hitcount:       6729
{ common_pid: mc-worker       [    152666], ret:         18 } hitcount:       6740
{ common_pid: mc-worker       [    152659], ret:         16 } hitcount:       6769
{ common_pid: mc-worker       [    152660], ret:         17 } hitcount:       6779
{ common_pid: mc-worker       [    152663], ret:         14 } hitcount:       6788
{ common_pid: mc-worker       [    152662], ret:         16 } hitcount:       6815
{ common_pid: mc-worker       [    152661], ret:         14 } hitcount:       6843
{ common_pid: mc-worker       [    152664], ret:         13 } hitcount:       6866
{ common_pid: mc-worker       [    152666], ret:         13 } hitcount:       6890
{ common_pid: mc-worker       [    152666], ret:         14 } hitcount:       6929
{ common_pid: mc-worker       [    152666], ret:         17 } hitcount:       6931
{ common_pid: mc-worker       [    152663], ret:         15 } hitcount:       6944
{ common_pid: mc-worker       [    152663], ret:         12 } hitcount:       6951
{ common_pid: mc-worker       [    152663], ret:         18 } hitcount:       6955
{ common_pid: mc-worker       [    152666], ret:         16 } hitcount:       6982
{ common_pid: mc-worker       [    152659], ret:         15 } hitcount:       6991
{ common_pid: mc-worker       [    152660], ret:         15 } hitcount:       6996
{ common_pid: mc-worker       [    152666], ret:         15 } hitcount:       6997
{ common_pid: mc-worker       [    152660], ret:         16 } hitcount:       7036
{ common_pid: mc-worker       [    152663], ret:         11 } hitcount:       7066
{ common_pid: mc-worker       [    152663], ret:         17 } hitcount:       7079
{ common_pid: mc-worker       [    152663], ret:         16 } hitcount:       7113
{ common_pid: mc-worker       [    152662], ret:         15 } hitcount:       7147
{ common_pid: mc-worker       [    152660], ret:         13 } hitcount:       7195
{ common_pid: mc-worker       [    152665], ret:         18 } hitcount:       7204
{ common_pid: mc-worker       [    152662], ret:         14 } hitcount:       7208
{ common_pid: mc-worker       [    152661], ret:         13 } hitcount:       7213
{ common_pid: mc-worker       [    152665], ret:         12 } hitcount:       7227
{ common_pid: mc-worker       [    152666], ret:         12 } hitcount:       7237
{ common_pid: mc-worker       [    152659], ret:         14 } hitcount:       7240
{ common_pid: mc-worker       [    152665], ret:         10 } hitcount:       7272
{ common_pid: mc-worker       [    152662], ret:         13 } hitcount:       7274
{ common_pid: mc-worker       [    152665], ret:         11 } hitcount:       7280
{ common_pid: mc-worker       [    152660], ret:         14 } hitcount:       7291
{ common_pid: mc-worker       [    152659], ret:         13 } hitcount:       7332
{ common_pid: mc-worker       [    152664], ret:         12 } hitcount:       7400
{ common_pid: mc-worker       [    152666], ret:         11 } hitcount:       7414
{ common_pid: mc-worker       [    152665], ret:         13 } hitcount:       7460
{ common_pid: mc-worker       [    152660], ret:         12 } hitcount:       7544
{ common_pid: mc-worker       [    152665], ret:         17 } hitcount:       7585
{ common_pid: mc-worker       [    152661], ret:         12 } hitcount:       7617
{ common_pid: mc-worker       [    152665], ret:         14 } hitcount:       7624
{ common_pid: mc-worker       [    152663], ret:         10 } hitcount:       7719
{ common_pid: mc-worker       [    152659], ret:         12 } hitcount:       7765
{ common_pid: mc-worker       [    152662], ret:         12 } hitcount:       7780
{ common_pid: mc-worker       [    152665], ret:         16 } hitcount:       7784
{ common_pid: mc-worker       [    152660], ret:         11 } hitcount:       7852
{ common_pid: mc-worker       [    152665], ret:         15 } hitcount:       7954
{ common_pid: mc-worker       [    152665], ret:          9 } hitcount:       8009
{ common_pid: mc-worker       [    152664], ret:         11 } hitcount:       8074
{ common_pid: mc-worker       [    152666], ret:         10 } hitcount:       8231
{ common_pid: mc-worker       [    152662], ret:         11 } hitcount:       8292
{ common_pid: mc-worker       [    152659], ret:         11 } hitcount:       8329
{ common_pid: mc-worker       [    152663], ret:          9 } hitcount:       8442
{ common_pid: mc-worker       [    152665], ret:          8 } hitcount:       8481
{ common_pid: mc-worker       [    152661], ret:         11 } hitcount:       8511
{ common_pid: mc-worker       [    152660], ret:         10 } hitcount:       8661
{ common_pid: mc-worker       [    152664], ret:         10 } hitcount:       8973
{ common_pid: mc-worker       [    152659], ret:         10 } hitcount:       9051
{ common_pid: mc-worker       [    152662], ret:         10 } hitcount:       9057
{ common_pid: mc-worker       [    152666], ret:          9 } hitcount:       9137
{ common_pid: mc-worker       [    152661], ret:         10 } hitcount:       9469
{ common_pid: mc-worker       [    152663], ret:          8 } hitcount:       9534
{ common_pid: mc-worker       [    152660], ret:          9 } hitcount:       9682
{ common_pid: mc-worker       [    152665], ret:          7 } hitcount:       9884
{ common_pid: mc-worker       [    152662], ret:          9 } hitcount:       9898
{ common_pid: mc-worker       [    152664], ret:          9 } hitcount:      10044
{ common_pid: mc-worker       [    152666], ret:          8 } hitcount:      10089
{ common_pid: mc-worker       [    152659], ret:          9 } hitcount:      10297
{ common_pid: mc-worker       [    152660], ret:          8 } hitcount:      10682
{ common_pid: mc-worker       [    152663], ret:          7 } hitcount:      10712
{ common_pid: mc-worker       [    152661], ret:          9 } hitcount:      10907
{ common_pid: mc-worker       [    152665], ret:          6 } hitcount:      11244
{ common_pid: mc-worker       [    152662], ret:          8 } hitcount:      11294
{ common_pid: mc-worker       [    152659], ret:          8 } hitcount:      11363
{ common_pid: mc-worker       [    152664], ret:          8 } hitcount:      11448
{ common_pid: mc-worker       [    152666], ret:          7 } hitcount:      11471
{ common_pid: mc-worker       [    152660], ret:          7 } hitcount:      12283
{ common_pid: mc-worker       [    152662], ret:          7 } hitcount:      12569
{ common_pid: mc-worker       [    152661], ret:          8 } hitcount:      12702
{ common_pid: mc-worker       [    152663], ret:          6 } hitcount:      12740
{ common_pid: mc-worker       [    152664], ret:          7 } hitcount:      13011
{ common_pid: mc-worker       [    152659], ret:          7 } hitcount:      13125
{ common_pid: mc-worker       [    152666], ret:          6 } hitcount:      13461
{ common_pid: mc-worker       [    152665], ret:          5 } hitcount:      14060
{ common_pid: mc-worker       [    152660], ret:          6 } hitcount:      14563
{ common_pid: mc-worker       [    152662], ret:          6 } hitcount:      14881
{ common_pid: mc-worker       [    152661], ret:          7 } hitcount:      14923
{ common_pid: mc-worker       [    152659], ret:          6 } hitcount:      15401
{ common_pid: mc-worker       [    152663], ret:          5 } hitcount:      15641
{ common_pid: mc-worker       [    152664], ret:          6 } hitcount:      16035
{ common_pid: mc-worker       [    152666], ret:          5 } hitcount:      16278
{ common_pid: mc-worker       [    152660], ret:          5 } hitcount:      17709
{ common_pid: mc-worker       [    152661], ret:          6 } hitcount:      17748
{ common_pid: mc-worker       [    152665], ret:          4 } hitcount:      18441
{ common_pid: mc-worker       [    152662], ret:          5 } hitcount:      18529
{ common_pid: mc-worker       [    152659], ret:          5 } hitcount:      19227
{ common_pid: mc-worker       [    152664], ret:          5 } hitcount:      19433
{ common_pid: mc-worker       [    152663], ret:          4 } hitcount:      20426
{ common_pid: mc-worker       [    152666], ret:          4 } hitcount:      20996
{ common_pid: mc-worker       [    152666], ret:          1 } hitcount:      21151
{ common_pid: mc-worker       [    152661], ret:          5 } hitcount:      21779
{ common_pid: mc-worker       [    152663], ret:          1 } hitcount:      21932
{ common_pid: mc-worker       [    152660], ret:          4 } hitcount:      22719
{ common_pid: mc-worker       [    152665], ret:          1 } hitcount:      22834
{ common_pid: mc-worker       [    152660], ret:          1 } hitcount:      22986
{ common_pid: mc-worker       [    152662], ret:          4 } hitcount:      23855
{ common_pid: mc-worker       [    152659], ret:          4 } hitcount:      24890
{ common_pid: mc-worker       [    152664], ret:          4 } hitcount:      25752
{ common_pid: mc-worker       [    152665], ret:          3 } hitcount:      26121
{ common_pid: mc-worker       [    152662], ret:          1 } hitcount:      26451
{ common_pid: mc-worker       [    152661], ret:          4 } hitcount:      28484
{ common_pid: mc-worker       [    152663], ret:          3 } hitcount:      28497
{ common_pid: mc-worker       [    152666], ret:          3 } hitcount:      29617
{ common_pid: mc-worker       [    152659], ret:          1 } hitcount:      29885
{ common_pid: mc-worker       [    152664], ret:          1 } hitcount:      30431
{ common_pid: mc-worker       [    152660], ret:          3 } hitcount:      31844
{ common_pid: mc-worker       [    152665], ret:          2 } hitcount:      32115
{ common_pid: mc-worker       [    152662], ret:          3 } hitcount:      33311
{ common_pid: mc-worker       [    152663], ret:          2 } hitcount:      33442
{ common_pid: mc-worker       [    152666], ret:          2 } hitcount:      33743
{ common_pid: mc-worker       [    152659], ret:          3 } hitcount:      34842
{ common_pid: mc-worker       [    152661], ret:          1 } hitcount:      35786
{ common_pid: mc-worker       [    152660], ret:          2 } hitcount:      36329
{ common_pid: mc-worker       [    152664], ret:          3 } hitcount:      36343
{ common_pid: mc-worker       [    152662], ret:          2 } hitcount:      39709
{ common_pid: mc-worker       [    152661], ret:          3 } hitcount:      40013
{ common_pid: mc-worker       [    152659], ret:          2 } hitcount:      41886
{ common_pid: mc-worker       [    152664], ret:          2 } hitcount:      44010
{ common_pid: mc-worker       [    152661], ret:          2 } hitcount:      49699
