{ common_pid: mc-worker       [    286336], ret:        256 } hitcount:          1
{ common_pid: mc-worker       [    286336], ret:         29 } hitcount:          1
{ common_pid: mc-worker       [    286341], ret:        501 } hitcount:          1
{ common_pid: mc-worker       [    286341], ret:         22 } hitcount:          1
{ common_pid: mc-worker       [    286336], ret:         35 } hitcount:          1
{ common_pid: mc-worker       [    286343], ret:         50 } hitcount:          1
{ common_pid: mc-worker       [    286342], ret:         39 } hitcount:          1
{ common_pid: mc-worker       [    286340], ret:         16 } hitcount:          1
{ common_pid: mc-worker       [    286342], ret:         32 } hitcount:          1
{ common_pid: mc-worker       [    286342], ret:         15 } hitcount:          1
{ common_pid: mc-worker       [    286341], ret:         24 } hitcount:          1
{ common_pid: mc-worker       [    286340], ret:         20 } hitcount:          1
{ common_pid: mc-worker       [    286342], ret:         19 } hitcount:          1
{ common_pid: mc-worker       [    286343], ret:         25 } hitcount:          1
{ common_pid: mc-worker       [    286337], ret:        512 } hitcount:          1
{ common_pid: mc-worker       [    286338], ret:         22 } hitcount:          1
{ common_pid: mc-worker       [    286337], ret:         18 } hitcount:          1
{ common_pid: mc-worker       [    286342], ret:        512 } hitcount:          1
{ common_pid: mc-worker       [    286337], ret:         33 } hitcount:          1
{ common_pid: mc-worker       [    286341], ret:         29 } hitcount:          1
{ common_pid: mc-worker       [    286339], ret:        500 } hitcount:          1
{ common_pid: mc-worker       [    286339], ret:         38 } hitcount:          1
{ common_pid: mc-worker       [    286336], ret:         19 } hitcount:          1
{ common_pid: mc-worker       [    286340], ret:         19 } hitcount:          1
{ common_pid: mc-worker       [    286338], ret:        256 } hitcount:          1
{ common_pid: mc-worker       [    286336], ret:         32 } hitcount:          1
{ common_pid: mc-worker       [    286336], ret:         18 } hitcount:          1
{ common_pid: mc-worker       [    286336], ret:        252 } hitcount:          1
{ common_pid: mc-worker       [    286343], ret:        510 } hitcount:          1
{ common_pid: mc-worker       [    286342], ret:         30 } hitcount:          1
{ common_pid: mc-worker       [    286340], ret:        446 } hitcount:          1
{ common_pid: mc-worker       [    286343], ret:         23 } hitcount:          1
{ common_pid: mc-worker       [    286338], ret:         17 } hitcount:          1
{ common_pid: mc-worker       [    286342], ret:         24 } hitcount:          1
{ common_pid: mc-worker       [    286338], ret:        281 } hitcount:          1
{ common_pid: mc-worker       [    286337], ret:         41 } hitcount:          1
{ common_pid: mc-worker       [    286343], ret:         16 } hitcount:          2
{ common_pid: mc-worker       [    286338], ret:         16 } hitcount:          2
{ common_pid: mc-worker       [    286336], ret:         16 } hitcount:          2
{ common_pid: mc-worker       [    286342], ret:         16 } hitcount:          2
{ common_pid: mc-worker       [    286341], ret:         20 } hitcount:          2
{ common_pid: mc-worker       [    286337], ret:         16 } hitcount:          2
{ common_pid: mc-worker       [    286343], ret:         24 } hitcount:          2
{ common_pid: mc-worker       [    286343], ret:         17 } hitcount:          2
{ common_pid: mc-worker       [    286341], ret:         17 } hitcount:          2
{ common_pid: mc-worker       [    286341], ret:         16 } hitcount:          3
{ common_pid: mc-worker       [    286343], ret:         19 } hitcount:          3
{ common_pid: mc-worker       [    286340], ret:         15 } hitcount:          4
{ common_pid: mc-worker       [    286339], ret:         15 } hitcount:          4
{ common_pid: mc-worker       [    286340], ret:         14 } hitcount:          4
{ common_pid: mc-worker       [    286337], ret:         15 } hitcount:          5
{ common_pid: mc-worker       [    286342], ret:         14 } hitcount:          5
{ common_pid: mc-worker       [    286341], ret:         15 } hitcount:          5
{ common_pid: mc-worker       [    286337], ret:         14 } hitcount:          7
{ common_pid: mc-worker       [    286338], ret:         15 } hitcount:          7
{ common_pid: mc-worker       [    286343], ret:         15 } hitcount:         10
{ common_pid: mc-worker       [    286341], ret:         14 } hitcount:         10
{ common_pid: mc-worker       [    286341], ret:         13 } hitcount:         11
{ common_pid: mc-worker       [    286338], ret:         14 } hitcount:         12
{ common_pid: mc-worker       [    286340], ret:         13 } hitcount:         13
{ common_pid: mc-worker       [    286336], ret:         14 } hitcount:         13
{ common_pid: mc-worker       [    286339], ret:         14 } hitcount:         13
{ common_pid: mc-worker       [    286342], ret:         13 } hitcount:         16
{ common_pid: mc-worker       [    286343], ret:         14 } hitcount:         21
{ common_pid: mc-worker       [    286336], ret:         13 } hitcount:         25
{ common_pid: mc-worker       [    286337], ret:         13 } hitcount:         26
{ common_pid: mc-worker       [    286339], ret:         13 } hitcount:         26
{ common_pid: mc-worker       [    286338], ret:         13 } hitcount:         26
{ common_pid: mc-worker       [    286340], ret:         12 } hitcount:         28
{ common_pid: mc-worker       [    286341], ret:         12 } hitcount:         33
{ common_pid: mc-worker       [    286343], ret:         13 } hitcount:         45
{ common_pid: mc-worker       [    286339], ret:         12 } hitcount:         61
{ common_pid: mc-worker       [    286336], ret:         12 } hitcount:         61
{ common_pid: mc-worker       [    286342], ret:         12 } hitcount:         73
{ common_pid: mc-worker       [    286337], ret:         12 } hitcount:         74
{ common_pid: mc-worker       [    286340], ret:         11 } hitcount:         75
{ common_pid: mc-worker       [    286338], ret:         12 } hitcount:         81
{ common_pid: mc-worker       [    286341], ret:         11 } hitcount:        101
{ common_pid: mc-worker       [    286343], ret:         12 } hitcount:        108
{ common_pid: mc-worker       [    286336], ret:         11 } hitcount:        160
{ common_pid: mc-worker       [    286337], ret:         11 } hitcount:        168
{ common_pid: mc-worker       [    286342], ret:         11 } hitcount:        177
{ common_pid: mc-worker       [    286339], ret:         11 } hitcount:        210
{ common_pid: mc-worker       [    286338], ret:         11 } hitcount:        217
{ common_pid: mc-worker       [    286340], ret:         10 } hitcount:        248
{ common_pid: mc-worker       [    286343], ret:         11 } hitcount:        263
{ common_pid: mc-worker       [    286341], ret:         10 } hitcount:        328
{ common_pid: mc-worker       [    286342], ret:         10 } hitcount:        445
{ common_pid: mc-worker       [    286337], ret:         10 } hitcount:        485
{ common_pid: mc-worker       [    286336], ret:         10 } hitcount:        531
{ common_pid: mc-worker       [    286339], ret:         10 } hitcount:        560
{ common_pid: mc-worker       [    286338], ret:         10 } hitcount:        676
{ common_pid: mc-worker       [    286343], ret:         10 } hitcount:        703
{ common_pid: mc-worker       [    286340], ret:          9 } hitcount:        779
{ common_pid: mc-worker       [    286341], ret:          9 } hitcount:        849
{ common_pid: mc-worker       [    286342], ret:          9 } hitcount:       1305
{ common_pid: mc-worker       [    286336], ret:          9 } hitcount:       1377
{ common_pid: mc-worker       [    286337], ret:          9 } hitcount:       1412
{ common_pid: mc-worker       [    286339], ret:          9 } hitcount:       1523
{ common_pid: mc-worker       [    286338], ret:          9 } hitcount:       1760
{ common_pid: mc-worker       [    286340], ret:          8 } hitcount:       1893
{ common_pid: mc-worker       [    286343], ret:          9 } hitcount:       1980
{ common_pid: mc-worker       [    286341], ret:          8 } hitcount:       2387
{ common_pid: mc-worker       [    286342], ret:          8 } hitcount:       3281
{ common_pid: mc-worker       [    286337], ret:          8 } hitcount:       3331
{ common_pid: mc-worker       [    286336], ret:          8 } hitcount:       3532
{ common_pid: mc-worker       [    286339], ret:          8 } hitcount:       3658
{ common_pid: mc-worker       [    286338], ret:          8 } hitcount:       4113
{ common_pid: mc-worker       [    286343], ret:          8 } hitcount:       4487
{ common_pid: mc-worker       [    286340], ret:          7 } hitcount:       4662
{ common_pid: mc-worker       [    286341], ret:          7 } hitcount:       5590
{ common_pid: mc-worker       [    286342], ret:          7 } hitcount:       7260
{ common_pid: mc-worker       [    286337], ret:          7 } hitcount:       7479
{ common_pid: mc-worker       [    286336], ret:          7 } hitcount:       7727
{ common_pid: mc-worker       [    286339], ret:          7 } hitcount:       7983
{ common_pid: mc-worker       [    286338], ret:          7 } hitcount:       8981
{ common_pid: mc-worker       [    286343], ret:          7 } hitcount:       9566
{ common_pid: mc-worker       [    286340], ret:          6 } hitcount:      10985
{ common_pid: mc-worker       [    286341], ret:          6 } hitcount:      12194
{ common_pid: mc-worker       [    286342], ret:          6 } hitcount:      15074
{ common_pid: mc-worker       [    286337], ret:          6 } hitcount:      15179
{ common_pid: mc-worker       [    286336], ret:          6 } hitcount:      16257
{ common_pid: mc-worker       [    286339], ret:          6 } hitcount:      16674
{ common_pid: mc-worker       [    286338], ret:          6 } hitcount:      17935
{ common_pid: mc-worker       [    286343], ret:          6 } hitcount:      18948
{ common_pid: mc-worker       [    286340], ret:          5 } hitcount:      24504
{ common_pid: mc-worker       [    286341], ret:          5 } hitcount:      27253
{ common_pid: mc-worker       [    286342], ret:          5 } hitcount:      31775
{ common_pid: mc-worker       [    286337], ret:          5 } hitcount:      31927
{ common_pid: mc-worker       [    286336], ret:          5 } hitcount:      33202
{ common_pid: mc-worker       [    286339], ret:          5 } hitcount:      33513
{ common_pid: mc-worker       [    286338], ret:          5 } hitcount:      35293
{ common_pid: mc-worker       [    286343], ret:          5 } hitcount:      36435
{ common_pid: mc-worker       [    286340], ret:          4 } hitcount:      58182
{ common_pid: mc-worker       [    286341], ret:          4 } hitcount:      62810
{ common_pid: mc-worker       [    286342], ret:          4 } hitcount:      67028
{ common_pid: mc-worker       [    286337], ret:          4 } hitcount:      68422
{ common_pid: mc-worker       [    286336], ret:          4 } hitcount:      68608
{ common_pid: mc-worker       [    286339], ret:          4 } hitcount:      69572
{ common_pid: mc-worker       [    286338], ret:          4 } hitcount:      70541
{ common_pid: mc-worker       [    286343], ret:          4 } hitcount:      71906
{ common_pid: mc-worker       [    286340], ret:          3 } hitcount:     120566
{ common_pid: mc-worker       [    286336], ret:          3 } hitcount:     126586
{ common_pid: mc-worker       [    286338], ret:          3 } hitcount:     127760
{ common_pid: mc-worker       [    286343], ret:          3 } hitcount:     128065
{ common_pid: mc-worker       [    286342], ret:          3 } hitcount:     129340
{ common_pid: mc-worker       [    286339], ret:          3 } hitcount:     129706
{ common_pid: mc-worker       [    286341], ret:          3 } hitcount:     130386
{ common_pid: mc-worker       [    286343], ret:          1 } hitcount:     132366
{ common_pid: mc-worker       [    286337], ret:          3 } hitcount:     133557
{ common_pid: mc-worker       [    286338], ret:          1 } hitcount:     136165
{ common_pid: mc-worker       [    286336], ret:          1 } hitcount:     136247
{ common_pid: mc-worker       [    286339], ret:          1 } hitcount:     142724
{ common_pid: mc-worker       [    286342], ret:          1 } hitcount:     149790
{ common_pid: mc-worker       [    286337], ret:          1 } hitcount:     156543
{ common_pid: mc-worker       [    286340], ret:          1 } hitcount:     161779
{ common_pid: mc-worker       [    286343], ret:          2 } hitcount:     164449
{ common_pid: mc-worker       [    286336], ret:          2 } hitcount:     165130
{ common_pid: mc-worker       [    286341], ret:          1 } hitcount:     165914
{ common_pid: mc-worker       [    286338], ret:          2 } hitcount:     168428
{ common_pid: mc-worker       [    286339], ret:          2 } hitcount:     173229
{ common_pid: mc-worker       [    286342], ret:          2 } hitcount:     177215
{ common_pid: mc-worker       [    286340], ret:          2 } hitcount:     177606
{ common_pid: mc-worker       [    286337], ret:          2 } hitcount:     184323
{ common_pid: mc-worker       [    286341], ret:          2 } hitcount:     187396
