{ common_pid: mc-worker       [    282951], ret:         61 } hitcount:          1
{ common_pid: mc-worker       [    282955], ret:         47 } hitcount:          1
{ common_pid: mc-worker       [    282951], ret:        484 } hitcount:          1
{ common_pid: mc-worker       [    282951], ret:         64 } hitcount:          1
{ common_pid: mc-worker       [    282954], ret:         58 } hitcount:          1
{ common_pid: mc-worker       [    282953], ret:         51 } hitcount:          1
{ common_pid: mc-worker       [    282955], ret:         37 } hitcount:          1
{ common_pid: mc-worker       [    282954], ret:         36 } hitcount:          1
{ common_pid: mc-worker       [    282954], ret:         73 } hitcount:          1
{ common_pid: mc-worker       [    282952], ret:         61 } hitcount:          1
{ common_pid: mc-worker       [    282951], ret:         37 } hitcount:          1
{ common_pid: mc-worker       [    282956], ret:         45 } hitcount:          1
{ common_pid: mc-worker       [    282957], ret:         45 } hitcount:          1
{ common_pid: mc-worker       [    282955], ret:         43 } hitcount:          1
{ common_pid: mc-worker       [    282952], ret:         95 } hitcount:          1
{ common_pid: mc-worker       [    282958], ret:         43 } hitcount:          1
{ common_pid: mc-worker       [    282951], ret:         47 } hitcount:          1
{ common_pid: mc-worker       [    282955], ret:        480 } hitcount:          1
{ common_pid: mc-worker       [    282951], ret:         38 } hitcount:          1
{ common_pid: mc-worker       [    282952], ret:         43 } hitcount:          1
{ common_pid: mc-worker       [    282952], ret:         46 } hitcount:          1
{ common_pid: mc-worker       [    282956], ret:         40 } hitcount:          1
{ common_pid: mc-worker       [    282957], ret:         44 } hitcount:          1
{ common_pid: mc-worker       [    282953], ret:         35 } hitcount:          1
{ common_pid: mc-worker       [    282954], ret:         51 } hitcount:          1
{ common_pid: mc-worker       [    282955], ret:         53 } hitcount:          1
{ common_pid: mc-worker       [    282956], ret:         60 } hitcount:          1
{ common_pid: mc-worker       [    282952], ret:         53 } hitcount:          1
{ common_pid: mc-worker       [    282956], ret:        489 } hitcount:          1
{ common_pid: mc-worker       [    282958], ret:         52 } hitcount:          1
{ common_pid: mc-worker       [    282958], ret:        504 } hitcount:          1
{ common_pid: mc-worker       [    282956], ret:         38 } hitcount:          1
{ common_pid: mc-worker       [    282951], ret:         82 } hitcount:          1
{ common_pid: mc-worker       [    282957], ret:        477 } hitcount:          1
{ common_pid: mc-worker       [    282955], ret:         64 } hitcount:          1
{ common_pid: mc-worker       [    282953], ret:         70 } hitcount:          1
{ common_pid: mc-worker       [    282953], ret:        512 } hitcount:          1
{ common_pid: mc-worker       [    282953], ret:         48 } hitcount:          1
{ common_pid: mc-worker       [    282956], ret:         56 } hitcount:          1
{ common_pid: mc-worker       [    282951], ret:         86 } hitcount:          1
{ common_pid: mc-worker       [    282957], ret:         49 } hitcount:          1
{ common_pid: mc-worker       [    282958], ret:         56 } hitcount:          1
{ common_pid: mc-worker       [    282956], ret:         27 } hitcount:          1
{ common_pid: mc-worker       [    282952], ret:         41 } hitcount:          1
{ common_pid: mc-worker       [    282951], ret:         51 } hitcount:          1
{ common_pid: mc-worker       [    282953], ret:         63 } hitcount:          1
{ common_pid: mc-worker       [    282954], ret:         79 } hitcount:          1
{ common_pid: mc-worker       [    282954], ret:         48 } hitcount:          1
{ common_pid: mc-worker       [    282958], ret:         70 } hitcount:          1
{ common_pid: mc-worker       [    282951], ret:         53 } hitcount:          1
{ common_pid: mc-worker       [    282952], ret:         44 } hitcount:          1
{ common_pid: mc-worker       [    282952], ret:         58 } hitcount:          1
{ common_pid: mc-worker       [    282955], ret:         73 } hitcount:          1
{ common_pid: mc-worker       [    282958], ret:         68 } hitcount:          1
{ common_pid: mc-worker       [    282954], ret:         39 } hitcount:          1
{ common_pid: mc-worker       [    282955], ret:         60 } hitcount:          1
{ common_pid: mc-worker       [    282954], ret:         53 } hitcount:          1
{ common_pid: mc-worker       [    282956], ret:         95 } hitcount:          1
{ common_pid: mc-worker       [    282953], ret:         44 } hitcount:          1
{ common_pid: mc-worker       [    282956], ret:         52 } hitcount:          1
{ common_pid: mc-worker       [    282955], ret:         59 } hitcount:          1
{ common_pid: mc-worker       [    282955], ret:         81 } hitcount:          1
{ common_pid: mc-worker       [    282953], ret:         53 } hitcount:          1
{ common_pid: mc-worker       [    282956], ret:         68 } hitcount:          1
{ common_pid: mc-worker       [    282958], ret:         72 } hitcount:          1
{ common_pid: mc-worker       [    282957], ret:        133 } hitcount:          1
{ common_pid: mc-worker       [    282952], ret:         42 } hitcount:          1
{ common_pid: mc-worker       [    282954], ret:         88 } hitcount:          1
{ common_pid: mc-worker       [    282951], ret:         90 } hitcount:          1
{ common_pid: mc-worker       [    282954], ret:         57 } hitcount:          1
{ common_pid: mc-worker       [    282954], ret:        493 } hitcount:          1
{ common_pid: mc-worker       [    282958], ret:         32 } hitcount:          1
{ common_pid: mc-worker       [    282956], ret:         72 } hitcount:          1
{ common_pid: mc-worker       [    282952], ret:        474 } hitcount:          1
{ common_pid: mc-worker       [    282957], ret:         54 } hitcount:          1
{ common_pid: mc-worker       [    282957], ret:         65 } hitcount:          1
{ common_pid: mc-worker       [    282956], ret:         50 } hitcount:          1
{ common_pid: mc-worker       [    282953], ret:         46 } hitcount:          1
{ common_pid: mc-worker       [    282954], ret:         43 } hitcount:          1
{ common_pid: mc-worker       [    282958], ret:        103 } hitcount:          1
{ common_pid: mc-worker       [    282955], ret:         42 } hitcount:          1
{ common_pid: mc-worker       [    282953], ret:         38 } hitcount:          1
{ common_pid: mc-worker       [    282958], ret:         39 } hitcount:          2
{ common_pid: mc-worker       [    282958], ret:         47 } hitcount:          2
{ common_pid: mc-worker       [    282952], ret:         35 } hitcount:          2
{ common_pid: mc-worker       [    282958], ret:         50 } hitcount:          2
{ common_pid: mc-worker       [    282957], ret:         35 } hitcount:          2
{ common_pid: mc-worker       [    282953], ret:         39 } hitcount:          2
{ common_pid: mc-worker       [    282954], ret:         46 } hitcount:          2
{ common_pid: mc-worker       [    282951], ret:         45 } hitcount:          2
{ common_pid: mc-worker       [    282953], ret:         37 } hitcount:          2
{ common_pid: mc-worker       [    282953], ret:         40 } hitcount:          2
{ common_pid: mc-worker       [    282954], ret:         38 } hitcount:          2
{ common_pid: mc-worker       [    282953], ret:         64 } hitcount:          2
{ common_pid: mc-worker       [    282955], ret:         44 } hitcount:          2
{ common_pid: mc-worker       [    282957], ret:         36 } hitcount:          2
{ common_pid: mc-worker       [    282953], ret:         33 } hitcount:          2
{ common_pid: mc-worker       [    282951], ret:         43 } hitcount:          2
{ common_pid: mc-worker       [    282955], ret:         45 } hitcount:          2
{ common_pid: mc-worker       [    282953], ret:         49 } hitcount:          2
{ common_pid: mc-worker       [    282958], ret:         38 } hitcount:          2
{ common_pid: mc-worker       [    282957], ret:         41 } hitcount:          2
{ common_pid: mc-worker       [    282956], ret:         48 } hitcount:          2
{ common_pid: mc-worker       [    282951], ret:         34 } hitcount:          2
{ common_pid: mc-worker       [    282958], ret:         61 } hitcount:          2
{ common_pid: mc-worker       [    282953], ret:         42 } hitcount:          2
{ common_pid: mc-worker       [    282951], ret:         40 } hitcount:          2
{ common_pid: mc-worker       [    282952], ret:         39 } hitcount:          2
{ common_pid: mc-worker       [    282956], ret:         41 } hitcount:          2
{ common_pid: mc-worker       [    282958], ret:         31 } hitcount:          2
{ common_pid: mc-worker       [    282953], ret:         52 } hitcount:          2
{ common_pid: mc-worker       [    282951], ret:         58 } hitcount:          2
{ common_pid: mc-worker       [    282952], ret:         29 } hitcount:          2
{ common_pid: mc-worker       [    282951], ret:         42 } hitcount:          2
{ common_pid: mc-worker       [    282951], ret:         48 } hitcount:          2
{ common_pid: mc-worker       [    282957], ret:         40 } hitcount:          2
{ common_pid: mc-worker       [    282957], ret:         43 } hitcount:          2
{ common_pid: mc-worker       [    282952], ret:         38 } hitcount:          2
{ common_pid: mc-worker       [    282951], ret:         41 } hitcount:          2
{ common_pid: mc-worker       [    282958], ret:         45 } hitcount:          2
{ common_pid: mc-worker       [    282952], ret:         40 } hitcount:          3
{ common_pid: mc-worker       [    282952], ret:         36 } hitcount:          3
{ common_pid: mc-worker       [    282954], ret:         31 } hitcount:          3
{ common_pid: mc-worker       [    282951], ret:         44 } hitcount:          3
{ common_pid: mc-worker       [    282956], ret:         46 } hitcount:          3
{ common_pid: mc-worker       [    282953], ret:         29 } hitcount:          3
{ common_pid: mc-worker       [    282957], ret:         31 } hitcount:          3
{ common_pid: mc-worker       [    282958], ret:         30 } hitcount:          3
{ common_pid: mc-worker       [    282954], ret:         33 } hitcount:          3
{ common_pid: mc-worker       [    282958], ret:         35 } hitcount:          3
{ common_pid: mc-worker       [    282958], ret:         33 } hitcount:          3
{ common_pid: mc-worker       [    282955], ret:         40 } hitcount:          3
{ common_pid: mc-worker       [    282957], ret:         37 } hitcount:          3
{ common_pid: mc-worker       [    282952], ret:         34 } hitcount:          3
{ common_pid: mc-worker       [    282957], ret:         32 } hitcount:          3
{ common_pid: mc-worker       [    282958], ret:         40 } hitcount:          3
{ common_pid: mc-worker       [    282957], ret:         39 } hitcount:          3
{ common_pid: mc-worker       [    282958], ret:         44 } hitcount:          3
{ common_pid: mc-worker       [    282955], ret:         41 } hitcount:          3
{ common_pid: mc-worker       [    282951], ret:         32 } hitcount:          3
{ common_pid: mc-worker       [    282957], ret:         33 } hitcount:          3
{ common_pid: mc-worker       [    282952], ret:         31 } hitcount:          3
{ common_pid: mc-worker       [    282956], ret:         31 } hitcount:          4
{ common_pid: mc-worker       [    282954], ret:         30 } hitcount:          4
{ common_pid: mc-worker       [    282951], ret:         46 } hitcount:          4
{ common_pid: mc-worker       [    282955], ret:         38 } hitcount:          4
{ common_pid: mc-worker       [    282958], ret:         37 } hitcount:          4
{ common_pid: mc-worker       [    282952], ret:         30 } hitcount:          4
{ common_pid: mc-worker       [    282956], ret:         34 } hitcount:          4
{ common_pid: mc-worker       [    282954], ret:         35 } hitcount:          4
{ common_pid: mc-worker       [    282954], ret:         40 } hitcount:          4
{ common_pid: mc-worker       [    282956], ret:         35 } hitcount:          4
{ common_pid: mc-worker       [    282953], ret:         43 } hitcount:          4
{ common_pid: mc-worker       [    282953], ret:         36 } hitcount:          4
{ common_pid: mc-worker       [    282953], ret:         41 } hitcount:          4
{ common_pid: mc-worker       [    282955], ret:         34 } hitcount:          4
{ common_pid: mc-worker       [    282958], ret:         36 } hitcount:          4
{ common_pid: mc-worker       [    282951], ret:         31 } hitcount:          4
{ common_pid: mc-worker       [    282951], ret:         33 } hitcount:          4
{ common_pid: mc-worker       [    282956], ret:         37 } hitcount:          4
{ common_pid: mc-worker       [    282956], ret:         44 } hitcount:          4
{ common_pid: mc-worker       [    282953], ret:         34 } hitcount:          4
{ common_pid: mc-worker       [    282958], ret:         42 } hitcount:          4
{ common_pid: mc-worker       [    282957], ret:         38 } hitcount:          4
{ common_pid: mc-worker       [    282957], ret:         29 } hitcount:          4
{ common_pid: mc-worker       [    282956], ret:         29 } hitcount:          4
{ common_pid: mc-worker       [    282953], ret:         32 } hitcount:          5
{ common_pid: mc-worker       [    282952], ret:         22 } hitcount:          5
{ common_pid: mc-worker       [    282955], ret:         35 } hitcount:          5
{ common_pid: mc-worker       [    282958], ret:         34 } hitcount:          5
{ common_pid: mc-worker       [    282957], ret:         34 } hitcount:          5
{ common_pid: mc-worker       [    282956], ret:         28 } hitcount:          5
{ common_pid: mc-worker       [    282958], ret:         24 } hitcount:          5
{ common_pid: mc-worker       [    282955], ret:         33 } hitcount:          5
{ common_pid: mc-worker       [    282953], ret:         25 } hitcount:          5
{ common_pid: mc-worker       [    282952], ret:         37 } hitcount:          5
{ common_pid: mc-worker       [    282952], ret:         33 } hitcount:          5
{ common_pid: mc-worker       [    282956], ret:         23 } hitcount:          5
{ common_pid: mc-worker       [    282956], ret:         32 } hitcount:          5
{ common_pid: mc-worker       [    282956], ret:         39 } hitcount:          5
{ common_pid: mc-worker       [    282952], ret:         28 } hitcount:          5
{ common_pid: mc-worker       [    282957], ret:         30 } hitcount:          5
{ common_pid: mc-worker       [    282954], ret:         42 } hitcount:          5
{ common_pid: mc-worker       [    282951], ret:         28 } hitcount:          5
{ common_pid: mc-worker       [    282955], ret:         31 } hitcount:          5
{ common_pid: mc-worker       [    282952], ret:         27 } hitcount:          5
{ common_pid: mc-worker       [    282954], ret:         34 } hitcount:          5
{ common_pid: mc-worker       [    282954], ret:         29 } hitcount:          6
{ common_pid: mc-worker       [    282956], ret:         36 } hitcount:          6
{ common_pid: mc-worker       [    282956], ret:         22 } hitcount:          6
{ common_pid: mc-worker       [    282951], ret:         30 } hitcount:          6
{ common_pid: mc-worker       [    282955], ret:         36 } hitcount:          6
{ common_pid: mc-worker       [    282952], ret:         25 } hitcount:          6
{ common_pid: mc-worker       [    282952], ret:         32 } hitcount:          6
{ common_pid: mc-worker       [    282954], ret:         37 } hitcount:          6
{ common_pid: mc-worker       [    282952], ret:         23 } hitcount:          6
{ common_pid: mc-worker       [    282951], ret:         27 } hitcount:          6
{ common_pid: mc-worker       [    282958], ret:         27 } hitcount:          6
{ common_pid: mc-worker       [    282953], ret:         28 } hitcount:          6
{ common_pid: mc-worker       [    282954], ret:         25 } hitcount:          6
{ common_pid: mc-worker       [    282956], ret:         30 } hitcount:          6
{ common_pid: mc-worker       [    282953], ret:         31 } hitcount:          6
{ common_pid: mc-worker       [    282951], ret:         36 } hitcount:          7
{ common_pid: mc-worker       [    282958], ret:         29 } hitcount:          7
{ common_pid: mc-worker       [    282957], ret:         28 } hitcount:          7
{ common_pid: mc-worker       [    282951], ret:         35 } hitcount:          7
{ common_pid: mc-worker       [    282955], ret:         29 } hitcount:          7
{ common_pid: mc-worker       [    282958], ret:         25 } hitcount:          7
{ common_pid: mc-worker       [    282956], ret:         33 } hitcount:          7
{ common_pid: mc-worker       [    282953], ret:         24 } hitcount:          8
{ common_pid: mc-worker       [    282954], ret:         28 } hitcount:          8
{ common_pid: mc-worker       [    282958], ret:         28 } hitcount:          8
{ common_pid: mc-worker       [    282956], ret:         24 } hitcount:          8
{ common_pid: mc-worker       [    282957], ret:         26 } hitcount:          8
{ common_pid: mc-worker       [    282955], ret:         27 } hitcount:          8
{ common_pid: mc-worker       [    282956], ret:         25 } hitcount:          8
{ common_pid: mc-worker       [    282953], ret:         30 } hitcount:          8
{ common_pid: mc-worker       [    282954], ret:         24 } hitcount:          9
{ common_pid: mc-worker       [    282955], ret:         32 } hitcount:          9
{ common_pid: mc-worker       [    282957], ret:         25 } hitcount:          9
{ common_pid: mc-worker       [    282953], ret:         27 } hitcount:          9
{ common_pid: mc-worker       [    282954], ret:         32 } hitcount:          9
{ common_pid: mc-worker       [    282952], ret:         24 } hitcount:          9
{ common_pid: mc-worker       [    282954], ret:         23 } hitcount:         10
{ common_pid: mc-worker       [    282954], ret:         22 } hitcount:         10
{ common_pid: mc-worker       [    282954], ret:         21 } hitcount:         10
{ common_pid: mc-worker       [    282951], ret:         22 } hitcount:         10
{ common_pid: mc-worker       [    282956], ret:         19 } hitcount:         10
{ common_pid: mc-worker       [    282953], ret:         23 } hitcount:         10
{ common_pid: mc-worker       [    282951], ret:         29 } hitcount:         11
{ common_pid: mc-worker       [    282956], ret:         26 } hitcount:         11
{ common_pid: mc-worker       [    282952], ret:         20 } hitcount:         11
{ common_pid: mc-worker       [    282958], ret:         21 } hitcount:         11
{ common_pid: mc-worker       [    282955], ret:         28 } hitcount:         11
{ common_pid: mc-worker       [    282952], ret:         26 } hitcount:         12
{ common_pid: mc-worker       [    282952], ret:         19 } hitcount:         12
{ common_pid: mc-worker       [    282955], ret:         30 } hitcount:         12
{ common_pid: mc-worker       [    282952], ret:         18 } hitcount:         12
{ common_pid: mc-worker       [    282953], ret:         21 } hitcount:         12
{ common_pid: mc-worker       [    282955], ret:         24 } hitcount:         12
{ common_pid: mc-worker       [    282957], ret:         23 } hitcount:         12
{ common_pid: mc-worker       [    282954], ret:         27 } hitcount:         12
{ common_pid: mc-worker       [    282953], ret:         26 } hitcount:         12
{ common_pid: mc-worker       [    282955], ret:         25 } hitcount:         12
{ common_pid: mc-worker       [    282951], ret:         26 } hitcount:         12
{ common_pid: mc-worker       [    282952], ret:         17 } hitcount:         13
{ common_pid: mc-worker       [    282954], ret:         26 } hitcount:         13
{ common_pid: mc-worker       [    282956], ret:         18 } hitcount:         13
{ common_pid: mc-worker       [    282957], ret:         24 } hitcount:         13
{ common_pid: mc-worker       [    282958], ret:         26 } hitcount:         13
{ common_pid: mc-worker       [    282957], ret:         27 } hitcount:         14
{ common_pid: mc-worker       [    282958], ret:         23 } hitcount:         15
{ common_pid: mc-worker       [    282954], ret:         18 } hitcount:         15
{ common_pid: mc-worker       [    282952], ret:         21 } hitcount:         15
{ common_pid: mc-worker       [    282957], ret:         21 } hitcount:         15
{ common_pid: mc-worker       [    282951], ret:         23 } hitcount:         16
{ common_pid: mc-worker       [    282951], ret:         20 } hitcount:         16
{ common_pid: mc-worker       [    282957], ret:         22 } hitcount:         16
{ common_pid: mc-worker       [    282953], ret:         22 } hitcount:         16
{ common_pid: mc-worker       [    282951], ret:         25 } hitcount:         16
{ common_pid: mc-worker       [    282955], ret:         23 } hitcount:         17
{ common_pid: mc-worker       [    282955], ret:         26 } hitcount:         17
{ common_pid: mc-worker       [    282956], ret:         20 } hitcount:         17
{ common_pid: mc-worker       [    282958], ret:         22 } hitcount:         17
{ common_pid: mc-worker       [    282956], ret:         17 } hitcount:         17
{ common_pid: mc-worker       [    282956], ret:         21 } hitcount:         17
{ common_pid: mc-worker       [    282958], ret:         20 } hitcount:         17
{ common_pid: mc-worker       [    282951], ret:         21 } hitcount:         17
{ common_pid: mc-worker       [    282951], ret:         24 } hitcount:         18
{ common_pid: mc-worker       [    282951], ret:         18 } hitcount:         18
{ common_pid: mc-worker       [    282953], ret:         20 } hitcount:         19
{ common_pid: mc-worker       [    282954], ret:         20 } hitcount:         20
{ common_pid: mc-worker       [    282954], ret:         17 } hitcount:         20
{ common_pid: mc-worker       [    282954], ret:         19 } hitcount:         20
{ common_pid: mc-worker       [    282955], ret:         22 } hitcount:         21
{ common_pid: mc-worker       [    282958], ret:         18 } hitcount:         22
{ common_pid: mc-worker       [    282957], ret:         20 } hitcount:         23
{ common_pid: mc-worker       [    282958], ret:         17 } hitcount:         23
{ common_pid: mc-worker       [    282953], ret:         19 } hitcount:         23
{ common_pid: mc-worker       [    282951], ret:         17 } hitcount:         23
{ common_pid: mc-worker       [    282957], ret:         19 } hitcount:         24
{ common_pid: mc-worker       [    282952], ret:         16 } hitcount:         24
{ common_pid: mc-worker       [    282957], ret:         18 } hitcount:         24
{ common_pid: mc-worker       [    282958], ret:         19 } hitcount:         25
{ common_pid: mc-worker       [    282956], ret:         15 } hitcount:         25
{ common_pid: mc-worker       [    282956], ret:         14 } hitcount:         27
{ common_pid: mc-worker       [    282951], ret:         19 } hitcount:         27
{ common_pid: mc-worker       [    282952], ret:         14 } hitcount:         28
{ common_pid: mc-worker       [    282955], ret:         20 } hitcount:         28
{ common_pid: mc-worker       [    282954], ret:         16 } hitcount:         28
{ common_pid: mc-worker       [    282952], ret:         15 } hitcount:         28
{ common_pid: mc-worker       [    282957], ret:         17 } hitcount:         29
{ common_pid: mc-worker       [    282956], ret:         16 } hitcount:         29
{ common_pid: mc-worker       [    282955], ret:         21 } hitcount:         30
{ common_pid: mc-worker       [    282958], ret:         16 } hitcount:         30
{ common_pid: mc-worker       [    282955], ret:         18 } hitcount:         31
{ common_pid: mc-worker       [    282953], ret:         18 } hitcount:         34
{ common_pid: mc-worker       [    282955], ret:         19 } hitcount:         35
{ common_pid: mc-worker       [    282958], ret:         15 } hitcount:         38
{ common_pid: mc-worker       [    282954], ret:         15 } hitcount:         38
{ common_pid: mc-worker       [    282953], ret:         17 } hitcount:         38
{ common_pid: mc-worker       [    282951], ret:         16 } hitcount:         39
{ common_pid: mc-worker       [    282957], ret:         16 } hitcount:         40
{ common_pid: mc-worker       [    282955], ret:         17 } hitcount:         41
{ common_pid: mc-worker       [    282957], ret:         15 } hitcount:         44
{ common_pid: mc-worker       [    282952], ret:         13 } hitcount:         46
{ common_pid: mc-worker       [    282954], ret:         14 } hitcount:         48
{ common_pid: mc-worker       [    282957], ret:         14 } hitcount:         50
{ common_pid: mc-worker       [    282951], ret:         15 } hitcount:         51
{ common_pid: mc-worker       [    282958], ret:         14 } hitcount:         53
{ common_pid: mc-worker       [    282954], ret:         13 } hitcount:         55
{ common_pid: mc-worker       [    282953], ret:         16 } hitcount:         55
{ common_pid: mc-worker       [    282955], ret:         16 } hitcount:         56
{ common_pid: mc-worker       [    282956], ret:         13 } hitcount:         60
{ common_pid: mc-worker       [    282953], ret:         15 } hitcount:         63
{ common_pid: mc-worker       [    282952], ret:         12 } hitcount:         65
{ common_pid: mc-worker       [    282957], ret:         13 } hitcount:         66
{ common_pid: mc-worker       [    282955], ret:         15 } hitcount:         67
{ common_pid: mc-worker       [    282953], ret:         14 } hitcount:         69
{ common_pid: mc-worker       [    282956], ret:         12 } hitcount:         72
{ common_pid: mc-worker       [    282951], ret:         14 } hitcount:         76
{ common_pid: mc-worker       [    282958], ret:         13 } hitcount:         81
{ common_pid: mc-worker       [    282951], ret:         13 } hitcount:         82
{ common_pid: mc-worker       [    282954], ret:         12 } hitcount:         89
{ common_pid: mc-worker       [    282955], ret:         14 } hitcount:         93
{ common_pid: mc-worker       [    282957], ret:         12 } hitcount:         97
{ common_pid: mc-worker       [    282955], ret:         13 } hitcount:        100
{ common_pid: mc-worker       [    282956], ret:         11 } hitcount:        101
{ common_pid: mc-worker       [    282952], ret:         11 } hitcount:        106
{ common_pid: mc-worker       [    282954], ret:         11 } hitcount:        107
{ common_pid: mc-worker       [    282958], ret:         12 } hitcount:        116
{ common_pid: mc-worker       [    282957], ret:         11 } hitcount:        119
{ common_pid: mc-worker       [    282951], ret:         12 } hitcount:        122
{ common_pid: mc-worker       [    282953], ret:         13 } hitcount:        129
{ common_pid: mc-worker       [    282953], ret:         12 } hitcount:        162
{ common_pid: mc-worker       [    282958], ret:         11 } hitcount:        162
{ common_pid: mc-worker       [    282952], ret:         10 } hitcount:        168
{ common_pid: mc-worker       [    282954], ret:         10 } hitcount:        170
{ common_pid: mc-worker       [    282955], ret:         12 } hitcount:        170
{ common_pid: mc-worker       [    282951], ret:         11 } hitcount:        193
{ common_pid: mc-worker       [    282955], ret:         11 } hitcount:        204
{ common_pid: mc-worker       [    282956], ret:         10 } hitcount:        213
{ common_pid: mc-worker       [    282957], ret:         10 } hitcount:        223
{ common_pid: mc-worker       [    282953], ret:         11 } hitcount:        286
{ common_pid: mc-worker       [    282951], ret:         10 } hitcount:        297
{ common_pid: mc-worker       [    282954], ret:          9 } hitcount:        306
{ common_pid: mc-worker       [    282958], ret:         10 } hitcount:        309
{ common_pid: mc-worker       [    282952], ret:          9 } hitcount:        323
{ common_pid: mc-worker       [    282955], ret:         10 } hitcount:        362
{ common_pid: mc-worker       [    282956], ret:          9 } hitcount:        380
{ common_pid: mc-worker       [    282957], ret:          9 } hitcount:        387
{ common_pid: mc-worker       [    282953], ret:         10 } hitcount:        486
{ common_pid: mc-worker       [    282958], ret:          9 } hitcount:        584
{ common_pid: mc-worker       [    282951], ret:          9 } hitcount:        587
{ common_pid: mc-worker       [    282955], ret:          9 } hitcount:        588
{ common_pid: mc-worker       [    282952], ret:          8 } hitcount:        641
{ common_pid: mc-worker       [    282954], ret:          8 } hitcount:        692
{ common_pid: mc-worker       [    282956], ret:          8 } hitcount:        864
{ common_pid: mc-worker       [    282957], ret:          8 } hitcount:        883
{ common_pid: mc-worker       [    282953], ret:          9 } hitcount:        932
{ common_pid: mc-worker       [    282958], ret:          8 } hitcount:       1156
{ common_pid: mc-worker       [    282951], ret:          8 } hitcount:       1159
{ common_pid: mc-worker       [    282955], ret:          8 } hitcount:       1166
{ common_pid: mc-worker       [    282954], ret:          7 } hitcount:       1512
{ common_pid: mc-worker       [    282952], ret:          7 } hitcount:       1521
{ common_pid: mc-worker       [    282956], ret:          7 } hitcount:       1748
{ common_pid: mc-worker       [    282953], ret:          8 } hitcount:       1762
{ common_pid: mc-worker       [    282957], ret:          7 } hitcount:       1823
{ common_pid: mc-worker       [    282951], ret:          7 } hitcount:       2201
{ common_pid: mc-worker       [    282955], ret:          7 } hitcount:       2360
{ common_pid: mc-worker       [    282958], ret:          7 } hitcount:       2560
{ common_pid: mc-worker       [    282953], ret:          7 } hitcount:       3668
{ common_pid: mc-worker       [    282952], ret:          6 } hitcount:       3698
{ common_pid: mc-worker       [    282954], ret:          6 } hitcount:       3773
{ common_pid: mc-worker       [    282956], ret:          6 } hitcount:       4311
{ common_pid: mc-worker       [    282957], ret:          6 } hitcount:       4714
{ common_pid: mc-worker       [    282951], ret:          6 } hitcount:       5553
{ common_pid: mc-worker       [    282955], ret:          6 } hitcount:       5703
{ common_pid: mc-worker       [    282958], ret:          6 } hitcount:       6081
{ common_pid: mc-worker       [    282953], ret:          6 } hitcount:       8264
{ common_pid: mc-worker       [    282954], ret:          5 } hitcount:      11518
{ common_pid: mc-worker       [    282952], ret:          5 } hitcount:      11871
{ common_pid: mc-worker       [    282956], ret:          5 } hitcount:      12891
{ common_pid: mc-worker       [    282957], ret:          5 } hitcount:      13400
{ common_pid: mc-worker       [    282951], ret:          5 } hitcount:      15171
{ common_pid: mc-worker       [    282955], ret:          5 } hitcount:      16015
{ common_pid: mc-worker       [    282958], ret:          5 } hitcount:      17343
{ common_pid: mc-worker       [    282953], ret:          5 } hitcount:      21328
{ common_pid: mc-worker       [    282952], ret:          4 } hitcount:      40489
{ common_pid: mc-worker       [    282954], ret:          4 } hitcount:      41154
{ common_pid: mc-worker       [    282956], ret:          4 } hitcount:      44131
{ common_pid: mc-worker       [    282957], ret:          4 } hitcount:      45858
{ common_pid: mc-worker       [    282951], ret:          4 } hitcount:      48326
{ common_pid: mc-worker       [    282955], ret:          4 } hitcount:      50839
{ common_pid: mc-worker       [    282958], ret:          4 } hitcount:      52881
{ common_pid: mc-worker       [    282953], ret:          4 } hitcount:      63079
{ common_pid: mc-worker       [    282952], ret:          3 } hitcount:     135701
{ common_pid: mc-worker       [    282954], ret:          3 } hitcount:     137991
{ common_pid: mc-worker       [    282956], ret:          3 } hitcount:     144861
{ common_pid: mc-worker       [    282957], ret:          3 } hitcount:     145391
{ common_pid: mc-worker       [    282951], ret:          3 } hitcount:     151464
{ common_pid: mc-worker       [    282955], ret:          3 } hitcount:     154902
{ common_pid: mc-worker       [    282958], ret:          3 } hitcount:     157776
{ common_pid: mc-worker       [    282953], ret:          3 } hitcount:     178191
{ common_pid: mc-worker       [    282952], ret:          2 } hitcount:     368761
{ common_pid: mc-worker       [    282954], ret:          2 } hitcount:     374866
{ common_pid: mc-worker       [    282957], ret:          2 } hitcount:     376229
{ common_pid: mc-worker       [    282951], ret:          2 } hitcount:     382376
{ common_pid: mc-worker       [    282958], ret:          2 } hitcount:     382931
{ common_pid: mc-worker       [    282955], ret:          2 } hitcount:     383906
{ common_pid: mc-worker       [    282956], ret:          2 } hitcount:     384343
{ common_pid: mc-worker       [    282953], ret:          2 } hitcount:     406324
{ common_pid: mc-worker       [    282953], ret:          1 } hitcount:     664189
{ common_pid: mc-worker       [    282958], ret:          1 } hitcount:     668467
{ common_pid: mc-worker       [    282955], ret:          1 } hitcount:     679718
{ common_pid: mc-worker       [    282951], ret:          1 } hitcount:     687146
{ common_pid: mc-worker       [    282957], ret:          1 } hitcount:     695802
{ common_pid: mc-worker       [    282956], ret:          1 } hitcount:     710672
{ common_pid: mc-worker       [    282952], ret:          1 } hitcount:     711862
{ common_pid: mc-worker       [    282954], ret:          1 } hitcount:     711969
