{ common_pid: mc-worker       [    253803], ret:         46 } hitcount:          1
{ common_pid: mc-worker       [    253799], ret:         48 } hitcount:          1
{ common_pid: mc-worker       [    253806], ret:        111 } hitcount:          1
{ common_pid: mc-worker       [    253802], ret:        124 } hitcount:          1
{ common_pid: mc-worker       [    253802], ret:         65 } hitcount:          1
{ common_pid: mc-worker       [    253800], ret:         99 } hitcount:          1
{ common_pid: mc-worker       [    253803], ret:         36 } hitcount:          1
{ common_pid: mc-worker       [    253805], ret:         69 } hitcount:          1
{ common_pid: mc-worker       [    253800], ret:         74 } hitcount:          1
{ common_pid: mc-worker       [    253802], ret:        128 } hitcount:          1
{ common_pid: mc-worker       [    253799], ret:         61 } hitcount:          1
{ common_pid: mc-worker       [    253799], ret:         51 } hitcount:          1
{ common_pid: mc-worker       [    253805], ret:         48 } hitcount:          1
{ common_pid: mc-worker       [    253802], ret:        116 } hitcount:          1
{ common_pid: mc-worker       [    253801], ret:         95 } hitcount:          1
{ common_pid: mc-worker       [    253806], ret:         92 } hitcount:          1
{ common_pid: mc-worker       [    253805], ret:         57 } hitcount:          1
{ common_pid: mc-worker       [    253801], ret:         34 } hitcount:          1
{ common_pid: mc-worker       [    253801], ret:         58 } hitcount:          1
{ common_pid: mc-worker       [    253802], ret:         31 } hitcount:          1
{ common_pid: mc-worker       [    253802], ret:        123 } hitcount:          1
{ common_pid: mc-worker       [    253803], ret:        127 } hitcount:          1
{ common_pid: mc-worker       [    253806], ret:        254 } hitcount:          1
{ common_pid: mc-worker       [    253799], ret:         54 } hitcount:          1
{ common_pid: mc-worker       [    253799], ret:         65 } hitcount:          1
{ common_pid: mc-worker       [    253799], ret:        107 } hitcount:          1
{ common_pid: mc-worker       [    253802], ret:         56 } hitcount:          1
{ common_pid: mc-worker       [    253802], ret:         96 } hitcount:          1
{ common_pid: mc-worker       [    253799], ret:         74 } hitcount:          1
{ common_pid: mc-worker       [    253804], ret:         63 } hitcount:          1
{ common_pid: mc-worker       [    253801], ret:        115 } hitcount:          1
{ common_pid: mc-worker       [    253801], ret:         66 } hitcount:          1
{ common_pid: mc-worker       [    253805], ret:        121 } hitcount:          1
{ common_pid: mc-worker       [    253804], ret:         59 } hitcount:          1
{ common_pid: mc-worker       [    253806], ret:         46 } hitcount:          1
{ common_pid: mc-worker       [    253805], ret:        128 } hitcount:          1
{ common_pid: mc-worker       [    253803], ret:        112 } hitcount:          1
{ common_pid: mc-worker       [    253804], ret:         47 } hitcount:          1
{ common_pid: mc-worker       [    253804], ret:         86 } hitcount:          1
{ common_pid: mc-worker       [    253806], ret:        256 } hitcount:          1
{ common_pid: mc-worker       [    253804], ret:         68 } hitcount:          1
{ common_pid: mc-worker       [    253801], ret:         47 } hitcount:          1
{ common_pid: mc-worker       [    253802], ret:         75 } hitcount:          1
{ common_pid: mc-worker       [    253804], ret:         28 } hitcount:          1
{ common_pid: mc-worker       [    253804], ret:         91 } hitcount:          1
{ common_pid: mc-worker       [    253803], ret:         96 } hitcount:          1
{ common_pid: mc-worker       [    253803], ret:         39 } hitcount:          1
{ common_pid: mc-worker       [    253800], ret:         67 } hitcount:          1
{ common_pid: mc-worker       [    253801], ret:        127 } hitcount:          1
{ common_pid: mc-worker       [    253803], ret:         55 } hitcount:          1
{ common_pid: mc-worker       [    253800], ret:         89 } hitcount:          1
{ common_pid: mc-worker       [    253805], ret:         54 } hitcount:          1
{ common_pid: mc-worker       [    253802], ret:         50 } hitcount:          1
{ common_pid: mc-worker       [    253805], ret:        120 } hitcount:          1
{ common_pid: mc-worker       [    253800], ret:         52 } hitcount:          1
{ common_pid: mc-worker       [    253803], ret:         51 } hitcount:          1
{ common_pid: mc-worker       [    253803], ret:         84 } hitcount:          1
{ common_pid: mc-worker       [    253800], ret:        108 } hitcount:          1
{ common_pid: mc-worker       [    253805], ret:         34 } hitcount:          1
{ common_pid: mc-worker       [    253799], ret:        119 } hitcount:          1
{ common_pid: mc-worker       [    253806], ret:         79 } hitcount:          1
{ common_pid: mc-worker       [    253803], ret:         65 } hitcount:          1
{ common_pid: mc-worker       [    253802], ret:        105 } hitcount:          1
{ common_pid: mc-worker       [    253804], ret:         70 } hitcount:          1
{ common_pid: mc-worker       [    253800], ret:         56 } hitcount:          1
{ common_pid: mc-worker       [    253805], ret:         44 } hitcount:          1
{ common_pid: mc-worker       [    253801], ret:         61 } hitcount:          1
{ common_pid: mc-worker       [    253800], ret:        106 } hitcount:          1
{ common_pid: mc-worker       [    253800], ret:         53 } hitcount:          1
{ common_pid: mc-worker       [    253806], ret:         59 } hitcount:          1
{ common_pid: mc-worker       [    253805], ret:         50 } hitcount:          1
{ common_pid: mc-worker       [    253800], ret:         70 } hitcount:          1
{ common_pid: mc-worker       [    253803], ret:         71 } hitcount:          1
{ common_pid: mc-worker       [    253804], ret:         58 } hitcount:          1
{ common_pid: mc-worker       [    253806], ret:         66 } hitcount:          1
{ common_pid: mc-worker       [    253804], ret:         53 } hitcount:          1
{ common_pid: mc-worker       [    253803], ret:         53 } hitcount:          1
{ common_pid: mc-worker       [    253799], ret:         58 } hitcount:          1
{ common_pid: mc-worker       [    253800], ret:         66 } hitcount:          1
{ common_pid: mc-worker       [    253805], ret:         46 } hitcount:          1
{ common_pid: mc-worker       [    253803], ret:         48 } hitcount:          1
{ common_pid: mc-worker       [    253803], ret:         67 } hitcount:          1
{ common_pid: mc-worker       [    253799], ret:        109 } hitcount:          1
{ common_pid: mc-worker       [    253799], ret:         40 } hitcount:          1
{ common_pid: mc-worker       [    253799], ret:         43 } hitcount:          1
{ common_pid: mc-worker       [    253799], ret:         52 } hitcount:          1
{ common_pid: mc-worker       [    253800], ret:        124 } hitcount:          1
{ common_pid: mc-worker       [    253802], ret:         93 } hitcount:          1
{ common_pid: mc-worker       [    253799], ret:        125 } hitcount:          1
{ common_pid: mc-worker       [    253805], ret:         60 } hitcount:          1
{ common_pid: mc-worker       [    253802], ret:         64 } hitcount:          1
{ common_pid: mc-worker       [    253802], ret:         63 } hitcount:          1
{ common_pid: mc-worker       [    253801], ret:         59 } hitcount:          1
{ common_pid: mc-worker       [    253800], ret:         43 } hitcount:          1
{ common_pid: mc-worker       [    253806], ret:         49 } hitcount:          1
{ common_pid: mc-worker       [    253806], ret:         55 } hitcount:          1
{ common_pid: mc-worker       [    253802], ret:         89 } hitcount:          1
{ common_pid: mc-worker       [    253805], ret:         68 } hitcount:          1
{ common_pid: mc-worker       [    253800], ret:         96 } hitcount:          1
{ common_pid: mc-worker       [    253799], ret:        102 } hitcount:          1
{ common_pid: mc-worker       [    253805], ret:         51 } hitcount:          1
{ common_pid: mc-worker       [    253800], ret:         77 } hitcount:          1
{ common_pid: mc-worker       [    253799], ret:         79 } hitcount:          1
{ common_pid: mc-worker       [    253804], ret:         78 } hitcount:          1
{ common_pid: mc-worker       [    253802], ret:         48 } hitcount:          1
{ common_pid: mc-worker       [    253805], ret:         59 } hitcount:          1
{ common_pid: mc-worker       [    253804], ret:        104 } hitcount:          1
{ common_pid: mc-worker       [    253801], ret:         71 } hitcount:          1
{ common_pid: mc-worker       [    253805], ret:         37 } hitcount:          1
{ common_pid: mc-worker       [    253805], ret:         89 } hitcount:          1
{ common_pid: mc-worker       [    253803], ret:         49 } hitcount:          1
{ common_pid: mc-worker       [    253801], ret:        124 } hitcount:          1
{ common_pid: mc-worker       [    253803], ret:        122 } hitcount:          1
{ common_pid: mc-worker       [    253804], ret:         64 } hitcount:          1
{ common_pid: mc-worker       [    253804], ret:        123 } hitcount:          1
{ common_pid: mc-worker       [    253800], ret:         84 } hitcount:          1
{ common_pid: mc-worker       [    253802], ret:         41 } hitcount:          1
{ common_pid: mc-worker       [    253799], ret:         45 } hitcount:          1
{ common_pid: mc-worker       [    253799], ret:         50 } hitcount:          1
{ common_pid: mc-worker       [    253800], ret:         68 } hitcount:          1
{ common_pid: mc-worker       [    253802], ret:         49 } hitcount:          2
{ common_pid: mc-worker       [    253805], ret:         43 } hitcount:          2
{ common_pid: mc-worker       [    253803], ret:         47 } hitcount:          2
{ common_pid: mc-worker       [    253800], ret:         42 } hitcount:          2
{ common_pid: mc-worker       [    253806], ret:         47 } hitcount:          2
{ common_pid: mc-worker       [    253806], ret:         44 } hitcount:          2
{ common_pid: mc-worker       [    253799], ret:         41 } hitcount:          2
{ common_pid: mc-worker       [    253806], ret:         51 } hitcount:          2
{ common_pid: mc-worker       [    253800], ret:         41 } hitcount:          2
{ common_pid: mc-worker       [    253800], ret:         46 } hitcount:          2
{ common_pid: mc-worker       [    253802], ret:         40 } hitcount:          2
{ common_pid: mc-worker       [    253799], ret:         53 } hitcount:          2
{ common_pid: mc-worker       [    253804], ret:         43 } hitcount:          2
{ common_pid: mc-worker       [    253805], ret:         42 } hitcount:          2
{ common_pid: mc-worker       [    253806], ret:         45 } hitcount:          2
{ common_pid: mc-worker       [    253802], ret:         42 } hitcount:          2
{ common_pid: mc-worker       [    253803], ret:         38 } hitcount:          2
{ common_pid: mc-worker       [    253805], ret:         45 } hitcount:          2
{ common_pid: mc-worker       [    253802], ret:         45 } hitcount:          2
{ common_pid: mc-worker       [    253801], ret:         65 } hitcount:          2
{ common_pid: mc-worker       [    253801], ret:         44 } hitcount:          2
{ common_pid: mc-worker       [    253802], ret:         47 } hitcount:          2
{ common_pid: mc-worker       [    253806], ret:         36 } hitcount:          2
{ common_pid: mc-worker       [    253803], ret:         50 } hitcount:          2
{ common_pid: mc-worker       [    253799], ret:         35 } hitcount:          2
{ common_pid: mc-worker       [    253806], ret:         43 } hitcount:          2
{ common_pid: mc-worker       [    253801], ret:         38 } hitcount:          2
{ common_pid: mc-worker       [    253803], ret:         33 } hitcount:          2
{ common_pid: mc-worker       [    253801], ret:         41 } hitcount:          2
{ common_pid: mc-worker       [    253799], ret:         37 } hitcount:          2
{ common_pid: mc-worker       [    253801], ret:         37 } hitcount:          2
{ common_pid: mc-worker       [    253800], ret:         60 } hitcount:          2
{ common_pid: mc-worker       [    253804], ret:         98 } hitcount:          2
{ common_pid: mc-worker       [    253805], ret:         39 } hitcount:          2
{ common_pid: mc-worker       [    253804], ret:         49 } hitcount:          2
{ common_pid: mc-worker       [    253803], ret:         44 } hitcount:          2
{ common_pid: mc-worker       [    253806], ret:         38 } hitcount:          2
{ common_pid: mc-worker       [    253800], ret:         51 } hitcount:          2
{ common_pid: mc-worker       [    253801], ret:         33 } hitcount:          2
{ common_pid: mc-worker       [    253801], ret:         46 } hitcount:          2
{ common_pid: mc-worker       [    253802], ret:         32 } hitcount:          2
{ common_pid: mc-worker       [    253804], ret:         39 } hitcount:          2
{ common_pid: mc-worker       [    253806], ret:         28 } hitcount:          2
{ common_pid: mc-worker       [    253801], ret:         35 } hitcount:          2
{ common_pid: mc-worker       [    253806], ret:         37 } hitcount:          3
{ common_pid: mc-worker       [    253800], ret:         40 } hitcount:          3
{ common_pid: mc-worker       [    253805], ret:         35 } hitcount:          3
{ common_pid: mc-worker       [    253803], ret:         43 } hitcount:          3
{ common_pid: mc-worker       [    253799], ret:         29 } hitcount:          3
{ common_pid: mc-worker       [    253805], ret:         40 } hitcount:          3
{ common_pid: mc-worker       [    253805], ret:         29 } hitcount:          3
{ common_pid: mc-worker       [    253799], ret:         38 } hitcount:          3
{ common_pid: mc-worker       [    253806], ret:         34 } hitcount:          3
{ common_pid: mc-worker       [    253804], ret:         42 } hitcount:          3
{ common_pid: mc-worker       [    253805], ret:         31 } hitcount:          3
{ common_pid: mc-worker       [    253804], ret:         34 } hitcount:          3
{ common_pid: mc-worker       [    253803], ret:         40 } hitcount:          3
{ common_pid: mc-worker       [    253799], ret:         31 } hitcount:          3
{ common_pid: mc-worker       [    253799], ret:         24 } hitcount:          3
{ common_pid: mc-worker       [    253800], ret:         37 } hitcount:          3
{ common_pid: mc-worker       [    253804], ret:         41 } hitcount:          3
{ common_pid: mc-worker       [    253799], ret:         39 } hitcount:          3
{ common_pid: mc-worker       [    253806], ret:         39 } hitcount:          3
{ common_pid: mc-worker       [    253804], ret:         45 } hitcount:          3
{ common_pid: mc-worker       [    253805], ret:         36 } hitcount:          3
{ common_pid: mc-worker       [    253802], ret:         35 } hitcount:          3
{ common_pid: mc-worker       [    253806], ret:         41 } hitcount:          3
{ common_pid: mc-worker       [    253804], ret:         37 } hitcount:          3
{ common_pid: mc-worker       [    253804], ret:         35 } hitcount:          3
{ common_pid: mc-worker       [    253801], ret:         40 } hitcount:          3
{ common_pid: mc-worker       [    253801], ret:         45 } hitcount:          3
{ common_pid: mc-worker       [    253801], ret:         43 } hitcount:          3
{ common_pid: mc-worker       [    253806], ret:         50 } hitcount:          3
{ common_pid: mc-worker       [    253806], ret:         25 } hitcount:          3
{ common_pid: mc-worker       [    253803], ret:         37 } hitcount:          3
{ common_pid: mc-worker       [    253803], ret:         45 } hitcount:          3
{ common_pid: mc-worker       [    253799], ret:         25 } hitcount:          3
{ common_pid: mc-worker       [    253802], ret:         33 } hitcount:          3
{ common_pid: mc-worker       [    253799], ret:         44 } hitcount:          3
{ common_pid: mc-worker       [    253802], ret:         36 } hitcount:          4
{ common_pid: mc-worker       [    253806], ret:         33 } hitcount:          4
{ common_pid: mc-worker       [    253801], ret:         39 } hitcount:          4
{ common_pid: mc-worker       [    253803], ret:         31 } hitcount:          4
{ common_pid: mc-worker       [    253803], ret:         30 } hitcount:          4
{ common_pid: mc-worker       [    253800], ret:         45 } hitcount:          4
{ common_pid: mc-worker       [    253802], ret:         44 } hitcount:          4
{ common_pid: mc-worker       [    253805], ret:         41 } hitcount:          4
{ common_pid: mc-worker       [    253800], ret:         28 } hitcount:          4
{ common_pid: mc-worker       [    253803], ret:         42 } hitcount:          4
{ common_pid: mc-worker       [    253800], ret:         44 } hitcount:          4
{ common_pid: mc-worker       [    253800], ret:         33 } hitcount:          4
{ common_pid: mc-worker       [    253804], ret:         30 } hitcount:          4
{ common_pid: mc-worker       [    253806], ret:         35 } hitcount:          4
{ common_pid: mc-worker       [    253802], ret:         29 } hitcount:          4
{ common_pid: mc-worker       [    253804], ret:         44 } hitcount:          4
{ common_pid: mc-worker       [    253802], ret:         46 } hitcount:          4
{ common_pid: mc-worker       [    253806], ret:         40 } hitcount:          4
{ common_pid: mc-worker       [    253805], ret:         32 } hitcount:          4
{ common_pid: mc-worker       [    253801], ret:         31 } hitcount:          4
{ common_pid: mc-worker       [    253800], ret:         34 } hitcount:          4
{ common_pid: mc-worker       [    253801], ret:         23 } hitcount:          4
{ common_pid: mc-worker       [    253803], ret:         41 } hitcount:          4
{ common_pid: mc-worker       [    253805], ret:         30 } hitcount:          4
{ common_pid: mc-worker       [    253805], ret:         22 } hitcount:          4
{ common_pid: mc-worker       [    253806], ret:         31 } hitcount:          4
{ common_pid: mc-worker       [    253804], ret:         38 } hitcount:          4
{ common_pid: mc-worker       [    253802], ret:         20 } hitcount:          4
{ common_pid: mc-worker       [    253802], ret:         37 } hitcount:          4
{ common_pid: mc-worker       [    253804], ret:         33 } hitcount:          5
{ common_pid: mc-worker       [    253803], ret:         35 } hitcount:          5
{ common_pid: mc-worker       [    253800], ret:         24 } hitcount:          5
{ common_pid: mc-worker       [    253802], ret:         25 } hitcount:          5
{ common_pid: mc-worker       [    253799], ret:         33 } hitcount:          5
{ common_pid: mc-worker       [    253804], ret:         23 } hitcount:          5
{ common_pid: mc-worker       [    253801], ret:         26 } hitcount:          5
{ common_pid: mc-worker       [    253806], ret:         30 } hitcount:          5
{ common_pid: mc-worker       [    253802], ret:         28 } hitcount:          5
{ common_pid: mc-worker       [    253801], ret:         29 } hitcount:          5
{ common_pid: mc-worker       [    253800], ret:         30 } hitcount:          5
{ common_pid: mc-worker       [    253802], ret:         19 } hitcount:          5
{ common_pid: mc-worker       [    253803], ret:         28 } hitcount:          5
{ common_pid: mc-worker       [    253804], ret:         36 } hitcount:          5
{ common_pid: mc-worker       [    253803], ret:         34 } hitcount:          5
{ common_pid: mc-worker       [    253799], ret:         28 } hitcount:          5
{ common_pid: mc-worker       [    253804], ret:         31 } hitcount:          5
{ common_pid: mc-worker       [    253800], ret:         39 } hitcount:          5
{ common_pid: mc-worker       [    253805], ret:         38 } hitcount:          5
{ common_pid: mc-worker       [    253805], ret:         28 } hitcount:          6
{ common_pid: mc-worker       [    253803], ret:         22 } hitcount:          6
{ common_pid: mc-worker       [    253802], ret:         30 } hitcount:          6
{ common_pid: mc-worker       [    253802], ret:         34 } hitcount:          6
{ common_pid: mc-worker       [    253804], ret:         18 } hitcount:          6
{ common_pid: mc-worker       [    253799], ret:         30 } hitcount:          6
{ common_pid: mc-worker       [    253800], ret:         27 } hitcount:          6
{ common_pid: mc-worker       [    253801], ret:         32 } hitcount:          6
{ common_pid: mc-worker       [    253799], ret:         42 } hitcount:          6
{ common_pid: mc-worker       [    253803], ret:         29 } hitcount:          6
{ common_pid: mc-worker       [    253801], ret:         30 } hitcount:          6
{ common_pid: mc-worker       [    253800], ret:         21 } hitcount:          6
{ common_pid: mc-worker       [    253806], ret:         22 } hitcount:          6
{ common_pid: mc-worker       [    253800], ret:         23 } hitcount:          6
{ common_pid: mc-worker       [    253801], ret:         20 } hitcount:          7
{ common_pid: mc-worker       [    253806], ret:         24 } hitcount:          7
{ common_pid: mc-worker       [    253806], ret:         20 } hitcount:          7
{ common_pid: mc-worker       [    253806], ret:         29 } hitcount:          7
{ common_pid: mc-worker       [    253799], ret:         26 } hitcount:          7
{ common_pid: mc-worker       [    253803], ret:         26 } hitcount:          7
{ common_pid: mc-worker       [    253801], ret:         24 } hitcount:          7
{ common_pid: mc-worker       [    253800], ret:         35 } hitcount:          7
{ common_pid: mc-worker       [    253801], ret:         27 } hitcount:          7
{ common_pid: mc-worker       [    253802], ret:         27 } hitcount:          7
{ common_pid: mc-worker       [    253804], ret:         32 } hitcount:          7
{ common_pid: mc-worker       [    253799], ret:         34 } hitcount:          7
{ common_pid: mc-worker       [    253803], ret:         24 } hitcount:          7
{ common_pid: mc-worker       [    253800], ret:         32 } hitcount:          7
{ common_pid: mc-worker       [    253804], ret:         26 } hitcount:          7
{ common_pid: mc-worker       [    253799], ret:         32 } hitcount:          7
{ common_pid: mc-worker       [    253800], ret:         36 } hitcount:          7
{ common_pid: mc-worker       [    253803], ret:         23 } hitcount:          7
{ common_pid: mc-worker       [    253806], ret:         27 } hitcount:          7
{ common_pid: mc-worker       [    253805], ret:         27 } hitcount:          8
{ common_pid: mc-worker       [    253805], ret:         26 } hitcount:          8
{ common_pid: mc-worker       [    253799], ret:         36 } hitcount:          8
{ common_pid: mc-worker       [    253802], ret:         23 } hitcount:          8
{ common_pid: mc-worker       [    253803], ret:         32 } hitcount:          8
{ common_pid: mc-worker       [    253804], ret:         25 } hitcount:          8
{ common_pid: mc-worker       [    253804], ret:         29 } hitcount:          8
{ common_pid: mc-worker       [    253799], ret:         27 } hitcount:          8
{ common_pid: mc-worker       [    253801], ret:         25 } hitcount:          8
{ common_pid: mc-worker       [    253805], ret:         19 } hitcount:          8
{ common_pid: mc-worker       [    253805], ret:         20 } hitcount:          8
{ common_pid: mc-worker       [    253804], ret:         27 } hitcount:          8
{ common_pid: mc-worker       [    253799], ret:         18 } hitcount:          9
{ common_pid: mc-worker       [    253804], ret:         24 } hitcount:          9
{ common_pid: mc-worker       [    253805], ret:         25 } hitcount:          9
{ common_pid: mc-worker       [    253804], ret:         22 } hitcount:          9
{ common_pid: mc-worker       [    253799], ret:         17 } hitcount:          9
{ common_pid: mc-worker       [    253803], ret:         25 } hitcount:          9
{ common_pid: mc-worker       [    253806], ret:         26 } hitcount:          9
{ common_pid: mc-worker       [    253800], ret:         25 } hitcount:          9
{ common_pid: mc-worker       [    253804], ret:         20 } hitcount:          9
{ common_pid: mc-worker       [    253806], ret:         32 } hitcount:          9
{ common_pid: mc-worker       [    253799], ret:         21 } hitcount:          9
{ common_pid: mc-worker       [    253805], ret:         23 } hitcount:          9
{ common_pid: mc-worker       [    253800], ret:         31 } hitcount:          9
{ common_pid: mc-worker       [    253805], ret:         33 } hitcount:          9
{ common_pid: mc-worker       [    253803], ret:         21 } hitcount:          9
{ common_pid: mc-worker       [    253804], ret:         16 } hitcount:          9
{ common_pid: mc-worker       [    253804], ret:         21 } hitcount:         10
{ common_pid: mc-worker       [    253802], ret:         39 } hitcount:         10
{ common_pid: mc-worker       [    253800], ret:         29 } hitcount:         10
{ common_pid: mc-worker       [    253802], ret:         26 } hitcount:         10
{ common_pid: mc-worker       [    253801], ret:         28 } hitcount:         10
{ common_pid: mc-worker       [    253802], ret:         21 } hitcount:         10
{ common_pid: mc-worker       [    253805], ret:         24 } hitcount:         10
{ common_pid: mc-worker       [    253805], ret:         21 } hitcount:         10
{ common_pid: mc-worker       [    253801], ret:         18 } hitcount:         11
{ common_pid: mc-worker       [    253799], ret:         20 } hitcount:         11
{ common_pid: mc-worker       [    253806], ret:         23 } hitcount:         11
{ common_pid: mc-worker       [    253801], ret:         19 } hitcount:         11
{ common_pid: mc-worker       [    253805], ret:         17 } hitcount:         11
{ common_pid: mc-worker       [    253799], ret:         22 } hitcount:         12
{ common_pid: mc-worker       [    253800], ret:         26 } hitcount:         12
{ common_pid: mc-worker       [    253799], ret:         23 } hitcount:         12
{ common_pid: mc-worker       [    253801], ret:         22 } hitcount:         12
{ common_pid: mc-worker       [    253802], ret:         18 } hitcount:         12
{ common_pid: mc-worker       [    253802], ret:         24 } hitcount:         12
{ common_pid: mc-worker       [    253800], ret:         20 } hitcount:         12
{ common_pid: mc-worker       [    253800], ret:         18 } hitcount:         12
{ common_pid: mc-worker       [    253800], ret:         19 } hitcount:         13
{ common_pid: mc-worker       [    253801], ret:         21 } hitcount:         13
{ common_pid: mc-worker       [    253799], ret:         19 } hitcount:         13
{ common_pid: mc-worker       [    253803], ret:         27 } hitcount:         13
{ common_pid: mc-worker       [    253802], ret:         22 } hitcount:         13
{ common_pid: mc-worker       [    253804], ret:         17 } hitcount:         13
{ common_pid: mc-worker       [    253799], ret:         16 } hitcount:         14
{ common_pid: mc-worker       [    253800], ret:         17 } hitcount:         14
{ common_pid: mc-worker       [    253800], ret:         22 } hitcount:         14
{ common_pid: mc-worker       [    253803], ret:         19 } hitcount:         14
{ common_pid: mc-worker       [    253803], ret:         20 } hitcount:         14
{ common_pid: mc-worker       [    253804], ret:         19 } hitcount:         14
{ common_pid: mc-worker       [    253806], ret:         19 } hitcount:         15
{ common_pid: mc-worker       [    253806], ret:         17 } hitcount:         16
{ common_pid: mc-worker       [    253804], ret:         14 } hitcount:         17
{ common_pid: mc-worker       [    253803], ret:         18 } hitcount:         17
{ common_pid: mc-worker       [    253806], ret:         18 } hitcount:         17
{ common_pid: mc-worker       [    253806], ret:         15 } hitcount:         17
{ common_pid: mc-worker       [    253804], ret:         15 } hitcount:         18
{ common_pid: mc-worker       [    253805], ret:         16 } hitcount:         18
{ common_pid: mc-worker       [    253805], ret:         18 } hitcount:         19
{ common_pid: mc-worker       [    253803], ret:         17 } hitcount:         19
{ common_pid: mc-worker       [    253806], ret:         21 } hitcount:         19
{ common_pid: mc-worker       [    253806], ret:         16 } hitcount:         20
{ common_pid: mc-worker       [    253801], ret:         17 } hitcount:         20
{ common_pid: mc-worker       [    253799], ret:         15 } hitcount:         20
{ common_pid: mc-worker       [    253802], ret:         14 } hitcount:         21
{ common_pid: mc-worker       [    253802], ret:         16 } hitcount:         21
{ common_pid: mc-worker       [    253805], ret:         14 } hitcount:         21
{ common_pid: mc-worker       [    253803], ret:         16 } hitcount:         22
{ common_pid: mc-worker       [    253800], ret:         16 } hitcount:         22
{ common_pid: mc-worker       [    253805], ret:         13 } hitcount:         23
{ common_pid: mc-worker       [    253805], ret:         15 } hitcount:         23
{ common_pid: mc-worker       [    253801], ret:         16 } hitcount:         24
{ common_pid: mc-worker       [    253801], ret:         15 } hitcount:         25
{ common_pid: mc-worker       [    253800], ret:         15 } hitcount:         25
{ common_pid: mc-worker       [    253800], ret:         14 } hitcount:         26
{ common_pid: mc-worker       [    253801], ret:         14 } hitcount:         27
{ common_pid: mc-worker       [    253802], ret:         17 } hitcount:         28
{ common_pid: mc-worker       [    253803], ret:         15 } hitcount:         28
{ common_pid: mc-worker       [    253802], ret:         15 } hitcount:         29
{ common_pid: mc-worker       [    253804], ret:         13 } hitcount:         29
{ common_pid: mc-worker       [    253806], ret:         14 } hitcount:         35
{ common_pid: mc-worker       [    253804], ret:         12 } hitcount:         36
{ common_pid: mc-worker       [    253801], ret:         13 } hitcount:         37
{ common_pid: mc-worker       [    253802], ret:         13 } hitcount:         38
{ common_pid: mc-worker       [    253799], ret:         14 } hitcount:         41
{ common_pid: mc-worker       [    253803], ret:         14 } hitcount:         41
{ common_pid: mc-worker       [    253800], ret:         13 } hitcount:         42
{ common_pid: mc-worker       [    253799], ret:         13 } hitcount:         43
{ common_pid: mc-worker       [    253803], ret:         13 } hitcount:         48
{ common_pid: mc-worker       [    253806], ret:         13 } hitcount:         48
{ common_pid: mc-worker       [    253806], ret:         12 } hitcount:         55
{ common_pid: mc-worker       [    253805], ret:         12 } hitcount:         55
{ common_pid: mc-worker       [    253799], ret:         12 } hitcount:         59
{ common_pid: mc-worker       [    253800], ret:         12 } hitcount:         64
{ common_pid: mc-worker       [    253801], ret:         12 } hitcount:         65
{ common_pid: mc-worker       [    253802], ret:         12 } hitcount:         70
{ common_pid: mc-worker       [    253804], ret:         11 } hitcount:         70
{ common_pid: mc-worker       [    253803], ret:         12 } hitcount:         77
{ common_pid: mc-worker       [    253800], ret:         11 } hitcount:         87
{ common_pid: mc-worker       [    253806], ret:         11 } hitcount:        128
{ common_pid: mc-worker       [    253805], ret:         11 } hitcount:        130
{ common_pid: mc-worker       [    253802], ret:         11 } hitcount:        136
{ common_pid: mc-worker       [    253799], ret:         11 } hitcount:        139
{ common_pid: mc-worker       [    253801], ret:         11 } hitcount:        146
{ common_pid: mc-worker       [    253803], ret:         11 } hitcount:        167
{ common_pid: mc-worker       [    253804], ret:         10 } hitcount:        175
{ common_pid: mc-worker       [    253800], ret:         10 } hitcount:        215
{ common_pid: mc-worker       [    253805], ret:         10 } hitcount:        258
{ common_pid: mc-worker       [    253799], ret:         10 } hitcount:        298
{ common_pid: mc-worker       [    253803], ret:         10 } hitcount:        299
{ common_pid: mc-worker       [    253801], ret:         10 } hitcount:        334
{ common_pid: mc-worker       [    253806], ret:         10 } hitcount:        337
{ common_pid: mc-worker       [    253802], ret:         10 } hitcount:        355
{ common_pid: mc-worker       [    253804], ret:          9 } hitcount:        469
{ common_pid: mc-worker       [    253800], ret:          9 } hitcount:        583
{ common_pid: mc-worker       [    253805], ret:          9 } hitcount:        693
{ common_pid: mc-worker       [    253806], ret:          9 } hitcount:        756
{ common_pid: mc-worker       [    253799], ret:          9 } hitcount:        802
{ common_pid: mc-worker       [    253802], ret:          9 } hitcount:        828
{ common_pid: mc-worker       [    253801], ret:          9 } hitcount:        845
{ common_pid: mc-worker       [    253803], ret:          9 } hitcount:        850
{ common_pid: mc-worker       [    253804], ret:          8 } hitcount:       1186
{ common_pid: mc-worker       [    253800], ret:          8 } hitcount:       1594
{ common_pid: mc-worker       [    253805], ret:          8 } hitcount:       1671
{ common_pid: mc-worker       [    253806], ret:          8 } hitcount:       1953
{ common_pid: mc-worker       [    253799], ret:          8 } hitcount:       1991
{ common_pid: mc-worker       [    253803], ret:          8 } hitcount:       2044
{ common_pid: mc-worker       [    253801], ret:          8 } hitcount:       2080
{ common_pid: mc-worker       [    253802], ret:          8 } hitcount:       2136
{ common_pid: mc-worker       [    253804], ret:          7 } hitcount:       3358
{ common_pid: mc-worker       [    253800], ret:          7 } hitcount:       3994
{ common_pid: mc-worker       [    253805], ret:          7 } hitcount:       4311
{ common_pid: mc-worker       [    253806], ret:          7 } hitcount:       4844
{ common_pid: mc-worker       [    253803], ret:          7 } hitcount:       4986
{ common_pid: mc-worker       [    253801], ret:          7 } hitcount:       5001
{ common_pid: mc-worker       [    253799], ret:          7 } hitcount:       5115
{ common_pid: mc-worker       [    253802], ret:          7 } hitcount:       5152
{ common_pid: mc-worker       [    253804], ret:          6 } hitcount:       8649
{ common_pid: mc-worker       [    253800], ret:          6 } hitcount:      10080
{ common_pid: mc-worker       [    253805], ret:          6 } hitcount:      10742
{ common_pid: mc-worker       [    253806], ret:          6 } hitcount:      11636
{ common_pid: mc-worker       [    253799], ret:          6 } hitcount:      11976
{ common_pid: mc-worker       [    253803], ret:          6 } hitcount:      12209
{ common_pid: mc-worker       [    253801], ret:          6 } hitcount:      12415
{ common_pid: mc-worker       [    253802], ret:          6 } hitcount:      12472
{ common_pid: mc-worker       [    253804], ret:          5 } hitcount:      23489
{ common_pid: mc-worker       [    253800], ret:          5 } hitcount:      26706
{ common_pid: mc-worker       [    253805], ret:          5 } hitcount:      28023
{ common_pid: mc-worker       [    253806], ret:          5 } hitcount:      29610
{ common_pid: mc-worker       [    253803], ret:          5 } hitcount:      30678
{ common_pid: mc-worker       [    253799], ret:          5 } hitcount:      30788
{ common_pid: mc-worker       [    253801], ret:          5 } hitcount:      31004
{ common_pid: mc-worker       [    253802], ret:          5 } hitcount:      31362
{ common_pid: mc-worker       [    253804], ret:          4 } hitcount:      64819
{ common_pid: mc-worker       [    253800], ret:          4 } hitcount:      70030
{ common_pid: mc-worker       [    253805], ret:          4 } hitcount:      72142
{ common_pid: mc-worker       [    253806], ret:          4 } hitcount:      74750
{ common_pid: mc-worker       [    253799], ret:          4 } hitcount:      76867
{ common_pid: mc-worker       [    253801], ret:          4 } hitcount:      77027
{ common_pid: mc-worker       [    253803], ret:          4 } hitcount:      77433
{ common_pid: mc-worker       [    253802], ret:          4 } hitcount:      78237
{ common_pid: mc-worker       [    253804], ret:          3 } hitcount:     157092
{ common_pid: mc-worker       [    253800], ret:          3 } hitcount:     164636
{ common_pid: mc-worker       [    253805], ret:          3 } hitcount:     166945
{ common_pid: mc-worker       [    253806], ret:          3 } hitcount:     170104
{ common_pid: mc-worker       [    253799], ret:          3 } hitcount:     173188
{ common_pid: mc-worker       [    253803], ret:          3 } hitcount:     173881
{ common_pid: mc-worker       [    253802], ret:          3 } hitcount:     174640
{ common_pid: mc-worker       [    253801], ret:          3 } hitcount:     174899
{ common_pid: mc-worker       [    253804], ret:          2 } hitcount:     321911
{ common_pid: mc-worker       [    253805], ret:          2 } hitcount:     325349
{ common_pid: mc-worker       [    253800], ret:          2 } hitcount:     326034
{ common_pid: mc-worker       [    253799], ret:          2 } hitcount:     328380
{ common_pid: mc-worker       [    253806], ret:          2 } hitcount:     328899
{ common_pid: mc-worker       [    253802], ret:          2 } hitcount:     329813
{ common_pid: mc-worker       [    253801], ret:          2 } hitcount:     329926
{ common_pid: mc-worker       [    253803], ret:          2 } hitcount:     332391
{ common_pid: mc-worker       [    253802], ret:          1 } hitcount:     507550
{ common_pid: mc-worker       [    253801], ret:          1 } hitcount:     507831
{ common_pid: mc-worker       [    253799], ret:          1 } hitcount:     509227
{ common_pid: mc-worker       [    253805], ret:          1 } hitcount:     513246
{ common_pid: mc-worker       [    253803], ret:          1 } hitcount:     514968
{ common_pid: mc-worker       [    253806], ret:          1 } hitcount:     516413
{ common_pid: mc-worker       [    253800], ret:          1 } hitcount:     519971
{ common_pid: mc-worker       [    253804], ret:          1 } hitcount:     525792
