{ common_pid: mc-worker       [    489309], ret:         94 } hitcount:          1
{ common_pid: mc-worker       [    489308], ret:         18 } hitcount:          1
{ common_pid: mc-worker       [    489307], ret:         18 } hitcount:          1
{ common_pid: mc-worker       [    489306], ret:        116 } hitcount:          1
{ common_pid: mc-worker       [    489307], ret:        115 } hitcount:          1
{ common_pid: mc-worker       [    489312], ret:         58 } hitcount:          1
{ common_pid: mc-worker       [    489310], ret:         60 } hitcount:          1
{ common_pid: mc-worker       [    489306], ret:         60 } hitcount:          1
{ common_pid: mc-worker       [    489307], ret:        128 } hitcount:          1
{ common_pid: mc-worker       [    489305], ret:         59 } hitcount:          1
{ common_pid: mc-worker       [    489310], ret:        128 } hitcount:          1
{ common_pid: mc-worker       [    489311], ret:        115 } hitcount:          1
{ common_pid: mc-worker       [    489308], ret:         19 } hitcount:          1
{ common_pid: mc-worker       [    489310], ret:        121 } hitcount:          1
{ common_pid: mc-worker       [    489312], ret:        115 } hitcount:          1
{ common_pid: mc-worker       [    489307], ret:         59 } hitcount:          1
{ common_pid: mc-worker       [    489310], ret:         21 } hitcount:          1
{ common_pid: mc-worker       [    489306], ret:         97 } hitcount:          1
{ common_pid: mc-worker       [    489312], ret:        111 } hitcount:          1
{ common_pid: mc-worker       [    489309], ret:        124 } hitcount:          1
{ common_pid: mc-worker       [    489311], ret:         61 } hitcount:          1
{ common_pid: mc-worker       [    489308], ret:         63 } hitcount:          1
{ common_pid: mc-worker       [    489312], ret:         19 } hitcount:          1
{ common_pid: mc-worker       [    489307], ret:        104 } hitcount:          1
{ common_pid: mc-worker       [    489312], ret:        127 } hitcount:          1
{ common_pid: mc-worker       [    489309], ret:         57 } hitcount:          1
{ common_pid: mc-worker       [    489311], ret:         20 } hitcount:          1
{ common_pid: mc-worker       [    489311], ret:         18 } hitcount:          1
{ common_pid: mc-worker       [    489307], ret:        127 } hitcount:          1
{ common_pid: mc-worker       [    489308], ret:        122 } hitcount:          1
{ common_pid: mc-worker       [    489312], ret:         20 } hitcount:          1
{ common_pid: mc-worker       [    489308], ret:         92 } hitcount:          1
{ common_pid: mc-worker       [    489312], ret:         40 } hitcount:          1
{ common_pid: mc-worker       [    489305], ret:        127 } hitcount:          1
{ common_pid: mc-worker       [    489311], ret:         84 } hitcount:          1
{ common_pid: mc-worker       [    489306], ret:        128 } hitcount:          1
{ common_pid: mc-worker       [    489310], ret:        126 } hitcount:          1
{ common_pid: mc-worker       [    489306], ret:         19 } hitcount:          1
{ common_pid: mc-worker       [    489310], ret:        106 } hitcount:          1
{ common_pid: mc-worker       [    489305], ret:        118 } hitcount:          1
{ common_pid: mc-worker       [    489312], ret:        113 } hitcount:          1
{ common_pid: mc-worker       [    489306], ret:        127 } hitcount:          1
{ common_pid: mc-worker       [    489312], ret:         18 } hitcount:          2
{ common_pid: mc-worker       [    489305], ret:        128 } hitcount:          2
{ common_pid: mc-worker       [    489305], ret:         18 } hitcount:          2
{ common_pid: mc-worker       [    489308], ret:        128 } hitcount:          2
{ common_pid: mc-worker       [    489307], ret:         17 } hitcount:          2
{ common_pid: mc-worker       [    489310], ret:         18 } hitcount:          2
{ common_pid: mc-worker       [    489311], ret:        128 } hitcount:          2
{ common_pid: mc-worker       [    489310], ret:         19 } hitcount:          2
{ common_pid: mc-worker       [    489305], ret:         19 } hitcount:          2
{ common_pid: mc-worker       [    489309], ret:        128 } hitcount:          2
{ common_pid: mc-worker       [    489306], ret:         18 } hitcount:          4
{ common_pid: mc-worker       [    489312], ret:         17 } hitcount:          4
{ common_pid: mc-worker       [    489311], ret:         17 } hitcount:          5
{ common_pid: mc-worker       [    489309], ret:         17 } hitcount:          5
{ common_pid: mc-worker       [    489309], ret:         18 } hitcount:          5
{ common_pid: mc-worker       [    489305], ret:         17 } hitcount:          6
{ common_pid: mc-worker       [    489308], ret:         17 } hitcount:          6
{ common_pid: mc-worker       [    489310], ret:         17 } hitcount:          8
{ common_pid: mc-worker       [    489311], ret:         16 } hitcount:         10
{ common_pid: mc-worker       [    489306], ret:         17 } hitcount:         13
{ common_pid: mc-worker       [    489307], ret:         16 } hitcount:         16
{ common_pid: mc-worker       [    489308], ret:         16 } hitcount:         19
{ common_pid: mc-worker       [    489306], ret:         16 } hitcount:         24
{ common_pid: mc-worker       [    489312], ret:         16 } hitcount:         24
{ common_pid: mc-worker       [    489310], ret:         16 } hitcount:         27
{ common_pid: mc-worker       [    489305], ret:         16 } hitcount:         28
{ common_pid: mc-worker       [    489309], ret:         16 } hitcount:         30
{ common_pid: mc-worker       [    489311], ret:         15 } hitcount:         42
{ common_pid: mc-worker       [    489309], ret:         15 } hitcount:         42
{ common_pid: mc-worker       [    489308], ret:         15 } hitcount:         42
{ common_pid: mc-worker       [    489307], ret:         15 } hitcount:         47
{ common_pid: mc-worker       [    489306], ret:         15 } hitcount:         57
{ common_pid: mc-worker       [    489312], ret:         15 } hitcount:         64
{ common_pid: mc-worker       [    489310], ret:         15 } hitcount:         72
{ common_pid: mc-worker       [    489305], ret:         15 } hitcount:         80
{ common_pid: mc-worker       [    489308], ret:         14 } hitcount:         92
{ common_pid: mc-worker       [    489311], ret:         14 } hitcount:        105
{ common_pid: mc-worker       [    489309], ret:         14 } hitcount:        137
{ common_pid: mc-worker       [    489306], ret:         14 } hitcount:        139
{ common_pid: mc-worker       [    489307], ret:         14 } hitcount:        149
{ common_pid: mc-worker       [    489310], ret:         14 } hitcount:        152
{ common_pid: mc-worker       [    489312], ret:         14 } hitcount:        168
{ common_pid: mc-worker       [    489305], ret:         14 } hitcount:        208
{ common_pid: mc-worker       [    489311], ret:         13 } hitcount:        251
{ common_pid: mc-worker       [    489307], ret:         13 } hitcount:        304
{ common_pid: mc-worker       [    489308], ret:         13 } hitcount:        307
{ common_pid: mc-worker       [    489309], ret:         13 } hitcount:        322
{ common_pid: mc-worker       [    489306], ret:         13 } hitcount:        335
{ common_pid: mc-worker       [    489310], ret:         13 } hitcount:        365
{ common_pid: mc-worker       [    489312], ret:         13 } hitcount:        365
{ common_pid: mc-worker       [    489305], ret:         13 } hitcount:        450
{ common_pid: mc-worker       [    489311], ret:         12 } hitcount:        563
{ common_pid: mc-worker       [    489308], ret:         12 } hitcount:        657
{ common_pid: mc-worker       [    489306], ret:         12 } hitcount:        662
{ common_pid: mc-worker       [    489309], ret:         12 } hitcount:        671
{ common_pid: mc-worker       [    489307], ret:         12 } hitcount:        709
{ common_pid: mc-worker       [    489312], ret:         12 } hitcount:        733
{ common_pid: mc-worker       [    489310], ret:         12 } hitcount:        778
{ common_pid: mc-worker       [    489305], ret:         12 } hitcount:        974
{ common_pid: mc-worker       [    489311], ret:         11 } hitcount:       1255
{ common_pid: mc-worker       [    489308], ret:         11 } hitcount:       1310
{ common_pid: mc-worker       [    489309], ret:         11 } hitcount:       1432
{ common_pid: mc-worker       [    489307], ret:         11 } hitcount:       1448
{ common_pid: mc-worker       [    489306], ret:         11 } hitcount:       1525
{ common_pid: mc-worker       [    489312], ret:         11 } hitcount:       1526
{ common_pid: mc-worker       [    489310], ret:         11 } hitcount:       1580
{ common_pid: mc-worker       [    489305], ret:         11 } hitcount:       1889
{ common_pid: mc-worker       [    489311], ret:         10 } hitcount:       2647
{ common_pid: mc-worker       [    489308], ret:         10 } hitcount:       2726
{ common_pid: mc-worker       [    489307], ret:         10 } hitcount:       2966
{ common_pid: mc-worker       [    489306], ret:         10 } hitcount:       2974
{ common_pid: mc-worker       [    489309], ret:         10 } hitcount:       3006
{ common_pid: mc-worker       [    489310], ret:         10 } hitcount:       3107
{ common_pid: mc-worker       [    489312], ret:         10 } hitcount:       3222
{ common_pid: mc-worker       [    489305], ret:         10 } hitcount:       3719
{ common_pid: mc-worker       [    489311], ret:          9 } hitcount:       5044
{ common_pid: mc-worker       [    489308], ret:          9 } hitcount:       5203
{ common_pid: mc-worker       [    489309], ret:          9 } hitcount:       5448
{ common_pid: mc-worker       [    489306], ret:          9 } hitcount:       5492
{ common_pid: mc-worker       [    489307], ret:          9 } hitcount:       5616
{ common_pid: mc-worker       [    489310], ret:          9 } hitcount:       5915
{ common_pid: mc-worker       [    489312], ret:          9 } hitcount:       5930
{ common_pid: mc-worker       [    489305], ret:          9 } hitcount:       6623
{ common_pid: mc-worker       [    489311], ret:          8 } hitcount:       8767
{ common_pid: mc-worker       [    489308], ret:          8 } hitcount:       8971
{ common_pid: mc-worker       [    489307], ret:          8 } hitcount:       9175
{ common_pid: mc-worker       [    489306], ret:          8 } hitcount:       9340
{ common_pid: mc-worker       [    489309], ret:          8 } hitcount:       9366
{ common_pid: mc-worker       [    489312], ret:          8 } hitcount:       9758
{ common_pid: mc-worker       [    489310], ret:          8 } hitcount:       9802
{ common_pid: mc-worker       [    489305], ret:          8 } hitcount:      10457
{ common_pid: mc-worker       [    489311], ret:          7 } hitcount:      13314
{ common_pid: mc-worker       [    489308], ret:          7 } hitcount:      13375
{ common_pid: mc-worker       [    489307], ret:          7 } hitcount:      13602
{ common_pid: mc-worker       [    489309], ret:          7 } hitcount:      13850
{ common_pid: mc-worker       [    489306], ret:          7 } hitcount:      13905
{ common_pid: mc-worker       [    489312], ret:          7 } hitcount:      14045
{ common_pid: mc-worker       [    489310], ret:          7 } hitcount:      14169
{ common_pid: mc-worker       [    489305], ret:          7 } hitcount:      14617
{ common_pid: mc-worker       [    489311], ret:          6 } hitcount:      17260
{ common_pid: mc-worker       [    489309], ret:          6 } hitcount:      17522
{ common_pid: mc-worker       [    489310], ret:          6 } hitcount:      17571
{ common_pid: mc-worker       [    489308], ret:          6 } hitcount:      17593
{ common_pid: mc-worker       [    489306], ret:          6 } hitcount:      17610
{ common_pid: mc-worker       [    489307], ret:          6 } hitcount:      17783
{ common_pid: mc-worker       [    489312], ret:          6 } hitcount:      17815
{ common_pid: mc-worker       [    489305], ret:          6 } hitcount:      17949
{ common_pid: mc-worker       [    489305], ret:          4 } hitcount:      19288
{ common_pid: mc-worker       [    489305], ret:          5 } hitcount:      19289
{ common_pid: mc-worker       [    489310], ret:          5 } hitcount:      19735
{ common_pid: mc-worker       [    489306], ret:          5 } hitcount:      19748
{ common_pid: mc-worker       [    489307], ret:          5 } hitcount:      19878
{ common_pid: mc-worker       [    489310], ret:          4 } hitcount:      19897
{ common_pid: mc-worker       [    489312], ret:          5 } hitcount:      19911
{ common_pid: mc-worker       [    489311], ret:          5 } hitcount:      19933
{ common_pid: mc-worker       [    489305], ret:          3 } hitcount:      19942
{ common_pid: mc-worker       [    489309], ret:          5 } hitcount:      20027
{ common_pid: mc-worker       [    489312], ret:          4 } hitcount:      20037
{ common_pid: mc-worker       [    489308], ret:          5 } hitcount:      20051
{ common_pid: mc-worker       [    489309], ret:          4 } hitcount:      20092
{ common_pid: mc-worker       [    489306], ret:          4 } hitcount:      20284
{ common_pid: mc-worker       [    489307], ret:          4 } hitcount:      20318
{ common_pid: mc-worker       [    489312], ret:          3 } hitcount:      20591
{ common_pid: mc-worker       [    489310], ret:          3 } hitcount:      20620
{ common_pid: mc-worker       [    489306], ret:          3 } hitcount:      20623
{ common_pid: mc-worker       [    489307], ret:          3 } hitcount:      20761
{ common_pid: mc-worker       [    489308], ret:          4 } hitcount:      20770
{ common_pid: mc-worker       [    489311], ret:          4 } hitcount:      20808
{ common_pid: mc-worker       [    489309], ret:          3 } hitcount:      20878
{ common_pid: mc-worker       [    489311], ret:          3 } hitcount:      21295
{ common_pid: mc-worker       [    489308], ret:          3 } hitcount:      21403
{ common_pid: mc-worker       [    489309], ret:          2 } hitcount:      27696
{ common_pid: mc-worker       [    489311], ret:          2 } hitcount:      27930
{ common_pid: mc-worker       [    489310], ret:          2 } hitcount:      28209
{ common_pid: mc-worker       [    489306], ret:          2 } hitcount:      28226
{ common_pid: mc-worker       [    489312], ret:          2 } hitcount:      28257
{ common_pid: mc-worker       [    489307], ret:          2 } hitcount:      28450
{ common_pid: mc-worker       [    489308], ret:          2 } hitcount:      28535
{ common_pid: mc-worker       [    489305], ret:          2 } hitcount:      28617
{ common_pid: mc-worker       [    489311], ret:          1 } hitcount:      58652
{ common_pid: mc-worker       [    489308], ret:          1 } hitcount:      59329
{ common_pid: mc-worker       [    489309], ret:          1 } hitcount:      59488
{ common_pid: mc-worker       [    489306], ret:          1 } hitcount:      59625
{ common_pid: mc-worker       [    489307], ret:          1 } hitcount:      59701
{ common_pid: mc-worker       [    489310], ret:          1 } hitcount:      59915
{ common_pid: mc-worker       [    489312], ret:          1 } hitcount:      59981
{ common_pid: mc-worker       [    489305], ret:          1 } hitcount:      61609
