{ common_pid: mc-worker       [    435311], ret:         33 } hitcount:          1
{ common_pid: mc-worker       [    435313], ret:          9 } hitcount:          1
{ common_pid: mc-worker       [    435310], ret:          9 } hitcount:          1
{ common_pid: mc-worker       [    435313], ret:         11 } hitcount:          1
{ common_pid: mc-worker       [    435312], ret:        457 } hitcount:          1
{ common_pid: mc-worker       [    435308], ret:         32 } hitcount:          1
{ common_pid: mc-worker       [    435311], ret:         17 } hitcount:          1
{ common_pid: mc-worker       [    435315], ret:        479 } hitcount:          1
{ common_pid: mc-worker       [    435309], ret:         27 } hitcount:          1
{ common_pid: mc-worker       [    435308], ret:         12 } hitcount:          1
{ common_pid: mc-worker       [    435312], ret:          8 } hitcount:          1
{ common_pid: mc-worker       [    435312], ret:          9 } hitcount:          1
{ common_pid: mc-worker       [    435314], ret:         16 } hitcount:          1
{ common_pid: mc-worker       [    435312], ret:         41 } hitcount:          1
{ common_pid: mc-worker       [    435313], ret:         24 } hitcount:          1
{ common_pid: mc-worker       [    435313], ret:        457 } hitcount:          1
{ common_pid: mc-worker       [    435313], ret:          8 } hitcount:          1
{ common_pid: mc-worker       [    435310], ret:         29 } hitcount:          1
{ common_pid: mc-worker       [    435314], ret:        468 } hitcount:          1
{ common_pid: mc-worker       [    435312], ret:         20 } hitcount:          1
{ common_pid: mc-worker       [    435311], ret:        457 } hitcount:          1
{ common_pid: mc-worker       [    435308], ret:        466 } hitcount:          1
{ common_pid: mc-worker       [    435314], ret:         31 } hitcount:          1
{ common_pid: mc-worker       [    435309], ret:        466 } hitcount:          1
{ common_pid: mc-worker       [    435315], ret:         41 } hitcount:          1
{ common_pid: mc-worker       [    435309], ret:         19 } hitcount:          1
{ common_pid: mc-worker       [    435310], ret:          8 } hitcount:          1
{ common_pid: mc-worker       [    435310], ret:        491 } hitcount:          1
{ common_pid: mc-worker       [    435314], ret:         11 } hitcount:          2
{ common_pid: mc-worker       [    435309], ret:          8 } hitcount:          2
{ common_pid: mc-worker       [    435311], ret:          8 } hitcount:          2
{ common_pid: mc-worker       [    435311], ret:          9 } hitcount:          2
{ common_pid: mc-worker       [    435314], ret:          8 } hitcount:          3
{ common_pid: mc-worker       [    435315], ret:          8 } hitcount:          4
{ common_pid: mc-worker       [    435313], ret:          7 } hitcount:          5
{ common_pid: mc-worker       [    435308], ret:          7 } hitcount:          5
{ common_pid: mc-worker       [    435308], ret:          8 } hitcount:          6
{ common_pid: mc-worker       [    435311], ret:          7 } hitcount:          6
{ common_pid: mc-worker       [    435312], ret:          7 } hitcount:          8
{ common_pid: mc-worker       [    435309], ret:          7 } hitcount:          9
{ common_pid: mc-worker       [    435314], ret:          7 } hitcount:         12
{ common_pid: mc-worker       [    435310], ret:          7 } hitcount:         13
{ common_pid: mc-worker       [    435315], ret:          7 } hitcount:         16
{ common_pid: mc-worker       [    435308], ret:          6 } hitcount:         50
{ common_pid: mc-worker       [    435314], ret:          6 } hitcount:         54
{ common_pid: mc-worker       [    435313], ret:          6 } hitcount:         56
{ common_pid: mc-worker       [    435309], ret:          6 } hitcount:         59
{ common_pid: mc-worker       [    435315], ret:          6 } hitcount:         60
{ common_pid: mc-worker       [    435312], ret:          6 } hitcount:         62
{ common_pid: mc-worker       [    435310], ret:          6 } hitcount:         67
{ common_pid: mc-worker       [    435311], ret:          6 } hitcount:         72
{ common_pid: mc-worker       [    435312], ret:          5 } hitcount:        395
{ common_pid: mc-worker       [    435313], ret:          5 } hitcount:        420
{ common_pid: mc-worker       [    435314], ret:          5 } hitcount:        475
{ common_pid: mc-worker       [    435309], ret:          5 } hitcount:        496
{ common_pid: mc-worker       [    435308], ret:          5 } hitcount:        498
{ common_pid: mc-worker       [    435311], ret:          5 } hitcount:        513
{ common_pid: mc-worker       [    435315], ret:          5 } hitcount:        513
{ common_pid: mc-worker       [    435310], ret:          5 } hitcount:        525
{ common_pid: mc-worker       [    435313], ret:          4 } hitcount:       3330
{ common_pid: mc-worker       [    435312], ret:          4 } hitcount:       3532
{ common_pid: mc-worker       [    435311], ret:          4 } hitcount:       3849
{ common_pid: mc-worker       [    435308], ret:          4 } hitcount:       3868
{ common_pid: mc-worker       [    435309], ret:          4 } hitcount:       3893
{ common_pid: mc-worker       [    435314], ret:          4 } hitcount:       3953
{ common_pid: mc-worker       [    435315], ret:          4 } hitcount:       4112
{ common_pid: mc-worker       [    435310], ret:          4 } hitcount:       4216
{ common_pid: mc-worker       [    435313], ret:          3 } hitcount:      23384
{ common_pid: mc-worker       [    435312], ret:          3 } hitcount:      23676
{ common_pid: mc-worker       [    435308], ret:          3 } hitcount:      25131
{ common_pid: mc-worker       [    435311], ret:          3 } hitcount:      25173
{ common_pid: mc-worker       [    435314], ret:          3 } hitcount:      25272
{ common_pid: mc-worker       [    435309], ret:          3 } hitcount:      25665
{ common_pid: mc-worker       [    435310], ret:          3 } hitcount:      27004
{ common_pid: mc-worker       [    435315], ret:          3 } hitcount:      27155
{ common_pid: mc-worker       [    435313], ret:          2 } hitcount:     118199
{ common_pid: mc-worker       [    435312], ret:          2 } hitcount:     118795
{ common_pid: mc-worker       [    435308], ret:          2 } hitcount:     123094
{ common_pid: mc-worker       [    435314], ret:          2 } hitcount:     123133
{ common_pid: mc-worker       [    435311], ret:          2 } hitcount:     123726
{ common_pid: mc-worker       [    435309], ret:          2 } hitcount:     124656
{ common_pid: mc-worker       [    435310], ret:          2 } hitcount:     128019
{ common_pid: mc-worker       [    435315], ret:          2 } hitcount:     129194
{ common_pid: mc-worker       [    435312], ret:          1 } hitcount:     405617
{ common_pid: mc-worker       [    435313], ret:          1 } hitcount:     406341
{ common_pid: mc-worker       [    435314], ret:          1 } hitcount:     409090
{ common_pid: mc-worker       [    435311], ret:          1 } hitcount:     410531
{ common_pid: mc-worker       [    435309], ret:          1 } hitcount:     410795
{ common_pid: mc-worker       [    435308], ret:          1 } hitcount:     410950
{ common_pid: mc-worker       [    435310], ret:          1 } hitcount:     413497
{ common_pid: mc-worker       [    435315], ret:          1 } hitcount:     415934
