{ common_pid: mc-worker       [    432717], ret:        242 } hitcount:          1
{ common_pid: mc-worker       [    432714], ret:        505 } hitcount:          1
{ common_pid: mc-worker       [    432717], ret:          8 } hitcount:          1
{ common_pid: mc-worker       [    432715], ret:        500 } hitcount:          1
{ common_pid: mc-worker       [    432717], ret:        303 } hitcount:          1
{ common_pid: mc-worker       [    432720], ret:        101 } hitcount:          1
{ common_pid: mc-worker       [    432716], ret:          8 } hitcount:          1
{ common_pid: mc-worker       [    432718], ret:         15 } hitcount:          1
{ common_pid: mc-worker       [    432716], ret:         30 } hitcount:          1
{ common_pid: mc-worker       [    432719], ret:        323 } hitcount:          1
{ common_pid: mc-worker       [    432716], ret:        451 } hitcount:          1
{ common_pid: mc-worker       [    432715], ret:         15 } hitcount:          1
{ common_pid: mc-worker       [    432715], ret:          8 } hitcount:          1
{ common_pid: mc-worker       [    432714], ret:         29 } hitcount:          1
{ common_pid: mc-worker       [    432720], ret:        431 } hitcount:          1
{ common_pid: mc-worker       [    432713], ret:         33 } hitcount:          1
{ common_pid: mc-worker       [    432718], ret:        482 } hitcount:          1
{ common_pid: mc-worker       [    432720], ret:          9 } hitcount:          1
{ common_pid: mc-worker       [    432719], ret:        216 } hitcount:          1
{ common_pid: mc-worker       [    432719], ret:         11 } hitcount:          1
{ common_pid: mc-worker       [    432713], ret:        508 } hitcount:          1
{ common_pid: mc-worker       [    432713], ret:          7 } hitcount:          1
{ common_pid: mc-worker       [    432720], ret:          8 } hitcount:          1
{ common_pid: mc-worker       [    432714], ret:          7 } hitcount:          1
{ common_pid: mc-worker       [    432718], ret:         59 } hitcount:          1
{ common_pid: mc-worker       [    432715], ret:         26 } hitcount:          1
{ common_pid: mc-worker       [    432713], ret:          8 } hitcount:          1
{ common_pid: mc-worker       [    432714], ret:         17 } hitcount:          1
{ common_pid: mc-worker       [    432713], ret:          9 } hitcount:          1
{ common_pid: mc-worker       [    432714], ret:         10 } hitcount:          1
{ common_pid: mc-worker       [    432715], ret:          7 } hitcount:          3
{ common_pid: mc-worker       [    432716], ret:          6 } hitcount:          4
{ common_pid: mc-worker       [    432718], ret:          6 } hitcount:          6
{ common_pid: mc-worker       [    432717], ret:          6 } hitcount:          6
{ common_pid: mc-worker       [    432719], ret:          6 } hitcount:          6
{ common_pid: mc-worker       [    432720], ret:          6 } hitcount:          8
{ common_pid: mc-worker       [    432715], ret:          6 } hitcount:          8
{ common_pid: mc-worker       [    432714], ret:          6 } hitcount:          8
{ common_pid: mc-worker       [    432713], ret:          6 } hitcount:         11
{ common_pid: mc-worker       [    432716], ret:          5 } hitcount:         38
{ common_pid: mc-worker       [    432718], ret:          5 } hitcount:         70
{ common_pid: mc-worker       [    432715], ret:          5 } hitcount:         70
{ common_pid: mc-worker       [    432713], ret:          5 } hitcount:         71
{ common_pid: mc-worker       [    432714], ret:          5 } hitcount:         72
{ common_pid: mc-worker       [    432720], ret:          5 } hitcount:         74
{ common_pid: mc-worker       [    432719], ret:          5 } hitcount:         78
{ common_pid: mc-worker       [    432717], ret:          5 } hitcount:         94
{ common_pid: mc-worker       [    432716], ret:          4 } hitcount:        751
{ common_pid: mc-worker       [    432715], ret:          4 } hitcount:        856
{ common_pid: mc-worker       [    432720], ret:          4 } hitcount:        879
{ common_pid: mc-worker       [    432714], ret:          4 } hitcount:        950
{ common_pid: mc-worker       [    432718], ret:          4 } hitcount:       1007
{ common_pid: mc-worker       [    432719], ret:          4 } hitcount:       1023
{ common_pid: mc-worker       [    432717], ret:          4 } hitcount:       1026
{ common_pid: mc-worker       [    432713], ret:          4 } hitcount:       1067
{ common_pid: mc-worker       [    432716], ret:          3 } hitcount:       8285
{ common_pid: mc-worker       [    432715], ret:          3 } hitcount:       9700
{ common_pid: mc-worker       [    432720], ret:          3 } hitcount:      10003
{ common_pid: mc-worker       [    432714], ret:          3 } hitcount:      10411
{ common_pid: mc-worker       [    432718], ret:          3 } hitcount:      10519
{ common_pid: mc-worker       [    432713], ret:          3 } hitcount:      11077
{ common_pid: mc-worker       [    432717], ret:          3 } hitcount:      11101
{ common_pid: mc-worker       [    432719], ret:          3 } hitcount:      11382
{ common_pid: mc-worker       [    432716], ret:          2 } hitcount:      77969
{ common_pid: mc-worker       [    432715], ret:          2 } hitcount:      86707
{ common_pid: mc-worker       [    432720], ret:          2 } hitcount:      87887
{ common_pid: mc-worker       [    432714], ret:          2 } hitcount:      89763
{ common_pid: mc-worker       [    432718], ret:          2 } hitcount:      91060
{ common_pid: mc-worker       [    432713], ret:          2 } hitcount:      92633
{ common_pid: mc-worker       [    432717], ret:          2 } hitcount:      93102
{ common_pid: mc-worker       [    432719], ret:          2 } hitcount:      94531
{ common_pid: mc-worker       [    432716], ret:          1 } hitcount:     509193
{ common_pid: mc-worker       [    432715], ret:          1 } hitcount:     533778
{ common_pid: mc-worker       [    432720], ret:          1 } hitcount:     535697
{ common_pid: mc-worker       [    432718], ret:          1 } hitcount:     540658
{ common_pid: mc-worker       [    432714], ret:          1 } hitcount:     540674
{ common_pid: mc-worker       [    432713], ret:          1 } hitcount:     545106
{ common_pid: mc-worker       [    432717], ret:          1 } hitcount:     546341
{ common_pid: mc-worker       [    432719], ret:          1 } hitcount:     549074
