{ common_pid: mc-worker       [    330811], ret:         80 } hitcount:          1
{ common_pid: mc-worker       [    330813], ret:        100 } hitcount:          1
{ common_pid: mc-worker       [    330813], ret:         92 } hitcount:          1
{ common_pid: mc-worker       [    330810], ret:        123 } hitcount:          1
{ common_pid: mc-worker       [    330810], ret:         90 } hitcount:          1
{ common_pid: mc-worker       [    330811], ret:         88 } hitcount:          1
{ common_pid: mc-worker       [    330813], ret:        436 } hitcount:          1
{ common_pid: mc-worker       [    330811], ret:         84 } hitcount:          1
{ common_pid: mc-worker       [    330812], ret:         74 } hitcount:          1
{ common_pid: mc-worker       [    330815], ret:        105 } hitcount:          1
{ common_pid: mc-worker       [    330811], ret:         91 } hitcount:          1
{ common_pid: mc-worker       [    330808], ret:         88 } hitcount:          1
{ common_pid: mc-worker       [    330814], ret:         82 } hitcount:          1
{ common_pid: mc-worker       [    330814], ret:        450 } hitcount:          1
{ common_pid: mc-worker       [    330810], ret:         71 } hitcount:          1
{ common_pid: mc-worker       [    330815], ret:         83 } hitcount:          1
{ common_pid: mc-worker       [    330812], ret:         84 } hitcount:          1
{ common_pid: mc-worker       [    330812], ret:         80 } hitcount:          1
{ common_pid: mc-worker       [    330809], ret:         77 } hitcount:          1
{ common_pid: mc-worker       [    330808], ret:        121 } hitcount:          1
{ common_pid: mc-worker       [    330814], ret:         75 } hitcount:          1
{ common_pid: mc-worker       [    330811], ret:        103 } hitcount:          1
{ common_pid: mc-worker       [    330808], ret:        364 } hitcount:          1
{ common_pid: mc-worker       [    330810], ret:        483 } hitcount:          1
{ common_pid: mc-worker       [    330815], ret:         73 } hitcount:          1
{ common_pid: mc-worker       [    330815], ret:         81 } hitcount:          1
{ common_pid: mc-worker       [    330815], ret:        154 } hitcount:          1
{ common_pid: mc-worker       [    330812], ret:        404 } hitcount:          1
{ common_pid: mc-worker       [    330814], ret:         72 } hitcount:          1
{ common_pid: mc-worker       [    330808], ret:        167 } hitcount:          1
{ common_pid: mc-worker       [    330815], ret:        468 } hitcount:          1
{ common_pid: mc-worker       [    330809], ret:        480 } hitcount:          1
{ common_pid: mc-worker       [    330812], ret:         72 } hitcount:          1
{ common_pid: mc-worker       [    330811], ret:        102 } hitcount:          1
{ common_pid: mc-worker       [    330811], ret:         92 } hitcount:          1
{ common_pid: mc-worker       [    330810], ret:         79 } hitcount:          1
{ common_pid: mc-worker       [    330812], ret:         73 } hitcount:          1
{ common_pid: mc-worker       [    330811], ret:         85 } hitcount:          1
{ common_pid: mc-worker       [    330814], ret:         73 } hitcount:          1
{ common_pid: mc-worker       [    330815], ret:        109 } hitcount:          1
{ common_pid: mc-worker       [    330810], ret:        198 } hitcount:          1
{ common_pid: mc-worker       [    330812], ret:        105 } hitcount:          1
{ common_pid: mc-worker       [    330815], ret:         87 } hitcount:          1
{ common_pid: mc-worker       [    330809], ret:        109 } hitcount:          1
{ common_pid: mc-worker       [    330811], ret:        418 } hitcount:          1
{ common_pid: mc-worker       [    330812], ret:         70 } hitcount:          2
{ common_pid: mc-worker       [    330811], ret:         72 } hitcount:          2
{ common_pid: mc-worker       [    330815], ret:         72 } hitcount:          2
{ common_pid: mc-worker       [    330814], ret:         71 } hitcount:          2
{ common_pid: mc-worker       [    330808], ret:         75 } hitcount:          2
{ common_pid: mc-worker       [    330810], ret:         72 } hitcount:          2
{ common_pid: mc-worker       [    330808], ret:         77 } hitcount:          2
{ common_pid: mc-worker       [    330812], ret:         75 } hitcount:          2
{ common_pid: mc-worker       [    330813], ret:         73 } hitcount:          2
{ common_pid: mc-worker       [    330808], ret:         73 } hitcount:          2
{ common_pid: mc-worker       [    330810], ret:         73 } hitcount:          2
{ common_pid: mc-worker       [    330811], ret:         82 } hitcount:          2
{ common_pid: mc-worker       [    330815], ret:         71 } hitcount:          2
{ common_pid: mc-worker       [    330809], ret:         72 } hitcount:          3
{ common_pid: mc-worker       [    330813], ret:         74 } hitcount:          3
{ common_pid: mc-worker       [    330811], ret:         73 } hitcount:          3
{ common_pid: mc-worker       [    330813], ret:         51 } hitcount:          4
{ common_pid: mc-worker       [    330815], ret:         52 } hitcount:          4
{ common_pid: mc-worker       [    330812], ret:         71 } hitcount:          4
{ common_pid: mc-worker       [    330814], ret:         70 } hitcount:          4
{ common_pid: mc-worker       [    330811], ret:         71 } hitcount:          4
{ common_pid: mc-worker       [    330809], ret:         70 } hitcount:          4
{ common_pid: mc-worker       [    330814], ret:         69 } hitcount:          5
{ common_pid: mc-worker       [    330809], ret:         69 } hitcount:          5
{ common_pid: mc-worker       [    330815], ret:         70 } hitcount:          5
{ common_pid: mc-worker       [    330814], ret:         67 } hitcount:          5
{ common_pid: mc-worker       [    330813], ret:         70 } hitcount:          5
{ common_pid: mc-worker       [    330814], ret:         55 } hitcount:          6
{ common_pid: mc-worker       [    330813], ret:         71 } hitcount:          6
{ common_pid: mc-worker       [    330810], ret:         69 } hitcount:          6
{ common_pid: mc-worker       [    330814], ret:         53 } hitcount:          6
{ common_pid: mc-worker       [    330811], ret:         70 } hitcount:          6
{ common_pid: mc-worker       [    330813], ret:         72 } hitcount:          6
{ common_pid: mc-worker       [    330808], ret:         71 } hitcount:          6
{ common_pid: mc-worker       [    330812], ret:         54 } hitcount:          6
{ common_pid: mc-worker       [    330813], ret:         49 } hitcount:          7
{ common_pid: mc-worker       [    330814], ret:         68 } hitcount:          7
{ common_pid: mc-worker       [    330809], ret:         71 } hitcount:          7
{ common_pid: mc-worker       [    330808], ret:         54 } hitcount:          7
{ common_pid: mc-worker       [    330814], ret:         57 } hitcount:          7
{ common_pid: mc-worker       [    330811], ret:         53 } hitcount:          7
{ common_pid: mc-worker       [    330811], ret:         51 } hitcount:          7
{ common_pid: mc-worker       [    330812], ret:         69 } hitcount:          7
{ common_pid: mc-worker       [    330810], ret:         68 } hitcount:          7
{ common_pid: mc-worker       [    330815], ret:         59 } hitcount:          7
{ common_pid: mc-worker       [    330811], ret:         54 } hitcount:          7
{ common_pid: mc-worker       [    330808], ret:         70 } hitcount:          8
{ common_pid: mc-worker       [    330812], ret:         56 } hitcount:          8
{ common_pid: mc-worker       [    330810], ret:         57 } hitcount:          8
{ common_pid: mc-worker       [    330814], ret:         66 } hitcount:          8
{ common_pid: mc-worker       [    330810], ret:         53 } hitcount:          8
{ common_pid: mc-worker       [    330808], ret:         53 } hitcount:          8
{ common_pid: mc-worker       [    330814], ret:         59 } hitcount:          8
{ common_pid: mc-worker       [    330815], ret:         57 } hitcount:          8
{ common_pid: mc-worker       [    330809], ret:         68 } hitcount:          8
{ common_pid: mc-worker       [    330810], ret:         70 } hitcount:          8
{ common_pid: mc-worker       [    330809], ret:         52 } hitcount:          8
{ common_pid: mc-worker       [    330810], ret:         52 } hitcount:          8
{ common_pid: mc-worker       [    330815], ret:         50 } hitcount:          8
{ common_pid: mc-worker       [    330811], ret:         56 } hitcount:          8
{ common_pid: mc-worker       [    330808], ret:         69 } hitcount:          8
{ common_pid: mc-worker       [    330814], ret:         65 } hitcount:          8
{ common_pid: mc-worker       [    330815], ret:         68 } hitcount:          8
{ common_pid: mc-worker       [    330814], ret:         52 } hitcount:          8
{ common_pid: mc-worker       [    330813], ret:         54 } hitcount:          9
{ common_pid: mc-worker       [    330812], ret:         48 } hitcount:          9
{ common_pid: mc-worker       [    330809], ret:         55 } hitcount:          9
{ common_pid: mc-worker       [    330808], ret:         51 } hitcount:          9
{ common_pid: mc-worker       [    330812], ret:         53 } hitcount:          9
{ common_pid: mc-worker       [    330811], ret:         67 } hitcount:          9
{ common_pid: mc-worker       [    330813], ret:         56 } hitcount:          9
{ common_pid: mc-worker       [    330812], ret:         67 } hitcount:          9
{ common_pid: mc-worker       [    330809], ret:         56 } hitcount:          9
{ common_pid: mc-worker       [    330812], ret:         49 } hitcount:          9
{ common_pid: mc-worker       [    330815], ret:         55 } hitcount:          9
{ common_pid: mc-worker       [    330812], ret:         55 } hitcount:          9
{ common_pid: mc-worker       [    330811], ret:         46 } hitcount:          9
{ common_pid: mc-worker       [    330809], ret:         51 } hitcount:          9
{ common_pid: mc-worker       [    330811], ret:         57 } hitcount:          9
{ common_pid: mc-worker       [    330815], ret:         69 } hitcount:         10
{ common_pid: mc-worker       [    330813], ret:         69 } hitcount:         10
{ common_pid: mc-worker       [    330811], ret:         45 } hitcount:         10
{ common_pid: mc-worker       [    330810], ret:         55 } hitcount:         10
{ common_pid: mc-worker       [    330813], ret:         55 } hitcount:         10
{ common_pid: mc-worker       [    330815], ret:         54 } hitcount:         10
{ common_pid: mc-worker       [    330808], ret:         58 } hitcount:         10
{ common_pid: mc-worker       [    330812], ret:         61 } hitcount:         10
{ common_pid: mc-worker       [    330813], ret:         52 } hitcount:         10
{ common_pid: mc-worker       [    330812], ret:         52 } hitcount:         10
{ common_pid: mc-worker       [    330809], ret:         57 } hitcount:         10
{ common_pid: mc-worker       [    330815], ret:         53 } hitcount:         11
{ common_pid: mc-worker       [    330810], ret:         67 } hitcount:         11
{ common_pid: mc-worker       [    330814], ret:         61 } hitcount:         11
{ common_pid: mc-worker       [    330815], ret:         48 } hitcount:         11
{ common_pid: mc-worker       [    330812], ret:         68 } hitcount:         11
{ common_pid: mc-worker       [    330815], ret:         66 } hitcount:         11
{ common_pid: mc-worker       [    330810], ret:         65 } hitcount:         11
{ common_pid: mc-worker       [    330808], ret:         49 } hitcount:         11
{ common_pid: mc-worker       [    330809], ret:         54 } hitcount:         11
{ common_pid: mc-worker       [    330814], ret:         50 } hitcount:         11
{ common_pid: mc-worker       [    330812], ret:         50 } hitcount:         11
{ common_pid: mc-worker       [    330812], ret:         58 } hitcount:         11
{ common_pid: mc-worker       [    330808], ret:         56 } hitcount:         11
{ common_pid: mc-worker       [    330814], ret:         60 } hitcount:         11
{ common_pid: mc-worker       [    330811], ret:         50 } hitcount:         12
{ common_pid: mc-worker       [    330813], ret:         60 } hitcount:         12
{ common_pid: mc-worker       [    330813], ret:         53 } hitcount:         12
{ common_pid: mc-worker       [    330815], ret:         51 } hitcount:         12
{ common_pid: mc-worker       [    330814], ret:         54 } hitcount:         12
{ common_pid: mc-worker       [    330812], ret:         51 } hitcount:         12
{ common_pid: mc-worker       [    330814], ret:         56 } hitcount:         12
{ common_pid: mc-worker       [    330812], ret:         45 } hitcount:         12
{ common_pid: mc-worker       [    330814], ret:         49 } hitcount:         12
{ common_pid: mc-worker       [    330808], ret:         60 } hitcount:         13
{ common_pid: mc-worker       [    330808], ret:         48 } hitcount:         13
{ common_pid: mc-worker       [    330811], ret:         66 } hitcount:         13
{ common_pid: mc-worker       [    330813], ret:         50 } hitcount:         13
{ common_pid: mc-worker       [    330814], ret:         64 } hitcount:         13
{ common_pid: mc-worker       [    330811], ret:         47 } hitcount:         13
{ common_pid: mc-worker       [    330814], ret:         58 } hitcount:         13
{ common_pid: mc-worker       [    330809], ret:         67 } hitcount:         13
{ common_pid: mc-worker       [    330809], ret:         50 } hitcount:         13
{ common_pid: mc-worker       [    330808], ret:         45 } hitcount:         13
{ common_pid: mc-worker       [    330809], ret:         59 } hitcount:         13
{ common_pid: mc-worker       [    330815], ret:         56 } hitcount:         13
{ common_pid: mc-worker       [    330812], ret:         57 } hitcount:         13
{ common_pid: mc-worker       [    330814], ret:         51 } hitcount:         13
{ common_pid: mc-worker       [    330813], ret:         58 } hitcount:         13
{ common_pid: mc-worker       [    330810], ret:         58 } hitcount:         13
{ common_pid: mc-worker       [    330815], ret:         49 } hitcount:         13
{ common_pid: mc-worker       [    330814], ret:         46 } hitcount:         13
{ common_pid: mc-worker       [    330808], ret:         50 } hitcount:         13
{ common_pid: mc-worker       [    330815], ret:         45 } hitcount:         14
{ common_pid: mc-worker       [    330813], ret:         46 } hitcount:         14
{ common_pid: mc-worker       [    330815], ret:         64 } hitcount:         14
{ common_pid: mc-worker       [    330811], ret:         68 } hitcount:         14
{ common_pid: mc-worker       [    330813], ret:         68 } hitcount:         14
{ common_pid: mc-worker       [    330810], ret:         50 } hitcount:         14
{ common_pid: mc-worker       [    330814], ret:         63 } hitcount:         14
{ common_pid: mc-worker       [    330812], ret:         47 } hitcount:         14
{ common_pid: mc-worker       [    330811], ret:         48 } hitcount:         14
{ common_pid: mc-worker       [    330808], ret:         52 } hitcount:         14
{ common_pid: mc-worker       [    330814], ret:         47 } hitcount:         14
{ common_pid: mc-worker       [    330815], ret:         58 } hitcount:         14
{ common_pid: mc-worker       [    330813], ret:         41 } hitcount:         15
{ common_pid: mc-worker       [    330813], ret:         57 } hitcount:         15
{ common_pid: mc-worker       [    330811], ret:         69 } hitcount:         15
{ common_pid: mc-worker       [    330809], ret:         53 } hitcount:         15
{ common_pid: mc-worker       [    330815], ret:         67 } hitcount:         15
{ common_pid: mc-worker       [    330812], ret:         44 } hitcount:         15
{ common_pid: mc-worker       [    330813], ret:         59 } hitcount:         15
{ common_pid: mc-worker       [    330808], ret:         67 } hitcount:         15
{ common_pid: mc-worker       [    330812], ret:         59 } hitcount:         15
{ common_pid: mc-worker       [    330813], ret:         61 } hitcount:         15
{ common_pid: mc-worker       [    330812], ret:         46 } hitcount:         15
{ common_pid: mc-worker       [    330810], ret:         48 } hitcount:         15
{ common_pid: mc-worker       [    330809], ret:         46 } hitcount:         15
{ common_pid: mc-worker       [    330810], ret:         54 } hitcount:         16
{ common_pid: mc-worker       [    330815], ret:         44 } hitcount:         16
{ common_pid: mc-worker       [    330809], ret:         47 } hitcount:         16
{ common_pid: mc-worker       [    330811], ret:         55 } hitcount:         16
{ common_pid: mc-worker       [    330810], ret:         56 } hitcount:         16
{ common_pid: mc-worker       [    330814], ret:         44 } hitcount:         16
{ common_pid: mc-worker       [    330813], ret:         43 } hitcount:         16
{ common_pid: mc-worker       [    330813], ret:         47 } hitcount:         16
{ common_pid: mc-worker       [    330815], ret:         65 } hitcount:         16
{ common_pid: mc-worker       [    330808], ret:         55 } hitcount:         16
{ common_pid: mc-worker       [    330809], ret:         61 } hitcount:         16
{ common_pid: mc-worker       [    330813], ret:         65 } hitcount:         16
{ common_pid: mc-worker       [    330810], ret:         51 } hitcount:         16
{ common_pid: mc-worker       [    330813], ret:         67 } hitcount:         16
{ common_pid: mc-worker       [    330813], ret:         62 } hitcount:         16
{ common_pid: mc-worker       [    330811], ret:         60 } hitcount:         16
{ common_pid: mc-worker       [    330811], ret:         58 } hitcount:         17
{ common_pid: mc-worker       [    330809], ret:         49 } hitcount:         17
{ common_pid: mc-worker       [    330811], ret:         49 } hitcount:         17
{ common_pid: mc-worker       [    330810], ret:         42 } hitcount:         17
{ common_pid: mc-worker       [    330808], ret:         47 } hitcount:         17
{ common_pid: mc-worker       [    330808], ret:         46 } hitcount:         17
{ common_pid: mc-worker       [    330813], ret:         48 } hitcount:         17
{ common_pid: mc-worker       [    330811], ret:         64 } hitcount:         17
{ common_pid: mc-worker       [    330810], ret:         66 } hitcount:         17
{ common_pid: mc-worker       [    330812], ret:         60 } hitcount:         17
{ common_pid: mc-worker       [    330810], ret:         59 } hitcount:         17
{ common_pid: mc-worker       [    330808], ret:         61 } hitcount:         17
{ common_pid: mc-worker       [    330812], ret:         39 } hitcount:         17
{ common_pid: mc-worker       [    330809], ret:         62 } hitcount:         17
{ common_pid: mc-worker       [    330810], ret:         49 } hitcount:         17
{ common_pid: mc-worker       [    330809], ret:         60 } hitcount:         18
{ common_pid: mc-worker       [    330811], ret:         59 } hitcount:         18
{ common_pid: mc-worker       [    330809], ret:         63 } hitcount:         18
{ common_pid: mc-worker       [    330810], ret:         46 } hitcount:         18
{ common_pid: mc-worker       [    330813], ret:         66 } hitcount:         18
{ common_pid: mc-worker       [    330809], ret:         58 } hitcount:         18
{ common_pid: mc-worker       [    330809], ret:         48 } hitcount:         18
{ common_pid: mc-worker       [    330814], ret:         62 } hitcount:         18
{ common_pid: mc-worker       [    330812], ret:         62 } hitcount:         19
{ common_pid: mc-worker       [    330808], ret:         65 } hitcount:         19
{ common_pid: mc-worker       [    330812], ret:         66 } hitcount:         19
{ common_pid: mc-worker       [    330810], ret:         41 } hitcount:         19
{ common_pid: mc-worker       [    330811], ret:         52 } hitcount:         19
{ common_pid: mc-worker       [    330813], ret:         64 } hitcount:         19
{ common_pid: mc-worker       [    330815], ret:         62 } hitcount:         19
{ common_pid: mc-worker       [    330810], ret:         43 } hitcount:         19
{ common_pid: mc-worker       [    330812], ret:         65 } hitcount:         19
{ common_pid: mc-worker       [    330808], ret:         57 } hitcount:         19
{ common_pid: mc-worker       [    330809], ret:         65 } hitcount:         19
{ common_pid: mc-worker       [    330808], ret:         59 } hitcount:         20
{ common_pid: mc-worker       [    330810], ret:         61 } hitcount:         20
{ common_pid: mc-worker       [    330810], ret:         60 } hitcount:         20
{ common_pid: mc-worker       [    330815], ret:         46 } hitcount:         20
{ common_pid: mc-worker       [    330809], ret:         66 } hitcount:         20
{ common_pid: mc-worker       [    330809], ret:         45 } hitcount:         20
{ common_pid: mc-worker       [    330808], ret:         66 } hitcount:         21
{ common_pid: mc-worker       [    330811], ret:         39 } hitcount:         21
{ common_pid: mc-worker       [    330813], ret:         45 } hitcount:         21
{ common_pid: mc-worker       [    330809], ret:         41 } hitcount:         21
{ common_pid: mc-worker       [    330813], ret:         63 } hitcount:         21
{ common_pid: mc-worker       [    330815], ret:         60 } hitcount:         21
{ common_pid: mc-worker       [    330808], ret:         44 } hitcount:         21
{ common_pid: mc-worker       [    330812], ret:         43 } hitcount:         21
{ common_pid: mc-worker       [    330810], ret:         47 } hitcount:         22
{ common_pid: mc-worker       [    330810], ret:         44 } hitcount:         22
{ common_pid: mc-worker       [    330808], ret:         68 } hitcount:         22
{ common_pid: mc-worker       [    330815], ret:         47 } hitcount:         22
{ common_pid: mc-worker       [    330808], ret:         62 } hitcount:         22
{ common_pid: mc-worker       [    330815], ret:         40 } hitcount:         22
{ common_pid: mc-worker       [    330809], ret:         64 } hitcount:         23
{ common_pid: mc-worker       [    330814], ret:         45 } hitcount:         23
{ common_pid: mc-worker       [    330814], ret:         43 } hitcount:         23
{ common_pid: mc-worker       [    330808], ret:         64 } hitcount:         23
{ common_pid: mc-worker       [    330814], ret:         48 } hitcount:         23
{ common_pid: mc-worker       [    330809], ret:         43 } hitcount:         23
{ common_pid: mc-worker       [    330809], ret:         42 } hitcount:         23
{ common_pid: mc-worker       [    330810], ret:         64 } hitcount:         24
{ common_pid: mc-worker       [    330812], ret:         41 } hitcount:         24
{ common_pid: mc-worker       [    330815], ret:         42 } hitcount:         24
{ common_pid: mc-worker       [    330809], ret:         44 } hitcount:         24
{ common_pid: mc-worker       [    330812], ret:         64 } hitcount:         24
{ common_pid: mc-worker       [    330811], ret:         44 } hitcount:         24
{ common_pid: mc-worker       [    330811], ret:         61 } hitcount:         25
{ common_pid: mc-worker       [    330812], ret:         42 } hitcount:         25
{ common_pid: mc-worker       [    330810], ret:         45 } hitcount:         25
{ common_pid: mc-worker       [    330811], ret:         63 } hitcount:         25
{ common_pid: mc-worker       [    330813], ret:         38 } hitcount:         25
{ common_pid: mc-worker       [    330815], ret:         63 } hitcount:         25
{ common_pid: mc-worker       [    330808], ret:         63 } hitcount:         26
{ common_pid: mc-worker       [    330808], ret:         39 } hitcount:         26
{ common_pid: mc-worker       [    330812], ret:         40 } hitcount:         27
{ common_pid: mc-worker       [    330810], ret:         63 } hitcount:         27
{ common_pid: mc-worker       [    330813], ret:         44 } hitcount:         27
{ common_pid: mc-worker       [    330815], ret:         61 } hitcount:         27
{ common_pid: mc-worker       [    330811], ret:         65 } hitcount:         28
{ common_pid: mc-worker       [    330812], ret:         63 } hitcount:         28
{ common_pid: mc-worker       [    330808], ret:         42 } hitcount:         28
{ common_pid: mc-worker       [    330813], ret:         42 } hitcount:         28
{ common_pid: mc-worker       [    330811], ret:         62 } hitcount:         28
{ common_pid: mc-worker       [    330812], ret:         34 } hitcount:         28
{ common_pid: mc-worker       [    330813], ret:         39 } hitcount:         28
{ common_pid: mc-worker       [    330811], ret:         42 } hitcount:         28
{ common_pid: mc-worker       [    330812], ret:         37 } hitcount:         29
{ common_pid: mc-worker       [    330811], ret:         43 } hitcount:         29
{ common_pid: mc-worker       [    330814], ret:         41 } hitcount:         29
{ common_pid: mc-worker       [    330808], ret:         43 } hitcount:         30
{ common_pid: mc-worker       [    330814], ret:         42 } hitcount:         30
{ common_pid: mc-worker       [    330815], ret:         41 } hitcount:         30
{ common_pid: mc-worker       [    330810], ret:         62 } hitcount:         31
{ common_pid: mc-worker       [    330815], ret:         43 } hitcount:         31
{ common_pid: mc-worker       [    330811], ret:         38 } hitcount:         32
{ common_pid: mc-worker       [    330808], ret:         41 } hitcount:         32
{ common_pid: mc-worker       [    330813], ret:         37 } hitcount:         32
{ common_pid: mc-worker       [    330808], ret:         38 } hitcount:         32
{ common_pid: mc-worker       [    330815], ret:         38 } hitcount:         32
{ common_pid: mc-worker       [    330810], ret:         39 } hitcount:         33
{ common_pid: mc-worker       [    330811], ret:         36 } hitcount:         33
{ common_pid: mc-worker       [    330813], ret:         40 } hitcount:         33
{ common_pid: mc-worker       [    330813], ret:         36 } hitcount:         33
{ common_pid: mc-worker       [    330814], ret:         38 } hitcount:         34
{ common_pid: mc-worker       [    330812], ret:         38 } hitcount:         34
{ common_pid: mc-worker       [    330809], ret:         40 } hitcount:         34
{ common_pid: mc-worker       [    330811], ret:         41 } hitcount:         35
{ common_pid: mc-worker       [    330809], ret:         39 } hitcount:         35
{ common_pid: mc-worker       [    330808], ret:         40 } hitcount:         36
{ common_pid: mc-worker       [    330811], ret:         40 } hitcount:         37
{ common_pid: mc-worker       [    330812], ret:         36 } hitcount:         38
{ common_pid: mc-worker       [    330812], ret:         33 } hitcount:         38
{ common_pid: mc-worker       [    330811], ret:         37 } hitcount:         38
{ common_pid: mc-worker       [    330810], ret:         40 } hitcount:         39
{ common_pid: mc-worker       [    330810], ret:         36 } hitcount:         40
{ common_pid: mc-worker       [    330815], ret:         39 } hitcount:         40
{ common_pid: mc-worker       [    330813], ret:         35 } hitcount:         40
{ common_pid: mc-worker       [    330814], ret:         40 } hitcount:         40
{ common_pid: mc-worker       [    330815], ret:         37 } hitcount:         40
{ common_pid: mc-worker       [    330812], ret:         32 } hitcount:         41
{ common_pid: mc-worker       [    330810], ret:         38 } hitcount:         41
{ common_pid: mc-worker       [    330809], ret:         38 } hitcount:         43
{ common_pid: mc-worker       [    330812], ret:         35 } hitcount:         43
{ common_pid: mc-worker       [    330813], ret:         33 } hitcount:         45
{ common_pid: mc-worker       [    330811], ret:         31 } hitcount:         45
{ common_pid: mc-worker       [    330813], ret:         32 } hitcount:         45
{ common_pid: mc-worker       [    330814], ret:         37 } hitcount:         46
{ common_pid: mc-worker       [    330815], ret:         36 } hitcount:         46
{ common_pid: mc-worker       [    330809], ret:         34 } hitcount:         46
{ common_pid: mc-worker       [    330814], ret:         39 } hitcount:         46
{ common_pid: mc-worker       [    330811], ret:         35 } hitcount:         46
{ common_pid: mc-worker       [    330809], ret:         33 } hitcount:         46
{ common_pid: mc-worker       [    330809], ret:         35 } hitcount:         47
{ common_pid: mc-worker       [    330809], ret:         36 } hitcount:         47
{ common_pid: mc-worker       [    330809], ret:         37 } hitcount:         47
{ common_pid: mc-worker       [    330815], ret:         34 } hitcount:         47
{ common_pid: mc-worker       [    330815], ret:         35 } hitcount:         48
{ common_pid: mc-worker       [    330808], ret:         35 } hitcount:         49
{ common_pid: mc-worker       [    330812], ret:         31 } hitcount:         49
{ common_pid: mc-worker       [    330810], ret:         37 } hitcount:         50
{ common_pid: mc-worker       [    330811], ret:         34 } hitcount:         51
{ common_pid: mc-worker       [    330813], ret:         34 } hitcount:         52
{ common_pid: mc-worker       [    330813], ret:         29 } hitcount:         54
{ common_pid: mc-worker       [    330813], ret:         31 } hitcount:         54
{ common_pid: mc-worker       [    330812], ret:         29 } hitcount:         54
{ common_pid: mc-worker       [    330808], ret:         34 } hitcount:         55
{ common_pid: mc-worker       [    330811], ret:         33 } hitcount:         55
{ common_pid: mc-worker       [    330815], ret:         33 } hitcount:         55
{ common_pid: mc-worker       [    330810], ret:         33 } hitcount:         56
{ common_pid: mc-worker       [    330813], ret:         30 } hitcount:         56
{ common_pid: mc-worker       [    330815], ret:         32 } hitcount:         57
{ common_pid: mc-worker       [    330814], ret:         35 } hitcount:         57
{ common_pid: mc-worker       [    330810], ret:         34 } hitcount:         57
{ common_pid: mc-worker       [    330808], ret:         37 } hitcount:         58
{ common_pid: mc-worker       [    330808], ret:         36 } hitcount:         59
{ common_pid: mc-worker       [    330811], ret:         30 } hitcount:         59
{ common_pid: mc-worker       [    330808], ret:         33 } hitcount:         59
{ common_pid: mc-worker       [    330810], ret:         35 } hitcount:         60
{ common_pid: mc-worker       [    330814], ret:         34 } hitcount:         61
{ common_pid: mc-worker       [    330809], ret:         32 } hitcount:         61
{ common_pid: mc-worker       [    330811], ret:         32 } hitcount:         61
{ common_pid: mc-worker       [    330811], ret:         29 } hitcount:         62
{ common_pid: mc-worker       [    330814], ret:         36 } hitcount:         62
{ common_pid: mc-worker       [    330808], ret:         30 } hitcount:         62
{ common_pid: mc-worker       [    330814], ret:         30 } hitcount:         63
{ common_pid: mc-worker       [    330810], ret:         32 } hitcount:         65
{ common_pid: mc-worker       [    330812], ret:         30 } hitcount:         65
{ common_pid: mc-worker       [    330815], ret:         29 } hitcount:         65
{ common_pid: mc-worker       [    330815], ret:         28 } hitcount:         67
{ common_pid: mc-worker       [    330815], ret:         31 } hitcount:         67
{ common_pid: mc-worker       [    330813], ret:         27 } hitcount:         68
{ common_pid: mc-worker       [    330808], ret:         32 } hitcount:         69
{ common_pid: mc-worker       [    330811], ret:         28 } hitcount:         70
{ common_pid: mc-worker       [    330808], ret:         31 } hitcount:         70
{ common_pid: mc-worker       [    330809], ret:         31 } hitcount:         70
{ common_pid: mc-worker       [    330810], ret:         29 } hitcount:         71
{ common_pid: mc-worker       [    330810], ret:         30 } hitcount:         72
{ common_pid: mc-worker       [    330811], ret:         27 } hitcount:         72
{ common_pid: mc-worker       [    330815], ret:         30 } hitcount:         72
{ common_pid: mc-worker       [    330812], ret:         28 } hitcount:         72
{ common_pid: mc-worker       [    330813], ret:         28 } hitcount:         73
{ common_pid: mc-worker       [    330815], ret:         27 } hitcount:         76
{ common_pid: mc-worker       [    330814], ret:         33 } hitcount:         77
{ common_pid: mc-worker       [    330810], ret:         31 } hitcount:         77
{ common_pid: mc-worker       [    330811], ret:         26 } hitcount:         78
{ common_pid: mc-worker       [    330812], ret:         27 } hitcount:         79
{ common_pid: mc-worker       [    330814], ret:         29 } hitcount:         79
{ common_pid: mc-worker       [    330809], ret:         29 } hitcount:         80
{ common_pid: mc-worker       [    330809], ret:         30 } hitcount:         84
{ common_pid: mc-worker       [    330812], ret:         25 } hitcount:         85
{ common_pid: mc-worker       [    330813], ret:         26 } hitcount:         86
{ common_pid: mc-worker       [    330812], ret:         26 } hitcount:         86
{ common_pid: mc-worker       [    330813], ret:         25 } hitcount:         87
{ common_pid: mc-worker       [    330808], ret:         29 } hitcount:         87
{ common_pid: mc-worker       [    330814], ret:         31 } hitcount:         88
{ common_pid: mc-worker       [    330808], ret:         28 } hitcount:         88
{ common_pid: mc-worker       [    330815], ret:         26 } hitcount:         90
{ common_pid: mc-worker       [    330810], ret:         28 } hitcount:         91
{ common_pid: mc-worker       [    330815], ret:         25 } hitcount:         94
{ common_pid: mc-worker       [    330812], ret:         24 } hitcount:         96
{ common_pid: mc-worker       [    330808], ret:         26 } hitcount:         97
{ common_pid: mc-worker       [    330814], ret:         25 } hitcount:         97
{ common_pid: mc-worker       [    330814], ret:         32 } hitcount:         99
{ common_pid: mc-worker       [    330808], ret:         27 } hitcount:         99
{ common_pid: mc-worker       [    330809], ret:         28 } hitcount:        101
{ common_pid: mc-worker       [    330814], ret:         28 } hitcount:        104
{ common_pid: mc-worker       [    330809], ret:         26 } hitcount:        106
{ common_pid: mc-worker       [    330814], ret:         27 } hitcount:        107
{ common_pid: mc-worker       [    330810], ret:         27 } hitcount:        107
{ common_pid: mc-worker       [    330810], ret:         26 } hitcount:        108
{ common_pid: mc-worker       [    330811], ret:         25 } hitcount:        109
{ common_pid: mc-worker       [    330809], ret:         27 } hitcount:        110
{ common_pid: mc-worker       [    330811], ret:         24 } hitcount:        112
{ common_pid: mc-worker       [    330814], ret:         26 } hitcount:        113
{ common_pid: mc-worker       [    330815], ret:         24 } hitcount:        115
{ common_pid: mc-worker       [    330810], ret:         25 } hitcount:        118
{ common_pid: mc-worker       [    330814], ret:         24 } hitcount:        118
{ common_pid: mc-worker       [    330813], ret:         24 } hitcount:        118
{ common_pid: mc-worker       [    330809], ret:         25 } hitcount:        125
{ common_pid: mc-worker       [    330812], ret:         23 } hitcount:        125
{ common_pid: mc-worker       [    330808], ret:         25 } hitcount:        127
{ common_pid: mc-worker       [    330813], ret:         23 } hitcount:        128
{ common_pid: mc-worker       [    330809], ret:         24 } hitcount:        129
{ common_pid: mc-worker       [    330811], ret:         23 } hitcount:        135
{ common_pid: mc-worker       [    330808], ret:         24 } hitcount:        144
{ common_pid: mc-worker       [    330810], ret:         24 } hitcount:        149
{ common_pid: mc-worker       [    330815], ret:         23 } hitcount:        151
{ common_pid: mc-worker       [    330812], ret:         22 } hitcount:        153
{ common_pid: mc-worker       [    330814], ret:         23 } hitcount:        158
{ common_pid: mc-worker       [    330808], ret:         23 } hitcount:        165
{ common_pid: mc-worker       [    330809], ret:         23 } hitcount:        172
{ common_pid: mc-worker       [    330810], ret:         23 } hitcount:        178
{ common_pid: mc-worker       [    330811], ret:         22 } hitcount:        186
{ common_pid: mc-worker       [    330813], ret:         22 } hitcount:        187
{ common_pid: mc-worker       [    330814], ret:         22 } hitcount:        191
{ common_pid: mc-worker       [    330813], ret:         21 } hitcount:        201
{ common_pid: mc-worker       [    330812], ret:         21 } hitcount:        205
{ common_pid: mc-worker       [    330815], ret:         22 } hitcount:        209
{ common_pid: mc-worker       [    330808], ret:         22 } hitcount:        219
{ common_pid: mc-worker       [    330809], ret:         22 } hitcount:        228
{ common_pid: mc-worker       [    330810], ret:         22 } hitcount:        232
{ common_pid: mc-worker       [    330814], ret:         21 } hitcount:        233
{ common_pid: mc-worker       [    330811], ret:         21 } hitcount:        269
{ common_pid: mc-worker       [    330815], ret:         21 } hitcount:        273
{ common_pid: mc-worker       [    330808], ret:         21 } hitcount:        306
{ common_pid: mc-worker       [    330813], ret:         20 } hitcount:        307
{ common_pid: mc-worker       [    330811], ret:         20 } hitcount:        318
{ common_pid: mc-worker       [    330809], ret:         21 } hitcount:        320
{ common_pid: mc-worker       [    330812], ret:         20 } hitcount:        329
{ common_pid: mc-worker       [    330810], ret:         21 } hitcount:        350
{ common_pid: mc-worker       [    330814], ret:         20 } hitcount:        376
{ common_pid: mc-worker       [    330809], ret:         20 } hitcount:        396
{ common_pid: mc-worker       [    330808], ret:         20 } hitcount:        400
{ common_pid: mc-worker       [    330815], ret:         20 } hitcount:        427
{ common_pid: mc-worker       [    330814], ret:         19 } hitcount:        460
{ common_pid: mc-worker       [    330812], ret:         19 } hitcount:        471
{ common_pid: mc-worker       [    330813], ret:         19 } hitcount:        484
{ common_pid: mc-worker       [    330810], ret:         20 } hitcount:        495
{ common_pid: mc-worker       [    330811], ret:         19 } hitcount:        545
{ common_pid: mc-worker       [    330815], ret:         19 } hitcount:        577
{ common_pid: mc-worker       [    330808], ret:         19 } hitcount:        664
{ common_pid: mc-worker       [    330809], ret:         19 } hitcount:        677
{ common_pid: mc-worker       [    330810], ret:         19 } hitcount:        701
{ common_pid: mc-worker       [    330812], ret:         18 } hitcount:        716
{ common_pid: mc-worker       [    330814], ret:         18 } hitcount:        719
{ common_pid: mc-worker       [    330813], ret:         18 } hitcount:        719
{ common_pid: mc-worker       [    330811], ret:         18 } hitcount:        856
{ common_pid: mc-worker       [    330815], ret:         18 } hitcount:        869
{ common_pid: mc-worker       [    330808], ret:         18 } hitcount:        953
{ common_pid: mc-worker       [    330809], ret:         18 } hitcount:        977
{ common_pid: mc-worker       [    330810], ret:         18 } hitcount:       1086
{ common_pid: mc-worker       [    330814], ret:         17 } hitcount:       1091
{ common_pid: mc-worker       [    330812], ret:         17 } hitcount:       1113
{ common_pid: mc-worker       [    330813], ret:         17 } hitcount:       1137
{ common_pid: mc-worker       [    330811], ret:         17 } hitcount:       1313
{ common_pid: mc-worker       [    330815], ret:         17 } hitcount:       1342
{ common_pid: mc-worker       [    330809], ret:         17 } hitcount:       1402
{ common_pid: mc-worker       [    330808], ret:         17 } hitcount:       1501
{ common_pid: mc-worker       [    330814], ret:         16 } hitcount:       1594
{ common_pid: mc-worker       [    330810], ret:         17 } hitcount:       1645
{ common_pid: mc-worker       [    330813], ret:         16 } hitcount:       1685
{ common_pid: mc-worker       [    330812], ret:         16 } hitcount:       1692
{ common_pid: mc-worker       [    330811], ret:         16 } hitcount:       1940
{ common_pid: mc-worker       [    330809], ret:         16 } hitcount:       2020
{ common_pid: mc-worker       [    330815], ret:         16 } hitcount:       2084
{ common_pid: mc-worker       [    330808], ret:         16 } hitcount:       2214
{ common_pid: mc-worker       [    330814], ret:         15 } hitcount:       2400
{ common_pid: mc-worker       [    330810], ret:         16 } hitcount:       2497
{ common_pid: mc-worker       [    330813], ret:         15 } hitcount:       2565
{ common_pid: mc-worker       [    330812], ret:         15 } hitcount:       2567
{ common_pid: mc-worker       [    330811], ret:         15 } hitcount:       2797
{ common_pid: mc-worker       [    330809], ret:         15 } hitcount:       3098
{ common_pid: mc-worker       [    330815], ret:         15 } hitcount:       3115
{ common_pid: mc-worker       [    330808], ret:         15 } hitcount:       3188
{ common_pid: mc-worker       [    330814], ret:         14 } hitcount:       3506
{ common_pid: mc-worker       [    330810], ret:         15 } hitcount:       3537
{ common_pid: mc-worker       [    330812], ret:         14 } hitcount:       3615
{ common_pid: mc-worker       [    330813], ret:         14 } hitcount:       3710
{ common_pid: mc-worker       [    330811], ret:         14 } hitcount:       4120
{ common_pid: mc-worker       [    330815], ret:         14 } hitcount:       4378
{ common_pid: mc-worker       [    330809], ret:         14 } hitcount:       4451
{ common_pid: mc-worker       [    330808], ret:         14 } hitcount:       4584
{ common_pid: mc-worker       [    330810], ret:         14 } hitcount:       4921
{ common_pid: mc-worker       [    330814], ret:         13 } hitcount:       5031
{ common_pid: mc-worker       [    330812], ret:         13 } hitcount:       5253
{ common_pid: mc-worker       [    330813], ret:         13 } hitcount:       5265
{ common_pid: mc-worker       [    330811], ret:         13 } hitcount:       5789
{ common_pid: mc-worker       [    330815], ret:         13 } hitcount:       6018
{ common_pid: mc-worker       [    330809], ret:         13 } hitcount:       6054
{ common_pid: mc-worker       [    330808], ret:         13 } hitcount:       6216
{ common_pid: mc-worker       [    330814], ret:         12 } hitcount:       6788
{ common_pid: mc-worker       [    330810], ret:         13 } hitcount:       6788
{ common_pid: mc-worker       [    330812], ret:         12 } hitcount:       7241
{ common_pid: mc-worker       [    330813], ret:         12 } hitcount:       7269
{ common_pid: mc-worker       [    330811], ret:         12 } hitcount:       7737
{ common_pid: mc-worker       [    330809], ret:         12 } hitcount:       7779
{ common_pid: mc-worker       [    330815], ret:         12 } hitcount:       8129
{ common_pid: mc-worker       [    330808], ret:         12 } hitcount:       8164
{ common_pid: mc-worker       [    330810], ret:         12 } hitcount:       8809
{ common_pid: mc-worker       [    330814], ret:         11 } hitcount:       9148
{ common_pid: mc-worker       [    330813], ret:         11 } hitcount:       9451
{ common_pid: mc-worker       [    330812], ret:         11 } hitcount:       9610
{ common_pid: mc-worker       [    330811], ret:         11 } hitcount:       9943
{ common_pid: mc-worker       [    330809], ret:         11 } hitcount:      10272
{ common_pid: mc-worker       [    330815], ret:         11 } hitcount:      10454
{ common_pid: mc-worker       [    330808], ret:         11 } hitcount:      10895
{ common_pid: mc-worker       [    330810], ret:         11 } hitcount:      11203
{ common_pid: mc-worker       [    330814], ret:         10 } hitcount:      11928
{ common_pid: mc-worker       [    330812], ret:         10 } hitcount:      12225
{ common_pid: mc-worker       [    330813], ret:         10 } hitcount:      12338
{ common_pid: mc-worker       [    330809], ret:         10 } hitcount:      12984
{ common_pid: mc-worker       [    330811], ret:         10 } hitcount:      12990
{ common_pid: mc-worker       [    330808], ret:         10 } hitcount:      13210
{ common_pid: mc-worker       [    330815], ret:         10 } hitcount:      13270
{ common_pid: mc-worker       [    330810], ret:         10 } hitcount:      13952
{ common_pid: mc-worker       [    330814], ret:          9 } hitcount:      14905
{ common_pid: mc-worker       [    330812], ret:          9 } hitcount:      15295
{ common_pid: mc-worker       [    330813], ret:          9 } hitcount:      15453
{ common_pid: mc-worker       [    330811], ret:          9 } hitcount:      15875
{ common_pid: mc-worker       [    330808], ret:          9 } hitcount:      16228
{ common_pid: mc-worker       [    330809], ret:          9 } hitcount:      16255
{ common_pid: mc-worker       [    330815], ret:          9 } hitcount:      16298
{ common_pid: mc-worker       [    330810], ret:          9 } hitcount:      16594
{ common_pid: mc-worker       [    330814], ret:          8 } hitcount:      18830
{ common_pid: mc-worker       [    330812], ret:          8 } hitcount:      18931
{ common_pid: mc-worker       [    330815], ret:          8 } hitcount:      19146
{ common_pid: mc-worker       [    330813], ret:          8 } hitcount:      19153
{ common_pid: mc-worker       [    330808], ret:          8 } hitcount:      19264
{ common_pid: mc-worker       [    330811], ret:          8 } hitcount:      19288
{ common_pid: mc-worker       [    330809], ret:          8 } hitcount:      19505
{ common_pid: mc-worker       [    330810], ret:          8 } hitcount:      19828
{ common_pid: mc-worker       [    330813], ret:          7 } hitcount:      22776
{ common_pid: mc-worker       [    330808], ret:          7 } hitcount:      22823
{ common_pid: mc-worker       [    330814], ret:          7 } hitcount:      22837
{ common_pid: mc-worker       [    330811], ret:          7 } hitcount:      22921
{ common_pid: mc-worker       [    330812], ret:          7 } hitcount:      22959
{ common_pid: mc-worker       [    330815], ret:          7 } hitcount:      22971
{ common_pid: mc-worker       [    330809], ret:          7 } hitcount:      23268
{ common_pid: mc-worker       [    330810], ret:          7 } hitcount:      23505
{ common_pid: mc-worker       [    330813], ret:          6 } hitcount:      26985
{ common_pid: mc-worker       [    330815], ret:          6 } hitcount:      27368
{ common_pid: mc-worker       [    330808], ret:          6 } hitcount:      27373
{ common_pid: mc-worker       [    330810], ret:          6 } hitcount:      27466
{ common_pid: mc-worker       [    330812], ret:          6 } hitcount:      27524
{ common_pid: mc-worker       [    330814], ret:          6 } hitcount:      27536
{ common_pid: mc-worker       [    330811], ret:          6 } hitcount:      27595
{ common_pid: mc-worker       [    330809], ret:          6 } hitcount:      27871
{ common_pid: mc-worker       [    330808], ret:          5 } hitcount:      34341
{ common_pid: mc-worker       [    330810], ret:          5 } hitcount:      34412
{ common_pid: mc-worker       [    330812], ret:          5 } hitcount:      34899
{ common_pid: mc-worker       [    330815], ret:          5 } hitcount:      34946
{ common_pid: mc-worker       [    330811], ret:          5 } hitcount:      35160
{ common_pid: mc-worker       [    330814], ret:          5 } hitcount:      35287
{ common_pid: mc-worker       [    330813], ret:          5 } hitcount:      35354
{ common_pid: mc-worker       [    330809], ret:          5 } hitcount:      36459
{ common_pid: mc-worker       [    330808], ret:          4 } hitcount:      52867
{ common_pid: mc-worker       [    330815], ret:          4 } hitcount:      53485
{ common_pid: mc-worker       [    330811], ret:          4 } hitcount:      53598
{ common_pid: mc-worker       [    330810], ret:          4 } hitcount:      53794
{ common_pid: mc-worker       [    330813], ret:          4 } hitcount:      54583
{ common_pid: mc-worker       [    330812], ret:          4 } hitcount:      54632
{ common_pid: mc-worker       [    330814], ret:          4 } hitcount:      55517
{ common_pid: mc-worker       [    330809], ret:          4 } hitcount:      56735
{ common_pid: mc-worker       [    330815], ret:          1 } hitcount:      76203
{ common_pid: mc-worker       [    330810], ret:          1 } hitcount:      76798
{ common_pid: mc-worker       [    330813], ret:          1 } hitcount:      79234
{ common_pid: mc-worker       [    330808], ret:          1 } hitcount:      79910
{ common_pid: mc-worker       [    330811], ret:          1 } hitcount:      80104
{ common_pid: mc-worker       [    330809], ret:          1 } hitcount:      82873
{ common_pid: mc-worker       [    330812], ret:          1 } hitcount:      85546
{ common_pid: mc-worker       [    330815], ret:          3 } hitcount:      86753
{ common_pid: mc-worker       [    330810], ret:          3 } hitcount:      86860
{ common_pid: mc-worker       [    330808], ret:          3 } hitcount:      86897
{ common_pid: mc-worker       [    330812], ret:          3 } hitcount:      87872
{ common_pid: mc-worker       [    330811], ret:          3 } hitcount:      88075
{ common_pid: mc-worker       [    330814], ret:          1 } hitcount:      88961
{ common_pid: mc-worker       [    330813], ret:          3 } hitcount:      89471
{ common_pid: mc-worker       [    330809], ret:          3 } hitcount:      91198
{ common_pid: mc-worker       [    330814], ret:          3 } hitcount:      93182
{ common_pid: mc-worker       [    330815], ret:          2 } hitcount:     105088
{ common_pid: mc-worker       [    330808], ret:          2 } hitcount:     106208
{ common_pid: mc-worker       [    330810], ret:          2 } hitcount:     106284
{ common_pid: mc-worker       [    330811], ret:          2 } hitcount:     107400
{ common_pid: mc-worker       [    330813], ret:          2 } hitcount:     108620
{ common_pid: mc-worker       [    330812], ret:          2 } hitcount:     109312
{ common_pid: mc-worker       [    330809], ret:          2 } hitcount:     110976
{ common_pid: mc-worker       [    330814], ret:          2 } hitcount:     117596
