{ common_pid: mc-worker       [     54828], ret:        186 } hitcount:          1
{ common_pid: mc-worker       [     54824], ret:         88 } hitcount:          1
{ common_pid: mc-worker       [     54824], ret:         74 } hitcount:          1
{ common_pid: mc-worker       [     54824], ret:         76 } hitcount:          1
{ common_pid: mc-worker       [     54823], ret:         81 } hitcount:          1
{ common_pid: mc-worker       [     54829], ret:         93 } hitcount:          1
{ common_pid: mc-worker       [     54823], ret:         87 } hitcount:          1
{ common_pid: mc-worker       [     54826], ret:        110 } hitcount:          1
{ common_pid: mc-worker       [     54826], ret:        128 } hitcount:          1
{ common_pid: mc-worker       [     54828], ret:        311 } hitcount:          1
{ common_pid: mc-worker       [     54830], ret:        429 } hitcount:          1
{ common_pid: mc-worker       [     54824], ret:        389 } hitcount:          1
{ common_pid: mc-worker       [     54826], ret:        102 } hitcount:          1
{ common_pid: mc-worker       [     54823], ret:        134 } hitcount:          1
{ common_pid: mc-worker       [     54825], ret:        141 } hitcount:          1
{ common_pid: mc-worker       [     54829], ret:        119 } hitcount:          1
{ common_pid: mc-worker       [     54825], ret:        240 } hitcount:          1
{ common_pid: mc-worker       [     54823], ret:         76 } hitcount:          1
{ common_pid: mc-worker       [     54828], ret:         87 } hitcount:          1
{ common_pid: mc-worker       [     54829], ret:        279 } hitcount:          1
{ common_pid: mc-worker       [     54828], ret:         74 } hitcount:          1
{ common_pid: mc-worker       [     54825], ret:        110 } hitcount:          1
{ common_pid: mc-worker       [     54827], ret:        278 } hitcount:          1
{ common_pid: mc-worker       [     54826], ret:        345 } hitcount:          1
{ common_pid: mc-worker       [     54828], ret:         82 } hitcount:          1
{ common_pid: mc-worker       [     54827], ret:        100 } hitcount:          1
{ common_pid: mc-worker       [     54828], ret:         76 } hitcount:          1
{ common_pid: mc-worker       [     54827], ret:         82 } hitcount:          1
{ common_pid: mc-worker       [     54823], ret:        179 } hitcount:          1
{ common_pid: mc-worker       [     54829], ret:         95 } hitcount:          1
{ common_pid: mc-worker       [     54825], ret:         82 } hitcount:          1
{ common_pid: mc-worker       [     54830], ret:         97 } hitcount:          1
{ common_pid: mc-worker       [     54830], ret:        126 } hitcount:          1
{ common_pid: mc-worker       [     54828], ret:        103 } hitcount:          1
{ common_pid: mc-worker       [     54823], ret:        370 } hitcount:          1
{ common_pid: mc-worker       [     54827], ret:         76 } hitcount:          1
{ common_pid: mc-worker       [     54824], ret:         99 } hitcount:          1
{ common_pid: mc-worker       [     54827], ret:         77 } hitcount:          1
{ common_pid: mc-worker       [     54827], ret:         79 } hitcount:          1
{ common_pid: mc-worker       [     54825], ret:         79 } hitcount:          1
{ common_pid: mc-worker       [     54828], ret:         83 } hitcount:          1
{ common_pid: mc-worker       [     54826], ret:        118 } hitcount:          1
{ common_pid: mc-worker       [     54830], ret:         89 } hitcount:          1
{ common_pid: mc-worker       [     54829], ret:         76 } hitcount:          1
{ common_pid: mc-worker       [     54827], ret:        203 } hitcount:          1
{ common_pid: mc-worker       [     54827], ret:         87 } hitcount:          1
{ common_pid: mc-worker       [     54826], ret:         78 } hitcount:          1
{ common_pid: mc-worker       [     54823], ret:         75 } hitcount:          1
{ common_pid: mc-worker       [     54829], ret:         87 } hitcount:          1
{ common_pid: mc-worker       [     54829], ret:         73 } hitcount:          2
{ common_pid: mc-worker       [     54826], ret:         76 } hitcount:          2
{ common_pid: mc-worker       [     54826], ret:         77 } hitcount:          2
{ common_pid: mc-worker       [     54830], ret:         73 } hitcount:          2
{ common_pid: mc-worker       [     54829], ret:         72 } hitcount:          2
{ common_pid: mc-worker       [     54825], ret:         78 } hitcount:          2
{ common_pid: mc-worker       [     54827], ret:        103 } hitcount:          2
{ common_pid: mc-worker       [     54827], ret:         74 } hitcount:          2
{ common_pid: mc-worker       [     54823], ret:         74 } hitcount:          2
{ common_pid: mc-worker       [     54827], ret:         78 } hitcount:          2
{ common_pid: mc-worker       [     54827], ret:         81 } hitcount:          2
{ common_pid: mc-worker       [     54826], ret:        101 } hitcount:          2
{ common_pid: mc-worker       [     54830], ret:         75 } hitcount:          2
{ common_pid: mc-worker       [     54827], ret:         72 } hitcount:          3
{ common_pid: mc-worker       [     54826], ret:         72 } hitcount:          3
{ common_pid: mc-worker       [     54830], ret:         74 } hitcount:          3
{ common_pid: mc-worker       [     54828], ret:         71 } hitcount:          3
{ common_pid: mc-worker       [     54827], ret:         73 } hitcount:          4
{ common_pid: mc-worker       [     54823], ret:         73 } hitcount:          4
{ common_pid: mc-worker       [     54830], ret:         72 } hitcount:          4
{ common_pid: mc-worker       [     54824], ret:         70 } hitcount:          4
{ common_pid: mc-worker       [     54825], ret:         73 } hitcount:          4
{ common_pid: mc-worker       [     54824], ret:         75 } hitcount:          4
{ common_pid: mc-worker       [     54826], ret:         74 } hitcount:          4
{ common_pid: mc-worker       [     54824], ret:         71 } hitcount:          4
{ common_pid: mc-worker       [     54824], ret:         72 } hitcount:          4
{ common_pid: mc-worker       [     54828], ret:         75 } hitcount:          4
{ common_pid: mc-worker       [     54825], ret:         71 } hitcount:          4
{ common_pid: mc-worker       [     54829], ret:         69 } hitcount:          5
{ common_pid: mc-worker       [     54825], ret:         72 } hitcount:          5
{ common_pid: mc-worker       [     54828], ret:         72 } hitcount:          6
{ common_pid: mc-worker       [     54829], ret:         71 } hitcount:          6
{ common_pid: mc-worker       [     54830], ret:         71 } hitcount:          7
{ common_pid: mc-worker       [     54829], ret:         68 } hitcount:          7
{ common_pid: mc-worker       [     54823], ret:         71 } hitcount:          7
{ common_pid: mc-worker       [     54829], ret:         70 } hitcount:          7
{ common_pid: mc-worker       [     54826], ret:         71 } hitcount:          7
{ common_pid: mc-worker       [     54825], ret:         70 } hitcount:          8
{ common_pid: mc-worker       [     54824], ret:         68 } hitcount:          8
{ common_pid: mc-worker       [     54824], ret:         69 } hitcount:          8
{ common_pid: mc-worker       [     54827], ret:         71 } hitcount:          8
{ common_pid: mc-worker       [     54828], ret:         70 } hitcount:          9
{ common_pid: mc-worker       [     54823], ret:         70 } hitcount:         10
{ common_pid: mc-worker       [     54823], ret:         72 } hitcount:         10
{ common_pid: mc-worker       [     54827], ret:         69 } hitcount:         10
{ common_pid: mc-worker       [     54828], ret:         68 } hitcount:         12
{ common_pid: mc-worker       [     54829], ret:         67 } hitcount:         13
{ common_pid: mc-worker       [     54826], ret:         69 } hitcount:         14
{ common_pid: mc-worker       [     54825], ret:         69 } hitcount:         14
{ common_pid: mc-worker       [     54830], ret:         70 } hitcount:         15
{ common_pid: mc-worker       [     54830], ret:         69 } hitcount:         15
{ common_pid: mc-worker       [     54828], ret:         69 } hitcount:         15
{ common_pid: mc-worker       [     54826], ret:         70 } hitcount:         16
{ common_pid: mc-worker       [     54828], ret:         54 } hitcount:         17
{ common_pid: mc-worker       [     54825], ret:         68 } hitcount:         17
{ common_pid: mc-worker       [     54829], ret:         66 } hitcount:         17
{ common_pid: mc-worker       [     54823], ret:         54 } hitcount:         18
{ common_pid: mc-worker       [     54827], ret:         70 } hitcount:         18
{ common_pid: mc-worker       [     54823], ret:         51 } hitcount:         18
{ common_pid: mc-worker       [     54829], ret:         56 } hitcount:         18
{ common_pid: mc-worker       [     54830], ret:         53 } hitcount:         19
{ common_pid: mc-worker       [     54829], ret:         65 } hitcount:         19
{ common_pid: mc-worker       [     54828], ret:         50 } hitcount:         20
{ common_pid: mc-worker       [     54824], ret:         67 } hitcount:         20
{ common_pid: mc-worker       [     54827], ret:         49 } hitcount:         20
{ common_pid: mc-worker       [     54830], ret:         54 } hitcount:         20
{ common_pid: mc-worker       [     54829], ret:         64 } hitcount:         21
{ common_pid: mc-worker       [     54823], ret:         57 } hitcount:         21
{ common_pid: mc-worker       [     54828], ret:         67 } hitcount:         22
{ common_pid: mc-worker       [     54828], ret:         49 } hitcount:         22
{ common_pid: mc-worker       [     54827], ret:         67 } hitcount:         22
{ common_pid: mc-worker       [     54830], ret:         68 } hitcount:         22
{ common_pid: mc-worker       [     54823], ret:         69 } hitcount:         22
{ common_pid: mc-worker       [     54823], ret:         68 } hitcount:         22
{ common_pid: mc-worker       [     54824], ret:         51 } hitcount:         22
{ common_pid: mc-worker       [     54825], ret:         67 } hitcount:         23
{ common_pid: mc-worker       [     54827], ret:         51 } hitcount:         23
{ common_pid: mc-worker       [     54829], ret:         53 } hitcount:         24
{ common_pid: mc-worker       [     54824], ret:         48 } hitcount:         24
{ common_pid: mc-worker       [     54828], ret:         52 } hitcount:         24
{ common_pid: mc-worker       [     54825], ret:         57 } hitcount:         24
{ common_pid: mc-worker       [     54826], ret:         50 } hitcount:         24
{ common_pid: mc-worker       [     54829], ret:         51 } hitcount:         25
{ common_pid: mc-worker       [     54829], ret:         54 } hitcount:         25
{ common_pid: mc-worker       [     54825], ret:         49 } hitcount:         26
{ common_pid: mc-worker       [     54824], ret:         50 } hitcount:         26
{ common_pid: mc-worker       [     54824], ret:         54 } hitcount:         26
{ common_pid: mc-worker       [     54824], ret:         55 } hitcount:         26
{ common_pid: mc-worker       [     54825], ret:         48 } hitcount:         26
{ common_pid: mc-worker       [     54825], ret:         52 } hitcount:         26
{ common_pid: mc-worker       [     54830], ret:         56 } hitcount:         26
{ common_pid: mc-worker       [     54823], ret:         52 } hitcount:         26
{ common_pid: mc-worker       [     54825], ret:         53 } hitcount:         27
{ common_pid: mc-worker       [     54830], ret:         52 } hitcount:         27
{ common_pid: mc-worker       [     54828], ret:         57 } hitcount:         27
{ common_pid: mc-worker       [     54826], ret:         53 } hitcount:         27
{ common_pid: mc-worker       [     54828], ret:         56 } hitcount:         27
{ common_pid: mc-worker       [     54828], ret:         55 } hitcount:         27
{ common_pid: mc-worker       [     54829], ret:         46 } hitcount:         27
{ common_pid: mc-worker       [     54829], ret:         48 } hitcount:         28
{ common_pid: mc-worker       [     54824], ret:         46 } hitcount:         28
{ common_pid: mc-worker       [     54824], ret:         53 } hitcount:         28
{ common_pid: mc-worker       [     54829], ret:         55 } hitcount:         28
{ common_pid: mc-worker       [     54827], ret:         50 } hitcount:         28
{ common_pid: mc-worker       [     54824], ret:         52 } hitcount:         29
{ common_pid: mc-worker       [     54826], ret:         48 } hitcount:         29
{ common_pid: mc-worker       [     54829], ret:         58 } hitcount:         29
{ common_pid: mc-worker       [     54823], ret:         67 } hitcount:         29
{ common_pid: mc-worker       [     54828], ret:         51 } hitcount:         29
{ common_pid: mc-worker       [     54830], ret:         50 } hitcount:         29
{ common_pid: mc-worker       [     54825], ret:         54 } hitcount:         29
{ common_pid: mc-worker       [     54823], ret:         49 } hitcount:         30
{ common_pid: mc-worker       [     54830], ret:         66 } hitcount:         30
{ common_pid: mc-worker       [     54830], ret:         48 } hitcount:         30
{ common_pid: mc-worker       [     54826], ret:         54 } hitcount:         30
{ common_pid: mc-worker       [     54827], ret:         53 } hitcount:         30
{ common_pid: mc-worker       [     54830], ret:         51 } hitcount:         30
{ common_pid: mc-worker       [     54825], ret:         56 } hitcount:         30
{ common_pid: mc-worker       [     54827], ret:         54 } hitcount:         31
{ common_pid: mc-worker       [     54826], ret:         56 } hitcount:         31
{ common_pid: mc-worker       [     54828], ret:         66 } hitcount:         31
{ common_pid: mc-worker       [     54825], ret:         50 } hitcount:         31
{ common_pid: mc-worker       [     54825], ret:         66 } hitcount:         31
{ common_pid: mc-worker       [     54830], ret:         67 } hitcount:         31
{ common_pid: mc-worker       [     54828], ret:         53 } hitcount:         31
{ common_pid: mc-worker       [     54828], ret:         59 } hitcount:         31
{ common_pid: mc-worker       [     54826], ret:         68 } hitcount:         31
{ common_pid: mc-worker       [     54826], ret:         52 } hitcount:         32
{ common_pid: mc-worker       [     54823], ret:         53 } hitcount:         32
{ common_pid: mc-worker       [     54823], ret:         46 } hitcount:         32
{ common_pid: mc-worker       [     54829], ret:         45 } hitcount:         32
{ common_pid: mc-worker       [     54825], ret:         51 } hitcount:         32
{ common_pid: mc-worker       [     54829], ret:         52 } hitcount:         32
{ common_pid: mc-worker       [     54826], ret:         51 } hitcount:         33
{ common_pid: mc-worker       [     54829], ret:         49 } hitcount:         33
{ common_pid: mc-worker       [     54829], ret:         50 } hitcount:         33
{ common_pid: mc-worker       [     54826], ret:         49 } hitcount:         33
{ common_pid: mc-worker       [     54823], ret:         55 } hitcount:         33
{ common_pid: mc-worker       [     54830], ret:         58 } hitcount:         33
{ common_pid: mc-worker       [     54830], ret:         55 } hitcount:         34
{ common_pid: mc-worker       [     54824], ret:         66 } hitcount:         34
{ common_pid: mc-worker       [     54830], ret:         57 } hitcount:         34
{ common_pid: mc-worker       [     54829], ret:         60 } hitcount:         34
{ common_pid: mc-worker       [     54829], ret:         63 } hitcount:         34
{ common_pid: mc-worker       [     54828], ret:         47 } hitcount:         34
{ common_pid: mc-worker       [     54829], ret:         44 } hitcount:         34
{ common_pid: mc-worker       [     54828], ret:         48 } hitcount:         34
{ common_pid: mc-worker       [     54827], ret:         68 } hitcount:         35
{ common_pid: mc-worker       [     54828], ret:         42 } hitcount:         35
{ common_pid: mc-worker       [     54828], ret:         62 } hitcount:         35
{ common_pid: mc-worker       [     54827], ret:         56 } hitcount:         35
{ common_pid: mc-worker       [     54823], ret:         45 } hitcount:         35
{ common_pid: mc-worker       [     54824], ret:         49 } hitcount:         35
{ common_pid: mc-worker       [     54829], ret:         57 } hitcount:         35
{ common_pid: mc-worker       [     54823], ret:         56 } hitcount:         36
{ common_pid: mc-worker       [     54824], ret:         45 } hitcount:         36
{ common_pid: mc-worker       [     54823], ret:         44 } hitcount:         36
{ common_pid: mc-worker       [     54826], ret:         57 } hitcount:         36
{ common_pid: mc-worker       [     54824], ret:         56 } hitcount:         36
{ common_pid: mc-worker       [     54828], ret:         41 } hitcount:         37
{ common_pid: mc-worker       [     54826], ret:         67 } hitcount:         37
{ common_pid: mc-worker       [     54827], ret:         64 } hitcount:         37
{ common_pid: mc-worker       [     54826], ret:         47 } hitcount:         37
{ common_pid: mc-worker       [     54827], ret:         52 } hitcount:         37
{ common_pid: mc-worker       [     54830], ret:         43 } hitcount:         37
{ common_pid: mc-worker       [     54828], ret:         45 } hitcount:         37
{ common_pid: mc-worker       [     54828], ret:         63 } hitcount:         37
{ common_pid: mc-worker       [     54828], ret:         65 } hitcount:         38
{ common_pid: mc-worker       [     54830], ret:         49 } hitcount:         38
{ common_pid: mc-worker       [     54823], ret:         50 } hitcount:         38
{ common_pid: mc-worker       [     54826], ret:         46 } hitcount:         38
{ common_pid: mc-worker       [     54824], ret:         44 } hitcount:         38
{ common_pid: mc-worker       [     54827], ret:         47 } hitcount:         38
{ common_pid: mc-worker       [     54830], ret:         47 } hitcount:         39
{ common_pid: mc-worker       [     54828], ret:         43 } hitcount:         39
{ common_pid: mc-worker       [     54824], ret:         43 } hitcount:         39
{ common_pid: mc-worker       [     54823], ret:         48 } hitcount:         39
{ common_pid: mc-worker       [     54829], ret:         43 } hitcount:         39
{ common_pid: mc-worker       [     54825], ret:         47 } hitcount:         39
{ common_pid: mc-worker       [     54828], ret:         44 } hitcount:         39
{ common_pid: mc-worker       [     54825], ret:         45 } hitcount:         39
{ common_pid: mc-worker       [     54829], ret:         47 } hitcount:         39
{ common_pid: mc-worker       [     54829], ret:         59 } hitcount:         40
{ common_pid: mc-worker       [     54825], ret:         44 } hitcount:         40
{ common_pid: mc-worker       [     54823], ret:         47 } hitcount:         40
{ common_pid: mc-worker       [     54827], ret:         48 } hitcount:         40
{ common_pid: mc-worker       [     54824], ret:         57 } hitcount:         40
{ common_pid: mc-worker       [     54825], ret:         42 } hitcount:         40
{ common_pid: mc-worker       [     54827], ret:         55 } hitcount:         40
{ common_pid: mc-worker       [     54828], ret:         58 } hitcount:         41
{ common_pid: mc-worker       [     54826], ret:         66 } hitcount:         41
{ common_pid: mc-worker       [     54825], ret:         58 } hitcount:         41
{ common_pid: mc-worker       [     54829], ret:         61 } hitcount:         41
{ common_pid: mc-worker       [     54828], ret:         46 } hitcount:         41
{ common_pid: mc-worker       [     54825], ret:         46 } hitcount:         42
{ common_pid: mc-worker       [     54827], ret:         57 } hitcount:         42
{ common_pid: mc-worker       [     54825], ret:         55 } hitcount:         43
{ common_pid: mc-worker       [     54825], ret:         60 } hitcount:         43
{ common_pid: mc-worker       [     54828], ret:         64 } hitcount:         43
{ common_pid: mc-worker       [     54826], ret:         42 } hitcount:         43
{ common_pid: mc-worker       [     54824], ret:         47 } hitcount:         43
{ common_pid: mc-worker       [     54823], ret:         66 } hitcount:         43
{ common_pid: mc-worker       [     54824], ret:         41 } hitcount:         43
{ common_pid: mc-worker       [     54826], ret:         60 } hitcount:         43
{ common_pid: mc-worker       [     54826], ret:         44 } hitcount:         44
{ common_pid: mc-worker       [     54828], ret:         39 } hitcount:         44
{ common_pid: mc-worker       [     54825], ret:         61 } hitcount:         44
{ common_pid: mc-worker       [     54826], ret:         59 } hitcount:         44
{ common_pid: mc-worker       [     54827], ret:         44 } hitcount:         44
{ common_pid: mc-worker       [     54826], ret:         55 } hitcount:         44
{ common_pid: mc-worker       [     54825], ret:         43 } hitcount:         44
{ common_pid: mc-worker       [     54830], ret:         59 } hitcount:         45
{ common_pid: mc-worker       [     54827], ret:         66 } hitcount:         45
{ common_pid: mc-worker       [     54824], ret:         64 } hitcount:         45
{ common_pid: mc-worker       [     54826], ret:         63 } hitcount:         45
{ common_pid: mc-worker       [     54826], ret:         65 } hitcount:         45
{ common_pid: mc-worker       [     54830], ret:         41 } hitcount:         46
{ common_pid: mc-worker       [     54823], ret:         59 } hitcount:         46
{ common_pid: mc-worker       [     54829], ret:         62 } hitcount:         46
{ common_pid: mc-worker       [     54825], ret:         64 } hitcount:         46
{ common_pid: mc-worker       [     54830], ret:         44 } hitcount:         47
{ common_pid: mc-worker       [     54828], ret:         40 } hitcount:         47
{ common_pid: mc-worker       [     54824], ret:         62 } hitcount:         47
{ common_pid: mc-worker       [     54830], ret:         45 } hitcount:         47
{ common_pid: mc-worker       [     54830], ret:         42 } hitcount:         47
{ common_pid: mc-worker       [     54830], ret:         64 } hitcount:         48
{ common_pid: mc-worker       [     54829], ret:         41 } hitcount:         48
{ common_pid: mc-worker       [     54829], ret:         42 } hitcount:         48
{ common_pid: mc-worker       [     54826], ret:         58 } hitcount:         48
{ common_pid: mc-worker       [     54825], ret:         59 } hitcount:         48
{ common_pid: mc-worker       [     54823], ret:         43 } hitcount:         48
{ common_pid: mc-worker       [     54825], ret:         65 } hitcount:         49
{ common_pid: mc-worker       [     54826], ret:         45 } hitcount:         49
{ common_pid: mc-worker       [     54823], ret:         64 } hitcount:         49
{ common_pid: mc-worker       [     54823], ret:         38 } hitcount:         49
{ common_pid: mc-worker       [     54828], ret:         61 } hitcount:         49
{ common_pid: mc-worker       [     54830], ret:         38 } hitcount:         49
{ common_pid: mc-worker       [     54824], ret:         58 } hitcount:         49
{ common_pid: mc-worker       [     54827], ret:         46 } hitcount:         50
{ common_pid: mc-worker       [     54827], ret:         58 } hitcount:         50
{ common_pid: mc-worker       [     54827], ret:         65 } hitcount:         51
{ common_pid: mc-worker       [     54830], ret:         65 } hitcount:         51
{ common_pid: mc-worker       [     54827], ret:         59 } hitcount:         51
{ common_pid: mc-worker       [     54827], ret:         41 } hitcount:         51
{ common_pid: mc-worker       [     54823], ret:         42 } hitcount:         52
{ common_pid: mc-worker       [     54829], ret:         40 } hitcount:         52
{ common_pid: mc-worker       [     54825], ret:         40 } hitcount:         52
{ common_pid: mc-worker       [     54824], ret:         61 } hitcount:         53
{ common_pid: mc-worker       [     54824], ret:         65 } hitcount:         53
{ common_pid: mc-worker       [     54828], ret:         60 } hitcount:         53
{ common_pid: mc-worker       [     54826], ret:         62 } hitcount:         54
{ common_pid: mc-worker       [     54827], ret:         43 } hitcount:         54
{ common_pid: mc-worker       [     54824], ret:         60 } hitcount:         54
{ common_pid: mc-worker       [     54826], ret:         64 } hitcount:         55
{ common_pid: mc-worker       [     54824], ret:         59 } hitcount:         55
{ common_pid: mc-worker       [     54826], ret:         43 } hitcount:         55
{ common_pid: mc-worker       [     54830], ret:         62 } hitcount:         56
{ common_pid: mc-worker       [     54823], ret:         58 } hitcount:         56
{ common_pid: mc-worker       [     54827], ret:         45 } hitcount:         56
{ common_pid: mc-worker       [     54830], ret:         39 } hitcount:         57
{ common_pid: mc-worker       [     54826], ret:         41 } hitcount:         57
{ common_pid: mc-worker       [     54830], ret:         60 } hitcount:         57
{ common_pid: mc-worker       [     54830], ret:         61 } hitcount:         57
{ common_pid: mc-worker       [     54824], ret:         42 } hitcount:         57
{ common_pid: mc-worker       [     54827], ret:         40 } hitcount:         58
{ common_pid: mc-worker       [     54830], ret:         63 } hitcount:         58
{ common_pid: mc-worker       [     54827], ret:         39 } hitcount:         59
{ common_pid: mc-worker       [     54830], ret:         46 } hitcount:         59
{ common_pid: mc-worker       [     54829], ret:         39 } hitcount:         59
{ common_pid: mc-worker       [     54824], ret:         38 } hitcount:         60
{ common_pid: mc-worker       [     54826], ret:         61 } hitcount:         61
{ common_pid: mc-worker       [     54824], ret:         37 } hitcount:         61
{ common_pid: mc-worker       [     54825], ret:         63 } hitcount:         61
{ common_pid: mc-worker       [     54827], ret:         42 } hitcount:         62
{ common_pid: mc-worker       [     54823], ret:         61 } hitcount:         62
{ common_pid: mc-worker       [     54827], ret:         63 } hitcount:         63
{ common_pid: mc-worker       [     54828], ret:         38 } hitcount:         63
{ common_pid: mc-worker       [     54825], ret:         38 } hitcount:         63
{ common_pid: mc-worker       [     54823], ret:         41 } hitcount:         64
{ common_pid: mc-worker       [     54824], ret:         63 } hitcount:         64
{ common_pid: mc-worker       [     54825], ret:         37 } hitcount:         65
{ common_pid: mc-worker       [     54824], ret:         40 } hitcount:         65
{ common_pid: mc-worker       [     54828], ret:         36 } hitcount:         66
{ common_pid: mc-worker       [     54823], ret:         63 } hitcount:         66
{ common_pid: mc-worker       [     54823], ret:         65 } hitcount:         66
{ common_pid: mc-worker       [     54823], ret:         60 } hitcount:         66
{ common_pid: mc-worker       [     54830], ret:         37 } hitcount:         66
{ common_pid: mc-worker       [     54826], ret:         40 } hitcount:         67
{ common_pid: mc-worker       [     54825], ret:         41 } hitcount:         67
{ common_pid: mc-worker       [     54823], ret:         40 } hitcount:         67
{ common_pid: mc-worker       [     54830], ret:         40 } hitcount:         68
{ common_pid: mc-worker       [     54829], ret:         37 } hitcount:         68
{ common_pid: mc-worker       [     54830], ret:         36 } hitcount:         69
{ common_pid: mc-worker       [     54827], ret:         60 } hitcount:         69
{ common_pid: mc-worker       [     54827], ret:         62 } hitcount:         69
{ common_pid: mc-worker       [     54829], ret:         38 } hitcount:         70
{ common_pid: mc-worker       [     54826], ret:         39 } hitcount:         70
{ common_pid: mc-worker       [     54827], ret:         61 } hitcount:         70
{ common_pid: mc-worker       [     54825], ret:         62 } hitcount:         71
{ common_pid: mc-worker       [     54824], ret:         39 } hitcount:         72
{ common_pid: mc-worker       [     54827], ret:         38 } hitcount:         72
{ common_pid: mc-worker       [     54828], ret:         37 } hitcount:         73
{ common_pid: mc-worker       [     54827], ret:         35 } hitcount:         74
{ common_pid: mc-worker       [     54826], ret:         38 } hitcount:         74
{ common_pid: mc-worker       [     54823], ret:         36 } hitcount:         74
{ common_pid: mc-worker       [     54825], ret:         39 } hitcount:         75
{ common_pid: mc-worker       [     54825], ret:         35 } hitcount:         78
{ common_pid: mc-worker       [     54826], ret:         37 } hitcount:         79
{ common_pid: mc-worker       [     54828], ret:         35 } hitcount:         79
{ common_pid: mc-worker       [     54829], ret:         34 } hitcount:         79
{ common_pid: mc-worker       [     54827], ret:         36 } hitcount:         80
{ common_pid: mc-worker       [     54823], ret:         39 } hitcount:         80
{ common_pid: mc-worker       [     54827], ret:         37 } hitcount:         81
{ common_pid: mc-worker       [     54824], ret:         35 } hitcount:         81
{ common_pid: mc-worker       [     54829], ret:         33 } hitcount:         82
{ common_pid: mc-worker       [     54827], ret:         34 } hitcount:         83
{ common_pid: mc-worker       [     54824], ret:         36 } hitcount:         83
{ common_pid: mc-worker       [     54826], ret:         35 } hitcount:         84
{ common_pid: mc-worker       [     54825], ret:         36 } hitcount:         84
{ common_pid: mc-worker       [     54825], ret:         33 } hitcount:         84
{ common_pid: mc-worker       [     54823], ret:         37 } hitcount:         84
{ common_pid: mc-worker       [     54823], ret:         62 } hitcount:         85
{ common_pid: mc-worker       [     54824], ret:         34 } hitcount:         86
{ common_pid: mc-worker       [     54829], ret:         36 } hitcount:         87
{ common_pid: mc-worker       [     54828], ret:         34 } hitcount:         87
{ common_pid: mc-worker       [     54825], ret:         34 } hitcount:         88
{ common_pid: mc-worker       [     54829], ret:         35 } hitcount:         88
{ common_pid: mc-worker       [     54826], ret:         36 } hitcount:         88
{ common_pid: mc-worker       [     54830], ret:         34 } hitcount:         89
{ common_pid: mc-worker       [     54826], ret:         33 } hitcount:         90
{ common_pid: mc-worker       [     54825], ret:         32 } hitcount:         91
{ common_pid: mc-worker       [     54823], ret:         34 } hitcount:         91
{ common_pid: mc-worker       [     54829], ret:         30 } hitcount:         92
{ common_pid: mc-worker       [     54823], ret:         35 } hitcount:         92
{ common_pid: mc-worker       [     54828], ret:         33 } hitcount:         93
{ common_pid: mc-worker       [     54824], ret:         33 } hitcount:         93
{ common_pid: mc-worker       [     54826], ret:         34 } hitcount:         93
{ common_pid: mc-worker       [     54830], ret:         35 } hitcount:         98
{ common_pid: mc-worker       [     54829], ret:         31 } hitcount:         98
{ common_pid: mc-worker       [     54830], ret:         33 } hitcount:         99
{ common_pid: mc-worker       [     54828], ret:         30 } hitcount:        100
{ common_pid: mc-worker       [     54828], ret:         31 } hitcount:        101
{ common_pid: mc-worker       [     54825], ret:         30 } hitcount:        104
{ common_pid: mc-worker       [     54823], ret:         32 } hitcount:        104
{ common_pid: mc-worker       [     54829], ret:         32 } hitcount:        104
{ common_pid: mc-worker       [     54826], ret:         31 } hitcount:        105
{ common_pid: mc-worker       [     54828], ret:         32 } hitcount:        105
{ common_pid: mc-worker       [     54824], ret:         32 } hitcount:        109
{ common_pid: mc-worker       [     54824], ret:         31 } hitcount:        110
{ common_pid: mc-worker       [     54827], ret:         32 } hitcount:        111
{ common_pid: mc-worker       [     54823], ret:         33 } hitcount:        111
{ common_pid: mc-worker       [     54830], ret:         32 } hitcount:        112
{ common_pid: mc-worker       [     54825], ret:         31 } hitcount:        112
{ common_pid: mc-worker       [     54824], ret:         29 } hitcount:        114
{ common_pid: mc-worker       [     54826], ret:         32 } hitcount:        115
{ common_pid: mc-worker       [     54824], ret:         30 } hitcount:        118
{ common_pid: mc-worker       [     54829], ret:         28 } hitcount:        118
{ common_pid: mc-worker       [     54823], ret:         31 } hitcount:        119
{ common_pid: mc-worker       [     54827], ret:         30 } hitcount:        120
{ common_pid: mc-worker       [     54830], ret:         29 } hitcount:        120
{ common_pid: mc-worker       [     54827], ret:         31 } hitcount:        122
{ common_pid: mc-worker       [     54827], ret:         33 } hitcount:        122
{ common_pid: mc-worker       [     54828], ret:         29 } hitcount:        127
{ common_pid: mc-worker       [     54830], ret:         30 } hitcount:        128
{ common_pid: mc-worker       [     54825], ret:         29 } hitcount:        129
{ common_pid: mc-worker       [     54829], ret:         26 } hitcount:        129
{ common_pid: mc-worker       [     54823], ret:         30 } hitcount:        130
{ common_pid: mc-worker       [     54830], ret:         31 } hitcount:        130
{ common_pid: mc-worker       [     54827], ret:         29 } hitcount:        132
{ common_pid: mc-worker       [     54828], ret:         25 } hitcount:        132
{ common_pid: mc-worker       [     54829], ret:         29 } hitcount:        133
{ common_pid: mc-worker       [     54823], ret:         28 } hitcount:        136
{ common_pid: mc-worker       [     54827], ret:         28 } hitcount:        137
{ common_pid: mc-worker       [     54826], ret:         28 } hitcount:        137
{ common_pid: mc-worker       [     54824], ret:         28 } hitcount:        137
{ common_pid: mc-worker       [     54828], ret:         28 } hitcount:        145
{ common_pid: mc-worker       [     54827], ret:         27 } hitcount:        145
{ common_pid: mc-worker       [     54825], ret:         27 } hitcount:        147
{ common_pid: mc-worker       [     54826], ret:         29 } hitcount:        147
{ common_pid: mc-worker       [     54826], ret:         27 } hitcount:        147
{ common_pid: mc-worker       [     54823], ret:         29 } hitcount:        147
{ common_pid: mc-worker       [     54826], ret:         30 } hitcount:        148
{ common_pid: mc-worker       [     54830], ret:         28 } hitcount:        149
{ common_pid: mc-worker       [     54825], ret:         26 } hitcount:        150
{ common_pid: mc-worker       [     54825], ret:         28 } hitcount:        151
{ common_pid: mc-worker       [     54823], ret:         25 } hitcount:        151
{ common_pid: mc-worker       [     54824], ret:         27 } hitcount:        152
{ common_pid: mc-worker       [     54828], ret:         27 } hitcount:        153
{ common_pid: mc-worker       [     54824], ret:         26 } hitcount:        155
{ common_pid: mc-worker       [     54829], ret:         27 } hitcount:        156
{ common_pid: mc-worker       [     54829], ret:         25 } hitcount:        157
{ common_pid: mc-worker       [     54830], ret:         27 } hitcount:        161
{ common_pid: mc-worker       [     54827], ret:         25 } hitcount:        164
{ common_pid: mc-worker       [     54830], ret:         26 } hitcount:        164
{ common_pid: mc-worker       [     54824], ret:         25 } hitcount:        165
{ common_pid: mc-worker       [     54823], ret:         27 } hitcount:        166
{ common_pid: mc-worker       [     54823], ret:         26 } hitcount:        166
{ common_pid: mc-worker       [     54826], ret:         26 } hitcount:        168
{ common_pid: mc-worker       [     54829], ret:         24 } hitcount:        169
{ common_pid: mc-worker       [     54825], ret:         25 } hitcount:        171
{ common_pid: mc-worker       [     54828], ret:         26 } hitcount:        175
{ common_pid: mc-worker       [     54829], ret:         23 } hitcount:        176
{ common_pid: mc-worker       [     54830], ret:         25 } hitcount:        178
{ common_pid: mc-worker       [     54826], ret:         25 } hitcount:        183
{ common_pid: mc-worker       [     54828], ret:         23 } hitcount:        184
{ common_pid: mc-worker       [     54825], ret:         24 } hitcount:        189
{ common_pid: mc-worker       [     54824], ret:         24 } hitcount:        189
{ common_pid: mc-worker       [     54828], ret:         24 } hitcount:        191
{ common_pid: mc-worker       [     54827], ret:         26 } hitcount:        208
{ common_pid: mc-worker       [     54830], ret:         23 } hitcount:        208
{ common_pid: mc-worker       [     54824], ret:         22 } hitcount:        210
{ common_pid: mc-worker       [     54825], ret:         23 } hitcount:        211
{ common_pid: mc-worker       [     54823], ret:         24 } hitcount:        212
{ common_pid: mc-worker       [     54830], ret:         24 } hitcount:        212
{ common_pid: mc-worker       [     54829], ret:         22 } hitcount:        219
{ common_pid: mc-worker       [     54826], ret:         23 } hitcount:        223
{ common_pid: mc-worker       [     54823], ret:         22 } hitcount:        227
{ common_pid: mc-worker       [     54827], ret:         24 } hitcount:        228
{ common_pid: mc-worker       [     54828], ret:         22 } hitcount:        229
{ common_pid: mc-worker       [     54826], ret:         24 } hitcount:        230
{ common_pid: mc-worker       [     54823], ret:         23 } hitcount:        233
{ common_pid: mc-worker       [     54828], ret:         21 } hitcount:        235
{ common_pid: mc-worker       [     54824], ret:         23 } hitcount:        236
{ common_pid: mc-worker       [     54825], ret:         22 } hitcount:        236
{ common_pid: mc-worker       [     54826], ret:         22 } hitcount:        239
{ common_pid: mc-worker       [     54827], ret:         23 } hitcount:        244
{ common_pid: mc-worker       [     54829], ret:         21 } hitcount:        245
{ common_pid: mc-worker       [     54824], ret:         21 } hitcount:        248
{ common_pid: mc-worker       [     54823], ret:         21 } hitcount:        256
{ common_pid: mc-worker       [     54829], ret:         20 } hitcount:        267
{ common_pid: mc-worker       [     54827], ret:         22 } hitcount:        269
{ common_pid: mc-worker       [     54825], ret:         21 } hitcount:        269
{ common_pid: mc-worker       [     54830], ret:         22 } hitcount:        270
{ common_pid: mc-worker       [     54828], ret:         20 } hitcount:        280
{ common_pid: mc-worker       [     54830], ret:         21 } hitcount:        290
{ common_pid: mc-worker       [     54824], ret:         20 } hitcount:        298
{ common_pid: mc-worker       [     54827], ret:         21 } hitcount:        298
{ common_pid: mc-worker       [     54826], ret:         21 } hitcount:        314
{ common_pid: mc-worker       [     54823], ret:         20 } hitcount:        324
{ common_pid: mc-worker       [     54830], ret:         20 } hitcount:        324
{ common_pid: mc-worker       [     54829], ret:         19 } hitcount:        325
{ common_pid: mc-worker       [     54826], ret:         20 } hitcount:        327
{ common_pid: mc-worker       [     54825], ret:         20 } hitcount:        334
{ common_pid: mc-worker       [     54827], ret:         20 } hitcount:        340
{ common_pid: mc-worker       [     54828], ret:         19 } hitcount:        340
{ common_pid: mc-worker       [     54824], ret:         19 } hitcount:        341
{ common_pid: mc-worker       [     54829], ret:         18 } hitcount:        384
{ common_pid: mc-worker       [     54826], ret:         19 } hitcount:        386
{ common_pid: mc-worker       [     54825], ret:         19 } hitcount:        395
{ common_pid: mc-worker       [     54827], ret:         19 } hitcount:        404
{ common_pid: mc-worker       [     54823], ret:         19 } hitcount:        409
{ common_pid: mc-worker       [     54828], ret:         18 } hitcount:        435
{ common_pid: mc-worker       [     54830], ret:         19 } hitcount:        438
{ common_pid: mc-worker       [     54825], ret:         18 } hitcount:        452
{ common_pid: mc-worker       [     54824], ret:         18 } hitcount:        453
{ common_pid: mc-worker       [     54827], ret:         18 } hitcount:        469
{ common_pid: mc-worker       [     54829], ret:         17 } hitcount:        514
{ common_pid: mc-worker       [     54830], ret:         18 } hitcount:        521
{ common_pid: mc-worker       [     54824], ret:         17 } hitcount:        529
{ common_pid: mc-worker       [     54823], ret:         18 } hitcount:        535
{ common_pid: mc-worker       [     54826], ret:         18 } hitcount:        536
{ common_pid: mc-worker       [     54828], ret:         17 } hitcount:        581
{ common_pid: mc-worker       [     54825], ret:         17 } hitcount:        606
{ common_pid: mc-worker       [     54823], ret:         17 } hitcount:        652
{ common_pid: mc-worker       [     54829], ret:         16 } hitcount:        672
{ common_pid: mc-worker       [     54830], ret:         17 } hitcount:        672
{ common_pid: mc-worker       [     54827], ret:         17 } hitcount:        676
{ common_pid: mc-worker       [     54826], ret:         17 } hitcount:        680
{ common_pid: mc-worker       [     54824], ret:         16 } hitcount:        702
{ common_pid: mc-worker       [     54828], ret:         16 } hitcount:        738
{ common_pid: mc-worker       [     54827], ret:         16 } hitcount:        797
{ common_pid: mc-worker       [     54825], ret:         16 } hitcount:        831
{ common_pid: mc-worker       [     54823], ret:         16 } hitcount:        881
{ common_pid: mc-worker       [     54826], ret:         16 } hitcount:        890
{ common_pid: mc-worker       [     54830], ret:         16 } hitcount:        957
{ common_pid: mc-worker       [     54829], ret:         15 } hitcount:        982
{ common_pid: mc-worker       [     54824], ret:         15 } hitcount:       1025
{ common_pid: mc-worker       [     54825], ret:         15 } hitcount:       1143
{ common_pid: mc-worker       [     54827], ret:         15 } hitcount:       1143
{ common_pid: mc-worker       [     54828], ret:         15 } hitcount:       1160
{ common_pid: mc-worker       [     54823], ret:         15 } hitcount:       1197
{ common_pid: mc-worker       [     54826], ret:         15 } hitcount:       1237
{ common_pid: mc-worker       [     54830], ret:         15 } hitcount:       1256
{ common_pid: mc-worker       [     54829], ret:         14 } hitcount:       1279
{ common_pid: mc-worker       [     54824], ret:         14 } hitcount:       1375
{ common_pid: mc-worker       [     54828], ret:         14 } hitcount:       1485
{ common_pid: mc-worker       [     54825], ret:         14 } hitcount:       1585
{ common_pid: mc-worker       [     54826], ret:         14 } hitcount:       1648
{ common_pid: mc-worker       [     54823], ret:         14 } hitcount:       1655
{ common_pid: mc-worker       [     54827], ret:         14 } hitcount:       1674
{ common_pid: mc-worker       [     54830], ret:         14 } hitcount:       1784
{ common_pid: mc-worker       [     54829], ret:         13 } hitcount:       1988
{ common_pid: mc-worker       [     54824], ret:         13 } hitcount:       2044
{ common_pid: mc-worker       [     54828], ret:         13 } hitcount:       2150
{ common_pid: mc-worker       [     54825], ret:         13 } hitcount:       2283
{ common_pid: mc-worker       [     54827], ret:         13 } hitcount:       2314
{ common_pid: mc-worker       [     54826], ret:         13 } hitcount:       2328
{ common_pid: mc-worker       [     54823], ret:         13 } hitcount:       2340
{ common_pid: mc-worker       [     54830], ret:         13 } hitcount:       2570
{ common_pid: mc-worker       [     54829], ret:         12 } hitcount:       2715
{ common_pid: mc-worker       [     54824], ret:         12 } hitcount:       2866
{ common_pid: mc-worker       [     54828], ret:         12 } hitcount:       2950
{ common_pid: mc-worker       [     54827], ret:         12 } hitcount:       3167
{ common_pid: mc-worker       [     54825], ret:         12 } hitcount:       3209
{ common_pid: mc-worker       [     54823], ret:         12 } hitcount:       3224
{ common_pid: mc-worker       [     54826], ret:         12 } hitcount:       3307
{ common_pid: mc-worker       [     54830], ret:         12 } hitcount:       3474
{ common_pid: mc-worker       [     54829], ret:         11 } hitcount:       3914
{ common_pid: mc-worker       [     54824], ret:         11 } hitcount:       4107
{ common_pid: mc-worker       [     54828], ret:         11 } hitcount:       4198
{ common_pid: mc-worker       [     54825], ret:         11 } hitcount:       4420
{ common_pid: mc-worker       [     54827], ret:         11 } hitcount:       4446
{ common_pid: mc-worker       [     54826], ret:         11 } hitcount:       4563
{ common_pid: mc-worker       [     54823], ret:         11 } hitcount:       4591
{ common_pid: mc-worker       [     54830], ret:         11 } hitcount:       4876
{ common_pid: mc-worker       [     54829], ret:         10 } hitcount:       5512
{ common_pid: mc-worker       [     54824], ret:         10 } hitcount:       5704
{ common_pid: mc-worker       [     54828], ret:         10 } hitcount:       5888
{ common_pid: mc-worker       [     54825], ret:         10 } hitcount:       6221
{ common_pid: mc-worker       [     54827], ret:         10 } hitcount:       6247
{ common_pid: mc-worker       [     54823], ret:         10 } hitcount:       6457
{ common_pid: mc-worker       [     54826], ret:         10 } hitcount:       6555
{ common_pid: mc-worker       [     54830], ret:         10 } hitcount:       6745
{ common_pid: mc-worker       [     54829], ret:          9 } hitcount:       7998
{ common_pid: mc-worker       [     54824], ret:          9 } hitcount:       8315
{ common_pid: mc-worker       [     54828], ret:          9 } hitcount:       8509
{ common_pid: mc-worker       [     54825], ret:          9 } hitcount:       8564
{ common_pid: mc-worker       [     54827], ret:          9 } hitcount:       8785
{ common_pid: mc-worker       [     54823], ret:          9 } hitcount:       9083
{ common_pid: mc-worker       [     54826], ret:          9 } hitcount:       9112
{ common_pid: mc-worker       [     54830], ret:          9 } hitcount:       9587
{ common_pid: mc-worker       [     54829], ret:          8 } hitcount:      11426
{ common_pid: mc-worker       [     54824], ret:          8 } hitcount:      11718
{ common_pid: mc-worker       [     54828], ret:          8 } hitcount:      12146
{ common_pid: mc-worker       [     54827], ret:          8 } hitcount:      12344
{ common_pid: mc-worker       [     54825], ret:          8 } hitcount:      12610
{ common_pid: mc-worker       [     54823], ret:          8 } hitcount:      12741
{ common_pid: mc-worker       [     54826], ret:          8 } hitcount:      12793
{ common_pid: mc-worker       [     54830], ret:          8 } hitcount:      13320
{ common_pid: mc-worker       [     54829], ret:          7 } hitcount:      16735
{ common_pid: mc-worker       [     54824], ret:          7 } hitcount:      16993
{ common_pid: mc-worker       [     54828], ret:          7 } hitcount:      17185
{ common_pid: mc-worker       [     54827], ret:          7 } hitcount:      17861
{ common_pid: mc-worker       [     54825], ret:          7 } hitcount:      17892
{ common_pid: mc-worker       [     54826], ret:          7 } hitcount:      18171
{ common_pid: mc-worker       [     54823], ret:          7 } hitcount:      18267
{ common_pid: mc-worker       [     54830], ret:          7 } hitcount:      18975
{ common_pid: mc-worker       [     54829], ret:          6 } hitcount:      24799
{ common_pid: mc-worker       [     54824], ret:          6 } hitcount:      25107
{ common_pid: mc-worker       [     54828], ret:          6 } hitcount:      25696
{ common_pid: mc-worker       [     54827], ret:          6 } hitcount:      26183
{ common_pid: mc-worker       [     54825], ret:          6 } hitcount:      26448
{ common_pid: mc-worker       [     54823], ret:          6 } hitcount:      26740
{ common_pid: mc-worker       [     54826], ret:          6 } hitcount:      26824
{ common_pid: mc-worker       [     54830], ret:          6 } hitcount:      27423
{ common_pid: mc-worker       [     54829], ret:          5 } hitcount:      38462
{ common_pid: mc-worker       [     54824], ret:          5 } hitcount:      39421
{ common_pid: mc-worker       [     54828], ret:          5 } hitcount:      39663
{ common_pid: mc-worker       [     54827], ret:          5 } hitcount:      40122
{ common_pid: mc-worker       [     54826], ret:          5 } hitcount:      40141
{ common_pid: mc-worker       [     54825], ret:          5 } hitcount:      40747
{ common_pid: mc-worker       [     54823], ret:          5 } hitcount:      40797
{ common_pid: mc-worker       [     54830], ret:          5 } hitcount:      41433
{ common_pid: mc-worker       [     54829], ret:          4 } hitcount:      67179
{ common_pid: mc-worker       [     54824], ret:          4 } hitcount:      68575
{ common_pid: mc-worker       [     54828], ret:          4 } hitcount:      68643
{ common_pid: mc-worker       [     54827], ret:          4 } hitcount:      69305
{ common_pid: mc-worker       [     54826], ret:          4 } hitcount:      69319
{ common_pid: mc-worker       [     54823], ret:          4 } hitcount:      69816
{ common_pid: mc-worker       [     54830], ret:          4 } hitcount:      70075
{ common_pid: mc-worker       [     54825], ret:          4 } hitcount:      70184
{ common_pid: mc-worker       [     54824], ret:          3 } hitcount:     116855
{ common_pid: mc-worker       [     54827], ret:          3 } hitcount:     117241
{ common_pid: mc-worker       [     54828], ret:          3 } hitcount:     118151
{ common_pid: mc-worker       [     54830], ret:          3 } hitcount:     118238
{ common_pid: mc-worker       [     54829], ret:          3 } hitcount:     118389
{ common_pid: mc-worker       [     54826], ret:          3 } hitcount:     118537
{ common_pid: mc-worker       [     54825], ret:          3 } hitcount:     118599
{ common_pid: mc-worker       [     54823], ret:          3 } hitcount:     118609
{ common_pid: mc-worker       [     54830], ret:          2 } hitcount:     169188
{ common_pid: mc-worker       [     54827], ret:          2 } hitcount:     169236
{ common_pid: mc-worker       [     54824], ret:          2 } hitcount:     170614
{ common_pid: mc-worker       [     54826], ret:          2 } hitcount:     170750
{ common_pid: mc-worker       [     54823], ret:          2 } hitcount:     172267
{ common_pid: mc-worker       [     54828], ret:          2 } hitcount:     172818
{ common_pid: mc-worker       [     54825], ret:          2 } hitcount:     172828
{ common_pid: mc-worker       [     54829], ret:          2 } hitcount:     174144
{ common_pid: mc-worker       [     54830], ret:          1 } hitcount:     215310
{ common_pid: mc-worker       [     54827], ret:          1 } hitcount:     217191
{ common_pid: mc-worker       [     54826], ret:          1 } hitcount:     220056
{ common_pid: mc-worker       [     54824], ret:          1 } hitcount:     221717
{ common_pid: mc-worker       [     54823], ret:          1 } hitcount:     221984
{ common_pid: mc-worker       [     54828], ret:          1 } hitcount:     224163
{ common_pid: mc-worker       [     54829], ret:          1 } hitcount:     225150
{ common_pid: mc-worker       [     54825], ret:          1 } hitcount:     226559
