{ common_pid: mc-worker       [    386890], ret:        123 } hitcount:          1
{ common_pid: mc-worker       [    386893], ret:         57 } hitcount:          1
{ common_pid: mc-worker       [    386892], ret:         39 } hitcount:          1
{ common_pid: mc-worker       [    386888], ret:         54 } hitcount:          1
{ common_pid: mc-worker       [    386892], ret:        117 } hitcount:          1
{ common_pid: mc-worker       [    386894], ret:         55 } hitcount:          1
{ common_pid: mc-worker       [    386887], ret:        109 } hitcount:          1
{ common_pid: mc-worker       [    386891], ret:         69 } hitcount:          1
{ common_pid: mc-worker       [    386891], ret:         52 } hitcount:          1
{ common_pid: mc-worker       [    386891], ret:         60 } hitcount:          1
{ common_pid: mc-worker       [    386889], ret:        110 } hitcount:          1
{ common_pid: mc-worker       [    386892], ret:         47 } hitcount:          1
{ common_pid: mc-worker       [    386887], ret:         34 } hitcount:          1
{ common_pid: mc-worker       [    386892], ret:         36 } hitcount:          1
{ common_pid: mc-worker       [    386888], ret:        100 } hitcount:          1
{ common_pid: mc-worker       [    386889], ret:         59 } hitcount:          1
{ common_pid: mc-worker       [    386892], ret:         52 } hitcount:          1
{ common_pid: mc-worker       [    386888], ret:         45 } hitcount:          1
{ common_pid: mc-worker       [    386887], ret:         64 } hitcount:          1
{ common_pid: mc-worker       [    386889], ret:        127 } hitcount:          1
{ common_pid: mc-worker       [    386891], ret:        109 } hitcount:          1
{ common_pid: mc-worker       [    386888], ret:         52 } hitcount:          1
{ common_pid: mc-worker       [    386887], ret:         61 } hitcount:          1
{ common_pid: mc-worker       [    386887], ret:        210 } hitcount:          1
{ common_pid: mc-worker       [    386893], ret:         43 } hitcount:          1
{ common_pid: mc-worker       [    386889], ret:         57 } hitcount:          1
{ common_pid: mc-worker       [    386892], ret:         60 } hitcount:          1
{ common_pid: mc-worker       [    386893], ret:         48 } hitcount:          1
{ common_pid: mc-worker       [    386888], ret:         38 } hitcount:          1
{ common_pid: mc-worker       [    386889], ret:         52 } hitcount:          1
{ common_pid: mc-worker       [    386890], ret:         60 } hitcount:          1
{ common_pid: mc-worker       [    386888], ret:         60 } hitcount:          1
{ common_pid: mc-worker       [    386893], ret:         54 } hitcount:          1
{ common_pid: mc-worker       [    386894], ret:         64 } hitcount:          1
{ common_pid: mc-worker       [    386887], ret:         54 } hitcount:          1
{ common_pid: mc-worker       [    386888], ret:         59 } hitcount:          1
{ common_pid: mc-worker       [    386893], ret:         52 } hitcount:          1
{ common_pid: mc-worker       [    386890], ret:         31 } hitcount:          1
{ common_pid: mc-worker       [    386890], ret:        109 } hitcount:          1
{ common_pid: mc-worker       [    386888], ret:         31 } hitcount:          1
{ common_pid: mc-worker       [    386887], ret:         41 } hitcount:          1
{ common_pid: mc-worker       [    386890], ret:         57 } hitcount:          1
{ common_pid: mc-worker       [    386890], ret:         62 } hitcount:          1
{ common_pid: mc-worker       [    386890], ret:         56 } hitcount:          1
{ common_pid: mc-worker       [    386889], ret:         63 } hitcount:          1
{ common_pid: mc-worker       [    386894], ret:         93 } hitcount:          1
{ common_pid: mc-worker       [    386887], ret:         48 } hitcount:          1
{ common_pid: mc-worker       [    386888], ret:         63 } hitcount:          1
{ common_pid: mc-worker       [    386887], ret:         68 } hitcount:          1
{ common_pid: mc-worker       [    386887], ret:         44 } hitcount:          1
{ common_pid: mc-worker       [    386890], ret:        131 } hitcount:          1
{ common_pid: mc-worker       [    386889], ret:         41 } hitcount:          1
{ common_pid: mc-worker       [    386890], ret:        110 } hitcount:          1
{ common_pid: mc-worker       [    386890], ret:        101 } hitcount:          1
{ common_pid: mc-worker       [    386887], ret:        113 } hitcount:          1
{ common_pid: mc-worker       [    386888], ret:         89 } hitcount:          1
{ common_pid: mc-worker       [    386888], ret:         66 } hitcount:          1
{ common_pid: mc-worker       [    386889], ret:         44 } hitcount:          1
{ common_pid: mc-worker       [    386887], ret:        128 } hitcount:          1
{ common_pid: mc-worker       [    386888], ret:         26 } hitcount:          1
{ common_pid: mc-worker       [    386888], ret:         81 } hitcount:          1
{ common_pid: mc-worker       [    386892], ret:         63 } hitcount:          1
{ common_pid: mc-worker       [    386890], ret:         39 } hitcount:          1
{ common_pid: mc-worker       [    386891], ret:         40 } hitcount:          1
{ common_pid: mc-worker       [    386894], ret:         71 } hitcount:          1
{ common_pid: mc-worker       [    386887], ret:         71 } hitcount:          1
{ common_pid: mc-worker       [    386887], ret:        147 } hitcount:          1
{ common_pid: mc-worker       [    386891], ret:         63 } hitcount:          1
{ common_pid: mc-worker       [    386888], ret:        256 } hitcount:          1
{ common_pid: mc-worker       [    386892], ret:         45 } hitcount:          1
{ common_pid: mc-worker       [    386890], ret:         45 } hitcount:          1
{ common_pid: mc-worker       [    386891], ret:         84 } hitcount:          1
{ common_pid: mc-worker       [    386890], ret:         37 } hitcount:          1
{ common_pid: mc-worker       [    386890], ret:         35 } hitcount:          1
{ common_pid: mc-worker       [    386889], ret:         47 } hitcount:          1
{ common_pid: mc-worker       [    386892], ret:        119 } hitcount:          1
{ common_pid: mc-worker       [    386887], ret:         75 } hitcount:          1
{ common_pid: mc-worker       [    386891], ret:         51 } hitcount:          1
{ common_pid: mc-worker       [    386889], ret:        123 } hitcount:          1
{ common_pid: mc-worker       [    386889], ret:         50 } hitcount:          1
{ common_pid: mc-worker       [    386887], ret:        111 } hitcount:          1
{ common_pid: mc-worker       [    386893], ret:         51 } hitcount:          1
{ common_pid: mc-worker       [    386893], ret:        115 } hitcount:          1
{ common_pid: mc-worker       [    386893], ret:         47 } hitcount:          1
{ common_pid: mc-worker       [    386894], ret:         47 } hitcount:          1
{ common_pid: mc-worker       [    386891], ret:        119 } hitcount:          1
{ common_pid: mc-worker       [    386890], ret:         53 } hitcount:          1
{ common_pid: mc-worker       [    386889], ret:         49 } hitcount:          1
{ common_pid: mc-worker       [    386888], ret:         68 } hitcount:          1
{ common_pid: mc-worker       [    386887], ret:         63 } hitcount:          1
{ common_pid: mc-worker       [    386888], ret:         47 } hitcount:          1
{ common_pid: mc-worker       [    386888], ret:        117 } hitcount:          1
{ common_pid: mc-worker       [    386893], ret:         70 } hitcount:          1
{ common_pid: mc-worker       [    386887], ret:         37 } hitcount:          1
{ common_pid: mc-worker       [    386889], ret:         71 } hitcount:          1
{ common_pid: mc-worker       [    386892], ret:         49 } hitcount:          1
{ common_pid: mc-worker       [    386889], ret:         45 } hitcount:          1
{ common_pid: mc-worker       [    386891], ret:        106 } hitcount:          1
{ common_pid: mc-worker       [    386892], ret:        128 } hitcount:          1
{ common_pid: mc-worker       [    386890], ret:         63 } hitcount:          1
{ common_pid: mc-worker       [    386891], ret:        118 } hitcount:          1
{ common_pid: mc-worker       [    386894], ret:         39 } hitcount:          1
{ common_pid: mc-worker       [    386889], ret:         64 } hitcount:          1
{ common_pid: mc-worker       [    386888], ret:         56 } hitcount:          1
{ common_pid: mc-worker       [    386892], ret:        256 } hitcount:          1
{ common_pid: mc-worker       [    386891], ret:         57 } hitcount:          1
{ common_pid: mc-worker       [    386893], ret:         83 } hitcount:          1
{ common_pid: mc-worker       [    386893], ret:         67 } hitcount:          1
{ common_pid: mc-worker       [    386888], ret:        128 } hitcount:          1
{ common_pid: mc-worker       [    386892], ret:         65 } hitcount:          1
{ common_pid: mc-worker       [    386888], ret:         41 } hitcount:          1
{ common_pid: mc-worker       [    386887], ret:        240 } hitcount:          1
{ common_pid: mc-worker       [    386894], ret:         38 } hitcount:          1
{ common_pid: mc-worker       [    386894], ret:        103 } hitcount:          1
{ common_pid: mc-worker       [    386894], ret:        114 } hitcount:          1
{ common_pid: mc-worker       [    386893], ret:         46 } hitcount:          1
{ common_pid: mc-worker       [    386888], ret:         55 } hitcount:          1
{ common_pid: mc-worker       [    386892], ret:         35 } hitcount:          1
{ common_pid: mc-worker       [    386889], ret:         55 } hitcount:          1
{ common_pid: mc-worker       [    386892], ret:         57 } hitcount:          1
{ common_pid: mc-worker       [    386887], ret:         32 } hitcount:          1
{ common_pid: mc-worker       [    386891], ret:        116 } hitcount:          1
{ common_pid: mc-worker       [    386890], ret:        105 } hitcount:          1
{ common_pid: mc-worker       [    386890], ret:         49 } hitcount:          1
{ common_pid: mc-worker       [    386894], ret:        128 } hitcount:          1
{ common_pid: mc-worker       [    386890], ret:         44 } hitcount:          1
{ common_pid: mc-worker       [    386891], ret:         37 } hitcount:          1
{ common_pid: mc-worker       [    386891], ret:         49 } hitcount:          1
{ common_pid: mc-worker       [    386887], ret:         60 } hitcount:          2
{ common_pid: mc-worker       [    386891], ret:         43 } hitcount:          2
{ common_pid: mc-worker       [    386892], ret:         59 } hitcount:          2
{ common_pid: mc-worker       [    386887], ret:         55 } hitcount:          2
{ common_pid: mc-worker       [    386893], ret:        128 } hitcount:          2
{ common_pid: mc-worker       [    386891], ret:         42 } hitcount:          2
{ common_pid: mc-worker       [    386892], ret:         62 } hitcount:          2
{ common_pid: mc-worker       [    386893], ret:         36 } hitcount:          2
{ common_pid: mc-worker       [    386887], ret:         31 } hitcount:          2
{ common_pid: mc-worker       [    386892], ret:         55 } hitcount:          2
{ common_pid: mc-worker       [    386891], ret:         46 } hitcount:          2
{ common_pid: mc-worker       [    386888], ret:         65 } hitcount:          2
{ common_pid: mc-worker       [    386891], ret:         58 } hitcount:          2
{ common_pid: mc-worker       [    386891], ret:         41 } hitcount:          2
{ common_pid: mc-worker       [    386894], ret:         34 } hitcount:          2
{ common_pid: mc-worker       [    386890], ret:        107 } hitcount:          2
{ common_pid: mc-worker       [    386893], ret:         35 } hitcount:          2
{ common_pid: mc-worker       [    386894], ret:         40 } hitcount:          2
{ common_pid: mc-worker       [    386888], ret:         30 } hitcount:          2
{ common_pid: mc-worker       [    386887], ret:         51 } hitcount:          2
{ common_pid: mc-worker       [    386890], ret:         34 } hitcount:          2
{ common_pid: mc-worker       [    386891], ret:         44 } hitcount:          2
{ common_pid: mc-worker       [    386888], ret:         50 } hitcount:          2
{ common_pid: mc-worker       [    386890], ret:         36 } hitcount:          2
{ common_pid: mc-worker       [    386893], ret:         39 } hitcount:          2
{ common_pid: mc-worker       [    386887], ret:         46 } hitcount:          2
{ common_pid: mc-worker       [    386892], ret:         50 } hitcount:          2
{ common_pid: mc-worker       [    386889], ret:         43 } hitcount:          2
{ common_pid: mc-worker       [    386888], ret:         61 } hitcount:          2
{ common_pid: mc-worker       [    386887], ret:         58 } hitcount:          2
{ common_pid: mc-worker       [    386890], ret:         33 } hitcount:          2
{ common_pid: mc-worker       [    386893], ret:         65 } hitcount:          2
{ common_pid: mc-worker       [    386891], ret:         94 } hitcount:          2
{ common_pid: mc-worker       [    386887], ret:         56 } hitcount:          2
{ common_pid: mc-worker       [    386894], ret:         35 } hitcount:          2
{ common_pid: mc-worker       [    386894], ret:         66 } hitcount:          2
{ common_pid: mc-worker       [    386887], ret:         35 } hitcount:          2
{ common_pid: mc-worker       [    386888], ret:         42 } hitcount:          2
{ common_pid: mc-worker       [    386892], ret:         51 } hitcount:          2
{ common_pid: mc-worker       [    386893], ret:         40 } hitcount:          2
{ common_pid: mc-worker       [    386889], ret:         42 } hitcount:          2
{ common_pid: mc-worker       [    386894], ret:         37 } hitcount:          2
{ common_pid: mc-worker       [    386891], ret:         39 } hitcount:          2
{ common_pid: mc-worker       [    386889], ret:         61 } hitcount:          2
{ common_pid: mc-worker       [    386890], ret:         61 } hitcount:          2
{ common_pid: mc-worker       [    386893], ret:         62 } hitcount:          2
{ common_pid: mc-worker       [    386892], ret:         43 } hitcount:          2
{ common_pid: mc-worker       [    386892], ret:         40 } hitcount:          3
{ common_pid: mc-worker       [    386893], ret:         42 } hitcount:          3
{ common_pid: mc-worker       [    386894], ret:         33 } hitcount:          3
{ common_pid: mc-worker       [    386887], ret:         66 } hitcount:          3
{ common_pid: mc-worker       [    386887], ret:         52 } hitcount:          3
{ common_pid: mc-worker       [    386892], ret:         54 } hitcount:          3
{ common_pid: mc-worker       [    386893], ret:         49 } hitcount:          3
{ common_pid: mc-worker       [    386887], ret:         57 } hitcount:          3
{ common_pid: mc-worker       [    386889], ret:         40 } hitcount:          3
{ common_pid: mc-worker       [    386888], ret:         53 } hitcount:          3
{ common_pid: mc-worker       [    386893], ret:         56 } hitcount:          3
{ common_pid: mc-worker       [    386888], ret:         27 } hitcount:          3
{ common_pid: mc-worker       [    386894], ret:         31 } hitcount:          3
{ common_pid: mc-worker       [    386890], ret:         54 } hitcount:          3
{ common_pid: mc-worker       [    386893], ret:         38 } hitcount:          3
{ common_pid: mc-worker       [    386892], ret:         42 } hitcount:          3
{ common_pid: mc-worker       [    386887], ret:         33 } hitcount:          3
{ common_pid: mc-worker       [    386890], ret:         30 } hitcount:          4
{ common_pid: mc-worker       [    386891], ret:         47 } hitcount:          4
{ common_pid: mc-worker       [    386888], ret:         29 } hitcount:          4
{ common_pid: mc-worker       [    386888], ret:         28 } hitcount:          4
{ common_pid: mc-worker       [    386891], ret:         64 } hitcount:          4
{ common_pid: mc-worker       [    386892], ret:         38 } hitcount:          4
{ common_pid: mc-worker       [    386892], ret:         37 } hitcount:          4
{ common_pid: mc-worker       [    386892], ret:         64 } hitcount:          4
{ common_pid: mc-worker       [    386892], ret:         61 } hitcount:          4
{ common_pid: mc-worker       [    386893], ret:         64 } hitcount:          4
{ common_pid: mc-worker       [    386890], ret:         29 } hitcount:          5
{ common_pid: mc-worker       [    386892], ret:         41 } hitcount:          5
{ common_pid: mc-worker       [    386893], ret:         34 } hitcount:          5
{ common_pid: mc-worker       [    386887], ret:         30 } hitcount:          5
{ common_pid: mc-worker       [    386887], ret:         29 } hitcount:          5
{ common_pid: mc-worker       [    386889], ret:         38 } hitcount:          5
{ common_pid: mc-worker       [    386888], ret:         57 } hitcount:          5
{ common_pid: mc-worker       [    386891], ret:         36 } hitcount:          5
{ common_pid: mc-worker       [    386889], ret:         37 } hitcount:          6
{ common_pid: mc-worker       [    386893], ret:         33 } hitcount:          6
{ common_pid: mc-worker       [    386891], ret:         38 } hitcount:          6
{ common_pid: mc-worker       [    386891], ret:         35 } hitcount:          6
{ common_pid: mc-worker       [    386890], ret:         32 } hitcount:          6
{ common_pid: mc-worker       [    386888], ret:         25 } hitcount:          6
{ common_pid: mc-worker       [    386893], ret:         31 } hitcount:          7
{ common_pid: mc-worker       [    386888], ret:         24 } hitcount:          7
{ common_pid: mc-worker       [    386893], ret:         30 } hitcount:          7
{ common_pid: mc-worker       [    386889], ret:         39 } hitcount:          7
{ common_pid: mc-worker       [    386894], ret:         30 } hitcount:          7
{ common_pid: mc-worker       [    386889], ret:         36 } hitcount:          7
{ common_pid: mc-worker       [    386893], ret:         32 } hitcount:          7
{ common_pid: mc-worker       [    386892], ret:         32 } hitcount:          7
{ common_pid: mc-worker       [    386892], ret:         34 } hitcount:          7
{ common_pid: mc-worker       [    386887], ret:         27 } hitcount:          8
{ common_pid: mc-worker       [    386890], ret:         28 } hitcount:          8
{ common_pid: mc-worker       [    386888], ret:         22 } hitcount:          8
{ common_pid: mc-worker       [    386887], ret:         28 } hitcount:          8
{ common_pid: mc-worker       [    386893], ret:         29 } hitcount:          8
{ common_pid: mc-worker       [    386894], ret:         29 } hitcount:          9
{ common_pid: mc-worker       [    386890], ret:         27 } hitcount:          9
{ common_pid: mc-worker       [    386889], ret:         35 } hitcount:         10
{ common_pid: mc-worker       [    386888], ret:         23 } hitcount:         10
{ common_pid: mc-worker       [    386891], ret:         34 } hitcount:         10
{ common_pid: mc-worker       [    386889], ret:         34 } hitcount:         10
{ common_pid: mc-worker       [    386887], ret:         26 } hitcount:         12
{ common_pid: mc-worker       [    386894], ret:         28 } hitcount:         13
{ common_pid: mc-worker       [    386889], ret:         33 } hitcount:         15
{ common_pid: mc-worker       [    386892], ret:         33 } hitcount:         16
{ common_pid: mc-worker       [    386893], ret:         28 } hitcount:         16
{ common_pid: mc-worker       [    386889], ret:         32 } hitcount:         17
{ common_pid: mc-worker       [    386893], ret:         27 } hitcount:         18
{ common_pid: mc-worker       [    386891], ret:         32 } hitcount:         18
{ common_pid: mc-worker       [    386890], ret:         26 } hitcount:         19
{ common_pid: mc-worker       [    386892], ret:         30 } hitcount:         20
{ common_pid: mc-worker       [    386891], ret:         31 } hitcount:         20
{ common_pid: mc-worker       [    386891], ret:         33 } hitcount:         21
{ common_pid: mc-worker       [    386894], ret:         27 } hitcount:         21
{ common_pid: mc-worker       [    386892], ret:         31 } hitcount:         21
{ common_pid: mc-worker       [    386887], ret:         25 } hitcount:         22
{ common_pid: mc-worker       [    386894], ret:         26 } hitcount:         23
{ common_pid: mc-worker       [    386894], ret:         25 } hitcount:         23
{ common_pid: mc-worker       [    386887], ret:         24 } hitcount:         23
{ common_pid: mc-worker       [    386890], ret:         25 } hitcount:         24
{ common_pid: mc-worker       [    386891], ret:         30 } hitcount:         27
{ common_pid: mc-worker       [    386888], ret:         21 } hitcount:         28
{ common_pid: mc-worker       [    386892], ret:         29 } hitcount:         28
{ common_pid: mc-worker       [    386893], ret:         26 } hitcount:         29
{ common_pid: mc-worker       [    386889], ret:         31 } hitcount:         32
{ common_pid: mc-worker       [    386888], ret:         20 } hitcount:         33
{ common_pid: mc-worker       [    386894], ret:         24 } hitcount:         35
{ common_pid: mc-worker       [    386890], ret:         24 } hitcount:         35
{ common_pid: mc-worker       [    386892], ret:         28 } hitcount:         36
{ common_pid: mc-worker       [    386889], ret:         30 } hitcount:         36
{ common_pid: mc-worker       [    386890], ret:         23 } hitcount:         38
{ common_pid: mc-worker       [    386891], ret:         29 } hitcount:         38
{ common_pid: mc-worker       [    386892], ret:         27 } hitcount:         39
{ common_pid: mc-worker       [    386887], ret:         23 } hitcount:         44
{ common_pid: mc-worker       [    386888], ret:         19 } hitcount:         44
{ common_pid: mc-worker       [    386891], ret:         28 } hitcount:         45
{ common_pid: mc-worker       [    386893], ret:         25 } hitcount:         45
{ common_pid: mc-worker       [    386889], ret:         29 } hitcount:         45
{ common_pid: mc-worker       [    386894], ret:         23 } hitcount:         49
{ common_pid: mc-worker       [    386887], ret:         22 } hitcount:         51
{ common_pid: mc-worker       [    386890], ret:         22 } hitcount:         52
{ common_pid: mc-worker       [    386892], ret:         26 } hitcount:         56
{ common_pid: mc-worker       [    386889], ret:         28 } hitcount:         63
{ common_pid: mc-worker       [    386893], ret:         24 } hitcount:         65
{ common_pid: mc-worker       [    386889], ret:         27 } hitcount:         70
{ common_pid: mc-worker       [    386892], ret:         25 } hitcount:         74
{ common_pid: mc-worker       [    386890], ret:         21 } hitcount:         78
{ common_pid: mc-worker       [    386891], ret:         27 } hitcount:         78
{ common_pid: mc-worker       [    386887], ret:         21 } hitcount:         86
{ common_pid: mc-worker       [    386888], ret:         18 } hitcount:         87
{ common_pid: mc-worker       [    386893], ret:         23 } hitcount:         88
{ common_pid: mc-worker       [    386894], ret:         22 } hitcount:         90
{ common_pid: mc-worker       [    386889], ret:         26 } hitcount:         95
{ common_pid: mc-worker       [    386891], ret:         26 } hitcount:         98
{ common_pid: mc-worker       [    386892], ret:         24 } hitcount:         98
{ common_pid: mc-worker       [    386894], ret:         21 } hitcount:         99
{ common_pid: mc-worker       [    386887], ret:         20 } hitcount:        100
{ common_pid: mc-worker       [    386893], ret:         22 } hitcount:        107
{ common_pid: mc-worker       [    386891], ret:         25 } hitcount:        114
{ common_pid: mc-worker       [    386892], ret:         23 } hitcount:        124
{ common_pid: mc-worker       [    386888], ret:         17 } hitcount:        136
{ common_pid: mc-worker       [    386887], ret:         19 } hitcount:        140
{ common_pid: mc-worker       [    386890], ret:         20 } hitcount:        142
{ common_pid: mc-worker       [    386889], ret:         25 } hitcount:        148
{ common_pid: mc-worker       [    386891], ret:         24 } hitcount:        155
{ common_pid: mc-worker       [    386893], ret:         21 } hitcount:        160
{ common_pid: mc-worker       [    386894], ret:         20 } hitcount:        165
{ common_pid: mc-worker       [    386890], ret:         19 } hitcount:        183
{ common_pid: mc-worker       [    386891], ret:         23 } hitcount:        189
{ common_pid: mc-worker       [    386892], ret:         22 } hitcount:        193
{ common_pid: mc-worker       [    386889], ret:         24 } hitcount:        194
{ common_pid: mc-worker       [    386893], ret:         20 } hitcount:        216
{ common_pid: mc-worker       [    386888], ret:         16 } hitcount:        224
{ common_pid: mc-worker       [    386894], ret:         19 } hitcount:        238
{ common_pid: mc-worker       [    386890], ret:         18 } hitcount:        240
{ common_pid: mc-worker       [    386889], ret:         23 } hitcount:        244
{ common_pid: mc-worker       [    386887], ret:         18 } hitcount:        247
{ common_pid: mc-worker       [    386892], ret:         21 } hitcount:        255
{ common_pid: mc-worker       [    386891], ret:         22 } hitcount:        280
{ common_pid: mc-worker       [    386893], ret:         19 } hitcount:        290
{ common_pid: mc-worker       [    386894], ret:         18 } hitcount:        325
{ common_pid: mc-worker       [    386887], ret:         17 } hitcount:        331
{ common_pid: mc-worker       [    386889], ret:         22 } hitcount:        333
{ common_pid: mc-worker       [    386892], ret:         20 } hitcount:        345
{ common_pid: mc-worker       [    386891], ret:         21 } hitcount:        379
{ common_pid: mc-worker       [    386888], ret:         15 } hitcount:        383
{ common_pid: mc-worker       [    386893], ret:         18 } hitcount:        425
{ common_pid: mc-worker       [    386890], ret:         17 } hitcount:        428
{ common_pid: mc-worker       [    386889], ret:         21 } hitcount:        473
{ common_pid: mc-worker       [    386891], ret:         20 } hitcount:        480
{ common_pid: mc-worker       [    386892], ret:         19 } hitcount:        481
{ common_pid: mc-worker       [    386894], ret:         17 } hitcount:        501
{ common_pid: mc-worker       [    386887], ret:         16 } hitcount:        509
{ common_pid: mc-worker       [    386888], ret:         14 } hitcount:        564
{ common_pid: mc-worker       [    386893], ret:         17 } hitcount:        610
{ common_pid: mc-worker       [    386890], ret:         16 } hitcount:        617
{ common_pid: mc-worker       [    386889], ret:         20 } hitcount:        619
{ common_pid: mc-worker       [    386891], ret:         19 } hitcount:        667
{ common_pid: mc-worker       [    386892], ret:         18 } hitcount:        680
{ common_pid: mc-worker       [    386894], ret:         16 } hitcount:        745
{ common_pid: mc-worker       [    386887], ret:         15 } hitcount:        784
{ common_pid: mc-worker       [    386893], ret:         16 } hitcount:        856
{ common_pid: mc-worker       [    386892], ret:         17 } hitcount:        859
{ common_pid: mc-worker       [    386889], ret:         19 } hitcount:        871
{ common_pid: mc-worker       [    386891], ret:         18 } hitcount:        873
{ common_pid: mc-worker       [    386890], ret:         15 } hitcount:        926
{ common_pid: mc-worker       [    386888], ret:         13 } hitcount:        986
{ common_pid: mc-worker       [    386894], ret:         15 } hitcount:       1077
{ common_pid: mc-worker       [    386887], ret:         14 } hitcount:       1159
{ common_pid: mc-worker       [    386889], ret:         18 } hitcount:       1183
{ common_pid: mc-worker       [    386891], ret:         17 } hitcount:       1231
{ common_pid: mc-worker       [    386893], ret:         15 } hitcount:       1263
{ common_pid: mc-worker       [    386892], ret:         16 } hitcount:       1291
{ common_pid: mc-worker       [    386890], ret:         14 } hitcount:       1387
{ common_pid: mc-worker       [    386889], ret:         17 } hitcount:       1559
{ common_pid: mc-worker       [    386888], ret:         12 } hitcount:       1571
{ common_pid: mc-worker       [    386894], ret:         14 } hitcount:       1675
{ common_pid: mc-worker       [    386891], ret:         16 } hitcount:       1691
{ common_pid: mc-worker       [    386893], ret:         14 } hitcount:       1813
{ common_pid: mc-worker       [    386887], ret:         13 } hitcount:       1820
{ common_pid: mc-worker       [    386892], ret:         15 } hitcount:       1869
{ common_pid: mc-worker       [    386890], ret:         13 } hitcount:       2065
{ common_pid: mc-worker       [    386889], ret:         16 } hitcount:       2150
{ common_pid: mc-worker       [    386891], ret:         15 } hitcount:       2330
{ common_pid: mc-worker       [    386894], ret:         13 } hitcount:       2426
{ common_pid: mc-worker       [    386887], ret:         12 } hitcount:       2658
{ common_pid: mc-worker       [    386892], ret:         14 } hitcount:       2674
{ common_pid: mc-worker       [    386888], ret:         11 } hitcount:       2768
{ common_pid: mc-worker       [    386893], ret:         13 } hitcount:       2801
{ common_pid: mc-worker       [    386889], ret:         15 } hitcount:       3035
{ common_pid: mc-worker       [    386890], ret:         12 } hitcount:       3179
{ common_pid: mc-worker       [    386891], ret:         14 } hitcount:       3291
{ common_pid: mc-worker       [    386894], ret:         12 } hitcount:       3574
{ common_pid: mc-worker       [    386892], ret:         13 } hitcount:       3730
{ common_pid: mc-worker       [    386893], ret:         12 } hitcount:       3986
{ common_pid: mc-worker       [    386889], ret:         14 } hitcount:       4177
{ common_pid: mc-worker       [    386887], ret:         11 } hitcount:       4186
{ common_pid: mc-worker       [    386891], ret:         13 } hitcount:       4539
{ common_pid: mc-worker       [    386888], ret:         10 } hitcount:       4799
{ common_pid: mc-worker       [    386890], ret:         11 } hitcount:       4970
{ common_pid: mc-worker       [    386892], ret:         12 } hitcount:       5503
{ common_pid: mc-worker       [    386889], ret:         13 } hitcount:       5563
{ common_pid: mc-worker       [    386894], ret:         11 } hitcount:       5608
{ common_pid: mc-worker       [    386893], ret:         11 } hitcount:       5983
{ common_pid: mc-worker       [    386891], ret:         12 } hitcount:       6314
{ common_pid: mc-worker       [    386887], ret:         10 } hitcount:       6645
{ common_pid: mc-worker       [    386889], ret:         12 } hitcount:       7518
{ common_pid: mc-worker       [    386890], ret:         10 } hitcount:       7789
{ common_pid: mc-worker       [    386892], ret:         11 } hitcount:       7818
{ common_pid: mc-worker       [    386888], ret:          9 } hitcount:       8206
{ common_pid: mc-worker       [    386894], ret:         10 } hitcount:       8499
{ common_pid: mc-worker       [    386891], ret:         11 } hitcount:       8988
{ common_pid: mc-worker       [    386893], ret:         10 } hitcount:       8993
{ common_pid: mc-worker       [    386889], ret:         11 } hitcount:      10397
{ common_pid: mc-worker       [    386887], ret:          9 } hitcount:      10632
{ common_pid: mc-worker       [    386892], ret:         10 } hitcount:      11497
{ common_pid: mc-worker       [    386890], ret:          9 } hitcount:      12104
{ common_pid: mc-worker       [    386891], ret:         10 } hitcount:      12532
{ common_pid: mc-worker       [    386894], ret:          9 } hitcount:      12798
{ common_pid: mc-worker       [    386893], ret:          9 } hitcount:      13874
{ common_pid: mc-worker       [    386889], ret:         10 } hitcount:      14266
{ common_pid: mc-worker       [    386888], ret:          8 } hitcount:      14384
{ common_pid: mc-worker       [    386892], ret:          9 } hitcount:      16543
{ common_pid: mc-worker       [    386887], ret:          8 } hitcount:      17348
{ common_pid: mc-worker       [    386891], ret:          9 } hitcount:      18397
{ common_pid: mc-worker       [    386890], ret:          8 } hitcount:      18876
{ common_pid: mc-worker       [    386889], ret:          9 } hitcount:      20040
{ common_pid: mc-worker       [    386894], ret:          8 } hitcount:      20338
{ common_pid: mc-worker       [    386893], ret:          8 } hitcount:      21534
{ common_pid: mc-worker       [    386888], ret:          7 } hitcount:      25358
{ common_pid: mc-worker       [    386892], ret:          8 } hitcount:      25365
{ common_pid: mc-worker       [    386891], ret:          8 } hitcount:      26279
{ common_pid: mc-worker       [    386889], ret:          8 } hitcount:      28134
{ common_pid: mc-worker       [    386887], ret:          7 } hitcount:      28447
{ common_pid: mc-worker       [    386890], ret:          7 } hitcount:      29560
{ common_pid: mc-worker       [    386894], ret:          7 } hitcount:      31576
{ common_pid: mc-worker       [    386893], ret:          7 } hitcount:      33520
{ common_pid: mc-worker       [    386892], ret:          7 } hitcount:      37678
{ common_pid: mc-worker       [    386891], ret:          7 } hitcount:      38602
{ common_pid: mc-worker       [    386889], ret:          7 } hitcount:      38807
{ common_pid: mc-worker       [    386888], ret:          6 } hitcount:      44624
{ common_pid: mc-worker       [    386887], ret:          6 } hitcount:      47281
{ common_pid: mc-worker       [    386890], ret:          6 } hitcount:      48005
{ common_pid: mc-worker       [    386894], ret:          6 } hitcount:      49763
{ common_pid: mc-worker       [    386893], ret:          6 } hitcount:      53284
{ common_pid: mc-worker       [    386889], ret:          6 } hitcount:      56226
{ common_pid: mc-worker       [    386891], ret:          6 } hitcount:      57480
{ common_pid: mc-worker       [    386892], ret:          6 } hitcount:      57524
{ common_pid: mc-worker       [    386890], ret:          5 } hitcount:      79882
{ common_pid: mc-worker       [    386888], ret:          5 } hitcount:      80075
{ common_pid: mc-worker       [    386894], ret:          5 } hitcount:      80905
{ common_pid: mc-worker       [    386887], ret:          5 } hitcount:      81533
{ common_pid: mc-worker       [    386889], ret:          5 } hitcount:      82903
{ common_pid: mc-worker       [    386893], ret:          5 } hitcount:      85967
{ common_pid: mc-worker       [    386891], ret:          5 } hitcount:      86955
{ common_pid: mc-worker       [    386892], ret:          5 } hitcount:      88986
{ common_pid: mc-worker       [    386889], ret:          4 } hitcount:     120932
{ common_pid: mc-worker       [    386894], ret:          4 } hitcount:     132028
{ common_pid: mc-worker       [    386890], ret:          4 } hitcount:     132103
{ common_pid: mc-worker       [    386891], ret:          4 } hitcount:     132891
{ common_pid: mc-worker       [    386887], ret:          4 } hitcount:     138269
{ common_pid: mc-worker       [    386892], ret:          4 } hitcount:     138372
{ common_pid: mc-worker       [    386893], ret:          4 } hitcount:     138467
{ common_pid: mc-worker       [    386888], ret:          4 } hitcount:     141543
{ common_pid: mc-worker       [    386889], ret:          3 } hitcount:     171444
{ common_pid: mc-worker       [    386891], ret:          3 } hitcount:     196849
{ common_pid: mc-worker       [    386892], ret:          3 } hitcount:     205984
{ common_pid: mc-worker       [    386894], ret:          3 } hitcount:     206512
{ common_pid: mc-worker       [    386890], ret:          3 } hitcount:     212090
{ common_pid: mc-worker       [    386893], ret:          3 } hitcount:     214832
{ common_pid: mc-worker       [    386889], ret:          2 } hitcount:     223273
{ common_pid: mc-worker       [    386887], ret:          3 } hitcount:     227299
{ common_pid: mc-worker       [    386888], ret:          3 } hitcount:     240712
{ common_pid: mc-worker       [    386889], ret:          1 } hitcount:     248325
{ common_pid: mc-worker       [    386891], ret:          2 } hitcount:     264581
{ common_pid: mc-worker       [    386892], ret:          2 } hitcount:     278353
{ common_pid: mc-worker       [    386894], ret:          2 } hitcount:     295868
{ common_pid: mc-worker       [    386893], ret:          2 } hitcount:     301757
{ common_pid: mc-worker       [    386891], ret:          1 } hitcount:     306819
{ common_pid: mc-worker       [    386890], ret:          2 } hitcount:     309736
{ common_pid: mc-worker       [    386892], ret:          1 } hitcount:     324786
{ common_pid: mc-worker       [    386887], ret:          2 } hitcount:     339199
{ common_pid: mc-worker       [    386894], ret:          1 } hitcount:     358529
{ common_pid: mc-worker       [    386893], ret:          1 } hitcount:     360952
{ common_pid: mc-worker       [    386888], ret:          2 } hitcount:     365351
{ common_pid: mc-worker       [    386890], ret:          1 } hitcount:     385080
{ common_pid: mc-worker       [    386887], ret:          1 } hitcount:     426619
{ common_pid: mc-worker       [    386888], ret:          1 } hitcount:     467532
