{ common_pid: mc-worker       [    392654], ret:         33 } hitcount:          1
{ common_pid: mc-worker       [    392651], ret:         57 } hitcount:          1
{ common_pid: mc-worker       [    392650], ret:        509 } hitcount:          1
{ common_pid: mc-worker       [    392650], ret:         14 } hitcount:          1
{ common_pid: mc-worker       [    392657], ret:         15 } hitcount:          1
{ common_pid: mc-worker       [    392656], ret:         12 } hitcount:          1
{ common_pid: mc-worker       [    392652], ret:        477 } hitcount:          1
{ common_pid: mc-worker       [    392652], ret:         10 } hitcount:          1
{ common_pid: mc-worker       [    392655], ret:        500 } hitcount:          1
{ common_pid: mc-worker       [    392657], ret:         66 } hitcount:          1
{ common_pid: mc-worker       [    392652], ret:         28 } hitcount:          1
{ common_pid: mc-worker       [    392657], ret:        475 } hitcount:          1
{ common_pid: mc-worker       [    392652], ret:         14 } hitcount:          1
{ common_pid: mc-worker       [    392656], ret:         11 } hitcount:          1
{ common_pid: mc-worker       [    392656], ret:        496 } hitcount:          1
{ common_pid: mc-worker       [    392657], ret:         10 } hitcount:          1
{ common_pid: mc-worker       [    392657], ret:         12 } hitcount:          1
{ common_pid: mc-worker       [    392652], ret:         12 } hitcount:          1
{ common_pid: mc-worker       [    392651], ret:        512 } hitcount:          1
{ common_pid: mc-worker       [    392650], ret:         11 } hitcount:          1
{ common_pid: mc-worker       [    392650], ret:         25 } hitcount:          1
{ common_pid: mc-worker       [    392655], ret:         29 } hitcount:          1
{ common_pid: mc-worker       [    392653], ret:        488 } hitcount:          1
{ common_pid: mc-worker       [    392654], ret:        476 } hitcount:          1
{ common_pid: mc-worker       [    392656], ret:         42 } hitcount:          1
{ common_pid: mc-worker       [    392653], ret:         36 } hitcount:          1
{ common_pid: mc-worker       [    392650], ret:         13 } hitcount:          1
{ common_pid: mc-worker       [    392651], ret:         13 } hitcount:          1
{ common_pid: mc-worker       [    392652], ret:         16 } hitcount:          1
{ common_pid: mc-worker       [    392654], ret:         11 } hitcount:          1
{ common_pid: mc-worker       [    392652], ret:         15 } hitcount:          1
{ common_pid: mc-worker       [    392654], ret:         10 } hitcount:          1
{ common_pid: mc-worker       [    392652], ret:         24 } hitcount:          1
{ common_pid: mc-worker       [    392655], ret:         11 } hitcount:          2
{ common_pid: mc-worker       [    392651], ret:         11 } hitcount:          2
{ common_pid: mc-worker       [    392650], ret:         10 } hitcount:          2
{ common_pid: mc-worker       [    392652], ret:         13 } hitcount:          2
{ common_pid: mc-worker       [    392651], ret:         20 } hitcount:          2
{ common_pid: mc-worker       [    392651], ret:         12 } hitcount:          2
{ common_pid: mc-worker       [    392652], ret:         19 } hitcount:          2
{ common_pid: mc-worker       [    392653], ret:         10 } hitcount:          2
{ common_pid: mc-worker       [    392652], ret:         11 } hitcount:          2
{ common_pid: mc-worker       [    392657], ret:         14 } hitcount:          2
{ common_pid: mc-worker       [    392651], ret:         14 } hitcount:          2
{ common_pid: mc-worker       [    392650], ret:         12 } hitcount:          2
{ common_pid: mc-worker       [    392651], ret:         15 } hitcount:          2
{ common_pid: mc-worker       [    392653], ret:         11 } hitcount:          3
{ common_pid: mc-worker       [    392656], ret:         10 } hitcount:          3
{ common_pid: mc-worker       [    392653], ret:          9 } hitcount:          3
{ common_pid: mc-worker       [    392655], ret:          9 } hitcount:          3
{ common_pid: mc-worker       [    392652], ret:          9 } hitcount:          5
{ common_pid: mc-worker       [    392655], ret:         10 } hitcount:          5
{ common_pid: mc-worker       [    392650], ret:          9 } hitcount:          5
{ common_pid: mc-worker       [    392654], ret:          9 } hitcount:          7
{ common_pid: mc-worker       [    392656], ret:          9 } hitcount:          8
{ common_pid: mc-worker       [    392657], ret:          9 } hitcount:         10
{ common_pid: mc-worker       [    392651], ret:         10 } hitcount:         10
{ common_pid: mc-worker       [    392650], ret:          8 } hitcount:         12
{ common_pid: mc-worker       [    392651], ret:          9 } hitcount:         14
{ common_pid: mc-worker       [    392654], ret:          8 } hitcount:         15
{ common_pid: mc-worker       [    392652], ret:          8 } hitcount:         16
{ common_pid: mc-worker       [    392656], ret:          8 } hitcount:         17
{ common_pid: mc-worker       [    392653], ret:          8 } hitcount:         18
{ common_pid: mc-worker       [    392657], ret:          8 } hitcount:         18
{ common_pid: mc-worker       [    392655], ret:          8 } hitcount:         24
{ common_pid: mc-worker       [    392651], ret:          8 } hitcount:         41
{ common_pid: mc-worker       [    392654], ret:          7 } hitcount:         47
{ common_pid: mc-worker       [    392655], ret:          7 } hitcount:         57
{ common_pid: mc-worker       [    392653], ret:          7 } hitcount:         57
{ common_pid: mc-worker       [    392652], ret:          7 } hitcount:         60
{ common_pid: mc-worker       [    392650], ret:          7 } hitcount:         62
{ common_pid: mc-worker       [    392656], ret:          7 } hitcount:         65
{ common_pid: mc-worker       [    392657], ret:          7 } hitcount:         66
{ common_pid: mc-worker       [    392651], ret:          7 } hitcount:        104
{ common_pid: mc-worker       [    392654], ret:          6 } hitcount:        205
{ common_pid: mc-worker       [    392652], ret:          6 } hitcount:        232
{ common_pid: mc-worker       [    392656], ret:          6 } hitcount:        233
{ common_pid: mc-worker       [    392650], ret:          6 } hitcount:        257
{ common_pid: mc-worker       [    392655], ret:          6 } hitcount:        296
{ common_pid: mc-worker       [    392653], ret:          6 } hitcount:        311
{ common_pid: mc-worker       [    392657], ret:          6 } hitcount:        334
{ common_pid: mc-worker       [    392651], ret:          6 } hitcount:        444
{ common_pid: mc-worker       [    392654], ret:          5 } hitcount:       1240
{ common_pid: mc-worker       [    392652], ret:          5 } hitcount:       1462
{ common_pid: mc-worker       [    392656], ret:          5 } hitcount:       1561
{ common_pid: mc-worker       [    392650], ret:          5 } hitcount:       1602
{ common_pid: mc-worker       [    392653], ret:          5 } hitcount:       1638
{ common_pid: mc-worker       [    392655], ret:          5 } hitcount:       1713
{ common_pid: mc-worker       [    392657], ret:          5 } hitcount:       1979
{ common_pid: mc-worker       [    392651], ret:          5 } hitcount:       2326
{ common_pid: mc-worker       [    392654], ret:          4 } hitcount:       8674
{ common_pid: mc-worker       [    392652], ret:          4 } hitcount:       9243
{ common_pid: mc-worker       [    392656], ret:          4 } hitcount:      10195
{ common_pid: mc-worker       [    392650], ret:          4 } hitcount:      10530
{ common_pid: mc-worker       [    392653], ret:          4 } hitcount:      10635
{ common_pid: mc-worker       [    392655], ret:          4 } hitcount:      10953
{ common_pid: mc-worker       [    392657], ret:          4 } hitcount:      12294
{ common_pid: mc-worker       [    392651], ret:          4 } hitcount:      14207
{ common_pid: mc-worker       [    392654], ret:          3 } hitcount:      53155
{ common_pid: mc-worker       [    392652], ret:          3 } hitcount:      55272
{ common_pid: mc-worker       [    392656], ret:          3 } hitcount:      59331
{ common_pid: mc-worker       [    392653], ret:          3 } hitcount:      59940
{ common_pid: mc-worker       [    392650], ret:          3 } hitcount:      60849
{ common_pid: mc-worker       [    392655], ret:          3 } hitcount:      61047
{ common_pid: mc-worker       [    392657], ret:          3 } hitcount:      66150
{ common_pid: mc-worker       [    392651], ret:          3 } hitcount:      74063
{ common_pid: mc-worker       [    392654], ret:          2 } hitcount:     240985
{ common_pid: mc-worker       [    392652], ret:          2 } hitcount:     243942
{ common_pid: mc-worker       [    392653], ret:          2 } hitcount:     253170
{ common_pid: mc-worker       [    392656], ret:          2 } hitcount:     255604
{ common_pid: mc-worker       [    392655], ret:          2 } hitcount:     256876
{ common_pid: mc-worker       [    392650], ret:          2 } hitcount:     257654
{ common_pid: mc-worker       [    392657], ret:          2 } hitcount:     269996
{ common_pid: mc-worker       [    392651], ret:          2 } hitcount:     287128
{ common_pid: mc-worker       [    392654], ret:          1 } hitcount:     738331
{ common_pid: mc-worker       [    392652], ret:          1 } hitcount:     741086
{ common_pid: mc-worker       [    392653], ret:          1 } hitcount:     742997
{ common_pid: mc-worker       [    392655], ret:          1 } hitcount:     746354
{ common_pid: mc-worker       [    392657], ret:          1 } hitcount:     747600
{ common_pid: mc-worker       [    392656], ret:          1 } hitcount:     748429
{ common_pid: mc-worker       [    392650], ret:          1 } hitcount:     750615
{ common_pid: mc-worker       [    392651], ret:          1 } hitcount:     757938
