{ common_pid: mc-worker       [     58637], ret:         66 } hitcount:          1
{ common_pid: mc-worker       [     58643], ret:        128 } hitcount:          1
{ common_pid: mc-worker       [     58637], ret:         93 } hitcount:          1
{ common_pid: mc-worker       [     58643], ret:        124 } hitcount:          1
{ common_pid: mc-worker       [     58642], ret:         75 } hitcount:          1
{ common_pid: mc-worker       [     58638], ret:        113 } hitcount:          1
{ common_pid: mc-worker       [     58644], ret:        127 } hitcount:          1
{ common_pid: mc-worker       [     58643], ret:        102 } hitcount:          1
{ common_pid: mc-worker       [     58639], ret:         80 } hitcount:          1
{ common_pid: mc-worker       [     58640], ret:        101 } hitcount:          1
{ common_pid: mc-worker       [     58642], ret:        128 } hitcount:          1
{ common_pid: mc-worker       [     58644], ret:         65 } hitcount:          1
{ common_pid: mc-worker       [     58643], ret:        101 } hitcount:          1
{ common_pid: mc-worker       [     58643], ret:         81 } hitcount:          1
{ common_pid: mc-worker       [     58644], ret:         61 } hitcount:          1
{ common_pid: mc-worker       [     58643], ret:        104 } hitcount:          1
{ common_pid: mc-worker       [     58639], ret:        182 } hitcount:          1
{ common_pid: mc-worker       [     58641], ret:        128 } hitcount:          1
{ common_pid: mc-worker       [     58642], ret:         55 } hitcount:          1
{ common_pid: mc-worker       [     58637], ret:         69 } hitcount:          1
{ common_pid: mc-worker       [     58640], ret:         97 } hitcount:          1
{ common_pid: mc-worker       [     58639], ret:        388 } hitcount:          1
{ common_pid: mc-worker       [     58638], ret:         70 } hitcount:          1
{ common_pid: mc-worker       [     58644], ret:        109 } hitcount:          1
{ common_pid: mc-worker       [     58639], ret:        256 } hitcount:          1
{ common_pid: mc-worker       [     58640], ret:        120 } hitcount:          1
{ common_pid: mc-worker       [     58638], ret:        101 } hitcount:          1
{ common_pid: mc-worker       [     58641], ret:         98 } hitcount:          1
{ common_pid: mc-worker       [     58638], ret:         62 } hitcount:          1
{ common_pid: mc-worker       [     58639], ret:        305 } hitcount:          1
{ common_pid: mc-worker       [     58643], ret:        114 } hitcount:          1
{ common_pid: mc-worker       [     58638], ret:        147 } hitcount:          1
{ common_pid: mc-worker       [     58643], ret:         73 } hitcount:          1
{ common_pid: mc-worker       [     58637], ret:        119 } hitcount:          1
{ common_pid: mc-worker       [     58641], ret:         64 } hitcount:          1
{ common_pid: mc-worker       [     58639], ret:        117 } hitcount:          1
{ common_pid: mc-worker       [     58637], ret:         65 } hitcount:          1
{ common_pid: mc-worker       [     58637], ret:         70 } hitcount:          1
{ common_pid: mc-worker       [     58637], ret:        114 } hitcount:          1
{ common_pid: mc-worker       [     58644], ret:        115 } hitcount:          1
{ common_pid: mc-worker       [     58641], ret:        115 } hitcount:          1
{ common_pid: mc-worker       [     58640], ret:        109 } hitcount:          1
{ common_pid: mc-worker       [     58637], ret:         71 } hitcount:          1
{ common_pid: mc-worker       [     58638], ret:         82 } hitcount:          1
{ common_pid: mc-worker       [     58642], ret:        126 } hitcount:          1
{ common_pid: mc-worker       [     58644], ret:         68 } hitcount:          1
{ common_pid: mc-worker       [     58644], ret:         72 } hitcount:          1
{ common_pid: mc-worker       [     58639], ret:        105 } hitcount:          1
{ common_pid: mc-worker       [     58637], ret:         97 } hitcount:          1
{ common_pid: mc-worker       [     58639], ret:        104 } hitcount:          1
{ common_pid: mc-worker       [     58642], ret:        102 } hitcount:          1
{ common_pid: mc-worker       [     58638], ret:        317 } hitcount:          1
{ common_pid: mc-worker       [     58642], ret:         82 } hitcount:          1
{ common_pid: mc-worker       [     58638], ret:         57 } hitcount:          1
{ common_pid: mc-worker       [     58641], ret:        241 } hitcount:          1
{ common_pid: mc-worker       [     58643], ret:        120 } hitcount:          1
{ common_pid: mc-worker       [     58639], ret:         74 } hitcount:          1
{ common_pid: mc-worker       [     58640], ret:         93 } hitcount:          1
{ common_pid: mc-worker       [     58638], ret:        107 } hitcount:          1
{ common_pid: mc-worker       [     58637], ret:        125 } hitcount:          1
{ common_pid: mc-worker       [     58642], ret:         63 } hitcount:          1
{ common_pid: mc-worker       [     58643], ret:        135 } hitcount:          1
{ common_pid: mc-worker       [     58638], ret:        116 } hitcount:          1
{ common_pid: mc-worker       [     58639], ret:         81 } hitcount:          1
{ common_pid: mc-worker       [     58639], ret:        101 } hitcount:          1
{ common_pid: mc-worker       [     58644], ret:        124 } hitcount:          1
{ common_pid: mc-worker       [     58637], ret:         62 } hitcount:          1
{ common_pid: mc-worker       [     58642], ret:         60 } hitcount:          1
{ common_pid: mc-worker       [     58643], ret:         79 } hitcount:          1
{ common_pid: mc-worker       [     58641], ret:         59 } hitcount:          1
{ common_pid: mc-worker       [     58638], ret:         64 } hitcount:          1
{ common_pid: mc-worker       [     58643], ret:        127 } hitcount:          1
{ common_pid: mc-worker       [     58642], ret:         99 } hitcount:          1
{ common_pid: mc-worker       [     58641], ret:         56 } hitcount:          1
{ common_pid: mc-worker       [     58640], ret:         63 } hitcount:          1
{ common_pid: mc-worker       [     58638], ret:         55 } hitcount:          1
{ common_pid: mc-worker       [     58638], ret:         65 } hitcount:          1
{ common_pid: mc-worker       [     58637], ret:        120 } hitcount:          1
{ common_pid: mc-worker       [     58638], ret:        108 } hitcount:          1
{ common_pid: mc-worker       [     58643], ret:         72 } hitcount:          1
{ common_pid: mc-worker       [     58639], ret:        220 } hitcount:          1
{ common_pid: mc-worker       [     58639], ret:        124 } hitcount:          1
{ common_pid: mc-worker       [     58641], ret:         85 } hitcount:          1
{ common_pid: mc-worker       [     58641], ret:        111 } hitcount:          1
{ common_pid: mc-worker       [     58640], ret:         67 } hitcount:          1
{ common_pid: mc-worker       [     58642], ret:         65 } hitcount:          1
{ common_pid: mc-worker       [     58639], ret:        404 } hitcount:          1
{ common_pid: mc-worker       [     58644], ret:        100 } hitcount:          1
{ common_pid: mc-worker       [     58641], ret:         69 } hitcount:          1
{ common_pid: mc-worker       [     58641], ret:         70 } hitcount:          2
{ common_pid: mc-worker       [     58638], ret:         52 } hitcount:          2
{ common_pid: mc-worker       [     58638], ret:         72 } hitcount:          2
{ common_pid: mc-worker       [     58644], ret:         56 } hitcount:          2
{ common_pid: mc-worker       [     58638], ret:         60 } hitcount:          2
{ common_pid: mc-worker       [     58644], ret:         57 } hitcount:          2
{ common_pid: mc-worker       [     58640], ret:         60 } hitcount:          2
{ common_pid: mc-worker       [     58642], ret:         64 } hitcount:          2
{ common_pid: mc-worker       [     58640], ret:         61 } hitcount:          2
{ common_pid: mc-worker       [     58637], ret:         67 } hitcount:          2
{ common_pid: mc-worker       [     58639], ret:         69 } hitcount:          2
{ common_pid: mc-worker       [     58641], ret:         55 } hitcount:          2
{ common_pid: mc-worker       [     58643], ret:         62 } hitcount:          2
{ common_pid: mc-worker       [     58638], ret:         67 } hitcount:          2
{ common_pid: mc-worker       [     58641], ret:         57 } hitcount:          2
{ common_pid: mc-worker       [     58641], ret:         63 } hitcount:          2
{ common_pid: mc-worker       [     58641], ret:         66 } hitcount:          2
{ common_pid: mc-worker       [     58641], ret:         60 } hitcount:          2
{ common_pid: mc-worker       [     58643], ret:         84 } hitcount:          2
{ common_pid: mc-worker       [     58638], ret:         54 } hitcount:          2
{ common_pid: mc-worker       [     58643], ret:         58 } hitcount:          2
{ common_pid: mc-worker       [     58643], ret:         68 } hitcount:          2
{ common_pid: mc-worker       [     58641], ret:         68 } hitcount:          2
{ common_pid: mc-worker       [     58643], ret:         66 } hitcount:          3
{ common_pid: mc-worker       [     58643], ret:         64 } hitcount:          3
{ common_pid: mc-worker       [     58641], ret:         61 } hitcount:          3
{ common_pid: mc-worker       [     58643], ret:         57 } hitcount:          3
{ common_pid: mc-worker       [     58638], ret:         66 } hitcount:          3
{ common_pid: mc-worker       [     58640], ret:         58 } hitcount:          3
{ common_pid: mc-worker       [     58643], ret:         65 } hitcount:          3
{ common_pid: mc-worker       [     58637], ret:         63 } hitcount:          3
{ common_pid: mc-worker       [     58642], ret:         59 } hitcount:          3
{ common_pid: mc-worker       [     58644], ret:         55 } hitcount:          3
{ common_pid: mc-worker       [     58642], ret:         57 } hitcount:          3
{ common_pid: mc-worker       [     58644], ret:         58 } hitcount:          3
{ common_pid: mc-worker       [     58637], ret:         72 } hitcount:          3
{ common_pid: mc-worker       [     58643], ret:         67 } hitcount:          3
{ common_pid: mc-worker       [     58638], ret:         56 } hitcount:          4
{ common_pid: mc-worker       [     58643], ret:         63 } hitcount:          4
{ common_pid: mc-worker       [     58639], ret:         68 } hitcount:          4
{ common_pid: mc-worker       [     58642], ret:         56 } hitcount:          4
{ common_pid: mc-worker       [     58637], ret:         56 } hitcount:          4
{ common_pid: mc-worker       [     58638], ret:         61 } hitcount:          4
{ common_pid: mc-worker       [     58642], ret:         54 } hitcount:          4
{ common_pid: mc-worker       [     58637], ret:         61 } hitcount:          4
{ common_pid: mc-worker       [     58638], ret:         63 } hitcount:          4
{ common_pid: mc-worker       [     58637], ret:         60 } hitcount:          4
{ common_pid: mc-worker       [     58639], ret:         53 } hitcount:          4
{ common_pid: mc-worker       [     58637], ret:         57 } hitcount:          4
{ common_pid: mc-worker       [     58641], ret:         54 } hitcount:          5
{ common_pid: mc-worker       [     58638], ret:         59 } hitcount:          5
{ common_pid: mc-worker       [     58639], ret:         57 } hitcount:          5
{ common_pid: mc-worker       [     58643], ret:         54 } hitcount:          5
{ common_pid: mc-worker       [     58639], ret:         59 } hitcount:          5
{ common_pid: mc-worker       [     58638], ret:         58 } hitcount:          5
{ common_pid: mc-worker       [     58637], ret:         55 } hitcount:          6
{ common_pid: mc-worker       [     58638], ret:         53 } hitcount:          6
{ common_pid: mc-worker       [     58643], ret:         56 } hitcount:          6
{ common_pid: mc-worker       [     58641], ret:         58 } hitcount:          6
{ common_pid: mc-worker       [     58639], ret:         52 } hitcount:          6
{ common_pid: mc-worker       [     58640], ret:         55 } hitcount:          6
{ common_pid: mc-worker       [     58639], ret:         54 } hitcount:          6
{ common_pid: mc-worker       [     58643], ret:         61 } hitcount:          7
{ common_pid: mc-worker       [     58643], ret:         60 } hitcount:          7
{ common_pid: mc-worker       [     58639], ret:         63 } hitcount:          7
{ common_pid: mc-worker       [     58639], ret:         55 } hitcount:          7
{ common_pid: mc-worker       [     58640], ret:         56 } hitcount:          7
{ common_pid: mc-worker       [     58639], ret:         66 } hitcount:          7
{ common_pid: mc-worker       [     58640], ret:         57 } hitcount:          8
{ common_pid: mc-worker       [     58641], ret:         52 } hitcount:          8
{ common_pid: mc-worker       [     58643], ret:         55 } hitcount:          8
{ common_pid: mc-worker       [     58643], ret:         59 } hitcount:          8
{ common_pid: mc-worker       [     58639], ret:         56 } hitcount:          8
{ common_pid: mc-worker       [     58641], ret:         53 } hitcount:          8
{ common_pid: mc-worker       [     58644], ret:         54 } hitcount:          8
{ common_pid: mc-worker       [     58643], ret:         53 } hitcount:          9
{ common_pid: mc-worker       [     58639], ret:         60 } hitcount:          9
{ common_pid: mc-worker       [     58639], ret:         62 } hitcount:          9
{ common_pid: mc-worker       [     58639], ret:         61 } hitcount:          9
{ common_pid: mc-worker       [     58639], ret:         51 } hitcount:         10
{ common_pid: mc-worker       [     58639], ret:         58 } hitcount:         10
{ common_pid: mc-worker       [     58642], ret:         53 } hitcount:         10
{ common_pid: mc-worker       [     58639], ret:         65 } hitcount:         10
{ common_pid: mc-worker       [     58637], ret:         54 } hitcount:         11
{ common_pid: mc-worker       [     58640], ret:         52 } hitcount:         11
{ common_pid: mc-worker       [     58644], ret:         52 } hitcount:         11
{ common_pid: mc-worker       [     58644], ret:         53 } hitcount:         12
{ common_pid: mc-worker       [     58639], ret:         67 } hitcount:         12
{ common_pid: mc-worker       [     58638], ret:         50 } hitcount:         12
{ common_pid: mc-worker       [     58640], ret:         54 } hitcount:         12
{ common_pid: mc-worker       [     58638], ret:         51 } hitcount:         13
{ common_pid: mc-worker       [     58639], ret:         64 } hitcount:         13
{ common_pid: mc-worker       [     58640], ret:         53 } hitcount:         14
{ common_pid: mc-worker       [     58643], ret:         52 } hitcount:         14
{ common_pid: mc-worker       [     58637], ret:         53 } hitcount:         15
{ common_pid: mc-worker       [     58637], ret:         52 } hitcount:         16
{ common_pid: mc-worker       [     58642], ret:         52 } hitcount:         16
{ common_pid: mc-worker       [     58643], ret:         51 } hitcount:         16
{ common_pid: mc-worker       [     58639], ret:         49 } hitcount:         19
{ common_pid: mc-worker       [     58641], ret:         51 } hitcount:         19
{ common_pid: mc-worker       [     58638], ret:         49 } hitcount:         20
{ common_pid: mc-worker       [     58640], ret:         51 } hitcount:         20
{ common_pid: mc-worker       [     58642], ret:         51 } hitcount:         20
{ common_pid: mc-worker       [     58638], ret:         48 } hitcount:         21
{ common_pid: mc-worker       [     58643], ret:         50 } hitcount:         24
{ common_pid: mc-worker       [     58643], ret:         49 } hitcount:         24
{ common_pid: mc-worker       [     58638], ret:         47 } hitcount:         24
{ common_pid: mc-worker       [     58644], ret:         51 } hitcount:         26
{ common_pid: mc-worker       [     58639], ret:         50 } hitcount:         26
{ common_pid: mc-worker       [     58642], ret:         50 } hitcount:         28
{ common_pid: mc-worker       [     58644], ret:         50 } hitcount:         30
{ common_pid: mc-worker       [     58642], ret:         49 } hitcount:         30
{ common_pid: mc-worker       [     58641], ret:         50 } hitcount:         31
{ common_pid: mc-worker       [     58637], ret:         51 } hitcount:         33
{ common_pid: mc-worker       [     58639], ret:         48 } hitcount:         35
{ common_pid: mc-worker       [     58644], ret:         49 } hitcount:         36
{ common_pid: mc-worker       [     58641], ret:         49 } hitcount:         37
{ common_pid: mc-worker       [     58641], ret:         48 } hitcount:         39
{ common_pid: mc-worker       [     58640], ret:         50 } hitcount:         40
{ common_pid: mc-worker       [     58639], ret:         47 } hitcount:         42
{ common_pid: mc-worker       [     58643], ret:         48 } hitcount:         44
{ common_pid: mc-worker       [     58637], ret:         49 } hitcount:         45
{ common_pid: mc-worker       [     58640], ret:         49 } hitcount:         45
{ common_pid: mc-worker       [     58637], ret:         50 } hitcount:         47
{ common_pid: mc-worker       [     58638], ret:         46 } hitcount:         50
{ common_pid: mc-worker       [     58642], ret:         48 } hitcount:         51
{ common_pid: mc-worker       [     58641], ret:         47 } hitcount:         53
{ common_pid: mc-worker       [     58643], ret:         47 } hitcount:         53
{ common_pid: mc-worker       [     58642], ret:         47 } hitcount:         57
{ common_pid: mc-worker       [     58640], ret:         48 } hitcount:         58
{ common_pid: mc-worker       [     58644], ret:         48 } hitcount:         62
{ common_pid: mc-worker       [     58637], ret:         48 } hitcount:         70
{ common_pid: mc-worker       [     58639], ret:         46 } hitcount:         71
{ common_pid: mc-worker       [     58644], ret:         47 } hitcount:         75
{ common_pid: mc-worker       [     58640], ret:         47 } hitcount:         80
{ common_pid: mc-worker       [     58638], ret:         45 } hitcount:         82
{ common_pid: mc-worker       [     58637], ret:         47 } hitcount:         89
{ common_pid: mc-worker       [     58643], ret:         46 } hitcount:         93
{ common_pid: mc-worker       [     58641], ret:         46 } hitcount:         93
{ common_pid: mc-worker       [     58639], ret:         45 } hitcount:         98
{ common_pid: mc-worker       [     58642], ret:         46 } hitcount:        103
{ common_pid: mc-worker       [     58638], ret:         44 } hitcount:        115
{ common_pid: mc-worker       [     58641], ret:         45 } hitcount:        121
{ common_pid: mc-worker       [     58640], ret:         46 } hitcount:        122
{ common_pid: mc-worker       [     58642], ret:         45 } hitcount:        126
{ common_pid: mc-worker       [     58643], ret:         45 } hitcount:        126
{ common_pid: mc-worker       [     58644], ret:         46 } hitcount:        131
{ common_pid: mc-worker       [     58639], ret:         44 } hitcount:        133
{ common_pid: mc-worker       [     58637], ret:         46 } hitcount:        143
{ common_pid: mc-worker       [     58640], ret:         45 } hitcount:        156
{ common_pid: mc-worker       [     58644], ret:         45 } hitcount:        163
{ common_pid: mc-worker       [     58638], ret:         43 } hitcount:        163
{ common_pid: mc-worker       [     58643], ret:         44 } hitcount:        177
{ common_pid: mc-worker       [     58642], ret:         44 } hitcount:        187
{ common_pid: mc-worker       [     58641], ret:         44 } hitcount:        189
{ common_pid: mc-worker       [     58640], ret:         44 } hitcount:        193
{ common_pid: mc-worker       [     58637], ret:         45 } hitcount:        204
{ common_pid: mc-worker       [     58644], ret:         44 } hitcount:        220
{ common_pid: mc-worker       [     58638], ret:         42 } hitcount:        223
{ common_pid: mc-worker       [     58639], ret:         43 } hitcount:        223
{ common_pid: mc-worker       [     58643], ret:         43 } hitcount:        236
{ common_pid: mc-worker       [     58639], ret:         42 } hitcount:        240
{ common_pid: mc-worker       [     58642], ret:         43 } hitcount:        240
{ common_pid: mc-worker       [     58640], ret:         43 } hitcount:        252
{ common_pid: mc-worker       [     58637], ret:         44 } hitcount:        255
{ common_pid: mc-worker       [     58641], ret:         43 } hitcount:        276
{ common_pid: mc-worker       [     58644], ret:         43 } hitcount:        288
{ common_pid: mc-worker       [     58638], ret:         41 } hitcount:        297
{ common_pid: mc-worker       [     58643], ret:         42 } hitcount:        302
{ common_pid: mc-worker       [     58641], ret:         42 } hitcount:        328
{ common_pid: mc-worker       [     58642], ret:         42 } hitcount:        350
{ common_pid: mc-worker       [     58637], ret:         43 } hitcount:        357
{ common_pid: mc-worker       [     58639], ret:         41 } hitcount:        358
{ common_pid: mc-worker       [     58644], ret:         42 } hitcount:        366
{ common_pid: mc-worker       [     58640], ret:         42 } hitcount:        374
{ common_pid: mc-worker       [     58638], ret:         40 } hitcount:        392
{ common_pid: mc-worker       [     58643], ret:         41 } hitcount:        400
{ common_pid: mc-worker       [     58642], ret:         41 } hitcount:        424
{ common_pid: mc-worker       [     58637], ret:         42 } hitcount:        435
{ common_pid: mc-worker       [     58639], ret:         40 } hitcount:        466
{ common_pid: mc-worker       [     58641], ret:         41 } hitcount:        478
{ common_pid: mc-worker       [     58640], ret:         41 } hitcount:        482
{ common_pid: mc-worker       [     58643], ret:         40 } hitcount:        506
{ common_pid: mc-worker       [     58644], ret:         41 } hitcount:        510
{ common_pid: mc-worker       [     58641], ret:         40 } hitcount:        546
{ common_pid: mc-worker       [     58637], ret:         41 } hitcount:        551
{ common_pid: mc-worker       [     58642], ret:         40 } hitcount:        557
{ common_pid: mc-worker       [     58638], ret:         39 } hitcount:        567
{ common_pid: mc-worker       [     58639], ret:         39 } hitcount:        588
{ common_pid: mc-worker       [     58640], ret:         40 } hitcount:        593
{ common_pid: mc-worker       [     58644], ret:         40 } hitcount:        608
{ common_pid: mc-worker       [     58643], ret:         39 } hitcount:        669
{ common_pid: mc-worker       [     58637], ret:         40 } hitcount:        694
{ common_pid: mc-worker       [     58642], ret:         39 } hitcount:        706
{ common_pid: mc-worker       [     58638], ret:         38 } hitcount:        715
{ common_pid: mc-worker       [     58640], ret:         39 } hitcount:        740
{ common_pid: mc-worker       [     58641], ret:         39 } hitcount:        741
{ common_pid: mc-worker       [     58639], ret:         38 } hitcount:        769
{ common_pid: mc-worker       [     58644], ret:         39 } hitcount:        772
{ common_pid: mc-worker       [     58643], ret:         38 } hitcount:        791
{ common_pid: mc-worker       [     58637], ret:         39 } hitcount:        876
{ common_pid: mc-worker       [     58638], ret:         37 } hitcount:        922
{ common_pid: mc-worker       [     58641], ret:         38 } hitcount:        957
{ common_pid: mc-worker       [     58639], ret:         37 } hitcount:        973
{ common_pid: mc-worker       [     58640], ret:         38 } hitcount:        990
{ common_pid: mc-worker       [     58642], ret:         38 } hitcount:       1009
{ common_pid: mc-worker       [     58644], ret:         38 } hitcount:       1036
{ common_pid: mc-worker       [     58643], ret:         37 } hitcount:       1085
{ common_pid: mc-worker       [     58637], ret:         38 } hitcount:       1099
{ common_pid: mc-worker       [     58640], ret:         37 } hitcount:       1141
{ common_pid: mc-worker       [     58638], ret:         36 } hitcount:       1170
{ common_pid: mc-worker       [     58644], ret:         37 } hitcount:       1176
{ common_pid: mc-worker       [     58642], ret:         37 } hitcount:       1178
{ common_pid: mc-worker       [     58643], ret:         36 } hitcount:       1268
{ common_pid: mc-worker       [     58641], ret:         37 } hitcount:       1284
{ common_pid: mc-worker       [     58639], ret:         36 } hitcount:       1298
{ common_pid: mc-worker       [     58637], ret:         37 } hitcount:       1393
{ common_pid: mc-worker       [     58640], ret:         36 } hitcount:       1400
{ common_pid: mc-worker       [     58642], ret:         36 } hitcount:       1432
{ common_pid: mc-worker       [     58638], ret:         35 } hitcount:       1436
{ common_pid: mc-worker       [     58644], ret:         36 } hitcount:       1467
{ common_pid: mc-worker       [     58641], ret:         36 } hitcount:       1518
{ common_pid: mc-worker       [     58643], ret:         35 } hitcount:       1519
{ common_pid: mc-worker       [     58639], ret:         35 } hitcount:       1538
{ common_pid: mc-worker       [     58642], ret:         35 } hitcount:       1596
{ common_pid: mc-worker       [     58644], ret:         35 } hitcount:       1698
{ common_pid: mc-worker       [     58637], ret:         36 } hitcount:       1707
{ common_pid: mc-worker       [     58640], ret:         35 } hitcount:       1727
{ common_pid: mc-worker       [     58638], ret:         34 } hitcount:       1731
{ common_pid: mc-worker       [     58639], ret:         34 } hitcount:       1803
{ common_pid: mc-worker       [     58643], ret:         34 } hitcount:       1808
{ common_pid: mc-worker       [     58641], ret:         35 } hitcount:       1871
{ common_pid: mc-worker       [     58640], ret:         34 } hitcount:       1913
{ common_pid: mc-worker       [     58637], ret:         35 } hitcount:       1966
{ common_pid: mc-worker       [     58644], ret:         34 } hitcount:       1985
{ common_pid: mc-worker       [     58642], ret:         34 } hitcount:       1991
{ common_pid: mc-worker       [     58641], ret:         34 } hitcount:       1994
{ common_pid: mc-worker       [     58639], ret:         33 } hitcount:       2005
{ common_pid: mc-worker       [     58643], ret:         33 } hitcount:       2055
{ common_pid: mc-worker       [     58644], ret:         33 } hitcount:       2118
{ common_pid: mc-worker       [     58640], ret:         33 } hitcount:       2140
{ common_pid: mc-worker       [     58638], ret:         33 } hitcount:       2146
{ common_pid: mc-worker       [     58637], ret:         34 } hitcount:       2152
{ common_pid: mc-worker       [     58642], ret:         33 } hitcount:       2225
{ common_pid: mc-worker       [     58639], ret:         32 } hitcount:       2319
{ common_pid: mc-worker       [     58641], ret:         33 } hitcount:       2319
{ common_pid: mc-worker       [     58638], ret:         32 } hitcount:       2343
{ common_pid: mc-worker       [     58643], ret:         32 } hitcount:       2406
{ common_pid: mc-worker       [     58637], ret:         33 } hitcount:       2477
{ common_pid: mc-worker       [     58642], ret:         32 } hitcount:       2498
{ common_pid: mc-worker       [     58640], ret:         32 } hitcount:       2531
{ common_pid: mc-worker       [     58644], ret:         32 } hitcount:       2579
{ common_pid: mc-worker       [     58641], ret:         32 } hitcount:       2626
{ common_pid: mc-worker       [     58639], ret:         31 } hitcount:       2641
{ common_pid: mc-worker       [     58637], ret:         32 } hitcount:       2715
{ common_pid: mc-worker       [     58638], ret:         31 } hitcount:       2737
{ common_pid: mc-worker       [     58643], ret:         31 } hitcount:       2776
{ common_pid: mc-worker       [     58642], ret:         31 } hitcount:       2823
{ common_pid: mc-worker       [     58644], ret:         31 } hitcount:       2834
{ common_pid: mc-worker       [     58640], ret:         31 } hitcount:       2865
{ common_pid: mc-worker       [     58641], ret:         31 } hitcount:       2939
{ common_pid: mc-worker       [     58637], ret:         31 } hitcount:       2948
{ common_pid: mc-worker       [     58638], ret:         30 } hitcount:       2967
{ common_pid: mc-worker       [     58639], ret:         30 } hitcount:       3075
{ common_pid: mc-worker       [     58643], ret:         30 } hitcount:       3151
{ common_pid: mc-worker       [     58644], ret:         30 } hitcount:       3174
{ common_pid: mc-worker       [     58641], ret:         30 } hitcount:       3211
{ common_pid: mc-worker       [     58640], ret:         30 } hitcount:       3223
{ common_pid: mc-worker       [     58642], ret:         30 } hitcount:       3260
{ common_pid: mc-worker       [     58638], ret:         29 } hitcount:       3309
{ common_pid: mc-worker       [     58640], ret:         29 } hitcount:       3353
{ common_pid: mc-worker       [     58639], ret:         29 } hitcount:       3358
{ common_pid: mc-worker       [     58644], ret:         29 } hitcount:       3407
{ common_pid: mc-worker       [     58637], ret:         30 } hitcount:       3421
{ common_pid: mc-worker       [     58643], ret:         29 } hitcount:       3442
{ common_pid: mc-worker       [     58637], ret:         29 } hitcount:       3483
{ common_pid: mc-worker       [     58642], ret:         29 } hitcount:       3546
{ common_pid: mc-worker       [     58641], ret:         29 } hitcount:       3550
{ common_pid: mc-worker       [     58644], ret:         28 } hitcount:       3555
{ common_pid: mc-worker       [     58640], ret:         28 } hitcount:       3560
{ common_pid: mc-worker       [     58639], ret:         28 } hitcount:       3656
{ common_pid: mc-worker       [     58638], ret:         28 } hitcount:       3660
{ common_pid: mc-worker       [     58643], ret:         28 } hitcount:       3689
{ common_pid: mc-worker       [     58642], ret:         28 } hitcount:       3689
{ common_pid: mc-worker       [     58640], ret:         27 } hitcount:       3696
{ common_pid: mc-worker       [     58637], ret:         28 } hitcount:       3707
{ common_pid: mc-worker       [     58641], ret:         28 } hitcount:       3714
{ common_pid: mc-worker       [     58642], ret:         27 } hitcount:       3750
{ common_pid: mc-worker       [     58638], ret:         27 } hitcount:       3779
{ common_pid: mc-worker       [     58644], ret:         27 } hitcount:       3789
{ common_pid: mc-worker       [     58637], ret:         27 } hitcount:       3791
{ common_pid: mc-worker       [     58643], ret:         27 } hitcount:       3828
{ common_pid: mc-worker       [     58641], ret:         27 } hitcount:       3831
{ common_pid: mc-worker       [     58639], ret:         27 } hitcount:       3842
{ common_pid: mc-worker       [     58637], ret:         26 } hitcount:       3873
{ common_pid: mc-worker       [     58640], ret:         26 } hitcount:       3888
{ common_pid: mc-worker       [     58643], ret:         26 } hitcount:       3918
{ common_pid: mc-worker       [     58644], ret:         26 } hitcount:       3932
{ common_pid: mc-worker       [     58642], ret:         26 } hitcount:       3940
{ common_pid: mc-worker       [     58641], ret:         26 } hitcount:       3943
{ common_pid: mc-worker       [     58639], ret:         26 } hitcount:       3959
{ common_pid: mc-worker       [     58639], ret:         25 } hitcount:       3978
{ common_pid: mc-worker       [     58637], ret:         25 } hitcount:       3999
{ common_pid: mc-worker       [     58638], ret:         24 } hitcount:       4000
{ common_pid: mc-worker       [     58638], ret:         26 } hitcount:       4012
{ common_pid: mc-worker       [     58643], ret:         25 } hitcount:       4019
{ common_pid: mc-worker       [     58638], ret:         25 } hitcount:       4029
{ common_pid: mc-worker       [     58641], ret:         25 } hitcount:       4043
{ common_pid: mc-worker       [     58637], ret:         24 } hitcount:       4043
{ common_pid: mc-worker       [     58644], ret:         25 } hitcount:       4064
{ common_pid: mc-worker       [     58640], ret:         25 } hitcount:       4067
{ common_pid: mc-worker       [     58642], ret:         25 } hitcount:       4116
{ common_pid: mc-worker       [     58641], ret:         24 } hitcount:       4122
{ common_pid: mc-worker       [     58640], ret:         24 } hitcount:       4181
{ common_pid: mc-worker       [     58644], ret:         24 } hitcount:       4212
{ common_pid: mc-worker       [     58641], ret:         23 } hitcount:       4223
{ common_pid: mc-worker       [     58638], ret:         23 } hitcount:       4259
{ common_pid: mc-worker       [     58642], ret:         24 } hitcount:       4286
{ common_pid: mc-worker       [     58641], ret:         22 } hitcount:       4301
{ common_pid: mc-worker       [     58643], ret:         24 } hitcount:       4316
{ common_pid: mc-worker       [     58639], ret:         24 } hitcount:       4339
{ common_pid: mc-worker       [     58644], ret:         23 } hitcount:       4360
{ common_pid: mc-worker       [     58637], ret:         23 } hitcount:       4364
{ common_pid: mc-worker       [     58643], ret:         23 } hitcount:       4376
{ common_pid: mc-worker       [     58637], ret:         22 } hitcount:       4379
{ common_pid: mc-worker       [     58638], ret:         22 } hitcount:       4391
{ common_pid: mc-worker       [     58640], ret:         23 } hitcount:       4431
{ common_pid: mc-worker       [     58639], ret:         23 } hitcount:       4447
{ common_pid: mc-worker       [     58644], ret:         22 } hitcount:       4478
{ common_pid: mc-worker       [     58638], ret:         21 } hitcount:       4509
{ common_pid: mc-worker       [     58642], ret:         23 } hitcount:       4522
{ common_pid: mc-worker       [     58641], ret:         21 } hitcount:       4558
{ common_pid: mc-worker       [     58642], ret:         22 } hitcount:       4571
{ common_pid: mc-worker       [     58643], ret:         22 } hitcount:       4632
{ common_pid: mc-worker       [     58639], ret:         22 } hitcount:       4633
{ common_pid: mc-worker       [     58640], ret:         22 } hitcount:       4644
{ common_pid: mc-worker       [     58637], ret:         21 } hitcount:       4647
{ common_pid: mc-worker       [     58638], ret:         20 } hitcount:       4665
{ common_pid: mc-worker       [     58644], ret:         21 } hitcount:       4685
{ common_pid: mc-worker       [     58641], ret:         20 } hitcount:       4721
{ common_pid: mc-worker       [     58642], ret:         21 } hitcount:       4760
{ common_pid: mc-worker       [     58638], ret:         19 } hitcount:       4782
{ common_pid: mc-worker       [     58639], ret:         21 } hitcount:       4802
{ common_pid: mc-worker       [     58637], ret:         20 } hitcount:       4851
{ common_pid: mc-worker       [     58644], ret:         20 } hitcount:       4863
{ common_pid: mc-worker       [     58640], ret:         21 } hitcount:       4864
{ common_pid: mc-worker       [     58643], ret:         21 } hitcount:       4884
{ common_pid: mc-worker       [     58642], ret:         20 } hitcount:       4937
{ common_pid: mc-worker       [     58641], ret:         19 } hitcount:       5003
{ common_pid: mc-worker       [     58639], ret:         20 } hitcount:       5007
{ common_pid: mc-worker       [     58643], ret:         20 } hitcount:       5072
{ common_pid: mc-worker       [     58640], ret:         20 } hitcount:       5135
{ common_pid: mc-worker       [     58637], ret:         19 } hitcount:       5210
{ common_pid: mc-worker       [     58644], ret:         19 } hitcount:       5217
{ common_pid: mc-worker       [     58639], ret:         19 } hitcount:       5240
{ common_pid: mc-worker       [     58638], ret:         18 } hitcount:       5263
{ common_pid: mc-worker       [     58642], ret:         19 } hitcount:       5345
{ common_pid: mc-worker       [     58643], ret:         19 } hitcount:       5346
{ common_pid: mc-worker       [     58641], ret:         18 } hitcount:       5359
{ common_pid: mc-worker       [     58640], ret:         19 } hitcount:       5364
{ common_pid: mc-worker       [     58644], ret:         18 } hitcount:       5471
{ common_pid: mc-worker       [     58637], ret:         18 } hitcount:       5498
{ common_pid: mc-worker       [     58641], ret:         17 } hitcount:       5555
{ common_pid: mc-worker       [     58638], ret:         17 } hitcount:       5613
{ common_pid: mc-worker       [     58642], ret:         18 } hitcount:       5643
{ common_pid: mc-worker       [     58640], ret:         18 } hitcount:       5674
{ common_pid: mc-worker       [     58639], ret:         18 } hitcount:       5686
{ common_pid: mc-worker       [     58643], ret:         18 } hitcount:       5727
{ common_pid: mc-worker       [     58642], ret:         17 } hitcount:       5988
{ common_pid: mc-worker       [     58637], ret:         17 } hitcount:       5992
{ common_pid: mc-worker       [     58644], ret:         17 } hitcount:       6099
{ common_pid: mc-worker       [     58638], ret:         16 } hitcount:       6100
{ common_pid: mc-worker       [     58643], ret:         17 } hitcount:       6168
{ common_pid: mc-worker       [     58639], ret:         17 } hitcount:       6259
{ common_pid: mc-worker       [     58640], ret:         17 } hitcount:       6283
{ common_pid: mc-worker       [     58641], ret:         16 } hitcount:       6299
{ common_pid: mc-worker       [     58637], ret:         16 } hitcount:       6309
{ common_pid: mc-worker       [     58642], ret:         16 } hitcount:       6428
{ common_pid: mc-worker       [     58644], ret:         16 } hitcount:       6558
{ common_pid: mc-worker       [     58638], ret:         15 } hitcount:       6586
{ common_pid: mc-worker       [     58639], ret:         16 } hitcount:       6674
{ common_pid: mc-worker       [     58640], ret:         16 } hitcount:       6679
{ common_pid: mc-worker       [     58643], ret:         16 } hitcount:       6739
{ common_pid: mc-worker       [     58641], ret:         15 } hitcount:       6905
{ common_pid: mc-worker       [     58644], ret:         15 } hitcount:       7018
{ common_pid: mc-worker       [     58637], ret:         15 } hitcount:       7037
{ common_pid: mc-worker       [     58642], ret:         15 } hitcount:       7095
{ common_pid: mc-worker       [     58639], ret:         15 } hitcount:       7141
{ common_pid: mc-worker       [     58638], ret:         14 } hitcount:       7256
{ common_pid: mc-worker       [     58641], ret:         14 } hitcount:       7303
{ common_pid: mc-worker       [     58643], ret:         15 } hitcount:       7334
{ common_pid: mc-worker       [     58640], ret:         15 } hitcount:       7422
{ common_pid: mc-worker       [     58642], ret:         14 } hitcount:       7516
{ common_pid: mc-worker       [     58637], ret:         14 } hitcount:       7556
{ common_pid: mc-worker       [     58644], ret:         14 } hitcount:       7741
{ common_pid: mc-worker       [     58639], ret:         14 } hitcount:       7793
{ common_pid: mc-worker       [     58643], ret:         14 } hitcount:       7876
{ common_pid: mc-worker       [     58638], ret:         13 } hitcount:       7882
{ common_pid: mc-worker       [     58640], ret:         14 } hitcount:       7896
{ common_pid: mc-worker       [     58637], ret:         13 } hitcount:       8277
{ common_pid: mc-worker       [     58642], ret:         13 } hitcount:       8337
{ common_pid: mc-worker       [     58639], ret:         13 } hitcount:       8383
{ common_pid: mc-worker       [     58641], ret:         13 } hitcount:       8398
{ common_pid: mc-worker       [     58644], ret:         13 } hitcount:       8441
{ common_pid: mc-worker       [     58638], ret:         12 } hitcount:       8542
{ common_pid: mc-worker       [     58643], ret:         13 } hitcount:       8650
{ common_pid: mc-worker       [     58640], ret:         13 } hitcount:       8681
{ common_pid: mc-worker       [     58641], ret:         12 } hitcount:       8911
{ common_pid: mc-worker       [     58637], ret:         12 } hitcount:       9142
{ common_pid: mc-worker       [     58639], ret:         12 } hitcount:       9220
{ common_pid: mc-worker       [     58642], ret:         12 } hitcount:       9225
{ common_pid: mc-worker       [     58644], ret:         12 } hitcount:       9279
{ common_pid: mc-worker       [     58643], ret:         12 } hitcount:       9404
{ common_pid: mc-worker       [     58640], ret:         12 } hitcount:       9618
{ common_pid: mc-worker       [     58638], ret:         11 } hitcount:       9640
{ common_pid: mc-worker       [     58641], ret:         11 } hitcount:      10005
{ common_pid: mc-worker       [     58637], ret:         11 } hitcount:      10101
{ common_pid: mc-worker       [     58642], ret:         11 } hitcount:      10172
{ common_pid: mc-worker       [     58639], ret:         11 } hitcount:      10178
{ common_pid: mc-worker       [     58644], ret:         11 } hitcount:      10283
{ common_pid: mc-worker       [     58640], ret:         11 } hitcount:      10447
{ common_pid: mc-worker       [     58643], ret:         11 } hitcount:      10615
{ common_pid: mc-worker       [     58638], ret:         10 } hitcount:      10729
{ common_pid: mc-worker       [     58641], ret:         10 } hitcount:      11157
{ common_pid: mc-worker       [     58637], ret:         10 } hitcount:      11344
{ common_pid: mc-worker       [     58644], ret:         10 } hitcount:      11346
{ common_pid: mc-worker       [     58642], ret:         10 } hitcount:      11375
{ common_pid: mc-worker       [     58639], ret:         10 } hitcount:      11460
{ common_pid: mc-worker       [     58640], ret:         10 } hitcount:      11544
{ common_pid: mc-worker       [     58643], ret:         10 } hitcount:      11729
{ common_pid: mc-worker       [     58638], ret:          9 } hitcount:      12079
{ common_pid: mc-worker       [     58639], ret:          9 } hitcount:      12705
{ common_pid: mc-worker       [     58641], ret:          9 } hitcount:      12710
{ common_pid: mc-worker       [     58642], ret:          9 } hitcount:      12794
{ common_pid: mc-worker       [     58644], ret:          9 } hitcount:      12936
{ common_pid: mc-worker       [     58640], ret:          9 } hitcount:      12974
{ common_pid: mc-worker       [     58637], ret:          9 } hitcount:      13140
{ common_pid: mc-worker       [     58643], ret:          9 } hitcount:      13214
{ common_pid: mc-worker       [     58638], ret:          8 } hitcount:      13744
{ common_pid: mc-worker       [     58641], ret:          8 } hitcount:      14538
{ common_pid: mc-worker       [     58639], ret:          8 } hitcount:      14584
{ common_pid: mc-worker       [     58642], ret:          8 } hitcount:      14589
{ common_pid: mc-worker       [     58640], ret:          8 } hitcount:      14825
{ common_pid: mc-worker       [     58637], ret:          8 } hitcount:      14871
{ common_pid: mc-worker       [     58644], ret:          8 } hitcount:      14929
{ common_pid: mc-worker       [     58643], ret:          8 } hitcount:      15045
{ common_pid: mc-worker       [     58638], ret:          7 } hitcount:      16238
{ common_pid: mc-worker       [     58640], ret:          7 } hitcount:      16946
{ common_pid: mc-worker       [     58639], ret:          7 } hitcount:      17020
{ common_pid: mc-worker       [     58644], ret:          7 } hitcount:      17032
{ common_pid: mc-worker       [     58642], ret:          7 } hitcount:      17127
{ common_pid: mc-worker       [     58641], ret:          7 } hitcount:      17234
{ common_pid: mc-worker       [     58637], ret:          7 } hitcount:      17280
{ common_pid: mc-worker       [     58643], ret:          7 } hitcount:      17369
{ common_pid: mc-worker       [     58640], ret:          6 } hitcount:      19760
{ common_pid: mc-worker       [     58639], ret:          6 } hitcount:      20051
{ common_pid: mc-worker       [     58644], ret:          6 } hitcount:      20079
{ common_pid: mc-worker       [     58638], ret:          6 } hitcount:      20120
{ common_pid: mc-worker       [     58642], ret:          6 } hitcount:      20407
{ common_pid: mc-worker       [     58643], ret:          6 } hitcount:      20687
{ common_pid: mc-worker       [     58641], ret:          6 } hitcount:      20861
{ common_pid: mc-worker       [     58637], ret:          6 } hitcount:      21130
{ common_pid: mc-worker       [     58640], ret:          5 } hitcount:      23641
{ common_pid: mc-worker       [     58644], ret:          5 } hitcount:      24353
{ common_pid: mc-worker       [     58638], ret:          5 } hitcount:      24480
{ common_pid: mc-worker       [     58639], ret:          5 } hitcount:      24592
{ common_pid: mc-worker       [     58642], ret:          5 } hitcount:      25045
{ common_pid: mc-worker       [     58643], ret:          5 } hitcount:      25203
{ common_pid: mc-worker       [     58637], ret:          5 } hitcount:      25735
{ common_pid: mc-worker       [     58641], ret:          5 } hitcount:      25799
{ common_pid: mc-worker       [     58640], ret:          4 } hitcount:      28637
{ common_pid: mc-worker       [     58644], ret:          4 } hitcount:      29972
{ common_pid: mc-worker       [     58639], ret:          4 } hitcount:      30606
{ common_pid: mc-worker       [     58643], ret:          4 } hitcount:      30982
{ common_pid: mc-worker       [     58638], ret:          4 } hitcount:      31066
{ common_pid: mc-worker       [     58642], ret:          4 } hitcount:      31154
{ common_pid: mc-worker       [     58637], ret:          4 } hitcount:      32005
{ common_pid: mc-worker       [     58641], ret:          4 } hitcount:      32412
{ common_pid: mc-worker       [     58640], ret:          3 } hitcount:      34308
{ common_pid: mc-worker       [     58644], ret:          3 } hitcount:      36302
{ common_pid: mc-worker       [     58639], ret:          3 } hitcount:      37266
{ common_pid: mc-worker       [     58643], ret:          3 } hitcount:      37336
{ common_pid: mc-worker       [     58642], ret:          3 } hitcount:      38332
{ common_pid: mc-worker       [     58640], ret:          2 } hitcount:      38888
{ common_pid: mc-worker       [     58637], ret:          3 } hitcount:      39776
{ common_pid: mc-worker       [     58638], ret:          3 } hitcount:      39856
{ common_pid: mc-worker       [     58641], ret:          3 } hitcount:      40679
{ common_pid: mc-worker       [     58640], ret:          1 } hitcount:      41468
{ common_pid: mc-worker       [     58644], ret:          2 } hitcount:      41637
{ common_pid: mc-worker       [     58643], ret:          2 } hitcount:      43175
{ common_pid: mc-worker       [     58639], ret:          2 } hitcount:      44076
{ common_pid: mc-worker       [     58644], ret:          1 } hitcount:      44389
{ common_pid: mc-worker       [     58642], ret:          2 } hitcount:      45584
{ common_pid: mc-worker       [     58643], ret:          1 } hitcount:      46578
{ common_pid: mc-worker       [     58637], ret:          2 } hitcount:      46933
{ common_pid: mc-worker       [     58639], ret:          1 } hitcount:      47983
{ common_pid: mc-worker       [     58641], ret:          2 } hitcount:      48700
{ common_pid: mc-worker       [     58638], ret:          2 } hitcount:      48996
{ common_pid: mc-worker       [     58642], ret:          1 } hitcount:      50486
{ common_pid: mc-worker       [     58637], ret:          1 } hitcount:      51434
{ common_pid: mc-worker       [     58641], ret:          1 } hitcount:      54525
{ common_pid: mc-worker       [     58638], ret:          1 } hitcount:      55379
