{ common_pid: mc-worker       [    145136], ret:         87 } hitcount:          1
{ common_pid: mc-worker       [    145134], ret:        107 } hitcount:          1
{ common_pid: mc-worker       [    145134], ret:         45 } hitcount:          1
{ common_pid: mc-worker       [    145135], ret:        137 } hitcount:          1
{ common_pid: mc-worker       [    145135], ret:         92 } hitcount:          1
{ common_pid: mc-worker       [    145138], ret:         55 } hitcount:          1
{ common_pid: mc-worker       [    145139], ret:        128 } hitcount:          1
{ common_pid: mc-worker       [    145133], ret:         45 } hitcount:          1
{ common_pid: mc-worker       [    145134], ret:        110 } hitcount:          1
{ common_pid: mc-worker       [    145134], ret:        507 } hitcount:          1
{ common_pid: mc-worker       [    145135], ret:         53 } hitcount:          1
{ common_pid: mc-worker       [    145139], ret:         90 } hitcount:          1
{ common_pid: mc-worker       [    145136], ret:        180 } hitcount:          1
{ common_pid: mc-worker       [    145135], ret:         84 } hitcount:          1
{ common_pid: mc-worker       [    145134], ret:        101 } hitcount:          1
{ common_pid: mc-worker       [    145136], ret:         84 } hitcount:          1
{ common_pid: mc-worker       [    145136], ret:        113 } hitcount:          1
{ common_pid: mc-worker       [    145132], ret:         59 } hitcount:          1
{ common_pid: mc-worker       [    145135], ret:         76 } hitcount:          1
{ common_pid: mc-worker       [    145134], ret:        125 } hitcount:          1
{ common_pid: mc-worker       [    145134], ret:        191 } hitcount:          1
{ common_pid: mc-worker       [    145138], ret:         95 } hitcount:          1
{ common_pid: mc-worker       [    145136], ret:         79 } hitcount:          1
{ common_pid: mc-worker       [    145134], ret:        163 } hitcount:          1
{ common_pid: mc-worker       [    145134], ret:         71 } hitcount:          1
{ common_pid: mc-worker       [    145134], ret:        223 } hitcount:          1
{ common_pid: mc-worker       [    145138], ret:        100 } hitcount:          1
{ common_pid: mc-worker       [    145135], ret:         63 } hitcount:          1
{ common_pid: mc-worker       [    145139], ret:        149 } hitcount:          1
{ common_pid: mc-worker       [    145138], ret:         98 } hitcount:          1
{ common_pid: mc-worker       [    145133], ret:        510 } hitcount:          1
{ common_pid: mc-worker       [    145132], ret:        194 } hitcount:          1
{ common_pid: mc-worker       [    145138], ret:         61 } hitcount:          1
{ common_pid: mc-worker       [    145138], ret:        505 } hitcount:          1
{ common_pid: mc-worker       [    145135], ret:         67 } hitcount:          1
{ common_pid: mc-worker       [    145136], ret:        201 } hitcount:          1
{ common_pid: mc-worker       [    145137], ret:         48 } hitcount:          1
{ common_pid: mc-worker       [    145135], ret:         70 } hitcount:          1
{ common_pid: mc-worker       [    145137], ret:         54 } hitcount:          1
{ common_pid: mc-worker       [    145139], ret:         89 } hitcount:          1
{ common_pid: mc-worker       [    145133], ret:         50 } hitcount:          1
{ common_pid: mc-worker       [    145139], ret:         61 } hitcount:          1
{ common_pid: mc-worker       [    145135], ret:         80 } hitcount:          1
{ common_pid: mc-worker       [    145137], ret:        510 } hitcount:          1
{ common_pid: mc-worker       [    145136], ret:        126 } hitcount:          1
{ common_pid: mc-worker       [    145136], ret:        185 } hitcount:          1
{ common_pid: mc-worker       [    145136], ret:        124 } hitcount:          1
{ common_pid: mc-worker       [    145136], ret:         92 } hitcount:          1
{ common_pid: mc-worker       [    145136], ret:        144 } hitcount:          1
{ common_pid: mc-worker       [    145139], ret:         58 } hitcount:          1
{ common_pid: mc-worker       [    145136], ret:        108 } hitcount:          1
{ common_pid: mc-worker       [    145132], ret:        156 } hitcount:          1
{ common_pid: mc-worker       [    145134], ret:         67 } hitcount:          1
{ common_pid: mc-worker       [    145137], ret:         47 } hitcount:          1
{ common_pid: mc-worker       [    145135], ret:        113 } hitcount:          1
{ common_pid: mc-worker       [    145136], ret:        137 } hitcount:          1
{ common_pid: mc-worker       [    145132], ret:         70 } hitcount:          1
{ common_pid: mc-worker       [    145139], ret:         74 } hitcount:          1
{ common_pid: mc-worker       [    145137], ret:         94 } hitcount:          1
{ common_pid: mc-worker       [    145136], ret:        104 } hitcount:          1
{ common_pid: mc-worker       [    145136], ret:        109 } hitcount:          1
{ common_pid: mc-worker       [    145138], ret:         73 } hitcount:          1
{ common_pid: mc-worker       [    145138], ret:         84 } hitcount:          1
{ common_pid: mc-worker       [    145136], ret:         93 } hitcount:          1
{ common_pid: mc-worker       [    145135], ret:         54 } hitcount:          1
{ common_pid: mc-worker       [    145134], ret:         74 } hitcount:          1
{ common_pid: mc-worker       [    145137], ret:         40 } hitcount:          1
{ common_pid: mc-worker       [    145136], ret:        133 } hitcount:          1
{ common_pid: mc-worker       [    145136], ret:        191 } hitcount:          1
{ common_pid: mc-worker       [    145139], ret:        100 } hitcount:          1
{ common_pid: mc-worker       [    145137], ret:         52 } hitcount:          1
{ common_pid: mc-worker       [    145138], ret:         85 } hitcount:          1
{ common_pid: mc-worker       [    145136], ret:        199 } hitcount:          1
{ common_pid: mc-worker       [    145139], ret:        114 } hitcount:          1
{ common_pid: mc-worker       [    145136], ret:         86 } hitcount:          1
{ common_pid: mc-worker       [    145135], ret:        190 } hitcount:          1
{ common_pid: mc-worker       [    145134], ret:         90 } hitcount:          1
{ common_pid: mc-worker       [    145134], ret:         62 } hitcount:          1
{ common_pid: mc-worker       [    145135], ret:         77 } hitcount:          1
{ common_pid: mc-worker       [    145139], ret:        178 } hitcount:          1
{ common_pid: mc-worker       [    145139], ret:        171 } hitcount:          1
{ common_pid: mc-worker       [    145132], ret:         78 } hitcount:          1
{ common_pid: mc-worker       [    145138], ret:         67 } hitcount:          1
{ common_pid: mc-worker       [    145139], ret:         79 } hitcount:          1
{ common_pid: mc-worker       [    145135], ret:         74 } hitcount:          1
{ common_pid: mc-worker       [    145137], ret:         62 } hitcount:          1
{ common_pid: mc-worker       [    145137], ret:         88 } hitcount:          1
{ common_pid: mc-worker       [    145136], ret:        101 } hitcount:          1
{ common_pid: mc-worker       [    145135], ret:        491 } hitcount:          1
{ common_pid: mc-worker       [    145133], ret:         69 } hitcount:          1
{ common_pid: mc-worker       [    145133], ret:         80 } hitcount:          1
{ common_pid: mc-worker       [    145136], ret:         85 } hitcount:          1
{ common_pid: mc-worker       [    145136], ret:         73 } hitcount:          1
{ common_pid: mc-worker       [    145134], ret:         77 } hitcount:          1
{ common_pid: mc-worker       [    145139], ret:        111 } hitcount:          1
{ common_pid: mc-worker       [    145136], ret:         88 } hitcount:          1
{ common_pid: mc-worker       [    145137], ret:         65 } hitcount:          1
{ common_pid: mc-worker       [    145137], ret:         55 } hitcount:          1
{ common_pid: mc-worker       [    145133], ret:         46 } hitcount:          1
{ common_pid: mc-worker       [    145134], ret:         53 } hitcount:          1
{ common_pid: mc-worker       [    145135], ret:         71 } hitcount:          1
{ common_pid: mc-worker       [    145136], ret:        125 } hitcount:          1
{ common_pid: mc-worker       [    145137], ret:         46 } hitcount:          1
{ common_pid: mc-worker       [    145136], ret:        123 } hitcount:          1
{ common_pid: mc-worker       [    145138], ret:        109 } hitcount:          1
{ common_pid: mc-worker       [    145137], ret:         82 } hitcount:          1
{ common_pid: mc-worker       [    145134], ret:        105 } hitcount:          1
{ common_pid: mc-worker       [    145132], ret:        512 } hitcount:          1
{ common_pid: mc-worker       [    145134], ret:         60 } hitcount:          1
{ common_pid: mc-worker       [    145135], ret:        120 } hitcount:          1
{ common_pid: mc-worker       [    145134], ret:         86 } hitcount:          1
{ common_pid: mc-worker       [    145134], ret:        143 } hitcount:          1
{ common_pid: mc-worker       [    145138], ret:         94 } hitcount:          1
{ common_pid: mc-worker       [    145139], ret:         91 } hitcount:          1
{ common_pid: mc-worker       [    145133], ret:         47 } hitcount:          1
{ common_pid: mc-worker       [    145135], ret:         65 } hitcount:          1
{ common_pid: mc-worker       [    145134], ret:         76 } hitcount:          1
{ common_pid: mc-worker       [    145138], ret:         65 } hitcount:          1
{ common_pid: mc-worker       [    145135], ret:         50 } hitcount:          1
{ common_pid: mc-worker       [    145133], ret:         54 } hitcount:          1
{ common_pid: mc-worker       [    145135], ret:         62 } hitcount:          1
{ common_pid: mc-worker       [    145139], ret:        105 } hitcount:          1
{ common_pid: mc-worker       [    145135], ret:        101 } hitcount:          1
{ common_pid: mc-worker       [    145138], ret:        106 } hitcount:          1
{ common_pid: mc-worker       [    145139], ret:        505 } hitcount:          1
{ common_pid: mc-worker       [    145137], ret:         50 } hitcount:          1
{ common_pid: mc-worker       [    145136], ret:        146 } hitcount:          1
{ common_pid: mc-worker       [    145132], ret:         71 } hitcount:          1
{ common_pid: mc-worker       [    145138], ret:         59 } hitcount:          1
{ common_pid: mc-worker       [    145136], ret:         74 } hitcount:          1
{ common_pid: mc-worker       [    145136], ret:        198 } hitcount:          1
{ common_pid: mc-worker       [    145135], ret:         73 } hitcount:          1
{ common_pid: mc-worker       [    145139], ret:         64 } hitcount:          1
{ common_pid: mc-worker       [    145139], ret:         59 } hitcount:          1
{ common_pid: mc-worker       [    145132], ret:         93 } hitcount:          1
{ common_pid: mc-worker       [    145135], ret:         42 } hitcount:          1
{ common_pid: mc-worker       [    145136], ret:        512 } hitcount:          1
{ common_pid: mc-worker       [    145136], ret:         77 } hitcount:          1
{ common_pid: mc-worker       [    145136], ret:        128 } hitcount:          1
{ common_pid: mc-worker       [    145138], ret:         46 } hitcount:          1
{ common_pid: mc-worker       [    145139], ret:         75 } hitcount:          1
{ common_pid: mc-worker       [    145134], ret:        123 } hitcount:          1
{ common_pid: mc-worker       [    145138], ret:         62 } hitcount:          1
{ common_pid: mc-worker       [    145132], ret:         60 } hitcount:          1
{ common_pid: mc-worker       [    145133], ret:         48 } hitcount:          1
{ common_pid: mc-worker       [    145139], ret:         71 } hitcount:          1
{ common_pid: mc-worker       [    145134], ret:         51 } hitcount:          1
{ common_pid: mc-worker       [    145134], ret:         55 } hitcount:          1
{ common_pid: mc-worker       [    145139], ret:         81 } hitcount:          1
{ common_pid: mc-worker       [    145136], ret:        107 } hitcount:          1
{ common_pid: mc-worker       [    145134], ret:         65 } hitcount:          1
{ common_pid: mc-worker       [    145139], ret:         85 } hitcount:          2
{ common_pid: mc-worker       [    145132], ret:         50 } hitcount:          2
{ common_pid: mc-worker       [    145134], ret:         47 } hitcount:          2
{ common_pid: mc-worker       [    145135], ret:         61 } hitcount:          2
{ common_pid: mc-worker       [    145135], ret:         66 } hitcount:          2
{ common_pid: mc-worker       [    145136], ret:         82 } hitcount:          2
{ common_pid: mc-worker       [    145132], ret:         67 } hitcount:          2
{ common_pid: mc-worker       [    145135], ret:         59 } hitcount:          2
{ common_pid: mc-worker       [    145138], ret:         64 } hitcount:          2
{ common_pid: mc-worker       [    145137], ret:         43 } hitcount:          2
{ common_pid: mc-worker       [    145132], ret:         49 } hitcount:          2
{ common_pid: mc-worker       [    145137], ret:         42 } hitcount:          2
{ common_pid: mc-worker       [    145135], ret:        135 } hitcount:          2
{ common_pid: mc-worker       [    145135], ret:         41 } hitcount:          2
{ common_pid: mc-worker       [    145135], ret:         91 } hitcount:          2
{ common_pid: mc-worker       [    145137], ret:         41 } hitcount:          2
{ common_pid: mc-worker       [    145135], ret:         45 } hitcount:          2
{ common_pid: mc-worker       [    145139], ret:         53 } hitcount:          2
{ common_pid: mc-worker       [    145135], ret:         49 } hitcount:          2
{ common_pid: mc-worker       [    145135], ret:         52 } hitcount:          2
{ common_pid: mc-worker       [    145135], ret:         56 } hitcount:          2
{ common_pid: mc-worker       [    145137], ret:         39 } hitcount:          2
{ common_pid: mc-worker       [    145136], ret:        154 } hitcount:          2
{ common_pid: mc-worker       [    145139], ret:         52 } hitcount:          2
{ common_pid: mc-worker       [    145137], ret:         49 } hitcount:          2
{ common_pid: mc-worker       [    145139], ret:         62 } hitcount:          2
{ common_pid: mc-worker       [    145139], ret:         73 } hitcount:          2
{ common_pid: mc-worker       [    145138], ret:         53 } hitcount:          2
{ common_pid: mc-worker       [    145134], ret:         54 } hitcount:          2
{ common_pid: mc-worker       [    145132], ret:        120 } hitcount:          2
{ common_pid: mc-worker       [    145136], ret:        116 } hitcount:          2
{ common_pid: mc-worker       [    145139], ret:         54 } hitcount:          2
{ common_pid: mc-worker       [    145135], ret:         43 } hitcount:          2
{ common_pid: mc-worker       [    145136], ret:        102 } hitcount:          2
{ common_pid: mc-worker       [    145132], ret:         57 } hitcount:          2
{ common_pid: mc-worker       [    145132], ret:         53 } hitcount:          2
{ common_pid: mc-worker       [    145136], ret:         68 } hitcount:          2
{ common_pid: mc-worker       [    145132], ret:         56 } hitcount:          2
{ common_pid: mc-worker       [    145137], ret:         60 } hitcount:          2
{ common_pid: mc-worker       [    145134], ret:         52 } hitcount:          2
{ common_pid: mc-worker       [    145136], ret:        192 } hitcount:          2
{ common_pid: mc-worker       [    145137], ret:         45 } hitcount:          2
{ common_pid: mc-worker       [    145138], ret:         50 } hitcount:          2
{ common_pid: mc-worker       [    145135], ret:         47 } hitcount:          2
{ common_pid: mc-worker       [    145132], ret:         44 } hitcount:          2
{ common_pid: mc-worker       [    145135], ret:         79 } hitcount:          2
{ common_pid: mc-worker       [    145135], ret:         48 } hitcount:          2
{ common_pid: mc-worker       [    145136], ret:         78 } hitcount:          2
{ common_pid: mc-worker       [    145135], ret:         40 } hitcount:          2
{ common_pid: mc-worker       [    145135], ret:         46 } hitcount:          2
{ common_pid: mc-worker       [    145135], ret:         39 } hitcount:          2
{ common_pid: mc-worker       [    145132], ret:         47 } hitcount:          2
{ common_pid: mc-worker       [    145138], ret:         52 } hitcount:          2
{ common_pid: mc-worker       [    145138], ret:         54 } hitcount:          2
{ common_pid: mc-worker       [    145138], ret:         57 } hitcount:          2
{ common_pid: mc-worker       [    145138], ret:         60 } hitcount:          3
{ common_pid: mc-worker       [    145133], ret:         51 } hitcount:          3
{ common_pid: mc-worker       [    145136], ret:         72 } hitcount:          3
{ common_pid: mc-worker       [    145137], ret:         44 } hitcount:          3
{ common_pid: mc-worker       [    145134], ret:         46 } hitcount:          3
{ common_pid: mc-worker       [    145133], ret:         44 } hitcount:          3
{ common_pid: mc-worker       [    145136], ret:         76 } hitcount:          3
{ common_pid: mc-worker       [    145139], ret:         51 } hitcount:          3
{ common_pid: mc-worker       [    145132], ret:         43 } hitcount:          3
{ common_pid: mc-worker       [    145137], ret:         67 } hitcount:          3
{ common_pid: mc-worker       [    145136], ret:         90 } hitcount:          3
{ common_pid: mc-worker       [    145135], ret:         35 } hitcount:          3
{ common_pid: mc-worker       [    145136], ret:         69 } hitcount:          3
{ common_pid: mc-worker       [    145139], ret:         41 } hitcount:          3
{ common_pid: mc-worker       [    145133], ret:         42 } hitcount:          3
{ common_pid: mc-worker       [    145139], ret:         47 } hitcount:          3
{ common_pid: mc-worker       [    145134], ret:         48 } hitcount:          3
{ common_pid: mc-worker       [    145132], ret:         46 } hitcount:          3
{ common_pid: mc-worker       [    145139], ret:         45 } hitcount:          3
{ common_pid: mc-worker       [    145135], ret:         32 } hitcount:          3
{ common_pid: mc-worker       [    145135], ret:         60 } hitcount:          3
{ common_pid: mc-worker       [    145139], ret:         49 } hitcount:          3
{ common_pid: mc-worker       [    145137], ret:         34 } hitcount:          3
{ common_pid: mc-worker       [    145136], ret:         81 } hitcount:          3
{ common_pid: mc-worker       [    145139], ret:         50 } hitcount:          3
{ common_pid: mc-worker       [    145132], ret:         58 } hitcount:          3
{ common_pid: mc-worker       [    145134], ret:         49 } hitcount:          3
{ common_pid: mc-worker       [    145135], ret:         31 } hitcount:          4
{ common_pid: mc-worker       [    145133], ret:         58 } hitcount:          4
{ common_pid: mc-worker       [    145136], ret:         75 } hitcount:          4
{ common_pid: mc-worker       [    145134], ret:         44 } hitcount:          4
{ common_pid: mc-worker       [    145134], ret:         50 } hitcount:          4
{ common_pid: mc-worker       [    145139], ret:         44 } hitcount:          4
{ common_pid: mc-worker       [    145136], ret:         80 } hitcount:          4
{ common_pid: mc-worker       [    145134], ret:         41 } hitcount:          4
{ common_pid: mc-worker       [    145139], ret:         42 } hitcount:          4
{ common_pid: mc-worker       [    145133], ret:         55 } hitcount:          4
{ common_pid: mc-worker       [    145135], ret:         38 } hitcount:          4
{ common_pid: mc-worker       [    145135], ret:         33 } hitcount:          4
{ common_pid: mc-worker       [    145137], ret:         37 } hitcount:          4
{ common_pid: mc-worker       [    145132], ret:         48 } hitcount:          4
{ common_pid: mc-worker       [    145132], ret:         52 } hitcount:          4
{ common_pid: mc-worker       [    145139], ret:         43 } hitcount:          4
{ common_pid: mc-worker       [    145139], ret:         46 } hitcount:          4
{ common_pid: mc-worker       [    145132], ret:         41 } hitcount:          5
{ common_pid: mc-worker       [    145139], ret:         40 } hitcount:          5
{ common_pid: mc-worker       [    145132], ret:         42 } hitcount:          5
{ common_pid: mc-worker       [    145134], ret:         43 } hitcount:          5
{ common_pid: mc-worker       [    145136], ret:         71 } hitcount:          5
{ common_pid: mc-worker       [    145138], ret:         48 } hitcount:          5
{ common_pid: mc-worker       [    145135], ret:         37 } hitcount:          5
{ common_pid: mc-worker       [    145133], ret:         40 } hitcount:          5
{ common_pid: mc-worker       [    145138], ret:         44 } hitcount:          5
{ common_pid: mc-worker       [    145135], ret:         51 } hitcount:          5
{ common_pid: mc-worker       [    145133], ret:         43 } hitcount:          5
{ common_pid: mc-worker       [    145138], ret:         47 } hitcount:          5
{ common_pid: mc-worker       [    145133], ret:         41 } hitcount:          5
{ common_pid: mc-worker       [    145139], ret:         48 } hitcount:          5
{ common_pid: mc-worker       [    145136], ret:         70 } hitcount:          5
{ common_pid: mc-worker       [    145132], ret:         45 } hitcount:          5
{ common_pid: mc-worker       [    145139], ret:         39 } hitcount:          6
{ common_pid: mc-worker       [    145138], ret:         45 } hitcount:          6
{ common_pid: mc-worker       [    145137], ret:         38 } hitcount:          6
{ common_pid: mc-worker       [    145135], ret:         44 } hitcount:          6
{ common_pid: mc-worker       [    145136], ret:         61 } hitcount:          6
{ common_pid: mc-worker       [    145139], ret:         38 } hitcount:          6
{ common_pid: mc-worker       [    145137], ret:         36 } hitcount:          6
{ common_pid: mc-worker       [    145135], ret:         29 } hitcount:          7
{ common_pid: mc-worker       [    145139], ret:         37 } hitcount:          7
{ common_pid: mc-worker       [    145136], ret:         67 } hitcount:          7
{ common_pid: mc-worker       [    145137], ret:         35 } hitcount:          7
{ common_pid: mc-worker       [    145139], ret:         36 } hitcount:          7
{ common_pid: mc-worker       [    145136], ret:         66 } hitcount:          7
{ common_pid: mc-worker       [    145135], ret:         34 } hitcount:          7
{ common_pid: mc-worker       [    145139], ret:         33 } hitcount:          7
{ common_pid: mc-worker       [    145135], ret:         36 } hitcount:          7
{ common_pid: mc-worker       [    145138], ret:         38 } hitcount:          7
{ common_pid: mc-worker       [    145138], ret:         43 } hitcount:          7
{ common_pid: mc-worker       [    145132], ret:         40 } hitcount:          8
{ common_pid: mc-worker       [    145134], ret:         40 } hitcount:          8
{ common_pid: mc-worker       [    145134], ret:         39 } hitcount:          9
{ common_pid: mc-worker       [    145136], ret:         62 } hitcount:          9
{ common_pid: mc-worker       [    145134], ret:         42 } hitcount:          9
{ common_pid: mc-worker       [    145137], ret:         33 } hitcount:          9
{ common_pid: mc-worker       [    145136], ret:         64 } hitcount:          9
{ common_pid: mc-worker       [    145135], ret:         30 } hitcount:          9
{ common_pid: mc-worker       [    145136], ret:         65 } hitcount:          9
{ common_pid: mc-worker       [    145133], ret:         39 } hitcount:          9
{ common_pid: mc-worker       [    145138], ret:         41 } hitcount:         10
{ common_pid: mc-worker       [    145138], ret:         40 } hitcount:         10
{ common_pid: mc-worker       [    145137], ret:         32 } hitcount:         10
{ common_pid: mc-worker       [    145138], ret:         42 } hitcount:         10
{ common_pid: mc-worker       [    145132], ret:         38 } hitcount:         11
{ common_pid: mc-worker       [    145132], ret:         39 } hitcount:         11
{ common_pid: mc-worker       [    145133], ret:         38 } hitcount:         11
{ common_pid: mc-worker       [    145139], ret:         35 } hitcount:         11
{ common_pid: mc-worker       [    145139], ret:         34 } hitcount:         12
{ common_pid: mc-worker       [    145134], ret:         37 } hitcount:         12
{ common_pid: mc-worker       [    145135], ret:         28 } hitcount:         12
{ common_pid: mc-worker       [    145133], ret:         36 } hitcount:         13
{ common_pid: mc-worker       [    145138], ret:         39 } hitcount:         13
{ common_pid: mc-worker       [    145137], ret:         31 } hitcount:         13
{ common_pid: mc-worker       [    145136], ret:         63 } hitcount:         14
{ common_pid: mc-worker       [    145133], ret:         37 } hitcount:         14
{ common_pid: mc-worker       [    145135], ret:         27 } hitcount:         15
{ common_pid: mc-worker       [    145136], ret:         59 } hitcount:         15
{ common_pid: mc-worker       [    145139], ret:         31 } hitcount:         15
{ common_pid: mc-worker       [    145134], ret:         38 } hitcount:         16
{ common_pid: mc-worker       [    145136], ret:         60 } hitcount:         16
{ common_pid: mc-worker       [    145133], ret:         34 } hitcount:         16
{ common_pid: mc-worker       [    145132], ret:         37 } hitcount:         16
{ common_pid: mc-worker       [    145133], ret:         35 } hitcount:         16
{ common_pid: mc-worker       [    145135], ret:         25 } hitcount:         17
{ common_pid: mc-worker       [    145135], ret:         26 } hitcount:         18
{ common_pid: mc-worker       [    145136], ret:         58 } hitcount:         20
{ common_pid: mc-worker       [    145135], ret:         24 } hitcount:         20
{ common_pid: mc-worker       [    145139], ret:         32 } hitcount:         21
{ common_pid: mc-worker       [    145137], ret:         30 } hitcount:         21
{ common_pid: mc-worker       [    145138], ret:         37 } hitcount:         21
{ common_pid: mc-worker       [    145132], ret:         36 } hitcount:         21
{ common_pid: mc-worker       [    145133], ret:         33 } hitcount:         22
{ common_pid: mc-worker       [    145139], ret:         30 } hitcount:         23
{ common_pid: mc-worker       [    145134], ret:         36 } hitcount:         23
{ common_pid: mc-worker       [    145132], ret:         34 } hitcount:         24
{ common_pid: mc-worker       [    145136], ret:         56 } hitcount:         24
{ common_pid: mc-worker       [    145133], ret:         32 } hitcount:         25
{ common_pid: mc-worker       [    145136], ret:         55 } hitcount:         25
{ common_pid: mc-worker       [    145134], ret:         35 } hitcount:         26
{ common_pid: mc-worker       [    145132], ret:         35 } hitcount:         26
{ common_pid: mc-worker       [    145134], ret:         34 } hitcount:         28
{ common_pid: mc-worker       [    145136], ret:         57 } hitcount:         30
{ common_pid: mc-worker       [    145137], ret:         29 } hitcount:         30
{ common_pid: mc-worker       [    145138], ret:         36 } hitcount:         31
{ common_pid: mc-worker       [    145138], ret:         34 } hitcount:         32
{ common_pid: mc-worker       [    145139], ret:         29 } hitcount:         33
{ common_pid: mc-worker       [    145136], ret:         53 } hitcount:         35
{ common_pid: mc-worker       [    145132], ret:         33 } hitcount:         35
{ common_pid: mc-worker       [    145136], ret:         52 } hitcount:         35
{ common_pid: mc-worker       [    145135], ret:         22 } hitcount:         38
{ common_pid: mc-worker       [    145134], ret:         31 } hitcount:         38
{ common_pid: mc-worker       [    145134], ret:         32 } hitcount:         41
{ common_pid: mc-worker       [    145134], ret:         33 } hitcount:         41
{ common_pid: mc-worker       [    145138], ret:         35 } hitcount:         41
{ common_pid: mc-worker       [    145133], ret:         31 } hitcount:         42
{ common_pid: mc-worker       [    145135], ret:         23 } hitcount:         42
{ common_pid: mc-worker       [    145137], ret:         28 } hitcount:         43
{ common_pid: mc-worker       [    145136], ret:         54 } hitcount:         43
{ common_pid: mc-worker       [    145132], ret:         32 } hitcount:         47
{ common_pid: mc-worker       [    145133], ret:         29 } hitcount:         48
{ common_pid: mc-worker       [    145139], ret:         28 } hitcount:         51
{ common_pid: mc-worker       [    145136], ret:         51 } hitcount:         51
{ common_pid: mc-worker       [    145133], ret:         30 } hitcount:         51
{ common_pid: mc-worker       [    145139], ret:         27 } hitcount:         53
{ common_pid: mc-worker       [    145137], ret:         26 } hitcount:         54
{ common_pid: mc-worker       [    145137], ret:         27 } hitcount:         54
{ common_pid: mc-worker       [    145138], ret:         33 } hitcount:         55
{ common_pid: mc-worker       [    145136], ret:         50 } hitcount:         58
{ common_pid: mc-worker       [    145134], ret:         30 } hitcount:         60
{ common_pid: mc-worker       [    145139], ret:         26 } hitcount:         61
{ common_pid: mc-worker       [    145135], ret:         21 } hitcount:         63
{ common_pid: mc-worker       [    145138], ret:         31 } hitcount:         64
{ common_pid: mc-worker       [    145136], ret:         48 } hitcount:         65
{ common_pid: mc-worker       [    145136], ret:         49 } hitcount:         66
{ common_pid: mc-worker       [    145134], ret:         29 } hitcount:         66
{ common_pid: mc-worker       [    145132], ret:         31 } hitcount:         67
{ common_pid: mc-worker       [    145137], ret:         25 } hitcount:         68
{ common_pid: mc-worker       [    145138], ret:         32 } hitcount:         68
{ common_pid: mc-worker       [    145133], ret:         28 } hitcount:         69
{ common_pid: mc-worker       [    145135], ret:         20 } hitcount:         72
{ common_pid: mc-worker       [    145132], ret:         30 } hitcount:         73
{ common_pid: mc-worker       [    145136], ret:         46 } hitcount:         80
{ common_pid: mc-worker       [    145137], ret:         24 } hitcount:         82
{ common_pid: mc-worker       [    145138], ret:         30 } hitcount:         84
{ common_pid: mc-worker       [    145136], ret:         47 } hitcount:         85
{ common_pid: mc-worker       [    145139], ret:         25 } hitcount:         87
{ common_pid: mc-worker       [    145134], ret:         28 } hitcount:         91
{ common_pid: mc-worker       [    145133], ret:         27 } hitcount:         93
{ common_pid: mc-worker       [    145135], ret:         19 } hitcount:         94
{ common_pid: mc-worker       [    145138], ret:         29 } hitcount:         97
{ common_pid: mc-worker       [    145133], ret:         26 } hitcount:         99
{ common_pid: mc-worker       [    145132], ret:         29 } hitcount:        100
{ common_pid: mc-worker       [    145136], ret:         44 } hitcount:        100
{ common_pid: mc-worker       [    145132], ret:         28 } hitcount:        104
{ common_pid: mc-worker       [    145133], ret:         25 } hitcount:        107
{ common_pid: mc-worker       [    145139], ret:         24 } hitcount:        109
{ common_pid: mc-worker       [    145136], ret:         45 } hitcount:        121
{ common_pid: mc-worker       [    145134], ret:         27 } hitcount:        125
{ common_pid: mc-worker       [    145134], ret:         26 } hitcount:        128
{ common_pid: mc-worker       [    145135], ret:         18 } hitcount:        129
{ common_pid: mc-worker       [    145132], ret:         27 } hitcount:        139
{ common_pid: mc-worker       [    145137], ret:         23 } hitcount:        140
{ common_pid: mc-worker       [    145136], ret:         43 } hitcount:        140
{ common_pid: mc-worker       [    145138], ret:         28 } hitcount:        142
{ common_pid: mc-worker       [    145137], ret:         22 } hitcount:        143
{ common_pid: mc-worker       [    145139], ret:         23 } hitcount:        147
{ common_pid: mc-worker       [    145136], ret:         42 } hitcount:        154
{ common_pid: mc-worker       [    145139], ret:         22 } hitcount:        158
{ common_pid: mc-worker       [    145136], ret:         41 } hitcount:        169
{ common_pid: mc-worker       [    145138], ret:         27 } hitcount:        171
{ common_pid: mc-worker       [    145136], ret:         40 } hitcount:        174
{ common_pid: mc-worker       [    145132], ret:         26 } hitcount:        175
{ common_pid: mc-worker       [    145133], ret:         24 } hitcount:        176
{ common_pid: mc-worker       [    145134], ret:         25 } hitcount:        180
{ common_pid: mc-worker       [    145136], ret:         39 } hitcount:        186
{ common_pid: mc-worker       [    145135], ret:         17 } hitcount:        193
{ common_pid: mc-worker       [    145133], ret:         23 } hitcount:        195
{ common_pid: mc-worker       [    145132], ret:         25 } hitcount:        197
{ common_pid: mc-worker       [    145137], ret:         21 } hitcount:        210
{ common_pid: mc-worker       [    145138], ret:         26 } hitcount:        211
{ common_pid: mc-worker       [    145134], ret:         24 } hitcount:        212
{ common_pid: mc-worker       [    145136], ret:         38 } hitcount:        222
{ common_pid: mc-worker       [    145138], ret:         25 } hitcount:        224
{ common_pid: mc-worker       [    145139], ret:         21 } hitcount:        231
{ common_pid: mc-worker       [    145136], ret:         37 } hitcount:        241
{ common_pid: mc-worker       [    145134], ret:         23 } hitcount:        248
{ common_pid: mc-worker       [    145133], ret:         22 } hitcount:        256
{ common_pid: mc-worker       [    145137], ret:         20 } hitcount:        264
{ common_pid: mc-worker       [    145138], ret:         24 } hitcount:        280
{ common_pid: mc-worker       [    145132], ret:         24 } hitcount:        281
{ common_pid: mc-worker       [    145135], ret:         16 } hitcount:        283
{ common_pid: mc-worker       [    145136], ret:         36 } hitcount:        296
{ common_pid: mc-worker       [    145134], ret:         22 } hitcount:        320
{ common_pid: mc-worker       [    145133], ret:         21 } hitcount:        321
{ common_pid: mc-worker       [    145139], ret:         20 } hitcount:        335
{ common_pid: mc-worker       [    145138], ret:         23 } hitcount:        347
{ common_pid: mc-worker       [    145132], ret:         23 } hitcount:        348
{ common_pid: mc-worker       [    145136], ret:         35 } hitcount:        351
{ common_pid: mc-worker       [    145139], ret:         19 } hitcount:        364
{ common_pid: mc-worker       [    145136], ret:         34 } hitcount:        372
{ common_pid: mc-worker       [    145134], ret:         21 } hitcount:        382
{ common_pid: mc-worker       [    145137], ret:         19 } hitcount:        392
{ common_pid: mc-worker       [    145138], ret:         22 } hitcount:        406
{ common_pid: mc-worker       [    145132], ret:         22 } hitcount:        407
{ common_pid: mc-worker       [    145135], ret:         15 } hitcount:        429
{ common_pid: mc-worker       [    145133], ret:         20 } hitcount:        429
{ common_pid: mc-worker       [    145136], ret:         33 } hitcount:        441
{ common_pid: mc-worker       [    145137], ret:         18 } hitcount:        491
{ common_pid: mc-worker       [    145136], ret:         32 } hitcount:        503
{ common_pid: mc-worker       [    145133], ret:         19 } hitcount:        506
{ common_pid: mc-worker       [    145132], ret:         21 } hitcount:        513
{ common_pid: mc-worker       [    145136], ret:         31 } hitcount:        518
{ common_pid: mc-worker       [    145134], ret:         20 } hitcount:        526
{ common_pid: mc-worker       [    145139], ret:         18 } hitcount:        551
{ common_pid: mc-worker       [    145138], ret:         21 } hitcount:        560
{ common_pid: mc-worker       [    145135], ret:         14 } hitcount:        563
{ common_pid: mc-worker       [    145136], ret:         30 } hitcount:        578
{ common_pid: mc-worker       [    145133], ret:         18 } hitcount:        635
{ common_pid: mc-worker       [    145137], ret:         17 } hitcount:        636
{ common_pid: mc-worker       [    145132], ret:         20 } hitcount:        669
{ common_pid: mc-worker       [    145136], ret:         29 } hitcount:        681
{ common_pid: mc-worker       [    145138], ret:         20 } hitcount:        686
{ common_pid: mc-worker       [    145134], ret:         19 } hitcount:        741
{ common_pid: mc-worker       [    145139], ret:         17 } hitcount:        743
{ common_pid: mc-worker       [    145136], ret:         28 } hitcount:        762
{ common_pid: mc-worker       [    145138], ret:         19 } hitcount:        829
{ common_pid: mc-worker       [    145133], ret:         17 } hitcount:        839
{ common_pid: mc-worker       [    145136], ret:         27 } hitcount:        851
{ common_pid: mc-worker       [    145135], ret:         13 } hitcount:        860
{ common_pid: mc-worker       [    145134], ret:         18 } hitcount:        869
{ common_pid: mc-worker       [    145137], ret:         16 } hitcount:        897
{ common_pid: mc-worker       [    145132], ret:         19 } hitcount:        910
{ common_pid: mc-worker       [    145139], ret:         16 } hitcount:        955
{ common_pid: mc-worker       [    145136], ret:         26 } hitcount:        995
{ common_pid: mc-worker       [    145138], ret:         18 } hitcount:       1076
{ common_pid: mc-worker       [    145133], ret:         16 } hitcount:       1088
{ common_pid: mc-worker       [    145132], ret:         18 } hitcount:       1093
{ common_pid: mc-worker       [    145136], ret:         25 } hitcount:       1103
{ common_pid: mc-worker       [    145134], ret:         17 } hitcount:       1122
{ common_pid: mc-worker       [    145136], ret:         24 } hitcount:       1194
{ common_pid: mc-worker       [    145137], ret:         15 } hitcount:       1260
{ common_pid: mc-worker       [    145138], ret:         17 } hitcount:       1362
{ common_pid: mc-worker       [    145139], ret:         15 } hitcount:       1377
{ common_pid: mc-worker       [    145133], ret:         15 } hitcount:       1378
{ common_pid: mc-worker       [    145135], ret:         12 } hitcount:       1398
{ common_pid: mc-worker       [    145132], ret:         17 } hitcount:       1447
{ common_pid: mc-worker       [    145136], ret:         23 } hitcount:       1502
{ common_pid: mc-worker       [    145134], ret:         16 } hitcount:       1569
{ common_pid: mc-worker       [    145136], ret:         22 } hitcount:       1647
{ common_pid: mc-worker       [    145138], ret:         16 } hitcount:       1655
{ common_pid: mc-worker       [    145133], ret:         14 } hitcount:       1709
{ common_pid: mc-worker       [    145137], ret:         14 } hitcount:       1721
{ common_pid: mc-worker       [    145132], ret:         16 } hitcount:       1851
{ common_pid: mc-worker       [    145136], ret:         21 } hitcount:       1880
{ common_pid: mc-worker       [    145139], ret:         14 } hitcount:       1910
{ common_pid: mc-worker       [    145134], ret:         15 } hitcount:       2009
{ common_pid: mc-worker       [    145138], ret:         15 } hitcount:       2101
{ common_pid: mc-worker       [    145136], ret:         20 } hitcount:       2195
{ common_pid: mc-worker       [    145135], ret:         11 } hitcount:       2223
{ common_pid: mc-worker       [    145133], ret:         13 } hitcount:       2322
{ common_pid: mc-worker       [    145137], ret:         13 } hitcount:       2423
{ common_pid: mc-worker       [    145132], ret:         15 } hitcount:       2431
{ common_pid: mc-worker       [    145139], ret:         13 } hitcount:       2526
{ common_pid: mc-worker       [    145136], ret:         19 } hitcount:       2552
{ common_pid: mc-worker       [    145138], ret:         14 } hitcount:       2711
{ common_pid: mc-worker       [    145134], ret:         14 } hitcount:       2711
{ common_pid: mc-worker       [    145136], ret:         18 } hitcount:       3020
{ common_pid: mc-worker       [    145132], ret:         14 } hitcount:       3139
{ common_pid: mc-worker       [    145133], ret:         12 } hitcount:       3216
{ common_pid: mc-worker       [    145137], ret:         12 } hitcount:       3384
{ common_pid: mc-worker       [    145136], ret:         17 } hitcount:       3518
{ common_pid: mc-worker       [    145139], ret:         12 } hitcount:       3550
{ common_pid: mc-worker       [    145138], ret:         13 } hitcount:       3550
{ common_pid: mc-worker       [    145134], ret:         13 } hitcount:       3604
{ common_pid: mc-worker       [    145135], ret:         10 } hitcount:       3982
{ common_pid: mc-worker       [    145136], ret:         16 } hitcount:       4132
{ common_pid: mc-worker       [    145132], ret:         13 } hitcount:       4248
{ common_pid: mc-worker       [    145138], ret:         12 } hitcount:       4621
{ common_pid: mc-worker       [    145133], ret:         11 } hitcount:       4686
{ common_pid: mc-worker       [    145134], ret:         12 } hitcount:       4712
{ common_pid: mc-worker       [    145136], ret:         15 } hitcount:       4921
{ common_pid: mc-worker       [    145137], ret:         11 } hitcount:       5036
{ common_pid: mc-worker       [    145139], ret:         11 } hitcount:       5134
{ common_pid: mc-worker       [    145132], ret:         12 } hitcount:       5677
{ common_pid: mc-worker       [    145136], ret:         14 } hitcount:       5705
{ common_pid: mc-worker       [    145138], ret:         11 } hitcount:       6307
{ common_pid: mc-worker       [    145134], ret:         11 } hitcount:       6622
{ common_pid: mc-worker       [    145136], ret:         13 } hitcount:       6779
{ common_pid: mc-worker       [    145133], ret:         10 } hitcount:       6997
{ common_pid: mc-worker       [    145135], ret:          9 } hitcount:       7244
{ common_pid: mc-worker       [    145137], ret:         10 } hitcount:       7396
{ common_pid: mc-worker       [    145139], ret:         10 } hitcount:       7639
{ common_pid: mc-worker       [    145132], ret:         11 } hitcount:       7734
{ common_pid: mc-worker       [    145136], ret:         12 } hitcount:       8088
{ common_pid: mc-worker       [    145138], ret:         10 } hitcount:       8730
{ common_pid: mc-worker       [    145134], ret:         10 } hitcount:       9656
{ common_pid: mc-worker       [    145136], ret:         11 } hitcount:      10070
{ common_pid: mc-worker       [    145132], ret:         10 } hitcount:      10758
{ common_pid: mc-worker       [    145133], ret:          9 } hitcount:      10951
{ common_pid: mc-worker       [    145139], ret:          9 } hitcount:      11493
{ common_pid: mc-worker       [    145137], ret:          9 } hitcount:      11746
{ common_pid: mc-worker       [    145138], ret:          9 } hitcount:      12404
{ common_pid: mc-worker       [    145136], ret:         10 } hitcount:      12678
{ common_pid: mc-worker       [    145135], ret:          8 } hitcount:      13146
{ common_pid: mc-worker       [    145134], ret:          9 } hitcount:      13852
{ common_pid: mc-worker       [    145132], ret:          9 } hitcount:      15519
{ common_pid: mc-worker       [    145136], ret:          9 } hitcount:      16808
{ common_pid: mc-worker       [    145133], ret:          8 } hitcount:      17692
{ common_pid: mc-worker       [    145139], ret:          8 } hitcount:      18178
{ common_pid: mc-worker       [    145138], ret:          8 } hitcount:      18672
{ common_pid: mc-worker       [    145137], ret:          8 } hitcount:      18821
{ common_pid: mc-worker       [    145134], ret:          8 } hitcount:      20692
{ common_pid: mc-worker       [    145136], ret:          8 } hitcount:      22125
{ common_pid: mc-worker       [    145132], ret:          8 } hitcount:      22251
{ common_pid: mc-worker       [    145135], ret:          7 } hitcount:      23214
{ common_pid: mc-worker       [    145139], ret:          7 } hitcount:      27461
{ common_pid: mc-worker       [    145138], ret:          7 } hitcount:      27817
{ common_pid: mc-worker       [    145133], ret:          7 } hitcount:      28445
{ common_pid: mc-worker       [    145137], ret:          7 } hitcount:      29201
{ common_pid: mc-worker       [    145136], ret:          7 } hitcount:      29776
{ common_pid: mc-worker       [    145134], ret:          7 } hitcount:      30391
{ common_pid: mc-worker       [    145132], ret:          7 } hitcount:      32453
{ common_pid: mc-worker       [    145136], ret:          6 } hitcount:      39647
{ common_pid: mc-worker       [    145135], ret:          6 } hitcount:      40337
{ common_pid: mc-worker       [    145138], ret:          6 } hitcount:      40882
{ common_pid: mc-worker       [    145139], ret:          6 } hitcount:      41721
{ common_pid: mc-worker       [    145137], ret:          6 } hitcount:      44588
{ common_pid: mc-worker       [    145134], ret:          6 } hitcount:      45098
{ common_pid: mc-worker       [    145133], ret:          6 } hitcount:      45179
{ common_pid: mc-worker       [    145132], ret:          6 } hitcount:      45979
{ common_pid: mc-worker       [    145136], ret:          5 } hitcount:      54946
{ common_pid: mc-worker       [    145138], ret:          5 } hitcount:      63288
{ common_pid: mc-worker       [    145139], ret:          5 } hitcount:      65392
{ common_pid: mc-worker       [    145134], ret:          5 } hitcount:      66878
{ common_pid: mc-worker       [    145132], ret:          5 } hitcount:      67218
{ common_pid: mc-worker       [    145135], ret:          5 } hitcount:      70245
{ common_pid: mc-worker       [    145137], ret:          5 } hitcount:      70390
{ common_pid: mc-worker       [    145133], ret:          5 } hitcount:      72672
{ common_pid: mc-worker       [    145136], ret:          4 } hitcount:      78874
{ common_pid: mc-worker       [    145136], ret:          1 } hitcount:      95078
{ common_pid: mc-worker       [    145138], ret:          4 } hitcount:     101896
{ common_pid: mc-worker       [    145132], ret:          4 } hitcount:     102621
{ common_pid: mc-worker       [    145134], ret:          4 } hitcount:     103654
{ common_pid: mc-worker       [    145139], ret:          4 } hitcount:     107774
{ common_pid: mc-worker       [    145136], ret:          3 } hitcount:     109446
{ common_pid: mc-worker       [    145137], ret:          4 } hitcount:     112472
{ common_pid: mc-worker       [    145133], ret:          4 } hitcount:     119115
{ common_pid: mc-worker       [    145136], ret:          2 } hitcount:     120926
{ common_pid: mc-worker       [    145135], ret:          4 } hitcount:     124151
{ common_pid: mc-worker       [    145132], ret:          1 } hitcount:     143327
{ common_pid: mc-worker       [    145132], ret:          3 } hitcount:     148548
{ common_pid: mc-worker       [    145134], ret:          1 } hitcount:     150246
{ common_pid: mc-worker       [    145134], ret:          3 } hitcount:     151298
{ common_pid: mc-worker       [    145138], ret:          3 } hitcount:     156464
{ common_pid: mc-worker       [    145138], ret:          1 } hitcount:     164400
{ common_pid: mc-worker       [    145133], ret:          1 } hitcount:     164502
{ common_pid: mc-worker       [    145139], ret:          3 } hitcount:     169102
{ common_pid: mc-worker       [    145137], ret:          3 } hitcount:     169229
{ common_pid: mc-worker       [    145137], ret:          1 } hitcount:     170050
{ common_pid: mc-worker       [    145132], ret:          2 } hitcount:     172727
{ common_pid: mc-worker       [    145133], ret:          3 } hitcount:     175109
{ common_pid: mc-worker       [    145134], ret:          2 } hitcount:     179970
{ common_pid: mc-worker       [    145139], ret:          1 } hitcount:     184683
{ common_pid: mc-worker       [    145138], ret:          2 } hitcount:     190978
{ common_pid: mc-worker       [    145135], ret:          3 } hitcount:     199929
{ common_pid: mc-worker       [    145137], ret:          2 } hitcount:     202804
{ common_pid: mc-worker       [    145133], ret:          2 } hitcount:     204411
{ common_pid: mc-worker       [    145139], ret:          2 } hitcount:     211568
{ common_pid: mc-worker       [    145135], ret:          1 } hitcount:     215498
{ common_pid: mc-worker       [    145135], ret:          2 } hitcount:     250555
