{ common_pid: mc-worker       [    187869], ret:         74 } hitcount:          1
{ common_pid: mc-worker       [    187867], ret:        151 } hitcount:          1
{ common_pid: mc-worker       [    187867], ret:         74 } hitcount:          1
{ common_pid: mc-worker       [    187867], ret:         78 } hitcount:          1
{ common_pid: mc-worker       [    187870], ret:        101 } hitcount:          1
{ common_pid: mc-worker       [    187873], ret:         75 } hitcount:          1
{ common_pid: mc-worker       [    187869], ret:         75 } hitcount:          1
{ common_pid: mc-worker       [    187866], ret:         74 } hitcount:          1
{ common_pid: mc-worker       [    187872], ret:        512 } hitcount:          1
{ common_pid: mc-worker       [    187871], ret:        122 } hitcount:          1
{ common_pid: mc-worker       [    187866], ret:         81 } hitcount:          1
{ common_pid: mc-worker       [    187870], ret:         73 } hitcount:          1
{ common_pid: mc-worker       [    187870], ret:         78 } hitcount:          1
{ common_pid: mc-worker       [    187868], ret:        372 } hitcount:          1
{ common_pid: mc-worker       [    187872], ret:         86 } hitcount:          1
{ common_pid: mc-worker       [    187869], ret:        101 } hitcount:          1
{ common_pid: mc-worker       [    187872], ret:         83 } hitcount:          1
{ common_pid: mc-worker       [    187871], ret:         81 } hitcount:          1
{ common_pid: mc-worker       [    187869], ret:         81 } hitcount:          1
{ common_pid: mc-worker       [    187872], ret:         76 } hitcount:          1
{ common_pid: mc-worker       [    187870], ret:        278 } hitcount:          1
{ common_pid: mc-worker       [    187869], ret:         79 } hitcount:          1
{ common_pid: mc-worker       [    187869], ret:         84 } hitcount:          1
{ common_pid: mc-worker       [    187867], ret:        121 } hitcount:          1
{ common_pid: mc-worker       [    187870], ret:         76 } hitcount:          1
{ common_pid: mc-worker       [    187871], ret:        389 } hitcount:          1
{ common_pid: mc-worker       [    187869], ret:        374 } hitcount:          1
{ common_pid: mc-worker       [    187873], ret:        512 } hitcount:          1
{ common_pid: mc-worker       [    187867], ret:        279 } hitcount:          1
{ common_pid: mc-worker       [    187872], ret:         87 } hitcount:          1
{ common_pid: mc-worker       [    187870], ret:         86 } hitcount:          1
{ common_pid: mc-worker       [    187873], ret:         73 } hitcount:          1
{ common_pid: mc-worker       [    187870], ret:         77 } hitcount:          1
{ common_pid: mc-worker       [    187870], ret:        128 } hitcount:          1
{ common_pid: mc-worker       [    187872], ret:         74 } hitcount:          1
{ common_pid: mc-worker       [    187873], ret:         84 } hitcount:          1
{ common_pid: mc-worker       [    187873], ret:         79 } hitcount:          1
{ common_pid: mc-worker       [    187870], ret:         74 } hitcount:          1
{ common_pid: mc-worker       [    187868], ret:         79 } hitcount:          1
{ common_pid: mc-worker       [    187873], ret:         82 } hitcount:          1
{ common_pid: mc-worker       [    187870], ret:        197 } hitcount:          1
{ common_pid: mc-worker       [    187868], ret:        109 } hitcount:          1
{ common_pid: mc-worker       [    187873], ret:         97 } hitcount:          1
{ common_pid: mc-worker       [    187866], ret:        499 } hitcount:          1
{ common_pid: mc-worker       [    187873], ret:         77 } hitcount:          1
{ common_pid: mc-worker       [    187866], ret:         93 } hitcount:          1
{ common_pid: mc-worker       [    187872], ret:         85 } hitcount:          1
{ common_pid: mc-worker       [    187867], ret:         72 } hitcount:          2
{ common_pid: mc-worker       [    187871], ret:         72 } hitcount:          2
{ common_pid: mc-worker       [    187869], ret:         71 } hitcount:          2
{ common_pid: mc-worker       [    187866], ret:         72 } hitcount:          2
{ common_pid: mc-worker       [    187867], ret:         73 } hitcount:          2
{ common_pid: mc-worker       [    187872], ret:         73 } hitcount:          2
{ common_pid: mc-worker       [    187868], ret:         74 } hitcount:          2
{ common_pid: mc-worker       [    187868], ret:         77 } hitcount:          2
{ common_pid: mc-worker       [    187869], ret:         73 } hitcount:          2
{ common_pid: mc-worker       [    187869], ret:         76 } hitcount:          2
{ common_pid: mc-worker       [    187866], ret:         71 } hitcount:          2
{ common_pid: mc-worker       [    187868], ret:         72 } hitcount:          3
{ common_pid: mc-worker       [    187873], ret:         71 } hitcount:          3
{ common_pid: mc-worker       [    187869], ret:         77 } hitcount:          3
{ common_pid: mc-worker       [    187870], ret:         72 } hitcount:          3
{ common_pid: mc-worker       [    187866], ret:         73 } hitcount:          3
{ common_pid: mc-worker       [    187868], ret:         73 } hitcount:          3
{ common_pid: mc-worker       [    187873], ret:         74 } hitcount:          4
{ common_pid: mc-worker       [    187867], ret:         71 } hitcount:          4
{ common_pid: mc-worker       [    187872], ret:         71 } hitcount:          4
{ common_pid: mc-worker       [    187872], ret:         72 } hitcount:          4
{ common_pid: mc-worker       [    187871], ret:         71 } hitcount:          4
{ common_pid: mc-worker       [    187867], ret:         69 } hitcount:          4
{ common_pid: mc-worker       [    187866], ret:         70 } hitcount:          4
{ common_pid: mc-worker       [    187869], ret:         72 } hitcount:          5
{ common_pid: mc-worker       [    187871], ret:         70 } hitcount:          5
{ common_pid: mc-worker       [    187868], ret:         70 } hitcount:          5
{ common_pid: mc-worker       [    187868], ret:         71 } hitcount:          6
{ common_pid: mc-worker       [    187870], ret:         70 } hitcount:          7
{ common_pid: mc-worker       [    187866], ret:         68 } hitcount:          7
{ common_pid: mc-worker       [    187873], ret:         72 } hitcount:          7
{ common_pid: mc-worker       [    187868], ret:         69 } hitcount:          7
{ common_pid: mc-worker       [    187873], ret:         70 } hitcount:          7
{ common_pid: mc-worker       [    187871], ret:         68 } hitcount:          8
{ common_pid: mc-worker       [    187867], ret:         70 } hitcount:          8
{ common_pid: mc-worker       [    187869], ret:         69 } hitcount:          9
{ common_pid: mc-worker       [    187871], ret:         69 } hitcount:          9
{ common_pid: mc-worker       [    187870], ret:         71 } hitcount:          9
{ common_pid: mc-worker       [    187869], ret:         70 } hitcount:          9
{ common_pid: mc-worker       [    187872], ret:         70 } hitcount:         11
{ common_pid: mc-worker       [    187866], ret:         69 } hitcount:         11
{ common_pid: mc-worker       [    187873], ret:         54 } hitcount:         14
{ common_pid: mc-worker       [    187870], ret:         69 } hitcount:         15
{ common_pid: mc-worker       [    187868], ret:         67 } hitcount:         16
{ common_pid: mc-worker       [    187873], ret:         69 } hitcount:         16
{ common_pid: mc-worker       [    187873], ret:         68 } hitcount:         16
{ common_pid: mc-worker       [    187869], ret:         68 } hitcount:         16
{ common_pid: mc-worker       [    187870], ret:         68 } hitcount:         17
{ common_pid: mc-worker       [    187872], ret:         69 } hitcount:         17
{ common_pid: mc-worker       [    187871], ret:         54 } hitcount:         17
{ common_pid: mc-worker       [    187866], ret:         54 } hitcount:         17
{ common_pid: mc-worker       [    187873], ret:         53 } hitcount:         18
{ common_pid: mc-worker       [    187867], ret:         68 } hitcount:         18
{ common_pid: mc-worker       [    187866], ret:         53 } hitcount:         18
{ common_pid: mc-worker       [    187870], ret:         67 } hitcount:         18
{ common_pid: mc-worker       [    187866], ret:         55 } hitcount:         19
{ common_pid: mc-worker       [    187871], ret:         67 } hitcount:         19
{ common_pid: mc-worker       [    187871], ret:         66 } hitcount:         19
{ common_pid: mc-worker       [    187868], ret:         68 } hitcount:         19
{ common_pid: mc-worker       [    187871], ret:         50 } hitcount:         20
{ common_pid: mc-worker       [    187872], ret:         68 } hitcount:         20
{ common_pid: mc-worker       [    187873], ret:         49 } hitcount:         20
{ common_pid: mc-worker       [    187872], ret:         54 } hitcount:         20
{ common_pid: mc-worker       [    187866], ret:         47 } hitcount:         21
{ common_pid: mc-worker       [    187871], ret:         48 } hitcount:         21
{ common_pid: mc-worker       [    187867], ret:         51 } hitcount:         21
{ common_pid: mc-worker       [    187868], ret:         66 } hitcount:         21
{ common_pid: mc-worker       [    187871], ret:         44 } hitcount:         21
{ common_pid: mc-worker       [    187871], ret:         57 } hitcount:         21
{ common_pid: mc-worker       [    187873], ret:         52 } hitcount:         21
{ common_pid: mc-worker       [    187869], ret:         56 } hitcount:         21
{ common_pid: mc-worker       [    187871], ret:         65 } hitcount:         21
{ common_pid: mc-worker       [    187869], ret:         47 } hitcount:         21
{ common_pid: mc-worker       [    187866], ret:         46 } hitcount:         21
{ common_pid: mc-worker       [    187869], ret:         67 } hitcount:         22
{ common_pid: mc-worker       [    187867], ret:         50 } hitcount:         22
{ common_pid: mc-worker       [    187871], ret:         51 } hitcount:         22
{ common_pid: mc-worker       [    187873], ret:         55 } hitcount:         22
{ common_pid: mc-worker       [    187866], ret:         57 } hitcount:         22
{ common_pid: mc-worker       [    187871], ret:         55 } hitcount:         22
{ common_pid: mc-worker       [    187868], ret:         53 } hitcount:         22
{ common_pid: mc-worker       [    187867], ret:         52 } hitcount:         22
{ common_pid: mc-worker       [    187869], ret:         49 } hitcount:         22
{ common_pid: mc-worker       [    187872], ret:         50 } hitcount:         22
{ common_pid: mc-worker       [    187873], ret:         51 } hitcount:         22
{ common_pid: mc-worker       [    187869], ret:         50 } hitcount:         22
{ common_pid: mc-worker       [    187869], ret:         51 } hitcount:         22
{ common_pid: mc-worker       [    187866], ret:         67 } hitcount:         23
{ common_pid: mc-worker       [    187873], ret:         50 } hitcount:         23
{ common_pid: mc-worker       [    187866], ret:         56 } hitcount:         23
{ common_pid: mc-worker       [    187872], ret:         67 } hitcount:         23
{ common_pid: mc-worker       [    187866], ret:         50 } hitcount:         23
{ common_pid: mc-worker       [    187873], ret:         48 } hitcount:         23
{ common_pid: mc-worker       [    187869], ret:         54 } hitcount:         23
{ common_pid: mc-worker       [    187870], ret:         52 } hitcount:         23
{ common_pid: mc-worker       [    187871], ret:         52 } hitcount:         23
{ common_pid: mc-worker       [    187871], ret:         58 } hitcount:         23
{ common_pid: mc-worker       [    187867], ret:         53 } hitcount:         23
{ common_pid: mc-worker       [    187867], ret:         67 } hitcount:         23
{ common_pid: mc-worker       [    187868], ret:         57 } hitcount:         23
{ common_pid: mc-worker       [    187867], ret:         66 } hitcount:         24
{ common_pid: mc-worker       [    187872], ret:         51 } hitcount:         24
{ common_pid: mc-worker       [    187869], ret:         53 } hitcount:         24
{ common_pid: mc-worker       [    187872], ret:         52 } hitcount:         24
{ common_pid: mc-worker       [    187866], ret:         52 } hitcount:         24
{ common_pid: mc-worker       [    187871], ret:         56 } hitcount:         24
{ common_pid: mc-worker       [    187868], ret:         47 } hitcount:         24
{ common_pid: mc-worker       [    187867], ret:         55 } hitcount:         24
{ common_pid: mc-worker       [    187870], ret:         49 } hitcount:         24
{ common_pid: mc-worker       [    187866], ret:         49 } hitcount:         25
{ common_pid: mc-worker       [    187871], ret:         62 } hitcount:         25
{ common_pid: mc-worker       [    187867], ret:         48 } hitcount:         25
{ common_pid: mc-worker       [    187871], ret:         47 } hitcount:         25
{ common_pid: mc-worker       [    187871], ret:         64 } hitcount:         25
{ common_pid: mc-worker       [    187871], ret:         46 } hitcount:         25
{ common_pid: mc-worker       [    187871], ret:         53 } hitcount:         25
{ common_pid: mc-worker       [    187872], ret:         55 } hitcount:         25
{ common_pid: mc-worker       [    187869], ret:         48 } hitcount:         25
{ common_pid: mc-worker       [    187870], ret:         50 } hitcount:         25
{ common_pid: mc-worker       [    187866], ret:         51 } hitcount:         26
{ common_pid: mc-worker       [    187873], ret:         56 } hitcount:         26
{ common_pid: mc-worker       [    187869], ret:         46 } hitcount:         26
{ common_pid: mc-worker       [    187868], ret:         50 } hitcount:         26
{ common_pid: mc-worker       [    187872], ret:         49 } hitcount:         26
{ common_pid: mc-worker       [    187869], ret:         52 } hitcount:         27
{ common_pid: mc-worker       [    187871], ret:         45 } hitcount:         27
{ common_pid: mc-worker       [    187868], ret:         54 } hitcount:         27
{ common_pid: mc-worker       [    187871], ret:         43 } hitcount:         27
{ common_pid: mc-worker       [    187870], ret:         48 } hitcount:         27
{ common_pid: mc-worker       [    187869], ret:         59 } hitcount:         27
{ common_pid: mc-worker       [    187868], ret:         45 } hitcount:         27
{ common_pid: mc-worker       [    187869], ret:         43 } hitcount:         27
{ common_pid: mc-worker       [    187867], ret:         56 } hitcount:         27
{ common_pid: mc-worker       [    187868], ret:         55 } hitcount:         27
{ common_pid: mc-worker       [    187870], ret:         54 } hitcount:         27
{ common_pid: mc-worker       [    187868], ret:         49 } hitcount:         27
{ common_pid: mc-worker       [    187867], ret:         58 } hitcount:         28
{ common_pid: mc-worker       [    187866], ret:         66 } hitcount:         28
{ common_pid: mc-worker       [    187868], ret:         52 } hitcount:         28
{ common_pid: mc-worker       [    187869], ret:         58 } hitcount:         29
{ common_pid: mc-worker       [    187867], ret:         47 } hitcount:         29
{ common_pid: mc-worker       [    187872], ret:         56 } hitcount:         29
{ common_pid: mc-worker       [    187866], ret:         44 } hitcount:         29
{ common_pid: mc-worker       [    187868], ret:         51 } hitcount:         29
{ common_pid: mc-worker       [    187873], ret:         47 } hitcount:         29
{ common_pid: mc-worker       [    187867], ret:         44 } hitcount:         30
{ common_pid: mc-worker       [    187871], ret:         49 } hitcount:         30
{ common_pid: mc-worker       [    187867], ret:         49 } hitcount:         30
{ common_pid: mc-worker       [    187870], ret:         51 } hitcount:         30
{ common_pid: mc-worker       [    187870], ret:         53 } hitcount:         30
{ common_pid: mc-worker       [    187872], ret:         53 } hitcount:         30
{ common_pid: mc-worker       [    187868], ret:         65 } hitcount:         30
{ common_pid: mc-worker       [    187873], ret:         67 } hitcount:         30
{ common_pid: mc-worker       [    187867], ret:         54 } hitcount:         30
{ common_pid: mc-worker       [    187873], ret:         66 } hitcount:         30
{ common_pid: mc-worker       [    187867], ret:         46 } hitcount:         30
{ common_pid: mc-worker       [    187866], ret:         45 } hitcount:         30
{ common_pid: mc-worker       [    187869], ret:         65 } hitcount:         31
{ common_pid: mc-worker       [    187873], ret:         65 } hitcount:         31
{ common_pid: mc-worker       [    187866], ret:         59 } hitcount:         31
{ common_pid: mc-worker       [    187870], ret:         55 } hitcount:         31
{ common_pid: mc-worker       [    187869], ret:         45 } hitcount:         31
{ common_pid: mc-worker       [    187869], ret:         55 } hitcount:         31
{ common_pid: mc-worker       [    187870], ret:         47 } hitcount:         32
{ common_pid: mc-worker       [    187868], ret:         56 } hitcount:         32
{ common_pid: mc-worker       [    187866], ret:         58 } hitcount:         32
{ common_pid: mc-worker       [    187870], ret:         58 } hitcount:         32
{ common_pid: mc-worker       [    187870], ret:         46 } hitcount:         32
{ common_pid: mc-worker       [    187870], ret:         56 } hitcount:         32
{ common_pid: mc-worker       [    187870], ret:         44 } hitcount:         32
{ common_pid: mc-worker       [    187873], ret:         59 } hitcount:         32
{ common_pid: mc-worker       [    187872], ret:         46 } hitcount:         32
{ common_pid: mc-worker       [    187868], ret:         48 } hitcount:         33
{ common_pid: mc-worker       [    187866], ret:         48 } hitcount:         33
{ common_pid: mc-worker       [    187871], ret:         63 } hitcount:         33
{ common_pid: mc-worker       [    187871], ret:         59 } hitcount:         33
{ common_pid: mc-worker       [    187866], ret:         61 } hitcount:         33
{ common_pid: mc-worker       [    187872], ret:         48 } hitcount:         34
{ common_pid: mc-worker       [    187873], ret:         64 } hitcount:         34
{ common_pid: mc-worker       [    187868], ret:         44 } hitcount:         34
{ common_pid: mc-worker       [    187873], ret:         58 } hitcount:         34
{ common_pid: mc-worker       [    187873], ret:         45 } hitcount:         34
{ common_pid: mc-worker       [    187873], ret:         46 } hitcount:         35
{ common_pid: mc-worker       [    187870], ret:         57 } hitcount:         35
{ common_pid: mc-worker       [    187867], ret:         42 } hitcount:         35
{ common_pid: mc-worker       [    187868], ret:         46 } hitcount:         35
{ common_pid: mc-worker       [    187871], ret:         42 } hitcount:         35
{ common_pid: mc-worker       [    187873], ret:         43 } hitcount:         35
{ common_pid: mc-worker       [    187871], ret:         60 } hitcount:         35
{ common_pid: mc-worker       [    187868], ret:         60 } hitcount:         36
{ common_pid: mc-worker       [    187866], ret:         63 } hitcount:         36
{ common_pid: mc-worker       [    187870], ret:         45 } hitcount:         36
{ common_pid: mc-worker       [    187873], ret:         42 } hitcount:         36
{ common_pid: mc-worker       [    187873], ret:         57 } hitcount:         36
{ common_pid: mc-worker       [    187870], ret:         66 } hitcount:         36
{ common_pid: mc-worker       [    187871], ret:         40 } hitcount:         36
{ common_pid: mc-worker       [    187872], ret:         47 } hitcount:         37
{ common_pid: mc-worker       [    187866], ret:         60 } hitcount:         37
{ common_pid: mc-worker       [    187867], ret:         45 } hitcount:         37
{ common_pid: mc-worker       [    187869], ret:         66 } hitcount:         37
{ common_pid: mc-worker       [    187872], ret:         45 } hitcount:         37
{ common_pid: mc-worker       [    187868], ret:         58 } hitcount:         37
{ common_pid: mc-worker       [    187867], ret:         57 } hitcount:         37
{ common_pid: mc-worker       [    187867], ret:         43 } hitcount:         38
{ common_pid: mc-worker       [    187870], ret:         43 } hitcount:         38
{ common_pid: mc-worker       [    187867], ret:         65 } hitcount:         38
{ common_pid: mc-worker       [    187872], ret:         66 } hitcount:         38
{ common_pid: mc-worker       [    187871], ret:         61 } hitcount:         39
{ common_pid: mc-worker       [    187872], ret:         57 } hitcount:         39
{ common_pid: mc-worker       [    187869], ret:         60 } hitcount:         39
{ common_pid: mc-worker       [    187868], ret:         59 } hitcount:         39
{ common_pid: mc-worker       [    187866], ret:         65 } hitcount:         39
{ common_pid: mc-worker       [    187869], ret:         57 } hitcount:         39
{ common_pid: mc-worker       [    187870], ret:         42 } hitcount:         39
{ common_pid: mc-worker       [    187869], ret:         42 } hitcount:         39
{ common_pid: mc-worker       [    187871], ret:         37 } hitcount:         40
{ common_pid: mc-worker       [    187873], ret:         60 } hitcount:         41
{ common_pid: mc-worker       [    187866], ret:         42 } hitcount:         41
{ common_pid: mc-worker       [    187873], ret:         61 } hitcount:         42
{ common_pid: mc-worker       [    187866], ret:         41 } hitcount:         42
{ common_pid: mc-worker       [    187869], ret:         44 } hitcount:         42
{ common_pid: mc-worker       [    187872], ret:         65 } hitcount:         42
{ common_pid: mc-worker       [    187868], ret:         62 } hitcount:         42
{ common_pid: mc-worker       [    187868], ret:         42 } hitcount:         42
{ common_pid: mc-worker       [    187866], ret:         43 } hitcount:         42
{ common_pid: mc-worker       [    187873], ret:         44 } hitcount:         43
{ common_pid: mc-worker       [    187873], ret:         63 } hitcount:         43
{ common_pid: mc-worker       [    187866], ret:         64 } hitcount:         43
{ common_pid: mc-worker       [    187870], ret:         59 } hitcount:         43
{ common_pid: mc-worker       [    187867], ret:         40 } hitcount:         44
{ common_pid: mc-worker       [    187867], ret:         41 } hitcount:         44
{ common_pid: mc-worker       [    187870], ret:         62 } hitcount:         44
{ common_pid: mc-worker       [    187870], ret:         60 } hitcount:         44
{ common_pid: mc-worker       [    187872], ret:         58 } hitcount:         45
{ common_pid: mc-worker       [    187869], ret:         40 } hitcount:         45
{ common_pid: mc-worker       [    187867], ret:         61 } hitcount:         45
{ common_pid: mc-worker       [    187871], ret:         38 } hitcount:         45
{ common_pid: mc-worker       [    187868], ret:         61 } hitcount:         45
{ common_pid: mc-worker       [    187867], ret:         60 } hitcount:         45
{ common_pid: mc-worker       [    187868], ret:         63 } hitcount:         46
{ common_pid: mc-worker       [    187869], ret:         64 } hitcount:         46
{ common_pid: mc-worker       [    187873], ret:         62 } hitcount:         46
{ common_pid: mc-worker       [    187868], ret:         43 } hitcount:         46
{ common_pid: mc-worker       [    187872], ret:         44 } hitcount:         46
{ common_pid: mc-worker       [    187867], ret:         59 } hitcount:         46
{ common_pid: mc-worker       [    187870], ret:         41 } hitcount:         47
{ common_pid: mc-worker       [    187870], ret:         65 } hitcount:         47
{ common_pid: mc-worker       [    187872], ret:         43 } hitcount:         47
{ common_pid: mc-worker       [    187868], ret:         64 } hitcount:         47
{ common_pid: mc-worker       [    187868], ret:         41 } hitcount:         48
{ common_pid: mc-worker       [    187870], ret:         39 } hitcount:         48
{ common_pid: mc-worker       [    187873], ret:         40 } hitcount:         48
{ common_pid: mc-worker       [    187867], ret:         39 } hitcount:         48
{ common_pid: mc-worker       [    187868], ret:         39 } hitcount:         49
{ common_pid: mc-worker       [    187870], ret:         63 } hitcount:         49
{ common_pid: mc-worker       [    187870], ret:         64 } hitcount:         49
{ common_pid: mc-worker       [    187872], ret:         62 } hitcount:         49
{ common_pid: mc-worker       [    187872], ret:         64 } hitcount:         49
{ common_pid: mc-worker       [    187869], ret:         38 } hitcount:         49
{ common_pid: mc-worker       [    187871], ret:         41 } hitcount:         49
{ common_pid: mc-worker       [    187873], ret:         38 } hitcount:         50
{ common_pid: mc-worker       [    187871], ret:         39 } hitcount:         50
{ common_pid: mc-worker       [    187870], ret:         37 } hitcount:         50
{ common_pid: mc-worker       [    187869], ret:         41 } hitcount:         51
{ common_pid: mc-worker       [    187869], ret:         62 } hitcount:         51
{ common_pid: mc-worker       [    187872], ret:         59 } hitcount:         51
{ common_pid: mc-worker       [    187867], ret:         62 } hitcount:         51
{ common_pid: mc-worker       [    187869], ret:         63 } hitcount:         51
{ common_pid: mc-worker       [    187866], ret:         62 } hitcount:         52
{ common_pid: mc-worker       [    187867], ret:         64 } hitcount:         53
{ common_pid: mc-worker       [    187872], ret:         61 } hitcount:         53
{ common_pid: mc-worker       [    187866], ret:         40 } hitcount:         53
{ common_pid: mc-worker       [    187872], ret:         42 } hitcount:         53
{ common_pid: mc-worker       [    187866], ret:         36 } hitcount:         54
{ common_pid: mc-worker       [    187872], ret:         60 } hitcount:         54
{ common_pid: mc-worker       [    187873], ret:         36 } hitcount:         54
{ common_pid: mc-worker       [    187869], ret:         61 } hitcount:         54
{ common_pid: mc-worker       [    187873], ret:         41 } hitcount:         54
{ common_pid: mc-worker       [    187872], ret:         41 } hitcount:         54
{ common_pid: mc-worker       [    187872], ret:         63 } hitcount:         55
{ common_pid: mc-worker       [    187867], ret:         63 } hitcount:         55
{ common_pid: mc-worker       [    187866], ret:         38 } hitcount:         55
{ common_pid: mc-worker       [    187873], ret:         37 } hitcount:         55
{ common_pid: mc-worker       [    187866], ret:         39 } hitcount:         56
{ common_pid: mc-worker       [    187868], ret:         37 } hitcount:         56
{ common_pid: mc-worker       [    187872], ret:         40 } hitcount:         57
{ common_pid: mc-worker       [    187867], ret:         37 } hitcount:         58
{ common_pid: mc-worker       [    187870], ret:         40 } hitcount:         59
{ common_pid: mc-worker       [    187868], ret:         40 } hitcount:         59
{ common_pid: mc-worker       [    187871], ret:         35 } hitcount:         60
{ common_pid: mc-worker       [    187867], ret:         36 } hitcount:         60
{ common_pid: mc-worker       [    187871], ret:         33 } hitcount:         60
{ common_pid: mc-worker       [    187873], ret:         39 } hitcount:         60
{ common_pid: mc-worker       [    187868], ret:         35 } hitcount:         61
{ common_pid: mc-worker       [    187870], ret:         61 } hitcount:         62
{ common_pid: mc-worker       [    187869], ret:         37 } hitcount:         62
{ common_pid: mc-worker       [    187872], ret:         38 } hitcount:         62
{ common_pid: mc-worker       [    187868], ret:         38 } hitcount:         62
{ common_pid: mc-worker       [    187870], ret:         36 } hitcount:         62
{ common_pid: mc-worker       [    187873], ret:         35 } hitcount:         63
{ common_pid: mc-worker       [    187873], ret:         34 } hitcount:         64
{ common_pid: mc-worker       [    187871], ret:         34 } hitcount:         64
{ common_pid: mc-worker       [    187872], ret:         36 } hitcount:         64
{ common_pid: mc-worker       [    187871], ret:         36 } hitcount:         66
{ common_pid: mc-worker       [    187872], ret:         39 } hitcount:         67
{ common_pid: mc-worker       [    187873], ret:         33 } hitcount:         67
{ common_pid: mc-worker       [    187866], ret:         35 } hitcount:         70
{ common_pid: mc-worker       [    187867], ret:         38 } hitcount:         70
{ common_pid: mc-worker       [    187866], ret:         37 } hitcount:         70
{ common_pid: mc-worker       [    187869], ret:         35 } hitcount:         71
{ common_pid: mc-worker       [    187872], ret:         37 } hitcount:         71
{ common_pid: mc-worker       [    187871], ret:         31 } hitcount:         71
{ common_pid: mc-worker       [    187869], ret:         39 } hitcount:         72
{ common_pid: mc-worker       [    187866], ret:         34 } hitcount:         72
{ common_pid: mc-worker       [    187870], ret:         38 } hitcount:         72
{ common_pid: mc-worker       [    187867], ret:         34 } hitcount:         73
{ common_pid: mc-worker       [    187870], ret:         35 } hitcount:         74
{ common_pid: mc-worker       [    187868], ret:         36 } hitcount:         74
{ common_pid: mc-worker       [    187869], ret:         34 } hitcount:         75
{ common_pid: mc-worker       [    187871], ret:         32 } hitcount:         77
{ common_pid: mc-worker       [    187867], ret:         35 } hitcount:         77
{ common_pid: mc-worker       [    187868], ret:         34 } hitcount:         77
{ common_pid: mc-worker       [    187873], ret:         31 } hitcount:         77
{ common_pid: mc-worker       [    187869], ret:         36 } hitcount:         78
{ common_pid: mc-worker       [    187872], ret:         35 } hitcount:         80
{ common_pid: mc-worker       [    187867], ret:         32 } hitcount:         83
{ common_pid: mc-worker       [    187867], ret:         30 } hitcount:         83
{ common_pid: mc-worker       [    187868], ret:         33 } hitcount:         85
{ common_pid: mc-worker       [    187870], ret:         30 } hitcount:         86
{ common_pid: mc-worker       [    187872], ret:         34 } hitcount:         86
{ common_pid: mc-worker       [    187866], ret:         32 } hitcount:         86
{ common_pid: mc-worker       [    187870], ret:         34 } hitcount:         87
{ common_pid: mc-worker       [    187872], ret:         33 } hitcount:         88
{ common_pid: mc-worker       [    187869], ret:         29 } hitcount:         88
{ common_pid: mc-worker       [    187869], ret:         31 } hitcount:         90
{ common_pid: mc-worker       [    187870], ret:         32 } hitcount:         91
{ common_pid: mc-worker       [    187868], ret:         32 } hitcount:         91
{ common_pid: mc-worker       [    187866], ret:         29 } hitcount:         92
{ common_pid: mc-worker       [    187871], ret:         30 } hitcount:         92
{ common_pid: mc-worker       [    187867], ret:         33 } hitcount:         92
{ common_pid: mc-worker       [    187866], ret:         31 } hitcount:         93
{ common_pid: mc-worker       [    187872], ret:         31 } hitcount:         93
{ common_pid: mc-worker       [    187866], ret:         30 } hitcount:         94
{ common_pid: mc-worker       [    187873], ret:         32 } hitcount:         94
{ common_pid: mc-worker       [    187870], ret:         33 } hitcount:         95
{ common_pid: mc-worker       [    187866], ret:         33 } hitcount:         96
{ common_pid: mc-worker       [    187872], ret:         32 } hitcount:         96
{ common_pid: mc-worker       [    187869], ret:         33 } hitcount:         96
{ common_pid: mc-worker       [    187867], ret:         31 } hitcount:         97
{ common_pid: mc-worker       [    187869], ret:         30 } hitcount:         98
{ common_pid: mc-worker       [    187871], ret:         27 } hitcount:         98
{ common_pid: mc-worker       [    187867], ret:         29 } hitcount:        100
{ common_pid: mc-worker       [    187873], ret:         29 } hitcount:        101
{ common_pid: mc-worker       [    187868], ret:         31 } hitcount:        102
{ common_pid: mc-worker       [    187867], ret:         28 } hitcount:        102
{ common_pid: mc-worker       [    187873], ret:         28 } hitcount:        104
{ common_pid: mc-worker       [    187870], ret:         31 } hitcount:        105
{ common_pid: mc-worker       [    187873], ret:         30 } hitcount:        105
{ common_pid: mc-worker       [    187869], ret:         32 } hitcount:        106
{ common_pid: mc-worker       [    187871], ret:         26 } hitcount:        107
{ common_pid: mc-worker       [    187870], ret:         29 } hitcount:        107
{ common_pid: mc-worker       [    187872], ret:         29 } hitcount:        108
{ common_pid: mc-worker       [    187868], ret:         29 } hitcount:        108
{ common_pid: mc-worker       [    187871], ret:         29 } hitcount:        109
{ common_pid: mc-worker       [    187870], ret:         28 } hitcount:        109
{ common_pid: mc-worker       [    187873], ret:         26 } hitcount:        112
{ common_pid: mc-worker       [    187866], ret:         28 } hitcount:        112
{ common_pid: mc-worker       [    187869], ret:         28 } hitcount:        114
{ common_pid: mc-worker       [    187868], ret:         28 } hitcount:        114
{ common_pid: mc-worker       [    187871], ret:         28 } hitcount:        115
{ common_pid: mc-worker       [    187872], ret:         30 } hitcount:        117
{ common_pid: mc-worker       [    187869], ret:         27 } hitcount:        119
{ common_pid: mc-worker       [    187868], ret:         30 } hitcount:        119
{ common_pid: mc-worker       [    187866], ret:         27 } hitcount:        120
{ common_pid: mc-worker       [    187870], ret:         27 } hitcount:        121
{ common_pid: mc-worker       [    187866], ret:         26 } hitcount:        122
{ common_pid: mc-worker       [    187873], ret:         27 } hitcount:        125
{ common_pid: mc-worker       [    187867], ret:         27 } hitcount:        127
{ common_pid: mc-worker       [    187867], ret:         25 } hitcount:        128
{ common_pid: mc-worker       [    187873], ret:         24 } hitcount:        129
{ common_pid: mc-worker       [    187866], ret:         25 } hitcount:        129
{ common_pid: mc-worker       [    187868], ret:         27 } hitcount:        131
{ common_pid: mc-worker       [    187871], ret:         25 } hitcount:        132
{ common_pid: mc-worker       [    187870], ret:         26 } hitcount:        133
{ common_pid: mc-worker       [    187868], ret:         25 } hitcount:        138
{ common_pid: mc-worker       [    187873], ret:         25 } hitcount:        141
{ common_pid: mc-worker       [    187868], ret:         26 } hitcount:        141
{ common_pid: mc-worker       [    187872], ret:         27 } hitcount:        141
{ common_pid: mc-worker       [    187867], ret:         26 } hitcount:        141
{ common_pid: mc-worker       [    187872], ret:         28 } hitcount:        141
{ common_pid: mc-worker       [    187869], ret:         26 } hitcount:        143
{ common_pid: mc-worker       [    187869], ret:         25 } hitcount:        146
{ common_pid: mc-worker       [    187871], ret:         23 } hitcount:        147
{ common_pid: mc-worker       [    187869], ret:         24 } hitcount:        147
{ common_pid: mc-worker       [    187872], ret:         25 } hitcount:        149
{ common_pid: mc-worker       [    187868], ret:         24 } hitcount:        155
{ common_pid: mc-worker       [    187872], ret:         26 } hitcount:        156
{ common_pid: mc-worker       [    187866], ret:         23 } hitcount:        157
{ common_pid: mc-worker       [    187870], ret:         24 } hitcount:        158
{ common_pid: mc-worker       [    187867], ret:         24 } hitcount:        160
{ common_pid: mc-worker       [    187873], ret:         23 } hitcount:        166
{ common_pid: mc-worker       [    187870], ret:         25 } hitcount:        166
{ common_pid: mc-worker       [    187868], ret:         23 } hitcount:        167
{ common_pid: mc-worker       [    187870], ret:         23 } hitcount:        168
{ common_pid: mc-worker       [    187871], ret:         22 } hitcount:        171
{ common_pid: mc-worker       [    187871], ret:         24 } hitcount:        173
{ common_pid: mc-worker       [    187866], ret:         24 } hitcount:        179
{ common_pid: mc-worker       [    187866], ret:         22 } hitcount:        181
{ common_pid: mc-worker       [    187867], ret:         23 } hitcount:        182
{ common_pid: mc-worker       [    187871], ret:         21 } hitcount:        183
{ common_pid: mc-worker       [    187872], ret:         24 } hitcount:        183
{ common_pid: mc-worker       [    187873], ret:         22 } hitcount:        189
{ common_pid: mc-worker       [    187869], ret:         22 } hitcount:        191
{ common_pid: mc-worker       [    187869], ret:         23 } hitcount:        192
{ common_pid: mc-worker       [    187866], ret:         21 } hitcount:        195
{ common_pid: mc-worker       [    187872], ret:         23 } hitcount:        200
{ common_pid: mc-worker       [    187867], ret:         22 } hitcount:        202
{ common_pid: mc-worker       [    187872], ret:         22 } hitcount:        203
{ common_pid: mc-worker       [    187870], ret:         22 } hitcount:        205
{ common_pid: mc-worker       [    187866], ret:         20 } hitcount:        218
{ common_pid: mc-worker       [    187868], ret:         22 } hitcount:        222
{ common_pid: mc-worker       [    187867], ret:         21 } hitcount:        222
{ common_pid: mc-worker       [    187869], ret:         21 } hitcount:        233
{ common_pid: mc-worker       [    187871], ret:         20 } hitcount:        236
{ common_pid: mc-worker       [    187870], ret:         21 } hitcount:        236
{ common_pid: mc-worker       [    187873], ret:         21 } hitcount:        239
{ common_pid: mc-worker       [    187868], ret:         21 } hitcount:        251
{ common_pid: mc-worker       [    187871], ret:         19 } hitcount:        252
{ common_pid: mc-worker       [    187866], ret:         19 } hitcount:        258
{ common_pid: mc-worker       [    187870], ret:         20 } hitcount:        265
{ common_pid: mc-worker       [    187872], ret:         21 } hitcount:        268
{ common_pid: mc-worker       [    187869], ret:         20 } hitcount:        270
{ common_pid: mc-worker       [    187867], ret:         20 } hitcount:        275
{ common_pid: mc-worker       [    187873], ret:         20 } hitcount:        284
{ common_pid: mc-worker       [    187868], ret:         20 } hitcount:        292
{ common_pid: mc-worker       [    187872], ret:         20 } hitcount:        310
{ common_pid: mc-worker       [    187870], ret:         19 } hitcount:        334
{ common_pid: mc-worker       [    187871], ret:         18 } hitcount:        338
{ common_pid: mc-worker       [    187867], ret:         19 } hitcount:        340
{ common_pid: mc-worker       [    187868], ret:         19 } hitcount:        351
{ common_pid: mc-worker       [    187873], ret:         19 } hitcount:        352
{ common_pid: mc-worker       [    187869], ret:         19 } hitcount:        357
{ common_pid: mc-worker       [    187866], ret:         18 } hitcount:        363
{ common_pid: mc-worker       [    187867], ret:         18 } hitcount:        392
{ common_pid: mc-worker       [    187869], ret:         18 } hitcount:        393
{ common_pid: mc-worker       [    187872], ret:         19 } hitcount:        399
{ common_pid: mc-worker       [    187870], ret:         18 } hitcount:        422
{ common_pid: mc-worker       [    187868], ret:         18 } hitcount:        439
{ common_pid: mc-worker       [    187866], ret:         17 } hitcount:        441
{ common_pid: mc-worker       [    187873], ret:         18 } hitcount:        444
{ common_pid: mc-worker       [    187871], ret:         17 } hitcount:        444
{ common_pid: mc-worker       [    187872], ret:         18 } hitcount:        486
{ common_pid: mc-worker       [    187867], ret:         17 } hitcount:        530
{ common_pid: mc-worker       [    187870], ret:         17 } hitcount:        535
{ common_pid: mc-worker       [    187869], ret:         17 } hitcount:        557
{ common_pid: mc-worker       [    187868], ret:         17 } hitcount:        571
{ common_pid: mc-worker       [    187866], ret:         16 } hitcount:        586
{ common_pid: mc-worker       [    187873], ret:         17 } hitcount:        641
{ common_pid: mc-worker       [    187871], ret:         16 } hitcount:        645
{ common_pid: mc-worker       [    187870], ret:         16 } hitcount:        687
{ common_pid: mc-worker       [    187872], ret:         17 } hitcount:        734
{ common_pid: mc-worker       [    187867], ret:         16 } hitcount:        747
{ common_pid: mc-worker       [    187873], ret:         16 } hitcount:        821
{ common_pid: mc-worker       [    187869], ret:         16 } hitcount:        823
{ common_pid: mc-worker       [    187868], ret:         16 } hitcount:        829
{ common_pid: mc-worker       [    187871], ret:         15 } hitcount:        876
{ common_pid: mc-worker       [    187866], ret:         15 } hitcount:        884
{ common_pid: mc-worker       [    187872], ret:         16 } hitcount:        946
{ common_pid: mc-worker       [    187870], ret:         15 } hitcount:       1005
{ common_pid: mc-worker       [    187867], ret:         15 } hitcount:       1028
{ common_pid: mc-worker       [    187868], ret:         15 } hitcount:       1076
{ common_pid: mc-worker       [    187873], ret:         15 } hitcount:       1089
{ common_pid: mc-worker       [    187869], ret:         15 } hitcount:       1113
{ common_pid: mc-worker       [    187866], ret:         14 } hitcount:       1243
{ common_pid: mc-worker       [    187871], ret:         14 } hitcount:       1251
{ common_pid: mc-worker       [    187867], ret:         14 } hitcount:       1410
{ common_pid: mc-worker       [    187872], ret:         15 } hitcount:       1425
{ common_pid: mc-worker       [    187870], ret:         14 } hitcount:       1495
{ common_pid: mc-worker       [    187868], ret:         14 } hitcount:       1538
{ common_pid: mc-worker       [    187869], ret:         14 } hitcount:       1556
{ common_pid: mc-worker       [    187873], ret:         14 } hitcount:       1691
{ common_pid: mc-worker       [    187866], ret:         13 } hitcount:       1790
{ common_pid: mc-worker       [    187871], ret:         13 } hitcount:       1892
{ common_pid: mc-worker       [    187872], ret:         14 } hitcount:       1894
{ common_pid: mc-worker       [    187870], ret:         13 } hitcount:       2102
{ common_pid: mc-worker       [    187867], ret:         13 } hitcount:       2176
{ common_pid: mc-worker       [    187868], ret:         13 } hitcount:       2279
{ common_pid: mc-worker       [    187873], ret:         13 } hitcount:       2369
{ common_pid: mc-worker       [    187869], ret:         13 } hitcount:       2375
{ common_pid: mc-worker       [    187872], ret:         13 } hitcount:       2584
{ common_pid: mc-worker       [    187866], ret:         12 } hitcount:       2672
{ common_pid: mc-worker       [    187871], ret:         12 } hitcount:       2757
{ common_pid: mc-worker       [    187870], ret:         12 } hitcount:       2823
{ common_pid: mc-worker       [    187868], ret:         12 } hitcount:       3147
{ common_pid: mc-worker       [    187867], ret:         12 } hitcount:       3209
{ common_pid: mc-worker       [    187869], ret:         12 } hitcount:       3371
{ common_pid: mc-worker       [    187873], ret:         12 } hitcount:       3408
{ common_pid: mc-worker       [    187872], ret:         12 } hitcount:       3649
{ common_pid: mc-worker       [    187866], ret:         11 } hitcount:       3804
{ common_pid: mc-worker       [    187871], ret:         11 } hitcount:       3970
{ common_pid: mc-worker       [    187870], ret:         11 } hitcount:       4084
{ common_pid: mc-worker       [    187867], ret:         11 } hitcount:       4349
{ common_pid: mc-worker       [    187868], ret:         11 } hitcount:       4396
{ common_pid: mc-worker       [    187873], ret:         11 } hitcount:       4596
{ common_pid: mc-worker       [    187869], ret:         11 } hitcount:       4599
{ common_pid: mc-worker       [    187872], ret:         11 } hitcount:       5203
{ common_pid: mc-worker       [    187866], ret:         10 } hitcount:       5313
{ common_pid: mc-worker       [    187871], ret:         10 } hitcount:       5669
{ common_pid: mc-worker       [    187870], ret:         10 } hitcount:       5872
{ common_pid: mc-worker       [    187867], ret:         10 } hitcount:       6102
{ common_pid: mc-worker       [    187868], ret:         10 } hitcount:       6241
{ common_pid: mc-worker       [    187869], ret:         10 } hitcount:       6433
{ common_pid: mc-worker       [    187873], ret:         10 } hitcount:       6782
{ common_pid: mc-worker       [    187872], ret:         10 } hitcount:       7242
{ common_pid: mc-worker       [    187866], ret:          9 } hitcount:       7935
{ common_pid: mc-worker       [    187871], ret:          9 } hitcount:       8093
{ common_pid: mc-worker       [    187870], ret:          9 } hitcount:       8329
{ common_pid: mc-worker       [    187867], ret:          9 } hitcount:       8871
{ common_pid: mc-worker       [    187868], ret:          9 } hitcount:       8889
{ common_pid: mc-worker       [    187869], ret:          9 } hitcount:       9071
{ common_pid: mc-worker       [    187873], ret:          9 } hitcount:       9331
{ common_pid: mc-worker       [    187872], ret:          9 } hitcount:       9836
{ common_pid: mc-worker       [    187866], ret:          8 } hitcount:      11319
{ common_pid: mc-worker       [    187871], ret:          8 } hitcount:      11630
{ common_pid: mc-worker       [    187870], ret:          8 } hitcount:      11784
{ common_pid: mc-worker       [    187868], ret:          8 } hitcount:      12423
{ common_pid: mc-worker       [    187867], ret:          8 } hitcount:      12596
{ common_pid: mc-worker       [    187869], ret:          8 } hitcount:      13070
{ common_pid: mc-worker       [    187873], ret:          8 } hitcount:      13267
{ common_pid: mc-worker       [    187872], ret:          8 } hitcount:      13791
{ common_pid: mc-worker       [    187866], ret:          7 } hitcount:      16615
{ common_pid: mc-worker       [    187871], ret:          7 } hitcount:      17133
{ common_pid: mc-worker       [    187870], ret:          7 } hitcount:      17398
{ common_pid: mc-worker       [    187867], ret:          7 } hitcount:      17980
{ common_pid: mc-worker       [    187868], ret:          7 } hitcount:      18320
{ common_pid: mc-worker       [    187869], ret:          7 } hitcount:      18532
{ common_pid: mc-worker       [    187873], ret:          7 } hitcount:      18563
{ common_pid: mc-worker       [    187872], ret:          7 } hitcount:      19993
{ common_pid: mc-worker       [    187866], ret:          6 } hitcount:      24794
{ common_pid: mc-worker       [    187871], ret:          6 } hitcount:      25235
{ common_pid: mc-worker       [    187870], ret:          6 } hitcount:      25534
{ common_pid: mc-worker       [    187867], ret:          6 } hitcount:      26380
{ common_pid: mc-worker       [    187868], ret:          6 } hitcount:      26790
{ common_pid: mc-worker       [    187869], ret:          6 } hitcount:      27188
{ common_pid: mc-worker       [    187873], ret:          6 } hitcount:      27380
{ common_pid: mc-worker       [    187872], ret:          6 } hitcount:      28546
{ common_pid: mc-worker       [    187866], ret:          5 } hitcount:      38872
{ common_pid: mc-worker       [    187871], ret:          5 } hitcount:      39257
{ common_pid: mc-worker       [    187870], ret:          5 } hitcount:      39587
{ common_pid: mc-worker       [    187867], ret:          5 } hitcount:      40345
{ common_pid: mc-worker       [    187868], ret:          5 } hitcount:      40849
{ common_pid: mc-worker       [    187873], ret:          5 } hitcount:      41248
{ common_pid: mc-worker       [    187869], ret:          5 } hitcount:      42319
{ common_pid: mc-worker       [    187872], ret:          5 } hitcount:      43352
{ common_pid: mc-worker       [    187871], ret:          4 } hitcount:      68784
{ common_pid: mc-worker       [    187870], ret:          4 } hitcount:      68930
{ common_pid: mc-worker       [    187866], ret:          4 } hitcount:      68997
{ common_pid: mc-worker       [    187867], ret:          4 } hitcount:      70148
{ common_pid: mc-worker       [    187868], ret:          4 } hitcount:      70426
{ common_pid: mc-worker       [    187873], ret:          4 } hitcount:      70430
{ common_pid: mc-worker       [    187869], ret:          4 } hitcount:      71744
{ common_pid: mc-worker       [    187872], ret:          4 } hitcount:      72408
{ common_pid: mc-worker       [    187870], ret:          3 } hitcount:     118243
{ common_pid: mc-worker       [    187866], ret:          3 } hitcount:     119075
{ common_pid: mc-worker       [    187867], ret:          3 } hitcount:     119616
{ common_pid: mc-worker       [    187869], ret:          3 } hitcount:     120021
{ common_pid: mc-worker       [    187868], ret:          3 } hitcount:     120553
{ common_pid: mc-worker       [    187871], ret:          3 } hitcount:     120702
{ common_pid: mc-worker       [    187872], ret:          3 } hitcount:     121154
{ common_pid: mc-worker       [    187873], ret:          3 } hitcount:     121244
{ common_pid: mc-worker       [    187869], ret:          2 } hitcount:     172620
{ common_pid: mc-worker       [    187866], ret:          2 } hitcount:     173098
{ common_pid: mc-worker       [    187872], ret:          2 } hitcount:     173760
{ common_pid: mc-worker       [    187867], ret:          2 } hitcount:     174953
{ common_pid: mc-worker       [    187870], ret:          2 } hitcount:     175400
{ common_pid: mc-worker       [    187873], ret:          2 } hitcount:     175613
{ common_pid: mc-worker       [    187868], ret:          2 } hitcount:     176621
{ common_pid: mc-worker       [    187871], ret:          2 } hitcount:     177466
{ common_pid: mc-worker       [    187869], ret:          1 } hitcount:     218768
{ common_pid: mc-worker       [    187872], ret:          1 } hitcount:     218817
{ common_pid: mc-worker       [    187873], ret:          1 } hitcount:     223699
{ common_pid: mc-worker       [    187867], ret:          1 } hitcount:     226383
{ common_pid: mc-worker       [    187866], ret:          1 } hitcount:     226733
{ common_pid: mc-worker       [    187870], ret:          1 } hitcount:     227686
{ common_pid: mc-worker       [    187868], ret:          1 } hitcount:     228079
{ common_pid: mc-worker       [    187871], ret:          1 } hitcount:     231028
