{ common_pid: mc-worker       [    362192], ret:         69 } hitcount:          1
{ common_pid: mc-worker       [    362194], ret:         59 } hitcount:          1
{ common_pid: mc-worker       [    362193], ret:        127 } hitcount:          1
{ common_pid: mc-worker       [    362195], ret:         49 } hitcount:          1
{ common_pid: mc-worker       [    362194], ret:         61 } hitcount:          1
{ common_pid: mc-worker       [    362195], ret:         46 } hitcount:          1
{ common_pid: mc-worker       [    362188], ret:         31 } hitcount:          1
{ common_pid: mc-worker       [    362188], ret:         48 } hitcount:          1
{ common_pid: mc-worker       [    362194], ret:         64 } hitcount:          1
{ common_pid: mc-worker       [    362194], ret:         92 } hitcount:          1
{ common_pid: mc-worker       [    362191], ret:         66 } hitcount:          1
{ common_pid: mc-worker       [    362191], ret:        117 } hitcount:          1
{ common_pid: mc-worker       [    362188], ret:         46 } hitcount:          1
{ common_pid: mc-worker       [    362189], ret:         35 } hitcount:          1
{ common_pid: mc-worker       [    362191], ret:        111 } hitcount:          1
{ common_pid: mc-worker       [    362193], ret:         54 } hitcount:          1
{ common_pid: mc-worker       [    362189], ret:         67 } hitcount:          1
{ common_pid: mc-worker       [    362195], ret:         90 } hitcount:          1
{ common_pid: mc-worker       [    362188], ret:        113 } hitcount:          1
{ common_pid: mc-worker       [    362192], ret:         88 } hitcount:          1
{ common_pid: mc-worker       [    362194], ret:         21 } hitcount:          1
{ common_pid: mc-worker       [    362189], ret:         61 } hitcount:          1
{ common_pid: mc-worker       [    362195], ret:         72 } hitcount:          1
{ common_pid: mc-worker       [    362188], ret:         94 } hitcount:          1
{ common_pid: mc-worker       [    362192], ret:         55 } hitcount:          1
{ common_pid: mc-worker       [    362193], ret:         21 } hitcount:          1
{ common_pid: mc-worker       [    362194], ret:        125 } hitcount:          1
{ common_pid: mc-worker       [    362195], ret:         62 } hitcount:          1
{ common_pid: mc-worker       [    362190], ret:         68 } hitcount:          1
{ common_pid: mc-worker       [    362194], ret:        126 } hitcount:          1
{ common_pid: mc-worker       [    362190], ret:        105 } hitcount:          1
{ common_pid: mc-worker       [    362191], ret:         37 } hitcount:          1
{ common_pid: mc-worker       [    362193], ret:         89 } hitcount:          1
{ common_pid: mc-worker       [    362189], ret:         49 } hitcount:          1
{ common_pid: mc-worker       [    362190], ret:         62 } hitcount:          1
{ common_pid: mc-worker       [    362190], ret:         73 } hitcount:          1
{ common_pid: mc-worker       [    362191], ret:         92 } hitcount:          1
{ common_pid: mc-worker       [    362193], ret:         46 } hitcount:          1
{ common_pid: mc-worker       [    362195], ret:         52 } hitcount:          1
{ common_pid: mc-worker       [    362189], ret:         72 } hitcount:          1
{ common_pid: mc-worker       [    362194], ret:         25 } hitcount:          1
{ common_pid: mc-worker       [    362190], ret:        122 } hitcount:          1
{ common_pid: mc-worker       [    362194], ret:         65 } hitcount:          1
{ common_pid: mc-worker       [    362188], ret:         40 } hitcount:          1
{ common_pid: mc-worker       [    362195], ret:        121 } hitcount:          1
{ common_pid: mc-worker       [    362193], ret:         38 } hitcount:          1
{ common_pid: mc-worker       [    362190], ret:         93 } hitcount:          1
{ common_pid: mc-worker       [    362192], ret:        119 } hitcount:          1
{ common_pid: mc-worker       [    362193], ret:         57 } hitcount:          1
{ common_pid: mc-worker       [    362190], ret:        114 } hitcount:          1
{ common_pid: mc-worker       [    362191], ret:         31 } hitcount:          1
{ common_pid: mc-worker       [    362189], ret:         41 } hitcount:          1
{ common_pid: mc-worker       [    362194], ret:         19 } hitcount:          1
{ common_pid: mc-worker       [    362191], ret:         62 } hitcount:          1
{ common_pid: mc-worker       [    362192], ret:         51 } hitcount:          1
{ common_pid: mc-worker       [    362189], ret:        100 } hitcount:          1
{ common_pid: mc-worker       [    362192], ret:         60 } hitcount:          1
{ common_pid: mc-worker       [    362195], ret:         70 } hitcount:          1
{ common_pid: mc-worker       [    362191], ret:         25 } hitcount:          1
{ common_pid: mc-worker       [    362189], ret:         29 } hitcount:          1
{ common_pid: mc-worker       [    362188], ret:         66 } hitcount:          1
{ common_pid: mc-worker       [    362192], ret:        128 } hitcount:          1
{ common_pid: mc-worker       [    362194], ret:         48 } hitcount:          1
{ common_pid: mc-worker       [    362192], ret:         67 } hitcount:          1
{ common_pid: mc-worker       [    362194], ret:         83 } hitcount:          1
{ common_pid: mc-worker       [    362195], ret:         63 } hitcount:          1
{ common_pid: mc-worker       [    362195], ret:        127 } hitcount:          1
{ common_pid: mc-worker       [    362194], ret:         63 } hitcount:          1
{ common_pid: mc-worker       [    362189], ret:         58 } hitcount:          1
{ common_pid: mc-worker       [    362191], ret:         38 } hitcount:          1
{ common_pid: mc-worker       [    362195], ret:         32 } hitcount:          1
{ common_pid: mc-worker       [    362189], ret:         64 } hitcount:          1
{ common_pid: mc-worker       [    362189], ret:         56 } hitcount:          1
{ common_pid: mc-worker       [    362193], ret:        122 } hitcount:          1
{ common_pid: mc-worker       [    362189], ret:         70 } hitcount:          1
{ common_pid: mc-worker       [    362194], ret:         49 } hitcount:          1
{ common_pid: mc-worker       [    362194], ret:         33 } hitcount:          1
{ common_pid: mc-worker       [    362190], ret:         95 } hitcount:          1
{ common_pid: mc-worker       [    362189], ret:         94 } hitcount:          1
{ common_pid: mc-worker       [    362195], ret:         27 } hitcount:          1
{ common_pid: mc-worker       [    362188], ret:         26 } hitcount:          1
{ common_pid: mc-worker       [    362191], ret:        122 } hitcount:          1
{ common_pid: mc-worker       [    362193], ret:         48 } hitcount:          1
{ common_pid: mc-worker       [    362194], ret:         52 } hitcount:          1
{ common_pid: mc-worker       [    362189], ret:        110 } hitcount:          1
{ common_pid: mc-worker       [    362191], ret:         52 } hitcount:          1
{ common_pid: mc-worker       [    362193], ret:        107 } hitcount:          1
{ common_pid: mc-worker       [    362195], ret:         25 } hitcount:          1
{ common_pid: mc-worker       [    362193], ret:         24 } hitcount:          1
{ common_pid: mc-worker       [    362192], ret:         34 } hitcount:          1
{ common_pid: mc-worker       [    362191], ret:         28 } hitcount:          1
{ common_pid: mc-worker       [    362189], ret:         52 } hitcount:          1
{ common_pid: mc-worker       [    362191], ret:         54 } hitcount:          1
{ common_pid: mc-worker       [    362193], ret:         65 } hitcount:          1
{ common_pid: mc-worker       [    362190], ret:        121 } hitcount:          1
{ common_pid: mc-worker       [    362193], ret:         51 } hitcount:          1
{ common_pid: mc-worker       [    362191], ret:         68 } hitcount:          1
{ common_pid: mc-worker       [    362193], ret:         80 } hitcount:          1
{ common_pid: mc-worker       [    362191], ret:         51 } hitcount:          1
{ common_pid: mc-worker       [    362195], ret:         57 } hitcount:          1
{ common_pid: mc-worker       [    362189], ret:         74 } hitcount:          1
{ common_pid: mc-worker       [    362190], ret:         54 } hitcount:          1
{ common_pid: mc-worker       [    362191], ret:         56 } hitcount:          1
{ common_pid: mc-worker       [    362193], ret:         58 } hitcount:          1
{ common_pid: mc-worker       [    362194], ret:         81 } hitcount:          1
{ common_pid: mc-worker       [    362190], ret:         40 } hitcount:          1
{ common_pid: mc-worker       [    362193], ret:         76 } hitcount:          1
{ common_pid: mc-worker       [    362188], ret:         50 } hitcount:          1
{ common_pid: mc-worker       [    362190], ret:         52 } hitcount:          1
{ common_pid: mc-worker       [    362188], ret:        127 } hitcount:          1
{ common_pid: mc-worker       [    362190], ret:        120 } hitcount:          1
{ common_pid: mc-worker       [    362191], ret:         98 } hitcount:          1
{ common_pid: mc-worker       [    362192], ret:         57 } hitcount:          1
{ common_pid: mc-worker       [    362195], ret:         75 } hitcount:          1
{ common_pid: mc-worker       [    362195], ret:         20 } hitcount:          1
{ common_pid: mc-worker       [    362190], ret:         58 } hitcount:          1
{ common_pid: mc-worker       [    362192], ret:         18 } hitcount:          1
{ common_pid: mc-worker       [    362191], ret:         57 } hitcount:          1
{ common_pid: mc-worker       [    362193], ret:         59 } hitcount:          1
{ common_pid: mc-worker       [    362190], ret:         97 } hitcount:          1
{ common_pid: mc-worker       [    362192], ret:         33 } hitcount:          1
{ common_pid: mc-worker       [    362195], ret:         56 } hitcount:          1
{ common_pid: mc-worker       [    362191], ret:         41 } hitcount:          1
{ common_pid: mc-worker       [    362189], ret:         22 } hitcount:          1
{ common_pid: mc-worker       [    362188], ret:         74 } hitcount:          1
{ common_pid: mc-worker       [    362194], ret:         31 } hitcount:          1
{ common_pid: mc-worker       [    362189], ret:         39 } hitcount:          1
{ common_pid: mc-worker       [    362191], ret:        127 } hitcount:          1
{ common_pid: mc-worker       [    362188], ret:         64 } hitcount:          1
{ common_pid: mc-worker       [    362188], ret:         28 } hitcount:          1
{ common_pid: mc-worker       [    362195], ret:        103 } hitcount:          1
{ common_pid: mc-worker       [    362188], ret:         62 } hitcount:          1
{ common_pid: mc-worker       [    362195], ret:         54 } hitcount:          1
{ common_pid: mc-worker       [    362190], ret:         51 } hitcount:          1
{ common_pid: mc-worker       [    362190], ret:         66 } hitcount:          1
{ common_pid: mc-worker       [    362192], ret:         93 } hitcount:          1
{ common_pid: mc-worker       [    362192], ret:         48 } hitcount:          1
{ common_pid: mc-worker       [    362192], ret:        107 } hitcount:          1
{ common_pid: mc-worker       [    362189], ret:         57 } hitcount:          1
{ common_pid: mc-worker       [    362195], ret:         45 } hitcount:          1
{ common_pid: mc-worker       [    362189], ret:         86 } hitcount:          1
{ common_pid: mc-worker       [    362193], ret:         26 } hitcount:          1
{ common_pid: mc-worker       [    362193], ret:         33 } hitcount:          1
{ common_pid: mc-worker       [    362190], ret:         60 } hitcount:          1
{ common_pid: mc-worker       [    362188], ret:        120 } hitcount:          1
{ common_pid: mc-worker       [    362195], ret:        110 } hitcount:          1
{ common_pid: mc-worker       [    362192], ret:         52 } hitcount:          1
{ common_pid: mc-worker       [    362194], ret:        112 } hitcount:          1
{ common_pid: mc-worker       [    362191], ret:         24 } hitcount:          1
{ common_pid: mc-worker       [    362188], ret:         24 } hitcount:          1
{ common_pid: mc-worker       [    362191], ret:        114 } hitcount:          1
{ common_pid: mc-worker       [    362193], ret:        100 } hitcount:          1
{ common_pid: mc-worker       [    362194], ret:         24 } hitcount:          1
{ common_pid: mc-worker       [    362189], ret:         25 } hitcount:          1
{ common_pid: mc-worker       [    362189], ret:        121 } hitcount:          1
{ common_pid: mc-worker       [    362188], ret:         33 } hitcount:          1
{ common_pid: mc-worker       [    362195], ret:         19 } hitcount:          2
{ common_pid: mc-worker       [    362189], ret:         53 } hitcount:          2
{ common_pid: mc-worker       [    362190], ret:         32 } hitcount:          2
{ common_pid: mc-worker       [    362188], ret:         27 } hitcount:          2
{ common_pid: mc-worker       [    362191], ret:         23 } hitcount:          2
{ common_pid: mc-worker       [    362190], ret:         88 } hitcount:          2
{ common_pid: mc-worker       [    362194], ret:        241 } hitcount:          2
{ common_pid: mc-worker       [    362194], ret:         22 } hitcount:          2
{ common_pid: mc-worker       [    362195], ret:         55 } hitcount:          2
{ common_pid: mc-worker       [    362192], ret:         53 } hitcount:          2
{ common_pid: mc-worker       [    362192], ret:         64 } hitcount:          2
{ common_pid: mc-worker       [    362190], ret:         33 } hitcount:          2
{ common_pid: mc-worker       [    362194], ret:         55 } hitcount:          2
{ common_pid: mc-worker       [    362192], ret:        115 } hitcount:          2
{ common_pid: mc-worker       [    362195], ret:         23 } hitcount:          2
{ common_pid: mc-worker       [    362195], ret:         58 } hitcount:          2
{ common_pid: mc-worker       [    362191], ret:        128 } hitcount:          2
{ common_pid: mc-worker       [    362189], ret:         54 } hitcount:          2
{ common_pid: mc-worker       [    362189], ret:         66 } hitcount:          2
{ common_pid: mc-worker       [    362193], ret:         63 } hitcount:          2
{ common_pid: mc-worker       [    362188], ret:         21 } hitcount:          2
{ common_pid: mc-worker       [    362190], ret:         31 } hitcount:          2
{ common_pid: mc-worker       [    362189], ret:        127 } hitcount:          2
{ common_pid: mc-worker       [    362189], ret:         47 } hitcount:          2
{ common_pid: mc-worker       [    362190], ret:         36 } hitcount:          2
{ common_pid: mc-worker       [    362194], ret:         50 } hitcount:          2
{ common_pid: mc-worker       [    362193], ret:         62 } hitcount:          2
{ common_pid: mc-worker       [    362192], ret:         58 } hitcount:          2
{ common_pid: mc-worker       [    362190], ret:         59 } hitcount:          2
{ common_pid: mc-worker       [    362190], ret:         30 } hitcount:          2
{ common_pid: mc-worker       [    362190], ret:         49 } hitcount:          2
{ common_pid: mc-worker       [    362190], ret:         38 } hitcount:          2
{ common_pid: mc-worker       [    362193], ret:         64 } hitcount:          2
{ common_pid: mc-worker       [    362189], ret:         34 } hitcount:          2
{ common_pid: mc-worker       [    362188], ret:         60 } hitcount:          2
{ common_pid: mc-worker       [    362195], ret:        125 } hitcount:          2
{ common_pid: mc-worker       [    362191], ret:         67 } hitcount:          2
{ common_pid: mc-worker       [    362189], ret:         55 } hitcount:          2
{ common_pid: mc-worker       [    362190], ret:         34 } hitcount:          2
{ common_pid: mc-worker       [    362193], ret:         55 } hitcount:          2
{ common_pid: mc-worker       [    362193], ret:         22 } hitcount:          2
{ common_pid: mc-worker       [    362192], ret:         20 } hitcount:          2
{ common_pid: mc-worker       [    362191], ret:         58 } hitcount:          2
{ common_pid: mc-worker       [    362192], ret:        127 } hitcount:          2
{ common_pid: mc-worker       [    362191], ret:         65 } hitcount:          2
{ common_pid: mc-worker       [    362193], ret:        128 } hitcount:          2
{ common_pid: mc-worker       [    362193], ret:         60 } hitcount:          2
{ common_pid: mc-worker       [    362190], ret:         42 } hitcount:          2
{ common_pid: mc-worker       [    362192], ret:         56 } hitcount:          2
{ common_pid: mc-worker       [    362190], ret:         50 } hitcount:          2
{ common_pid: mc-worker       [    362195], ret:         22 } hitcount:          2
{ common_pid: mc-worker       [    362190], ret:         41 } hitcount:          2
{ common_pid: mc-worker       [    362195], ret:         24 } hitcount:          2
{ common_pid: mc-worker       [    362189], ret:        128 } hitcount:          3
{ common_pid: mc-worker       [    362190], ret:        128 } hitcount:          3
{ common_pid: mc-worker       [    362191], ret:         59 } hitcount:          3
{ common_pid: mc-worker       [    362190], ret:         24 } hitcount:          3
{ common_pid: mc-worker       [    362190], ret:         53 } hitcount:          3
{ common_pid: mc-worker       [    362194], ret:         18 } hitcount:          3
{ common_pid: mc-worker       [    362189], ret:         63 } hitcount:          3
{ common_pid: mc-worker       [    362192], ret:         61 } hitcount:          3
{ common_pid: mc-worker       [    362191], ret:         63 } hitcount:          3
{ common_pid: mc-worker       [    362191], ret:         61 } hitcount:          3
{ common_pid: mc-worker       [    362190], ret:         37 } hitcount:          3
{ common_pid: mc-worker       [    362192], ret:         17 } hitcount:          3
{ common_pid: mc-worker       [    362189], ret:         20 } hitcount:          3
{ common_pid: mc-worker       [    362189], ret:         60 } hitcount:          3
{ common_pid: mc-worker       [    362190], ret:         43 } hitcount:          3
{ common_pid: mc-worker       [    362190], ret:         23 } hitcount:          4
{ common_pid: mc-worker       [    362193], ret:         19 } hitcount:          4
{ common_pid: mc-worker       [    362188], ret:         23 } hitcount:          4
{ common_pid: mc-worker       [    362190], ret:         45 } hitcount:          4
{ common_pid: mc-worker       [    362190], ret:         27 } hitcount:          4
{ common_pid: mc-worker       [    362194], ret:         16 } hitcount:          4
{ common_pid: mc-worker       [    362189], ret:         24 } hitcount:          4
{ common_pid: mc-worker       [    362190], ret:         61 } hitcount:          4
{ common_pid: mc-worker       [    362190], ret:         25 } hitcount:          4
{ common_pid: mc-worker       [    362190], ret:         26 } hitcount:          4
{ common_pid: mc-worker       [    362190], ret:         28 } hitcount:          5
{ common_pid: mc-worker       [    362191], ret:         21 } hitcount:          5
{ common_pid: mc-worker       [    362188], ret:         20 } hitcount:          5
{ common_pid: mc-worker       [    362190], ret:         64 } hitcount:          5
{ common_pid: mc-worker       [    362190], ret:         21 } hitcount:          5
{ common_pid: mc-worker       [    362189], ret:         19 } hitcount:          5
{ common_pid: mc-worker       [    362189], ret:         21 } hitcount:          5
{ common_pid: mc-worker       [    362190], ret:         29 } hitcount:          6
{ common_pid: mc-worker       [    362195], ret:         17 } hitcount:          6
{ common_pid: mc-worker       [    362190], ret:         22 } hitcount:          6
{ common_pid: mc-worker       [    362189], ret:         18 } hitcount:          6
{ common_pid: mc-worker       [    362195], ret:         18 } hitcount:          6
{ common_pid: mc-worker       [    362188], ret:         19 } hitcount:          6
{ common_pid: mc-worker       [    362194], ret:         17 } hitcount:          7
{ common_pid: mc-worker       [    362190], ret:         57 } hitcount:          7
{ common_pid: mc-worker       [    362190], ret:         20 } hitcount:          7
{ common_pid: mc-worker       [    362193], ret:         20 } hitcount:          7
{ common_pid: mc-worker       [    362191], ret:         20 } hitcount:          7
{ common_pid: mc-worker       [    362192], ret:         16 } hitcount:          7
{ common_pid: mc-worker       [    362188], ret:         18 } hitcount:          8
{ common_pid: mc-worker       [    362190], ret:         19 } hitcount:          9
{ common_pid: mc-worker       [    362193], ret:         18 } hitcount:          9
{ common_pid: mc-worker       [    362191], ret:         19 } hitcount:         10
{ common_pid: mc-worker       [    362195], ret:         16 } hitcount:         11
{ common_pid: mc-worker       [    362189], ret:         17 } hitcount:         11
{ common_pid: mc-worker       [    362192], ret:         15 } hitcount:         12
{ common_pid: mc-worker       [    362194], ret:         15 } hitcount:         14
{ common_pid: mc-worker       [    362190], ret:         18 } hitcount:         18
{ common_pid: mc-worker       [    362193], ret:         17 } hitcount:         19
{ common_pid: mc-worker       [    362188], ret:         17 } hitcount:         20
{ common_pid: mc-worker       [    362189], ret:         16 } hitcount:         20
{ common_pid: mc-worker       [    362190], ret:         17 } hitcount:         21
{ common_pid: mc-worker       [    362194], ret:         14 } hitcount:         25
{ common_pid: mc-worker       [    362190], ret:         16 } hitcount:         27
{ common_pid: mc-worker       [    362192], ret:         14 } hitcount:         27
{ common_pid: mc-worker       [    362191], ret:         18 } hitcount:         27
{ common_pid: mc-worker       [    362195], ret:         15 } hitcount:         30
{ common_pid: mc-worker       [    362189], ret:         15 } hitcount:         31
{ common_pid: mc-worker       [    362188], ret:         16 } hitcount:         34
{ common_pid: mc-worker       [    362191], ret:         17 } hitcount:         35
{ common_pid: mc-worker       [    362193], ret:         16 } hitcount:         43
{ common_pid: mc-worker       [    362188], ret:         15 } hitcount:         47
{ common_pid: mc-worker       [    362192], ret:         13 } hitcount:         54
{ common_pid: mc-worker       [    362190], ret:         15 } hitcount:         54
{ common_pid: mc-worker       [    362194], ret:         13 } hitcount:         58
{ common_pid: mc-worker       [    362189], ret:         14 } hitcount:         61
{ common_pid: mc-worker       [    362191], ret:         16 } hitcount:         76
{ common_pid: mc-worker       [    362195], ret:         14 } hitcount:         76
{ common_pid: mc-worker       [    362190], ret:         14 } hitcount:         77
{ common_pid: mc-worker       [    362193], ret:         15 } hitcount:         86
{ common_pid: mc-worker       [    362188], ret:         14 } hitcount:         97
{ common_pid: mc-worker       [    362192], ret:         12 } hitcount:        105
{ common_pid: mc-worker       [    362191], ret:         15 } hitcount:        108
{ common_pid: mc-worker       [    362195], ret:         13 } hitcount:        125
{ common_pid: mc-worker       [    362189], ret:         13 } hitcount:        125
{ common_pid: mc-worker       [    362194], ret:         12 } hitcount:        136
{ common_pid: mc-worker       [    362193], ret:         14 } hitcount:        138
{ common_pid: mc-worker       [    362190], ret:         13 } hitcount:        150
{ common_pid: mc-worker       [    362188], ret:         13 } hitcount:        163
{ common_pid: mc-worker       [    362189], ret:         12 } hitcount:        183
{ common_pid: mc-worker       [    362193], ret:         13 } hitcount:        201
{ common_pid: mc-worker       [    362192], ret:         11 } hitcount:        231
{ common_pid: mc-worker       [    362191], ret:         14 } hitcount:        232
{ common_pid: mc-worker       [    362195], ret:         12 } hitcount:        245
{ common_pid: mc-worker       [    362194], ret:         11 } hitcount:        257
{ common_pid: mc-worker       [    362190], ret:         12 } hitcount:        282
{ common_pid: mc-worker       [    362188], ret:         12 } hitcount:        318
{ common_pid: mc-worker       [    362191], ret:         13 } hitcount:        373
{ common_pid: mc-worker       [    362193], ret:         12 } hitcount:        380
{ common_pid: mc-worker       [    362189], ret:         11 } hitcount:        382
{ common_pid: mc-worker       [    362190], ret:         11 } hitcount:        453
{ common_pid: mc-worker       [    362192], ret:         10 } hitcount:        460
{ common_pid: mc-worker       [    362195], ret:         11 } hitcount:        480
{ common_pid: mc-worker       [    362194], ret:         10 } hitcount:        500
{ common_pid: mc-worker       [    362188], ret:         11 } hitcount:        556
{ common_pid: mc-worker       [    362191], ret:         12 } hitcount:        558
{ common_pid: mc-worker       [    362193], ret:         11 } hitcount:        699
{ common_pid: mc-worker       [    362189], ret:         10 } hitcount:        734
{ common_pid: mc-worker       [    362190], ret:         10 } hitcount:        892
{ common_pid: mc-worker       [    362195], ret:         10 } hitcount:        955
{ common_pid: mc-worker       [    362194], ret:          9 } hitcount:        977
{ common_pid: mc-worker       [    362192], ret:          9 } hitcount:       1016
{ common_pid: mc-worker       [    362188], ret:         10 } hitcount:       1020
{ common_pid: mc-worker       [    362191], ret:         11 } hitcount:       1030
{ common_pid: mc-worker       [    362193], ret:         10 } hitcount:       1275
{ common_pid: mc-worker       [    362189], ret:          9 } hitcount:       1586
{ common_pid: mc-worker       [    362190], ret:          9 } hitcount:       1696
{ common_pid: mc-worker       [    362195], ret:          9 } hitcount:       1803
{ common_pid: mc-worker       [    362188], ret:          9 } hitcount:       1829
{ common_pid: mc-worker       [    362191], ret:         10 } hitcount:       1839
{ common_pid: mc-worker       [    362192], ret:          8 } hitcount:       2033
{ common_pid: mc-worker       [    362194], ret:          8 } hitcount:       2177
{ common_pid: mc-worker       [    362193], ret:          9 } hitcount:       2289
{ common_pid: mc-worker       [    362189], ret:          8 } hitcount:       2890
{ common_pid: mc-worker       [    362191], ret:          9 } hitcount:       3197
{ common_pid: mc-worker       [    362190], ret:          8 } hitcount:       3281
{ common_pid: mc-worker       [    362188], ret:          8 } hitcount:       3401
{ common_pid: mc-worker       [    362195], ret:          8 } hitcount:       3609
{ common_pid: mc-worker       [    362193], ret:          8 } hitcount:       4319
{ common_pid: mc-worker       [    362192], ret:          7 } hitcount:       4659
{ common_pid: mc-worker       [    362194], ret:          7 } hitcount:       4669
{ common_pid: mc-worker       [    362191], ret:          8 } hitcount:       5690
{ common_pid: mc-worker       [    362189], ret:          7 } hitcount:       6150
{ common_pid: mc-worker       [    362190], ret:          7 } hitcount:       6594
{ common_pid: mc-worker       [    362188], ret:          7 } hitcount:       6887
{ common_pid: mc-worker       [    362195], ret:          7 } hitcount:       7230
{ common_pid: mc-worker       [    362193], ret:          7 } hitcount:       8494
{ common_pid: mc-worker       [    362192], ret:          6 } hitcount:      10438
{ common_pid: mc-worker       [    362191], ret:          7 } hitcount:      10714
{ common_pid: mc-worker       [    362194], ret:          6 } hitcount:      10949
{ common_pid: mc-worker       [    362189], ret:          6 } hitcount:      13749
{ common_pid: mc-worker       [    362190], ret:          6 } hitcount:      13933
{ common_pid: mc-worker       [    362188], ret:          6 } hitcount:      14343
{ common_pid: mc-worker       [    362195], ret:          6 } hitcount:      15536
{ common_pid: mc-worker       [    362193], ret:          6 } hitcount:      16967
{ common_pid: mc-worker       [    362191], ret:          6 } hitcount:      20352
{ common_pid: mc-worker       [    362192], ret:          5 } hitcount:      25591
{ common_pid: mc-worker       [    362194], ret:          5 } hitcount:      26183
{ common_pid: mc-worker       [    362190], ret:          5 } hitcount:      30937
{ common_pid: mc-worker       [    362189], ret:          5 } hitcount:      31330
{ common_pid: mc-worker       [    362188], ret:          5 } hitcount:      31568
{ common_pid: mc-worker       [    362195], ret:          5 } hitcount:      34514
{ common_pid: mc-worker       [    362193], ret:          5 } hitcount:      35366
{ common_pid: mc-worker       [    362191], ret:          5 } hitcount:      41264
{ common_pid: mc-worker       [    362192], ret:          4 } hitcount:      62820
{ common_pid: mc-worker       [    362194], ret:          4 } hitcount:      64881
{ common_pid: mc-worker       [    362190], ret:          4 } hitcount:      70436
{ common_pid: mc-worker       [    362188], ret:          4 } hitcount:      71388
{ common_pid: mc-worker       [    362189], ret:          4 } hitcount:      73204
{ common_pid: mc-worker       [    362193], ret:          4 } hitcount:      77059
{ common_pid: mc-worker       [    362195], ret:          4 } hitcount:      77693
{ common_pid: mc-worker       [    362191], ret:          4 } hitcount:      84651
{ common_pid: mc-worker       [    362192], ret:          3 } hitcount:     159130
{ common_pid: mc-worker       [    362194], ret:          3 } hitcount:     164380
{ common_pid: mc-worker       [    362188], ret:          3 } hitcount:     165062
{ common_pid: mc-worker       [    362190], ret:          3 } hitcount:     165538
{ common_pid: mc-worker       [    362193], ret:          3 } hitcount:     169995
{ common_pid: mc-worker       [    362189], ret:          3 } hitcount:     173520
{ common_pid: mc-worker       [    362195], ret:          3 } hitcount:     180025
{ common_pid: mc-worker       [    362191], ret:          3 } hitcount:     182757
{ common_pid: mc-worker       [    362193], ret:          2 } hitcount:     397006
{ common_pid: mc-worker       [    362188], ret:          2 } hitcount:     405679
{ common_pid: mc-worker       [    362191], ret:          2 } hitcount:     406681
{ common_pid: mc-worker       [    362190], ret:          2 } hitcount:     407735
{ common_pid: mc-worker       [    362192], ret:          2 } hitcount:     423741
{ common_pid: mc-worker       [    362189], ret:          2 } hitcount:     431198
{ common_pid: mc-worker       [    362195], ret:          2 } hitcount:     432614
{ common_pid: mc-worker       [    362194], ret:          2 } hitcount:     437358
{ common_pid: mc-worker       [    362191], ret:          1 } hitcount:     895785
{ common_pid: mc-worker       [    362193], ret:          1 } hitcount:     901822
{ common_pid: mc-worker       [    362188], ret:          1 } hitcount:     976675
{ common_pid: mc-worker       [    362190], ret:          1 } hitcount:     986877
{ common_pid: mc-worker       [    362195], ret:          1 } hitcount:     991472
{ common_pid: mc-worker       [    362189], ret:          1 } hitcount:    1038341
{ common_pid: mc-worker       [    362192], ret:          1 } hitcount:    1077748
{ common_pid: mc-worker       [    362194], ret:          1 } hitcount:    1126105
