{ common_pid: mc-worker       [    125337], ret:        119 } hitcount:          1
{ common_pid: mc-worker       [    125334], ret:         16 } hitcount:          1
{ common_pid: mc-worker       [    125334], ret:        124 } hitcount:          1
{ common_pid: mc-worker       [    125337], ret:        105 } hitcount:          1
{ common_pid: mc-worker       [    125330], ret:         19 } hitcount:          1
{ common_pid: mc-worker       [    125335], ret:        119 } hitcount:          1
{ common_pid: mc-worker       [    125330], ret:         96 } hitcount:          1
{ common_pid: mc-worker       [    125336], ret:         32 } hitcount:          1
{ common_pid: mc-worker       [    125332], ret:         34 } hitcount:          1
{ common_pid: mc-worker       [    125335], ret:        124 } hitcount:          1
{ common_pid: mc-worker       [    125330], ret:         23 } hitcount:          1
{ common_pid: mc-worker       [    125330], ret:         60 } hitcount:          1
{ common_pid: mc-worker       [    125332], ret:         19 } hitcount:          1
{ common_pid: mc-worker       [    125335], ret:        115 } hitcount:          1
{ common_pid: mc-worker       [    125332], ret:         99 } hitcount:          1
{ common_pid: mc-worker       [    125330], ret:         24 } hitcount:          1
{ common_pid: mc-worker       [    125333], ret:        122 } hitcount:          1
{ common_pid: mc-worker       [    125334], ret:        117 } hitcount:          1
{ common_pid: mc-worker       [    125334], ret:         17 } hitcount:          1
{ common_pid: mc-worker       [    125333], ret:         99 } hitcount:          1
{ common_pid: mc-worker       [    125335], ret:         19 } hitcount:          1
{ common_pid: mc-worker       [    125330], ret:         33 } hitcount:          1
{ common_pid: mc-worker       [    125333], ret:         63 } hitcount:          1
{ common_pid: mc-worker       [    125337], ret:         21 } hitcount:          1
{ common_pid: mc-worker       [    125331], ret:         98 } hitcount:          1
{ common_pid: mc-worker       [    125337], ret:        101 } hitcount:          1
{ common_pid: mc-worker       [    125331], ret:        128 } hitcount:          1
{ common_pid: mc-worker       [    125336], ret:        103 } hitcount:          1
{ common_pid: mc-worker       [    125336], ret:         33 } hitcount:          1
{ common_pid: mc-worker       [    125335], ret:         29 } hitcount:          1
{ common_pid: mc-worker       [    125330], ret:        116 } hitcount:          1
{ common_pid: mc-worker       [    125337], ret:        121 } hitcount:          1
{ common_pid: mc-worker       [    125335], ret:         92 } hitcount:          1
{ common_pid: mc-worker       [    125333], ret:         17 } hitcount:          1
{ common_pid: mc-worker       [    125337], ret:         61 } hitcount:          1
{ common_pid: mc-worker       [    125332], ret:         17 } hitcount:          1
{ common_pid: mc-worker       [    125336], ret:         17 } hitcount:          1
{ common_pid: mc-worker       [    125336], ret:         16 } hitcount:          1
{ common_pid: mc-worker       [    125333], ret:        127 } hitcount:          1
{ common_pid: mc-worker       [    125334], ret:         95 } hitcount:          1
{ common_pid: mc-worker       [    125333], ret:        116 } hitcount:          1
{ common_pid: mc-worker       [    125331], ret:         41 } hitcount:          1
{ common_pid: mc-worker       [    125336], ret:        106 } hitcount:          1
{ common_pid: mc-worker       [    125332], ret:        120 } hitcount:          1
{ common_pid: mc-worker       [    125336], ret:        124 } hitcount:          1
{ common_pid: mc-worker       [    125336], ret:        122 } hitcount:          1
{ common_pid: mc-worker       [    125334], ret:         43 } hitcount:          1
{ common_pid: mc-worker       [    125335], ret:         20 } hitcount:          1
{ common_pid: mc-worker       [    125332], ret:        126 } hitcount:          1
{ common_pid: mc-worker       [    125334], ret:        112 } hitcount:          1
{ common_pid: mc-worker       [    125332], ret:         22 } hitcount:          1
{ common_pid: mc-worker       [    125332], ret:        118 } hitcount:          1
{ common_pid: mc-worker       [    125331], ret:         16 } hitcount:          2
{ common_pid: mc-worker       [    125337], ret:         17 } hitcount:          2
{ common_pid: mc-worker       [    125331], ret:         15 } hitcount:          2
{ common_pid: mc-worker       [    125331], ret:        114 } hitcount:          2
{ common_pid: mc-worker       [    125332], ret:         18 } hitcount:          2
{ common_pid: mc-worker       [    125333], ret:         19 } hitcount:          2
{ common_pid: mc-worker       [    125335], ret:         15 } hitcount:          2
{ common_pid: mc-worker       [    125330], ret:        124 } hitcount:          2
{ common_pid: mc-worker       [    125333], ret:         15 } hitcount:          2
{ common_pid: mc-worker       [    125332], ret:         15 } hitcount:          2
{ common_pid: mc-worker       [    125334], ret:         15 } hitcount:          3
{ common_pid: mc-worker       [    125330], ret:         15 } hitcount:          3
{ common_pid: mc-worker       [    125334], ret:         14 } hitcount:          3
{ common_pid: mc-worker       [    125333], ret:         16 } hitcount:          3
{ common_pid: mc-worker       [    125330], ret:         14 } hitcount:          3
{ common_pid: mc-worker       [    125337], ret:         15 } hitcount:          3
{ common_pid: mc-worker       [    125336], ret:         15 } hitcount:          3
{ common_pid: mc-worker       [    125331], ret:         14 } hitcount:          6
{ common_pid: mc-worker       [    125333], ret:         14 } hitcount:          6
{ common_pid: mc-worker       [    125332], ret:         14 } hitcount:          6
{ common_pid: mc-worker       [    125336], ret:         14 } hitcount:          7
{ common_pid: mc-worker       [    125335], ret:         14 } hitcount:          7
{ common_pid: mc-worker       [    125332], ret:         13 } hitcount:          9
{ common_pid: mc-worker       [    125337], ret:         14 } hitcount:         13
{ common_pid: mc-worker       [    125331], ret:         13 } hitcount:         14
{ common_pid: mc-worker       [    125334], ret:         13 } hitcount:         18
{ common_pid: mc-worker       [    125335], ret:         13 } hitcount:         18
{ common_pid: mc-worker       [    125336], ret:         13 } hitcount:         24
{ common_pid: mc-worker       [    125333], ret:         13 } hitcount:         25
{ common_pid: mc-worker       [    125337], ret:         13 } hitcount:         26
{ common_pid: mc-worker       [    125330], ret:         13 } hitcount:         31
{ common_pid: mc-worker       [    125334], ret:         12 } hitcount:         32
{ common_pid: mc-worker       [    125332], ret:         12 } hitcount:         37
{ common_pid: mc-worker       [    125335], ret:         12 } hitcount:         43
{ common_pid: mc-worker       [    125331], ret:         12 } hitcount:         48
{ common_pid: mc-worker       [    125337], ret:         12 } hitcount:         54
{ common_pid: mc-worker       [    125336], ret:         12 } hitcount:         62
{ common_pid: mc-worker       [    125333], ret:         12 } hitcount:         76
{ common_pid: mc-worker       [    125330], ret:         12 } hitcount:         88
{ common_pid: mc-worker       [    125334], ret:         11 } hitcount:        104
{ common_pid: mc-worker       [    125331], ret:         11 } hitcount:        122
{ common_pid: mc-worker       [    125332], ret:         11 } hitcount:        124
{ common_pid: mc-worker       [    125335], ret:         11 } hitcount:        132
{ common_pid: mc-worker       [    125337], ret:         11 } hitcount:        177
{ common_pid: mc-worker       [    125336], ret:         11 } hitcount:        186
{ common_pid: mc-worker       [    125330], ret:         11 } hitcount:        214
{ common_pid: mc-worker       [    125333], ret:         11 } hitcount:        218
{ common_pid: mc-worker       [    125334], ret:         10 } hitcount:        357
{ common_pid: mc-worker       [    125331], ret:         10 } hitcount:        399
{ common_pid: mc-worker       [    125332], ret:         10 } hitcount:        402
{ common_pid: mc-worker       [    125335], ret:         10 } hitcount:        403
{ common_pid: mc-worker       [    125336], ret:         10 } hitcount:        519
{ common_pid: mc-worker       [    125337], ret:         10 } hitcount:        538
{ common_pid: mc-worker       [    125333], ret:         10 } hitcount:        610
{ common_pid: mc-worker       [    125330], ret:         10 } hitcount:        645
{ common_pid: mc-worker       [    125334], ret:          9 } hitcount:       1042
{ common_pid: mc-worker       [    125335], ret:          9 } hitcount:       1175
{ common_pid: mc-worker       [    125332], ret:          9 } hitcount:       1201
{ common_pid: mc-worker       [    125331], ret:          9 } hitcount:       1243
{ common_pid: mc-worker       [    125336], ret:          9 } hitcount:       1374
{ common_pid: mc-worker       [    125337], ret:          9 } hitcount:       1463
{ common_pid: mc-worker       [    125333], ret:          9 } hitcount:       1604
{ common_pid: mc-worker       [    125330], ret:          9 } hitcount:       1753
{ common_pid: mc-worker       [    125334], ret:          8 } hitcount:       2709
{ common_pid: mc-worker       [    125332], ret:          8 } hitcount:       2984
{ common_pid: mc-worker       [    125335], ret:          8 } hitcount:       3003
{ common_pid: mc-worker       [    125331], ret:          8 } hitcount:       3117
{ common_pid: mc-worker       [    125336], ret:          8 } hitcount:       3688
{ common_pid: mc-worker       [    125337], ret:          8 } hitcount:       3871
{ common_pid: mc-worker       [    125333], ret:          8 } hitcount:       4016
{ common_pid: mc-worker       [    125330], ret:          8 } hitcount:       4463
{ common_pid: mc-worker       [    125334], ret:          7 } hitcount:       6361
{ common_pid: mc-worker       [    125332], ret:          7 } hitcount:       6718
{ common_pid: mc-worker       [    125335], ret:          7 } hitcount:       6776
{ common_pid: mc-worker       [    125331], ret:          7 } hitcount:       7018
{ common_pid: mc-worker       [    125336], ret:          7 } hitcount:       7981
{ common_pid: mc-worker       [    125337], ret:          7 } hitcount:       8167
{ common_pid: mc-worker       [    125333], ret:          7 } hitcount:       8764
{ common_pid: mc-worker       [    125330], ret:          7 } hitcount:       9427
{ common_pid: mc-worker       [    125334], ret:          6 } hitcount:      13543
{ common_pid: mc-worker       [    125332], ret:          6 } hitcount:      13936
{ common_pid: mc-worker       [    125335], ret:          6 } hitcount:      14060
{ common_pid: mc-worker       [    125331], ret:          6 } hitcount:      14567
{ common_pid: mc-worker       [    125336], ret:          6 } hitcount:      15724
{ common_pid: mc-worker       [    125337], ret:          6 } hitcount:      16388
{ common_pid: mc-worker       [    125333], ret:          6 } hitcount:      16862
{ common_pid: mc-worker       [    125330], ret:          6 } hitcount:      18139
{ common_pid: mc-worker       [    125334], ret:          5 } hitcount:      27621
{ common_pid: mc-worker       [    125332], ret:          5 } hitcount:      28287
{ common_pid: mc-worker       [    125335], ret:          5 } hitcount:      28709
{ common_pid: mc-worker       [    125331], ret:          5 } hitcount:      29298
{ common_pid: mc-worker       [    125336], ret:          5 } hitcount:      30999
{ common_pid: mc-worker       [    125337], ret:          5 } hitcount:      31805
{ common_pid: mc-worker       [    125333], ret:          5 } hitcount:      32937
{ common_pid: mc-worker       [    125330], ret:          5 } hitcount:      33873
{ common_pid: mc-worker       [    125334], ret:          4 } hitcount:      55705
{ common_pid: mc-worker       [    125335], ret:          4 } hitcount:      56768
{ common_pid: mc-worker       [    125332], ret:          4 } hitcount:      56867
{ common_pid: mc-worker       [    125331], ret:          4 } hitcount:      58028
{ common_pid: mc-worker       [    125336], ret:          4 } hitcount:      59790
{ common_pid: mc-worker       [    125337], ret:          4 } hitcount:      60942
{ common_pid: mc-worker       [    125333], ret:          4 } hitcount:      62084
{ common_pid: mc-worker       [    125330], ret:          4 } hitcount:      62991
{ common_pid: mc-worker       [    125334], ret:          3 } hitcount:     103129
{ common_pid: mc-worker       [    125335], ret:          3 } hitcount:     103252
{ common_pid: mc-worker       [    125332], ret:          3 } hitcount:     103267
{ common_pid: mc-worker       [    125331], ret:          3 } hitcount:     104335
{ common_pid: mc-worker       [    125336], ret:          3 } hitcount:     105099
{ common_pid: mc-worker       [    125337], ret:          3 } hitcount:     107088
{ common_pid: mc-worker       [    125333], ret:          3 } hitcount:     107927
{ common_pid: mc-worker       [    125330], ret:          3 } hitcount:     108759
{ common_pid: mc-worker       [    125334], ret:          2 } hitcount:     168025
{ common_pid: mc-worker       [    125335], ret:          2 } hitcount:     168262
{ common_pid: mc-worker       [    125331], ret:          2 } hitcount:     169273
{ common_pid: mc-worker       [    125332], ret:          2 } hitcount:     169399
{ common_pid: mc-worker       [    125337], ret:          2 } hitcount:     169574
{ common_pid: mc-worker       [    125336], ret:          2 } hitcount:     169969
{ common_pid: mc-worker       [    125333], ret:          2 } hitcount:     170256
{ common_pid: mc-worker       [    125330], ret:          2 } hitcount:     171028
{ common_pid: mc-worker       [    125337], ret:          1 } hitcount:     262266
{ common_pid: mc-worker       [    125336], ret:          1 } hitcount:     263168
{ common_pid: mc-worker       [    125330], ret:          1 } hitcount:     263557
{ common_pid: mc-worker       [    125333], ret:          1 } hitcount:     264365
{ common_pid: mc-worker       [    125335], ret:          1 } hitcount:     264436
{ common_pid: mc-worker       [    125331], ret:          1 } hitcount:     264669
{ common_pid: mc-worker       [    125334], ret:          1 } hitcount:     265119
{ common_pid: mc-worker       [    125332], ret:          1 } hitcount:     266192
