Linux 6.12.0-rc5-nfoff-mitioff-ndsim-sv5 (cache-sql13432) 	11/03/2024 	_x86_64_	(64 CPU)

05:12:28 PM     CPU      %usr     %nice      %sys   %iowait    %steal      %irq     %soft    %guest    %gnice     %idle
05:12:29 PM      32      4.30      0.00      6.45      0.00      0.00      0.00      8.60      0.00      0.00     80.65
05:12:29 PM      33      4.40      0.00      6.59      0.00      0.00      0.00      6.59      0.00      0.00     82.42
05:12:29 PM      34      3.23      0.00      7.53      0.00      0.00      0.00      9.68      0.00      0.00     79.57
05:12:29 PM      35      3.16      0.00      9.47      0.00      0.00      0.00      8.42      0.00      0.00     78.95
05:12:29 PM      36      4.12      0.00     11.34      0.00      0.00      0.00      8.25      0.00      0.00     76.29
05:12:29 PM      37      4.08      0.00      6.12      0.00      0.00      0.00     12.24      0.00      0.00     77.55
05:12:29 PM      38      2.25      0.00      5.62      0.00      0.00      0.00      8.99      0.00      0.00     83.15
05:12:29 PM      39      3.09      0.00      8.25      0.00      0.00      0.00     10.31      0.00      0.00     78.35

05:12:29 PM     CPU      %usr     %nice      %sys   %iowait    %steal      %irq     %soft    %guest    %gnice     %idle
05:12:30 PM      32      2.15      0.00      7.53      0.00      0.00      0.00     10.75      0.00      0.00     79.57
05:12:30 PM      33      3.06      0.00      9.18      0.00      0.00      0.00     12.24      0.00      0.00     75.51
05:12:30 PM      34      3.16      0.00     10.53      0.00      0.00      0.00      7.37      0.00      0.00     78.95
05:12:30 PM      35      2.08      0.00      9.38      0.00      0.00      0.00     11.46      0.00      0.00     77.08
05:12:30 PM      36      2.22      0.00      4.44      0.00      0.00      0.00     11.11      0.00      0.00     82.22
05:12:30 PM      37      3.12      0.00      8.33      0.00      0.00      0.00     10.42      0.00      0.00     78.12
05:12:30 PM      38      3.09      0.00      6.19      0.00      0.00      0.00     13.40      0.00      0.00     77.32
05:12:30 PM      39      4.17      0.00      7.29      0.00      0.00      0.00     10.42      0.00      0.00     78.12

05:12:30 PM     CPU      %usr     %nice      %sys   %iowait    %steal      %irq     %soft    %guest    %gnice     %idle
05:12:31 PM      32      5.32      0.00      8.51      0.00      0.00      0.00      6.38      0.00      0.00     79.79
05:12:31 PM      33      6.32      0.00      6.32      0.00      0.00      0.00      9.47      0.00      0.00     77.89
05:12:31 PM      34      3.92      0.00     10.78      0.00      0.00      0.00     13.73      0.00      0.00     71.57
05:12:31 PM      35      3.00      0.00     12.00      0.00      0.00      0.00     11.00      0.00      0.00     74.00
05:12:31 PM      36      3.12      0.00     12.50      0.00      0.00      0.00      7.29      0.00      0.00     77.08
05:12:31 PM      37      3.00      0.00     10.00      0.00      0.00      0.00     12.00      0.00      0.00     75.00
05:12:31 PM      38      4.12      0.00     11.34      0.00      0.00      0.00      8.25      0.00      0.00     76.29
05:12:31 PM      39      5.00      0.00      7.00      0.00      0.00      0.00     13.00      0.00      0.00     75.00

05:12:31 PM     CPU      %usr     %nice      %sys   %iowait    %steal      %irq     %soft    %guest    %gnice     %idle
05:12:32 PM      32      6.06      0.00      8.08      0.00      0.00      0.00     11.11      0.00      0.00     74.75
05:12:32 PM      33      4.26      0.00      6.38      0.00      0.00      0.00     10.64      0.00      0.00     78.72
05:12:32 PM      34      3.26      0.00      8.70      0.00      0.00      0.00      7.61      0.00      0.00     80.43
05:12:32 PM      35      6.00      0.00      8.00      0.00      0.00      0.00     12.00      0.00      0.00     74.00
05:12:32 PM      36      5.15      0.00      8.25      0.00      0.00      0.00     11.34      0.00      0.00     75.26
05:12:32 PM      37      5.26      0.00      6.32      0.00      0.00      0.00      9.47      0.00      0.00     78.95
05:12:32 PM      38      4.12      0.00      7.22      0.00      0.00      0.00     12.37      0.00      0.00     76.29
05:12:32 PM      39      5.10      0.00      8.16      0.00      0.00      0.00     10.20      0.00      0.00     76.53

05:12:32 PM     CPU      %usr     %nice      %sys   %iowait    %steal      %irq     %soft    %guest    %gnice     %idle
05:12:33 PM      32      3.16      0.00      9.47      0.00      0.00      0.00      8.42      0.00      0.00     78.95
05:12:33 PM      33      4.17      0.00      8.33      0.00      0.00      0.00      9.38      0.00      0.00     78.12
05:12:33 PM      34      3.23      0.00      9.68      0.00      0.00      0.00      7.53      0.00      0.00     79.57
05:12:33 PM      35      5.26      0.00      8.42      0.00      0.00      0.00      8.42      0.00      0.00     77.89
05:12:33 PM      36      4.21      0.00      8.42      0.00      0.00      0.00      9.47      0.00      0.00     77.89
05:12:33 PM      37      4.17      0.00      7.29      0.00      0.00      0.00      9.38      0.00      0.00     79.17
05:12:33 PM      38      5.10      0.00      8.16      0.00      0.00      0.00     11.22      0.00      0.00     75.51
05:12:33 PM      39      2.13      0.00      8.51      0.00      0.00      0.00      9.57      0.00      0.00     79.79

05:12:33 PM     CPU      %usr     %nice      %sys   %iowait    %steal      %irq     %soft    %guest    %gnice     %idle
05:12:34 PM      32      4.08      0.00      7.14      0.00      0.00      0.00     13.27      0.00      0.00     75.51
05:12:34 PM      33      4.12      0.00      9.28      0.00      0.00      0.00     10.31      0.00      0.00     76.29
05:12:34 PM      34      3.06      0.00     11.22      0.00      0.00      0.00     10.20      0.00      0.00     75.51
05:12:34 PM      35      4.17      0.00      7.29      0.00      0.00      0.00     11.46      0.00      0.00     77.08
05:12:34 PM      36      2.13      0.00      8.51      0.00      0.00      0.00     10.64      0.00      0.00     78.72
05:12:34 PM      37      2.11      0.00      7.37      0.00      0.00      0.00     11.58      0.00      0.00     78.95
05:12:34 PM      38      4.26      0.00      6.38      0.00      0.00      0.00     10.64      0.00      0.00     78.72
05:12:34 PM      39      4.26      0.00      7.45      0.00      0.00      0.00      8.51      0.00      0.00     79.79

05:12:34 PM     CPU      %usr     %nice      %sys   %iowait    %steal      %irq     %soft    %guest    %gnice     %idle
05:12:35 PM      32      4.44      0.00      5.56      0.00      0.00      0.00      6.67      0.00      0.00     83.33
05:12:35 PM      33      1.06      0.00      7.45      0.00      0.00      0.00     11.70      0.00      0.00     79.79
05:12:35 PM      34      6.32      0.00      6.32      0.00      0.00      0.00      9.47      0.00      0.00     77.89
05:12:35 PM      35      5.26      0.00      7.37      0.00      0.00      0.00     10.53      0.00      0.00     76.84
05:12:35 PM      36      5.26      0.00      7.37      0.00      0.00      0.00      9.47      0.00      0.00     77.89
05:12:35 PM      37      2.06      0.00      9.28      0.00      0.00      0.00     11.34      0.00      0.00     77.32
05:12:35 PM      38      4.30      0.00      8.60      0.00      0.00      0.00      7.53      0.00      0.00     79.57
05:12:35 PM      39      3.26      0.00      6.52      0.00      0.00      0.00      8.70      0.00      0.00     81.52

05:12:35 PM     CPU      %usr     %nice      %sys   %iowait    %steal      %irq     %soft    %guest    %gnice     %idle
05:12:36 PM      32      3.26      0.00      7.61      0.00      0.00      0.00      8.70      0.00      0.00     80.43
05:12:36 PM      33      2.15      0.00      8.60      0.00      0.00      0.00      9.68      0.00      0.00     79.57
05:12:36 PM      34      3.26      0.00      8.70      0.00      0.00      0.00      6.52      0.00      0.00     81.52
05:12:36 PM      35      5.10      0.00      9.18      0.00      0.00      0.00      9.18      0.00      0.00     76.53
05:12:36 PM      36      4.26      0.00      9.57      0.00      0.00      0.00      7.45      0.00      0.00     78.72
05:12:36 PM      37      2.06      0.00      9.28      0.00      0.00      0.00     10.31      0.00      0.00     78.35
05:12:36 PM      38      5.05      0.00      8.08      0.00      0.00      0.00     10.10      0.00      0.00     76.77
05:12:36 PM      39      4.08      0.00      8.16      0.00      0.00      0.00     10.20      0.00      0.00     77.55

05:12:36 PM     CPU      %usr     %nice      %sys   %iowait    %steal      %irq     %soft    %guest    %gnice     %idle
05:12:37 PM      32      1.03      0.00     10.31      0.00      0.00      0.00     11.34      0.00      0.00     77.32
05:12:37 PM      33      5.26      0.00      7.37      0.00      0.00      0.00      8.42      0.00      0.00     78.95
05:12:37 PM      34      4.12      0.00     10.31      0.00      0.00      0.00      9.28      0.00      0.00     76.29
05:12:37 PM      35      4.21      0.00      8.42      0.00      0.00      0.00      9.47      0.00      0.00     77.89
05:12:37 PM      36      5.26      0.00      6.32      0.00      0.00      0.00     11.58      0.00      0.00     76.84
05:12:37 PM      37      2.27      0.00      5.68      0.00      0.00      0.00      6.82      0.00      0.00     85.23
05:12:37 PM      38      3.26      0.00      7.61      0.00      0.00      0.00      8.70      0.00      0.00     80.43
05:12:37 PM      39      3.16      0.00      7.37      0.00      0.00      0.00     10.53      0.00      0.00     78.95

05:12:37 PM     CPU      %usr     %nice      %sys   %iowait    %steal      %irq     %soft    %guest    %gnice     %idle
05:12:38 PM      32      5.10      0.00      8.16      0.00      0.00      0.00     11.22      0.00      0.00     75.51
05:12:38 PM      33      6.06      0.00      9.09      0.00      0.00      0.00     10.10      0.00      0.00     74.75
05:12:38 PM      34      3.96      0.00      9.90      0.00      0.00      0.00     12.87      0.00      0.00     73.27
05:12:38 PM      35      5.05      0.00     11.11      0.00      0.00      0.00      9.09      0.00      0.00     74.75
05:12:38 PM      36      5.21      0.00      9.38      0.00      0.00      0.00      8.33      0.00      0.00     77.08
05:12:38 PM      37      4.12      0.00      8.25      0.00      0.00      0.00     10.31      0.00      0.00     77.32
05:12:38 PM      38      4.04      0.00      9.09      0.00      0.00      0.00     12.12      0.00      0.00     74.75
05:12:38 PM      39      4.12      0.00     10.31      0.00      0.00      0.00      9.28      0.00      0.00     76.29

Average:        CPU      %usr     %nice      %sys   %iowait    %steal      %irq     %soft    %guest    %gnice     %idle
Average:         32      3.90      0.00      7.90      0.00      0.00      0.00      9.69      0.00      0.00     78.50
Average:         33      4.10      0.00      7.88      0.00      0.00      0.00      9.87      0.00      0.00     78.15
Average:         34      3.76      0.00      9.39      0.00      0.00      0.00      9.50      0.00      0.00     77.35
Average:         35      4.33      0.00      9.08      0.00      0.00      0.00     10.11      0.00      0.00     76.47
Average:         36      4.11      0.00      8.64      0.00      0.00      0.00      9.48      0.00      0.00     77.77
Average:         37      3.23      0.00      7.82      0.00      0.00      0.00     10.43      0.00      0.00     78.52
Average:         38      3.98      0.00      7.85      0.00      0.00      0.00     10.37      0.00      0.00     77.80
Average:         39      3.85      0.00      7.91      0.00      0.00      0.00     10.09      0.00      0.00     78.15
