Linux 6.11.0-rc3-suspendv2 (cache-sql13432) 	08/22/2024 	_x86_64_	(64 CPU)

01:09:45 PM     CPU      %usr     %nice      %sys   %iowait    %steal      %irq     %soft    %guest    %gnice     %idle
01:09:46 PM      16     10.10      0.00     50.51      0.00      0.00      1.01     38.38      0.00      0.00      0.00
01:09:46 PM      17      7.07      0.00     45.45      0.00      0.00      0.00     47.47      0.00      0.00      0.00
01:09:46 PM      18      8.00      0.00     48.00      0.00      0.00      0.00     44.00      0.00      0.00      0.00
01:09:46 PM      19      9.00      0.00     46.00      0.00      0.00      1.00     44.00      0.00      0.00      0.00
01:09:46 PM      20      6.00      0.00     49.00      0.00      0.00      1.00     44.00      0.00      0.00      0.00
01:09:46 PM      21      9.00      0.00     49.00      0.00      0.00      1.00     41.00      0.00      0.00      0.00
01:09:46 PM      22      8.00      0.00     47.00      0.00      0.00      1.00     44.00      0.00      0.00      0.00
01:09:46 PM      23      8.00      0.00     51.00      0.00      0.00      1.00     40.00      0.00      0.00      0.00

01:09:46 PM     CPU      %usr     %nice      %sys   %iowait    %steal      %irq     %soft    %guest    %gnice     %idle
01:09:47 PM      16      9.90      0.00     50.50      0.00      0.00      0.99     38.61      0.00      0.00      0.00
01:09:47 PM      17      6.93      0.00     44.55      0.00      0.00      0.99     47.52      0.00      0.00      0.00
01:09:47 PM      18      8.00      0.00     47.00      0.00      0.00      1.00     44.00      0.00      0.00      0.00
01:09:47 PM      19      7.92      0.00     46.53      0.00      0.00      0.99     44.55      0.00      0.00      0.00
01:09:47 PM      20      8.91      0.00     46.53      0.00      0.00      0.99     43.56      0.00      0.00      0.00
01:09:47 PM      21     10.00      0.00     48.00      0.00      0.00      1.00     41.00      0.00      0.00      0.00
01:09:47 PM      22      7.92      0.00     47.52      0.00      0.00      0.99     43.56      0.00      0.00      0.00
01:09:47 PM      23      9.00      0.00     51.00      0.00      0.00      1.00     39.00      0.00      0.00      0.00

01:09:47 PM     CPU      %usr     %nice      %sys   %iowait    %steal      %irq     %soft    %guest    %gnice     %idle
01:09:48 PM      16     10.00      0.00     50.00      0.00      0.00      1.00     39.00      0.00      0.00      0.00
01:09:48 PM      17      6.06      0.00     45.45      0.00      0.00      1.01     47.47      0.00      0.00      0.00
01:09:48 PM      18      8.08      0.00     47.47      0.00      0.00      1.01     43.43      0.00      0.00      0.00
01:09:48 PM      19      8.16      0.00     47.96      0.00      0.00      0.00     43.88      0.00      0.00      0.00
01:09:48 PM      20      7.00      0.00     47.00      0.00      0.00      1.00     45.00      0.00      0.00      0.00
01:09:48 PM      21     10.00      0.00     48.00      0.00      0.00      1.00     41.00      0.00      0.00      0.00
01:09:48 PM      22      6.06      0.00     48.48      0.00      0.00      1.01     44.44      0.00      0.00      0.00
01:09:48 PM      23     10.00      0.00     49.00      0.00      0.00      1.00     40.00      0.00      0.00      0.00

01:09:48 PM     CPU      %usr     %nice      %sys   %iowait    %steal      %irq     %soft    %guest    %gnice     %idle
01:09:49 PM      16     11.00      0.00     49.00      0.00      0.00      1.00     39.00      0.00      0.00      0.00
01:09:49 PM      17      7.92      0.00     43.56      0.00      0.00      0.99     47.52      0.00      0.00      0.00
01:09:49 PM      18      8.91      0.00     47.52      0.00      0.00      0.99     42.57      0.00      0.00      0.00
01:09:49 PM      19      9.90      0.00     45.54      0.00      0.00      0.99     43.56      0.00      0.00      0.00
01:09:49 PM      20      9.09      0.00     46.46      0.00      0.00      0.00     44.44      0.00      0.00      0.00
01:09:49 PM      21      9.90      0.00     47.52      0.00      0.00      0.99     41.58      0.00      0.00      0.00
01:09:49 PM      22      8.00      0.00     46.00      0.00      0.00      1.00     45.00      0.00      0.00      0.00
01:09:49 PM      23     10.89      0.00     49.50      0.00      0.00      0.99     38.61      0.00      0.00      0.00

01:09:49 PM     CPU      %usr     %nice      %sys   %iowait    %steal      %irq     %soft    %guest    %gnice     %idle
01:09:50 PM      16     10.00      0.00     50.00      0.00      0.00      1.00     38.00      0.00      0.00      1.00
01:09:50 PM      17      7.07      0.00     44.44      0.00      0.00      1.01     47.47      0.00      0.00      0.00
01:09:50 PM      18      8.08      0.00     47.47      0.00      0.00      1.01     43.43      0.00      0.00      0.00
01:09:50 PM      19      7.92      0.00     46.53      0.00      0.00      0.99     43.56      0.00      0.00      0.99
01:09:50 PM      20      8.00      0.00     47.00      0.00      0.00      1.00     44.00      0.00      0.00      0.00
01:09:50 PM      21      9.09      0.00     48.48      0.00      0.00      1.01     41.41      0.00      0.00      0.00
01:09:50 PM      22      8.00      0.00     47.00      0.00      0.00      1.00     44.00      0.00      0.00      0.00
01:09:50 PM      23      9.09      0.00     50.51      0.00      0.00      1.01     39.39      0.00      0.00      0.00

01:09:50 PM     CPU      %usr     %nice      %sys   %iowait    %steal      %irq     %soft    %guest    %gnice     %idle
01:09:51 PM      16     10.89      0.00     49.50      0.00      0.00      0.99     38.61      0.00      0.00      0.00
01:09:51 PM      17      6.93      0.00     44.55      0.00      0.00      0.99     47.52      0.00      0.00      0.00
01:09:51 PM      18      9.00      0.00     46.00      0.00      0.00      1.00     44.00      0.00      0.00      0.00
01:09:51 PM      19      8.00      0.00     47.00      0.00      0.00      1.00     44.00      0.00      0.00      0.00
01:09:51 PM      20      8.08      0.00     46.46      0.00      0.00      1.01     44.44      0.00      0.00      0.00
01:09:51 PM      21     11.88      0.00     46.53      0.00      0.00      0.99     40.59      0.00      0.00      0.00
01:09:51 PM      22      7.07      0.00     49.49      0.00      0.00      0.00     43.43      0.00      0.00      0.00
01:09:51 PM      23      9.00      0.00     51.00      0.00      0.00      0.00     40.00      0.00      0.00      0.00

01:09:51 PM     CPU      %usr     %nice      %sys   %iowait    %steal      %irq     %soft    %guest    %gnice     %idle
01:09:52 PM      16     12.00      0.00     48.00      0.00      0.00      1.00     39.00      0.00      0.00      0.00
01:09:52 PM      17      7.00      0.00     45.00      0.00      0.00      1.00     47.00      0.00      0.00      0.00
01:09:52 PM      18      8.00      0.00     47.00      0.00      0.00      1.00     44.00      0.00      0.00      0.00
01:09:52 PM      19      8.00      0.00     47.00      0.00      0.00      1.00     44.00      0.00      0.00      0.00
01:09:52 PM      20      7.84      0.00     47.06      0.00      0.00      0.98     43.14      0.00      0.00      0.98
01:09:52 PM      21      9.00      0.00     48.00      0.00      0.00      1.00     41.00      0.00      0.00      1.00
01:09:52 PM      22      7.00      0.00     48.00      0.00      0.00      1.00     44.00      0.00      0.00      0.00
01:09:52 PM      23      8.08      0.00     51.52      0.00      0.00      1.01     39.39      0.00      0.00      0.00

01:09:52 PM     CPU      %usr     %nice      %sys   %iowait    %steal      %irq     %soft    %guest    %gnice     %idle
01:09:53 PM      16     11.00      0.00     49.00      0.00      0.00      1.00     39.00      0.00      0.00      0.00
01:09:53 PM      17      7.07      0.00     44.44      0.00      0.00      0.00     48.48      0.00      0.00      0.00
01:09:53 PM      18      7.92      0.00     48.51      0.00      0.00      0.99     42.57      0.00      0.00      0.00
01:09:53 PM      19      8.00      0.00     47.00      0.00      0.00      1.00     44.00      0.00      0.00      0.00
01:09:53 PM      20      9.00      0.00     46.00      0.00      0.00      1.00     44.00      0.00      0.00      0.00
01:09:53 PM      21     10.89      0.00     47.52      0.00      0.00      0.99     40.59      0.00      0.00      0.00
01:09:53 PM      22      8.00      0.00     47.00      0.00      0.00      1.00     44.00      0.00      0.00      0.00
01:09:53 PM      23      7.00      0.00     52.00      0.00      0.00      1.00     40.00      0.00      0.00      0.00

01:09:53 PM     CPU      %usr     %nice      %sys   %iowait    %steal      %irq     %soft    %guest    %gnice     %idle
01:09:54 PM      16     10.10      0.00     50.51      0.00      0.00      0.00     39.39      0.00      0.00      0.00
01:09:54 PM      17      6.93      0.00     44.55      0.00      0.00      0.99     47.52      0.00      0.00      0.00
01:09:54 PM      18      9.00      0.00     46.00      0.00      0.00      1.00     44.00      0.00      0.00      0.00
01:09:54 PM      19      7.92      0.00     47.52      0.00      0.00      0.99     43.56      0.00      0.00      0.00
01:09:54 PM      20      7.00      0.00     47.00      0.00      0.00      1.00     45.00      0.00      0.00      0.00
01:09:54 PM      21     11.22      0.00     46.94      0.00      0.00      0.00     41.84      0.00      0.00      0.00
01:09:54 PM      22      7.92      0.00     46.53      0.00      0.00      0.99     44.55      0.00      0.00      0.00
01:09:54 PM      23      9.90      0.00     50.50      0.00      0.00      0.99     38.61      0.00      0.00      0.00

01:09:54 PM     CPU      %usr     %nice      %sys   %iowait    %steal      %irq     %soft    %guest    %gnice     %idle
01:09:55 PM      16     11.00      0.00     49.00      0.00      0.00      1.00     39.00      0.00      0.00      0.00
01:09:55 PM      17      7.07      0.00     44.44      0.00      0.00      1.01     47.47      0.00      0.00      0.00
01:09:55 PM      18      7.14      0.00     47.96      0.00      0.00      0.00     44.90      0.00      0.00      0.00
01:09:55 PM      19      7.07      0.00     47.47      0.00      0.00      1.01     44.44      0.00      0.00      0.00
01:09:55 PM      20      7.00      0.00     48.00      0.00      0.00      1.00     44.00      0.00      0.00      0.00
01:09:55 PM      21     10.89      0.00     46.53      0.00      0.00      0.99     41.58      0.00      0.00      0.00
01:09:55 PM      22      6.00      0.00     49.00      0.00      0.00      1.00     44.00      0.00      0.00      0.00
01:09:55 PM      23      9.00      0.00     50.00      0.00      0.00      1.00     40.00      0.00      0.00      0.00

Average:        CPU      %usr     %nice      %sys   %iowait    %steal      %irq     %soft    %guest    %gnice     %idle
Average:         16     10.60      0.00     49.60      0.00      0.00      0.90     38.80      0.00      0.00      0.10
Average:         17      7.01      0.00     44.64      0.00      0.00      0.80     47.55      0.00      0.00      0.00
Average:         18      8.22      0.00     47.29      0.00      0.00      0.80     43.69      0.00      0.00      0.00
Average:         19      8.19      0.00     46.85      0.00      0.00      0.90     43.96      0.00      0.00      0.10
Average:         20      7.79      0.00     47.05      0.00      0.00      0.90     44.16      0.00      0.00      0.10
Average:         21     10.19      0.00     47.65      0.00      0.00      0.90     41.16      0.00      0.00      0.10
Average:         22      7.40      0.00     47.60      0.00      0.00      0.90     44.10      0.00      0.00      0.00
Average:         23      9.00      0.00     50.60      0.00      0.00      0.90     39.50      0.00      0.00      0.00
