Linux 6.12.0-rc5-nfoff-mitioff-ndsim-sv5 (cache-sql13432) 	11/04/2024 	_x86_64_	(64 CPU)

10:28:25 AM     CPU      %usr     %nice      %sys   %iowait    %steal      %irq     %soft    %guest    %gnice     %idle
10:28:26 AM      32      8.08      0.00     27.27      0.00      0.00      0.00     29.29      0.00      0.00     35.35
10:28:26 AM      33     11.83      0.00     24.73      0.00      0.00      0.00     21.51      0.00      0.00     41.94
10:28:26 AM      34     11.96      0.00     19.57      0.00      0.00      0.00     21.74      0.00      0.00     46.74
10:28:26 AM      35     10.64      0.00     23.40      0.00      0.00      0.00     24.47      0.00      0.00     41.49
10:28:26 AM      36     10.31      0.00     26.80      0.00      0.00      0.00     22.68      0.00      0.00     40.21
10:28:26 AM      37     10.00      0.00     24.00      0.00      0.00      0.00     25.00      0.00      0.00     41.00
10:28:26 AM      38      8.16      0.00     24.49      0.00      0.00      0.00     27.55      0.00      0.00     39.80
10:28:26 AM      39     10.89      0.00     28.71      0.00      0.00      0.00     21.78      0.00      0.00     38.61

10:28:26 AM     CPU      %usr     %nice      %sys   %iowait    %steal      %irq     %soft    %guest    %gnice     %idle
10:28:27 AM      32      9.68      0.00     18.28      0.00      0.00      0.00     26.88      0.00      0.00     45.16
10:28:27 AM      33     11.46      0.00     22.92      0.00      0.00      0.00     20.83      0.00      0.00     44.79
10:28:27 AM      34      8.25      0.00     22.68      0.00      0.00      0.00     23.71      0.00      0.00     45.36
10:28:27 AM      35     10.00      0.00     18.00      0.00      0.00      0.00     28.00      0.00      0.00     44.00
10:28:27 AM      36      9.90      0.00     25.74      0.00      0.00      0.00     20.79      0.00      0.00     43.56
10:28:27 AM      37      6.32      0.00     21.05      0.00      0.00      0.00     30.53      0.00      0.00     42.11
10:28:27 AM      38      8.51      0.00     22.34      0.00      0.00      0.00     21.28      0.00      0.00     47.87
10:28:27 AM      39     11.34      0.00     22.68      0.00      0.00      0.00     19.59      0.00      0.00     46.39

10:28:27 AM     CPU      %usr     %nice      %sys   %iowait    %steal      %irq     %soft    %guest    %gnice     %idle
10:28:28 AM      32     11.11      0.00     24.24      0.00      0.00      0.00     22.22      0.00      0.00     42.42
10:28:28 AM      33     10.87      0.00     18.48      0.00      0.00      0.00     31.52      0.00      0.00     39.13
10:28:28 AM      34      8.33      0.00     29.17      0.00      0.00      0.00     29.17      0.00      0.00     33.33
10:28:28 AM      35      8.16      0.00     23.47      0.00      0.00      0.00     27.55      0.00      0.00     40.82
10:28:28 AM      36     11.22      0.00     27.55      0.00      0.00      0.00     24.49      0.00      0.00     36.73
10:28:28 AM      37      8.33      0.00     25.00      0.00      0.00      0.00     29.17      0.00      0.00     37.50
10:28:28 AM      38     13.40      0.00     19.59      0.00      0.00      0.00     23.71      0.00      0.00     43.30
10:28:28 AM      39     10.10      0.00     27.27      0.00      0.00      0.00     29.29      0.00      0.00     33.33

10:28:28 AM     CPU      %usr     %nice      %sys   %iowait    %steal      %irq     %soft    %guest    %gnice     %idle
10:28:29 AM      32     12.12      0.00     20.20      0.00      0.00      0.00     29.29      0.00      0.00     38.38
10:28:29 AM      33      8.08      0.00     24.24      0.00      0.00      0.00     29.29      0.00      0.00     38.38
10:28:29 AM      34      7.78      0.00     28.89      0.00      0.00      0.00     24.44      0.00      0.00     38.89
10:28:29 AM      35      9.09      0.00     25.25      0.00      0.00      0.00     27.27      0.00      0.00     38.38
10:28:29 AM      36     11.70      0.00     24.47      0.00      0.00      0.00     23.40      0.00      0.00     40.43
10:28:29 AM      37     11.96      0.00     20.65      0.00      0.00      0.00     25.00      0.00      0.00     42.39
10:28:29 AM      38     10.53      0.00     23.16      0.00      0.00      0.00     25.26      0.00      0.00     41.05
10:28:29 AM      39     10.42      0.00     28.12      0.00      0.00      0.00     27.08      0.00      0.00     34.38

10:28:29 AM     CPU      %usr     %nice      %sys   %iowait    %steal      %irq     %soft    %guest    %gnice     %idle
10:28:30 AM      32      9.47      0.00     24.21      0.00      0.00      0.00     26.32      0.00      0.00     40.00
10:28:30 AM      33     10.53      0.00     22.11      0.00      0.00      0.00     28.42      0.00      0.00     38.95
10:28:30 AM      34     13.19      0.00     19.78      0.00      0.00      0.00     24.18      0.00      0.00     42.86
10:28:30 AM      35      9.68      0.00     23.66      0.00      0.00      0.00     27.96      0.00      0.00     38.71
10:28:30 AM      36      8.25      0.00     24.74      0.00      0.00      0.00     22.68      0.00      0.00     44.33
10:28:30 AM      37     13.54      0.00     22.92      0.00      0.00      0.00     26.04      0.00      0.00     37.50
10:28:30 AM      38      8.42      0.00     23.16      0.00      0.00      0.00     26.32      0.00      0.00     42.11
10:28:30 AM      39      8.89      0.00     21.11      0.00      0.00      0.00     33.33      0.00      0.00     36.67

10:28:30 AM     CPU      %usr     %nice      %sys   %iowait    %steal      %irq     %soft    %guest    %gnice     %idle
10:28:31 AM      32     11.11      0.00     19.19      0.00      0.00      0.00     31.31      0.00      0.00     38.38
10:28:31 AM      33      9.38      0.00     28.12      0.00      0.00      0.00     23.96      0.00      0.00     38.54
10:28:31 AM      34     11.34      0.00     24.74      0.00      0.00      0.00     21.65      0.00      0.00     42.27
10:28:31 AM      35     10.10      0.00     22.22      0.00      0.00      0.00     32.32      0.00      0.00     35.35
10:28:31 AM      36     12.87      0.00     26.73      0.00      0.00      0.00     21.78      0.00      0.00     38.61
10:28:31 AM      37     10.53      0.00     25.26      0.00      0.00      0.00     26.32      0.00      0.00     37.89
10:28:31 AM      38      8.70      0.00     25.00      0.00      0.00      0.00     21.74      0.00      0.00     44.57
10:28:31 AM      39     12.77      0.00     24.47      0.00      0.00      0.00     25.53      0.00      0.00     37.23

10:28:31 AM     CPU      %usr     %nice      %sys   %iowait    %steal      %irq     %soft    %guest    %gnice     %idle
10:28:32 AM      32     11.70      0.00     23.40      0.00      0.00      0.00     18.09      0.00      0.00     46.81
10:28:32 AM      33      8.65      0.00     25.96      0.00      0.00      0.00     26.92      0.00      0.00     38.46
10:28:32 AM      34     14.00      0.00     20.00      0.00      0.00      0.00     23.00      0.00      0.00     43.00
10:28:32 AM      35      8.16      0.00     23.47      0.00      0.00      0.00     35.71      0.00      0.00     32.65
10:28:32 AM      36     11.58      0.00     24.21      0.00      0.00      0.00     29.47      0.00      0.00     34.74
10:28:32 AM      37     10.53      0.00     26.32      0.00      0.00      0.00     17.89      0.00      0.00     45.26
10:28:32 AM      38     13.68      0.00     22.11      0.00      0.00      0.00     25.26      0.00      0.00     38.95
10:28:32 AM      39     11.22      0.00     15.31      0.00      0.00      0.00     29.59      0.00      0.00     43.88

10:28:32 AM     CPU      %usr     %nice      %sys   %iowait    %steal      %irq     %soft    %guest    %gnice     %idle
10:28:33 AM      32     10.31      0.00     27.84      0.00      0.00      0.00     18.56      0.00      0.00     43.30
10:28:33 AM      33      7.61      0.00     30.43      0.00      0.00      0.00     22.83      0.00      0.00     39.13
10:28:33 AM      34      8.33      0.00     22.92      0.00      0.00      0.00     33.33      0.00      0.00     35.42
10:28:33 AM      35      7.29      0.00     26.04      0.00      0.00      0.00     27.08      0.00      0.00     39.58
10:28:33 AM      36     10.42      0.00     22.92      0.00      0.00      0.00     26.04      0.00      0.00     40.62
10:28:33 AM      37     13.54      0.00     23.96      0.00      0.00      0.00     20.83      0.00      0.00     41.67
10:28:33 AM      38     10.10      0.00     19.19      0.00      0.00      0.00     29.29      0.00      0.00     41.41
10:28:33 AM      39      9.09      0.00     27.27      0.00      0.00      0.00     24.24      0.00      0.00     39.39

10:28:33 AM     CPU      %usr     %nice      %sys   %iowait    %steal      %irq     %soft    %guest    %gnice     %idle
10:28:34 AM      32     10.75      0.00     20.43      0.00      0.00      0.00     21.51      0.00      0.00     47.31
10:28:34 AM      33     11.22      0.00     30.61      0.00      0.00      0.00     21.43      0.00      0.00     36.73
10:28:34 AM      34     12.24      0.00     20.41      0.00      0.00      0.00     28.57      0.00      0.00     38.78
10:28:34 AM      35     10.64      0.00     23.40      0.00      0.00      0.00     19.15      0.00      0.00     46.81
10:28:34 AM      36     11.00      0.00     26.00      0.00      0.00      0.00     25.00      0.00      0.00     38.00
10:28:34 AM      37      9.00      0.00     28.00      0.00      0.00      0.00     23.00      0.00      0.00     40.00
10:28:34 AM      38      8.33      0.00     28.12      0.00      0.00      0.00     23.96      0.00      0.00     39.58
10:28:34 AM      39     11.88      0.00     21.78      0.00      0.00      0.00     23.76      0.00      0.00     42.57

10:28:34 AM     CPU      %usr     %nice      %sys   %iowait    %steal      %irq     %soft    %guest    %gnice     %idle
10:28:35 AM      32      9.47      0.00     29.47      0.00      0.00      0.00     20.00      0.00      0.00     41.05
10:28:35 AM      33     14.00      0.00     26.00      0.00      0.00      0.00     29.00      0.00      0.00     31.00
10:28:35 AM      34      9.09      0.00     24.24      0.00      0.00      0.00     31.31      0.00      0.00     35.35
10:28:35 AM      35     12.00      0.00     26.00      0.00      0.00      0.00     32.00      0.00      0.00     30.00
10:28:35 AM      36      8.16      0.00     31.63      0.00      0.00      0.00     30.61      0.00      0.00     29.59
10:28:35 AM      37     13.27      0.00     22.45      0.00      0.00      0.00     31.63      0.00      0.00     32.65
10:28:35 AM      38     11.22      0.00     27.55      0.00      0.00      0.00     24.49      0.00      0.00     36.73
10:28:35 AM      39     10.10      0.00     24.24      0.00      0.00      0.00     27.27      0.00      0.00     38.38

Average:        CPU      %usr     %nice      %sys   %iowait    %steal      %irq     %soft    %guest    %gnice     %idle
Average:         32     10.38      0.00     23.47      0.00      0.00      0.00     24.40      0.00      0.00     41.74
Average:         33     10.36      0.00     25.39      0.00      0.00      0.00     25.60      0.00      0.00     38.65
Average:         34     10.46      0.00     23.22      0.00      0.00      0.00     26.15      0.00      0.00     40.17
Average:         35      9.58      0.00     23.48      0.00      0.00      0.00     28.22      0.00      0.00     38.72
Average:         36     10.54      0.00     26.10      0.00      0.00      0.00     24.67      0.00      0.00     38.69
Average:         37     10.70      0.00     23.99      0.00      0.00      0.00     25.55      0.00      0.00     39.77
Average:         38     10.11      0.00     23.46      0.00      0.00      0.00     24.92      0.00      0.00     41.50
Average:         39     10.68      0.00     24.13      0.00      0.00      0.00     26.08      0.00      0.00     39.12
