Linux 6.12.0-rc5-nfoff-mitioff-ndsim-sv5 (cache-sql13432) 	11/03/2024 	_x86_64_	(64 CPU)

03:09:52 PM     CPU      %usr     %nice      %sys   %iowait    %steal      %irq     %soft    %guest    %gnice     %idle
03:09:53 PM      32     23.00      0.00     76.00      0.00      0.00      0.00      1.00      0.00      0.00      0.00
03:09:53 PM      33     18.00      0.00     82.00      0.00      0.00      0.00      0.00      0.00      0.00      0.00
03:09:53 PM      34     18.81      0.00     81.19      0.00      0.00      0.00      0.00      0.00      0.00      0.00
03:09:53 PM      35     20.00      0.00     79.00      0.00      0.00      0.00      1.00      0.00      0.00      0.00
03:09:53 PM      36     25.25      0.00     74.75      0.00      0.00      0.00      0.00      0.00      0.00      0.00
03:09:53 PM      37     21.21      0.00     78.79      0.00      0.00      0.00      0.00      0.00      0.00      0.00
03:09:53 PM      38     15.15      0.00     83.84      0.00      0.00      0.00      1.01      0.00      0.00      0.00
03:09:53 PM      39     23.00      0.00     77.00      0.00      0.00      0.00      0.00      0.00      0.00      0.00

03:09:53 PM     CPU      %usr     %nice      %sys   %iowait    %steal      %irq     %soft    %guest    %gnice     %idle
03:09:54 PM      32     18.00      0.00     82.00      0.00      0.00      0.00      0.00      0.00      0.00      0.00
03:09:54 PM      33     16.83      0.00     82.18      0.00      0.00      0.00      0.99      0.00      0.00      0.00
03:09:54 PM      34     21.78      0.00     77.23      0.00      0.00      0.00      0.99      0.00      0.00      0.00
03:09:54 PM      35     20.20      0.00     79.80      0.00      0.00      0.00      0.00      0.00      0.00      0.00
03:09:54 PM      36     18.81      0.00     80.20      0.00      0.00      0.00      0.99      0.00      0.00      0.00
03:09:54 PM      37     20.00      0.00     80.00      0.00      0.00      0.00      0.00      0.00      0.00      0.00
03:09:54 PM      38     16.00      0.00     84.00      0.00      0.00      0.00      0.00      0.00      0.00      0.00
03:09:54 PM      39     22.00      0.00     77.00      0.00      0.00      0.00      1.00      0.00      0.00      0.00

03:09:54 PM     CPU      %usr     %nice      %sys   %iowait    %steal      %irq     %soft    %guest    %gnice     %idle
03:09:55 PM      32     24.75      0.00     75.25      0.00      0.00      0.00      0.00      0.00      0.00      0.00
03:09:55 PM      33     20.20      0.00     79.80      0.00      0.00      0.00      0.00      0.00      0.00      0.00
03:09:55 PM      34     20.20      0.00     79.80      0.00      0.00      0.00      0.00      0.00      0.00      0.00
03:09:55 PM      35     15.84      0.00     83.17      0.00      0.00      0.00      0.99      0.00      0.00      0.00
03:09:55 PM      36     20.00      0.00     79.00      0.00      0.00      0.00      1.00      0.00      0.00      0.00
03:09:55 PM      37     23.76      0.00     75.25      0.00      0.00      0.00      0.99      0.00      0.00      0.00
03:09:55 PM      38     20.00      0.00     80.00      0.00      0.00      0.00      0.00      0.00      0.00      0.00
03:09:55 PM      39     21.00      0.00     79.00      0.00      0.00      0.00      0.00      0.00      0.00      0.00

03:09:55 PM     CPU      %usr     %nice      %sys   %iowait    %steal      %irq     %soft    %guest    %gnice     %idle
03:09:56 PM      32     19.00      0.00     81.00      0.00      0.00      0.00      0.00      0.00      0.00      0.00
03:09:56 PM      33     17.00      0.00     83.00      0.00      0.00      0.00      0.00      0.00      0.00      0.00
03:09:56 PM      34     20.00      0.00     80.00      0.00      0.00      0.00      0.00      0.00      0.00      0.00
03:09:56 PM      35     22.00      0.00     77.00      0.00      0.00      0.00      1.00      0.00      0.00      0.00
03:09:56 PM      36     19.00      0.00     81.00      0.00      0.00      0.00      0.00      0.00      0.00      0.00
03:09:56 PM      37     21.21      0.00     78.79      0.00      0.00      0.00      0.00      0.00      0.00      0.00
03:09:56 PM      38     20.79      0.00     79.21      0.00      0.00      0.00      0.00      0.00      0.00      0.00
03:09:56 PM      39     19.00      0.00     81.00      0.00      0.00      0.00      0.00      0.00      0.00      0.00

03:09:56 PM     CPU      %usr     %nice      %sys   %iowait    %steal      %irq     %soft    %guest    %gnice     %idle
03:09:57 PM      32     16.16      0.00     83.84      0.00      0.00      0.00      0.00      0.00      0.00      0.00
03:09:57 PM      33     16.83      0.00     82.18      0.00      0.00      0.00      0.99      0.00      0.00      0.00
03:09:57 PM      34     23.00      0.00     77.00      0.00      0.00      0.00      0.00      0.00      0.00      0.00
03:09:57 PM      35     20.20      0.00     79.80      0.00      0.00      0.00      0.00      0.00      0.00      0.00
03:09:57 PM      36     27.00      0.00     73.00      0.00      0.00      0.00      0.00      0.00      0.00      0.00
03:09:57 PM      37     23.00      0.00     77.00      0.00      0.00      0.00      0.00      0.00      0.00      0.00
03:09:57 PM      38     17.00      0.00     83.00      0.00      0.00      0.00      0.00      0.00      0.00      0.00
03:09:57 PM      39     21.78      0.00     77.23      0.00      0.00      0.00      0.99      0.00      0.00      0.00

03:09:57 PM     CPU      %usr     %nice      %sys   %iowait    %steal      %irq     %soft    %guest    %gnice     %idle
03:09:58 PM      32     18.18      0.00     81.82      0.00      0.00      0.00      0.00      0.00      0.00      0.00
03:09:58 PM      33     20.20      0.00     79.80      0.00      0.00      0.00      0.00      0.00      0.00      0.00
03:09:58 PM      34     16.83      0.00     83.17      0.00      0.00      0.00      0.00      0.00      0.00      0.00
03:09:58 PM      35     18.81      0.00     81.19      0.00      0.00      0.00      0.00      0.00      0.00      0.00
03:09:58 PM      36     25.00      0.00     75.00      0.00      0.00      0.00      0.00      0.00      0.00      0.00
03:09:58 PM      37     18.00      0.00     82.00      0.00      0.00      0.00      0.00      0.00      0.00      0.00
03:09:58 PM      38     19.00      0.00     80.00      0.00      0.00      0.00      1.00      0.00      0.00      0.00
03:09:58 PM      39     24.00      0.00     76.00      0.00      0.00      0.00      0.00      0.00      0.00      0.00

03:09:58 PM     CPU      %usr     %nice      %sys   %iowait    %steal      %irq     %soft    %guest    %gnice     %idle
03:09:59 PM      32     17.65      0.00     81.37      0.00      0.00      0.00      0.98      0.00      0.00      0.00
03:09:59 PM      33     27.00      0.00     73.00      0.00      0.00      0.00      0.00      0.00      0.00      0.00
03:09:59 PM      34     18.18      0.00     80.81      0.00      0.00      0.00      1.01      0.00      0.00      0.00
03:09:59 PM      35     16.16      0.00     83.84      0.00      0.00      0.00      0.00      0.00      0.00      0.00
03:09:59 PM      36     24.00      0.00     76.00      0.00      0.00      0.00      0.00      0.00      0.00      0.00
03:09:59 PM      37     19.00      0.00     81.00      0.00      0.00      0.00      0.00      0.00      0.00      0.00
03:09:59 PM      38     13.13      0.00     86.87      0.00      0.00      0.00      0.00      0.00      0.00      0.00
03:09:59 PM      39     22.22      0.00     77.78      0.00      0.00      0.00      0.00      0.00      0.00      0.00

03:09:59 PM     CPU      %usr     %nice      %sys   %iowait    %steal      %irq     %soft    %guest    %gnice     %idle
03:10:00 PM      32     17.17      0.00     81.82      0.00      0.00      0.00      1.01      0.00      0.00      0.00
03:10:00 PM      33     18.00      0.00     81.00      0.00      0.00      0.00      1.00      0.00      0.00      0.00
03:10:00 PM      34     24.00      0.00     76.00      0.00      0.00      0.00      0.00      0.00      0.00      0.00
03:10:00 PM      35     18.81      0.00     80.20      0.00      0.00      0.00      0.99      0.00      0.00      0.00
03:10:00 PM      36     29.00      0.00     71.00      0.00      0.00      0.00      0.00      0.00      0.00      0.00
03:10:00 PM      37     19.00      0.00     81.00      0.00      0.00      0.00      0.00      0.00      0.00      0.00
03:10:00 PM      38     16.00      0.00     83.00      0.00      0.00      0.00      1.00      0.00      0.00      0.00
03:10:00 PM      39     16.00      0.00     83.00      0.00      0.00      0.00      1.00      0.00      0.00      0.00

03:10:00 PM     CPU      %usr     %nice      %sys   %iowait    %steal      %irq     %soft    %guest    %gnice     %idle
03:10:01 PM      32     19.00      0.00     80.00      0.00      0.00      0.00      1.00      0.00      0.00      0.00
03:10:01 PM      33     20.00      0.00     79.00      0.00      0.00      0.00      1.00      0.00      0.00      0.00
03:10:01 PM      34     18.00      0.00     82.00      0.00      0.00      0.00      0.00      0.00      0.00      0.00
03:10:01 PM      35     18.18      0.00     81.82      0.00      0.00      0.00      0.00      0.00      0.00      0.00
03:10:01 PM      36     21.21      0.00     78.79      0.00      0.00      0.00      0.00      0.00      0.00      0.00
03:10:01 PM      37     24.00      0.00     75.00      0.00      0.00      0.00      1.00      0.00      0.00      0.00
03:10:01 PM      38     19.80      0.00     79.21      0.00      0.00      0.00      0.99      0.00      0.00      0.00
03:10:01 PM      39     17.00      0.00     82.00      0.00      0.00      0.00      1.00      0.00      0.00      0.00

03:10:01 PM     CPU      %usr     %nice      %sys   %iowait    %steal      %irq     %soft    %guest    %gnice     %idle
03:10:02 PM      32     21.78      0.00     78.22      0.00      0.00      0.00      0.00      0.00      0.00      0.00
03:10:02 PM      33     23.00      0.00     77.00      0.00      0.00      0.00      0.00      0.00      0.00      0.00
03:10:02 PM      34     27.00      0.00     72.00      0.00      0.00      0.00      1.00      0.00      0.00      0.00
03:10:02 PM      35     26.73      0.00     72.28      0.00      0.00      0.00      0.99      0.00      0.00      0.00
03:10:02 PM      36     22.77      0.00     76.24      0.00      0.00      0.00      0.99      0.00      0.00      0.00
03:10:02 PM      37     17.00      0.00     83.00      0.00      0.00      0.00      0.00      0.00      0.00      0.00
03:10:02 PM      38     16.00      0.00     84.00      0.00      0.00      0.00      0.00      0.00      0.00      0.00
03:10:02 PM      39     20.79      0.00     78.22      0.00      0.00      0.00      0.99      0.00      0.00      0.00

Average:        CPU      %usr     %nice      %sys   %iowait    %steal      %irq     %soft    %guest    %gnice     %idle
Average:         32     19.48      0.00     80.12      0.00      0.00      0.00      0.40      0.00      0.00      0.00
Average:         33     19.70      0.00     79.90      0.00      0.00      0.00      0.40      0.00      0.00      0.00
Average:         34     20.78      0.00     78.92      0.00      0.00      0.00      0.30      0.00      0.00      0.00
Average:         35     19.70      0.00     79.80      0.00      0.00      0.00      0.50      0.00      0.00      0.00
Average:         36     23.20      0.00     76.50      0.00      0.00      0.00      0.30      0.00      0.00      0.00
Average:         37     20.62      0.00     79.18      0.00      0.00      0.00      0.20      0.00      0.00      0.00
Average:         38     17.30      0.00     82.30      0.00      0.00      0.00      0.40      0.00      0.00      0.00
Average:         39     20.68      0.00     78.82      0.00      0.00      0.00      0.50      0.00      0.00      0.00
