Linux 6.12.0-rc5-nfoff-mitioff-ndsim-sv5 (cache-sql13432) 	11/03/2024 	_x86_64_	(64 CPU)

06:24:31 PM     CPU      %usr     %nice      %sys   %iowait    %steal      %irq     %soft    %guest    %gnice     %idle
06:24:32 PM      32     22.68      0.00     44.33      0.00      0.00      0.00     29.90      0.00      0.00      3.09
06:24:32 PM      33     15.00      0.00     43.00      0.00      0.00      0.00     42.00      0.00      0.00      0.00
06:24:32 PM      34     18.18      0.00     38.38      0.00      0.00      0.00     43.43      0.00      0.00      0.00
06:24:32 PM      35     15.00      0.00     48.00      0.00      0.00      0.00     36.00      0.00      0.00      1.00
06:24:32 PM      36     12.36      0.00     25.84      0.00      0.00      0.00     23.60      0.00      0.00     38.20
06:24:32 PM      37     15.15      0.00     47.47      0.00      0.00      0.00     37.37      0.00      0.00      0.00
06:24:32 PM      38     17.00      0.00     42.00      0.00      0.00      0.00     41.00      0.00      0.00      0.00
06:24:32 PM      39     14.85      0.00     43.56      0.00      0.00      0.00     41.58      0.00      0.00      0.00

06:24:32 PM     CPU      %usr     %nice      %sys   %iowait    %steal      %irq     %soft    %guest    %gnice     %idle
06:24:33 PM      32     16.09      0.00     44.83      0.00      0.00      0.00     26.44      0.00      0.00     12.64
06:24:33 PM      33     14.00      0.00     47.00      0.00      0.00      0.00     39.00      0.00      0.00      0.00
06:24:33 PM      34     10.89      0.00     38.61      0.00      0.00      0.00     49.50      0.00      0.00      0.99
06:24:33 PM      35     17.17      0.00     43.43      0.00      0.00      0.00     39.39      0.00      0.00      0.00
06:24:33 PM      36     12.50      0.00     54.17      0.00      0.00      0.00     32.29      0.00      0.00      1.04
06:24:33 PM      37     13.86      0.00     42.57      0.00      0.00      0.00     43.56      0.00      0.00      0.00
06:24:33 PM      38     15.84      0.00     51.49      0.00      0.00      0.00     32.67      0.00      0.00      0.00
06:24:33 PM      39     17.17      0.00     44.44      0.00      0.00      0.00     38.38      0.00      0.00      0.00

06:24:33 PM     CPU      %usr     %nice      %sys   %iowait    %steal      %irq     %soft    %guest    %gnice     %idle
06:24:34 PM      32     19.35      0.00     36.56      0.00      0.00      0.00     31.18      0.00      0.00     12.90
06:24:34 PM      33     13.00      0.00     48.00      0.00      0.00      0.00     39.00      0.00      0.00      0.00
06:24:34 PM      34     12.00      0.00     41.00      0.00      0.00      0.00     47.00      0.00      0.00      0.00
06:24:34 PM      35     19.00      0.00     41.00      0.00      0.00      0.00     40.00      0.00      0.00      0.00
06:24:34 PM      36     18.37      0.00     47.96      0.00      0.00      0.00     30.61      0.00      0.00      3.06
06:24:34 PM      37     12.12      0.00     36.36      0.00      0.00      0.00     51.52      0.00      0.00      0.00
06:24:34 PM      38     16.00      0.00     43.00      0.00      0.00      0.00     41.00      0.00      0.00      0.00
06:24:34 PM      39     17.00      0.00     41.00      0.00      0.00      0.00     42.00      0.00      0.00      0.00

06:24:34 PM     CPU      %usr     %nice      %sys   %iowait    %steal      %irq     %soft    %guest    %gnice     %idle
06:24:35 PM      32     20.00      0.00     35.56      0.00      0.00      0.00     32.22      0.00      0.00     12.22
06:24:35 PM      33     16.00      0.00     43.00      0.00      0.00      0.00     41.00      0.00      0.00      0.00
06:24:35 PM      34     12.00      0.00     39.00      0.00      0.00      0.00     49.00      0.00      0.00      0.00
06:24:35 PM      35     12.87      0.00     43.56      0.00      0.00      0.00     43.56      0.00      0.00      0.00
06:24:35 PM      36     14.58      0.00     48.96      0.00      0.00      0.00     34.38      0.00      0.00      2.08
06:24:35 PM      37     11.00      0.00     42.00      0.00      0.00      0.00     47.00      0.00      0.00      0.00
06:24:35 PM      38     15.00      0.00     43.00      0.00      0.00      0.00     42.00      0.00      0.00      0.00
06:24:35 PM      39     20.79      0.00     38.61      0.00      0.00      0.00     40.59      0.00      0.00      0.00

06:24:35 PM     CPU      %usr     %nice      %sys   %iowait    %steal      %irq     %soft    %guest    %gnice     %idle
06:24:36 PM      32     23.40      0.00     38.30      0.00      0.00      0.00     25.53      0.00      0.00     12.77
06:24:36 PM      33     16.00      0.00     41.00      0.00      0.00      0.00     43.00      0.00      0.00      0.00
06:24:36 PM      34     13.86      0.00     34.65      0.00      0.00      0.00     51.49      0.00      0.00      0.00
06:24:36 PM      35     12.00      0.00     43.00      0.00      0.00      0.00     45.00      0.00      0.00      0.00
06:24:36 PM      36     16.16      0.00     52.53      0.00      0.00      0.00     28.28      0.00      0.00      3.03
06:24:36 PM      37     16.00      0.00     40.00      0.00      0.00      0.00     44.00      0.00      0.00      0.00
06:24:36 PM      38     15.00      0.00     45.00      0.00      0.00      0.00     40.00      0.00      0.00      0.00
06:24:36 PM      39     14.00      0.00     44.00      0.00      0.00      0.00     42.00      0.00      0.00      0.00

06:24:36 PM     CPU      %usr     %nice      %sys   %iowait    %steal      %irq     %soft    %guest    %gnice     %idle
06:24:37 PM      32     18.18      0.00     35.23      0.00      0.00      0.00     32.95      0.00      0.00     13.64
06:24:37 PM      33     18.00      0.00     40.00      0.00      0.00      0.00     42.00      0.00      0.00      0.00
06:24:37 PM      34     16.16      0.00     36.36      0.00      0.00      0.00     47.47      0.00      0.00      0.00
06:24:37 PM      35     14.14      0.00     39.39      0.00      0.00      0.00     46.46      0.00      0.00      0.00
06:24:37 PM      36     16.13      0.00     51.61      0.00      0.00      0.00     30.11      0.00      0.00      2.15
06:24:37 PM      37     14.85      0.00     39.60      0.00      0.00      0.00     45.54      0.00      0.00      0.00
06:24:37 PM      38     17.00      0.00     48.00      0.00      0.00      0.00     35.00      0.00      0.00      0.00
06:24:37 PM      39     15.00      0.00     46.00      0.00      0.00      0.00     39.00      0.00      0.00      0.00

06:24:37 PM     CPU      %usr     %nice      %sys   %iowait    %steal      %irq     %soft    %guest    %gnice     %idle
06:24:38 PM      32     17.78      0.00     42.22      0.00      0.00      0.00     26.67      0.00      0.00     13.33
06:24:38 PM      33     13.00      0.00     48.00      0.00      0.00      0.00     39.00      0.00      0.00      0.00
06:24:38 PM      34     13.00      0.00     41.00      0.00      0.00      0.00     46.00      0.00      0.00      0.00
06:24:38 PM      35     15.84      0.00     42.57      0.00      0.00      0.00     41.58      0.00      0.00      0.00
06:24:38 PM      36     18.18      0.00     51.52      0.00      0.00      0.00     28.28      0.00      0.00      2.02
06:24:38 PM      37     19.19      0.00     36.36      0.00      0.00      0.00     44.44      0.00      0.00      0.00
06:24:38 PM      38     12.12      0.00     49.49      0.00      0.00      0.00     38.38      0.00      0.00      0.00
06:24:38 PM      39     18.00      0.00     45.00      0.00      0.00      0.00     37.00      0.00      0.00      0.00

06:24:38 PM     CPU      %usr     %nice      %sys   %iowait    %steal      %irq     %soft    %guest    %gnice     %idle
06:24:39 PM      32     21.88      0.00     37.50      0.00      0.00      0.00     29.17      0.00      0.00     11.46
06:24:39 PM      33     15.00      0.00     44.00      0.00      0.00      0.00     41.00      0.00      0.00      0.00
06:24:39 PM      34     12.00      0.00     41.00      0.00      0.00      0.00     47.00      0.00      0.00      0.00
06:24:39 PM      35     12.12      0.00     44.44      0.00      0.00      0.00     43.43      0.00      0.00      0.00
06:24:39 PM      36     15.62      0.00     50.00      0.00      0.00      0.00     32.29      0.00      0.00      2.08
06:24:39 PM      37     15.84      0.00     37.62      0.00      0.00      0.00     46.53      0.00      0.00      0.00
06:24:39 PM      38     19.80      0.00     42.57      0.00      0.00      0.00     37.62      0.00      0.00      0.00
06:24:39 PM      39     18.18      0.00     46.46      0.00      0.00      0.00     35.35      0.00      0.00      0.00

06:24:39 PM     CPU      %usr     %nice      %sys   %iowait    %steal      %irq     %soft    %guest    %gnice     %idle
06:24:40 PM      32     18.68      0.00     42.86      0.00      0.00      0.00     26.37      0.00      0.00     12.09
06:24:40 PM      33     18.18      0.00     42.42      0.00      0.00      0.00     39.39      0.00      0.00      0.00
06:24:40 PM      34     11.00      0.00     35.00      0.00      0.00      0.00     54.00      0.00      0.00      0.00
06:24:40 PM      35     16.83      0.00     45.54      0.00      0.00      0.00     37.62      0.00      0.00      0.00
06:24:40 PM      36     16.84      0.00     46.32      0.00      0.00      0.00     33.68      0.00      0.00      3.16
06:24:40 PM      37     18.18      0.00     39.39      0.00      0.00      0.00     42.42      0.00      0.00      0.00
06:24:40 PM      38     17.17      0.00     45.45      0.00      0.00      0.00     37.37      0.00      0.00      0.00
06:24:40 PM      39     15.84      0.00     38.61      0.00      0.00      0.00     45.54      0.00      0.00      0.00

06:24:40 PM     CPU      %usr     %nice      %sys   %iowait    %steal      %irq     %soft    %guest    %gnice     %idle
06:24:41 PM      32     15.22      0.00     30.43      0.00      0.00      0.00     42.39      0.00      0.00     11.96
06:24:41 PM      33     12.00      0.00     42.00      0.00      0.00      0.00     46.00      0.00      0.00      0.00
06:24:41 PM      34     10.89      0.00     39.60      0.00      0.00      0.00     49.50      0.00      0.00      0.00
06:24:41 PM      35     11.00      0.00     39.00      0.00      0.00      0.00     50.00      0.00      0.00      0.00
06:24:41 PM      36     20.20      0.00     41.41      0.00      0.00      0.00     36.36      0.00      0.00      2.02
06:24:41 PM      37     20.00      0.00     37.00      0.00      0.00      0.00     43.00      0.00      0.00      0.00
06:24:41 PM      38     15.00      0.00     41.00      0.00      0.00      0.00     44.00      0.00      0.00      0.00
06:24:41 PM      39     19.19      0.00     42.42      0.00      0.00      0.00     38.38      0.00      0.00      0.00

Average:        CPU      %usr     %nice      %sys   %iowait    %steal      %irq     %soft    %guest    %gnice     %idle
Average:         32     19.39      0.00     38.78      0.00      0.00      0.00     30.28      0.00      0.00     11.55
Average:         33     15.02      0.00     43.84      0.00      0.00      0.00     41.14      0.00      0.00      0.00
Average:         34     12.99      0.00     38.46      0.00      0.00      0.00     48.45      0.00      0.00      0.10
Average:         35     14.60      0.00     43.00      0.00      0.00      0.00     42.30      0.00      0.00      0.10
Average:         36     16.15      0.00     47.19      0.00      0.00      0.00     31.04      0.00      0.00      5.62
Average:         37     15.62      0.00     39.84      0.00      0.00      0.00     44.54      0.00      0.00      0.00
Average:         38     16.00      0.00     45.10      0.00      0.00      0.00     38.90      0.00      0.00      0.00
Average:         39     17.00      0.00     43.00      0.00      0.00      0.00     40.00      0.00      0.00      0.00
