Linux 6.12.0-rc5-nfoff-mitioff-ndsim-sv5 (cache-sql13432) 	11/03/2024 	_x86_64_	(64 CPU)

05:00:22 PM     CPU      %usr     %nice      %sys   %iowait    %steal      %irq     %soft    %guest    %gnice     %idle
05:00:23 PM      32     17.00      0.00     50.00      0.00      0.00      0.00     33.00      0.00      0.00      0.00
05:00:23 PM      33     14.00      0.00     38.00      0.00      0.00      0.00     48.00      0.00      0.00      0.00
05:00:23 PM      34     14.00      0.00     40.00      0.00      0.00      0.00     46.00      0.00      0.00      0.00
05:00:23 PM      35     24.00      0.00     45.00      0.00      0.00      0.00     31.00      0.00      0.00      0.00
05:00:23 PM      36     22.77      0.00     50.50      0.00      0.00      0.00     25.74      0.00      0.00      0.99
05:00:23 PM      37     16.00      0.00     35.00      0.00      0.00      0.00     49.00      0.00      0.00      0.00
05:00:23 PM      38     17.00      0.00     48.00      0.00      0.00      0.00     35.00      0.00      0.00      0.00
05:00:23 PM      39     18.81      0.00     48.51      0.00      0.00      0.00     32.67      0.00      0.00      0.00

05:00:23 PM     CPU      %usr     %nice      %sys   %iowait    %steal      %irq     %soft    %guest    %gnice     %idle
05:00:24 PM      32     19.00      0.00     49.00      0.00      0.00      0.00     32.00      0.00      0.00      0.00
05:00:24 PM      33     12.00      0.00     41.00      0.00      0.00      0.00     47.00      0.00      0.00      0.00
05:00:24 PM      34     11.00      0.00     34.00      0.00      0.00      0.00     55.00      0.00      0.00      0.00
05:00:24 PM      35     21.00      0.00     43.00      0.00      0.00      0.00     36.00      0.00      0.00      0.00
05:00:24 PM      36     22.00      0.00     50.00      0.00      0.00      0.00     28.00      0.00      0.00      0.00
05:00:24 PM      37     11.11      0.00     32.32      0.00      0.00      0.00     56.57      0.00      0.00      0.00
05:00:24 PM      38     19.80      0.00     44.55      0.00      0.00      0.00     35.64      0.00      0.00      0.00
05:00:24 PM      39     16.16      0.00     50.51      0.00      0.00      0.00     33.33      0.00      0.00      0.00

05:00:24 PM     CPU      %usr     %nice      %sys   %iowait    %steal      %irq     %soft    %guest    %gnice     %idle
05:00:25 PM      32     21.00      0.00     49.00      0.00      0.00      0.00     30.00      0.00      0.00      0.00
05:00:25 PM      33     10.00      0.00     40.00      0.00      0.00      0.00     50.00      0.00      0.00      0.00
05:00:25 PM      34     12.87      0.00     35.64      0.00      0.00      0.00     51.49      0.00      0.00      0.00
05:00:25 PM      35     24.00      0.00     38.00      0.00      0.00      0.00     38.00      0.00      0.00      0.00
05:00:25 PM      36     18.00      0.00     55.00      0.00      0.00      0.00     27.00      0.00      0.00      0.00
05:00:25 PM      37     14.00      0.00     33.00      0.00      0.00      0.00     53.00      0.00      0.00      0.00
05:00:25 PM      38     19.00      0.00     47.00      0.00      0.00      0.00     34.00      0.00      0.00      0.00
05:00:25 PM      39     17.00      0.00     51.00      0.00      0.00      0.00     32.00      0.00      0.00      0.00

05:00:25 PM     CPU      %usr     %nice      %sys   %iowait    %steal      %irq     %soft    %guest    %gnice     %idle
05:00:26 PM      32     19.00      0.00     53.00      0.00      0.00      0.00     28.00      0.00      0.00      0.00
05:00:26 PM      33     17.17      0.00     36.36      0.00      0.00      0.00     46.46      0.00      0.00      0.00
05:00:26 PM      34     15.00      0.00     37.00      0.00      0.00      0.00     48.00      0.00      0.00      0.00
05:00:26 PM      35     17.82      0.00     47.52      0.00      0.00      0.00     33.66      0.00      0.00      0.99
05:00:26 PM      36     18.00      0.00     54.00      0.00      0.00      0.00     28.00      0.00      0.00      0.00
05:00:26 PM      37     14.14      0.00     30.30      0.00      0.00      0.00     55.56      0.00      0.00      0.00
05:00:26 PM      38     21.21      0.00     39.39      0.00      0.00      0.00     39.39      0.00      0.00      0.00
05:00:26 PM      39     15.00      0.00     46.00      0.00      0.00      0.00     39.00      0.00      0.00      0.00

05:00:26 PM     CPU      %usr     %nice      %sys   %iowait    %steal      %irq     %soft    %guest    %gnice     %idle
05:00:27 PM      32     17.00      0.00     57.00      0.00      0.00      0.00     26.00      0.00      0.00      0.00
05:00:27 PM      33     14.85      0.00     37.62      0.00      0.00      0.00     47.52      0.00      0.00      0.00
05:00:27 PM      34     13.13      0.00     35.35      0.00      0.00      0.00     51.52      0.00      0.00      0.00
05:00:27 PM      35     21.21      0.00     41.41      0.00      0.00      0.00     37.37      0.00      0.00      0.00
05:00:27 PM      36     18.18      0.00     54.55      0.00      0.00      0.00     27.27      0.00      0.00      0.00
05:00:27 PM      37     13.86      0.00     30.69      0.00      0.00      0.00     55.45      0.00      0.00      0.00
05:00:27 PM      38     21.00      0.00     42.00      0.00      0.00      0.00     37.00      0.00      0.00      0.00
05:00:27 PM      39     14.14      0.00     49.49      0.00      0.00      0.00     36.36      0.00      0.00      0.00

05:00:27 PM     CPU      %usr     %nice      %sys   %iowait    %steal      %irq     %soft    %guest    %gnice     %idle
05:00:28 PM      32     19.00      0.00     52.00      0.00      0.00      0.00     29.00      0.00      0.00      0.00
05:00:28 PM      33     16.00      0.00     43.00      0.00      0.00      0.00     41.00      0.00      0.00      0.00
05:00:28 PM      34     19.80      0.00     34.65      0.00      0.00      0.00     45.54      0.00      0.00      0.00
05:00:28 PM      35     19.00      0.00     45.00      0.00      0.00      0.00     36.00      0.00      0.00      0.00
05:00:28 PM      36     19.80      0.00     50.50      0.00      0.00      0.00     29.70      0.00      0.00      0.00
05:00:28 PM      37     18.00      0.00     31.00      0.00      0.00      0.00     51.00      0.00      0.00      0.00
05:00:28 PM      38     20.00      0.00     43.00      0.00      0.00      0.00     37.00      0.00      0.00      0.00
05:00:28 PM      39     14.85      0.00     51.49      0.00      0.00      0.00     33.66      0.00      0.00      0.00

05:00:28 PM     CPU      %usr     %nice      %sys   %iowait    %steal      %irq     %soft    %guest    %gnice     %idle
05:00:29 PM      32     16.00      0.00     51.00      0.00      0.00      0.00     33.00      0.00      0.00      0.00
05:00:29 PM      33     14.14      0.00     36.36      0.00      0.00      0.00     49.49      0.00      0.00      0.00
05:00:29 PM      34     15.15      0.00     33.33      0.00      0.00      0.00     51.52      0.00      0.00      0.00
05:00:29 PM      35     19.00      0.00     49.00      0.00      0.00      0.00     32.00      0.00      0.00      0.00
05:00:29 PM      36     19.00      0.00     48.00      0.00      0.00      0.00     33.00      0.00      0.00      0.00
05:00:29 PM      37     14.00      0.00     36.00      0.00      0.00      0.00     50.00      0.00      0.00      0.00
05:00:29 PM      38     19.80      0.00     39.60      0.00      0.00      0.00     40.59      0.00      0.00      0.00
05:00:29 PM      39     17.00      0.00     50.00      0.00      0.00      0.00     33.00      0.00      0.00      0.00

05:00:29 PM     CPU      %usr     %nice      %sys   %iowait    %steal      %irq     %soft    %guest    %gnice     %idle
05:00:30 PM      32     17.82      0.00     49.50      0.00      0.00      0.00     31.68      0.00      0.00      0.99
05:00:30 PM      33     14.00      0.00     36.00      0.00      0.00      0.00     50.00      0.00      0.00      0.00
05:00:30 PM      34     15.84      0.00     31.68      0.00      0.00      0.00     52.48      0.00      0.00      0.00
05:00:30 PM      35     19.80      0.00     44.55      0.00      0.00      0.00     35.64      0.00      0.00      0.00
05:00:30 PM      36     17.00      0.00     56.00      0.00      0.00      0.00     27.00      0.00      0.00      0.00
05:00:30 PM      37     13.86      0.00     40.59      0.00      0.00      0.00     45.54      0.00      0.00      0.00
05:00:30 PM      38     19.19      0.00     41.41      0.00      0.00      0.00     39.39      0.00      0.00      0.00
05:00:30 PM      39     16.16      0.00     42.42      0.00      0.00      0.00     41.41      0.00      0.00      0.00

05:00:30 PM     CPU      %usr     %nice      %sys   %iowait    %steal      %irq     %soft    %guest    %gnice     %idle
05:00:31 PM      32     24.00      0.00     50.00      0.00      0.00      0.00     26.00      0.00      0.00      0.00
05:00:31 PM      33     14.00      0.00     43.00      0.00      0.00      0.00     43.00      0.00      0.00      0.00
05:00:31 PM      34     16.16      0.00     34.34      0.00      0.00      0.00     49.49      0.00      0.00      0.00
05:00:31 PM      35     20.00      0.00     50.00      0.00      0.00      0.00     30.00      0.00      0.00      0.00
05:00:31 PM      36     15.15      0.00     55.56      0.00      0.00      0.00     29.29      0.00      0.00      0.00
05:00:31 PM      37     17.17      0.00     31.31      0.00      0.00      0.00     51.52      0.00      0.00      0.00
05:00:31 PM      38     16.83      0.00     41.58      0.00      0.00      0.00     41.58      0.00      0.00      0.00
05:00:31 PM      39     15.00      0.00     48.00      0.00      0.00      0.00     37.00      0.00      0.00      0.00

05:00:31 PM     CPU      %usr     %nice      %sys   %iowait    %steal      %irq     %soft    %guest    %gnice     %idle
05:00:32 PM      32     19.00      0.00     50.00      0.00      0.00      0.00     31.00      0.00      0.00      0.00
05:00:32 PM      33     12.00      0.00     41.00      0.00      0.00      0.00     47.00      0.00      0.00      0.00
05:00:32 PM      34     11.88      0.00     33.66      0.00      0.00      0.00     53.47      0.00      0.00      0.99
05:00:32 PM      35     21.21      0.00     40.40      0.00      0.00      0.00     38.38      0.00      0.00      0.00
05:00:32 PM      36     19.00      0.00     51.00      0.00      0.00      0.00     30.00      0.00      0.00      0.00
05:00:32 PM      37     13.00      0.00     38.00      0.00      0.00      0.00     49.00      0.00      0.00      0.00
05:00:32 PM      38     21.43      0.00     36.73      0.00      0.00      0.00     41.84      0.00      0.00      0.00
05:00:32 PM      39     19.80      0.00     51.49      0.00      0.00      0.00     28.71      0.00      0.00      0.00

Average:        CPU      %usr     %nice      %sys   %iowait    %steal      %irq     %soft    %guest    %gnice     %idle
Average:         32     18.88      0.00     51.05      0.00      0.00      0.00     29.97      0.00      0.00      0.10
Average:         33     13.81      0.00     39.24      0.00      0.00      0.00     46.95      0.00      0.00      0.00
Average:         34     14.49      0.00     34.97      0.00      0.00      0.00     50.45      0.00      0.00      0.10
Average:         35     20.70      0.00     44.40      0.00      0.00      0.00     34.80      0.00      0.00      0.10
Average:         36     18.90      0.00     52.50      0.00      0.00      0.00     28.50      0.00      0.00      0.10
Average:         37     14.51      0.00     33.83      0.00      0.00      0.00     51.65      0.00      0.00      0.00
Average:         38     19.52      0.00     42.34      0.00      0.00      0.00     38.14      0.00      0.00      0.00
Average:         39     16.40      0.00     48.90      0.00      0.00      0.00     34.70      0.00      0.00      0.00
