Linux 6.12.0-rc5-nfoff-mitioff-ndsim-sv5 (cache-sql13432) 	11/03/2024 	_x86_64_	(64 CPU)

08:25:08 AM     CPU      %usr     %nice      %sys   %iowait    %steal      %irq     %soft    %guest    %gnice     %idle
08:25:09 AM      32      8.00      0.00     92.00      0.00      0.00      0.00      0.00      0.00      0.00      0.00
08:25:09 AM      33      7.00      0.00     93.00      0.00      0.00      0.00      0.00      0.00      0.00      0.00
08:25:09 AM      34      7.00      0.00     93.00      0.00      0.00      0.00      0.00      0.00      0.00      0.00
08:25:09 AM      35      5.00      0.00     95.00      0.00      0.00      0.00      0.00      0.00      0.00      0.00
08:25:09 AM      36      8.00      0.00     92.00      0.00      0.00      0.00      0.00      0.00      0.00      0.00
08:25:09 AM      37      7.00      0.00     93.00      0.00      0.00      0.00      0.00      0.00      0.00      0.00
08:25:09 AM      38      3.96      0.00     96.04      0.00      0.00      0.00      0.00      0.00      0.00      0.00
08:25:09 AM      39      7.00      0.00     93.00      0.00      0.00      0.00      0.00      0.00      0.00      0.00

08:25:09 AM     CPU      %usr     %nice      %sys   %iowait    %steal      %irq     %soft    %guest    %gnice     %idle
08:25:10 AM      32      6.00      0.00     94.00      0.00      0.00      0.00      0.00      0.00      0.00      0.00
08:25:10 AM      33      5.00      0.00     94.00      0.00      0.00      0.00      1.00      0.00      0.00      0.00
08:25:10 AM      34      7.00      0.00     93.00      0.00      0.00      0.00      0.00      0.00      0.00      0.00
08:25:10 AM      35      6.93      0.00     92.08      0.00      0.00      0.00      0.99      0.00      0.00      0.00
08:25:10 AM      36      7.00      0.00     93.00      0.00      0.00      0.00      0.00      0.00      0.00      0.00
08:25:10 AM      37      6.00      0.00     94.00      0.00      0.00      0.00      0.00      0.00      0.00      0.00
08:25:10 AM      38      5.05      0.00     94.95      0.00      0.00      0.00      0.00      0.00      0.00      0.00
08:25:10 AM      39      8.00      0.00     92.00      0.00      0.00      0.00      0.00      0.00      0.00      0.00

08:25:10 AM     CPU      %usr     %nice      %sys   %iowait    %steal      %irq     %soft    %guest    %gnice     %idle
08:25:11 AM      32      5.00      0.00     95.00      0.00      0.00      0.00      0.00      0.00      0.00      0.00
08:25:11 AM      33      9.90      0.00     90.10      0.00      0.00      0.00      0.00      0.00      0.00      0.00
08:25:11 AM      34      7.00      0.00     92.00      0.00      0.00      0.00      1.00      0.00      0.00      0.00
08:25:11 AM      35      3.00      0.00     97.00      0.00      0.00      0.00      0.00      0.00      0.00      0.00
08:25:11 AM      36      6.00      0.00     94.00      0.00      0.00      0.00      0.00      0.00      0.00      0.00
08:25:11 AM      37      6.00      0.00     94.00      0.00      0.00      0.00      0.00      0.00      0.00      0.00
08:25:11 AM      38      7.00      0.00     93.00      0.00      0.00      0.00      0.00      0.00      0.00      0.00
08:25:11 AM      39      8.00      0.00     92.00      0.00      0.00      0.00      0.00      0.00      0.00      0.00

08:25:11 AM     CPU      %usr     %nice      %sys   %iowait    %steal      %irq     %soft    %guest    %gnice     %idle
08:25:12 AM      32      5.00      0.00     95.00      0.00      0.00      0.00      0.00      0.00      0.00      0.00
08:25:12 AM      33      5.00      0.00     95.00      0.00      0.00      0.00      0.00      0.00      0.00      0.00
08:25:12 AM      34      5.00      0.00     95.00      0.00      0.00      0.00      0.00      0.00      0.00      0.00
08:25:12 AM      35      7.00      0.00     93.00      0.00      0.00      0.00      0.00      0.00      0.00      0.00
08:25:12 AM      36      9.00      0.00     91.00      0.00      0.00      0.00      0.00      0.00      0.00      0.00
08:25:12 AM      37      6.00      0.00     94.00      0.00      0.00      0.00      0.00      0.00      0.00      0.00
08:25:12 AM      38      6.00      0.00     93.00      0.00      0.00      0.00      1.00      0.00      0.00      0.00
08:25:12 AM      39      5.00      0.00     94.00      0.00      0.00      0.00      1.00      0.00      0.00      0.00

08:25:12 AM     CPU      %usr     %nice      %sys   %iowait    %steal      %irq     %soft    %guest    %gnice     %idle
08:25:13 AM      32      7.00      0.00     93.00      0.00      0.00      0.00      0.00      0.00      0.00      0.00
08:25:13 AM      33      5.00      0.00     95.00      0.00      0.00      0.00      0.00      0.00      0.00      0.00
08:25:13 AM      34      6.00      0.00     94.00      0.00      0.00      0.00      0.00      0.00      0.00      0.00
08:25:13 AM      35      8.08      0.00     91.92      0.00      0.00      0.00      0.00      0.00      0.00      0.00
08:25:13 AM      36      4.00      0.00     96.00      0.00      0.00      0.00      0.00      0.00      0.00      0.00
08:25:13 AM      37      6.06      0.00     93.94      0.00      0.00      0.00      0.00      0.00      0.00      0.00
08:25:13 AM      38      9.90      0.00     90.10      0.00      0.00      0.00      0.00      0.00      0.00      0.00
08:25:13 AM      39      6.00      0.00     94.00      0.00      0.00      0.00      0.00      0.00      0.00      0.00

08:25:13 AM     CPU      %usr     %nice      %sys   %iowait    %steal      %irq     %soft    %guest    %gnice     %idle
08:25:14 AM      32      5.00      0.00     95.00      0.00      0.00      0.00      0.00      0.00      0.00      0.00
08:25:14 AM      33      5.05      0.00     94.95      0.00      0.00      0.00      0.00      0.00      0.00      0.00
08:25:14 AM      34      5.05      0.00     94.95      0.00      0.00      0.00      0.00      0.00      0.00      0.00
08:25:14 AM      35      4.95      0.00     95.05      0.00      0.00      0.00      0.00      0.00      0.00      0.00
08:25:14 AM      36      7.00      0.00     93.00      0.00      0.00      0.00      0.00      0.00      0.00      0.00
08:25:14 AM      37      8.00      0.00     92.00      0.00      0.00      0.00      0.00      0.00      0.00      0.00
08:25:14 AM      38      6.00      0.00     94.00      0.00      0.00      0.00      0.00      0.00      0.00      0.00
08:25:14 AM      39     10.00      0.00     90.00      0.00      0.00      0.00      0.00      0.00      0.00      0.00

08:25:14 AM     CPU      %usr     %nice      %sys   %iowait    %steal      %irq     %soft    %guest    %gnice     %idle
08:25:15 AM      32      6.00      0.00     94.00      0.00      0.00      0.00      0.00      0.00      0.00      0.00
08:25:15 AM      33      7.00      0.00     93.00      0.00      0.00      0.00      0.00      0.00      0.00      0.00
08:25:15 AM      34      8.91      0.00     90.10      0.00      0.00      0.00      0.99      0.00      0.00      0.00
08:25:15 AM      35      6.06      0.00     93.94      0.00      0.00      0.00      0.00      0.00      0.00      0.00
08:25:15 AM      36      4.00      0.00     96.00      0.00      0.00      0.00      0.00      0.00      0.00      0.00
08:25:15 AM      37      7.92      0.00     92.08      0.00      0.00      0.00      0.00      0.00      0.00      0.00
08:25:15 AM      38      5.05      0.00     94.95      0.00      0.00      0.00      0.00      0.00      0.00      0.00
08:25:15 AM      39      5.00      0.00     95.00      0.00      0.00      0.00      0.00      0.00      0.00      0.00

08:25:15 AM     CPU      %usr     %nice      %sys   %iowait    %steal      %irq     %soft    %guest    %gnice     %idle
08:25:16 AM      32      6.06      0.00     93.94      0.00      0.00      0.00      0.00      0.00      0.00      0.00
08:25:16 AM      33      5.00      0.00     95.00      0.00      0.00      0.00      0.00      0.00      0.00      0.00
08:25:16 AM      34      7.00      0.00     93.00      0.00      0.00      0.00      0.00      0.00      0.00      0.00
08:25:16 AM      35      4.95      0.00     95.05      0.00      0.00      0.00      0.00      0.00      0.00      0.00
08:25:16 AM      36      6.00      0.00     94.00      0.00      0.00      0.00      0.00      0.00      0.00      0.00
08:25:16 AM      37      4.00      0.00     96.00      0.00      0.00      0.00      0.00      0.00      0.00      0.00
08:25:16 AM      38      6.00      0.00     94.00      0.00      0.00      0.00      0.00      0.00      0.00      0.00
08:25:16 AM      39      6.00      0.00     94.00      0.00      0.00      0.00      0.00      0.00      0.00      0.00

08:25:16 AM     CPU      %usr     %nice      %sys   %iowait    %steal      %irq     %soft    %guest    %gnice     %idle
08:25:17 AM      32      5.94      0.00     94.06      0.00      0.00      0.00      0.00      0.00      0.00      0.00
08:25:17 AM      33      6.00      0.00     94.00      0.00      0.00      0.00      0.00      0.00      0.00      0.00
08:25:17 AM      34      6.93      0.00     93.07      0.00      0.00      0.00      0.00      0.00      0.00      0.00
08:25:17 AM      35      4.04      0.00     95.96      0.00      0.00      0.00      0.00      0.00      0.00      0.00
08:25:17 AM      36      9.00      0.00     91.00      0.00      0.00      0.00      0.00      0.00      0.00      0.00
08:25:17 AM      37      7.00      0.00     93.00      0.00      0.00      0.00      0.00      0.00      0.00      0.00
08:25:17 AM      38      6.00      0.00     94.00      0.00      0.00      0.00      0.00      0.00      0.00      0.00
08:25:17 AM      39      9.09      0.00     90.91      0.00      0.00      0.00      0.00      0.00      0.00      0.00

08:25:17 AM     CPU      %usr     %nice      %sys   %iowait    %steal      %irq     %soft    %guest    %gnice     %idle
08:25:18 AM      32      6.00      0.00     94.00      0.00      0.00      0.00      0.00      0.00      0.00      0.00
08:25:18 AM      33      3.00      0.00     97.00      0.00      0.00      0.00      0.00      0.00      0.00      0.00
08:25:18 AM      34      6.00      0.00     94.00      0.00      0.00      0.00      0.00      0.00      0.00      0.00
08:25:18 AM      35      4.95      0.00     95.05      0.00      0.00      0.00      0.00      0.00      0.00      0.00
08:25:18 AM      36      8.00      0.00     91.00      0.00      0.00      0.00      1.00      0.00      0.00      0.00
08:25:18 AM      37      5.05      0.00     94.95      0.00      0.00      0.00      0.00      0.00      0.00      0.00
08:25:18 AM      38      8.00      0.00     92.00      0.00      0.00      0.00      0.00      0.00      0.00      0.00
08:25:18 AM      39      8.91      0.00     91.09      0.00      0.00      0.00      0.00      0.00      0.00      0.00

Average:        CPU      %usr     %nice      %sys   %iowait    %steal      %irq     %soft    %guest    %gnice     %idle
Average:         32      6.00      0.00     94.00      0.00      0.00      0.00      0.00      0.00      0.00      0.00
Average:         33      5.80      0.00     94.10      0.00      0.00      0.00      0.10      0.00      0.00      0.00
Average:         34      6.59      0.00     93.21      0.00      0.00      0.00      0.20      0.00      0.00      0.00
Average:         35      5.49      0.00     94.41      0.00      0.00      0.00      0.10      0.00      0.00      0.00
Average:         36      6.80      0.00     93.10      0.00      0.00      0.00      0.10      0.00      0.00      0.00
Average:         37      6.31      0.00     93.69      0.00      0.00      0.00      0.00      0.00      0.00      0.00
Average:         38      6.30      0.00     93.60      0.00      0.00      0.00      0.10      0.00      0.00      0.00
Average:         39      7.30      0.00     92.60      0.00      0.00      0.00      0.10      0.00      0.00      0.00
