Linux 6.12.0-rc5-nfoff-mitioff-ndsim-sv5 (cache-sql13432) 	11/03/2024 	_x86_64_	(64 CPU)

12:13:26 PM     CPU      %usr     %nice      %sys   %iowait    %steal      %irq     %soft    %guest    %gnice     %idle
12:13:27 PM      32      5.94      0.00     22.77      0.00      0.00      0.00      9.90      0.00      0.00     61.39
12:13:27 PM      33      5.05      0.00     16.16      0.00      0.00      0.00     12.12      0.00      0.00     66.67
12:13:27 PM      34      4.30      0.00     21.51      1.08      0.00      0.00      4.30      0.00      0.00     68.82
12:13:27 PM      35      5.05      0.00     22.22      0.00      0.00      0.00      7.07      0.00      0.00     65.66
12:13:27 PM      36      3.41      0.00     17.05      0.00      0.00      0.00      9.09      0.00      0.00     70.45
12:13:27 PM      37     10.00      0.00     17.00      0.00      0.00      0.00      6.00      0.00      0.00     67.00
12:13:27 PM      38      8.00      0.00     22.00      0.00      0.00      0.00      5.00      0.00      0.00     65.00
12:13:27 PM      39      5.15      0.00     22.68      0.00      0.00      0.00      7.22      0.00      0.00     64.95

12:13:27 PM     CPU      %usr     %nice      %sys   %iowait    %steal      %irq     %soft    %guest    %gnice     %idle
12:13:28 PM      32      4.17      0.00     22.92      0.00      0.00      0.00      8.33      0.00      0.00     64.58
12:13:28 PM      33      5.94      0.00     21.78      0.00      0.00      0.00      7.92      0.00      0.00     64.36
12:13:28 PM      34      7.00      0.00     19.00      0.00      0.00      0.00     10.00      0.00      0.00     64.00
12:13:28 PM      35      6.12      0.00     20.41      0.00      0.00      0.00      6.12      0.00      0.00     67.35
12:13:28 PM      36      7.00      0.00     26.00      0.00      0.00      0.00      7.00      0.00      0.00     60.00
12:13:28 PM      37      8.08      0.00     20.20      0.00      0.00      0.00      4.04      0.00      0.00     67.68
12:13:28 PM      38      5.10      0.00     18.37      0.00      0.00      0.00      8.16      0.00      0.00     68.37
12:13:28 PM      39      3.03      0.00     22.22      0.00      0.00      0.00      9.09      0.00      0.00     65.66

12:13:28 PM     CPU      %usr     %nice      %sys   %iowait    %steal      %irq     %soft    %guest    %gnice     %idle
12:13:29 PM      32      6.12      0.00     20.41      0.00      0.00      0.00      8.16      0.00      0.00     65.31
12:13:29 PM      33      6.25      0.00     17.71      0.00      0.00      0.00      6.25      0.00      0.00     69.79
12:13:29 PM      34      8.08      0.00     22.22      0.00      0.00      0.00      6.06      0.00      0.00     63.64
12:13:29 PM      35      8.42      0.00     12.63      0.00      0.00      0.00      9.47      0.00      0.00     69.47
12:13:29 PM      36      9.09      0.00     20.20      0.00      0.00      0.00      7.07      0.00      0.00     63.64
12:13:29 PM      37      4.17      0.00     19.79      0.00      0.00      0.00      7.29      0.00      0.00     68.75
12:13:29 PM      38     10.10      0.00     16.16      0.00      0.00      0.00      7.07      0.00      0.00     66.67
12:13:29 PM      39      4.95      0.00     23.76      0.00      0.00      0.00      7.92      0.00      0.00     63.37

12:13:29 PM     CPU      %usr     %nice      %sys   %iowait    %steal      %irq     %soft    %guest    %gnice     %idle
12:13:30 PM      32      5.94      0.00     22.77      0.00      0.00      0.00      8.91      0.00      0.00     62.38
12:13:30 PM      33      6.19      0.00     18.56      0.00      0.00      0.00      5.15      0.00      0.00     70.10
12:13:30 PM      34      9.18      0.00     22.45      0.00      0.00      0.00      5.10      0.00      0.00     63.27
12:13:30 PM      35      4.21      0.00     20.00      0.00      0.00      0.00      6.32      0.00      0.00     69.47
12:13:30 PM      36      4.17      0.00     25.00      0.00      0.00      0.00      5.21      0.00      0.00     65.62
12:13:30 PM      37      6.19      0.00     17.53      0.00      0.00      0.00      7.22      0.00      0.00     69.07
12:13:30 PM      38      7.53      0.00     17.20      0.00      0.00      0.00      5.38      0.00      0.00     69.89
12:13:30 PM      39      6.19      0.00     20.62      0.00      0.00      0.00      6.19      0.00      0.00     67.01

12:13:30 PM     CPU      %usr     %nice      %sys   %iowait    %steal      %irq     %soft    %guest    %gnice     %idle
12:13:31 PM      32      6.12      0.00     23.47      0.00      0.00      0.00      5.10      0.00      0.00     65.31
12:13:31 PM      33      4.85      0.00     23.30      0.00      0.00      0.00      8.74      0.00      0.00     63.11
12:13:31 PM      34      4.95      0.00     24.75      0.00      0.00      0.00      8.91      0.00      0.00     61.39
12:13:31 PM      35      9.90      0.00     15.84      0.00      0.00      0.00      6.93      0.00      0.00     67.33
12:13:31 PM      36      8.16      0.00     21.43      0.00      0.00      0.00      5.10      0.00      0.00     65.31
12:13:31 PM      37      3.92      0.00     25.49      0.00      0.00      0.00      6.86      0.00      0.00     63.73
12:13:31 PM      38      6.00      0.00     20.00      0.00      0.00      0.00      7.00      0.00      0.00     67.00
12:13:31 PM      39      3.00      0.00     24.00      0.00      0.00      0.00      9.00      0.00      0.00     64.00

12:13:31 PM     CPU      %usr     %nice      %sys   %iowait    %steal      %irq     %soft    %guest    %gnice     %idle
12:13:32 PM      32      6.25      0.00     20.83      0.00      0.00      0.00      7.29      0.00      0.00     65.62
12:13:32 PM      33      6.19      0.00     17.53      0.00      0.00      0.00      7.22      0.00      0.00     69.07
12:13:32 PM      34      4.26      0.00     21.28      0.00      0.00      0.00      6.38      0.00      0.00     68.09
12:13:32 PM      35      7.07      0.00     21.21      0.00      0.00      0.00      5.05      0.00      0.00     66.67
12:13:32 PM      36      5.00      0.00     25.00      0.00      0.00      0.00      6.00      0.00      0.00     64.00
12:13:32 PM      37      7.92      0.00     20.79      0.00      0.00      0.00      7.92      0.00      0.00     63.37
12:13:32 PM      38      3.85      0.00     27.88      0.00      0.00      0.00      3.85      0.00      0.00     64.42
12:13:32 PM      39      4.04      0.00     21.21      0.00      0.00      0.00     10.10      0.00      0.00     64.65

12:13:32 PM     CPU      %usr     %nice      %sys   %iowait    %steal      %irq     %soft    %guest    %gnice     %idle
12:13:33 PM      32      6.52      0.00     17.39      0.00      0.00      0.00      6.52      0.00      0.00     69.57
12:13:33 PM      33      7.29      0.00     18.75      0.00      0.00      0.00      6.25      0.00      0.00     67.71
12:13:33 PM      34      8.91      0.00     21.78      0.00      0.00      0.00      5.94      0.00      0.00     63.37
12:13:33 PM      35      5.88      0.00     15.69      0.00      0.00      0.00     13.73      0.00      0.00     64.71
12:13:33 PM      36      7.55      0.00     25.47      0.00      0.00      0.00      5.66      0.00      0.00     61.32
12:13:33 PM      37      6.32      0.00     15.79      0.00      0.00      0.00      9.47      0.00      0.00     68.42
12:13:33 PM      38      6.38      0.00     15.96      0.00      0.00      0.00      6.38      0.00      0.00     71.28
12:13:33 PM      39      5.05      0.00     21.21      0.00      0.00      0.00      9.09      0.00      0.00     64.65

12:13:33 PM     CPU      %usr     %nice      %sys   %iowait    %steal      %irq     %soft    %guest    %gnice     %idle
12:13:34 PM      32      6.19      0.00     18.56      0.00      0.00      0.00     10.31      0.00      0.00     64.95
12:13:34 PM      33      4.17      0.00     18.75      0.00      0.00      0.00      7.29      0.00      0.00     69.79
12:13:34 PM      34      6.12      0.00     19.39      0.00      0.00      0.00      9.18      0.00      0.00     65.31
12:13:34 PM      35      5.05      0.00     21.21      0.00      0.00      0.00      7.07      0.00      0.00     66.67
12:13:34 PM      36      5.77      0.00     21.15      0.00      0.00      0.00     11.54      0.00      0.00     61.54
12:13:34 PM      37      6.25      0.00     20.83      0.00      0.00      0.00      6.25      0.00      0.00     66.67
12:13:34 PM      38      5.05      0.00     21.21      0.00      0.00      0.00      6.06      0.00      0.00     67.68
12:13:34 PM      39      5.15      0.00     20.62      0.00      0.00      0.00      8.25      0.00      0.00     65.98

12:13:34 PM     CPU      %usr     %nice      %sys   %iowait    %steal      %irq     %soft    %guest    %gnice     %idle
12:13:35 PM      32      4.90      0.00     20.59      0.00      0.00      0.00     10.78      0.00      0.00     63.73
12:13:35 PM      33      8.65      0.00     19.23      0.00      0.00      0.00      8.65      0.00      0.00     63.46
12:13:35 PM      34      6.06      0.00     22.22      0.00      0.00      0.00      8.08      0.00      0.00     63.64
12:13:35 PM      35      9.09      0.00     19.19      0.00      0.00      0.00      6.06      0.00      0.00     65.66
12:13:35 PM      36      7.29      0.00     17.71      0.00      0.00      0.00      8.33      0.00      0.00     66.67
12:13:35 PM      37      6.60      0.00     22.64      0.00      0.00      0.00     11.32      0.00      0.00     59.43
12:13:35 PM      38      9.18      0.00     15.31      0.00      0.00      0.00      7.14      0.00      0.00     68.37
12:13:35 PM      39      3.88      0.00     23.30      0.00      0.00      0.00      9.71      0.00      0.00     63.11

12:13:35 PM     CPU      %usr     %nice      %sys   %iowait    %steal      %irq     %soft    %guest    %gnice     %idle
12:13:36 PM      32      4.12      0.00     19.59      0.00      0.00      0.00     10.31      0.00      0.00     65.98
12:13:36 PM      33      4.08      0.00     19.39      0.00      0.00      0.00      9.18      0.00      0.00     67.35
12:13:36 PM      34      6.86      0.00     25.49      0.00      0.00      0.00      5.88      0.00      0.00     61.76
12:13:36 PM      35      6.19      0.00     18.56      0.00      0.00      0.00      7.22      0.00      0.00     68.04
12:13:36 PM      36      4.21      0.00     18.95      1.05      0.00      0.00      8.42      0.00      0.00     67.37
12:13:36 PM      37      6.25      0.00     17.71      0.00      0.00      0.00      7.29      0.00      0.00     68.75
12:13:36 PM      38      5.21      0.00     21.88      0.00      0.00      0.00      5.21      0.00      0.00     67.71
12:13:36 PM      39      6.12      0.00     23.47      0.00      0.00      0.00      6.12      0.00      0.00     64.29

Average:        CPU      %usr     %nice      %sys   %iowait    %steal      %irq     %soft    %guest    %gnice     %idle
Average:         32      5.62      0.00     20.96      0.00      0.00      0.00      8.59      0.00      0.00     64.83
Average:         33      5.88      0.00     19.15      0.00      0.00      0.00      7.90      0.00      0.00     67.07
Average:         34      6.60      0.00     22.03      0.10      0.00      0.00      7.01      0.00      0.00     64.26
Average:         35      6.71      0.00     18.70      0.00      0.00      0.00      7.52      0.00      0.00     67.07
Average:         36      6.21      0.00     21.89      0.10      0.00      0.00      7.33      0.00      0.00     64.46
Average:         37      6.58      0.00     19.84      0.00      0.00      0.00      7.39      0.00      0.00     66.19
Average:         38      6.63      0.00     19.67      0.00      0.00      0.00      6.12      0.00      0.00     67.58
Average:         39      4.65      0.00     22.32      0.00      0.00      0.00      8.28      0.00      0.00     64.75
