Linux 6.11.0-rc3-suspendv2 (cache-sql13432) 	08/22/2024 	_x86_64_	(64 CPU)

09:56:51 AM     CPU      %usr     %nice      %sys   %iowait    %steal      %irq     %soft    %guest    %gnice     %idle
09:56:52 AM      16     18.63      0.00     79.41      0.00      0.00      0.98      0.98      0.00      0.00      0.00
09:56:52 AM      17     18.00      0.00     81.00      0.00      0.00      1.00      0.00      0.00      0.00      0.00
09:56:52 AM      18     15.15      0.00     83.84      0.00      0.00      1.01      0.00      0.00      0.00      0.00
09:56:52 AM      19     17.00      0.00     82.00      0.00      0.00      0.00      1.00      0.00      0.00      0.00
09:56:52 AM      20     18.18      0.00     81.82      0.00      0.00      0.00      0.00      0.00      0.00      0.00
09:56:52 AM      21     16.16      0.00     83.84      0.00      0.00      0.00      0.00      0.00      0.00      0.00
09:56:52 AM      22     17.82      0.00     81.19      0.00      0.00      0.00      0.99      0.00      0.00      0.00
09:56:52 AM      23     19.00      0.00     81.00      0.00      0.00      0.00      0.00      0.00      0.00      0.00

09:56:52 AM     CPU      %usr     %nice      %sys   %iowait    %steal      %irq     %soft    %guest    %gnice     %idle
09:56:53 AM      16     15.15      0.00     84.85      0.00      0.00      0.00      0.00      0.00      0.00      0.00
09:56:53 AM      17     16.16      0.00     82.83      0.00      0.00      0.00      1.01      0.00      0.00      0.00
09:56:53 AM      18     15.00      0.00     84.00      0.00      0.00      0.00      1.00      0.00      0.00      0.00
09:56:53 AM      19     17.82      0.00     81.19      0.00      0.00      0.99      0.00      0.00      0.00      0.00
09:56:53 AM      20     15.84      0.00     83.17      0.00      0.00      0.99      0.00      0.00      0.00      0.00
09:56:53 AM      21     16.00      0.00     83.00      0.00      0.00      1.00      0.00      0.00      0.00      0.00
09:56:53 AM      22     18.00      0.00     81.00      0.00      0.00      1.00      0.00      0.00      0.00      0.00
09:56:53 AM      23     17.82      0.00     80.20      0.00      0.00      0.99      0.99      0.00      0.00      0.00

09:56:53 AM     CPU      %usr     %nice      %sys   %iowait    %steal      %irq     %soft    %guest    %gnice     %idle
09:56:54 AM      16     19.80      0.00     79.21      0.00      0.00      0.99      0.00      0.00      0.00      0.00
09:56:54 AM      17     16.67      0.00     81.37      0.00      0.00      0.98      0.98      0.00      0.00      0.00
09:56:54 AM      18     14.85      0.00     84.16      0.00      0.00      0.99      0.00      0.00      0.00      0.00
09:56:54 AM      19     18.18      0.00     81.82      0.00      0.00      0.00      0.00      0.00      0.00      0.00
09:56:54 AM      20     17.17      0.00     81.82      0.00      0.00      0.00      1.01      0.00      0.00      0.00
09:56:54 AM      21     16.00      0.00     84.00      0.00      0.00      0.00      0.00      0.00      0.00      0.00
09:56:54 AM      22     18.00      0.00     82.00      0.00      0.00      0.00      0.00      0.00      0.00      0.00
09:56:54 AM      23     18.18      0.00     81.82      0.00      0.00      0.00      0.00      0.00      0.00      0.00

09:56:54 AM     CPU      %usr     %nice      %sys   %iowait    %steal      %irq     %soft    %guest    %gnice     %idle
09:56:55 AM      16     17.17      0.00     82.83      0.00      0.00      0.00      0.00      0.00      0.00      0.00
09:56:55 AM      17     18.18      0.00     81.82      0.00      0.00      0.00      0.00      0.00      0.00      0.00
09:56:55 AM      18     17.35      0.00     82.65      0.00      0.00      0.00      0.00      0.00      0.00      0.00
09:56:55 AM      19     16.67      0.00     81.37      0.00      0.00      0.98      0.98      0.00      0.00      0.00
09:56:55 AM      20     16.83      0.00     82.18      0.00      0.00      0.99      0.00      0.00      0.00      0.00
09:56:55 AM      21     18.81      0.00     79.21      0.00      0.00      0.99      0.99      0.00      0.00      0.00
09:56:55 AM      22     18.18      0.00     80.81      0.00      0.00      1.01      0.00      0.00      0.00      0.00
09:56:55 AM      23     18.81      0.00     80.20      0.00      0.00      0.99      0.00      0.00      0.00      0.00

09:56:55 AM     CPU      %usr     %nice      %sys   %iowait    %steal      %irq     %soft    %guest    %gnice     %idle
09:56:56 AM      16     16.16      0.00     82.83      0.00      0.00      0.00      1.01      0.00      0.00      0.00
09:56:56 AM      17     16.00      0.00     82.00      0.00      0.00      1.00      1.00      0.00      0.00      0.00
09:56:56 AM      18     15.84      0.00     76.24      0.00      0.00      0.00      1.98      0.00      0.00      5.94
09:56:56 AM      19     16.33      0.00     82.65      0.00      0.00      0.00      1.02      0.00      0.00      0.00
09:56:56 AM      20     15.15      0.00     84.85      0.00      0.00      0.00      0.00      0.00      0.00      0.00
09:56:56 AM      21     17.17      0.00     81.82      0.00      0.00      0.00      1.01      0.00      0.00      0.00
09:56:56 AM      22     18.81      0.00     81.19      0.00      0.00      0.00      0.00      0.00      0.00      0.00
09:56:56 AM      23     18.18      0.00     78.79      0.00      0.00      0.00      3.03      0.00      0.00      0.00

09:56:56 AM     CPU      %usr     %nice      %sys   %iowait    %steal      %irq     %soft    %guest    %gnice     %idle
09:56:57 AM      16     18.81      0.00     80.20      0.00      0.00      0.99      0.00      0.00      0.00      0.00
09:56:57 AM      17     16.00      0.00     84.00      0.00      0.00      0.00      0.00      0.00      0.00      0.00
09:56:57 AM      18     17.65      0.00     80.39      0.00      0.00      0.98      0.98      0.00      0.00      0.00
09:56:57 AM      19     17.82      0.00     80.20      0.00      0.00      0.99      0.99      0.00      0.00      0.00
09:56:57 AM      20     18.81      0.00     79.21      0.00      0.00      0.99      0.99      0.00      0.00      0.00
09:56:57 AM      21     15.84      0.00     83.17      0.00      0.00      0.99      0.00      0.00      0.00      0.00
09:56:57 AM      22     17.00      0.00     82.00      0.00      0.00      1.00      0.00      0.00      0.00      0.00
09:56:57 AM      23     15.84      0.00     82.18      0.00      0.00      0.99      0.99      0.00      0.00      0.00

09:56:57 AM     CPU      %usr     %nice      %sys   %iowait    %steal      %irq     %soft    %guest    %gnice     %idle
09:56:58 AM      16     17.17      0.00     82.83      0.00      0.00      0.00      0.00      0.00      0.00      0.00
09:56:58 AM      17     17.00      0.00     81.00      0.00      0.00      1.00      1.00      0.00      0.00      0.00
09:56:58 AM      18     17.35      0.00     82.65      0.00      0.00      0.00      0.00      0.00      0.00      0.00
09:56:58 AM      19     19.00      0.00     81.00      0.00      0.00      0.00      0.00      0.00      0.00      0.00
09:56:58 AM      20     18.00      0.00     82.00      0.00      0.00      0.00      0.00      0.00      0.00      0.00
09:56:58 AM      21     17.35      0.00     82.65      0.00      0.00      0.00      0.00      0.00      0.00      0.00
09:56:58 AM      22     18.18      0.00     81.82      0.00      0.00      0.00      0.00      0.00      0.00      0.00
09:56:58 AM      23     17.00      0.00     83.00      0.00      0.00      0.00      0.00      0.00      0.00      0.00

09:56:58 AM     CPU      %usr     %nice      %sys   %iowait    %steal      %irq     %soft    %guest    %gnice     %idle
09:56:59 AM      16     19.80      0.00     78.22      0.00      0.00      0.99      0.99      0.00      0.00      0.00
09:56:59 AM      17     17.00      0.00     82.00      0.00      0.00      0.00      1.00      0.00      0.00      0.00
09:56:59 AM      18     15.84      0.00     83.17      0.00      0.00      0.99      0.00      0.00      0.00      0.00
09:56:59 AM      19     16.00      0.00     83.00      0.00      0.00      1.00      0.00      0.00      0.00      0.00
09:56:59 AM      20     15.15      0.00     83.84      0.00      0.00      1.01      0.00      0.00      0.00      0.00
09:56:59 AM      21     17.65      0.00     80.39      0.00      0.00      0.98      0.98      0.00      0.00      0.00
09:56:59 AM      22     15.69      0.00     82.35      0.00      0.00      0.98      0.98      0.00      0.00      0.00
09:56:59 AM      23     16.00      0.00     83.00      0.00      0.00      1.00      0.00      0.00      0.00      0.00

09:56:59 AM     CPU      %usr     %nice      %sys   %iowait    %steal      %irq     %soft    %guest    %gnice     %idle
09:57:00 AM      16     17.00      0.00     83.00      0.00      0.00      0.00      0.00      0.00      0.00      0.00
09:57:00 AM      17     16.00      0.00     83.00      0.00      0.00      1.00      0.00      0.00      0.00      0.00
09:57:00 AM      18     17.17      0.00     81.82      0.00      0.00      0.00      1.01      0.00      0.00      0.00
09:57:00 AM      19     16.16      0.00     83.84      0.00      0.00      0.00      0.00      0.00      0.00      0.00
09:57:00 AM      20     17.82      0.00     81.19      0.00      0.00      0.00      0.99      0.00      0.00      0.00
09:57:00 AM      21     15.00      0.00     85.00      0.00      0.00      0.00      0.00      0.00      0.00      0.00
09:57:00 AM      22     16.16      0.00     83.84      0.00      0.00      0.00      0.00      0.00      0.00      0.00
09:57:00 AM      23     15.15      0.00     84.85      0.00      0.00      0.00      0.00      0.00      0.00      0.00

09:57:00 AM     CPU      %usr     %nice      %sys   %iowait    %steal      %irq     %soft    %guest    %gnice     %idle
09:57:01 AM      16     18.81      0.00     80.20      0.00      0.00      0.99      0.00      0.00      0.00      0.00
09:57:01 AM      17     16.16      0.00     83.84      0.00      0.00      0.00      0.00      0.00      0.00      0.00
09:57:01 AM      18     16.83      0.00     82.18      0.00      0.00      0.99      0.00      0.00      0.00      0.00
09:57:01 AM      19     15.84      0.00     82.18      0.00      0.00      0.99      0.99      0.00      0.00      0.00
09:57:01 AM      20     17.00      0.00     82.00      0.00      0.00      1.00      0.00      0.00      0.00      0.00
09:57:01 AM      21     17.00      0.00     82.00      0.00      0.00      1.00      0.00      0.00      0.00      0.00
09:57:01 AM      22     17.00      0.00     82.00      0.00      0.00      1.00      0.00      0.00      0.00      0.00
09:57:01 AM      23     17.00      0.00     82.00      0.00      0.00      0.00      1.00      0.00      0.00      0.00

Average:        CPU      %usr     %nice      %sys   %iowait    %steal      %irq     %soft    %guest    %gnice     %idle
Average:         16     17.86      0.00     81.34      0.00      0.00      0.50      0.30      0.00      0.00      0.00
Average:         17     16.72      0.00     82.28      0.00      0.00      0.50      0.50      0.00      0.00      0.00
Average:         18     16.30      0.00     82.10      0.00      0.00      0.50      0.50      0.00      0.00      0.60
Average:         19     17.08      0.00     81.92      0.00      0.00      0.50      0.50      0.00      0.00      0.00
Average:         20     17.00      0.00     82.20      0.00      0.00      0.50      0.30      0.00      0.00      0.00
Average:         21     16.70      0.00     82.50      0.00      0.00      0.50      0.30      0.00      0.00      0.00
Average:         22     17.48      0.00     81.82      0.00      0.00      0.50      0.20      0.00      0.00      0.00
Average:         23     17.30      0.00     81.70      0.00      0.00      0.40      0.60      0.00      0.00      0.00
