Linux 6.12.0-rc5-nfoff-mitioff-ndsim-sv5 (cache-sql13432) 	11/03/2024 	_x86_64_	(64 CPU)

08:39:20 AM     CPU      %usr     %nice      %sys   %iowait    %steal      %irq     %soft    %guest    %gnice     %idle
08:39:21 AM      32     10.42      0.00     20.83      0.00      0.00      0.00     19.79      0.00      0.00     48.96
08:39:21 AM      33     10.42      0.00     19.79      0.00      0.00      0.00     22.92      0.00      0.00     46.88
08:39:21 AM      34      9.00      0.00     22.00      0.00      0.00      0.00     22.00      0.00      0.00     47.00
08:39:21 AM      35     10.31      0.00     26.80      0.00      0.00      0.00     14.43      0.00      0.00     48.45
08:39:21 AM      36      8.42      0.00     30.53      0.00      0.00      0.00     15.79      0.00      0.00     45.26
08:39:21 AM      37     11.11      0.00     25.25      0.00      0.00      0.00     18.18      0.00      0.00     45.45
08:39:21 AM      38      9.57      0.00     20.21      0.00      0.00      0.00     22.34      0.00      0.00     47.87
08:39:21 AM      39     12.36      0.00     22.47      0.00      0.00      0.00     17.98      0.00      0.00     47.19

08:39:21 AM     CPU      %usr     %nice      %sys   %iowait    %steal      %irq     %soft    %guest    %gnice     %idle
08:39:22 AM      32      9.47      0.00     25.26      0.00      0.00      0.00     27.37      0.00      0.00     37.89
08:39:22 AM      33     13.73      0.00     23.53      0.00      0.00      0.00     17.65      0.00      0.00     45.10
08:39:22 AM      34      8.70      0.00     23.91      0.00      0.00      0.00     18.48      0.00      0.00     48.91
08:39:22 AM      35     14.74      0.00     21.05      0.00      0.00      0.00     14.74      0.00      0.00     49.47
08:39:22 AM      36     10.75      0.00     23.66      0.00      0.00      0.00     27.96      0.00      0.00     37.63
08:39:22 AM      37      9.47      0.00     22.11      0.00      0.00      0.00     20.00      0.00      0.00     48.42
08:39:22 AM      38     10.00      0.00     24.44      0.00      0.00      0.00     18.89      0.00      0.00     46.67
08:39:22 AM      39     10.42      0.00     27.08      0.00      0.00      0.00     16.67      0.00      0.00     45.83

08:39:22 AM     CPU      %usr     %nice      %sys   %iowait    %steal      %irq     %soft    %guest    %gnice     %idle
08:39:23 AM      32      8.25      0.00     23.71      0.00      0.00      0.00     22.68      0.00      0.00     45.36
08:39:23 AM      33     12.50      0.00     19.79      0.00      0.00      0.00     18.75      0.00      0.00     48.96
08:39:23 AM      34      8.08      0.00     25.25      0.00      0.00      0.00     35.35      0.00      0.00     31.31
08:39:23 AM      35     12.75      0.00     24.51      0.00      0.00      0.00     18.63      0.00      0.00     44.12
08:39:23 AM      36     12.77      0.00     25.53      0.00      0.00      0.00     27.66      0.00      0.00     34.04
08:39:23 AM      37      6.52      0.00     28.26      0.00      0.00      0.00     21.74      0.00      0.00     43.48
08:39:23 AM      38     16.30      0.00     22.83      0.00      0.00      0.00     14.13      0.00      0.00     46.74
08:39:23 AM      39      6.32      0.00     27.37      0.00      0.00      0.00     16.84      0.00      0.00     49.47

08:39:23 AM     CPU      %usr     %nice      %sys   %iowait    %steal      %irq     %soft    %guest    %gnice     %idle
08:39:24 AM      32     13.54      0.00     18.75      0.00      0.00      0.00     18.75      0.00      0.00     48.96
08:39:24 AM      33     10.75      0.00     19.35      0.00      0.00      0.00     18.28      0.00      0.00     51.61
08:39:24 AM      34     13.04      0.00     14.13      0.00      0.00      0.00     23.91      0.00      0.00     48.91
08:39:24 AM      35     12.37      0.00     19.59      0.00      0.00      0.00     17.53      0.00      0.00     50.52
08:39:24 AM      36      9.89      0.00     23.08      0.00      0.00      0.00     20.88      0.00      0.00     46.15
08:39:24 AM      37     13.48      0.00     22.47      0.00      0.00      0.00     14.61      0.00      0.00     49.44
08:39:24 AM      38     10.99      0.00     18.68      0.00      0.00      0.00     23.08      0.00      0.00     47.25
08:39:24 AM      39      9.89      0.00     19.78      0.00      0.00      0.00     18.68      0.00      0.00     51.65

08:39:24 AM     CPU      %usr     %nice      %sys   %iowait    %steal      %irq     %soft    %guest    %gnice     %idle
08:39:25 AM      32     11.70      0.00     23.40      0.00      0.00      0.00     14.89      0.00      0.00     50.00
08:39:25 AM      33     10.31      0.00     24.74      0.00      0.00      0.00     15.46      0.00      0.00     49.48
08:39:25 AM      34      9.38      0.00     21.88      0.00      0.00      0.00     19.79      0.00      0.00     48.96
08:39:25 AM      35      8.33      0.00     23.96      0.00      0.00      0.00     16.67      0.00      0.00     51.04
08:39:25 AM      36     14.74      0.00     17.89      0.00      0.00      0.00     20.00      0.00      0.00     47.37
08:39:25 AM      37     10.10      0.00     22.22      0.00      0.00      0.00     21.21      0.00      0.00     46.46
08:39:25 AM      38     10.53      0.00     21.05      0.00      0.00      0.00     22.11      0.00      0.00     46.32
08:39:25 AM      39     11.96      0.00     19.57      0.00      0.00      0.00     15.22      0.00      0.00     53.26

08:39:25 AM     CPU      %usr     %nice      %sys   %iowait    %steal      %irq     %soft    %guest    %gnice     %idle
08:39:26 AM      32      8.42      0.00     21.05      0.00      0.00      0.00     23.16      0.00      0.00     47.37
08:39:26 AM      33     10.31      0.00     22.68      0.00      0.00      0.00     18.56      0.00      0.00     48.45
08:39:26 AM      34      7.53      0.00     20.43      0.00      0.00      0.00     21.51      0.00      0.00     50.54
08:39:26 AM      35      5.32      0.00     28.72      0.00      0.00      0.00     14.89      0.00      0.00     51.06
08:39:26 AM      36      9.09      0.00     24.24      0.00      0.00      0.00     21.21      0.00      0.00     45.45
08:39:26 AM      37      4.44      0.00     26.67      0.00      0.00      0.00     22.22      0.00      0.00     46.67
08:39:26 AM      38      9.28      0.00     26.80      0.00      0.00      0.00     18.56      0.00      0.00     45.36
08:39:26 AM      39     11.22      0.00     21.43      0.00      0.00      0.00     17.35      0.00      0.00     50.00

08:39:26 AM     CPU      %usr     %nice      %sys   %iowait    %steal      %irq     %soft    %guest    %gnice     %idle
08:39:27 AM      32      7.37      0.00     21.05      0.00      0.00      0.00     22.11      0.00      0.00     49.47
08:39:27 AM      33      7.37      0.00     21.05      0.00      0.00      0.00     21.05      0.00      0.00     50.53
08:39:27 AM      34      9.00      0.00     20.00      0.00      0.00      0.00     24.00      0.00      0.00     47.00
08:39:27 AM      35     11.83      0.00     17.20      0.00      0.00      0.00     19.35      0.00      0.00     51.61
08:39:27 AM      36      8.91      0.00     23.76      0.00      0.00      0.00     21.78      0.00      0.00     45.54
08:39:27 AM      37      7.00      0.00     26.00      0.00      0.00      0.00     22.00      0.00      0.00     45.00
08:39:27 AM      38     10.31      0.00     23.71      0.00      0.00      0.00     20.62      0.00      0.00     45.36
08:39:27 AM      39      9.89      0.00     18.68      0.00      0.00      0.00     19.78      0.00      0.00     51.65

08:39:27 AM     CPU      %usr     %nice      %sys   %iowait    %steal      %irq     %soft    %guest    %gnice     %idle
08:39:28 AM      32     10.64      0.00     21.28      0.00      0.00      0.00     18.09      0.00      0.00     50.00
08:39:28 AM      33     11.00      0.00     23.00      0.00      0.00      0.00     19.00      0.00      0.00     47.00
08:39:28 AM      34     10.75      0.00     21.51      0.00      0.00      0.00     18.28      0.00      0.00     49.46
08:39:28 AM      35      9.68      0.00     19.35      0.00      0.00      0.00     20.43      0.00      0.00     50.54
08:39:28 AM      36     10.10      0.00     23.23      0.00      0.00      0.00     22.22      0.00      0.00     44.44
08:39:28 AM      37      9.09      0.00     23.23      0.00      0.00      0.00     21.21      0.00      0.00     46.46
08:39:28 AM      38     12.22      0.00     21.11      0.00      0.00      0.00     18.89      0.00      0.00     47.78
08:39:28 AM      39     10.42      0.00     18.75      0.00      0.00      0.00     20.83      0.00      0.00     50.00

08:39:28 AM     CPU      %usr     %nice      %sys   %iowait    %steal      %irq     %soft    %guest    %gnice     %idle
08:39:29 AM      32      7.07      0.00     22.22      0.00      0.00      0.00     23.23      0.00      0.00     47.47
08:39:29 AM      33     10.20      0.00     21.43      0.00      0.00      0.00     19.39      0.00      0.00     48.98
08:39:29 AM      34      5.68      0.00     20.45      0.00      0.00      0.00     20.45      0.00      0.00     53.41
08:39:29 AM      35     11.46      0.00     17.71      0.00      0.00      0.00     20.83      0.00      0.00     50.00
08:39:29 AM      36      8.89      0.00     18.89      0.00      0.00      0.00     21.11      0.00      0.00     51.11
08:39:29 AM      37     11.11      0.00     21.21      0.00      0.00      0.00     20.20      0.00      0.00     47.47
08:39:29 AM      38     12.87      0.00     24.75      0.00      0.00      0.00     19.80      0.00      0.00     42.57
08:39:29 AM      39      8.70      0.00     23.91      0.00      0.00      0.00     17.39      0.00      0.00     50.00

08:39:29 AM     CPU      %usr     %nice      %sys   %iowait    %steal      %irq     %soft    %guest    %gnice     %idle
08:39:30 AM      32      9.57      0.00     17.02      0.00      0.00      0.00     23.40      0.00      0.00     50.00
08:39:30 AM      33      9.38      0.00     22.92      0.00      0.00      0.00     18.75      0.00      0.00     48.96
08:39:30 AM      34     11.70      0.00     20.21      0.00      0.00      0.00     17.02      0.00      0.00     51.06
08:39:30 AM      35      6.38      0.00     25.53      0.00      0.00      0.00     17.02      0.00      0.00     51.06
08:39:30 AM      36     13.04      0.00     18.48      0.00      0.00      0.00     19.57      0.00      0.00     48.91
08:39:30 AM      37      9.28      0.00     23.71      0.00      0.00      0.00     20.62      0.00      0.00     46.39
08:39:30 AM      38     11.58      0.00     22.11      0.00      0.00      0.00     18.95      0.00      0.00     47.37
08:39:30 AM      39     11.70      0.00     19.15      0.00      0.00      0.00     17.02      0.00      0.00     52.13

Average:        CPU      %usr     %nice      %sys   %iowait    %steal      %irq     %soft    %guest    %gnice     %idle
Average:         32      9.63      0.00     21.47      0.00      0.00      0.00     21.36      0.00      0.00     47.54
Average:         33     10.62      0.00     21.86      0.00      0.00      0.00     18.97      0.00      0.00     48.56
Average:         34      9.29      0.00     21.01      0.00      0.00      0.00     22.18      0.00      0.00     47.52
Average:         35     10.34      0.00     22.47      0.00      0.00      0.00     17.45      0.00      0.00     49.74
Average:         36     10.64      0.00     22.97      0.00      0.00      0.00     21.81      0.00      0.00     44.57
Average:         37      9.18      0.00     24.09      0.00      0.00      0.00     20.23      0.00      0.00     46.51
Average:         38     11.36      0.00     22.61      0.00      0.00      0.00     19.75      0.00      0.00     46.28
Average:         39     10.28      0.00     21.84      0.00      0.00      0.00     17.77      0.00      0.00     50.11
