Linux 6.12.0-rc2-suspend-v2-nfcpu (cache-sql13432) 	10/20/2024 	_x86_64_	(64 CPU)

01:53:35 PM     CPU      %usr     %nice      %sys   %iowait    %steal      %irq     %soft    %guest    %gnice     %idle
01:53:36 PM      32     20.00      0.00     80.00      0.00      0.00      0.00      0.00      0.00      0.00      0.00
01:53:36 PM      33     17.00      0.00     83.00      0.00      0.00      0.00      0.00      0.00      0.00      0.00
01:53:36 PM      34     12.87      0.00     86.14      0.00      0.00      0.00      0.00      0.00      0.00      0.99
01:53:36 PM      35     19.00      0.00     81.00      0.00      0.00      0.00      0.00      0.00      0.00      0.00
01:53:36 PM      36     14.00      0.00     85.00      0.00      0.00      0.00      1.00      0.00      0.00      0.00
01:53:36 PM      37     15.84      0.00     83.17      0.00      0.00      0.00      0.00      0.00      0.00      0.99
01:53:36 PM      38     13.86      0.00     86.14      0.00      0.00      0.00      0.00      0.00      0.00      0.00
01:53:36 PM      39     19.00      0.00     81.00      0.00      0.00      0.00      0.00      0.00      0.00      0.00

01:53:36 PM     CPU      %usr     %nice      %sys   %iowait    %steal      %irq     %soft    %guest    %gnice     %idle
01:53:37 PM      32     14.00      0.00     86.00      0.00      0.00      0.00      0.00      0.00      0.00      0.00
01:53:37 PM      33     13.86      0.00     85.15      0.00      0.00      0.00      0.99      0.00      0.00      0.00
01:53:37 PM      34     12.00      0.00     87.00      0.00      0.00      0.00      1.00      0.00      0.00      0.00
01:53:37 PM      35     12.24      0.00     87.76      0.00      0.00      0.00      0.00      0.00      0.00      0.00
01:53:37 PM      36     22.00      0.00     78.00      0.00      0.00      0.00      0.00      0.00      0.00      0.00
01:53:37 PM      37     17.17      0.00     82.83      0.00      0.00      0.00      0.00      0.00      0.00      0.00
01:53:37 PM      38     18.00      0.00     82.00      0.00      0.00      0.00      0.00      0.00      0.00      0.00
01:53:37 PM      39     10.78      0.00     87.25      0.00      0.00      0.00      0.98      0.00      0.00      0.98

01:53:37 PM     CPU      %usr     %nice      %sys   %iowait    %steal      %irq     %soft    %guest    %gnice     %idle
01:53:38 PM      32     14.14      0.00     85.86      0.00      0.00      0.00      0.00      0.00      0.00      0.00
01:53:38 PM      33     16.00      0.00     84.00      0.00      0.00      0.00      0.00      0.00      0.00      0.00
01:53:38 PM      34     18.00      0.00     82.00      0.00      0.00      0.00      0.00      0.00      0.00      0.00
01:53:38 PM      35     14.85      0.00     84.16      0.00      0.00      0.00      0.99      0.00      0.00      0.00
01:53:38 PM      36     18.00      0.00     82.00      0.00      0.00      0.00      0.00      0.00      0.00      0.00
01:53:38 PM      37     16.16      0.00     83.84      0.00      0.00      0.00      0.00      0.00      0.00      0.00
01:53:38 PM      38     14.00      0.00     86.00      0.00      0.00      0.00      0.00      0.00      0.00      0.00
01:53:38 PM      39     15.15      0.00     84.85      0.00      0.00      0.00      0.00      0.00      0.00      0.00

01:53:38 PM     CPU      %usr     %nice      %sys   %iowait    %steal      %irq     %soft    %guest    %gnice     %idle
01:53:39 PM      32     12.00      0.00     88.00      0.00      0.00      0.00      0.00      0.00      0.00      0.00
01:53:39 PM      33     15.00      0.00     85.00      0.00      0.00      0.00      0.00      0.00      0.00      0.00
01:53:39 PM      34     11.11      0.00     88.89      0.00      0.00      0.00      0.00      0.00      0.00      0.00
01:53:39 PM      35     17.82      0.00     81.19      0.00      0.00      0.00      0.00      0.00      0.00      0.99
01:53:39 PM      36     14.00      0.00     86.00      0.00      0.00      0.00      0.00      0.00      0.00      0.00
01:53:39 PM      37     16.00      0.00     84.00      0.00      0.00      0.00      0.00      0.00      0.00      0.00
01:53:39 PM      38     17.82      0.00     80.20      0.00      0.00      0.00      0.99      0.00      0.00      0.99
01:53:39 PM      39     19.00      0.00     81.00      0.00      0.00      0.00      0.00      0.00      0.00      0.00

01:53:39 PM     CPU      %usr     %nice      %sys   %iowait    %steal      %irq     %soft    %guest    %gnice     %idle
01:53:40 PM      32     17.00      0.00     83.00      0.00      0.00      0.00      0.00      0.00      0.00      0.00
01:53:40 PM      33     15.15      0.00     84.85      0.00      0.00      0.00      0.00      0.00      0.00      0.00
01:53:40 PM      34     18.00      0.00     82.00      0.00      0.00      0.00      0.00      0.00      0.00      0.00
01:53:40 PM      35     18.00      0.00     82.00      0.00      0.00      0.00      0.00      0.00      0.00      0.00
01:53:40 PM      36     18.00      0.00     82.00      0.00      0.00      0.00      0.00      0.00      0.00      0.00
01:53:40 PM      37     22.77      0.00     77.23      0.00      0.00      0.00      0.00      0.00      0.00      0.00
01:53:40 PM      38     14.14      0.00     85.86      0.00      0.00      0.00      0.00      0.00      0.00      0.00
01:53:40 PM      39     13.00      0.00     87.00      0.00      0.00      0.00      0.00      0.00      0.00      0.00

01:53:40 PM     CPU      %usr     %nice      %sys   %iowait    %steal      %irq     %soft    %guest    %gnice     %idle
01:53:41 PM      32     14.85      0.00     85.15      0.00      0.00      0.00      0.00      0.00      0.00      0.00
01:53:41 PM      33     17.82      0.00     81.19      0.00      0.00      0.00      0.00      0.00      0.00      0.99
01:53:41 PM      34     16.00      0.00     83.00      0.00      0.00      0.00      1.00      0.00      0.00      0.00
01:53:41 PM      35     19.19      0.00     80.81      0.00      0.00      0.00      0.00      0.00      0.00      0.00
01:53:41 PM      36     19.19      0.00     80.81      0.00      0.00      0.00      0.00      0.00      0.00      0.00
01:53:41 PM      37     13.13      0.00     86.87      0.00      0.00      0.00      0.00      0.00      0.00      0.00
01:53:41 PM      38     15.00      0.00     85.00      0.00      0.00      0.00      0.00      0.00      0.00      0.00
01:53:41 PM      39     13.13      0.00     86.87      0.00      0.00      0.00      0.00      0.00      0.00      0.00

01:53:41 PM     CPU      %usr     %nice      %sys   %iowait    %steal      %irq     %soft    %guest    %gnice     %idle
01:53:42 PM      32     13.13      0.00     86.87      0.00      0.00      0.00      0.00      0.00      0.00      0.00
01:53:42 PM      33     12.00      0.00     88.00      0.00      0.00      0.00      0.00      0.00      0.00      0.00
01:53:42 PM      34     13.86      0.00     84.16      0.00      0.00      0.00      0.99      0.00      0.00      0.99
01:53:42 PM      35     15.84      0.00     84.16      0.00      0.00      0.00      0.00      0.00      0.00      0.00
01:53:42 PM      36     17.65      0.00     81.37      0.00      0.00      0.00      0.00      0.00      0.00      0.98
01:53:42 PM      37     14.00      0.00     86.00      0.00      0.00      0.00      0.00      0.00      0.00      0.00
01:53:42 PM      38     17.00      0.00     83.00      0.00      0.00      0.00      0.00      0.00      0.00      0.00
01:53:42 PM      39     14.00      0.00     86.00      0.00      0.00      0.00      0.00      0.00      0.00      0.00

01:53:42 PM     CPU      %usr     %nice      %sys   %iowait    %steal      %irq     %soft    %guest    %gnice     %idle
01:53:43 PM      32     17.65      0.00     78.43      0.00      0.00      0.00      2.94      0.00      0.00      0.98
01:53:43 PM      33     15.00      0.00     85.00      0.00      0.00      0.00      0.00      0.00      0.00      0.00
01:53:43 PM      34     16.16      0.00     83.84      0.00      0.00      0.00      0.00      0.00      0.00      0.00
01:53:43 PM      35     19.19      0.00     80.81      0.00      0.00      0.00      0.00      0.00      0.00      0.00
01:53:43 PM      36     14.14      0.00     85.86      0.00      0.00      0.00      0.00      0.00      0.00      0.00
01:53:43 PM      37     16.16      0.00     83.84      0.00      0.00      0.00      0.00      0.00      0.00      0.00
01:53:43 PM      38     16.16      0.00     83.84      0.00      0.00      0.00      0.00      0.00      0.00      0.00
01:53:43 PM      39     14.85      0.00     85.15      0.00      0.00      0.00      0.00      0.00      0.00      0.00

01:53:43 PM     CPU      %usr     %nice      %sys   %iowait    %steal      %irq     %soft    %guest    %gnice     %idle
01:53:44 PM      32     13.13      0.00     86.87      0.00      0.00      0.00      0.00      0.00      0.00      0.00
01:53:44 PM      33     16.00      0.00     84.00      0.00      0.00      0.00      0.00      0.00      0.00      0.00
01:53:44 PM      34     12.87      0.00     86.14      0.00      0.00      0.00      0.99      0.00      0.00      0.00
01:53:44 PM      35     13.00      0.00     87.00      0.00      0.00      0.00      0.00      0.00      0.00      0.00
01:53:44 PM      36     15.84      0.00     84.16      0.00      0.00      0.00      0.00      0.00      0.00      0.00
01:53:44 PM      37     17.00      0.00     83.00      0.00      0.00      0.00      0.00      0.00      0.00      0.00
01:53:44 PM      38     16.00      0.00     83.00      0.00      0.00      0.00      1.00      0.00      0.00      0.00
01:53:44 PM      39     15.84      0.00     83.17      0.00      0.00      0.00      0.99      0.00      0.00      0.00

01:53:44 PM     CPU      %usr     %nice      %sys   %iowait    %steal      %irq     %soft    %guest    %gnice     %idle
01:53:45 PM      32     16.00      0.00     83.00      0.00      0.00      0.00      1.00      0.00      0.00      0.00
01:53:45 PM      33     18.00      0.00     82.00      0.00      0.00      0.00      0.00      0.00      0.00      0.00
01:53:45 PM      34     18.00      0.00     82.00      0.00      0.00      0.00      0.00      0.00      0.00      0.00
01:53:45 PM      35     18.81      0.00     80.20      0.00      0.00      0.00      0.99      0.00      0.00      0.00
01:53:45 PM      36     16.16      0.00     83.84      0.00      0.00      0.00      0.00      0.00      0.00      0.00
01:53:45 PM      37     21.00      0.00     79.00      0.00      0.00      0.00      0.00      0.00      0.00      0.00
01:53:45 PM      38     16.16      0.00     83.84      0.00      0.00      0.00      0.00      0.00      0.00      0.00
01:53:45 PM      39     17.17      0.00     82.83      0.00      0.00      0.00      0.00      0.00      0.00      0.00

Average:        CPU      %usr     %nice      %sys   %iowait    %steal      %irq     %soft    %guest    %gnice     %idle
Average:         32     15.20      0.00     84.30      0.00      0.00      0.00      0.40      0.00      0.00      0.10
Average:         33     15.58      0.00     84.22      0.00      0.00      0.00      0.10      0.00      0.00      0.10
Average:         34     14.89      0.00     84.52      0.00      0.00      0.00      0.40      0.00      0.00      0.20
Average:         35     16.80      0.00     82.90      0.00      0.00      0.00      0.20      0.00      0.00      0.10
Average:         36     16.90      0.00     82.90      0.00      0.00      0.00      0.10      0.00      0.00      0.10
Average:         37     16.93      0.00     82.97      0.00      0.00      0.00      0.00      0.00      0.00      0.10
Average:         38     15.82      0.00     83.88      0.00      0.00      0.00      0.20      0.00      0.00      0.10
Average:         39     15.18      0.00     84.52      0.00      0.00      0.00      0.20      0.00      0.00      0.10
