Linux 6.12.0-rc5-nfoff-mitioff-ndsim-sv5 (cache-sql13432) 	11/03/2024 	_x86_64_	(64 CPU)

02:41:27 PM     CPU      %usr     %nice      %sys   %iowait    %steal      %irq     %soft    %guest    %gnice     %idle
02:41:28 PM      32     19.19      0.00     36.36      0.00      0.00      0.00     43.43      0.00      0.00      1.01
02:41:28 PM      33     11.88      0.00     53.47      0.00      0.00      0.00     34.65      0.00      0.00      0.00
02:41:28 PM      34     16.16      0.00     46.46      0.00      0.00      0.00     37.37      0.00      0.00      0.00
02:41:28 PM      35     17.00      0.00     38.00      0.00      0.00      0.00     45.00      0.00      0.00      0.00
02:41:28 PM      36     16.16      0.00     41.41      0.00      0.00      0.00     42.42      0.00      0.00      0.00
02:41:28 PM      37     16.00      0.00     42.00      0.00      0.00      0.00     42.00      0.00      0.00      0.00
02:41:28 PM      38     19.00      0.00     55.00      0.00      0.00      0.00     26.00      0.00      0.00      0.00
02:41:28 PM      39     18.37      0.00     38.78      0.00      0.00      0.00     41.84      0.00      0.00      1.02

02:41:28 PM     CPU      %usr     %nice      %sys   %iowait    %steal      %irq     %soft    %guest    %gnice     %idle
02:41:29 PM      32     18.56      0.00     36.08      0.00      0.00      0.00     44.33      0.00      0.00      1.03
02:41:29 PM      33     19.00      0.00     48.00      0.00      0.00      0.00     33.00      0.00      0.00      0.00
02:41:29 PM      34     14.85      0.00     51.49      0.00      0.00      0.00     32.67      0.00      0.00      0.99
02:41:29 PM      35     19.00      0.00     39.00      0.00      0.00      0.00     42.00      0.00      0.00      0.00
02:41:29 PM      36     15.00      0.00     39.00      0.00      0.00      0.00     46.00      0.00      0.00      0.00
02:41:29 PM      37     17.00      0.00     39.00      0.00      0.00      0.00     44.00      0.00      0.00      0.00
02:41:29 PM      38     16.00      0.00     47.00      0.00      0.00      0.00     37.00      0.00      0.00      0.00
02:41:29 PM      39     18.00      0.00     39.00      0.00      0.00      0.00     42.00      0.00      0.00      1.00

02:41:29 PM     CPU      %usr     %nice      %sys   %iowait    %steal      %irq     %soft    %guest    %gnice     %idle
02:41:30 PM      32     18.18      0.00     33.33      0.00      0.00      0.00     47.47      0.00      0.00      1.01
02:41:30 PM      33     16.83      0.00     51.49      0.00      0.00      0.00     31.68      0.00      0.00      0.00
02:41:30 PM      34     18.81      0.00     43.56      0.00      0.00      0.00     37.62      0.00      0.00      0.00
02:41:30 PM      35     14.00      0.00     47.00      0.00      0.00      0.00     39.00      0.00      0.00      0.00
02:41:30 PM      36     17.00      0.00     45.00      0.00      0.00      0.00     38.00      0.00      0.00      0.00
02:41:30 PM      37     18.00      0.00     44.00      0.00      0.00      0.00     38.00      0.00      0.00      0.00
02:41:30 PM      38     20.00      0.00     48.00      0.00      0.00      0.00     32.00      0.00      0.00      0.00
02:41:30 PM      39     16.33      0.00     41.84      0.00      0.00      0.00     40.82      0.00      0.00      1.02

02:41:30 PM     CPU      %usr     %nice      %sys   %iowait    %steal      %irq     %soft    %guest    %gnice     %idle
02:41:31 PM      32     19.19      0.00     33.33      0.00      0.00      0.00     45.45      0.00      0.00      2.02
02:41:31 PM      33     15.00      0.00     50.00      0.00      0.00      0.00     34.00      0.00      0.00      1.00
02:41:31 PM      34     17.00      0.00     52.00      0.00      0.00      0.00     31.00      0.00      0.00      0.00
02:41:31 PM      35     17.00      0.00     43.00      0.00      0.00      0.00     40.00      0.00      0.00      0.00
02:41:31 PM      36     13.86      0.00     36.63      0.00      0.00      0.00     49.50      0.00      0.00      0.00
02:41:31 PM      37     14.00      0.00     47.00      0.00      0.00      0.00     39.00      0.00      0.00      0.00
02:41:31 PM      38     18.00      0.00     44.00      0.00      0.00      0.00     38.00      0.00      0.00      0.00
02:41:31 PM      39     15.84      0.00     35.64      0.00      0.00      0.00     47.52      0.00      0.00      0.99

02:41:31 PM     CPU      %usr     %nice      %sys   %iowait    %steal      %irq     %soft    %guest    %gnice     %idle
02:41:32 PM      32     16.33      0.00     37.76      0.00      0.00      0.00     44.90      0.00      0.00      1.02
02:41:32 PM      33     13.86      0.00     49.50      0.00      0.00      0.00     36.63      0.00      0.00      0.00
02:41:32 PM      34     20.00      0.00     43.00      0.00      0.00      0.00     37.00      0.00      0.00      0.00
02:41:32 PM      35     14.00      0.00     40.00      0.00      0.00      0.00     46.00      0.00      0.00      0.00
02:41:32 PM      36     15.00      0.00     44.00      0.00      0.00      0.00     41.00      0.00      0.00      0.00
02:41:32 PM      37     18.00      0.00     46.00      0.00      0.00      0.00     36.00      0.00      0.00      0.00
02:41:32 PM      38     18.00      0.00     49.00      0.00      0.00      0.00     33.00      0.00      0.00      0.00
02:41:32 PM      39     18.75      0.00     37.50      0.00      0.00      0.00     42.71      0.00      0.00      1.04

02:41:32 PM     CPU      %usr     %nice      %sys   %iowait    %steal      %irq     %soft    %guest    %gnice     %idle
02:41:33 PM      32     16.00      0.00     37.00      0.00      0.00      0.00     46.00      0.00      0.00      1.00
02:41:33 PM      33     19.19      0.00     46.46      0.00      0.00      0.00     34.34      0.00      0.00      0.00
02:41:33 PM      34     13.13      0.00     52.53      0.00      0.00      0.00     34.34      0.00      0.00      0.00
02:41:33 PM      35     12.00      0.00     40.00      0.00      0.00      0.00     48.00      0.00      0.00      0.00
02:41:33 PM      36     10.10      0.00     42.42      0.00      0.00      0.00     47.47      0.00      0.00      0.00
02:41:33 PM      37     18.00      0.00     50.00      0.00      0.00      0.00     32.00      0.00      0.00      0.00
02:41:33 PM      38     21.00      0.00     51.00      0.00      0.00      0.00     28.00      0.00      0.00      0.00
02:41:33 PM      39     14.29      0.00     37.76      0.00      0.00      0.00     46.94      0.00      0.00      1.02

02:41:33 PM     CPU      %usr     %nice      %sys   %iowait    %steal      %irq     %soft    %guest    %gnice     %idle
02:41:34 PM      32     14.14      0.00     35.35      0.00      0.00      0.00     49.49      0.00      0.00      1.01
02:41:34 PM      33     22.00      0.00     48.00      0.00      0.00      0.00     30.00      0.00      0.00      0.00
02:41:34 PM      34     16.83      0.00     48.51      0.00      0.00      0.00     34.65      0.00      0.00      0.00
02:41:34 PM      35     19.80      0.00     34.65      0.00      0.00      0.00     45.54      0.00      0.00      0.00
02:41:34 PM      36     12.87      0.00     42.57      0.00      0.00      0.00     44.55      0.00      0.00      0.00
02:41:34 PM      37     16.00      0.00     47.00      0.00      0.00      0.00     37.00      0.00      0.00      0.00
02:41:34 PM      38     19.19      0.00     48.48      0.00      0.00      0.00     32.32      0.00      0.00      0.00
02:41:34 PM      39     18.37      0.00     28.57      0.00      0.00      0.00     52.04      0.00      0.00      1.02

02:41:34 PM     CPU      %usr     %nice      %sys   %iowait    %steal      %irq     %soft    %guest    %gnice     %idle
02:41:35 PM      32     19.39      0.00     35.71      0.00      0.00      0.00     43.88      0.00      0.00      1.02
02:41:35 PM      33     18.00      0.00     49.00      0.00      0.00      0.00     33.00      0.00      0.00      0.00
02:41:35 PM      34     14.14      0.00     46.46      0.00      0.00      0.00     39.39      0.00      0.00      0.00
02:41:35 PM      35     14.14      0.00     44.44      0.00      0.00      0.00     41.41      0.00      0.00      0.00
02:41:35 PM      36     15.15      0.00     46.46      0.00      0.00      0.00     38.38      0.00      0.00      0.00
02:41:35 PM      37     13.00      0.00     45.00      0.00      0.00      0.00     42.00      0.00      0.00      0.00
02:41:35 PM      38     13.86      0.00     48.51      0.00      0.00      0.00     37.62      0.00      0.00      0.00
02:41:35 PM      39     24.00      0.00     39.00      0.00      0.00      0.00     36.00      0.00      0.00      1.00

02:41:35 PM     CPU      %usr     %nice      %sys   %iowait    %steal      %irq     %soft    %guest    %gnice     %idle
02:41:36 PM      32     17.53      0.00     31.96      0.00      0.00      0.00     49.48      0.00      0.00      1.03
02:41:36 PM      33     21.00      0.00     49.00      0.00      0.00      0.00     30.00      0.00      0.00      0.00
02:41:36 PM      34     16.00      0.00     41.00      0.00      0.00      0.00     43.00      0.00      0.00      0.00
02:41:36 PM      35     17.82      0.00     39.60      0.00      0.00      0.00     42.57      0.00      0.00      0.00
02:41:36 PM      36     11.88      0.00     40.59      0.00      0.00      0.00     47.52      0.00      0.00      0.00
02:41:36 PM      37     15.00      0.00     45.00      0.00      0.00      0.00     40.00      0.00      0.00      0.00
02:41:36 PM      38     21.00      0.00     45.00      0.00      0.00      0.00     34.00      0.00      0.00      0.00
02:41:36 PM      39     13.13      0.00     40.40      0.00      0.00      0.00     45.45      0.00      0.00      1.01

02:41:36 PM     CPU      %usr     %nice      %sys   %iowait    %steal      %irq     %soft    %guest    %gnice     %idle
02:41:37 PM      32     18.37      0.00     37.76      0.00      0.00      0.00     42.86      0.00      0.00      1.02
02:41:37 PM      33     19.00      0.00     47.00      0.00      0.00      0.00     34.00      0.00      0.00      0.00
02:41:37 PM      34     12.00      0.00     54.00      0.00      0.00      0.00     34.00      0.00      0.00      0.00
02:41:37 PM      35     12.12      0.00     42.42      0.00      0.00      0.00     45.45      0.00      0.00      0.00
02:41:37 PM      36     14.00      0.00     41.00      0.00      0.00      0.00     45.00      0.00      0.00      0.00
02:41:37 PM      37     18.00      0.00     41.00      0.00      0.00      0.00     41.00      0.00      0.00      0.00
02:41:37 PM      38     20.20      0.00     48.48      0.00      0.00      0.00     31.31      0.00      0.00      0.00
02:41:37 PM      39     19.39      0.00     39.80      0.00      0.00      0.00     40.82      0.00      0.00      0.00

Average:        CPU      %usr     %nice      %sys   %iowait    %steal      %irq     %soft    %guest    %gnice     %idle
Average:         32     17.68      0.00     35.47      0.00      0.00      0.00     45.73      0.00      0.00      1.12
Average:         33     17.56      0.00     49.20      0.00      0.00      0.00     33.13      0.00      0.00      0.10
Average:         34     15.90      0.00     47.90      0.00      0.00      0.00     36.10      0.00      0.00      0.10
Average:         35     15.70      0.00     40.80      0.00      0.00      0.00     43.50      0.00      0.00      0.00
Average:         36     14.10      0.00     41.90      0.00      0.00      0.00     44.00      0.00      0.00      0.00
Average:         37     16.30      0.00     44.60      0.00      0.00      0.00     39.10      0.00      0.00      0.00
Average:         38     18.62      0.00     48.45      0.00      0.00      0.00     32.93      0.00      0.00      0.00
Average:         39     17.65      0.00     37.83      0.00      0.00      0.00     43.61      0.00      0.00      0.91
