Linux 6.12.0-rc5-nfoff-mitioff-ndsim-sv5 (cache-sql13432) 	11/03/2024 	_x86_64_	(64 CPU)

06:24:33 AM     CPU      %usr     %nice      %sys   %iowait    %steal      %irq     %soft    %guest    %gnice     %idle
06:24:34 AM      32      7.95      0.00     10.23      0.00      0.00      0.00     13.64      0.00      0.00     68.18
06:24:34 AM      33      6.38      0.00     15.96      0.00      0.00      0.00     12.77      0.00      0.00     64.89
06:24:34 AM      34      9.38      0.00     15.62      0.00      0.00      0.00     12.50      0.00      0.00     62.50
06:24:34 AM      35      8.42      0.00     14.74      0.00      0.00      0.00     13.68      0.00      0.00     63.16
06:24:34 AM      36      7.14      0.00     14.29      0.00      0.00      0.00     16.33      0.00      0.00     62.24
06:24:34 AM      37      5.15      0.00     17.53      0.00      0.00      0.00     13.40      0.00      0.00     63.92
06:24:34 AM      38      4.26      0.00     13.83      0.00      0.00      0.00     17.02      0.00      0.00     64.89
06:24:34 AM      39      7.53      0.00     13.98      0.00      0.00      0.00     12.90      0.00      0.00     65.59

06:24:34 AM     CPU      %usr     %nice      %sys   %iowait    %steal      %irq     %soft    %guest    %gnice     %idle
06:24:35 AM      32      5.94      0.00     18.81      0.00      0.00      0.00     14.85      0.00      0.00     60.40
06:24:35 AM      33      6.19      0.00     17.53      0.00      0.00      0.00     13.40      0.00      0.00     62.89
06:24:35 AM      34      6.45      0.00     15.05      0.00      0.00      0.00     15.05      0.00      0.00     63.44
06:24:35 AM      35      9.18      0.00     17.35      0.00      0.00      0.00     12.24      0.00      0.00     61.22
06:24:35 AM      36      5.49      0.00     13.19      0.00      0.00      0.00     15.38      0.00      0.00     65.93
06:24:35 AM      37      6.19      0.00     16.49      0.00      0.00      0.00     14.43      0.00      0.00     62.89
06:24:35 AM      38      7.22      0.00     16.49      0.00      0.00      0.00     14.43      0.00      0.00     61.86
06:24:35 AM      39      8.25      0.00     14.43      0.00      0.00      0.00     14.43      0.00      0.00     62.89

06:24:35 AM     CPU      %usr     %nice      %sys   %iowait    %steal      %irq     %soft    %guest    %gnice     %idle
06:24:36 AM      32      9.18      0.00     18.37      0.00      0.00      0.00     12.24      0.00      0.00     60.20
06:24:36 AM      33      7.45      0.00     17.02      0.00      0.00      0.00     11.70      0.00      0.00     63.83
06:24:36 AM      34      7.37      0.00     13.68      0.00      0.00      0.00     16.84      0.00      0.00     62.11
06:24:36 AM      35      8.00      0.00     18.00      0.00      0.00      0.00     15.00      0.00      0.00     59.00
06:24:36 AM      36      5.21      0.00     12.50      0.00      0.00      0.00     18.75      0.00      0.00     63.54
06:24:36 AM      37      8.25      0.00     14.43      0.00      0.00      0.00     14.43      0.00      0.00     62.89
06:24:36 AM      38      6.32      0.00     13.68      0.00      0.00      0.00     15.79      0.00      0.00     64.21
06:24:36 AM      39      8.70      0.00     11.96      0.00      0.00      0.00     14.13      0.00      0.00     65.22

06:24:36 AM     CPU      %usr     %nice      %sys   %iowait    %steal      %irq     %soft    %guest    %gnice     %idle
06:24:37 AM      32      6.73      0.00     20.19      0.00      0.00      0.00     15.38      0.00      0.00     57.69
06:24:37 AM      33      5.32      0.00     11.70      0.00      0.00      0.00     18.09      0.00      0.00     64.89
06:24:37 AM      34      7.29      0.00     13.54      0.00      0.00      0.00     18.75      0.00      0.00     60.42
06:24:37 AM      35      4.95      0.00     15.84      0.00      0.00      0.00     19.80      0.00      0.00     59.41
06:24:37 AM      36     11.11      0.00     15.15      0.00      0.00      0.00     14.14      0.00      0.00     59.60
06:24:37 AM      37      5.15      0.00     14.43      0.00      0.00      0.00     17.53      0.00      0.00     62.89
06:24:37 AM      38      5.10      0.00     15.31      0.00      0.00      0.00     18.37      0.00      0.00     61.22
06:24:37 AM      39      5.26      0.00     15.79      0.00      0.00      0.00     15.79      0.00      0.00     63.16

06:24:37 AM     CPU      %usr     %nice      %sys   %iowait    %steal      %irq     %soft    %guest    %gnice     %idle
06:24:38 AM      32      8.42      0.00     13.68      0.00      0.00      0.00     14.74      0.00      0.00     63.16
06:24:38 AM      33      9.09      0.00     18.18      0.00      0.00      0.00     13.13      0.00      0.00     59.60
06:24:38 AM      34      8.00      0.00     17.00      0.00      0.00      0.00     16.00      0.00      0.00     59.00
06:24:38 AM      35      8.16      0.00     14.29      0.00      0.00      0.00     17.35      0.00      0.00     60.20
06:24:38 AM      36      8.82      0.00     16.67      0.00      0.00      0.00     14.71      0.00      0.00     59.80
06:24:38 AM      37      5.21      0.00     18.75      0.00      0.00      0.00     12.50      0.00      0.00     63.54
06:24:38 AM      38      7.84      0.00     16.67      0.00      0.00      0.00     16.67      0.00      0.00     58.82
06:24:38 AM      39      5.26      0.00     16.84      0.00      0.00      0.00     13.68      0.00      0.00     64.21

06:24:38 AM     CPU      %usr     %nice      %sys   %iowait    %steal      %irq     %soft    %guest    %gnice     %idle
06:24:39 AM      32      6.45      0.00     12.90      0.00      0.00      0.00     16.13      0.00      0.00     64.52
06:24:39 AM      33      6.52      0.00     14.13      0.00      0.00      0.00     13.04      0.00      0.00     66.30
06:24:39 AM      34      7.53      0.00     16.13      0.00      0.00      0.00     12.90      0.00      0.00     63.44
06:24:39 AM      35      5.21      0.00     15.62      0.00      0.00      0.00     16.67      0.00      0.00     62.50
06:24:39 AM      36      7.29      0.00     15.62      0.00      0.00      0.00     14.58      0.00      0.00     62.50
06:24:39 AM      37      8.70      0.00     14.13      0.00      0.00      0.00     10.87      0.00      0.00     66.30
06:24:39 AM      38      7.45      0.00     12.77      0.00      0.00      0.00     14.89      0.00      0.00     64.89
06:24:39 AM      39      8.16      0.00     20.41      0.00      0.00      0.00     10.20      0.00      0.00     61.22

06:24:39 AM     CPU      %usr     %nice      %sys   %iowait    %steal      %irq     %soft    %guest    %gnice     %idle
06:24:40 AM      32      6.12      0.00     16.33      0.00      0.00      0.00     16.33      0.00      0.00     61.22
06:24:40 AM      33      7.92      0.00     16.83      0.00      0.00      0.00     15.84      0.00      0.00     59.41
06:24:40 AM      34      8.82      0.00     16.67      0.00      0.00      0.00     16.67      0.00      0.00     57.84
06:24:40 AM      35      7.92      0.00     15.84      0.00      0.00      0.00     16.83      0.00      0.00     59.41
06:24:40 AM      36      6.38      0.00     13.83      0.00      0.00      0.00     15.96      0.00      0.00     63.83
06:24:40 AM      37      6.19      0.00     15.46      0.00      0.00      0.00     16.49      0.00      0.00     61.86
06:24:40 AM      38      8.33      0.00     15.62      0.00      0.00      0.00     12.50      0.00      0.00     63.54
06:24:40 AM      39      8.82      0.00     19.61      0.00      0.00      0.00     12.75      0.00      0.00     58.82

06:24:40 AM     CPU      %usr     %nice      %sys   %iowait    %steal      %irq     %soft    %guest    %gnice     %idle
06:24:41 AM      32      6.19      0.00     17.53      0.00      0.00      0.00     14.43      0.00      0.00     61.86
06:24:41 AM      33      7.61      0.00     13.04      0.00      0.00      0.00     14.13      0.00      0.00     65.22
06:24:41 AM      34      7.22      0.00     16.49      0.00      0.00      0.00     16.49      0.00      0.00     59.79
06:24:41 AM      35      9.68      0.00     13.98      0.00      0.00      0.00     12.90      0.00      0.00     63.44
06:24:41 AM      36      6.19      0.00     16.49      0.00      0.00      0.00     15.46      0.00      0.00     61.86
06:24:41 AM      37      7.37      0.00     15.79      0.00      0.00      0.00     13.68      0.00      0.00     63.16
06:24:41 AM      38      6.25      0.00     19.79      0.00      0.00      0.00     11.46      0.00      0.00     62.50
06:24:41 AM      39      8.42      0.00     15.79      0.00      0.00      0.00     12.63      0.00      0.00     63.16

06:24:41 AM     CPU      %usr     %nice      %sys   %iowait    %steal      %irq     %soft    %guest    %gnice     %idle
06:24:42 AM      32      7.37      0.00     12.63      0.00      0.00      0.00     15.79      0.00      0.00     64.21
06:24:42 AM      33      7.45      0.00     14.89      0.00      0.00      0.00     14.89      0.00      0.00     62.77
06:24:42 AM      34      7.53      0.00     15.05      0.00      0.00      0.00     15.05      0.00      0.00     62.37
06:24:42 AM      35      7.61      0.00     15.22      0.00      0.00      0.00     16.30      0.00      0.00     60.87
06:24:42 AM      36      5.26      0.00     15.79      0.00      0.00      0.00     16.84      0.00      0.00     62.11
06:24:42 AM      37      8.33      0.00     15.62      0.00      0.00      0.00     18.75      0.00      0.00     57.29
06:24:42 AM      38      6.06      0.00     19.19      0.00      0.00      0.00     14.14      0.00      0.00     60.61
06:24:42 AM      39      7.61      0.00     11.96      0.00      0.00      0.00     15.22      0.00      0.00     65.22

06:24:42 AM     CPU      %usr     %nice      %sys   %iowait    %steal      %irq     %soft    %guest    %gnice     %idle
06:24:43 AM      32     10.42      0.00     14.58      0.00      0.00      0.00     13.54      0.00      0.00     61.46
06:24:43 AM      33      8.08      0.00     17.17      0.00      0.00      0.00     15.15      0.00      0.00     59.60
06:24:43 AM      34      4.30      0.00     15.05      0.00      0.00      0.00     18.28      0.00      0.00     62.37
06:24:43 AM      35      6.38      0.00     15.96      0.00      0.00      0.00     23.40      0.00      0.00     54.26
06:24:43 AM      36      9.18      0.00     16.33      0.00      0.00      0.00     13.27      0.00      0.00     61.22
06:24:43 AM      37      7.29      0.00     19.79      0.00      0.00      0.00     20.83      0.00      0.00     52.08
06:24:43 AM      38      8.42      0.00     16.84      0.00      0.00      0.00     12.63      0.00      0.00     62.11
06:24:43 AM      39      5.10      0.00     17.35      0.00      0.00      0.00     17.35      0.00      0.00     60.20

Average:        CPU      %usr     %nice      %sys   %iowait    %steal      %irq     %soft    %guest    %gnice     %idle
Average:         32      7.46      0.00     15.65      0.00      0.00      0.00     14.72      0.00      0.00     62.18
Average:         33      7.22      0.00     15.69      0.00      0.00      0.00     14.23      0.00      0.00     62.87
Average:         34      7.41      0.00     15.45      0.00      0.00      0.00     15.87      0.00      0.00     61.27
Average:         35      7.54      0.00     15.70      0.00      0.00      0.00     16.43      0.00      0.00     60.33
Average:         36      7.25      0.00     15.01      0.00      0.00      0.00     15.53      0.00      0.00     62.22
Average:         37      6.77      0.00     16.25      0.00      0.00      0.00     15.31      0.00      0.00     61.67
Average:         38      6.73      0.00     16.05      0.00      0.00      0.00     14.80      0.00      0.00     62.42
Average:         39      7.31      0.00     15.88      0.00      0.00      0.00     13.90      0.00      0.00     62.90
