Linux 6.12.0-rc5-nfoff-mitioff-ndsim-sv5 (cache-sql13432) 	11/04/2024 	_x86_64_	(64 CPU)

09:01:25 AM     CPU      %usr     %nice      %sys   %iowait    %steal      %irq     %soft    %guest    %gnice     %idle
09:01:26 AM      32     11.11      0.00     36.36      0.00      0.00      0.00     34.34      0.00      0.00     18.18
09:01:26 AM      33     15.62      0.00     33.33      0.00      0.00      0.00     36.46      0.00      0.00     14.58
09:01:26 AM      34     13.54      0.00     37.50      0.00      0.00      0.00     29.17      0.00      0.00     19.79
09:01:26 AM      35     16.67      0.00     35.42      0.00      0.00      0.00     33.33      0.00      0.00     14.58
09:01:26 AM      36     15.05      0.00     34.41      0.00      0.00      0.00     34.41      0.00      0.00     16.13
09:01:26 AM      37     16.30      0.00     38.04      0.00      0.00      0.00     21.74      0.00      0.00     23.91
09:01:26 AM      38     15.62      0.00     33.33      0.00      0.00      0.00     33.33      0.00      0.00     17.71
09:01:26 AM      39     17.02      0.00     32.98      0.00      0.00      0.00     37.23      0.00      0.00     12.77

09:01:26 AM     CPU      %usr     %nice      %sys   %iowait    %steal      %irq     %soft    %guest    %gnice     %idle
09:01:27 AM      32     13.83      0.00     37.23      0.00      0.00      0.00     20.21      0.00      0.00     28.72
09:01:27 AM      33     18.56      0.00     32.99      0.00      0.00      0.00     25.77      0.00      0.00     22.68
09:01:27 AM      34     10.99      0.00     34.07      0.00      0.00      0.00     41.76      0.00      0.00     13.19
09:01:27 AM      35     14.29      0.00     32.97      0.00      0.00      0.00     37.36      0.00      0.00     15.38
09:01:27 AM      36     11.34      0.00     40.21      0.00      0.00      0.00     41.24      0.00      0.00      7.22
09:01:27 AM      37     14.29      0.00     32.65      0.00      0.00      0.00     22.45      0.00      0.00     30.61
09:01:27 AM      38     13.04      0.00     39.13      0.00      0.00      0.00     26.09      0.00      0.00     21.74
09:01:27 AM      39     11.34      0.00     29.90      0.00      0.00      0.00     41.24      0.00      0.00     17.53

09:01:27 AM     CPU      %usr     %nice      %sys   %iowait    %steal      %irq     %soft    %guest    %gnice     %idle
09:01:28 AM      32     11.96      0.00     33.70      0.00      0.00      0.00     27.17      0.00      0.00     27.17
09:01:28 AM      33      8.33      0.00     44.79      0.00      0.00      0.00     34.38      0.00      0.00     12.50
09:01:28 AM      34     16.13      0.00     34.41      0.00      0.00      0.00     22.58      0.00      0.00     26.88
09:01:28 AM      35     15.62      0.00     33.33      0.00      0.00      0.00     36.46      0.00      0.00     14.58
09:01:28 AM      36     11.83      0.00     36.56      0.00      0.00      0.00     38.71      0.00      0.00     12.90
09:01:28 AM      37     12.50      0.00     40.91      0.00      0.00      0.00     20.45      0.00      0.00     26.14
09:01:28 AM      38     12.36      0.00     31.46      0.00      0.00      0.00     24.72      0.00      0.00     31.46
09:01:28 AM      39     10.11      0.00     28.09      0.00      0.00      0.00     41.57      0.00      0.00     20.22

09:01:28 AM     CPU      %usr     %nice      %sys   %iowait    %steal      %irq     %soft    %guest    %gnice     %idle
09:01:29 AM      32     12.50      0.00     37.50      0.00      0.00      0.00     25.00      0.00      0.00     25.00
09:01:29 AM      33     15.22      0.00     38.04      0.00      0.00      0.00     31.52      0.00      0.00     15.22
09:01:29 AM      34     15.56      0.00     38.89      0.00      0.00      0.00     20.00      0.00      0.00     25.56
09:01:29 AM      35     12.77      0.00     34.04      0.00      0.00      0.00     35.11      0.00      0.00     18.09
09:01:29 AM      36     17.20      0.00     35.48      0.00      0.00      0.00     29.03      0.00      0.00     18.28
09:01:29 AM      37     10.64      0.00     31.91      0.00      0.00      0.00     25.53      0.00      0.00     31.91
09:01:29 AM      38     17.58      0.00     30.77      0.00      0.00      0.00     30.77      0.00      0.00     20.88
09:01:29 AM      39     12.24      0.00     31.63      0.00      0.00      0.00     39.80      0.00      0.00     16.33

09:01:29 AM     CPU      %usr     %nice      %sys   %iowait    %steal      %irq     %soft    %guest    %gnice     %idle
09:01:30 AM      32     12.37      0.00     41.24      0.00      0.00      0.00     32.99      0.00      0.00     13.40
09:01:30 AM      33     17.02      0.00     37.23      0.00      0.00      0.00     32.98      0.00      0.00     12.77
09:01:30 AM      34     12.50      0.00     35.42      0.00      0.00      0.00     32.29      0.00      0.00     19.79
09:01:30 AM      35     13.83      0.00     37.23      0.00      0.00      0.00     23.40      0.00      0.00     25.53
09:01:30 AM      36      9.68      0.00     39.78      0.00      0.00      0.00     30.11      0.00      0.00     20.43
09:01:30 AM      37     11.46      0.00     34.38      0.00      0.00      0.00     29.17      0.00      0.00     25.00
09:01:30 AM      38     12.90      0.00     37.63      0.00      0.00      0.00     37.63      0.00      0.00     11.83
09:01:30 AM      39     15.05      0.00     35.48      0.00      0.00      0.00     32.26      0.00      0.00     17.20

09:01:30 AM     CPU      %usr     %nice      %sys   %iowait    %steal      %irq     %soft    %guest    %gnice     %idle
09:01:31 AM      32     10.99      0.00     31.87      0.00      0.00      0.00     37.36      0.00      0.00     19.78
09:01:31 AM      33     12.09      0.00     38.46      0.00      0.00      0.00     25.27      0.00      0.00     24.18
09:01:31 AM      34     15.79      0.00     26.32      0.00      0.00      0.00     28.42      0.00      0.00     29.47
09:01:31 AM      35     14.58      0.00     28.12      0.00      0.00      0.00     29.17      0.00      0.00     28.12
09:01:31 AM      36     13.83      0.00     30.85      0.00      0.00      0.00     34.04      0.00      0.00     21.28
09:01:31 AM      37     12.22      0.00     33.33      0.00      0.00      0.00     27.78      0.00      0.00     26.67
09:01:31 AM      38     13.83      0.00     30.85      0.00      0.00      0.00     22.34      0.00      0.00     32.98
09:01:31 AM      39     14.29      0.00     38.46      0.00      0.00      0.00     21.98      0.00      0.00     25.27

09:01:31 AM     CPU      %usr     %nice      %sys   %iowait    %steal      %irq     %soft    %guest    %gnice     %idle
09:01:32 AM      32     15.46      0.00     27.84      0.00      0.00      0.00     36.08      0.00      0.00     20.62
09:01:32 AM      33     13.54      0.00     33.33      0.00      0.00      0.00     18.75      0.00      0.00     34.38
09:01:32 AM      34     10.99      0.00     36.26      0.00      0.00      0.00     23.08      0.00      0.00     29.67
09:01:32 AM      35     14.13      0.00     39.13      0.00      0.00      0.00     32.61      0.00      0.00     14.13
09:01:32 AM      36     16.30      0.00     38.04      0.00      0.00      0.00     18.48      0.00      0.00     27.17
09:01:32 AM      37     18.09      0.00     28.72      0.00      0.00      0.00     29.79      0.00      0.00     23.40
09:01:32 AM      38     13.04      0.00     36.96      0.00      0.00      0.00     27.17      0.00      0.00     22.83
09:01:32 AM      39     12.22      0.00     32.22      0.00      0.00      0.00     32.22      0.00      0.00     23.33

09:01:32 AM     CPU      %usr     %nice      %sys   %iowait    %steal      %irq     %soft    %guest    %gnice     %idle
09:01:33 AM      32     13.83      0.00     28.72      0.00      0.00      0.00     30.85      0.00      0.00     26.60
09:01:33 AM      33     12.64      0.00     35.63      0.00      0.00      0.00     20.69      0.00      0.00     31.03
09:01:33 AM      34     11.11      0.00     28.89      0.00      0.00      0.00     26.67      0.00      0.00     33.33
09:01:33 AM      35     17.58      0.00     32.97      0.00      0.00      0.00     26.37      0.00      0.00     23.08
09:01:33 AM      36     13.27      0.00     33.67      0.00      0.00      0.00     23.47      0.00      0.00     29.59
09:01:33 AM      37     12.64      0.00     24.14      0.00      0.00      0.00     21.84      0.00      0.00     41.38
09:01:33 AM      38     16.67      0.00     28.89      0.00      0.00      0.00     33.33      0.00      0.00     21.11
09:01:33 AM      39     11.24      0.00     35.96      0.00      0.00      0.00     25.84      0.00      0.00     26.97

09:01:33 AM     CPU      %usr     %nice      %sys   %iowait    %steal      %irq     %soft    %guest    %gnice     %idle
09:01:34 AM      32     15.38      0.00     36.26      0.00      0.00      0.00     21.98      0.00      0.00     26.37
09:01:34 AM      33     13.98      0.00     37.63      0.00      0.00      0.00     30.11      0.00      0.00     18.28
09:01:34 AM      34     15.79      0.00     30.53      0.00      0.00      0.00     31.58      0.00      0.00     22.11
09:01:34 AM      35     15.22      0.00     30.43      0.00      0.00      0.00     20.65      0.00      0.00     33.70
09:01:34 AM      36     18.37      0.00     27.55      0.00      0.00      0.00     26.53      0.00      0.00     27.55
09:01:34 AM      37     17.02      0.00     29.79      0.00      0.00      0.00     19.15      0.00      0.00     34.04
09:01:34 AM      38     15.96      0.00     29.79      0.00      0.00      0.00     31.91      0.00      0.00     22.34
09:01:34 AM      39     16.16      0.00     32.32      0.00      0.00      0.00     35.35      0.00      0.00     16.16

09:01:34 AM     CPU      %usr     %nice      %sys   %iowait    %steal      %irq     %soft    %guest    %gnice     %idle
09:01:35 AM      32     10.00      0.00     32.22      0.00      0.00      0.00     23.33      0.00      0.00     34.44
09:01:35 AM      33     11.83      0.00     35.48      0.00      0.00      0.00     40.86      0.00      0.00     11.83
09:01:35 AM      34      9.47      0.00     35.79      0.00      0.00      0.00     42.11      0.00      0.00     12.63
09:01:35 AM      35     18.39      0.00     37.93      0.00      0.00      0.00     21.84      0.00      0.00     21.84
09:01:35 AM      36     11.58      0.00     34.74      0.00      0.00      0.00     33.68      0.00      0.00     20.00
09:01:35 AM      37     12.90      0.00     41.94      0.00      0.00      0.00     27.96      0.00      0.00     17.20
09:01:35 AM      38     12.63      0.00     33.68      0.00      0.00      0.00     34.74      0.00      0.00     18.95
09:01:35 AM      39      8.99      0.00     31.46      0.00      0.00      0.00     40.45      0.00      0.00     19.10

Average:        CPU      %usr     %nice      %sys   %iowait    %steal      %irq     %soft    %guest    %gnice     %idle
Average:         32     12.75      0.00     34.33      0.00      0.00      0.00     29.01      0.00      0.00     23.91
Average:         33     13.90      0.00     36.68      0.00      0.00      0.00     29.73      0.00      0.00     19.68
Average:         34     13.20      0.00     33.80      0.00      0.00      0.00     29.83      0.00      0.00     23.18
Average:         35     15.29      0.00     34.12      0.00      0.00      0.00     29.71      0.00      0.00     20.88
Average:         36     13.85      0.00     35.10      0.00      0.00      0.00     30.97      0.00      0.00     20.08
Average:         37     13.82      0.00     33.59      0.00      0.00      0.00     24.62      0.00      0.00     27.97
Average:         38     14.36      0.00     33.26      0.00      0.00      0.00     30.24      0.00      0.00     22.14
Average:         39     12.92      0.00     32.83      0.00      0.00      0.00     34.88      0.00      0.00     19.38
