Linux 6.12.0-rc5-nfoff-mitioff-ndsim-sv5 (cache-sql13432) 	11/03/2024 	_x86_64_	(64 CPU)

01:01:04 PM     CPU      %usr     %nice      %sys   %iowait    %steal      %irq     %soft    %guest    %gnice     %idle
01:01:05 PM      32     16.16      0.00     45.45      0.00      0.00      0.00     38.38      0.00      0.00      0.00
01:01:05 PM      33     14.14      0.00     44.44      0.00      0.00      0.00     41.41      0.00      0.00      0.00
01:01:05 PM      34     17.02      0.00     54.26      0.00      0.00      0.00     24.47      0.00      0.00      4.26
01:01:05 PM      35     18.56      0.00     62.89      0.00      0.00      0.00     14.43      0.00      0.00      4.12
01:01:05 PM      36     16.83      0.00     41.58      0.00      0.00      0.00     41.58      0.00      0.00      0.00
01:01:05 PM      37     14.58      0.00     66.67      0.00      0.00      0.00     15.62      0.00      0.00      3.12
01:01:05 PM      38     18.00      0.00     61.00      0.00      0.00      0.00     18.00      0.00      0.00      3.00
01:01:05 PM      39     15.00      0.00     42.00      0.00      0.00      0.00     43.00      0.00      0.00      0.00

01:01:05 PM     CPU      %usr     %nice      %sys   %iowait    %steal      %irq     %soft    %guest    %gnice     %idle
01:01:06 PM      32     12.00      0.00     42.00      0.00      0.00      0.00     46.00      0.00      0.00      0.00
01:01:06 PM      33     15.84      0.00     45.54      0.00      0.00      0.00     38.61      0.00      0.00      0.00
01:01:06 PM      34     16.83      0.00     52.48      0.00      0.00      0.00     25.74      0.00      0.00      4.95
01:01:06 PM      35     17.82      0.00     65.35      0.00      0.00      0.00     11.88      0.00      0.00      4.95
01:01:06 PM      36     10.10      0.00     42.42      0.00      0.00      0.00     47.47      0.00      0.00      0.00
01:01:06 PM      37     14.85      0.00     62.38      0.00      0.00      0.00     18.81      0.00      0.00      3.96
01:01:06 PM      38     18.00      0.00     63.00      0.00      0.00      0.00     15.00      0.00      0.00      4.00
01:01:06 PM      39     16.00      0.00     43.00      0.00      0.00      0.00     41.00      0.00      0.00      0.00

01:01:06 PM     CPU      %usr     %nice      %sys   %iowait    %steal      %irq     %soft    %guest    %gnice     %idle
01:01:07 PM      32     12.87      0.00     49.50      0.00      0.00      0.00     37.62      0.00      0.00      0.00
01:01:07 PM      33     16.00      0.00     45.00      0.00      0.00      0.00     39.00      0.00      0.00      0.00
01:01:07 PM      34     15.15      0.00     53.54      0.00      0.00      0.00     27.27      0.00      0.00      4.04
01:01:07 PM      35     16.16      0.00     64.65      0.00      0.00      0.00     14.14      0.00      0.00      5.05
01:01:07 PM      36     18.00      0.00     39.00      0.00      0.00      0.00     43.00      0.00      0.00      0.00
01:01:07 PM      37     14.14      0.00     65.66      0.00      0.00      0.00     16.16      0.00      0.00      4.04
01:01:07 PM      38     18.18      0.00     54.55      0.00      0.00      0.00     24.24      0.00      0.00      3.03
01:01:07 PM      39     20.20      0.00     38.38      0.00      0.00      0.00     41.41      0.00      0.00      0.00

01:01:07 PM     CPU      %usr     %nice      %sys   %iowait    %steal      %irq     %soft    %guest    %gnice     %idle
01:01:08 PM      32     16.16      0.00     44.44      0.00      0.00      0.00     39.39      0.00      0.00      0.00
01:01:08 PM      33     16.00      0.00     39.00      0.00      0.00      0.00     44.00      0.00      0.00      1.00
01:01:08 PM      34     13.27      0.00     56.12      0.00      0.00      0.00     25.51      0.00      0.00      5.10
01:01:08 PM      35     19.00      0.00     56.00      0.00      0.00      0.00     20.00      0.00      0.00      5.00
01:01:08 PM      36     14.85      0.00     42.57      0.00      0.00      0.00     42.57      0.00      0.00      0.00
01:01:08 PM      37     19.00      0.00     61.00      0.00      0.00      0.00     16.00      0.00      0.00      4.00
01:01:08 PM      38     16.00      0.00     60.00      0.00      0.00      0.00     21.00      0.00      0.00      3.00
01:01:08 PM      39     12.87      0.00     40.59      0.00      0.00      0.00     46.53      0.00      0.00      0.00

01:01:08 PM     CPU      %usr     %nice      %sys   %iowait    %steal      %irq     %soft    %guest    %gnice     %idle
01:01:09 PM      32     13.00      0.00     47.00      0.00      0.00      0.00     40.00      0.00      0.00      0.00
01:01:09 PM      33     18.00      0.00     37.00      0.00      0.00      0.00     45.00      0.00      0.00      0.00
01:01:09 PM      34     15.46      0.00     53.61      0.00      0.00      0.00     27.84      0.00      0.00      3.09
01:01:09 PM      35     16.49      0.00     61.86      0.00      0.00      0.00     17.53      0.00      0.00      4.12
01:01:09 PM      36     11.88      0.00     41.58      0.00      0.00      0.00     46.53      0.00      0.00      0.00
01:01:09 PM      37     15.31      0.00     63.27      0.00      0.00      0.00     18.37      0.00      0.00      3.06
01:01:09 PM      38     14.00      0.00     59.00      0.00      0.00      0.00     25.00      0.00      0.00      2.00
01:01:09 PM      39     14.14      0.00     42.42      0.00      0.00      0.00     43.43      0.00      0.00      0.00

01:01:09 PM     CPU      %usr     %nice      %sys   %iowait    %steal      %irq     %soft    %guest    %gnice     %idle
01:01:10 PM      32     12.87      0.00     42.57      0.00      0.00      0.00     44.55      0.00      0.00      0.00
01:01:10 PM      33     18.00      0.00     42.00      0.00      0.00      0.00     40.00      0.00      0.00      0.00
01:01:10 PM      34     14.56      0.00     48.54      0.00      0.00      0.00     31.07      0.00      0.00      5.83
01:01:10 PM      35     15.00      0.00     58.00      0.00      0.00      0.00     24.00      0.00      0.00      3.00
01:01:10 PM      36     13.13      0.00     38.38      0.00      0.00      0.00     48.48      0.00      0.00      0.00
01:01:10 PM      37     17.17      0.00     58.59      0.00      0.00      0.00     22.22      0.00      0.00      2.02
01:01:10 PM      38     17.35      0.00     50.00      0.00      0.00      0.00     28.57      0.00      0.00      4.08
01:01:10 PM      39     14.85      0.00     38.61      0.00      0.00      0.00     46.53      0.00      0.00      0.00

01:01:10 PM     CPU      %usr     %nice      %sys   %iowait    %steal      %irq     %soft    %guest    %gnice     %idle
01:01:11 PM      32     16.16      0.00     42.42      0.00      0.00      0.00     41.41      0.00      0.00      0.00
01:01:11 PM      33     16.00      0.00     41.00      0.00      0.00      0.00     43.00      0.00      0.00      0.00
01:01:11 PM      34     20.20      0.00     54.55      0.00      0.00      0.00     16.16      0.00      0.00      9.09
01:01:11 PM      35     16.33      0.00     59.18      0.00      0.00      0.00     21.43      0.00      0.00      3.06
01:01:11 PM      36     14.00      0.00     44.00      0.00      0.00      0.00     42.00      0.00      0.00      0.00
01:01:11 PM      37     16.83      0.00     60.40      0.00      0.00      0.00     17.82      0.00      0.00      4.95
01:01:11 PM      38     15.15      0.00     57.58      0.00      0.00      0.00     24.24      0.00      0.00      3.03
01:01:11 PM      39     14.14      0.00     41.41      0.00      0.00      0.00     44.44      0.00      0.00      0.00

01:01:11 PM     CPU      %usr     %nice      %sys   %iowait    %steal      %irq     %soft    %guest    %gnice     %idle
01:01:12 PM      32     13.00      0.00     49.00      0.00      0.00      0.00     38.00      0.00      0.00      0.00
01:01:12 PM      33     12.00      0.00     40.00      0.00      0.00      0.00     48.00      0.00      0.00      0.00
01:01:12 PM      34     14.58      0.00     47.92      0.00      0.00      0.00     20.83      0.00      0.00     16.67
01:01:12 PM      35     15.15      0.00     35.35      0.00      0.00      0.00     47.47      0.00      0.00      2.02
01:01:12 PM      36     13.00      0.00     37.00      0.00      0.00      0.00     50.00      0.00      0.00      0.00
01:01:12 PM      37     16.00      0.00     49.00      0.00      0.00      0.00     34.00      0.00      0.00      1.00
01:01:12 PM      38     15.00      0.00     49.00      0.00      0.00      0.00     18.00      0.00      0.00     18.00
01:01:12 PM      39     13.00      0.00     48.00      0.00      0.00      0.00     39.00      0.00      0.00      0.00

01:01:12 PM     CPU      %usr     %nice      %sys   %iowait    %steal      %irq     %soft    %guest    %gnice     %idle
01:01:13 PM      32     12.00      0.00     42.00      0.00      0.00      0.00     46.00      0.00      0.00      0.00
01:01:13 PM      33     12.00      0.00     43.00      0.00      0.00      0.00     45.00      0.00      0.00      0.00
01:01:13 PM      34     14.85      0.00     41.58      0.00      0.00      0.00     24.75      0.00      0.00     18.81
01:01:13 PM      35     12.87      0.00     42.57      0.00      0.00      0.00     44.55      0.00      0.00      0.00
01:01:13 PM      36     13.00      0.00     41.00      0.00      0.00      0.00     46.00      0.00      0.00      0.00
01:01:13 PM      37     16.00      0.00     48.00      0.00      0.00      0.00     36.00      0.00      0.00      0.00
01:01:13 PM      38     12.63      0.00     43.16      0.00      0.00      0.00     18.95      0.00      0.00     25.26
01:01:13 PM      39     12.00      0.00     46.00      0.00      0.00      0.00     42.00      0.00      0.00      0.00

01:01:13 PM     CPU      %usr     %nice      %sys   %iowait    %steal      %irq     %soft    %guest    %gnice     %idle
01:01:14 PM      32     15.00      0.00     43.00      0.00      0.00      0.00     42.00      0.00      0.00      0.00
01:01:14 PM      33     13.86      0.00     46.53      0.00      0.00      0.00     39.60      0.00      0.00      0.00
01:01:14 PM      34     19.79      0.00     39.58      0.00      0.00      0.00     20.83      0.00      0.00     19.79
01:01:14 PM      35     11.00      0.00     42.00      0.00      0.00      0.00     47.00      0.00      0.00      0.00
01:01:14 PM      36     14.00      0.00     34.00      0.00      0.00      0.00     52.00      0.00      0.00      0.00
01:01:14 PM      37     16.00      0.00     43.00      0.00      0.00      0.00     41.00      0.00      0.00      0.00
01:01:14 PM      38     14.43      0.00     40.21      0.00      0.00      0.00     21.65      0.00      0.00     23.71
01:01:14 PM      39     15.00      0.00     41.00      0.00      0.00      0.00     44.00      0.00      0.00      0.00

Average:        CPU      %usr     %nice      %sys   %iowait    %steal      %irq     %soft    %guest    %gnice     %idle
Average:         32     13.91      0.00     44.74      0.00      0.00      0.00     41.34      0.00      0.00      0.00
Average:         33     15.18      0.00     42.36      0.00      0.00      0.00     42.36      0.00      0.00      0.10
Average:         34     16.16      0.00     50.20      0.00      0.00      0.00     24.49      0.00      0.00      9.15
Average:         35     15.83      0.00     54.74      0.00      0.00      0.00     26.31      0.00      0.00      3.12
Average:         36     13.89      0.00     40.16      0.00      0.00      0.00     45.95      0.00      0.00      0.00
Average:         37     16.00      0.00     57.75      0.00      0.00      0.00     23.64      0.00      0.00      2.62
Average:         38     15.89      0.00     53.85      0.00      0.00      0.00     21.46      0.00      0.00      8.81
Average:         39     14.71      0.00     42.14      0.00      0.00      0.00     43.14      0.00      0.00      0.00
