Linux 6.12.0-rc5-nfoff-mitioff-ndsim-sv5 (cache-sql13432) 	11/04/2024 	_x86_64_	(64 CPU)

01:15:23 PM     CPU      %usr     %nice      %sys   %iowait    %steal      %irq     %soft    %guest    %gnice     %idle
01:15:24 PM      32     25.25      0.00     47.47      0.00      0.00      0.00     27.27      0.00      0.00      0.00
01:15:24 PM      33     18.81      0.00     47.52      0.00      0.00      0.00     33.66      0.00      0.00      0.00
01:15:24 PM      34     17.00      0.00     39.00      0.00      0.00      0.00     44.00      0.00      0.00      0.00
01:15:24 PM      35     20.00      0.00     52.00      0.00      0.00      0.00     28.00      0.00      0.00      0.00
01:15:24 PM      36     20.20      0.00     44.44      0.00      0.00      0.00     35.35      0.00      0.00      0.00
01:15:24 PM      37     21.57      0.00     41.18      0.00      0.00      0.00     36.27      0.00      0.00      0.98
01:15:24 PM      38     18.18      0.00     51.52      0.00      0.00      0.00     30.30      0.00      0.00      0.00
01:15:24 PM      39     18.00      0.00     47.00      0.00      0.00      0.00     35.00      0.00      0.00      0.00

01:15:24 PM     CPU      %usr     %nice      %sys   %iowait    %steal      %irq     %soft    %guest    %gnice     %idle
01:15:25 PM      32     19.80      0.00     42.57      0.00      0.00      0.00     36.63      0.00      0.00      0.99
01:15:25 PM      33     18.00      0.00     46.00      0.00      0.00      0.00     36.00      0.00      0.00      0.00
01:15:25 PM      34     11.88      0.00     45.54      0.00      0.00      0.00     42.57      0.00      0.00      0.00
01:15:25 PM      35     19.00      0.00     42.00      0.00      0.00      0.00     39.00      0.00      0.00      0.00
01:15:25 PM      36     18.00      0.00     42.00      0.00      0.00      0.00     40.00      0.00      0.00      0.00
01:15:25 PM      37     19.39      0.00     44.90      0.00      0.00      0.00     35.71      0.00      0.00      0.00
01:15:25 PM      38     28.00      0.00     44.00      0.00      0.00      0.00     28.00      0.00      0.00      0.00
01:15:25 PM      39     15.00      0.00     50.00      0.00      0.00      0.00     35.00      0.00      0.00      0.00

01:15:25 PM     CPU      %usr     %nice      %sys   %iowait    %steal      %irq     %soft    %guest    %gnice     %idle
01:15:26 PM      32     23.00      0.00     46.00      0.00      0.00      0.00     31.00      0.00      0.00      0.00
01:15:26 PM      33     17.00      0.00     45.00      0.00      0.00      0.00     38.00      0.00      0.00      0.00
01:15:26 PM      34     14.29      0.00     42.86      0.00      0.00      0.00     42.86      0.00      0.00      0.00
01:15:26 PM      35     20.00      0.00     41.00      0.00      0.00      0.00     39.00      0.00      0.00      0.00
01:15:26 PM      36     17.00      0.00     42.00      0.00      0.00      0.00     41.00      0.00      0.00      0.00
01:15:26 PM      37     22.00      0.00     37.00      0.00      0.00      0.00     41.00      0.00      0.00      0.00
01:15:26 PM      38     16.00      0.00     49.00      0.00      0.00      0.00     35.00      0.00      0.00      0.00
01:15:26 PM      39     15.15      0.00     48.48      0.00      0.00      0.00     36.36      0.00      0.00      0.00

01:15:26 PM     CPU      %usr     %nice      %sys   %iowait    %steal      %irq     %soft    %guest    %gnice     %idle
01:15:27 PM      32     26.00      0.00     42.00      0.00      0.00      0.00     32.00      0.00      0.00      0.00
01:15:27 PM      33     16.00      0.00     46.00      0.00      0.00      0.00     38.00      0.00      0.00      0.00
01:15:27 PM      34     14.85      0.00     41.58      0.00      0.00      0.00     43.56      0.00      0.00      0.00
01:15:27 PM      35     23.00      0.00     43.00      0.00      0.00      0.00     34.00      0.00      0.00      0.00
01:15:27 PM      36     25.00      0.00     43.00      0.00      0.00      0.00     32.00      0.00      0.00      0.00
01:15:27 PM      37     20.79      0.00     44.55      0.00      0.00      0.00     34.65      0.00      0.00      0.00
01:15:27 PM      38     21.00      0.00     51.00      0.00      0.00      0.00     28.00      0.00      0.00      0.00
01:15:27 PM      39     17.82      0.00     44.55      0.00      0.00      0.00     37.62      0.00      0.00      0.00

01:15:27 PM     CPU      %usr     %nice      %sys   %iowait    %steal      %irq     %soft    %guest    %gnice     %idle
01:15:28 PM      32     25.00      0.00     45.00      0.00      0.00      0.00     30.00      0.00      0.00      0.00
01:15:28 PM      33     20.00      0.00     44.00      0.00      0.00      0.00     36.00      0.00      0.00      0.00
01:15:28 PM      34     15.00      0.00     40.00      0.00      0.00      0.00     45.00      0.00      0.00      0.00
01:15:28 PM      35     18.18      0.00     43.43      0.00      0.00      0.00     38.38      0.00      0.00      0.00
01:15:28 PM      36     19.80      0.00     43.56      0.00      0.00      0.00     36.63      0.00      0.00      0.00
01:15:28 PM      37     18.18      0.00     42.42      0.00      0.00      0.00     39.39      0.00      0.00      0.00
01:15:28 PM      38     24.75      0.00     44.55      0.00      0.00      0.00     30.69      0.00      0.00      0.00
01:15:28 PM      39     12.00      0.00     51.00      0.00      0.00      0.00     37.00      0.00      0.00      0.00

01:15:28 PM     CPU      %usr     %nice      %sys   %iowait    %steal      %irq     %soft    %guest    %gnice     %idle
01:15:29 PM      32     20.20      0.00     40.40      0.00      0.00      0.00     39.39      0.00      0.00      0.00
01:15:29 PM      33     20.00      0.00     43.00      0.00      0.00      0.00     37.00      0.00      0.00      0.00
01:15:29 PM      34     17.00      0.00     40.00      0.00      0.00      0.00     43.00      0.00      0.00      0.00
01:15:29 PM      35     17.82      0.00     44.55      0.00      0.00      0.00     37.62      0.00      0.00      0.00
01:15:29 PM      36     18.00      0.00     41.00      0.00      0.00      0.00     41.00      0.00      0.00      0.00
01:15:29 PM      37     22.00      0.00     37.00      0.00      0.00      0.00     41.00      0.00      0.00      0.00
01:15:29 PM      38     20.20      0.00     41.41      0.00      0.00      0.00     38.38      0.00      0.00      0.00
01:15:29 PM      39     11.00      0.00     56.00      0.00      0.00      0.00     33.00      0.00      0.00      0.00

01:15:29 PM     CPU      %usr     %nice      %sys   %iowait    %steal      %irq     %soft    %guest    %gnice     %idle
01:15:30 PM      32     18.81      0.00     44.55      0.00      0.00      0.00     36.63      0.00      0.00      0.00
01:15:30 PM      33     18.00      0.00     49.00      0.00      0.00      0.00     32.00      0.00      0.00      1.00
01:15:30 PM      34     16.16      0.00     42.42      0.00      0.00      0.00     41.41      0.00      0.00      0.00
01:15:30 PM      35     26.73      0.00     39.60      0.00      0.00      0.00     32.67      0.00      0.00      0.99
01:15:30 PM      36     16.16      0.00     45.45      0.00      0.00      0.00     38.38      0.00      0.00      0.00
01:15:30 PM      37     14.14      0.00     50.51      0.00      0.00      0.00     35.35      0.00      0.00      0.00
01:15:30 PM      38     22.77      0.00     45.54      0.00      0.00      0.00     30.69      0.00      0.00      0.99
01:15:30 PM      39     13.86      0.00     53.47      0.00      0.00      0.00     32.67      0.00      0.00      0.00

01:15:30 PM     CPU      %usr     %nice      %sys   %iowait    %steal      %irq     %soft    %guest    %gnice     %idle
01:15:31 PM      32     18.81      0.00     42.57      0.00      0.00      0.00     38.61      0.00      0.00      0.00
01:15:31 PM      33     16.00      0.00     51.00      0.00      0.00      0.00     33.00      0.00      0.00      0.00
01:15:31 PM      34     14.85      0.00     42.57      0.00      0.00      0.00     42.57      0.00      0.00      0.00
01:15:31 PM      35     24.00      0.00     35.00      0.00      0.00      0.00     41.00      0.00      0.00      0.00
01:15:31 PM      36     20.00      0.00     37.00      0.00      0.00      0.00     43.00      0.00      0.00      0.00
01:15:31 PM      37     16.00      0.00     42.00      0.00      0.00      0.00     42.00      0.00      0.00      0.00
01:15:31 PM      38     21.00      0.00     48.00      0.00      0.00      0.00     31.00      0.00      0.00      0.00
01:15:31 PM      39     19.19      0.00     46.46      0.00      0.00      0.00     34.34      0.00      0.00      0.00

01:15:31 PM     CPU      %usr     %nice      %sys   %iowait    %steal      %irq     %soft    %guest    %gnice     %idle
01:15:32 PM      32     19.19      0.00     42.42      0.00      0.00      0.00     38.38      0.00      0.00      0.00
01:15:32 PM      33     19.00      0.00     42.00      0.00      0.00      0.00     39.00      0.00      0.00      0.00
01:15:32 PM      34     14.14      0.00     37.37      0.00      0.00      0.00     48.48      0.00      0.00      0.00
01:15:32 PM      35     17.00      0.00     45.00      0.00      0.00      0.00     38.00      0.00      0.00      0.00
01:15:32 PM      36     14.00      0.00     46.00      0.00      0.00      0.00     40.00      0.00      0.00      0.00
01:15:32 PM      37     19.80      0.00     46.53      0.00      0.00      0.00     33.66      0.00      0.00      0.00
01:15:32 PM      38     21.00      0.00     42.00      0.00      0.00      0.00     37.00      0.00      0.00      0.00
01:15:32 PM      39     17.82      0.00     46.53      0.00      0.00      0.00     35.64      0.00      0.00      0.00

01:15:32 PM     CPU      %usr     %nice      %sys   %iowait    %steal      %irq     %soft    %guest    %gnice     %idle
01:15:33 PM      32     23.00      0.00     42.00      0.00      0.00      0.00     35.00      0.00      0.00      0.00
01:15:33 PM      33     19.00      0.00     46.00      0.00      0.00      0.00     35.00      0.00      0.00      0.00
01:15:33 PM      34     16.00      0.00     37.00      0.00      0.00      0.00     47.00      0.00      0.00      0.00
01:15:33 PM      35     20.20      0.00     43.43      0.00      0.00      0.00     36.36      0.00      0.00      0.00
01:15:33 PM      36     17.00      0.00     47.00      0.00      0.00      0.00     36.00      0.00      0.00      0.00
01:15:33 PM      37     22.22      0.00     39.39      0.00      0.00      0.00     38.38      0.00      0.00      0.00
01:15:33 PM      38     19.00      0.00     44.00      0.00      0.00      0.00     37.00      0.00      0.00      0.00
01:15:33 PM      39     14.14      0.00     48.48      0.00      0.00      0.00     37.37      0.00      0.00      0.00

Average:        CPU      %usr     %nice      %sys   %iowait    %steal      %irq     %soft    %guest    %gnice     %idle
Average:         32     21.90      0.00     43.50      0.00      0.00      0.00     34.50      0.00      0.00      0.10
Average:         33     18.18      0.00     45.95      0.00      0.00      0.00     35.76      0.00      0.00      0.10
Average:         34     15.12      0.00     40.84      0.00      0.00      0.00     44.04      0.00      0.00      0.00
Average:         35     20.60      0.00     42.90      0.00      0.00      0.00     36.40      0.00      0.00      0.10
Average:         36     18.52      0.00     43.14      0.00      0.00      0.00     38.34      0.00      0.00      0.00
Average:         37     19.62      0.00     42.54      0.00      0.00      0.00     37.74      0.00      0.00      0.10
Average:         38     21.20      0.00     46.10      0.00      0.00      0.00     32.60      0.00      0.00      0.10
Average:         39     15.40      0.00     49.20      0.00      0.00      0.00     35.40      0.00      0.00      0.00
