Linux 6.12.0-rc2-suspend-v2-nfcpu (cache-sql13432) 	10/20/2024 	_x86_64_	(64 CPU)

03:37:29 AM     CPU      %usr     %nice      %sys   %iowait    %steal      %irq     %soft    %guest    %gnice     %idle
03:37:30 AM      32     12.12      0.00     46.46      0.00      0.00      0.00     38.38      0.00      0.00      3.03
03:37:30 AM      33     15.05      0.00     45.16      0.00      0.00      0.00     35.48      0.00      0.00      4.30
03:37:30 AM      34     12.77      0.00     36.17      0.00      0.00      0.00     35.11      0.00      0.00     15.96
03:37:30 AM      35     13.83      0.00     34.04      0.00      0.00      0.00     35.11      0.00      0.00     17.02
03:37:30 AM      36     15.62      0.00     43.75      0.00      0.00      0.00     29.17      0.00      0.00     11.46
03:37:30 AM      37     12.50      0.00     38.54      0.00      0.00      0.00     44.79      0.00      0.00      4.17
03:37:30 AM      38      8.70      0.00     33.70      0.00      0.00      0.00     45.65      0.00      0.00     11.96
03:37:30 AM      39     13.33      0.00     30.00      0.00      0.00      0.00     46.67      0.00      0.00     10.00

03:37:30 AM     CPU      %usr     %nice      %sys   %iowait    %steal      %irq     %soft    %guest    %gnice     %idle
03:37:31 AM      32     14.58      0.00     40.62      0.00      0.00      0.00     41.67      0.00      0.00      3.12
03:37:31 AM      33     14.74      0.00     38.95      0.00      0.00      0.00     41.05      0.00      0.00      5.26
03:37:31 AM      34     13.48      0.00     34.83      0.00      0.00      0.00     24.72      0.00      0.00     26.97
03:37:31 AM      35     14.43      0.00     42.27      0.00      0.00      0.00     39.18      0.00      0.00      4.12
03:37:31 AM      36     16.67      0.00     38.89      0.00      0.00      0.00     34.44      0.00      0.00     10.00
03:37:31 AM      37     12.63      0.00     40.00      0.00      0.00      0.00     44.21      0.00      0.00      3.16
03:37:31 AM      38     12.77      0.00     51.06      0.00      0.00      0.00     24.47      0.00      0.00     11.70
03:37:31 AM      39     15.79      0.00     37.89      0.00      0.00      0.00     40.00      0.00      0.00      6.32

03:37:31 AM     CPU      %usr     %nice      %sys   %iowait    %steal      %irq     %soft    %guest    %gnice     %idle
03:37:32 AM      32     12.50      0.00     39.58      0.00      0.00      0.00     43.75      0.00      0.00      4.17
03:37:32 AM      33     17.89      0.00     27.37      0.00      0.00      0.00     33.68      0.00      0.00     21.05
03:37:32 AM      34     14.13      0.00     42.39      0.00      0.00      0.00     28.26      0.00      0.00     15.22
03:37:32 AM      35     18.75      0.00     32.29      0.00      0.00      0.00     36.46      0.00      0.00     12.50
03:37:32 AM      36     14.00      0.00     42.00      0.00      0.00      0.00     39.00      0.00      0.00      5.00
03:37:32 AM      37     15.62      0.00     31.25      0.00      0.00      0.00     41.67      0.00      0.00     11.46
03:37:32 AM      38     19.78      0.00     31.87      0.00      0.00      0.00     28.57      0.00      0.00     19.78
03:37:32 AM      39     12.90      0.00     44.09      0.00      0.00      0.00     31.18      0.00      0.00     11.83

03:37:32 AM     CPU      %usr     %nice      %sys   %iowait    %steal      %irq     %soft    %guest    %gnice     %idle
03:37:33 AM      32     16.49      0.00     34.02      0.00      0.00      0.00     37.11      0.00      0.00     12.37
03:37:33 AM      33     15.05      0.00     39.78      0.00      0.00      0.00     20.43      0.00      0.00     24.73
03:37:33 AM      34     16.48      0.00     32.97      0.00      0.00      0.00     28.57      0.00      0.00     21.98
03:37:33 AM      35     15.96      0.00     41.49      0.00      0.00      0.00     28.72      0.00      0.00     13.83
03:37:33 AM      36     10.11      0.00     31.46      0.00      0.00      0.00     35.96      0.00      0.00     22.47
03:37:33 AM      37     18.48      0.00     32.61      0.00      0.00      0.00     28.26      0.00      0.00     20.65
03:37:33 AM      38     16.13      0.00     32.26      0.00      0.00      0.00     36.56      0.00      0.00     15.05
03:37:33 AM      39     10.42      0.00     44.79      0.00      0.00      0.00     33.33      0.00      0.00     11.46

03:37:33 AM     CPU      %usr     %nice      %sys   %iowait    %steal      %irq     %soft    %guest    %gnice     %idle
03:37:34 AM      32     16.16      0.00     42.42      0.00      0.00      0.00     35.35      0.00      0.00      6.06
03:37:34 AM      33     19.35      0.00     39.78      0.00      0.00      0.00     33.33      0.00      0.00      7.53
03:37:34 AM      34     15.22      0.00     33.70      0.00      0.00      0.00     30.43      0.00      0.00     20.65
03:37:34 AM      35     15.62      0.00     47.92      0.00      0.00      0.00     30.21      0.00      0.00      6.25
03:37:34 AM      36     13.68      0.00     34.74      0.00      0.00      0.00     31.58      0.00      0.00     20.00
03:37:34 AM      37     17.89      0.00     40.00      0.00      0.00      0.00     37.89      0.00      0.00      4.21
03:37:34 AM      38     14.58      0.00     38.54      0.00      0.00      0.00     38.54      0.00      0.00      8.33
03:37:34 AM      39     18.56      0.00     36.08      0.00      0.00      0.00     37.11      0.00      0.00      8.25

03:37:34 AM     CPU      %usr     %nice      %sys   %iowait    %steal      %irq     %soft    %guest    %gnice     %idle
03:37:35 AM      32      9.57      0.00     43.62      0.00      0.00      0.00     39.36      0.00      0.00      7.45
03:37:35 AM      33     14.61      0.00     30.34      0.00      0.00      0.00     31.46      0.00      0.00     23.60
03:37:35 AM      34     14.89      0.00     39.36      0.00      0.00      0.00     38.30      0.00      0.00      7.45
03:37:35 AM      35     15.62      0.00     40.62      0.00      0.00      0.00     30.21      0.00      0.00     13.54
03:37:35 AM      36     17.02      0.00     36.17      0.00      0.00      0.00     27.66      0.00      0.00     19.15
03:37:35 AM      37     15.46      0.00     38.14      0.00      0.00      0.00     42.27      0.00      0.00      4.12
03:37:35 AM      38     13.54      0.00     31.25      0.00      0.00      0.00     41.67      0.00      0.00     13.54
03:37:35 AM      39     17.71      0.00     37.50      0.00      0.00      0.00     32.29      0.00      0.00     12.50

03:37:35 AM     CPU      %usr     %nice      %sys   %iowait    %steal      %irq     %soft    %guest    %gnice     %idle
03:37:36 AM      32     16.33      0.00     34.69      0.00      0.00      0.00     45.92      0.00      0.00      3.06
03:37:36 AM      33     16.49      0.00     30.93      0.00      0.00      0.00     24.74      0.00      0.00     27.84
03:37:36 AM      34     12.37      0.00     42.27      0.00      0.00      0.00     41.24      0.00      0.00      4.12
03:37:36 AM      35     16.00      0.00     39.00      0.00      0.00      0.00     42.00      0.00      0.00      3.00
03:37:36 AM      36     13.68      0.00     34.74      0.00      0.00      0.00     25.26      0.00      0.00     26.32
03:37:36 AM      37     11.34      0.00     46.39      0.00      0.00      0.00     40.21      0.00      0.00      2.06
03:37:36 AM      38     15.15      0.00     34.34      0.00      0.00      0.00     46.46      0.00      0.00      4.04
03:37:36 AM      39     13.13      0.00     42.42      0.00      0.00      0.00     41.41      0.00      0.00      3.03

03:37:36 AM     CPU      %usr     %nice      %sys   %iowait    %steal      %irq     %soft    %guest    %gnice     %idle
03:37:37 AM      32     20.41      0.00     35.71      0.00      0.00      0.00     38.78      0.00      0.00      5.10
03:37:37 AM      33     13.68      0.00     27.37      0.00      0.00      0.00     35.79      0.00      0.00     23.16
03:37:37 AM      34     10.64      0.00     41.49      0.00      0.00      0.00     44.68      0.00      0.00      3.19
03:37:37 AM      35      8.33      0.00     45.83      0.00      0.00      0.00     41.67      0.00      0.00      4.17
03:37:37 AM      36     14.13      0.00     34.78      0.00      0.00      0.00     28.26      0.00      0.00     22.83
03:37:37 AM      37     10.64      0.00     39.36      0.00      0.00      0.00     42.55      0.00      0.00      7.45
03:37:37 AM      38     12.77      0.00     40.43      0.00      0.00      0.00     42.55      0.00      0.00      4.26
03:37:37 AM      39     13.40      0.00     48.45      0.00      0.00      0.00     35.05      0.00      0.00      3.09

03:37:37 AM     CPU      %usr     %nice      %sys   %iowait    %steal      %irq     %soft    %guest    %gnice     %idle
03:37:38 AM      32     17.78      0.00     24.44      0.00      0.00      0.00     32.22      0.00      0.00     25.56
03:37:38 AM      33     15.22      0.00     43.48      0.00      0.00      0.00     36.96      0.00      0.00      4.35
03:37:38 AM      34     15.15      0.00     39.39      0.00      0.00      0.00     42.42      0.00      0.00      3.03
03:37:38 AM      35     10.31      0.00     43.30      0.00      0.00      0.00     44.33      0.00      0.00      2.06
03:37:38 AM      36     15.62      0.00     41.67      0.00      0.00      0.00     29.17      0.00      0.00     13.54
03:37:38 AM      37     15.96      0.00     29.79      0.00      0.00      0.00     41.49      0.00      0.00     12.77
03:37:38 AM      38     12.37      0.00     47.42      0.00      0.00      0.00     37.11      0.00      0.00      3.09
03:37:38 AM      39     12.77      0.00     35.11      0.00      0.00      0.00     48.94      0.00      0.00      3.19

03:37:38 AM     CPU      %usr     %nice      %sys   %iowait    %steal      %irq     %soft    %guest    %gnice     %idle
03:37:39 AM      32     14.13      0.00     32.61      0.00      0.00      0.00     28.26      0.00      0.00     25.00
03:37:39 AM      33     12.37      0.00     43.30      0.00      0.00      0.00     40.21      0.00      0.00      4.12
03:37:39 AM      34     17.35      0.00     40.82      0.00      0.00      0.00     37.76      0.00      0.00      4.08
03:37:39 AM      35     14.00      0.00     41.00      0.00      0.00      0.00     42.00      0.00      0.00      3.00
03:37:39 AM      36     17.44      0.00     39.53      0.00      0.00      0.00     26.74      0.00      0.00     16.28
03:37:39 AM      37     16.48      0.00     30.77      0.00      0.00      0.00     40.66      0.00      0.00     12.09
03:37:39 AM      38     13.68      0.00     40.00      0.00      0.00      0.00     42.11      0.00      0.00      4.21
03:37:39 AM      39     16.33      0.00     41.84      0.00      0.00      0.00     38.78      0.00      0.00      3.06

Average:        CPU      %usr     %nice      %sys   %iowait    %steal      %irq     %soft    %guest    %gnice     %idle
Average:         32     15.02      0.00     37.54      0.00      0.00      0.00     38.16      0.00      0.00      9.28
Average:         33     15.44      0.00     36.63      0.00      0.00      0.00     33.33      0.00      0.00     14.59
Average:         34     14.26      0.00     38.40      0.00      0.00      0.00     35.32      0.00      0.00     12.02
Average:         35     14.29      0.00     40.79      0.00      0.00      0.00     37.06      0.00      0.00      7.87
Average:         36     14.79      0.00     37.83      0.00      0.00      0.00     30.76      0.00      0.00     16.61
Average:         37     14.68      0.00     36.75      0.00      0.00      0.00     40.44      0.00      0.00      8.13
Average:         38     13.94      0.00     38.12      0.00      0.00      0.00     38.44      0.00      0.00      9.50
Average:         39     14.45      0.00     39.90      0.00      0.00      0.00     38.43      0.00      0.00      7.23
