Linux 6.12.0-rc5-nfoff-mitioff-ndsim-sv5 (cache-sql13432) 	11/03/2024 	_x86_64_	(64 CPU)

05:47:28 AM     CPU      %usr     %nice      %sys   %iowait    %steal      %irq     %soft    %guest    %gnice     %idle
05:47:29 AM      32     15.00      0.00     52.00      0.00      0.00      0.00     33.00      0.00      0.00      0.00
05:47:29 AM      33     20.20      0.00     39.39      0.00      0.00      0.00     40.40      0.00      0.00      0.00
05:47:29 AM      34     20.00      0.00     40.00      0.00      0.00      0.00     40.00      0.00      0.00      0.00
05:47:29 AM      35     21.78      0.00     43.56      0.00      0.00      0.00     34.65      0.00      0.00      0.00
05:47:29 AM      36     17.82      0.00     47.52      0.00      0.00      0.00     34.65      0.00      0.00      0.00
05:47:29 AM      37     22.22      0.00     36.36      0.00      0.00      0.00     41.41      0.00      0.00      0.00
05:47:29 AM      38     15.15      0.00     45.45      0.00      0.00      0.00     39.39      0.00      0.00      0.00
05:47:29 AM      39     15.00      0.00     38.00      0.00      0.00      0.00     47.00      0.00      0.00      0.00

05:47:29 AM     CPU      %usr     %nice      %sys   %iowait    %steal      %irq     %soft    %guest    %gnice     %idle
05:47:30 AM      32     21.78      0.00     42.57      0.00      0.00      0.00     35.64      0.00      0.00      0.00
05:47:30 AM      33     18.81      0.00     42.57      0.00      0.00      0.00     38.61      0.00      0.00      0.00
05:47:30 AM      34     21.00      0.00     41.00      0.00      0.00      0.00     38.00      0.00      0.00      0.00
05:47:30 AM      35     24.00      0.00     49.00      0.00      0.00      0.00     27.00      0.00      0.00      0.00
05:47:30 AM      36     28.28      0.00     42.42      0.00      0.00      0.00     29.29      0.00      0.00      0.00
05:47:30 AM      37     20.00      0.00     47.00      0.00      0.00      0.00     33.00      0.00      0.00      0.00
05:47:30 AM      38     17.00      0.00     51.00      0.00      0.00      0.00     32.00      0.00      0.00      0.00
05:47:30 AM      39     13.00      0.00     38.00      0.00      0.00      0.00     49.00      0.00      0.00      0.00

05:47:30 AM     CPU      %usr     %nice      %sys   %iowait    %steal      %irq     %soft    %guest    %gnice     %idle
05:47:31 AM      32     19.00      0.00     48.00      0.00      0.00      0.00     33.00      0.00      0.00      0.00
05:47:31 AM      33     17.17      0.00     42.42      0.00      0.00      0.00     40.40      0.00      0.00      0.00
05:47:31 AM      34     24.00      0.00     43.00      0.00      0.00      0.00     33.00      0.00      0.00      0.00
05:47:31 AM      35     21.21      0.00     45.45      0.00      0.00      0.00     33.33      0.00      0.00      0.00
05:47:31 AM      36     17.82      0.00     47.52      0.00      0.00      0.00     34.65      0.00      0.00      0.00
05:47:31 AM      37     20.00      0.00     45.00      0.00      0.00      0.00     35.00      0.00      0.00      0.00
05:47:31 AM      38     20.79      0.00     40.59      0.00      0.00      0.00     38.61      0.00      0.00      0.00
05:47:31 AM      39      9.00      0.00     40.00      0.00      0.00      0.00     51.00      0.00      0.00      0.00

05:47:31 AM     CPU      %usr     %nice      %sys   %iowait    %steal      %irq     %soft    %guest    %gnice     %idle
05:47:32 AM      32     19.00      0.00     50.00      0.00      0.00      0.00     31.00      0.00      0.00      0.00
05:47:32 AM      33     15.84      0.00     48.51      0.00      0.00      0.00     35.64      0.00      0.00      0.00
05:47:32 AM      34     21.00      0.00     46.00      0.00      0.00      0.00     33.00      0.00      0.00      0.00
05:47:32 AM      35     19.80      0.00     51.49      0.00      0.00      0.00     27.72      0.00      0.00      0.99
05:47:32 AM      36     19.00      0.00     43.00      0.00      0.00      0.00     38.00      0.00      0.00      0.00
05:47:32 AM      37     22.00      0.00     45.00      0.00      0.00      0.00     33.00      0.00      0.00      0.00
05:47:32 AM      38     22.00      0.00     42.00      0.00      0.00      0.00     36.00      0.00      0.00      0.00
05:47:32 AM      39     16.00      0.00     41.00      0.00      0.00      0.00     43.00      0.00      0.00      0.00

05:47:32 AM     CPU      %usr     %nice      %sys   %iowait    %steal      %irq     %soft    %guest    %gnice     %idle
05:47:33 AM      32     18.00      0.00     43.00      0.00      0.00      0.00     39.00      0.00      0.00      0.00
05:47:33 AM      33     22.00      0.00     40.00      0.00      0.00      0.00     38.00      0.00      0.00      0.00
05:47:33 AM      34     20.00      0.00     49.00      0.00      0.00      0.00     31.00      0.00      0.00      0.00
05:47:33 AM      35     21.78      0.00     46.53      0.00      0.00      0.00     31.68      0.00      0.00      0.00
05:47:33 AM      36     21.00      0.00     42.00      0.00      0.00      0.00     37.00      0.00      0.00      0.00
05:47:33 AM      37     17.82      0.00     40.59      0.00      0.00      0.00     41.58      0.00      0.00      0.00
05:47:33 AM      38     23.00      0.00     44.00      0.00      0.00      0.00     33.00      0.00      0.00      0.00
05:47:33 AM      39     12.00      0.00     45.00      0.00      0.00      0.00     43.00      0.00      0.00      0.00

05:47:33 AM     CPU      %usr     %nice      %sys   %iowait    %steal      %irq     %soft    %guest    %gnice     %idle
05:47:34 AM      32     18.00      0.00     52.00      0.00      0.00      0.00     30.00      0.00      0.00      0.00
05:47:34 AM      33     17.00      0.00     46.00      0.00      0.00      0.00     37.00      0.00      0.00      0.00
05:47:34 AM      34     21.00      0.00     40.00      0.00      0.00      0.00     39.00      0.00      0.00      0.00
05:47:34 AM      35     20.20      0.00     47.47      0.00      0.00      0.00     32.32      0.00      0.00      0.00
05:47:34 AM      36     20.00      0.00     48.00      0.00      0.00      0.00     32.00      0.00      0.00      0.00
05:47:34 AM      37     19.19      0.00     44.44      0.00      0.00      0.00     36.36      0.00      0.00      0.00
05:47:34 AM      38     19.39      0.00     46.94      0.00      0.00      0.00     33.67      0.00      0.00      0.00
05:47:34 AM      39     11.88      0.00     40.59      0.00      0.00      0.00     47.52      0.00      0.00      0.00

05:47:34 AM     CPU      %usr     %nice      %sys   %iowait    %steal      %irq     %soft    %guest    %gnice     %idle
05:47:35 AM      32     20.00      0.00     50.00      0.00      0.00      0.00     30.00      0.00      0.00      0.00
05:47:35 AM      33     21.21      0.00     42.42      0.00      0.00      0.00     36.36      0.00      0.00      0.00
05:47:35 AM      34     21.21      0.00     46.46      0.00      0.00      0.00     32.32      0.00      0.00      0.00
05:47:35 AM      35     18.18      0.00     49.49      0.00      0.00      0.00     32.32      0.00      0.00      0.00
05:47:35 AM      36     18.18      0.00     44.44      0.00      0.00      0.00     37.37      0.00      0.00      0.00
05:47:35 AM      37     21.00      0.00     47.00      0.00      0.00      0.00     32.00      0.00      0.00      0.00
05:47:35 AM      38     20.00      0.00     43.00      0.00      0.00      0.00     37.00      0.00      0.00      0.00
05:47:35 AM      39     13.27      0.00     39.80      0.00      0.00      0.00     46.94      0.00      0.00      0.00

05:47:35 AM     CPU      %usr     %nice      %sys   %iowait    %steal      %irq     %soft    %guest    %gnice     %idle
05:47:36 AM      32     17.00      0.00     49.00      0.00      0.00      0.00     34.00      0.00      0.00      0.00
05:47:36 AM      33     21.00      0.00     43.00      0.00      0.00      0.00     36.00      0.00      0.00      0.00
05:47:36 AM      34     24.00      0.00     42.00      0.00      0.00      0.00     34.00      0.00      0.00      0.00
05:47:36 AM      35     23.76      0.00     49.50      0.00      0.00      0.00     26.73      0.00      0.00      0.00
05:47:36 AM      36     19.80      0.00     44.55      0.00      0.00      0.00     35.64      0.00      0.00      0.00
05:47:36 AM      37     19.00      0.00     47.00      0.00      0.00      0.00     34.00      0.00      0.00      0.00
05:47:36 AM      38     20.00      0.00     48.00      0.00      0.00      0.00     32.00      0.00      0.00      0.00
05:47:36 AM      39     13.86      0.00     41.58      0.00      0.00      0.00     44.55      0.00      0.00      0.00

05:47:36 AM     CPU      %usr     %nice      %sys   %iowait    %steal      %irq     %soft    %guest    %gnice     %idle
05:47:37 AM      32     17.00      0.00     49.00      0.00      0.00      0.00     34.00      0.00      0.00      0.00
05:47:37 AM      33     18.00      0.00     49.00      0.00      0.00      0.00     33.00      0.00      0.00      0.00
05:47:37 AM      34     24.00      0.00     46.00      0.00      0.00      0.00     30.00      0.00      0.00      0.00
05:47:37 AM      35     23.23      0.00     45.45      0.00      0.00      0.00     31.31      0.00      0.00      0.00
05:47:37 AM      36     21.21      0.00     45.45      0.00      0.00      0.00     33.33      0.00      0.00      0.00
05:47:37 AM      37     24.00      0.00     37.00      0.00      0.00      0.00     39.00      0.00      0.00      0.00
05:47:37 AM      38     20.00      0.00     42.00      0.00      0.00      0.00     38.00      0.00      0.00      0.00
05:47:37 AM      39     17.00      0.00     40.00      0.00      0.00      0.00     43.00      0.00      0.00      0.00

05:47:37 AM     CPU      %usr     %nice      %sys   %iowait    %steal      %irq     %soft    %guest    %gnice     %idle
05:47:38 AM      32     20.20      0.00     49.49      0.00      0.00      0.00     30.30      0.00      0.00      0.00
05:47:38 AM      33     25.00      0.00     36.00      0.00      0.00      0.00     39.00      0.00      0.00      0.00
05:47:38 AM      34     24.00      0.00     45.00      0.00      0.00      0.00     31.00      0.00      0.00      0.00
05:47:38 AM      35     25.00      0.00     46.00      0.00      0.00      0.00     29.00      0.00      0.00      0.00
05:47:38 AM      36     18.00      0.00     49.00      0.00      0.00      0.00     33.00      0.00      0.00      0.00
05:47:38 AM      37     18.00      0.00     48.00      0.00      0.00      0.00     34.00      0.00      0.00      0.00
05:47:38 AM      38     26.73      0.00     43.56      0.00      0.00      0.00     29.70      0.00      0.00      0.00
05:47:38 AM      39     12.00      0.00     40.00      0.00      0.00      0.00     48.00      0.00      0.00      0.00

Average:        CPU      %usr     %nice      %sys   %iowait    %steal      %irq     %soft    %guest    %gnice     %idle
Average:         32     18.50      0.00     48.50      0.00      0.00      0.00     33.00      0.00      0.00      0.00
Average:         33     19.62      0.00     42.94      0.00      0.00      0.00     37.44      0.00      0.00      0.00
Average:         34     22.02      0.00     43.84      0.00      0.00      0.00     34.13      0.00      0.00      0.00
Average:         35     21.90      0.00     47.40      0.00      0.00      0.00     30.60      0.00      0.00      0.10
Average:         36     20.10      0.00     45.40      0.00      0.00      0.00     34.50      0.00      0.00      0.00
Average:         37     20.32      0.00     43.74      0.00      0.00      0.00     35.94      0.00      0.00      0.00
Average:         38     20.42      0.00     44.64      0.00      0.00      0.00     34.93      0.00      0.00      0.00
Average:         39     13.30      0.00     40.40      0.00      0.00      0.00     46.30      0.00      0.00      0.00
