Linux 6.12.0-rc5-nfoff-mitioff-ndsim-sv5 (cache-sql13432) 	11/03/2024 	_x86_64_	(64 CPU)

11:07:11 PM     CPU      %usr     %nice      %sys   %iowait    %steal      %irq     %soft    %guest    %gnice     %idle
11:07:12 PM      32      6.06      0.00     76.77      0.00      0.00      0.00      1.01      0.00      0.00     16.16
11:07:12 PM      33      6.86      0.00     71.57      0.00      0.00      0.00      2.94      0.00      0.00     18.63
11:07:12 PM      34      7.45      0.00     74.47      0.00      0.00      0.00      2.13      0.00      0.00     15.96
11:07:12 PM      35      8.08      0.00     72.73      0.00      0.00      0.00      1.01      0.00      0.00     18.18
11:07:12 PM      36      8.00      0.00     75.00      0.00      0.00      0.00      2.00      0.00      0.00     15.00
11:07:12 PM      37      5.15      0.00     76.29      0.00      0.00      0.00      2.06      0.00      0.00     16.49
11:07:12 PM      38      6.25      0.00     76.04      0.00      0.00      0.00      1.04      0.00      0.00     16.67
11:07:12 PM      39      6.12      0.00     73.47      0.00      0.00      0.00      3.06      0.00      0.00     17.35

11:07:12 PM     CPU      %usr     %nice      %sys   %iowait    %steal      %irq     %soft    %guest    %gnice     %idle
11:07:13 PM      32      8.08      0.00     76.77      0.00      0.00      0.00      1.01      0.00      0.00     14.14
11:07:13 PM      33      7.77      0.00     72.82      0.00      0.00      0.00      0.97      0.00      0.00     18.45
11:07:13 PM      34      7.69      0.00     74.04      0.00      0.00      0.00      2.88      0.00      0.00     15.38
11:07:13 PM      35      4.04      0.00     76.77      0.00      0.00      0.00      2.02      0.00      0.00     17.17
11:07:13 PM      36      7.07      0.00     76.77      0.00      0.00      0.00      1.01      0.00      0.00     15.15
11:07:13 PM      37      4.90      0.00     76.47      0.00      0.00      0.00      0.98      0.00      0.00     17.65
11:07:13 PM      38      5.38      0.00     76.34      0.00      0.00      0.00      1.08      0.00      0.00     17.20
11:07:13 PM      39      6.25      0.00     75.00      0.00      0.00      0.00      1.04      0.00      0.00     17.71

11:07:13 PM     CPU      %usr     %nice      %sys   %iowait    %steal      %irq     %soft    %guest    %gnice     %idle
11:07:14 PM      32      8.74      0.00     75.73      0.00      0.00      0.00      0.97      0.00      0.00     14.56
11:07:14 PM      33      5.94      0.00     74.26      0.00      0.00      0.00      1.98      0.00      0.00     17.82
11:07:14 PM      34      4.08      0.00     78.57      0.00      0.00      0.00      1.02      0.00      0.00     16.33
11:07:14 PM      35      9.80      0.00     69.61      0.00      0.00      0.00      3.92      0.00      0.00     16.67
11:07:14 PM      36      7.37      0.00     75.79      0.00      0.00      0.00      1.05      0.00      0.00     15.79
11:07:14 PM      37      5.94      0.00     75.25      0.00      0.00      0.00      1.98      0.00      0.00     16.83
11:07:14 PM      38      6.93      0.00     73.27      0.00      0.00      0.00      1.98      0.00      0.00     17.82
11:07:14 PM      39      8.00      0.00     74.00      0.00      0.00      0.00      0.00      0.00      0.00     18.00

11:07:14 PM     CPU      %usr     %nice      %sys   %iowait    %steal      %irq     %soft    %guest    %gnice     %idle
11:07:15 PM      32      8.16      0.00     75.51      0.00      0.00      0.00      1.02      0.00      0.00     15.31
11:07:15 PM      33      4.95      0.00     73.27      0.00      0.00      0.00      1.98      0.00      0.00     19.80
11:07:15 PM      34      9.00      0.00     73.00      0.00      0.00      0.00      1.00      0.00      0.00     17.00
11:07:15 PM      35      8.08      0.00     72.73      0.00      0.00      0.00      1.01      0.00      0.00     18.18
11:07:15 PM      36      6.00      0.00     77.00      0.00      0.00      0.00      1.00      0.00      0.00     16.00
11:07:15 PM      37      2.08      0.00     75.00      0.00      0.00      0.00      3.12      0.00      0.00     19.79
11:07:15 PM      38      7.14      0.00     75.51      0.00      0.00      0.00      1.02      0.00      0.00     16.33
11:07:15 PM      39      5.94      0.00     75.25      0.00      0.00      0.00      1.98      0.00      0.00     16.83

11:07:15 PM     CPU      %usr     %nice      %sys   %iowait    %steal      %irq     %soft    %guest    %gnice     %idle
11:07:16 PM      32      5.32      0.00     78.72      0.00      0.00      0.00      1.06      0.00      0.00     14.89
11:07:16 PM      33      7.07      0.00     73.74      0.00      0.00      0.00      1.01      0.00      0.00     18.18
11:07:16 PM      34      8.08      0.00     73.74      0.00      0.00      0.00      2.02      0.00      0.00     16.16
11:07:16 PM      35      7.37      0.00     72.63      0.00      0.00      0.00      2.11      0.00      0.00     17.89
11:07:16 PM      36      7.00      0.00     76.00      0.00      0.00      0.00      2.00      0.00      0.00     15.00
11:07:16 PM      37      6.06      0.00     73.74      0.00      0.00      0.00      2.02      0.00      0.00     18.18
11:07:16 PM      38      6.06      0.00     74.75      0.00      0.00      0.00      2.02      0.00      0.00     17.17
11:07:16 PM      39      6.80      0.00     73.79      0.00      0.00      0.00      2.91      0.00      0.00     16.50

11:07:16 PM     CPU      %usr     %nice      %sys   %iowait    %steal      %irq     %soft    %guest    %gnice     %idle
11:07:17 PM      32      6.12      0.00     76.53      0.00      0.00      0.00      2.04      0.00      0.00     15.31
11:07:17 PM      33      6.06      0.00     73.74      0.00      0.00      0.00      1.01      0.00      0.00     19.19
11:07:17 PM      34      5.94      0.00     77.23      0.00      0.00      0.00      0.99      0.00      0.00     15.84
11:07:17 PM      35      5.05      0.00     76.77      0.00      0.00      0.00      1.01      0.00      0.00     17.17
11:07:17 PM      36      7.00      0.00     78.00      0.00      0.00      0.00      0.00      0.00      0.00     15.00
11:07:17 PM      37      6.06      0.00     73.74      0.00      0.00      0.00      1.01      0.00      0.00     19.19
11:07:17 PM      38      2.00      0.00     80.00      0.00      0.00      0.00      1.00      0.00      0.00     17.00
11:07:17 PM      39      6.80      0.00     76.70      0.00      0.00      0.00      0.97      0.00      0.00     15.53

11:07:17 PM     CPU      %usr     %nice      %sys   %iowait    %steal      %irq     %soft    %guest    %gnice     %idle
11:07:18 PM      32      7.77      0.00     76.70      0.00      0.00      0.00      0.97      0.00      0.00     14.56
11:07:18 PM      33      7.00      0.00     72.00      0.00      0.00      0.00      2.00      0.00      0.00     19.00
11:07:18 PM      34      6.06      0.00     74.75      0.00      0.00      0.00      2.02      0.00      0.00     17.17
11:07:18 PM      35      4.85      0.00     75.73      0.00      0.00      0.00      1.94      0.00      0.00     17.48
11:07:18 PM      36      8.25      0.00     73.20      0.00      0.00      0.00      3.09      0.00      0.00     15.46
11:07:18 PM      37      6.86      0.00     73.53      0.00      0.00      0.00      0.98      0.00      0.00     18.63
11:07:18 PM      38      8.00      0.00     73.00      0.00      0.00      0.00      2.00      0.00      0.00     17.00
11:07:18 PM      39      5.66      0.00     77.36      0.00      0.00      0.00      0.94      0.00      0.00     16.04

11:07:18 PM     CPU      %usr     %nice      %sys   %iowait    %steal      %irq     %soft    %guest    %gnice     %idle
11:07:19 PM      32      6.86      0.00     76.47      0.00      0.00      0.00      1.96      0.00      0.00     14.71
11:07:19 PM      33      6.86      0.00     74.51      0.00      0.00      0.00      1.96      0.00      0.00     16.67
11:07:19 PM      34      3.96      0.00     79.21      0.00      0.00      0.00      0.99      0.00      0.00     15.84
11:07:19 PM      35      5.94      0.00     76.24      0.00      0.00      0.00      0.99      0.00      0.00     16.83
11:07:19 PM      36      6.25      0.00     77.08      0.00      0.00      0.00      1.04      0.00      0.00     15.62
11:07:19 PM      37      9.28      0.00     69.07      0.00      0.00      0.00      3.09      0.00      0.00     18.56
11:07:19 PM      38      5.10      0.00     76.53      0.00      0.00      0.00      1.02      0.00      0.00     17.35
11:07:19 PM      39      5.88      0.00     76.47      0.00      0.00      0.00      0.00      0.00      0.00     17.65

11:07:19 PM     CPU      %usr     %nice      %sys   %iowait    %steal      %irq     %soft    %guest    %gnice     %idle
11:07:20 PM      32      6.12      0.00     78.57      0.00      0.00      0.00      0.00      0.00      0.00     15.31
11:07:20 PM      33      7.22      0.00     75.26      0.00      0.00      0.00      0.00      0.00      0.00     17.53
11:07:20 PM      34      3.96      0.00     79.21      0.00      0.00      0.00      0.99      0.00      0.00     15.84
11:07:20 PM      35      9.00      0.00     73.00      0.00      0.00      0.00      1.00      0.00      0.00     17.00
11:07:20 PM      36      7.00      0.00     77.00      0.00      0.00      0.00      1.00      0.00      0.00     15.00
11:07:20 PM      37      8.00      0.00     71.00      0.00      0.00      0.00      2.00      0.00      0.00     19.00
11:07:20 PM      38      9.00      0.00     71.00      0.00      0.00      0.00      2.00      0.00      0.00     18.00
11:07:20 PM      39      6.86      0.00     75.49      0.00      0.00      0.00      0.98      0.00      0.00     16.67

11:07:20 PM     CPU      %usr     %nice      %sys   %iowait    %steal      %irq     %soft    %guest    %gnice     %idle
11:07:21 PM      32      6.25      0.00     76.04      0.00      0.00      0.00      2.08      0.00      0.00     15.62
11:07:21 PM      33      8.16      0.00     74.49      0.00      0.00      0.00      2.04      0.00      0.00     15.31
11:07:21 PM      34      4.04      0.00     76.77      0.00      0.00      0.00      3.03      0.00      0.00     16.16
11:07:21 PM      35      5.00      0.00     72.00      0.00      0.00      0.00      4.00      0.00      0.00     19.00
11:07:21 PM      36      9.09      0.00     71.72      0.00      0.00      0.00      2.02      0.00      0.00     17.17
11:07:21 PM      37      6.73      0.00     74.04      0.00      0.00      0.00      1.92      0.00      0.00     17.31
11:07:21 PM      38      5.05      0.00     75.76      0.00      0.00      0.00      1.01      0.00      0.00     18.18
11:07:21 PM      39      7.07      0.00     75.76      0.00      0.00      0.00      1.01      0.00      0.00     16.16

Average:        CPU      %usr     %nice      %sys   %iowait    %steal      %irq     %soft    %guest    %gnice     %idle
Average:         32      6.97      0.00     76.77      0.00      0.00      0.00      1.21      0.00      0.00     15.05
Average:         33      6.79      0.00     73.55      0.00      0.00      0.00      1.60      0.00      0.00     18.06
Average:         34      6.02      0.00     76.10      0.00      0.00      0.00      1.71      0.00      0.00     16.16
Average:         35      6.72      0.00     73.82      0.00      0.00      0.00      1.91      0.00      0.00     17.55
Average:         36      7.30      0.00     75.76      0.00      0.00      0.00      1.42      0.00      0.00     15.52
Average:         37      6.12      0.00     73.82      0.00      0.00      0.00      1.91      0.00      0.00     18.15
Average:         38      6.10      0.00     75.20      0.00      0.00      0.00      1.42      0.00      0.00     17.28
Average:         39      6.53      0.00     75.35      0.00      0.00      0.00      1.29      0.00      0.00     16.83
