Linux 6.12.0-rc2-suspend-v2-nfcpu (cache-sql13432) 	10/20/2024 	_x86_64_	(64 CPU)

10:48:03 AM     CPU      %usr     %nice      %sys   %iowait    %steal      %irq     %soft    %guest    %gnice     %idle
10:48:04 AM      32     17.00      0.00     51.00      0.00      0.00      0.00     32.00      0.00      0.00      0.00
10:48:04 AM      33     19.00      0.00     40.00      0.00      0.00      0.00     41.00      0.00      0.00      0.00
10:48:04 AM      34     16.00      0.00     54.00      0.00      0.00      0.00     30.00      0.00      0.00      0.00
10:48:04 AM      35     15.00      0.00     36.00      0.00      0.00      0.00     49.00      0.00      0.00      0.00
10:48:04 AM      36     17.17      0.00     38.38      0.00      0.00      0.00     44.44      0.00      0.00      0.00
10:48:04 AM      37     18.18      0.00     52.53      0.00      0.00      0.00     29.29      0.00      0.00      0.00
10:48:04 AM      38     18.81      0.00     45.54      0.00      0.00      0.00     35.64      0.00      0.00      0.00
10:48:04 AM      39     12.87      0.00     49.50      0.00      0.00      0.00     37.62      0.00      0.00      0.00

10:48:04 AM     CPU      %usr     %nice      %sys   %iowait    %steal      %irq     %soft    %guest    %gnice     %idle
10:48:05 AM      32     17.00      0.00     51.00      0.00      0.00      0.00     32.00      0.00      0.00      0.00
10:48:05 AM      33     19.00      0.00     42.00      0.00      0.00      0.00     39.00      0.00      0.00      0.00
10:48:05 AM      34     20.00      0.00     48.00      0.00      0.00      0.00     32.00      0.00      0.00      0.00
10:48:05 AM      35     16.00      0.00     37.00      0.00      0.00      0.00     47.00      0.00      0.00      0.00
10:48:05 AM      36     16.00      0.00     35.00      0.00      0.00      0.00     49.00      0.00      0.00      0.00
10:48:05 AM      37     21.78      0.00     53.47      0.00      0.00      0.00     24.75      0.00      0.00      0.00
10:48:05 AM      38     20.00      0.00     52.00      0.00      0.00      0.00     28.00      0.00      0.00      0.00
10:48:05 AM      39     19.19      0.00     44.44      0.00      0.00      0.00     36.36      0.00      0.00      0.00

10:48:05 AM     CPU      %usr     %nice      %sys   %iowait    %steal      %irq     %soft    %guest    %gnice     %idle
10:48:06 AM      32     16.00      0.00     51.00      0.00      0.00      0.00     33.00      0.00      0.00      0.00
10:48:06 AM      33     13.00      0.00     42.00      0.00      0.00      0.00     45.00      0.00      0.00      0.00
10:48:06 AM      34     19.00      0.00     50.00      0.00      0.00      0.00     31.00      0.00      0.00      0.00
10:48:06 AM      35     13.00      0.00     38.00      0.00      0.00      0.00     49.00      0.00      0.00      0.00
10:48:06 AM      36     10.00      0.00     37.00      0.00      0.00      0.00     53.00      0.00      0.00      0.00
10:48:06 AM      37     18.18      0.00     48.48      0.00      0.00      0.00     33.33      0.00      0.00      0.00
10:48:06 AM      38     17.00      0.00     46.00      0.00      0.00      0.00     37.00      0.00      0.00      0.00
10:48:06 AM      39     13.00      0.00     52.00      0.00      0.00      0.00     35.00      0.00      0.00      0.00

10:48:06 AM     CPU      %usr     %nice      %sys   %iowait    %steal      %irq     %soft    %guest    %gnice     %idle
10:48:07 AM      32     20.00      0.00     48.00      0.00      0.00      0.00     32.00      0.00      0.00      0.00
10:48:07 AM      33     11.88      0.00     43.56      0.00      0.00      0.00     44.55      0.00      0.00      0.00
10:48:07 AM      34     17.17      0.00     52.53      0.00      0.00      0.00     30.30      0.00      0.00      0.00
10:48:07 AM      35     13.13      0.00     37.37      0.00      0.00      0.00     49.49      0.00      0.00      0.00
10:48:07 AM      36     14.00      0.00     32.00      0.00      0.00      0.00     54.00      0.00      0.00      0.00
10:48:07 AM      37     20.00      0.00     50.00      0.00      0.00      0.00     30.00      0.00      0.00      0.00
10:48:07 AM      38     24.24      0.00     40.40      0.00      0.00      0.00     35.35      0.00      0.00      0.00
10:48:07 AM      39     12.12      0.00     47.47      0.00      0.00      0.00     40.40      0.00      0.00      0.00

10:48:07 AM     CPU      %usr     %nice      %sys   %iowait    %steal      %irq     %soft    %guest    %gnice     %idle
10:48:08 AM      32     20.20      0.00     44.44      0.00      0.00      0.00     35.35      0.00      0.00      0.00
10:48:08 AM      33     15.15      0.00     49.49      0.00      0.00      0.00     35.35      0.00      0.00      0.00
10:48:08 AM      34     23.76      0.00     44.55      0.00      0.00      0.00     31.68      0.00      0.00      0.00
10:48:08 AM      35     13.00      0.00     32.00      0.00      0.00      0.00     55.00      0.00      0.00      0.00
10:48:08 AM      36     14.14      0.00     36.36      0.00      0.00      0.00     49.49      0.00      0.00      0.00
10:48:08 AM      37     23.00      0.00     47.00      0.00      0.00      0.00     30.00      0.00      0.00      0.00
10:48:08 AM      38     20.00      0.00     42.00      0.00      0.00      0.00     38.00      0.00      0.00      0.00
10:48:08 AM      39     17.82      0.00     44.55      0.00      0.00      0.00     37.62      0.00      0.00      0.00

10:48:08 AM     CPU      %usr     %nice      %sys   %iowait    %steal      %irq     %soft    %guest    %gnice     %idle
10:48:09 AM      32     21.00      0.00     50.00      0.00      0.00      0.00     29.00      0.00      0.00      0.00
10:48:09 AM      33     12.00      0.00     44.00      0.00      0.00      0.00     44.00      0.00      0.00      0.00
10:48:09 AM      34     15.00      0.00     59.00      0.00      0.00      0.00     26.00      0.00      0.00      0.00
10:48:09 AM      35     11.00      0.00     40.00      0.00      0.00      0.00     49.00      0.00      0.00      0.00
10:48:09 AM      36     14.85      0.00     34.65      0.00      0.00      0.00     50.50      0.00      0.00      0.00
10:48:09 AM      37     21.00      0.00     51.00      0.00      0.00      0.00     28.00      0.00      0.00      0.00
10:48:09 AM      38     19.00      0.00     47.00      0.00      0.00      0.00     34.00      0.00      0.00      0.00
10:48:09 AM      39     13.00      0.00     46.00      0.00      0.00      0.00     41.00      0.00      0.00      0.00

10:48:09 AM     CPU      %usr     %nice      %sys   %iowait    %steal      %irq     %soft    %guest    %gnice     %idle
10:48:10 AM      32     18.81      0.00     48.51      0.00      0.00      0.00     32.67      0.00      0.00      0.00
10:48:10 AM      33     16.00      0.00     46.00      0.00      0.00      0.00     38.00      0.00      0.00      0.00
10:48:10 AM      34     19.19      0.00     49.49      0.00      0.00      0.00     31.31      0.00      0.00      0.00
10:48:10 AM      35     18.00      0.00     37.00      0.00      0.00      0.00     45.00      0.00      0.00      0.00
10:48:10 AM      36     11.11      0.00     37.37      0.00      0.00      0.00     51.52      0.00      0.00      0.00
10:48:10 AM      37     19.00      0.00     50.00      0.00      0.00      0.00     31.00      0.00      0.00      0.00
10:48:10 AM      38     21.00      0.00     46.00      0.00      0.00      0.00     33.00      0.00      0.00      0.00
10:48:10 AM      39     19.00      0.00     44.00      0.00      0.00      0.00     37.00      0.00      0.00      0.00

10:48:10 AM     CPU      %usr     %nice      %sys   %iowait    %steal      %irq     %soft    %guest    %gnice     %idle
10:48:11 AM      32     24.24      0.00     46.46      0.00      0.00      0.00     29.29      0.00      0.00      0.00
10:48:11 AM      33     14.14      0.00     45.45      0.00      0.00      0.00     40.40      0.00      0.00      0.00
10:48:11 AM      34     20.00      0.00     47.00      0.00      0.00      0.00     33.00      0.00      0.00      0.00
10:48:11 AM      35     12.00      0.00     36.00      0.00      0.00      0.00     52.00      0.00      0.00      0.00
10:48:11 AM      36     14.00      0.00     37.00      0.00      0.00      0.00     49.00      0.00      0.00      0.00
10:48:11 AM      37     18.00      0.00     50.00      0.00      0.00      0.00     32.00      0.00      0.00      0.00
10:48:11 AM      38     23.47      0.00     40.82      0.00      0.00      0.00     35.71      0.00      0.00      0.00
10:48:11 AM      39     13.00      0.00     42.00      0.00      0.00      0.00     45.00      0.00      0.00      0.00

10:48:11 AM     CPU      %usr     %nice      %sys   %iowait    %steal      %irq     %soft    %guest    %gnice     %idle
10:48:12 AM      32     17.17      0.00     45.45      0.00      0.00      0.00     37.37      0.00      0.00      0.00
10:48:12 AM      33     13.86      0.00     50.50      0.00      0.00      0.00     35.64      0.00      0.00      0.00
10:48:12 AM      34     18.00      0.00     49.00      0.00      0.00      0.00     33.00      0.00      0.00      0.00
10:48:12 AM      35     16.00      0.00     43.00      0.00      0.00      0.00     41.00      0.00      0.00      0.00
10:48:12 AM      36     13.86      0.00     35.64      0.00      0.00      0.00     50.50      0.00      0.00      0.00
10:48:12 AM      37     23.23      0.00     47.47      0.00      0.00      0.00     29.29      0.00      0.00      0.00
10:48:12 AM      38     15.84      0.00     46.53      0.00      0.00      0.00     37.62      0.00      0.00      0.00
10:48:12 AM      39     15.00      0.00     42.00      0.00      0.00      0.00     43.00      0.00      0.00      0.00

10:48:12 AM     CPU      %usr     %nice      %sys   %iowait    %steal      %irq     %soft    %guest    %gnice     %idle
10:48:13 AM      32     19.80      0.00     51.49      0.00      0.00      0.00     28.71      0.00      0.00      0.00
10:48:13 AM      33     16.16      0.00     47.47      0.00      0.00      0.00     36.36      0.00      0.00      0.00
10:48:13 AM      34     17.00      0.00     49.00      0.00      0.00      0.00     34.00      0.00      0.00      0.00
10:48:13 AM      35     17.17      0.00     37.37      0.00      0.00      0.00     45.45      0.00      0.00      0.00
10:48:13 AM      36     18.00      0.00     38.00      0.00      0.00      0.00     44.00      0.00      0.00      0.00
10:48:13 AM      37     20.00      0.00     45.00      0.00      0.00      0.00     35.00      0.00      0.00      0.00
10:48:13 AM      38     15.15      0.00     46.46      0.00      0.00      0.00     38.38      0.00      0.00      0.00
10:48:13 AM      39     18.00      0.00     46.00      0.00      0.00      0.00     36.00      0.00      0.00      0.00

Average:        CPU      %usr     %nice      %sys   %iowait    %steal      %irq     %soft    %guest    %gnice     %idle
Average:         32     19.12      0.00     48.75      0.00      0.00      0.00     32.13      0.00      0.00      0.00
Average:         33     15.02      0.00     45.05      0.00      0.00      0.00     39.94      0.00      0.00      0.00
Average:         34     18.52      0.00     50.25      0.00      0.00      0.00     31.23      0.00      0.00      0.00
Average:         35     14.43      0.00     37.37      0.00      0.00      0.00     48.20      0.00      0.00      0.00
Average:         36     14.31      0.00     36.14      0.00      0.00      0.00     49.55      0.00      0.00      0.00
Average:         37     20.24      0.00     49.50      0.00      0.00      0.00     30.26      0.00      0.00      0.00
Average:         38     19.44      0.00     45.29      0.00      0.00      0.00     35.27      0.00      0.00      0.00
Average:         39     15.30      0.00     45.80      0.00      0.00      0.00     38.90      0.00      0.00      0.00
