Linux 6.12.0-rc5-nfoff-mitioff-ndsim-sv5 (cache-sql13432) 	11/03/2024 	_x86_64_	(64 CPU)

11:13:26 PM     CPU      %usr     %nice      %sys   %iowait    %steal      %irq     %soft    %guest    %gnice     %idle
11:13:27 PM      32      7.37      0.00     24.21      0.00      0.00      0.00     15.79      0.00      0.00     52.63
11:13:27 PM      33      6.59      0.00     25.27      0.00      0.00      0.00     13.19      0.00      0.00     54.95
11:13:27 PM      34      7.22      0.00     30.93      0.00      0.00      0.00     16.49      0.00      0.00     45.36
11:13:27 PM      35      6.12      0.00     29.59      0.00      0.00      0.00     13.27      0.00      0.00     51.02
11:13:27 PM      36      7.37      0.00     27.37      0.00      0.00      0.00     15.79      0.00      0.00     49.47
11:13:27 PM      37      7.37      0.00     22.11      0.00      0.00      0.00     17.89      0.00      0.00     52.63
11:13:27 PM      38      6.45      0.00     24.73      0.00      0.00      0.00     15.05      0.00      0.00     53.76
11:13:27 PM      39      5.21      0.00     26.04      0.00      0.00      0.00     15.62      0.00      0.00     53.12

11:13:27 PM     CPU      %usr     %nice      %sys   %iowait    %steal      %irq     %soft    %guest    %gnice     %idle
11:13:28 PM      32      7.69      0.00     27.47      0.00      0.00      0.00     10.99      0.00      0.00     53.85
11:13:28 PM      33      9.78      0.00     23.91      0.00      0.00      0.00     13.04      0.00      0.00     53.26
11:13:28 PM      34      7.53      0.00     29.03      0.00      0.00      0.00     13.98      0.00      0.00     49.46
11:13:28 PM      35     10.53      0.00     24.21      0.00      0.00      0.00     15.79      0.00      0.00     49.47
11:13:28 PM      36      8.82      0.00     27.45      0.00      0.00      0.00     16.67      0.00      0.00     47.06
11:13:28 PM      37     10.64      0.00     20.21      0.00      0.00      0.00     15.96      0.00      0.00     53.19
11:13:28 PM      38     10.10      0.00     29.29      0.00      0.00      0.00     13.13      0.00      0.00     47.47
11:13:28 PM      39      4.17      0.00     27.08      0.00      0.00      0.00     15.62      0.00      0.00     53.12

11:13:28 PM     CPU      %usr     %nice      %sys   %iowait    %steal      %irq     %soft    %guest    %gnice     %idle
11:13:29 PM      32      7.95      0.00     26.14      0.00      0.00      0.00     12.50      0.00      0.00     53.41
11:13:29 PM      33     10.75      0.00     22.58      0.00      0.00      0.00     17.20      0.00      0.00     49.46
11:13:29 PM      34      6.67      0.00     26.67      0.00      0.00      0.00     11.11      0.00      0.00     55.56
11:13:29 PM      35      7.37      0.00     28.42      0.00      0.00      0.00     15.79      0.00      0.00     48.42
11:13:29 PM      36     12.50      0.00     30.21      0.00      0.00      0.00     10.42      0.00      0.00     46.88
11:13:29 PM      37      6.59      0.00     28.57      0.00      0.00      0.00     14.29      0.00      0.00     50.55
11:13:29 PM      38      8.25      0.00     30.93      0.00      0.00      0.00     15.46      0.00      0.00     45.36
11:13:29 PM      39      7.53      0.00     27.96      0.00      0.00      0.00     11.83      0.00      0.00     52.69

11:13:29 PM     CPU      %usr     %nice      %sys   %iowait    %steal      %irq     %soft    %guest    %gnice     %idle
11:13:30 PM      32      6.38      0.00     25.53      0.00      0.00      0.00     15.96      0.00      0.00     52.13
11:13:30 PM      33      6.06      0.00     29.29      0.00      0.00      0.00     18.18      0.00      0.00     46.46
11:13:30 PM      34      9.28      0.00     32.99      0.00      0.00      0.00     10.31      0.00      0.00     47.42
11:13:30 PM      35      4.21      0.00     28.42      0.00      0.00      0.00     20.00      0.00      0.00     47.37
11:13:30 PM      36      7.53      0.00     31.18      0.00      0.00      0.00     11.83      0.00      0.00     49.46
11:13:30 PM      37      7.07      0.00     31.31      0.00      0.00      0.00     14.14      0.00      0.00     47.47
11:13:30 PM      38     10.99      0.00     28.57      0.00      0.00      0.00      9.89      0.00      0.00     50.55
11:13:30 PM      39      8.70      0.00     23.91      0.00      0.00      0.00     14.13      0.00      0.00     53.26

11:13:30 PM     CPU      %usr     %nice      %sys   %iowait    %steal      %irq     %soft    %guest    %gnice     %idle
11:13:31 PM      32      6.45      0.00     29.03      0.00      0.00      0.00     11.83      0.00      0.00     52.69
11:13:31 PM      33      6.45      0.00     25.81      0.00      0.00      0.00     18.28      0.00      0.00     49.46
11:13:31 PM      34      9.47      0.00     31.58      0.00      0.00      0.00     12.63      0.00      0.00     46.32
11:13:31 PM      35      9.00      0.00     29.00      0.00      0.00      0.00     15.00      0.00      0.00     47.00
11:13:31 PM      36      5.05      0.00     32.32      0.00      0.00      0.00     15.15      0.00      0.00     47.47
11:13:31 PM      37      6.25      0.00     28.12      0.00      0.00      0.00     17.71      0.00      0.00     47.92
11:13:31 PM      38      6.38      0.00     28.72      0.00      0.00      0.00     15.96      0.00      0.00     48.94
11:13:31 PM      39      9.38      0.00     27.08      0.00      0.00      0.00     12.50      0.00      0.00     51.04

11:13:31 PM     CPU      %usr     %nice      %sys   %iowait    %steal      %irq     %soft    %guest    %gnice     %idle
11:13:32 PM      32      9.68      0.00     26.88      0.00      0.00      0.00     10.75      0.00      0.00     52.69
11:13:32 PM      33      7.07      0.00     29.29      0.00      0.00      0.00     16.16      0.00      0.00     47.47
11:13:32 PM      34      7.29      0.00     34.38      0.00      0.00      0.00     12.50      0.00      0.00     45.83
11:13:32 PM      35      7.07      0.00     31.31      0.00      0.00      0.00     14.14      0.00      0.00     47.47
11:13:32 PM      36      8.05      0.00     24.14      0.00      0.00      0.00     12.64      0.00      0.00     55.17
11:13:32 PM      37     11.22      0.00     28.57      0.00      0.00      0.00     14.29      0.00      0.00     45.92
11:13:32 PM      38      8.33      0.00     29.17      0.00      0.00      0.00     14.58      0.00      0.00     47.92
11:13:32 PM      39     11.70      0.00     23.40      0.00      0.00      0.00     11.70      0.00      0.00     53.19

11:13:32 PM     CPU      %usr     %nice      %sys   %iowait    %steal      %irq     %soft    %guest    %gnice     %idle
11:13:33 PM      32      8.33      0.00     22.92      0.00      0.00      0.00     18.75      0.00      0.00     50.00
11:13:33 PM      33      7.53      0.00     30.11      0.00      0.00      0.00     13.98      0.00      0.00     48.39
11:13:33 PM      34      5.38      0.00     30.11      0.00      0.00      0.00     15.05      0.00      0.00     49.46
11:13:33 PM      35      4.35      0.00     34.78      0.00      0.00      0.00     10.87      0.00      0.00     50.00
11:13:33 PM      36      5.38      0.00     29.03      0.00      0.00      0.00     16.13      0.00      0.00     49.46
11:13:33 PM      37      8.25      0.00     30.93      0.00      0.00      0.00     15.46      0.00      0.00     45.36
11:13:33 PM      38     12.09      0.00     20.88      0.00      0.00      0.00     15.38      0.00      0.00     51.65
11:13:33 PM      39      8.42      0.00     27.37      0.00      0.00      0.00     13.68      0.00      0.00     50.53

11:13:33 PM     CPU      %usr     %nice      %sys   %iowait    %steal      %irq     %soft    %guest    %gnice     %idle
11:13:34 PM      32      8.70      0.00     27.17      0.00      0.00      0.00     14.13      0.00      0.00     50.00
11:13:34 PM      33      8.42      0.00     27.37      0.00      0.00      0.00     16.84      0.00      0.00     47.37
11:13:34 PM      34      9.57      0.00     26.60      0.00      0.00      0.00     13.83      0.00      0.00     50.00
11:13:34 PM      35      8.33      0.00     25.00      0.00      0.00      0.00     14.58      0.00      0.00     52.08
11:13:34 PM      36      8.08      0.00     28.28      0.00      0.00      0.00     16.16      0.00      0.00     47.47
11:13:34 PM      37      9.78      0.00     27.17      0.00      0.00      0.00     14.13      0.00      0.00     48.91
11:13:34 PM      38      7.37      0.00     26.32      0.00      0.00      0.00     12.63      0.00      0.00     53.68
11:13:34 PM      39      8.99      0.00     28.09      0.00      0.00      0.00     10.11      0.00      0.00     52.81

11:13:34 PM     CPU      %usr     %nice      %sys   %iowait    %steal      %irq     %soft    %guest    %gnice     %idle
11:13:35 PM      32      8.70      0.00     25.00      0.00      0.00      0.00     15.22      0.00      0.00     51.09
11:13:35 PM      33      9.38      0.00     30.21      0.00      0.00      0.00     12.50      0.00      0.00     47.92
11:13:35 PM      34      6.67      0.00     30.00      0.00      0.00      0.00     14.44      0.00      0.00     48.89
11:13:35 PM      35      8.70      0.00     21.74      0.00      0.00      0.00     16.30      0.00      0.00     53.26
11:13:35 PM      36      7.45      0.00     30.85      0.00      0.00      0.00     11.70      0.00      0.00     50.00
11:13:35 PM      37      7.69      0.00     27.47      0.00      0.00      0.00     14.29      0.00      0.00     50.55
11:13:35 PM      38      8.51      0.00     24.47      0.00      0.00      0.00     12.77      0.00      0.00     54.26
11:13:35 PM      39      9.47      0.00     27.37      0.00      0.00      0.00     14.74      0.00      0.00     48.42

11:13:35 PM     CPU      %usr     %nice      %sys   %iowait    %steal      %irq     %soft    %guest    %gnice     %idle
11:13:36 PM      32      8.42      0.00     29.47      0.00      0.00      0.00     13.68      0.00      0.00     48.42
11:13:36 PM      33      8.33      0.00     25.00      0.00      0.00      0.00     15.62      0.00      0.00     51.04
11:13:36 PM      34      9.47      0.00     30.53      0.00      0.00      0.00     12.63      0.00      0.00     47.37
11:13:36 PM      35     10.99      0.00     26.37      0.00      0.00      0.00      9.89      0.00      0.00     52.75
11:13:36 PM      36      4.35      0.00     31.52      0.00      0.00      0.00     14.13      0.00      0.00     50.00
11:13:36 PM      37      8.51      0.00     28.72      0.00      0.00      0.00     14.89      0.00      0.00     47.87
11:13:36 PM      38      8.42      0.00     23.16      0.00      0.00      0.00     15.79      0.00      0.00     52.63
11:13:36 PM      39      6.59      0.00     24.18      0.00      0.00      0.00     16.48      0.00      0.00     52.75

Average:        CPU      %usr     %nice      %sys   %iowait    %steal      %irq     %soft    %guest    %gnice     %idle
Average:         32      7.97      0.00     26.37      0.00      0.00      0.00     13.99      0.00      0.00     51.67
Average:         33      8.03      0.00     26.93      0.00      0.00      0.00     15.52      0.00      0.00     49.52
Average:         34      7.87      0.00     30.32      0.00      0.00      0.00     13.30      0.00      0.00     48.51
Average:         35      7.66      0.00     27.91      0.00      0.00      0.00     14.59      0.00      0.00     49.84
Average:         36      7.47      0.00     29.26      0.00      0.00      0.00     14.11      0.00      0.00     49.16
Average:         37      8.34      0.00     27.35      0.00      0.00      0.00     15.31      0.00      0.00     49.00
Average:         38      8.68      0.00     26.67      0.00      0.00      0.00     14.07      0.00      0.00     50.58
Average:         39      8.00      0.00     26.25      0.00      0.00      0.00     13.66      0.00      0.00     52.08
