Linux 6.12.0-rc5-nfoff-mitioff-ndsim-sv5 (cache-sql13432) 	11/03/2024 	_x86_64_	(64 CPU)

05:36:19 PM     CPU      %usr     %nice      %sys   %iowait    %steal      %irq     %soft    %guest    %gnice     %idle
05:36:20 PM      32      6.00      0.00     94.00      0.00      0.00      0.00      0.00      0.00      0.00      0.00
05:36:20 PM      33      9.00      0.00     91.00      0.00      0.00      0.00      0.00      0.00      0.00      0.00
05:36:20 PM      34      7.00      0.00     93.00      0.00      0.00      0.00      0.00      0.00      0.00      0.00
05:36:20 PM      35      6.06      0.00     93.94      0.00      0.00      0.00      0.00      0.00      0.00      0.00
05:36:20 PM      36      6.00      0.00     94.00      0.00      0.00      0.00      0.00      0.00      0.00      0.00
05:36:20 PM      37      5.00      0.00     95.00      0.00      0.00      0.00      0.00      0.00      0.00      0.00
05:36:20 PM      38      6.00      0.00     94.00      0.00      0.00      0.00      0.00      0.00      0.00      0.00
05:36:20 PM      39      6.06      0.00     93.94      0.00      0.00      0.00      0.00      0.00      0.00      0.00

05:36:20 PM     CPU      %usr     %nice      %sys   %iowait    %steal      %irq     %soft    %guest    %gnice     %idle
05:36:21 PM      32      7.00      0.00     93.00      0.00      0.00      0.00      0.00      0.00      0.00      0.00
05:36:21 PM      33      8.00      0.00     92.00      0.00      0.00      0.00      0.00      0.00      0.00      0.00
05:36:21 PM      34      7.00      0.00     93.00      0.00      0.00      0.00      0.00      0.00      0.00      0.00
05:36:21 PM      35      7.00      0.00     92.00      0.00      0.00      0.00      1.00      0.00      0.00      0.00
05:36:21 PM      36      8.00      0.00     92.00      0.00      0.00      0.00      0.00      0.00      0.00      0.00
05:36:21 PM      37      6.93      0.00     92.08      0.00      0.00      0.00      0.99      0.00      0.00      0.00
05:36:21 PM      38      6.00      0.00     94.00      0.00      0.00      0.00      0.00      0.00      0.00      0.00
05:36:21 PM      39      9.00      0.00     91.00      0.00      0.00      0.00      0.00      0.00      0.00      0.00

05:36:21 PM     CPU      %usr     %nice      %sys   %iowait    %steal      %irq     %soft    %guest    %gnice     %idle
05:36:22 PM      32      6.06      0.00     93.94      0.00      0.00      0.00      0.00      0.00      0.00      0.00
05:36:22 PM      33      6.06      0.00     93.94      0.00      0.00      0.00      0.00      0.00      0.00      0.00
05:36:22 PM      34      6.00      0.00     94.00      0.00      0.00      0.00      0.00      0.00      0.00      0.00
05:36:22 PM      35      5.00      0.00     95.00      0.00      0.00      0.00      0.00      0.00      0.00      0.00
05:36:22 PM      36      5.00      0.00     95.00      0.00      0.00      0.00      0.00      0.00      0.00      0.00
05:36:22 PM      37      6.00      0.00     94.00      0.00      0.00      0.00      0.00      0.00      0.00      0.00
05:36:22 PM      38      9.00      0.00     91.00      0.00      0.00      0.00      0.00      0.00      0.00      0.00
05:36:22 PM      39      4.95      0.00     94.06      0.00      0.00      0.00      0.99      0.00      0.00      0.00

05:36:22 PM     CPU      %usr     %nice      %sys   %iowait    %steal      %irq     %soft    %guest    %gnice     %idle
05:36:23 PM      32      6.93      0.00     93.07      0.00      0.00      0.00      0.00      0.00      0.00      0.00
05:36:23 PM      33      6.00      0.00     94.00      0.00      0.00      0.00      0.00      0.00      0.00      0.00
05:36:23 PM      34      6.00      0.00     94.00      0.00      0.00      0.00      0.00      0.00      0.00      0.00
05:36:23 PM      35      4.95      0.00     95.05      0.00      0.00      0.00      0.00      0.00      0.00      0.00
05:36:23 PM      36      6.00      0.00     94.00      0.00      0.00      0.00      0.00      0.00      0.00      0.00
05:36:23 PM      37      9.00      0.00     91.00      0.00      0.00      0.00      0.00      0.00      0.00      0.00
05:36:23 PM      38      4.00      0.00     96.00      0.00      0.00      0.00      0.00      0.00      0.00      0.00
05:36:23 PM      39      7.92      0.00     92.08      0.00      0.00      0.00      0.00      0.00      0.00      0.00

05:36:23 PM     CPU      %usr     %nice      %sys   %iowait    %steal      %irq     %soft    %guest    %gnice     %idle
05:36:24 PM      32      8.00      0.00     92.00      0.00      0.00      0.00      0.00      0.00      0.00      0.00
05:36:24 PM      33      6.93      0.00     93.07      0.00      0.00      0.00      0.00      0.00      0.00      0.00
05:36:24 PM      34      9.00      0.00     91.00      0.00      0.00      0.00      0.00      0.00      0.00      0.00
05:36:24 PM      35      4.00      0.00     96.00      0.00      0.00      0.00      0.00      0.00      0.00      0.00
05:36:24 PM      36      6.00      0.00     93.00      0.00      0.00      0.00      1.00      0.00      0.00      0.00
05:36:24 PM      37      6.00      0.00     94.00      0.00      0.00      0.00      0.00      0.00      0.00      0.00
05:36:24 PM      38      7.00      0.00     93.00      0.00      0.00      0.00      0.00      0.00      0.00      0.00
05:36:24 PM      39      7.07      0.00     92.93      0.00      0.00      0.00      0.00      0.00      0.00      0.00

05:36:24 PM     CPU      %usr     %nice      %sys   %iowait    %steal      %irq     %soft    %guest    %gnice     %idle
05:36:25 PM      32      8.00      0.00     92.00      0.00      0.00      0.00      0.00      0.00      0.00      0.00
05:36:25 PM      33      5.05      0.00     94.95      0.00      0.00      0.00      0.00      0.00      0.00      0.00
05:36:25 PM      34      7.00      0.00     92.00      0.00      0.00      0.00      1.00      0.00      0.00      0.00
05:36:25 PM      35      7.00      0.00     93.00      0.00      0.00      0.00      0.00      0.00      0.00      0.00
05:36:25 PM      36      6.00      0.00     94.00      0.00      0.00      0.00      0.00      0.00      0.00      0.00
05:36:25 PM      37      8.00      0.00     92.00      0.00      0.00      0.00      0.00      0.00      0.00      0.00
05:36:25 PM      38      6.00      0.00     94.00      0.00      0.00      0.00      0.00      0.00      0.00      0.00
05:36:25 PM      39      4.00      0.00     96.00      0.00      0.00      0.00      0.00      0.00      0.00      0.00

05:36:25 PM     CPU      %usr     %nice      %sys   %iowait    %steal      %irq     %soft    %guest    %gnice     %idle
05:36:26 PM      32      4.00      0.00     96.00      0.00      0.00      0.00      0.00      0.00      0.00      0.00
05:36:26 PM      33      3.96      0.00     96.04      0.00      0.00      0.00      0.00      0.00      0.00      0.00
05:36:26 PM      34      5.00      0.00     95.00      0.00      0.00      0.00      0.00      0.00      0.00      0.00
05:36:26 PM      35      8.00      0.00     92.00      0.00      0.00      0.00      0.00      0.00      0.00      0.00
05:36:26 PM      36      7.00      0.00     93.00      0.00      0.00      0.00      0.00      0.00      0.00      0.00
05:36:26 PM      37      8.00      0.00     92.00      0.00      0.00      0.00      0.00      0.00      0.00      0.00
05:36:26 PM      38      5.00      0.00     94.00      0.00      0.00      0.00      1.00      0.00      0.00      0.00
05:36:26 PM      39      6.00      0.00     94.00      0.00      0.00      0.00      0.00      0.00      0.00      0.00

05:36:26 PM     CPU      %usr     %nice      %sys   %iowait    %steal      %irq     %soft    %guest    %gnice     %idle
05:36:27 PM      32      6.00      0.00     93.00      0.00      0.00      0.00      1.00      0.00      0.00      0.00
05:36:27 PM      33      6.06      0.00     93.94      0.00      0.00      0.00      0.00      0.00      0.00      0.00
05:36:27 PM      34      8.00      0.00     92.00      0.00      0.00      0.00      0.00      0.00      0.00      0.00
05:36:27 PM      35      6.00      0.00     94.00      0.00      0.00      0.00      0.00      0.00      0.00      0.00
05:36:27 PM      36      5.00      0.00     95.00      0.00      0.00      0.00      0.00      0.00      0.00      0.00
05:36:27 PM      37      6.06      0.00     93.94      0.00      0.00      0.00      0.00      0.00      0.00      0.00
05:36:27 PM      38     12.00      0.00     88.00      0.00      0.00      0.00      0.00      0.00      0.00      0.00
05:36:27 PM      39      8.00      0.00     92.00      0.00      0.00      0.00      0.00      0.00      0.00      0.00

05:36:27 PM     CPU      %usr     %nice      %sys   %iowait    %steal      %irq     %soft    %guest    %gnice     %idle
05:36:28 PM      32      8.91      0.00     91.09      0.00      0.00      0.00      0.00      0.00      0.00      0.00
05:36:28 PM      33      8.00      0.00     92.00      0.00      0.00      0.00      0.00      0.00      0.00      0.00
05:36:28 PM      34      4.00      0.00     96.00      0.00      0.00      0.00      0.00      0.00      0.00      0.00
05:36:28 PM      35      9.00      0.00     91.00      0.00      0.00      0.00      0.00      0.00      0.00      0.00
05:36:28 PM      36      5.00      0.00     95.00      0.00      0.00      0.00      0.00      0.00      0.00      0.00
05:36:28 PM      37      3.96      0.00     96.04      0.00      0.00      0.00      0.00      0.00      0.00      0.00
05:36:28 PM      38      6.93      0.00     93.07      0.00      0.00      0.00      0.00      0.00      0.00      0.00
05:36:28 PM      39      7.00      0.00     93.00      0.00      0.00      0.00      0.00      0.00      0.00      0.00

05:36:28 PM     CPU      %usr     %nice      %sys   %iowait    %steal      %irq     %soft    %guest    %gnice     %idle
05:36:29 PM      32      6.06      0.00     93.94      0.00      0.00      0.00      0.00      0.00      0.00      0.00
05:36:29 PM      33      5.94      0.00     94.06      0.00      0.00      0.00      0.00      0.00      0.00      0.00
05:36:29 PM      34      9.00      0.00     91.00      0.00      0.00      0.00      0.00      0.00      0.00      0.00
05:36:29 PM      35      7.07      0.00     92.93      0.00      0.00      0.00      0.00      0.00      0.00      0.00
05:36:29 PM      36      4.00      0.00     96.00      0.00      0.00      0.00      0.00      0.00      0.00      0.00
05:36:29 PM      37      5.00      0.00     95.00      0.00      0.00      0.00      0.00      0.00      0.00      0.00
05:36:29 PM      38      4.04      0.00     95.96      0.00      0.00      0.00      0.00      0.00      0.00      0.00
05:36:29 PM      39      5.00      0.00     95.00      0.00      0.00      0.00      0.00      0.00      0.00      0.00

Average:        CPU      %usr     %nice      %sys   %iowait    %steal      %irq     %soft    %guest    %gnice     %idle
Average:         32      6.70      0.00     93.20      0.00      0.00      0.00      0.10      0.00      0.00      0.00
Average:         33      6.50      0.00     93.50      0.00      0.00      0.00      0.00      0.00      0.00      0.00
Average:         34      6.80      0.00     93.10      0.00      0.00      0.00      0.10      0.00      0.00      0.00
Average:         35      6.41      0.00     93.49      0.00      0.00      0.00      0.10      0.00      0.00      0.00
Average:         36      5.80      0.00     94.10      0.00      0.00      0.00      0.10      0.00      0.00      0.00
Average:         37      6.39      0.00     93.51      0.00      0.00      0.00      0.10      0.00      0.00      0.00
Average:         38      6.60      0.00     93.30      0.00      0.00      0.00      0.10      0.00      0.00      0.00
Average:         39      6.50      0.00     93.40      0.00      0.00      0.00      0.10      0.00      0.00      0.00
