Linux 6.12.0-rc5-nfoff-mitioff-ndsim-sv5 (cache-sql13432) 	11/03/2024 	_x86_64_	(64 CPU)

04:07:53 PM     CPU      %usr     %nice      %sys   %iowait    %steal      %irq     %soft    %guest    %gnice     %idle
04:07:54 PM      32     12.94      0.00     40.00      0.00      0.00      0.00      8.24      0.00      0.00     38.82
04:07:54 PM      33     12.09      0.00     35.16      0.00      0.00      0.00     13.19      0.00      0.00     39.56
04:07:54 PM      34      9.09      0.00     43.18      0.00      0.00      0.00     12.50      0.00      0.00     35.23
04:07:54 PM      35     11.46      0.00     38.54      0.00      0.00      0.00     10.42      0.00      0.00     39.58
04:07:54 PM      36      7.14      0.00     39.80      0.00      0.00      0.00     17.35      0.00      0.00     35.71
04:07:54 PM      37      9.78      0.00     34.78      0.00      0.00      0.00     17.39      0.00      0.00     38.04
04:07:54 PM      38      8.70      0.00     41.30      0.00      0.00      0.00     17.39      0.00      0.00     32.61
04:07:54 PM      39     15.05      0.00     33.33      0.00      0.00      0.00     11.83      0.00      0.00     39.78

04:07:54 PM     CPU      %usr     %nice      %sys   %iowait    %steal      %irq     %soft    %guest    %gnice     %idle
04:07:55 PM      32     11.83      0.00     36.56      0.00      0.00      0.00     13.98      0.00      0.00     37.63
04:07:55 PM      33     12.77      0.00     38.30      0.00      0.00      0.00      9.57      0.00      0.00     39.36
04:07:55 PM      34      9.47      0.00     44.21      0.00      0.00      0.00     12.63      0.00      0.00     33.68
04:07:55 PM      35     10.53      0.00     37.89      0.00      0.00      0.00     13.68      0.00      0.00     37.89
04:07:55 PM      36     10.99      0.00     38.46      0.00      0.00      0.00     13.19      0.00      0.00     37.36
04:07:55 PM      37     11.24      0.00     33.71      0.00      0.00      0.00     13.48      0.00      0.00     41.57
04:07:55 PM      38     13.40      0.00     30.93      0.00      0.00      0.00     17.53      0.00      0.00     38.14
04:07:55 PM      39     12.90      0.00     41.94      0.00      0.00      0.00      9.68      0.00      0.00     35.48

04:07:55 PM     CPU      %usr     %nice      %sys   %iowait    %steal      %irq     %soft    %guest    %gnice     %idle
04:07:56 PM      32     10.64      0.00     38.30      0.00      0.00      0.00     13.83      0.00      0.00     37.23
04:07:56 PM      33      9.78      0.00     38.04      0.00      0.00      0.00     13.04      0.00      0.00     39.13
04:07:56 PM      34      7.45      0.00     43.62      0.00      0.00      0.00     17.02      0.00      0.00     31.91
04:07:56 PM      35      9.09      0.00     42.42      0.00      0.00      0.00     12.12      0.00      0.00     36.36
04:07:56 PM      36     12.12      0.00     44.44      0.00      0.00      0.00      7.07      0.00      0.00     36.36
04:07:56 PM      37      7.61      0.00     44.57      0.00      0.00      0.00      7.61      0.00      0.00     40.22
04:07:56 PM      38     10.23      0.00     36.36      0.00      0.00      0.00     11.36      0.00      0.00     42.05
04:07:56 PM      39     10.75      0.00     43.01      0.00      0.00      0.00     10.75      0.00      0.00     35.48

04:07:56 PM     CPU      %usr     %nice      %sys   %iowait    %steal      %irq     %soft    %guest    %gnice     %idle
04:07:57 PM      32     10.00      0.00     35.56      0.00      0.00      0.00     13.33      0.00      0.00     41.11
04:07:57 PM      33      6.59      0.00     39.56      0.00      0.00      0.00     15.38      0.00      0.00     38.46
04:07:57 PM      34      8.16      0.00     46.94      0.00      0.00      0.00     13.27      0.00      0.00     31.63
04:07:57 PM      35      9.38      0.00     39.58      0.00      0.00      0.00     12.50      0.00      0.00     38.54
04:07:57 PM      36     13.54      0.00     40.62      0.00      0.00      0.00      9.38      0.00      0.00     36.46
04:07:57 PM      37      8.60      0.00     37.63      0.00      0.00      0.00     12.90      0.00      0.00     40.86
04:07:57 PM      38     12.50      0.00     35.42      0.00      0.00      0.00     14.58      0.00      0.00     37.50
04:07:57 PM      39      4.35      0.00     45.65      0.00      0.00      0.00     16.30      0.00      0.00     33.70

04:07:57 PM     CPU      %usr     %nice      %sys   %iowait    %steal      %irq     %soft    %guest    %gnice     %idle
04:07:58 PM      32     10.11      0.00     35.96      0.00      0.00      0.00     11.24      0.00      0.00     42.70
04:07:58 PM      33     14.13      0.00     42.39      0.00      0.00      0.00      7.61      0.00      0.00     35.87
04:07:58 PM      34     11.96      0.00     43.48      0.00      0.00      0.00     11.96      0.00      0.00     32.61
04:07:58 PM      35     10.64      0.00     41.49      0.00      0.00      0.00     11.70      0.00      0.00     36.17
04:07:58 PM      36     12.90      0.00     40.86      0.00      0.00      0.00      8.60      0.00      0.00     37.63
04:07:58 PM      37     11.36      0.00     38.64      0.00      0.00      0.00     10.23      0.00      0.00     39.77
04:07:58 PM      38      7.61      0.00     40.22      0.00      0.00      0.00     16.30      0.00      0.00     35.87
04:07:58 PM      39     11.83      0.00     47.31      0.00      0.00      0.00     11.83      0.00      0.00     29.03

04:07:58 PM     CPU      %usr     %nice      %sys   %iowait    %steal      %irq     %soft    %guest    %gnice     %idle
04:07:59 PM      32      9.78      0.00     40.22      0.00      0.00      0.00     10.87      0.00      0.00     39.13
04:07:59 PM      33     10.99      0.00     40.66      0.00      0.00      0.00     13.19      0.00      0.00     35.16
04:07:59 PM      34     11.70      0.00     37.23      0.00      0.00      0.00     12.77      0.00      0.00     38.30
04:07:59 PM      35     11.58      0.00     37.89      0.00      0.00      0.00     16.84      0.00      0.00     33.68
04:07:59 PM      36     10.53      0.00     38.95      0.00      0.00      0.00      9.47      0.00      0.00     41.05
04:07:59 PM      37     10.31      0.00     37.11      0.00      0.00      0.00     15.46      0.00      0.00     37.11
04:07:59 PM      38     10.00      0.00     44.44      0.00      0.00      0.00     12.22      0.00      0.00     33.33
04:07:59 PM      39     10.75      0.00     47.31      0.00      0.00      0.00     11.83      0.00      0.00     30.11

04:07:59 PM     CPU      %usr     %nice      %sys   %iowait    %steal      %irq     %soft    %guest    %gnice     %idle
04:08:00 PM      32     12.90      0.00     35.48      0.00      0.00      0.00     12.90      0.00      0.00     38.71
04:08:00 PM      33     12.36      0.00     33.71      0.00      0.00      0.00     13.48      0.00      0.00     40.45
04:08:00 PM      34      9.57      0.00     39.36      0.00      0.00      0.00     15.96      0.00      0.00     35.11
04:08:00 PM      35      9.38      0.00     47.92      0.00      0.00      0.00     12.50      0.00      0.00     30.21
04:08:00 PM      36      8.33      0.00     41.67      0.00      0.00      0.00     12.50      0.00      0.00     37.50
04:08:00 PM      37     11.11      0.00     37.78      0.00      0.00      0.00     12.22      0.00      0.00     38.89
04:08:00 PM      38     11.70      0.00     40.43      0.00      0.00      0.00     11.70      0.00      0.00     36.17
04:08:00 PM      39      7.22      0.00     46.39      0.00      0.00      0.00     14.43      0.00      0.00     31.96

04:08:00 PM     CPU      %usr     %nice      %sys   %iowait    %steal      %irq     %soft    %guest    %gnice     %idle
04:08:01 PM      32     10.75      0.00     39.78      0.00      0.00      0.00      9.68      0.00      0.00     39.78
04:08:01 PM      33     10.31      0.00     39.18      0.00      0.00      0.00     13.40      0.00      0.00     37.11
04:08:01 PM      34      7.78      0.00     43.33      0.00      0.00      0.00     13.33      0.00      0.00     35.56
04:08:01 PM      35     10.11      0.00     46.07      0.00      0.00      0.00      8.99      0.00      0.00     34.83
04:08:01 PM      36     10.87      0.00     36.96      0.00      0.00      0.00     15.22      0.00      0.00     36.96
04:08:01 PM      37     11.24      0.00     38.20      0.00      0.00      0.00     11.24      0.00      0.00     39.33
04:08:01 PM      38      7.53      0.00     40.86      0.00      0.00      0.00     15.05      0.00      0.00     36.56
04:08:01 PM      39      8.51      0.00     42.55      0.00      0.00      0.00     15.96      0.00      0.00     32.98

04:08:01 PM     CPU      %usr     %nice      %sys   %iowait    %steal      %irq     %soft    %guest    %gnice     %idle
04:08:02 PM      32     10.11      0.00     39.33      0.00      0.00      0.00     11.24      0.00      0.00     39.33
04:08:02 PM      33     10.75      0.00     39.78      0.00      0.00      0.00     12.90      0.00      0.00     36.56
04:08:02 PM      34     10.53      0.00     40.00      0.00      0.00      0.00     16.84      0.00      0.00     32.63
04:08:02 PM      35     15.62      0.00     38.54      0.00      0.00      0.00     12.50      0.00      0.00     33.33
04:08:02 PM      36     12.22      0.00     38.89      0.00      0.00      0.00     10.00      0.00      0.00     38.89
04:08:02 PM      37     10.11      0.00     41.57      0.00      0.00      0.00     10.11      0.00      0.00     38.20
04:08:02 PM      38      8.89      0.00     32.22      0.00      0.00      0.00     17.78      0.00      0.00     41.11
04:08:02 PM      39     10.00      0.00     38.89      0.00      0.00      0.00     15.56      0.00      0.00     35.56

04:08:02 PM     CPU      %usr     %nice      %sys   %iowait    %steal      %irq     %soft    %guest    %gnice     %idle
04:08:03 PM      32      8.42      0.00     40.00      0.00      0.00      0.00     12.63      0.00      0.00     38.95
04:08:03 PM      33     12.77      0.00     37.23      0.00      0.00      0.00     13.83      0.00      0.00     36.17
04:08:03 PM      34     10.87      0.00     45.65      0.00      0.00      0.00     10.87      0.00      0.00     32.61
04:08:03 PM      35     13.19      0.00     42.86      0.00      0.00      0.00     12.09      0.00      0.00     31.87
04:08:03 PM      36      8.70      0.00     38.04      0.00      0.00      0.00     14.13      0.00      0.00     39.13
04:08:03 PM      37     10.75      0.00     39.78      0.00      0.00      0.00     11.83      0.00      0.00     37.63
04:08:03 PM      38      7.87      0.00     37.08      0.00      0.00      0.00     13.48      0.00      0.00     41.57
04:08:03 PM      39     12.90      0.00     38.71      0.00      0.00      0.00     13.98      0.00      0.00     34.41

Average:        CPU      %usr     %nice      %sys   %iowait    %steal      %irq     %soft    %guest    %gnice     %idle
Average:         32     10.73      0.00     38.12      0.00      0.00      0.00     11.83      0.00      0.00     39.32
Average:         33     11.26      0.00     38.42      0.00      0.00      0.00     12.55      0.00      0.00     37.77
Average:         34      9.66      0.00     42.70      0.00      0.00      0.00     13.73      0.00      0.00     33.91
Average:         35     11.09      0.00     41.29      0.00      0.00      0.00     12.35      0.00      0.00     35.27
Average:         36     10.72      0.00     39.92      0.00      0.00      0.00     11.68      0.00      0.00     37.69
Average:         37     10.20      0.00     38.38      0.00      0.00      0.00     12.28      0.00      0.00     39.14
Average:         38      9.88      0.00     37.89      0.00      0.00      0.00     14.77      0.00      0.00     37.46
Average:         39     10.42      0.00     42.53      0.00      0.00      0.00     13.21      0.00      0.00     33.83
