Linux 6.12.0-rc5-nfoff-mitioff-ndsim-sv5 (cache-sql13432) 	11/03/2024 	_x86_64_	(64 CPU)

05:14:03 PM     CPU      %usr     %nice      %sys   %iowait    %steal      %irq     %soft    %guest    %gnice     %idle
05:14:04 PM      32      3.12      0.00      6.25      0.00      0.00      0.00      6.25      0.00      0.00     84.38
05:14:04 PM      33      4.81      0.00      7.69      0.00      0.00      0.00      8.65      0.00      0.00     78.85
05:14:04 PM      34      2.06      0.00      8.25      0.00      0.00      0.00      6.19      0.00      0.00     83.51
05:14:04 PM      35      3.88      0.00      9.71      0.00      0.00      0.00      5.83      0.00      0.00     80.58
05:14:04 PM      36      3.00      0.00      6.00      0.00      0.00      0.00      9.00      0.00      0.00     82.00
05:14:04 PM      37      2.97      0.00      7.92      0.00      0.00      0.00      6.93      0.00      0.00     82.18
05:14:04 PM      38      2.04      0.00      8.16      0.00      0.00      0.00      5.10      0.00      0.00     84.69
05:14:04 PM      39      3.92      0.00      8.82      0.00      0.00      0.00      6.86      0.00      0.00     80.39

05:14:04 PM     CPU      %usr     %nice      %sys   %iowait    %steal      %irq     %soft    %guest    %gnice     %idle
05:14:05 PM      32      3.00      0.00     10.00      0.00      0.00      0.00      7.00      0.00      0.00     80.00
05:14:05 PM      33      4.12      0.00      7.22      0.00      0.00      0.00      4.12      0.00      0.00     84.54
05:14:05 PM      34      5.88      0.00      6.86      0.00      0.00      0.00      6.86      0.00      0.00     80.39
05:14:05 PM      35      4.00      0.00     10.00      0.00      0.00      0.00      3.00      0.00      0.00     83.00
05:14:05 PM      36      4.04      0.00     10.10      0.00      0.00      0.00      5.05      0.00      0.00     80.81
05:14:05 PM      37      5.15      0.00      7.22      0.00      0.00      0.00      6.19      0.00      0.00     81.44
05:14:05 PM      38      3.03      0.00      7.07      0.00      0.00      0.00      7.07      0.00      0.00     82.83
05:14:05 PM      39      5.00      0.00      9.00      0.00      0.00      0.00      7.00      0.00      0.00     79.00

05:14:05 PM     CPU      %usr     %nice      %sys   %iowait    %steal      %irq     %soft    %guest    %gnice     %idle
05:14:06 PM      32      4.95      0.00      5.94      0.00      0.00      0.00      6.93      0.00      0.00     82.18
05:14:06 PM      33      4.00      0.00      7.00      0.00      0.00      0.00      6.00      0.00      0.00     83.00
05:14:06 PM      34      4.17      0.00      5.21      0.00      0.00      0.00      5.21      0.00      0.00     85.42
05:14:06 PM      35      4.12      0.00      7.22      0.00      0.00      0.00      4.12      0.00      0.00     84.54
05:14:06 PM      36      1.02      0.00      6.12      0.00      0.00      0.00      7.14      0.00      0.00     85.71
05:14:06 PM      37      3.00      0.00      8.00      0.00      0.00      0.00      8.00      0.00      0.00     81.00
05:14:06 PM      38      5.00      0.00      7.00      0.00      0.00      0.00      6.00      0.00      0.00     82.00
05:14:06 PM      39      5.10      0.00      9.18      0.00      0.00      0.00      4.08      0.00      0.00     81.63

05:14:06 PM     CPU      %usr     %nice      %sys   %iowait    %steal      %irq     %soft    %guest    %gnice     %idle
05:14:07 PM      32      3.06      0.00      8.16      0.00      0.00      0.00      5.10      0.00      0.00     83.67
05:14:07 PM      33      4.21      0.00      7.37      0.00      0.00      0.00      2.11      0.00      0.00     86.32
05:14:07 PM      34      4.12      0.00      5.15      0.00      0.00      0.00      6.19      0.00      0.00     84.54
05:14:07 PM      35      2.06      0.00      8.25      0.00      0.00      0.00      4.12      0.00      0.00     85.57
05:14:07 PM      36      4.00      0.00      6.00      0.00      0.00      0.00      8.00      0.00      0.00     82.00
05:14:07 PM      37      5.10      0.00      7.14      0.00      0.00      0.00      6.12      0.00      0.00     81.63
05:14:07 PM      38      3.06      0.00      6.12      0.00      0.00      0.00      5.10      0.00      0.00     85.71
05:14:07 PM      39      3.09      0.00      8.25      0.00      0.00      0.00      5.15      0.00      0.00     83.51

05:14:07 PM     CPU      %usr     %nice      %sys   %iowait    %steal      %irq     %soft    %guest    %gnice     %idle
05:14:08 PM      32      3.00      0.00      8.00      0.00      0.00      0.00      7.00      0.00      0.00     82.00
05:14:08 PM      33      3.92      0.00      6.86      0.00      0.00      0.00      7.84      0.00      0.00     81.37
05:14:08 PM      34      4.08      0.00      7.14      0.00      0.00      0.00      5.10      0.00      0.00     83.67
05:14:08 PM      35      4.90      0.00      3.92      0.00      0.00      0.00      8.82      0.00      0.00     82.35
05:14:08 PM      36      2.94      0.00      7.84      0.00      0.00      0.00      7.84      0.00      0.00     81.37
05:14:08 PM      37      3.88      0.00      9.71      0.00      0.00      0.00      7.77      0.00      0.00     78.64
05:14:08 PM      38      3.96      0.00      5.94      0.00      0.00      0.00      7.92      0.00      0.00     82.18
05:14:08 PM      39      3.16      0.00      6.32      0.00      0.00      0.00      5.26      0.00      0.00     85.26

05:14:08 PM     CPU      %usr     %nice      %sys   %iowait    %steal      %irq     %soft    %guest    %gnice     %idle
05:14:09 PM      32      3.85      0.00      9.62      0.00      0.00      0.00      7.69      0.00      0.00     78.85
05:14:09 PM      33      2.94      0.00      8.82      0.00      0.00      0.00      7.84      0.00      0.00     80.39
05:14:09 PM      34      2.08      0.00      6.25      0.00      0.00      0.00      6.25      0.00      0.00     85.42
05:14:09 PM      35      2.00      0.00      8.00      0.00      0.00      0.00      7.00      0.00      0.00     83.00
05:14:09 PM      36      4.12      0.00      5.15      0.00      0.00      0.00      7.22      0.00      0.00     83.51
05:14:09 PM      37      6.00      0.00      8.00      0.00      0.00      0.00      5.00      0.00      0.00     81.00
05:14:09 PM      38      3.12      0.00      7.29      0.00      0.00      0.00      5.21      0.00      0.00     84.38
05:14:09 PM      39      3.03      0.00      6.06      0.00      0.00      0.00     10.10      0.00      0.00     80.81

05:14:09 PM     CPU      %usr     %nice      %sys   %iowait    %steal      %irq     %soft    %guest    %gnice     %idle
05:14:10 PM      32      0.00      0.00      8.42      0.00      0.00      0.00      5.26      0.00      0.00     86.32
05:14:10 PM      33      3.12      0.00      5.21      0.00      0.00      0.00      6.25      0.00      0.00     85.42
05:14:10 PM      34      5.00      0.00      7.00      0.00      0.00      0.00      5.00      0.00      0.00     83.00
05:14:10 PM      35      2.02      0.00      6.06      0.00      0.00      0.00      8.08      0.00      0.00     83.84
05:14:10 PM      36      4.17      0.00      4.17      0.00      0.00      0.00      5.21      0.00      0.00     86.46
05:14:10 PM      37      3.09      0.00      7.22      0.00      0.00      0.00      6.19      0.00      0.00     83.51
05:14:10 PM      38      2.97      0.00      7.92      0.00      0.00      0.00      5.94      0.00      0.00     83.17
05:14:10 PM      39      4.04      0.00      9.09      0.00      0.00      0.00      4.04      0.00      0.00     82.83

05:14:10 PM     CPU      %usr     %nice      %sys   %iowait    %steal      %irq     %soft    %guest    %gnice     %idle
05:14:11 PM      32      3.12      0.00      8.33      0.00      0.00      0.00      5.21      0.00      0.00     83.33
05:14:11 PM      33      3.16      0.00      4.21      0.00      0.00      0.00      8.42      0.00      0.00     84.21
05:14:11 PM      34      3.96      0.00      6.93      0.00      0.00      0.00      9.90      0.00      0.00     79.21
05:14:11 PM      35      2.11      0.00      6.32      0.00      0.00      0.00      6.32      0.00      0.00     85.26
05:14:11 PM      36      6.00      0.00      7.00      0.00      0.00      0.00      7.00      0.00      0.00     80.00
05:14:11 PM      37      1.04      0.00      8.33      0.00      0.00      0.00      5.21      0.00      0.00     85.42
05:14:11 PM      38      1.03      0.00      4.12      0.00      0.00      0.00      6.19      0.00      0.00     88.66
05:14:11 PM      39      4.95      0.00      6.93      0.00      0.00      0.00      6.93      0.00      0.00     81.19

05:14:11 PM     CPU      %usr     %nice      %sys   %iowait    %steal      %irq     %soft    %guest    %gnice     %idle
05:14:12 PM      32      2.97      0.00      6.93      0.00      0.00      0.00      8.91      0.00      0.00     81.19
05:14:12 PM      33      2.94      0.00      8.82      0.00      0.00      0.00      7.84      0.00      0.00     80.39
05:14:12 PM      34      3.03      0.00     10.10      0.00      0.00      0.00      4.04      0.00      0.00     82.83
05:14:12 PM      35      2.97      0.00      7.92      0.00      0.00      0.00      6.93      0.00      0.00     82.18
05:14:12 PM      36      3.81      0.00     11.43      0.00      0.00      0.00      6.67      0.00      0.00     78.10
05:14:12 PM      37      2.94      0.00      6.86      0.00      0.00      0.00      8.82      0.00      0.00     81.37
05:14:12 PM      38      3.00      0.00      8.00      0.00      0.00      0.00      7.00      0.00      0.00     82.00
05:14:12 PM      39      3.03      0.00      6.06      0.00      0.00      0.00      9.09      0.00      0.00     81.82

05:14:12 PM     CPU      %usr     %nice      %sys   %iowait    %steal      %irq     %soft    %guest    %gnice     %idle
05:14:13 PM      32      2.11      0.00      5.26      0.00      0.00      0.00      7.37      0.00      0.00     85.26
05:14:13 PM      33      2.02      0.00      7.07      0.00      0.00      0.00      8.08      0.00      0.00     82.83
05:14:13 PM      34      4.90      0.00      7.84      0.00      0.00      0.00      7.84      0.00      0.00     79.41
05:14:13 PM      35      4.04      0.00      6.06      0.00      0.00      0.00      7.07      0.00      0.00     82.83
05:14:13 PM      36      2.06      0.00      7.22      0.00      0.00      0.00      7.22      0.00      0.00     83.51
05:14:13 PM      37      2.08      0.00      4.17      0.00      0.00      0.00      8.33      0.00      0.00     85.42
05:14:13 PM      38      4.17      0.00      4.17      0.00      0.00      0.00      6.25      0.00      0.00     85.42
05:14:13 PM      39      3.03      0.00      3.03      0.00      0.00      0.00     11.11      0.00      0.00     82.83

Average:        CPU      %usr     %nice      %sys   %iowait    %steal      %irq     %soft    %guest    %gnice     %idle
Average:         32      2.94      0.00      7.71      0.00      0.00      0.00      6.69      0.00      0.00     82.66
Average:         33      3.53      0.00      7.06      0.00      0.00      0.00      6.75      0.00      0.00     82.66
Average:         34      3.95      0.00      7.09      0.00      0.00      0.00      6.28      0.00      0.00     82.69
Average:         35      3.22      0.00      7.35      0.00      0.00      0.00      6.14      0.00      0.00     83.28
Average:         36      3.52      0.00      7.14      0.00      0.00      0.00      7.04      0.00      0.00     82.29
Average:         37      3.54      0.00      7.47      0.00      0.00      0.00      6.87      0.00      0.00     82.12
Average:         38      3.14      0.00      6.59      0.00      0.00      0.00      6.19      0.00      0.00     84.08
Average:         39      3.84      0.00      7.28      0.00      0.00      0.00      6.98      0.00      0.00     81.90
