Linux 6.11.0-rc3-suspendv2 (cache-sql13432) 	08/22/2024 	_x86_64_	(64 CPU)

05:35:31 AM     CPU      %usr     %nice      %sys   %iowait    %steal      %irq     %soft    %guest    %gnice     %idle
05:35:32 AM      16      3.09      0.00      6.19      0.00      0.00      0.00      7.22      0.00      0.00     83.51
05:35:32 AM      17      2.97      0.00      6.93      0.00      0.00      0.00      7.92      0.00      0.00     82.18
05:35:32 AM      18      2.06      0.00      6.19      0.00      0.00      0.00      7.22      0.00      0.00     84.54
05:35:32 AM      19      3.09      0.00      5.15      0.00      0.00      0.00      7.22      0.00      0.00     84.54
05:35:32 AM      20      3.06      0.00      6.12      0.00      0.00      1.02      7.14      0.00      0.00     82.65
05:35:32 AM      21      3.06      0.00      6.12      0.00      0.00      0.00      7.14      0.00      0.00     83.67
05:35:32 AM      22      4.00      0.00      7.00      0.00      0.00      1.00      7.00      0.00      0.00     81.00
05:35:32 AM      23      3.03      0.00      7.07      0.00      0.00      0.00      7.07      0.00      0.00     82.83

05:35:32 AM     CPU      %usr     %nice      %sys   %iowait    %steal      %irq     %soft    %guest    %gnice     %idle
05:35:33 AM      16      1.98      0.00      7.92      0.00      0.00      0.99      7.92      0.00      0.00     81.19
05:35:33 AM      17      2.06      0.00      7.22      0.00      0.00      0.00      7.22      0.00      0.00     83.51
05:35:33 AM      18      2.97      0.00      6.93      0.00      0.00      0.99      6.93      0.00      0.00     82.18
05:35:33 AM      19      2.04      0.00      8.16      0.00      0.00      1.02      7.14      0.00      0.00     81.63
05:35:33 AM      20      3.00      0.00      8.00      0.00      0.00      0.00      8.00      0.00      0.00     81.00
05:35:33 AM      21      2.04      0.00      8.16      0.00      0.00      0.00      7.14      0.00      0.00     82.65
05:35:33 AM      22      2.02      0.00      8.08      0.00      0.00      0.00      7.07      0.00      0.00     82.83
05:35:33 AM      23      3.03      0.00      6.06      0.00      0.00      1.01      8.08      0.00      0.00     81.82

05:35:33 AM     CPU      %usr     %nice      %sys   %iowait    %steal      %irq     %soft    %guest    %gnice     %idle
05:35:34 AM      16      3.00      0.00      9.00      0.00      0.00      0.00      7.00      0.00      0.00     81.00
05:35:34 AM      17      3.00      0.00      7.00      0.00      0.00      1.00      7.00      0.00      0.00     82.00
05:35:34 AM      18      4.08      0.00      7.14      0.00      0.00      0.00      7.14      0.00      0.00     81.63
05:35:34 AM      19      3.03      0.00      7.07      0.00      0.00      0.00      7.07      0.00      0.00     82.83
05:35:34 AM      20      2.06      0.00      7.22      0.00      0.00      0.00      7.22      0.00      0.00     83.51
05:35:34 AM      21      3.00      0.00      6.00      0.00      0.00      1.00      7.00      0.00      0.00     83.00
05:35:34 AM      22      3.03      0.00      6.06      0.00      0.00      1.01      7.07      0.00      0.00     82.83
05:35:34 AM      23      4.08      0.00      6.12      0.00      0.00      0.00      7.14      0.00      0.00     82.65

05:35:34 AM     CPU      %usr     %nice      %sys   %iowait    %steal      %irq     %soft    %guest    %gnice     %idle
05:35:35 AM      16      4.04      0.00      6.06      0.00      0.00      0.00      7.07      0.00      0.00     82.83
05:35:35 AM      17      3.06      0.00      7.14      0.00      0.00      0.00      7.14      0.00      0.00     82.65
05:35:35 AM      18      4.00      0.00      7.00      0.00      0.00      0.00      7.00      0.00      0.00     82.00
05:35:35 AM      19      2.02      0.00      6.06      0.00      0.00      1.01      8.08      0.00      0.00     82.83
05:35:35 AM      20      3.03      0.00      7.07      0.00      0.00      1.01      7.07      0.00      0.00     81.82
05:35:35 AM      21      3.09      0.00      5.15      0.00      0.00      0.00      7.22      0.00      0.00     84.54
05:35:35 AM      22      3.00      0.00      7.00      0.00      0.00      0.00      8.00      0.00      0.00     82.00
05:35:35 AM      23      2.02      0.00      7.07      0.00      0.00      0.00      8.08      0.00      0.00     82.83

05:35:35 AM     CPU      %usr     %nice      %sys   %iowait    %steal      %irq     %soft    %guest    %gnice     %idle
05:35:36 AM      16     29.00      0.00      7.00      0.00      0.00      1.00      8.00      0.00      0.00     55.00
05:35:36 AM      17      4.00      0.00      8.00      0.00      0.00      0.00      8.00      0.00      0.00     80.00
05:35:36 AM      18      3.06      0.00      9.18      0.00      0.00      1.02      7.14      0.00      0.00     79.59
05:35:36 AM      19      2.08      0.00      9.38      0.00      0.00      0.00      7.29      0.00      0.00     81.25
05:35:36 AM      20      3.03      0.00      8.08      0.00      0.00      0.00      8.08      0.00      0.00     80.81
05:35:36 AM      21      2.97      0.00      8.91      0.00      0.00      0.99      6.93      0.00      0.00     80.20
05:35:36 AM      22      2.11      0.00      5.26      0.00      0.00      0.00      6.32      0.00      0.00     86.32
05:35:36 AM      23      3.00      0.00      8.00      0.00      0.00      1.00      7.00      0.00      0.00     81.00

05:35:36 AM     CPU      %usr     %nice      %sys   %iowait    %steal      %irq     %soft    %guest    %gnice     %idle
05:35:37 AM      16     25.25      0.00      7.07      0.00      0.00      0.00      8.08      0.00      0.00     59.60
05:35:37 AM      17      3.06      0.00      9.18      0.00      0.00      1.02      8.16      0.00      0.00     78.57
05:35:37 AM      18     35.00      0.00      7.00      0.00      0.00      0.00      8.00      0.00      0.00     50.00
05:35:37 AM      19      3.09      0.00      9.28      0.00      0.00      0.00      8.25      0.00      0.00     79.38
05:35:37 AM      20      3.12      0.00      5.21      0.00      0.00      0.00      7.29      0.00      0.00     84.38
05:35:37 AM      21      4.04      0.00      7.07      0.00      0.00      0.00      7.07      0.00      0.00     81.82
05:35:37 AM      22      3.96      0.00      7.92      0.00      0.00      0.99      7.92      0.00      0.00     79.21
05:35:37 AM      23      4.00      0.00      7.00      0.00      0.00      0.00      8.00      0.00      0.00     81.00

05:35:37 AM     CPU      %usr     %nice      %sys   %iowait    %steal      %irq     %soft    %guest    %gnice     %idle
05:35:38 AM      16      6.12      0.00      5.10      0.00      0.00      1.02      7.14      0.00      0.00     80.61
05:35:38 AM      17      3.00      0.00      8.00      0.00      0.00      0.00      7.00      0.00      0.00     82.00
05:35:38 AM      18      7.14      0.00      6.12      0.00      0.00      1.02      7.14      0.00      0.00     78.57
05:35:38 AM      19      2.97      0.00      7.92      0.00      0.00      0.99      7.92      0.00      0.00     80.20
05:35:38 AM      20      3.96      0.00      6.93      0.00      0.00      0.99      7.92      0.00      0.00     80.20
05:35:38 AM      21      3.09      0.00      5.15      0.00      0.00      0.00      7.22      0.00      0.00     84.54
05:35:38 AM      22      3.09      0.00      5.15      0.00      0.00      0.00      7.22      0.00      0.00     84.54
05:35:38 AM      23      3.12      0.00      5.21      0.00      0.00      0.00      7.29      0.00      0.00     84.38

05:35:38 AM     CPU      %usr     %nice      %sys   %iowait    %steal      %irq     %soft    %guest    %gnice     %idle
05:35:39 AM      16      4.08      0.00      6.12      0.00      0.00      0.00      7.14      0.00      0.00     82.65
05:35:39 AM      17      3.00      0.00      8.00      0.00      0.00      1.00      7.00      0.00      0.00     81.00
05:35:39 AM      18      3.06      0.00      6.12      0.00      0.00      0.00      6.12      0.00      0.00     84.69
05:35:39 AM      19      3.09      0.00      6.19      0.00      0.00      0.00      7.22      0.00      0.00     83.51
05:35:39 AM      20      2.06      0.00      7.22      0.00      0.00      0.00      7.22      0.00      0.00     83.51
05:35:39 AM      21      2.02      0.00      6.06      0.00      0.00      1.01      7.07      0.00      0.00     83.84
05:35:39 AM      22      3.06      0.00      6.12      0.00      0.00      0.00      7.14      0.00      0.00     83.67
05:35:39 AM      23      3.92      0.00      7.84      0.00      0.00      0.98      7.84      0.00      0.00     79.41

05:35:39 AM     CPU      %usr     %nice      %sys   %iowait    %steal      %irq     %soft    %guest    %gnice     %idle
05:35:40 AM      16      4.12      0.00      4.12      0.00      0.00      0.00      7.22      0.00      0.00     84.54
05:35:40 AM      17      3.09      0.00      6.19      0.00      0.00      0.00      7.22      0.00      0.00     83.51
05:35:40 AM      18      3.06      0.00      6.12      0.00      0.00      0.00      7.14      0.00      0.00     83.67
05:35:40 AM      19      3.03      0.00      7.07      0.00      0.00      1.01      7.07      0.00      0.00     81.82
05:35:40 AM      20      3.96      0.00      6.93      0.00      0.00      0.99      6.93      0.00      0.00     81.19
05:35:40 AM      21      2.08      0.00      5.21      0.00      0.00      0.00      7.29      0.00      0.00     85.42
05:35:40 AM      22      2.00      0.00      8.00      0.00      0.00      1.00      7.00      0.00      0.00     82.00
05:35:40 AM      23      3.09      0.00      6.19      0.00      0.00      0.00      7.22      0.00      0.00     83.51

05:35:40 AM     CPU      %usr     %nice      %sys   %iowait    %steal      %irq     %soft    %guest    %gnice     %idle
05:35:41 AM      16      3.00      0.00      8.00      0.00      0.00      1.00      7.00      0.00      0.00     81.00
05:35:41 AM      17      2.04      0.00      7.14      0.00      0.00      0.00      7.14      0.00      0.00     83.67
05:35:41 AM      18      3.00      0.00      6.00      0.00      0.00      1.00      7.00      0.00      0.00     83.00
05:35:41 AM      19      2.08      0.00      6.25      0.00      0.00      0.00      7.29      0.00      0.00     84.38
05:35:41 AM      20      2.06      0.00      7.22      0.00      0.00      0.00      8.25      0.00      0.00     82.47
05:35:41 AM      21      4.00      0.00      7.00      0.00      0.00      0.00      7.00      0.00      0.00     82.00
05:35:41 AM      22      3.03      0.00      7.07      0.00      0.00      0.00      7.07      0.00      0.00     82.83
05:35:41 AM      23      2.00      0.00      8.00      0.00      0.00      1.00      8.00      0.00      0.00     81.00

Average:        CPU      %usr     %nice      %sys   %iowait    %steal      %irq     %soft    %guest    %gnice     %idle
Average:         16      8.39      0.00      6.67      0.00      0.00      0.40      7.38      0.00      0.00     77.15
Average:         17      2.93      0.00      7.48      0.00      0.00      0.30      7.38      0.00      0.00     81.90
Average:         18      6.78      0.00      6.78      0.00      0.00      0.40      7.09      0.00      0.00     78.95
Average:         19      2.66      0.00      7.25      0.00      0.00      0.41      7.46      0.00      0.00     82.23
Average:         20      2.94      0.00      7.01      0.00      0.00      0.41      7.51      0.00      0.00     82.13
Average:         21      2.94      0.00      6.50      0.00      0.00      0.30      7.11      0.00      0.00     83.15
Average:         22      2.94      0.00      6.78      0.00      0.00      0.40      7.19      0.00      0.00     82.69
Average:         23      3.13      0.00      6.87      0.00      0.00      0.40      7.58      0.00      0.00     82.02
