{ common_pid: mc-worker       [     29321], ret:        102 } hitcount:          1
{ common_pid: mc-worker       [     29323], ret:         39 } hitcount:          1
{ common_pid: mc-worker       [     29327], ret:         43 } hitcount:          1
{ common_pid: mc-worker       [     29327], ret:         25 } hitcount:          1
{ common_pid: mc-worker       [     29325], ret:        128 } hitcount:          1
{ common_pid: mc-worker       [     29323], ret:         48 } hitcount:          1
{ common_pid: mc-worker       [     29326], ret:        119 } hitcount:          1
{ common_pid: mc-worker       [     29321], ret:         39 } hitcount:          1
{ common_pid: mc-worker       [     29325], ret:         44 } hitcount:          1
{ common_pid: mc-worker       [     29324], ret:         42 } hitcount:          1
{ common_pid: mc-worker       [     29321], ret:         42 } hitcount:          1
{ common_pid: mc-worker       [     29327], ret:         51 } hitcount:          1
{ common_pid: mc-worker       [     29322], ret:         43 } hitcount:          1
{ common_pid: mc-worker       [     29321], ret:        125 } hitcount:          1
{ common_pid: mc-worker       [     29326], ret:         62 } hitcount:          1
{ common_pid: mc-worker       [     29328], ret:         41 } hitcount:          1
{ common_pid: mc-worker       [     29322], ret:         61 } hitcount:          1
{ common_pid: mc-worker       [     29325], ret:         45 } hitcount:          1
{ common_pid: mc-worker       [     29322], ret:         40 } hitcount:          1
{ common_pid: mc-worker       [     29328], ret:         49 } hitcount:          1
{ common_pid: mc-worker       [     29328], ret:         28 } hitcount:          1
{ common_pid: mc-worker       [     29324], ret:        221 } hitcount:          1
{ common_pid: mc-worker       [     29324], ret:         74 } hitcount:          1
{ common_pid: mc-worker       [     29321], ret:         47 } hitcount:          1
{ common_pid: mc-worker       [     29325], ret:        117 } hitcount:          1
{ common_pid: mc-worker       [     29322], ret:        127 } hitcount:          1
{ common_pid: mc-worker       [     29322], ret:         67 } hitcount:          1
{ common_pid: mc-worker       [     29323], ret:         44 } hitcount:          1
{ common_pid: mc-worker       [     29323], ret:         83 } hitcount:          1
{ common_pid: mc-worker       [     29326], ret:         34 } hitcount:          1
{ common_pid: mc-worker       [     29325], ret:        116 } hitcount:          1
{ common_pid: mc-worker       [     29325], ret:         52 } hitcount:          1
{ common_pid: mc-worker       [     29327], ret:         48 } hitcount:          1
{ common_pid: mc-worker       [     29328], ret:         97 } hitcount:          1
{ common_pid: mc-worker       [     29324], ret:        256 } hitcount:          1
{ common_pid: mc-worker       [     29324], ret:         50 } hitcount:          1
{ common_pid: mc-worker       [     29323], ret:         35 } hitcount:          1
{ common_pid: mc-worker       [     29325], ret:         42 } hitcount:          1
{ common_pid: mc-worker       [     29327], ret:         52 } hitcount:          1
{ common_pid: mc-worker       [     29325], ret:        101 } hitcount:          1
{ common_pid: mc-worker       [     29325], ret:         43 } hitcount:          1
{ common_pid: mc-worker       [     29322], ret:        118 } hitcount:          1
{ common_pid: mc-worker       [     29323], ret:         33 } hitcount:          1
{ common_pid: mc-worker       [     29324], ret:         57 } hitcount:          1
{ common_pid: mc-worker       [     29327], ret:        105 } hitcount:          1
{ common_pid: mc-worker       [     29327], ret:         61 } hitcount:          1
{ common_pid: mc-worker       [     29322], ret:         49 } hitcount:          1
{ common_pid: mc-worker       [     29328], ret:        119 } hitcount:          1
{ common_pid: mc-worker       [     29321], ret:         52 } hitcount:          1
{ common_pid: mc-worker       [     29321], ret:        111 } hitcount:          1
{ common_pid: mc-worker       [     29324], ret:         47 } hitcount:          1
{ common_pid: mc-worker       [     29323], ret:         86 } hitcount:          1
{ common_pid: mc-worker       [     29327], ret:         41 } hitcount:          1
{ common_pid: mc-worker       [     29327], ret:         75 } hitcount:          1
{ common_pid: mc-worker       [     29323], ret:        119 } hitcount:          1
{ common_pid: mc-worker       [     29328], ret:        127 } hitcount:          1
{ common_pid: mc-worker       [     29326], ret:        120 } hitcount:          1
{ common_pid: mc-worker       [     29323], ret:        127 } hitcount:          1
{ common_pid: mc-worker       [     29323], ret:         41 } hitcount:          1
{ common_pid: mc-worker       [     29322], ret:         38 } hitcount:          1
{ common_pid: mc-worker       [     29321], ret:         44 } hitcount:          1
{ common_pid: mc-worker       [     29328], ret:         44 } hitcount:          1
{ common_pid: mc-worker       [     29323], ret:         56 } hitcount:          1
{ common_pid: mc-worker       [     29327], ret:        104 } hitcount:          1
{ common_pid: mc-worker       [     29322], ret:         39 } hitcount:          1
{ common_pid: mc-worker       [     29322], ret:         45 } hitcount:          1
{ common_pid: mc-worker       [     29323], ret:         94 } hitcount:          1
{ common_pid: mc-worker       [     29322], ret:         42 } hitcount:          1
{ common_pid: mc-worker       [     29321], ret:         62 } hitcount:          1
{ common_pid: mc-worker       [     29323], ret:         51 } hitcount:          1
{ common_pid: mc-worker       [     29322], ret:         55 } hitcount:          1
{ common_pid: mc-worker       [     29326], ret:         94 } hitcount:          1
{ common_pid: mc-worker       [     29326], ret:         58 } hitcount:          1
{ common_pid: mc-worker       [     29323], ret:        118 } hitcount:          1
{ common_pid: mc-worker       [     29327], ret:         54 } hitcount:          1
{ common_pid: mc-worker       [     29327], ret:        127 } hitcount:          1
{ common_pid: mc-worker       [     29322], ret:         88 } hitcount:          1
{ common_pid: mc-worker       [     29327], ret:         40 } hitcount:          1
{ common_pid: mc-worker       [     29328], ret:         27 } hitcount:          1
{ common_pid: mc-worker       [     29323], ret:         47 } hitcount:          1
{ common_pid: mc-worker       [     29325], ret:         46 } hitcount:          1
{ common_pid: mc-worker       [     29328], ret:         61 } hitcount:          1
{ common_pid: mc-worker       [     29327], ret:         46 } hitcount:          1
{ common_pid: mc-worker       [     29328], ret:         40 } hitcount:          1
{ common_pid: mc-worker       [     29321], ret:         36 } hitcount:          1
{ common_pid: mc-worker       [     29324], ret:         33 } hitcount:          1
{ common_pid: mc-worker       [     29327], ret:        111 } hitcount:          1
{ common_pid: mc-worker       [     29323], ret:         45 } hitcount:          1
{ common_pid: mc-worker       [     29321], ret:         76 } hitcount:          1
{ common_pid: mc-worker       [     29326], ret:         40 } hitcount:          1
{ common_pid: mc-worker       [     29326], ret:         55 } hitcount:          1
{ common_pid: mc-worker       [     29321], ret:         79 } hitcount:          1
{ common_pid: mc-worker       [     29322], ret:        115 } hitcount:          1
{ common_pid: mc-worker       [     29328], ret:        124 } hitcount:          1
{ common_pid: mc-worker       [     29326], ret:        128 } hitcount:          1
{ common_pid: mc-worker       [     29325], ret:         26 } hitcount:          1
{ common_pid: mc-worker       [     29322], ret:         32 } hitcount:          1
{ common_pid: mc-worker       [     29322], ret:         34 } hitcount:          1
{ common_pid: mc-worker       [     29327], ret:         47 } hitcount:          1
{ common_pid: mc-worker       [     29325], ret:         37 } hitcount:          1
{ common_pid: mc-worker       [     29327], ret:         39 } hitcount:          1
{ common_pid: mc-worker       [     29323], ret:         50 } hitcount:          1
{ common_pid: mc-worker       [     29326], ret:         32 } hitcount:          1
{ common_pid: mc-worker       [     29327], ret:         55 } hitcount:          1
{ common_pid: mc-worker       [     29326], ret:         44 } hitcount:          1
{ common_pid: mc-worker       [     29326], ret:         37 } hitcount:          2
{ common_pid: mc-worker       [     29326], ret:         43 } hitcount:          2
{ common_pid: mc-worker       [     29325], ret:         36 } hitcount:          2
{ common_pid: mc-worker       [     29325], ret:         54 } hitcount:          2
{ common_pid: mc-worker       [     29328], ret:         43 } hitcount:          2
{ common_pid: mc-worker       [     29324], ret:         31 } hitcount:          2
{ common_pid: mc-worker       [     29321], ret:         30 } hitcount:          2
{ common_pid: mc-worker       [     29323], ret:         37 } hitcount:          2
{ common_pid: mc-worker       [     29321], ret:         38 } hitcount:          2
{ common_pid: mc-worker       [     29323], ret:         30 } hitcount:          2
{ common_pid: mc-worker       [     29323], ret:         43 } hitcount:          2
{ common_pid: mc-worker       [     29322], ret:         27 } hitcount:          2
{ common_pid: mc-worker       [     29321], ret:         26 } hitcount:          2
{ common_pid: mc-worker       [     29326], ret:         42 } hitcount:          2
{ common_pid: mc-worker       [     29324], ret:         41 } hitcount:          2
{ common_pid: mc-worker       [     29324], ret:         35 } hitcount:          2
{ common_pid: mc-worker       [     29323], ret:         40 } hitcount:          2
{ common_pid: mc-worker       [     29322], ret:         46 } hitcount:          2
{ common_pid: mc-worker       [     29327], ret:         34 } hitcount:          2
{ common_pid: mc-worker       [     29328], ret:         38 } hitcount:          2
{ common_pid: mc-worker       [     29327], ret:         44 } hitcount:          2
{ common_pid: mc-worker       [     29325], ret:         27 } hitcount:          2
{ common_pid: mc-worker       [     29321], ret:         46 } hitcount:          2
{ common_pid: mc-worker       [     29326], ret:         51 } hitcount:          2
{ common_pid: mc-worker       [     29326], ret:         33 } hitcount:          2
{ common_pid: mc-worker       [     29328], ret:         29 } hitcount:          2
{ common_pid: mc-worker       [     29322], ret:         33 } hitcount:          2
{ common_pid: mc-worker       [     29325], ret:         30 } hitcount:          2
{ common_pid: mc-worker       [     29325], ret:         40 } hitcount:          2
{ common_pid: mc-worker       [     29324], ret:         34 } hitcount:          2
{ common_pid: mc-worker       [     29325], ret:         33 } hitcount:          2
{ common_pid: mc-worker       [     29326], ret:         30 } hitcount:          2
{ common_pid: mc-worker       [     29321], ret:         23 } hitcount:          2
{ common_pid: mc-worker       [     29322], ret:         37 } hitcount:          2
{ common_pid: mc-worker       [     29327], ret:         42 } hitcount:          2
{ common_pid: mc-worker       [     29328], ret:         34 } hitcount:          2
{ common_pid: mc-worker       [     29326], ret:         29 } hitcount:          2
{ common_pid: mc-worker       [     29321], ret:         25 } hitcount:          2
{ common_pid: mc-worker       [     29322], ret:         41 } hitcount:          2
{ common_pid: mc-worker       [     29328], ret:         36 } hitcount:          3
{ common_pid: mc-worker       [     29327], ret:         32 } hitcount:          3
{ common_pid: mc-worker       [     29328], ret:         46 } hitcount:          3
{ common_pid: mc-worker       [     29322], ret:         25 } hitcount:          3
{ common_pid: mc-worker       [     29324], ret:         36 } hitcount:          3
{ common_pid: mc-worker       [     29322], ret:         35 } hitcount:          3
{ common_pid: mc-worker       [     29325], ret:         32 } hitcount:          3
{ common_pid: mc-worker       [     29327], ret:         33 } hitcount:          3
{ common_pid: mc-worker       [     29322], ret:         28 } hitcount:          3
{ common_pid: mc-worker       [     29327], ret:         35 } hitcount:          3
{ common_pid: mc-worker       [     29323], ret:         32 } hitcount:          3
{ common_pid: mc-worker       [     29327], ret:         38 } hitcount:          3
{ common_pid: mc-worker       [     29322], ret:         36 } hitcount:          3
{ common_pid: mc-worker       [     29324], ret:         38 } hitcount:          3
{ common_pid: mc-worker       [     29321], ret:         31 } hitcount:          3
{ common_pid: mc-worker       [     29325], ret:         35 } hitcount:          3
{ common_pid: mc-worker       [     29321], ret:         33 } hitcount:          3
{ common_pid: mc-worker       [     29322], ret:         30 } hitcount:          3
{ common_pid: mc-worker       [     29321], ret:         41 } hitcount:          3
{ common_pid: mc-worker       [     29328], ret:         26 } hitcount:          3
{ common_pid: mc-worker       [     29326], ret:         39 } hitcount:          3
{ common_pid: mc-worker       [     29328], ret:         45 } hitcount:          3
{ common_pid: mc-worker       [     29325], ret:         38 } hitcount:          3
{ common_pid: mc-worker       [     29321], ret:         29 } hitcount:          3
{ common_pid: mc-worker       [     29324], ret:         30 } hitcount:          3
{ common_pid: mc-worker       [     29324], ret:         26 } hitcount:          3
{ common_pid: mc-worker       [     29328], ret:         32 } hitcount:          3
{ common_pid: mc-worker       [     29326], ret:         35 } hitcount:          4
{ common_pid: mc-worker       [     29326], ret:         25 } hitcount:          4
{ common_pid: mc-worker       [     29321], ret:         20 } hitcount:          4
{ common_pid: mc-worker       [     29323], ret:         38 } hitcount:          4
{ common_pid: mc-worker       [     29326], ret:         36 } hitcount:          4
{ common_pid: mc-worker       [     29326], ret:         31 } hitcount:          4
{ common_pid: mc-worker       [     29326], ret:         26 } hitcount:          4
{ common_pid: mc-worker       [     29321], ret:         40 } hitcount:          4
{ common_pid: mc-worker       [     29323], ret:         34 } hitcount:          4
{ common_pid: mc-worker       [     29321], ret:         34 } hitcount:          4
{ common_pid: mc-worker       [     29328], ret:         25 } hitcount:          4
{ common_pid: mc-worker       [     29324], ret:         24 } hitcount:          4
{ common_pid: mc-worker       [     29328], ret:         31 } hitcount:          4
{ common_pid: mc-worker       [     29327], ret:         37 } hitcount:          4
{ common_pid: mc-worker       [     29325], ret:         34 } hitcount:          4
{ common_pid: mc-worker       [     29322], ret:         29 } hitcount:          4
{ common_pid: mc-worker       [     29326], ret:         24 } hitcount:          5
{ common_pid: mc-worker       [     29322], ret:         24 } hitcount:          5
{ common_pid: mc-worker       [     29324], ret:         29 } hitcount:          5
{ common_pid: mc-worker       [     29328], ret:         30 } hitcount:          5
{ common_pid: mc-worker       [     29327], ret:         24 } hitcount:          5
{ common_pid: mc-worker       [     29324], ret:         32 } hitcount:          5
{ common_pid: mc-worker       [     29321], ret:         27 } hitcount:          5
{ common_pid: mc-worker       [     29326], ret:         38 } hitcount:          5
{ common_pid: mc-worker       [     29326], ret:         27 } hitcount:          5
{ common_pid: mc-worker       [     29325], ret:         28 } hitcount:          5
{ common_pid: mc-worker       [     29326], ret:         23 } hitcount:          5
{ common_pid: mc-worker       [     29325], ret:         31 } hitcount:          5
{ common_pid: mc-worker       [     29324], ret:         27 } hitcount:          5
{ common_pid: mc-worker       [     29322], ret:         23 } hitcount:          5
{ common_pid: mc-worker       [     29326], ret:         28 } hitcount:          5
{ common_pid: mc-worker       [     29325], ret:         29 } hitcount:          5
{ common_pid: mc-worker       [     29324], ret:         37 } hitcount:          5
{ common_pid: mc-worker       [     29326], ret:         22 } hitcount:          6
{ common_pid: mc-worker       [     29328], ret:         37 } hitcount:          6
{ common_pid: mc-worker       [     29321], ret:         32 } hitcount:          6
{ common_pid: mc-worker       [     29327], ret:         36 } hitcount:          6
{ common_pid: mc-worker       [     29325], ret:         24 } hitcount:          6
{ common_pid: mc-worker       [     29327], ret:         26 } hitcount:          6
{ common_pid: mc-worker       [     29322], ret:         26 } hitcount:          6
{ common_pid: mc-worker       [     29321], ret:         24 } hitcount:          6
{ common_pid: mc-worker       [     29327], ret:         30 } hitcount:          6
{ common_pid: mc-worker       [     29328], ret:         23 } hitcount:          6
{ common_pid: mc-worker       [     29324], ret:         28 } hitcount:          7
{ common_pid: mc-worker       [     29321], ret:         28 } hitcount:          7
{ common_pid: mc-worker       [     29324], ret:         23 } hitcount:          7
{ common_pid: mc-worker       [     29322], ret:         20 } hitcount:          7
{ common_pid: mc-worker       [     29324], ret:         25 } hitcount:          7
{ common_pid: mc-worker       [     29323], ret:         27 } hitcount:          7
{ common_pid: mc-worker       [     29323], ret:         25 } hitcount:          7
{ common_pid: mc-worker       [     29323], ret:         29 } hitcount:          8
{ common_pid: mc-worker       [     29325], ret:         22 } hitcount:          8
{ common_pid: mc-worker       [     29321], ret:         22 } hitcount:          8
{ common_pid: mc-worker       [     29323], ret:         28 } hitcount:          8
{ common_pid: mc-worker       [     29323], ret:         31 } hitcount:          8
{ common_pid: mc-worker       [     29327], ret:         23 } hitcount:          8
{ common_pid: mc-worker       [     29328], ret:         24 } hitcount:          9
{ common_pid: mc-worker       [     29327], ret:         28 } hitcount:          9
{ common_pid: mc-worker       [     29327], ret:         20 } hitcount:          9
{ common_pid: mc-worker       [     29328], ret:         22 } hitcount:          9
{ common_pid: mc-worker       [     29323], ret:         23 } hitcount:          9
{ common_pid: mc-worker       [     29325], ret:         23 } hitcount:          9
{ common_pid: mc-worker       [     29327], ret:         31 } hitcount:          9
{ common_pid: mc-worker       [     29327], ret:         27 } hitcount:          9
{ common_pid: mc-worker       [     29325], ret:         21 } hitcount:         10
{ common_pid: mc-worker       [     29322], ret:         21 } hitcount:         10
{ common_pid: mc-worker       [     29324], ret:         20 } hitcount:         10
{ common_pid: mc-worker       [     29325], ret:         25 } hitcount:         10
{ common_pid: mc-worker       [     29327], ret:         22 } hitcount:         11
{ common_pid: mc-worker       [     29321], ret:         19 } hitcount:         11
{ common_pid: mc-worker       [     29321], ret:         21 } hitcount:         11
{ common_pid: mc-worker       [     29327], ret:         21 } hitcount:         11
{ common_pid: mc-worker       [     29323], ret:         26 } hitcount:         12
{ common_pid: mc-worker       [     29321], ret:         18 } hitcount:         12
{ common_pid: mc-worker       [     29326], ret:         21 } hitcount:         12
{ common_pid: mc-worker       [     29326], ret:         20 } hitcount:         13
{ common_pid: mc-worker       [     29328], ret:         21 } hitcount:         13
{ common_pid: mc-worker       [     29322], ret:         19 } hitcount:         13
{ common_pid: mc-worker       [     29322], ret:         18 } hitcount:         14
{ common_pid: mc-worker       [     29322], ret:         22 } hitcount:         14
{ common_pid: mc-worker       [     29325], ret:         18 } hitcount:         14
{ common_pid: mc-worker       [     29325], ret:         19 } hitcount:         15
{ common_pid: mc-worker       [     29324], ret:         22 } hitcount:         15
{ common_pid: mc-worker       [     29323], ret:         24 } hitcount:         15
{ common_pid: mc-worker       [     29328], ret:         20 } hitcount:         16
{ common_pid: mc-worker       [     29323], ret:         22 } hitcount:         16
{ common_pid: mc-worker       [     29326], ret:         19 } hitcount:         16
{ common_pid: mc-worker       [     29323], ret:         20 } hitcount:         17
{ common_pid: mc-worker       [     29324], ret:         21 } hitcount:         17
{ common_pid: mc-worker       [     29324], ret:         19 } hitcount:         18
{ common_pid: mc-worker       [     29328], ret:         18 } hitcount:         18
{ common_pid: mc-worker       [     29323], ret:         21 } hitcount:         18
{ common_pid: mc-worker       [     29328], ret:         19 } hitcount:         19
{ common_pid: mc-worker       [     29323], ret:         19 } hitcount:         19
{ common_pid: mc-worker       [     29325], ret:         17 } hitcount:         19
{ common_pid: mc-worker       [     29322], ret:         17 } hitcount:         20
{ common_pid: mc-worker       [     29327], ret:         19 } hitcount:         21
{ common_pid: mc-worker       [     29325], ret:         20 } hitcount:         24
{ common_pid: mc-worker       [     29321], ret:         17 } hitcount:         25
{ common_pid: mc-worker       [     29326], ret:         18 } hitcount:         25
{ common_pid: mc-worker       [     29327], ret:         18 } hitcount:         25
{ common_pid: mc-worker       [     29326], ret:         17 } hitcount:         26
{ common_pid: mc-worker       [     29324], ret:         18 } hitcount:         27
{ common_pid: mc-worker       [     29324], ret:         17 } hitcount:         27
{ common_pid: mc-worker       [     29323], ret:         18 } hitcount:         34
{ common_pid: mc-worker       [     29327], ret:         17 } hitcount:         37
{ common_pid: mc-worker       [     29326], ret:         16 } hitcount:         38
{ common_pid: mc-worker       [     29321], ret:         16 } hitcount:         38
{ common_pid: mc-worker       [     29328], ret:         17 } hitcount:         40
{ common_pid: mc-worker       [     29323], ret:         17 } hitcount:         42
{ common_pid: mc-worker       [     29322], ret:         16 } hitcount:         43
{ common_pid: mc-worker       [     29324], ret:         16 } hitcount:         43
{ common_pid: mc-worker       [     29325], ret:         16 } hitcount:         49
{ common_pid: mc-worker       [     29323], ret:         16 } hitcount:         54
{ common_pid: mc-worker       [     29328], ret:         16 } hitcount:         59
{ common_pid: mc-worker       [     29327], ret:         16 } hitcount:         65
{ common_pid: mc-worker       [     29322], ret:         15 } hitcount:         77
{ common_pid: mc-worker       [     29324], ret:         15 } hitcount:         79
{ common_pid: mc-worker       [     29326], ret:         15 } hitcount:         83
{ common_pid: mc-worker       [     29325], ret:         15 } hitcount:         88
{ common_pid: mc-worker       [     29321], ret:         15 } hitcount:         92
{ common_pid: mc-worker       [     29323], ret:         15 } hitcount:        110
{ common_pid: mc-worker       [     29328], ret:         15 } hitcount:        114
{ common_pid: mc-worker       [     29322], ret:         14 } hitcount:        125
{ common_pid: mc-worker       [     29324], ret:         14 } hitcount:        159
{ common_pid: mc-worker       [     29327], ret:         15 } hitcount:        161
{ common_pid: mc-worker       [     29323], ret:         14 } hitcount:        177
{ common_pid: mc-worker       [     29326], ret:         14 } hitcount:        179
{ common_pid: mc-worker       [     29321], ret:         14 } hitcount:        188
{ common_pid: mc-worker       [     29325], ret:         14 } hitcount:        212
{ common_pid: mc-worker       [     29322], ret:         13 } hitcount:        267
{ common_pid: mc-worker       [     29327], ret:         14 } hitcount:        268
{ common_pid: mc-worker       [     29328], ret:         14 } hitcount:        269
{ common_pid: mc-worker       [     29324], ret:         13 } hitcount:        309
{ common_pid: mc-worker       [     29321], ret:         13 } hitcount:        333
{ common_pid: mc-worker       [     29326], ret:         13 } hitcount:        365
{ common_pid: mc-worker       [     29325], ret:         13 } hitcount:        378
{ common_pid: mc-worker       [     29323], ret:         13 } hitcount:        396
{ common_pid: mc-worker       [     29328], ret:         13 } hitcount:        487
{ common_pid: mc-worker       [     29327], ret:         13 } hitcount:        590
{ common_pid: mc-worker       [     29322], ret:         12 } hitcount:        592
{ common_pid: mc-worker       [     29324], ret:         12 } hitcount:        667
{ common_pid: mc-worker       [     29321], ret:         12 } hitcount:        773
{ common_pid: mc-worker       [     29326], ret:         12 } hitcount:        788
{ common_pid: mc-worker       [     29325], ret:         12 } hitcount:        789
{ common_pid: mc-worker       [     29323], ret:         12 } hitcount:        816
{ common_pid: mc-worker       [     29328], ret:         12 } hitcount:       1045
{ common_pid: mc-worker       [     29327], ret:         12 } hitcount:       1101
{ common_pid: mc-worker       [     29322], ret:         11 } hitcount:       1493
{ common_pid: mc-worker       [     29324], ret:         11 } hitcount:       1549
{ common_pid: mc-worker       [     29321], ret:         11 } hitcount:       1737
{ common_pid: mc-worker       [     29326], ret:         11 } hitcount:       1766
{ common_pid: mc-worker       [     29323], ret:         11 } hitcount:       1795
{ common_pid: mc-worker       [     29325], ret:         11 } hitcount:       1812
{ common_pid: mc-worker       [     29328], ret:         11 } hitcount:       2206
{ common_pid: mc-worker       [     29327], ret:         11 } hitcount:       2422
{ common_pid: mc-worker       [     29322], ret:         10 } hitcount:       3165
{ common_pid: mc-worker       [     29324], ret:         10 } hitcount:       3436
{ common_pid: mc-worker       [     29321], ret:         10 } hitcount:       3863
{ common_pid: mc-worker       [     29326], ret:         10 } hitcount:       3903
{ common_pid: mc-worker       [     29325], ret:         10 } hitcount:       3925
{ common_pid: mc-worker       [     29323], ret:         10 } hitcount:       3982
{ common_pid: mc-worker       [     29328], ret:         10 } hitcount:       4627
{ common_pid: mc-worker       [     29327], ret:         10 } hitcount:       5052
{ common_pid: mc-worker       [     29322], ret:          9 } hitcount:       6789
{ common_pid: mc-worker       [     29324], ret:          9 } hitcount:       7286
{ common_pid: mc-worker       [     29321], ret:          9 } hitcount:       7864
{ common_pid: mc-worker       [     29325], ret:          9 } hitcount:       7948
{ common_pid: mc-worker       [     29323], ret:          9 } hitcount:       8030
{ common_pid: mc-worker       [     29326], ret:          9 } hitcount:       8111
{ common_pid: mc-worker       [     29328], ret:          9 } hitcount:       9033
{ common_pid: mc-worker       [     29327], ret:          9 } hitcount:       9520
{ common_pid: mc-worker       [     29322], ret:          8 } hitcount:      13035
{ common_pid: mc-worker       [     29324], ret:          8 } hitcount:      13667
{ common_pid: mc-worker       [     29321], ret:          8 } hitcount:      14726
{ common_pid: mc-worker       [     29325], ret:          8 } hitcount:      14858
{ common_pid: mc-worker       [     29326], ret:          8 } hitcount:      14996
{ common_pid: mc-worker       [     29323], ret:          8 } hitcount:      15101
{ common_pid: mc-worker       [     29328], ret:          8 } hitcount:      16816
{ common_pid: mc-worker       [     29327], ret:          8 } hitcount:      17463
{ common_pid: mc-worker       [     29322], ret:          7 } hitcount:      22175
{ common_pid: mc-worker       [     29324], ret:          7 } hitcount:      23050
{ common_pid: mc-worker       [     29321], ret:          7 } hitcount:      24408
{ common_pid: mc-worker       [     29323], ret:          7 } hitcount:      24570
{ common_pid: mc-worker       [     29325], ret:          7 } hitcount:      24603
{ common_pid: mc-worker       [     29326], ret:          7 } hitcount:      24846
{ common_pid: mc-worker       [     29328], ret:          7 } hitcount:      26864
{ common_pid: mc-worker       [     29327], ret:          7 } hitcount:      27614
{ common_pid: mc-worker       [     29322], ret:          6 } hitcount:      34002
{ common_pid: mc-worker       [     29324], ret:          6 } hitcount:      35688
{ common_pid: mc-worker       [     29325], ret:          6 } hitcount:      36499
{ common_pid: mc-worker       [     29321], ret:          6 } hitcount:      36600
{ common_pid: mc-worker       [     29323], ret:          6 } hitcount:      36850
{ common_pid: mc-worker       [     29326], ret:          6 } hitcount:      37157
{ common_pid: mc-worker       [     29328], ret:          6 } hitcount:      39247
{ common_pid: mc-worker       [     29327], ret:          6 } hitcount:      39972
{ common_pid: mc-worker       [     29322], ret:          5 } hitcount:      52620
{ common_pid: mc-worker       [     29324], ret:          5 } hitcount:      53702
{ common_pid: mc-worker       [     29325], ret:          5 } hitcount:      54573
{ common_pid: mc-worker       [     29323], ret:          5 } hitcount:      54738
{ common_pid: mc-worker       [     29321], ret:          5 } hitcount:      54990
{ common_pid: mc-worker       [     29326], ret:          5 } hitcount:      55377
{ common_pid: mc-worker       [     29328], ret:          5 } hitcount:      57367
{ common_pid: mc-worker       [     29327], ret:          5 } hitcount:      57868
{ common_pid: mc-worker       [     29322], ret:          4 } hitcount:      81698
{ common_pid: mc-worker       [     29324], ret:          4 } hitcount:      82554
{ common_pid: mc-worker       [     29321], ret:          4 } hitcount:      83066
{ common_pid: mc-worker       [     29325], ret:          4 } hitcount:      83258
{ common_pid: mc-worker       [     29323], ret:          4 } hitcount:      84236
{ common_pid: mc-worker       [     29326], ret:          4 } hitcount:      84286
{ common_pid: mc-worker       [     29327], ret:          4 } hitcount:      85566
{ common_pid: mc-worker       [     29328], ret:          4 } hitcount:      85597
{ common_pid: mc-worker       [     29322], ret:          3 } hitcount:     121898
{ common_pid: mc-worker       [     29321], ret:          3 } hitcount:     122098
{ common_pid: mc-worker       [     29325], ret:          3 } hitcount:     122429
{ common_pid: mc-worker       [     29323], ret:          3 } hitcount:     122793
{ common_pid: mc-worker       [     29324], ret:          3 } hitcount:     122958
{ common_pid: mc-worker       [     29326], ret:          3 } hitcount:     123103
{ common_pid: mc-worker       [     29327], ret:          3 } hitcount:     123968
{ common_pid: mc-worker       [     29328], ret:          3 } hitcount:     124458
{ common_pid: mc-worker       [     29327], ret:          2 } hitcount:     173879
{ common_pid: mc-worker       [     29323], ret:          2 } hitcount:     174141
{ common_pid: mc-worker       [     29321], ret:          2 } hitcount:     174327
{ common_pid: mc-worker       [     29325], ret:          2 } hitcount:     174490
{ common_pid: mc-worker       [     29328], ret:          2 } hitcount:     174629
{ common_pid: mc-worker       [     29322], ret:          2 } hitcount:     174868
{ common_pid: mc-worker       [     29324], ret:          2 } hitcount:     175227
{ common_pid: mc-worker       [     29326], ret:          2 } hitcount:     175633
{ common_pid: mc-worker       [     29327], ret:          1 } hitcount:     243024
{ common_pid: mc-worker       [     29328], ret:          1 } hitcount:     245537
{ common_pid: mc-worker       [     29323], ret:          1 } hitcount:     246887
{ common_pid: mc-worker       [     29325], ret:          1 } hitcount:     247579
{ common_pid: mc-worker       [     29321], ret:          1 } hitcount:     248096
{ common_pid: mc-worker       [     29326], ret:          1 } hitcount:     250593
{ common_pid: mc-worker       [     29322], ret:          1 } hitcount:     250862
{ common_pid: mc-worker       [     29324], ret:          1 } hitcount:     251506
