{ common_pid: mc-worker       [     70730], ret:          7 } hitcount:          1
{ common_pid: mc-worker       [     70727], ret:         17 } hitcount:          1
{ common_pid: mc-worker       [     70726], ret:          8 } hitcount:          1
{ common_pid: mc-worker       [     70725], ret:        512 } hitcount:          1
{ common_pid: mc-worker       [     70729], ret:          8 } hitcount:          1
{ common_pid: mc-worker       [     70727], ret:          7 } hitcount:          1
{ common_pid: mc-worker       [     70731], ret:          8 } hitcount:          1
{ common_pid: mc-worker       [     70726], ret:         34 } hitcount:          1
{ common_pid: mc-worker       [     70732], ret:         64 } hitcount:          1
{ common_pid: mc-worker       [     70732], ret:        512 } hitcount:          1
{ common_pid: mc-worker       [     70727], ret:        498 } hitcount:          1
{ common_pid: mc-worker       [     70729], ret:          7 } hitcount:          1
{ common_pid: mc-worker       [     70729], ret:        502 } hitcount:          1
{ common_pid: mc-worker       [     70728], ret:         43 } hitcount:          1
{ common_pid: mc-worker       [     70725], ret:         11 } hitcount:          1
{ common_pid: mc-worker       [     70731], ret:        480 } hitcount:          1
{ common_pid: mc-worker       [     70730], ret:        504 } hitcount:          1
{ common_pid: mc-worker       [     70730], ret:         24 } hitcount:          1
{ common_pid: mc-worker       [     70732], ret:          9 } hitcount:          1
{ common_pid: mc-worker       [     70728], ret:          7 } hitcount:          1
{ common_pid: mc-worker       [     70729], ret:         26 } hitcount:          1
{ common_pid: mc-worker       [     70727], ret:         16 } hitcount:          1
{ common_pid: mc-worker       [     70732], ret:         11 } hitcount:          1
{ common_pid: mc-worker       [     70725], ret:          7 } hitcount:          1
{ common_pid: mc-worker       [     70731], ret:         44 } hitcount:          1
{ common_pid: mc-worker       [     70725], ret:         53 } hitcount:          1
{ common_pid: mc-worker       [     70726], ret:        510 } hitcount:          1
{ common_pid: mc-worker       [     70728], ret:        512 } hitcount:          1
{ common_pid: mc-worker       [     70730], ret:          8 } hitcount:          1
{ common_pid: mc-worker       [     70732], ret:          8 } hitcount:          1
{ common_pid: mc-worker       [     70726], ret:          7 } hitcount:          4
{ common_pid: mc-worker       [     70731], ret:          6 } hitcount:          4
{ common_pid: mc-worker       [     70730], ret:          6 } hitcount:          5
{ common_pid: mc-worker       [     70726], ret:          6 } hitcount:          5
{ common_pid: mc-worker       [     70732], ret:          7 } hitcount:          6
{ common_pid: mc-worker       [     70725], ret:          6 } hitcount:          6
{ common_pid: mc-worker       [     70729], ret:          6 } hitcount:          6
{ common_pid: mc-worker       [     70728], ret:          6 } hitcount:          7
{ common_pid: mc-worker       [     70732], ret:          6 } hitcount:          9
{ common_pid: mc-worker       [     70727], ret:          6 } hitcount:         11
{ common_pid: mc-worker       [     70730], ret:          5 } hitcount:         58
{ common_pid: mc-worker       [     70731], ret:          5 } hitcount:         61
{ common_pid: mc-worker       [     70725], ret:          5 } hitcount:         62
{ common_pid: mc-worker       [     70729], ret:          5 } hitcount:         71
{ common_pid: mc-worker       [     70726], ret:          5 } hitcount:         73
{ common_pid: mc-worker       [     70728], ret:          5 } hitcount:         74
{ common_pid: mc-worker       [     70727], ret:          5 } hitcount:         75
{ common_pid: mc-worker       [     70732], ret:          5 } hitcount:        101
{ common_pid: mc-worker       [     70731], ret:          4 } hitcount:        698
{ common_pid: mc-worker       [     70729], ret:          4 } hitcount:        826
{ common_pid: mc-worker       [     70730], ret:          4 } hitcount:        829
{ common_pid: mc-worker       [     70727], ret:          4 } hitcount:        848
{ common_pid: mc-worker       [     70726], ret:          4 } hitcount:        915
{ common_pid: mc-worker       [     70728], ret:          4 } hitcount:        967
{ common_pid: mc-worker       [     70725], ret:          4 } hitcount:        967
{ common_pid: mc-worker       [     70732], ret:          4 } hitcount:       1040
{ common_pid: mc-worker       [     70731], ret:          3 } hitcount:       8750
{ common_pid: mc-worker       [     70730], ret:          3 } hitcount:       9345
{ common_pid: mc-worker       [     70729], ret:          3 } hitcount:       9594
{ common_pid: mc-worker       [     70727], ret:          3 } hitcount:       9858
{ common_pid: mc-worker       [     70726], ret:          3 } hitcount:      10318
{ common_pid: mc-worker       [     70728], ret:          3 } hitcount:      11030
{ common_pid: mc-worker       [     70725], ret:          3 } hitcount:      11189
{ common_pid: mc-worker       [     70732], ret:          3 } hitcount:      11680
{ common_pid: mc-worker       [     70731], ret:          2 } hitcount:      80594
{ common_pid: mc-worker       [     70730], ret:          2 } hitcount:      84453
{ common_pid: mc-worker       [     70729], ret:          2 } hitcount:      85361
{ common_pid: mc-worker       [     70727], ret:          2 } hitcount:      86956
{ common_pid: mc-worker       [     70726], ret:          2 } hitcount:      90482
{ common_pid: mc-worker       [     70728], ret:          2 } hitcount:      92616
{ common_pid: mc-worker       [     70725], ret:          2 } hitcount:      94626
{ common_pid: mc-worker       [     70732], ret:          2 } hitcount:      97697
{ common_pid: mc-worker       [     70731], ret:          1 } hitcount:     518579
{ common_pid: mc-worker       [     70730], ret:          1 } hitcount:     527723
{ common_pid: mc-worker       [     70729], ret:          1 } hitcount:     531351
{ common_pid: mc-worker       [     70727], ret:          1 } hitcount:     531942
{ common_pid: mc-worker       [     70726], ret:          1 } hitcount:     541683
{ common_pid: mc-worker       [     70728], ret:          1 } hitcount:     544948
{ common_pid: mc-worker       [     70725], ret:          1 } hitcount:     551844
{ common_pid: mc-worker       [     70732], ret:          1 } hitcount:     557198
