{ common_pid: mc-worker       [    127636], ret:        102 } hitcount:          1
{ common_pid: mc-worker       [    127631], ret:         72 } hitcount:          1
{ common_pid: mc-worker       [    127632], ret:        479 } hitcount:          1
{ common_pid: mc-worker       [    127631], ret:        437 } hitcount:          1
{ common_pid: mc-worker       [    127629], ret:         71 } hitcount:          1
{ common_pid: mc-worker       [    127629], ret:        491 } hitcount:          1
{ common_pid: mc-worker       [    127636], ret:        444 } hitcount:          1
{ common_pid: mc-worker       [    127634], ret:         72 } hitcount:          1
{ common_pid: mc-worker       [    127629], ret:         70 } hitcount:          1
{ common_pid: mc-worker       [    127634], ret:        502 } hitcount:          1
{ common_pid: mc-worker       [    127630], ret:        454 } hitcount:          1
{ common_pid: mc-worker       [    127631], ret:        106 } hitcount:          1
{ common_pid: mc-worker       [    127635], ret:        485 } hitcount:          1
{ common_pid: mc-worker       [    127633], ret:        512 } hitcount:          1
{ common_pid: mc-worker       [    127629], ret:         56 } hitcount:          2
{ common_pid: mc-worker       [    127634], ret:         69 } hitcount:          2
{ common_pid: mc-worker       [    127634], ret:         70 } hitcount:          2
{ common_pid: mc-worker       [    127636], ret:         71 } hitcount:          2
{ common_pid: mc-worker       [    127630], ret:         50 } hitcount:          2
{ common_pid: mc-worker       [    127631], ret:         73 } hitcount:          2
{ common_pid: mc-worker       [    127631], ret:         69 } hitcount:          3
{ common_pid: mc-worker       [    127629], ret:         68 } hitcount:          3
{ common_pid: mc-worker       [    127635], ret:         69 } hitcount:          3
{ common_pid: mc-worker       [    127630], ret:         68 } hitcount:          3
{ common_pid: mc-worker       [    127634], ret:         71 } hitcount:          3
{ common_pid: mc-worker       [    127636], ret:         68 } hitcount:          3
{ common_pid: mc-worker       [    127632], ret:         69 } hitcount:          3
{ common_pid: mc-worker       [    127630], ret:         69 } hitcount:          4
{ common_pid: mc-worker       [    127630], ret:         67 } hitcount:          4
{ common_pid: mc-worker       [    127629], ret:         51 } hitcount:          4
{ common_pid: mc-worker       [    127630], ret:         49 } hitcount:          4
{ common_pid: mc-worker       [    127631], ret:         70 } hitcount:          4
{ common_pid: mc-worker       [    127629], ret:         69 } hitcount:          4
{ common_pid: mc-worker       [    127633], ret:         58 } hitcount:          5
{ common_pid: mc-worker       [    127634], ret:         68 } hitcount:          5
{ common_pid: mc-worker       [    127633], ret:         69 } hitcount:          5
{ common_pid: mc-worker       [    127635], ret:         67 } hitcount:          5
{ common_pid: mc-worker       [    127630], ret:         46 } hitcount:          5
{ common_pid: mc-worker       [    127632], ret:         65 } hitcount:          5
{ common_pid: mc-worker       [    127630], ret:         56 } hitcount:          5
{ common_pid: mc-worker       [    127631], ret:         68 } hitcount:          5
{ common_pid: mc-worker       [    127635], ret:         54 } hitcount:          5
{ common_pid: mc-worker       [    127633], ret:         56 } hitcount:          5
{ common_pid: mc-worker       [    127629], ret:         61 } hitcount:          6
{ common_pid: mc-worker       [    127635], ret:         68 } hitcount:          6
{ common_pid: mc-worker       [    127631], ret:         58 } hitcount:          6
{ common_pid: mc-worker       [    127634], ret:         55 } hitcount:          6
{ common_pid: mc-worker       [    127636], ret:         66 } hitcount:          6
{ common_pid: mc-worker       [    127632], ret:         57 } hitcount:          6
{ common_pid: mc-worker       [    127630], ret:         53 } hitcount:          6
{ common_pid: mc-worker       [    127633], ret:         67 } hitcount:          6
{ common_pid: mc-worker       [    127635], ret:         52 } hitcount:          6
{ common_pid: mc-worker       [    127633], ret:         57 } hitcount:          6
{ common_pid: mc-worker       [    127629], ret:         53 } hitcount:          6
{ common_pid: mc-worker       [    127636], ret:         54 } hitcount:          6
{ common_pid: mc-worker       [    127633], ret:         47 } hitcount:          6
{ common_pid: mc-worker       [    127633], ret:         61 } hitcount:          6
{ common_pid: mc-worker       [    127630], ret:         58 } hitcount:          6
{ common_pid: mc-worker       [    127633], ret:         68 } hitcount:          6
{ common_pid: mc-worker       [    127634], ret:         67 } hitcount:          6
{ common_pid: mc-worker       [    127636], ret:         67 } hitcount:          6
{ common_pid: mc-worker       [    127636], ret:         69 } hitcount:          6
{ common_pid: mc-worker       [    127636], ret:         51 } hitcount:          7
{ common_pid: mc-worker       [    127632], ret:         60 } hitcount:          7
{ common_pid: mc-worker       [    127629], ret:         55 } hitcount:          7
{ common_pid: mc-worker       [    127632], ret:         67 } hitcount:          7
{ common_pid: mc-worker       [    127632], ret:         68 } hitcount:          7
{ common_pid: mc-worker       [    127630], ret:         61 } hitcount:          7
{ common_pid: mc-worker       [    127631], ret:         57 } hitcount:          7
{ common_pid: mc-worker       [    127631], ret:         60 } hitcount:          7
{ common_pid: mc-worker       [    127629], ret:         58 } hitcount:          7
{ common_pid: mc-worker       [    127629], ret:         57 } hitcount:          7
{ common_pid: mc-worker       [    127633], ret:         60 } hitcount:          7
{ common_pid: mc-worker       [    127631], ret:         67 } hitcount:          7
{ common_pid: mc-worker       [    127635], ret:         50 } hitcount:          7
{ common_pid: mc-worker       [    127630], ret:         60 } hitcount:          7
{ common_pid: mc-worker       [    127636], ret:         60 } hitcount:          7
{ common_pid: mc-worker       [    127635], ret:         59 } hitcount:          7
{ common_pid: mc-worker       [    127630], ret:         59 } hitcount:          7
{ common_pid: mc-worker       [    127632], ret:         49 } hitcount:          7
{ common_pid: mc-worker       [    127633], ret:         54 } hitcount:          7
{ common_pid: mc-worker       [    127630], ret:         57 } hitcount:          7
{ common_pid: mc-worker       [    127630], ret:         51 } hitcount:          8
{ common_pid: mc-worker       [    127636], ret:         53 } hitcount:          8
{ common_pid: mc-worker       [    127629], ret:         52 } hitcount:          8
{ common_pid: mc-worker       [    127636], ret:         59 } hitcount:          8
{ common_pid: mc-worker       [    127632], ret:         56 } hitcount:          8
{ common_pid: mc-worker       [    127629], ret:         65 } hitcount:          8
{ common_pid: mc-worker       [    127630], ret:         62 } hitcount:          8
{ common_pid: mc-worker       [    127635], ret:         47 } hitcount:          8
{ common_pid: mc-worker       [    127633], ret:         66 } hitcount:          8
{ common_pid: mc-worker       [    127632], ret:         54 } hitcount:          8
{ common_pid: mc-worker       [    127633], ret:         59 } hitcount:          8
{ common_pid: mc-worker       [    127632], ret:         62 } hitcount:          8
{ common_pid: mc-worker       [    127635], ret:         60 } hitcount:          8
{ common_pid: mc-worker       [    127633], ret:         55 } hitcount:          8
{ common_pid: mc-worker       [    127630], ret:         54 } hitcount:          8
{ common_pid: mc-worker       [    127633], ret:         53 } hitcount:          8
{ common_pid: mc-worker       [    127633], ret:         50 } hitcount:          8
{ common_pid: mc-worker       [    127636], ret:         58 } hitcount:          9
{ common_pid: mc-worker       [    127629], ret:         59 } hitcount:          9
{ common_pid: mc-worker       [    127630], ret:         52 } hitcount:          9
{ common_pid: mc-worker       [    127636], ret:         57 } hitcount:          9
{ common_pid: mc-worker       [    127636], ret:         48 } hitcount:          9
{ common_pid: mc-worker       [    127633], ret:         51 } hitcount:          9
{ common_pid: mc-worker       [    127636], ret:         49 } hitcount:          9
{ common_pid: mc-worker       [    127630], ret:         66 } hitcount:          9
{ common_pid: mc-worker       [    127632], ret:         46 } hitcount:          9
{ common_pid: mc-worker       [    127633], ret:         49 } hitcount:          9
{ common_pid: mc-worker       [    127635], ret:         56 } hitcount:          9
{ common_pid: mc-worker       [    127629], ret:         67 } hitcount:          9
{ common_pid: mc-worker       [    127636], ret:         55 } hitcount:          9
{ common_pid: mc-worker       [    127630], ret:         65 } hitcount:          9
{ common_pid: mc-worker       [    127629], ret:         54 } hitcount:          9
{ common_pid: mc-worker       [    127630], ret:         63 } hitcount:         10
{ common_pid: mc-worker       [    127634], ret:         49 } hitcount:         10
{ common_pid: mc-worker       [    127633], ret:         63 } hitcount:         10
{ common_pid: mc-worker       [    127635], ret:         66 } hitcount:         10
{ common_pid: mc-worker       [    127630], ret:         64 } hitcount:         10
{ common_pid: mc-worker       [    127636], ret:         52 } hitcount:         10
{ common_pid: mc-worker       [    127631], ret:         59 } hitcount:         10
{ common_pid: mc-worker       [    127631], ret:         48 } hitcount:         10
{ common_pid: mc-worker       [    127634], ret:         64 } hitcount:         10
{ common_pid: mc-worker       [    127632], ret:         47 } hitcount:         10
{ common_pid: mc-worker       [    127629], ret:         50 } hitcount:         10
{ common_pid: mc-worker       [    127632], ret:         63 } hitcount:         10
{ common_pid: mc-worker       [    127635], ret:         55 } hitcount:         10
{ common_pid: mc-worker       [    127636], ret:         56 } hitcount:         10
{ common_pid: mc-worker       [    127631], ret:         62 } hitcount:         11
{ common_pid: mc-worker       [    127632], ret:         59 } hitcount:         11
{ common_pid: mc-worker       [    127632], ret:         58 } hitcount:         11
{ common_pid: mc-worker       [    127632], ret:         66 } hitcount:         11
{ common_pid: mc-worker       [    127636], ret:         46 } hitcount:         11
{ common_pid: mc-worker       [    127630], ret:         47 } hitcount:         11
{ common_pid: mc-worker       [    127632], ret:         55 } hitcount:         11
{ common_pid: mc-worker       [    127635], ret:         63 } hitcount:         11
{ common_pid: mc-worker       [    127634], ret:         54 } hitcount:         11
{ common_pid: mc-worker       [    127633], ret:         45 } hitcount:         11
{ common_pid: mc-worker       [    127632], ret:         64 } hitcount:         11
{ common_pid: mc-worker       [    127634], ret:         50 } hitcount:         11
{ common_pid: mc-worker       [    127635], ret:         51 } hitcount:         11
{ common_pid: mc-worker       [    127633], ret:         44 } hitcount:         11
{ common_pid: mc-worker       [    127635], ret:         61 } hitcount:         11
{ common_pid: mc-worker       [    127635], ret:         64 } hitcount:         12
{ common_pid: mc-worker       [    127634], ret:         52 } hitcount:         12
{ common_pid: mc-worker       [    127633], ret:         62 } hitcount:         12
{ common_pid: mc-worker       [    127633], ret:         46 } hitcount:         12
{ common_pid: mc-worker       [    127632], ret:         61 } hitcount:         12
{ common_pid: mc-worker       [    127636], ret:         63 } hitcount:         12
{ common_pid: mc-worker       [    127633], ret:         65 } hitcount:         12
{ common_pid: mc-worker       [    127630], ret:         48 } hitcount:         12
{ common_pid: mc-worker       [    127630], ret:         41 } hitcount:         12
{ common_pid: mc-worker       [    127630], ret:         55 } hitcount:         12
{ common_pid: mc-worker       [    127633], ret:         64 } hitcount:         12
{ common_pid: mc-worker       [    127632], ret:         45 } hitcount:         13
{ common_pid: mc-worker       [    127630], ret:         45 } hitcount:         13
{ common_pid: mc-worker       [    127635], ret:         45 } hitcount:         13
{ common_pid: mc-worker       [    127631], ret:         47 } hitcount:         13
{ common_pid: mc-worker       [    127634], ret:         58 } hitcount:         13
{ common_pid: mc-worker       [    127631], ret:         44 } hitcount:         13
{ common_pid: mc-worker       [    127635], ret:         62 } hitcount:         13
{ common_pid: mc-worker       [    127636], ret:         65 } hitcount:         13
{ common_pid: mc-worker       [    127635], ret:         65 } hitcount:         13
{ common_pid: mc-worker       [    127631], ret:         53 } hitcount:         13
{ common_pid: mc-worker       [    127629], ret:         66 } hitcount:         13
{ common_pid: mc-worker       [    127635], ret:         48 } hitcount:         13
{ common_pid: mc-worker       [    127636], ret:         64 } hitcount:         13
{ common_pid: mc-worker       [    127629], ret:         62 } hitcount:         13
{ common_pid: mc-worker       [    127635], ret:         57 } hitcount:         13
{ common_pid: mc-worker       [    127631], ret:         45 } hitcount:         13
{ common_pid: mc-worker       [    127629], ret:         60 } hitcount:         13
{ common_pid: mc-worker       [    127636], ret:         61 } hitcount:         13
{ common_pid: mc-worker       [    127634], ret:         65 } hitcount:         13
{ common_pid: mc-worker       [    127635], ret:         53 } hitcount:         13
{ common_pid: mc-worker       [    127629], ret:         42 } hitcount:         13
{ common_pid: mc-worker       [    127633], ret:         43 } hitcount:         13
{ common_pid: mc-worker       [    127629], ret:         47 } hitcount:         13
{ common_pid: mc-worker       [    127629], ret:         46 } hitcount:         13
{ common_pid: mc-worker       [    127629], ret:         64 } hitcount:         13
{ common_pid: mc-worker       [    127634], ret:         56 } hitcount:         13
{ common_pid: mc-worker       [    127629], ret:         49 } hitcount:         13
{ common_pid: mc-worker       [    127634], ret:         61 } hitcount:         13
{ common_pid: mc-worker       [    127634], ret:         46 } hitcount:         14
{ common_pid: mc-worker       [    127636], ret:         62 } hitcount:         14
{ common_pid: mc-worker       [    127631], ret:         56 } hitcount:         14
{ common_pid: mc-worker       [    127630], ret:         43 } hitcount:         14
{ common_pid: mc-worker       [    127632], ret:         48 } hitcount:         14
{ common_pid: mc-worker       [    127633], ret:         52 } hitcount:         14
{ common_pid: mc-worker       [    127631], ret:         50 } hitcount:         14
{ common_pid: mc-worker       [    127636], ret:         44 } hitcount:         14
{ common_pid: mc-worker       [    127631], ret:         51 } hitcount:         14
{ common_pid: mc-worker       [    127631], ret:         55 } hitcount:         14
{ common_pid: mc-worker       [    127634], ret:         42 } hitcount:         14
{ common_pid: mc-worker       [    127629], ret:         44 } hitcount:         14
{ common_pid: mc-worker       [    127635], ret:         49 } hitcount:         14
{ common_pid: mc-worker       [    127629], ret:         48 } hitcount:         15
{ common_pid: mc-worker       [    127632], ret:         52 } hitcount:         15
{ common_pid: mc-worker       [    127634], ret:         63 } hitcount:         15
{ common_pid: mc-worker       [    127633], ret:         48 } hitcount:         15
{ common_pid: mc-worker       [    127630], ret:         44 } hitcount:         15
{ common_pid: mc-worker       [    127629], ret:         63 } hitcount:         15
{ common_pid: mc-worker       [    127631], ret:         66 } hitcount:         16
{ common_pid: mc-worker       [    127634], ret:         57 } hitcount:         16
{ common_pid: mc-worker       [    127634], ret:         53 } hitcount:         16
{ common_pid: mc-worker       [    127631], ret:         52 } hitcount:         16
{ common_pid: mc-worker       [    127631], ret:         49 } hitcount:         16
{ common_pid: mc-worker       [    127635], ret:         42 } hitcount:         16
{ common_pid: mc-worker       [    127633], ret:         37 } hitcount:         16
{ common_pid: mc-worker       [    127635], ret:         58 } hitcount:         16
{ common_pid: mc-worker       [    127636], ret:         50 } hitcount:         16
{ common_pid: mc-worker       [    127631], ret:         42 } hitcount:         16
{ common_pid: mc-worker       [    127634], ret:         51 } hitcount:         16
{ common_pid: mc-worker       [    127631], ret:         54 } hitcount:         16
{ common_pid: mc-worker       [    127631], ret:         61 } hitcount:         16
{ common_pid: mc-worker       [    127632], ret:         50 } hitcount:         17
{ common_pid: mc-worker       [    127636], ret:         42 } hitcount:         17
{ common_pid: mc-worker       [    127629], ret:         45 } hitcount:         17
{ common_pid: mc-worker       [    127632], ret:         43 } hitcount:         17
{ common_pid: mc-worker       [    127634], ret:         43 } hitcount:         17
{ common_pid: mc-worker       [    127634], ret:         66 } hitcount:         17
{ common_pid: mc-worker       [    127631], ret:         64 } hitcount:         17
{ common_pid: mc-worker       [    127630], ret:         42 } hitcount:         17
{ common_pid: mc-worker       [    127632], ret:         53 } hitcount:         17
{ common_pid: mc-worker       [    127632], ret:         51 } hitcount:         17
{ common_pid: mc-worker       [    127635], ret:         41 } hitcount:         18
{ common_pid: mc-worker       [    127634], ret:         60 } hitcount:         18
{ common_pid: mc-worker       [    127633], ret:         42 } hitcount:         18
{ common_pid: mc-worker       [    127636], ret:         47 } hitcount:         19
{ common_pid: mc-worker       [    127634], ret:         44 } hitcount:         19
{ common_pid: mc-worker       [    127634], ret:         48 } hitcount:         19
{ common_pid: mc-worker       [    127632], ret:         39 } hitcount:         19
{ common_pid: mc-worker       [    127631], ret:         63 } hitcount:         19
{ common_pid: mc-worker       [    127634], ret:         45 } hitcount:         20
{ common_pid: mc-worker       [    127636], ret:         45 } hitcount:         20
{ common_pid: mc-worker       [    127631], ret:         40 } hitcount:         20
{ common_pid: mc-worker       [    127635], ret:         46 } hitcount:         20
{ common_pid: mc-worker       [    127634], ret:         47 } hitcount:         20
{ common_pid: mc-worker       [    127634], ret:         40 } hitcount:         20
{ common_pid: mc-worker       [    127635], ret:         43 } hitcount:         20
{ common_pid: mc-worker       [    127636], ret:         43 } hitcount:         20
{ common_pid: mc-worker       [    127633], ret:         41 } hitcount:         21
{ common_pid: mc-worker       [    127634], ret:         59 } hitcount:         21
{ common_pid: mc-worker       [    127632], ret:         42 } hitcount:         21
{ common_pid: mc-worker       [    127631], ret:         46 } hitcount:         21
{ common_pid: mc-worker       [    127633], ret:         40 } hitcount:         21
{ common_pid: mc-worker       [    127631], ret:         39 } hitcount:         21
{ common_pid: mc-worker       [    127635], ret:         40 } hitcount:         22
{ common_pid: mc-worker       [    127633], ret:         39 } hitcount:         22
{ common_pid: mc-worker       [    127631], ret:         65 } hitcount:         22
{ common_pid: mc-worker       [    127633], ret:         34 } hitcount:         22
{ common_pid: mc-worker       [    127629], ret:         43 } hitcount:         22
{ common_pid: mc-worker       [    127636], ret:         41 } hitcount:         22
{ common_pid: mc-worker       [    127630], ret:         40 } hitcount:         22
{ common_pid: mc-worker       [    127635], ret:         37 } hitcount:         23
{ common_pid: mc-worker       [    127630], ret:         37 } hitcount:         23
{ common_pid: mc-worker       [    127630], ret:         39 } hitcount:         23
{ common_pid: mc-worker       [    127636], ret:         38 } hitcount:         24
{ common_pid: mc-worker       [    127634], ret:         62 } hitcount:         24
{ common_pid: mc-worker       [    127633], ret:         36 } hitcount:         24
{ common_pid: mc-worker       [    127632], ret:         44 } hitcount:         24
{ common_pid: mc-worker       [    127632], ret:         40 } hitcount:         24
{ common_pid: mc-worker       [    127629], ret:         41 } hitcount:         25
{ common_pid: mc-worker       [    127631], ret:         43 } hitcount:         25
{ common_pid: mc-worker       [    127635], ret:         38 } hitcount:         26
{ common_pid: mc-worker       [    127630], ret:         32 } hitcount:         26
{ common_pid: mc-worker       [    127629], ret:         37 } hitcount:         26
{ common_pid: mc-worker       [    127631], ret:         41 } hitcount:         26
{ common_pid: mc-worker       [    127634], ret:         41 } hitcount:         27
{ common_pid: mc-worker       [    127630], ret:         38 } hitcount:         27
{ common_pid: mc-worker       [    127635], ret:         39 } hitcount:         27
{ common_pid: mc-worker       [    127629], ret:         40 } hitcount:         27
{ common_pid: mc-worker       [    127632], ret:         41 } hitcount:         27
{ common_pid: mc-worker       [    127630], ret:         35 } hitcount:         27
{ common_pid: mc-worker       [    127633], ret:         38 } hitcount:         27
{ common_pid: mc-worker       [    127629], ret:         38 } hitcount:         27
{ common_pid: mc-worker       [    127635], ret:         44 } hitcount:         28
{ common_pid: mc-worker       [    127634], ret:         39 } hitcount:         28
{ common_pid: mc-worker       [    127631], ret:         37 } hitcount:         29
{ common_pid: mc-worker       [    127634], ret:         38 } hitcount:         29
{ common_pid: mc-worker       [    127632], ret:         36 } hitcount:         30
{ common_pid: mc-worker       [    127636], ret:         39 } hitcount:         30
{ common_pid: mc-worker       [    127632], ret:         37 } hitcount:         30
{ common_pid: mc-worker       [    127629], ret:         39 } hitcount:         30
{ common_pid: mc-worker       [    127636], ret:         37 } hitcount:         30
{ common_pid: mc-worker       [    127633], ret:         32 } hitcount:         30
{ common_pid: mc-worker       [    127635], ret:         36 } hitcount:         30
{ common_pid: mc-worker       [    127631], ret:         38 } hitcount:         31
{ common_pid: mc-worker       [    127634], ret:         36 } hitcount:         31
{ common_pid: mc-worker       [    127630], ret:         34 } hitcount:         32
{ common_pid: mc-worker       [    127635], ret:         35 } hitcount:         32
{ common_pid: mc-worker       [    127636], ret:         40 } hitcount:         32
{ common_pid: mc-worker       [    127630], ret:         31 } hitcount:         33
{ common_pid: mc-worker       [    127633], ret:         35 } hitcount:         33
{ common_pid: mc-worker       [    127636], ret:         34 } hitcount:         33
{ common_pid: mc-worker       [    127634], ret:         34 } hitcount:         33
{ common_pid: mc-worker       [    127634], ret:         33 } hitcount:         33
{ common_pid: mc-worker       [    127636], ret:         35 } hitcount:         33
{ common_pid: mc-worker       [    127633], ret:         28 } hitcount:         34
{ common_pid: mc-worker       [    127633], ret:         31 } hitcount:         34
{ common_pid: mc-worker       [    127631], ret:         36 } hitcount:         34
{ common_pid: mc-worker       [    127630], ret:         36 } hitcount:         34
{ common_pid: mc-worker       [    127632], ret:         35 } hitcount:         35
{ common_pid: mc-worker       [    127636], ret:         33 } hitcount:         35
{ common_pid: mc-worker       [    127629], ret:         36 } hitcount:         35
{ common_pid: mc-worker       [    127633], ret:         33 } hitcount:         35
{ common_pid: mc-worker       [    127634], ret:         35 } hitcount:         36
{ common_pid: mc-worker       [    127629], ret:         34 } hitcount:         36
{ common_pid: mc-worker       [    127633], ret:         29 } hitcount:         36
{ common_pid: mc-worker       [    127629], ret:         28 } hitcount:         36
{ common_pid: mc-worker       [    127634], ret:         37 } hitcount:         37
{ common_pid: mc-worker       [    127631], ret:         31 } hitcount:         37
{ common_pid: mc-worker       [    127635], ret:         33 } hitcount:         37
{ common_pid: mc-worker       [    127631], ret:         33 } hitcount:         37
{ common_pid: mc-worker       [    127632], ret:         38 } hitcount:         37
{ common_pid: mc-worker       [    127630], ret:         30 } hitcount:         37
{ common_pid: mc-worker       [    127635], ret:         32 } hitcount:         37
{ common_pid: mc-worker       [    127629], ret:         35 } hitcount:         37
{ common_pid: mc-worker       [    127636], ret:         32 } hitcount:         38
{ common_pid: mc-worker       [    127636], ret:         30 } hitcount:         39
{ common_pid: mc-worker       [    127629], ret:         33 } hitcount:         39
{ common_pid: mc-worker       [    127630], ret:         33 } hitcount:         40
{ common_pid: mc-worker       [    127631], ret:         35 } hitcount:         41
{ common_pid: mc-worker       [    127635], ret:         31 } hitcount:         41
{ common_pid: mc-worker       [    127631], ret:         34 } hitcount:         41
{ common_pid: mc-worker       [    127631], ret:         30 } hitcount:         41
{ common_pid: mc-worker       [    127636], ret:         36 } hitcount:         42
{ common_pid: mc-worker       [    127632], ret:         33 } hitcount:         43
{ common_pid: mc-worker       [    127635], ret:         29 } hitcount:         44
{ common_pid: mc-worker       [    127635], ret:         34 } hitcount:         44
{ common_pid: mc-worker       [    127634], ret:         31 } hitcount:         44
{ common_pid: mc-worker       [    127636], ret:         31 } hitcount:         44
{ common_pid: mc-worker       [    127629], ret:         29 } hitcount:         45
{ common_pid: mc-worker       [    127629], ret:         30 } hitcount:         45
{ common_pid: mc-worker       [    127631], ret:         28 } hitcount:         46
{ common_pid: mc-worker       [    127632], ret:         32 } hitcount:         46
{ common_pid: mc-worker       [    127630], ret:         29 } hitcount:         46
{ common_pid: mc-worker       [    127632], ret:         30 } hitcount:         47
{ common_pid: mc-worker       [    127629], ret:         31 } hitcount:         49
{ common_pid: mc-worker       [    127632], ret:         31 } hitcount:         49
{ common_pid: mc-worker       [    127636], ret:         29 } hitcount:         50
{ common_pid: mc-worker       [    127633], ret:         30 } hitcount:         51
{ common_pid: mc-worker       [    127630], ret:         27 } hitcount:         52
{ common_pid: mc-worker       [    127633], ret:         25 } hitcount:         52
{ common_pid: mc-worker       [    127632], ret:         34 } hitcount:         53
{ common_pid: mc-worker       [    127632], ret:         29 } hitcount:         54
{ common_pid: mc-worker       [    127634], ret:         30 } hitcount:         54
{ common_pid: mc-worker       [    127634], ret:         29 } hitcount:         54
{ common_pid: mc-worker       [    127635], ret:         27 } hitcount:         55
{ common_pid: mc-worker       [    127635], ret:         28 } hitcount:         55
{ common_pid: mc-worker       [    127633], ret:         27 } hitcount:         56
{ common_pid: mc-worker       [    127632], ret:         27 } hitcount:         56
{ common_pid: mc-worker       [    127634], ret:         32 } hitcount:         56
{ common_pid: mc-worker       [    127629], ret:         32 } hitcount:         57
{ common_pid: mc-worker       [    127635], ret:         25 } hitcount:         57
{ common_pid: mc-worker       [    127635], ret:         30 } hitcount:         58
{ common_pid: mc-worker       [    127631], ret:         29 } hitcount:         58
{ common_pid: mc-worker       [    127636], ret:         27 } hitcount:         59
{ common_pid: mc-worker       [    127633], ret:         26 } hitcount:         59
{ common_pid: mc-worker       [    127631], ret:         32 } hitcount:         59
{ common_pid: mc-worker       [    127630], ret:         26 } hitcount:         60
{ common_pid: mc-worker       [    127630], ret:         28 } hitcount:         61
{ common_pid: mc-worker       [    127635], ret:         26 } hitcount:         61
{ common_pid: mc-worker       [    127633], ret:         23 } hitcount:         61
{ common_pid: mc-worker       [    127636], ret:         28 } hitcount:         62
{ common_pid: mc-worker       [    127634], ret:         27 } hitcount:         62
{ common_pid: mc-worker       [    127630], ret:         24 } hitcount:         62
{ common_pid: mc-worker       [    127630], ret:         25 } hitcount:         63
{ common_pid: mc-worker       [    127632], ret:         25 } hitcount:         64
{ common_pid: mc-worker       [    127636], ret:         26 } hitcount:         65
{ common_pid: mc-worker       [    127629], ret:         27 } hitcount:         65
{ common_pid: mc-worker       [    127631], ret:         26 } hitcount:         66
{ common_pid: mc-worker       [    127634], ret:         28 } hitcount:         67
{ common_pid: mc-worker       [    127632], ret:         28 } hitcount:         67
{ common_pid: mc-worker       [    127634], ret:         26 } hitcount:         68
{ common_pid: mc-worker       [    127635], ret:         24 } hitcount:         69
{ common_pid: mc-worker       [    127633], ret:         24 } hitcount:         70
{ common_pid: mc-worker       [    127633], ret:         22 } hitcount:         71
{ common_pid: mc-worker       [    127629], ret:         25 } hitcount:         72
{ common_pid: mc-worker       [    127632], ret:         26 } hitcount:         73
{ common_pid: mc-worker       [    127636], ret:         24 } hitcount:         75
{ common_pid: mc-worker       [    127631], ret:         27 } hitcount:         76
{ common_pid: mc-worker       [    127630], ret:         22 } hitcount:         76
{ common_pid: mc-worker       [    127629], ret:         26 } hitcount:         78
{ common_pid: mc-worker       [    127632], ret:         24 } hitcount:         78
{ common_pid: mc-worker       [    127636], ret:         25 } hitcount:         78
{ common_pid: mc-worker       [    127633], ret:         20 } hitcount:         79
{ common_pid: mc-worker       [    127631], ret:         24 } hitcount:         79
{ common_pid: mc-worker       [    127629], ret:         24 } hitcount:         80
{ common_pid: mc-worker       [    127629], ret:         22 } hitcount:         81
{ common_pid: mc-worker       [    127632], ret:         22 } hitcount:         82
{ common_pid: mc-worker       [    127631], ret:         25 } hitcount:         85
{ common_pid: mc-worker       [    127635], ret:         22 } hitcount:         85
{ common_pid: mc-worker       [    127633], ret:         21 } hitcount:         86
{ common_pid: mc-worker       [    127629], ret:         23 } hitcount:         86
{ common_pid: mc-worker       [    127632], ret:         23 } hitcount:         87
{ common_pid: mc-worker       [    127630], ret:         23 } hitcount:         87
{ common_pid: mc-worker       [    127631], ret:         22 } hitcount:         88
{ common_pid: mc-worker       [    127634], ret:         25 } hitcount:         90
{ common_pid: mc-worker       [    127632], ret:         21 } hitcount:         92
{ common_pid: mc-worker       [    127631], ret:         21 } hitcount:         96
{ common_pid: mc-worker       [    127631], ret:         23 } hitcount:         96
{ common_pid: mc-worker       [    127636], ret:         23 } hitcount:         97
{ common_pid: mc-worker       [    127634], ret:         23 } hitcount:         97
{ common_pid: mc-worker       [    127629], ret:         21 } hitcount:         98
{ common_pid: mc-worker       [    127634], ret:         24 } hitcount:        101
{ common_pid: mc-worker       [    127635], ret:         21 } hitcount:        102
{ common_pid: mc-worker       [    127635], ret:         23 } hitcount:        102
{ common_pid: mc-worker       [    127636], ret:         22 } hitcount:        108
{ common_pid: mc-worker       [    127635], ret:         20 } hitcount:        108
{ common_pid: mc-worker       [    127629], ret:         20 } hitcount:        109
{ common_pid: mc-worker       [    127630], ret:         20 } hitcount:        110
{ common_pid: mc-worker       [    127636], ret:         21 } hitcount:        112
{ common_pid: mc-worker       [    127632], ret:         20 } hitcount:        114
{ common_pid: mc-worker       [    127630], ret:         21 } hitcount:        115
{ common_pid: mc-worker       [    127629], ret:         18 } hitcount:        116
{ common_pid: mc-worker       [    127636], ret:         20 } hitcount:        118
{ common_pid: mc-worker       [    127635], ret:         19 } hitcount:        121
{ common_pid: mc-worker       [    127634], ret:         22 } hitcount:        122
{ common_pid: mc-worker       [    127634], ret:         20 } hitcount:        123
{ common_pid: mc-worker       [    127633], ret:         19 } hitcount:        126
{ common_pid: mc-worker       [    127630], ret:         18 } hitcount:        127
{ common_pid: mc-worker       [    127636], ret:         19 } hitcount:        129
{ common_pid: mc-worker       [    127630], ret:         19 } hitcount:        130
{ common_pid: mc-worker       [    127631], ret:         20 } hitcount:        132
{ common_pid: mc-worker       [    127632], ret:         19 } hitcount:        133
{ common_pid: mc-worker       [    127633], ret:         18 } hitcount:        137
{ common_pid: mc-worker       [    127629], ret:         19 } hitcount:        138
{ common_pid: mc-worker       [    127634], ret:         21 } hitcount:        139
{ common_pid: mc-worker       [    127634], ret:         19 } hitcount:        142
{ common_pid: mc-worker       [    127631], ret:         19 } hitcount:        144
{ common_pid: mc-worker       [    127636], ret:         18 } hitcount:        145
{ common_pid: mc-worker       [    127632], ret:         18 } hitcount:        148
{ common_pid: mc-worker       [    127631], ret:         18 } hitcount:        151
{ common_pid: mc-worker       [    127635], ret:         18 } hitcount:        152
{ common_pid: mc-worker       [    127634], ret:         18 } hitcount:        162
{ common_pid: mc-worker       [    127633], ret:         17 } hitcount:        164
{ common_pid: mc-worker       [    127629], ret:         17 } hitcount:        166
{ common_pid: mc-worker       [    127630], ret:         17 } hitcount:        173
{ common_pid: mc-worker       [    127632], ret:         17 } hitcount:        180
{ common_pid: mc-worker       [    127636], ret:         17 } hitcount:        186
{ common_pid: mc-worker       [    127635], ret:         17 } hitcount:        189
{ common_pid: mc-worker       [    127634], ret:         17 } hitcount:        198
{ common_pid: mc-worker       [    127635], ret:         16 } hitcount:        203
{ common_pid: mc-worker       [    127632], ret:         16 } hitcount:        214
{ common_pid: mc-worker       [    127631], ret:         17 } hitcount:        215
{ common_pid: mc-worker       [    127630], ret:         16 } hitcount:        220
{ common_pid: mc-worker       [    127629], ret:         16 } hitcount:        238
{ common_pid: mc-worker       [    127636], ret:         16 } hitcount:        263
{ common_pid: mc-worker       [    127634], ret:         16 } hitcount:        266
{ common_pid: mc-worker       [    127633], ret:         16 } hitcount:        270
{ common_pid: mc-worker       [    127631], ret:         16 } hitcount:        281
{ common_pid: mc-worker       [    127630], ret:         15 } hitcount:        306
{ common_pid: mc-worker       [    127629], ret:         15 } hitcount:        316
{ common_pid: mc-worker       [    127635], ret:         15 } hitcount:        342
{ common_pid: mc-worker       [    127632], ret:         15 } hitcount:        350
{ common_pid: mc-worker       [    127633], ret:         15 } hitcount:        395
{ common_pid: mc-worker       [    127634], ret:         15 } hitcount:        396
{ common_pid: mc-worker       [    127631], ret:         15 } hitcount:        410
{ common_pid: mc-worker       [    127636], ret:         15 } hitcount:        441
{ common_pid: mc-worker       [    127630], ret:         14 } hitcount:        486
{ common_pid: mc-worker       [    127629], ret:         14 } hitcount:        492
{ common_pid: mc-worker       [    127635], ret:         14 } hitcount:        514
{ common_pid: mc-worker       [    127632], ret:         14 } hitcount:        544
{ common_pid: mc-worker       [    127631], ret:         14 } hitcount:        604
{ common_pid: mc-worker       [    127634], ret:         14 } hitcount:        634
{ common_pid: mc-worker       [    127636], ret:         14 } hitcount:        634
{ common_pid: mc-worker       [    127633], ret:         14 } hitcount:        643
{ common_pid: mc-worker       [    127632], ret:         13 } hitcount:        783
{ common_pid: mc-worker       [    127630], ret:         13 } hitcount:        786
{ common_pid: mc-worker       [    127629], ret:         13 } hitcount:        812
{ common_pid: mc-worker       [    127635], ret:         13 } hitcount:        842
{ common_pid: mc-worker       [    127634], ret:         13 } hitcount:       1016
{ common_pid: mc-worker       [    127636], ret:         13 } hitcount:       1048
{ common_pid: mc-worker       [    127633], ret:         13 } hitcount:       1092
{ common_pid: mc-worker       [    127631], ret:         13 } hitcount:       1138
{ common_pid: mc-worker       [    127630], ret:         12 } hitcount:       1201
{ common_pid: mc-worker       [    127632], ret:         12 } hitcount:       1384
{ common_pid: mc-worker       [    127629], ret:         12 } hitcount:       1396
{ common_pid: mc-worker       [    127635], ret:         12 } hitcount:       1411
{ common_pid: mc-worker       [    127634], ret:         12 } hitcount:       1624
{ common_pid: mc-worker       [    127631], ret:         12 } hitcount:       1776
{ common_pid: mc-worker       [    127633], ret:         12 } hitcount:       1846
{ common_pid: mc-worker       [    127636], ret:         12 } hitcount:       1890
{ common_pid: mc-worker       [    127630], ret:         11 } hitcount:       2109
{ common_pid: mc-worker       [    127629], ret:         11 } hitcount:       2263
{ common_pid: mc-worker       [    127635], ret:         11 } hitcount:       2324
{ common_pid: mc-worker       [    127632], ret:         11 } hitcount:       2349
{ common_pid: mc-worker       [    127634], ret:         11 } hitcount:       2746
{ common_pid: mc-worker       [    127631], ret:         11 } hitcount:       2911
{ common_pid: mc-worker       [    127633], ret:         11 } hitcount:       2922
{ common_pid: mc-worker       [    127636], ret:         11 } hitcount:       2961
{ common_pid: mc-worker       [    127630], ret:         10 } hitcount:       3594
{ common_pid: mc-worker       [    127629], ret:         10 } hitcount:       3629
{ common_pid: mc-worker       [    127635], ret:         10 } hitcount:       3864
{ common_pid: mc-worker       [    127632], ret:         10 } hitcount:       3865
{ common_pid: mc-worker       [    127634], ret:         10 } hitcount:       4344
{ common_pid: mc-worker       [    127631], ret:         10 } hitcount:       4509
{ common_pid: mc-worker       [    127636], ret:         10 } hitcount:       4556
{ common_pid: mc-worker       [    127633], ret:         10 } hitcount:       4579
{ common_pid: mc-worker       [    127630], ret:          9 } hitcount:       5528
{ common_pid: mc-worker       [    127629], ret:          9 } hitcount:       5824
{ common_pid: mc-worker       [    127632], ret:          9 } hitcount:       6224
{ common_pid: mc-worker       [    127635], ret:          9 } hitcount:       6236
{ common_pid: mc-worker       [    127631], ret:          9 } hitcount:       6720
{ common_pid: mc-worker       [    127634], ret:          9 } hitcount:       6841
{ common_pid: mc-worker       [    127636], ret:          9 } hitcount:       7155
{ common_pid: mc-worker       [    127633], ret:          9 } hitcount:       7219
{ common_pid: mc-worker       [    127629], ret:          8 } hitcount:       8908
{ common_pid: mc-worker       [    127630], ret:          8 } hitcount:       9094
{ common_pid: mc-worker       [    127632], ret:          8 } hitcount:       9278
{ common_pid: mc-worker       [    127635], ret:          8 } hitcount:       9475
{ common_pid: mc-worker       [    127634], ret:          8 } hitcount:      10066
{ common_pid: mc-worker       [    127636], ret:          8 } hitcount:      10299
{ common_pid: mc-worker       [    127631], ret:          8 } hitcount:      10378
{ common_pid: mc-worker       [    127633], ret:          8 } hitcount:      10708
{ common_pid: mc-worker       [    127629], ret:          7 } hitcount:      13374
{ common_pid: mc-worker       [    127630], ret:          7 } hitcount:      13435
{ common_pid: mc-worker       [    127635], ret:          7 } hitcount:      13774
{ common_pid: mc-worker       [    127632], ret:          7 } hitcount:      13910
{ common_pid: mc-worker       [    127634], ret:          7 } hitcount:      14524
{ common_pid: mc-worker       [    127631], ret:          7 } hitcount:      14765
{ common_pid: mc-worker       [    127636], ret:          7 } hitcount:      15038
{ common_pid: mc-worker       [    127633], ret:          7 } hitcount:      15137
{ common_pid: mc-worker       [    127629], ret:          6 } hitcount:      19245
{ common_pid: mc-worker       [    127630], ret:          6 } hitcount:      19440
{ common_pid: mc-worker       [    127635], ret:          6 } hitcount:      19651
{ common_pid: mc-worker       [    127632], ret:          6 } hitcount:      19807
{ common_pid: mc-worker       [    127631], ret:          6 } hitcount:      20293
{ common_pid: mc-worker       [    127634], ret:          6 } hitcount:      20445
{ common_pid: mc-worker       [    127636], ret:          6 } hitcount:      20775
{ common_pid: mc-worker       [    127633], ret:          6 } hitcount:      21590
{ common_pid: mc-worker       [    127632], ret:          5 } hitcount:      28559
{ common_pid: mc-worker       [    127630], ret:          5 } hitcount:      28690
{ common_pid: mc-worker       [    127635], ret:          5 } hitcount:      28934
{ common_pid: mc-worker       [    127634], ret:          5 } hitcount:      28963
{ common_pid: mc-worker       [    127636], ret:          5 } hitcount:      29284
{ common_pid: mc-worker       [    127629], ret:          5 } hitcount:      29290
{ common_pid: mc-worker       [    127631], ret:          5 } hitcount:      29343
{ common_pid: mc-worker       [    127633], ret:          5 } hitcount:      30822
{ common_pid: mc-worker       [    127636], ret:          4 } hitcount:      48484
{ common_pid: mc-worker       [    127631], ret:          4 } hitcount:      49256
{ common_pid: mc-worker       [    127632], ret:          4 } hitcount:      49479
{ common_pid: mc-worker       [    127634], ret:          4 } hitcount:      49510
{ common_pid: mc-worker       [    127630], ret:          4 } hitcount:      49834
{ common_pid: mc-worker       [    127635], ret:          4 } hitcount:      50512
{ common_pid: mc-worker       [    127629], ret:          4 } hitcount:      51767
{ common_pid: mc-worker       [    127633], ret:          4 } hitcount:      53041
{ common_pid: mc-worker       [    127632], ret:          3 } hitcount:      88347
{ common_pid: mc-worker       [    127636], ret:          3 } hitcount:      88984
{ common_pid: mc-worker       [    127635], ret:          3 } hitcount:      89029
{ common_pid: mc-worker       [    127631], ret:          3 } hitcount:      89813
{ common_pid: mc-worker       [    127634], ret:          3 } hitcount:      90071
{ common_pid: mc-worker       [    127630], ret:          3 } hitcount:      91358
{ common_pid: mc-worker       [    127629], ret:          3 } hitcount:      91731
{ common_pid: mc-worker       [    127633], ret:          3 } hitcount:      96155
{ common_pid: mc-worker       [    127632], ret:          1 } hitcount:      99711
{ common_pid: mc-worker       [    127635], ret:          1 } hitcount:     103777
{ common_pid: mc-worker       [    127634], ret:          1 } hitcount:     104039
{ common_pid: mc-worker       [    127636], ret:          1 } hitcount:     104778
{ common_pid: mc-worker       [    127633], ret:          1 } hitcount:     107586
{ common_pid: mc-worker       [    127631], ret:          1 } hitcount:     108693
{ common_pid: mc-worker       [    127629], ret:          1 } hitcount:     108728
{ common_pid: mc-worker       [    127630], ret:          1 } hitcount:     110315
{ common_pid: mc-worker       [    127632], ret:          2 } hitcount:     116430
{ common_pid: mc-worker       [    127635], ret:          2 } hitcount:     117206
{ common_pid: mc-worker       [    127636], ret:          2 } hitcount:     120977
{ common_pid: mc-worker       [    127634], ret:          2 } hitcount:     121980
{ common_pid: mc-worker       [    127629], ret:          2 } hitcount:     122041
{ common_pid: mc-worker       [    127631], ret:          2 } hitcount:     122613
{ common_pid: mc-worker       [    127630], ret:          2 } hitcount:     126480
{ common_pid: mc-worker       [    127633], ret:          2 } hitcount:     127125
