{ common_pid: mc-worker       [    419314], ret:         44 } hitcount:          1
{ common_pid: mc-worker       [    419308], ret:        256 } hitcount:          1
{ common_pid: mc-worker       [    419313], ret:         45 } hitcount:          1
{ common_pid: mc-worker       [    419308], ret:         45 } hitcount:          1
{ common_pid: mc-worker       [    419312], ret:         58 } hitcount:          1
{ common_pid: mc-worker       [    419311], ret:         56 } hitcount:          1
{ common_pid: mc-worker       [    419310], ret:         57 } hitcount:          1
{ common_pid: mc-worker       [    419309], ret:         47 } hitcount:          1
{ common_pid: mc-worker       [    419311], ret:         98 } hitcount:          1
{ common_pid: mc-worker       [    419310], ret:         42 } hitcount:          1
{ common_pid: mc-worker       [    419312], ret:         45 } hitcount:          1
{ common_pid: mc-worker       [    419310], ret:        100 } hitcount:          1
{ common_pid: mc-worker       [    419309], ret:         44 } hitcount:          1
{ common_pid: mc-worker       [    419307], ret:        127 } hitcount:          1
{ common_pid: mc-worker       [    419307], ret:        109 } hitcount:          1
{ common_pid: mc-worker       [    419314], ret:        128 } hitcount:          1
{ common_pid: mc-worker       [    419311], ret:        126 } hitcount:          1
{ common_pid: mc-worker       [    419312], ret:         78 } hitcount:          1
{ common_pid: mc-worker       [    419314], ret:        109 } hitcount:          1
{ common_pid: mc-worker       [    419312], ret:        111 } hitcount:          1
{ common_pid: mc-worker       [    419312], ret:        118 } hitcount:          1
{ common_pid: mc-worker       [    419310], ret:         68 } hitcount:          1
{ common_pid: mc-worker       [    419312], ret:         42 } hitcount:          1
{ common_pid: mc-worker       [    419311], ret:         42 } hitcount:          1
{ common_pid: mc-worker       [    419314], ret:        115 } hitcount:          1
{ common_pid: mc-worker       [    419309], ret:        256 } hitcount:          1
{ common_pid: mc-worker       [    419310], ret:        128 } hitcount:          1
{ common_pid: mc-worker       [    419313], ret:        121 } hitcount:          1
{ common_pid: mc-worker       [    419313], ret:        115 } hitcount:          1
{ common_pid: mc-worker       [    419314], ret:        105 } hitcount:          1
{ common_pid: mc-worker       [    419314], ret:         55 } hitcount:          1
{ common_pid: mc-worker       [    419309], ret:        128 } hitcount:          1
{ common_pid: mc-worker       [    419312], ret:        128 } hitcount:          1
{ common_pid: mc-worker       [    419310], ret:        123 } hitcount:          1
{ common_pid: mc-worker       [    419313], ret:        126 } hitcount:          1
{ common_pid: mc-worker       [    419314], ret:         42 } hitcount:          1
{ common_pid: mc-worker       [    419312], ret:         48 } hitcount:          1
{ common_pid: mc-worker       [    419313], ret:         86 } hitcount:          1
{ common_pid: mc-worker       [    419312], ret:         59 } hitcount:          1
{ common_pid: mc-worker       [    419307], ret:         55 } hitcount:          1
{ common_pid: mc-worker       [    419313], ret:         39 } hitcount:          1
{ common_pid: mc-worker       [    419314], ret:         46 } hitcount:          1
{ common_pid: mc-worker       [    419314], ret:         49 } hitcount:          1
{ common_pid: mc-worker       [    419311], ret:        109 } hitcount:          1
{ common_pid: mc-worker       [    419310], ret:         65 } hitcount:          1
{ common_pid: mc-worker       [    419307], ret:         54 } hitcount:          1
{ common_pid: mc-worker       [    419310], ret:         40 } hitcount:          1
{ common_pid: mc-worker       [    419309], ret:         38 } hitcount:          1
{ common_pid: mc-worker       [    419311], ret:         48 } hitcount:          1
{ common_pid: mc-worker       [    419312], ret:         57 } hitcount:          1
{ common_pid: mc-worker       [    419307], ret:         96 } hitcount:          1
{ common_pid: mc-worker       [    419310], ret:        107 } hitcount:          1
{ common_pid: mc-worker       [    419311], ret:         38 } hitcount:          1
{ common_pid: mc-worker       [    419312], ret:         52 } hitcount:          1
{ common_pid: mc-worker       [    419312], ret:        101 } hitcount:          1
{ common_pid: mc-worker       [    419309], ret:        143 } hitcount:          1
{ common_pid: mc-worker       [    419314], ret:         38 } hitcount:          1
{ common_pid: mc-worker       [    419310], ret:         43 } hitcount:          1
{ common_pid: mc-worker       [    419313], ret:         38 } hitcount:          1
{ common_pid: mc-worker       [    419312], ret:         40 } hitcount:          1
{ common_pid: mc-worker       [    419308], ret:        280 } hitcount:          1
{ common_pid: mc-worker       [    419307], ret:        124 } hitcount:          1
{ common_pid: mc-worker       [    419311], ret:        127 } hitcount:          1
{ common_pid: mc-worker       [    419313], ret:         59 } hitcount:          1
{ common_pid: mc-worker       [    419309], ret:         37 } hitcount:          2
{ common_pid: mc-worker       [    419310], ret:         39 } hitcount:          2
{ common_pid: mc-worker       [    419311], ret:         37 } hitcount:          2
{ common_pid: mc-worker       [    419308], ret:         41 } hitcount:          2
{ common_pid: mc-worker       [    419312], ret:         38 } hitcount:          2
{ common_pid: mc-worker       [    419307], ret:         41 } hitcount:          2
{ common_pid: mc-worker       [    419314], ret:         37 } hitcount:          2
{ common_pid: mc-worker       [    419308], ret:         39 } hitcount:          2
{ common_pid: mc-worker       [    419310], ret:         48 } hitcount:          2
{ common_pid: mc-worker       [    419309], ret:         41 } hitcount:          2
{ common_pid: mc-worker       [    419312], ret:         39 } hitcount:          2
{ common_pid: mc-worker       [    419307], ret:         42 } hitcount:          2
{ common_pid: mc-worker       [    419313], ret:         34 } hitcount:          3
{ common_pid: mc-worker       [    419310], ret:         38 } hitcount:          3
{ common_pid: mc-worker       [    419307], ret:         38 } hitcount:          3
{ common_pid: mc-worker       [    419313], ret:         36 } hitcount:          3
{ common_pid: mc-worker       [    419314], ret:         39 } hitcount:          3
{ common_pid: mc-worker       [    419308], ret:         38 } hitcount:          4
{ common_pid: mc-worker       [    419307], ret:         39 } hitcount:          4
{ common_pid: mc-worker       [    419308], ret:         37 } hitcount:          4
{ common_pid: mc-worker       [    419307], ret:         40 } hitcount:          4
{ common_pid: mc-worker       [    419307], ret:         37 } hitcount:          5
{ common_pid: mc-worker       [    419313], ret:         37 } hitcount:          5
{ common_pid: mc-worker       [    419309], ret:         36 } hitcount:          5
{ common_pid: mc-worker       [    419314], ret:         36 } hitcount:          6
{ common_pid: mc-worker       [    419308], ret:         36 } hitcount:          6
{ common_pid: mc-worker       [    419312], ret:         37 } hitcount:          6
{ common_pid: mc-worker       [    419311], ret:         36 } hitcount:          6
{ common_pid: mc-worker       [    419310], ret:         37 } hitcount:          7
{ common_pid: mc-worker       [    419307], ret:         36 } hitcount:          8
{ common_pid: mc-worker       [    419311], ret:         35 } hitcount:          9
{ common_pid: mc-worker       [    419310], ret:         36 } hitcount:          9
{ common_pid: mc-worker       [    419314], ret:         35 } hitcount:          9
{ common_pid: mc-worker       [    419314], ret:         34 } hitcount:         10
{ common_pid: mc-worker       [    419313], ret:         35 } hitcount:         10
{ common_pid: mc-worker       [    419309], ret:         34 } hitcount:         11
{ common_pid: mc-worker       [    419313], ret:         33 } hitcount:         12
{ common_pid: mc-worker       [    419308], ret:         35 } hitcount:         12
{ common_pid: mc-worker       [    419309], ret:         35 } hitcount:         12
{ common_pid: mc-worker       [    419311], ret:         34 } hitcount:         13
{ common_pid: mc-worker       [    419308], ret:         34 } hitcount:         14
{ common_pid: mc-worker       [    419312], ret:         36 } hitcount:         17
{ common_pid: mc-worker       [    419310], ret:         35 } hitcount:         18
{ common_pid: mc-worker       [    419309], ret:         33 } hitcount:         19
{ common_pid: mc-worker       [    419312], ret:         35 } hitcount:         22
{ common_pid: mc-worker       [    419307], ret:         35 } hitcount:         22
{ common_pid: mc-worker       [    419313], ret:         32 } hitcount:         29
{ common_pid: mc-worker       [    419314], ret:         33 } hitcount:         31
{ common_pid: mc-worker       [    419307], ret:         34 } hitcount:         32
{ common_pid: mc-worker       [    419311], ret:         32 } hitcount:         33
{ common_pid: mc-worker       [    419311], ret:         33 } hitcount:         33
{ common_pid: mc-worker       [    419310], ret:         34 } hitcount:         34
{ common_pid: mc-worker       [    419308], ret:         33 } hitcount:         38
{ common_pid: mc-worker       [    419312], ret:         34 } hitcount:         39
{ common_pid: mc-worker       [    419309], ret:         32 } hitcount:         42
{ common_pid: mc-worker       [    419314], ret:         32 } hitcount:         45
{ common_pid: mc-worker       [    419307], ret:         33 } hitcount:         45
{ common_pid: mc-worker       [    419310], ret:         33 } hitcount:         48
{ common_pid: mc-worker       [    419312], ret:         33 } hitcount:         50
{ common_pid: mc-worker       [    419308], ret:         32 } hitcount:         54
{ common_pid: mc-worker       [    419313], ret:         31 } hitcount:         58
{ common_pid: mc-worker       [    419309], ret:         31 } hitcount:         66
{ common_pid: mc-worker       [    419314], ret:         31 } hitcount:         69
{ common_pid: mc-worker       [    419310], ret:         32 } hitcount:         78
{ common_pid: mc-worker       [    419307], ret:         32 } hitcount:         87
{ common_pid: mc-worker       [    419313], ret:         30 } hitcount:         89
{ common_pid: mc-worker       [    419311], ret:         31 } hitcount:         89
{ common_pid: mc-worker       [    419308], ret:         31 } hitcount:         92
{ common_pid: mc-worker       [    419312], ret:         32 } hitcount:        102
{ common_pid: mc-worker       [    419309], ret:         30 } hitcount:        109
{ common_pid: mc-worker       [    419312], ret:         31 } hitcount:        128
{ common_pid: mc-worker       [    419310], ret:         31 } hitcount:        129
{ common_pid: mc-worker       [    419314], ret:         30 } hitcount:        136
{ common_pid: mc-worker       [    419311], ret:         30 } hitcount:        143
{ common_pid: mc-worker       [    419313], ret:         29 } hitcount:        147
{ common_pid: mc-worker       [    419307], ret:         31 } hitcount:        152
{ common_pid: mc-worker       [    419308], ret:         30 } hitcount:        171
{ common_pid: mc-worker       [    419309], ret:         29 } hitcount:        196
{ common_pid: mc-worker       [    419313], ret:         28 } hitcount:        220
{ common_pid: mc-worker       [    419311], ret:         29 } hitcount:        225
{ common_pid: mc-worker       [    419312], ret:         30 } hitcount:        236
{ common_pid: mc-worker       [    419307], ret:         30 } hitcount:        237
{ common_pid: mc-worker       [    419314], ret:         29 } hitcount:        247
{ common_pid: mc-worker       [    419308], ret:         29 } hitcount:        251
{ common_pid: mc-worker       [    419310], ret:         30 } hitcount:        263
{ common_pid: mc-worker       [    419309], ret:         28 } hitcount:        286
{ common_pid: mc-worker       [    419314], ret:         28 } hitcount:        362
{ common_pid: mc-worker       [    419310], ret:         29 } hitcount:        363
{ common_pid: mc-worker       [    419307], ret:         29 } hitcount:        365
{ common_pid: mc-worker       [    419311], ret:         28 } hitcount:        365
{ common_pid: mc-worker       [    419312], ret:         29 } hitcount:        387
{ common_pid: mc-worker       [    419313], ret:         27 } hitcount:        409
{ common_pid: mc-worker       [    419308], ret:         28 } hitcount:        415
{ common_pid: mc-worker       [    419309], ret:         27 } hitcount:        430
{ common_pid: mc-worker       [    419310], ret:         28 } hitcount:        535
{ common_pid: mc-worker       [    419314], ret:         27 } hitcount:        578
{ common_pid: mc-worker       [    419313], ret:         26 } hitcount:        586
{ common_pid: mc-worker       [    419308], ret:         27 } hitcount:        588
{ common_pid: mc-worker       [    419311], ret:         27 } hitcount:        605
{ common_pid: mc-worker       [    419307], ret:         28 } hitcount:        607
{ common_pid: mc-worker       [    419312], ret:         28 } hitcount:        629
{ common_pid: mc-worker       [    419309], ret:         26 } hitcount:        731
{ common_pid: mc-worker       [    419314], ret:         26 } hitcount:        796
{ common_pid: mc-worker       [    419312], ret:         27 } hitcount:        800
{ common_pid: mc-worker       [    419310], ret:         27 } hitcount:        808
{ common_pid: mc-worker       [    419307], ret:         27 } hitcount:        832
{ common_pid: mc-worker       [    419311], ret:         26 } hitcount:        842
{ common_pid: mc-worker       [    419308], ret:         26 } hitcount:        844
{ common_pid: mc-worker       [    419313], ret:         25 } hitcount:        858
{ common_pid: mc-worker       [    419309], ret:         25 } hitcount:       1058
{ common_pid: mc-worker       [    419314], ret:         25 } hitcount:       1155
{ common_pid: mc-worker       [    419307], ret:         26 } hitcount:       1172
{ common_pid: mc-worker       [    419310], ret:         26 } hitcount:       1186
{ common_pid: mc-worker       [    419312], ret:         26 } hitcount:       1194
{ common_pid: mc-worker       [    419311], ret:         25 } hitcount:       1213
{ common_pid: mc-worker       [    419308], ret:         25 } hitcount:       1264
{ common_pid: mc-worker       [    419313], ret:         24 } hitcount:       1296
{ common_pid: mc-worker       [    419314], ret:         24 } hitcount:       1546
{ common_pid: mc-worker       [    419309], ret:         24 } hitcount:       1556
{ common_pid: mc-worker       [    419310], ret:         25 } hitcount:       1641
{ common_pid: mc-worker       [    419312], ret:         25 } hitcount:       1671
{ common_pid: mc-worker       [    419307], ret:         25 } hitcount:       1687
{ common_pid: mc-worker       [    419308], ret:         24 } hitcount:       1756
{ common_pid: mc-worker       [    419311], ret:         24 } hitcount:       1759
{ common_pid: mc-worker       [    419313], ret:         23 } hitcount:       1805
{ common_pid: mc-worker       [    419310], ret:         24 } hitcount:       2175
{ common_pid: mc-worker       [    419309], ret:         23 } hitcount:       2187
{ common_pid: mc-worker       [    419307], ret:         24 } hitcount:       2241
{ common_pid: mc-worker       [    419312], ret:         24 } hitcount:       2251
{ common_pid: mc-worker       [    419314], ret:         23 } hitcount:       2356
{ common_pid: mc-worker       [    419311], ret:         23 } hitcount:       2407
{ common_pid: mc-worker       [    419308], ret:         23 } hitcount:       2424
{ common_pid: mc-worker       [    419313], ret:         22 } hitcount:       2673
{ common_pid: mc-worker       [    419310], ret:         23 } hitcount:       2908
{ common_pid: mc-worker       [    419309], ret:         22 } hitcount:       2971
{ common_pid: mc-worker       [    419307], ret:         23 } hitcount:       3010
{ common_pid: mc-worker       [    419312], ret:         23 } hitcount:       3025
{ common_pid: mc-worker       [    419314], ret:         22 } hitcount:       3090
{ common_pid: mc-worker       [    419311], ret:         22 } hitcount:       3117
{ common_pid: mc-worker       [    419308], ret:         22 } hitcount:       3190
{ common_pid: mc-worker       [    419313], ret:         21 } hitcount:       3498
{ common_pid: mc-worker       [    419307], ret:         22 } hitcount:       3795
{ common_pid: mc-worker       [    419310], ret:         22 } hitcount:       3806
{ common_pid: mc-worker       [    419309], ret:         21 } hitcount:       3877
{ common_pid: mc-worker       [    419312], ret:         22 } hitcount:       3887
{ common_pid: mc-worker       [    419314], ret:         21 } hitcount:       4101
{ common_pid: mc-worker       [    419311], ret:         21 } hitcount:       4250
{ common_pid: mc-worker       [    419308], ret:         21 } hitcount:       4291
{ common_pid: mc-worker       [    419313], ret:         20 } hitcount:       4399
{ common_pid: mc-worker       [    419307], ret:         21 } hitcount:       4671
{ common_pid: mc-worker       [    419310], ret:         21 } hitcount:       4716
{ common_pid: mc-worker       [    419312], ret:         21 } hitcount:       4884
{ common_pid: mc-worker       [    419314], ret:         20 } hitcount:       4903
{ common_pid: mc-worker       [    419308], ret:         20 } hitcount:       4986
{ common_pid: mc-worker       [    419309], ret:         20 } hitcount:       5008
{ common_pid: mc-worker       [    419311], ret:         20 } hitcount:       5082
{ common_pid: mc-worker       [    419313], ret:         19 } hitcount:       5455
{ common_pid: mc-worker       [    419310], ret:         20 } hitcount:       5545
{ common_pid: mc-worker       [    419312], ret:         20 } hitcount:       5566
{ common_pid: mc-worker       [    419307], ret:         20 } hitcount:       5588
{ common_pid: mc-worker       [    419314], ret:         19 } hitcount:       5717
{ common_pid: mc-worker       [    419308], ret:         19 } hitcount:       5796
{ common_pid: mc-worker       [    419309], ret:         19 } hitcount:       5820
{ common_pid: mc-worker       [    419311], ret:         19 } hitcount:       5934
{ common_pid: mc-worker       [    419312], ret:         19 } hitcount:       6142
{ common_pid: mc-worker       [    419307], ret:         19 } hitcount:       6198
{ common_pid: mc-worker       [    419310], ret:         19 } hitcount:       6229
{ common_pid: mc-worker       [    419313], ret:         18 } hitcount:       6238
{ common_pid: mc-worker       [    419309], ret:         18 } hitcount:       6393
{ common_pid: mc-worker       [    419312], ret:         18 } hitcount:       6488
{ common_pid: mc-worker       [    419308], ret:         18 } hitcount:       6535
{ common_pid: mc-worker       [    419312], ret:         12 } hitcount:       6547
{ common_pid: mc-worker       [    419307], ret:         18 } hitcount:       6551
{ common_pid: mc-worker       [    419314], ret:         18 } hitcount:       6552
{ common_pid: mc-worker       [    419307], ret:         11 } hitcount:       6559
{ common_pid: mc-worker       [    419312], ret:         13 } hitcount:       6565
{ common_pid: mc-worker       [    419311], ret:         11 } hitcount:       6571
{ common_pid: mc-worker       [    419310], ret:         12 } hitcount:       6621
{ common_pid: mc-worker       [    419307], ret:         13 } hitcount:       6621
{ common_pid: mc-worker       [    419307], ret:         12 } hitcount:       6627
{ common_pid: mc-worker       [    419310], ret:         13 } hitcount:       6639
{ common_pid: mc-worker       [    419311], ret:         18 } hitcount:       6649
{ common_pid: mc-worker       [    419309], ret:         11 } hitcount:       6669
{ common_pid: mc-worker       [    419311], ret:         12 } hitcount:       6692
{ common_pid: mc-worker       [    419312], ret:         17 } hitcount:       6729
{ common_pid: mc-worker       [    419312], ret:         11 } hitcount:       6739
{ common_pid: mc-worker       [    419310], ret:         18 } hitcount:       6740
{ common_pid: mc-worker       [    419308], ret:         12 } hitcount:       6742
{ common_pid: mc-worker       [    419310], ret:         11 } hitcount:       6795
{ common_pid: mc-worker       [    419312], ret:         14 } hitcount:       6830
{ common_pid: mc-worker       [    419314], ret:         11 } hitcount:       6845
{ common_pid: mc-worker       [    419310], ret:         17 } hitcount:       6846
{ common_pid: mc-worker       [    419310], ret:         14 } hitcount:       6862
{ common_pid: mc-worker       [    419308], ret:         11 } hitcount:       6872
{ common_pid: mc-worker       [    419307], ret:         17 } hitcount:       6884
{ common_pid: mc-worker       [    419314], ret:         12 } hitcount:       6909
{ common_pid: mc-worker       [    419311], ret:         10 } hitcount:       6922
{ common_pid: mc-worker       [    419309], ret:         10 } hitcount:       6928
{ common_pid: mc-worker       [    419312], ret:         16 } hitcount:       7022
{ common_pid: mc-worker       [    419307], ret:         14 } hitcount:       7022
{ common_pid: mc-worker       [    419313], ret:         11 } hitcount:       7036
{ common_pid: mc-worker       [    419310], ret:         16 } hitcount:       7063
{ common_pid: mc-worker       [    419309], ret:         12 } hitcount:       7076
{ common_pid: mc-worker       [    419312], ret:         15 } hitcount:       7083
{ common_pid: mc-worker       [    419314], ret:         10 } hitcount:       7088
{ common_pid: mc-worker       [    419308], ret:         13 } hitcount:       7097
{ common_pid: mc-worker       [    419308], ret:         17 } hitcount:       7110
{ common_pid: mc-worker       [    419311], ret:         13 } hitcount:       7115
{ common_pid: mc-worker       [    419311], ret:         17 } hitcount:       7120
{ common_pid: mc-worker       [    419313], ret:         17 } hitcount:       7131
{ common_pid: mc-worker       [    419314], ret:         17 } hitcount:       7132
{ common_pid: mc-worker       [    419313], ret:         10 } hitcount:       7153
{ common_pid: mc-worker       [    419309], ret:         17 } hitcount:       7184
{ common_pid: mc-worker       [    419307], ret:         16 } hitcount:       7187
{ common_pid: mc-worker       [    419310], ret:         15 } hitcount:       7220
{ common_pid: mc-worker       [    419314], ret:         13 } hitcount:       7264
{ common_pid: mc-worker       [    419307], ret:         15 } hitcount:       7264
{ common_pid: mc-worker       [    419308], ret:         10 } hitcount:       7308
{ common_pid: mc-worker       [    419313], ret:         12 } hitcount:       7317
{ common_pid: mc-worker       [    419307], ret:         10 } hitcount:       7365
{ common_pid: mc-worker       [    419308], ret:         16 } hitcount:       7385
{ common_pid: mc-worker       [    419310], ret:         10 } hitcount:       7386
{ common_pid: mc-worker       [    419311], ret:         14 } hitcount:       7424
{ common_pid: mc-worker       [    419309], ret:         13 } hitcount:       7449
{ common_pid: mc-worker       [    419308], ret:         14 } hitcount:       7474
{ common_pid: mc-worker       [    419311], ret:         16 } hitcount:       7543
{ common_pid: mc-worker       [    419314], ret:         16 } hitcount:       7593
{ common_pid: mc-worker       [    419312], ret:         10 } hitcount:       7595
{ common_pid: mc-worker       [    419309], ret:          9 } hitcount:       7606
{ common_pid: mc-worker       [    419314], ret:         14 } hitcount:       7652
{ common_pid: mc-worker       [    419314], ret:         15 } hitcount:       7677
{ common_pid: mc-worker       [    419311], ret:          9 } hitcount:       7702
{ common_pid: mc-worker       [    419308], ret:         15 } hitcount:       7709
{ common_pid: mc-worker       [    419309], ret:         16 } hitcount:       7716
{ common_pid: mc-worker       [    419313], ret:         16 } hitcount:       7748
{ common_pid: mc-worker       [    419311], ret:         15 } hitcount:       7759
{ common_pid: mc-worker       [    419313], ret:         13 } hitcount:       7843
{ common_pid: mc-worker       [    419309], ret:         14 } hitcount:       7883
{ common_pid: mc-worker       [    419313], ret:          9 } hitcount:       7884
{ common_pid: mc-worker       [    419309], ret:         15 } hitcount:       7939
{ common_pid: mc-worker       [    419313], ret:         15 } hitcount:       7970
{ common_pid: mc-worker       [    419313], ret:         14 } hitcount:       8214
{ common_pid: mc-worker       [    419314], ret:          9 } hitcount:       8244
{ common_pid: mc-worker       [    419308], ret:          9 } hitcount:       8264
{ common_pid: mc-worker       [    419312], ret:          9 } hitcount:       8498
{ common_pid: mc-worker       [    419307], ret:          9 } hitcount:       8576
{ common_pid: mc-worker       [    419310], ret:          9 } hitcount:       8597
{ common_pid: mc-worker       [    419313], ret:          8 } hitcount:       9251
{ common_pid: mc-worker       [    419309], ret:          8 } hitcount:       9330
{ common_pid: mc-worker       [    419311], ret:          8 } hitcount:       9357
{ common_pid: mc-worker       [    419314], ret:          8 } hitcount:       9630
{ common_pid: mc-worker       [    419308], ret:          8 } hitcount:       9998
{ common_pid: mc-worker       [    419310], ret:          8 } hitcount:      10078
{ common_pid: mc-worker       [    419307], ret:          8 } hitcount:      10083
{ common_pid: mc-worker       [    419312], ret:          8 } hitcount:      10092
{ common_pid: mc-worker       [    419309], ret:          7 } hitcount:      11125
{ common_pid: mc-worker       [    419313], ret:          7 } hitcount:      11273
{ common_pid: mc-worker       [    419311], ret:          7 } hitcount:      11383
{ common_pid: mc-worker       [    419314], ret:          7 } hitcount:      11698
{ common_pid: mc-worker       [    419308], ret:          7 } hitcount:      11728
{ common_pid: mc-worker       [    419307], ret:          7 } hitcount:      11996
{ common_pid: mc-worker       [    419312], ret:          7 } hitcount:      12120
{ common_pid: mc-worker       [    419310], ret:          7 } hitcount:      12191
{ common_pid: mc-worker       [    419313], ret:          6 } hitcount:      13738
{ common_pid: mc-worker       [    419309], ret:          6 } hitcount:      13767
{ common_pid: mc-worker       [    419311], ret:          6 } hitcount:      14105
{ common_pid: mc-worker       [    419314], ret:          6 } hitcount:      14240
{ common_pid: mc-worker       [    419308], ret:          6 } hitcount:      14350
{ common_pid: mc-worker       [    419307], ret:          6 } hitcount:      14501
{ common_pid: mc-worker       [    419310], ret:          6 } hitcount:      14746
{ common_pid: mc-worker       [    419312], ret:          6 } hitcount:      14767
{ common_pid: mc-worker       [    419309], ret:          5 } hitcount:      17351
{ common_pid: mc-worker       [    419313], ret:          5 } hitcount:      17672
{ common_pid: mc-worker       [    419308], ret:          5 } hitcount:      17803
{ common_pid: mc-worker       [    419311], ret:          5 } hitcount:      17816
{ common_pid: mc-worker       [    419310], ret:          5 } hitcount:      17941
{ common_pid: mc-worker       [    419314], ret:          5 } hitcount:      17964
{ common_pid: mc-worker       [    419312], ret:          5 } hitcount:      18119
{ common_pid: mc-worker       [    419307], ret:          5 } hitcount:      18168
{ common_pid: mc-worker       [    419309], ret:          4 } hitcount:      22759
{ common_pid: mc-worker       [    419313], ret:          4 } hitcount:      22935
{ common_pid: mc-worker       [    419311], ret:          4 } hitcount:      23030
{ common_pid: mc-worker       [    419314], ret:          4 } hitcount:      23325
{ common_pid: mc-worker       [    419308], ret:          4 } hitcount:      23329
{ common_pid: mc-worker       [    419307], ret:          4 } hitcount:      23545
{ common_pid: mc-worker       [    419312], ret:          4 } hitcount:      23558
{ common_pid: mc-worker       [    419310], ret:          4 } hitcount:      24072
{ common_pid: mc-worker       [    419313], ret:          3 } hitcount:      32003
{ common_pid: mc-worker       [    419309], ret:          3 } hitcount:      32009
{ common_pid: mc-worker       [    419311], ret:          3 } hitcount:      32148
{ common_pid: mc-worker       [    419314], ret:          3 } hitcount:      32578
{ common_pid: mc-worker       [    419308], ret:          3 } hitcount:      33084
{ common_pid: mc-worker       [    419307], ret:          3 } hitcount:      33225
{ common_pid: mc-worker       [    419312], ret:          3 } hitcount:      33342
{ common_pid: mc-worker       [    419310], ret:          3 } hitcount:      33708
{ common_pid: mc-worker       [    419313], ret:          2 } hitcount:      48168
{ common_pid: mc-worker       [    419314], ret:          2 } hitcount:      48301
{ common_pid: mc-worker       [    419311], ret:          2 } hitcount:      48383
{ common_pid: mc-worker       [    419309], ret:          2 } hitcount:      48618
{ common_pid: mc-worker       [    419308], ret:          2 } hitcount:      48727
{ common_pid: mc-worker       [    419312], ret:          2 } hitcount:      49136
{ common_pid: mc-worker       [    419307], ret:          2 } hitcount:      49569
{ common_pid: mc-worker       [    419310], ret:          2 } hitcount:      49835
{ common_pid: mc-worker       [    419312], ret:          1 } hitcount:      73145
{ common_pid: mc-worker       [    419314], ret:          1 } hitcount:      73955
{ common_pid: mc-worker       [    419308], ret:          1 } hitcount:      73978
{ common_pid: mc-worker       [    419307], ret:          1 } hitcount:      74246
{ common_pid: mc-worker       [    419313], ret:          1 } hitcount:      74260
{ common_pid: mc-worker       [    419311], ret:          1 } hitcount:      74271
{ common_pid: mc-worker       [    419310], ret:          1 } hitcount:      74612
{ common_pid: mc-worker       [    419309], ret:          1 } hitcount:      75189
