{ common_pid: mc-worker       [    254640], ret:         10 } hitcount:          1
{ common_pid: mc-worker       [    254638], ret:        503 } hitcount:          1
{ common_pid: mc-worker       [    254634], ret:        561 } hitcount:          1
{ common_pid: mc-worker       [    254637], ret:        486 } hitcount:          1
{ common_pid: mc-worker       [    254639], ret:        532 } hitcount:          1
{ common_pid: mc-worker       [    254634], ret:         20 } hitcount:          1
{ common_pid: mc-worker       [    254641], ret:        241 } hitcount:          1
{ common_pid: mc-worker       [    254634], ret:        211 } hitcount:          1
{ common_pid: mc-worker       [    254639], ret:        185 } hitcount:          1
{ common_pid: mc-worker       [    254638], ret:          9 } hitcount:          1
{ common_pid: mc-worker       [    254636], ret:         33 } hitcount:          1
{ common_pid: mc-worker       [    254638], ret:         31 } hitcount:          1
{ common_pid: mc-worker       [    254639], ret:        534 } hitcount:          1
{ common_pid: mc-worker       [    254635], ret:        498 } hitcount:          1
{ common_pid: mc-worker       [    254639], ret:        526 } hitcount:          1
{ common_pid: mc-worker       [    254640], ret:         16 } hitcount:          1
{ common_pid: mc-worker       [    254637], ret:          8 } hitcount:          1
{ common_pid: mc-worker       [    254640], ret:        519 } hitcount:          1
{ common_pid: mc-worker       [    254634], ret:        520 } hitcount:          1
{ common_pid: mc-worker       [    254640], ret:        536 } hitcount:          1
{ common_pid: mc-worker       [    254640], ret:        538 } hitcount:          1
{ common_pid: mc-worker       [    254640], ret:          8 } hitcount:          1
{ common_pid: mc-worker       [    254639], ret:         25 } hitcount:          1
{ common_pid: mc-worker       [    254637], ret:        362 } hitcount:          1
{ common_pid: mc-worker       [    254640], ret:         79 } hitcount:          1
{ common_pid: mc-worker       [    254638], ret:        496 } hitcount:          1
{ common_pid: mc-worker       [    254641], ret:        521 } hitcount:          1
{ common_pid: mc-worker       [    254641], ret:          7 } hitcount:          1
{ common_pid: mc-worker       [    254638], ret:          7 } hitcount:          1
{ common_pid: mc-worker       [    254636], ret:         10 } hitcount:          1
{ common_pid: mc-worker       [    254636], ret:        562 } hitcount:          1
{ common_pid: mc-worker       [    254641], ret:         10 } hitcount:          1
{ common_pid: mc-worker       [    254635], ret:        264 } hitcount:          1
{ common_pid: mc-worker       [    254641], ret:        528 } hitcount:          1
{ common_pid: mc-worker       [    254636], ret:          7 } hitcount:          1
{ common_pid: mc-worker       [    254634], ret:          9 } hitcount:          1
{ common_pid: mc-worker       [    254639], ret:         10 } hitcount:          1
{ common_pid: mc-worker       [    254638], ret:        469 } hitcount:          1
{ common_pid: mc-worker       [    254636], ret:        524 } hitcount:          1
{ common_pid: mc-worker       [    254636], ret:        563 } hitcount:          1
{ common_pid: mc-worker       [    254634], ret:         15 } hitcount:          1
{ common_pid: mc-worker       [    254636], ret:        387 } hitcount:          1
{ common_pid: mc-worker       [    254637], ret:        491 } hitcount:          1
{ common_pid: mc-worker       [    254639], ret:         14 } hitcount:          1
{ common_pid: mc-worker       [    254635], ret:         10 } hitcount:          1
{ common_pid: mc-worker       [    254639], ret:        531 } hitcount:          1
{ common_pid: mc-worker       [    254634], ret:         11 } hitcount:          1
{ common_pid: mc-worker       [    254639], ret:        495 } hitcount:          1
{ common_pid: mc-worker       [    254636], ret:        561 } hitcount:          1
{ common_pid: mc-worker       [    254641], ret:        525 } hitcount:          1
{ common_pid: mc-worker       [    254637], ret:          7 } hitcount:          1
{ common_pid: mc-worker       [    254634], ret:        519 } hitcount:          1
{ common_pid: mc-worker       [    254640], ret:         17 } hitcount:          1
{ common_pid: mc-worker       [    254634], ret:          8 } hitcount:          2
{ common_pid: mc-worker       [    254638], ret:        500 } hitcount:          2
{ common_pid: mc-worker       [    254639], ret:         11 } hitcount:          2
{ common_pid: mc-worker       [    254635], ret:        505 } hitcount:          2
{ common_pid: mc-worker       [    254636], ret:        566 } hitcount:          2
{ common_pid: mc-worker       [    254634], ret:        522 } hitcount:          2
{ common_pid: mc-worker       [    254641], ret:        533 } hitcount:          2
{ common_pid: mc-worker       [    254641], ret:        529 } hitcount:          2
{ common_pid: mc-worker       [    254639], ret:          9 } hitcount:          2
{ common_pid: mc-worker       [    254635], ret:        507 } hitcount:          2
{ common_pid: mc-worker       [    254638], ret:          8 } hitcount:          2
{ common_pid: mc-worker       [    254638], ret:        502 } hitcount:          2
{ common_pid: mc-worker       [    254639], ret:         15 } hitcount:          2
{ common_pid: mc-worker       [    254639], ret:         13 } hitcount:          2
{ common_pid: mc-worker       [    254640], ret:          7 } hitcount:          2
{ common_pid: mc-worker       [    254639], ret:         12 } hitcount:          2
{ common_pid: mc-worker       [    254635], ret:        506 } hitcount:          3
{ common_pid: mc-worker       [    254639], ret:        533 } hitcount:          3
{ common_pid: mc-worker       [    254638], ret:          6 } hitcount:          3
{ common_pid: mc-worker       [    254641], ret:        532 } hitcount:          3
{ common_pid: mc-worker       [    254640], ret:        541 } hitcount:          3
{ common_pid: mc-worker       [    254639], ret:        530 } hitcount:          3
{ common_pid: mc-worker       [    254640], ret:        539 } hitcount:          3
{ common_pid: mc-worker       [    254634], ret:        560 } hitcount:          3
{ common_pid: mc-worker       [    254637], ret:        492 } hitcount:          3
{ common_pid: mc-worker       [    254635], ret:        502 } hitcount:          3
{ common_pid: mc-worker       [    254637], ret:        493 } hitcount:          3
{ common_pid: mc-worker       [    254639], ret:          8 } hitcount:          3
{ common_pid: mc-worker       [    254637], ret:          6 } hitcount:          3
{ common_pid: mc-worker       [    254640], ret:        544 } hitcount:          3
{ common_pid: mc-worker       [    254635], ret:        540 } hitcount:          3
{ common_pid: mc-worker       [    254634], ret:        521 } hitcount:          4
{ common_pid: mc-worker       [    254636], ret:        564 } hitcount:          4
{ common_pid: mc-worker       [    254636], ret:          6 } hitcount:          4
{ common_pid: mc-worker       [    254638], ret:        504 } hitcount:          4
{ common_pid: mc-worker       [    254640], ret:          6 } hitcount:          4
{ common_pid: mc-worker       [    254634], ret:          7 } hitcount:          5
{ common_pid: mc-worker       [    254636], ret:        568 } hitcount:          5
{ common_pid: mc-worker       [    254637], ret:        494 } hitcount:          5
{ common_pid: mc-worker       [    254634], ret:        523 } hitcount:          5
{ common_pid: mc-worker       [    254636], ret:        570 } hitcount:          5
{ common_pid: mc-worker       [    254636], ret:        600 } hitcount:          5
{ common_pid: mc-worker       [    254641], ret:        531 } hitcount:          5
{ common_pid: mc-worker       [    254639], ret:        535 } hitcount:          5
{ common_pid: mc-worker       [    254635], ret:          6 } hitcount:          6
{ common_pid: mc-worker       [    254641], ret:          5 } hitcount:          6
{ common_pid: mc-worker       [    254635], ret:        508 } hitcount:          6
{ common_pid: mc-worker       [    254639], ret:        536 } hitcount:          6
{ common_pid: mc-worker       [    254634], ret:        524 } hitcount:          6
{ common_pid: mc-worker       [    254638], ret:        507 } hitcount:          6
{ common_pid: mc-worker       [    254640], ret:        542 } hitcount:          6
{ common_pid: mc-worker       [    254638], ret:        505 } hitcount:          6
{ common_pid: mc-worker       [    254636], ret:        569 } hitcount:          6
{ common_pid: mc-worker       [    254635], ret:          5 } hitcount:          6
{ common_pid: mc-worker       [    254640], ret:        576 } hitcount:          6
{ common_pid: mc-worker       [    254639], ret:          7 } hitcount:          7
{ common_pid: mc-worker       [    254636], ret:        567 } hitcount:          7
{ common_pid: mc-worker       [    254639], ret:        572 } hitcount:          7
{ common_pid: mc-worker       [    254641], ret:        566 } hitcount:          7
{ common_pid: mc-worker       [    254634], ret:        525 } hitcount:          8
{ common_pid: mc-worker       [    254640], ret:        543 } hitcount:          8
{ common_pid: mc-worker       [    254637], ret:        495 } hitcount:          8
{ common_pid: mc-worker       [    254638], ret:          5 } hitcount:          8
{ common_pid: mc-worker       [    254637], ret:        496 } hitcount:          8
{ common_pid: mc-worker       [    254640], ret:        575 } hitcount:          9
{ common_pid: mc-worker       [    254639], ret:        571 } hitcount:          9
{ common_pid: mc-worker       [    254640], ret:        545 } hitcount:          9
{ common_pid: mc-worker       [    254638], ret:        506 } hitcount:          9
{ common_pid: mc-worker       [    254634], ret:          6 } hitcount:         10
{ common_pid: mc-worker       [    254640], ret:          5 } hitcount:         10
{ common_pid: mc-worker       [    254635], ret:        539 } hitcount:         10
{ common_pid: mc-worker       [    254641], ret:        534 } hitcount:         10
{ common_pid: mc-worker       [    254638], ret:        537 } hitcount:         10
{ common_pid: mc-worker       [    254639], ret:        537 } hitcount:         10
{ common_pid: mc-worker       [    254634], ret:        559 } hitcount:         10
{ common_pid: mc-worker       [    254635], ret:        510 } hitcount:         11
{ common_pid: mc-worker       [    254637], ret:          5 } hitcount:         12
{ common_pid: mc-worker       [    254637], ret:        526 } hitcount:         13
{ common_pid: mc-worker       [    254641], ret:        535 } hitcount:         13
{ common_pid: mc-worker       [    254639], ret:        539 } hitcount:         14
{ common_pid: mc-worker       [    254634], ret:        526 } hitcount:         14
{ common_pid: mc-worker       [    254639], ret:        538 } hitcount:         15
{ common_pid: mc-worker       [    254641], ret:          4 } hitcount:         15
{ common_pid: mc-worker       [    254639], ret:          6 } hitcount:         16
{ common_pid: mc-worker       [    254637], ret:        497 } hitcount:         16
{ common_pid: mc-worker       [    254637], ret:        498 } hitcount:         17
{ common_pid: mc-worker       [    254639], ret:        540 } hitcount:         17
{ common_pid: mc-worker       [    254634], ret:        527 } hitcount:         18
{ common_pid: mc-worker       [    254636], ret:        571 } hitcount:         18
{ common_pid: mc-worker       [    254638], ret:        508 } hitcount:         19
{ common_pid: mc-worker       [    254636], ret:          5 } hitcount:         19
{ common_pid: mc-worker       [    254636], ret:        599 } hitcount:         19
{ common_pid: mc-worker       [    254640], ret:        548 } hitcount:         20
{ common_pid: mc-worker       [    254635], ret:          4 } hitcount:         21
{ common_pid: mc-worker       [    254639], ret:          5 } hitcount:         21
{ common_pid: mc-worker       [    254637], ret:        499 } hitcount:         21
{ common_pid: mc-worker       [    254637], ret:        527 } hitcount:         23
{ common_pid: mc-worker       [    254634], ret:        528 } hitcount:         23
{ common_pid: mc-worker       [    254635], ret:        512 } hitcount:         23
{ common_pid: mc-worker       [    254635], ret:        509 } hitcount:         24
{ common_pid: mc-worker       [    254636], ret:        572 } hitcount:         24
{ common_pid: mc-worker       [    254639], ret:        570 } hitcount:         24
{ common_pid: mc-worker       [    254639], ret:        541 } hitcount:         24
{ common_pid: mc-worker       [    254634], ret:        558 } hitcount:         24
{ common_pid: mc-worker       [    254641], ret:        537 } hitcount:         25
{ common_pid: mc-worker       [    254638], ret:        510 } hitcount:         25
{ common_pid: mc-worker       [    254634], ret:          5 } hitcount:         25
{ common_pid: mc-worker       [    254640], ret:        546 } hitcount:         25
{ common_pid: mc-worker       [    254638], ret:        509 } hitcount:         25
{ common_pid: mc-worker       [    254637], ret:        500 } hitcount:         25
{ common_pid: mc-worker       [    254638], ret:        536 } hitcount:         26
{ common_pid: mc-worker       [    254641], ret:        536 } hitcount:         26
{ common_pid: mc-worker       [    254638], ret:          4 } hitcount:         27
{ common_pid: mc-worker       [    254641], ret:        565 } hitcount:         27
{ common_pid: mc-worker       [    254635], ret:        511 } hitcount:         29
{ common_pid: mc-worker       [    254637], ret:          4 } hitcount:         29
{ common_pid: mc-worker       [    254641], ret:        539 } hitcount:         29
{ common_pid: mc-worker       [    254639], ret:        542 } hitcount:         30
{ common_pid: mc-worker       [    254641], ret:        538 } hitcount:         31
{ common_pid: mc-worker       [    254640], ret:        547 } hitcount:         31
{ common_pid: mc-worker       [    254637], ret:        501 } hitcount:         31
{ common_pid: mc-worker       [    254640], ret:          4 } hitcount:         31
{ common_pid: mc-worker       [    254636], ret:        574 } hitcount:         33
{ common_pid: mc-worker       [    254635], ret:        513 } hitcount:         33
{ common_pid: mc-worker       [    254634], ret:        529 } hitcount:         37
{ common_pid: mc-worker       [    254638], ret:        511 } hitcount:         37
{ common_pid: mc-worker       [    254640], ret:        574 } hitcount:         37
{ common_pid: mc-worker       [    254636], ret:        573 } hitcount:         37
{ common_pid: mc-worker       [    254636], ret:        598 } hitcount:         39
{ common_pid: mc-worker       [    254635], ret:        538 } hitcount:         41
{ common_pid: mc-worker       [    254641], ret:        540 } hitcount:         44
{ common_pid: mc-worker       [    254634], ret:        530 } hitcount:         44
{ common_pid: mc-worker       [    254635], ret:        514 } hitcount:         45
{ common_pid: mc-worker       [    254638], ret:        535 } hitcount:         45
{ common_pid: mc-worker       [    254636], ret:          4 } hitcount:         46
{ common_pid: mc-worker       [    254639], ret:          4 } hitcount:         46
{ common_pid: mc-worker       [    254638], ret:        512 } hitcount:         47
{ common_pid: mc-worker       [    254639], ret:        543 } hitcount:         47
{ common_pid: mc-worker       [    254640], ret:        549 } hitcount:         48
{ common_pid: mc-worker       [    254634], ret:          4 } hitcount:         48
{ common_pid: mc-worker       [    254634], ret:        557 } hitcount:         51
{ common_pid: mc-worker       [    254634], ret:        531 } hitcount:         52
{ common_pid: mc-worker       [    254641], ret:        541 } hitcount:         54
{ common_pid: mc-worker       [    254637], ret:        502 } hitcount:         56
{ common_pid: mc-worker       [    254640], ret:          3 } hitcount:         57
{ common_pid: mc-worker       [    254641], ret:        564 } hitcount:         57
{ common_pid: mc-worker       [    254639], ret:        544 } hitcount:         58
{ common_pid: mc-worker       [    254634], ret:        532 } hitcount:         58
{ common_pid: mc-worker       [    254636], ret:        575 } hitcount:         59
{ common_pid: mc-worker       [    254638], ret:        513 } hitcount:         60
{ common_pid: mc-worker       [    254638], ret:          3 } hitcount:         61
{ common_pid: mc-worker       [    254640], ret:        550 } hitcount:         61
{ common_pid: mc-worker       [    254639], ret:        569 } hitcount:         64
{ common_pid: mc-worker       [    254641], ret:          3 } hitcount:         64
{ common_pid: mc-worker       [    254635], ret:        515 } hitcount:         65
{ common_pid: mc-worker       [    254640], ret:        573 } hitcount:         69
{ common_pid: mc-worker       [    254639], ret:        545 } hitcount:         69
{ common_pid: mc-worker       [    254636], ret:        576 } hitcount:         70
{ common_pid: mc-worker       [    254636], ret:        597 } hitcount:         72
{ common_pid: mc-worker       [    254637], ret:        503 } hitcount:         73
{ common_pid: mc-worker       [    254641], ret:        542 } hitcount:         74
{ common_pid: mc-worker       [    254639], ret:        568 } hitcount:         74
{ common_pid: mc-worker       [    254636], ret:          3 } hitcount:         79
{ common_pid: mc-worker       [    254634], ret:          3 } hitcount:         80
{ common_pid: mc-worker       [    254640], ret:        551 } hitcount:         80
{ common_pid: mc-worker       [    254635], ret:        517 } hitcount:         82
{ common_pid: mc-worker       [    254637], ret:        525 } hitcount:         82
{ common_pid: mc-worker       [    254635], ret:        516 } hitcount:         82
{ common_pid: mc-worker       [    254635], ret:          3 } hitcount:         88
{ common_pid: mc-worker       [    254634], ret:        556 } hitcount:         88
{ common_pid: mc-worker       [    254638], ret:        534 } hitcount:         90
{ common_pid: mc-worker       [    254640], ret:        552 } hitcount:         90
{ common_pid: mc-worker       [    254637], ret:        524 } hitcount:         92
{ common_pid: mc-worker       [    254634], ret:        533 } hitcount:         93
{ common_pid: mc-worker       [    254634], ret:        534 } hitcount:         93
{ common_pid: mc-worker       [    254639], ret:          3 } hitcount:         95
{ common_pid: mc-worker       [    254641], ret:        563 } hitcount:         95
{ common_pid: mc-worker       [    254641], ret:        543 } hitcount:         95
{ common_pid: mc-worker       [    254638], ret:        514 } hitcount:         95
{ common_pid: mc-worker       [    254637], ret:        504 } hitcount:         97
{ common_pid: mc-worker       [    254635], ret:        537 } hitcount:        100
{ common_pid: mc-worker       [    254637], ret:          3 } hitcount:        101
{ common_pid: mc-worker       [    254637], ret:        505 } hitcount:        103
{ common_pid: mc-worker       [    254639], ret:        546 } hitcount:        106
{ common_pid: mc-worker       [    254636], ret:        596 } hitcount:        107
{ common_pid: mc-worker       [    254636], ret:        577 } hitcount:        108
{ common_pid: mc-worker       [    254640], ret:        572 } hitcount:        108
{ common_pid: mc-worker       [    254636], ret:        578 } hitcount:        113
{ common_pid: mc-worker       [    254635], ret:        518 } hitcount:        114
{ common_pid: mc-worker       [    254640], ret:        553 } hitcount:        115
{ common_pid: mc-worker       [    254639], ret:        547 } hitcount:        117
{ common_pid: mc-worker       [    254641], ret:          2 } hitcount:        122
{ common_pid: mc-worker       [    254634], ret:        535 } hitcount:        123
{ common_pid: mc-worker       [    254634], ret:        555 } hitcount:        126
{ common_pid: mc-worker       [    254639], ret:          2 } hitcount:        127
{ common_pid: mc-worker       [    254638], ret:        515 } hitcount:        127
{ common_pid: mc-worker       [    254636], ret:          2 } hitcount:        127
{ common_pid: mc-worker       [    254635], ret:        536 } hitcount:        128
{ common_pid: mc-worker       [    254640], ret:          2 } hitcount:        133
{ common_pid: mc-worker       [    254638], ret:          2 } hitcount:        134
{ common_pid: mc-worker       [    254641], ret:        544 } hitcount:        138
{ common_pid: mc-worker       [    254641], ret:        562 } hitcount:        139
{ common_pid: mc-worker       [    254639], ret:        567 } hitcount:        143
{ common_pid: mc-worker       [    254634], ret:        536 } hitcount:        144
{ common_pid: mc-worker       [    254638], ret:        516 } hitcount:        144
{ common_pid: mc-worker       [    254638], ret:        533 } hitcount:        145
{ common_pid: mc-worker       [    254636], ret:        579 } hitcount:        146
{ common_pid: mc-worker       [    254641], ret:        545 } hitcount:        149
{ common_pid: mc-worker       [    254634], ret:          2 } hitcount:        155
{ common_pid: mc-worker       [    254639], ret:        548 } hitcount:        156
{ common_pid: mc-worker       [    254635], ret:          2 } hitcount:        156
{ common_pid: mc-worker       [    254640], ret:        554 } hitcount:        158
{ common_pid: mc-worker       [    254637], ret:        506 } hitcount:        158
{ common_pid: mc-worker       [    254635], ret:        519 } hitcount:        159
{ common_pid: mc-worker       [    254637], ret:        507 } hitcount:        166
{ common_pid: mc-worker       [    254637], ret:          2 } hitcount:        174
{ common_pid: mc-worker       [    254636], ret:        595 } hitcount:        174
{ common_pid: mc-worker       [    254640], ret:        571 } hitcount:        177
{ common_pid: mc-worker       [    254637], ret:        523 } hitcount:        180
{ common_pid: mc-worker       [    254636], ret:        581 } hitcount:        181
{ common_pid: mc-worker       [    254635], ret:        520 } hitcount:        182
{ common_pid: mc-worker       [    254640], ret:        555 } hitcount:        183
{ common_pid: mc-worker       [    254638], ret:        532 } hitcount:        187
{ common_pid: mc-worker       [    254638], ret:        517 } hitcount:        189
{ common_pid: mc-worker       [    254639], ret:        549 } hitcount:        190
{ common_pid: mc-worker       [    254634], ret:        554 } hitcount:        191
{ common_pid: mc-worker       [    254639], ret:        566 } hitcount:        192
{ common_pid: mc-worker       [    254641], ret:        546 } hitcount:        195
{ common_pid: mc-worker       [    254641], ret:        547 } hitcount:        196
{ common_pid: mc-worker       [    254636], ret:        580 } hitcount:        203
{ common_pid: mc-worker       [    254638], ret:        518 } hitcount:        206
{ common_pid: mc-worker       [    254634], ret:        537 } hitcount:        207
{ common_pid: mc-worker       [    254635], ret:        535 } hitcount:        210
{ common_pid: mc-worker       [    254640], ret:        556 } hitcount:        217
{ common_pid: mc-worker       [    254641], ret:        561 } hitcount:        217
{ common_pid: mc-worker       [    254637], ret:        508 } hitcount:        218
{ common_pid: mc-worker       [    254635], ret:        521 } hitcount:        220
{ common_pid: mc-worker       [    254637], ret:        522 } hitcount:        222
{ common_pid: mc-worker       [    254634], ret:        538 } hitcount:        225
{ common_pid: mc-worker       [    254639], ret:        550 } hitcount:        239
{ common_pid: mc-worker       [    254639], ret:        565 } hitcount:        240
{ common_pid: mc-worker       [    254635], ret:        522 } hitcount:        243
{ common_pid: mc-worker       [    254640], ret:        570 } hitcount:        253
{ common_pid: mc-worker       [    254636], ret:        594 } hitcount:        254
{ common_pid: mc-worker       [    254641], ret:        549 } hitcount:        255
{ common_pid: mc-worker       [    254637], ret:        509 } hitcount:        257
{ common_pid: mc-worker       [    254638], ret:        519 } hitcount:        264
{ common_pid: mc-worker       [    254639], ret:        551 } hitcount:        265
{ common_pid: mc-worker       [    254634], ret:        539 } hitcount:        266
{ common_pid: mc-worker       [    254640], ret:        557 } hitcount:        268
{ common_pid: mc-worker       [    254634], ret:        553 } hitcount:        277
{ common_pid: mc-worker       [    254641], ret:        548 } hitcount:        277
{ common_pid: mc-worker       [    254638], ret:        531 } hitcount:        290
{ common_pid: mc-worker       [    254637], ret:        521 } hitcount:        290
{ common_pid: mc-worker       [    254639], ret:        552 } hitcount:        291
{ common_pid: mc-worker       [    254635], ret:        534 } hitcount:        291
{ common_pid: mc-worker       [    254637], ret:        510 } hitcount:        292
{ common_pid: mc-worker       [    254641], ret:        560 } hitcount:        295
{ common_pid: mc-worker       [    254635], ret:        523 } hitcount:        301
{ common_pid: mc-worker       [    254636], ret:        582 } hitcount:        302
{ common_pid: mc-worker       [    254641], ret:        552 } hitcount:        315
{ common_pid: mc-worker       [    254640], ret:        569 } hitcount:        315
{ common_pid: mc-worker       [    254640], ret:        558 } hitcount:        316
{ common_pid: mc-worker       [    254637], ret:        511 } hitcount:        317
{ common_pid: mc-worker       [    254636], ret:        593 } hitcount:        325
{ common_pid: mc-worker       [    254641], ret:        559 } hitcount:        331
{ common_pid: mc-worker       [    254634], ret:        540 } hitcount:        331
{ common_pid: mc-worker       [    254638], ret:        530 } hitcount:        334
{ common_pid: mc-worker       [    254641], ret:        550 } hitcount:        336
{ common_pid: mc-worker       [    254638], ret:        520 } hitcount:        338
{ common_pid: mc-worker       [    254637], ret:        520 } hitcount:        339
{ common_pid: mc-worker       [    254635], ret:        524 } hitcount:        339
{ common_pid: mc-worker       [    254636], ret:        583 } hitcount:        340
{ common_pid: mc-worker       [    254639], ret:        564 } hitcount:        342
{ common_pid: mc-worker       [    254636], ret:        592 } hitcount:        347
{ common_pid: mc-worker       [    254641], ret:        551 } hitcount:        348
{ common_pid: mc-worker       [    254640], ret:        559 } hitcount:        350
{ common_pid: mc-worker       [    254641], ret:        553 } hitcount:        354
{ common_pid: mc-worker       [    254639], ret:        553 } hitcount:        355
{ common_pid: mc-worker       [    254635], ret:        533 } hitcount:        355
{ common_pid: mc-worker       [    254637], ret:        512 } hitcount:        358
{ common_pid: mc-worker       [    254640], ret:        560 } hitcount:        361
{ common_pid: mc-worker       [    254638], ret:        521 } hitcount:        366
{ common_pid: mc-worker       [    254640], ret:        568 } hitcount:        367
{ common_pid: mc-worker       [    254634], ret:        541 } hitcount:        371
{ common_pid: mc-worker       [    254641], ret:        554 } hitcount:        371
{ common_pid: mc-worker       [    254641], ret:        557 } hitcount:        374
{ common_pid: mc-worker       [    254641], ret:        558 } hitcount:        376
{ common_pid: mc-worker       [    254641], ret:        555 } hitcount:        377
{ common_pid: mc-worker       [    254637], ret:        519 } hitcount:        377
{ common_pid: mc-worker       [    254634], ret:        552 } hitcount:        386
{ common_pid: mc-worker       [    254640], ret:        567 } hitcount:        392
{ common_pid: mc-worker       [    254636], ret:        584 } hitcount:        399
{ common_pid: mc-worker       [    254639], ret:        554 } hitcount:        400
{ common_pid: mc-worker       [    254636], ret:        585 } hitcount:        402
{ common_pid: mc-worker       [    254637], ret:        513 } hitcount:        407
{ common_pid: mc-worker       [    254636], ret:        586 } hitcount:        408
{ common_pid: mc-worker       [    254637], ret:        514 } hitcount:        408
{ common_pid: mc-worker       [    254635], ret:        525 } hitcount:        411
{ common_pid: mc-worker       [    254638], ret:        529 } hitcount:        412
{ common_pid: mc-worker       [    254641], ret:        556 } hitcount:        412
{ common_pid: mc-worker       [    254634], ret:        542 } hitcount:        416
{ common_pid: mc-worker       [    254637], ret:        518 } hitcount:        417
{ common_pid: mc-worker       [    254634], ret:        551 } hitcount:        425
{ common_pid: mc-worker       [    254635], ret:        526 } hitcount:        428
{ common_pid: mc-worker       [    254640], ret:        562 } hitcount:        431
{ common_pid: mc-worker       [    254640], ret:        561 } hitcount:        433
{ common_pid: mc-worker       [    254639], ret:        563 } hitcount:        434
{ common_pid: mc-worker       [    254636], ret:        591 } hitcount:        435
{ common_pid: mc-worker       [    254638], ret:        522 } hitcount:        438
{ common_pid: mc-worker       [    254634], ret:        543 } hitcount:        441
{ common_pid: mc-worker       [    254635], ret:        532 } hitcount:        446
{ common_pid: mc-worker       [    254637], ret:        517 } hitcount:        452
{ common_pid: mc-worker       [    254635], ret:        531 } hitcount:        454
{ common_pid: mc-worker       [    254636], ret:        590 } hitcount:        457
{ common_pid: mc-worker       [    254640], ret:        566 } hitcount:        463
{ common_pid: mc-worker       [    254639], ret:        555 } hitcount:        464
{ common_pid: mc-worker       [    254639], ret:        562 } hitcount:        465
{ common_pid: mc-worker       [    254640], ret:        565 } hitcount:        465
{ common_pid: mc-worker       [    254637], ret:        516 } hitcount:        466
{ common_pid: mc-worker       [    254638], ret:        523 } hitcount:        467
{ common_pid: mc-worker       [    254640], ret:        563 } hitcount:        471
{ common_pid: mc-worker       [    254637], ret:        515 } hitcount:        472
{ common_pid: mc-worker       [    254634], ret:        550 } hitcount:        474
{ common_pid: mc-worker       [    254636], ret:        588 } hitcount:        477
{ common_pid: mc-worker       [    254638], ret:        527 } hitcount:        480
{ common_pid: mc-worker       [    254638], ret:        524 } hitcount:        486
{ common_pid: mc-worker       [    254635], ret:        527 } hitcount:        487
{ common_pid: mc-worker       [    254638], ret:        528 } hitcount:        488
{ common_pid: mc-worker       [    254639], ret:        556 } hitcount:        494
{ common_pid: mc-worker       [    254636], ret:        587 } hitcount:        496
{ common_pid: mc-worker       [    254635], ret:        529 } hitcount:        498
{ common_pid: mc-worker       [    254640], ret:        564 } hitcount:        500
{ common_pid: mc-worker       [    254635], ret:        530 } hitcount:        500
{ common_pid: mc-worker       [    254634], ret:        544 } hitcount:        504
{ common_pid: mc-worker       [    254635], ret:        528 } hitcount:        507
{ common_pid: mc-worker       [    254636], ret:        589 } hitcount:        509
{ common_pid: mc-worker       [    254638], ret:        526 } hitcount:        510
{ common_pid: mc-worker       [    254634], ret:        545 } hitcount:        514
{ common_pid: mc-worker       [    254639], ret:        561 } hitcount:        516
{ common_pid: mc-worker       [    254634], ret:        549 } hitcount:        532
{ common_pid: mc-worker       [    254639], ret:        557 } hitcount:        535
{ common_pid: mc-worker       [    254638], ret:        525 } hitcount:        538
{ common_pid: mc-worker       [    254639], ret:        559 } hitcount:        550
{ common_pid: mc-worker       [    254639], ret:        560 } hitcount:        555
{ common_pid: mc-worker       [    254634], ret:        547 } hitcount:        560
{ common_pid: mc-worker       [    254639], ret:        558 } hitcount:        565
{ common_pid: mc-worker       [    254634], ret:        548 } hitcount:        575
{ common_pid: mc-worker       [    254634], ret:        546 } hitcount:        588
{ common_pid: mc-worker       [    254637], ret:          1 } hitcount:        698
{ common_pid: mc-worker       [    254639], ret:          1 } hitcount:        718
{ common_pid: mc-worker       [    254635], ret:          1 } hitcount:        727
{ common_pid: mc-worker       [    254640], ret:          1 } hitcount:        731
{ common_pid: mc-worker       [    254638], ret:          1 } hitcount:        732
{ common_pid: mc-worker       [    254634], ret:          1 } hitcount:        745
{ common_pid: mc-worker       [    254641], ret:          1 } hitcount:        751
{ common_pid: mc-worker       [    254636], ret:          1 } hitcount:        763
