{ common_pid: mc-worker       [    447097], ret:         75 } hitcount:          1
{ common_pid: mc-worker       [    447093], ret:         21 } hitcount:          1
{ common_pid: mc-worker       [    447090], ret:          9 } hitcount:          1
{ common_pid: mc-worker       [    447092], ret:         11 } hitcount:          1
{ common_pid: mc-worker       [    447095], ret:         76 } hitcount:          1
{ common_pid: mc-worker       [    447092], ret:         46 } hitcount:          1
{ common_pid: mc-worker       [    447097], ret:         33 } hitcount:          1
{ common_pid: mc-worker       [    447094], ret:         12 } hitcount:          1
{ common_pid: mc-worker       [    447091], ret:         11 } hitcount:          1
{ common_pid: mc-worker       [    447092], ret:         14 } hitcount:          1
{ common_pid: mc-worker       [    447093], ret:         45 } hitcount:          1
{ common_pid: mc-worker       [    447095], ret:         17 } hitcount:          1
{ common_pid: mc-worker       [    447092], ret:        128 } hitcount:          1
{ common_pid: mc-worker       [    447096], ret:        119 } hitcount:          1
{ common_pid: mc-worker       [    447090], ret:         76 } hitcount:          1
{ common_pid: mc-worker       [    447095], ret:         55 } hitcount:          1
{ common_pid: mc-worker       [    447096], ret:         44 } hitcount:          1
{ common_pid: mc-worker       [    447091], ret:         28 } hitcount:          1
{ common_pid: mc-worker       [    447093], ret:         12 } hitcount:          1
{ common_pid: mc-worker       [    447094], ret:         74 } hitcount:          1
{ common_pid: mc-worker       [    447094], ret:         28 } hitcount:          1
{ common_pid: mc-worker       [    447097], ret:        105 } hitcount:          1
{ common_pid: mc-worker       [    447097], ret:         16 } hitcount:          1
{ common_pid: mc-worker       [    447096], ret:         74 } hitcount:          1
{ common_pid: mc-worker       [    447093], ret:        105 } hitcount:          1
{ common_pid: mc-worker       [    447093], ret:         39 } hitcount:          1
{ common_pid: mc-worker       [    447095], ret:         24 } hitcount:          1
{ common_pid: mc-worker       [    447091], ret:         75 } hitcount:          1
{ common_pid: mc-worker       [    447096], ret:          8 } hitcount:          1
{ common_pid: mc-worker       [    447090], ret:         13 } hitcount:          1
{ common_pid: mc-worker       [    447093], ret:        120 } hitcount:          1
{ common_pid: mc-worker       [    447092], ret:        106 } hitcount:          1
{ common_pid: mc-worker       [    447096], ret:         50 } hitcount:          1
{ common_pid: mc-worker       [    447097], ret:         11 } hitcount:          1
{ common_pid: mc-worker       [    447097], ret:        118 } hitcount:          1
{ common_pid: mc-worker       [    447097], ret:         34 } hitcount:          1
{ common_pid: mc-worker       [    447095], ret:        107 } hitcount:          1
{ common_pid: mc-worker       [    447097], ret:         14 } hitcount:          1
{ common_pid: mc-worker       [    447090], ret:         10 } hitcount:          1
{ common_pid: mc-worker       [    447092], ret:          8 } hitcount:          1
{ common_pid: mc-worker       [    447093], ret:         11 } hitcount:          1
{ common_pid: mc-worker       [    447096], ret:         21 } hitcount:          1
{ common_pid: mc-worker       [    447090], ret:         47 } hitcount:          1
{ common_pid: mc-worker       [    447093], ret:         32 } hitcount:          1
{ common_pid: mc-worker       [    447093], ret:         77 } hitcount:          1
{ common_pid: mc-worker       [    447092], ret:         77 } hitcount:          1
{ common_pid: mc-worker       [    447091], ret:         24 } hitcount:          1
{ common_pid: mc-worker       [    447096], ret:         91 } hitcount:          1
{ common_pid: mc-worker       [    447096], ret:         37 } hitcount:          1
{ common_pid: mc-worker       [    447097], ret:         80 } hitcount:          1
{ common_pid: mc-worker       [    447094], ret:        121 } hitcount:          1
{ common_pid: mc-worker       [    447090], ret:         52 } hitcount:          1
{ common_pid: mc-worker       [    447090], ret:        114 } hitcount:          1
{ common_pid: mc-worker       [    447091], ret:         13 } hitcount:          1
{ common_pid: mc-worker       [    447090], ret:         31 } hitcount:          1
{ common_pid: mc-worker       [    447091], ret:         52 } hitcount:          1
{ common_pid: mc-worker       [    447097], ret:         15 } hitcount:          1
{ common_pid: mc-worker       [    447092], ret:         30 } hitcount:          1
{ common_pid: mc-worker       [    447093], ret:         49 } hitcount:          1
{ common_pid: mc-worker       [    447094], ret:         49 } hitcount:          1
{ common_pid: mc-worker       [    447093], ret:         28 } hitcount:          1
{ common_pid: mc-worker       [    447096], ret:         33 } hitcount:          1
{ common_pid: mc-worker       [    447095], ret:         91 } hitcount:          1
{ common_pid: mc-worker       [    447094], ret:         94 } hitcount:          1
{ common_pid: mc-worker       [    447095], ret:        111 } hitcount:          1
{ common_pid: mc-worker       [    447094], ret:         10 } hitcount:          1
{ common_pid: mc-worker       [    447093], ret:         14 } hitcount:          1
{ common_pid: mc-worker       [    447093], ret:        108 } hitcount:          1
{ common_pid: mc-worker       [    447093], ret:          9 } hitcount:          1
{ common_pid: mc-worker       [    447093], ret:        100 } hitcount:          1
{ common_pid: mc-worker       [    447094], ret:         51 } hitcount:          1
{ common_pid: mc-worker       [    447091], ret:         31 } hitcount:          1
{ common_pid: mc-worker       [    447097], ret:         50 } hitcount:          1
{ common_pid: mc-worker       [    447094], ret:         33 } hitcount:          1
{ common_pid: mc-worker       [    447093], ret:         51 } hitcount:          1
{ common_pid: mc-worker       [    447090], ret:         30 } hitcount:          1
{ common_pid: mc-worker       [    447096], ret:        104 } hitcount:          1
{ common_pid: mc-worker       [    447094], ret:         75 } hitcount:          1
{ common_pid: mc-worker       [    447091], ret:         83 } hitcount:          1
{ common_pid: mc-worker       [    447095], ret:         98 } hitcount:          1
{ common_pid: mc-worker       [    447092], ret:        117 } hitcount:          1
{ common_pid: mc-worker       [    447091], ret:         17 } hitcount:          1
{ common_pid: mc-worker       [    447096], ret:         38 } hitcount:          1
{ common_pid: mc-worker       [    447096], ret:        102 } hitcount:          1
{ common_pid: mc-worker       [    447092], ret:         88 } hitcount:          1
{ common_pid: mc-worker       [    447096], ret:         41 } hitcount:          1
{ common_pid: mc-worker       [    447096], ret:         15 } hitcount:          1
{ common_pid: mc-worker       [    447095], ret:        116 } hitcount:          1
{ common_pid: mc-worker       [    447091], ret:         49 } hitcount:          1
{ common_pid: mc-worker       [    447093], ret:         44 } hitcount:          1
{ common_pid: mc-worker       [    447090], ret:        117 } hitcount:          1
{ common_pid: mc-worker       [    447093], ret:         40 } hitcount:          1
{ common_pid: mc-worker       [    447096], ret:         45 } hitcount:          1
{ common_pid: mc-worker       [    447096], ret:         28 } hitcount:          1
{ common_pid: mc-worker       [    447092], ret:         18 } hitcount:          1
{ common_pid: mc-worker       [    447095], ret:         42 } hitcount:          1
{ common_pid: mc-worker       [    447097], ret:         47 } hitcount:          1
{ common_pid: mc-worker       [    447091], ret:         41 } hitcount:          1
{ common_pid: mc-worker       [    447096], ret:         31 } hitcount:          1
{ common_pid: mc-worker       [    447094], ret:         77 } hitcount:          1
{ common_pid: mc-worker       [    447095], ret:         78 } hitcount:          1
{ common_pid: mc-worker       [    447092], ret:         78 } hitcount:          1
{ common_pid: mc-worker       [    447097], ret:         44 } hitcount:          1
{ common_pid: mc-worker       [    447094], ret:         30 } hitcount:          1
{ common_pid: mc-worker       [    447096], ret:         76 } hitcount:          1
{ common_pid: mc-worker       [    447091], ret:         37 } hitcount:          1
{ common_pid: mc-worker       [    447092], ret:         86 } hitcount:          1
{ common_pid: mc-worker       [    447097], ret:         43 } hitcount:          1
{ common_pid: mc-worker       [    447091], ret:        111 } hitcount:          1
{ common_pid: mc-worker       [    447096], ret:        121 } hitcount:          1
{ common_pid: mc-worker       [    447094], ret:         13 } hitcount:          1
{ common_pid: mc-worker       [    447095], ret:         36 } hitcount:          1
{ common_pid: mc-worker       [    447090], ret:         40 } hitcount:          1
{ common_pid: mc-worker       [    447094], ret:         40 } hitcount:          1
{ common_pid: mc-worker       [    447097], ret:         79 } hitcount:          1
{ common_pid: mc-worker       [    447091], ret:        115 } hitcount:          1
{ common_pid: mc-worker       [    447091], ret:        112 } hitcount:          1
{ common_pid: mc-worker       [    447096], ret:         10 } hitcount:          1
{ common_pid: mc-worker       [    447090], ret:         37 } hitcount:          1
{ common_pid: mc-worker       [    447095], ret:         11 } hitcount:          1
{ common_pid: mc-worker       [    447090], ret:         83 } hitcount:          1
{ common_pid: mc-worker       [    447097], ret:         30 } hitcount:          1
{ common_pid: mc-worker       [    447092], ret:         41 } hitcount:          1
{ common_pid: mc-worker       [    447093], ret:         17 } hitcount:          1
{ common_pid: mc-worker       [    447091], ret:         80 } hitcount:          1
{ common_pid: mc-worker       [    447091], ret:         94 } hitcount:          1
{ common_pid: mc-worker       [    447091], ret:         22 } hitcount:          1
{ common_pid: mc-worker       [    447093], ret:         19 } hitcount:          1
{ common_pid: mc-worker       [    447095], ret:         28 } hitcount:          1
{ common_pid: mc-worker       [    447093], ret:          8 } hitcount:          1
{ common_pid: mc-worker       [    447092], ret:        126 } hitcount:          1
{ common_pid: mc-worker       [    447091], ret:        109 } hitcount:          1
{ common_pid: mc-worker       [    447097], ret:        113 } hitcount:          1
{ common_pid: mc-worker       [    447092], ret:         98 } hitcount:          1
{ common_pid: mc-worker       [    447093], ret:         20 } hitcount:          1
{ common_pid: mc-worker       [    447092], ret:         51 } hitcount:          1
{ common_pid: mc-worker       [    447097], ret:        125 } hitcount:          1
{ common_pid: mc-worker       [    447092], ret:        111 } hitcount:          1
{ common_pid: mc-worker       [    447096], ret:         13 } hitcount:          1
{ common_pid: mc-worker       [    447097], ret:         35 } hitcount:          1
{ common_pid: mc-worker       [    447097], ret:        116 } hitcount:          1
{ common_pid: mc-worker       [    447095], ret:        109 } hitcount:          1
{ common_pid: mc-worker       [    447094], ret:        102 } hitcount:          1
{ common_pid: mc-worker       [    447090], ret:        128 } hitcount:          1
{ common_pid: mc-worker       [    447092], ret:         76 } hitcount:          1
{ common_pid: mc-worker       [    447093], ret:         38 } hitcount:          1
{ common_pid: mc-worker       [    447094], ret:         41 } hitcount:          1
{ common_pid: mc-worker       [    447097], ret:         28 } hitcount:          1
{ common_pid: mc-worker       [    447095], ret:         49 } hitcount:          1
{ common_pid: mc-worker       [    447095], ret:         93 } hitcount:          1
{ common_pid: mc-worker       [    447093], ret:        109 } hitcount:          1
{ common_pid: mc-worker       [    447097], ret:         19 } hitcount:          1
{ common_pid: mc-worker       [    447094], ret:         11 } hitcount:          1
{ common_pid: mc-worker       [    447090], ret:         12 } hitcount:          1
{ common_pid: mc-worker       [    447091], ret:         18 } hitcount:          1
{ common_pid: mc-worker       [    447096], ret:         49 } hitcount:          1
{ common_pid: mc-worker       [    447093], ret:         31 } hitcount:          1
{ common_pid: mc-worker       [    447092], ret:         26 } hitcount:          1
{ common_pid: mc-worker       [    447095], ret:        128 } hitcount:          1
{ common_pid: mc-worker       [    447096], ret:         36 } hitcount:          1
{ common_pid: mc-worker       [    447093], ret:        127 } hitcount:          1
{ common_pid: mc-worker       [    447090], ret:         23 } hitcount:          1
{ common_pid: mc-worker       [    447092], ret:         50 } hitcount:          1
{ common_pid: mc-worker       [    447095], ret:         52 } hitcount:          1
{ common_pid: mc-worker       [    447095], ret:          9 } hitcount:          1
{ common_pid: mc-worker       [    447097], ret:         98 } hitcount:          1
{ common_pid: mc-worker       [    447097], ret:        110 } hitcount:          1
{ common_pid: mc-worker       [    447093], ret:        111 } hitcount:          1
{ common_pid: mc-worker       [    447093], ret:         16 } hitcount:          1
{ common_pid: mc-worker       [    447094], ret:        126 } hitcount:          1
{ common_pid: mc-worker       [    447090], ret:         33 } hitcount:          1
{ common_pid: mc-worker       [    447094], ret:         84 } hitcount:          1
{ common_pid: mc-worker       [    447090], ret:        102 } hitcount:          1
{ common_pid: mc-worker       [    447093], ret:         47 } hitcount:          1
{ common_pid: mc-worker       [    447090], ret:         15 } hitcount:          1
{ common_pid: mc-worker       [    447093], ret:         46 } hitcount:          1
{ common_pid: mc-worker       [    447095], ret:         14 } hitcount:          1
{ common_pid: mc-worker       [    447095], ret:         12 } hitcount:          1
{ common_pid: mc-worker       [    447097], ret:         74 } hitcount:          1
{ common_pid: mc-worker       [    447090], ret:         41 } hitcount:          1
{ common_pid: mc-worker       [    447092], ret:         23 } hitcount:          1
{ common_pid: mc-worker       [    447091], ret:         10 } hitcount:          2
{ common_pid: mc-worker       [    447097], ret:         48 } hitcount:          2
{ common_pid: mc-worker       [    447093], ret:         10 } hitcount:          2
{ common_pid: mc-worker       [    447090], ret:         53 } hitcount:          2
{ common_pid: mc-worker       [    447096], ret:         32 } hitcount:          2
{ common_pid: mc-worker       [    447094], ret:         48 } hitcount:          2
{ common_pid: mc-worker       [    447094], ret:         45 } hitcount:          2
{ common_pid: mc-worker       [    447091], ret:         48 } hitcount:          2
{ common_pid: mc-worker       [    447093], ret:         43 } hitcount:          2
{ common_pid: mc-worker       [    447097], ret:          7 } hitcount:          2
{ common_pid: mc-worker       [    447097], ret:         49 } hitcount:          2
{ common_pid: mc-worker       [    447097], ret:         40 } hitcount:          2
{ common_pid: mc-worker       [    447093], ret:         33 } hitcount:          2
{ common_pid: mc-worker       [    447096], ret:         53 } hitcount:          2
{ common_pid: mc-worker       [    447093], ret:         75 } hitcount:          2
{ common_pid: mc-worker       [    447092], ret:         74 } hitcount:          2
{ common_pid: mc-worker       [    447097], ret:         41 } hitcount:          2
{ common_pid: mc-worker       [    447094], ret:         38 } hitcount:          2
{ common_pid: mc-worker       [    447097], ret:        124 } hitcount:          2
{ common_pid: mc-worker       [    447093], ret:         85 } hitcount:          2
{ common_pid: mc-worker       [    447090], ret:         82 } hitcount:          2
{ common_pid: mc-worker       [    447092], ret:         53 } hitcount:          2
{ common_pid: mc-worker       [    447090], ret:         32 } hitcount:          2
{ common_pid: mc-worker       [    447097], ret:        120 } hitcount:          2
{ common_pid: mc-worker       [    447090], ret:        108 } hitcount:          2
{ common_pid: mc-worker       [    447096], ret:         46 } hitcount:          2
{ common_pid: mc-worker       [    447096], ret:         42 } hitcount:          2
{ common_pid: mc-worker       [    447097], ret:         73 } hitcount:          2
{ common_pid: mc-worker       [    447090], ret:          8 } hitcount:          2
{ common_pid: mc-worker       [    447097], ret:         13 } hitcount:          2
{ common_pid: mc-worker       [    447093], ret:         53 } hitcount:          2
{ common_pid: mc-worker       [    447096], ret:         47 } hitcount:          2
{ common_pid: mc-worker       [    447093], ret:         50 } hitcount:          2
{ common_pid: mc-worker       [    447095], ret:         53 } hitcount:          2
{ common_pid: mc-worker       [    447091], ret:         79 } hitcount:          2
{ common_pid: mc-worker       [    447091], ret:          8 } hitcount:          2
{ common_pid: mc-worker       [    447095], ret:         33 } hitcount:          2
{ common_pid: mc-worker       [    447095], ret:          6 } hitcount:          2
{ common_pid: mc-worker       [    447093], ret:          7 } hitcount:          2
{ common_pid: mc-worker       [    447093], ret:         74 } hitcount:          2
{ common_pid: mc-worker       [    447091], ret:         16 } hitcount:          2
{ common_pid: mc-worker       [    447094], ret:         20 } hitcount:          2
{ common_pid: mc-worker       [    447090], ret:        126 } hitcount:          2
{ common_pid: mc-worker       [    447095], ret:        127 } hitcount:          2
{ common_pid: mc-worker       [    447094], ret:          9 } hitcount:          2
{ common_pid: mc-worker       [    447094], ret:        128 } hitcount:          2
{ common_pid: mc-worker       [    447090], ret:         44 } hitcount:          2
{ common_pid: mc-worker       [    447097], ret:         31 } hitcount:          2
{ common_pid: mc-worker       [    447095], ret:         23 } hitcount:          2
{ common_pid: mc-worker       [    447090], ret:         75 } hitcount:          2
{ common_pid: mc-worker       [    447096], ret:         51 } hitcount:          3
{ common_pid: mc-worker       [    447096], ret:          6 } hitcount:          3
{ common_pid: mc-worker       [    447092], ret:          5 } hitcount:          3
{ common_pid: mc-worker       [    447095], ret:          5 } hitcount:          3
{ common_pid: mc-worker       [    447094], ret:         44 } hitcount:          3
{ common_pid: mc-worker       [    447097], ret:         42 } hitcount:          3
{ common_pid: mc-worker       [    447094], ret:          8 } hitcount:          3
{ common_pid: mc-worker       [    447094], ret:         52 } hitcount:          3
{ common_pid: mc-worker       [    447096], ret:         17 } hitcount:          3
{ common_pid: mc-worker       [    447095], ret:        126 } hitcount:          3
{ common_pid: mc-worker       [    447096], ret:         73 } hitcount:          3
{ common_pid: mc-worker       [    447092], ret:        125 } hitcount:          3
{ common_pid: mc-worker       [    447094], ret:         50 } hitcount:          3
{ common_pid: mc-worker       [    447097], ret:         25 } hitcount:          3
{ common_pid: mc-worker       [    447097], ret:          9 } hitcount:          3
{ common_pid: mc-worker       [    447090], ret:         45 } hitcount:          3
{ common_pid: mc-worker       [    447096], ret:          9 } hitcount:          3
{ common_pid: mc-worker       [    447097], ret:          8 } hitcount:          3
{ common_pid: mc-worker       [    447093], ret:         52 } hitcount:          3
{ common_pid: mc-worker       [    447097], ret:         51 } hitcount:          3
{ common_pid: mc-worker       [    447093], ret:         37 } hitcount:          3
{ common_pid: mc-worker       [    447094], ret:         37 } hitcount:          3
{ common_pid: mc-worker       [    447091], ret:          7 } hitcount:          3
{ common_pid: mc-worker       [    447096], ret:          7 } hitcount:          3
{ common_pid: mc-worker       [    447093], ret:         15 } hitcount:          3
{ common_pid: mc-worker       [    447094], ret:         32 } hitcount:          3
{ common_pid: mc-worker       [    447092], ret:         12 } hitcount:          3
{ common_pid: mc-worker       [    447090], ret:        127 } hitcount:          3
{ common_pid: mc-worker       [    447095], ret:         15 } hitcount:          3
{ common_pid: mc-worker       [    447090], ret:         51 } hitcount:          3
{ common_pid: mc-worker       [    447092], ret:         52 } hitcount:          3
{ common_pid: mc-worker       [    447090], ret:         42 } hitcount:          3
{ common_pid: mc-worker       [    447092], ret:          6 } hitcount:          3
{ common_pid: mc-worker       [    447093], ret:        128 } hitcount:          3
{ common_pid: mc-worker       [    447090], ret:         55 } hitcount:          4
{ common_pid: mc-worker       [    447097], ret:         52 } hitcount:          4
{ common_pid: mc-worker       [    447093], ret:         73 } hitcount:          4
{ common_pid: mc-worker       [    447091], ret:         74 } hitcount:          4
{ common_pid: mc-worker       [    447097], ret:          5 } hitcount:          4
{ common_pid: mc-worker       [    447093], ret:         54 } hitcount:          4
{ common_pid: mc-worker       [    447096], ret:         54 } hitcount:          4
{ common_pid: mc-worker       [    447090], ret:         46 } hitcount:          4
{ common_pid: mc-worker       [    447090], ret:         50 } hitcount:          4
{ common_pid: mc-worker       [    447097], ret:         54 } hitcount:          4
{ common_pid: mc-worker       [    447095], ret:         54 } hitcount:          4
{ common_pid: mc-worker       [    447093], ret:          6 } hitcount:          5
{ common_pid: mc-worker       [    447096], ret:          5 } hitcount:          5
{ common_pid: mc-worker       [    447090], ret:         74 } hitcount:          5
{ common_pid: mc-worker       [    447094], ret:         42 } hitcount:          5
{ common_pid: mc-worker       [    447092], ret:         54 } hitcount:          5
{ common_pid: mc-worker       [    447097], ret:         53 } hitcount:          5
{ common_pid: mc-worker       [    447092], ret:         73 } hitcount:          5
{ common_pid: mc-worker       [    447091], ret:         55 } hitcount:          5
{ common_pid: mc-worker       [    447092], ret:          7 } hitcount:          6
{ common_pid: mc-worker       [    447096], ret:        128 } hitcount:          6
{ common_pid: mc-worker       [    447094], ret:        127 } hitcount:          6
{ common_pid: mc-worker       [    447097], ret:          6 } hitcount:          6
{ common_pid: mc-worker       [    447095], ret:         73 } hitcount:          6
{ common_pid: mc-worker       [    447090], ret:         54 } hitcount:          6
{ common_pid: mc-worker       [    447090], ret:          6 } hitcount:          6
{ common_pid: mc-worker       [    447096], ret:         55 } hitcount:          6
{ common_pid: mc-worker       [    447091], ret:        128 } hitcount:          6
{ common_pid: mc-worker       [    447094], ret:         53 } hitcount:          7
{ common_pid: mc-worker       [    447091], ret:          6 } hitcount:          7
{ common_pid: mc-worker       [    447094], ret:         55 } hitcount:          7
{ common_pid: mc-worker       [    447097], ret:         55 } hitcount:          7
{ common_pid: mc-worker       [    447097], ret:         72 } hitcount:          8
{ common_pid: mc-worker       [    447094], ret:          7 } hitcount:          8
{ common_pid: mc-worker       [    447094], ret:         54 } hitcount:          8
{ common_pid: mc-worker       [    447095], ret:         72 } hitcount:          8
{ common_pid: mc-worker       [    447096], ret:         56 } hitcount:          9
{ common_pid: mc-worker       [    447090], ret:          7 } hitcount:          9
{ common_pid: mc-worker       [    447090], ret:         73 } hitcount:          9
{ common_pid: mc-worker       [    447093], ret:          5 } hitcount:          9
{ common_pid: mc-worker       [    447095], ret:          4 } hitcount:         10
{ common_pid: mc-worker       [    447094], ret:         73 } hitcount:         10
{ common_pid: mc-worker       [    447093], ret:         55 } hitcount:         10
{ common_pid: mc-worker       [    447091], ret:          5 } hitcount:         12
{ common_pid: mc-worker       [    447096], ret:         72 } hitcount:         12
{ common_pid: mc-worker       [    447092], ret:         55 } hitcount:         12
{ common_pid: mc-worker       [    447091], ret:         73 } hitcount:         13
{ common_pid: mc-worker       [    447093], ret:         56 } hitcount:         14
{ common_pid: mc-worker       [    447091], ret:         56 } hitcount:         14
{ common_pid: mc-worker       [    447094], ret:          6 } hitcount:         14
{ common_pid: mc-worker       [    447093], ret:         72 } hitcount:         14
{ common_pid: mc-worker       [    447097], ret:          4 } hitcount:         15
{ common_pid: mc-worker       [    447092], ret:          4 } hitcount:         16
{ common_pid: mc-worker       [    447094], ret:         56 } hitcount:         17
{ common_pid: mc-worker       [    447090], ret:          5 } hitcount:         18
{ common_pid: mc-worker       [    447095], ret:         56 } hitcount:         18
{ common_pid: mc-worker       [    447097], ret:         56 } hitcount:         20
{ common_pid: mc-worker       [    447094], ret:         72 } hitcount:         20
{ common_pid: mc-worker       [    447090], ret:         56 } hitcount:         21
{ common_pid: mc-worker       [    447092], ret:         72 } hitcount:         22
{ common_pid: mc-worker       [    447093], ret:          4 } hitcount:         22
{ common_pid: mc-worker       [    447096], ret:          4 } hitcount:         23
{ common_pid: mc-worker       [    447092], ret:         56 } hitcount:         24
{ common_pid: mc-worker       [    447091], ret:         72 } hitcount:         24
{ common_pid: mc-worker       [    447091], ret:          4 } hitcount:         25
{ common_pid: mc-worker       [    447094], ret:          5 } hitcount:         27
{ common_pid: mc-worker       [    447096], ret:         57 } hitcount:         33
{ common_pid: mc-worker       [    447097], ret:          3 } hitcount:         33
{ common_pid: mc-worker       [    447090], ret:         72 } hitcount:         34
{ common_pid: mc-worker       [    447090], ret:          4 } hitcount:         35
{ common_pid: mc-worker       [    447095], ret:          3 } hitcount:         36
{ common_pid: mc-worker       [    447093], ret:         57 } hitcount:         41
{ common_pid: mc-worker       [    447095], ret:         57 } hitcount:         41
{ common_pid: mc-worker       [    447096], ret:          3 } hitcount:         41
{ common_pid: mc-worker       [    447097], ret:         57 } hitcount:         42
{ common_pid: mc-worker       [    447094], ret:          4 } hitcount:         47
{ common_pid: mc-worker       [    447092], ret:         57 } hitcount:         47
{ common_pid: mc-worker       [    447093], ret:         71 } hitcount:         48
{ common_pid: mc-worker       [    447093], ret:          3 } hitcount:         49
{ common_pid: mc-worker       [    447095], ret:         71 } hitcount:         49
{ common_pid: mc-worker       [    447096], ret:         71 } hitcount:         49
{ common_pid: mc-worker       [    447094], ret:         71 } hitcount:         53
{ common_pid: mc-worker       [    447092], ret:          3 } hitcount:         55
{ common_pid: mc-worker       [    447094], ret:         57 } hitcount:         55
{ common_pid: mc-worker       [    447097], ret:         71 } hitcount:         56
{ common_pid: mc-worker       [    447092], ret:         71 } hitcount:         58
{ common_pid: mc-worker       [    447091], ret:          3 } hitcount:         61
{ common_pid: mc-worker       [    447090], ret:         57 } hitcount:         61
{ common_pid: mc-worker       [    447091], ret:         57 } hitcount:         64
{ common_pid: mc-worker       [    447094], ret:          3 } hitcount:         77
{ common_pid: mc-worker       [    447090], ret:         71 } hitcount:         79
{ common_pid: mc-worker       [    447090], ret:          3 } hitcount:         83
{ common_pid: mc-worker       [    447091], ret:         71 } hitcount:        101
{ common_pid: mc-worker       [    447096], ret:         58 } hitcount:        124
{ common_pid: mc-worker       [    447095], ret:         58 } hitcount:        138
{ common_pid: mc-worker       [    447092], ret:         58 } hitcount:        140
{ common_pid: mc-worker       [    447095], ret:          2 } hitcount:        142
{ common_pid: mc-worker       [    447097], ret:          2 } hitcount:        156
{ common_pid: mc-worker       [    447096], ret:         70 } hitcount:        156
{ common_pid: mc-worker       [    447097], ret:         58 } hitcount:        157
{ common_pid: mc-worker       [    447094], ret:         58 } hitcount:        161
{ common_pid: mc-worker       [    447095], ret:         70 } hitcount:        166
{ common_pid: mc-worker       [    447093], ret:         58 } hitcount:        169
{ common_pid: mc-worker       [    447097], ret:         70 } hitcount:        177
{ common_pid: mc-worker       [    447090], ret:         58 } hitcount:        187
{ common_pid: mc-worker       [    447092], ret:         70 } hitcount:        187
{ common_pid: mc-worker       [    447091], ret:          2 } hitcount:        191
{ common_pid: mc-worker       [    447092], ret:          2 } hitcount:        192
{ common_pid: mc-worker       [    447093], ret:         70 } hitcount:        192
{ common_pid: mc-worker       [    447091], ret:         58 } hitcount:        193
{ common_pid: mc-worker       [    447094], ret:          2 } hitcount:        193
{ common_pid: mc-worker       [    447096], ret:          2 } hitcount:        193
{ common_pid: mc-worker       [    447090], ret:         70 } hitcount:        211
{ common_pid: mc-worker       [    447093], ret:          2 } hitcount:        214
{ common_pid: mc-worker       [    447094], ret:         70 } hitcount:        216
{ common_pid: mc-worker       [    447090], ret:          2 } hitcount:        222
{ common_pid: mc-worker       [    447091], ret:         70 } hitcount:        257
{ common_pid: mc-worker       [    447096], ret:         59 } hitcount:        391
{ common_pid: mc-worker       [    447090], ret:         59 } hitcount:        471
{ common_pid: mc-worker       [    447097], ret:         59 } hitcount:        475
{ common_pid: mc-worker       [    447096], ret:         69 } hitcount:        475
{ common_pid: mc-worker       [    447095], ret:         59 } hitcount:        504
{ common_pid: mc-worker       [    447095], ret:         69 } hitcount:        509
{ common_pid: mc-worker       [    447097], ret:         69 } hitcount:        524
{ common_pid: mc-worker       [    447092], ret:         59 } hitcount:        534
{ common_pid: mc-worker       [    447094], ret:         59 } hitcount:        543
{ common_pid: mc-worker       [    447091], ret:         59 } hitcount:        545
{ common_pid: mc-worker       [    447093], ret:         69 } hitcount:        560
{ common_pid: mc-worker       [    447093], ret:         59 } hitcount:        564
{ common_pid: mc-worker       [    447090], ret:         69 } hitcount:        572
{ common_pid: mc-worker       [    447094], ret:         69 } hitcount:        574
{ common_pid: mc-worker       [    447092], ret:         69 } hitcount:        587
{ common_pid: mc-worker       [    447091], ret:         69 } hitcount:        671
{ common_pid: mc-worker       [    447092], ret:          1 } hitcount:       1065
{ common_pid: mc-worker       [    447094], ret:          1 } hitcount:       1074
{ common_pid: mc-worker       [    447096], ret:          1 } hitcount:       1088
{ common_pid: mc-worker       [    447091], ret:          1 } hitcount:       1102
{ common_pid: mc-worker       [    447095], ret:          1 } hitcount:       1170
{ common_pid: mc-worker       [    447090], ret:          1 } hitcount:       1230
{ common_pid: mc-worker       [    447097], ret:          1 } hitcount:       1301
{ common_pid: mc-worker       [    447093], ret:          1 } hitcount:       1322
{ common_pid: mc-worker       [    447096], ret:         68 } hitcount:       1382
{ common_pid: mc-worker       [    447097], ret:         68 } hitcount:       1383
{ common_pid: mc-worker       [    447096], ret:         60 } hitcount:       1405
{ common_pid: mc-worker       [    447094], ret:         68 } hitcount:       1409
{ common_pid: mc-worker       [    447090], ret:         60 } hitcount:       1409
{ common_pid: mc-worker       [    447097], ret:         60 } hitcount:       1457
{ common_pid: mc-worker       [    447094], ret:         60 } hitcount:       1470
{ common_pid: mc-worker       [    447095], ret:         60 } hitcount:       1489
{ common_pid: mc-worker       [    447090], ret:         68 } hitcount:       1490
{ common_pid: mc-worker       [    447092], ret:         60 } hitcount:       1493
{ common_pid: mc-worker       [    447091], ret:         60 } hitcount:       1532
{ common_pid: mc-worker       [    447092], ret:         68 } hitcount:       1541
{ common_pid: mc-worker       [    447095], ret:         68 } hitcount:       1576
{ common_pid: mc-worker       [    447093], ret:         68 } hitcount:       1599
{ common_pid: mc-worker       [    447093], ret:         60 } hitcount:       1630
{ common_pid: mc-worker       [    447091], ret:         68 } hitcount:       1732
{ common_pid: mc-worker       [    447094], ret:         67 } hitcount:       3214
{ common_pid: mc-worker       [    447090], ret:         67 } hitcount:       3452
{ common_pid: mc-worker       [    447090], ret:         61 } hitcount:       3501
{ common_pid: mc-worker       [    447096], ret:         67 } hitcount:       3577
{ common_pid: mc-worker       [    447092], ret:         67 } hitcount:       3590
{ common_pid: mc-worker       [    447097], ret:         67 } hitcount:       3617
{ common_pid: mc-worker       [    447094], ret:         61 } hitcount:       3650
{ common_pid: mc-worker       [    447091], ret:         67 } hitcount:       3673
{ common_pid: mc-worker       [    447095], ret:         67 } hitcount:       3727
{ common_pid: mc-worker       [    447092], ret:         61 } hitcount:       3727
{ common_pid: mc-worker       [    447091], ret:         61 } hitcount:       3759
{ common_pid: mc-worker       [    447095], ret:         61 } hitcount:       3777
{ common_pid: mc-worker       [    447093], ret:         67 } hitcount:       3809
{ common_pid: mc-worker       [    447097], ret:         61 } hitcount:       3909
{ common_pid: mc-worker       [    447096], ret:         61 } hitcount:       3940
{ common_pid: mc-worker       [    447093], ret:         61 } hitcount:       4235
{ common_pid: mc-worker       [    447090], ret:         66 } hitcount:       6933
{ common_pid: mc-worker       [    447094], ret:         66 } hitcount:       7082
{ common_pid: mc-worker       [    447091], ret:         66 } hitcount:       7172
{ common_pid: mc-worker       [    447095], ret:         66 } hitcount:       7436
{ common_pid: mc-worker       [    447092], ret:         66 } hitcount:       7590
{ common_pid: mc-worker       [    447093], ret:         66 } hitcount:       7632
{ common_pid: mc-worker       [    447097], ret:         66 } hitcount:       7668
{ common_pid: mc-worker       [    447090], ret:         62 } hitcount:       7718
{ common_pid: mc-worker       [    447096], ret:         66 } hitcount:       7762
{ common_pid: mc-worker       [    447091], ret:         62 } hitcount:       7881
{ common_pid: mc-worker       [    447094], ret:         62 } hitcount:       7959
{ common_pid: mc-worker       [    447092], ret:         62 } hitcount:       8017
{ common_pid: mc-worker       [    447095], ret:         62 } hitcount:       8333
{ common_pid: mc-worker       [    447097], ret:         62 } hitcount:       8342
{ common_pid: mc-worker       [    447096], ret:         62 } hitcount:       8628
{ common_pid: mc-worker       [    447093], ret:         62 } hitcount:       9125
{ common_pid: mc-worker       [    447095], ret:         65 } hitcount:      12525
{ common_pid: mc-worker       [    447091], ret:         65 } hitcount:      12527
{ common_pid: mc-worker       [    447094], ret:         65 } hitcount:      12717
{ common_pid: mc-worker       [    447090], ret:         65 } hitcount:      12793
{ common_pid: mc-worker       [    447092], ret:         65 } hitcount:      12941
{ common_pid: mc-worker       [    447096], ret:         65 } hitcount:      13342
{ common_pid: mc-worker       [    447097], ret:         65 } hitcount:      13379
{ common_pid: mc-worker       [    447093], ret:         65 } hitcount:      13414
{ common_pid: mc-worker       [    447091], ret:         63 } hitcount:      13463
{ common_pid: mc-worker       [    447095], ret:         63 } hitcount:      13504
{ common_pid: mc-worker       [    447092], ret:         63 } hitcount:      13631
{ common_pid: mc-worker       [    447094], ret:         63 } hitcount:      14021
{ common_pid: mc-worker       [    447090], ret:         63 } hitcount:      14048
{ common_pid: mc-worker       [    447096], ret:         63 } hitcount:      14348
{ common_pid: mc-worker       [    447097], ret:         63 } hitcount:      14362
{ common_pid: mc-worker       [    447093], ret:         63 } hitcount:      14741
{ common_pid: mc-worker       [    447095], ret:         64 } hitcount:      15496
{ common_pid: mc-worker       [    447092], ret:         64 } hitcount:      16101
{ common_pid: mc-worker       [    447091], ret:         64 } hitcount:      16682
{ common_pid: mc-worker       [    447096], ret:         64 } hitcount:      16833
{ common_pid: mc-worker       [    447097], ret:         64 } hitcount:      17049
{ common_pid: mc-worker       [    447094], ret:         64 } hitcount:      17061
{ common_pid: mc-worker       [    447093], ret:         64 } hitcount:      17178
{ common_pid: mc-worker       [    447090], ret:         64 } hitcount:      17334
