{ common_pid: mc-worker       [    421335], ret:        123 } hitcount:          1
{ common_pid: mc-worker       [    421334], ret:         61 } hitcount:          1
{ common_pid: mc-worker       [    421335], ret:         61 } hitcount:          1
{ common_pid: mc-worker       [    421336], ret:        231 } hitcount:          1
{ common_pid: mc-worker       [    421332], ret:        114 } hitcount:          1
{ common_pid: mc-worker       [    421335], ret:         35 } hitcount:          1
{ common_pid: mc-worker       [    421337], ret:        119 } hitcount:          1
{ common_pid: mc-worker       [    421334], ret:         50 } hitcount:          1
{ common_pid: mc-worker       [    421335], ret:        156 } hitcount:          1
{ common_pid: mc-worker       [    421336], ret:         52 } hitcount:          1
{ common_pid: mc-worker       [    421336], ret:         68 } hitcount:          1
{ common_pid: mc-worker       [    421331], ret:         37 } hitcount:          1
{ common_pid: mc-worker       [    421334], ret:         41 } hitcount:          1
{ common_pid: mc-worker       [    421331], ret:        117 } hitcount:          1
{ common_pid: mc-worker       [    421337], ret:         34 } hitcount:          1
{ common_pid: mc-worker       [    421337], ret:         71 } hitcount:          1
{ common_pid: mc-worker       [    421334], ret:        111 } hitcount:          1
{ common_pid: mc-worker       [    421337], ret:         50 } hitcount:          1
{ common_pid: mc-worker       [    421335], ret:        128 } hitcount:          1
{ common_pid: mc-worker       [    421333], ret:         64 } hitcount:          1
{ common_pid: mc-worker       [    421332], ret:        122 } hitcount:          1
{ common_pid: mc-worker       [    421335], ret:         74 } hitcount:          1
{ common_pid: mc-worker       [    421330], ret:        108 } hitcount:          1
{ common_pid: mc-worker       [    421331], ret:         57 } hitcount:          1
{ common_pid: mc-worker       [    421330], ret:         43 } hitcount:          1
{ common_pid: mc-worker       [    421334], ret:         69 } hitcount:          1
{ common_pid: mc-worker       [    421332], ret:        119 } hitcount:          1
{ common_pid: mc-worker       [    421330], ret:         42 } hitcount:          1
{ common_pid: mc-worker       [    421333], ret:         52 } hitcount:          1
{ common_pid: mc-worker       [    421330], ret:         68 } hitcount:          1
{ common_pid: mc-worker       [    421335], ret:         47 } hitcount:          1
{ common_pid: mc-worker       [    421331], ret:         41 } hitcount:          1
{ common_pid: mc-worker       [    421336], ret:         61 } hitcount:          1
{ common_pid: mc-worker       [    421330], ret:         44 } hitcount:          1
{ common_pid: mc-worker       [    421330], ret:         51 } hitcount:          1
{ common_pid: mc-worker       [    421336], ret:         45 } hitcount:          1
{ common_pid: mc-worker       [    421335], ret:         51 } hitcount:          1
{ common_pid: mc-worker       [    421336], ret:         66 } hitcount:          1
{ common_pid: mc-worker       [    421336], ret:         56 } hitcount:          1
{ common_pid: mc-worker       [    421336], ret:         60 } hitcount:          1
{ common_pid: mc-worker       [    421335], ret:         89 } hitcount:          1
{ common_pid: mc-worker       [    421331], ret:         87 } hitcount:          1
{ common_pid: mc-worker       [    421333], ret:        128 } hitcount:          1
{ common_pid: mc-worker       [    421337], ret:         61 } hitcount:          1
{ common_pid: mc-worker       [    421331], ret:        224 } hitcount:          1
{ common_pid: mc-worker       [    421330], ret:         49 } hitcount:          1
{ common_pid: mc-worker       [    421337], ret:         33 } hitcount:          1
{ common_pid: mc-worker       [    421331], ret:        157 } hitcount:          1
{ common_pid: mc-worker       [    421334], ret:         54 } hitcount:          1
{ common_pid: mc-worker       [    421336], ret:         59 } hitcount:          1
{ common_pid: mc-worker       [    421331], ret:         80 } hitcount:          1
{ common_pid: mc-worker       [    421331], ret:         69 } hitcount:          1
{ common_pid: mc-worker       [    421335], ret:         75 } hitcount:          1
{ common_pid: mc-worker       [    421333], ret:        118 } hitcount:          1
{ common_pid: mc-worker       [    421333], ret:         61 } hitcount:          1
{ common_pid: mc-worker       [    421337], ret:         64 } hitcount:          1
{ common_pid: mc-worker       [    421330], ret:         71 } hitcount:          1
{ common_pid: mc-worker       [    421332], ret:        120 } hitcount:          1
{ common_pid: mc-worker       [    421333], ret:         67 } hitcount:          1
{ common_pid: mc-worker       [    421335], ret:        107 } hitcount:          1
{ common_pid: mc-worker       [    421330], ret:         76 } hitcount:          1
{ common_pid: mc-worker       [    421333], ret:         53 } hitcount:          1
{ common_pid: mc-worker       [    421335], ret:         58 } hitcount:          1
{ common_pid: mc-worker       [    421336], ret:        256 } hitcount:          1
{ common_pid: mc-worker       [    421334], ret:         37 } hitcount:          1
{ common_pid: mc-worker       [    421337], ret:         52 } hitcount:          1
{ common_pid: mc-worker       [    421335], ret:         66 } hitcount:          1
{ common_pid: mc-worker       [    421336], ret:         50 } hitcount:          1
{ common_pid: mc-worker       [    421336], ret:         81 } hitcount:          1
{ common_pid: mc-worker       [    421331], ret:         55 } hitcount:          1
{ common_pid: mc-worker       [    421336], ret:        128 } hitcount:          1
{ common_pid: mc-worker       [    421332], ret:         66 } hitcount:          1
{ common_pid: mc-worker       [    421330], ret:         61 } hitcount:          1
{ common_pid: mc-worker       [    421336], ret:         58 } hitcount:          1
{ common_pid: mc-worker       [    421333], ret:         47 } hitcount:          1
{ common_pid: mc-worker       [    421334], ret:         62 } hitcount:          1
{ common_pid: mc-worker       [    421335], ret:         57 } hitcount:          1
{ common_pid: mc-worker       [    421336], ret:         62 } hitcount:          1
{ common_pid: mc-worker       [    421331], ret:         53 } hitcount:          1
{ common_pid: mc-worker       [    421330], ret:        118 } hitcount:          1
{ common_pid: mc-worker       [    421330], ret:         45 } hitcount:          1
{ common_pid: mc-worker       [    421337], ret:         65 } hitcount:          1
{ common_pid: mc-worker       [    421336], ret:         72 } hitcount:          1
{ common_pid: mc-worker       [    421334], ret:         76 } hitcount:          1
{ common_pid: mc-worker       [    421335], ret:         70 } hitcount:          1
{ common_pid: mc-worker       [    421334], ret:         55 } hitcount:          1
{ common_pid: mc-worker       [    421336], ret:        218 } hitcount:          1
{ common_pid: mc-worker       [    421334], ret:         78 } hitcount:          1
{ common_pid: mc-worker       [    421330], ret:         50 } hitcount:          1
{ common_pid: mc-worker       [    421335], ret:         46 } hitcount:          1
{ common_pid: mc-worker       [    421332], ret:         84 } hitcount:          1
{ common_pid: mc-worker       [    421335], ret:         41 } hitcount:          1
{ common_pid: mc-worker       [    421331], ret:        114 } hitcount:          1
{ common_pid: mc-worker       [    421330], ret:        126 } hitcount:          1
{ common_pid: mc-worker       [    421336], ret:        109 } hitcount:          1
{ common_pid: mc-worker       [    421337], ret:        180 } hitcount:          1
{ common_pid: mc-worker       [    421337], ret:         54 } hitcount:          1
{ common_pid: mc-worker       [    421336], ret:         57 } hitcount:          1
{ common_pid: mc-worker       [    421333], ret:         65 } hitcount:          1
{ common_pid: mc-worker       [    421332], ret:         37 } hitcount:          1
{ common_pid: mc-worker       [    421333], ret:         39 } hitcount:          1
{ common_pid: mc-worker       [    421332], ret:         46 } hitcount:          1
{ common_pid: mc-worker       [    421336], ret:         73 } hitcount:          1
{ common_pid: mc-worker       [    421337], ret:        113 } hitcount:          1
{ common_pid: mc-worker       [    421337], ret:        124 } hitcount:          1
{ common_pid: mc-worker       [    421331], ret:        256 } hitcount:          1
{ common_pid: mc-worker       [    421335], ret:         42 } hitcount:          1
{ common_pid: mc-worker       [    421330], ret:         64 } hitcount:          1
{ common_pid: mc-worker       [    421335], ret:         52 } hitcount:          1
{ common_pid: mc-worker       [    421332], ret:        106 } hitcount:          1
{ common_pid: mc-worker       [    421334], ret:        115 } hitcount:          1
{ common_pid: mc-worker       [    421337], ret:        254 } hitcount:          1
{ common_pid: mc-worker       [    421332], ret:         35 } hitcount:          1
{ common_pid: mc-worker       [    421330], ret:         40 } hitcount:          1
{ common_pid: mc-worker       [    421336], ret:         47 } hitcount:          1
{ common_pid: mc-worker       [    421336], ret:        104 } hitcount:          1
{ common_pid: mc-worker       [    421336], ret:        174 } hitcount:          1
{ common_pid: mc-worker       [    421332], ret:         32 } hitcount:          1
{ common_pid: mc-worker       [    421332], ret:         74 } hitcount:          1
{ common_pid: mc-worker       [    421330], ret:         58 } hitcount:          1
{ common_pid: mc-worker       [    421332], ret:        118 } hitcount:          1
{ common_pid: mc-worker       [    421332], ret:         40 } hitcount:          1
{ common_pid: mc-worker       [    421337], ret:        128 } hitcount:          1
{ common_pid: mc-worker       [    421333], ret:         85 } hitcount:          1
{ common_pid: mc-worker       [    421335], ret:         39 } hitcount:          1
{ common_pid: mc-worker       [    421334], ret:        107 } hitcount:          1
{ common_pid: mc-worker       [    421332], ret:        117 } hitcount:          1
{ common_pid: mc-worker       [    421333], ret:        167 } hitcount:          1
{ common_pid: mc-worker       [    421334], ret:        171 } hitcount:          1
{ common_pid: mc-worker       [    421333], ret:         41 } hitcount:          1
{ common_pid: mc-worker       [    421334], ret:         42 } hitcount:          1
{ common_pid: mc-worker       [    421333], ret:        115 } hitcount:          1
{ common_pid: mc-worker       [    421332], ret:         65 } hitcount:          1
{ common_pid: mc-worker       [    421330], ret:         48 } hitcount:          1
{ common_pid: mc-worker       [    421331], ret:        105 } hitcount:          1
{ common_pid: mc-worker       [    421331], ret:        112 } hitcount:          1
{ common_pid: mc-worker       [    421336], ret:         64 } hitcount:          1
{ common_pid: mc-worker       [    421334], ret:         66 } hitcount:          1
{ common_pid: mc-worker       [    421331], ret:         45 } hitcount:          1
{ common_pid: mc-worker       [    421334], ret:         49 } hitcount:          1
{ common_pid: mc-worker       [    421332], ret:        160 } hitcount:          1
{ common_pid: mc-worker       [    421333], ret:         37 } hitcount:          1
{ common_pid: mc-worker       [    421333], ret:        155 } hitcount:          1
{ common_pid: mc-worker       [    421336], ret:         69 } hitcount:          1
{ common_pid: mc-worker       [    421336], ret:        118 } hitcount:          1
{ common_pid: mc-worker       [    421330], ret:         56 } hitcount:          1
{ common_pid: mc-worker       [    421336], ret:         54 } hitcount:          1
{ common_pid: mc-worker       [    421335], ret:         93 } hitcount:          1
{ common_pid: mc-worker       [    421336], ret:         95 } hitcount:          1
{ common_pid: mc-worker       [    421336], ret:         55 } hitcount:          1
{ common_pid: mc-worker       [    421335], ret:         48 } hitcount:          1
{ common_pid: mc-worker       [    421334], ret:        120 } hitcount:          1
{ common_pid: mc-worker       [    421331], ret:         38 } hitcount:          1
{ common_pid: mc-worker       [    421330], ret:         47 } hitcount:          1
{ common_pid: mc-worker       [    421331], ret:         46 } hitcount:          1
{ common_pid: mc-worker       [    421333], ret:         38 } hitcount:          1
{ common_pid: mc-worker       [    421333], ret:         44 } hitcount:          1
{ common_pid: mc-worker       [    421334], ret:         45 } hitcount:          1
{ common_pid: mc-worker       [    421331], ret:         40 } hitcount:          1
{ common_pid: mc-worker       [    421332], ret:         47 } hitcount:          1
{ common_pid: mc-worker       [    421332], ret:         52 } hitcount:          2
{ common_pid: mc-worker       [    421334], ret:         64 } hitcount:          2
{ common_pid: mc-worker       [    421336], ret:         44 } hitcount:          2
{ common_pid: mc-worker       [    421336], ret:         48 } hitcount:          2
{ common_pid: mc-worker       [    421334], ret:         40 } hitcount:          2
{ common_pid: mc-worker       [    421331], ret:         31 } hitcount:          2
{ common_pid: mc-worker       [    421333], ret:         40 } hitcount:          2
{ common_pid: mc-worker       [    421332], ret:         29 } hitcount:          2
{ common_pid: mc-worker       [    421334], ret:         57 } hitcount:          2
{ common_pid: mc-worker       [    421334], ret:         34 } hitcount:          2
{ common_pid: mc-worker       [    421333], ret:         35 } hitcount:          2
{ common_pid: mc-worker       [    421331], ret:         35 } hitcount:          2
{ common_pid: mc-worker       [    421333], ret:         51 } hitcount:          2
{ common_pid: mc-worker       [    421332], ret:         38 } hitcount:          2
{ common_pid: mc-worker       [    421332], ret:         64 } hitcount:          2
{ common_pid: mc-worker       [    421335], ret:         53 } hitcount:          2
{ common_pid: mc-worker       [    421332], ret:         68 } hitcount:          2
{ common_pid: mc-worker       [    421334], ret:         38 } hitcount:          2
{ common_pid: mc-worker       [    421334], ret:         52 } hitcount:          2
{ common_pid: mc-worker       [    421331], ret:         32 } hitcount:          2
{ common_pid: mc-worker       [    421335], ret:         55 } hitcount:          2
{ common_pid: mc-worker       [    421335], ret:         36 } hitcount:          2
{ common_pid: mc-worker       [    421335], ret:         44 } hitcount:          2
{ common_pid: mc-worker       [    421335], ret:         60 } hitcount:          2
{ common_pid: mc-worker       [    421332], ret:         53 } hitcount:          2
{ common_pid: mc-worker       [    421332], ret:         54 } hitcount:          2
{ common_pid: mc-worker       [    421336], ret:         43 } hitcount:          2
{ common_pid: mc-worker       [    421330], ret:         46 } hitcount:          2
{ common_pid: mc-worker       [    421334], ret:         63 } hitcount:          2
{ common_pid: mc-worker       [    421334], ret:         67 } hitcount:          2
{ common_pid: mc-worker       [    421334], ret:         53 } hitcount:          2
{ common_pid: mc-worker       [    421337], ret:         42 } hitcount:          2
{ common_pid: mc-worker       [    421333], ret:         57 } hitcount:          2
{ common_pid: mc-worker       [    421334], ret:         68 } hitcount:          2
{ common_pid: mc-worker       [    421333], ret:         36 } hitcount:          2
{ common_pid: mc-worker       [    421335], ret:         40 } hitcount:          2
{ common_pid: mc-worker       [    421337], ret:         45 } hitcount:          2
{ common_pid: mc-worker       [    421333], ret:         55 } hitcount:          2
{ common_pid: mc-worker       [    421333], ret:         60 } hitcount:          2
{ common_pid: mc-worker       [    421332], ret:         48 } hitcount:          2
{ common_pid: mc-worker       [    421336], ret:         63 } hitcount:          2
{ common_pid: mc-worker       [    421335], ret:         59 } hitcount:          2
{ common_pid: mc-worker       [    421331], ret:         51 } hitcount:          2
{ common_pid: mc-worker       [    421336], ret:         96 } hitcount:          2
{ common_pid: mc-worker       [    421334], ret:         39 } hitcount:          2
{ common_pid: mc-worker       [    421330], ret:         37 } hitcount:          2
{ common_pid: mc-worker       [    421333], ret:         34 } hitcount:          2
{ common_pid: mc-worker       [    421335], ret:         30 } hitcount:          2
{ common_pid: mc-worker       [    421337], ret:         31 } hitcount:          2
{ common_pid: mc-worker       [    421331], ret:         34 } hitcount:          2
{ common_pid: mc-worker       [    421336], ret:         53 } hitcount:          2
{ common_pid: mc-worker       [    421337], ret:         53 } hitcount:          2
{ common_pid: mc-worker       [    421334], ret:         59 } hitcount:          2
{ common_pid: mc-worker       [    421335], ret:         29 } hitcount:          2
{ common_pid: mc-worker       [    421335], ret:         65 } hitcount:          2
{ common_pid: mc-worker       [    421337], ret:         29 } hitcount:          2
{ common_pid: mc-worker       [    421336], ret:         46 } hitcount:          2
{ common_pid: mc-worker       [    421336], ret:         65 } hitcount:          3
{ common_pid: mc-worker       [    421330], ret:         63 } hitcount:          3
{ common_pid: mc-worker       [    421335], ret:         56 } hitcount:          3
{ common_pid: mc-worker       [    421330], ret:         36 } hitcount:          3
{ common_pid: mc-worker       [    421330], ret:         38 } hitcount:          3
{ common_pid: mc-worker       [    421332], ret:         49 } hitcount:          3
{ common_pid: mc-worker       [    421336], ret:         41 } hitcount:          3
{ common_pid: mc-worker       [    421336], ret:         42 } hitcount:          3
{ common_pid: mc-worker       [    421332], ret:         62 } hitcount:          3
{ common_pid: mc-worker       [    421332], ret:         55 } hitcount:          3
{ common_pid: mc-worker       [    421335], ret:         64 } hitcount:          3
{ common_pid: mc-worker       [    421331], ret:         66 } hitcount:          3
{ common_pid: mc-worker       [    421334], ret:         43 } hitcount:          3
{ common_pid: mc-worker       [    421336], ret:         40 } hitcount:          3
{ common_pid: mc-worker       [    421331], ret:         30 } hitcount:          3
{ common_pid: mc-worker       [    421334], ret:         58 } hitcount:          3
{ common_pid: mc-worker       [    421332], ret:         50 } hitcount:          3
{ common_pid: mc-worker       [    421335], ret:         33 } hitcount:          3
{ common_pid: mc-worker       [    421332], ret:         51 } hitcount:          3
{ common_pid: mc-worker       [    421337], ret:         58 } hitcount:          3
{ common_pid: mc-worker       [    421332], ret:         59 } hitcount:          3
{ common_pid: mc-worker       [    421335], ret:         37 } hitcount:          3
{ common_pid: mc-worker       [    421335], ret:         54 } hitcount:          4
{ common_pid: mc-worker       [    421330], ret:         33 } hitcount:          4
{ common_pid: mc-worker       [    421333], ret:         33 } hitcount:          4
{ common_pid: mc-worker       [    421332], ret:         34 } hitcount:          4
{ common_pid: mc-worker       [    421333], ret:         31 } hitcount:          4
{ common_pid: mc-worker       [    421336], ret:         39 } hitcount:          4
{ common_pid: mc-worker       [    421331], ret:         33 } hitcount:          4
{ common_pid: mc-worker       [    421332], ret:         56 } hitcount:          4
{ common_pid: mc-worker       [    421335], ret:         34 } hitcount:          4
{ common_pid: mc-worker       [    421335], ret:         32 } hitcount:          4
{ common_pid: mc-worker       [    421336], ret:         38 } hitcount:          4
{ common_pid: mc-worker       [    421332], ret:         63 } hitcount:          4
{ common_pid: mc-worker       [    421332], ret:         57 } hitcount:          4
{ common_pid: mc-worker       [    421330], ret:         35 } hitcount:          4
{ common_pid: mc-worker       [    421334], ret:         60 } hitcount:          4
{ common_pid: mc-worker       [    421332], ret:         33 } hitcount:          4
{ common_pid: mc-worker       [    421332], ret:         61 } hitcount:          4
{ common_pid: mc-worker       [    421333], ret:         32 } hitcount:          4
{ common_pid: mc-worker       [    421331], ret:         29 } hitcount:          4
{ common_pid: mc-worker       [    421334], ret:         33 } hitcount:          4
{ common_pid: mc-worker       [    421330], ret:         39 } hitcount:          4
{ common_pid: mc-worker       [    421334], ret:         35 } hitcount:          4
{ common_pid: mc-worker       [    421330], ret:         32 } hitcount:          5
{ common_pid: mc-worker       [    421334], ret:         36 } hitcount:          5
{ common_pid: mc-worker       [    421332], ret:         31 } hitcount:          5
{ common_pid: mc-worker       [    421331], ret:         28 } hitcount:          5
{ common_pid: mc-worker       [    421337], ret:         30 } hitcount:          6
{ common_pid: mc-worker       [    421333], ret:         28 } hitcount:          6
{ common_pid: mc-worker       [    421332], ret:         60 } hitcount:          6
{ common_pid: mc-worker       [    421334], ret:         32 } hitcount:          6
{ common_pid: mc-worker       [    421333], ret:         29 } hitcount:          6
{ common_pid: mc-worker       [    421331], ret:         27 } hitcount:          6
{ common_pid: mc-worker       [    421334], ret:         31 } hitcount:          7
{ common_pid: mc-worker       [    421331], ret:         26 } hitcount:          7
{ common_pid: mc-worker       [    421337], ret:         27 } hitcount:          7
{ common_pid: mc-worker       [    421335], ret:         28 } hitcount:          7
{ common_pid: mc-worker       [    421335], ret:         27 } hitcount:          7
{ common_pid: mc-worker       [    421332], ret:         30 } hitcount:          7
{ common_pid: mc-worker       [    421337], ret:         28 } hitcount:          8
{ common_pid: mc-worker       [    421330], ret:         31 } hitcount:          9
{ common_pid: mc-worker       [    421337], ret:         26 } hitcount:          9
{ common_pid: mc-worker       [    421336], ret:         37 } hitcount:          9
{ common_pid: mc-worker       [    421332], ret:         58 } hitcount:          9
{ common_pid: mc-worker       [    421335], ret:         26 } hitcount:          9
{ common_pid: mc-worker       [    421334], ret:         30 } hitcount:         10
{ common_pid: mc-worker       [    421333], ret:         30 } hitcount:         10
{ common_pid: mc-worker       [    421336], ret:         34 } hitcount:         10
{ common_pid: mc-worker       [    421330], ret:         30 } hitcount:         10
{ common_pid: mc-worker       [    421332], ret:         28 } hitcount:         10
{ common_pid: mc-worker       [    421332], ret:         27 } hitcount:         11
{ common_pid: mc-worker       [    421336], ret:         35 } hitcount:         11
{ common_pid: mc-worker       [    421336], ret:         36 } hitcount:         11
{ common_pid: mc-worker       [    421332], ret:         26 } hitcount:         12
{ common_pid: mc-worker       [    421331], ret:         25 } hitcount:         12
{ common_pid: mc-worker       [    421334], ret:         29 } hitcount:         12
{ common_pid: mc-worker       [    421336], ret:         33 } hitcount:         12
{ common_pid: mc-worker       [    421336], ret:         30 } hitcount:         14
{ common_pid: mc-worker       [    421335], ret:         25 } hitcount:         14
{ common_pid: mc-worker       [    421337], ret:         24 } hitcount:         15
{ common_pid: mc-worker       [    421336], ret:         31 } hitcount:         15
{ common_pid: mc-worker       [    421331], ret:         24 } hitcount:         16
{ common_pid: mc-worker       [    421333], ret:         27 } hitcount:         16
{ common_pid: mc-worker       [    421331], ret:         22 } hitcount:         17
{ common_pid: mc-worker       [    421331], ret:         23 } hitcount:         18
{ common_pid: mc-worker       [    421334], ret:         27 } hitcount:         19
{ common_pid: mc-worker       [    421332], ret:         25 } hitcount:         20
{ common_pid: mc-worker       [    421336], ret:         32 } hitcount:         20
{ common_pid: mc-worker       [    421333], ret:         26 } hitcount:         20
{ common_pid: mc-worker       [    421337], ret:         25 } hitcount:         21
{ common_pid: mc-worker       [    421334], ret:         28 } hitcount:         21
{ common_pid: mc-worker       [    421335], ret:         24 } hitcount:         21
{ common_pid: mc-worker       [    421330], ret:         29 } hitcount:         22
{ common_pid: mc-worker       [    421333], ret:         25 } hitcount:         23
{ common_pid: mc-worker       [    421330], ret:         28 } hitcount:         25
{ common_pid: mc-worker       [    421335], ret:         23 } hitcount:         25
{ common_pid: mc-worker       [    421336], ret:         29 } hitcount:         25
{ common_pid: mc-worker       [    421330], ret:         27 } hitcount:         27
{ common_pid: mc-worker       [    421334], ret:         26 } hitcount:         27
{ common_pid: mc-worker       [    421337], ret:         23 } hitcount:         27
{ common_pid: mc-worker       [    421336], ret:         27 } hitcount:         31
{ common_pid: mc-worker       [    421330], ret:         26 } hitcount:         32
{ common_pid: mc-worker       [    421332], ret:         24 } hitcount:         32
{ common_pid: mc-worker       [    421333], ret:         24 } hitcount:         34
{ common_pid: mc-worker       [    421334], ret:         25 } hitcount:         37
{ common_pid: mc-worker       [    421333], ret:         23 } hitcount:         37
{ common_pid: mc-worker       [    421331], ret:         21 } hitcount:         38
{ common_pid: mc-worker       [    421337], ret:         22 } hitcount:         39
{ common_pid: mc-worker       [    421335], ret:         22 } hitcount:         40
{ common_pid: mc-worker       [    421335], ret:         21 } hitcount:         45
{ common_pid: mc-worker       [    421332], ret:         23 } hitcount:         45
{ common_pid: mc-worker       [    421336], ret:         28 } hitcount:         45
{ common_pid: mc-worker       [    421337], ret:         21 } hitcount:         47
{ common_pid: mc-worker       [    421331], ret:         20 } hitcount:         48
{ common_pid: mc-worker       [    421333], ret:         22 } hitcount:         50
{ common_pid: mc-worker       [    421332], ret:         22 } hitcount:         55
{ common_pid: mc-worker       [    421330], ret:         25 } hitcount:         57
{ common_pid: mc-worker       [    421336], ret:         26 } hitcount:         59
{ common_pid: mc-worker       [    421334], ret:         24 } hitcount:         61
{ common_pid: mc-worker       [    421336], ret:         25 } hitcount:         65
{ common_pid: mc-worker       [    421336], ret:         24 } hitcount:         71
{ common_pid: mc-worker       [    421333], ret:         21 } hitcount:         73
{ common_pid: mc-worker       [    421337], ret:         20 } hitcount:         73
{ common_pid: mc-worker       [    421334], ret:         23 } hitcount:         80
{ common_pid: mc-worker       [    421331], ret:         19 } hitcount:         80
{ common_pid: mc-worker       [    421330], ret:         24 } hitcount:         82
{ common_pid: mc-worker       [    421332], ret:         21 } hitcount:         82
{ common_pid: mc-worker       [    421335], ret:         20 } hitcount:         89
{ common_pid: mc-worker       [    421337], ret:         19 } hitcount:         93
{ common_pid: mc-worker       [    421333], ret:         20 } hitcount:        100
{ common_pid: mc-worker       [    421330], ret:         23 } hitcount:        104
{ common_pid: mc-worker       [    421334], ret:         22 } hitcount:        107
{ common_pid: mc-worker       [    421336], ret:         23 } hitcount:        116
{ common_pid: mc-worker       [    421331], ret:         18 } hitcount:        117
{ common_pid: mc-worker       [    421332], ret:         20 } hitcount:        121
{ common_pid: mc-worker       [    421335], ret:         19 } hitcount:        122
{ common_pid: mc-worker       [    421337], ret:         18 } hitcount:        124
{ common_pid: mc-worker       [    421332], ret:         19 } hitcount:        147
{ common_pid: mc-worker       [    421330], ret:         22 } hitcount:        151
{ common_pid: mc-worker       [    421334], ret:         21 } hitcount:        159
{ common_pid: mc-worker       [    421336], ret:         22 } hitcount:        160
{ common_pid: mc-worker       [    421333], ret:         19 } hitcount:        163
{ common_pid: mc-worker       [    421335], ret:         18 } hitcount:        167
{ common_pid: mc-worker       [    421331], ret:         17 } hitcount:        176
{ common_pid: mc-worker       [    421334], ret:         20 } hitcount:        178
{ common_pid: mc-worker       [    421330], ret:         21 } hitcount:        189
{ common_pid: mc-worker       [    421337], ret:         17 } hitcount:        207
{ common_pid: mc-worker       [    421333], ret:         18 } hitcount:        212
{ common_pid: mc-worker       [    421336], ret:         21 } hitcount:        226
{ common_pid: mc-worker       [    421334], ret:         19 } hitcount:        238
{ common_pid: mc-worker       [    421335], ret:         17 } hitcount:        247
{ common_pid: mc-worker       [    421332], ret:         18 } hitcount:        249
{ common_pid: mc-worker       [    421336], ret:         20 } hitcount:        263
{ common_pid: mc-worker       [    421330], ret:         20 } hitcount:        275
{ common_pid: mc-worker       [    421331], ret:         16 } hitcount:        279
{ common_pid: mc-worker       [    421337], ret:         16 } hitcount:        297
{ common_pid: mc-worker       [    421333], ret:         17 } hitcount:        325
{ common_pid: mc-worker       [    421335], ret:         16 } hitcount:        346
{ common_pid: mc-worker       [    421332], ret:         17 } hitcount:        356
{ common_pid: mc-worker       [    421330], ret:         19 } hitcount:        368
{ common_pid: mc-worker       [    421331], ret:         15 } hitcount:        387
{ common_pid: mc-worker       [    421334], ret:         18 } hitcount:        391
{ common_pid: mc-worker       [    421336], ret:         19 } hitcount:        420
{ common_pid: mc-worker       [    421333], ret:         16 } hitcount:        456
{ common_pid: mc-worker       [    421337], ret:         15 } hitcount:        467
{ common_pid: mc-worker       [    421336], ret:         18 } hitcount:        509
{ common_pid: mc-worker       [    421332], ret:         16 } hitcount:        519
{ common_pid: mc-worker       [    421330], ret:         18 } hitcount:        547
{ common_pid: mc-worker       [    421335], ret:         15 } hitcount:        568
{ common_pid: mc-worker       [    421334], ret:         17 } hitcount:        568
{ common_pid: mc-worker       [    421331], ret:         14 } hitcount:        657
{ common_pid: mc-worker       [    421336], ret:         17 } hitcount:        676
{ common_pid: mc-worker       [    421333], ret:         15 } hitcount:        704
{ common_pid: mc-worker       [    421337], ret:         14 } hitcount:        719
{ common_pid: mc-worker       [    421332], ret:         15 } hitcount:        791
{ common_pid: mc-worker       [    421334], ret:         16 } hitcount:        800
{ common_pid: mc-worker       [    421330], ret:         17 } hitcount:        805
{ common_pid: mc-worker       [    421335], ret:         14 } hitcount:        832
{ common_pid: mc-worker       [    421336], ret:         16 } hitcount:        958
{ common_pid: mc-worker       [    421331], ret:         13 } hitcount:       1027
{ common_pid: mc-worker       [    421330], ret:         16 } hitcount:       1046
{ common_pid: mc-worker       [    421334], ret:         15 } hitcount:       1073
{ common_pid: mc-worker       [    421333], ret:         14 } hitcount:       1099
{ common_pid: mc-worker       [    421332], ret:         14 } hitcount:       1145
{ common_pid: mc-worker       [    421337], ret:         13 } hitcount:       1197
{ common_pid: mc-worker       [    421335], ret:         13 } hitcount:       1339
{ common_pid: mc-worker       [    421336], ret:         15 } hitcount:       1414
{ common_pid: mc-worker       [    421330], ret:         15 } hitcount:       1504
{ common_pid: mc-worker       [    421333], ret:         13 } hitcount:       1599
{ common_pid: mc-worker       [    421334], ret:         14 } hitcount:       1612
{ common_pid: mc-worker       [    421331], ret:         12 } hitcount:       1639
{ common_pid: mc-worker       [    421332], ret:         13 } hitcount:       1751
{ common_pid: mc-worker       [    421337], ret:         12 } hitcount:       1845
{ common_pid: mc-worker       [    421336], ret:         14 } hitcount:       2018
{ common_pid: mc-worker       [    421335], ret:         12 } hitcount:       2111
{ common_pid: mc-worker       [    421330], ret:         14 } hitcount:       2192
{ common_pid: mc-worker       [    421334], ret:         13 } hitcount:       2286
{ common_pid: mc-worker       [    421333], ret:         12 } hitcount:       2507
{ common_pid: mc-worker       [    421331], ret:         11 } hitcount:       2657
{ common_pid: mc-worker       [    421332], ret:         12 } hitcount:       2680
{ common_pid: mc-worker       [    421336], ret:         13 } hitcount:       2836
{ common_pid: mc-worker       [    421337], ret:         11 } hitcount:       2912
{ common_pid: mc-worker       [    421330], ret:         13 } hitcount:       3150
{ common_pid: mc-worker       [    421335], ret:         11 } hitcount:       3454
{ common_pid: mc-worker       [    421334], ret:         12 } hitcount:       3547
{ common_pid: mc-worker       [    421333], ret:         11 } hitcount:       3837
{ common_pid: mc-worker       [    421336], ret:         12 } hitcount:       4290
{ common_pid: mc-worker       [    421332], ret:         11 } hitcount:       4330
{ common_pid: mc-worker       [    421330], ret:         12 } hitcount:       4453
{ common_pid: mc-worker       [    421331], ret:         10 } hitcount:       4544
{ common_pid: mc-worker       [    421337], ret:         10 } hitcount:       4872
{ common_pid: mc-worker       [    421334], ret:         11 } hitcount:       5275
{ common_pid: mc-worker       [    421335], ret:         10 } hitcount:       5554
{ common_pid: mc-worker       [    421333], ret:         10 } hitcount:       6114
{ common_pid: mc-worker       [    421336], ret:         11 } hitcount:       6407
{ common_pid: mc-worker       [    421330], ret:         11 } hitcount:       6657
{ common_pid: mc-worker       [    421332], ret:         10 } hitcount:       6871
{ common_pid: mc-worker       [    421331], ret:          9 } hitcount:       7718
{ common_pid: mc-worker       [    421334], ret:         10 } hitcount:       7999
{ common_pid: mc-worker       [    421337], ret:          9 } hitcount:       8216
{ common_pid: mc-worker       [    421335], ret:          9 } hitcount:       9302
{ common_pid: mc-worker       [    421336], ret:         10 } hitcount:       9681
{ common_pid: mc-worker       [    421330], ret:         10 } hitcount:       9755
{ common_pid: mc-worker       [    421333], ret:          9 } hitcount:       9825
{ common_pid: mc-worker       [    421332], ret:          9 } hitcount:      11058
{ common_pid: mc-worker       [    421334], ret:          9 } hitcount:      12111
{ common_pid: mc-worker       [    421331], ret:          8 } hitcount:      13441
{ common_pid: mc-worker       [    421337], ret:          8 } hitcount:      13871
{ common_pid: mc-worker       [    421330], ret:          9 } hitcount:      14537
{ common_pid: mc-worker       [    421336], ret:          9 } hitcount:      15066
{ common_pid: mc-worker       [    421335], ret:          8 } hitcount:      15683
{ common_pid: mc-worker       [    421333], ret:          8 } hitcount:      15965
{ common_pid: mc-worker       [    421332], ret:          8 } hitcount:      17952
{ common_pid: mc-worker       [    421334], ret:          8 } hitcount:      19380
{ common_pid: mc-worker       [    421330], ret:          8 } hitcount:      21958
{ common_pid: mc-worker       [    421336], ret:          8 } hitcount:      23015
{ common_pid: mc-worker       [    421331], ret:          7 } hitcount:      23755
{ common_pid: mc-worker       [    421337], ret:          7 } hitcount:      23916
{ common_pid: mc-worker       [    421333], ret:          7 } hitcount:      26341
{ common_pid: mc-worker       [    421335], ret:          7 } hitcount:      26849
{ common_pid: mc-worker       [    421332], ret:          7 } hitcount:      29654
{ common_pid: mc-worker       [    421334], ret:          7 } hitcount:      30788
{ common_pid: mc-worker       [    421330], ret:          7 } hitcount:      33492
{ common_pid: mc-worker       [    421336], ret:          7 } hitcount:      35795
{ common_pid: mc-worker       [    421331], ret:          6 } hitcount:      42123
{ common_pid: mc-worker       [    421337], ret:          6 } hitcount:      42210
{ common_pid: mc-worker       [    421333], ret:          6 } hitcount:      44234
{ common_pid: mc-worker       [    421335], ret:          6 } hitcount:      45924
{ common_pid: mc-worker       [    421332], ret:          6 } hitcount:      49918
{ common_pid: mc-worker       [    421334], ret:          6 } hitcount:      50108
{ common_pid: mc-worker       [    421330], ret:          6 } hitcount:      52290
{ common_pid: mc-worker       [    421336], ret:          6 } hitcount:      57136
{ common_pid: mc-worker       [    421337], ret:          5 } hitcount:      75628
{ common_pid: mc-worker       [    421333], ret:          5 } hitcount:      76412
{ common_pid: mc-worker       [    421331], ret:          5 } hitcount:      76570
{ common_pid: mc-worker       [    421335], ret:          5 } hitcount:      80381
{ common_pid: mc-worker       [    421334], ret:          5 } hitcount:      83002
{ common_pid: mc-worker       [    421330], ret:          5 } hitcount:      83341
{ common_pid: mc-worker       [    421332], ret:          5 } hitcount:      85726
{ common_pid: mc-worker       [    421336], ret:          5 } hitcount:      91339
{ common_pid: mc-worker       [    421333], ret:          4 } hitcount:     132578
{ common_pid: mc-worker       [    421330], ret:          4 } hitcount:     133911
{ common_pid: mc-worker       [    421337], ret:          4 } hitcount:     135847
{ common_pid: mc-worker       [    421334], ret:          4 } hitcount:     138685
{ common_pid: mc-worker       [    421331], ret:          4 } hitcount:     140845
{ common_pid: mc-worker       [    421335], ret:          4 } hitcount:     143363
{ common_pid: mc-worker       [    421336], ret:          4 } hitcount:     146106
{ common_pid: mc-worker       [    421332], ret:          4 } hitcount:     146634
{ common_pid: mc-worker       [    421330], ret:          3 } hitcount:     205723
{ common_pid: mc-worker       [    421334], ret:          3 } hitcount:     222307
{ common_pid: mc-worker       [    421333], ret:          3 } hitcount:     222667
{ common_pid: mc-worker       [    421336], ret:          3 } hitcount:     225938
{ common_pid: mc-worker       [    421337], ret:          3 } hitcount:     232246
{ common_pid: mc-worker       [    421332], ret:          3 } hitcount:     240359
{ common_pid: mc-worker       [    421335], ret:          3 } hitcount:     240601
{ common_pid: mc-worker       [    421331], ret:          3 } hitcount:     244995
{ common_pid: mc-worker       [    421330], ret:          2 } hitcount:     290391
{ common_pid: mc-worker       [    421336], ret:          2 } hitcount:     315597
{ common_pid: mc-worker       [    421334], ret:          2 } hitcount:     324418
{ common_pid: mc-worker       [    421333], ret:          2 } hitcount:     337928
{ common_pid: mc-worker       [    421330], ret:          1 } hitcount:     349986
{ common_pid: mc-worker       [    421332], ret:          2 } hitcount:     356015
{ common_pid: mc-worker       [    421337], ret:          2 } hitcount:     358388
{ common_pid: mc-worker       [    421335], ret:          2 } hitcount:     365410
{ common_pid: mc-worker       [    421336], ret:          1 } hitcount:     374734
{ common_pid: mc-worker       [    421331], ret:          2 } hitcount:     387283
{ common_pid: mc-worker       [    421334], ret:          1 } hitcount:     401741
{ common_pid: mc-worker       [    421333], ret:          1 } hitcount:     436763
{ common_pid: mc-worker       [    421332], ret:          1 } hitcount:     446171
{ common_pid: mc-worker       [    421337], ret:          1 } hitcount:     468086
{ common_pid: mc-worker       [    421335], ret:          1 } hitcount:     469849
{ common_pid: mc-worker       [    421331], ret:          1 } hitcount:     513322
