{ common_pid: mc-worker       [    157150], ret:         37 } hitcount:          1
{ common_pid: mc-worker       [    157155], ret:        256 } hitcount:          1
{ common_pid: mc-worker       [    157153], ret:         55 } hitcount:          1
{ common_pid: mc-worker       [    157150], ret:        116 } hitcount:          1
{ common_pid: mc-worker       [    157149], ret:         39 } hitcount:          1
{ common_pid: mc-worker       [    157150], ret:        120 } hitcount:          1
{ common_pid: mc-worker       [    157149], ret:         48 } hitcount:          1
{ common_pid: mc-worker       [    157154], ret:         59 } hitcount:          1
{ common_pid: mc-worker       [    157154], ret:        119 } hitcount:          1
{ common_pid: mc-worker       [    157153], ret:        109 } hitcount:          1
{ common_pid: mc-worker       [    157150], ret:         41 } hitcount:          1
{ common_pid: mc-worker       [    157155], ret:         53 } hitcount:          1
{ common_pid: mc-worker       [    157148], ret:         51 } hitcount:          1
{ common_pid: mc-worker       [    157153], ret:         45 } hitcount:          1
{ common_pid: mc-worker       [    157152], ret:         38 } hitcount:          1
{ common_pid: mc-worker       [    157153], ret:         63 } hitcount:          1
{ common_pid: mc-worker       [    157151], ret:         48 } hitcount:          1
{ common_pid: mc-worker       [    157154], ret:         58 } hitcount:          1
{ common_pid: mc-worker       [    157155], ret:         45 } hitcount:          1
{ common_pid: mc-worker       [    157150], ret:        124 } hitcount:          1
{ common_pid: mc-worker       [    157153], ret:         60 } hitcount:          1
{ common_pid: mc-worker       [    157152], ret:         42 } hitcount:          1
{ common_pid: mc-worker       [    157155], ret:         38 } hitcount:          1
{ common_pid: mc-worker       [    157155], ret:         79 } hitcount:          1
{ common_pid: mc-worker       [    157155], ret:         58 } hitcount:          1
{ common_pid: mc-worker       [    157152], ret:        256 } hitcount:          1
{ common_pid: mc-worker       [    157155], ret:         67 } hitcount:          1
{ common_pid: mc-worker       [    157154], ret:        107 } hitcount:          1
{ common_pid: mc-worker       [    157151], ret:         50 } hitcount:          1
{ common_pid: mc-worker       [    157154], ret:         43 } hitcount:          1
{ common_pid: mc-worker       [    157151], ret:         47 } hitcount:          1
{ common_pid: mc-worker       [    157155], ret:        128 } hitcount:          1
{ common_pid: mc-worker       [    157148], ret:         47 } hitcount:          1
{ common_pid: mc-worker       [    157154], ret:         51 } hitcount:          1
{ common_pid: mc-worker       [    157151], ret:         37 } hitcount:          1
{ common_pid: mc-worker       [    157151], ret:        122 } hitcount:          1
{ common_pid: mc-worker       [    157148], ret:         92 } hitcount:          1
{ common_pid: mc-worker       [    157152], ret:         39 } hitcount:          1
{ common_pid: mc-worker       [    157154], ret:        127 } hitcount:          1
{ common_pid: mc-worker       [    157153], ret:        111 } hitcount:          1
{ common_pid: mc-worker       [    157149], ret:        124 } hitcount:          1
{ common_pid: mc-worker       [    157152], ret:        268 } hitcount:          1
{ common_pid: mc-worker       [    157148], ret:         59 } hitcount:          1
{ common_pid: mc-worker       [    157154], ret:         55 } hitcount:          1
{ common_pid: mc-worker       [    157148], ret:         45 } hitcount:          1
{ common_pid: mc-worker       [    157150], ret:         49 } hitcount:          1
{ common_pid: mc-worker       [    157154], ret:         99 } hitcount:          1
{ common_pid: mc-worker       [    157151], ret:         57 } hitcount:          1
{ common_pid: mc-worker       [    157149], ret:         44 } hitcount:          1
{ common_pid: mc-worker       [    157153], ret:         62 } hitcount:          1
{ common_pid: mc-worker       [    157153], ret:         42 } hitcount:          1
{ common_pid: mc-worker       [    157150], ret:         48 } hitcount:          1
{ common_pid: mc-worker       [    157151], ret:        115 } hitcount:          1
{ common_pid: mc-worker       [    157149], ret:        127 } hitcount:          1
{ common_pid: mc-worker       [    157151], ret:         43 } hitcount:          1
{ common_pid: mc-worker       [    157154], ret:         53 } hitcount:          1
{ common_pid: mc-worker       [    157148], ret:        117 } hitcount:          1
{ common_pid: mc-worker       [    157155], ret:        155 } hitcount:          1
{ common_pid: mc-worker       [    157151], ret:        114 } hitcount:          1
{ common_pid: mc-worker       [    157151], ret:         96 } hitcount:          1
{ common_pid: mc-worker       [    157149], ret:         64 } hitcount:          1
{ common_pid: mc-worker       [    157151], ret:         61 } hitcount:          1
{ common_pid: mc-worker       [    157153], ret:        110 } hitcount:          1
{ common_pid: mc-worker       [    157149], ret:         50 } hitcount:          1
{ common_pid: mc-worker       [    157151], ret:         45 } hitcount:          1
{ common_pid: mc-worker       [    157149], ret:         41 } hitcount:          1
{ common_pid: mc-worker       [    157155], ret:         55 } hitcount:          1
{ common_pid: mc-worker       [    157155], ret:         47 } hitcount:          1
{ common_pid: mc-worker       [    157155], ret:         66 } hitcount:          1
{ common_pid: mc-worker       [    157149], ret:        118 } hitcount:          1
{ common_pid: mc-worker       [    157153], ret:        128 } hitcount:          1
{ common_pid: mc-worker       [    157150], ret:         95 } hitcount:          1
{ common_pid: mc-worker       [    157149], ret:         43 } hitcount:          1
{ common_pid: mc-worker       [    157151], ret:         77 } hitcount:          1
{ common_pid: mc-worker       [    157151], ret:        126 } hitcount:          1
{ common_pid: mc-worker       [    157148], ret:         55 } hitcount:          1
{ common_pid: mc-worker       [    157148], ret:         40 } hitcount:          1
{ common_pid: mc-worker       [    157152], ret:         47 } hitcount:          1
{ common_pid: mc-worker       [    157155], ret:         42 } hitcount:          1
{ common_pid: mc-worker       [    157150], ret:         56 } hitcount:          1
{ common_pid: mc-worker       [    157148], ret:         65 } hitcount:          1
{ common_pid: mc-worker       [    157149], ret:         62 } hitcount:          1
{ common_pid: mc-worker       [    157153], ret:         57 } hitcount:          1
{ common_pid: mc-worker       [    157153], ret:         43 } hitcount:          1
{ common_pid: mc-worker       [    157151], ret:        102 } hitcount:          1
{ common_pid: mc-worker       [    157151], ret:         58 } hitcount:          1
{ common_pid: mc-worker       [    157150], ret:         51 } hitcount:          1
{ common_pid: mc-worker       [    157149], ret:         99 } hitcount:          1
{ common_pid: mc-worker       [    157154], ret:         46 } hitcount:          2
{ common_pid: mc-worker       [    157154], ret:         66 } hitcount:          2
{ common_pid: mc-worker       [    157153], ret:         52 } hitcount:          2
{ common_pid: mc-worker       [    157148], ret:        127 } hitcount:          2
{ common_pid: mc-worker       [    157154], ret:         39 } hitcount:          2
{ common_pid: mc-worker       [    157151], ret:         42 } hitcount:          2
{ common_pid: mc-worker       [    157153], ret:         40 } hitcount:          2
{ common_pid: mc-worker       [    157151], ret:         40 } hitcount:          2
{ common_pid: mc-worker       [    157150], ret:         39 } hitcount:          2
{ common_pid: mc-worker       [    157155], ret:         49 } hitcount:          2
{ common_pid: mc-worker       [    157153], ret:         47 } hitcount:          2
{ common_pid: mc-worker       [    157151], ret:         55 } hitcount:          2
{ common_pid: mc-worker       [    157149], ret:         46 } hitcount:          2
{ common_pid: mc-worker       [    157153], ret:         49 } hitcount:          2
{ common_pid: mc-worker       [    157155], ret:         54 } hitcount:          2
{ common_pid: mc-worker       [    157153], ret:         54 } hitcount:          2
{ common_pid: mc-worker       [    157154], ret:         37 } hitcount:          2
{ common_pid: mc-worker       [    157155], ret:         46 } hitcount:          2
{ common_pid: mc-worker       [    157148], ret:         42 } hitcount:          2
{ common_pid: mc-worker       [    157149], ret:         45 } hitcount:          2
{ common_pid: mc-worker       [    157153], ret:         46 } hitcount:          2
{ common_pid: mc-worker       [    157151], ret:         39 } hitcount:          2
{ common_pid: mc-worker       [    157154], ret:         42 } hitcount:          2
{ common_pid: mc-worker       [    157149], ret:         55 } hitcount:          2
{ common_pid: mc-worker       [    157154], ret:         45 } hitcount:          2
{ common_pid: mc-worker       [    157152], ret:         40 } hitcount:          2
{ common_pid: mc-worker       [    157151], ret:         44 } hitcount:          3
{ common_pid: mc-worker       [    157155], ret:         51 } hitcount:          3
{ common_pid: mc-worker       [    157155], ret:         44 } hitcount:          3
{ common_pid: mc-worker       [    157154], ret:         41 } hitcount:          3
{ common_pid: mc-worker       [    157153], ret:         41 } hitcount:          3
{ common_pid: mc-worker       [    157152], ret:         37 } hitcount:          3
{ common_pid: mc-worker       [    157150], ret:         36 } hitcount:          3
{ common_pid: mc-worker       [    157153], ret:         38 } hitcount:          3
{ common_pid: mc-worker       [    157151], ret:         41 } hitcount:          3
{ common_pid: mc-worker       [    157149], ret:         40 } hitcount:          3
{ common_pid: mc-worker       [    157155], ret:         43 } hitcount:          3
{ common_pid: mc-worker       [    157153], ret:         39 } hitcount:          4
{ common_pid: mc-worker       [    157154], ret:         36 } hitcount:          4
{ common_pid: mc-worker       [    157151], ret:         38 } hitcount:          4
{ common_pid: mc-worker       [    157149], ret:         38 } hitcount:          4
{ common_pid: mc-worker       [    157155], ret:         40 } hitcount:          4
{ common_pid: mc-worker       [    157150], ret:         46 } hitcount:          4
{ common_pid: mc-worker       [    157155], ret:         41 } hitcount:          4
{ common_pid: mc-worker       [    157150], ret:         38 } hitcount:          4
{ common_pid: mc-worker       [    157148], ret:         38 } hitcount:          5
{ common_pid: mc-worker       [    157150], ret:         34 } hitcount:          5
{ common_pid: mc-worker       [    157155], ret:         39 } hitcount:          6
{ common_pid: mc-worker       [    157149], ret:         37 } hitcount:          6
{ common_pid: mc-worker       [    157152], ret:         36 } hitcount:          6
{ common_pid: mc-worker       [    157151], ret:         36 } hitcount:          7
{ common_pid: mc-worker       [    157150], ret:         35 } hitcount:          7
{ common_pid: mc-worker       [    157154], ret:         35 } hitcount:          7
{ common_pid: mc-worker       [    157154], ret:         38 } hitcount:          8
{ common_pid: mc-worker       [    157148], ret:         37 } hitcount:          9
{ common_pid: mc-worker       [    157151], ret:         35 } hitcount:          9
{ common_pid: mc-worker       [    157149], ret:         36 } hitcount:          9
{ common_pid: mc-worker       [    157155], ret:         37 } hitcount:          9
{ common_pid: mc-worker       [    157148], ret:         36 } hitcount:         11
{ common_pid: mc-worker       [    157152], ret:         35 } hitcount:         11
{ common_pid: mc-worker       [    157155], ret:         36 } hitcount:         13
{ common_pid: mc-worker       [    157153], ret:         37 } hitcount:         13
{ common_pid: mc-worker       [    157153], ret:         36 } hitcount:         13
{ common_pid: mc-worker       [    157149], ret:         35 } hitcount:         14
{ common_pid: mc-worker       [    157151], ret:         34 } hitcount:         16
{ common_pid: mc-worker       [    157150], ret:         33 } hitcount:         17
{ common_pid: mc-worker       [    157155], ret:         35 } hitcount:         19
{ common_pid: mc-worker       [    157152], ret:         34 } hitcount:         19
{ common_pid: mc-worker       [    157148], ret:         35 } hitcount:         20
{ common_pid: mc-worker       [    157154], ret:         34 } hitcount:         23
{ common_pid: mc-worker       [    157153], ret:         35 } hitcount:         23
{ common_pid: mc-worker       [    157149], ret:         34 } hitcount:         24
{ common_pid: mc-worker       [    157152], ret:         33 } hitcount:         28
{ common_pid: mc-worker       [    157148], ret:         34 } hitcount:         30
{ common_pid: mc-worker       [    157155], ret:         34 } hitcount:         31
{ common_pid: mc-worker       [    157151], ret:         33 } hitcount:         33
{ common_pid: mc-worker       [    157150], ret:         32 } hitcount:         36
{ common_pid: mc-worker       [    157149], ret:         33 } hitcount:         39
{ common_pid: mc-worker       [    157152], ret:         32 } hitcount:         40
{ common_pid: mc-worker       [    157154], ret:         33 } hitcount:         44
{ common_pid: mc-worker       [    157153], ret:         34 } hitcount:         46
{ common_pid: mc-worker       [    157151], ret:         32 } hitcount:         47
{ common_pid: mc-worker       [    157148], ret:         33 } hitcount:         47
{ common_pid: mc-worker       [    157153], ret:         33 } hitcount:         48
{ common_pid: mc-worker       [    157150], ret:         31 } hitcount:         51
{ common_pid: mc-worker       [    157155], ret:         33 } hitcount:         53
{ common_pid: mc-worker       [    157154], ret:         32 } hitcount:         59
{ common_pid: mc-worker       [    157149], ret:         32 } hitcount:         66
{ common_pid: mc-worker       [    157154], ret:         31 } hitcount:         70
{ common_pid: mc-worker       [    157155], ret:         32 } hitcount:         72
{ common_pid: mc-worker       [    157151], ret:         31 } hitcount:         73
{ common_pid: mc-worker       [    157148], ret:         32 } hitcount:         78
{ common_pid: mc-worker       [    157153], ret:         32 } hitcount:         86
{ common_pid: mc-worker       [    157152], ret:         31 } hitcount:         90
{ common_pid: mc-worker       [    157150], ret:         30 } hitcount:         93
{ common_pid: mc-worker       [    157149], ret:         31 } hitcount:        105
{ common_pid: mc-worker       [    157152], ret:         30 } hitcount:        127
{ common_pid: mc-worker       [    157148], ret:         31 } hitcount:        132
{ common_pid: mc-worker       [    157155], ret:         31 } hitcount:        140
{ common_pid: mc-worker       [    157151], ret:         30 } hitcount:        140
{ common_pid: mc-worker       [    157153], ret:         31 } hitcount:        164
{ common_pid: mc-worker       [    157150], ret:         29 } hitcount:        169
{ common_pid: mc-worker       [    157154], ret:         30 } hitcount:        172
{ common_pid: mc-worker       [    157152], ret:         29 } hitcount:        182
{ common_pid: mc-worker       [    157149], ret:         30 } hitcount:        185
{ common_pid: mc-worker       [    157155], ret:         30 } hitcount:        203
{ common_pid: mc-worker       [    157150], ret:         28 } hitcount:        223
{ common_pid: mc-worker       [    157148], ret:         30 } hitcount:        226
{ common_pid: mc-worker       [    157154], ret:         29 } hitcount:        239
{ common_pid: mc-worker       [    157151], ret:         29 } hitcount:        250
{ common_pid: mc-worker       [    157153], ret:         30 } hitcount:        255
{ common_pid: mc-worker       [    157149], ret:         29 } hitcount:        276
{ common_pid: mc-worker       [    157152], ret:         28 } hitcount:        329
{ common_pid: mc-worker       [    157155], ret:         29 } hitcount:        337
{ common_pid: mc-worker       [    157148], ret:         29 } hitcount:        344
{ common_pid: mc-worker       [    157154], ret:         28 } hitcount:        345
{ common_pid: mc-worker       [    157151], ret:         28 } hitcount:        366
{ common_pid: mc-worker       [    157150], ret:         27 } hitcount:        399
{ common_pid: mc-worker       [    157149], ret:         28 } hitcount:        406
{ common_pid: mc-worker       [    157153], ret:         29 } hitcount:        407
{ common_pid: mc-worker       [    157152], ret:         27 } hitcount:        491
{ common_pid: mc-worker       [    157148], ret:         28 } hitcount:        500
{ common_pid: mc-worker       [    157151], ret:         27 } hitcount:        536
{ common_pid: mc-worker       [    157155], ret:         28 } hitcount:        551
{ common_pid: mc-worker       [    157154], ret:         27 } hitcount:        575
{ common_pid: mc-worker       [    157150], ret:         26 } hitcount:        580
{ common_pid: mc-worker       [    157153], ret:         28 } hitcount:        589
{ common_pid: mc-worker       [    157149], ret:         27 } hitcount:        638
{ common_pid: mc-worker       [    157155], ret:         27 } hitcount:        753
{ common_pid: mc-worker       [    157148], ret:         27 } hitcount:        791
{ common_pid: mc-worker       [    157152], ret:         26 } hitcount:        793
{ common_pid: mc-worker       [    157151], ret:         26 } hitcount:        793
{ common_pid: mc-worker       [    157154], ret:         26 } hitcount:        835
{ common_pid: mc-worker       [    157153], ret:         27 } hitcount:        886
{ common_pid: mc-worker       [    157150], ret:         25 } hitcount:        888
{ common_pid: mc-worker       [    157149], ret:         26 } hitcount:        987
{ common_pid: mc-worker       [    157155], ret:         26 } hitcount:       1075
{ common_pid: mc-worker       [    157148], ret:         26 } hitcount:       1079
{ common_pid: mc-worker       [    157152], ret:         25 } hitcount:       1106
{ common_pid: mc-worker       [    157153], ret:         26 } hitcount:       1170
{ common_pid: mc-worker       [    157151], ret:         25 } hitcount:       1205
{ common_pid: mc-worker       [    157154], ret:         25 } hitcount:       1213
{ common_pid: mc-worker       [    157150], ret:         24 } hitcount:       1309
{ common_pid: mc-worker       [    157149], ret:         25 } hitcount:       1417
{ common_pid: mc-worker       [    157155], ret:         25 } hitcount:       1433
{ common_pid: mc-worker       [    157148], ret:         25 } hitcount:       1540
{ common_pid: mc-worker       [    157152], ret:         24 } hitcount:       1567
{ common_pid: mc-worker       [    157153], ret:         25 } hitcount:       1585
{ common_pid: mc-worker       [    157151], ret:         24 } hitcount:       1699
{ common_pid: mc-worker       [    157154], ret:         24 } hitcount:       1802
{ common_pid: mc-worker       [    157149], ret:         24 } hitcount:       1867
{ common_pid: mc-worker       [    157150], ret:         23 } hitcount:       1933
{ common_pid: mc-worker       [    157155], ret:         24 } hitcount:       1991
{ common_pid: mc-worker       [    157153], ret:         24 } hitcount:       2123
{ common_pid: mc-worker       [    157148], ret:         24 } hitcount:       2146
{ common_pid: mc-worker       [    157152], ret:         23 } hitcount:       2183
{ common_pid: mc-worker       [    157151], ret:         23 } hitcount:       2383
{ common_pid: mc-worker       [    157154], ret:         23 } hitcount:       2425
{ common_pid: mc-worker       [    157149], ret:         23 } hitcount:       2517
{ common_pid: mc-worker       [    157150], ret:         22 } hitcount:       2657
{ common_pid: mc-worker       [    157155], ret:         23 } hitcount:       2735
{ common_pid: mc-worker       [    157148], ret:         23 } hitcount:       2871
{ common_pid: mc-worker       [    157152], ret:         22 } hitcount:       3043
{ common_pid: mc-worker       [    157153], ret:         23 } hitcount:       3047
{ common_pid: mc-worker       [    157151], ret:         22 } hitcount:       3167
{ common_pid: mc-worker       [    157154], ret:         22 } hitcount:       3268
{ common_pid: mc-worker       [    157150], ret:         21 } hitcount:       3469
{ common_pid: mc-worker       [    157149], ret:         22 } hitcount:       3505
{ common_pid: mc-worker       [    157155], ret:         22 } hitcount:       3693
{ common_pid: mc-worker       [    157148], ret:         22 } hitcount:       3832
{ common_pid: mc-worker       [    157153], ret:         22 } hitcount:       3835
{ common_pid: mc-worker       [    157152], ret:         21 } hitcount:       3933
{ common_pid: mc-worker       [    157154], ret:         21 } hitcount:       4099
{ common_pid: mc-worker       [    157151], ret:         21 } hitcount:       4128
{ common_pid: mc-worker       [    157149], ret:         21 } hitcount:       4338
{ common_pid: mc-worker       [    157155], ret:         21 } hitcount:       4430
{ common_pid: mc-worker       [    157150], ret:         20 } hitcount:       4456
{ common_pid: mc-worker       [    157148], ret:         21 } hitcount:       4499
{ common_pid: mc-worker       [    157153], ret:         21 } hitcount:       4610
{ common_pid: mc-worker       [    157152], ret:         20 } hitcount:       4814
{ common_pid: mc-worker       [    157151], ret:         20 } hitcount:       4940
{ common_pid: mc-worker       [    157154], ret:         20 } hitcount:       4961
{ common_pid: mc-worker       [    157149], ret:         20 } hitcount:       5251
{ common_pid: mc-worker       [    157150], ret:         19 } hitcount:       5362
{ common_pid: mc-worker       [    157155], ret:         20 } hitcount:       5419
{ common_pid: mc-worker       [    157153], ret:         20 } hitcount:       5436
{ common_pid: mc-worker       [    157148], ret:         20 } hitcount:       5438
{ common_pid: mc-worker       [    157152], ret:         19 } hitcount:       5767
{ common_pid: mc-worker       [    157151], ret:         19 } hitcount:       5770
{ common_pid: mc-worker       [    157155], ret:         19 } hitcount:       5961
{ common_pid: mc-worker       [    157154], ret:         19 } hitcount:       5989
{ common_pid: mc-worker       [    157153], ret:         19 } hitcount:       6028
{ common_pid: mc-worker       [    157149], ret:         19 } hitcount:       6034
{ common_pid: mc-worker       [    157148], ret:         19 } hitcount:       6212
{ common_pid: mc-worker       [    157148], ret:         12 } hitcount:       6242
{ common_pid: mc-worker       [    157151], ret:         18 } hitcount:       6358
{ common_pid: mc-worker       [    157152], ret:         18 } hitcount:       6366
{ common_pid: mc-worker       [    157150], ret:         18 } hitcount:       6376
{ common_pid: mc-worker       [    157153], ret:         12 } hitcount:       6424
{ common_pid: mc-worker       [    157153], ret:         18 } hitcount:       6443
{ common_pid: mc-worker       [    157148], ret:         13 } hitcount:       6545
{ common_pid: mc-worker       [    157155], ret:         12 } hitcount:       6545
{ common_pid: mc-worker       [    157155], ret:         18 } hitcount:       6575
{ common_pid: mc-worker       [    157149], ret:         18 } hitcount:       6611
{ common_pid: mc-worker       [    157154], ret:         18 } hitcount:       6622
{ common_pid: mc-worker       [    157153], ret:         13 } hitcount:       6626
{ common_pid: mc-worker       [    157149], ret:         11 } hitcount:       6632
{ common_pid: mc-worker       [    157148], ret:         11 } hitcount:       6685
{ common_pid: mc-worker       [    157149], ret:         12 } hitcount:       6699
{ common_pid: mc-worker       [    157153], ret:         11 } hitcount:       6726
{ common_pid: mc-worker       [    157154], ret:         11 } hitcount:       6777
{ common_pid: mc-worker       [    157151], ret:         12 } hitcount:       6792
{ common_pid: mc-worker       [    157148], ret:         18 } hitcount:       6801
{ common_pid: mc-worker       [    157154], ret:         12 } hitcount:       6802
{ common_pid: mc-worker       [    157152], ret:         11 } hitcount:       6810
{ common_pid: mc-worker       [    157151], ret:         11 } hitcount:       6816
{ common_pid: mc-worker       [    157153], ret:         17 } hitcount:       6827
{ common_pid: mc-worker       [    157155], ret:         13 } hitcount:       6852
{ common_pid: mc-worker       [    157155], ret:         11 } hitcount:       6895
{ common_pid: mc-worker       [    157153], ret:         14 } hitcount:       6914
{ common_pid: mc-worker       [    157151], ret:         17 } hitcount:       6919
{ common_pid: mc-worker       [    157152], ret:         17 } hitcount:       6929
{ common_pid: mc-worker       [    157149], ret:         13 } hitcount:       6930
{ common_pid: mc-worker       [    157155], ret:         17 } hitcount:       6968
{ common_pid: mc-worker       [    157155], ret:         16 } hitcount:       7007
{ common_pid: mc-worker       [    157153], ret:         16 } hitcount:       7023
{ common_pid: mc-worker       [    157148], ret:         10 } hitcount:       7045
{ common_pid: mc-worker       [    157148], ret:         14 } hitcount:       7046
{ common_pid: mc-worker       [    157153], ret:         15 } hitcount:       7054
{ common_pid: mc-worker       [    157152], ret:         12 } hitcount:       7060
{ common_pid: mc-worker       [    157154], ret:         17 } hitcount:       7065
{ common_pid: mc-worker       [    157148], ret:         15 } hitcount:       7072
{ common_pid: mc-worker       [    157154], ret:         10 } hitcount:       7103
{ common_pid: mc-worker       [    157150], ret:         17 } hitcount:       7103
{ common_pid: mc-worker       [    157149], ret:         10 } hitcount:       7132
{ common_pid: mc-worker       [    157150], ret:         11 } hitcount:       7135
{ common_pid: mc-worker       [    157154], ret:         13 } hitcount:       7140
{ common_pid: mc-worker       [    157150], ret:         10 } hitcount:       7146
{ common_pid: mc-worker       [    157152], ret:         10 } hitcount:       7159
{ common_pid: mc-worker       [    157149], ret:         17 } hitcount:       7166
{ common_pid: mc-worker       [    157148], ret:         16 } hitcount:       7173
{ common_pid: mc-worker       [    157148], ret:         17 } hitcount:       7187
{ common_pid: mc-worker       [    157155], ret:         15 } hitcount:       7189
{ common_pid: mc-worker       [    157155], ret:         14 } hitcount:       7213
{ common_pid: mc-worker       [    157150], ret:         12 } hitcount:       7223
{ common_pid: mc-worker       [    157151], ret:         13 } hitcount:       7240
{ common_pid: mc-worker       [    157151], ret:         10 } hitcount:       7276
{ common_pid: mc-worker       [    157149], ret:         14 } hitcount:       7306
{ common_pid: mc-worker       [    157151], ret:         14 } hitcount:       7372
{ common_pid: mc-worker       [    157155], ret:         10 } hitcount:       7418
{ common_pid: mc-worker       [    157154], ret:         14 } hitcount:       7494
{ common_pid: mc-worker       [    157152], ret:         13 } hitcount:       7499
{ common_pid: mc-worker       [    157151], ret:         16 } hitcount:       7557
{ common_pid: mc-worker       [    157149], ret:         16 } hitcount:       7558
{ common_pid: mc-worker       [    157154], ret:         15 } hitcount:       7560
{ common_pid: mc-worker       [    157154], ret:         16 } hitcount:       7575
{ common_pid: mc-worker       [    157149], ret:         15 } hitcount:       7629
{ common_pid: mc-worker       [    157152], ret:         16 } hitcount:       7631
{ common_pid: mc-worker       [    157150], ret:          9 } hitcount:       7676
{ common_pid: mc-worker       [    157152], ret:         14 } hitcount:       7682
{ common_pid: mc-worker       [    157153], ret:         10 } hitcount:       7703
{ common_pid: mc-worker       [    157151], ret:         15 } hitcount:       7738
{ common_pid: mc-worker       [    157150], ret:         13 } hitcount:       7780
{ common_pid: mc-worker       [    157150], ret:         16 } hitcount:       7804
{ common_pid: mc-worker       [    157152], ret:         15 } hitcount:       7836
{ common_pid: mc-worker       [    157150], ret:         15 } hitcount:       8014
{ common_pid: mc-worker       [    157154], ret:          9 } hitcount:       8050
{ common_pid: mc-worker       [    157151], ret:          9 } hitcount:       8125
{ common_pid: mc-worker       [    157150], ret:         14 } hitcount:       8145
{ common_pid: mc-worker       [    157152], ret:          9 } hitcount:       8157
{ common_pid: mc-worker       [    157149], ret:          9 } hitcount:       8198
{ common_pid: mc-worker       [    157155], ret:          9 } hitcount:       8577
{ common_pid: mc-worker       [    157148], ret:          9 } hitcount:       8588
{ common_pid: mc-worker       [    157153], ret:          9 } hitcount:       8816
{ common_pid: mc-worker       [    157150], ret:          8 } hitcount:       9256
{ common_pid: mc-worker       [    157152], ret:          8 } hitcount:       9557
{ common_pid: mc-worker       [    157149], ret:          8 } hitcount:       9765
{ common_pid: mc-worker       [    157154], ret:          8 } hitcount:       9834
{ common_pid: mc-worker       [    157151], ret:          8 } hitcount:       9842
{ common_pid: mc-worker       [    157148], ret:          8 } hitcount:       9915
{ common_pid: mc-worker       [    157155], ret:          8 } hitcount:      10152
{ common_pid: mc-worker       [    157153], ret:          8 } hitcount:      10538
{ common_pid: mc-worker       [    157150], ret:          7 } hitcount:      11172
{ common_pid: mc-worker       [    157152], ret:          7 } hitcount:      11547
{ common_pid: mc-worker       [    157149], ret:          7 } hitcount:      11734
{ common_pid: mc-worker       [    157151], ret:          7 } hitcount:      11789
{ common_pid: mc-worker       [    157154], ret:          7 } hitcount:      11926
{ common_pid: mc-worker       [    157148], ret:          7 } hitcount:      12019
{ common_pid: mc-worker       [    157155], ret:          7 } hitcount:      12067
{ common_pid: mc-worker       [    157153], ret:          7 } hitcount:      12285
{ common_pid: mc-worker       [    157150], ret:          6 } hitcount:      14000
{ common_pid: mc-worker       [    157152], ret:          6 } hitcount:      14157
{ common_pid: mc-worker       [    157151], ret:          6 } hitcount:      14219
{ common_pid: mc-worker       [    157154], ret:          6 } hitcount:      14303
{ common_pid: mc-worker       [    157148], ret:          6 } hitcount:      14520
{ common_pid: mc-worker       [    157149], ret:          6 } hitcount:      14522
{ common_pid: mc-worker       [    157153], ret:          6 } hitcount:      14543
{ common_pid: mc-worker       [    157155], ret:          6 } hitcount:      14606
{ common_pid: mc-worker       [    157150], ret:          5 } hitcount:      17608
{ common_pid: mc-worker       [    157154], ret:          5 } hitcount:      17705
{ common_pid: mc-worker       [    157152], ret:          5 } hitcount:      17842
{ common_pid: mc-worker       [    157148], ret:          5 } hitcount:      17939
{ common_pid: mc-worker       [    157149], ret:          5 } hitcount:      17970
{ common_pid: mc-worker       [    157151], ret:          5 } hitcount:      17971
{ common_pid: mc-worker       [    157153], ret:          5 } hitcount:      18011
{ common_pid: mc-worker       [    157155], ret:          5 } hitcount:      18015
{ common_pid: mc-worker       [    157150], ret:          4 } hitcount:      22925
{ common_pid: mc-worker       [    157151], ret:          4 } hitcount:      23040
{ common_pid: mc-worker       [    157149], ret:          4 } hitcount:      23139
{ common_pid: mc-worker       [    157152], ret:          4 } hitcount:      23385
{ common_pid: mc-worker       [    157148], ret:          4 } hitcount:      23434
{ common_pid: mc-worker       [    157155], ret:          4 } hitcount:      23583
{ common_pid: mc-worker       [    157154], ret:          4 } hitcount:      23632
{ common_pid: mc-worker       [    157153], ret:          4 } hitcount:      23661
{ common_pid: mc-worker       [    157150], ret:          3 } hitcount:      32342
{ common_pid: mc-worker       [    157152], ret:          3 } hitcount:      32618
{ common_pid: mc-worker       [    157154], ret:          3 } hitcount:      32718
{ common_pid: mc-worker       [    157151], ret:          3 } hitcount:      32733
{ common_pid: mc-worker       [    157149], ret:          3 } hitcount:      32862
{ common_pid: mc-worker       [    157155], ret:          3 } hitcount:      32925
{ common_pid: mc-worker       [    157148], ret:          3 } hitcount:      32986
{ common_pid: mc-worker       [    157153], ret:          3 } hitcount:      33326
{ common_pid: mc-worker       [    157154], ret:          2 } hitcount:      48082
{ common_pid: mc-worker       [    157150], ret:          2 } hitcount:      48171
{ common_pid: mc-worker       [    157148], ret:          2 } hitcount:      48502
{ common_pid: mc-worker       [    157153], ret:          2 } hitcount:      48563
{ common_pid: mc-worker       [    157151], ret:          2 } hitcount:      48586
{ common_pid: mc-worker       [    157155], ret:          2 } hitcount:      48822
{ common_pid: mc-worker       [    157149], ret:          2 } hitcount:      48869
{ common_pid: mc-worker       [    157152], ret:          2 } hitcount:      49185
{ common_pid: mc-worker       [    157155], ret:          1 } hitcount:      72520
{ common_pid: mc-worker       [    157153], ret:          1 } hitcount:      73197
{ common_pid: mc-worker       [    157149], ret:          1 } hitcount:      73553
{ common_pid: mc-worker       [    157152], ret:          1 } hitcount:      73921
{ common_pid: mc-worker       [    157151], ret:          1 } hitcount:      73931
{ common_pid: mc-worker       [    157154], ret:          1 } hitcount:      74172
{ common_pid: mc-worker       [    157148], ret:          1 } hitcount:      74312
{ common_pid: mc-worker       [    157150], ret:          1 } hitcount:      74861
