{ common_pid: mc-worker       [    502214], ret:        256 } hitcount:          1
{ common_pid: mc-worker       [    502216], ret:         27 } hitcount:          1
{ common_pid: mc-worker       [    502216], ret:        460 } hitcount:          1
{ common_pid: mc-worker       [    502209], ret:         46 } hitcount:          1
{ common_pid: mc-worker       [    502210], ret:         22 } hitcount:          1
{ common_pid: mc-worker       [    502215], ret:         24 } hitcount:          1
{ common_pid: mc-worker       [    502216], ret:         58 } hitcount:          1
{ common_pid: mc-worker       [    502209], ret:         55 } hitcount:          1
{ common_pid: mc-worker       [    502210], ret:        256 } hitcount:          1
{ common_pid: mc-worker       [    502212], ret:        199 } hitcount:          1
{ common_pid: mc-worker       [    502210], ret:         27 } hitcount:          1
{ common_pid: mc-worker       [    502210], ret:         28 } hitcount:          1
{ common_pid: mc-worker       [    502212], ret:         22 } hitcount:          1
{ common_pid: mc-worker       [    502213], ret:        256 } hitcount:          1
{ common_pid: mc-worker       [    502210], ret:        239 } hitcount:          1
{ common_pid: mc-worker       [    502216], ret:         43 } hitcount:          1
{ common_pid: mc-worker       [    502209], ret:         30 } hitcount:          1
{ common_pid: mc-worker       [    502211], ret:        434 } hitcount:          1
{ common_pid: mc-worker       [    502215], ret:        256 } hitcount:          1
{ common_pid: mc-worker       [    502212], ret:         29 } hitcount:          1
{ common_pid: mc-worker       [    502214], ret:         43 } hitcount:          1
{ common_pid: mc-worker       [    502214], ret:         23 } hitcount:          1
{ common_pid: mc-worker       [    502216], ret:         22 } hitcount:          1
{ common_pid: mc-worker       [    502210], ret:         20 } hitcount:          1
{ common_pid: mc-worker       [    502213], ret:         30 } hitcount:          1
{ common_pid: mc-worker       [    502211], ret:         24 } hitcount:          1
{ common_pid: mc-worker       [    502211], ret:         30 } hitcount:          1
{ common_pid: mc-worker       [    502215], ret:         35 } hitcount:          1
{ common_pid: mc-worker       [    502212], ret:         38 } hitcount:          1
{ common_pid: mc-worker       [    502215], ret:         25 } hitcount:          1
{ common_pid: mc-worker       [    502216], ret:         24 } hitcount:          1
{ common_pid: mc-worker       [    502216], ret:         25 } hitcount:          1
{ common_pid: mc-worker       [    502211], ret:         33 } hitcount:          1
{ common_pid: mc-worker       [    502212], ret:         21 } hitcount:          1
{ common_pid: mc-worker       [    502210], ret:         26 } hitcount:          1
{ common_pid: mc-worker       [    502215], ret:         26 } hitcount:          1
{ common_pid: mc-worker       [    502215], ret:         28 } hitcount:          1
{ common_pid: mc-worker       [    502210], ret:         25 } hitcount:          1
{ common_pid: mc-worker       [    502212], ret:         25 } hitcount:          1
{ common_pid: mc-worker       [    502210], ret:         29 } hitcount:          1
{ common_pid: mc-worker       [    502211], ret:         22 } hitcount:          1
{ common_pid: mc-worker       [    502214], ret:         24 } hitcount:          1
{ common_pid: mc-worker       [    502214], ret:        226 } hitcount:          1
{ common_pid: mc-worker       [    502209], ret:        470 } hitcount:          1
{ common_pid: mc-worker       [    502209], ret:         38 } hitcount:          1
{ common_pid: mc-worker       [    502216], ret:         35 } hitcount:          1
{ common_pid: mc-worker       [    502214], ret:         25 } hitcount:          1
{ common_pid: mc-worker       [    502211], ret:         49 } hitcount:          1
{ common_pid: mc-worker       [    502213], ret:        205 } hitcount:          1
{ common_pid: mc-worker       [    502215], ret:         21 } hitcount:          1
{ common_pid: mc-worker       [    502215], ret:        246 } hitcount:          1
{ common_pid: mc-worker       [    502212], ret:        256 } hitcount:          1
{ common_pid: mc-worker       [    502212], ret:         27 } hitcount:          1
{ common_pid: mc-worker       [    502211], ret:         44 } hitcount:          1
{ common_pid: mc-worker       [    502213], ret:         21 } hitcount:          2
{ common_pid: mc-worker       [    502214], ret:         22 } hitcount:          2
{ common_pid: mc-worker       [    502213], ret:         20 } hitcount:          2
{ common_pid: mc-worker       [    502213], ret:         23 } hitcount:          2
{ common_pid: mc-worker       [    502209], ret:         24 } hitcount:          2
{ common_pid: mc-worker       [    502216], ret:         23 } hitcount:          2
{ common_pid: mc-worker       [    502214], ret:         20 } hitcount:          2
{ common_pid: mc-worker       [    502212], ret:         20 } hitcount:          2
{ common_pid: mc-worker       [    502216], ret:         28 } hitcount:          3
{ common_pid: mc-worker       [    502215], ret:         19 } hitcount:          3
{ common_pid: mc-worker       [    502210], ret:         24 } hitcount:          3
{ common_pid: mc-worker       [    502213], ret:         22 } hitcount:          3
{ common_pid: mc-worker       [    502209], ret:         23 } hitcount:          3
{ common_pid: mc-worker       [    502209], ret:         25 } hitcount:          3
{ common_pid: mc-worker       [    502211], ret:         21 } hitcount:          3
{ common_pid: mc-worker       [    502216], ret:         21 } hitcount:          4
{ common_pid: mc-worker       [    502210], ret:         21 } hitcount:          4
{ common_pid: mc-worker       [    502215], ret:         20 } hitcount:          4
{ common_pid: mc-worker       [    502214], ret:         21 } hitcount:          5
{ common_pid: mc-worker       [    502211], ret:         19 } hitcount:          5
{ common_pid: mc-worker       [    502212], ret:         19 } hitcount:          5
{ common_pid: mc-worker       [    502214], ret:         19 } hitcount:          6
{ common_pid: mc-worker       [    502209], ret:         21 } hitcount:          7
{ common_pid: mc-worker       [    502211], ret:         20 } hitcount:          8
{ common_pid: mc-worker       [    502216], ret:         20 } hitcount:          9
{ common_pid: mc-worker       [    502213], ret:         19 } hitcount:          9
{ common_pid: mc-worker       [    502215], ret:         18 } hitcount:         10
{ common_pid: mc-worker       [    502214], ret:         18 } hitcount:         12
{ common_pid: mc-worker       [    502213], ret:         18 } hitcount:         12
{ common_pid: mc-worker       [    502209], ret:         20 } hitcount:         13
{ common_pid: mc-worker       [    502211], ret:         18 } hitcount:         15
{ common_pid: mc-worker       [    502209], ret:         19 } hitcount:         16
{ common_pid: mc-worker       [    502212], ret:         18 } hitcount:         16
{ common_pid: mc-worker       [    502210], ret:         19 } hitcount:         16
{ common_pid: mc-worker       [    502210], ret:         18 } hitcount:         19
{ common_pid: mc-worker       [    502216], ret:         19 } hitcount:         20
{ common_pid: mc-worker       [    502214], ret:         17 } hitcount:         21
{ common_pid: mc-worker       [    502213], ret:         17 } hitcount:         24
{ common_pid: mc-worker       [    502211], ret:         17 } hitcount:         34
{ common_pid: mc-worker       [    502212], ret:         17 } hitcount:         35
{ common_pid: mc-worker       [    502209], ret:         18 } hitcount:         37
{ common_pid: mc-worker       [    502215], ret:         17 } hitcount:         40
{ common_pid: mc-worker       [    502210], ret:         17 } hitcount:         41
{ common_pid: mc-worker       [    502216], ret:         18 } hitcount:         44
{ common_pid: mc-worker       [    502215], ret:         16 } hitcount:         53
{ common_pid: mc-worker       [    502216], ret:         17 } hitcount:         57
{ common_pid: mc-worker       [    502209], ret:         17 } hitcount:         58
{ common_pid: mc-worker       [    502213], ret:         16 } hitcount:         59
{ common_pid: mc-worker       [    502214], ret:         16 } hitcount:         65
{ common_pid: mc-worker       [    502210], ret:         16 } hitcount:         71
{ common_pid: mc-worker       [    502212], ret:         16 } hitcount:         72
{ common_pid: mc-worker       [    502211], ret:         16 } hitcount:         79
{ common_pid: mc-worker       [    502209], ret:         16 } hitcount:        106
{ common_pid: mc-worker       [    502214], ret:         15 } hitcount:        108
{ common_pid: mc-worker       [    502215], ret:         15 } hitcount:        118
{ common_pid: mc-worker       [    502213], ret:         15 } hitcount:        119
{ common_pid: mc-worker       [    502212], ret:         15 } hitcount:        121
{ common_pid: mc-worker       [    502211], ret:         15 } hitcount:        163
{ common_pid: mc-worker       [    502216], ret:         16 } hitcount:        171
{ common_pid: mc-worker       [    502210], ret:         15 } hitcount:        174
{ common_pid: mc-worker       [    502214], ret:         14 } hitcount:        227
{ common_pid: mc-worker       [    502209], ret:         15 } hitcount:        249
{ common_pid: mc-worker       [    502213], ret:         14 } hitcount:        251
{ common_pid: mc-worker       [    502212], ret:         14 } hitcount:        277
{ common_pid: mc-worker       [    502215], ret:         14 } hitcount:        284
{ common_pid: mc-worker       [    502216], ret:         15 } hitcount:        302
{ common_pid: mc-worker       [    502211], ret:         14 } hitcount:        320
{ common_pid: mc-worker       [    502210], ret:         14 } hitcount:        378
{ common_pid: mc-worker       [    502209], ret:         14 } hitcount:        466
{ common_pid: mc-worker       [    502213], ret:         13 } hitcount:        509
{ common_pid: mc-worker       [    502216], ret:         14 } hitcount:        515
{ common_pid: mc-worker       [    502212], ret:         13 } hitcount:        529
{ common_pid: mc-worker       [    502214], ret:         13 } hitcount:        554
{ common_pid: mc-worker       [    502215], ret:         13 } hitcount:        559
{ common_pid: mc-worker       [    502211], ret:         13 } hitcount:        634
{ common_pid: mc-worker       [    502210], ret:         13 } hitcount:        801
{ common_pid: mc-worker       [    502209], ret:         13 } hitcount:        978
{ common_pid: mc-worker       [    502213], ret:         12 } hitcount:        993
{ common_pid: mc-worker       [    502216], ret:         13 } hitcount:       1068
{ common_pid: mc-worker       [    502214], ret:         12 } hitcount:       1092
{ common_pid: mc-worker       [    502212], ret:         12 } hitcount:       1124
{ common_pid: mc-worker       [    502215], ret:         12 } hitcount:       1179
{ common_pid: mc-worker       [    502211], ret:         12 } hitcount:       1293
{ common_pid: mc-worker       [    502210], ret:         12 } hitcount:       1600
{ common_pid: mc-worker       [    502209], ret:         12 } hitcount:       1722
{ common_pid: mc-worker       [    502213], ret:         11 } hitcount:       1908
{ common_pid: mc-worker       [    502216], ret:         12 } hitcount:       1997
{ common_pid: mc-worker       [    502214], ret:         11 } hitcount:       2125
{ common_pid: mc-worker       [    502212], ret:         11 } hitcount:       2148
{ common_pid: mc-worker       [    502215], ret:         11 } hitcount:       2385
{ common_pid: mc-worker       [    502211], ret:         11 } hitcount:       2541
{ common_pid: mc-worker       [    502210], ret:         11 } hitcount:       3003
{ common_pid: mc-worker       [    502209], ret:         11 } hitcount:       3287
{ common_pid: mc-worker       [    502216], ret:         11 } hitcount:       3838
{ common_pid: mc-worker       [    502213], ret:         10 } hitcount:       3894
{ common_pid: mc-worker       [    502212], ret:         10 } hitcount:       4342
{ common_pid: mc-worker       [    502214], ret:         10 } hitcount:       4363
{ common_pid: mc-worker       [    502215], ret:         10 } hitcount:       4587
{ common_pid: mc-worker       [    502211], ret:         10 } hitcount:       5097
{ common_pid: mc-worker       [    502210], ret:         10 } hitcount:       5780
{ common_pid: mc-worker       [    502209], ret:         10 } hitcount:       6368
{ common_pid: mc-worker       [    502216], ret:         10 } hitcount:       6837
{ common_pid: mc-worker       [    502213], ret:          9 } hitcount:       7773
{ common_pid: mc-worker       [    502212], ret:          9 } hitcount:       8299
{ common_pid: mc-worker       [    502214], ret:          9 } hitcount:       8591
{ common_pid: mc-worker       [    502215], ret:          9 } hitcount:       8969
{ common_pid: mc-worker       [    502211], ret:          9 } hitcount:       9650
{ common_pid: mc-worker       [    502210], ret:          9 } hitcount:      10903
{ common_pid: mc-worker       [    502209], ret:          9 } hitcount:      11505
{ common_pid: mc-worker       [    502216], ret:          9 } hitcount:      12404
{ common_pid: mc-worker       [    502213], ret:          8 } hitcount:      14209
{ common_pid: mc-worker       [    502212], ret:          8 } hitcount:      15001
{ common_pid: mc-worker       [    502214], ret:          8 } hitcount:      15093
{ common_pid: mc-worker       [    502215], ret:          8 } hitcount:      16169
{ common_pid: mc-worker       [    502211], ret:          8 } hitcount:      17071
{ common_pid: mc-worker       [    502210], ret:          8 } hitcount:      18937
{ common_pid: mc-worker       [    502209], ret:          8 } hitcount:      19388
{ common_pid: mc-worker       [    502216], ret:          8 } hitcount:      20851
{ common_pid: mc-worker       [    502213], ret:          7 } hitcount:      23882
{ common_pid: mc-worker       [    502212], ret:          7 } hitcount:      25427
{ common_pid: mc-worker       [    502214], ret:          7 } hitcount:      25460
{ common_pid: mc-worker       [    502215], ret:          7 } hitcount:      26492
{ common_pid: mc-worker       [    502211], ret:          7 } hitcount:      28454
{ common_pid: mc-worker       [    502210], ret:          7 } hitcount:      29740
{ common_pid: mc-worker       [    502209], ret:          7 } hitcount:      30694
{ common_pid: mc-worker       [    502216], ret:          7 } hitcount:      32593
{ common_pid: mc-worker       [    502213], ret:          6 } hitcount:      37491
{ common_pid: mc-worker       [    502212], ret:          6 } hitcount:      38634
{ common_pid: mc-worker       [    502214], ret:          6 } hitcount:      39197
{ common_pid: mc-worker       [    502215], ret:          6 } hitcount:      39982
{ common_pid: mc-worker       [    502211], ret:          6 } hitcount:      42200
{ common_pid: mc-worker       [    502210], ret:          6 } hitcount:      44489
{ common_pid: mc-worker       [    502209], ret:          6 } hitcount:      45115
{ common_pid: mc-worker       [    502216], ret:          6 } hitcount:      46731
{ common_pid: mc-worker       [    502213], ret:          5 } hitcount:      57815
{ common_pid: mc-worker       [    502212], ret:          5 } hitcount:      58240
{ common_pid: mc-worker       [    502214], ret:          5 } hitcount:      59530
{ common_pid: mc-worker       [    502215], ret:          5 } hitcount:      60175
{ common_pid: mc-worker       [    502211], ret:          5 } hitcount:      61131
{ common_pid: mc-worker       [    502210], ret:          5 } hitcount:      63736
{ common_pid: mc-worker       [    502209], ret:          5 } hitcount:      64539
{ common_pid: mc-worker       [    502216], ret:          5 } hitcount:      64775
{ common_pid: mc-worker       [    502216], ret:          1 } hitcount:      81794
{ common_pid: mc-worker       [    502210], ret:          1 } hitcount:      87687
{ common_pid: mc-worker       [    502211], ret:          1 } hitcount:      88226
{ common_pid: mc-worker       [    502211], ret:          4 } hitcount:      91086
{ common_pid: mc-worker       [    502212], ret:          4 } hitcount:      91530
{ common_pid: mc-worker       [    502209], ret:          1 } hitcount:      92847
{ common_pid: mc-worker       [    502210], ret:          4 } hitcount:      92955
{ common_pid: mc-worker       [    502216], ret:          4 } hitcount:      93177
{ common_pid: mc-worker       [    502209], ret:          4 } hitcount:      93600
{ common_pid: mc-worker       [    502215], ret:          4 } hitcount:      93828
{ common_pid: mc-worker       [    502213], ret:          4 } hitcount:      93968
{ common_pid: mc-worker       [    502214], ret:          4 } hitcount:      94590
{ common_pid: mc-worker       [    502215], ret:          1 } hitcount:      96562
{ common_pid: mc-worker       [    502212], ret:          1 } hitcount:      99080
{ common_pid: mc-worker       [    502214], ret:          1 } hitcount:     100864
{ common_pid: mc-worker       [    502213], ret:          1 } hitcount:     105422
{ common_pid: mc-worker       [    502216], ret:          3 } hitcount:     127034
{ common_pid: mc-worker       [    502211], ret:          3 } hitcount:     129155
{ common_pid: mc-worker       [    502216], ret:          2 } hitcount:     129471
{ common_pid: mc-worker       [    502210], ret:          3 } hitcount:     131324
{ common_pid: mc-worker       [    502209], ret:          3 } hitcount:     132983
{ common_pid: mc-worker       [    502211], ret:          2 } hitcount:     136514
{ common_pid: mc-worker       [    502210], ret:          2 } hitcount:     136855
{ common_pid: mc-worker       [    502215], ret:          3 } hitcount:     137327
{ common_pid: mc-worker       [    502212], ret:          3 } hitcount:     139099
{ common_pid: mc-worker       [    502214], ret:          3 } hitcount:     139794
{ common_pid: mc-worker       [    502213], ret:          3 } hitcount:     141966
{ common_pid: mc-worker       [    502209], ret:          2 } hitcount:     142794
{ common_pid: mc-worker       [    502215], ret:          2 } hitcount:     146724
{ common_pid: mc-worker       [    502214], ret:          2 } hitcount:     151628
{ common_pid: mc-worker       [    502212], ret:          2 } hitcount:     151798
{ common_pid: mc-worker       [    502213], ret:          2 } hitcount:     155095
