{ common_pid: mc-worker       [    489781], ret:        127 } hitcount:          1
{ common_pid: mc-worker       [    489775], ret:         77 } hitcount:          1
{ common_pid: mc-worker       [    489778], ret:         62 } hitcount:          1
{ common_pid: mc-worker       [    489782], ret:         17 } hitcount:          1
{ common_pid: mc-worker       [    489781], ret:        118 } hitcount:          1
{ common_pid: mc-worker       [    489781], ret:         86 } hitcount:          1
{ common_pid: mc-worker       [    489777], ret:        109 } hitcount:          1
{ common_pid: mc-worker       [    489778], ret:         16 } hitcount:          1
{ common_pid: mc-worker       [    489775], ret:         25 } hitcount:          1
{ common_pid: mc-worker       [    489777], ret:        102 } hitcount:          1
{ common_pid: mc-worker       [    489781], ret:        120 } hitcount:          1
{ common_pid: mc-worker       [    489776], ret:        118 } hitcount:          1
{ common_pid: mc-worker       [    489777], ret:        122 } hitcount:          1
{ common_pid: mc-worker       [    489775], ret:         61 } hitcount:          1
{ common_pid: mc-worker       [    489775], ret:        114 } hitcount:          1
{ common_pid: mc-worker       [    489780], ret:         19 } hitcount:          1
{ common_pid: mc-worker       [    489780], ret:         20 } hitcount:          1
{ common_pid: mc-worker       [    489776], ret:         19 } hitcount:          1
{ common_pid: mc-worker       [    489779], ret:         18 } hitcount:          1
{ common_pid: mc-worker       [    489780], ret:         92 } hitcount:          1
{ common_pid: mc-worker       [    489776], ret:        127 } hitcount:          1
{ common_pid: mc-worker       [    489779], ret:        120 } hitcount:          1
{ common_pid: mc-worker       [    489777], ret:         77 } hitcount:          1
{ common_pid: mc-worker       [    489776], ret:         21 } hitcount:          1
{ common_pid: mc-worker       [    489778], ret:         17 } hitcount:          1
{ common_pid: mc-worker       [    489780], ret:         17 } hitcount:          1
{ common_pid: mc-worker       [    489775], ret:         99 } hitcount:          1
{ common_pid: mc-worker       [    489778], ret:        108 } hitcount:          1
{ common_pid: mc-worker       [    489776], ret:         76 } hitcount:          1
{ common_pid: mc-worker       [    489775], ret:        124 } hitcount:          1
{ common_pid: mc-worker       [    489778], ret:         61 } hitcount:          1
{ common_pid: mc-worker       [    489782], ret:        112 } hitcount:          1
{ common_pid: mc-worker       [    489778], ret:        125 } hitcount:          1
{ common_pid: mc-worker       [    489777], ret:         21 } hitcount:          1
{ common_pid: mc-worker       [    489780], ret:        128 } hitcount:          1
{ common_pid: mc-worker       [    489782], ret:         60 } hitcount:          1
{ common_pid: mc-worker       [    489780], ret:        105 } hitcount:          1
{ common_pid: mc-worker       [    489782], ret:         98 } hitcount:          1
{ common_pid: mc-worker       [    489782], ret:         80 } hitcount:          1
{ common_pid: mc-worker       [    489779], ret:         17 } hitcount:          1
{ common_pid: mc-worker       [    489776], ret:         18 } hitcount:          1
{ common_pid: mc-worker       [    489779], ret:         26 } hitcount:          1
{ common_pid: mc-worker       [    489779], ret:        113 } hitcount:          1
{ common_pid: mc-worker       [    489782], ret:        124 } hitcount:          1
{ common_pid: mc-worker       [    489779], ret:         54 } hitcount:          1
{ common_pid: mc-worker       [    489780], ret:         34 } hitcount:          1
{ common_pid: mc-worker       [    489775], ret:         18 } hitcount:          1
{ common_pid: mc-worker       [    489778], ret:         22 } hitcount:          1
{ common_pid: mc-worker       [    489780], ret:        112 } hitcount:          1
{ common_pid: mc-worker       [    489776], ret:        121 } hitcount:          1
{ common_pid: mc-worker       [    489779], ret:        127 } hitcount:          1
{ common_pid: mc-worker       [    489780], ret:         60 } hitcount:          1
{ common_pid: mc-worker       [    489778], ret:         98 } hitcount:          1
{ common_pid: mc-worker       [    489777], ret:         61 } hitcount:          1
{ common_pid: mc-worker       [    489776], ret:         16 } hitcount:          2
{ common_pid: mc-worker       [    489778], ret:         18 } hitcount:          2
{ common_pid: mc-worker       [    489781], ret:         19 } hitcount:          2
{ common_pid: mc-worker       [    489778], ret:         15 } hitcount:          2
{ common_pid: mc-worker       [    489777], ret:         17 } hitcount:          2
{ common_pid: mc-worker       [    489780], ret:         16 } hitcount:          2
{ common_pid: mc-worker       [    489775], ret:         16 } hitcount:          2
{ common_pid: mc-worker       [    489775], ret:         20 } hitcount:          2
{ common_pid: mc-worker       [    489779], ret:         15 } hitcount:          3
{ common_pid: mc-worker       [    489781], ret:         17 } hitcount:          3
{ common_pid: mc-worker       [    489779], ret:         16 } hitcount:          3
{ common_pid: mc-worker       [    489782], ret:         15 } hitcount:          4
{ common_pid: mc-worker       [    489777], ret:         16 } hitcount:          4
{ common_pid: mc-worker       [    489776], ret:         15 } hitcount:          4
{ common_pid: mc-worker       [    489782], ret:         16 } hitcount:          4
{ common_pid: mc-worker       [    489778], ret:         14 } hitcount:          5
{ common_pid: mc-worker       [    489777], ret:         15 } hitcount:          5
{ common_pid: mc-worker       [    489779], ret:         14 } hitcount:          7
{ common_pid: mc-worker       [    489780], ret:         15 } hitcount:          8
{ common_pid: mc-worker       [    489775], ret:         15 } hitcount:          8
{ common_pid: mc-worker       [    489781], ret:         14 } hitcount:         10
{ common_pid: mc-worker       [    489776], ret:         14 } hitcount:         10
{ common_pid: mc-worker       [    489781], ret:         15 } hitcount:         13
{ common_pid: mc-worker       [    489775], ret:         14 } hitcount:         14
{ common_pid: mc-worker       [    489782], ret:         14 } hitcount:         15
{ common_pid: mc-worker       [    489778], ret:         13 } hitcount:         18
{ common_pid: mc-worker       [    489777], ret:         14 } hitcount:         19
{ common_pid: mc-worker       [    489780], ret:         14 } hitcount:         20
{ common_pid: mc-worker       [    489779], ret:         13 } hitcount:         20
{ common_pid: mc-worker       [    489777], ret:         13 } hitcount:         20
{ common_pid: mc-worker       [    489776], ret:         13 } hitcount:         21
{ common_pid: mc-worker       [    489781], ret:         13 } hitcount:         28
{ common_pid: mc-worker       [    489775], ret:         13 } hitcount:         30
{ common_pid: mc-worker       [    489782], ret:         13 } hitcount:         38
{ common_pid: mc-worker       [    489778], ret:         12 } hitcount:         41
{ common_pid: mc-worker       [    489780], ret:         13 } hitcount:         41
{ common_pid: mc-worker       [    489779], ret:         12 } hitcount:         57
{ common_pid: mc-worker       [    489775], ret:         12 } hitcount:         58
{ common_pid: mc-worker       [    489776], ret:         12 } hitcount:         59
{ common_pid: mc-worker       [    489781], ret:         12 } hitcount:         67
{ common_pid: mc-worker       [    489777], ret:         12 } hitcount:         77
{ common_pid: mc-worker       [    489782], ret:         12 } hitcount:         91
{ common_pid: mc-worker       [    489780], ret:         12 } hitcount:        106
{ common_pid: mc-worker       [    489778], ret:         11 } hitcount:        127
{ common_pid: mc-worker       [    489779], ret:         11 } hitcount:        150
{ common_pid: mc-worker       [    489775], ret:         11 } hitcount:        162
{ common_pid: mc-worker       [    489781], ret:         11 } hitcount:        169
{ common_pid: mc-worker       [    489777], ret:         11 } hitcount:        196
{ common_pid: mc-worker       [    489776], ret:         11 } hitcount:        196
{ common_pid: mc-worker       [    489782], ret:         11 } hitcount:        237
{ common_pid: mc-worker       [    489780], ret:         11 } hitcount:        279
{ common_pid: mc-worker       [    489778], ret:         10 } hitcount:        386
{ common_pid: mc-worker       [    489779], ret:         10 } hitcount:        416
{ common_pid: mc-worker       [    489781], ret:         10 } hitcount:        486
{ common_pid: mc-worker       [    489775], ret:         10 } hitcount:        496
{ common_pid: mc-worker       [    489777], ret:         10 } hitcount:        516
{ common_pid: mc-worker       [    489776], ret:         10 } hitcount:        551
{ common_pid: mc-worker       [    489782], ret:         10 } hitcount:        660
{ common_pid: mc-worker       [    489780], ret:         10 } hitcount:        797
{ common_pid: mc-worker       [    489779], ret:          9 } hitcount:       1073
{ common_pid: mc-worker       [    489778], ret:          9 } hitcount:       1092
{ common_pid: mc-worker       [    489781], ret:          9 } hitcount:       1400
{ common_pid: mc-worker       [    489775], ret:          9 } hitcount:       1415
{ common_pid: mc-worker       [    489777], ret:          9 } hitcount:       1439
{ common_pid: mc-worker       [    489776], ret:          9 } hitcount:       1548
{ common_pid: mc-worker       [    489782], ret:          9 } hitcount:       1765
{ common_pid: mc-worker       [    489780], ret:          9 } hitcount:       1987
{ common_pid: mc-worker       [    489779], ret:          8 } hitcount:       2890
{ common_pid: mc-worker       [    489778], ret:          8 } hitcount:       2956
{ common_pid: mc-worker       [    489781], ret:          8 } hitcount:       3323
{ common_pid: mc-worker       [    489775], ret:          8 } hitcount:       3400
{ common_pid: mc-worker       [    489777], ret:          8 } hitcount:       3526
{ common_pid: mc-worker       [    489776], ret:          8 } hitcount:       3577
{ common_pid: mc-worker       [    489782], ret:          8 } hitcount:       3990
{ common_pid: mc-worker       [    489780], ret:          8 } hitcount:       4562
{ common_pid: mc-worker       [    489778], ret:          7 } hitcount:       6443
{ common_pid: mc-worker       [    489779], ret:          7 } hitcount:       6466
{ common_pid: mc-worker       [    489781], ret:          7 } hitcount:       7326
{ common_pid: mc-worker       [    489777], ret:          7 } hitcount:       7561
{ common_pid: mc-worker       [    489775], ret:          7 } hitcount:       7748
{ common_pid: mc-worker       [    489776], ret:          7 } hitcount:       7757
{ common_pid: mc-worker       [    489782], ret:          7 } hitcount:       8629
{ common_pid: mc-worker       [    489780], ret:          7 } hitcount:       9468
{ common_pid: mc-worker       [    489778], ret:          6 } hitcount:      13008
{ common_pid: mc-worker       [    489779], ret:          6 } hitcount:      13368
{ common_pid: mc-worker       [    489781], ret:          6 } hitcount:      14503
{ common_pid: mc-worker       [    489775], ret:          6 } hitcount:      15050
{ common_pid: mc-worker       [    489777], ret:          6 } hitcount:      15164
{ common_pid: mc-worker       [    489776], ret:          6 } hitcount:      15623
{ common_pid: mc-worker       [    489782], ret:          6 } hitcount:      16637
{ common_pid: mc-worker       [    489780], ret:          6 } hitcount:      17786
{ common_pid: mc-worker       [    489779], ret:          5 } hitcount:      27150
{ common_pid: mc-worker       [    489778], ret:          5 } hitcount:      27441
{ common_pid: mc-worker       [    489777], ret:          5 } hitcount:      29778
{ common_pid: mc-worker       [    489781], ret:          5 } hitcount:      29794
{ common_pid: mc-worker       [    489775], ret:          5 } hitcount:      29795
{ common_pid: mc-worker       [    489776], ret:          5 } hitcount:      29930
{ common_pid: mc-worker       [    489782], ret:          5 } hitcount:      31602
{ common_pid: mc-worker       [    489780], ret:          5 } hitcount:      33519
{ common_pid: mc-worker       [    489779], ret:          4 } hitcount:      55473
{ common_pid: mc-worker       [    489778], ret:          4 } hitcount:      56176
{ common_pid: mc-worker       [    489781], ret:          4 } hitcount:      58408
{ common_pid: mc-worker       [    489776], ret:          4 } hitcount:      58600
{ common_pid: mc-worker       [    489777], ret:          4 } hitcount:      58604
{ common_pid: mc-worker       [    489775], ret:          4 } hitcount:      59336
{ common_pid: mc-worker       [    489782], ret:          4 } hitcount:      60687
{ common_pid: mc-worker       [    489780], ret:          4 } hitcount:      63305
{ common_pid: mc-worker       [    489779], ret:          3 } hitcount:     101629
{ common_pid: mc-worker       [    489778], ret:          3 } hitcount:     102611
{ common_pid: mc-worker       [    489781], ret:          3 } hitcount:     104681
{ common_pid: mc-worker       [    489777], ret:          3 } hitcount:     105072
{ common_pid: mc-worker       [    489775], ret:          3 } hitcount:     105266
{ common_pid: mc-worker       [    489776], ret:          3 } hitcount:     105528
{ common_pid: mc-worker       [    489782], ret:          3 } hitcount:     107229
{ common_pid: mc-worker       [    489780], ret:          3 } hitcount:     109423
{ common_pid: mc-worker       [    489779], ret:          2 } hitcount:     167717
{ common_pid: mc-worker       [    489778], ret:          2 } hitcount:     169082
{ common_pid: mc-worker       [    489777], ret:          2 } hitcount:     169685
{ common_pid: mc-worker       [    489781], ret:          2 } hitcount:     169728
{ common_pid: mc-worker       [    489775], ret:          2 } hitcount:     170065
{ common_pid: mc-worker       [    489776], ret:          2 } hitcount:     170100
{ common_pid: mc-worker       [    489782], ret:          2 } hitcount:     171324
{ common_pid: mc-worker       [    489780], ret:          2 } hitcount:     171707
{ common_pid: mc-worker       [    489780], ret:          1 } hitcount:     264467
{ common_pid: mc-worker       [    489779], ret:          1 } hitcount:     264818
{ common_pid: mc-worker       [    489777], ret:          1 } hitcount:     265895
{ common_pid: mc-worker       [    489782], ret:          1 } hitcount:     266408
{ common_pid: mc-worker       [    489776], ret:          1 } hitcount:     266609
{ common_pid: mc-worker       [    489775], ret:          1 } hitcount:     266936
{ common_pid: mc-worker       [    489781], ret:          1 } hitcount:     267781
{ common_pid: mc-worker       [    489778], ret:          1 } hitcount:     267819
