{ common_pid: mc-worker       [    169509], ret:         66 } hitcount:          1
{ common_pid: mc-worker       [    169510], ret:         64 } hitcount:          1
{ common_pid: mc-worker       [    169511], ret:         49 } hitcount:          1
{ common_pid: mc-worker       [    169505], ret:         57 } hitcount:          1
{ common_pid: mc-worker       [    169504], ret:         92 } hitcount:          1
{ common_pid: mc-worker       [    169506], ret:         88 } hitcount:          1
{ common_pid: mc-worker       [    169509], ret:         92 } hitcount:          1
{ common_pid: mc-worker       [    169505], ret:         60 } hitcount:          1
{ common_pid: mc-worker       [    169504], ret:         77 } hitcount:          1
{ common_pid: mc-worker       [    169508], ret:         64 } hitcount:          1
{ common_pid: mc-worker       [    169506], ret:         66 } hitcount:          1
{ common_pid: mc-worker       [    169505], ret:         77 } hitcount:          1
{ common_pid: mc-worker       [    169511], ret:         64 } hitcount:          1
{ common_pid: mc-worker       [    169511], ret:         91 } hitcount:          1
{ common_pid: mc-worker       [    169505], ret:         69 } hitcount:          1
{ common_pid: mc-worker       [    169509], ret:         60 } hitcount:          1
{ common_pid: mc-worker       [    169508], ret:         69 } hitcount:          1
{ common_pid: mc-worker       [    169509], ret:         68 } hitcount:          1
{ common_pid: mc-worker       [    169511], ret:         57 } hitcount:          1
{ common_pid: mc-worker       [    169509], ret:         72 } hitcount:          1
{ common_pid: mc-worker       [    169511], ret:         52 } hitcount:          1
{ common_pid: mc-worker       [    169506], ret:         69 } hitcount:          1
{ common_pid: mc-worker       [    169504], ret:        512 } hitcount:          1
{ common_pid: mc-worker       [    169507], ret:         55 } hitcount:          1
{ common_pid: mc-worker       [    169506], ret:         52 } hitcount:          1
{ common_pid: mc-worker       [    169504], ret:         82 } hitcount:          1
{ common_pid: mc-worker       [    169508], ret:         57 } hitcount:          1
{ common_pid: mc-worker       [    169505], ret:         91 } hitcount:          1
{ common_pid: mc-worker       [    169506], ret:        490 } hitcount:          1
{ common_pid: mc-worker       [    169510], ret:         69 } hitcount:          1
{ common_pid: mc-worker       [    169505], ret:         51 } hitcount:          1
{ common_pid: mc-worker       [    169510], ret:         53 } hitcount:          1
{ common_pid: mc-worker       [    169505], ret:         65 } hitcount:          1
{ common_pid: mc-worker       [    169510], ret:         65 } hitcount:          1
{ common_pid: mc-worker       [    169511], ret:        512 } hitcount:          1
{ common_pid: mc-worker       [    169510], ret:         78 } hitcount:          1
{ common_pid: mc-worker       [    169511], ret:         51 } hitcount:          1
{ common_pid: mc-worker       [    169505], ret:         81 } hitcount:          1
{ common_pid: mc-worker       [    169505], ret:         52 } hitcount:          1
{ common_pid: mc-worker       [    169511], ret:         54 } hitcount:          1
{ common_pid: mc-worker       [    169507], ret:         64 } hitcount:          1
{ common_pid: mc-worker       [    169508], ret:         72 } hitcount:          1
{ common_pid: mc-worker       [    169510], ret:         59 } hitcount:          1
{ common_pid: mc-worker       [    169505], ret:        512 } hitcount:          1
{ common_pid: mc-worker       [    169508], ret:        445 } hitcount:          1
{ common_pid: mc-worker       [    169504], ret:         89 } hitcount:          1
{ common_pid: mc-worker       [    169504], ret:         53 } hitcount:          1
{ common_pid: mc-worker       [    169508], ret:         60 } hitcount:          1
{ common_pid: mc-worker       [    169505], ret:         50 } hitcount:          1
{ common_pid: mc-worker       [    169504], ret:         51 } hitcount:          1
{ common_pid: mc-worker       [    169509], ret:         81 } hitcount:          1
{ common_pid: mc-worker       [    169510], ret:         73 } hitcount:          1
{ common_pid: mc-worker       [    169508], ret:         83 } hitcount:          1
{ common_pid: mc-worker       [    169505], ret:         62 } hitcount:          1
{ common_pid: mc-worker       [    169510], ret:         90 } hitcount:          1
{ common_pid: mc-worker       [    169508], ret:         58 } hitcount:          1
{ common_pid: mc-worker       [    169510], ret:        512 } hitcount:          1
{ common_pid: mc-worker       [    169505], ret:         61 } hitcount:          1
{ common_pid: mc-worker       [    169507], ret:        512 } hitcount:          1
{ common_pid: mc-worker       [    169511], ret:         58 } hitcount:          1
{ common_pid: mc-worker       [    169504], ret:         97 } hitcount:          1
{ common_pid: mc-worker       [    169504], ret:         63 } hitcount:          1
{ common_pid: mc-worker       [    169509], ret:        512 } hitcount:          1
{ common_pid: mc-worker       [    169507], ret:         87 } hitcount:          1
{ common_pid: mc-worker       [    169507], ret:         66 } hitcount:          1
{ common_pid: mc-worker       [    169508], ret:         71 } hitcount:          1
{ common_pid: mc-worker       [    169508], ret:        102 } hitcount:          1
{ common_pid: mc-worker       [    169507], ret:         56 } hitcount:          1
{ common_pid: mc-worker       [    169504], ret:         83 } hitcount:          1
{ common_pid: mc-worker       [    169508], ret:         54 } hitcount:          1
{ common_pid: mc-worker       [    169508], ret:         68 } hitcount:          1
{ common_pid: mc-worker       [    169509], ret:         85 } hitcount:          1
{ common_pid: mc-worker       [    169506], ret:         64 } hitcount:          1
{ common_pid: mc-worker       [    169504], ret:         79 } hitcount:          1
{ common_pid: mc-worker       [    169506], ret:         85 } hitcount:          1
{ common_pid: mc-worker       [    169509], ret:         70 } hitcount:          1
{ common_pid: mc-worker       [    169509], ret:         73 } hitcount:          1
{ common_pid: mc-worker       [    169509], ret:         63 } hitcount:          1
{ common_pid: mc-worker       [    169507], ret:         95 } hitcount:          1
{ common_pid: mc-worker       [    169504], ret:         64 } hitcount:          1
{ common_pid: mc-worker       [    169506], ret:         62 } hitcount:          2
{ common_pid: mc-worker       [    169504], ret:         52 } hitcount:          2
{ common_pid: mc-worker       [    169504], ret:         56 } hitcount:          2
{ common_pid: mc-worker       [    169506], ret:         51 } hitcount:          2
{ common_pid: mc-worker       [    169511], ret:         65 } hitcount:          2
{ common_pid: mc-worker       [    169505], ret:         54 } hitcount:          2
{ common_pid: mc-worker       [    169505], ret:         53 } hitcount:          2
{ common_pid: mc-worker       [    169504], ret:         54 } hitcount:          2
{ common_pid: mc-worker       [    169509], ret:         59 } hitcount:          2
{ common_pid: mc-worker       [    169505], ret:         58 } hitcount:          2
{ common_pid: mc-worker       [    169511], ret:         61 } hitcount:          2
{ common_pid: mc-worker       [    169509], ret:         57 } hitcount:          2
{ common_pid: mc-worker       [    169511], ret:         53 } hitcount:          2
{ common_pid: mc-worker       [    169509], ret:         55 } hitcount:          2
{ common_pid: mc-worker       [    169504], ret:         66 } hitcount:          2
{ common_pid: mc-worker       [    169506], ret:         60 } hitcount:          2
{ common_pid: mc-worker       [    169505], ret:         55 } hitcount:          2
{ common_pid: mc-worker       [    169504], ret:         68 } hitcount:          2
{ common_pid: mc-worker       [    169507], ret:         63 } hitcount:          2
{ common_pid: mc-worker       [    169504], ret:         57 } hitcount:          2
{ common_pid: mc-worker       [    169507], ret:         54 } hitcount:          2
{ common_pid: mc-worker       [    169510], ret:         57 } hitcount:          2
{ common_pid: mc-worker       [    169504], ret:         58 } hitcount:          2
{ common_pid: mc-worker       [    169506], ret:         53 } hitcount:          2
{ common_pid: mc-worker       [    169510], ret:         80 } hitcount:          2
{ common_pid: mc-worker       [    169508], ret:         48 } hitcount:          2
{ common_pid: mc-worker       [    169504], ret:         59 } hitcount:          2
{ common_pid: mc-worker       [    169509], ret:         56 } hitcount:          2
{ common_pid: mc-worker       [    169504], ret:         55 } hitcount:          2
{ common_pid: mc-worker       [    169509], ret:         61 } hitcount:          2
{ common_pid: mc-worker       [    169507], ret:         69 } hitcount:          2
{ common_pid: mc-worker       [    169506], ret:         50 } hitcount:          2
{ common_pid: mc-worker       [    169509], ret:         67 } hitcount:          2
{ common_pid: mc-worker       [    169511], ret:         56 } hitcount:          2
{ common_pid: mc-worker       [    169511], ret:         50 } hitcount:          3
{ common_pid: mc-worker       [    169506], ret:         48 } hitcount:          3
{ common_pid: mc-worker       [    169507], ret:         57 } hitcount:          3
{ common_pid: mc-worker       [    169508], ret:         49 } hitcount:          3
{ common_pid: mc-worker       [    169508], ret:         50 } hitcount:          3
{ common_pid: mc-worker       [    169511], ret:         48 } hitcount:          3
{ common_pid: mc-worker       [    169504], ret:         73 } hitcount:          3
{ common_pid: mc-worker       [    169511], ret:         59 } hitcount:          3
{ common_pid: mc-worker       [    169509], ret:         64 } hitcount:          3
{ common_pid: mc-worker       [    169504], ret:         61 } hitcount:          3
{ common_pid: mc-worker       [    169509], ret:         62 } hitcount:          3
{ common_pid: mc-worker       [    169510], ret:         58 } hitcount:          3
{ common_pid: mc-worker       [    169507], ret:         61 } hitcount:          3
{ common_pid: mc-worker       [    169507], ret:         65 } hitcount:          3
{ common_pid: mc-worker       [    169505], ret:         48 } hitcount:          4
{ common_pid: mc-worker       [    169510], ret:         52 } hitcount:          4
{ common_pid: mc-worker       [    169504], ret:         65 } hitcount:          4
{ common_pid: mc-worker       [    169509], ret:         54 } hitcount:          4
{ common_pid: mc-worker       [    169509], ret:         52 } hitcount:          4
{ common_pid: mc-worker       [    169506], ret:         55 } hitcount:          4
{ common_pid: mc-worker       [    169507], ret:         53 } hitcount:          4
{ common_pid: mc-worker       [    169510], ret:         63 } hitcount:          4
{ common_pid: mc-worker       [    169506], ret:         47 } hitcount:          5
{ common_pid: mc-worker       [    169507], ret:         52 } hitcount:          5
{ common_pid: mc-worker       [    169504], ret:         50 } hitcount:          5
{ common_pid: mc-worker       [    169510], ret:         54 } hitcount:          5
{ common_pid: mc-worker       [    169506], ret:         49 } hitcount:          5
{ common_pid: mc-worker       [    169510], ret:         51 } hitcount:          6
{ common_pid: mc-worker       [    169509], ret:         53 } hitcount:          6
{ common_pid: mc-worker       [    169507], ret:         51 } hitcount:          6
{ common_pid: mc-worker       [    169511], ret:         47 } hitcount:          6
{ common_pid: mc-worker       [    169505], ret:         49 } hitcount:          7
{ common_pid: mc-worker       [    169507], ret:         50 } hitcount:          7
{ common_pid: mc-worker       [    169509], ret:         51 } hitcount:          7
{ common_pid: mc-worker       [    169508], ret:         47 } hitcount:          7
{ common_pid: mc-worker       [    169511], ret:         45 } hitcount:          7
{ common_pid: mc-worker       [    169504], ret:         49 } hitcount:          8
{ common_pid: mc-worker       [    169508], ret:         46 } hitcount:          8
{ common_pid: mc-worker       [    169507], ret:         49 } hitcount:          8
{ common_pid: mc-worker       [    169510], ret:         50 } hitcount:          8
{ common_pid: mc-worker       [    169511], ret:         46 } hitcount:          9
{ common_pid: mc-worker       [    169504], ret:         48 } hitcount:         10
{ common_pid: mc-worker       [    169506], ret:         46 } hitcount:         10
{ common_pid: mc-worker       [    169508], ret:         45 } hitcount:         10
{ common_pid: mc-worker       [    169509], ret:         49 } hitcount:         12
{ common_pid: mc-worker       [    169509], ret:         50 } hitcount:         13
{ common_pid: mc-worker       [    169510], ret:         47 } hitcount:         13
{ common_pid: mc-worker       [    169510], ret:         49 } hitcount:         13
{ common_pid: mc-worker       [    169510], ret:         48 } hitcount:         14
{ common_pid: mc-worker       [    169504], ret:         47 } hitcount:         14
{ common_pid: mc-worker       [    169507], ret:         48 } hitcount:         14
{ common_pid: mc-worker       [    169505], ret:         47 } hitcount:         14
{ common_pid: mc-worker       [    169505], ret:         46 } hitcount:         14
{ common_pid: mc-worker       [    169508], ret:         43 } hitcount:         15
{ common_pid: mc-worker       [    169508], ret:         44 } hitcount:         15
{ common_pid: mc-worker       [    169505], ret:         45 } hitcount:         15
{ common_pid: mc-worker       [    169509], ret:         48 } hitcount:         16
{ common_pid: mc-worker       [    169504], ret:         46 } hitcount:         17
{ common_pid: mc-worker       [    169506], ret:         45 } hitcount:         18
{ common_pid: mc-worker       [    169511], ret:         43 } hitcount:         19
{ common_pid: mc-worker       [    169511], ret:         44 } hitcount:         20
{ common_pid: mc-worker       [    169505], ret:         44 } hitcount:         20
{ common_pid: mc-worker       [    169506], ret:         44 } hitcount:         21
{ common_pid: mc-worker       [    169507], ret:         47 } hitcount:         26
{ common_pid: mc-worker       [    169509], ret:         47 } hitcount:         30
{ common_pid: mc-worker       [    169504], ret:         45 } hitcount:         32
{ common_pid: mc-worker       [    169510], ret:         46 } hitcount:         33
{ common_pid: mc-worker       [    169506], ret:         43 } hitcount:         35
{ common_pid: mc-worker       [    169511], ret:         42 } hitcount:         35
{ common_pid: mc-worker       [    169508], ret:         42 } hitcount:         35
{ common_pid: mc-worker       [    169507], ret:         46 } hitcount:         39
{ common_pid: mc-worker       [    169509], ret:         46 } hitcount:         40
{ common_pid: mc-worker       [    169508], ret:         41 } hitcount:         48
{ common_pid: mc-worker       [    169505], ret:         43 } hitcount:         50
{ common_pid: mc-worker       [    169510], ret:         45 } hitcount:         50
{ common_pid: mc-worker       [    169504], ret:         44 } hitcount:         52
{ common_pid: mc-worker       [    169507], ret:         45 } hitcount:         54
{ common_pid: mc-worker       [    169509], ret:         45 } hitcount:         55
{ common_pid: mc-worker       [    169506], ret:         42 } hitcount:         56
{ common_pid: mc-worker       [    169511], ret:         40 } hitcount:         61
{ common_pid: mc-worker       [    169511], ret:         41 } hitcount:         65
{ common_pid: mc-worker       [    169510], ret:         44 } hitcount:         65
{ common_pid: mc-worker       [    169505], ret:         42 } hitcount:         67
{ common_pid: mc-worker       [    169504], ret:         43 } hitcount:         68
{ common_pid: mc-worker       [    169507], ret:         44 } hitcount:         71
{ common_pid: mc-worker       [    169508], ret:         40 } hitcount:         73
{ common_pid: mc-worker       [    169509], ret:         44 } hitcount:         74
{ common_pid: mc-worker       [    169510], ret:         43 } hitcount:         83
{ common_pid: mc-worker       [    169505], ret:         41 } hitcount:        101
{ common_pid: mc-worker       [    169509], ret:         43 } hitcount:        103
{ common_pid: mc-worker       [    169506], ret:         40 } hitcount:        105
{ common_pid: mc-worker       [    169506], ret:         41 } hitcount:        105
{ common_pid: mc-worker       [    169504], ret:         42 } hitcount:        108
{ common_pid: mc-worker       [    169508], ret:         39 } hitcount:        114
{ common_pid: mc-worker       [    169507], ret:         43 } hitcount:        119
{ common_pid: mc-worker       [    169511], ret:         39 } hitcount:        137
{ common_pid: mc-worker       [    169505], ret:         40 } hitcount:        138
{ common_pid: mc-worker       [    169510], ret:         42 } hitcount:        141
{ common_pid: mc-worker       [    169508], ret:         38 } hitcount:        148
{ common_pid: mc-worker       [    169506], ret:         39 } hitcount:        159
{ common_pid: mc-worker       [    169509], ret:         42 } hitcount:        167
{ common_pid: mc-worker       [    169504], ret:         41 } hitcount:        167
{ common_pid: mc-worker       [    169507], ret:         42 } hitcount:        172
{ common_pid: mc-worker       [    169511], ret:         38 } hitcount:        192
{ common_pid: mc-worker       [    169505], ret:         39 } hitcount:        197
{ common_pid: mc-worker       [    169510], ret:         41 } hitcount:        214
{ common_pid: mc-worker       [    169509], ret:         41 } hitcount:        218
{ common_pid: mc-worker       [    169504], ret:         40 } hitcount:        221
{ common_pid: mc-worker       [    169506], ret:         38 } hitcount:        228
{ common_pid: mc-worker       [    169508], ret:         37 } hitcount:        246
{ common_pid: mc-worker       [    169510], ret:         40 } hitcount:        249
{ common_pid: mc-worker       [    169507], ret:         41 } hitcount:        252
{ common_pid: mc-worker       [    169505], ret:         38 } hitcount:        292
{ common_pid: mc-worker       [    169511], ret:         37 } hitcount:        293
{ common_pid: mc-worker       [    169506], ret:         37 } hitcount:        305
{ common_pid: mc-worker       [    169508], ret:         36 } hitcount:        309
{ common_pid: mc-worker       [    169507], ret:         40 } hitcount:        319
{ common_pid: mc-worker       [    169504], ret:         39 } hitcount:        327
{ common_pid: mc-worker       [    169509], ret:         40 } hitcount:        342
{ common_pid: mc-worker       [    169510], ret:         39 } hitcount:        375
{ common_pid: mc-worker       [    169511], ret:         36 } hitcount:        377
{ common_pid: mc-worker       [    169505], ret:         37 } hitcount:        417
{ common_pid: mc-worker       [    169508], ret:         35 } hitcount:        426
{ common_pid: mc-worker       [    169506], ret:         36 } hitcount:        434
{ common_pid: mc-worker       [    169509], ret:         39 } hitcount:        437
{ common_pid: mc-worker       [    169504], ret:         38 } hitcount:        457
{ common_pid: mc-worker       [    169507], ret:         39 } hitcount:        468
{ common_pid: mc-worker       [    169510], ret:         38 } hitcount:        473
{ common_pid: mc-worker       [    169505], ret:         36 } hitcount:        528
{ common_pid: mc-worker       [    169511], ret:         35 } hitcount:        546
{ common_pid: mc-worker       [    169508], ret:         34 } hitcount:        553
{ common_pid: mc-worker       [    169506], ret:         35 } hitcount:        587
{ common_pid: mc-worker       [    169507], ret:         38 } hitcount:        600
{ common_pid: mc-worker       [    169504], ret:         37 } hitcount:        626
{ common_pid: mc-worker       [    169509], ret:         38 } hitcount:        640
{ common_pid: mc-worker       [    169510], ret:         37 } hitcount:        704
{ common_pid: mc-worker       [    169511], ret:         34 } hitcount:        710
{ common_pid: mc-worker       [    169505], ret:         35 } hitcount:        734
{ common_pid: mc-worker       [    169509], ret:         37 } hitcount:        786
{ common_pid: mc-worker       [    169507], ret:         37 } hitcount:        805
{ common_pid: mc-worker       [    169508], ret:         33 } hitcount:        815
{ common_pid: mc-worker       [    169504], ret:         36 } hitcount:        836
{ common_pid: mc-worker       [    169506], ret:         34 } hitcount:        857
{ common_pid: mc-worker       [    169510], ret:         36 } hitcount:        864
{ common_pid: mc-worker       [    169505], ret:         34 } hitcount:        977
{ common_pid: mc-worker       [    169508], ret:         32 } hitcount:       1019
{ common_pid: mc-worker       [    169511], ret:         33 } hitcount:       1025
{ common_pid: mc-worker       [    169506], ret:         33 } hitcount:       1066
{ common_pid: mc-worker       [    169509], ret:         36 } hitcount:       1069
{ common_pid: mc-worker       [    169507], ret:         36 } hitcount:       1078
{ common_pid: mc-worker       [    169510], ret:         35 } hitcount:       1099
{ common_pid: mc-worker       [    169504], ret:         35 } hitcount:       1154
{ common_pid: mc-worker       [    169508], ret:         31 } hitcount:       1276
{ common_pid: mc-worker       [    169505], ret:         33 } hitcount:       1326
{ common_pid: mc-worker       [    169506], ret:         32 } hitcount:       1331
{ common_pid: mc-worker       [    169509], ret:         35 } hitcount:       1377
{ common_pid: mc-worker       [    169511], ret:         32 } hitcount:       1380
{ common_pid: mc-worker       [    169510], ret:         34 } hitcount:       1426
{ common_pid: mc-worker       [    169504], ret:         34 } hitcount:       1472
{ common_pid: mc-worker       [    169507], ret:         35 } hitcount:       1486
{ common_pid: mc-worker       [    169508], ret:         30 } hitcount:       1651
{ common_pid: mc-worker       [    169509], ret:         34 } hitcount:       1689
{ common_pid: mc-worker       [    169505], ret:         32 } hitcount:       1690
{ common_pid: mc-worker       [    169506], ret:         31 } hitcount:       1696
{ common_pid: mc-worker       [    169510], ret:         33 } hitcount:       1703
{ common_pid: mc-worker       [    169511], ret:         31 } hitcount:       1733
{ common_pid: mc-worker       [    169507], ret:         34 } hitcount:       1824
{ common_pid: mc-worker       [    169504], ret:         33 } hitcount:       1937
{ common_pid: mc-worker       [    169508], ret:         29 } hitcount:       2060
{ common_pid: mc-worker       [    169506], ret:         30 } hitcount:       2074
{ common_pid: mc-worker       [    169505], ret:         31 } hitcount:       2090
{ common_pid: mc-worker       [    169510], ret:         32 } hitcount:       2095
{ common_pid: mc-worker       [    169511], ret:         30 } hitcount:       2117
{ common_pid: mc-worker       [    169509], ret:         33 } hitcount:       2141
{ common_pid: mc-worker       [    169507], ret:         33 } hitcount:       2307
{ common_pid: mc-worker       [    169508], ret:         28 } hitcount:       2404
{ common_pid: mc-worker       [    169504], ret:         32 } hitcount:       2433
{ common_pid: mc-worker       [    169510], ret:         31 } hitcount:       2523
{ common_pid: mc-worker       [    169505], ret:         30 } hitcount:       2534
{ common_pid: mc-worker       [    169506], ret:         29 } hitcount:       2556
{ common_pid: mc-worker       [    169509], ret:         32 } hitcount:       2569
{ common_pid: mc-worker       [    169511], ret:         29 } hitcount:       2608
{ common_pid: mc-worker       [    169507], ret:         32 } hitcount:       2679
{ common_pid: mc-worker       [    169504], ret:         31 } hitcount:       2838
{ common_pid: mc-worker       [    169508], ret:         27 } hitcount:       2855
{ common_pid: mc-worker       [    169506], ret:         28 } hitcount:       2962
{ common_pid: mc-worker       [    169510], ret:         30 } hitcount:       3041
{ common_pid: mc-worker       [    169505], ret:         29 } hitcount:       3126
{ common_pid: mc-worker       [    169511], ret:         28 } hitcount:       3194
{ common_pid: mc-worker       [    169509], ret:         31 } hitcount:       3202
{ common_pid: mc-worker       [    169508], ret:         26 } hitcount:       3214
{ common_pid: mc-worker       [    169507], ret:         31 } hitcount:       3290
{ common_pid: mc-worker       [    169510], ret:         29 } hitcount:       3384
{ common_pid: mc-worker       [    169506], ret:         27 } hitcount:       3476
{ common_pid: mc-worker       [    169504], ret:         30 } hitcount:       3500
{ common_pid: mc-worker       [    169505], ret:         28 } hitcount:       3569
{ common_pid: mc-worker       [    169508], ret:         25 } hitcount:       3579
{ common_pid: mc-worker       [    169509], ret:         30 } hitcount:       3735
{ common_pid: mc-worker       [    169511], ret:         27 } hitcount:       3771
{ common_pid: mc-worker       [    169510], ret:         28 } hitcount:       3811
{ common_pid: mc-worker       [    169507], ret:         30 } hitcount:       3914
{ common_pid: mc-worker       [    169505], ret:         27 } hitcount:       3966
{ common_pid: mc-worker       [    169506], ret:         26 } hitcount:       3967
{ common_pid: mc-worker       [    169508], ret:         24 } hitcount:       3989
{ common_pid: mc-worker       [    169510], ret:         27 } hitcount:       4009
{ common_pid: mc-worker       [    169507], ret:         17 } hitcount:       4033
{ common_pid: mc-worker       [    169509], ret:         17 } hitcount:       4053
{ common_pid: mc-worker       [    169507], ret:         16 } hitcount:       4058
{ common_pid: mc-worker       [    169504], ret:         29 } hitcount:       4060
{ common_pid: mc-worker       [    169507], ret:         15 } hitcount:       4158
{ common_pid: mc-worker       [    169509], ret:         29 } hitcount:       4166
{ common_pid: mc-worker       [    169507], ret:         18 } hitcount:       4181
{ common_pid: mc-worker       [    169508], ret:         23 } hitcount:       4186
{ common_pid: mc-worker       [    169509], ret:         16 } hitcount:       4205
{ common_pid: mc-worker       [    169504], ret:         17 } hitcount:       4244
{ common_pid: mc-worker       [    169509], ret:         18 } hitcount:       4277
{ common_pid: mc-worker       [    169509], ret:         19 } hitcount:       4282
{ common_pid: mc-worker       [    169506], ret:         25 } hitcount:       4290
{ common_pid: mc-worker       [    169504], ret:         16 } hitcount:       4318
{ common_pid: mc-worker       [    169507], ret:         29 } hitcount:       4320
{ common_pid: mc-worker       [    169510], ret:         26 } hitcount:       4363
{ common_pid: mc-worker       [    169509], ret:         15 } hitcount:       4364
{ common_pid: mc-worker       [    169507], ret:         14 } hitcount:       4378
{ common_pid: mc-worker       [    169511], ret:         26 } hitcount:       4381
{ common_pid: mc-worker       [    169504], ret:         18 } hitcount:       4386
{ common_pid: mc-worker       [    169508], ret:         22 } hitcount:       4399
{ common_pid: mc-worker       [    169504], ret:         15 } hitcount:       4432
{ common_pid: mc-worker       [    169506], ret:         24 } hitcount:       4474
{ common_pid: mc-worker       [    169510], ret:         18 } hitcount:       4479
{ common_pid: mc-worker       [    169510], ret:         19 } hitcount:       4497
{ common_pid: mc-worker       [    169504], ret:         14 } hitcount:       4524
{ common_pid: mc-worker       [    169510], ret:         20 } hitcount:       4532
{ common_pid: mc-worker       [    169507], ret:         19 } hitcount:       4532
{ common_pid: mc-worker       [    169510], ret:         21 } hitcount:       4540
{ common_pid: mc-worker       [    169510], ret:         22 } hitcount:       4541
{ common_pid: mc-worker       [    169510], ret:         25 } hitcount:       4572
{ common_pid: mc-worker       [    169510], ret:         23 } hitcount:       4585
{ common_pid: mc-worker       [    169508], ret:         21 } hitcount:       4590
{ common_pid: mc-worker       [    169509], ret:         28 } hitcount:       4610
{ common_pid: mc-worker       [    169508], ret:         20 } hitcount:       4612
{ common_pid: mc-worker       [    169504], ret:         28 } hitcount:       4674
{ common_pid: mc-worker       [    169506], ret:         23 } hitcount:       4678
{ common_pid: mc-worker       [    169505], ret:         26 } hitcount:       4682
{ common_pid: mc-worker       [    169507], ret:         13 } hitcount:       4725
{ common_pid: mc-worker       [    169506], ret:         21 } hitcount:       4758
{ common_pid: mc-worker       [    169508], ret:         19 } hitcount:       4764
{ common_pid: mc-worker       [    169511], ret:         25 } hitcount:       4765
{ common_pid: mc-worker       [    169509], ret:         14 } hitcount:       4765
{ common_pid: mc-worker       [    169510], ret:         24 } hitcount:       4767
{ common_pid: mc-worker       [    169507], ret:         20 } hitcount:       4775
{ common_pid: mc-worker       [    169509], ret:         20 } hitcount:       4779
{ common_pid: mc-worker       [    169506], ret:         22 } hitcount:       4781
{ common_pid: mc-worker       [    169506], ret:         18 } hitcount:       4786
{ common_pid: mc-worker       [    169504], ret:         19 } hitcount:       4803
{ common_pid: mc-worker       [    169506], ret:         20 } hitcount:       4808
{ common_pid: mc-worker       [    169508], ret:         18 } hitcount:       4827
{ common_pid: mc-worker       [    169509], ret:         21 } hitcount:       4892
{ common_pid: mc-worker       [    169504], ret:         13 } hitcount:       4894
{ common_pid: mc-worker       [    169505], ret:         17 } hitcount:       4894
{ common_pid: mc-worker       [    169506], ret:         19 } hitcount:       4903
{ common_pid: mc-worker       [    169505], ret:         25 } hitcount:       4910
{ common_pid: mc-worker       [    169506], ret:         17 } hitcount:       4950
{ common_pid: mc-worker       [    169505], ret:         19 } hitcount:       4966
{ common_pid: mc-worker       [    169505], ret:         18 } hitcount:       4972
{ common_pid: mc-worker       [    169505], ret:         20 } hitcount:       4978
{ common_pid: mc-worker       [    169510], ret:         17 } hitcount:       4981
{ common_pid: mc-worker       [    169505], ret:         16 } hitcount:       4985
{ common_pid: mc-worker       [    169507], ret:         28 } hitcount:       5014
{ common_pid: mc-worker       [    169510], ret:         16 } hitcount:       5035
{ common_pid: mc-worker       [    169511], ret:         16 } hitcount:       5044
{ common_pid: mc-worker       [    169508], ret:         17 } hitcount:       5059
{ common_pid: mc-worker       [    169509], ret:         27 } hitcount:       5060
{ common_pid: mc-worker       [    169506], ret:         16 } hitcount:       5071
{ common_pid: mc-worker       [    169507], ret:         12 } hitcount:       5090
{ common_pid: mc-worker       [    169504], ret:         27 } hitcount:       5115
{ common_pid: mc-worker       [    169511], ret:         19 } hitcount:       5172
{ common_pid: mc-worker       [    169505], ret:         24 } hitcount:       5180
{ common_pid: mc-worker       [    169511], ret:         18 } hitcount:       5192
{ common_pid: mc-worker       [    169504], ret:         20 } hitcount:       5195
{ common_pid: mc-worker       [    169511], ret:         17 } hitcount:       5237
{ common_pid: mc-worker       [    169511], ret:         15 } hitcount:       5237
{ common_pid: mc-worker       [    169509], ret:         22 } hitcount:       5238
{ common_pid: mc-worker       [    169509], ret:         13 } hitcount:       5240
{ common_pid: mc-worker       [    169507], ret:         21 } hitcount:       5279
{ common_pid: mc-worker       [    169511], ret:         24 } hitcount:       5281
{ common_pid: mc-worker       [    169505], ret:         21 } hitcount:       5289
{ common_pid: mc-worker       [    169509], ret:         23 } hitcount:       5318
{ common_pid: mc-worker       [    169508], ret:         16 } hitcount:       5324
{ common_pid: mc-worker       [    169511], ret:         20 } hitcount:       5360
{ common_pid: mc-worker       [    169505], ret:         15 } hitcount:       5361
{ common_pid: mc-worker       [    169509], ret:         26 } hitcount:       5376
{ common_pid: mc-worker       [    169507], ret:         22 } hitcount:       5379
{ common_pid: mc-worker       [    169511], ret:         23 } hitcount:       5385
{ common_pid: mc-worker       [    169507], ret:         27 } hitcount:       5403
{ common_pid: mc-worker       [    169505], ret:         22 } hitcount:       5458
{ common_pid: mc-worker       [    169505], ret:         23 } hitcount:       5479
{ common_pid: mc-worker       [    169504], ret:         12 } hitcount:       5480
{ common_pid: mc-worker       [    169509], ret:         25 } hitcount:       5498
{ common_pid: mc-worker       [    169509], ret:         24 } hitcount:       5508
{ common_pid: mc-worker       [    169504], ret:         21 } hitcount:       5536
{ common_pid: mc-worker       [    169505], ret:         14 } hitcount:       5539
{ common_pid: mc-worker       [    169507], ret:         11 } hitcount:       5540
{ common_pid: mc-worker       [    169504], ret:         26 } hitcount:       5565
{ common_pid: mc-worker       [    169510], ret:         15 } hitcount:       5567
{ common_pid: mc-worker       [    169511], ret:         21 } hitcount:       5568
{ common_pid: mc-worker       [    169511], ret:         14 } hitcount:       5570
{ common_pid: mc-worker       [    169506], ret:         15 } hitcount:       5661
{ common_pid: mc-worker       [    169511], ret:         22 } hitcount:       5665
{ common_pid: mc-worker       [    169507], ret:         26 } hitcount:       5743
{ common_pid: mc-worker       [    169509], ret:         12 } hitcount:       5761
{ common_pid: mc-worker       [    169508], ret:         15 } hitcount:       5798
{ common_pid: mc-worker       [    169507], ret:         23 } hitcount:       5807
{ common_pid: mc-worker       [    169504], ret:         22 } hitcount:       5812
{ common_pid: mc-worker       [    169504], ret:         25 } hitcount:       5847
{ common_pid: mc-worker       [    169504], ret:         11 } hitcount:       5893
{ common_pid: mc-worker       [    169504], ret:         23 } hitcount:       5902
{ common_pid: mc-worker       [    169507], ret:         24 } hitcount:       5935
{ common_pid: mc-worker       [    169504], ret:         24 } hitcount:       5951
{ common_pid: mc-worker       [    169511], ret:         13 } hitcount:       5958
{ common_pid: mc-worker       [    169507], ret:         25 } hitcount:       6031
{ common_pid: mc-worker       [    169506], ret:         14 } hitcount:       6071
{ common_pid: mc-worker       [    169510], ret:         14 } hitcount:       6149
{ common_pid: mc-worker       [    169505], ret:         13 } hitcount:       6152
{ common_pid: mc-worker       [    169507], ret:         10 } hitcount:       6203
{ common_pid: mc-worker       [    169508], ret:         14 } hitcount:       6357
{ common_pid: mc-worker       [    169509], ret:         11 } hitcount:       6362
{ common_pid: mc-worker       [    169504], ret:         10 } hitcount:       6456
{ common_pid: mc-worker       [    169505], ret:         12 } hitcount:       6633
{ common_pid: mc-worker       [    169507], ret:          9 } hitcount:       6679
{ common_pid: mc-worker       [    169510], ret:         13 } hitcount:       6699
{ common_pid: mc-worker       [    169511], ret:         12 } hitcount:       6713
{ common_pid: mc-worker       [    169509], ret:         10 } hitcount:       6874
{ common_pid: mc-worker       [    169506], ret:         13 } hitcount:       6888
{ common_pid: mc-worker       [    169504], ret:          9 } hitcount:       7068
{ common_pid: mc-worker       [    169508], ret:         13 } hitcount:       7231
{ common_pid: mc-worker       [    169511], ret:         11 } hitcount:       7352
{ common_pid: mc-worker       [    169507], ret:          8 } hitcount:       7354
{ common_pid: mc-worker       [    169510], ret:         12 } hitcount:       7370
{ common_pid: mc-worker       [    169505], ret:         11 } hitcount:       7376
{ common_pid: mc-worker       [    169509], ret:          9 } hitcount:       7422
{ common_pid: mc-worker       [    169504], ret:          8 } hitcount:       7721
{ common_pid: mc-worker       [    169506], ret:         12 } hitcount:       7737
{ common_pid: mc-worker       [    169508], ret:         12 } hitcount:       8058
{ common_pid: mc-worker       [    169510], ret:         11 } hitcount:       8121
{ common_pid: mc-worker       [    169511], ret:         10 } hitcount:       8165
{ common_pid: mc-worker       [    169507], ret:          7 } hitcount:       8248
{ common_pid: mc-worker       [    169505], ret:         10 } hitcount:       8285
{ common_pid: mc-worker       [    169506], ret:         11 } hitcount:       8340
{ common_pid: mc-worker       [    169509], ret:          8 } hitcount:       8367
{ common_pid: mc-worker       [    169510], ret:         10 } hitcount:       8777
{ common_pid: mc-worker       [    169504], ret:          7 } hitcount:       8786
{ common_pid: mc-worker       [    169511], ret:          9 } hitcount:       8970
{ common_pid: mc-worker       [    169505], ret:          9 } hitcount:       8970
{ common_pid: mc-worker       [    169508], ret:         11 } hitcount:       8980
{ common_pid: mc-worker       [    169509], ret:          7 } hitcount:       9284
{ common_pid: mc-worker       [    169506], ret:         10 } hitcount:       9440
{ common_pid: mc-worker       [    169507], ret:          6 } hitcount:       9779
{ common_pid: mc-worker       [    169510], ret:          9 } hitcount:       9926
{ common_pid: mc-worker       [    169511], ret:          8 } hitcount:      10042
{ common_pid: mc-worker       [    169505], ret:          8 } hitcount:      10098
{ common_pid: mc-worker       [    169506], ret:          9 } hitcount:      10198
{ common_pid: mc-worker       [    169504], ret:          6 } hitcount:      10255
{ common_pid: mc-worker       [    169508], ret:         10 } hitcount:      10292
{ common_pid: mc-worker       [    169510], ret:          8 } hitcount:      10829
{ common_pid: mc-worker       [    169511], ret:          7 } hitcount:      11138
{ common_pid: mc-worker       [    169507], ret:          1 } hitcount:      11219
{ common_pid: mc-worker       [    169505], ret:          7 } hitcount:      11297
{ common_pid: mc-worker       [    169508], ret:          9 } hitcount:      11440
{ common_pid: mc-worker       [    169509], ret:          6 } hitcount:      11468
{ common_pid: mc-worker       [    169506], ret:          8 } hitcount:      11854
{ common_pid: mc-worker       [    169507], ret:          5 } hitcount:      12040
{ common_pid: mc-worker       [    169504], ret:          1 } hitcount:      12162
{ common_pid: mc-worker       [    169504], ret:          5 } hitcount:      12621
{ common_pid: mc-worker       [    169510], ret:          7 } hitcount:      12664
{ common_pid: mc-worker       [    169508], ret:          8 } hitcount:      12942
{ common_pid: mc-worker       [    169505], ret:          6 } hitcount:      13217
{ common_pid: mc-worker       [    169506], ret:          7 } hitcount:      13392
{ common_pid: mc-worker       [    169511], ret:          6 } hitcount:      13479
{ common_pid: mc-worker       [    169509], ret:          5 } hitcount:      14215
{ common_pid: mc-worker       [    169508], ret:          7 } hitcount:      14707
{ common_pid: mc-worker       [    169510], ret:          6 } hitcount:      14787
{ common_pid: mc-worker       [    169505], ret:          1 } hitcount:      15111
{ common_pid: mc-worker       [    169509], ret:          1 } hitcount:      15367
{ common_pid: mc-worker       [    169507], ret:          4 } hitcount:      15752
{ common_pid: mc-worker       [    169506], ret:          6 } hitcount:      15844
{ common_pid: mc-worker       [    169504], ret:          4 } hitcount:      16214
{ common_pid: mc-worker       [    169511], ret:          5 } hitcount:      16701
{ common_pid: mc-worker       [    169511], ret:          1 } hitcount:      16757
{ common_pid: mc-worker       [    169505], ret:          5 } hitcount:      16779
{ common_pid: mc-worker       [    169508], ret:          6 } hitcount:      17495
{ common_pid: mc-worker       [    169509], ret:          4 } hitcount:      18583
{ common_pid: mc-worker       [    169510], ret:          5 } hitcount:      18630
{ common_pid: mc-worker       [    169507], ret:          2 } hitcount:      19015
{ common_pid: mc-worker       [    169504], ret:          2 } hitcount:      19696
{ common_pid: mc-worker       [    169507], ret:          3 } hitcount:      19841
{ common_pid: mc-worker       [    169504], ret:          3 } hitcount:      19865
{ common_pid: mc-worker       [    169510], ret:          1 } hitcount:      19869
{ common_pid: mc-worker       [    169506], ret:          5 } hitcount:      20266
{ common_pid: mc-worker       [    169505], ret:          4 } hitcount:      21020
{ common_pid: mc-worker       [    169511], ret:          4 } hitcount:      21260
{ common_pid: mc-worker       [    169508], ret:          5 } hitcount:      22548
{ common_pid: mc-worker       [    169509], ret:          3 } hitcount:      23840
{ common_pid: mc-worker       [    169506], ret:          1 } hitcount:      24120
{ common_pid: mc-worker       [    169509], ret:          2 } hitcount:      24275
{ common_pid: mc-worker       [    169510], ret:          4 } hitcount:      24433
{ common_pid: mc-worker       [    169505], ret:          2 } hitcount:      25952
{ common_pid: mc-worker       [    169506], ret:          4 } hitcount:      26422
{ common_pid: mc-worker       [    169511], ret:          3 } hitcount:      27004
{ common_pid: mc-worker       [    169511], ret:          2 } hitcount:      27033
{ common_pid: mc-worker       [    169505], ret:          3 } hitcount:      27218
{ common_pid: mc-worker       [    169508], ret:          1 } hitcount:      28867
{ common_pid: mc-worker       [    169508], ret:          4 } hitcount:      29236
{ common_pid: mc-worker       [    169510], ret:          3 } hitcount:      31524
{ common_pid: mc-worker       [    169510], ret:          2 } hitcount:      32050
{ common_pid: mc-worker       [    169506], ret:          3 } hitcount:      34012
{ common_pid: mc-worker       [    169506], ret:          2 } hitcount:      35888
{ common_pid: mc-worker       [    169508], ret:          3 } hitcount:      38867
{ common_pid: mc-worker       [    169508], ret:          2 } hitcount:      42153
