{ common_pid: mc-worker       [    317700], ret:         48 } hitcount:          1
{ common_pid: mc-worker       [    317704], ret:        445 } hitcount:          1
{ common_pid: mc-worker       [    317698], ret:         43 } hitcount:          1
{ common_pid: mc-worker       [    317699], ret:        512 } hitcount:          1
{ common_pid: mc-worker       [    317702], ret:        490 } hitcount:          1
{ common_pid: mc-worker       [    317702], ret:         67 } hitcount:          1
{ common_pid: mc-worker       [    317703], ret:        110 } hitcount:          1
{ common_pid: mc-worker       [    317703], ret:        450 } hitcount:          1
{ common_pid: mc-worker       [    317701], ret:         26 } hitcount:          1
{ common_pid: mc-worker       [    317704], ret:         16 } hitcount:          1
{ common_pid: mc-worker       [    317700], ret:         17 } hitcount:          1
{ common_pid: mc-worker       [    317700], ret:        512 } hitcount:          1
{ common_pid: mc-worker       [    317697], ret:        512 } hitcount:          1
{ common_pid: mc-worker       [    317698], ret:        512 } hitcount:          1
{ common_pid: mc-worker       [    317699], ret:         43 } hitcount:          1
{ common_pid: mc-worker       [    317698], ret:         16 } hitcount:          1
{ common_pid: mc-worker       [    317701], ret:         17 } hitcount:          1
{ common_pid: mc-worker       [    317697], ret:         23 } hitcount:          1
{ common_pid: mc-worker       [    317701], ret:        510 } hitcount:          1
{ common_pid: mc-worker       [    317704], ret:        131 } hitcount:          1
{ common_pid: mc-worker       [    317703], ret:         15 } hitcount:          2
{ common_pid: mc-worker       [    317698], ret:         15 } hitcount:          2
{ common_pid: mc-worker       [    317697], ret:         15 } hitcount:          2
{ common_pid: mc-worker       [    317697], ret:         16 } hitcount:          2
{ common_pid: mc-worker       [    317702], ret:         15 } hitcount:          3
{ common_pid: mc-worker       [    317703], ret:         16 } hitcount:          3
{ common_pid: mc-worker       [    317700], ret:         15 } hitcount:          5
{ common_pid: mc-worker       [    317701], ret:         14 } hitcount:          5
{ common_pid: mc-worker       [    317699], ret:         14 } hitcount:          5
{ common_pid: mc-worker       [    317699], ret:         15 } hitcount:          6
{ common_pid: mc-worker       [    317697], ret:         14 } hitcount:          6
{ common_pid: mc-worker       [    317698], ret:         14 } hitcount:          8
{ common_pid: mc-worker       [    317703], ret:         14 } hitcount:          9
{ common_pid: mc-worker       [    317704], ret:         15 } hitcount:          9
{ common_pid: mc-worker       [    317702], ret:         14 } hitcount:         10
{ common_pid: mc-worker       [    317697], ret:         13 } hitcount:         12
{ common_pid: mc-worker       [    317700], ret:         14 } hitcount:         12
{ common_pid: mc-worker       [    317701], ret:         13 } hitcount:         16
{ common_pid: mc-worker       [    317699], ret:         13 } hitcount:         17
{ common_pid: mc-worker       [    317704], ret:         14 } hitcount:         18
{ common_pid: mc-worker       [    317700], ret:         13 } hitcount:         21
{ common_pid: mc-worker       [    317698], ret:         13 } hitcount:         22
{ common_pid: mc-worker       [    317703], ret:         13 } hitcount:         24
{ common_pid: mc-worker       [    317702], ret:         13 } hitcount:         26
{ common_pid: mc-worker       [    317704], ret:         13 } hitcount:         35
{ common_pid: mc-worker       [    317697], ret:         12 } hitcount:         47
{ common_pid: mc-worker       [    317701], ret:         12 } hitcount:         47
{ common_pid: mc-worker       [    317698], ret:         12 } hitcount:         60
{ common_pid: mc-worker       [    317702], ret:         12 } hitcount:         67
{ common_pid: mc-worker       [    317700], ret:         12 } hitcount:         70
{ common_pid: mc-worker       [    317703], ret:         12 } hitcount:         72
{ common_pid: mc-worker       [    317699], ret:         12 } hitcount:         80
{ common_pid: mc-worker       [    317704], ret:         12 } hitcount:        100
{ common_pid: mc-worker       [    317697], ret:         11 } hitcount:        134
{ common_pid: mc-worker       [    317701], ret:         11 } hitcount:        161
{ common_pid: mc-worker       [    317700], ret:         11 } hitcount:        186
{ common_pid: mc-worker       [    317703], ret:         11 } hitcount:        191
{ common_pid: mc-worker       [    317702], ret:         11 } hitcount:        192
{ common_pid: mc-worker       [    317699], ret:         11 } hitcount:        194
{ common_pid: mc-worker       [    317698], ret:         11 } hitcount:        195
{ common_pid: mc-worker       [    317704], ret:         11 } hitcount:        289
{ common_pid: mc-worker       [    317697], ret:         10 } hitcount:        415
{ common_pid: mc-worker       [    317701], ret:         10 } hitcount:        451
{ common_pid: mc-worker       [    317698], ret:         10 } hitcount:        548
{ common_pid: mc-worker       [    317700], ret:         10 } hitcount:        560
{ common_pid: mc-worker       [    317703], ret:         10 } hitcount:        566
{ common_pid: mc-worker       [    317699], ret:         10 } hitcount:        578
{ common_pid: mc-worker       [    317702], ret:         10 } hitcount:        599
{ common_pid: mc-worker       [    317704], ret:         10 } hitcount:        780
{ common_pid: mc-worker       [    317701], ret:          9 } hitcount:       1285
{ common_pid: mc-worker       [    317697], ret:          9 } hitcount:       1295
{ common_pid: mc-worker       [    317700], ret:          9 } hitcount:       1510
{ common_pid: mc-worker       [    317698], ret:          9 } hitcount:       1529
{ common_pid: mc-worker       [    317703], ret:          9 } hitcount:       1535
{ common_pid: mc-worker       [    317699], ret:          9 } hitcount:       1566
{ common_pid: mc-worker       [    317702], ret:          9 } hitcount:       1746
{ common_pid: mc-worker       [    317704], ret:          9 } hitcount:       1991
{ common_pid: mc-worker       [    317697], ret:          8 } hitcount:       3001
{ common_pid: mc-worker       [    317701], ret:          8 } hitcount:       3207
{ common_pid: mc-worker       [    317700], ret:          8 } hitcount:       3697
{ common_pid: mc-worker       [    317703], ret:          8 } hitcount:       3742
{ common_pid: mc-worker       [    317698], ret:          8 } hitcount:       3772
{ common_pid: mc-worker       [    317699], ret:          8 } hitcount:       3924
{ common_pid: mc-worker       [    317702], ret:          8 } hitcount:       3962
{ common_pid: mc-worker       [    317704], ret:          8 } hitcount:       4931
{ common_pid: mc-worker       [    317697], ret:          7 } hitcount:       6834
{ common_pid: mc-worker       [    317701], ret:          7 } hitcount:       7322
{ common_pid: mc-worker       [    317703], ret:          7 } hitcount:       8045
{ common_pid: mc-worker       [    317698], ret:          7 } hitcount:       8136
{ common_pid: mc-worker       [    317700], ret:          7 } hitcount:       8146
{ common_pid: mc-worker       [    317699], ret:          7 } hitcount:       8601
{ common_pid: mc-worker       [    317702], ret:          7 } hitcount:       8628
{ common_pid: mc-worker       [    317704], ret:          7 } hitcount:      10292
{ common_pid: mc-worker       [    317697], ret:          6 } hitcount:      14454
{ common_pid: mc-worker       [    317701], ret:          6 } hitcount:      14967
{ common_pid: mc-worker       [    317703], ret:          6 } hitcount:      16165
{ common_pid: mc-worker       [    317700], ret:          6 } hitcount:      16269
{ common_pid: mc-worker       [    317698], ret:          6 } hitcount:      16708
{ common_pid: mc-worker       [    317699], ret:          6 } hitcount:      17009
{ common_pid: mc-worker       [    317702], ret:          6 } hitcount:      17535
{ common_pid: mc-worker       [    317704], ret:          6 } hitcount:      20055
{ common_pid: mc-worker       [    317697], ret:          5 } hitcount:      30859
{ common_pid: mc-worker       [    317701], ret:          5 } hitcount:      31259
{ common_pid: mc-worker       [    317700], ret:          5 } hitcount:      32523
{ common_pid: mc-worker       [    317703], ret:          5 } hitcount:      32526
{ common_pid: mc-worker       [    317698], ret:          5 } hitcount:      33795
{ common_pid: mc-worker       [    317699], ret:          5 } hitcount:      34494
{ common_pid: mc-worker       [    317702], ret:          5 } hitcount:      34980
{ common_pid: mc-worker       [    317704], ret:          5 } hitcount:      37682
{ common_pid: mc-worker       [    317697], ret:          4 } hitcount:      64809
{ common_pid: mc-worker       [    317701], ret:          4 } hitcount:      65475
{ common_pid: mc-worker       [    317700], ret:          4 } hitcount:      66380
{ common_pid: mc-worker       [    317698], ret:          4 } hitcount:      67898
{ common_pid: mc-worker       [    317703], ret:          4 } hitcount:      68130
{ common_pid: mc-worker       [    317702], ret:          4 } hitcount:      69323
{ common_pid: mc-worker       [    317699], ret:          4 } hitcount:      69625
{ common_pid: mc-worker       [    317704], ret:          4 } hitcount:      71948
{ common_pid: mc-worker       [    317704], ret:          1 } hitcount:     122160
{ common_pid: mc-worker       [    317697], ret:          3 } hitcount:     123329
{ common_pid: mc-worker       [    317698], ret:          3 } hitcount:     123799
{ common_pid: mc-worker       [    317701], ret:          3 } hitcount:     124209
{ common_pid: mc-worker       [    317702], ret:          3 } hitcount:     124424
{ common_pid: mc-worker       [    317704], ret:          3 } hitcount:     125590
{ common_pid: mc-worker       [    317699], ret:          3 } hitcount:     125889
{ common_pid: mc-worker       [    317700], ret:          3 } hitcount:     127743
{ common_pid: mc-worker       [    317703], ret:          3 } hitcount:     129264
{ common_pid: mc-worker       [    317699], ret:          1 } hitcount:     133872
{ common_pid: mc-worker       [    317702], ret:          1 } hitcount:     136454
{ common_pid: mc-worker       [    317698], ret:          1 } hitcount:     139337
{ common_pid: mc-worker       [    317701], ret:          1 } hitcount:     140470
{ common_pid: mc-worker       [    317697], ret:          1 } hitcount:     141690
{ common_pid: mc-worker       [    317703], ret:          1 } hitcount:     146449
{ common_pid: mc-worker       [    317700], ret:          1 } hitcount:     148908
{ common_pid: mc-worker       [    317704], ret:          2 } hitcount:     156916
{ common_pid: mc-worker       [    317699], ret:          2 } hitcount:     164643
{ common_pid: mc-worker       [    317702], ret:          2 } hitcount:     165180
{ common_pid: mc-worker       [    317698], ret:          2 } hitcount:     166216
{ common_pid: mc-worker       [    317697], ret:          2 } hitcount:     167387
{ common_pid: mc-worker       [    317701], ret:          2 } hitcount:     168086
{ common_pid: mc-worker       [    317703], ret:          2 } hitcount:     176598
{ common_pid: mc-worker       [    317700], ret:          2 } hitcount:     177339
