Linux 6.12.0-rc5-nfoff-mitioff-susv7 (cache-sql13432) 	11/07/2024 	_x86_64_	(64 CPU)

07:31:27 PM     CPU      %usr     %nice      %sys   %iowait    %steal      %irq     %soft    %guest    %gnice     %idle
07:31:28 PM      32      4.26      0.00      7.45      0.00      0.00      0.00     12.77      0.00      0.00     75.53
07:31:28 PM      33      4.17      0.00      7.29      0.00      0.00      0.00     14.58      0.00      0.00     73.96
07:31:28 PM      34      4.12      0.00      8.25      0.00      0.00      0.00     12.37      0.00      0.00     75.26
07:31:28 PM      35      1.04      0.00     11.46      0.00      0.00      0.00     13.54      0.00      0.00     73.96
07:31:28 PM      36      3.96      0.00     12.87      0.00      0.00      0.00     11.88      0.00      0.00     71.29
07:31:28 PM      37      4.04      0.00     11.11      0.00      0.00      0.00     12.12      0.00      0.00     72.73
07:31:28 PM      38      3.03      0.00     10.10      0.00      0.00      0.00     15.15      0.00      0.00     71.72
07:31:28 PM      39      4.17      0.00      7.29      0.00      0.00      0.00     12.50      0.00      0.00     76.04

07:31:28 PM     CPU      %usr     %nice      %sys   %iowait    %steal      %irq     %soft    %guest    %gnice     %idle
07:31:29 PM      32      2.06      0.00     10.31      0.00      0.00      0.00     14.43      0.00      0.00     73.20
07:31:29 PM      33      5.32      0.00      7.45      0.00      0.00      0.00     12.77      0.00      0.00     74.47
07:31:29 PM      34      2.08      0.00      8.33      0.00      0.00      0.00     14.58      0.00      0.00     75.00
07:31:29 PM      35      3.06      0.00     10.20      0.00      0.00      0.00     13.27      0.00      0.00     73.47
07:31:29 PM      36      3.03      0.00     15.15      0.00      0.00      0.00      8.08      0.00      0.00     73.74
07:31:29 PM      37      1.16      0.00      4.65      0.00      0.00      0.00      9.30      0.00      0.00     84.88
07:31:29 PM      38      4.04      0.00      9.09      0.00      0.00      0.00     14.14      0.00      0.00     72.73
07:31:29 PM      39      3.09      0.00      9.28      0.00      0.00      0.00     12.37      0.00      0.00     75.26

07:31:29 PM     CPU      %usr     %nice      %sys   %iowait    %steal      %irq     %soft    %guest    %gnice     %idle
07:31:30 PM      32      1.04      0.00     10.42      0.00      0.00      0.00     12.50      0.00      0.00     76.04
07:31:30 PM      33      6.86      0.00      7.84      0.00      0.00      0.00     14.71      0.00      0.00     70.59
07:31:30 PM      34      4.08      0.00     10.20      0.00      0.00      0.00     12.24      0.00      0.00     73.47
07:31:30 PM      35      1.08      0.00     10.75      0.00      0.00      0.00     12.90      0.00      0.00     75.27
07:31:30 PM      36      1.06      0.00      7.45      0.00      0.00      0.00     14.89      0.00      0.00     76.60
07:31:30 PM      37      4.04      0.00     10.10      0.00      0.00      0.00     13.13      0.00      0.00     72.73
07:31:30 PM      38      3.19      0.00      7.45      0.00      0.00      0.00     12.77      0.00      0.00     76.60
07:31:30 PM      39      7.22      0.00      8.25      0.00      0.00      0.00     10.31      0.00      0.00     74.23

07:31:30 PM     CPU      %usr     %nice      %sys   %iowait    %steal      %irq     %soft    %guest    %gnice     %idle
07:31:31 PM      32      3.23      0.00      8.60      0.00      0.00      0.00     11.83      0.00      0.00     76.34
07:31:31 PM      33      3.09      0.00      8.25      0.00      0.00      0.00     13.40      0.00      0.00     75.26
07:31:31 PM      34      3.23      0.00      6.45      0.00      0.00      0.00     12.90      0.00      0.00     77.42
07:31:31 PM      35      2.02      0.00     10.10      0.00      0.00      0.00     16.16      0.00      0.00     71.72
07:31:31 PM      36      3.92      0.00     11.76      0.00      0.00      0.00     13.73      0.00      0.00     70.59
07:31:31 PM      37      2.15      0.00      6.45      0.00      0.00      0.00     11.83      0.00      0.00     79.57
07:31:31 PM      38      2.08      0.00      9.38      0.00      0.00      0.00     11.46      0.00      0.00     77.08
07:31:31 PM      39      3.88      0.00      8.74      0.00      0.00      0.00     17.48      0.00      0.00     69.90

07:31:31 PM     CPU      %usr     %nice      %sys   %iowait    %steal      %irq     %soft    %guest    %gnice     %idle
07:31:32 PM      32      4.12      0.00      7.22      0.00      0.00      0.00     14.43      0.00      0.00     74.23
07:31:32 PM      33      5.00      0.00      9.00      0.00      0.00      0.00     14.00      0.00      0.00     72.00
07:31:32 PM      34      2.06      0.00      8.25      0.00      0.00      0.00     15.46      0.00      0.00     74.23
07:31:32 PM      35      2.06      0.00     10.31      0.00      0.00      0.00     14.43      0.00      0.00     73.20
07:31:32 PM      36      3.09      0.00      6.19      0.00      0.00      0.00     17.53      0.00      0.00     73.20
07:31:32 PM      37      4.17      0.00      8.33      0.00      0.00      0.00     11.46      0.00      0.00     76.04
07:31:32 PM      38      5.26      0.00      7.37      0.00      0.00      0.00     11.58      0.00      0.00     75.79
07:31:32 PM      39      5.00      0.00      9.00      0.00      0.00      0.00     14.00      0.00      0.00     72.00

07:31:32 PM     CPU      %usr     %nice      %sys   %iowait    %steal      %irq     %soft    %guest    %gnice     %idle
07:31:33 PM      32      2.06      0.00      9.28      0.00      0.00      0.00     13.40      0.00      0.00     75.26
07:31:33 PM      33      1.06      0.00      9.57      0.00      0.00      0.00     12.77      0.00      0.00     76.60
07:31:33 PM      34      2.06      0.00     11.34      0.00      0.00      0.00     11.34      0.00      0.00     75.26
07:31:33 PM      35      4.17      0.00      7.29      0.00      0.00      0.00     13.54      0.00      0.00     75.00
07:31:33 PM      36      5.15      0.00      8.25      0.00      0.00      0.00     13.40      0.00      0.00     73.20
07:31:33 PM      37      4.95      0.00      8.91      0.00      0.00      0.00     14.85      0.00      0.00     71.29
07:31:33 PM      38      5.15      0.00      8.25      0.00      0.00      0.00     12.37      0.00      0.00     74.23
07:31:33 PM      39      5.15      0.00     10.31      0.00      0.00      0.00     10.31      0.00      0.00     74.23

07:31:33 PM     CPU      %usr     %nice      %sys   %iowait    %steal      %irq     %soft    %guest    %gnice     %idle
07:31:34 PM      32      4.44      0.00      5.56      0.00      0.00      0.00     11.11      0.00      0.00     78.89
07:31:34 PM      33      3.37      0.00      6.74      0.00      0.00      0.00      7.87      0.00      0.00     82.02
07:31:34 PM      34      2.04      0.00     11.22      0.00      0.00      0.00     12.24      0.00      0.00     74.49
07:31:34 PM      35      6.12      0.00      9.18      0.00      0.00      0.00     13.27      0.00      0.00     71.43
07:31:34 PM      36      3.03      0.00      6.06      0.00      0.00      0.00     18.18      0.00      0.00     72.73
07:31:34 PM      37      2.91      0.00     10.68      0.00      0.00      0.00     17.48      0.00      0.00     68.93
07:31:34 PM      38      5.10      0.00      8.16      0.00      0.00      0.00     12.24      0.00      0.00     74.49
07:31:34 PM      39      3.03      0.00      6.06      0.00      0.00      0.00     17.17      0.00      0.00     73.74

07:31:34 PM     CPU      %usr     %nice      %sys   %iowait    %steal      %irq     %soft    %guest    %gnice     %idle
07:31:35 PM      32      4.08      0.00      8.16      0.00      0.00      0.00     16.33      0.00      0.00     71.43
07:31:35 PM      33      3.16      0.00      7.37      0.00      0.00      0.00     15.79      0.00      0.00     73.68
07:31:35 PM      34      2.11      0.00      9.47      0.00      0.00      0.00     13.68      0.00      0.00     74.74
07:31:35 PM      35      3.00      0.00     12.00      0.00      0.00      0.00     16.00      0.00      0.00     69.00
07:31:35 PM      36      2.06      0.00     10.31      0.00      0.00      0.00     12.37      0.00      0.00     75.26
07:31:35 PM      37      2.06      0.00     10.31      0.00      0.00      0.00     12.37      0.00      0.00     75.26
07:31:35 PM      38      1.03      0.00      8.25      0.00      0.00      0.00     15.46      0.00      0.00     75.26
07:31:35 PM      39      4.00      0.00      9.00      0.00      0.00      0.00     15.00      0.00      0.00     72.00

07:31:35 PM     CPU      %usr     %nice      %sys   %iowait    %steal      %irq     %soft    %guest    %gnice     %idle
07:31:36 PM      32      4.95      0.00     11.88      0.00      0.00      0.00     11.88      0.00      0.00     71.29
07:31:36 PM      33      3.00      0.00     12.00      0.00      0.00      0.00     13.00      0.00      0.00     72.00
07:31:36 PM      34      5.83      0.00     12.62      0.00      0.00      0.00     10.68      0.00      0.00     70.87
07:31:36 PM      35      1.94      0.00      9.71      0.00      0.00      0.00     18.45      0.00      0.00     69.90
07:31:36 PM      36      3.16      0.00      7.37      0.00      0.00      0.00     12.63      0.00      0.00     76.84
07:31:36 PM      37      3.00      0.00     10.00      0.00      0.00      0.00     15.00      0.00      0.00     72.00
07:31:36 PM      38      6.12      0.00      8.16      0.00      0.00      0.00     11.22      0.00      0.00     74.49
07:31:36 PM      39      6.73      0.00      7.69      0.00      0.00      0.00     15.38      0.00      0.00     70.19

07:31:36 PM     CPU      %usr     %nice      %sys   %iowait    %steal      %irq     %soft    %guest    %gnice     %idle
07:31:37 PM      32      3.09      0.00      8.25      0.00      0.00      0.00     13.40      0.00      0.00     75.26
07:31:37 PM      33      5.05      0.00      7.07      0.00      0.00      0.00     15.15      0.00      0.00     72.73
07:31:37 PM      34      4.04      0.00      8.08      0.00      0.00      0.00     15.15      0.00      0.00     72.73
07:31:37 PM      35      5.83      0.00     10.68      0.00      0.00      0.00     14.56      0.00      0.00     68.93
07:31:37 PM      36      4.08      0.00     10.20      0.00      0.00      0.00     13.27      0.00      0.00     72.45
07:31:37 PM      37      2.27      0.00      6.82      0.00      0.00      0.00     12.50      0.00      0.00     78.41
07:31:37 PM      38      2.17      0.00      9.78      0.00      0.00      0.00      9.78      0.00      0.00     78.26
07:31:37 PM      39      4.12      0.00      7.22      0.00      0.00      0.00     15.46      0.00      0.00     73.20

Average:        CPU      %usr     %nice      %sys   %iowait    %steal      %irq     %soft    %guest    %gnice     %idle
Average:         32      3.33      0.00      8.75      0.00      0.00      0.00     13.23      0.00      0.00     74.69
Average:         33      4.04      0.00      8.28      0.00      0.00      0.00     13.46      0.00      0.00     74.22
Average:         34      3.19      0.00      9.46      0.00      0.00      0.00     13.05      0.00      0.00     74.31
Average:         35      3.05      0.00     10.17      0.00      0.00      0.00     14.65      0.00      0.00     72.13
Average:         36      3.27      0.00      9.60      0.00      0.00      0.00     13.59      0.00      0.00     73.54
Average:         37      3.12      0.00      8.84      0.00      0.00      0.00     13.10      0.00      0.00     74.95
Average:         38      3.73      0.00      8.60      0.00      0.00      0.00     12.64      0.00      0.00     75.03
Average:         39      4.65      0.00      8.28      0.00      0.00      0.00     14.04      0.00      0.00     73.03
