Linux 6.12.0-rc5-nfoff-mitioff-susv7 (cache-sql13432) 	11/07/2024 	_x86_64_	(64 CPU)

11:24:49 AM     CPU      %usr     %nice      %sys   %iowait    %steal      %irq     %soft    %guest    %gnice     %idle
11:24:50 AM      32     17.00      0.00     41.00      0.00      0.00      0.00     42.00      0.00      0.00      0.00
11:24:50 AM      33     12.12      0.00     45.45      0.00      0.00      0.00     42.42      0.00      0.00      0.00
11:24:50 AM      34     22.00      0.00     41.00      0.00      0.00      0.00     37.00      0.00      0.00      0.00
11:24:50 AM      35     16.00      0.00     54.00      0.00      0.00      0.00     30.00      0.00      0.00      0.00
11:24:50 AM      36     14.85      0.00     38.61      0.00      0.00      0.00     46.53      0.00      0.00      0.00
11:24:50 AM      37     23.00      0.00     42.00      0.00      0.00      0.00     35.00      0.00      0.00      0.00
11:24:50 AM      38     20.00      0.00     44.00      0.00      0.00      0.00     36.00      0.00      0.00      0.00
11:24:50 AM      39     21.21      0.00     39.39      0.00      0.00      0.00     39.39      0.00      0.00      0.00

11:24:50 AM     CPU      %usr     %nice      %sys   %iowait    %steal      %irq     %soft    %guest    %gnice     %idle
11:24:51 AM      32     25.00      0.00     43.00      0.00      0.00      0.00     32.00      0.00      0.00      0.00
11:24:51 AM      33     14.85      0.00     44.55      0.00      0.00      0.00     40.59      0.00      0.00      0.00
11:24:51 AM      34     19.00      0.00     48.00      0.00      0.00      0.00     33.00      0.00      0.00      0.00
11:24:51 AM      35     16.83      0.00     45.54      0.00      0.00      0.00     37.62      0.00      0.00      0.00
11:24:51 AM      36     14.14      0.00     56.57      0.00      0.00      0.00     29.29      0.00      0.00      0.00
11:24:51 AM      37     17.82      0.00     37.62      0.00      0.00      0.00     44.55      0.00      0.00      0.00
11:24:51 AM      38     23.00      0.00     43.00      0.00      0.00      0.00     34.00      0.00      0.00      0.00
11:24:51 AM      39     18.00      0.00     39.00      0.00      0.00      0.00     43.00      0.00      0.00      0.00

11:24:51 AM     CPU      %usr     %nice      %sys   %iowait    %steal      %irq     %soft    %guest    %gnice     %idle
11:24:52 AM      32     18.18      0.00     48.48      0.00      0.00      0.00     33.33      0.00      0.00      0.00
11:24:52 AM      33     15.15      0.00     39.39      0.00      0.00      0.00     45.45      0.00      0.00      0.00
11:24:52 AM      34     24.00      0.00     41.00      0.00      0.00      0.00     35.00      0.00      0.00      0.00
11:24:52 AM      35     24.00      0.00     40.00      0.00      0.00      0.00     36.00      0.00      0.00      0.00
11:24:52 AM      36     12.00      0.00     48.00      0.00      0.00      0.00     40.00      0.00      0.00      0.00
11:24:52 AM      37     16.00      0.00     46.00      0.00      0.00      0.00     38.00      0.00      0.00      0.00
11:24:52 AM      38     21.00      0.00     44.00      0.00      0.00      0.00     35.00      0.00      0.00      0.00
11:24:52 AM      39     18.00      0.00     41.00      0.00      0.00      0.00     41.00      0.00      0.00      0.00

11:24:52 AM     CPU      %usr     %nice      %sys   %iowait    %steal      %irq     %soft    %guest    %gnice     %idle
11:24:53 AM      32     23.76      0.00     40.59      0.00      0.00      0.00     35.64      0.00      0.00      0.00
11:24:53 AM      33     13.00      0.00     44.00      0.00      0.00      0.00     43.00      0.00      0.00      0.00
11:24:53 AM      34     20.00      0.00     42.00      0.00      0.00      0.00     38.00      0.00      0.00      0.00
11:24:53 AM      35     21.00      0.00     46.00      0.00      0.00      0.00     32.00      0.00      0.00      1.00
11:24:53 AM      36     15.84      0.00     49.50      0.00      0.00      0.00     34.65      0.00      0.00      0.00
11:24:53 AM      37     19.00      0.00     49.00      0.00      0.00      0.00     31.00      0.00      0.00      1.00
11:24:53 AM      38     15.00      0.00     45.00      0.00      0.00      0.00     40.00      0.00      0.00      0.00
11:24:53 AM      39     21.00      0.00     41.00      0.00      0.00      0.00     38.00      0.00      0.00      0.00

11:24:53 AM     CPU      %usr     %nice      %sys   %iowait    %steal      %irq     %soft    %guest    %gnice     %idle
11:24:54 AM      32     21.21      0.00     38.38      0.00      0.00      0.00     40.40      0.00      0.00      0.00
11:24:54 AM      33     14.85      0.00     34.65      0.00      0.00      0.00     50.50      0.00      0.00      0.00
11:24:54 AM      34     24.00      0.00     38.00      0.00      0.00      0.00     38.00      0.00      0.00      0.00
11:24:54 AM      35     21.00      0.00     45.00      0.00      0.00      0.00     34.00      0.00      0.00      0.00
11:24:54 AM      36     18.00      0.00     48.00      0.00      0.00      0.00     34.00      0.00      0.00      0.00
11:24:54 AM      37     19.00      0.00     46.00      0.00      0.00      0.00     35.00      0.00      0.00      0.00
11:24:54 AM      38     15.00      0.00     47.00      0.00      0.00      0.00     38.00      0.00      0.00      0.00
11:24:54 AM      39     20.00      0.00     43.00      0.00      0.00      0.00     37.00      0.00      0.00      0.00

11:24:54 AM     CPU      %usr     %nice      %sys   %iowait    %steal      %irq     %soft    %guest    %gnice     %idle
11:24:55 AM      32     19.80      0.00     45.54      0.00      0.00      0.00     34.65      0.00      0.00      0.00
11:24:55 AM      33      9.09      0.00     39.39      0.00      0.00      0.00     51.52      0.00      0.00      0.00
11:24:55 AM      34     23.23      0.00     43.43      0.00      0.00      0.00     33.33      0.00      0.00      0.00
11:24:55 AM      35     22.55      0.00     44.12      0.00      0.00      0.00     33.33      0.00      0.00      0.00
11:24:55 AM      36     17.17      0.00     44.44      0.00      0.00      0.00     38.38      0.00      0.00      0.00
11:24:55 AM      37     15.00      0.00     45.00      0.00      0.00      0.00     40.00      0.00      0.00      0.00
11:24:55 AM      38     22.00      0.00     46.00      0.00      0.00      0.00     32.00      0.00      0.00      0.00
11:24:55 AM      39     19.00      0.00     44.00      0.00      0.00      0.00     37.00      0.00      0.00      0.00

11:24:55 AM     CPU      %usr     %nice      %sys   %iowait    %steal      %irq     %soft    %guest    %gnice     %idle
11:24:56 AM      32     20.20      0.00     43.43      0.00      0.00      0.00     36.36      0.00      0.00      0.00
11:24:56 AM      33     14.85      0.00     36.63      0.00      0.00      0.00     48.51      0.00      0.00      0.00
11:24:56 AM      34     19.61      0.00     46.08      0.00      0.00      0.00     34.31      0.00      0.00      0.00
11:24:56 AM      35     20.20      0.00     45.45      0.00      0.00      0.00     34.34      0.00      0.00      0.00
11:24:56 AM      36     11.00      0.00     52.00      0.00      0.00      0.00     37.00      0.00      0.00      0.00
11:24:56 AM      37     17.00      0.00     43.00      0.00      0.00      0.00     40.00      0.00      0.00      0.00
11:24:56 AM      38     19.00      0.00     46.00      0.00      0.00      0.00     35.00      0.00      0.00      0.00
11:24:56 AM      39     18.81      0.00     48.51      0.00      0.00      0.00     32.67      0.00      0.00      0.00

11:24:56 AM     CPU      %usr     %nice      %sys   %iowait    %steal      %irq     %soft    %guest    %gnice     %idle
11:24:57 AM      32     22.00      0.00     43.00      0.00      0.00      0.00     35.00      0.00      0.00      0.00
11:24:57 AM      33     18.18      0.00     36.36      0.00      0.00      0.00     45.45      0.00      0.00      0.00
11:24:57 AM      34     22.00      0.00     46.00      0.00      0.00      0.00     31.00      0.00      0.00      1.00
11:24:57 AM      35     21.00      0.00     47.00      0.00      0.00      0.00     32.00      0.00      0.00      0.00
11:24:57 AM      36     14.00      0.00     54.00      0.00      0.00      0.00     32.00      0.00      0.00      0.00
11:24:57 AM      37     13.86      0.00     45.54      0.00      0.00      0.00     40.59      0.00      0.00      0.00
11:24:57 AM      38     20.00      0.00     48.00      0.00      0.00      0.00     32.00      0.00      0.00      0.00
11:24:57 AM      39     20.20      0.00     46.46      0.00      0.00      0.00     33.33      0.00      0.00      0.00

11:24:57 AM     CPU      %usr     %nice      %sys   %iowait    %steal      %irq     %soft    %guest    %gnice     %idle
11:24:58 AM      32     14.00      0.00     47.00      0.00      0.00      0.00     39.00      0.00      0.00      0.00
11:24:58 AM      33     15.84      0.00     38.61      0.00      0.00      0.00     45.54      0.00      0.00      0.00
11:24:58 AM      34     17.17      0.00     48.48      0.00      0.00      0.00     34.34      0.00      0.00      0.00
11:24:58 AM      35     18.00      0.00     48.00      0.00      0.00      0.00     34.00      0.00      0.00      0.00
11:24:58 AM      36     14.00      0.00     53.00      0.00      0.00      0.00     33.00      0.00      0.00      0.00
11:24:58 AM      37     18.18      0.00     43.43      0.00      0.00      0.00     38.38      0.00      0.00      0.00
11:24:58 AM      38     22.00      0.00     42.00      0.00      0.00      0.00     36.00      0.00      0.00      0.00
11:24:58 AM      39     19.00      0.00     46.00      0.00      0.00      0.00     35.00      0.00      0.00      0.00

11:24:58 AM     CPU      %usr     %nice      %sys   %iowait    %steal      %irq     %soft    %guest    %gnice     %idle
11:24:59 AM      32     19.00      0.00     41.00      0.00      0.00      0.00     40.00      0.00      0.00      0.00
11:24:59 AM      33     12.12      0.00     42.42      0.00      0.00      0.00     45.45      0.00      0.00      0.00
11:24:59 AM      34     18.81      0.00     46.53      0.00      0.00      0.00     34.65      0.00      0.00      0.00
11:24:59 AM      35     20.79      0.00     44.55      0.00      0.00      0.00     34.65      0.00      0.00      0.00
11:24:59 AM      36     19.19      0.00     39.39      0.00      0.00      0.00     41.41      0.00      0.00      0.00
11:24:59 AM      37     19.00      0.00     37.00      0.00      0.00      0.00     44.00      0.00      0.00      0.00
11:24:59 AM      38     21.00      0.00     43.00      0.00      0.00      0.00     36.00      0.00      0.00      0.00
11:24:59 AM      39     21.00      0.00     39.00      0.00      0.00      0.00     40.00      0.00      0.00      0.00

Average:        CPU      %usr     %nice      %sys   %iowait    %steal      %irq     %soft    %guest    %gnice     %idle
Average:         32     20.02      0.00     43.14      0.00      0.00      0.00     36.84      0.00      0.00      0.00
Average:         33     14.01      0.00     40.14      0.00      0.00      0.00     45.85      0.00      0.00      0.00
Average:         34     20.98      0.00     44.06      0.00      0.00      0.00     34.87      0.00      0.00      0.10
Average:         35     20.14      0.00     45.96      0.00      0.00      0.00     33.80      0.00      0.00      0.10
Average:         36     15.02      0.00     48.35      0.00      0.00      0.00     36.64      0.00      0.00      0.00
Average:         37     17.78      0.00     43.46      0.00      0.00      0.00     38.66      0.00      0.00      0.10
Average:         38     19.80      0.00     44.80      0.00      0.00      0.00     35.40      0.00      0.00      0.00
Average:         39     19.62      0.00     42.74      0.00      0.00      0.00     37.64      0.00      0.00      0.00
