Linux 6.12.0-rc5-nfoff-mitioff-susv7 (cache-sql13432) 	11/07/2024 	_x86_64_	(64 CPU)

05:28:36 AM     CPU      %usr     %nice      %sys   %iowait    %steal      %irq     %soft    %guest    %gnice     %idle
05:28:37 AM      32     14.85      0.00     45.54      0.00      0.00      0.00     39.60      0.00      0.00      0.00
05:28:37 AM      33     22.34      0.00     40.43      0.00      0.00      0.00     30.85      0.00      0.00      6.38
05:28:37 AM      34     14.14      0.00     52.53      0.00      0.00      0.00     33.33      0.00      0.00      0.00
05:28:37 AM      35     11.00      0.00     39.00      0.00      0.00      0.00     50.00      0.00      0.00      0.00
05:28:37 AM      36     13.00      0.00     34.00      0.00      0.00      0.00     53.00      0.00      0.00      0.00
05:28:37 AM      37     23.23      0.00     47.47      0.00      0.00      0.00     29.29      0.00      0.00      0.00
05:28:37 AM      38     15.84      0.00     49.50      0.00      0.00      0.00     33.66      0.00      0.00      0.99
05:28:37 AM      39     20.65      0.00     42.39      0.00      0.00      0.00     28.26      0.00      0.00      8.70

05:28:37 AM     CPU      %usr     %nice      %sys   %iowait    %steal      %irq     %soft    %guest    %gnice     %idle
05:28:38 AM      32     14.00      0.00     36.00      0.00      0.00      0.00     49.00      0.00      0.00      1.00
05:28:38 AM      33     17.53      0.00     45.36      0.00      0.00      0.00     30.93      0.00      0.00      6.19
05:28:38 AM      34     21.21      0.00     47.47      0.00      0.00      0.00     31.31      0.00      0.00      0.00
05:28:38 AM      35     11.00      0.00     37.00      0.00      0.00      0.00     52.00      0.00      0.00      0.00
05:28:38 AM      36     16.00      0.00     41.00      0.00      0.00      0.00     43.00      0.00      0.00      0.00
05:28:38 AM      37     17.17      0.00     48.48      0.00      0.00      0.00     34.34      0.00      0.00      0.00
05:28:38 AM      38     16.83      0.00     47.52      0.00      0.00      0.00     35.64      0.00      0.00      0.00
05:28:38 AM      39     21.11      0.00     38.89      0.00      0.00      0.00     33.33      0.00      0.00      6.67

05:28:38 AM     CPU      %usr     %nice      %sys   %iowait    %steal      %irq     %soft    %guest    %gnice     %idle
05:28:39 AM      32     18.18      0.00     42.42      0.00      0.00      0.00     39.39      0.00      0.00      0.00
05:28:39 AM      33     16.30      0.00     43.48      0.00      0.00      0.00     35.87      0.00      0.00      4.35
05:28:39 AM      34     20.79      0.00     40.59      0.00      0.00      0.00     38.61      0.00      0.00      0.00
05:28:39 AM      35     14.14      0.00     39.39      0.00      0.00      0.00     46.46      0.00      0.00      0.00
05:28:39 AM      36     18.00      0.00     42.00      0.00      0.00      0.00     40.00      0.00      0.00      0.00
05:28:39 AM      37     21.21      0.00     49.49      0.00      0.00      0.00     29.29      0.00      0.00      0.00
05:28:39 AM      38     16.00      0.00     48.00      0.00      0.00      0.00     36.00      0.00      0.00      0.00
05:28:39 AM      39     15.29      0.00     30.59      0.00      0.00      0.00     32.94      0.00      0.00     21.18

05:28:39 AM     CPU      %usr     %nice      %sys   %iowait    %steal      %irq     %soft    %guest    %gnice     %idle
05:28:40 AM      32     18.00      0.00     43.00      0.00      0.00      0.00     39.00      0.00      0.00      0.00
05:28:40 AM      33     20.79      0.00     50.50      0.00      0.00      0.00     28.71      0.00      0.00      0.00
05:28:40 AM      34     19.39      0.00     43.88      0.00      0.00      0.00     36.73      0.00      0.00      0.00
05:28:40 AM      35     13.00      0.00     39.00      0.00      0.00      0.00     48.00      0.00      0.00      0.00
05:28:40 AM      36     15.15      0.00     44.44      0.00      0.00      0.00     40.40      0.00      0.00      0.00
05:28:40 AM      37     15.00      0.00     48.00      0.00      0.00      0.00     37.00      0.00      0.00      0.00
05:28:40 AM      38     16.00      0.00     30.00      0.00      0.00      0.00     54.00      0.00      0.00      0.00
05:28:40 AM      39     20.43      0.00     41.94      0.00      0.00      0.00     32.26      0.00      0.00      5.38

05:28:40 AM     CPU      %usr     %nice      %sys   %iowait    %steal      %irq     %soft    %guest    %gnice     %idle
05:28:41 AM      32     17.82      0.00     44.55      0.00      0.00      0.00     37.62      0.00      0.00      0.00
05:28:41 AM      33     17.17      0.00     49.49      0.00      0.00      0.00     33.33      0.00      0.00      0.00
05:28:41 AM      34     20.59      0.00     42.16      0.00      0.00      0.00     37.25      0.00      0.00      0.00
05:28:41 AM      35     17.00      0.00     34.00      0.00      0.00      0.00     49.00      0.00      0.00      0.00
05:28:41 AM      36     17.82      0.00     36.63      0.00      0.00      0.00     45.54      0.00      0.00      0.00
05:28:41 AM      37     19.00      0.00     46.00      0.00      0.00      0.00     35.00      0.00      0.00      0.00
05:28:41 AM      38     16.00      0.00     38.00      0.00      0.00      0.00     46.00      0.00      0.00      0.00
05:28:41 AM      39     18.95      0.00     36.84      0.00      0.00      0.00     37.89      0.00      0.00      6.32

05:28:41 AM     CPU      %usr     %nice      %sys   %iowait    %steal      %irq     %soft    %guest    %gnice     %idle
05:28:42 AM      32     16.16      0.00     41.41      0.00      0.00      0.00     42.42      0.00      0.00      0.00
05:28:42 AM      33     18.81      0.00     51.49      0.00      0.00      0.00     29.70      0.00      0.00      0.00
05:28:42 AM      34     21.21      0.00     43.43      0.00      0.00      0.00     35.35      0.00      0.00      0.00
05:28:42 AM      35     14.00      0.00     39.00      0.00      0.00      0.00     47.00      0.00      0.00      0.00
05:28:42 AM      36     15.00      0.00     38.00      0.00      0.00      0.00     47.00      0.00      0.00      0.00
05:28:42 AM      37     13.00      0.00     49.00      0.00      0.00      0.00     38.00      0.00      0.00      0.00
05:28:42 AM      38     13.00      0.00     42.00      0.00      0.00      0.00     45.00      0.00      0.00      0.00
05:28:42 AM      39     20.00      0.00     42.11      0.00      0.00      0.00     31.58      0.00      0.00      6.32

05:28:42 AM     CPU      %usr     %nice      %sys   %iowait    %steal      %irq     %soft    %guest    %gnice     %idle
05:28:43 AM      32     17.00      0.00     45.00      0.00      0.00      0.00     38.00      0.00      0.00      0.00
05:28:43 AM      33     16.16      0.00     56.57      0.00      0.00      0.00     27.27      0.00      0.00      0.00
05:28:43 AM      34     17.00      0.00     48.00      0.00      0.00      0.00     35.00      0.00      0.00      0.00
05:28:43 AM      35     12.00      0.00     41.00      0.00      0.00      0.00     47.00      0.00      0.00      0.00
05:28:43 AM      36     16.00      0.00     38.00      0.00      0.00      0.00     46.00      0.00      0.00      0.00
05:28:43 AM      37     21.00      0.00     49.00      0.00      0.00      0.00     30.00      0.00      0.00      0.00
05:28:43 AM      38     13.00      0.00     38.00      0.00      0.00      0.00     49.00      0.00      0.00      0.00
05:28:43 AM      39     19.78      0.00     38.46      0.00      0.00      0.00     35.16      0.00      0.00      6.59

05:28:43 AM     CPU      %usr     %nice      %sys   %iowait    %steal      %irq     %soft    %guest    %gnice     %idle
05:28:44 AM      32     17.00      0.00     46.00      0.00      0.00      0.00     37.00      0.00      0.00      0.00
05:28:44 AM      33     19.80      0.00     46.53      0.00      0.00      0.00     33.66      0.00      0.00      0.00
05:28:44 AM      34     19.00      0.00     45.00      0.00      0.00      0.00     36.00      0.00      0.00      0.00
05:28:44 AM      35     16.83      0.00     36.63      0.00      0.00      0.00     46.53      0.00      0.00      0.00
05:28:44 AM      36     20.00      0.00     34.00      0.00      0.00      0.00     46.00      0.00      0.00      0.00
05:28:44 AM      37     18.00      0.00     50.00      0.00      0.00      0.00     32.00      0.00      0.00      0.00
05:28:44 AM      38     12.00      0.00     39.00      0.00      0.00      0.00     49.00      0.00      0.00      0.00
05:28:44 AM      39     18.68      0.00     43.96      0.00      0.00      0.00     30.77      0.00      0.00      6.59

05:28:44 AM     CPU      %usr     %nice      %sys   %iowait    %steal      %irq     %soft    %guest    %gnice     %idle
05:28:45 AM      32     20.00      0.00     47.00      0.00      0.00      0.00     33.00      0.00      0.00      0.00
05:28:45 AM      33     19.19      0.00     49.49      0.00      0.00      0.00     31.31      0.00      0.00      0.00
05:28:45 AM      34     21.00      0.00     47.00      0.00      0.00      0.00     32.00      0.00      0.00      0.00
05:28:45 AM      35     14.00      0.00     36.00      0.00      0.00      0.00     50.00      0.00      0.00      0.00
05:28:45 AM      36     18.00      0.00     44.00      0.00      0.00      0.00     38.00      0.00      0.00      0.00
05:28:45 AM      37     14.00      0.00     51.00      0.00      0.00      0.00     35.00      0.00      0.00      0.00
05:28:45 AM      38     12.00      0.00     41.00      0.00      0.00      0.00     47.00      0.00      0.00      0.00
05:28:45 AM      39     17.39      0.00     38.04      0.00      0.00      0.00     38.04      0.00      0.00      6.52

05:28:45 AM     CPU      %usr     %nice      %sys   %iowait    %steal      %irq     %soft    %guest    %gnice     %idle
05:28:46 AM      32     16.00      0.00     49.00      0.00      0.00      0.00     35.00      0.00      0.00      0.00
05:28:46 AM      33     21.21      0.00     50.51      0.00      0.00      0.00     28.28      0.00      0.00      0.00
05:28:46 AM      34     18.00      0.00     45.00      0.00      0.00      0.00     37.00      0.00      0.00      0.00
05:28:46 AM      35     13.00      0.00     44.00      0.00      0.00      0.00     43.00      0.00      0.00      0.00
05:28:46 AM      36     18.00      0.00     45.00      0.00      0.00      0.00     37.00      0.00      0.00      0.00
05:28:46 AM      37     17.00      0.00     47.00      0.00      0.00      0.00     36.00      0.00      0.00      0.00
05:28:46 AM      38     11.11      0.00     38.38      0.00      0.00      0.00     50.51      0.00      0.00      0.00
05:28:46 AM      39     14.74      0.00     47.37      0.00      0.00      0.00     30.53      0.00      0.00      7.37

Average:        CPU      %usr     %nice      %sys   %iowait    %steal      %irq     %soft    %guest    %gnice     %idle
Average:         32     16.90      0.00     44.00      0.00      0.00      0.00     39.00      0.00      0.00      0.10
Average:         33     18.94      0.00     48.47      0.00      0.00      0.00     30.96      0.00      0.00      1.63
Average:         34     19.24      0.00     45.49      0.00      0.00      0.00     35.27      0.00      0.00      0.00
Average:         35     13.60      0.00     38.50      0.00      0.00      0.00     47.90      0.00      0.00      0.00
Average:         36     16.70      0.00     39.70      0.00      0.00      0.00     43.60      0.00      0.00      0.00
Average:         37     17.85      0.00     48.55      0.00      0.00      0.00     33.60      0.00      0.00      0.00
Average:         38     14.19      0.00     41.16      0.00      0.00      0.00     44.56      0.00      0.00      0.10
Average:         39     18.72      0.00     40.15      0.00      0.00      0.00     33.08      0.00      0.00      8.05
