Linux 6.12.0-rc5-nfoff-mitioff-susv7 (cache-sql13432) 	11/07/2024 	_x86_64_	(64 CPU)

01:18:47 PM     CPU      %usr     %nice      %sys   %iowait    %steal      %irq     %soft    %guest    %gnice     %idle
01:18:48 PM      32     16.16      0.00     45.45      0.00      0.00      0.00     38.38      0.00      0.00      0.00
01:18:48 PM      33     20.00      0.00     48.00      0.00      0.00      0.00     32.00      0.00      0.00      0.00
01:18:48 PM      34     19.80      0.00     43.56      0.00      0.00      0.00     36.63      0.00      0.00      0.00
01:18:48 PM      35     20.00      0.00     50.00      0.00      0.00      0.00     30.00      0.00      0.00      0.00
01:18:48 PM      36     16.16      0.00     40.40      0.00      0.00      0.00     43.43      0.00      0.00      0.00
01:18:48 PM      37     13.00      0.00     44.00      0.00      0.00      0.00     43.00      0.00      0.00      0.00
01:18:48 PM      38     20.79      0.00     47.52      0.00      0.00      0.00     31.68      0.00      0.00      0.00
01:18:48 PM      39     14.00      0.00     45.00      0.00      0.00      0.00     41.00      0.00      0.00      0.00

01:18:48 PM     CPU      %usr     %nice      %sys   %iowait    %steal      %irq     %soft    %guest    %gnice     %idle
01:18:49 PM      32     12.87      0.00     40.59      0.00      0.00      0.00     46.53      0.00      0.00      0.00
01:18:49 PM      33     20.20      0.00     37.37      0.00      0.00      0.00     42.42      0.00      0.00      0.00
01:18:49 PM      34     17.17      0.00     43.43      0.00      0.00      0.00     39.39      0.00      0.00      0.00
01:18:49 PM      35     18.00      0.00     45.00      0.00      0.00      0.00     37.00      0.00      0.00      0.00
01:18:49 PM      36     20.00      0.00     44.00      0.00      0.00      0.00     36.00      0.00      0.00      0.00
01:18:49 PM      37     16.16      0.00     42.42      0.00      0.00      0.00     41.41      0.00      0.00      0.00
01:18:49 PM      38     24.24      0.00     42.42      0.00      0.00      0.00     33.33      0.00      0.00      0.00
01:18:49 PM      39     16.00      0.00     58.00      0.00      0.00      0.00     26.00      0.00      0.00      0.00

01:18:49 PM     CPU      %usr     %nice      %sys   %iowait    %steal      %irq     %soft    %guest    %gnice     %idle
01:18:50 PM      32     12.00      0.00     42.00      0.00      0.00      0.00     46.00      0.00      0.00      0.00
01:18:50 PM      33     23.76      0.00     41.58      0.00      0.00      0.00     34.65      0.00      0.00      0.00
01:18:50 PM      34     17.00      0.00     48.00      0.00      0.00      0.00     35.00      0.00      0.00      0.00
01:18:50 PM      35     19.80      0.00     45.54      0.00      0.00      0.00     34.65      0.00      0.00      0.00
01:18:50 PM      36     22.00      0.00     35.00      0.00      0.00      0.00     43.00      0.00      0.00      0.00
01:18:50 PM      37     15.84      0.00     38.61      0.00      0.00      0.00     45.54      0.00      0.00      0.00
01:18:50 PM      38     20.00      0.00     43.00      0.00      0.00      0.00     37.00      0.00      0.00      0.00
01:18:50 PM      39     15.00      0.00     47.00      0.00      0.00      0.00     38.00      0.00      0.00      0.00

01:18:50 PM     CPU      %usr     %nice      %sys   %iowait    %steal      %irq     %soft    %guest    %gnice     %idle
01:18:51 PM      32     11.11      0.00     46.46      0.00      0.00      0.00     42.42      0.00      0.00      0.00
01:18:51 PM      33     16.00      0.00     42.00      0.00      0.00      0.00     42.00      0.00      0.00      0.00
01:18:51 PM      34     21.21      0.00     46.46      0.00      0.00      0.00     32.32      0.00      0.00      0.00
01:18:51 PM      35     13.00      0.00     54.00      0.00      0.00      0.00     33.00      0.00      0.00      0.00
01:18:51 PM      36     17.82      0.00     38.61      0.00      0.00      0.00     43.56      0.00      0.00      0.00
01:18:51 PM      37     16.16      0.00     39.39      0.00      0.00      0.00     44.44      0.00      0.00      0.00
01:18:51 PM      38     17.00      0.00     49.00      0.00      0.00      0.00     34.00      0.00      0.00      0.00
01:18:51 PM      39     18.00      0.00     43.00      0.00      0.00      0.00     39.00      0.00      0.00      0.00

01:18:51 PM     CPU      %usr     %nice      %sys   %iowait    %steal      %irq     %soft    %guest    %gnice     %idle
01:18:52 PM      32     14.85      0.00     42.57      0.00      0.00      0.00     42.57      0.00      0.00      0.00
01:18:52 PM      33     20.00      0.00     43.00      0.00      0.00      0.00     37.00      0.00      0.00      0.00
01:18:52 PM      34     21.78      0.00     46.53      0.00      0.00      0.00     31.68      0.00      0.00      0.00
01:18:52 PM      35     18.00      0.00     46.00      0.00      0.00      0.00     36.00      0.00      0.00      0.00
01:18:52 PM      36     15.15      0.00     40.40      0.00      0.00      0.00     44.44      0.00      0.00      0.00
01:18:52 PM      37     14.00      0.00     41.00      0.00      0.00      0.00     45.00      0.00      0.00      0.00
01:18:52 PM      38     20.00      0.00     44.00      0.00      0.00      0.00     36.00      0.00      0.00      0.00
01:18:52 PM      39     18.18      0.00     45.45      0.00      0.00      0.00     36.36      0.00      0.00      0.00

01:18:52 PM     CPU      %usr     %nice      %sys   %iowait    %steal      %irq     %soft    %guest    %gnice     %idle
01:18:53 PM      32     16.16      0.00     41.41      0.00      0.00      0.00     42.42      0.00      0.00      0.00
01:18:53 PM      33     20.20      0.00     40.40      0.00      0.00      0.00     39.39      0.00      0.00      0.00
01:18:53 PM      34     19.00      0.00     46.00      0.00      0.00      0.00     35.00      0.00      0.00      0.00
01:18:53 PM      35     19.00      0.00     45.00      0.00      0.00      0.00     35.00      0.00      0.00      1.00
01:18:53 PM      36     19.00      0.00     45.00      0.00      0.00      0.00     36.00      0.00      0.00      0.00
01:18:53 PM      37     15.84      0.00     41.58      0.00      0.00      0.00     42.57      0.00      0.00      0.00
01:18:53 PM      38     17.00      0.00     49.00      0.00      0.00      0.00     34.00      0.00      0.00      0.00
01:18:53 PM      39     18.00      0.00     47.00      0.00      0.00      0.00     35.00      0.00      0.00      0.00

01:18:53 PM     CPU      %usr     %nice      %sys   %iowait    %steal      %irq     %soft    %guest    %gnice     %idle
01:18:54 PM      32     12.00      0.00     44.00      0.00      0.00      0.00     44.00      0.00      0.00      0.00
01:18:54 PM      33     20.79      0.00     41.58      0.00      0.00      0.00     37.62      0.00      0.00      0.00
01:18:54 PM      34     21.78      0.00     45.54      0.00      0.00      0.00     32.67      0.00      0.00      0.00
01:18:54 PM      35     16.83      0.00     49.50      0.00      0.00      0.00     33.66      0.00      0.00      0.00
01:18:54 PM      36     18.00      0.00     41.00      0.00      0.00      0.00     41.00      0.00      0.00      0.00
01:18:54 PM      37     15.15      0.00     40.40      0.00      0.00      0.00     44.44      0.00      0.00      0.00
01:18:54 PM      38     22.22      0.00     47.47      0.00      0.00      0.00     30.30      0.00      0.00      0.00
01:18:54 PM      39     14.00      0.00     46.00      0.00      0.00      0.00     40.00      0.00      0.00      0.00

01:18:54 PM     CPU      %usr     %nice      %sys   %iowait    %steal      %irq     %soft    %guest    %gnice     %idle
01:18:55 PM      32     15.00      0.00     44.00      0.00      0.00      0.00     41.00      0.00      0.00      0.00
01:18:55 PM      33     20.00      0.00     41.00      0.00      0.00      0.00     39.00      0.00      0.00      0.00
01:18:55 PM      34     17.17      0.00     49.49      0.00      0.00      0.00     33.33      0.00      0.00      0.00
01:18:55 PM      35     20.20      0.00     44.44      0.00      0.00      0.00     35.35      0.00      0.00      0.00
01:18:55 PM      36     17.00      0.00     36.00      0.00      0.00      0.00     47.00      0.00      0.00      0.00
01:18:55 PM      37     14.71      0.00     37.25      0.00      0.00      0.00     48.04      0.00      0.00      0.00
01:18:55 PM      38     22.00      0.00     49.00      0.00      0.00      0.00     29.00      0.00      0.00      0.00
01:18:55 PM      39     17.82      0.00     45.54      0.00      0.00      0.00     36.63      0.00      0.00      0.00

01:18:55 PM     CPU      %usr     %nice      %sys   %iowait    %steal      %irq     %soft    %guest    %gnice     %idle
01:18:56 PM      32     16.16      0.00     36.36      0.00      0.00      0.00     47.47      0.00      0.00      0.00
01:18:56 PM      33     17.17      0.00     44.44      0.00      0.00      0.00     38.38      0.00      0.00      0.00
01:18:56 PM      34     18.00      0.00     48.00      0.00      0.00      0.00     34.00      0.00      0.00      0.00
01:18:56 PM      35     22.00      0.00     49.00      0.00      0.00      0.00     29.00      0.00      0.00      0.00
01:18:56 PM      36     22.00      0.00     40.00      0.00      0.00      0.00     38.00      0.00      0.00      0.00
01:18:56 PM      37     10.10      0.00     42.42      0.00      0.00      0.00     47.47      0.00      0.00      0.00
01:18:56 PM      38     26.00      0.00     41.00      0.00      0.00      0.00     33.00      0.00      0.00      0.00
01:18:56 PM      39     17.82      0.00     49.50      0.00      0.00      0.00     32.67      0.00      0.00      0.00

01:18:56 PM     CPU      %usr     %nice      %sys   %iowait    %steal      %irq     %soft    %guest    %gnice     %idle
01:18:57 PM      32     14.85      0.00     39.60      0.00      0.00      0.00     45.54      0.00      0.00      0.00
01:18:57 PM      33     19.00      0.00     40.00      0.00      0.00      0.00     41.00      0.00      0.00      0.00
01:18:57 PM      34     16.16      0.00     46.46      0.00      0.00      0.00     37.37      0.00      0.00      0.00
01:18:57 PM      35     18.00      0.00     48.00      0.00      0.00      0.00     34.00      0.00      0.00      0.00
01:18:57 PM      36     21.00      0.00     41.00      0.00      0.00      0.00     38.00      0.00      0.00      0.00
01:18:57 PM      37     15.00      0.00     34.00      0.00      0.00      0.00     51.00      0.00      0.00      0.00
01:18:57 PM      38     22.77      0.00     47.52      0.00      0.00      0.00     29.70      0.00      0.00      0.00
01:18:57 PM      39     24.24      0.00     51.52      0.00      0.00      0.00     24.24      0.00      0.00      0.00

Average:        CPU      %usr     %nice      %sys   %iowait    %steal      %irq     %soft    %guest    %gnice     %idle
Average:         32     14.11      0.00     42.24      0.00      0.00      0.00     43.64      0.00      0.00      0.00
Average:         33     19.72      0.00     41.94      0.00      0.00      0.00     38.34      0.00      0.00      0.00
Average:         34     18.92      0.00     46.35      0.00      0.00      0.00     34.73      0.00      0.00      0.00
Average:         35     18.48      0.00     47.65      0.00      0.00      0.00     33.77      0.00      0.00      0.10
Average:         36     18.82      0.00     40.14      0.00      0.00      0.00     41.04      0.00      0.00      0.00
Average:         37     14.60      0.00     40.10      0.00      0.00      0.00     45.30      0.00      0.00      0.00
Average:         38     21.20      0.00     46.00      0.00      0.00      0.00     32.80      0.00      0.00      0.00
Average:         39     17.30      0.00     47.80      0.00      0.00      0.00     34.90      0.00      0.00      0.00
