Linux 6.12.0-rc5-nfoff-mitioff-susv7 (cache-sql13432) 	11/07/2024 	_x86_64_	(64 CPU)

05:47:27 AM     CPU      %usr     %nice      %sys   %iowait    %steal      %irq     %soft    %guest    %gnice     %idle
05:47:28 AM      32     18.18      0.00     39.39      0.00      0.00      0.00     42.42      0.00      0.00      0.00
05:47:28 AM      33     15.15      0.00     45.45      0.00      0.00      0.00     39.39      0.00      0.00      0.00
05:47:28 AM      34     16.16      0.00     53.54      0.00      0.00      0.00     30.30      0.00      0.00      0.00
05:47:28 AM      35     24.00      0.00     38.00      0.00      0.00      0.00     38.00      0.00      0.00      0.00
05:47:28 AM      36     21.00      0.00     45.00      0.00      0.00      0.00     34.00      0.00      0.00      0.00
05:47:28 AM      37     23.00      0.00     41.00      0.00      0.00      0.00     36.00      0.00      0.00      0.00
05:47:28 AM      38     19.00      0.00     44.00      0.00      0.00      0.00     37.00      0.00      0.00      0.00
05:47:28 AM      39     13.00      0.00     40.00      0.00      0.00      0.00     47.00      0.00      0.00      0.00

05:47:28 AM     CPU      %usr     %nice      %sys   %iowait    %steal      %irq     %soft    %guest    %gnice     %idle
05:47:29 AM      32     17.00      0.00     39.00      0.00      0.00      0.00     44.00      0.00      0.00      0.00
05:47:29 AM      33     19.00      0.00     44.00      0.00      0.00      0.00     37.00      0.00      0.00      0.00
05:47:29 AM      34     15.00      0.00     53.00      0.00      0.00      0.00     32.00      0.00      0.00      0.00
05:47:29 AM      35     23.00      0.00     43.00      0.00      0.00      0.00     34.00      0.00      0.00      0.00
05:47:29 AM      36     19.00      0.00     44.00      0.00      0.00      0.00     37.00      0.00      0.00      0.00
05:47:29 AM      37     17.17      0.00     45.45      0.00      0.00      0.00     37.37      0.00      0.00      0.00
05:47:29 AM      38     19.00      0.00     41.00      0.00      0.00      0.00     40.00      0.00      0.00      0.00
05:47:29 AM      39     11.88      0.00     37.62      0.00      0.00      0.00     50.50      0.00      0.00      0.00

05:47:29 AM     CPU      %usr     %nice      %sys   %iowait    %steal      %irq     %soft    %guest    %gnice     %idle
05:47:30 AM      32     13.86      0.00     44.55      0.00      0.00      0.00     41.58      0.00      0.00      0.00
05:47:30 AM      33     16.83      0.00     47.52      0.00      0.00      0.00     35.64      0.00      0.00      0.00
05:47:30 AM      34     19.80      0.00     51.49      0.00      0.00      0.00     28.71      0.00      0.00      0.00
05:47:30 AM      35     21.00      0.00     46.00      0.00      0.00      0.00     33.00      0.00      0.00      0.00
05:47:30 AM      36     26.73      0.00     45.54      0.00      0.00      0.00     27.72      0.00      0.00      0.00
05:47:30 AM      37     22.77      0.00     40.59      0.00      0.00      0.00     36.63      0.00      0.00      0.00
05:47:30 AM      38     20.00      0.00     42.00      0.00      0.00      0.00     38.00      0.00      0.00      0.00
05:47:30 AM      39     15.00      0.00     43.00      0.00      0.00      0.00     42.00      0.00      0.00      0.00

05:47:30 AM     CPU      %usr     %nice      %sys   %iowait    %steal      %irq     %soft    %guest    %gnice     %idle
05:47:31 AM      32     11.88      0.00     48.51      0.00      0.00      0.00     39.60      0.00      0.00      0.00
05:47:31 AM      33     16.00      0.00     48.00      0.00      0.00      0.00     36.00      0.00      0.00      0.00
05:47:31 AM      34     18.18      0.00     47.47      0.00      0.00      0.00     34.34      0.00      0.00      0.00
05:47:31 AM      35     22.22      0.00     45.45      0.00      0.00      0.00     32.32      0.00      0.00      0.00
05:47:31 AM      36     22.45      0.00     44.90      0.00      0.00      0.00     32.65      0.00      0.00      0.00
05:47:31 AM      37     20.20      0.00     42.42      0.00      0.00      0.00     37.37      0.00      0.00      0.00
05:47:31 AM      38     18.00      0.00     47.00      0.00      0.00      0.00     35.00      0.00      0.00      0.00
05:47:31 AM      39     11.00      0.00     43.00      0.00      0.00      0.00     46.00      0.00      0.00      0.00

05:47:31 AM     CPU      %usr     %nice      %sys   %iowait    %steal      %irq     %soft    %guest    %gnice     %idle
05:47:32 AM      32     17.17      0.00     39.39      0.00      0.00      0.00     43.43      0.00      0.00      0.00
05:47:32 AM      33     15.00      0.00     45.00      0.00      0.00      0.00     40.00      0.00      0.00      0.00
05:47:32 AM      34     15.00      0.00     46.00      0.00      0.00      0.00     39.00      0.00      0.00      0.00
05:47:32 AM      35     22.00      0.00     47.00      0.00      0.00      0.00     31.00      0.00      0.00      0.00
05:47:32 AM      36     22.77      0.00     46.53      0.00      0.00      0.00     30.69      0.00      0.00      0.00
05:47:32 AM      37     15.84      0.00     45.54      0.00      0.00      0.00     38.61      0.00      0.00      0.00
05:47:32 AM      38     22.00      0.00     39.00      0.00      0.00      0.00     39.00      0.00      0.00      0.00
05:47:32 AM      39     17.00      0.00     32.00      0.00      0.00      0.00     51.00      0.00      0.00      0.00

05:47:32 AM     CPU      %usr     %nice      %sys   %iowait    %steal      %irq     %soft    %guest    %gnice     %idle
05:47:33 AM      32     14.85      0.00     48.51      0.00      0.00      0.00     36.63      0.00      0.00      0.00
05:47:33 AM      33     19.00      0.00     44.00      0.00      0.00      0.00     37.00      0.00      0.00      0.00
05:47:33 AM      34     16.83      0.00     53.47      0.00      0.00      0.00     29.70      0.00      0.00      0.00
05:47:33 AM      35     17.82      0.00     38.61      0.00      0.00      0.00     43.56      0.00      0.00      0.00
05:47:33 AM      36     20.00      0.00     39.00      0.00      0.00      0.00     41.00      0.00      0.00      0.00
05:47:33 AM      37     18.18      0.00     44.44      0.00      0.00      0.00     37.37      0.00      0.00      0.00
05:47:33 AM      38     19.80      0.00     40.59      0.00      0.00      0.00     39.60      0.00      0.00      0.00
05:47:33 AM      39     16.00      0.00     36.00      0.00      0.00      0.00     48.00      0.00      0.00      0.00

05:47:33 AM     CPU      %usr     %nice      %sys   %iowait    %steal      %irq     %soft    %guest    %gnice     %idle
05:47:34 AM      32     14.29      0.00     43.88      0.00      0.00      0.00     41.84      0.00      0.00      0.00
05:47:34 AM      33     16.00      0.00     39.00      0.00      0.00      0.00     45.00      0.00      0.00      0.00
05:47:34 AM      34     16.16      0.00     47.47      0.00      0.00      0.00     36.36      0.00      0.00      0.00
05:47:34 AM      35     21.00      0.00     46.00      0.00      0.00      0.00     33.00      0.00      0.00      0.00
05:47:34 AM      36     23.00      0.00     49.00      0.00      0.00      0.00     28.00      0.00      0.00      0.00
05:47:34 AM      37     22.00      0.00     40.00      0.00      0.00      0.00     38.00      0.00      0.00      0.00
05:47:34 AM      38     21.21      0.00     44.44      0.00      0.00      0.00     34.34      0.00      0.00      0.00
05:47:34 AM      39     14.14      0.00     42.42      0.00      0.00      0.00     43.43      0.00      0.00      0.00

05:47:34 AM     CPU      %usr     %nice      %sys   %iowait    %steal      %irq     %soft    %guest    %gnice     %idle
05:47:35 AM      32     20.00      0.00     40.00      0.00      0.00      0.00     40.00      0.00      0.00      0.00
05:47:35 AM      33     24.00      0.00     42.00      0.00      0.00      0.00     34.00      0.00      0.00      0.00
05:47:35 AM      34     17.17      0.00     50.51      0.00      0.00      0.00     32.32      0.00      0.00      0.00
05:47:35 AM      35     21.21      0.00     42.42      0.00      0.00      0.00     36.36      0.00      0.00      0.00
05:47:35 AM      36     18.18      0.00     42.42      0.00      0.00      0.00     39.39      0.00      0.00      0.00
05:47:35 AM      37     16.00      0.00     51.00      0.00      0.00      0.00     33.00      0.00      0.00      0.00
05:47:35 AM      38     13.00      0.00     48.00      0.00      0.00      0.00     39.00      0.00      0.00      0.00
05:47:35 AM      39     17.00      0.00     40.00      0.00      0.00      0.00     43.00      0.00      0.00      0.00

05:47:35 AM     CPU      %usr     %nice      %sys   %iowait    %steal      %irq     %soft    %guest    %gnice     %idle
05:47:36 AM      32     21.78      0.00     38.61      0.00      0.00      0.00     39.60      0.00      0.00      0.00
05:47:36 AM      33     21.21      0.00     45.45      0.00      0.00      0.00     33.33      0.00      0.00      0.00
05:47:36 AM      34     14.00      0.00     50.00      0.00      0.00      0.00     36.00      0.00      0.00      0.00
05:47:36 AM      35     23.76      0.00     37.62      0.00      0.00      0.00     38.61      0.00      0.00      0.00
05:47:36 AM      36     20.79      0.00     43.56      0.00      0.00      0.00     35.64      0.00      0.00      0.00
05:47:36 AM      37     19.00      0.00     43.00      0.00      0.00      0.00     38.00      0.00      0.00      0.00
05:47:36 AM      38     20.00      0.00     47.00      0.00      0.00      0.00     33.00      0.00      0.00      0.00
05:47:36 AM      39     15.15      0.00     40.40      0.00      0.00      0.00     44.44      0.00      0.00      0.00

05:47:36 AM     CPU      %usr     %nice      %sys   %iowait    %steal      %irq     %soft    %guest    %gnice     %idle
05:47:37 AM      32     21.00      0.00     42.00      0.00      0.00      0.00     37.00      0.00      0.00      0.00
05:47:37 AM      33     19.00      0.00     45.00      0.00      0.00      0.00     36.00      0.00      0.00      0.00
05:47:37 AM      34     19.00      0.00     48.00      0.00      0.00      0.00     33.00      0.00      0.00      0.00
05:47:37 AM      35     19.00      0.00     37.00      0.00      0.00      0.00     44.00      0.00      0.00      0.00
05:47:37 AM      36     18.00      0.00     44.00      0.00      0.00      0.00     38.00      0.00      0.00      0.00
05:47:37 AM      37     17.00      0.00     43.00      0.00      0.00      0.00     40.00      0.00      0.00      0.00
05:47:37 AM      38     20.20      0.00     40.40      0.00      0.00      0.00     39.39      0.00      0.00      0.00
05:47:37 AM      39     15.84      0.00     42.57      0.00      0.00      0.00     41.58      0.00      0.00      0.00

Average:        CPU      %usr     %nice      %sys   %iowait    %steal      %irq     %soft    %guest    %gnice     %idle
Average:         32     17.00      0.00     42.40      0.00      0.00      0.00     40.60      0.00      0.00      0.00
Average:         33     18.12      0.00     44.54      0.00      0.00      0.00     37.34      0.00      0.00      0.00
Average:         34     16.73      0.00     50.10      0.00      0.00      0.00     33.17      0.00      0.00      0.00
Average:         35     21.50      0.00     42.10      0.00      0.00      0.00     36.40      0.00      0.00      0.00
Average:         36     21.20      0.00     44.40      0.00      0.00      0.00     34.40      0.00      0.00      0.00
Average:         37     19.12      0.00     43.64      0.00      0.00      0.00     37.24      0.00      0.00      0.00
Average:         38     19.22      0.00     43.34      0.00      0.00      0.00     37.44      0.00      0.00      0.00
Average:         39     14.60      0.00     39.70      0.00      0.00      0.00     45.70      0.00      0.00      0.00
