Linux 6.12.0-rc5-nfoff-mitioff-susv7 (cache-sql13432) 	11/07/2024 	_x86_64_	(64 CPU)

03:01:22 PM     CPU      %usr     %nice      %sys   %iowait    %steal      %irq     %soft    %guest    %gnice     %idle
03:01:23 PM      32     16.67      0.00     75.00      0.00      0.00      0.00      2.08      0.00      0.00      6.25
03:01:23 PM      33     16.67      0.00     64.58      0.00      0.00      0.00      8.33      0.00      0.00     10.42
03:01:23 PM      34     17.35      0.00     78.57      0.00      0.00      0.00      1.02      0.00      0.00      3.06
03:01:23 PM      35     19.57      0.00     64.13      0.00      0.00      0.00      6.52      0.00      0.00      9.78
03:01:23 PM      36     17.20      0.00     67.74      0.00      0.00      0.00      5.38      0.00      0.00      9.68
03:01:23 PM      37     17.89      0.00     66.32      0.00      0.00      0.00      3.16      0.00      0.00     12.63
03:01:23 PM      38     14.74      0.00     74.74      0.00      0.00      0.00      4.21      0.00      0.00      6.32
03:01:23 PM      39     20.43      0.00     68.82      0.00      0.00      0.00      4.30      0.00      0.00      6.45

03:01:23 PM     CPU      %usr     %nice      %sys   %iowait    %steal      %irq     %soft    %guest    %gnice     %idle
03:01:24 PM      32     12.63      0.00     77.89      0.00      0.00      0.00      4.21      0.00      0.00      5.26
03:01:24 PM      33     13.68      0.00     69.47      0.00      0.00      0.00      6.32      0.00      0.00     10.53
03:01:24 PM      34     15.79      0.00     77.89      0.00      0.00      0.00      3.16      0.00      0.00      3.16
03:01:24 PM      35     18.09      0.00     67.02      0.00      0.00      0.00      4.26      0.00      0.00     10.64
03:01:24 PM      36     16.49      0.00     72.16      0.00      0.00      0.00      3.09      0.00      0.00      8.25
03:01:24 PM      37     20.93      0.00     62.79      0.00      0.00      0.00      3.49      0.00      0.00     12.79
03:01:24 PM      38     13.27      0.00     76.53      0.00      0.00      0.00      3.06      0.00      0.00      7.14
03:01:24 PM      39     19.35      0.00     69.89      0.00      0.00      0.00      3.23      0.00      0.00      7.53

03:01:24 PM     CPU      %usr     %nice      %sys   %iowait    %steal      %irq     %soft    %guest    %gnice     %idle
03:01:25 PM      32     14.58      0.00     77.08      0.00      0.00      0.00      2.08      0.00      0.00      6.25
03:01:25 PM      33     13.19      0.00     72.53      0.00      0.00      0.00      4.40      0.00      0.00      9.89
03:01:25 PM      34     15.79      0.00     78.95      0.00      0.00      0.00      1.05      0.00      0.00      4.21
03:01:25 PM      35     14.74      0.00     68.42      0.00      0.00      0.00      7.37      0.00      0.00      9.47
03:01:25 PM      36     14.74      0.00     69.47      0.00      0.00      0.00      6.32      0.00      0.00      9.47
03:01:25 PM      37     18.95      0.00     63.16      0.00      0.00      0.00      6.32      0.00      0.00     11.58
03:01:25 PM      38     19.59      0.00     72.16      0.00      0.00      0.00      2.06      0.00      0.00      6.19
03:01:25 PM      39     17.53      0.00     71.13      0.00      0.00      0.00      3.09      0.00      0.00      8.25

03:01:25 PM     CPU      %usr     %nice      %sys   %iowait    %steal      %irq     %soft    %guest    %gnice     %idle
03:01:26 PM      32     18.18      0.00     76.77      0.00      0.00      0.00      2.02      0.00      0.00      3.03
03:01:26 PM      33     16.67      0.00     69.79      0.00      0.00      0.00      4.17      0.00      0.00      9.38
03:01:26 PM      34     14.74      0.00     74.74      0.00      0.00      0.00      4.21      0.00      0.00      6.32
03:01:26 PM      35     19.57      0.00     68.48      0.00      0.00      0.00      2.17      0.00      0.00      9.78
03:01:26 PM      36     16.84      0.00     68.42      0.00      0.00      0.00      4.21      0.00      0.00     10.53
03:01:26 PM      37     15.31      0.00     69.39      0.00      0.00      0.00      5.10      0.00      0.00     10.20
03:01:26 PM      38     13.54      0.00     79.17      0.00      0.00      0.00      2.08      0.00      0.00      5.21
03:01:26 PM      39     15.15      0.00     72.73      0.00      0.00      0.00      5.05      0.00      0.00      7.07

03:01:26 PM     CPU      %usr     %nice      %sys   %iowait    %steal      %irq     %soft    %guest    %gnice     %idle
03:01:27 PM      32     18.56      0.00     76.29      0.00      0.00      0.00      2.06      0.00      0.00      3.09
03:01:27 PM      33     18.89      0.00     67.78      0.00      0.00      0.00      3.33      0.00      0.00     10.00
03:01:27 PM      34     13.40      0.00     78.35      0.00      0.00      0.00      2.06      0.00      0.00      6.19
03:01:27 PM      35     12.77      0.00     71.28      0.00      0.00      0.00      5.32      0.00      0.00     10.64
03:01:27 PM      36     15.22      0.00     66.30      0.00      0.00      0.00      8.70      0.00      0.00      9.78
03:01:27 PM      37     11.70      0.00     70.21      0.00      0.00      0.00      6.38      0.00      0.00     11.70
03:01:27 PM      38     13.54      0.00     78.12      0.00      0.00      0.00      3.12      0.00      0.00      5.21
03:01:27 PM      39     20.21      0.00     70.21      0.00      0.00      0.00      2.13      0.00      0.00      7.45

03:01:27 PM     CPU      %usr     %nice      %sys   %iowait    %steal      %irq     %soft    %guest    %gnice     %idle
03:01:28 PM      32     14.74      0.00     80.00      0.00      0.00      0.00      3.16      0.00      0.00      2.11
03:01:28 PM      33     15.96      0.00     69.15      0.00      0.00      0.00      5.32      0.00      0.00      9.57
03:01:28 PM      34     19.15      0.00     70.21      0.00      0.00      0.00      3.19      0.00      0.00      7.45
03:01:28 PM      35     17.58      0.00     67.03      0.00      0.00      0.00      5.49      0.00      0.00      9.89
03:01:28 PM      36     18.28      0.00     64.52      0.00      0.00      0.00      6.45      0.00      0.00     10.75
03:01:28 PM      37     17.20      0.00     67.74      0.00      0.00      0.00      3.23      0.00      0.00     11.83
03:01:28 PM      38     14.74      0.00     75.79      0.00      0.00      0.00      3.16      0.00      0.00      6.32
03:01:28 PM      39     19.59      0.00     68.04      0.00      0.00      0.00      5.15      0.00      0.00      7.22

03:01:28 PM     CPU      %usr     %nice      %sys   %iowait    %steal      %irq     %soft    %guest    %gnice     %idle
03:01:29 PM      32     14.58      0.00     75.00      0.00      0.00      0.00      5.21      0.00      0.00      5.21
03:01:29 PM      33     17.53      0.00     68.04      0.00      0.00      0.00      6.19      0.00      0.00      8.25
03:01:29 PM      34     18.56      0.00     65.98      0.00      0.00      0.00      6.19      0.00      0.00      9.28
03:01:29 PM      35     20.41      0.00     72.45      0.00      0.00      0.00      3.06      0.00      0.00      4.08
03:01:29 PM      36     17.89      0.00     65.26      0.00      0.00      0.00      6.32      0.00      0.00     10.53
03:01:29 PM      37     18.18      0.00     68.69      0.00      0.00      0.00      4.04      0.00      0.00      9.09
03:01:29 PM      38     17.89      0.00     70.53      0.00      0.00      0.00      4.21      0.00      0.00      7.37
03:01:29 PM      39     14.43      0.00     75.26      0.00      0.00      0.00      2.06      0.00      0.00      8.25

03:01:29 PM     CPU      %usr     %nice      %sys   %iowait    %steal      %irq     %soft    %guest    %gnice     %idle
03:01:30 PM      32     20.00      0.00     71.00      0.00      0.00      0.00      3.00      0.00      0.00      6.00
03:01:30 PM      33     11.96      0.00     70.65      0.00      0.00      0.00      7.61      0.00      0.00      9.78
03:01:30 PM      34     21.88      0.00     62.50      0.00      0.00      0.00      4.17      0.00      0.00     11.46
03:01:30 PM      35     22.68      0.00     71.13      0.00      0.00      0.00      3.09      0.00      0.00      3.09
03:01:30 PM      36     12.77      0.00     70.21      0.00      0.00      0.00      6.38      0.00      0.00     10.64
03:01:30 PM      37     15.79      0.00     70.53      0.00      0.00      0.00      5.26      0.00      0.00      8.42
03:01:30 PM      38     13.98      0.00     74.19      0.00      0.00      0.00      4.30      0.00      0.00      7.53
03:01:30 PM      39     18.09      0.00     71.28      0.00      0.00      0.00      3.19      0.00      0.00      7.45

03:01:30 PM     CPU      %usr     %nice      %sys   %iowait    %steal      %irq     %soft    %guest    %gnice     %idle
03:01:31 PM      32     18.95      0.00     72.63      0.00      0.00      0.00      3.16      0.00      0.00      5.26
03:01:31 PM      33     15.38      0.00     72.53      0.00      0.00      0.00      3.30      0.00      0.00      8.79
03:01:31 PM      34     19.35      0.00     65.59      0.00      0.00      0.00      4.30      0.00      0.00     10.75
03:01:31 PM      35     19.59      0.00     77.32      0.00      0.00      0.00      0.00      0.00      0.00      3.09
03:01:31 PM      36     20.21      0.00     64.89      0.00      0.00      0.00      4.26      0.00      0.00     10.64
03:01:31 PM      37     18.95      0.00     69.47      0.00      0.00      0.00      3.16      0.00      0.00      8.42
03:01:31 PM      38     16.33      0.00     72.45      0.00      0.00      0.00      3.06      0.00      0.00      8.16
03:01:31 PM      39     18.18      0.00     68.69      0.00      0.00      0.00      5.05      0.00      0.00      8.08

03:01:31 PM     CPU      %usr     %nice      %sys   %iowait    %steal      %irq     %soft    %guest    %gnice     %idle
03:01:32 PM      32     17.82      0.00     71.29      0.00      0.00      0.00      4.95      0.00      0.00      5.94
03:01:32 PM      33     20.00      0.00     68.00      0.00      0.00      0.00      3.00      0.00      0.00      9.00
03:01:32 PM      34     18.48      0.00     66.30      0.00      0.00      0.00      4.35      0.00      0.00     10.87
03:01:32 PM      35     16.00      0.00     79.00      0.00      0.00      0.00      2.00      0.00      0.00      3.00
03:01:32 PM      36     15.79      0.00     65.26      0.00      0.00      0.00      8.42      0.00      0.00     10.53
03:01:32 PM      37     13.83      0.00     73.40      0.00      0.00      0.00      4.26      0.00      0.00      8.51
03:01:32 PM      38     15.56      0.00     73.33      0.00      0.00      0.00      3.33      0.00      0.00      7.78
03:01:32 PM      39     15.73      0.00     71.91      0.00      0.00      0.00      4.49      0.00      0.00      7.87

Average:        CPU      %usr     %nice      %sys   %iowait    %steal      %irq     %soft    %guest    %gnice     %idle
Average:         32     16.70      0.00     75.26      0.00      0.00      0.00      3.20      0.00      0.00      4.85
Average:         33     16.03      0.00     69.21      0.00      0.00      0.00      5.20      0.00      0.00      9.55
Average:         34     17.44      0.00     71.95      0.00      0.00      0.00      3.36      0.00      0.00      7.25
Average:         35     18.11      0.00     70.74      0.00      0.00      0.00      3.89      0.00      0.00      7.26
Average:         36     16.54      0.00     67.44      0.00      0.00      0.00      5.94      0.00      0.00     10.07
Average:         37     16.84      0.00     68.22      0.00      0.00      0.00      4.45      0.00      0.00     10.49
Average:         38     15.32      0.00     74.71      0.00      0.00      0.00      3.25      0.00      0.00      6.72
Average:         39     17.86      0.00     70.80      0.00      0.00      0.00      3.78      0.00      0.00      7.56
