Linux 6.12.0-rc5-nfoff-mitioff-susv7 (cache-sql13432) 	11/07/2024 	_x86_64_	(64 CPU)

06:03:11 PM     CPU      %usr     %nice      %sys   %iowait    %steal      %irq     %soft    %guest    %gnice     %idle
06:03:12 PM      32      8.08      0.00     23.23      0.00      0.00      0.00     12.12      0.00      0.00     56.57
06:03:12 PM      33      9.18      0.00     20.41      0.00      0.00      0.00     12.24      0.00      0.00     58.16
06:03:12 PM      34      6.32      0.00     24.21      0.00      0.00      0.00     11.58      0.00      0.00     57.89
06:03:12 PM      35      7.37      0.00     18.95      0.00      0.00      0.00     14.74      0.00      0.00     58.95
06:03:12 PM      36      9.09      0.00     20.20      0.00      0.00      0.00     13.13      0.00      0.00     57.58
06:03:12 PM      37      9.18      0.00     23.47      0.00      0.00      0.00     11.22      0.00      0.00     56.12
06:03:12 PM      38      6.00      0.00     26.00      0.00      0.00      0.00     11.00      0.00      0.00     57.00
06:03:12 PM      39      7.22      0.00     24.74      0.00      0.00      0.00      8.25      0.00      0.00     59.79

06:03:12 PM     CPU      %usr     %nice      %sys   %iowait    %steal      %irq     %soft    %guest    %gnice     %idle
06:03:13 PM      32      8.33      0.00     21.88      0.00      0.00      0.00     10.42      0.00      0.00     59.38
06:03:13 PM      33      5.21      0.00     25.00      0.00      0.00      0.00     11.46      0.00      0.00     58.33
06:03:13 PM      34      5.21      0.00     23.96      0.00      0.00      0.00     12.50      0.00      0.00     58.33
06:03:13 PM      35      4.26      0.00     29.79      0.00      0.00      0.00      9.57      0.00      0.00     56.38
06:03:13 PM      36      3.30      0.00     20.88      0.00      0.00      0.00     12.09      0.00      0.00     63.74
06:03:13 PM      37      6.93      0.00     24.75      0.00      0.00      0.00     12.87      0.00      0.00     55.45
06:03:13 PM      38      7.29      0.00     19.79      0.00      0.00      0.00     12.50      0.00      0.00     60.42
06:03:13 PM      39      6.00      0.00     25.00      0.00      0.00      0.00     11.00      0.00      0.00     58.00

06:03:13 PM     CPU      %usr     %nice      %sys   %iowait    %steal      %irq     %soft    %guest    %gnice     %idle
06:03:14 PM      32      3.12      0.00     25.00      0.00      0.00      0.00     12.50      0.00      0.00     59.38
06:03:14 PM      33      7.45      0.00     24.47      0.00      0.00      0.00      8.51      0.00      0.00     59.57
06:03:14 PM      34      6.25      0.00     20.83      0.00      0.00      0.00     13.54      0.00      0.00     59.38
06:03:14 PM      35      9.18      0.00     28.57      0.00      0.00      0.00      8.16      0.00      0.00     54.08
06:03:14 PM      36      6.38      0.00     22.34      0.00      0.00      0.00      9.57      0.00      0.00     61.70
06:03:14 PM      37      5.10      0.00     24.49      0.00      0.00      0.00     14.29      0.00      0.00     56.12
06:03:14 PM      38      7.45      0.00     21.28      0.00      0.00      0.00     10.64      0.00      0.00     60.64
06:03:14 PM      39      5.38      0.00     21.51      0.00      0.00      0.00     10.75      0.00      0.00     62.37

06:03:14 PM     CPU      %usr     %nice      %sys   %iowait    %steal      %irq     %soft    %guest    %gnice     %idle
06:03:15 PM      32      7.78      0.00     17.78      0.00      0.00      0.00     10.00      0.00      0.00     64.44
06:03:15 PM      33      7.14      0.00     24.49      0.00      0.00      0.00     12.24      0.00      0.00     56.12
06:03:15 PM      34      7.14      0.00     25.51      0.00      0.00      0.00     10.20      0.00      0.00     57.14
06:03:15 PM      35      6.19      0.00     25.77      0.00      0.00      0.00     12.37      0.00      0.00     55.67
06:03:15 PM      36      6.25      0.00     21.88      0.00      0.00      0.00     12.50      0.00      0.00     59.38
06:03:15 PM      37      5.10      0.00     24.49      0.00      0.00      0.00     13.27      0.00      0.00     57.14
06:03:15 PM      38      9.09      0.00     20.20      0.00      0.00      0.00     12.12      0.00      0.00     58.59
06:03:15 PM      39      5.26      0.00     20.00      0.00      0.00      0.00     13.68      0.00      0.00     61.05

06:03:15 PM     CPU      %usr     %nice      %sys   %iowait    %steal      %irq     %soft    %guest    %gnice     %idle
06:03:16 PM      32      8.89      0.00     21.11      0.00      0.00      0.00      6.67      0.00      0.00     63.33
06:03:16 PM      33      7.61      0.00     22.83      0.00      0.00      0.00      8.70      0.00      0.00     60.87
06:03:16 PM      34     10.42      0.00     18.75      0.00      0.00      0.00     11.46      0.00      0.00     59.38
06:03:16 PM      35      6.45      0.00     23.66      0.00      0.00      0.00     12.90      0.00      0.00     56.99
06:03:16 PM      36      5.21      0.00     23.96      0.00      0.00      0.00     11.46      0.00      0.00     59.38
06:03:16 PM      37      7.29      0.00     22.92      0.00      0.00      0.00     12.50      0.00      0.00     57.29
06:03:16 PM      38      9.57      0.00     18.09      0.00      0.00      0.00     10.64      0.00      0.00     61.70
06:03:16 PM      39      6.19      0.00     20.62      0.00      0.00      0.00     13.40      0.00      0.00     59.79

06:03:16 PM     CPU      %usr     %nice      %sys   %iowait    %steal      %irq     %soft    %guest    %gnice     %idle
06:03:17 PM      32      4.30      0.00     23.66      0.00      0.00      0.00     11.83      0.00      0.00     60.22
06:03:17 PM      33      8.42      0.00     23.16      0.00      0.00      0.00      7.37      0.00      0.00     61.05
06:03:17 PM      34      5.32      0.00     24.47      0.00      0.00      0.00     11.70      0.00      0.00     58.51
06:03:17 PM      35      6.19      0.00     23.71      0.00      0.00      0.00     15.46      0.00      0.00     54.64
06:03:17 PM      36      7.92      0.00     23.76      0.00      0.00      0.00     10.89      0.00      0.00     57.43
06:03:17 PM      37      8.70      0.00     21.74      0.00      0.00      0.00      9.78      0.00      0.00     59.78
06:03:17 PM      38      4.26      0.00     22.34      0.00      0.00      0.00     12.77      0.00      0.00     60.64
06:03:17 PM      39      6.38      0.00     19.15      0.00      0.00      0.00     13.83      0.00      0.00     60.64

06:03:17 PM     CPU      %usr     %nice      %sys   %iowait    %steal      %irq     %soft    %guest    %gnice     %idle
06:03:18 PM      32      6.59      0.00     20.88      0.00      0.00      0.00     10.99      0.00      0.00     61.54
06:03:18 PM      33      2.22      0.00     22.22      0.00      0.00      0.00     11.11      0.00      0.00     64.44
06:03:18 PM      34      5.26      0.00     23.16      0.00      0.00      0.00     12.63      0.00      0.00     58.95
06:03:18 PM      35      9.47      0.00     24.21      0.00      0.00      0.00     10.53      0.00      0.00     55.79
06:03:18 PM      36      5.56      0.00     17.78      0.00      0.00      0.00     13.33      0.00      0.00     63.33
06:03:18 PM      37      7.29      0.00     25.00      0.00      0.00      0.00     10.42      0.00      0.00     57.29
06:03:18 PM      38      6.19      0.00     21.65      0.00      0.00      0.00     12.37      0.00      0.00     59.79
06:03:18 PM      39      6.19      0.00     22.68      0.00      0.00      0.00     10.31      0.00      0.00     60.82

06:03:18 PM     CPU      %usr     %nice      %sys   %iowait    %steal      %irq     %soft    %guest    %gnice     %idle
06:03:19 PM      32      5.62      0.00     19.10      0.00      0.00      0.00     12.36      0.00      0.00     62.92
06:03:19 PM      33      7.37      0.00     28.42      0.00      0.00      0.00      8.42      0.00      0.00     55.79
06:03:19 PM      34      9.90      0.00     26.73      0.00      0.00      0.00      7.92      0.00      0.00     55.45
06:03:19 PM      35      8.60      0.00     22.58      0.00      0.00      0.00     11.83      0.00      0.00     56.99
06:03:19 PM      36      5.68      0.00     17.05      0.00      0.00      0.00     11.36      0.00      0.00     65.91
06:03:19 PM      37      9.38      0.00     20.83      0.00      0.00      0.00     12.50      0.00      0.00     57.29
06:03:19 PM      38      8.16      0.00     25.51      0.00      0.00      0.00      9.18      0.00      0.00     57.14
06:03:19 PM      39      4.30      0.00     23.66      0.00      0.00      0.00     10.75      0.00      0.00     61.29

06:03:19 PM     CPU      %usr     %nice      %sys   %iowait    %steal      %irq     %soft    %guest    %gnice     %idle
06:03:20 PM      32      8.42      0.00     27.37      0.00      0.00      0.00      6.32      0.00      0.00     57.89
06:03:20 PM      33      7.37      0.00     26.32      0.00      0.00      0.00      7.37      0.00      0.00     58.95
06:03:20 PM      34     10.20      0.00     22.45      0.00      0.00      0.00     12.24      0.00      0.00     55.10
06:03:20 PM      35      6.52      0.00     21.74      0.00      0.00      0.00     10.87      0.00      0.00     60.87
06:03:20 PM      36      7.14      0.00     22.45      0.00      0.00      0.00     12.24      0.00      0.00     58.16
06:03:20 PM      37      3.06      0.00     24.49      0.00      0.00      0.00     15.31      0.00      0.00     57.14
06:03:20 PM      38      7.45      0.00     20.21      0.00      0.00      0.00     10.64      0.00      0.00     61.70
06:03:20 PM      39      4.12      0.00     24.74      0.00      0.00      0.00     11.34      0.00      0.00     59.79

06:03:20 PM     CPU      %usr     %nice      %sys   %iowait    %steal      %irq     %soft    %guest    %gnice     %idle
06:03:21 PM      32      4.04      0.00     27.27      0.00      0.00      0.00     11.11      0.00      0.00     57.58
06:03:21 PM      33      6.38      0.00     21.28      0.00      0.00      0.00     10.64      0.00      0.00     61.70
06:03:21 PM      34      9.28      0.00     21.65      0.00      0.00      0.00     11.34      0.00      0.00     57.73
06:03:21 PM      35      4.00      0.00     30.00      0.00      0.00      0.00     13.00      0.00      0.00     53.00
06:03:21 PM      36      8.51      0.00     20.21      0.00      0.00      0.00      9.57      0.00      0.00     61.70
06:03:21 PM      37      9.78      0.00     22.83      0.00      0.00      0.00      7.61      0.00      0.00     59.78
06:03:21 PM      38      7.61      0.00     19.57      0.00      0.00      0.00      9.78      0.00      0.00     63.04
06:03:21 PM      39      5.43      0.00     21.74      0.00      0.00      0.00     10.87      0.00      0.00     61.96

Average:        CPU      %usr     %nice      %sys   %iowait    %steal      %irq     %soft    %guest    %gnice     %idle
Average:         32      6.50      0.00     22.81      0.00      0.00      0.00     10.45      0.00      0.00     60.23
Average:         33      6.86      0.00     23.86      0.00      0.00      0.00      9.82      0.00      0.00     59.45
Average:         34      7.56      0.00     23.19      0.00      0.00      0.00     11.49      0.00      0.00     57.76
Average:         35      6.81      0.00     24.95      0.00      0.00      0.00     11.95      0.00      0.00     56.29
Average:         36      6.55      0.00     21.12      0.00      0.00      0.00     11.62      0.00      0.00     60.72
Average:         37      7.15      0.00     23.52      0.00      0.00      0.00     12.02      0.00      0.00     57.31
Average:         38      7.31      0.00     21.50      0.00      0.00      0.00     11.17      0.00      0.00     60.02
Average:         39      5.65      0.00     22.41      0.00      0.00      0.00     11.41      0.00      0.00     60.52
