Linux 6.12.0-rc5-nfoff-mitioff-susv7 (cache-sql13432) 	11/07/2024 	_x86_64_	(64 CPU)

10:13:13 AM     CPU      %usr     %nice      %sys   %iowait    %steal      %irq     %soft    %guest    %gnice     %idle
10:13:14 AM      32      7.87      0.00     15.73      0.00      0.00      0.00     23.60      0.00      0.00     52.81
10:13:14 AM      33      8.33      0.00     20.83      0.00      0.00      0.00     19.79      0.00      0.00     51.04
10:13:14 AM      34      9.20      0.00     14.94      0.00      0.00      0.00     19.54      0.00      0.00     56.32
10:13:14 AM      35     11.83      0.00     17.20      0.00      0.00      0.00     17.20      0.00      0.00     53.76
10:13:14 AM      36      7.78      0.00     16.67      0.00      0.00      0.00     22.22      0.00      0.00     53.33
10:13:14 AM      37     10.42      0.00     19.79      0.00      0.00      0.00     20.83      0.00      0.00     48.96
10:13:14 AM      38     11.36      0.00     17.05      0.00      0.00      0.00     15.91      0.00      0.00     55.68
10:13:14 AM      39      7.53      0.00     19.35      0.00      0.00      0.00     20.43      0.00      0.00     52.69

10:13:14 AM     CPU      %usr     %nice      %sys   %iowait    %steal      %irq     %soft    %guest    %gnice     %idle
10:13:15 AM      32      7.61      0.00     18.48      0.00      0.00      0.00     19.57      0.00      0.00     54.35
10:13:15 AM      33     10.99      0.00     12.09      0.00      0.00      0.00     21.98      0.00      0.00     54.95
10:13:15 AM      34      4.44      0.00     16.67      0.00      0.00      0.00     22.22      0.00      0.00     56.67
10:13:15 AM      35      7.29      0.00     16.67      0.00      0.00      0.00     22.92      0.00      0.00     53.12
10:13:15 AM      36      5.49      0.00     15.38      0.00      0.00      0.00     26.37      0.00      0.00     52.75
10:13:15 AM      37      8.25      0.00     21.65      0.00      0.00      0.00     18.56      0.00      0.00     51.55
10:13:15 AM      38     11.49      0.00     10.34      0.00      0.00      0.00     21.84      0.00      0.00     56.32
10:13:15 AM      39     10.75      0.00     15.05      0.00      0.00      0.00     20.43      0.00      0.00     53.76

10:13:15 AM     CPU      %usr     %nice      %sys   %iowait    %steal      %irq     %soft    %guest    %gnice     %idle
10:13:16 AM      32      7.95      0.00     18.18      0.00      0.00      0.00     18.18      0.00      0.00     55.68
10:13:16 AM      33     10.99      0.00     16.48      0.00      0.00      0.00     17.58      0.00      0.00     54.95
10:13:16 AM      34      9.18      0.00     21.43      0.00      0.00      0.00     18.37      0.00      0.00     51.02
10:13:16 AM      35      9.30      0.00     13.95      0.00      0.00      0.00     18.60      0.00      0.00     58.14
10:13:16 AM      36      6.67      0.00     18.89      0.00      0.00      0.00     20.00      0.00      0.00     54.44
10:13:16 AM      37      7.45      0.00     20.21      0.00      0.00      0.00     19.15      0.00      0.00     53.19
10:13:16 AM      38      6.52      0.00     18.48      0.00      0.00      0.00     21.74      0.00      0.00     53.26
10:13:16 AM      39      7.53      0.00     15.05      0.00      0.00      0.00     24.73      0.00      0.00     52.69

10:13:16 AM     CPU      %usr     %nice      %sys   %iowait    %steal      %irq     %soft    %guest    %gnice     %idle
10:13:17 AM      32     10.99      0.00     13.19      0.00      0.00      0.00     21.98      0.00      0.00     53.85
10:13:17 AM      33      8.79      0.00     16.48      0.00      0.00      0.00     20.88      0.00      0.00     53.85
10:13:17 AM      34      6.06      0.00     21.21      0.00      0.00      0.00     23.23      0.00      0.00     49.49
10:13:17 AM      35      7.69      0.00     17.58      0.00      0.00      0.00     18.68      0.00      0.00     56.04
10:13:17 AM      36     12.50      0.00     17.71      0.00      0.00      0.00     18.75      0.00      0.00     51.04
10:13:17 AM      37      6.98      0.00     17.44      0.00      0.00      0.00     17.44      0.00      0.00     58.14
10:13:17 AM      38      8.99      0.00     13.48      0.00      0.00      0.00     21.35      0.00      0.00     56.18
10:13:17 AM      39      6.52      0.00     17.39      0.00      0.00      0.00     20.65      0.00      0.00     55.43

10:13:17 AM     CPU      %usr     %nice      %sys   %iowait    %steal      %irq     %soft    %guest    %gnice     %idle
10:13:18 AM      32      8.05      0.00     16.09      0.00      0.00      0.00     19.54      0.00      0.00     56.32
10:13:18 AM      33      8.14      0.00     16.28      0.00      0.00      0.00     17.44      0.00      0.00     58.14
10:13:18 AM      34      5.26      0.00     17.89      0.00      0.00      0.00     23.16      0.00      0.00     53.68
10:13:18 AM      35      7.69      0.00     16.48      0.00      0.00      0.00     19.78      0.00      0.00     56.04
10:13:18 AM      36      8.99      0.00     16.85      0.00      0.00      0.00     20.22      0.00      0.00     53.93
10:13:18 AM      37      7.78      0.00     15.56      0.00      0.00      0.00     21.11      0.00      0.00     55.56
10:13:18 AM      38      5.56      0.00     18.89      0.00      0.00      0.00     20.00      0.00      0.00     55.56
10:13:18 AM      39      8.79      0.00     15.38      0.00      0.00      0.00     20.88      0.00      0.00     54.95

10:13:18 AM     CPU      %usr     %nice      %sys   %iowait    %steal      %irq     %soft    %guest    %gnice     %idle
10:13:19 AM      32      8.99      0.00     19.10      0.00      0.00      0.00     15.73      0.00      0.00     56.18
10:13:19 AM      33      8.51      0.00     20.21      0.00      0.00      0.00     18.09      0.00      0.00     53.19
10:13:19 AM      34      7.53      0.00     20.43      0.00      0.00      0.00     18.28      0.00      0.00     53.76
10:13:19 AM      35      9.38      0.00     19.79      0.00      0.00      0.00     17.71      0.00      0.00     53.12
10:13:19 AM      36      7.45      0.00     18.09      0.00      0.00      0.00     21.28      0.00      0.00     53.19
10:13:19 AM      37      8.70      0.00     17.39      0.00      0.00      0.00     18.48      0.00      0.00     55.43
10:13:19 AM      38      7.69      0.00     17.58      0.00      0.00      0.00     19.78      0.00      0.00     54.95
10:13:19 AM      39      6.98      0.00     20.93      0.00      0.00      0.00     12.79      0.00      0.00     59.30

10:13:19 AM     CPU      %usr     %nice      %sys   %iowait    %steal      %irq     %soft    %guest    %gnice     %idle
10:13:20 AM      32      6.90      0.00     20.69      0.00      0.00      0.00     16.09      0.00      0.00     56.32
10:13:20 AM      33      7.95      0.00     20.45      0.00      0.00      0.00     15.91      0.00      0.00     55.68
10:13:20 AM      34      8.51      0.00     18.09      0.00      0.00      0.00     21.28      0.00      0.00     52.13
10:13:20 AM      35      9.20      0.00     19.54      0.00      0.00      0.00     18.39      0.00      0.00     52.87
10:13:20 AM      36     10.87      0.00     19.57      0.00      0.00      0.00     21.74      0.00      0.00     47.83
10:13:20 AM      37      6.45      0.00     19.35      0.00      0.00      0.00     21.51      0.00      0.00     52.69
10:13:20 AM      38      8.05      0.00     18.39      0.00      0.00      0.00     18.39      0.00      0.00     55.17
10:13:20 AM      39      7.45      0.00     21.28      0.00      0.00      0.00     17.02      0.00      0.00     54.26

10:13:20 AM     CPU      %usr     %nice      %sys   %iowait    %steal      %irq     %soft    %guest    %gnice     %idle
10:13:21 AM      32      8.60      0.00     19.35      0.00      0.00      0.00     20.43      0.00      0.00     51.61
10:13:21 AM      33      6.59      0.00     21.98      0.00      0.00      0.00     18.68      0.00      0.00     52.75
10:13:21 AM      34     11.83      0.00     20.43      0.00      0.00      0.00     23.66      0.00      0.00     44.09
10:13:21 AM      35      8.24      0.00     18.82      0.00      0.00      0.00     14.12      0.00      0.00     58.82
10:13:21 AM      36      9.20      0.00     24.14      0.00      0.00      0.00     13.79      0.00      0.00     52.87
10:13:21 AM      37     10.11      0.00     19.10      0.00      0.00      0.00     14.61      0.00      0.00     56.18
10:13:21 AM      38      7.45      0.00     13.83      0.00      0.00      0.00     31.91      0.00      0.00     46.81
10:13:21 AM      39      6.98      0.00     20.93      0.00      0.00      0.00     17.44      0.00      0.00     54.65

10:13:21 AM     CPU      %usr     %nice      %sys   %iowait    %steal      %irq     %soft    %guest    %gnice     %idle
10:13:22 AM      32      9.38      0.00     22.92      0.00      0.00      0.00     14.58      0.00      0.00     53.12
10:13:22 AM      33      6.52      0.00     21.74      0.00      0.00      0.00     17.39      0.00      0.00     54.35
10:13:22 AM      34     10.47      0.00     17.44      0.00      0.00      0.00     25.58      0.00      0.00     46.51
10:13:22 AM      35      8.70      0.00     25.00      0.00      0.00      0.00     14.13      0.00      0.00     52.17
10:13:22 AM      36     10.20      0.00     20.41      0.00      0.00      0.00     18.37      0.00      0.00     51.02
10:13:22 AM      37     10.20      0.00     21.43      0.00      0.00      0.00     18.37      0.00      0.00     50.00
10:13:22 AM      38      8.51      0.00     24.47      0.00      0.00      0.00     23.40      0.00      0.00     43.62
10:13:22 AM      39      8.70      0.00     20.65      0.00      0.00      0.00     16.30      0.00      0.00     54.35

10:13:22 AM     CPU      %usr     %nice      %sys   %iowait    %steal      %irq     %soft    %guest    %gnice     %idle
10:13:23 AM      32      5.56      0.00     17.78      0.00      0.00      0.00     22.22      0.00      0.00     54.44
10:13:23 AM      33     10.00      0.00     18.89      0.00      0.00      0.00     17.78      0.00      0.00     53.33
10:13:23 AM      34      9.38      0.00     17.71      0.00      0.00      0.00     20.83      0.00      0.00     52.08
10:13:23 AM      35      7.69      0.00     23.08      0.00      0.00      0.00     23.08      0.00      0.00     46.15
10:13:23 AM      36      6.52      0.00     17.39      0.00      0.00      0.00     22.83      0.00      0.00     53.26
10:13:23 AM      37     11.70      0.00     19.15      0.00      0.00      0.00     18.09      0.00      0.00     51.06
10:13:23 AM      38      7.53      0.00     21.51      0.00      0.00      0.00     25.81      0.00      0.00     45.16
10:13:23 AM      39      6.45      0.00     21.51      0.00      0.00      0.00     20.43      0.00      0.00     51.61

Average:        CPU      %usr     %nice      %sys   %iowait    %steal      %irq     %soft    %guest    %gnice     %idle
Average:         32      8.20      0.00     18.18      0.00      0.00      0.00     19.18      0.00      0.00     54.43
Average:         33      8.68      0.00     18.57      0.00      0.00      0.00     18.57      0.00      0.00     54.18
Average:         34      8.16      0.00     18.69      0.00      0.00      0.00     21.59      0.00      0.00     51.56
Average:         35      8.70      0.00     18.83      0.00      0.00      0.00     18.50      0.00      0.00     53.96
Average:         36      8.60      0.00     18.50      0.00      0.00      0.00     20.57      0.00      0.00     52.34
Average:         37      8.83      0.00     19.16      0.00      0.00      0.00     18.84      0.00      0.00     53.18
Average:         38      8.29      0.00     17.46      0.00      0.00      0.00     22.10      0.00      0.00     52.15
Average:         39      7.78      0.00     18.73      0.00      0.00      0.00     19.17      0.00      0.00     54.33
