Linux 6.12.0-rc5-nfoff-mitioff-susv7 (cache-sql13432) 	11/07/2024 	_x86_64_	(64 CPU)

09:03:48 PM     CPU      %usr     %nice      %sys   %iowait    %steal      %irq     %soft    %guest    %gnice     %idle
09:03:49 PM      32     16.00      0.00     84.00      0.00      0.00      0.00      0.00      0.00      0.00      0.00
09:03:49 PM      33     16.00      0.00     84.00      0.00      0.00      0.00      0.00      0.00      0.00      0.00
09:03:49 PM      34     21.00      0.00     79.00      0.00      0.00      0.00      0.00      0.00      0.00      0.00
09:03:49 PM      35     13.00      0.00     87.00      0.00      0.00      0.00      0.00      0.00      0.00      0.00
09:03:49 PM      36     14.00      0.00     86.00      0.00      0.00      0.00      0.00      0.00      0.00      0.00
09:03:49 PM      37     13.00      0.00     87.00      0.00      0.00      0.00      0.00      0.00      0.00      0.00
09:03:49 PM      38     15.00      0.00     85.00      0.00      0.00      0.00      0.00      0.00      0.00      0.00
09:03:49 PM      39     16.00      0.00     84.00      0.00      0.00      0.00      0.00      0.00      0.00      0.00

09:03:49 PM     CPU      %usr     %nice      %sys   %iowait    %steal      %irq     %soft    %guest    %gnice     %idle
09:03:50 PM      32     18.00      0.00     82.00      0.00      0.00      0.00      0.00      0.00      0.00      0.00
09:03:50 PM      33     14.14      0.00     85.86      0.00      0.00      0.00      0.00      0.00      0.00      0.00
09:03:50 PM      34     13.00      0.00     87.00      0.00      0.00      0.00      0.00      0.00      0.00      0.00
09:03:50 PM      35     17.00      0.00     83.00      0.00      0.00      0.00      0.00      0.00      0.00      0.00
09:03:50 PM      36     17.00      0.00     83.00      0.00      0.00      0.00      0.00      0.00      0.00      0.00
09:03:50 PM      37     13.86      0.00     86.14      0.00      0.00      0.00      0.00      0.00      0.00      0.00
09:03:50 PM      38     15.00      0.00     85.00      0.00      0.00      0.00      0.00      0.00      0.00      0.00
09:03:50 PM      39     16.16      0.00     83.84      0.00      0.00      0.00      0.00      0.00      0.00      0.00

09:03:50 PM     CPU      %usr     %nice      %sys   %iowait    %steal      %irq     %soft    %guest    %gnice     %idle
09:03:51 PM      32     17.00      0.00     83.00      0.00      0.00      0.00      0.00      0.00      0.00      0.00
09:03:51 PM      33     17.00      0.00     83.00      0.00      0.00      0.00      0.00      0.00      0.00      0.00
09:03:51 PM      34     13.00      0.00     87.00      0.00      0.00      0.00      0.00      0.00      0.00      0.00
09:03:51 PM      35     13.00      0.00     87.00      0.00      0.00      0.00      0.00      0.00      0.00      0.00
09:03:51 PM      36     13.13      0.00     86.87      0.00      0.00      0.00      0.00      0.00      0.00      0.00
09:03:51 PM      37     13.13      0.00     86.87      0.00      0.00      0.00      0.00      0.00      0.00      0.00
09:03:51 PM      38     18.00      0.00     82.00      0.00      0.00      0.00      0.00      0.00      0.00      0.00
09:03:51 PM      39     16.83      0.00     83.17      0.00      0.00      0.00      0.00      0.00      0.00      0.00

09:03:51 PM     CPU      %usr     %nice      %sys   %iowait    %steal      %irq     %soft    %guest    %gnice     %idle
09:03:52 PM      32     15.15      0.00     84.85      0.00      0.00      0.00      0.00      0.00      0.00      0.00
09:03:52 PM      33     15.00      0.00     85.00      0.00      0.00      0.00      0.00      0.00      0.00      0.00
09:03:52 PM      34     12.00      0.00     88.00      0.00      0.00      0.00      0.00      0.00      0.00      0.00
09:03:52 PM      35     12.00      0.00     88.00      0.00      0.00      0.00      0.00      0.00      0.00      0.00
09:03:52 PM      36     12.00      0.00     88.00      0.00      0.00      0.00      0.00      0.00      0.00      0.00
09:03:52 PM      37     14.00      0.00     85.00      0.00      0.00      0.00      1.00      0.00      0.00      0.00
09:03:52 PM      38     17.17      0.00     82.83      0.00      0.00      0.00      0.00      0.00      0.00      0.00
09:03:52 PM      39     14.14      0.00     85.86      0.00      0.00      0.00      0.00      0.00      0.00      0.00

09:03:52 PM     CPU      %usr     %nice      %sys   %iowait    %steal      %irq     %soft    %guest    %gnice     %idle
09:03:53 PM      32     18.63      0.00     80.39      0.00      0.00      0.00      0.98      0.00      0.00      0.00
09:03:53 PM      33     11.88      0.00     88.12      0.00      0.00      0.00      0.00      0.00      0.00      0.00
09:03:53 PM      34     12.00      0.00     88.00      0.00      0.00      0.00      0.00      0.00      0.00      0.00
09:03:53 PM      35     12.00      0.00     88.00      0.00      0.00      0.00      0.00      0.00      0.00      0.00
09:03:53 PM      36     17.00      0.00     83.00      0.00      0.00      0.00      0.00      0.00      0.00      0.00
09:03:53 PM      37     15.00      0.00     85.00      0.00      0.00      0.00      0.00      0.00      0.00      0.00
09:03:53 PM      38     16.83      0.00     83.17      0.00      0.00      0.00      0.00      0.00      0.00      0.00
09:03:53 PM      39     17.65      0.00     81.37      0.00      0.00      0.00      0.98      0.00      0.00      0.00

09:03:53 PM     CPU      %usr     %nice      %sys   %iowait    %steal      %irq     %soft    %guest    %gnice     %idle
09:03:54 PM      32     16.16      0.00     83.84      0.00      0.00      0.00      0.00      0.00      0.00      0.00
09:03:54 PM      33     13.13      0.00     86.87      0.00      0.00      0.00      0.00      0.00      0.00      0.00
09:03:54 PM      34     18.00      0.00     82.00      0.00      0.00      0.00      0.00      0.00      0.00      0.00
09:03:54 PM      35     12.00      0.00     88.00      0.00      0.00      0.00      0.00      0.00      0.00      0.00
09:03:54 PM      36     15.84      0.00     83.17      0.00      0.00      0.00      0.99      0.00      0.00      0.00
09:03:54 PM      37     16.00      0.00     84.00      0.00      0.00      0.00      0.00      0.00      0.00      0.00
09:03:54 PM      38     12.12      0.00     87.88      0.00      0.00      0.00      0.00      0.00      0.00      0.00
09:03:54 PM      39     15.15      0.00     84.85      0.00      0.00      0.00      0.00      0.00      0.00      0.00

09:03:54 PM     CPU      %usr     %nice      %sys   %iowait    %steal      %irq     %soft    %guest    %gnice     %idle
09:03:55 PM      32     16.00      0.00     84.00      0.00      0.00      0.00      0.00      0.00      0.00      0.00
09:03:55 PM      33     14.00      0.00     86.00      0.00      0.00      0.00      0.00      0.00      0.00      0.00
09:03:55 PM      34     14.00      0.00     86.00      0.00      0.00      0.00      0.00      0.00      0.00      0.00
09:03:55 PM      35     11.00      0.00     89.00      0.00      0.00      0.00      0.00      0.00      0.00      0.00
09:03:55 PM      36     17.17      0.00     82.83      0.00      0.00      0.00      0.00      0.00      0.00      0.00
09:03:55 PM      37     14.00      0.00     86.00      0.00      0.00      0.00      0.00      0.00      0.00      0.00
09:03:55 PM      38     13.00      0.00     87.00      0.00      0.00      0.00      0.00      0.00      0.00      0.00
09:03:55 PM      39     15.15      0.00     84.85      0.00      0.00      0.00      0.00      0.00      0.00      0.00

09:03:55 PM     CPU      %usr     %nice      %sys   %iowait    %steal      %irq     %soft    %guest    %gnice     %idle
09:03:56 PM      32     18.00      0.00     82.00      0.00      0.00      0.00      0.00      0.00      0.00      0.00
09:03:56 PM      33     14.85      0.00     85.15      0.00      0.00      0.00      0.00      0.00      0.00      0.00
09:03:56 PM      34     13.13      0.00     86.87      0.00      0.00      0.00      0.00      0.00      0.00      0.00
09:03:56 PM      35     13.00      0.00     87.00      0.00      0.00      0.00      0.00      0.00      0.00      0.00
09:03:56 PM      36     15.00      0.00     85.00      0.00      0.00      0.00      0.00      0.00      0.00      0.00
09:03:56 PM      37     16.00      0.00     84.00      0.00      0.00      0.00      0.00      0.00      0.00      0.00
09:03:56 PM      38     16.00      0.00     84.00      0.00      0.00      0.00      0.00      0.00      0.00      0.00
09:03:56 PM      39     17.82      0.00     81.19      0.00      0.00      0.00      0.99      0.00      0.00      0.00

09:03:56 PM     CPU      %usr     %nice      %sys   %iowait    %steal      %irq     %soft    %guest    %gnice     %idle
09:03:57 PM      32     14.00      0.00     86.00      0.00      0.00      0.00      0.00      0.00      0.00      0.00
09:03:57 PM      33     15.00      0.00     84.00      0.00      0.00      0.00      1.00      0.00      0.00      0.00
09:03:57 PM      34     14.85      0.00     85.15      0.00      0.00      0.00      0.00      0.00      0.00      0.00
09:03:57 PM      35     15.00      0.00     85.00      0.00      0.00      0.00      0.00      0.00      0.00      0.00
09:03:57 PM      36     10.89      0.00     88.12      0.00      0.00      0.00      0.99      0.00      0.00      0.00
09:03:57 PM      37     18.00      0.00     82.00      0.00      0.00      0.00      0.00      0.00      0.00      0.00
09:03:57 PM      38     15.00      0.00     85.00      0.00      0.00      0.00      0.00      0.00      0.00      0.00
09:03:57 PM      39     15.00      0.00     85.00      0.00      0.00      0.00      0.00      0.00      0.00      0.00

09:03:57 PM     CPU      %usr     %nice      %sys   %iowait    %steal      %irq     %soft    %guest    %gnice     %idle
09:03:58 PM      32     18.00      0.00     82.00      0.00      0.00      0.00      0.00      0.00      0.00      0.00
09:03:58 PM      33     14.00      0.00     86.00      0.00      0.00      0.00      0.00      0.00      0.00      0.00
09:03:58 PM      34     16.00      0.00     84.00      0.00      0.00      0.00      0.00      0.00      0.00      0.00
09:03:58 PM      35     13.13      0.00     86.87      0.00      0.00      0.00      0.00      0.00      0.00      0.00
09:03:58 PM      36     13.00      0.00     87.00      0.00      0.00      0.00      0.00      0.00      0.00      0.00
09:03:58 PM      37     14.00      0.00     86.00      0.00      0.00      0.00      0.00      0.00      0.00      0.00
09:03:58 PM      38     11.00      0.00     89.00      0.00      0.00      0.00      0.00      0.00      0.00      0.00
09:03:58 PM      39     17.00      0.00     83.00      0.00      0.00      0.00      0.00      0.00      0.00      0.00

Average:        CPU      %usr     %nice      %sys   %iowait    %steal      %irq     %soft    %guest    %gnice     %idle
Average:         32     16.70      0.00     83.20      0.00      0.00      0.00      0.10      0.00      0.00      0.00
Average:         33     14.50      0.00     85.40      0.00      0.00      0.00      0.10      0.00      0.00      0.00
Average:         34     14.70      0.00     85.30      0.00      0.00      0.00      0.00      0.00      0.00      0.00
Average:         35     13.11      0.00     86.89      0.00      0.00      0.00      0.00      0.00      0.00      0.00
Average:         36     14.50      0.00     85.30      0.00      0.00      0.00      0.20      0.00      0.00      0.00
Average:         37     14.70      0.00     85.20      0.00      0.00      0.00      0.10      0.00      0.00      0.00
Average:         38     14.91      0.00     85.09      0.00      0.00      0.00      0.00      0.00      0.00      0.00
Average:         39     16.10      0.00     83.70      0.00      0.00      0.00      0.20      0.00      0.00      0.00
