Linux 6.12.0-rc5-nfoff-mitioff-susv7 (cache-sql13432) 	11/07/2024 	_x86_64_	(64 CPU)

07:03:51 PM     CPU      %usr     %nice      %sys   %iowait    %steal      %irq     %soft    %guest    %gnice     %idle
07:03:52 PM      32     13.27      0.00     61.22      0.00      0.00      0.00     20.41      0.00      0.00      5.10
07:03:52 PM      33     15.00      0.00     50.00      0.00      0.00      0.00     35.00      0.00      0.00      0.00
07:03:52 PM      34     13.13      0.00     39.39      0.00      0.00      0.00     47.47      0.00      0.00      0.00
07:03:52 PM      35     13.86      0.00     68.32      0.00      0.00      0.00     12.87      0.00      0.00      4.95
07:03:52 PM      36     15.00      0.00     48.00      0.00      0.00      0.00     37.00      0.00      0.00      0.00
07:03:52 PM      37     18.00      0.00     56.00      0.00      0.00      0.00     21.00      0.00      0.00      5.00
07:03:52 PM      38     20.20      0.00     43.43      0.00      0.00      0.00     36.36      0.00      0.00      0.00
07:03:52 PM      39     20.41      0.00     59.18      0.00      0.00      0.00     15.31      0.00      0.00      5.10

07:03:52 PM     CPU      %usr     %nice      %sys   %iowait    %steal      %irq     %soft    %guest    %gnice     %idle
07:03:53 PM      32     13.00      0.00     64.00      0.00      0.00      0.00     18.00      0.00      0.00      5.00
07:03:53 PM      33     21.21      0.00     38.38      0.00      0.00      0.00     40.40      0.00      0.00      0.00
07:03:53 PM      34     11.00      0.00     42.00      0.00      0.00      0.00     47.00      0.00      0.00      0.00
07:03:53 PM      35     19.19      0.00     61.62      0.00      0.00      0.00     13.13      0.00      0.00      6.06
07:03:53 PM      36     13.00      0.00     45.00      0.00      0.00      0.00     42.00      0.00      0.00      0.00
07:03:53 PM      37     13.00      0.00     60.00      0.00      0.00      0.00     22.00      0.00      0.00      5.00
07:03:53 PM      38     15.84      0.00     43.56      0.00      0.00      0.00     40.59      0.00      0.00      0.00
07:03:53 PM      39     14.43      0.00     68.04      0.00      0.00      0.00     10.31      0.00      0.00      7.22

07:03:53 PM     CPU      %usr     %nice      %sys   %iowait    %steal      %irq     %soft    %guest    %gnice     %idle
07:03:54 PM      32     17.00      0.00     54.00      0.00      0.00      0.00     25.00      0.00      0.00      4.00
07:03:54 PM      33     19.00      0.00     40.00      0.00      0.00      0.00     41.00      0.00      0.00      0.00
07:03:54 PM      34     13.86      0.00     39.60      0.00      0.00      0.00     46.53      0.00      0.00      0.00
07:03:54 PM      35     13.13      0.00     62.63      0.00      0.00      0.00     17.17      0.00      0.00      7.07
07:03:54 PM      36     13.00      0.00     45.00      0.00      0.00      0.00     42.00      0.00      0.00      0.00
07:03:54 PM      37     13.00      0.00     57.00      0.00      0.00      0.00     27.00      0.00      0.00      3.00
07:03:54 PM      38     15.84      0.00     40.59      0.00      0.00      0.00     42.57      0.00      0.00      0.99
07:03:54 PM      39     16.49      0.00     64.95      0.00      0.00      0.00     13.40      0.00      0.00      5.15

07:03:54 PM     CPU      %usr     %nice      %sys   %iowait    %steal      %irq     %soft    %guest    %gnice     %idle
07:03:55 PM      32     18.00      0.00     61.00      0.00      0.00      0.00     15.00      0.00      0.00      6.00
07:03:55 PM      33     15.84      0.00     44.55      0.00      0.00      0.00     39.60      0.00      0.00      0.00
07:03:55 PM      34     12.12      0.00     42.42      0.00      0.00      0.00     45.45      0.00      0.00      0.00
07:03:55 PM      35     18.37      0.00     63.27      0.00      0.00      0.00     13.27      0.00      0.00      5.10
07:03:55 PM      36     18.00      0.00     39.00      0.00      0.00      0.00     43.00      0.00      0.00      0.00
07:03:55 PM      37     17.17      0.00     54.55      0.00      0.00      0.00     22.22      0.00      0.00      6.06
07:03:55 PM      38      9.09      0.00     51.52      0.00      0.00      0.00     39.39      0.00      0.00      0.00
07:03:55 PM      39     11.58      0.00     66.32      0.00      0.00      0.00     15.79      0.00      0.00      6.32

07:03:55 PM     CPU      %usr     %nice      %sys   %iowait    %steal      %irq     %soft    %guest    %gnice     %idle
07:03:56 PM      32     15.31      0.00     53.06      0.00      0.00      0.00     26.53      0.00      0.00      5.10
07:03:56 PM      33     14.00      0.00     40.00      0.00      0.00      0.00     46.00      0.00      0.00      0.00
07:03:56 PM      34     14.14      0.00     35.35      0.00      0.00      0.00     50.51      0.00      0.00      0.00
07:03:56 PM      35     17.71      0.00     61.46      0.00      0.00      0.00     14.58      0.00      0.00      6.25
07:03:56 PM      36     13.00      0.00     47.00      0.00      0.00      0.00     40.00      0.00      0.00      0.00
07:03:56 PM      37     16.49      0.00     55.67      0.00      0.00      0.00     21.65      0.00      0.00      6.19
07:03:56 PM      38     12.87      0.00     39.60      0.00      0.00      0.00     47.52      0.00      0.00      0.00
07:03:56 PM      39     18.56      0.00     60.82      0.00      0.00      0.00     13.40      0.00      0.00      7.22

07:03:56 PM     CPU      %usr     %nice      %sys   %iowait    %steal      %irq     %soft    %guest    %gnice     %idle
07:03:57 PM      32     15.84      0.00     39.60      0.00      0.00      0.00     43.56      0.00      0.00      0.99
07:03:57 PM      33     14.00      0.00     40.00      0.00      0.00      0.00     46.00      0.00      0.00      0.00
07:03:57 PM      34     14.85      0.00     42.57      0.00      0.00      0.00     42.57      0.00      0.00      0.00
07:03:57 PM      35     11.11      0.00     52.53      0.00      0.00      0.00     35.35      0.00      0.00      1.01
07:03:57 PM      36     13.00      0.00     42.00      0.00      0.00      0.00     44.00      0.00      0.00      1.00
07:03:57 PM      37     11.88      0.00     49.50      0.00      0.00      0.00     37.62      0.00      0.00      0.99
07:03:57 PM      38     10.10      0.00     41.41      0.00      0.00      0.00     48.48      0.00      0.00      0.00
07:03:57 PM      39     16.16      0.00     48.48      0.00      0.00      0.00     34.34      0.00      0.00      1.01

07:03:57 PM     CPU      %usr     %nice      %sys   %iowait    %steal      %irq     %soft    %guest    %gnice     %idle
07:03:58 PM      32     14.00      0.00     45.00      0.00      0.00      0.00     41.00      0.00      0.00      0.00
07:03:58 PM      33     12.12      0.00     44.44      0.00      0.00      0.00     43.43      0.00      0.00      0.00
07:03:58 PM      34     12.12      0.00     40.40      0.00      0.00      0.00     47.47      0.00      0.00      0.00
07:03:58 PM      35     17.82      0.00     39.60      0.00      0.00      0.00     42.57      0.00      0.00      0.00
07:03:58 PM      36     13.13      0.00     35.35      0.00      0.00      0.00     51.52      0.00      0.00      0.00
07:03:58 PM      37     15.84      0.00     36.63      0.00      0.00      0.00     47.52      0.00      0.00      0.00
07:03:58 PM      38     14.00      0.00     42.00      0.00      0.00      0.00     44.00      0.00      0.00      0.00
07:03:58 PM      39     15.69      0.00     41.18      0.00      0.00      0.00     43.14      0.00      0.00      0.00

07:03:58 PM     CPU      %usr     %nice      %sys   %iowait    %steal      %irq     %soft    %guest    %gnice     %idle
07:03:59 PM      32     14.14      0.00     40.40      0.00      0.00      0.00     45.45      0.00      0.00      0.00
07:03:59 PM      33     17.82      0.00     43.56      0.00      0.00      0.00     38.61      0.00      0.00      0.00
07:03:59 PM      34     14.00      0.00     48.00      0.00      0.00      0.00     38.00      0.00      0.00      0.00
07:03:59 PM      35     19.00      0.00     41.00      0.00      0.00      0.00     40.00      0.00      0.00      0.00
07:03:59 PM      36     14.00      0.00     41.00      0.00      0.00      0.00     45.00      0.00      0.00      0.00
07:03:59 PM      37     14.00      0.00     46.00      0.00      0.00      0.00     40.00      0.00      0.00      0.00
07:03:59 PM      38     16.00      0.00     41.00      0.00      0.00      0.00     43.00      0.00      0.00      0.00
07:03:59 PM      39     19.39      0.00     43.88      0.00      0.00      0.00     36.73      0.00      0.00      0.00

07:03:59 PM     CPU      %usr     %nice      %sys   %iowait    %steal      %irq     %soft    %guest    %gnice     %idle
07:04:00 PM      32     19.80      0.00     35.64      0.00      0.00      0.00     44.55      0.00      0.00      0.00
07:04:00 PM      33     17.00      0.00     42.00      0.00      0.00      0.00     41.00      0.00      0.00      0.00
07:04:00 PM      34     19.00      0.00     39.00      0.00      0.00      0.00     42.00      0.00      0.00      0.00
07:04:00 PM      35     13.13      0.00     46.46      0.00      0.00      0.00     40.40      0.00      0.00      0.00
07:04:00 PM      36     15.84      0.00     42.57      0.00      0.00      0.00     41.58      0.00      0.00      0.00
07:04:00 PM      37     11.11      0.00     45.45      0.00      0.00      0.00     43.43      0.00      0.00      0.00
07:04:00 PM      38     12.00      0.00     46.00      0.00      0.00      0.00     42.00      0.00      0.00      0.00
07:04:00 PM      39     13.00      0.00     50.00      0.00      0.00      0.00     37.00      0.00      0.00      0.00

07:04:00 PM     CPU      %usr     %nice      %sys   %iowait    %steal      %irq     %soft    %guest    %gnice     %idle
07:04:01 PM      32     12.00      0.00     44.00      0.00      0.00      0.00     44.00      0.00      0.00      0.00
07:04:01 PM      33     14.14      0.00     46.46      0.00      0.00      0.00     39.39      0.00      0.00      0.00
07:04:01 PM      34     16.00      0.00     46.00      0.00      0.00      0.00     38.00      0.00      0.00      0.00
07:04:01 PM      35     14.00      0.00     43.00      0.00      0.00      0.00     43.00      0.00      0.00      0.00
07:04:01 PM      36     13.13      0.00     38.38      0.00      0.00      0.00     48.48      0.00      0.00      0.00
07:04:01 PM      37     16.83      0.00     41.58      0.00      0.00      0.00     41.58      0.00      0.00      0.00
07:04:01 PM      38     13.00      0.00     39.00      0.00      0.00      0.00     48.00      0.00      0.00      0.00
07:04:01 PM      39     16.83      0.00     42.57      0.00      0.00      0.00     40.59      0.00      0.00      0.00

Average:        CPU      %usr     %nice      %sys   %iowait    %steal      %irq     %soft    %guest    %gnice     %idle
Average:         32     15.25      0.00     49.75      0.00      0.00      0.00     32.40      0.00      0.00      2.61
Average:         33     16.02      0.00     42.94      0.00      0.00      0.00     41.04      0.00      0.00      0.00
Average:         34     14.03      0.00     41.48      0.00      0.00      0.00     44.49      0.00      0.00      0.00
Average:         35     15.73      0.00     53.93      0.00      0.00      0.00     27.32      0.00      0.00      3.02
Average:         36     14.11      0.00     42.34      0.00      0.00      0.00     43.44      0.00      0.00      0.10
Average:         37     14.73      0.00     50.20      0.00      0.00      0.00     32.46      0.00      0.00      2.61
Average:         38     13.90      0.00     42.80      0.00      0.00      0.00     43.20      0.00      0.00      0.10
Average:         39     16.26      0.00     54.37      0.00      0.00      0.00     26.22      0.00      0.00      3.15
