Linux 6.12.0-rc5-nfoff-mitioff-susv7 (cache-sql13432) 	11/07/2024 	_x86_64_	(64 CPU)

04:14:00 PM     CPU      %usr     %nice      %sys   %iowait    %steal      %irq     %soft    %guest    %gnice     %idle
04:14:01 PM      32     13.19      0.00     34.07      0.00      0.00      0.00     32.97      0.00      0.00     19.78
04:14:01 PM      33     13.95      0.00     32.56      0.00      0.00      0.00     30.23      0.00      0.00     23.26
04:14:01 PM      34     12.22      0.00     34.44      0.00      0.00      0.00     26.67      0.00      0.00     26.67
04:14:01 PM      35     13.98      0.00     39.78      0.00      0.00      0.00     27.96      0.00      0.00     18.28
04:14:01 PM      36     15.38      0.00     31.87      0.00      0.00      0.00     32.97      0.00      0.00     19.78
04:14:01 PM      37     12.94      0.00     30.59      0.00      0.00      0.00     28.24      0.00      0.00     28.24
04:14:01 PM      38     14.74      0.00     29.47      0.00      0.00      0.00     30.53      0.00      0.00     25.26
04:14:01 PM      39     13.04      0.00     30.43      0.00      0.00      0.00     39.13      0.00      0.00     17.39

04:14:01 PM     CPU      %usr     %nice      %sys   %iowait    %steal      %irq     %soft    %guest    %gnice     %idle
04:14:02 PM      32     11.24      0.00     30.34      0.00      0.00      0.00     31.46      0.00      0.00     26.97
04:14:02 PM      33     12.64      0.00     31.03      0.00      0.00      0.00     25.29      0.00      0.00     31.03
04:14:02 PM      34     10.71      0.00     30.95      0.00      0.00      0.00     34.52      0.00      0.00     23.81
04:14:02 PM      35     16.30      0.00     30.43      0.00      0.00      0.00     27.17      0.00      0.00     26.09
04:14:02 PM      36     13.19      0.00     30.77      0.00      0.00      0.00     35.16      0.00      0.00     20.88
04:14:02 PM      37     14.58      0.00     32.29      0.00      0.00      0.00     27.08      0.00      0.00     26.04
04:14:02 PM      38     15.29      0.00     30.59      0.00      0.00      0.00     24.71      0.00      0.00     29.41
04:14:02 PM      39     10.47      0.00     31.40      0.00      0.00      0.00     29.07      0.00      0.00     29.07

04:14:02 PM     CPU      %usr     %nice      %sys   %iowait    %steal      %irq     %soft    %guest    %gnice     %idle
04:14:03 PM      32     13.48      0.00     35.96      0.00      0.00      0.00     22.47      0.00      0.00     28.09
04:14:03 PM      33     12.64      0.00     26.44      0.00      0.00      0.00     26.44      0.00      0.00     34.48
04:14:03 PM      34     13.68      0.00     31.58      0.00      0.00      0.00     38.95      0.00      0.00     15.79
04:14:03 PM      35     13.33      0.00     40.00      0.00      0.00      0.00     22.22      0.00      0.00     24.44
04:14:03 PM      36     14.94      0.00     33.33      0.00      0.00      0.00     35.63      0.00      0.00     16.09
04:14:03 PM      37     17.20      0.00     24.73      0.00      0.00      0.00     30.11      0.00      0.00     27.96
04:14:03 PM      38     12.22      0.00     36.67      0.00      0.00      0.00     21.11      0.00      0.00     30.00
04:14:03 PM      39     15.73      0.00     31.46      0.00      0.00      0.00     25.84      0.00      0.00     26.97

04:14:03 PM     CPU      %usr     %nice      %sys   %iowait    %steal      %irq     %soft    %guest    %gnice     %idle
04:14:04 PM      32     14.74      0.00     33.68      0.00      0.00      0.00     25.26      0.00      0.00     26.32
04:14:04 PM      33     17.89      0.00     33.68      0.00      0.00      0.00     24.21      0.00      0.00     24.21
04:14:04 PM      34     11.24      0.00     29.21      0.00      0.00      0.00     41.57      0.00      0.00     17.98
04:14:04 PM      35     13.33      0.00     32.22      0.00      0.00      0.00     28.89      0.00      0.00     25.56
04:14:04 PM      36      8.89      0.00     28.89      0.00      0.00      0.00     42.22      0.00      0.00     20.00
04:14:04 PM      37     16.09      0.00     39.08      0.00      0.00      0.00     21.84      0.00      0.00     22.99
04:14:04 PM      38     11.24      0.00     33.71      0.00      0.00      0.00     28.09      0.00      0.00     26.97
04:14:04 PM      39     15.73      0.00     30.34      0.00      0.00      0.00     26.97      0.00      0.00     26.97

04:14:04 PM     CPU      %usr     %nice      %sys   %iowait    %steal      %irq     %soft    %guest    %gnice     %idle
04:14:05 PM      32     12.22      0.00     34.44      0.00      0.00      0.00     23.33      0.00      0.00     30.00
04:14:05 PM      33     12.36      0.00     38.20      0.00      0.00      0.00     23.60      0.00      0.00     25.84
04:14:05 PM      34      9.38      0.00     38.54      0.00      0.00      0.00     39.58      0.00      0.00     12.50
04:14:05 PM      35     14.29      0.00     34.69      0.00      0.00      0.00     35.71      0.00      0.00     15.31
04:14:05 PM      36     12.24      0.00     34.69      0.00      0.00      0.00     43.88      0.00      0.00      9.18
04:14:05 PM      37     10.20      0.00     38.78      0.00      0.00      0.00     35.71      0.00      0.00     15.31
04:14:05 PM      38     14.29      0.00     34.07      0.00      0.00      0.00     23.08      0.00      0.00     28.57
04:14:05 PM      39     11.11      0.00     32.22      0.00      0.00      0.00     27.78      0.00      0.00     28.89

04:14:05 PM     CPU      %usr     %nice      %sys   %iowait    %steal      %irq     %soft    %guest    %gnice     %idle
04:14:06 PM      32      8.89      0.00     27.78      0.00      0.00      0.00     32.22      0.00      0.00     31.11
04:14:06 PM      33     14.94      0.00     28.74      0.00      0.00      0.00     29.89      0.00      0.00     26.44
04:14:06 PM      34     12.22      0.00     32.22      0.00      0.00      0.00     27.78      0.00      0.00     27.78
04:14:06 PM      35     14.29      0.00     35.16      0.00      0.00      0.00     34.07      0.00      0.00     16.48
04:14:06 PM      36     14.61      0.00     32.58      0.00      0.00      0.00     35.96      0.00      0.00     16.85
04:14:06 PM      37     10.59      0.00     34.12      0.00      0.00      0.00     27.06      0.00      0.00     28.24
04:14:06 PM      38     10.47      0.00     30.23      0.00      0.00      0.00     30.23      0.00      0.00     29.07
04:14:06 PM      39     13.04      0.00     35.87      0.00      0.00      0.00     25.00      0.00      0.00     26.09

04:14:06 PM     CPU      %usr     %nice      %sys   %iowait    %steal      %irq     %soft    %guest    %gnice     %idle
04:14:07 PM      32     12.63      0.00     31.58      0.00      0.00      0.00     37.89      0.00      0.00     17.89
04:14:07 PM      33      8.79      0.00     36.26      0.00      0.00      0.00     27.47      0.00      0.00     27.47
04:14:07 PM      34     15.48      0.00     33.33      0.00      0.00      0.00     26.19      0.00      0.00     25.00
04:14:07 PM      35     15.48      0.00     33.33      0.00      0.00      0.00     21.43      0.00      0.00     29.76
04:14:07 PM      36     13.68      0.00     29.47      0.00      0.00      0.00     41.05      0.00      0.00     15.79
04:14:07 PM      37     15.73      0.00     26.97      0.00      0.00      0.00     25.84      0.00      0.00     31.46
04:14:07 PM      38     15.12      0.00     31.40      0.00      0.00      0.00     25.58      0.00      0.00     27.91
04:14:07 PM      39      9.89      0.00     32.97      0.00      0.00      0.00     31.87      0.00      0.00     25.27

04:14:07 PM     CPU      %usr     %nice      %sys   %iowait    %steal      %irq     %soft    %guest    %gnice     %idle
04:14:08 PM      32     10.75      0.00     41.94      0.00      0.00      0.00     37.63      0.00      0.00      9.68
04:14:08 PM      33     11.11      0.00     37.78      0.00      0.00      0.00     26.67      0.00      0.00     24.44
04:14:08 PM      34     11.58      0.00     31.58      0.00      0.00      0.00     41.05      0.00      0.00     15.79
04:14:08 PM      35     10.87      0.00     32.61      0.00      0.00      0.00     26.09      0.00      0.00     30.43
04:14:08 PM      36     15.96      0.00     30.85      0.00      0.00      0.00     35.11      0.00      0.00     18.09
04:14:08 PM      37     13.98      0.00     31.18      0.00      0.00      0.00     25.81      0.00      0.00     29.03
04:14:08 PM      38     11.70      0.00     38.30      0.00      0.00      0.00     39.36      0.00      0.00     10.64
04:14:08 PM      39     12.90      0.00     40.86      0.00      0.00      0.00     22.58      0.00      0.00     23.66

04:14:08 PM     CPU      %usr     %nice      %sys   %iowait    %steal      %irq     %soft    %guest    %gnice     %idle
04:14:09 PM      32     11.83      0.00     29.03      0.00      0.00      0.00     39.78      0.00      0.00     19.35
04:14:09 PM      33     17.39      0.00     30.43      0.00      0.00      0.00     23.91      0.00      0.00     28.26
04:14:09 PM      34     12.77      0.00     29.79      0.00      0.00      0.00     37.23      0.00      0.00     20.21
04:14:09 PM      35      8.70      0.00     41.30      0.00      0.00      0.00     26.09      0.00      0.00     23.91
04:14:09 PM      36     13.33      0.00     33.33      0.00      0.00      0.00     37.78      0.00      0.00     15.56
04:14:09 PM      37     14.77      0.00     34.09      0.00      0.00      0.00     23.86      0.00      0.00     27.27
04:14:09 PM      38     13.68      0.00     34.74      0.00      0.00      0.00     31.58      0.00      0.00     20.00
04:14:09 PM      39     15.48      0.00     32.14      0.00      0.00      0.00     25.00      0.00      0.00     27.38

04:14:09 PM     CPU      %usr     %nice      %sys   %iowait    %steal      %irq     %soft    %guest    %gnice     %idle
04:14:10 PM      32      7.78      0.00     36.67      0.00      0.00      0.00     40.00      0.00      0.00     15.56
04:14:10 PM      33     12.90      0.00     32.26      0.00      0.00      0.00     26.88      0.00      0.00     27.96
04:14:10 PM      34     16.48      0.00     32.97      0.00      0.00      0.00     24.18      0.00      0.00     26.37
04:14:10 PM      35     14.12      0.00     25.88      0.00      0.00      0.00     28.24      0.00      0.00     31.76
04:14:10 PM      36      7.61      0.00     30.43      0.00      0.00      0.00     43.48      0.00      0.00     18.48
04:14:10 PM      37     14.29      0.00     38.10      0.00      0.00      0.00     20.24      0.00      0.00     27.38
04:14:10 PM      38     17.78      0.00     27.78      0.00      0.00      0.00     27.78      0.00      0.00     26.67
04:14:10 PM      39     17.05      0.00     35.23      0.00      0.00      0.00     19.32      0.00      0.00     28.41

Average:        CPU      %usr     %nice      %sys   %iowait    %steal      %irq     %soft    %guest    %gnice     %idle
Average:         32     11.69      0.00     33.55      0.00      0.00      0.00     32.35      0.00      0.00     22.40
Average:         33     13.49      0.00     32.78      0.00      0.00      0.00     26.42      0.00      0.00     27.31
Average:         34     12.56      0.00     32.49      0.00      0.00      0.00     33.92      0.00      0.00     21.04
Average:         35     13.45      0.00     34.62      0.00      0.00      0.00     27.89      0.00      0.00     24.04
Average:         36     12.98      0.00     31.62      0.00      0.00      0.00     38.39      0.00      0.00     17.01
Average:         37     14.03      0.00     32.96      0.00      0.00      0.00     26.73      0.00      0.00     26.28
Average:         38     13.65      0.00     32.74      0.00      0.00      0.00     28.30      0.00      0.00     25.31
Average:         39     13.42      0.00     33.33      0.00      0.00      0.00     27.29      0.00      0.00     25.95
