{ common_pid: mc-worker       [    146172], ret:         49 } hitcount:          1
{ common_pid: mc-worker       [    146173], ret:         57 } hitcount:          1
{ common_pid: mc-worker       [    146175], ret:         47 } hitcount:          1
{ common_pid: mc-worker       [    146176], ret:        112 } hitcount:          1
{ common_pid: mc-worker       [    146174], ret:         15 } hitcount:          1
{ common_pid: mc-worker       [    146178], ret:         26 } hitcount:          1
{ common_pid: mc-worker       [    146175], ret:         75 } hitcount:          1
{ common_pid: mc-worker       [    146174], ret:         13 } hitcount:          1
{ common_pid: mc-worker       [    146174], ret:        110 } hitcount:          1
{ common_pid: mc-worker       [    146177], ret:        121 } hitcount:          1
{ common_pid: mc-worker       [    146173], ret:         24 } hitcount:          1
{ common_pid: mc-worker       [    146171], ret:         38 } hitcount:          1
{ common_pid: mc-worker       [    146176], ret:         30 } hitcount:          1
{ common_pid: mc-worker       [    146176], ret:        127 } hitcount:          1
{ common_pid: mc-worker       [    146177], ret:        117 } hitcount:          1
{ common_pid: mc-worker       [    146176], ret:         25 } hitcount:          1
{ common_pid: mc-worker       [    146171], ret:         52 } hitcount:          1
{ common_pid: mc-worker       [    146173], ret:        127 } hitcount:          1
{ common_pid: mc-worker       [    146174], ret:        124 } hitcount:          1
{ common_pid: mc-worker       [    146171], ret:         27 } hitcount:          1
{ common_pid: mc-worker       [    146173], ret:         21 } hitcount:          1
{ common_pid: mc-worker       [    146175], ret:         24 } hitcount:          1
{ common_pid: mc-worker       [    146174], ret:        107 } hitcount:          1
{ common_pid: mc-worker       [    146177], ret:         35 } hitcount:          1
{ common_pid: mc-worker       [    146178], ret:         15 } hitcount:          1
{ common_pid: mc-worker       [    146177], ret:         24 } hitcount:          1
{ common_pid: mc-worker       [    146171], ret:         32 } hitcount:          1
{ common_pid: mc-worker       [    146172], ret:         34 } hitcount:          1
{ common_pid: mc-worker       [    146174], ret:         56 } hitcount:          1
{ common_pid: mc-worker       [    146174], ret:        106 } hitcount:          1
{ common_pid: mc-worker       [    146175], ret:         30 } hitcount:          1
{ common_pid: mc-worker       [    146176], ret:        104 } hitcount:          1
{ common_pid: mc-worker       [    146175], ret:         76 } hitcount:          1
{ common_pid: mc-worker       [    146176], ret:         27 } hitcount:          1
{ common_pid: mc-worker       [    146174], ret:         54 } hitcount:          1
{ common_pid: mc-worker       [    146177], ret:         15 } hitcount:          1
{ common_pid: mc-worker       [    146175], ret:        128 } hitcount:          1
{ common_pid: mc-worker       [    146177], ret:         27 } hitcount:          1
{ common_pid: mc-worker       [    146173], ret:        111 } hitcount:          1
{ common_pid: mc-worker       [    146173], ret:         48 } hitcount:          1
{ common_pid: mc-worker       [    146174], ret:         36 } hitcount:          1
{ common_pid: mc-worker       [    146172], ret:         62 } hitcount:          1
{ common_pid: mc-worker       [    146177], ret:         97 } hitcount:          1
{ common_pid: mc-worker       [    146174], ret:         18 } hitcount:          1
{ common_pid: mc-worker       [    146172], ret:         51 } hitcount:          1
{ common_pid: mc-worker       [    146177], ret:         31 } hitcount:          1
{ common_pid: mc-worker       [    146171], ret:         20 } hitcount:          1
{ common_pid: mc-worker       [    146176], ret:         21 } hitcount:          1
{ common_pid: mc-worker       [    146175], ret:        143 } hitcount:          1
{ common_pid: mc-worker       [    146175], ret:        102 } hitcount:          1
{ common_pid: mc-worker       [    146175], ret:         74 } hitcount:          1
{ common_pid: mc-worker       [    146172], ret:         41 } hitcount:          1
{ common_pid: mc-worker       [    146176], ret:         26 } hitcount:          1
{ common_pid: mc-worker       [    146175], ret:        106 } hitcount:          1
{ common_pid: mc-worker       [    146178], ret:         38 } hitcount:          1
{ common_pid: mc-worker       [    146171], ret:         21 } hitcount:          1
{ common_pid: mc-worker       [    146173], ret:         34 } hitcount:          1
{ common_pid: mc-worker       [    146173], ret:         44 } hitcount:          1
{ common_pid: mc-worker       [    146172], ret:         25 } hitcount:          1
{ common_pid: mc-worker       [    146178], ret:         20 } hitcount:          1
{ common_pid: mc-worker       [    146177], ret:         43 } hitcount:          1
{ common_pid: mc-worker       [    146173], ret:         27 } hitcount:          1
{ common_pid: mc-worker       [    146176], ret:         64 } hitcount:          1
{ common_pid: mc-worker       [    146172], ret:        126 } hitcount:          1
{ common_pid: mc-worker       [    146178], ret:         55 } hitcount:          1
{ common_pid: mc-worker       [    146176], ret:         94 } hitcount:          1
{ common_pid: mc-worker       [    146172], ret:        119 } hitcount:          1
{ common_pid: mc-worker       [    146178], ret:         19 } hitcount:          1
{ common_pid: mc-worker       [    146175], ret:        256 } hitcount:          1
{ common_pid: mc-worker       [    146175], ret:         45 } hitcount:          1
{ common_pid: mc-worker       [    146176], ret:         62 } hitcount:          1
{ common_pid: mc-worker       [    146171], ret:        107 } hitcount:          1
{ common_pid: mc-worker       [    146173], ret:         40 } hitcount:          1
{ common_pid: mc-worker       [    146175], ret:        480 } hitcount:          1
{ common_pid: mc-worker       [    146173], ret:        121 } hitcount:          1
{ common_pid: mc-worker       [    146175], ret:         98 } hitcount:          1
{ common_pid: mc-worker       [    146177], ret:         39 } hitcount:          1
{ common_pid: mc-worker       [    146177], ret:         26 } hitcount:          1
{ common_pid: mc-worker       [    146172], ret:         16 } hitcount:          1
{ common_pid: mc-worker       [    146177], ret:         45 } hitcount:          1
{ common_pid: mc-worker       [    146176], ret:         95 } hitcount:          1
{ common_pid: mc-worker       [    146174], ret:        108 } hitcount:          1
{ common_pid: mc-worker       [    146175], ret:        295 } hitcount:          1
{ common_pid: mc-worker       [    146171], ret:        128 } hitcount:          1
{ common_pid: mc-worker       [    146175], ret:         68 } hitcount:          1
{ common_pid: mc-worker       [    146175], ret:         64 } hitcount:          1
{ common_pid: mc-worker       [    146178], ret:         52 } hitcount:          1
{ common_pid: mc-worker       [    146178], ret:        116 } hitcount:          1
{ common_pid: mc-worker       [    146177], ret:         57 } hitcount:          1
{ common_pid: mc-worker       [    146175], ret:        112 } hitcount:          1
{ common_pid: mc-worker       [    146171], ret:         47 } hitcount:          1
{ common_pid: mc-worker       [    146173], ret:         39 } hitcount:          1
{ common_pid: mc-worker       [    146174], ret:         90 } hitcount:          1
{ common_pid: mc-worker       [    146171], ret:         39 } hitcount:          1
{ common_pid: mc-worker       [    146171], ret:        103 } hitcount:          1
{ common_pid: mc-worker       [    146174], ret:         14 } hitcount:          1
{ common_pid: mc-worker       [    146175], ret:         29 } hitcount:          1
{ common_pid: mc-worker       [    146178], ret:         27 } hitcount:          1
{ common_pid: mc-worker       [    146175], ret:         82 } hitcount:          1
{ common_pid: mc-worker       [    146174], ret:         59 } hitcount:          1
{ common_pid: mc-worker       [    146175], ret:         99 } hitcount:          1
{ common_pid: mc-worker       [    146173], ret:        119 } hitcount:          1
{ common_pid: mc-worker       [    146177], ret:         40 } hitcount:          1
{ common_pid: mc-worker       [    146178], ret:         57 } hitcount:          1
{ common_pid: mc-worker       [    146174], ret:         35 } hitcount:          1
{ common_pid: mc-worker       [    146171], ret:        104 } hitcount:          1
{ common_pid: mc-worker       [    146177], ret:        125 } hitcount:          1
{ common_pid: mc-worker       [    146173], ret:         35 } hitcount:          1
{ common_pid: mc-worker       [    146172], ret:         52 } hitcount:          1
{ common_pid: mc-worker       [    146175], ret:         31 } hitcount:          1
{ common_pid: mc-worker       [    146175], ret:         72 } hitcount:          1
{ common_pid: mc-worker       [    146176], ret:        123 } hitcount:          1
{ common_pid: mc-worker       [    146176], ret:         97 } hitcount:          1
{ common_pid: mc-worker       [    146176], ret:         29 } hitcount:          1
{ common_pid: mc-worker       [    146173], ret:         46 } hitcount:          1
{ common_pid: mc-worker       [    146172], ret:        110 } hitcount:          1
{ common_pid: mc-worker       [    146176], ret:        110 } hitcount:          1
{ common_pid: mc-worker       [    146174], ret:         55 } hitcount:          1
{ common_pid: mc-worker       [    146177], ret:         89 } hitcount:          1
{ common_pid: mc-worker       [    146173], ret:         45 } hitcount:          1
{ common_pid: mc-worker       [    146178], ret:         31 } hitcount:          1
{ common_pid: mc-worker       [    146171], ret:        117 } hitcount:          1
{ common_pid: mc-worker       [    146178], ret:         54 } hitcount:          1
{ common_pid: mc-worker       [    146176], ret:         50 } hitcount:          1
{ common_pid: mc-worker       [    146173], ret:         36 } hitcount:          1
{ common_pid: mc-worker       [    146177], ret:         18 } hitcount:          1
{ common_pid: mc-worker       [    146172], ret:        210 } hitcount:          1
{ common_pid: mc-worker       [    146178], ret:         88 } hitcount:          1
{ common_pid: mc-worker       [    146175], ret:         34 } hitcount:          1
{ common_pid: mc-worker       [    146171], ret:        124 } hitcount:          1
{ common_pid: mc-worker       [    146172], ret:         26 } hitcount:          1
{ common_pid: mc-worker       [    146176], ret:         28 } hitcount:          1
{ common_pid: mc-worker       [    146172], ret:         53 } hitcount:          1
{ common_pid: mc-worker       [    146177], ret:         36 } hitcount:          1
{ common_pid: mc-worker       [    146175], ret:        289 } hitcount:          1
{ common_pid: mc-worker       [    146172], ret:        256 } hitcount:          1
{ common_pid: mc-worker       [    146175], ret:        278 } hitcount:          1
{ common_pid: mc-worker       [    146176], ret:         87 } hitcount:          1
{ common_pid: mc-worker       [    146171], ret:         54 } hitcount:          1
{ common_pid: mc-worker       [    146171], ret:         16 } hitcount:          1
{ common_pid: mc-worker       [    146172], ret:         17 } hitcount:          1
{ common_pid: mc-worker       [    146175], ret:        373 } hitcount:          1
{ common_pid: mc-worker       [    146175], ret:         65 } hitcount:          1
{ common_pid: mc-worker       [    146175], ret:        123 } hitcount:          2
{ common_pid: mc-worker       [    146176], ret:         23 } hitcount:          2
{ common_pid: mc-worker       [    146175], ret:        104 } hitcount:          2
{ common_pid: mc-worker       [    146173], ret:         26 } hitcount:          2
{ common_pid: mc-worker       [    146178], ret:         13 } hitcount:          2
{ common_pid: mc-worker       [    146174], ret:         33 } hitcount:          2
{ common_pid: mc-worker       [    146177], ret:         47 } hitcount:          2
{ common_pid: mc-worker       [    146175], ret:         36 } hitcount:          2
{ common_pid: mc-worker       [    146175], ret:         35 } hitcount:          2
{ common_pid: mc-worker       [    146174], ret:         43 } hitcount:          2
{ common_pid: mc-worker       [    146177], ret:         20 } hitcount:          2
{ common_pid: mc-worker       [    146171], ret:         63 } hitcount:          2
{ common_pid: mc-worker       [    146176], ret:        128 } hitcount:          2
{ common_pid: mc-worker       [    146178], ret:         16 } hitcount:          2
{ common_pid: mc-worker       [    146175], ret:         32 } hitcount:          2
{ common_pid: mc-worker       [    146173], ret:         28 } hitcount:          2
{ common_pid: mc-worker       [    146174], ret:         66 } hitcount:          2
{ common_pid: mc-worker       [    146172], ret:         12 } hitcount:          2
{ common_pid: mc-worker       [    146171], ret:         17 } hitcount:          2
{ common_pid: mc-worker       [    146175], ret:         28 } hitcount:          2
{ common_pid: mc-worker       [    146175], ret:         39 } hitcount:          2
{ common_pid: mc-worker       [    146177], ret:         63 } hitcount:          2
{ common_pid: mc-worker       [    146175], ret:        124 } hitcount:          2
{ common_pid: mc-worker       [    146172], ret:         19 } hitcount:          2
{ common_pid: mc-worker       [    146178], ret:         14 } hitcount:          2
{ common_pid: mc-worker       [    146175], ret:        117 } hitcount:          2
{ common_pid: mc-worker       [    146172], ret:         47 } hitcount:          2
{ common_pid: mc-worker       [    146174], ret:         12 } hitcount:          2
{ common_pid: mc-worker       [    146174], ret:         47 } hitcount:          2
{ common_pid: mc-worker       [    146177], ret:         65 } hitcount:          2
{ common_pid: mc-worker       [    146174], ret:         17 } hitcount:          2
{ common_pid: mc-worker       [    146176], ret:         60 } hitcount:          2
{ common_pid: mc-worker       [    146175], ret:        127 } hitcount:          2
{ common_pid: mc-worker       [    146175], ret:         57 } hitcount:          2
{ common_pid: mc-worker       [    146176], ret:         52 } hitcount:          2
{ common_pid: mc-worker       [    146176], ret:         20 } hitcount:          2
{ common_pid: mc-worker       [    146173], ret:         29 } hitcount:          2
{ common_pid: mc-worker       [    146172], ret:        128 } hitcount:          2
{ common_pid: mc-worker       [    146178], ret:         63 } hitcount:          2
{ common_pid: mc-worker       [    146175], ret:         41 } hitcount:          2
{ common_pid: mc-worker       [    146174], ret:        127 } hitcount:          2
{ common_pid: mc-worker       [    146176], ret:         51 } hitcount:          3
{ common_pid: mc-worker       [    146175], ret:         42 } hitcount:          3
{ common_pid: mc-worker       [    146175], ret:         48 } hitcount:          3
{ common_pid: mc-worker       [    146175], ret:         17 } hitcount:          3
{ common_pid: mc-worker       [    146175], ret:         19 } hitcount:          3
{ common_pid: mc-worker       [    146174], ret:         11 } hitcount:          3
{ common_pid: mc-worker       [    146176], ret:         55 } hitcount:          3
{ common_pid: mc-worker       [    146175], ret:         27 } hitcount:          3
{ common_pid: mc-worker       [    146176], ret:         57 } hitcount:          3
{ common_pid: mc-worker       [    146176], ret:         48 } hitcount:          3
{ common_pid: mc-worker       [    146171], ret:         12 } hitcount:          3
{ common_pid: mc-worker       [    146177], ret:         12 } hitcount:          3
{ common_pid: mc-worker       [    146178], ret:         11 } hitcount:          3
{ common_pid: mc-worker       [    146177], ret:        128 } hitcount:          3
{ common_pid: mc-worker       [    146174], ret:         24 } hitcount:          3
{ common_pid: mc-worker       [    146177], ret:         14 } hitcount:          3
{ common_pid: mc-worker       [    146175], ret:         43 } hitcount:          3
{ common_pid: mc-worker       [    146171], ret:         15 } hitcount:          3
{ common_pid: mc-worker       [    146176], ret:         19 } hitcount:          3
{ common_pid: mc-worker       [    146171], ret:         14 } hitcount:          3
{ common_pid: mc-worker       [    146176], ret:         16 } hitcount:          4
{ common_pid: mc-worker       [    146173], ret:         20 } hitcount:          4
{ common_pid: mc-worker       [    146177], ret:         13 } hitcount:          4
{ common_pid: mc-worker       [    146178], ret:        127 } hitcount:          4
{ common_pid: mc-worker       [    146173], ret:         16 } hitcount:          4
{ common_pid: mc-worker       [    146175], ret:         20 } hitcount:          4
{ common_pid: mc-worker       [    146175], ret:         59 } hitcount:          4
{ common_pid: mc-worker       [    146175], ret:         37 } hitcount:          4
{ common_pid: mc-worker       [    146175], ret:         46 } hitcount:          4
{ common_pid: mc-worker       [    146176], ret:         63 } hitcount:          4
{ common_pid: mc-worker       [    146175], ret:         44 } hitcount:          4
{ common_pid: mc-worker       [    146175], ret:         23 } hitcount:          4
{ common_pid: mc-worker       [    146175], ret:         62 } hitcount:          5
{ common_pid: mc-worker       [    146173], ret:         22 } hitcount:          5
{ common_pid: mc-worker       [    146176], ret:         24 } hitcount:          5
{ common_pid: mc-worker       [    146173], ret:         18 } hitcount:          5
{ common_pid: mc-worker       [    146175], ret:         63 } hitcount:          5
{ common_pid: mc-worker       [    146175], ret:         25 } hitcount:          5
{ common_pid: mc-worker       [    146178], ret:         12 } hitcount:          5
{ common_pid: mc-worker       [    146176], ret:         15 } hitcount:          5
{ common_pid: mc-worker       [    146175], ret:         22 } hitcount:          5
{ common_pid: mc-worker       [    146175], ret:         55 } hitcount:          5
{ common_pid: mc-worker       [    146175], ret:         21 } hitcount:          6
{ common_pid: mc-worker       [    146176], ret:         22 } hitcount:          6
{ common_pid: mc-worker       [    146175], ret:         58 } hitcount:          6
{ common_pid: mc-worker       [    146172], ret:         13 } hitcount:          6
{ common_pid: mc-worker       [    146175], ret:         16 } hitcount:          6
{ common_pid: mc-worker       [    146175], ret:         60 } hitcount:          6
{ common_pid: mc-worker       [    146173], ret:         17 } hitcount:          7
{ common_pid: mc-worker       [    146173], ret:         19 } hitcount:          7
{ common_pid: mc-worker       [    146176], ret:         17 } hitcount:          7
{ common_pid: mc-worker       [    146176], ret:         14 } hitcount:          7
{ common_pid: mc-worker       [    146176], ret:         54 } hitcount:          7
{ common_pid: mc-worker       [    146175], ret:         56 } hitcount:          7
{ common_pid: mc-worker       [    146172], ret:         11 } hitcount:          7
{ common_pid: mc-worker       [    146175], ret:         49 } hitcount:          7
{ common_pid: mc-worker       [    146175], ret:         61 } hitcount:          7
{ common_pid: mc-worker       [    146175], ret:         51 } hitcount:          8
{ common_pid: mc-worker       [    146175], ret:         53 } hitcount:          8
{ common_pid: mc-worker       [    146171], ret:         13 } hitcount:          8
{ common_pid: mc-worker       [    146176], ret:         18 } hitcount:          8
{ common_pid: mc-worker       [    146175], ret:         18 } hitcount:          8
{ common_pid: mc-worker       [    146175], ret:         15 } hitcount:          8
{ common_pid: mc-worker       [    146175], ret:         50 } hitcount:          8
{ common_pid: mc-worker       [    146171], ret:         11 } hitcount:          9
{ common_pid: mc-worker       [    146175], ret:         52 } hitcount:          9
{ common_pid: mc-worker       [    146175], ret:         14 } hitcount:          9
{ common_pid: mc-worker       [    146173], ret:         14 } hitcount:         11
{ common_pid: mc-worker       [    146175], ret:         54 } hitcount:         11
{ common_pid: mc-worker       [    146173], ret:         15 } hitcount:         12
{ common_pid: mc-worker       [    146175], ret:         12 } hitcount:         13
{ common_pid: mc-worker       [    146177], ret:         11 } hitcount:         13
{ common_pid: mc-worker       [    146176], ret:         13 } hitcount:         13
{ common_pid: mc-worker       [    146177], ret:         10 } hitcount:         14
{ common_pid: mc-worker       [    146178], ret:         10 } hitcount:         14
{ common_pid: mc-worker       [    146174], ret:         10 } hitcount:         15
{ common_pid: mc-worker       [    146175], ret:         13 } hitcount:         15
{ common_pid: mc-worker       [    146172], ret:         10 } hitcount:         16
{ common_pid: mc-worker       [    146171], ret:         10 } hitcount:         19
{ common_pid: mc-worker       [    146175], ret:         11 } hitcount:         19
{ common_pid: mc-worker       [    146173], ret:         12 } hitcount:         22
{ common_pid: mc-worker       [    146173], ret:         13 } hitcount:         23
{ common_pid: mc-worker       [    146176], ret:         12 } hitcount:         23
{ common_pid: mc-worker       [    146174], ret:          9 } hitcount:         24
{ common_pid: mc-worker       [    146176], ret:         11 } hitcount:         26
{ common_pid: mc-worker       [    146173], ret:         11 } hitcount:         33
{ common_pid: mc-worker       [    146171], ret:          9 } hitcount:         34
{ common_pid: mc-worker       [    146178], ret:          9 } hitcount:         35
{ common_pid: mc-worker       [    146175], ret:         10 } hitcount:         36
{ common_pid: mc-worker       [    146176], ret:         10 } hitcount:         38
{ common_pid: mc-worker       [    146172], ret:          9 } hitcount:         50
{ common_pid: mc-worker       [    146173], ret:         10 } hitcount:         54
{ common_pid: mc-worker       [    146177], ret:          9 } hitcount:         56
{ common_pid: mc-worker       [    146175], ret:          9 } hitcount:         63
{ common_pid: mc-worker       [    146178], ret:          8 } hitcount:         70
{ common_pid: mc-worker       [    146174], ret:          8 } hitcount:         79
{ common_pid: mc-worker       [    146176], ret:          9 } hitcount:         91
{ common_pid: mc-worker       [    146173], ret:          9 } hitcount:         91
{ common_pid: mc-worker       [    146171], ret:          8 } hitcount:         93
{ common_pid: mc-worker       [    146177], ret:          8 } hitcount:        136
{ common_pid: mc-worker       [    146172], ret:          8 } hitcount:        141
{ common_pid: mc-worker       [    146175], ret:          8 } hitcount:        161
{ common_pid: mc-worker       [    146176], ret:          8 } hitcount:        213
{ common_pid: mc-worker       [    146173], ret:          8 } hitcount:        218
{ common_pid: mc-worker       [    146178], ret:          7 } hitcount:        241
{ common_pid: mc-worker       [    146171], ret:          7 } hitcount:        262
{ common_pid: mc-worker       [    146174], ret:          7 } hitcount:        287
{ common_pid: mc-worker       [    146177], ret:          7 } hitcount:        368
{ common_pid: mc-worker       [    146172], ret:          7 } hitcount:        375
{ common_pid: mc-worker       [    146175], ret:          7 } hitcount:        409
{ common_pid: mc-worker       [    146176], ret:          7 } hitcount:        596
{ common_pid: mc-worker       [    146173], ret:          7 } hitcount:        613
{ common_pid: mc-worker       [    146178], ret:          6 } hitcount:        965
{ common_pid: mc-worker       [    146171], ret:          6 } hitcount:       1005
{ common_pid: mc-worker       [    146174], ret:          6 } hitcount:       1083
{ common_pid: mc-worker       [    146175], ret:          6 } hitcount:       1153
{ common_pid: mc-worker       [    146177], ret:          6 } hitcount:       1309
{ common_pid: mc-worker       [    146172], ret:          6 } hitcount:       1455
{ common_pid: mc-worker       [    146176], ret:          6 } hitcount:       1885
{ common_pid: mc-worker       [    146173], ret:          6 } hitcount:       1901
{ common_pid: mc-worker       [    146178], ret:          5 } hitcount:       3548
{ common_pid: mc-worker       [    146171], ret:          5 } hitcount:       3875
{ common_pid: mc-worker       [    146174], ret:          5 } hitcount:       4203
{ common_pid: mc-worker       [    146175], ret:          5 } hitcount:       4573
{ common_pid: mc-worker       [    146177], ret:          5 } hitcount:       4715
{ common_pid: mc-worker       [    146172], ret:          5 } hitcount:       5243
{ common_pid: mc-worker       [    146176], ret:          5 } hitcount:       6251
{ common_pid: mc-worker       [    146173], ret:          5 } hitcount:       6546
{ common_pid: mc-worker       [    146178], ret:          4 } hitcount:      14753
{ common_pid: mc-worker       [    146171], ret:          4 } hitcount:      15861
{ common_pid: mc-worker       [    146174], ret:          4 } hitcount:      16474
{ common_pid: mc-worker       [    146177], ret:          4 } hitcount:      18101
{ common_pid: mc-worker       [    146175], ret:          4 } hitcount:      18155
{ common_pid: mc-worker       [    146172], ret:          4 } hitcount:      20291
{ common_pid: mc-worker       [    146176], ret:          4 } hitcount:      22067
{ common_pid: mc-worker       [    146173], ret:          4 } hitcount:      22883
{ common_pid: mc-worker       [    146178], ret:          3 } hitcount:      63153
{ common_pid: mc-worker       [    146171], ret:          3 } hitcount:      68261
{ common_pid: mc-worker       [    146174], ret:          3 } hitcount:      71171
{ common_pid: mc-worker       [    146177], ret:          3 } hitcount:      71840
{ common_pid: mc-worker       [    146175], ret:          3 } hitcount:      75189
{ common_pid: mc-worker       [    146172], ret:          3 } hitcount:      81033
{ common_pid: mc-worker       [    146176], ret:          3 } hitcount:      82719
{ common_pid: mc-worker       [    146173], ret:          3 } hitcount:      84776
{ common_pid: mc-worker       [    146178], ret:          2 } hitcount:     284400
{ common_pid: mc-worker       [    146177], ret:          2 } hitcount:     301973
{ common_pid: mc-worker       [    146171], ret:          2 } hitcount:     307364
{ common_pid: mc-worker       [    146174], ret:          2 } hitcount:     312231
{ common_pid: mc-worker       [    146176], ret:          2 } hitcount:     322918
{ common_pid: mc-worker       [    146175], ret:          2 } hitcount:     322938
{ common_pid: mc-worker       [    146173], ret:          2 } hitcount:     330735
{ common_pid: mc-worker       [    146172], ret:          2 } hitcount:     334045
{ common_pid: mc-worker       [    146176], ret:          1 } hitcount:    1223529
{ common_pid: mc-worker       [    146177], ret:          1 } hitcount:    1235473
{ common_pid: mc-worker       [    146173], ret:          1 } hitcount:    1252516
{ common_pid: mc-worker       [    146178], ret:          1 } hitcount:    1254089
{ common_pid: mc-worker       [    146171], ret:          1 } hitcount:    1316264
{ common_pid: mc-worker       [    146174], ret:          1 } hitcount:    1327889
{ common_pid: mc-worker       [    146175], ret:          1 } hitcount:    1330528
{ common_pid: mc-worker       [    146172], ret:          1 } hitcount:    1331985
