{ common_pid: mc-worker       [    490144], ret:         69 } hitcount:          1
{ common_pid: mc-worker       [    490140], ret:         31 } hitcount:          1
{ common_pid: mc-worker       [    490142], ret:         84 } hitcount:          1
{ common_pid: mc-worker       [    490141], ret:         50 } hitcount:          1
{ common_pid: mc-worker       [    490140], ret:         91 } hitcount:          1
{ common_pid: mc-worker       [    490141], ret:         45 } hitcount:          1
{ common_pid: mc-worker       [    490144], ret:        501 } hitcount:          1
{ common_pid: mc-worker       [    490145], ret:         37 } hitcount:          1
{ common_pid: mc-worker       [    490144], ret:         74 } hitcount:          1
{ common_pid: mc-worker       [    490142], ret:         79 } hitcount:          1
{ common_pid: mc-worker       [    490141], ret:         43 } hitcount:          1
{ common_pid: mc-worker       [    490145], ret:         42 } hitcount:          1
{ common_pid: mc-worker       [    490144], ret:         37 } hitcount:          1
{ common_pid: mc-worker       [    490143], ret:         52 } hitcount:          1
{ common_pid: mc-worker       [    490141], ret:         46 } hitcount:          1
{ common_pid: mc-worker       [    490141], ret:         64 } hitcount:          1
{ common_pid: mc-worker       [    490139], ret:         42 } hitcount:          1
{ common_pid: mc-worker       [    490143], ret:         33 } hitcount:          1
{ common_pid: mc-worker       [    490145], ret:         26 } hitcount:          1
{ common_pid: mc-worker       [    490138], ret:        464 } hitcount:          1
{ common_pid: mc-worker       [    490141], ret:         48 } hitcount:          1
{ common_pid: mc-worker       [    490144], ret:         80 } hitcount:          1
{ common_pid: mc-worker       [    490145], ret:         38 } hitcount:          1
{ common_pid: mc-worker       [    490145], ret:         47 } hitcount:          1
{ common_pid: mc-worker       [    490143], ret:         41 } hitcount:          1
{ common_pid: mc-worker       [    490143], ret:         38 } hitcount:          1
{ common_pid: mc-worker       [    490145], ret:         35 } hitcount:          1
{ common_pid: mc-worker       [    490140], ret:        500 } hitcount:          1
{ common_pid: mc-worker       [    490141], ret:         40 } hitcount:          1
{ common_pid: mc-worker       [    490139], ret:        480 } hitcount:          1
{ common_pid: mc-worker       [    490140], ret:         64 } hitcount:          1
{ common_pid: mc-worker       [    490144], ret:         81 } hitcount:          1
{ common_pid: mc-worker       [    490142], ret:         36 } hitcount:          1
{ common_pid: mc-worker       [    490141], ret:         36 } hitcount:          1
{ common_pid: mc-worker       [    490140], ret:         32 } hitcount:          1
{ common_pid: mc-worker       [    490142], ret:         69 } hitcount:          1
{ common_pid: mc-worker       [    490139], ret:         44 } hitcount:          1
{ common_pid: mc-worker       [    490140], ret:         52 } hitcount:          1
{ common_pid: mc-worker       [    490140], ret:         53 } hitcount:          1
{ common_pid: mc-worker       [    490143], ret:         43 } hitcount:          1
{ common_pid: mc-worker       [    490141], ret:        512 } hitcount:          1
{ common_pid: mc-worker       [    490144], ret:         34 } hitcount:          1
{ common_pid: mc-worker       [    490144], ret:         95 } hitcount:          1
{ common_pid: mc-worker       [    490138], ret:         34 } hitcount:          1
{ common_pid: mc-worker       [    490141], ret:         47 } hitcount:          1
{ common_pid: mc-worker       [    490143], ret:         45 } hitcount:          1
{ common_pid: mc-worker       [    490138], ret:         37 } hitcount:          1
{ common_pid: mc-worker       [    490140], ret:         43 } hitcount:          1
{ common_pid: mc-worker       [    490142], ret:        498 } hitcount:          1
{ common_pid: mc-worker       [    490140], ret:         44 } hitcount:          1
{ common_pid: mc-worker       [    490142], ret:         44 } hitcount:          1
{ common_pid: mc-worker       [    490143], ret:         91 } hitcount:          1
{ common_pid: mc-worker       [    490140], ret:         35 } hitcount:          1
{ common_pid: mc-worker       [    490141], ret:         29 } hitcount:          1
{ common_pid: mc-worker       [    490145], ret:         61 } hitcount:          1
{ common_pid: mc-worker       [    490139], ret:         34 } hitcount:          1
{ common_pid: mc-worker       [    490145], ret:         41 } hitcount:          1
{ common_pid: mc-worker       [    490138], ret:         41 } hitcount:          1
{ common_pid: mc-worker       [    490140], ret:         68 } hitcount:          1
{ common_pid: mc-worker       [    490142], ret:         50 } hitcount:          1
{ common_pid: mc-worker       [    490141], ret:         60 } hitcount:          1
{ common_pid: mc-worker       [    490141], ret:         35 } hitcount:          1
{ common_pid: mc-worker       [    490140], ret:         30 } hitcount:          1
{ common_pid: mc-worker       [    490138], ret:        104 } hitcount:          1
{ common_pid: mc-worker       [    490142], ret:         62 } hitcount:          1
{ common_pid: mc-worker       [    490144], ret:         27 } hitcount:          1
{ common_pid: mc-worker       [    490140], ret:         36 } hitcount:          1
{ common_pid: mc-worker       [    490143], ret:         37 } hitcount:          1
{ common_pid: mc-worker       [    490142], ret:         45 } hitcount:          1
{ common_pid: mc-worker       [    490140], ret:         33 } hitcount:          1
{ common_pid: mc-worker       [    490145], ret:         43 } hitcount:          1
{ common_pid: mc-worker       [    490145], ret:         29 } hitcount:          1
{ common_pid: mc-worker       [    490145], ret:         74 } hitcount:          1
{ common_pid: mc-worker       [    490141], ret:         57 } hitcount:          1
{ common_pid: mc-worker       [    490139], ret:         49 } hitcount:          1
{ common_pid: mc-worker       [    490138], ret:         44 } hitcount:          1
{ common_pid: mc-worker       [    490144], ret:         66 } hitcount:          1
{ common_pid: mc-worker       [    490143], ret:         61 } hitcount:          1
{ common_pid: mc-worker       [    490139], ret:         47 } hitcount:          1
{ common_pid: mc-worker       [    490142], ret:         42 } hitcount:          1
{ common_pid: mc-worker       [    490138], ret:         39 } hitcount:          1
{ common_pid: mc-worker       [    490143], ret:        507 } hitcount:          1
{ common_pid: mc-worker       [    490143], ret:         40 } hitcount:          1
{ common_pid: mc-worker       [    490138], ret:         45 } hitcount:          1
{ common_pid: mc-worker       [    490143], ret:         50 } hitcount:          1
{ common_pid: mc-worker       [    490145], ret:        452 } hitcount:          1
{ common_pid: mc-worker       [    490139], ret:         33 } hitcount:          1
{ common_pid: mc-worker       [    490138], ret:         42 } hitcount:          1
{ common_pid: mc-worker       [    490142], ret:         71 } hitcount:          1
{ common_pid: mc-worker       [    490144], ret:         40 } hitcount:          1
{ common_pid: mc-worker       [    490144], ret:         32 } hitcount:          2
{ common_pid: mc-worker       [    490144], ret:         39 } hitcount:          2
{ common_pid: mc-worker       [    490144], ret:         42 } hitcount:          2
{ common_pid: mc-worker       [    490143], ret:         31 } hitcount:          2
{ common_pid: mc-worker       [    490139], ret:         30 } hitcount:          2
{ common_pid: mc-worker       [    490143], ret:         34 } hitcount:          2
{ common_pid: mc-worker       [    490142], ret:         43 } hitcount:          2
{ common_pid: mc-worker       [    490145], ret:         27 } hitcount:          2
{ common_pid: mc-worker       [    490142], ret:         30 } hitcount:          2
{ common_pid: mc-worker       [    490144], ret:         44 } hitcount:          2
{ common_pid: mc-worker       [    490144], ret:         38 } hitcount:          2
{ common_pid: mc-worker       [    490139], ret:         37 } hitcount:          2
{ common_pid: mc-worker       [    490142], ret:         46 } hitcount:          2
{ common_pid: mc-worker       [    490144], ret:         50 } hitcount:          2
{ common_pid: mc-worker       [    490142], ret:         48 } hitcount:          2
{ common_pid: mc-worker       [    490144], ret:         46 } hitcount:          2
{ common_pid: mc-worker       [    490141], ret:         31 } hitcount:          2
{ common_pid: mc-worker       [    490141], ret:         30 } hitcount:          2
{ common_pid: mc-worker       [    490145], ret:         33 } hitcount:          2
{ common_pid: mc-worker       [    490142], ret:         27 } hitcount:          2
{ common_pid: mc-worker       [    490141], ret:         38 } hitcount:          2
{ common_pid: mc-worker       [    490144], ret:         25 } hitcount:          2
{ common_pid: mc-worker       [    490139], ret:         45 } hitcount:          2
{ common_pid: mc-worker       [    490141], ret:         24 } hitcount:          2
{ common_pid: mc-worker       [    490140], ret:         37 } hitcount:          2
{ common_pid: mc-worker       [    490141], ret:         28 } hitcount:          2
{ common_pid: mc-worker       [    490143], ret:         27 } hitcount:          2
{ common_pid: mc-worker       [    490140], ret:         26 } hitcount:          2
{ common_pid: mc-worker       [    490139], ret:         36 } hitcount:          2
{ common_pid: mc-worker       [    490141], ret:         37 } hitcount:          2
{ common_pid: mc-worker       [    490139], ret:         32 } hitcount:          2
{ common_pid: mc-worker       [    490142], ret:         40 } hitcount:          2
{ common_pid: mc-worker       [    490139], ret:         25 } hitcount:          2
{ common_pid: mc-worker       [    490138], ret:         47 } hitcount:          2
{ common_pid: mc-worker       [    490142], ret:         32 } hitcount:          3
{ common_pid: mc-worker       [    490141], ret:         39 } hitcount:          3
{ common_pid: mc-worker       [    490142], ret:         28 } hitcount:          3
{ common_pid: mc-worker       [    490138], ret:         24 } hitcount:          3
{ common_pid: mc-worker       [    490145], ret:         31 } hitcount:          3
{ common_pid: mc-worker       [    490143], ret:         28 } hitcount:          3
{ common_pid: mc-worker       [    490141], ret:         27 } hitcount:          3
{ common_pid: mc-worker       [    490138], ret:         33 } hitcount:          3
{ common_pid: mc-worker       [    490140], ret:         39 } hitcount:          3
{ common_pid: mc-worker       [    490140], ret:         40 } hitcount:          3
{ common_pid: mc-worker       [    490140], ret:         25 } hitcount:          3
{ common_pid: mc-worker       [    490144], ret:         36 } hitcount:          3
{ common_pid: mc-worker       [    490138], ret:         20 } hitcount:          3
{ common_pid: mc-worker       [    490145], ret:         28 } hitcount:          3
{ common_pid: mc-worker       [    490140], ret:         34 } hitcount:          3
{ common_pid: mc-worker       [    490143], ret:         30 } hitcount:          3
{ common_pid: mc-worker       [    490144], ret:         31 } hitcount:          3
{ common_pid: mc-worker       [    490144], ret:         33 } hitcount:          3
{ common_pid: mc-worker       [    490143], ret:         29 } hitcount:          3
{ common_pid: mc-worker       [    490142], ret:         29 } hitcount:          3
{ common_pid: mc-worker       [    490142], ret:         26 } hitcount:          3
{ common_pid: mc-worker       [    490144], ret:         35 } hitcount:          3
{ common_pid: mc-worker       [    490138], ret:         38 } hitcount:          3
{ common_pid: mc-worker       [    490142], ret:         39 } hitcount:          3
{ common_pid: mc-worker       [    490138], ret:         29 } hitcount:          3
{ common_pid: mc-worker       [    490142], ret:         33 } hitcount:          4
{ common_pid: mc-worker       [    490144], ret:         28 } hitcount:          4
{ common_pid: mc-worker       [    490139], ret:         26 } hitcount:          4
{ common_pid: mc-worker       [    490143], ret:         26 } hitcount:          4
{ common_pid: mc-worker       [    490141], ret:         32 } hitcount:          4
{ common_pid: mc-worker       [    490138], ret:         32 } hitcount:          4
{ common_pid: mc-worker       [    490142], ret:         21 } hitcount:          4
{ common_pid: mc-worker       [    490141], ret:         33 } hitcount:          4
{ common_pid: mc-worker       [    490139], ret:         28 } hitcount:          4
{ common_pid: mc-worker       [    490138], ret:         25 } hitcount:          4
{ common_pid: mc-worker       [    490139], ret:         29 } hitcount:          4
{ common_pid: mc-worker       [    490139], ret:         27 } hitcount:          4
{ common_pid: mc-worker       [    490138], ret:         27 } hitcount:          4
{ common_pid: mc-worker       [    490143], ret:         35 } hitcount:          4
{ common_pid: mc-worker       [    490143], ret:         32 } hitcount:          4
{ common_pid: mc-worker       [    490144], ret:         30 } hitcount:          4
{ common_pid: mc-worker       [    490143], ret:         23 } hitcount:          5
{ common_pid: mc-worker       [    490142], ret:         35 } hitcount:          5
{ common_pid: mc-worker       [    490145], ret:         34 } hitcount:          5
{ common_pid: mc-worker       [    490141], ret:         26 } hitcount:          5
{ common_pid: mc-worker       [    490144], ret:         26 } hitcount:          5
{ common_pid: mc-worker       [    490139], ret:         20 } hitcount:          5
{ common_pid: mc-worker       [    490145], ret:         19 } hitcount:          5
{ common_pid: mc-worker       [    490140], ret:         18 } hitcount:          5
{ common_pid: mc-worker       [    490144], ret:         23 } hitcount:          5
{ common_pid: mc-worker       [    490145], ret:         32 } hitcount:          5
{ common_pid: mc-worker       [    490143], ret:         24 } hitcount:          5
{ common_pid: mc-worker       [    490140], ret:         27 } hitcount:          5
{ common_pid: mc-worker       [    490138], ret:         28 } hitcount:          5
{ common_pid: mc-worker       [    490142], ret:         25 } hitcount:          5
{ common_pid: mc-worker       [    490143], ret:         25 } hitcount:          6
{ common_pid: mc-worker       [    490145], ret:         25 } hitcount:          6
{ common_pid: mc-worker       [    490145], ret:         24 } hitcount:          6
{ common_pid: mc-worker       [    490139], ret:         23 } hitcount:          6
{ common_pid: mc-worker       [    490141], ret:         25 } hitcount:          6
{ common_pid: mc-worker       [    490138], ret:         19 } hitcount:          6
{ common_pid: mc-worker       [    490140], ret:         29 } hitcount:          6
{ common_pid: mc-worker       [    490144], ret:         29 } hitcount:          6
{ common_pid: mc-worker       [    490142], ret:         22 } hitcount:          6
{ common_pid: mc-worker       [    490140], ret:         28 } hitcount:          6
{ common_pid: mc-worker       [    490138], ret:         26 } hitcount:          6
{ common_pid: mc-worker       [    490143], ret:         20 } hitcount:          7
{ common_pid: mc-worker       [    490139], ret:         24 } hitcount:          7
{ common_pid: mc-worker       [    490145], ret:         23 } hitcount:          7
{ common_pid: mc-worker       [    490144], ret:         20 } hitcount:          7
{ common_pid: mc-worker       [    490142], ret:         23 } hitcount:          7
{ common_pid: mc-worker       [    490138], ret:         18 } hitcount:          8
{ common_pid: mc-worker       [    490145], ret:         21 } hitcount:          8
{ common_pid: mc-worker       [    490143], ret:         21 } hitcount:          8
{ common_pid: mc-worker       [    490143], ret:         22 } hitcount:          8
{ common_pid: mc-worker       [    490139], ret:         22 } hitcount:          8
{ common_pid: mc-worker       [    490144], ret:         24 } hitcount:          8
{ common_pid: mc-worker       [    490141], ret:         19 } hitcount:          8
{ common_pid: mc-worker       [    490140], ret:         23 } hitcount:          8
{ common_pid: mc-worker       [    490141], ret:         23 } hitcount:          8
{ common_pid: mc-worker       [    490140], ret:         24 } hitcount:          8
{ common_pid: mc-worker       [    490138], ret:         21 } hitcount:          9
{ common_pid: mc-worker       [    490141], ret:         16 } hitcount:          9
{ common_pid: mc-worker       [    490139], ret:         21 } hitcount:          9
{ common_pid: mc-worker       [    490145], ret:         18 } hitcount:          9
{ common_pid: mc-worker       [    490142], ret:         18 } hitcount:          9
{ common_pid: mc-worker       [    490139], ret:         15 } hitcount:          9
{ common_pid: mc-worker       [    490139], ret:         16 } hitcount:          9
{ common_pid: mc-worker       [    490138], ret:         23 } hitcount:          9
{ common_pid: mc-worker       [    490140], ret:         22 } hitcount:          9
{ common_pid: mc-worker       [    490138], ret:         22 } hitcount:          9
{ common_pid: mc-worker       [    490141], ret:         22 } hitcount:         10
{ common_pid: mc-worker       [    490141], ret:         21 } hitcount:         10
{ common_pid: mc-worker       [    490140], ret:         21 } hitcount:         10
{ common_pid: mc-worker       [    490144], ret:         17 } hitcount:         10
{ common_pid: mc-worker       [    490144], ret:         22 } hitcount:         10
{ common_pid: mc-worker       [    490145], ret:         20 } hitcount:         10
{ common_pid: mc-worker       [    490140], ret:         20 } hitcount:         10
{ common_pid: mc-worker       [    490144], ret:         21 } hitcount:         11
{ common_pid: mc-worker       [    490142], ret:         24 } hitcount:         11
{ common_pid: mc-worker       [    490142], ret:         20 } hitcount:         11
{ common_pid: mc-worker       [    490142], ret:         19 } hitcount:         11
{ common_pid: mc-worker       [    490141], ret:         20 } hitcount:         11
{ common_pid: mc-worker       [    490141], ret:         17 } hitcount:         11
{ common_pid: mc-worker       [    490140], ret:         19 } hitcount:         12
{ common_pid: mc-worker       [    490145], ret:         17 } hitcount:         12
{ common_pid: mc-worker       [    490139], ret:         17 } hitcount:         12
{ common_pid: mc-worker       [    490143], ret:         19 } hitcount:         12
{ common_pid: mc-worker       [    490145], ret:         22 } hitcount:         12
{ common_pid: mc-worker       [    490139], ret:         19 } hitcount:         13
{ common_pid: mc-worker       [    490144], ret:         18 } hitcount:         14
{ common_pid: mc-worker       [    490141], ret:         18 } hitcount:         14
{ common_pid: mc-worker       [    490144], ret:         19 } hitcount:         14
{ common_pid: mc-worker       [    490145], ret:         15 } hitcount:         15
{ common_pid: mc-worker       [    490144], ret:         15 } hitcount:         16
{ common_pid: mc-worker       [    490145], ret:         16 } hitcount:         16
{ common_pid: mc-worker       [    490142], ret:         17 } hitcount:         17
{ common_pid: mc-worker       [    490140], ret:         15 } hitcount:         17
{ common_pid: mc-worker       [    490141], ret:         15 } hitcount:         17
{ common_pid: mc-worker       [    490142], ret:         15 } hitcount:         17
{ common_pid: mc-worker       [    490144], ret:         14 } hitcount:         18
{ common_pid: mc-worker       [    490143], ret:         18 } hitcount:         18
{ common_pid: mc-worker       [    490138], ret:         17 } hitcount:         18
{ common_pid: mc-worker       [    490142], ret:         16 } hitcount:         18
{ common_pid: mc-worker       [    490143], ret:         15 } hitcount:         19
{ common_pid: mc-worker       [    490140], ret:         17 } hitcount:         19
{ common_pid: mc-worker       [    490143], ret:         16 } hitcount:         20
{ common_pid: mc-worker       [    490140], ret:         16 } hitcount:         20
{ common_pid: mc-worker       [    490138], ret:         16 } hitcount:         20
{ common_pid: mc-worker       [    490140], ret:         14 } hitcount:         21
{ common_pid: mc-worker       [    490144], ret:         16 } hitcount:         21
{ common_pid: mc-worker       [    490138], ret:         15 } hitcount:         21
{ common_pid: mc-worker       [    490143], ret:         17 } hitcount:         22
{ common_pid: mc-worker       [    490142], ret:         14 } hitcount:         23
{ common_pid: mc-worker       [    490139], ret:         18 } hitcount:         25
{ common_pid: mc-worker       [    490145], ret:         14 } hitcount:         25
{ common_pid: mc-worker       [    490139], ret:         13 } hitcount:         25
{ common_pid: mc-worker       [    490145], ret:         13 } hitcount:         26
{ common_pid: mc-worker       [    490140], ret:         13 } hitcount:         27
{ common_pid: mc-worker       [    490139], ret:         14 } hitcount:         29
{ common_pid: mc-worker       [    490138], ret:         14 } hitcount:         31
{ common_pid: mc-worker       [    490142], ret:         13 } hitcount:         31
{ common_pid: mc-worker       [    490144], ret:         13 } hitcount:         32
{ common_pid: mc-worker       [    490141], ret:         14 } hitcount:         34
{ common_pid: mc-worker       [    490143], ret:         14 } hitcount:         37
{ common_pid: mc-worker       [    490143], ret:         13 } hitcount:         40
{ common_pid: mc-worker       [    490139], ret:         12 } hitcount:         43
{ common_pid: mc-worker       [    490145], ret:         12 } hitcount:         45
{ common_pid: mc-worker       [    490138], ret:         13 } hitcount:         46
{ common_pid: mc-worker       [    490141], ret:         13 } hitcount:         50
{ common_pid: mc-worker       [    490140], ret:         12 } hitcount:         50
{ common_pid: mc-worker       [    490144], ret:         12 } hitcount:         52
{ common_pid: mc-worker       [    490143], ret:         12 } hitcount:         62
{ common_pid: mc-worker       [    490142], ret:         12 } hitcount:         64
{ common_pid: mc-worker       [    490138], ret:         12 } hitcount:         79
{ common_pid: mc-worker       [    490141], ret:         12 } hitcount:         85
{ common_pid: mc-worker       [    490144], ret:         11 } hitcount:         87
{ common_pid: mc-worker       [    490139], ret:         11 } hitcount:         92
{ common_pid: mc-worker       [    490142], ret:         11 } hitcount:        100
{ common_pid: mc-worker       [    490145], ret:         11 } hitcount:        112
{ common_pid: mc-worker       [    490143], ret:         11 } hitcount:        118
{ common_pid: mc-worker       [    490140], ret:         11 } hitcount:        121
{ common_pid: mc-worker       [    490141], ret:         11 } hitcount:        155
{ common_pid: mc-worker       [    490138], ret:         11 } hitcount:        169
{ common_pid: mc-worker       [    490139], ret:         10 } hitcount:        212
{ common_pid: mc-worker       [    490145], ret:         10 } hitcount:        236
{ common_pid: mc-worker       [    490144], ret:         10 } hitcount:        241
{ common_pid: mc-worker       [    490142], ret:         10 } hitcount:        253
{ common_pid: mc-worker       [    490143], ret:         10 } hitcount:        272
{ common_pid: mc-worker       [    490140], ret:         10 } hitcount:        301
{ common_pid: mc-worker       [    490138], ret:         10 } hitcount:        397
{ common_pid: mc-worker       [    490141], ret:         10 } hitcount:        407
{ common_pid: mc-worker       [    490139], ret:          9 } hitcount:        598
{ common_pid: mc-worker       [    490144], ret:          9 } hitcount:        613
{ common_pid: mc-worker       [    490145], ret:          9 } hitcount:        650
{ common_pid: mc-worker       [    490142], ret:          9 } hitcount:        689
{ common_pid: mc-worker       [    490143], ret:          9 } hitcount:        729
{ common_pid: mc-worker       [    490140], ret:          9 } hitcount:        839
{ common_pid: mc-worker       [    490141], ret:          9 } hitcount:       1043
{ common_pid: mc-worker       [    490138], ret:          9 } hitcount:       1076
{ common_pid: mc-worker       [    490144], ret:          8 } hitcount:       1451
{ common_pid: mc-worker       [    490139], ret:          8 } hitcount:       1501
{ common_pid: mc-worker       [    490145], ret:          8 } hitcount:       1692
{ common_pid: mc-worker       [    490143], ret:          8 } hitcount:       1776
{ common_pid: mc-worker       [    490142], ret:          8 } hitcount:       1843
{ common_pid: mc-worker       [    490140], ret:          8 } hitcount:       2067
{ common_pid: mc-worker       [    490138], ret:          8 } hitcount:       2477
{ common_pid: mc-worker       [    490141], ret:          8 } hitcount:       2516
{ common_pid: mc-worker       [    490139], ret:          7 } hitcount:       3757
{ common_pid: mc-worker       [    490144], ret:          7 } hitcount:       4000
{ common_pid: mc-worker       [    490145], ret:          7 } hitcount:       4056
{ common_pid: mc-worker       [    490142], ret:          7 } hitcount:       4176
{ common_pid: mc-worker       [    490143], ret:          7 } hitcount:       4505
{ common_pid: mc-worker       [    490140], ret:          7 } hitcount:       5051
{ common_pid: mc-worker       [    490138], ret:          7 } hitcount:       5766
{ common_pid: mc-worker       [    490141], ret:          7 } hitcount:       6011
{ common_pid: mc-worker       [    490139], ret:          6 } hitcount:       9584
{ common_pid: mc-worker       [    490144], ret:          6 } hitcount:       9971
{ common_pid: mc-worker       [    490145], ret:          6 } hitcount:      10395
{ common_pid: mc-worker       [    490142], ret:          6 } hitcount:      10864
{ common_pid: mc-worker       [    490143], ret:          6 } hitcount:      11012
{ common_pid: mc-worker       [    490140], ret:          6 } hitcount:      12282
{ common_pid: mc-worker       [    490138], ret:          6 } hitcount:      13757
{ common_pid: mc-worker       [    490141], ret:          6 } hitcount:      14236
{ common_pid: mc-worker       [    490139], ret:          5 } hitcount:      26577
{ common_pid: mc-worker       [    490144], ret:          5 } hitcount:      27715
{ common_pid: mc-worker       [    490145], ret:          5 } hitcount:      28546
{ common_pid: mc-worker       [    490142], ret:          5 } hitcount:      28844
{ common_pid: mc-worker       [    490143], ret:          5 } hitcount:      29332
{ common_pid: mc-worker       [    490140], ret:          5 } hitcount:      31338
{ common_pid: mc-worker       [    490138], ret:          5 } hitcount:      34734
{ common_pid: mc-worker       [    490141], ret:          5 } hitcount:      35314
{ common_pid: mc-worker       [    490139], ret:          4 } hitcount:      76158
{ common_pid: mc-worker       [    490144], ret:          4 } hitcount:      77827
{ common_pid: mc-worker       [    490145], ret:          4 } hitcount:      79759
{ common_pid: mc-worker       [    490142], ret:          4 } hitcount:      80351
{ common_pid: mc-worker       [    490143], ret:          4 } hitcount:      80960
{ common_pid: mc-worker       [    490140], ret:          4 } hitcount:      84373
{ common_pid: mc-worker       [    490138], ret:          4 } hitcount:      90871
{ common_pid: mc-worker       [    490141], ret:          4 } hitcount:      92225
{ common_pid: mc-worker       [    490139], ret:          3 } hitcount:     188815
{ common_pid: mc-worker       [    490144], ret:          3 } hitcount:     192918
{ common_pid: mc-worker       [    490142], ret:          3 } hitcount:     193738
{ common_pid: mc-worker       [    490145], ret:          3 } hitcount:     194133
{ common_pid: mc-worker       [    490143], ret:          3 } hitcount:     195556
{ common_pid: mc-worker       [    490140], ret:          3 } hitcount:     197356
{ common_pid: mc-worker       [    490138], ret:          3 } hitcount:     207225
{ common_pid: mc-worker       [    490141], ret:          3 } hitcount:     209546
{ common_pid: mc-worker       [    490139], ret:          2 } hitcount:     331990
{ common_pid: mc-worker       [    490140], ret:          2 } hitcount:     332693
{ common_pid: mc-worker       [    490142], ret:          2 } hitcount:     334731
{ common_pid: mc-worker       [    490143], ret:          2 } hitcount:     335140
{ common_pid: mc-worker       [    490145], ret:          2 } hitcount:     338069
{ common_pid: mc-worker       [    490144], ret:          2 } hitcount:     338284
{ common_pid: mc-worker       [    490141], ret:          2 } hitcount:     338730
{ common_pid: mc-worker       [    490138], ret:          2 } hitcount:     339168
{ common_pid: mc-worker       [    490141], ret:          1 } hitcount:     354422
{ common_pid: mc-worker       [    490138], ret:          1 } hitcount:     359132
{ common_pid: mc-worker       [    490140], ret:          1 } hitcount:     361944
{ common_pid: mc-worker       [    490142], ret:          1 } hitcount:     372216
{ common_pid: mc-worker       [    490143], ret:          1 } hitcount:     372403
{ common_pid: mc-worker       [    490145], ret:          1 } hitcount:     377824
{ common_pid: mc-worker       [    490139], ret:          1 } hitcount:     378963
{ common_pid: mc-worker       [    490144], ret:          1 } hitcount:     380618
