{ common_pid: mc-worker       [     58144], ret:         18 } hitcount:          1
{ common_pid: mc-worker       [     58142], ret:        512 } hitcount:          1
{ common_pid: mc-worker       [     58144], ret:        213 } hitcount:          1
{ common_pid: mc-worker       [     58140], ret:         18 } hitcount:          1
{ common_pid: mc-worker       [     58143], ret:        512 } hitcount:          1
{ common_pid: mc-worker       [     58146], ret:         19 } hitcount:          1
{ common_pid: mc-worker       [     58141], ret:         19 } hitcount:          1
{ common_pid: mc-worker       [     58142], ret:         19 } hitcount:          1
{ common_pid: mc-worker       [     58146], ret:         43 } hitcount:          1
{ common_pid: mc-worker       [     58139], ret:        174 } hitcount:          1
{ common_pid: mc-worker       [     58142], ret:         20 } hitcount:          1
{ common_pid: mc-worker       [     58144], ret:        298 } hitcount:          1
{ common_pid: mc-worker       [     58145], ret:         22 } hitcount:          1
{ common_pid: mc-worker       [     58141], ret:        512 } hitcount:          1
{ common_pid: mc-worker       [     58143], ret:         35 } hitcount:          1
{ common_pid: mc-worker       [     58143], ret:         20 } hitcount:          1
{ common_pid: mc-worker       [     58142], ret:         29 } hitcount:          1
{ common_pid: mc-worker       [     58139], ret:        368 } hitcount:          1
{ common_pid: mc-worker       [     58140], ret:        506 } hitcount:          1
{ common_pid: mc-worker       [     58146], ret:        512 } hitcount:          1
{ common_pid: mc-worker       [     58145], ret:        512 } hitcount:          1
{ common_pid: mc-worker       [     58145], ret:         19 } hitcount:          1
{ common_pid: mc-worker       [     58142], ret:         18 } hitcount:          2
{ common_pid: mc-worker       [     58141], ret:         18 } hitcount:          3
{ common_pid: mc-worker       [     58145], ret:         18 } hitcount:          3
{ common_pid: mc-worker       [     58144], ret:         17 } hitcount:          3
{ common_pid: mc-worker       [     58141], ret:         17 } hitcount:          3
{ common_pid: mc-worker       [     58140], ret:         17 } hitcount:          4
{ common_pid: mc-worker       [     58139], ret:         17 } hitcount:          4
{ common_pid: mc-worker       [     58145], ret:         17 } hitcount:          6
{ common_pid: mc-worker       [     58139], ret:         18 } hitcount:          7
{ common_pid: mc-worker       [     58142], ret:         17 } hitcount:          7
{ common_pid: mc-worker       [     58144], ret:         16 } hitcount:          7
{ common_pid: mc-worker       [     58146], ret:         18 } hitcount:          8
{ common_pid: mc-worker       [     58143], ret:         18 } hitcount:          9
{ common_pid: mc-worker       [     58146], ret:         17 } hitcount:         12
{ common_pid: mc-worker       [     58143], ret:         17 } hitcount:         16
{ common_pid: mc-worker       [     58141], ret:         16 } hitcount:         17
{ common_pid: mc-worker       [     58145], ret:         16 } hitcount:         18
{ common_pid: mc-worker       [     58139], ret:         16 } hitcount:         19
{ common_pid: mc-worker       [     58140], ret:         16 } hitcount:         20
{ common_pid: mc-worker       [     58143], ret:         16 } hitcount:         25
{ common_pid: mc-worker       [     58144], ret:         15 } hitcount:         25
{ common_pid: mc-worker       [     58142], ret:         16 } hitcount:         27
{ common_pid: mc-worker       [     58146], ret:         16 } hitcount:         31
{ common_pid: mc-worker       [     58140], ret:         15 } hitcount:         37
{ common_pid: mc-worker       [     58139], ret:         15 } hitcount:         42
{ common_pid: mc-worker       [     58145], ret:         15 } hitcount:         44
{ common_pid: mc-worker       [     58141], ret:         15 } hitcount:         46
{ common_pid: mc-worker       [     58144], ret:         14 } hitcount:         48
{ common_pid: mc-worker       [     58142], ret:         15 } hitcount:         64
{ common_pid: mc-worker       [     58146], ret:         15 } hitcount:         79
{ common_pid: mc-worker       [     58143], ret:         15 } hitcount:         86
{ common_pid: mc-worker       [     58141], ret:         14 } hitcount:         97
{ common_pid: mc-worker       [     58140], ret:         14 } hitcount:        107
{ common_pid: mc-worker       [     58139], ret:         14 } hitcount:        107
{ common_pid: mc-worker       [     58145], ret:         14 } hitcount:        116
{ common_pid: mc-worker       [     58144], ret:         13 } hitcount:        123
{ common_pid: mc-worker       [     58146], ret:         14 } hitcount:        140
{ common_pid: mc-worker       [     58142], ret:         14 } hitcount:        143
{ common_pid: mc-worker       [     58143], ret:         14 } hitcount:        194
{ common_pid: mc-worker       [     58140], ret:         13 } hitcount:        264
{ common_pid: mc-worker       [     58145], ret:         13 } hitcount:        282
{ common_pid: mc-worker       [     58139], ret:         13 } hitcount:        284
{ common_pid: mc-worker       [     58141], ret:         13 } hitcount:        288
{ common_pid: mc-worker       [     58144], ret:         12 } hitcount:        312
{ common_pid: mc-worker       [     58146], ret:         13 } hitcount:        323
{ common_pid: mc-worker       [     58142], ret:         13 } hitcount:        354
{ common_pid: mc-worker       [     58143], ret:         13 } hitcount:        408
{ common_pid: mc-worker       [     58139], ret:         12 } hitcount:        546
{ common_pid: mc-worker       [     58145], ret:         12 } hitcount:        599
{ common_pid: mc-worker       [     58140], ret:         12 } hitcount:        605
{ common_pid: mc-worker       [     58141], ret:         12 } hitcount:        633
{ common_pid: mc-worker       [     58144], ret:         11 } hitcount:        668
{ common_pid: mc-worker       [     58146], ret:         12 } hitcount:        726
{ common_pid: mc-worker       [     58142], ret:         12 } hitcount:        779
{ common_pid: mc-worker       [     58143], ret:         12 } hitcount:        874
{ common_pid: mc-worker       [     58139], ret:         11 } hitcount:       1228
{ common_pid: mc-worker       [     58140], ret:         11 } hitcount:       1231
{ common_pid: mc-worker       [     58145], ret:         11 } hitcount:       1293
{ common_pid: mc-worker       [     58141], ret:         11 } hitcount:       1382
{ common_pid: mc-worker       [     58144], ret:         10 } hitcount:       1385
{ common_pid: mc-worker       [     58146], ret:         11 } hitcount:       1490
{ common_pid: mc-worker       [     58142], ret:         11 } hitcount:       1643
{ common_pid: mc-worker       [     58143], ret:         11 } hitcount:       1774
{ common_pid: mc-worker       [     58139], ret:         10 } hitcount:       2378
{ common_pid: mc-worker       [     58145], ret:         10 } hitcount:       2500
{ common_pid: mc-worker       [     58140], ret:         10 } hitcount:       2545
{ common_pid: mc-worker       [     58144], ret:          9 } hitcount:       2705
{ common_pid: mc-worker       [     58141], ret:         10 } hitcount:       2774
{ common_pid: mc-worker       [     58146], ret:         10 } hitcount:       2924
{ common_pid: mc-worker       [     58142], ret:         10 } hitcount:       3225
{ common_pid: mc-worker       [     58143], ret:         10 } hitcount:       3355
{ common_pid: mc-worker       [     58139], ret:          9 } hitcount:       4262
{ common_pid: mc-worker       [     58145], ret:          9 } hitcount:       4545
{ common_pid: mc-worker       [     58140], ret:          9 } hitcount:       4798
{ common_pid: mc-worker       [     58144], ret:          8 } hitcount:       4854
{ common_pid: mc-worker       [     58141], ret:          9 } hitcount:       5081
{ common_pid: mc-worker       [     58146], ret:          9 } hitcount:       5358
{ common_pid: mc-worker       [     58142], ret:          9 } hitcount:       5700
{ common_pid: mc-worker       [     58143], ret:          9 } hitcount:       5785
{ common_pid: mc-worker       [     58139], ret:          8 } hitcount:       7228
{ common_pid: mc-worker       [     58145], ret:          8 } hitcount:       8012
{ common_pid: mc-worker       [     58140], ret:          8 } hitcount:       8219
{ common_pid: mc-worker       [     58144], ret:          7 } hitcount:       8383
{ common_pid: mc-worker       [     58141], ret:          8 } hitcount:       8389
{ common_pid: mc-worker       [     58146], ret:          8 } hitcount:       8704
{ common_pid: mc-worker       [     58143], ret:          8 } hitcount:       9343
{ common_pid: mc-worker       [     58142], ret:          8 } hitcount:       9616
{ common_pid: mc-worker       [     58139], ret:          7 } hitcount:      11305
{ common_pid: mc-worker       [     58145], ret:          7 } hitcount:      12311
{ common_pid: mc-worker       [     58140], ret:          7 } hitcount:      12532
{ common_pid: mc-worker       [     58144], ret:          6 } hitcount:      12996
{ common_pid: mc-worker       [     58146], ret:          7 } hitcount:      13070
{ common_pid: mc-worker       [     58141], ret:          7 } hitcount:      13242
{ common_pid: mc-worker       [     58143], ret:          7 } hitcount:      13594
{ common_pid: mc-worker       [     58142], ret:          1 } hitcount:      14287
{ common_pid: mc-worker       [     58142], ret:          7 } hitcount:      14411
{ common_pid: mc-worker       [     58139], ret:          6 } hitcount:      16060
{ common_pid: mc-worker       [     58141], ret:          1 } hitcount:      16966
{ common_pid: mc-worker       [     58145], ret:          6 } hitcount:      16986
{ common_pid: mc-worker       [     58140], ret:          6 } hitcount:      17483
{ common_pid: mc-worker       [     58146], ret:          6 } hitcount:      17847
{ common_pid: mc-worker       [     58143], ret:          6 } hitcount:      18067
{ common_pid: mc-worker       [     58141], ret:          6 } hitcount:      18116
{ common_pid: mc-worker       [     58142], ret:          6 } hitcount:      19078
{ common_pid: mc-worker       [     58144], ret:          5 } hitcount:      19877
{ common_pid: mc-worker       [     58139], ret:          5 } hitcount:      20983
{ common_pid: mc-worker       [     58142], ret:          2 } hitcount:      21295
{ common_pid: mc-worker       [     58143], ret:          1 } hitcount:      21368
{ common_pid: mc-worker       [     58146], ret:          1 } hitcount:      21633
{ common_pid: mc-worker       [     58140], ret:          1 } hitcount:      21681
{ common_pid: mc-worker       [     58145], ret:          5 } hitcount:      21904
{ common_pid: mc-worker       [     58140], ret:          5 } hitcount:      22222
{ common_pid: mc-worker       [     58143], ret:          5 } hitcount:      22248
{ common_pid: mc-worker       [     58146], ret:          5 } hitcount:      22272
{ common_pid: mc-worker       [     58141], ret:          5 } hitcount:      22643
{ common_pid: mc-worker       [     58142], ret:          5 } hitcount:      22700
{ common_pid: mc-worker       [     58145], ret:          1 } hitcount:      23239
{ common_pid: mc-worker       [     58142], ret:          3 } hitcount:      24444
{ common_pid: mc-worker       [     58141], ret:          2 } hitcount:      24623
{ common_pid: mc-worker       [     58142], ret:          4 } hitcount:      24703
{ common_pid: mc-worker       [     58141], ret:          4 } hitcount:      25600
{ common_pid: mc-worker       [     58143], ret:          4 } hitcount:      26127
{ common_pid: mc-worker       [     58140], ret:          4 } hitcount:      26130
{ common_pid: mc-worker       [     58146], ret:          4 } hitcount:      26644
{ common_pid: mc-worker       [     58141], ret:          3 } hitcount:      26912
{ common_pid: mc-worker       [     58145], ret:          4 } hitcount:      27257
{ common_pid: mc-worker       [     58139], ret:          4 } hitcount:      27559
{ common_pid: mc-worker       [     58143], ret:          3 } hitcount:      28699
{ common_pid: mc-worker       [     58140], ret:          3 } hitcount:      28972
{ common_pid: mc-worker       [     58140], ret:          2 } hitcount:      28984
{ common_pid: mc-worker       [     58143], ret:          2 } hitcount:      29064
{ common_pid: mc-worker       [     58146], ret:          2 } hitcount:      30087
{ common_pid: mc-worker       [     58146], ret:          3 } hitcount:      30092
{ common_pid: mc-worker       [     58144], ret:          4 } hitcount:      30643
{ common_pid: mc-worker       [     58145], ret:          3 } hitcount:      31563
{ common_pid: mc-worker       [     58145], ret:          2 } hitcount:      32494
{ common_pid: mc-worker       [     58139], ret:          3 } hitcount:      33947
{ common_pid: mc-worker       [     58139], ret:          1 } hitcount:      34088
{ common_pid: mc-worker       [     58139], ret:          2 } hitcount:      38301
{ common_pid: mc-worker       [     58144], ret:          3 } hitcount:      42267
{ common_pid: mc-worker       [     58144], ret:          1 } hitcount:      47828
{ common_pid: mc-worker       [     58144], ret:          2 } hitcount:      51804
