{ common_pid: mc-worker       [    152280], ret:         39 } hitcount:          1
{ common_pid: mc-worker       [    152280], ret:         90 } hitcount:          1
{ common_pid: mc-worker       [    152273], ret:         90 } hitcount:          1
{ common_pid: mc-worker       [    152277], ret:         32 } hitcount:          1
{ common_pid: mc-worker       [    152278], ret:        109 } hitcount:          1
{ common_pid: mc-worker       [    152276], ret:        112 } hitcount:          1
{ common_pid: mc-worker       [    152273], ret:        121 } hitcount:          1
{ common_pid: mc-worker       [    152275], ret:         60 } hitcount:          1
{ common_pid: mc-worker       [    152273], ret:         88 } hitcount:          1
{ common_pid: mc-worker       [    152278], ret:         51 } hitcount:          1
{ common_pid: mc-worker       [    152279], ret:         98 } hitcount:          1
{ common_pid: mc-worker       [    152278], ret:         59 } hitcount:          1
{ common_pid: mc-worker       [    152274], ret:        121 } hitcount:          1
{ common_pid: mc-worker       [    152273], ret:         78 } hitcount:          1
{ common_pid: mc-worker       [    152273], ret:         27 } hitcount:          1
{ common_pid: mc-worker       [    152280], ret:         84 } hitcount:          1
{ common_pid: mc-worker       [    152277], ret:         27 } hitcount:          1
{ common_pid: mc-worker       [    152276], ret:         56 } hitcount:          1
{ common_pid: mc-worker       [    152273], ret:         39 } hitcount:          1
{ common_pid: mc-worker       [    152273], ret:         70 } hitcount:          1
{ common_pid: mc-worker       [    152280], ret:        117 } hitcount:          1
{ common_pid: mc-worker       [    152276], ret:         45 } hitcount:          1
{ common_pid: mc-worker       [    152276], ret:         22 } hitcount:          1
{ common_pid: mc-worker       [    152273], ret:        104 } hitcount:          1
{ common_pid: mc-worker       [    152279], ret:         29 } hitcount:          1
{ common_pid: mc-worker       [    152273], ret:         49 } hitcount:          1
{ common_pid: mc-worker       [    152274], ret:         88 } hitcount:          1
{ common_pid: mc-worker       [    152280], ret:         97 } hitcount:          1
{ common_pid: mc-worker       [    152276], ret:         21 } hitcount:          1
{ common_pid: mc-worker       [    152280], ret:         76 } hitcount:          1
{ common_pid: mc-worker       [    152280], ret:        124 } hitcount:          1
{ common_pid: mc-worker       [    152273], ret:         99 } hitcount:          1
{ common_pid: mc-worker       [    152274], ret:        127 } hitcount:          1
{ common_pid: mc-worker       [    152280], ret:         95 } hitcount:          1
{ common_pid: mc-worker       [    152276], ret:         20 } hitcount:          1
{ common_pid: mc-worker       [    152276], ret:         27 } hitcount:          1
{ common_pid: mc-worker       [    152278], ret:         32 } hitcount:          1
{ common_pid: mc-worker       [    152276], ret:        103 } hitcount:          1
{ common_pid: mc-worker       [    152276], ret:        101 } hitcount:          1
{ common_pid: mc-worker       [    152274], ret:        115 } hitcount:          1
{ common_pid: mc-worker       [    152274], ret:         19 } hitcount:          1
{ common_pid: mc-worker       [    152273], ret:         77 } hitcount:          1
{ common_pid: mc-worker       [    152278], ret:         46 } hitcount:          1
{ common_pid: mc-worker       [    152279], ret:         41 } hitcount:          1
{ common_pid: mc-worker       [    152278], ret:         49 } hitcount:          1
{ common_pid: mc-worker       [    152279], ret:         52 } hitcount:          1
{ common_pid: mc-worker       [    152273], ret:         41 } hitcount:          1
{ common_pid: mc-worker       [    152276], ret:         18 } hitcount:          1
{ common_pid: mc-worker       [    152277], ret:         51 } hitcount:          1
{ common_pid: mc-worker       [    152275], ret:         62 } hitcount:          1
{ common_pid: mc-worker       [    152277], ret:         83 } hitcount:          1
{ common_pid: mc-worker       [    152273], ret:         44 } hitcount:          1
{ common_pid: mc-worker       [    152277], ret:        100 } hitcount:          1
{ common_pid: mc-worker       [    152273], ret:         80 } hitcount:          1
{ common_pid: mc-worker       [    152276], ret:         79 } hitcount:          1
{ common_pid: mc-worker       [    152273], ret:        107 } hitcount:          1
{ common_pid: mc-worker       [    152276], ret:         26 } hitcount:          1
{ common_pid: mc-worker       [    152277], ret:         48 } hitcount:          1
{ common_pid: mc-worker       [    152273], ret:        124 } hitcount:          1
{ common_pid: mc-worker       [    152273], ret:         24 } hitcount:          1
{ common_pid: mc-worker       [    152278], ret:         37 } hitcount:          1
{ common_pid: mc-worker       [    152279], ret:        115 } hitcount:          1
{ common_pid: mc-worker       [    152280], ret:         83 } hitcount:          1
{ common_pid: mc-worker       [    152277], ret:         77 } hitcount:          1
{ common_pid: mc-worker       [    152274], ret:        100 } hitcount:          1
{ common_pid: mc-worker       [    152280], ret:        112 } hitcount:          1
{ common_pid: mc-worker       [    152273], ret:         84 } hitcount:          1
{ common_pid: mc-worker       [    152280], ret:         25 } hitcount:          1
{ common_pid: mc-worker       [    152279], ret:        110 } hitcount:          1
{ common_pid: mc-worker       [    152274], ret:         23 } hitcount:          1
{ common_pid: mc-worker       [    152279], ret:         57 } hitcount:          1
{ common_pid: mc-worker       [    152275], ret:         75 } hitcount:          1
{ common_pid: mc-worker       [    152274], ret:        122 } hitcount:          1
{ common_pid: mc-worker       [    152277], ret:         37 } hitcount:          1
{ common_pid: mc-worker       [    152276], ret:         58 } hitcount:          1
{ common_pid: mc-worker       [    152280], ret:         80 } hitcount:          1
{ common_pid: mc-worker       [    152273], ret:         82 } hitcount:          1
{ common_pid: mc-worker       [    152275], ret:         21 } hitcount:          1
{ common_pid: mc-worker       [    152273], ret:         52 } hitcount:          1
{ common_pid: mc-worker       [    152278], ret:        126 } hitcount:          1
{ common_pid: mc-worker       [    152273], ret:        116 } hitcount:          1
{ common_pid: mc-worker       [    152276], ret:         51 } hitcount:          1
{ common_pid: mc-worker       [    152278], ret:         42 } hitcount:          1
{ common_pid: mc-worker       [    152275], ret:         55 } hitcount:          1
{ common_pid: mc-worker       [    152277], ret:         26 } hitcount:          1
{ common_pid: mc-worker       [    152280], ret:        102 } hitcount:          1
{ common_pid: mc-worker       [    152278], ret:        128 } hitcount:          1
{ common_pid: mc-worker       [    152273], ret:         33 } hitcount:          1
{ common_pid: mc-worker       [    152274], ret:        120 } hitcount:          1
{ common_pid: mc-worker       [    152276], ret:         37 } hitcount:          1
{ common_pid: mc-worker       [    152274], ret:        105 } hitcount:          1
{ common_pid: mc-worker       [    152280], ret:         49 } hitcount:          1
{ common_pid: mc-worker       [    152277], ret:         21 } hitcount:          1
{ common_pid: mc-worker       [    152273], ret:         48 } hitcount:          1
{ common_pid: mc-worker       [    152273], ret:         76 } hitcount:          1
{ common_pid: mc-worker       [    152276], ret:         68 } hitcount:          1
{ common_pid: mc-worker       [    152274], ret:        116 } hitcount:          1
{ common_pid: mc-worker       [    152276], ret:         48 } hitcount:          1
{ common_pid: mc-worker       [    152273], ret:         85 } hitcount:          1
{ common_pid: mc-worker       [    152276], ret:         47 } hitcount:          1
{ common_pid: mc-worker       [    152278], ret:         31 } hitcount:          1
{ common_pid: mc-worker       [    152275], ret:         50 } hitcount:          1
{ common_pid: mc-worker       [    152277], ret:        102 } hitcount:          1
{ common_pid: mc-worker       [    152275], ret:         27 } hitcount:          1
{ common_pid: mc-worker       [    152279], ret:         58 } hitcount:          1
{ common_pid: mc-worker       [    152279], ret:         64 } hitcount:          1
{ common_pid: mc-worker       [    152275], ret:         97 } hitcount:          1
{ common_pid: mc-worker       [    152275], ret:         54 } hitcount:          1
{ common_pid: mc-worker       [    152277], ret:        107 } hitcount:          1
{ common_pid: mc-worker       [    152274], ret:         73 } hitcount:          1
{ common_pid: mc-worker       [    152273], ret:        110 } hitcount:          1
{ common_pid: mc-worker       [    152279], ret:         28 } hitcount:          1
{ common_pid: mc-worker       [    152278], ret:         81 } hitcount:          1
{ common_pid: mc-worker       [    152279], ret:        109 } hitcount:          1
{ common_pid: mc-worker       [    152273], ret:         95 } hitcount:          1
{ common_pid: mc-worker       [    152277], ret:        106 } hitcount:          1
{ common_pid: mc-worker       [    152274], ret:         39 } hitcount:          1
{ common_pid: mc-worker       [    152276], ret:         65 } hitcount:          1
{ common_pid: mc-worker       [    152275], ret:        121 } hitcount:          1
{ common_pid: mc-worker       [    152277], ret:        122 } hitcount:          1
{ common_pid: mc-worker       [    152277], ret:         35 } hitcount:          1
{ common_pid: mc-worker       [    152277], ret:        113 } hitcount:          1
{ common_pid: mc-worker       [    152280], ret:        127 } hitcount:          1
{ common_pid: mc-worker       [    152276], ret:        124 } hitcount:          1
{ common_pid: mc-worker       [    152276], ret:         55 } hitcount:          1
{ common_pid: mc-worker       [    152278], ret:         65 } hitcount:          1
{ common_pid: mc-worker       [    152280], ret:         37 } hitcount:          1
{ common_pid: mc-worker       [    152280], ret:        116 } hitcount:          1
{ common_pid: mc-worker       [    152278], ret:        107 } hitcount:          1
{ common_pid: mc-worker       [    152276], ret:         46 } hitcount:          1
{ common_pid: mc-worker       [    152273], ret:         74 } hitcount:          1
{ common_pid: mc-worker       [    152280], ret:         74 } hitcount:          1
{ common_pid: mc-worker       [    152275], ret:         20 } hitcount:          1
{ common_pid: mc-worker       [    152279], ret:         56 } hitcount:          1
{ common_pid: mc-worker       [    152279], ret:         38 } hitcount:          1
{ common_pid: mc-worker       [    152277], ret:        124 } hitcount:          1
{ common_pid: mc-worker       [    152277], ret:         92 } hitcount:          1
{ common_pid: mc-worker       [    152277], ret:         74 } hitcount:          1
{ common_pid: mc-worker       [    152280], ret:        120 } hitcount:          1
{ common_pid: mc-worker       [    152279], ret:        127 } hitcount:          1
{ common_pid: mc-worker       [    152278], ret:        103 } hitcount:          1
{ common_pid: mc-worker       [    152279], ret:        114 } hitcount:          1
{ common_pid: mc-worker       [    152276], ret:         50 } hitcount:          1
{ common_pid: mc-worker       [    152273], ret:         42 } hitcount:          1
{ common_pid: mc-worker       [    152277], ret:         44 } hitcount:          1
{ common_pid: mc-worker       [    152274], ret:         90 } hitcount:          1
{ common_pid: mc-worker       [    152273], ret:        117 } hitcount:          1
{ common_pid: mc-worker       [    152279], ret:        118 } hitcount:          1
{ common_pid: mc-worker       [    152274], ret:        123 } hitcount:          1
{ common_pid: mc-worker       [    152278], ret:         26 } hitcount:          1
{ common_pid: mc-worker       [    152273], ret:        101 } hitcount:          1
{ common_pid: mc-worker       [    152280], ret:        106 } hitcount:          1
{ common_pid: mc-worker       [    152278], ret:         50 } hitcount:          1
{ common_pid: mc-worker       [    152274], ret:         51 } hitcount:          1
{ common_pid: mc-worker       [    152279], ret:        103 } hitcount:          1
{ common_pid: mc-worker       [    152278], ret:         53 } hitcount:          1
{ common_pid: mc-worker       [    152277], ret:         80 } hitcount:          1
{ common_pid: mc-worker       [    152275], ret:         58 } hitcount:          1
{ common_pid: mc-worker       [    152277], ret:         30 } hitcount:          1
{ common_pid: mc-worker       [    152279], ret:         31 } hitcount:          1
{ common_pid: mc-worker       [    152274], ret:         89 } hitcount:          1
{ common_pid: mc-worker       [    152274], ret:         29 } hitcount:          1
{ common_pid: mc-worker       [    152273], ret:        100 } hitcount:          1
{ common_pid: mc-worker       [    152278], ret:        108 } hitcount:          1
{ common_pid: mc-worker       [    152274], ret:         34 } hitcount:          1
{ common_pid: mc-worker       [    152276], ret:         90 } hitcount:          1
{ common_pid: mc-worker       [    152276], ret:         32 } hitcount:          1
{ common_pid: mc-worker       [    152274], ret:         30 } hitcount:          1
{ common_pid: mc-worker       [    152279], ret:         24 } hitcount:          1
{ common_pid: mc-worker       [    152274], ret:         33 } hitcount:          1
{ common_pid: mc-worker       [    152278], ret:         34 } hitcount:          1
{ common_pid: mc-worker       [    152276], ret:         52 } hitcount:          1
{ common_pid: mc-worker       [    152276], ret:         54 } hitcount:          1
{ common_pid: mc-worker       [    152277], ret:         84 } hitcount:          1
{ common_pid: mc-worker       [    152278], ret:        113 } hitcount:          1
{ common_pid: mc-worker       [    152273], ret:         81 } hitcount:          1
{ common_pid: mc-worker       [    152279], ret:         33 } hitcount:          1
{ common_pid: mc-worker       [    152278], ret:         55 } hitcount:          1
{ common_pid: mc-worker       [    152277], ret:         82 } hitcount:          1
{ common_pid: mc-worker       [    152280], ret:        114 } hitcount:          1
{ common_pid: mc-worker       [    152275], ret:        107 } hitcount:          1
{ common_pid: mc-worker       [    152276], ret:        117 } hitcount:          1
{ common_pid: mc-worker       [    152276], ret:         31 } hitcount:          1
{ common_pid: mc-worker       [    152275], ret:        123 } hitcount:          1
{ common_pid: mc-worker       [    152274], ret:         28 } hitcount:          1
{ common_pid: mc-worker       [    152276], ret:         49 } hitcount:          1
{ common_pid: mc-worker       [    152276], ret:         53 } hitcount:          1
{ common_pid: mc-worker       [    152274], ret:        126 } hitcount:          1
{ common_pid: mc-worker       [    152280], ret:        119 } hitcount:          1
{ common_pid: mc-worker       [    152273], ret:        105 } hitcount:          1
{ common_pid: mc-worker       [    152278], ret:         40 } hitcount:          1
{ common_pid: mc-worker       [    152278], ret:         25 } hitcount:          1
{ common_pid: mc-worker       [    152273], ret:         71 } hitcount:          1
{ common_pid: mc-worker       [    152279], ret:         53 } hitcount:          1
{ common_pid: mc-worker       [    152276], ret:        125 } hitcount:          1
{ common_pid: mc-worker       [    152276], ret:         70 } hitcount:          1
{ common_pid: mc-worker       [    152276], ret:         36 } hitcount:          2
{ common_pid: mc-worker       [    152273], ret:         73 } hitcount:          2
{ common_pid: mc-worker       [    152274], ret:         69 } hitcount:          2
{ common_pid: mc-worker       [    152279], ret:         44 } hitcount:          2
{ common_pid: mc-worker       [    152273], ret:         34 } hitcount:          2
{ common_pid: mc-worker       [    152276], ret:        128 } hitcount:          2
{ common_pid: mc-worker       [    152280], ret:        109 } hitcount:          2
{ common_pid: mc-worker       [    152273], ret:         30 } hitcount:          2
{ common_pid: mc-worker       [    152273], ret:         55 } hitcount:          2
{ common_pid: mc-worker       [    152278], ret:         29 } hitcount:          2
{ common_pid: mc-worker       [    152277], ret:         29 } hitcount:          2
{ common_pid: mc-worker       [    152275], ret:         51 } hitcount:          2
{ common_pid: mc-worker       [    152280], ret:        121 } hitcount:          2
{ common_pid: mc-worker       [    152274], ret:         86 } hitcount:          2
{ common_pid: mc-worker       [    152274], ret:         17 } hitcount:          2
{ common_pid: mc-worker       [    152273], ret:         68 } hitcount:          2
{ common_pid: mc-worker       [    152280], ret:         33 } hitcount:          2
{ common_pid: mc-worker       [    152273], ret:         45 } hitcount:          2
{ common_pid: mc-worker       [    152278], ret:         27 } hitcount:          2
{ common_pid: mc-worker       [    152279], ret:         26 } hitcount:          2
{ common_pid: mc-worker       [    152277], ret:         76 } hitcount:          2
{ common_pid: mc-worker       [    152277], ret:         89 } hitcount:          2
{ common_pid: mc-worker       [    152274], ret:         65 } hitcount:          2
{ common_pid: mc-worker       [    152273], ret:         25 } hitcount:          2
{ common_pid: mc-worker       [    152280], ret:         79 } hitcount:          2
{ common_pid: mc-worker       [    152277], ret:         79 } hitcount:          2
{ common_pid: mc-worker       [    152273], ret:         79 } hitcount:          2
{ common_pid: mc-worker       [    152280], ret:         34 } hitcount:          2
{ common_pid: mc-worker       [    152274], ret:         45 } hitcount:          2
{ common_pid: mc-worker       [    152275], ret:         15 } hitcount:          2
{ common_pid: mc-worker       [    152273], ret:         37 } hitcount:          2
{ common_pid: mc-worker       [    152277], ret:        127 } hitcount:          2
{ common_pid: mc-worker       [    152277], ret:         55 } hitcount:          2
{ common_pid: mc-worker       [    152277], ret:         70 } hitcount:          2
{ common_pid: mc-worker       [    152277], ret:        121 } hitcount:          2
{ common_pid: mc-worker       [    152275], ret:         18 } hitcount:          2
{ common_pid: mc-worker       [    152277], ret:         25 } hitcount:          2
{ common_pid: mc-worker       [    152277], ret:         20 } hitcount:          2
{ common_pid: mc-worker       [    152277], ret:        112 } hitcount:          2
{ common_pid: mc-worker       [    152280], ret:        101 } hitcount:          2
{ common_pid: mc-worker       [    152274], ret:         18 } hitcount:          2
{ common_pid: mc-worker       [    152274], ret:         72 } hitcount:          2
{ common_pid: mc-worker       [    152280], ret:         43 } hitcount:          2
{ common_pid: mc-worker       [    152280], ret:         44 } hitcount:          2
{ common_pid: mc-worker       [    152280], ret:         46 } hitcount:          2
{ common_pid: mc-worker       [    152278], ret:         28 } hitcount:          2
{ common_pid: mc-worker       [    152277], ret:         85 } hitcount:          2
{ common_pid: mc-worker       [    152273], ret:        127 } hitcount:          2
{ common_pid: mc-worker       [    152280], ret:         36 } hitcount:          2
{ common_pid: mc-worker       [    152277], ret:        105 } hitcount:          2
{ common_pid: mc-worker       [    152279], ret:        128 } hitcount:          2
{ common_pid: mc-worker       [    152276], ret:         60 } hitcount:          2
{ common_pid: mc-worker       [    152279], ret:         25 } hitcount:          2
{ common_pid: mc-worker       [    152277], ret:         87 } hitcount:          2
{ common_pid: mc-worker       [    152279], ret:         51 } hitcount:          2
{ common_pid: mc-worker       [    152275], ret:        128 } hitcount:          2
{ common_pid: mc-worker       [    152277], ret:         40 } hitcount:          2
{ common_pid: mc-worker       [    152274], ret:         16 } hitcount:          2
{ common_pid: mc-worker       [    152276], ret:         61 } hitcount:          2
{ common_pid: mc-worker       [    152274], ret:        110 } hitcount:          2
{ common_pid: mc-worker       [    152277], ret:         71 } hitcount:          2
{ common_pid: mc-worker       [    152273], ret:         92 } hitcount:          2
{ common_pid: mc-worker       [    152280], ret:         77 } hitcount:          2
{ common_pid: mc-worker       [    152277], ret:         49 } hitcount:          2
{ common_pid: mc-worker       [    152280], ret:         29 } hitcount:          2
{ common_pid: mc-worker       [    152273], ret:         29 } hitcount:          2
{ common_pid: mc-worker       [    152275], ret:         63 } hitcount:          2
{ common_pid: mc-worker       [    152275], ret:         53 } hitcount:          3
{ common_pid: mc-worker       [    152273], ret:         50 } hitcount:          3
{ common_pid: mc-worker       [    152276], ret:         64 } hitcount:          3
{ common_pid: mc-worker       [    152280], ret:         52 } hitcount:          3
{ common_pid: mc-worker       [    152274], ret:         50 } hitcount:          3
{ common_pid: mc-worker       [    152276], ret:         19 } hitcount:          3
{ common_pid: mc-worker       [    152277], ret:         81 } hitcount:          3
{ common_pid: mc-worker       [    152277], ret:         72 } hitcount:          3
{ common_pid: mc-worker       [    152273], ret:         20 } hitcount:          3
{ common_pid: mc-worker       [    152273], ret:         69 } hitcount:          3
{ common_pid: mc-worker       [    152277], ret:         52 } hitcount:          3
{ common_pid: mc-worker       [    152279], ret:         23 } hitcount:          3
{ common_pid: mc-worker       [    152273], ret:         54 } hitcount:          3
{ common_pid: mc-worker       [    152273], ret:         35 } hitcount:          3
{ common_pid: mc-worker       [    152280], ret:         22 } hitcount:          3
{ common_pid: mc-worker       [    152273], ret:         23 } hitcount:          3
{ common_pid: mc-worker       [    152280], ret:         81 } hitcount:          3
{ common_pid: mc-worker       [    152273], ret:         26 } hitcount:          3
{ common_pid: mc-worker       [    152277], ret:         18 } hitcount:          3
{ common_pid: mc-worker       [    152280], ret:         27 } hitcount:          3
{ common_pid: mc-worker       [    152276], ret:         25 } hitcount:          3
{ common_pid: mc-worker       [    152279], ret:         61 } hitcount:          3
{ common_pid: mc-worker       [    152277], ret:         73 } hitcount:          3
{ common_pid: mc-worker       [    152274], ret:         26 } hitcount:          3
{ common_pid: mc-worker       [    152280], ret:         87 } hitcount:          3
{ common_pid: mc-worker       [    152277], ret:         28 } hitcount:          3
{ common_pid: mc-worker       [    152277], ret:         19 } hitcount:          4
{ common_pid: mc-worker       [    152280], ret:         35 } hitcount:          4
{ common_pid: mc-worker       [    152274], ret:         54 } hitcount:          4
{ common_pid: mc-worker       [    152280], ret:         78 } hitcount:          4
{ common_pid: mc-worker       [    152275], ret:         16 } hitcount:          4
{ common_pid: mc-worker       [    152279], ret:         59 } hitcount:          4
{ common_pid: mc-worker       [    152280], ret:         38 } hitcount:          4
{ common_pid: mc-worker       [    152280], ret:         42 } hitcount:          4
{ common_pid: mc-worker       [    152280], ret:         31 } hitcount:          4
{ common_pid: mc-worker       [    152280], ret:         73 } hitcount:          4
{ common_pid: mc-worker       [    152277], ret:         46 } hitcount:          4
{ common_pid: mc-worker       [    152280], ret:         51 } hitcount:          4
{ common_pid: mc-worker       [    152274], ret:         57 } hitcount:          4
{ common_pid: mc-worker       [    152273], ret:         75 } hitcount:          4
{ common_pid: mc-worker       [    152280], ret:         32 } hitcount:          4
{ common_pid: mc-worker       [    152278], ret:         24 } hitcount:          4
{ common_pid: mc-worker       [    152273], ret:         22 } hitcount:          5
{ common_pid: mc-worker       [    152274], ret:         56 } hitcount:          5
{ common_pid: mc-worker       [    152280], ret:         24 } hitcount:          5
{ common_pid: mc-worker       [    152273], ret:         53 } hitcount:          5
{ common_pid: mc-worker       [    152280], ret:         26 } hitcount:          5
{ common_pid: mc-worker       [    152280], ret:         30 } hitcount:          5
{ common_pid: mc-worker       [    152280], ret:         19 } hitcount:          5
{ common_pid: mc-worker       [    152279], ret:         22 } hitcount:          5
{ common_pid: mc-worker       [    152280], ret:         75 } hitcount:          5
{ common_pid: mc-worker       [    152280], ret:         72 } hitcount:          5
{ common_pid: mc-worker       [    152280], ret:         47 } hitcount:          5
{ common_pid: mc-worker       [    152274], ret:         15 } hitcount:          5
{ common_pid: mc-worker       [    152280], ret:         50 } hitcount:          5
{ common_pid: mc-worker       [    152280], ret:         54 } hitcount:          5
{ common_pid: mc-worker       [    152280], ret:        128 } hitcount:          5
{ common_pid: mc-worker       [    152277], ret:         17 } hitcount:          5
{ common_pid: mc-worker       [    152280], ret:         21 } hitcount:          5
{ common_pid: mc-worker       [    152274], ret:         64 } hitcount:          5
{ common_pid: mc-worker       [    152273], ret:         56 } hitcount:          6
{ common_pid: mc-worker       [    152274], ret:         53 } hitcount:          6
{ common_pid: mc-worker       [    152277], ret:         75 } hitcount:          6
{ common_pid: mc-worker       [    152274], ret:         66 } hitcount:          6
{ common_pid: mc-worker       [    152280], ret:         18 } hitcount:          6
{ common_pid: mc-worker       [    152274], ret:         52 } hitcount:          6
{ common_pid: mc-worker       [    152280], ret:         23 } hitcount:          6
{ common_pid: mc-worker       [    152278], ret:         22 } hitcount:          6
{ common_pid: mc-worker       [    152279], ret:         63 } hitcount:          6
{ common_pid: mc-worker       [    152273], ret:         21 } hitcount:          6
{ common_pid: mc-worker       [    152273], ret:         17 } hitcount:          6
{ common_pid: mc-worker       [    152280], ret:         48 } hitcount:          6
{ common_pid: mc-worker       [    152278], ret:         23 } hitcount:          6
{ common_pid: mc-worker       [    152280], ret:         57 } hitcount:          7
{ common_pid: mc-worker       [    152273], ret:         19 } hitcount:          7
{ common_pid: mc-worker       [    152273], ret:         67 } hitcount:          7
{ common_pid: mc-worker       [    152274], ret:         59 } hitcount:          7
{ common_pid: mc-worker       [    152278], ret:         20 } hitcount:          7
{ common_pid: mc-worker       [    152280], ret:         70 } hitcount:          7
{ common_pid: mc-worker       [    152280], ret:         28 } hitcount:          7
{ common_pid: mc-worker       [    152278], ret:         21 } hitcount:          7
{ common_pid: mc-worker       [    152274], ret:         63 } hitcount:          7
{ common_pid: mc-worker       [    152274], ret:         55 } hitcount:          7
{ common_pid: mc-worker       [    152275], ret:         13 } hitcount:          8
{ common_pid: mc-worker       [    152280], ret:         53 } hitcount:          8
{ common_pid: mc-worker       [    152275], ret:         14 } hitcount:          8
{ common_pid: mc-worker       [    152277], ret:         54 } hitcount:          8
{ common_pid: mc-worker       [    152276], ret:         17 } hitcount:          8
{ common_pid: mc-worker       [    152273], ret:         57 } hitcount:          8
{ common_pid: mc-worker       [    152273], ret:         18 } hitcount:          8
{ common_pid: mc-worker       [    152277], ret:         56 } hitcount:          8
{ common_pid: mc-worker       [    152273], ret:         58 } hitcount:          9
{ common_pid: mc-worker       [    152277], ret:         16 } hitcount:          9
{ common_pid: mc-worker       [    152274], ret:         62 } hitcount:          9
{ common_pid: mc-worker       [    152277], ret:         14 } hitcount:          9
{ common_pid: mc-worker       [    152280], ret:         17 } hitcount:         10
{ common_pid: mc-worker       [    152280], ret:         55 } hitcount:         10
{ common_pid: mc-worker       [    152274], ret:         14 } hitcount:         10
{ common_pid: mc-worker       [    152277], ret:         69 } hitcount:         10
{ common_pid: mc-worker       [    152277], ret:         58 } hitcount:         10
{ common_pid: mc-worker       [    152277], ret:         57 } hitcount:         11
{ common_pid: mc-worker       [    152280], ret:         56 } hitcount:         12
{ common_pid: mc-worker       [    152277], ret:         59 } hitcount:         12
{ common_pid: mc-worker       [    152278], ret:         19 } hitcount:         12
{ common_pid: mc-worker       [    152274], ret:         60 } hitcount:         12
{ common_pid: mc-worker       [    152276], ret:         15 } hitcount:         13
{ common_pid: mc-worker       [    152280], ret:         71 } hitcount:         13
{ common_pid: mc-worker       [    152274], ret:         61 } hitcount:         14
{ common_pid: mc-worker       [    152279], ret:         21 } hitcount:         14
{ common_pid: mc-worker       [    152273], ret:         15 } hitcount:         14
{ common_pid: mc-worker       [    152277], ret:         15 } hitcount:         14
{ common_pid: mc-worker       [    152280], ret:         58 } hitcount:         14
{ common_pid: mc-worker       [    152274], ret:         58 } hitcount:         15
{ common_pid: mc-worker       [    152277], ret:         68 } hitcount:         15
{ common_pid: mc-worker       [    152280], ret:         20 } hitcount:         15
{ common_pid: mc-worker       [    152273], ret:         16 } hitcount:         16
{ common_pid: mc-worker       [    152276], ret:         16 } hitcount:         16
{ common_pid: mc-worker       [    152278], ret:         17 } hitcount:         16
{ common_pid: mc-worker       [    152280], ret:         15 } hitcount:         17
{ common_pid: mc-worker       [    152273], ret:         14 } hitcount:         17
{ common_pid: mc-worker       [    152280], ret:         69 } hitcount:         17
{ common_pid: mc-worker       [    152280], ret:         59 } hitcount:         18
{ common_pid: mc-worker       [    152273], ret:         59 } hitcount:         18
{ common_pid: mc-worker       [    152277], ret:         60 } hitcount:         18
{ common_pid: mc-worker       [    152280], ret:         16 } hitcount:         20
{ common_pid: mc-worker       [    152273], ret:         61 } hitcount:         21
{ common_pid: mc-worker       [    152277], ret:         13 } hitcount:         22
{ common_pid: mc-worker       [    152278], ret:         18 } hitcount:         22
{ common_pid: mc-worker       [    152277], ret:         67 } hitcount:         23
{ common_pid: mc-worker       [    152280], ret:         14 } hitcount:         23
{ common_pid: mc-worker       [    152273], ret:         13 } hitcount:         23
{ common_pid: mc-worker       [    152274], ret:         13 } hitcount:         24
{ common_pid: mc-worker       [    152273], ret:         66 } hitcount:         26
{ common_pid: mc-worker       [    152273], ret:         60 } hitcount:         27
{ common_pid: mc-worker       [    152280], ret:         68 } hitcount:         27
{ common_pid: mc-worker       [    152280], ret:         60 } hitcount:         28
{ common_pid: mc-worker       [    152273], ret:         65 } hitcount:         28
{ common_pid: mc-worker       [    152279], ret:         20 } hitcount:         29
{ common_pid: mc-worker       [    152279], ret:         19 } hitcount:         30
{ common_pid: mc-worker       [    152277], ret:         62 } hitcount:         32
{ common_pid: mc-worker       [    152273], ret:         62 } hitcount:         33
{ common_pid: mc-worker       [    152280], ret:         61 } hitcount:         34
{ common_pid: mc-worker       [    152278], ret:         16 } hitcount:         36
{ common_pid: mc-worker       [    152277], ret:         61 } hitcount:         37
{ common_pid: mc-worker       [    152276], ret:         14 } hitcount:         37
{ common_pid: mc-worker       [    152275], ret:         11 } hitcount:         40
{ common_pid: mc-worker       [    152280], ret:         13 } hitcount:         42
{ common_pid: mc-worker       [    152275], ret:         12 } hitcount:         43
{ common_pid: mc-worker       [    152273], ret:         64 } hitcount:         44
{ common_pid: mc-worker       [    152277], ret:         12 } hitcount:         46
{ common_pid: mc-worker       [    152274], ret:         12 } hitcount:         46
{ common_pid: mc-worker       [    152277], ret:         66 } hitcount:         48
{ common_pid: mc-worker       [    152273], ret:         12 } hitcount:         51
{ common_pid: mc-worker       [    152273], ret:         63 } hitcount:         51
{ common_pid: mc-worker       [    152280], ret:         67 } hitcount:         52
{ common_pid: mc-worker       [    152279], ret:         18 } hitcount:         52
{ common_pid: mc-worker       [    152277], ret:         65 } hitcount:         54
{ common_pid: mc-worker       [    152280], ret:         62 } hitcount:         55
{ common_pid: mc-worker       [    152278], ret:         15 } hitcount:         57
{ common_pid: mc-worker       [    152276], ret:         13 } hitcount:         59
{ common_pid: mc-worker       [    152277], ret:         64 } hitcount:         59
{ common_pid: mc-worker       [    152277], ret:         63 } hitcount:         63
{ common_pid: mc-worker       [    152279], ret:         17 } hitcount:         75
{ common_pid: mc-worker       [    152280], ret:         66 } hitcount:         78
{ common_pid: mc-worker       [    152280], ret:         63 } hitcount:         79
{ common_pid: mc-worker       [    152273], ret:         11 } hitcount:         90
{ common_pid: mc-worker       [    152278], ret:         14 } hitcount:         92
{ common_pid: mc-worker       [    152277], ret:         11 } hitcount:         93
{ common_pid: mc-worker       [    152280], ret:         65 } hitcount:         94
{ common_pid: mc-worker       [    152280], ret:         12 } hitcount:         97
{ common_pid: mc-worker       [    152278], ret:         13 } hitcount:        102
{ common_pid: mc-worker       [    152274], ret:         11 } hitcount:        105
{ common_pid: mc-worker       [    152275], ret:         10 } hitcount:        120
{ common_pid: mc-worker       [    152280], ret:         64 } hitcount:        130
{ common_pid: mc-worker       [    152276], ret:         12 } hitcount:        134
{ common_pid: mc-worker       [    152279], ret:         16 } hitcount:        137
{ common_pid: mc-worker       [    152280], ret:         11 } hitcount:        160
{ common_pid: mc-worker       [    152277], ret:         10 } hitcount:        175
{ common_pid: mc-worker       [    152279], ret:         15 } hitcount:        189
{ common_pid: mc-worker       [    152278], ret:         12 } hitcount:        197
{ common_pid: mc-worker       [    152276], ret:         11 } hitcount:        220
{ common_pid: mc-worker       [    152273], ret:         10 } hitcount:        222
{ common_pid: mc-worker       [    152274], ret:         10 } hitcount:        235
{ common_pid: mc-worker       [    152275], ret:          9 } hitcount:        240
{ common_pid: mc-worker       [    152279], ret:         14 } hitcount:        325
{ common_pid: mc-worker       [    152280], ret:         10 } hitcount:        343
{ common_pid: mc-worker       [    152277], ret:          9 } hitcount:        348
{ common_pid: mc-worker       [    152278], ret:         11 } hitcount:        365
{ common_pid: mc-worker       [    152274], ret:          9 } hitcount:        420
{ common_pid: mc-worker       [    152273], ret:          9 } hitcount:        426
{ common_pid: mc-worker       [    152279], ret:         13 } hitcount:        481
{ common_pid: mc-worker       [    152276], ret:         10 } hitcount:        530
{ common_pid: mc-worker       [    152280], ret:          9 } hitcount:        660
{ common_pid: mc-worker       [    152275], ret:          8 } hitcount:        673
{ common_pid: mc-worker       [    152278], ret:         10 } hitcount:        699
{ common_pid: mc-worker       [    152277], ret:          8 } hitcount:        866
{ common_pid: mc-worker       [    152279], ret:         12 } hitcount:        891
{ common_pid: mc-worker       [    152276], ret:          9 } hitcount:        929
{ common_pid: mc-worker       [    152273], ret:          8 } hitcount:       1015
{ common_pid: mc-worker       [    152274], ret:          8 } hitcount:       1031
{ common_pid: mc-worker       [    152279], ret:         11 } hitcount:       1343
{ common_pid: mc-worker       [    152278], ret:          9 } hitcount:       1371
{ common_pid: mc-worker       [    152280], ret:          8 } hitcount:       1546
{ common_pid: mc-worker       [    152275], ret:          7 } hitcount:       1667
{ common_pid: mc-worker       [    152276], ret:          8 } hitcount:       2013
{ common_pid: mc-worker       [    152277], ret:          7 } hitcount:       2151
{ common_pid: mc-worker       [    152279], ret:         10 } hitcount:       2248
{ common_pid: mc-worker       [    152274], ret:          7 } hitcount:       2453
{ common_pid: mc-worker       [    152273], ret:          7 } hitcount:       2462
{ common_pid: mc-worker       [    152278], ret:          8 } hitcount:       2663
{ common_pid: mc-worker       [    152280], ret:          7 } hitcount:       3286
{ common_pid: mc-worker       [    152279], ret:          9 } hitcount:       3974
{ common_pid: mc-worker       [    152276], ret:          7 } hitcount:       4426
{ common_pid: mc-worker       [    152275], ret:          6 } hitcount:       4695
{ common_pid: mc-worker       [    152278], ret:          7 } hitcount:       5633
{ common_pid: mc-worker       [    152277], ret:          6 } hitcount:       5697
{ common_pid: mc-worker       [    152273], ret:          6 } hitcount:       6181
{ common_pid: mc-worker       [    152274], ret:          6 } hitcount:       6234
{ common_pid: mc-worker       [    152279], ret:          8 } hitcount:       7131
{ common_pid: mc-worker       [    152280], ret:          6 } hitcount:       8178
{ common_pid: mc-worker       [    152276], ret:          6 } hitcount:       9967
{ common_pid: mc-worker       [    152278], ret:          6 } hitcount:      12358
{ common_pid: mc-worker       [    152279], ret:          7 } hitcount:      12689
{ common_pid: mc-worker       [    152275], ret:          5 } hitcount:      13888
{ common_pid: mc-worker       [    152277], ret:          5 } hitcount:      16048
{ common_pid: mc-worker       [    152274], ret:          5 } hitcount:      16638
{ common_pid: mc-worker       [    152273], ret:          5 } hitcount:      17318
{ common_pid: mc-worker       [    152280], ret:          5 } hitcount:      20810
{ common_pid: mc-worker       [    152279], ret:          6 } hitcount:      23691
{ common_pid: mc-worker       [    152276], ret:          5 } hitcount:      24161
{ common_pid: mc-worker       [    152278], ret:          5 } hitcount:      28799
{ common_pid: mc-worker       [    152275], ret:          4 } hitcount:      41181
{ common_pid: mc-worker       [    152274], ret:          4 } hitcount:      45614
{ common_pid: mc-worker       [    152277], ret:          4 } hitcount:      46169
{ common_pid: mc-worker       [    152279], ret:          5 } hitcount:      46708
{ common_pid: mc-worker       [    152273], ret:          4 } hitcount:      48436
{ common_pid: mc-worker       [    152280], ret:          4 } hitcount:      55672
{ common_pid: mc-worker       [    152276], ret:          4 } hitcount:      60057
{ common_pid: mc-worker       [    152278], ret:          4 } hitcount:      66923
{ common_pid: mc-worker       [    152279], ret:          4 } hitcount:      93653
{ common_pid: mc-worker       [    152275], ret:          3 } hitcount:     128038
{ common_pid: mc-worker       [    152274], ret:          3 } hitcount:     132363
{ common_pid: mc-worker       [    152277], ret:          3 } hitcount:     138833
{ common_pid: mc-worker       [    152273], ret:          3 } hitcount:     140141
{ common_pid: mc-worker       [    152280], ret:          3 } hitcount:     151223
{ common_pid: mc-worker       [    152276], ret:          3 } hitcount:     156247
{ common_pid: mc-worker       [    152278], ret:          3 } hitcount:     164355
{ common_pid: mc-worker       [    152279], ret:          3 } hitcount:     193617
{ common_pid: mc-worker       [    152274], ret:          2 } hitcount:     405104
{ common_pid: mc-worker       [    152275], ret:          2 } hitcount:     418723
{ common_pid: mc-worker       [    152279], ret:          2 } hitcount:     418763
{ common_pid: mc-worker       [    152278], ret:          2 } hitcount:     424951
{ common_pid: mc-worker       [    152273], ret:          2 } hitcount:     427836
{ common_pid: mc-worker       [    152276], ret:          2 } hitcount:     430718
{ common_pid: mc-worker       [    152277], ret:          2 } hitcount:     434608
{ common_pid: mc-worker       [    152280], ret:          2 } hitcount:     435596
{ common_pid: mc-worker       [    152279], ret:          1 } hitcount:     911790
{ common_pid: mc-worker       [    152278], ret:          1 } hitcount:    1110152
{ common_pid: mc-worker       [    152276], ret:          1 } hitcount:    1192503
{ common_pid: mc-worker       [    152280], ret:          1 } hitcount:    1244009
{ common_pid: mc-worker       [    152274], ret:          1 } hitcount:    1255978
{ common_pid: mc-worker       [    152273], ret:          1 } hitcount:    1277242
{ common_pid: mc-worker       [    152275], ret:          1 } hitcount:    1338465
{ common_pid: mc-worker       [    152277], ret:          1 } hitcount:    1347746
