{ common_pid: mc-worker       [    139846], ret:         67 } hitcount:          1
{ common_pid: mc-worker       [    139845], ret:        115 } hitcount:          1
{ common_pid: mc-worker       [    139850], ret:         68 } hitcount:          1
{ common_pid: mc-worker       [    139845], ret:         56 } hitcount:          1
{ common_pid: mc-worker       [    139845], ret:         41 } hitcount:          1
{ common_pid: mc-worker       [    139850], ret:         52 } hitcount:          1
{ common_pid: mc-worker       [    139852], ret:         56 } hitcount:          1
{ common_pid: mc-worker       [    139845], ret:        114 } hitcount:          1
{ common_pid: mc-worker       [    139852], ret:         53 } hitcount:          1
{ common_pid: mc-worker       [    139845], ret:         60 } hitcount:          1
{ common_pid: mc-worker       [    139848], ret:        106 } hitcount:          1
{ common_pid: mc-worker       [    139851], ret:         46 } hitcount:          1
{ common_pid: mc-worker       [    139849], ret:         72 } hitcount:          1
{ common_pid: mc-worker       [    139846], ret:         85 } hitcount:          1
{ common_pid: mc-worker       [    139845], ret:        112 } hitcount:          1
{ common_pid: mc-worker       [    139846], ret:         65 } hitcount:          1
{ common_pid: mc-worker       [    139846], ret:         52 } hitcount:          1
{ common_pid: mc-worker       [    139852], ret:         49 } hitcount:          1
{ common_pid: mc-worker       [    139852], ret:         62 } hitcount:          1
{ common_pid: mc-worker       [    139851], ret:         43 } hitcount:          1
{ common_pid: mc-worker       [    139848], ret:        119 } hitcount:          1
{ common_pid: mc-worker       [    139848], ret:         72 } hitcount:          1
{ common_pid: mc-worker       [    139852], ret:        110 } hitcount:          1
{ common_pid: mc-worker       [    139846], ret:         79 } hitcount:          1
{ common_pid: mc-worker       [    139848], ret:        121 } hitcount:          1
{ common_pid: mc-worker       [    139849], ret:         60 } hitcount:          1
{ common_pid: mc-worker       [    139846], ret:        118 } hitcount:          1
{ common_pid: mc-worker       [    139846], ret:         57 } hitcount:          1
{ common_pid: mc-worker       [    139846], ret:         90 } hitcount:          1
{ common_pid: mc-worker       [    139849], ret:        111 } hitcount:          1
{ common_pid: mc-worker       [    139851], ret:         94 } hitcount:          1
{ common_pid: mc-worker       [    139850], ret:         47 } hitcount:          1
{ common_pid: mc-worker       [    139852], ret:         45 } hitcount:          1
{ common_pid: mc-worker       [    139851], ret:        121 } hitcount:          1
{ common_pid: mc-worker       [    139851], ret:        128 } hitcount:          1
{ common_pid: mc-worker       [    139849], ret:         50 } hitcount:          1
{ common_pid: mc-worker       [    139848], ret:         87 } hitcount:          1
{ common_pid: mc-worker       [    139849], ret:        106 } hitcount:          1
{ common_pid: mc-worker       [    139847], ret:        111 } hitcount:          1
{ common_pid: mc-worker       [    139850], ret:         63 } hitcount:          1
{ common_pid: mc-worker       [    139850], ret:         64 } hitcount:          1
{ common_pid: mc-worker       [    139852], ret:         94 } hitcount:          1
{ common_pid: mc-worker       [    139846], ret:         56 } hitcount:          1
{ common_pid: mc-worker       [    139848], ret:         60 } hitcount:          1
{ common_pid: mc-worker       [    139846], ret:         45 } hitcount:          1
{ common_pid: mc-worker       [    139846], ret:        127 } hitcount:          1
{ common_pid: mc-worker       [    139850], ret:         94 } hitcount:          1
{ common_pid: mc-worker       [    139847], ret:         98 } hitcount:          1
{ common_pid: mc-worker       [    139849], ret:         91 } hitcount:          1
{ common_pid: mc-worker       [    139849], ret:         46 } hitcount:          1
{ common_pid: mc-worker       [    139852], ret:         54 } hitcount:          1
{ common_pid: mc-worker       [    139846], ret:         49 } hitcount:          1
{ common_pid: mc-worker       [    139845], ret:         62 } hitcount:          1
{ common_pid: mc-worker       [    139848], ret:        116 } hitcount:          1
{ common_pid: mc-worker       [    139847], ret:        120 } hitcount:          1
{ common_pid: mc-worker       [    139848], ret:        114 } hitcount:          1
{ common_pid: mc-worker       [    139850], ret:         49 } hitcount:          1
{ common_pid: mc-worker       [    139852], ret:        100 } hitcount:          1
{ common_pid: mc-worker       [    139851], ret:         48 } hitcount:          1
{ common_pid: mc-worker       [    139850], ret:        121 } hitcount:          1
{ common_pid: mc-worker       [    139851], ret:         49 } hitcount:          1
{ common_pid: mc-worker       [    139850], ret:         61 } hitcount:          1
{ common_pid: mc-worker       [    139849], ret:         64 } hitcount:          1
{ common_pid: mc-worker       [    139848], ret:        105 } hitcount:          1
{ common_pid: mc-worker       [    139850], ret:        116 } hitcount:          1
{ common_pid: mc-worker       [    139849], ret:        122 } hitcount:          1
{ common_pid: mc-worker       [    139847], ret:         51 } hitcount:          1
{ common_pid: mc-worker       [    139845], ret:         87 } hitcount:          1
{ common_pid: mc-worker       [    139850], ret:        128 } hitcount:          1
{ common_pid: mc-worker       [    139848], ret:         44 } hitcount:          1
{ common_pid: mc-worker       [    139850], ret:         48 } hitcount:          1
{ common_pid: mc-worker       [    139850], ret:         85 } hitcount:          1
{ common_pid: mc-worker       [    139847], ret:         48 } hitcount:          1
{ common_pid: mc-worker       [    139852], ret:        126 } hitcount:          1
{ common_pid: mc-worker       [    139848], ret:         50 } hitcount:          1
{ common_pid: mc-worker       [    139852], ret:        121 } hitcount:          1
{ common_pid: mc-worker       [    139846], ret:         66 } hitcount:          1
{ common_pid: mc-worker       [    139847], ret:         44 } hitcount:          1
{ common_pid: mc-worker       [    139848], ret:         81 } hitcount:          1
{ common_pid: mc-worker       [    139852], ret:         57 } hitcount:          1
{ common_pid: mc-worker       [    139847], ret:        126 } hitcount:          1
{ common_pid: mc-worker       [    139846], ret:         73 } hitcount:          1
{ common_pid: mc-worker       [    139851], ret:         50 } hitcount:          1
{ common_pid: mc-worker       [    139846], ret:         50 } hitcount:          1
{ common_pid: mc-worker       [    139847], ret:         57 } hitcount:          1
{ common_pid: mc-worker       [    139850], ret:         53 } hitcount:          1
{ common_pid: mc-worker       [    139845], ret:         59 } hitcount:          1
{ common_pid: mc-worker       [    139845], ret:         37 } hitcount:          1
{ common_pid: mc-worker       [    139849], ret:         96 } hitcount:          1
{ common_pid: mc-worker       [    139848], ret:         39 } hitcount:          1
{ common_pid: mc-worker       [    139846], ret:         80 } hitcount:          1
{ common_pid: mc-worker       [    139851], ret:        119 } hitcount:          1
{ common_pid: mc-worker       [    139849], ret:         49 } hitcount:          1
{ common_pid: mc-worker       [    139846], ret:         70 } hitcount:          1
{ common_pid: mc-worker       [    139849], ret:         78 } hitcount:          1
{ common_pid: mc-worker       [    139849], ret:         63 } hitcount:          1
{ common_pid: mc-worker       [    139849], ret:         47 } hitcount:          1
{ common_pid: mc-worker       [    139852], ret:        108 } hitcount:          1
{ common_pid: mc-worker       [    139845], ret:        125 } hitcount:          1
{ common_pid: mc-worker       [    139850], ret:         45 } hitcount:          1
{ common_pid: mc-worker       [    139852], ret:         52 } hitcount:          2
{ common_pid: mc-worker       [    139845], ret:         39 } hitcount:          2
{ common_pid: mc-worker       [    139848], ret:         45 } hitcount:          2
{ common_pid: mc-worker       [    139846], ret:         39 } hitcount:          2
{ common_pid: mc-worker       [    139852], ret:         35 } hitcount:          2
{ common_pid: mc-worker       [    139847], ret:         43 } hitcount:          2
{ common_pid: mc-worker       [    139847], ret:         34 } hitcount:          2
{ common_pid: mc-worker       [    139848], ret:         48 } hitcount:          2
{ common_pid: mc-worker       [    139851], ret:         35 } hitcount:          2
{ common_pid: mc-worker       [    139850], ret:         65 } hitcount:          2
{ common_pid: mc-worker       [    139848], ret:         41 } hitcount:          2
{ common_pid: mc-worker       [    139848], ret:         35 } hitcount:          2
{ common_pid: mc-worker       [    139846], ret:        115 } hitcount:          2
{ common_pid: mc-worker       [    139849], ret:         45 } hitcount:          2
{ common_pid: mc-worker       [    139845], ret:         44 } hitcount:          2
{ common_pid: mc-worker       [    139846], ret:         78 } hitcount:          2
{ common_pid: mc-worker       [    139851], ret:         30 } hitcount:          2
{ common_pid: mc-worker       [    139845], ret:         42 } hitcount:          2
{ common_pid: mc-worker       [    139848], ret:         57 } hitcount:          2
{ common_pid: mc-worker       [    139849], ret:        110 } hitcount:          2
{ common_pid: mc-worker       [    139847], ret:         37 } hitcount:          2
{ common_pid: mc-worker       [    139847], ret:         42 } hitcount:          2
{ common_pid: mc-worker       [    139849], ret:         36 } hitcount:          2
{ common_pid: mc-worker       [    139845], ret:         46 } hitcount:          2
{ common_pid: mc-worker       [    139848], ret:         28 } hitcount:          2
{ common_pid: mc-worker       [    139845], ret:         40 } hitcount:          2
{ common_pid: mc-worker       [    139848], ret:         54 } hitcount:          2
{ common_pid: mc-worker       [    139851], ret:         40 } hitcount:          2
{ common_pid: mc-worker       [    139848], ret:         61 } hitcount:          2
{ common_pid: mc-worker       [    139852], ret:         51 } hitcount:          2
{ common_pid: mc-worker       [    139850], ret:         56 } hitcount:          2
{ common_pid: mc-worker       [    139851], ret:         34 } hitcount:          3
{ common_pid: mc-worker       [    139845], ret:         29 } hitcount:          3
{ common_pid: mc-worker       [    139852], ret:         36 } hitcount:          3
{ common_pid: mc-worker       [    139850], ret:         43 } hitcount:          3
{ common_pid: mc-worker       [    139848], ret:         51 } hitcount:          3
{ common_pid: mc-worker       [    139852], ret:         43 } hitcount:          3
{ common_pid: mc-worker       [    139846], ret:         48 } hitcount:          3
{ common_pid: mc-worker       [    139846], ret:         44 } hitcount:          3
{ common_pid: mc-worker       [    139846], ret:         42 } hitcount:          3
{ common_pid: mc-worker       [    139850], ret:         46 } hitcount:          3
{ common_pid: mc-worker       [    139851], ret:         42 } hitcount:          3
{ common_pid: mc-worker       [    139848], ret:         53 } hitcount:          3
{ common_pid: mc-worker       [    139850], ret:         36 } hitcount:          3
{ common_pid: mc-worker       [    139847], ret:         39 } hitcount:          3
{ common_pid: mc-worker       [    139850], ret:         42 } hitcount:          3
{ common_pid: mc-worker       [    139845], ret:         45 } hitcount:          3
{ common_pid: mc-worker       [    139852], ret:         37 } hitcount:          3
{ common_pid: mc-worker       [    139850], ret:         41 } hitcount:          3
{ common_pid: mc-worker       [    139847], ret:         30 } hitcount:          3
{ common_pid: mc-worker       [    139849], ret:         42 } hitcount:          3
{ common_pid: mc-worker       [    139846], ret:         47 } hitcount:          3
{ common_pid: mc-worker       [    139852], ret:         42 } hitcount:          3
{ common_pid: mc-worker       [    139848], ret:         47 } hitcount:          3
{ common_pid: mc-worker       [    139848], ret:         58 } hitcount:          3
{ common_pid: mc-worker       [    139845], ret:         33 } hitcount:          3
{ common_pid: mc-worker       [    139851], ret:         36 } hitcount:          3
{ common_pid: mc-worker       [    139845], ret:         31 } hitcount:          4
{ common_pid: mc-worker       [    139847], ret:         24 } hitcount:          4
{ common_pid: mc-worker       [    139850], ret:         38 } hitcount:          4
{ common_pid: mc-worker       [    139845], ret:         35 } hitcount:          4
{ common_pid: mc-worker       [    139849], ret:         40 } hitcount:          4
{ common_pid: mc-worker       [    139846], ret:         34 } hitcount:          4
{ common_pid: mc-worker       [    139846], ret:         40 } hitcount:          4
{ common_pid: mc-worker       [    139851], ret:         37 } hitcount:          4
{ common_pid: mc-worker       [    139852], ret:         44 } hitcount:          4
{ common_pid: mc-worker       [    139849], ret:         41 } hitcount:          4
{ common_pid: mc-worker       [    139852], ret:         34 } hitcount:          4
{ common_pid: mc-worker       [    139850], ret:         44 } hitcount:          4
{ common_pid: mc-worker       [    139849], ret:         44 } hitcount:          4
{ common_pid: mc-worker       [    139846], ret:         46 } hitcount:          4
{ common_pid: mc-worker       [    139848], ret:         43 } hitcount:          4
{ common_pid: mc-worker       [    139850], ret:         39 } hitcount:          4
{ common_pid: mc-worker       [    139848], ret:         38 } hitcount:          4
{ common_pid: mc-worker       [    139851], ret:         29 } hitcount:          4
{ common_pid: mc-worker       [    139850], ret:         40 } hitcount:          4
{ common_pid: mc-worker       [    139848], ret:         49 } hitcount:          4
{ common_pid: mc-worker       [    139849], ret:         30 } hitcount:          4
{ common_pid: mc-worker       [    139845], ret:         43 } hitcount:          4
{ common_pid: mc-worker       [    139847], ret:         33 } hitcount:          4
{ common_pid: mc-worker       [    139850], ret:         32 } hitcount:          4
{ common_pid: mc-worker       [    139849], ret:         27 } hitcount:          4
{ common_pid: mc-worker       [    139848], ret:         33 } hitcount:          4
{ common_pid: mc-worker       [    139847], ret:         29 } hitcount:          4
{ common_pid: mc-worker       [    139846], ret:         41 } hitcount:          4
{ common_pid: mc-worker       [    139847], ret:         38 } hitcount:          4
{ common_pid: mc-worker       [    139847], ret:         36 } hitcount:          5
{ common_pid: mc-worker       [    139846], ret:         43 } hitcount:          5
{ common_pid: mc-worker       [    139852], ret:         38 } hitcount:          5
{ common_pid: mc-worker       [    139852], ret:         41 } hitcount:          5
{ common_pid: mc-worker       [    139848], ret:         42 } hitcount:          5
{ common_pid: mc-worker       [    139849], ret:         35 } hitcount:          5
{ common_pid: mc-worker       [    139845], ret:         27 } hitcount:          5
{ common_pid: mc-worker       [    139846], ret:         33 } hitcount:          5
{ common_pid: mc-worker       [    139852], ret:         40 } hitcount:          5
{ common_pid: mc-worker       [    139849], ret:         39 } hitcount:          5
{ common_pid: mc-worker       [    139852], ret:         24 } hitcount:          5
{ common_pid: mc-worker       [    139845], ret:         30 } hitcount:          5
{ common_pid: mc-worker       [    139848], ret:         27 } hitcount:          5
{ common_pid: mc-worker       [    139851], ret:         38 } hitcount:          5
{ common_pid: mc-worker       [    139848], ret:         24 } hitcount:          5
{ common_pid: mc-worker       [    139849], ret:         37 } hitcount:          5
{ common_pid: mc-worker       [    139848], ret:         37 } hitcount:          5
{ common_pid: mc-worker       [    139851], ret:         33 } hitcount:          6
{ common_pid: mc-worker       [    139849], ret:         32 } hitcount:          6
{ common_pid: mc-worker       [    139850], ret:         37 } hitcount:          6
{ common_pid: mc-worker       [    139847], ret:         40 } hitcount:          6
{ common_pid: mc-worker       [    139851], ret:         27 } hitcount:          6
{ common_pid: mc-worker       [    139848], ret:         31 } hitcount:          6
{ common_pid: mc-worker       [    139846], ret:         32 } hitcount:          6
{ common_pid: mc-worker       [    139852], ret:         29 } hitcount:          6
{ common_pid: mc-worker       [    139846], ret:         28 } hitcount:          6
{ common_pid: mc-worker       [    139849], ret:         31 } hitcount:          6
{ common_pid: mc-worker       [    139852], ret:         39 } hitcount:          6
{ common_pid: mc-worker       [    139845], ret:         34 } hitcount:          6
{ common_pid: mc-worker       [    139849], ret:         33 } hitcount:          6
{ common_pid: mc-worker       [    139847], ret:         31 } hitcount:          6
{ common_pid: mc-worker       [    139848], ret:         46 } hitcount:          6
{ common_pid: mc-worker       [    139847], ret:         35 } hitcount:          6
{ common_pid: mc-worker       [    139847], ret:         27 } hitcount:          6
{ common_pid: mc-worker       [    139852], ret:         30 } hitcount:          6
{ common_pid: mc-worker       [    139851], ret:         26 } hitcount:          6
{ common_pid: mc-worker       [    139848], ret:         34 } hitcount:          6
{ common_pid: mc-worker       [    139846], ret:         37 } hitcount:          6
{ common_pid: mc-worker       [    139845], ret:         28 } hitcount:          6
{ common_pid: mc-worker       [    139851], ret:         28 } hitcount:          6
{ common_pid: mc-worker       [    139851], ret:         31 } hitcount:          6
{ common_pid: mc-worker       [    139852], ret:         33 } hitcount:          6
{ common_pid: mc-worker       [    139846], ret:         29 } hitcount:          7
{ common_pid: mc-worker       [    139846], ret:         36 } hitcount:          7
{ common_pid: mc-worker       [    139846], ret:         27 } hitcount:          7
{ common_pid: mc-worker       [    139848], ret:         36 } hitcount:          7
{ common_pid: mc-worker       [    139847], ret:         32 } hitcount:          7
{ common_pid: mc-worker       [    139849], ret:         38 } hitcount:          7
{ common_pid: mc-worker       [    139845], ret:         36 } hitcount:          7
{ common_pid: mc-worker       [    139848], ret:         26 } hitcount:          7
{ common_pid: mc-worker       [    139850], ret:         35 } hitcount:          7
{ common_pid: mc-worker       [    139850], ret:         26 } hitcount:          7
{ common_pid: mc-worker       [    139849], ret:         26 } hitcount:          7
{ common_pid: mc-worker       [    139849], ret:         29 } hitcount:          7
{ common_pid: mc-worker       [    139845], ret:         25 } hitcount:          7
{ common_pid: mc-worker       [    139852], ret:         28 } hitcount:          7
{ common_pid: mc-worker       [    139849], ret:         43 } hitcount:          8
{ common_pid: mc-worker       [    139845], ret:         38 } hitcount:          8
{ common_pid: mc-worker       [    139846], ret:         35 } hitcount:          8
{ common_pid: mc-worker       [    139845], ret:         24 } hitcount:          8
{ common_pid: mc-worker       [    139848], ret:         23 } hitcount:          8
{ common_pid: mc-worker       [    139847], ret:         22 } hitcount:          8
{ common_pid: mc-worker       [    139846], ret:         31 } hitcount:          8
{ common_pid: mc-worker       [    139848], ret:         30 } hitcount:          8
{ common_pid: mc-worker       [    139851], ret:         21 } hitcount:          8
{ common_pid: mc-worker       [    139851], ret:         23 } hitcount:          8
{ common_pid: mc-worker       [    139849], ret:         34 } hitcount:          8
{ common_pid: mc-worker       [    139852], ret:         31 } hitcount:          8
{ common_pid: mc-worker       [    139846], ret:         38 } hitcount:          8
{ common_pid: mc-worker       [    139845], ret:         26 } hitcount:          8
{ common_pid: mc-worker       [    139850], ret:         25 } hitcount:          9
{ common_pid: mc-worker       [    139852], ret:         32 } hitcount:          9
{ common_pid: mc-worker       [    139851], ret:         32 } hitcount:          9
{ common_pid: mc-worker       [    139851], ret:         25 } hitcount:          9
{ common_pid: mc-worker       [    139846], ret:         30 } hitcount:          9
{ common_pid: mc-worker       [    139849], ret:         28 } hitcount:          9
{ common_pid: mc-worker       [    139848], ret:         40 } hitcount:          9
{ common_pid: mc-worker       [    139847], ret:         26 } hitcount:          9
{ common_pid: mc-worker       [    139847], ret:         19 } hitcount:          9
{ common_pid: mc-worker       [    139847], ret:         28 } hitcount:          9
{ common_pid: mc-worker       [    139852], ret:         23 } hitcount:          9
{ common_pid: mc-worker       [    139850], ret:         29 } hitcount:         10
{ common_pid: mc-worker       [    139847], ret:         23 } hitcount:         10
{ common_pid: mc-worker       [    139847], ret:         25 } hitcount:         10
{ common_pid: mc-worker       [    139850], ret:         30 } hitcount:         10
{ common_pid: mc-worker       [    139850], ret:         31 } hitcount:         10
{ common_pid: mc-worker       [    139849], ret:         22 } hitcount:         10
{ common_pid: mc-worker       [    139849], ret:         25 } hitcount:         10
{ common_pid: mc-worker       [    139848], ret:         29 } hitcount:         11
{ common_pid: mc-worker       [    139851], ret:         19 } hitcount:         11
{ common_pid: mc-worker       [    139852], ret:         27 } hitcount:         11
{ common_pid: mc-worker       [    139851], ret:         24 } hitcount:         11
{ common_pid: mc-worker       [    139850], ret:         27 } hitcount:         11
{ common_pid: mc-worker       [    139846], ret:         23 } hitcount:         11
{ common_pid: mc-worker       [    139851], ret:         22 } hitcount:         11
{ common_pid: mc-worker       [    139850], ret:         34 } hitcount:         11
{ common_pid: mc-worker       [    139845], ret:         20 } hitcount:         11
{ common_pid: mc-worker       [    139849], ret:         23 } hitcount:         11
{ common_pid: mc-worker       [    139846], ret:         25 } hitcount:         11
{ common_pid: mc-worker       [    139850], ret:         24 } hitcount:         11
{ common_pid: mc-worker       [    139852], ret:         26 } hitcount:         12
{ common_pid: mc-worker       [    139847], ret:         21 } hitcount:         12
{ common_pid: mc-worker       [    139848], ret:         20 } hitcount:         12
{ common_pid: mc-worker       [    139852], ret:         22 } hitcount:         12
{ common_pid: mc-worker       [    139852], ret:         18 } hitcount:         12
{ common_pid: mc-worker       [    139849], ret:         20 } hitcount:         12
{ common_pid: mc-worker       [    139849], ret:         24 } hitcount:         12
{ common_pid: mc-worker       [    139845], ret:         23 } hitcount:         13
{ common_pid: mc-worker       [    139847], ret:         17 } hitcount:         13
{ common_pid: mc-worker       [    139848], ret:         22 } hitcount:         13
{ common_pid: mc-worker       [    139845], ret:         22 } hitcount:         13
{ common_pid: mc-worker       [    139851], ret:         20 } hitcount:         13
{ common_pid: mc-worker       [    139847], ret:         20 } hitcount:         13
{ common_pid: mc-worker       [    139849], ret:         18 } hitcount:         13
{ common_pid: mc-worker       [    139852], ret:         25 } hitcount:         13
{ common_pid: mc-worker       [    139846], ret:         21 } hitcount:         13
{ common_pid: mc-worker       [    139849], ret:         21 } hitcount:         14
{ common_pid: mc-worker       [    139845], ret:         21 } hitcount:         14
{ common_pid: mc-worker       [    139848], ret:         25 } hitcount:         14
{ common_pid: mc-worker       [    139850], ret:         20 } hitcount:         14
{ common_pid: mc-worker       [    139851], ret:         15 } hitcount:         15
{ common_pid: mc-worker       [    139850], ret:         33 } hitcount:         15
{ common_pid: mc-worker       [    139848], ret:         32 } hitcount:         15
{ common_pid: mc-worker       [    139849], ret:         17 } hitcount:         15
{ common_pid: mc-worker       [    139850], ret:         22 } hitcount:         16
{ common_pid: mc-worker       [    139852], ret:         21 } hitcount:         16
{ common_pid: mc-worker       [    139846], ret:         20 } hitcount:         16
{ common_pid: mc-worker       [    139847], ret:         18 } hitcount:         16
{ common_pid: mc-worker       [    139850], ret:         21 } hitcount:         17
{ common_pid: mc-worker       [    139852], ret:         16 } hitcount:         17
{ common_pid: mc-worker       [    139848], ret:         21 } hitcount:         17
{ common_pid: mc-worker       [    139848], ret:         18 } hitcount:         17
{ common_pid: mc-worker       [    139850], ret:         28 } hitcount:         17
{ common_pid: mc-worker       [    139850], ret:         23 } hitcount:         18
{ common_pid: mc-worker       [    139849], ret:         19 } hitcount:         18
{ common_pid: mc-worker       [    139846], ret:         26 } hitcount:         18
{ common_pid: mc-worker       [    139850], ret:         19 } hitcount:         18
{ common_pid: mc-worker       [    139846], ret:         24 } hitcount:         18
{ common_pid: mc-worker       [    139852], ret:         20 } hitcount:         19
{ common_pid: mc-worker       [    139851], ret:         18 } hitcount:         19
{ common_pid: mc-worker       [    139845], ret:         17 } hitcount:         20
{ common_pid: mc-worker       [    139848], ret:         19 } hitcount:         20
{ common_pid: mc-worker       [    139851], ret:         17 } hitcount:         20
{ common_pid: mc-worker       [    139845], ret:         19 } hitcount:         20
{ common_pid: mc-worker       [    139845], ret:         18 } hitcount:         22
{ common_pid: mc-worker       [    139845], ret:         15 } hitcount:         23
{ common_pid: mc-worker       [    139846], ret:         22 } hitcount:         23
{ common_pid: mc-worker       [    139846], ret:         18 } hitcount:         23
{ common_pid: mc-worker       [    139847], ret:         15 } hitcount:         23
{ common_pid: mc-worker       [    139847], ret:         16 } hitcount:         24
{ common_pid: mc-worker       [    139852], ret:         19 } hitcount:         24
{ common_pid: mc-worker       [    139849], ret:         16 } hitcount:         25
{ common_pid: mc-worker       [    139845], ret:         16 } hitcount:         26
{ common_pid: mc-worker       [    139850], ret:         18 } hitcount:         26
{ common_pid: mc-worker       [    139846], ret:         19 } hitcount:         26
{ common_pid: mc-worker       [    139851], ret:         16 } hitcount:         27
{ common_pid: mc-worker       [    139848], ret:         17 } hitcount:         27
{ common_pid: mc-worker       [    139850], ret:         17 } hitcount:         28
{ common_pid: mc-worker       [    139848], ret:         15 } hitcount:         28
{ common_pid: mc-worker       [    139846], ret:         16 } hitcount:         28
{ common_pid: mc-worker       [    139852], ret:         17 } hitcount:         29
{ common_pid: mc-worker       [    139850], ret:         15 } hitcount:         29
{ common_pid: mc-worker       [    139847], ret:         14 } hitcount:         30
{ common_pid: mc-worker       [    139846], ret:         15 } hitcount:         30
{ common_pid: mc-worker       [    139848], ret:         14 } hitcount:         31
{ common_pid: mc-worker       [    139850], ret:         16 } hitcount:         32
{ common_pid: mc-worker       [    139847], ret:         13 } hitcount:         32
{ common_pid: mc-worker       [    139851], ret:         13 } hitcount:         33
{ common_pid: mc-worker       [    139851], ret:         14 } hitcount:         33
{ common_pid: mc-worker       [    139849], ret:         15 } hitcount:         33
{ common_pid: mc-worker       [    139848], ret:         16 } hitcount:         34
{ common_pid: mc-worker       [    139852], ret:         14 } hitcount:         35
{ common_pid: mc-worker       [    139846], ret:         14 } hitcount:         35
{ common_pid: mc-worker       [    139846], ret:         17 } hitcount:         36
{ common_pid: mc-worker       [    139845], ret:         14 } hitcount:         39
{ common_pid: mc-worker       [    139846], ret:         13 } hitcount:         41
{ common_pid: mc-worker       [    139849], ret:         14 } hitcount:         46
{ common_pid: mc-worker       [    139852], ret:         15 } hitcount:         47
{ common_pid: mc-worker       [    139852], ret:         13 } hitcount:         47
{ common_pid: mc-worker       [    139845], ret:         13 } hitcount:         49
{ common_pid: mc-worker       [    139851], ret:         12 } hitcount:         49
{ common_pid: mc-worker       [    139849], ret:         13 } hitcount:         50
{ common_pid: mc-worker       [    139850], ret:         14 } hitcount:         51
{ common_pid: mc-worker       [    139850], ret:         13 } hitcount:         53
{ common_pid: mc-worker       [    139848], ret:         13 } hitcount:         57
{ common_pid: mc-worker       [    139847], ret:         12 } hitcount:         57
{ common_pid: mc-worker       [    139846], ret:         12 } hitcount:         61
{ common_pid: mc-worker       [    139849], ret:         12 } hitcount:         62
{ common_pid: mc-worker       [    139852], ret:         12 } hitcount:         65
{ common_pid: mc-worker       [    139845], ret:         12 } hitcount:         70
{ common_pid: mc-worker       [    139851], ret:         11 } hitcount:         80
{ common_pid: mc-worker       [    139850], ret:         12 } hitcount:         88
{ common_pid: mc-worker       [    139848], ret:         12 } hitcount:         98
{ common_pid: mc-worker       [    139846], ret:         11 } hitcount:        101
{ common_pid: mc-worker       [    139847], ret:         11 } hitcount:        105
{ common_pid: mc-worker       [    139852], ret:         11 } hitcount:        120
{ common_pid: mc-worker       [    139845], ret:         11 } hitcount:        139
{ common_pid: mc-worker       [    139849], ret:         11 } hitcount:        145
{ common_pid: mc-worker       [    139850], ret:         11 } hitcount:        151
{ common_pid: mc-worker       [    139846], ret:         10 } hitcount:        177
{ common_pid: mc-worker       [    139847], ret:         10 } hitcount:        178
{ common_pid: mc-worker       [    139848], ret:         11 } hitcount:        180
{ common_pid: mc-worker       [    139851], ret:         10 } hitcount:        200
{ common_pid: mc-worker       [    139852], ret:         10 } hitcount:        267
{ common_pid: mc-worker       [    139845], ret:         10 } hitcount:        308
{ common_pid: mc-worker       [    139850], ret:         10 } hitcount:        309
{ common_pid: mc-worker       [    139849], ret:         10 } hitcount:        320
{ common_pid: mc-worker       [    139848], ret:         10 } hitcount:        366
{ common_pid: mc-worker       [    139847], ret:          9 } hitcount:        451
{ common_pid: mc-worker       [    139846], ret:          9 } hitcount:        469
{ common_pid: mc-worker       [    139851], ret:          9 } hitcount:        525
{ common_pid: mc-worker       [    139852], ret:          9 } hitcount:        689
{ common_pid: mc-worker       [    139850], ret:          9 } hitcount:        705
{ common_pid: mc-worker       [    139845], ret:          9 } hitcount:        820
{ common_pid: mc-worker       [    139849], ret:          9 } hitcount:        881
{ common_pid: mc-worker       [    139848], ret:          9 } hitcount:        996
{ common_pid: mc-worker       [    139847], ret:          8 } hitcount:       1180
{ common_pid: mc-worker       [    139846], ret:          8 } hitcount:       1265
{ common_pid: mc-worker       [    139851], ret:          8 } hitcount:       1329
{ common_pid: mc-worker       [    139852], ret:          8 } hitcount:       1763
{ common_pid: mc-worker       [    139850], ret:          8 } hitcount:       1796
{ common_pid: mc-worker       [    139845], ret:          8 } hitcount:       2045
{ common_pid: mc-worker       [    139849], ret:          8 } hitcount:       2175
{ common_pid: mc-worker       [    139848], ret:          8 } hitcount:       2406
{ common_pid: mc-worker       [    139847], ret:          7 } hitcount:       3167
{ common_pid: mc-worker       [    139846], ret:          7 } hitcount:       3272
{ common_pid: mc-worker       [    139851], ret:          7 } hitcount:       3613
{ common_pid: mc-worker       [    139850], ret:          7 } hitcount:       4411
{ common_pid: mc-worker       [    139852], ret:          7 } hitcount:       4466
{ common_pid: mc-worker       [    139845], ret:          7 } hitcount:       4879
{ common_pid: mc-worker       [    139849], ret:          7 } hitcount:       5309
{ common_pid: mc-worker       [    139848], ret:          7 } hitcount:       5896
{ common_pid: mc-worker       [    139847], ret:          6 } hitcount:       8125
{ common_pid: mc-worker       [    139846], ret:          6 } hitcount:       8508
{ common_pid: mc-worker       [    139851], ret:          6 } hitcount:       9248
{ common_pid: mc-worker       [    139850], ret:          6 } hitcount:      11066
{ common_pid: mc-worker       [    139852], ret:          6 } hitcount:      11105
{ common_pid: mc-worker       [    139845], ret:          6 } hitcount:      12222
{ common_pid: mc-worker       [    139849], ret:          6 } hitcount:      12856
{ common_pid: mc-worker       [    139848], ret:          6 } hitcount:      13935
{ common_pid: mc-worker       [    139847], ret:          5 } hitcount:      23164
{ common_pid: mc-worker       [    139846], ret:          5 } hitcount:      23777
{ common_pid: mc-worker       [    139851], ret:          5 } hitcount:      25015
{ common_pid: mc-worker       [    139850], ret:          5 } hitcount:      28745
{ common_pid: mc-worker       [    139852], ret:          5 } hitcount:      28933
{ common_pid: mc-worker       [    139845], ret:          5 } hitcount:      30620
{ common_pid: mc-worker       [    139849], ret:          5 } hitcount:      32426
{ common_pid: mc-worker       [    139848], ret:          5 } hitcount:      33812
{ common_pid: mc-worker       [    139847], ret:          4 } hitcount:      63497
{ common_pid: mc-worker       [    139846], ret:          4 } hitcount:      64601
{ common_pid: mc-worker       [    139851], ret:          4 } hitcount:      67457
{ common_pid: mc-worker       [    139850], ret:          4 } hitcount:      73575
{ common_pid: mc-worker       [    139852], ret:          4 } hitcount:      74504
{ common_pid: mc-worker       [    139845], ret:          4 } hitcount:      77427
{ common_pid: mc-worker       [    139849], ret:          4 } hitcount:      80015
{ common_pid: mc-worker       [    139848], ret:          4 } hitcount:      82749
{ common_pid: mc-worker       [    139847], ret:          3 } hitcount:     155697
{ common_pid: mc-worker       [    139846], ret:          3 } hitcount:     157346
{ common_pid: mc-worker       [    139851], ret:          3 } hitcount:     162455
{ common_pid: mc-worker       [    139850], ret:          3 } hitcount:     169511
{ common_pid: mc-worker       [    139852], ret:          3 } hitcount:     170135
{ common_pid: mc-worker       [    139845], ret:          3 } hitcount:     174168
{ common_pid: mc-worker       [    139849], ret:          3 } hitcount:     176545
{ common_pid: mc-worker       [    139848], ret:          3 } hitcount:     181119
{ common_pid: mc-worker       [    139847], ret:          2 } hitcount:     322020
{ common_pid: mc-worker       [    139846], ret:          2 } hitcount:     322443
{ common_pid: mc-worker       [    139850], ret:          2 } hitcount:     328756
{ common_pid: mc-worker       [    139851], ret:          2 } hitcount:     328773
{ common_pid: mc-worker       [    139852], ret:          2 } hitcount:     331090
{ common_pid: mc-worker       [    139849], ret:          2 } hitcount:     333707
{ common_pid: mc-worker       [    139848], ret:          2 } hitcount:     333805
{ common_pid: mc-worker       [    139845], ret:          2 } hitcount:     334350
{ common_pid: mc-worker       [    139848], ret:          1 } hitcount:     507543
{ common_pid: mc-worker       [    139849], ret:          1 } hitcount:     514949
{ common_pid: mc-worker       [    139850], ret:          1 } hitcount:     520772
{ common_pid: mc-worker       [    139845], ret:          1 } hitcount:     521251
{ common_pid: mc-worker       [    139852], ret:          1 } hitcount:     524444
{ common_pid: mc-worker       [    139846], ret:          1 } hitcount:     529912
{ common_pid: mc-worker       [    139851], ret:          1 } hitcount:     533652
{ common_pid: mc-worker       [    139847], ret:          1 } hitcount:     538675
