{ common_pid: mc-worker       [    347579], ret:        105 } hitcount:          1
{ common_pid: mc-worker       [    347577], ret:         58 } hitcount:          1
{ common_pid: mc-worker       [    347582], ret:         59 } hitcount:          1
{ common_pid: mc-worker       [    347581], ret:        125 } hitcount:          1
{ common_pid: mc-worker       [    347582], ret:         58 } hitcount:          1
{ common_pid: mc-worker       [    347580], ret:         99 } hitcount:          1
{ common_pid: mc-worker       [    347579], ret:         68 } hitcount:          1
{ common_pid: mc-worker       [    347575], ret:         61 } hitcount:          1
{ common_pid: mc-worker       [    347576], ret:         68 } hitcount:          1
{ common_pid: mc-worker       [    347576], ret:         67 } hitcount:          1
{ common_pid: mc-worker       [    347580], ret:         90 } hitcount:          1
{ common_pid: mc-worker       [    347582], ret:         88 } hitcount:          1
{ common_pid: mc-worker       [    347577], ret:         93 } hitcount:          1
{ common_pid: mc-worker       [    347576], ret:        101 } hitcount:          1
{ common_pid: mc-worker       [    347576], ret:         83 } hitcount:          1
{ common_pid: mc-worker       [    347577], ret:         60 } hitcount:          1
{ common_pid: mc-worker       [    347580], ret:         66 } hitcount:          1
{ common_pid: mc-worker       [    347576], ret:        475 } hitcount:          1
{ common_pid: mc-worker       [    347581], ret:        115 } hitcount:          1
{ common_pid: mc-worker       [    347580], ret:         80 } hitcount:          1
{ common_pid: mc-worker       [    347582], ret:         85 } hitcount:          1
{ common_pid: mc-worker       [    347577], ret:         91 } hitcount:          1
{ common_pid: mc-worker       [    347580], ret:         98 } hitcount:          1
{ common_pid: mc-worker       [    347582], ret:        108 } hitcount:          1
{ common_pid: mc-worker       [    347579], ret:        512 } hitcount:          1
{ common_pid: mc-worker       [    347576], ret:         77 } hitcount:          1
{ common_pid: mc-worker       [    347579], ret:         72 } hitcount:          1
{ common_pid: mc-worker       [    347582], ret:         90 } hitcount:          1
{ common_pid: mc-worker       [    347577], ret:         75 } hitcount:          1
{ common_pid: mc-worker       [    347581], ret:         94 } hitcount:          1
{ common_pid: mc-worker       [    347577], ret:        470 } hitcount:          1
{ common_pid: mc-worker       [    347575], ret:        109 } hitcount:          1
{ common_pid: mc-worker       [    347582], ret:         80 } hitcount:          1
{ common_pid: mc-worker       [    347575], ret:        491 } hitcount:          1
{ common_pid: mc-worker       [    347575], ret:        120 } hitcount:          1
{ common_pid: mc-worker       [    347578], ret:         69 } hitcount:          1
{ common_pid: mc-worker       [    347576], ret:         97 } hitcount:          1
{ common_pid: mc-worker       [    347582], ret:         77 } hitcount:          1
{ common_pid: mc-worker       [    347581], ret:         90 } hitcount:          1
{ common_pid: mc-worker       [    347575], ret:         69 } hitcount:          1
{ common_pid: mc-worker       [    347576], ret:         75 } hitcount:          1
{ common_pid: mc-worker       [    347582], ret:         76 } hitcount:          1
{ common_pid: mc-worker       [    347578], ret:         95 } hitcount:          1
{ common_pid: mc-worker       [    347581], ret:         78 } hitcount:          1
{ common_pid: mc-worker       [    347582], ret:        498 } hitcount:          1
{ common_pid: mc-worker       [    347580], ret:         85 } hitcount:          1
{ common_pid: mc-worker       [    347579], ret:         82 } hitcount:          1
{ common_pid: mc-worker       [    347580], ret:         69 } hitcount:          1
{ common_pid: mc-worker       [    347581], ret:        111 } hitcount:          1
{ common_pid: mc-worker       [    347577], ret:         96 } hitcount:          1
{ common_pid: mc-worker       [    347575], ret:         97 } hitcount:          1
{ common_pid: mc-worker       [    347576], ret:         59 } hitcount:          1
{ common_pid: mc-worker       [    347579], ret:         79 } hitcount:          1
{ common_pid: mc-worker       [    347578], ret:         83 } hitcount:          1
{ common_pid: mc-worker       [    347576], ret:         71 } hitcount:          1
{ common_pid: mc-worker       [    347578], ret:         75 } hitcount:          1
{ common_pid: mc-worker       [    347582], ret:        157 } hitcount:          1
{ common_pid: mc-worker       [    347582], ret:        104 } hitcount:          1
{ common_pid: mc-worker       [    347579], ret:         92 } hitcount:          1
{ common_pid: mc-worker       [    347579], ret:         61 } hitcount:          1
{ common_pid: mc-worker       [    347581], ret:         99 } hitcount:          1
{ common_pid: mc-worker       [    347577], ret:        139 } hitcount:          1
{ common_pid: mc-worker       [    347582], ret:         94 } hitcount:          1
{ common_pid: mc-worker       [    347582], ret:         70 } hitcount:          1
{ common_pid: mc-worker       [    347575], ret:        118 } hitcount:          1
{ common_pid: mc-worker       [    347580], ret:        100 } hitcount:          1
{ common_pid: mc-worker       [    347581], ret:         80 } hitcount:          1
{ common_pid: mc-worker       [    347577], ret:         64 } hitcount:          1
{ common_pid: mc-worker       [    347578], ret:         82 } hitcount:          1
{ common_pid: mc-worker       [    347575], ret:         95 } hitcount:          1
{ common_pid: mc-worker       [    347576], ret:         90 } hitcount:          1
{ common_pid: mc-worker       [    347578], ret:        452 } hitcount:          1
{ common_pid: mc-worker       [    347580], ret:        107 } hitcount:          1
{ common_pid: mc-worker       [    347578], ret:        102 } hitcount:          1
{ common_pid: mc-worker       [    347582], ret:         73 } hitcount:          1
{ common_pid: mc-worker       [    347575], ret:         89 } hitcount:          1
{ common_pid: mc-worker       [    347581], ret:         97 } hitcount:          1
{ common_pid: mc-worker       [    347580], ret:         75 } hitcount:          1
{ common_pid: mc-worker       [    347581], ret:         98 } hitcount:          1
{ common_pid: mc-worker       [    347580], ret:         79 } hitcount:          1
{ common_pid: mc-worker       [    347578], ret:         90 } hitcount:          1
{ common_pid: mc-worker       [    347580], ret:         68 } hitcount:          1
{ common_pid: mc-worker       [    347576], ret:         60 } hitcount:          1
{ common_pid: mc-worker       [    347575], ret:         70 } hitcount:          1
{ common_pid: mc-worker       [    347579], ret:         80 } hitcount:          1
{ common_pid: mc-worker       [    347577], ret:         76 } hitcount:          1
{ common_pid: mc-worker       [    347580], ret:         73 } hitcount:          1
{ common_pid: mc-worker       [    347575], ret:         80 } hitcount:          1
{ common_pid: mc-worker       [    347576], ret:         84 } hitcount:          1
{ common_pid: mc-worker       [    347575], ret:         84 } hitcount:          1
{ common_pid: mc-worker       [    347581], ret:        114 } hitcount:          1
{ common_pid: mc-worker       [    347578], ret:         98 } hitcount:          1
{ common_pid: mc-worker       [    347578], ret:         87 } hitcount:          1
{ common_pid: mc-worker       [    347576], ret:         70 } hitcount:          1
{ common_pid: mc-worker       [    347580], ret:        512 } hitcount:          1
{ common_pid: mc-worker       [    347577], ret:         81 } hitcount:          1
{ common_pid: mc-worker       [    347581], ret:        469 } hitcount:          1
{ common_pid: mc-worker       [    347578], ret:         92 } hitcount:          1
{ common_pid: mc-worker       [    347576], ret:         89 } hitcount:          1
{ common_pid: mc-worker       [    347576], ret:         73 } hitcount:          1
{ common_pid: mc-worker       [    347577], ret:         90 } hitcount:          1
{ common_pid: mc-worker       [    347579], ret:        101 } hitcount:          1
{ common_pid: mc-worker       [    347579], ret:        102 } hitcount:          1
{ common_pid: mc-worker       [    347581], ret:         66 } hitcount:          1
{ common_pid: mc-worker       [    347581], ret:         62 } hitcount:          2
{ common_pid: mc-worker       [    347576], ret:         52 } hitcount:          2
{ common_pid: mc-worker       [    347582], ret:         66 } hitcount:          2
{ common_pid: mc-worker       [    347578], ret:         76 } hitcount:          2
{ common_pid: mc-worker       [    347578], ret:         65 } hitcount:          2
{ common_pid: mc-worker       [    347575], ret:         90 } hitcount:          2
{ common_pid: mc-worker       [    347575], ret:         64 } hitcount:          2
{ common_pid: mc-worker       [    347578], ret:         63 } hitcount:          2
{ common_pid: mc-worker       [    347577], ret:         86 } hitcount:          2
{ common_pid: mc-worker       [    347578], ret:         73 } hitcount:          2
{ common_pid: mc-worker       [    347579], ret:         77 } hitcount:          2
{ common_pid: mc-worker       [    347580], ret:         84 } hitcount:          2
{ common_pid: mc-worker       [    347578], ret:         67 } hitcount:          2
{ common_pid: mc-worker       [    347581], ret:         75 } hitcount:          2
{ common_pid: mc-worker       [    347581], ret:         71 } hitcount:          2
{ common_pid: mc-worker       [    347575], ret:         71 } hitcount:          2
{ common_pid: mc-worker       [    347575], ret:         60 } hitcount:          2
{ common_pid: mc-worker       [    347582], ret:         79 } hitcount:          2
{ common_pid: mc-worker       [    347579], ret:         73 } hitcount:          2
{ common_pid: mc-worker       [    347576], ret:         63 } hitcount:          2
{ common_pid: mc-worker       [    347575], ret:         66 } hitcount:          2
{ common_pid: mc-worker       [    347576], ret:         61 } hitcount:          2
{ common_pid: mc-worker       [    347579], ret:         70 } hitcount:          2
{ common_pid: mc-worker       [    347582], ret:         74 } hitcount:          2
{ common_pid: mc-worker       [    347582], ret:         57 } hitcount:          2
{ common_pid: mc-worker       [    347581], ret:         93 } hitcount:          2
{ common_pid: mc-worker       [    347578], ret:         66 } hitcount:          2
{ common_pid: mc-worker       [    347575], ret:         68 } hitcount:          2
{ common_pid: mc-worker       [    347576], ret:         78 } hitcount:          2
{ common_pid: mc-worker       [    347578], ret:         56 } hitcount:          2
{ common_pid: mc-worker       [    347581], ret:         95 } hitcount:          2
{ common_pid: mc-worker       [    347582], ret:         82 } hitcount:          2
{ common_pid: mc-worker       [    347577], ret:         71 } hitcount:          2
{ common_pid: mc-worker       [    347577], ret:         66 } hitcount:          2
{ common_pid: mc-worker       [    347582], ret:         72 } hitcount:          2
{ common_pid: mc-worker       [    347576], ret:         72 } hitcount:          2
{ common_pid: mc-worker       [    347580], ret:         62 } hitcount:          2
{ common_pid: mc-worker       [    347579], ret:         84 } hitcount:          2
{ common_pid: mc-worker       [    347575], ret:         82 } hitcount:          2
{ common_pid: mc-worker       [    347581], ret:         61 } hitcount:          2
{ common_pid: mc-worker       [    347576], ret:         54 } hitcount:          2
{ common_pid: mc-worker       [    347577], ret:         80 } hitcount:          2
{ common_pid: mc-worker       [    347581], ret:         65 } hitcount:          2
{ common_pid: mc-worker       [    347581], ret:         84 } hitcount:          2
{ common_pid: mc-worker       [    347580], ret:         81 } hitcount:          2
{ common_pid: mc-worker       [    347575], ret:         72 } hitcount:          2
{ common_pid: mc-worker       [    347575], ret:         79 } hitcount:          2
{ common_pid: mc-worker       [    347581], ret:        133 } hitcount:          2
{ common_pid: mc-worker       [    347575], ret:         81 } hitcount:          2
{ common_pid: mc-worker       [    347580], ret:         71 } hitcount:          2
{ common_pid: mc-worker       [    347581], ret:         60 } hitcount:          2
{ common_pid: mc-worker       [    347581], ret:         81 } hitcount:          2
{ common_pid: mc-worker       [    347576], ret:         64 } hitcount:          2
{ common_pid: mc-worker       [    347581], ret:         76 } hitcount:          3
{ common_pid: mc-worker       [    347581], ret:         77 } hitcount:          3
{ common_pid: mc-worker       [    347578], ret:         64 } hitcount:          3
{ common_pid: mc-worker       [    347577], ret:         63 } hitcount:          3
{ common_pid: mc-worker       [    347581], ret:         68 } hitcount:          3
{ common_pid: mc-worker       [    347579], ret:         71 } hitcount:          3
{ common_pid: mc-worker       [    347576], ret:         74 } hitcount:          3
{ common_pid: mc-worker       [    347582], ret:         68 } hitcount:          3
{ common_pid: mc-worker       [    347580], ret:         61 } hitcount:          3
{ common_pid: mc-worker       [    347582], ret:         56 } hitcount:          3
{ common_pid: mc-worker       [    347581], ret:         64 } hitcount:          3
{ common_pid: mc-worker       [    347581], ret:         67 } hitcount:          3
{ common_pid: mc-worker       [    347577], ret:         70 } hitcount:          3
{ common_pid: mc-worker       [    347579], ret:         74 } hitcount:          3
{ common_pid: mc-worker       [    347579], ret:         60 } hitcount:          3
{ common_pid: mc-worker       [    347582], ret:         64 } hitcount:          3
{ common_pid: mc-worker       [    347580], ret:         63 } hitcount:          3
{ common_pid: mc-worker       [    347579], ret:         66 } hitcount:          3
{ common_pid: mc-worker       [    347575], ret:         57 } hitcount:          3
{ common_pid: mc-worker       [    347578], ret:         72 } hitcount:          3
{ common_pid: mc-worker       [    347580], ret:         76 } hitcount:          3
{ common_pid: mc-worker       [    347576], ret:         57 } hitcount:          3
{ common_pid: mc-worker       [    347575], ret:         73 } hitcount:          3
{ common_pid: mc-worker       [    347582], ret:         60 } hitcount:          3
{ common_pid: mc-worker       [    347577], ret:         77 } hitcount:          3
{ common_pid: mc-worker       [    347578], ret:         62 } hitcount:          3
{ common_pid: mc-worker       [    347580], ret:         59 } hitcount:          3
{ common_pid: mc-worker       [    347577], ret:         67 } hitcount:          3
{ common_pid: mc-worker       [    347579], ret:         69 } hitcount:          3
{ common_pid: mc-worker       [    347578], ret:         60 } hitcount:          3
{ common_pid: mc-worker       [    347579], ret:         62 } hitcount:          3
{ common_pid: mc-worker       [    347578], ret:         59 } hitcount:          3
{ common_pid: mc-worker       [    347575], ret:         55 } hitcount:          3
{ common_pid: mc-worker       [    347578], ret:         57 } hitcount:          3
{ common_pid: mc-worker       [    347582], ret:         78 } hitcount:          3
{ common_pid: mc-worker       [    347580], ret:         67 } hitcount:          3
{ common_pid: mc-worker       [    347575], ret:         63 } hitcount:          3
{ common_pid: mc-worker       [    347578], ret:         70 } hitcount:          3
{ common_pid: mc-worker       [    347582], ret:         62 } hitcount:          3
{ common_pid: mc-worker       [    347577], ret:         61 } hitcount:          4
{ common_pid: mc-worker       [    347579], ret:         65 } hitcount:          4
{ common_pid: mc-worker       [    347578], ret:         71 } hitcount:          4
{ common_pid: mc-worker       [    347582], ret:         53 } hitcount:          4
{ common_pid: mc-worker       [    347581], ret:         73 } hitcount:          4
{ common_pid: mc-worker       [    347579], ret:         63 } hitcount:          4
{ common_pid: mc-worker       [    347580], ret:         72 } hitcount:          4
{ common_pid: mc-worker       [    347577], ret:         65 } hitcount:          4
{ common_pid: mc-worker       [    347580], ret:         55 } hitcount:          4
{ common_pid: mc-worker       [    347579], ret:         57 } hitcount:          4
{ common_pid: mc-worker       [    347580], ret:         64 } hitcount:          4
{ common_pid: mc-worker       [    347576], ret:         56 } hitcount:          4
{ common_pid: mc-worker       [    347582], ret:         54 } hitcount:          4
{ common_pid: mc-worker       [    347575], ret:         62 } hitcount:          4
{ common_pid: mc-worker       [    347579], ret:         67 } hitcount:          4
{ common_pid: mc-worker       [    347580], ret:         54 } hitcount:          4
{ common_pid: mc-worker       [    347580], ret:         57 } hitcount:          4
{ common_pid: mc-worker       [    347576], ret:         46 } hitcount:          4
{ common_pid: mc-worker       [    347575], ret:         56 } hitcount:          4
{ common_pid: mc-worker       [    347575], ret:         58 } hitcount:          4
{ common_pid: mc-worker       [    347578], ret:         68 } hitcount:          4
{ common_pid: mc-worker       [    347577], ret:         69 } hitcount:          4
{ common_pid: mc-worker       [    347575], ret:         67 } hitcount:          4
{ common_pid: mc-worker       [    347579], ret:         56 } hitcount:          4
{ common_pid: mc-worker       [    347577], ret:         62 } hitcount:          4
{ common_pid: mc-worker       [    347581], ret:         69 } hitcount:          4
{ common_pid: mc-worker       [    347580], ret:         58 } hitcount:          5
{ common_pid: mc-worker       [    347580], ret:         65 } hitcount:          5
{ common_pid: mc-worker       [    347576], ret:         55 } hitcount:          5
{ common_pid: mc-worker       [    347577], ret:         54 } hitcount:          5
{ common_pid: mc-worker       [    347577], ret:         74 } hitcount:          5
{ common_pid: mc-worker       [    347575], ret:         50 } hitcount:          5
{ common_pid: mc-worker       [    347582], ret:         65 } hitcount:          5
{ common_pid: mc-worker       [    347577], ret:         59 } hitcount:          5
{ common_pid: mc-worker       [    347579], ret:         58 } hitcount:          5
{ common_pid: mc-worker       [    347581], ret:         70 } hitcount:          5
{ common_pid: mc-worker       [    347576], ret:         58 } hitcount:          5
{ common_pid: mc-worker       [    347582], ret:         47 } hitcount:          5
{ common_pid: mc-worker       [    347580], ret:         56 } hitcount:          5
{ common_pid: mc-worker       [    347578], ret:         54 } hitcount:          6
{ common_pid: mc-worker       [    347577], ret:         51 } hitcount:          6
{ common_pid: mc-worker       [    347576], ret:         50 } hitcount:          6
{ common_pid: mc-worker       [    347581], ret:         53 } hitcount:          6
{ common_pid: mc-worker       [    347578], ret:         53 } hitcount:          6
{ common_pid: mc-worker       [    347579], ret:         55 } hitcount:          6
{ common_pid: mc-worker       [    347576], ret:         51 } hitcount:          6
{ common_pid: mc-worker       [    347581], ret:         57 } hitcount:          6
{ common_pid: mc-worker       [    347578], ret:         61 } hitcount:          6
{ common_pid: mc-worker       [    347577], ret:         56 } hitcount:          6
{ common_pid: mc-worker       [    347582], ret:         55 } hitcount:          6
{ common_pid: mc-worker       [    347576], ret:         53 } hitcount:          6
{ common_pid: mc-worker       [    347576], ret:         49 } hitcount:          6
{ common_pid: mc-worker       [    347579], ret:         54 } hitcount:          7
{ common_pid: mc-worker       [    347581], ret:         59 } hitcount:          7
{ common_pid: mc-worker       [    347577], ret:         57 } hitcount:          7
{ common_pid: mc-worker       [    347575], ret:         49 } hitcount:          7
{ common_pid: mc-worker       [    347581], ret:         63 } hitcount:          7
{ common_pid: mc-worker       [    347582], ret:         51 } hitcount:          7
{ common_pid: mc-worker       [    347575], ret:         52 } hitcount:          7
{ common_pid: mc-worker       [    347577], ret:         49 } hitcount:          7
{ common_pid: mc-worker       [    347577], ret:         55 } hitcount:          7
{ common_pid: mc-worker       [    347575], ret:         54 } hitcount:          7
{ common_pid: mc-worker       [    347577], ret:         52 } hitcount:          7
{ common_pid: mc-worker       [    347579], ret:         59 } hitcount:          7
{ common_pid: mc-worker       [    347575], ret:         59 } hitcount:          8
{ common_pid: mc-worker       [    347579], ret:         51 } hitcount:          8
{ common_pid: mc-worker       [    347575], ret:         53 } hitcount:          8
{ common_pid: mc-worker       [    347575], ret:         48 } hitcount:          8
{ common_pid: mc-worker       [    347582], ret:         50 } hitcount:          8
{ common_pid: mc-worker       [    347577], ret:         53 } hitcount:          8
{ common_pid: mc-worker       [    347580], ret:         60 } hitcount:          8
{ common_pid: mc-worker       [    347582], ret:         52 } hitcount:          9
{ common_pid: mc-worker       [    347581], ret:         55 } hitcount:          9
{ common_pid: mc-worker       [    347577], ret:         50 } hitcount:          9
{ common_pid: mc-worker       [    347579], ret:         52 } hitcount:          9
{ common_pid: mc-worker       [    347580], ret:         52 } hitcount:          9
{ common_pid: mc-worker       [    347575], ret:         51 } hitcount:          9
{ common_pid: mc-worker       [    347582], ret:         49 } hitcount:          9
{ common_pid: mc-worker       [    347579], ret:         49 } hitcount:          9
{ common_pid: mc-worker       [    347576], ret:         47 } hitcount:         10
{ common_pid: mc-worker       [    347580], ret:         53 } hitcount:         10
{ common_pid: mc-worker       [    347582], ret:         48 } hitcount:         10
{ common_pid: mc-worker       [    347578], ret:         49 } hitcount:         10
{ common_pid: mc-worker       [    347579], ret:         53 } hitcount:         10
{ common_pid: mc-worker       [    347581], ret:         56 } hitcount:         10
{ common_pid: mc-worker       [    347579], ret:         47 } hitcount:         10
{ common_pid: mc-worker       [    347578], ret:         50 } hitcount:         11
{ common_pid: mc-worker       [    347578], ret:         51 } hitcount:         11
{ common_pid: mc-worker       [    347578], ret:         58 } hitcount:         11
{ common_pid: mc-worker       [    347581], ret:         58 } hitcount:         11
{ common_pid: mc-worker       [    347578], ret:         52 } hitcount:         11
{ common_pid: mc-worker       [    347580], ret:         51 } hitcount:         12
{ common_pid: mc-worker       [    347581], ret:         54 } hitcount:         12
{ common_pid: mc-worker       [    347576], ret:         48 } hitcount:         12
{ common_pid: mc-worker       [    347578], ret:         55 } hitcount:         13
{ common_pid: mc-worker       [    347577], ret:         48 } hitcount:         14
{ common_pid: mc-worker       [    347579], ret:         50 } hitcount:         14
{ common_pid: mc-worker       [    347581], ret:         52 } hitcount:         14
{ common_pid: mc-worker       [    347575], ret:         47 } hitcount:         15
{ common_pid: mc-worker       [    347576], ret:         45 } hitcount:         15
{ common_pid: mc-worker       [    347580], ret:         50 } hitcount:         16
{ common_pid: mc-worker       [    347579], ret:         48 } hitcount:         17
{ common_pid: mc-worker       [    347575], ret:         46 } hitcount:         18
{ common_pid: mc-worker       [    347581], ret:         51 } hitcount:         18
{ common_pid: mc-worker       [    347578], ret:         48 } hitcount:         19
{ common_pid: mc-worker       [    347578], ret:         47 } hitcount:         20
{ common_pid: mc-worker       [    347577], ret:         47 } hitcount:         21
{ common_pid: mc-worker       [    347578], ret:         46 } hitcount:         21
{ common_pid: mc-worker       [    347582], ret:         46 } hitcount:         22
{ common_pid: mc-worker       [    347578], ret:         44 } hitcount:         22
{ common_pid: mc-worker       [    347581], ret:         50 } hitcount:         22
{ common_pid: mc-worker       [    347581], ret:         49 } hitcount:         22
{ common_pid: mc-worker       [    347575], ret:         44 } hitcount:         23
{ common_pid: mc-worker       [    347575], ret:         45 } hitcount:         23
{ common_pid: mc-worker       [    347577], ret:         45 } hitcount:         24
{ common_pid: mc-worker       [    347579], ret:         46 } hitcount:         24
{ common_pid: mc-worker       [    347576], ret:         44 } hitcount:         24
{ common_pid: mc-worker       [    347577], ret:         46 } hitcount:         24
{ common_pid: mc-worker       [    347578], ret:         45 } hitcount:         26
{ common_pid: mc-worker       [    347580], ret:         48 } hitcount:         27
{ common_pid: mc-worker       [    347582], ret:         45 } hitcount:         27
{ common_pid: mc-worker       [    347580], ret:         49 } hitcount:         28
{ common_pid: mc-worker       [    347578], ret:         43 } hitcount:         28
{ common_pid: mc-worker       [    347582], ret:         44 } hitcount:         29
{ common_pid: mc-worker       [    347581], ret:         48 } hitcount:         32
{ common_pid: mc-worker       [    347576], ret:         43 } hitcount:         32
{ common_pid: mc-worker       [    347575], ret:         43 } hitcount:         33
{ common_pid: mc-worker       [    347577], ret:         44 } hitcount:         33
{ common_pid: mc-worker       [    347579], ret:         44 } hitcount:         40
{ common_pid: mc-worker       [    347576], ret:         42 } hitcount:         41
{ common_pid: mc-worker       [    347579], ret:         45 } hitcount:         44
{ common_pid: mc-worker       [    347581], ret:         47 } hitcount:         45
{ common_pid: mc-worker       [    347582], ret:         43 } hitcount:         45
{ common_pid: mc-worker       [    347579], ret:         43 } hitcount:         45
{ common_pid: mc-worker       [    347580], ret:         47 } hitcount:         46
{ common_pid: mc-worker       [    347581], ret:         45 } hitcount:         51
{ common_pid: mc-worker       [    347582], ret:         42 } hitcount:         59
{ common_pid: mc-worker       [    347578], ret:         42 } hitcount:         61
{ common_pid: mc-worker       [    347575], ret:         42 } hitcount:         61
{ common_pid: mc-worker       [    347579], ret:         42 } hitcount:         61
{ common_pid: mc-worker       [    347577], ret:         43 } hitcount:         62
{ common_pid: mc-worker       [    347581], ret:         46 } hitcount:         63
{ common_pid: mc-worker       [    347576], ret:         41 } hitcount:         63
{ common_pid: mc-worker       [    347580], ret:         46 } hitcount:         66
{ common_pid: mc-worker       [    347576], ret:         40 } hitcount:         75
{ common_pid: mc-worker       [    347578], ret:         41 } hitcount:         78
{ common_pid: mc-worker       [    347582], ret:         41 } hitcount:         81
{ common_pid: mc-worker       [    347580], ret:         45 } hitcount:         84
{ common_pid: mc-worker       [    347581], ret:         44 } hitcount:         91
{ common_pid: mc-worker       [    347577], ret:         42 } hitcount:         96
{ common_pid: mc-worker       [    347575], ret:         41 } hitcount:         97
{ common_pid: mc-worker       [    347577], ret:         41 } hitcount:        103
{ common_pid: mc-worker       [    347578], ret:         40 } hitcount:        103
{ common_pid: mc-worker       [    347582], ret:         40 } hitcount:        117
{ common_pid: mc-worker       [    347575], ret:         40 } hitcount:        118
{ common_pid: mc-worker       [    347576], ret:         39 } hitcount:        126
{ common_pid: mc-worker       [    347579], ret:         41 } hitcount:        129
{ common_pid: mc-worker       [    347580], ret:         44 } hitcount:        134
{ common_pid: mc-worker       [    347578], ret:         39 } hitcount:        138
{ common_pid: mc-worker       [    347576], ret:         38 } hitcount:        147
{ common_pid: mc-worker       [    347580], ret:         43 } hitcount:        158
{ common_pid: mc-worker       [    347581], ret:         43 } hitcount:        159
{ common_pid: mc-worker       [    347577], ret:         40 } hitcount:        162
{ common_pid: mc-worker       [    347581], ret:         42 } hitcount:        165
{ common_pid: mc-worker       [    347582], ret:         39 } hitcount:        165
{ common_pid: mc-worker       [    347579], ret:         40 } hitcount:        168
{ common_pid: mc-worker       [    347575], ret:         39 } hitcount:        176
{ common_pid: mc-worker       [    347577], ret:         39 } hitcount:        197
{ common_pid: mc-worker       [    347582], ret:         38 } hitcount:        199
{ common_pid: mc-worker       [    347580], ret:         42 } hitcount:        203
{ common_pid: mc-worker       [    347579], ret:         39 } hitcount:        213
{ common_pid: mc-worker       [    347578], ret:         38 } hitcount:        214
{ common_pid: mc-worker       [    347575], ret:         38 } hitcount:        215
{ common_pid: mc-worker       [    347576], ret:         37 } hitcount:        232
{ common_pid: mc-worker       [    347578], ret:         37 } hitcount:        248
{ common_pid: mc-worker       [    347581], ret:         41 } hitcount:        257
{ common_pid: mc-worker       [    347579], ret:         38 } hitcount:        299
{ common_pid: mc-worker       [    347577], ret:         38 } hitcount:        307
{ common_pid: mc-worker       [    347582], ret:         37 } hitcount:        308
{ common_pid: mc-worker       [    347576], ret:         36 } hitcount:        313
{ common_pid: mc-worker       [    347575], ret:         37 } hitcount:        322
{ common_pid: mc-worker       [    347581], ret:         40 } hitcount:        331
{ common_pid: mc-worker       [    347580], ret:         41 } hitcount:        346
{ common_pid: mc-worker       [    347578], ret:         36 } hitcount:        365
{ common_pid: mc-worker       [    347577], ret:         37 } hitcount:        366
{ common_pid: mc-worker       [    347582], ret:         36 } hitcount:        378
{ common_pid: mc-worker       [    347579], ret:         37 } hitcount:        389
{ common_pid: mc-worker       [    347576], ret:         35 } hitcount:        403
{ common_pid: mc-worker       [    347581], ret:         39 } hitcount:        427
{ common_pid: mc-worker       [    347580], ret:         40 } hitcount:        447
{ common_pid: mc-worker       [    347575], ret:         36 } hitcount:        448
{ common_pid: mc-worker       [    347578], ret:         35 } hitcount:        460
{ common_pid: mc-worker       [    347577], ret:         36 } hitcount:        537
{ common_pid: mc-worker       [    347582], ret:         35 } hitcount:        548
{ common_pid: mc-worker       [    347580], ret:         39 } hitcount:        551
{ common_pid: mc-worker       [    347579], ret:         36 } hitcount:        557
{ common_pid: mc-worker       [    347576], ret:         34 } hitcount:        558
{ common_pid: mc-worker       [    347575], ret:         35 } hitcount:        580
{ common_pid: mc-worker       [    347581], ret:         38 } hitcount:        590
{ common_pid: mc-worker       [    347578], ret:         34 } hitcount:        619
{ common_pid: mc-worker       [    347580], ret:         38 } hitcount:        692
{ common_pid: mc-worker       [    347577], ret:         35 } hitcount:        704
{ common_pid: mc-worker       [    347582], ret:         34 } hitcount:        708
{ common_pid: mc-worker       [    347581], ret:         37 } hitcount:        742
{ common_pid: mc-worker       [    347579], ret:         35 } hitcount:        747
{ common_pid: mc-worker       [    347575], ret:         34 } hitcount:        753
{ common_pid: mc-worker       [    347576], ret:         33 } hitcount:        768
{ common_pid: mc-worker       [    347578], ret:         33 } hitcount:        794
{ common_pid: mc-worker       [    347581], ret:         36 } hitcount:        853
{ common_pid: mc-worker       [    347580], ret:         37 } hitcount:        908
{ common_pid: mc-worker       [    347582], ret:         33 } hitcount:        941
{ common_pid: mc-worker       [    347576], ret:         32 } hitcount:        947
{ common_pid: mc-worker       [    347579], ret:         34 } hitcount:        951
{ common_pid: mc-worker       [    347575], ret:         33 } hitcount:        969
{ common_pid: mc-worker       [    347577], ret:         34 } hitcount:       1003
{ common_pid: mc-worker       [    347578], ret:         32 } hitcount:       1035
{ common_pid: mc-worker       [    347580], ret:         36 } hitcount:       1138
{ common_pid: mc-worker       [    347581], ret:         35 } hitcount:       1149
{ common_pid: mc-worker       [    347579], ret:         33 } hitcount:       1177
{ common_pid: mc-worker       [    347582], ret:         32 } hitcount:       1196
{ common_pid: mc-worker       [    347575], ret:         32 } hitcount:       1222
{ common_pid: mc-worker       [    347577], ret:         33 } hitcount:       1237
{ common_pid: mc-worker       [    347578], ret:         31 } hitcount:       1263
{ common_pid: mc-worker       [    347581], ret:         34 } hitcount:       1285
{ common_pid: mc-worker       [    347576], ret:         31 } hitcount:       1296
{ common_pid: mc-worker       [    347580], ret:         35 } hitcount:       1423
{ common_pid: mc-worker       [    347582], ret:         31 } hitcount:       1490
{ common_pid: mc-worker       [    347576], ret:         30 } hitcount:       1496
{ common_pid: mc-worker       [    347579], ret:         32 } hitcount:       1501
{ common_pid: mc-worker       [    347577], ret:         32 } hitcount:       1577
{ common_pid: mc-worker       [    347578], ret:         30 } hitcount:       1627
{ common_pid: mc-worker       [    347575], ret:         31 } hitcount:       1639
{ common_pid: mc-worker       [    347581], ret:         33 } hitcount:       1732
{ common_pid: mc-worker       [    347580], ret:         34 } hitcount:       1776
{ common_pid: mc-worker       [    347582], ret:         30 } hitcount:       1813
{ common_pid: mc-worker       [    347579], ret:         31 } hitcount:       1840
{ common_pid: mc-worker       [    347576], ret:         29 } hitcount:       1889
{ common_pid: mc-worker       [    347578], ret:         29 } hitcount:       1901
{ common_pid: mc-worker       [    347577], ret:         31 } hitcount:       1949
{ common_pid: mc-worker       [    347581], ret:         32 } hitcount:       1997
{ common_pid: mc-worker       [    347575], ret:         30 } hitcount:       2044
{ common_pid: mc-worker       [    347580], ret:         33 } hitcount:       2076
{ common_pid: mc-worker       [    347579], ret:         30 } hitcount:       2194
{ common_pid: mc-worker       [    347582], ret:         29 } hitcount:       2207
{ common_pid: mc-worker       [    347581], ret:         31 } hitcount:       2260
{ common_pid: mc-worker       [    347578], ret:         28 } hitcount:       2267
{ common_pid: mc-worker       [    347576], ret:         28 } hitcount:       2282
{ common_pid: mc-worker       [    347577], ret:         30 } hitcount:       2345
{ common_pid: mc-worker       [    347575], ret:         29 } hitcount:       2402
{ common_pid: mc-worker       [    347580], ret:         32 } hitcount:       2417
{ common_pid: mc-worker       [    347582], ret:         28 } hitcount:       2533
{ common_pid: mc-worker       [    347579], ret:         29 } hitcount:       2598
{ common_pid: mc-worker       [    347581], ret:         30 } hitcount:       2604
{ common_pid: mc-worker       [    347578], ret:         27 } hitcount:       2675
{ common_pid: mc-worker       [    347577], ret:         29 } hitcount:       2760
{ common_pid: mc-worker       [    347576], ret:         27 } hitcount:       2769
{ common_pid: mc-worker       [    347578], ret:         26 } hitcount:       2773
{ common_pid: mc-worker       [    347575], ret:         28 } hitcount:       2792
{ common_pid: mc-worker       [    347580], ret:         31 } hitcount:       2831
{ common_pid: mc-worker       [    347581], ret:         29 } hitcount:       2915
{ common_pid: mc-worker       [    347582], ret:         27 } hitcount:       3015
{ common_pid: mc-worker       [    347579], ret:         28 } hitcount:       3065
{ common_pid: mc-worker       [    347576], ret:         26 } hitcount:       3092
{ common_pid: mc-worker       [    347578], ret:         25 } hitcount:       3112
{ common_pid: mc-worker       [    347575], ret:         27 } hitcount:       3156
{ common_pid: mc-worker       [    347580], ret:         30 } hitcount:       3252
{ common_pid: mc-worker       [    347581], ret:         28 } hitcount:       3278
{ common_pid: mc-worker       [    347577], ret:         28 } hitcount:       3286
{ common_pid: mc-worker       [    347582], ret:         26 } hitcount:       3297
{ common_pid: mc-worker       [    347578], ret:         24 } hitcount:       3350
{ common_pid: mc-worker       [    347579], ret:         27 } hitcount:       3408
{ common_pid: mc-worker       [    347580], ret:         29 } hitcount:       3412
{ common_pid: mc-worker       [    347576], ret:         25 } hitcount:       3475
{ common_pid: mc-worker       [    347581], ret:         27 } hitcount:       3511
{ common_pid: mc-worker       [    347575], ret:         26 } hitcount:       3528
{ common_pid: mc-worker       [    347582], ret:         25 } hitcount:       3575
{ common_pid: mc-worker       [    347578], ret:         23 } hitcount:       3582
{ common_pid: mc-worker       [    347576], ret:         24 } hitcount:       3666
{ common_pid: mc-worker       [    347577], ret:         27 } hitcount:       3685
{ common_pid: mc-worker       [    347578], ret:         22 } hitcount:       3746
{ common_pid: mc-worker       [    347581], ret:         26 } hitcount:       3756
{ common_pid: mc-worker       [    347582], ret:         24 } hitcount:       3770
{ common_pid: mc-worker       [    347579], ret:         26 } hitcount:       3798
{ common_pid: mc-worker       [    347581], ret:         25 } hitcount:       3823
{ common_pid: mc-worker       [    347580], ret:         28 } hitcount:       3849
{ common_pid: mc-worker       [    347581], ret:         22 } hitcount:       3902
{ common_pid: mc-worker       [    347575], ret:         25 } hitcount:       3906
{ common_pid: mc-worker       [    347578], ret:         21 } hitcount:       3911
{ common_pid: mc-worker       [    347579], ret:         25 } hitcount:       3917
{ common_pid: mc-worker       [    347581], ret:         23 } hitcount:       3979
{ common_pid: mc-worker       [    347581], ret:         24 } hitcount:       3992
{ common_pid: mc-worker       [    347577], ret:         26 } hitcount:       3992
{ common_pid: mc-worker       [    347581], ret:         21 } hitcount:       3994
{ common_pid: mc-worker       [    347580], ret:         20 } hitcount:       4047
{ common_pid: mc-worker       [    347582], ret:         22 } hitcount:       4062
{ common_pid: mc-worker       [    347582], ret:         23 } hitcount:       4078
{ common_pid: mc-worker       [    347576], ret:         23 } hitcount:       4080
{ common_pid: mc-worker       [    347582], ret:         21 } hitcount:       4101
{ common_pid: mc-worker       [    347580], ret:         27 } hitcount:       4143
{ common_pid: mc-worker       [    347580], ret:         19 } hitcount:       4152
{ common_pid: mc-worker       [    347581], ret:         20 } hitcount:       4181
{ common_pid: mc-worker       [    347576], ret:         22 } hitcount:       4182
{ common_pid: mc-worker       [    347578], ret:         20 } hitcount:       4183
{ common_pid: mc-worker       [    347580], ret:         26 } hitcount:       4206
{ common_pid: mc-worker       [    347579], ret:         24 } hitcount:       4206
{ common_pid: mc-worker       [    347575], ret:         24 } hitcount:       4216
{ common_pid: mc-worker       [    347582], ret:         20 } hitcount:       4219
{ common_pid: mc-worker       [    347580], ret:         23 } hitcount:       4231
{ common_pid: mc-worker       [    347578], ret:         19 } hitcount:       4237
{ common_pid: mc-worker       [    347580], ret:         21 } hitcount:       4273
{ common_pid: mc-worker       [    347577], ret:         25 } hitcount:       4280
{ common_pid: mc-worker       [    347580], ret:         18 } hitcount:       4280
{ common_pid: mc-worker       [    347575], ret:         23 } hitcount:       4281
{ common_pid: mc-worker       [    347580], ret:         22 } hitcount:       4294
{ common_pid: mc-worker       [    347576], ret:         21 } hitcount:       4305
{ common_pid: mc-worker       [    347581], ret:         19 } hitcount:       4321
{ common_pid: mc-worker       [    347580], ret:         25 } hitcount:       4334
{ common_pid: mc-worker       [    347580], ret:         24 } hitcount:       4347
{ common_pid: mc-worker       [    347579], ret:         20 } hitcount:       4354
{ common_pid: mc-worker       [    347579], ret:         22 } hitcount:       4359
{ common_pid: mc-worker       [    347579], ret:         21 } hitcount:       4368
{ common_pid: mc-worker       [    347579], ret:         23 } hitcount:       4374
{ common_pid: mc-worker       [    347582], ret:         19 } hitcount:       4395
{ common_pid: mc-worker       [    347579], ret:         19 } hitcount:       4405
{ common_pid: mc-worker       [    347576], ret:         20 } hitcount:       4430
{ common_pid: mc-worker       [    347575], ret:         21 } hitcount:       4445
{ common_pid: mc-worker       [    347581], ret:         18 } hitcount:       4457
{ common_pid: mc-worker       [    347582], ret:         18 } hitcount:       4461
{ common_pid: mc-worker       [    347580], ret:         17 } hitcount:       4465
{ common_pid: mc-worker       [    347578], ret:         18 } hitcount:       4474
{ common_pid: mc-worker       [    347579], ret:         18 } hitcount:       4518
{ common_pid: mc-worker       [    347575], ret:         20 } hitcount:       4547
{ common_pid: mc-worker       [    347575], ret:         19 } hitcount:       4549
{ common_pid: mc-worker       [    347575], ret:         22 } hitcount:       4564
{ common_pid: mc-worker       [    347576], ret:         19 } hitcount:       4597
{ common_pid: mc-worker       [    347577], ret:         17 } hitcount:       4604
{ common_pid: mc-worker       [    347576], ret:         18 } hitcount:       4631
{ common_pid: mc-worker       [    347577], ret:         20 } hitcount:       4651
{ common_pid: mc-worker       [    347577], ret:         18 } hitcount:       4657
{ common_pid: mc-worker       [    347577], ret:         24 } hitcount:       4659
{ common_pid: mc-worker       [    347577], ret:         19 } hitcount:       4659
{ common_pid: mc-worker       [    347577], ret:         22 } hitcount:       4679
{ common_pid: mc-worker       [    347575], ret:         18 } hitcount:       4679
{ common_pid: mc-worker       [    347577], ret:         23 } hitcount:       4736
{ common_pid: mc-worker       [    347582], ret:         17 } hitcount:       4766
{ common_pid: mc-worker       [    347577], ret:         21 } hitcount:       4776
{ common_pid: mc-worker       [    347580], ret:         16 } hitcount:       4792
{ common_pid: mc-worker       [    347579], ret:         17 } hitcount:       4820
{ common_pid: mc-worker       [    347576], ret:         17 } hitcount:       4854
{ common_pid: mc-worker       [    347577], ret:         16 } hitcount:       4860
{ common_pid: mc-worker       [    347575], ret:         17 } hitcount:       4902
{ common_pid: mc-worker       [    347578], ret:         17 } hitcount:       4904
{ common_pid: mc-worker       [    347581], ret:         17 } hitcount:       4982
{ common_pid: mc-worker       [    347579], ret:         16 } hitcount:       5046
{ common_pid: mc-worker       [    347582], ret:         16 } hitcount:       5149
{ common_pid: mc-worker       [    347576], ret:         16 } hitcount:       5194
{ common_pid: mc-worker       [    347575], ret:         16 } hitcount:       5211
{ common_pid: mc-worker       [    347578], ret:         16 } hitcount:       5349
{ common_pid: mc-worker       [    347581], ret:         16 } hitcount:       5363
{ common_pid: mc-worker       [    347580], ret:         15 } hitcount:       5385
{ common_pid: mc-worker       [    347577], ret:         15 } hitcount:       5387
{ common_pid: mc-worker       [    347579], ret:         15 } hitcount:       5494
{ common_pid: mc-worker       [    347575], ret:         15 } hitcount:       5635
{ common_pid: mc-worker       [    347582], ret:         15 } hitcount:       5736
{ common_pid: mc-worker       [    347576], ret:         15 } hitcount:       5742
{ common_pid: mc-worker       [    347577], ret:         14 } hitcount:       5839
{ common_pid: mc-worker       [    347580], ret:         14 } hitcount:       5919
{ common_pid: mc-worker       [    347578], ret:         15 } hitcount:       6026
{ common_pid: mc-worker       [    347581], ret:         15 } hitcount:       6205
{ common_pid: mc-worker       [    347576], ret:         14 } hitcount:       6297
{ common_pid: mc-worker       [    347579], ret:         14 } hitcount:       6303
{ common_pid: mc-worker       [    347575], ret:         14 } hitcount:       6376
{ common_pid: mc-worker       [    347582], ret:         14 } hitcount:       6426
{ common_pid: mc-worker       [    347577], ret:         13 } hitcount:       6554
{ common_pid: mc-worker       [    347580], ret:         13 } hitcount:       6583
{ common_pid: mc-worker       [    347581], ret:         14 } hitcount:       6883
{ common_pid: mc-worker       [    347579], ret:         13 } hitcount:       6885
{ common_pid: mc-worker       [    347578], ret:         14 } hitcount:       6978
{ common_pid: mc-worker       [    347575], ret:         13 } hitcount:       7276
{ common_pid: mc-worker       [    347577], ret:         12 } hitcount:       7327
{ common_pid: mc-worker       [    347580], ret:         12 } hitcount:       7332
{ common_pid: mc-worker       [    347582], ret:         13 } hitcount:       7346
{ common_pid: mc-worker       [    347576], ret:         13 } hitcount:       7369
{ common_pid: mc-worker       [    347581], ret:         13 } hitcount:       7696
{ common_pid: mc-worker       [    347578], ret:         13 } hitcount:       7777
{ common_pid: mc-worker       [    347579], ret:         12 } hitcount:       8061
{ common_pid: mc-worker       [    347575], ret:         12 } hitcount:       8235
{ common_pid: mc-worker       [    347577], ret:         11 } hitcount:       8310
{ common_pid: mc-worker       [    347580], ret:         11 } hitcount:       8353
{ common_pid: mc-worker       [    347582], ret:         12 } hitcount:       8358
{ common_pid: mc-worker       [    347576], ret:         12 } hitcount:       8452
{ common_pid: mc-worker       [    347581], ret:         12 } hitcount:       8559
{ common_pid: mc-worker       [    347579], ret:         11 } hitcount:       9014
{ common_pid: mc-worker       [    347580], ret:         10 } hitcount:       9081
{ common_pid: mc-worker       [    347577], ret:         10 } hitcount:       9143
{ common_pid: mc-worker       [    347578], ret:         12 } hitcount:       9171
{ common_pid: mc-worker       [    347575], ret:         11 } hitcount:       9483
{ common_pid: mc-worker       [    347582], ret:         11 } hitcount:       9536
{ common_pid: mc-worker       [    347581], ret:         11 } hitcount:       9537
{ common_pid: mc-worker       [    347576], ret:         11 } hitcount:       9563
{ common_pid: mc-worker       [    347579], ret:         10 } hitcount:       9958
{ common_pid: mc-worker       [    347580], ret:          9 } hitcount:      10077
{ common_pid: mc-worker       [    347577], ret:          9 } hitcount:      10248
{ common_pid: mc-worker       [    347578], ret:         11 } hitcount:      10261
{ common_pid: mc-worker       [    347575], ret:         10 } hitcount:      10712
{ common_pid: mc-worker       [    347581], ret:         10 } hitcount:      10726
{ common_pid: mc-worker       [    347582], ret:         10 } hitcount:      10775
{ common_pid: mc-worker       [    347576], ret:         10 } hitcount:      10979
{ common_pid: mc-worker       [    347580], ret:          8 } hitcount:      11351
{ common_pid: mc-worker       [    347579], ret:          9 } hitcount:      11424
{ common_pid: mc-worker       [    347575], ret:          9 } hitcount:      11502
{ common_pid: mc-worker       [    347577], ret:          8 } hitcount:      11596
{ common_pid: mc-worker       [    347578], ret:         10 } hitcount:      11810
{ common_pid: mc-worker       [    347581], ret:          9 } hitcount:      11823
{ common_pid: mc-worker       [    347582], ret:          9 } hitcount:      12081
{ common_pid: mc-worker       [    347576], ret:          9 } hitcount:      12256
{ common_pid: mc-worker       [    347579], ret:          8 } hitcount:      12713
{ common_pid: mc-worker       [    347580], ret:          7 } hitcount:      12879
{ common_pid: mc-worker       [    347581], ret:          8 } hitcount:      12890
{ common_pid: mc-worker       [    347575], ret:          8 } hitcount:      13010
{ common_pid: mc-worker       [    347577], ret:          7 } hitcount:      13169
{ common_pid: mc-worker       [    347578], ret:          9 } hitcount:      13239
{ common_pid: mc-worker       [    347576], ret:          8 } hitcount:      13535
{ common_pid: mc-worker       [    347582], ret:          8 } hitcount:      13679
{ common_pid: mc-worker       [    347579], ret:          7 } hitcount:      14332
{ common_pid: mc-worker       [    347575], ret:          7 } hitcount:      14436
{ common_pid: mc-worker       [    347578], ret:          8 } hitcount:      14801
{ common_pid: mc-worker       [    347580], ret:          6 } hitcount:      14937
{ common_pid: mc-worker       [    347581], ret:          7 } hitcount:      14995
{ common_pid: mc-worker       [    347577], ret:          6 } hitcount:      15118
{ common_pid: mc-worker       [    347582], ret:          7 } hitcount:      15660
{ common_pid: mc-worker       [    347576], ret:          7 } hitcount:      15710
{ common_pid: mc-worker       [    347579], ret:          6 } hitcount:      16564
{ common_pid: mc-worker       [    347575], ret:          6 } hitcount:      16594
{ common_pid: mc-worker       [    347578], ret:          7 } hitcount:      16944
{ common_pid: mc-worker       [    347581], ret:          6 } hitcount:      17351
{ common_pid: mc-worker       [    347582], ret:          6 } hitcount:      18143
{ common_pid: mc-worker       [    347580], ret:          5 } hitcount:      18167
{ common_pid: mc-worker       [    347576], ret:          6 } hitcount:      18202
{ common_pid: mc-worker       [    347577], ret:          5 } hitcount:      19097
{ common_pid: mc-worker       [    347578], ret:          6 } hitcount:      19544
{ common_pid: mc-worker       [    347575], ret:          5 } hitcount:      20593
{ common_pid: mc-worker       [    347579], ret:          5 } hitcount:      20696
{ common_pid: mc-worker       [    347575], ret:          1 } hitcount:      21128
{ common_pid: mc-worker       [    347581], ret:          5 } hitcount:      21570
{ common_pid: mc-worker       [    347580], ret:          1 } hitcount:      21792
{ common_pid: mc-worker       [    347576], ret:          5 } hitcount:      22887
{ common_pid: mc-worker       [    347582], ret:          5 } hitcount:      22956
{ common_pid: mc-worker       [    347580], ret:          4 } hitcount:      24181
{ common_pid: mc-worker       [    347577], ret:          1 } hitcount:      24608
{ common_pid: mc-worker       [    347578], ret:          5 } hitcount:      24653
{ common_pid: mc-worker       [    347577], ret:          4 } hitcount:      25176
{ common_pid: mc-worker       [    347579], ret:          1 } hitcount:      25254
{ common_pid: mc-worker       [    347581], ret:          1 } hitcount:      26601
{ common_pid: mc-worker       [    347575], ret:          4 } hitcount:      27151
{ common_pid: mc-worker       [    347579], ret:          4 } hitcount:      27314
{ common_pid: mc-worker       [    347582], ret:          1 } hitcount:      27598
{ common_pid: mc-worker       [    347581], ret:          4 } hitcount:      28205
{ common_pid: mc-worker       [    347576], ret:          1 } hitcount:      29102
{ common_pid: mc-worker       [    347576], ret:          4 } hitcount:      29946
{ common_pid: mc-worker       [    347582], ret:          4 } hitcount:      30106
{ common_pid: mc-worker       [    347580], ret:          3 } hitcount:      31500
{ common_pid: mc-worker       [    347578], ret:          1 } hitcount:      31601
{ common_pid: mc-worker       [    347578], ret:          4 } hitcount:      32558
{ common_pid: mc-worker       [    347577], ret:          3 } hitcount:      32987
{ common_pid: mc-worker       [    347580], ret:          2 } hitcount:      33201
{ common_pid: mc-worker       [    347575], ret:          3 } hitcount:      33825
{ common_pid: mc-worker       [    347575], ret:          2 } hitcount:      34659
{ common_pid: mc-worker       [    347579], ret:          3 } hitcount:      35748
{ common_pid: mc-worker       [    347577], ret:          2 } hitcount:      36233
{ common_pid: mc-worker       [    347581], ret:          3 } hitcount:      36468
{ common_pid: mc-worker       [    347579], ret:          2 } hitcount:      38466
{ common_pid: mc-worker       [    347576], ret:          3 } hitcount:      38675
{ common_pid: mc-worker       [    347582], ret:          3 } hitcount:      39197
{ common_pid: mc-worker       [    347581], ret:          2 } hitcount:      39270
{ common_pid: mc-worker       [    347576], ret:          2 } hitcount:      41922
{ common_pid: mc-worker       [    347582], ret:          2 } hitcount:      42023
{ common_pid: mc-worker       [    347578], ret:          3 } hitcount:      42279
{ common_pid: mc-worker       [    347578], ret:          2 } hitcount:      46268
