{ common_pid: mc-worker       [    202402], ret:         42 } hitcount:          1
{ common_pid: mc-worker       [    202408], ret:         38 } hitcount:          1
{ common_pid: mc-worker       [    202406], ret:        212 } hitcount:          1
{ common_pid: mc-worker       [    202405], ret:        407 } hitcount:          1
{ common_pid: mc-worker       [    202405], ret:         68 } hitcount:          1
{ common_pid: mc-worker       [    202406], ret:        272 } hitcount:          1
{ common_pid: mc-worker       [    202404], ret:         59 } hitcount:          1
{ common_pid: mc-worker       [    202401], ret:        100 } hitcount:          1
{ common_pid: mc-worker       [    202405], ret:        111 } hitcount:          1
{ common_pid: mc-worker       [    202407], ret:         45 } hitcount:          1
{ common_pid: mc-worker       [    202407], ret:         63 } hitcount:          1
{ common_pid: mc-worker       [    202405], ret:        256 } hitcount:          1
{ common_pid: mc-worker       [    202406], ret:        415 } hitcount:          1
{ common_pid: mc-worker       [    202406], ret:        457 } hitcount:          1
{ common_pid: mc-worker       [    202406], ret:         71 } hitcount:          1
{ common_pid: mc-worker       [    202408], ret:        512 } hitcount:          1
{ common_pid: mc-worker       [    202408], ret:         41 } hitcount:          1
{ common_pid: mc-worker       [    202401], ret:         43 } hitcount:          1
{ common_pid: mc-worker       [    202402], ret:        135 } hitcount:          1
{ common_pid: mc-worker       [    202406], ret:        296 } hitcount:          1
{ common_pid: mc-worker       [    202407], ret:        114 } hitcount:          1
{ common_pid: mc-worker       [    202406], ret:         82 } hitcount:          1
{ common_pid: mc-worker       [    202401], ret:         56 } hitcount:          1
{ common_pid: mc-worker       [    202405], ret:         83 } hitcount:          1
{ common_pid: mc-worker       [    202406], ret:        183 } hitcount:          1
{ common_pid: mc-worker       [    202402], ret:         49 } hitcount:          1
{ common_pid: mc-worker       [    202406], ret:         75 } hitcount:          1
{ common_pid: mc-worker       [    202406], ret:        310 } hitcount:          1
{ common_pid: mc-worker       [    202404], ret:        179 } hitcount:          1
{ common_pid: mc-worker       [    202402], ret:        114 } hitcount:          1
{ common_pid: mc-worker       [    202407], ret:         99 } hitcount:          1
{ common_pid: mc-worker       [    202406], ret:        137 } hitcount:          1
{ common_pid: mc-worker       [    202405], ret:         73 } hitcount:          1
{ common_pid: mc-worker       [    202406], ret:         94 } hitcount:          1
{ common_pid: mc-worker       [    202406], ret:        265 } hitcount:          1
{ common_pid: mc-worker       [    202406], ret:         70 } hitcount:          1
{ common_pid: mc-worker       [    202407], ret:         44 } hitcount:          1
{ common_pid: mc-worker       [    202401], ret:         50 } hitcount:          1
{ common_pid: mc-worker       [    202405], ret:         50 } hitcount:          1
{ common_pid: mc-worker       [    202405], ret:        238 } hitcount:          1
{ common_pid: mc-worker       [    202406], ret:         76 } hitcount:          1
{ common_pid: mc-worker       [    202401], ret:        118 } hitcount:          1
{ common_pid: mc-worker       [    202405], ret:         91 } hitcount:          1
{ common_pid: mc-worker       [    202403], ret:        182 } hitcount:          1
{ common_pid: mc-worker       [    202401], ret:        417 } hitcount:          1
{ common_pid: mc-worker       [    202401], ret:        110 } hitcount:          1
{ common_pid: mc-worker       [    202403], ret:         45 } hitcount:          1
{ common_pid: mc-worker       [    202404], ret:         48 } hitcount:          1
{ common_pid: mc-worker       [    202405], ret:        280 } hitcount:          1
{ common_pid: mc-worker       [    202406], ret:        287 } hitcount:          1
{ common_pid: mc-worker       [    202403], ret:         42 } hitcount:          1
{ common_pid: mc-worker       [    202406], ret:        125 } hitcount:          1
{ common_pid: mc-worker       [    202406], ret:        120 } hitcount:          1
{ common_pid: mc-worker       [    202405], ret:         84 } hitcount:          1
{ common_pid: mc-worker       [    202406], ret:        145 } hitcount:          1
{ common_pid: mc-worker       [    202403], ret:        127 } hitcount:          1
{ common_pid: mc-worker       [    202403], ret:        107 } hitcount:          1
{ common_pid: mc-worker       [    202407], ret:        128 } hitcount:          1
{ common_pid: mc-worker       [    202406], ret:        185 } hitcount:          1
{ common_pid: mc-worker       [    202401], ret:        160 } hitcount:          1
{ common_pid: mc-worker       [    202404], ret:         50 } hitcount:          1
{ common_pid: mc-worker       [    202401], ret:         47 } hitcount:          1
{ common_pid: mc-worker       [    202401], ret:        107 } hitcount:          1
{ common_pid: mc-worker       [    202405], ret:        100 } hitcount:          1
{ common_pid: mc-worker       [    202406], ret:        483 } hitcount:          1
{ common_pid: mc-worker       [    202404], ret:        166 } hitcount:          1
{ common_pid: mc-worker       [    202406], ret:        112 } hitcount:          1
{ common_pid: mc-worker       [    202403], ret:        114 } hitcount:          1
{ common_pid: mc-worker       [    202406], ret:         73 } hitcount:          1
{ common_pid: mc-worker       [    202405], ret:        488 } hitcount:          1
{ common_pid: mc-worker       [    202407], ret:         56 } hitcount:          1
{ common_pid: mc-worker       [    202406], ret:         93 } hitcount:          1
{ common_pid: mc-worker       [    202405], ret:         96 } hitcount:          1
{ common_pid: mc-worker       [    202406], ret:        452 } hitcount:          1
{ common_pid: mc-worker       [    202402], ret:         46 } hitcount:          1
{ common_pid: mc-worker       [    202401], ret:         96 } hitcount:          1
{ common_pid: mc-worker       [    202402], ret:         54 } hitcount:          1
{ common_pid: mc-worker       [    202401], ret:         44 } hitcount:          1
{ common_pid: mc-worker       [    202406], ret:         90 } hitcount:          1
{ common_pid: mc-worker       [    202408], ret:         44 } hitcount:          1
{ common_pid: mc-worker       [    202406], ret:        103 } hitcount:          1
{ common_pid: mc-worker       [    202405], ret:        361 } hitcount:          1
{ common_pid: mc-worker       [    202406], ret:        179 } hitcount:          1
{ common_pid: mc-worker       [    202406], ret:         85 } hitcount:          1
{ common_pid: mc-worker       [    202405], ret:        331 } hitcount:          1
{ common_pid: mc-worker       [    202406], ret:        210 } hitcount:          1
{ common_pid: mc-worker       [    202406], ret:         91 } hitcount:          1
{ common_pid: mc-worker       [    202405], ret:        155 } hitcount:          1
{ common_pid: mc-worker       [    202406], ret:        384 } hitcount:          1
{ common_pid: mc-worker       [    202401], ret:         95 } hitcount:          1
{ common_pid: mc-worker       [    202405], ret:        330 } hitcount:          1
{ common_pid: mc-worker       [    202406], ret:         97 } hitcount:          1
{ common_pid: mc-worker       [    202406], ret:        146 } hitcount:          1
{ common_pid: mc-worker       [    202404], ret:        108 } hitcount:          1
{ common_pid: mc-worker       [    202402], ret:        123 } hitcount:          1
{ common_pid: mc-worker       [    202406], ret:        152 } hitcount:          1
{ common_pid: mc-worker       [    202407], ret:        183 } hitcount:          1
{ common_pid: mc-worker       [    202407], ret:         62 } hitcount:          1
{ common_pid: mc-worker       [    202406], ret:        378 } hitcount:          1
{ common_pid: mc-worker       [    202402], ret:         44 } hitcount:          1
{ common_pid: mc-worker       [    202406], ret:        283 } hitcount:          1
{ common_pid: mc-worker       [    202405], ret:        212 } hitcount:          1
{ common_pid: mc-worker       [    202406], ret:        337 } hitcount:          1
{ common_pid: mc-worker       [    202405], ret:        108 } hitcount:          1
{ common_pid: mc-worker       [    202404], ret:         47 } hitcount:          1
{ common_pid: mc-worker       [    202406], ret:        159 } hitcount:          1
{ common_pid: mc-worker       [    202401], ret:        135 } hitcount:          1
{ common_pid: mc-worker       [    202406], ret:        419 } hitcount:          1
{ common_pid: mc-worker       [    202406], ret:        115 } hitcount:          1
{ common_pid: mc-worker       [    202406], ret:        297 } hitcount:          1
{ common_pid: mc-worker       [    202401], ret:        212 } hitcount:          1
{ common_pid: mc-worker       [    202406], ret:        208 } hitcount:          1
{ common_pid: mc-worker       [    202402], ret:         47 } hitcount:          1
{ common_pid: mc-worker       [    202402], ret:        192 } hitcount:          1
{ common_pid: mc-worker       [    202404], ret:        128 } hitcount:          1
{ common_pid: mc-worker       [    202405], ret:        122 } hitcount:          1
{ common_pid: mc-worker       [    202404], ret:         70 } hitcount:          1
{ common_pid: mc-worker       [    202405], ret:         89 } hitcount:          1
{ common_pid: mc-worker       [    202406], ret:        256 } hitcount:          1
{ common_pid: mc-worker       [    202406], ret:        160 } hitcount:          1
{ common_pid: mc-worker       [    202401], ret:         40 } hitcount:          1
{ common_pid: mc-worker       [    202402], ret:         48 } hitcount:          1
{ common_pid: mc-worker       [    202406], ret:         92 } hitcount:          2
{ common_pid: mc-worker       [    202401], ret:         42 } hitcount:          2
{ common_pid: mc-worker       [    202404], ret:         57 } hitcount:          2
{ common_pid: mc-worker       [    202406], ret:         80 } hitcount:          2
{ common_pid: mc-worker       [    202406], ret:         95 } hitcount:          2
{ common_pid: mc-worker       [    202407], ret:         40 } hitcount:          2
{ common_pid: mc-worker       [    202405], ret:         62 } hitcount:          2
{ common_pid: mc-worker       [    202405], ret:        121 } hitcount:          2
{ common_pid: mc-worker       [    202401], ret:         45 } hitcount:          2
{ common_pid: mc-worker       [    202405], ret:         67 } hitcount:          2
{ common_pid: mc-worker       [    202404], ret:         44 } hitcount:          2
{ common_pid: mc-worker       [    202406], ret:         98 } hitcount:          2
{ common_pid: mc-worker       [    202406], ret:         87 } hitcount:          2
{ common_pid: mc-worker       [    202406], ret:         89 } hitcount:          2
{ common_pid: mc-worker       [    202405], ret:         66 } hitcount:          2
{ common_pid: mc-worker       [    202406], ret:        140 } hitcount:          2
{ common_pid: mc-worker       [    202406], ret:         83 } hitcount:          2
{ common_pid: mc-worker       [    202406], ret:        111 } hitcount:          2
{ common_pid: mc-worker       [    202405], ret:         40 } hitcount:          2
{ common_pid: mc-worker       [    202408], ret:         43 } hitcount:          2
{ common_pid: mc-worker       [    202405], ret:         47 } hitcount:          2
{ common_pid: mc-worker       [    202405], ret:        189 } hitcount:          2
{ common_pid: mc-worker       [    202406], ret:        170 } hitcount:          2
{ common_pid: mc-worker       [    202405], ret:         52 } hitcount:          2
{ common_pid: mc-worker       [    202408], ret:         35 } hitcount:          2
{ common_pid: mc-worker       [    202404], ret:         43 } hitcount:          2
{ common_pid: mc-worker       [    202403], ret:         44 } hitcount:          3
{ common_pid: mc-worker       [    202405], ret:         42 } hitcount:          3
{ common_pid: mc-worker       [    202408], ret:         39 } hitcount:          3
{ common_pid: mc-worker       [    202405], ret:         56 } hitcount:          3
{ common_pid: mc-worker       [    202403], ret:         39 } hitcount:          3
{ common_pid: mc-worker       [    202408], ret:         36 } hitcount:          3
{ common_pid: mc-worker       [    202406], ret:         46 } hitcount:          3
{ common_pid: mc-worker       [    202408], ret:         37 } hitcount:          3
{ common_pid: mc-worker       [    202403], ret:         40 } hitcount:          3
{ common_pid: mc-worker       [    202402], ret:         41 } hitcount:          3
{ common_pid: mc-worker       [    202405], ret:         51 } hitcount:          3
{ common_pid: mc-worker       [    202404], ret:         39 } hitcount:          3
{ common_pid: mc-worker       [    202402], ret:         45 } hitcount:          3
{ common_pid: mc-worker       [    202403], ret:         41 } hitcount:          3
{ common_pid: mc-worker       [    202406], ret:         69 } hitcount:          3
{ common_pid: mc-worker       [    202405], ret:         54 } hitcount:          3
{ common_pid: mc-worker       [    202401], ret:         36 } hitcount:          3
{ common_pid: mc-worker       [    202407], ret:         38 } hitcount:          3
{ common_pid: mc-worker       [    202407], ret:         42 } hitcount:          3
{ common_pid: mc-worker       [    202405], ret:         46 } hitcount:          3
{ common_pid: mc-worker       [    202405], ret:         55 } hitcount:          3
{ common_pid: mc-worker       [    202401], ret:         41 } hitcount:          3
{ common_pid: mc-worker       [    202405], ret:         69 } hitcount:          3
{ common_pid: mc-worker       [    202404], ret:         40 } hitcount:          4
{ common_pid: mc-worker       [    202407], ret:         39 } hitcount:          4
{ common_pid: mc-worker       [    202408], ret:         40 } hitcount:          4
{ common_pid: mc-worker       [    202403], ret:         43 } hitcount:          4
{ common_pid: mc-worker       [    202406], ret:         48 } hitcount:          4
{ common_pid: mc-worker       [    202405], ret:         39 } hitcount:          4
{ common_pid: mc-worker       [    202408], ret:         42 } hitcount:          4
{ common_pid: mc-worker       [    202406], ret:         44 } hitcount:          4
{ common_pid: mc-worker       [    202405], ret:         58 } hitcount:          4
{ common_pid: mc-worker       [    202405], ret:         60 } hitcount:          4
{ common_pid: mc-worker       [    202401], ret:         37 } hitcount:          4
{ common_pid: mc-worker       [    202406], ret:         47 } hitcount:          5
{ common_pid: mc-worker       [    202406], ret:         50 } hitcount:          5
{ common_pid: mc-worker       [    202405], ret:         53 } hitcount:          5
{ common_pid: mc-worker       [    202406], ret:         43 } hitcount:          5
{ common_pid: mc-worker       [    202406], ret:         53 } hitcount:          5
{ common_pid: mc-worker       [    202403], ret:         37 } hitcount:          5
{ common_pid: mc-worker       [    202404], ret:         38 } hitcount:          5
{ common_pid: mc-worker       [    202406], ret:         68 } hitcount:          5
{ common_pid: mc-worker       [    202404], ret:         36 } hitcount:          5
{ common_pid: mc-worker       [    202405], ret:         41 } hitcount:          6
{ common_pid: mc-worker       [    202405], ret:         36 } hitcount:          6
{ common_pid: mc-worker       [    202407], ret:         34 } hitcount:          6
{ common_pid: mc-worker       [    202406], ret:         45 } hitcount:          6
{ common_pid: mc-worker       [    202406], ret:         39 } hitcount:          6
{ common_pid: mc-worker       [    202405], ret:         38 } hitcount:          6
{ common_pid: mc-worker       [    202401], ret:         39 } hitcount:          6
{ common_pid: mc-worker       [    202406], ret:         67 } hitcount:          6
{ common_pid: mc-worker       [    202402], ret:         39 } hitcount:          6
{ common_pid: mc-worker       [    202405], ret:         61 } hitcount:          6
{ common_pid: mc-worker       [    202407], ret:         36 } hitcount:          6
{ common_pid: mc-worker       [    202405], ret:         65 } hitcount:          6
{ common_pid: mc-worker       [    202402], ret:         43 } hitcount:          6
{ common_pid: mc-worker       [    202402], ret:         40 } hitcount:          6
{ common_pid: mc-worker       [    202403], ret:         34 } hitcount:          7
{ common_pid: mc-worker       [    202406], ret:         37 } hitcount:          7
{ common_pid: mc-worker       [    202406], ret:         52 } hitcount:          7
{ common_pid: mc-worker       [    202406], ret:         49 } hitcount:          7
{ common_pid: mc-worker       [    202401], ret:         38 } hitcount:          7
{ common_pid: mc-worker       [    202406], ret:         42 } hitcount:          7
{ common_pid: mc-worker       [    202403], ret:         38 } hitcount:          7
{ common_pid: mc-worker       [    202405], ret:         57 } hitcount:          7
{ common_pid: mc-worker       [    202406], ret:         65 } hitcount:          7
{ common_pid: mc-worker       [    202407], ret:         37 } hitcount:          8
{ common_pid: mc-worker       [    202406], ret:         66 } hitcount:          8
{ common_pid: mc-worker       [    202403], ret:         36 } hitcount:          8
{ common_pid: mc-worker       [    202401], ret:         34 } hitcount:          8
{ common_pid: mc-worker       [    202408], ret:         28 } hitcount:          8
{ common_pid: mc-worker       [    202404], ret:         41 } hitcount:          8
{ common_pid: mc-worker       [    202406], ret:         51 } hitcount:          8
{ common_pid: mc-worker       [    202405], ret:         37 } hitcount:          8
{ common_pid: mc-worker       [    202408], ret:         34 } hitcount:          9
{ common_pid: mc-worker       [    202401], ret:         33 } hitcount:          9
{ common_pid: mc-worker       [    202404], ret:         37 } hitcount:          9
{ common_pid: mc-worker       [    202407], ret:         35 } hitcount:          9
{ common_pid: mc-worker       [    202405], ret:         63 } hitcount:         10
{ common_pid: mc-worker       [    202408], ret:         29 } hitcount:         10
{ common_pid: mc-worker       [    202406], ret:         40 } hitcount:         10
{ common_pid: mc-worker       [    202406], ret:         41 } hitcount:         10
{ common_pid: mc-worker       [    202406], ret:         64 } hitcount:         10
{ common_pid: mc-worker       [    202402], ret:         35 } hitcount:         10
{ common_pid: mc-worker       [    202401], ret:         35 } hitcount:         10
{ common_pid: mc-worker       [    202402], ret:         38 } hitcount:         10
{ common_pid: mc-worker       [    202408], ret:         32 } hitcount:         10
{ common_pid: mc-worker       [    202406], ret:         38 } hitcount:         11
{ common_pid: mc-worker       [    202405], ret:         64 } hitcount:         11
{ common_pid: mc-worker       [    202408], ret:         31 } hitcount:         11
{ common_pid: mc-worker       [    202403], ret:         29 } hitcount:         11
{ common_pid: mc-worker       [    202405], ret:         59 } hitcount:         11
{ common_pid: mc-worker       [    202403], ret:         35 } hitcount:         12
{ common_pid: mc-worker       [    202408], ret:         25 } hitcount:         12
{ common_pid: mc-worker       [    202406], ret:         57 } hitcount:         12
{ common_pid: mc-worker       [    202402], ret:         37 } hitcount:         12
{ common_pid: mc-worker       [    202406], ret:         56 } hitcount:         13
{ common_pid: mc-worker       [    202401], ret:         32 } hitcount:         13
{ common_pid: mc-worker       [    202408], ret:         33 } hitcount:         13
{ common_pid: mc-worker       [    202403], ret:         33 } hitcount:         13
{ common_pid: mc-worker       [    202407], ret:         33 } hitcount:         14
{ common_pid: mc-worker       [    202403], ret:         31 } hitcount:         14
{ common_pid: mc-worker       [    202401], ret:         31 } hitcount:         14
{ common_pid: mc-worker       [    202408], ret:         30 } hitcount:         15
{ common_pid: mc-worker       [    202402], ret:         36 } hitcount:         15
{ common_pid: mc-worker       [    202404], ret:         35 } hitcount:         15
{ common_pid: mc-worker       [    202406], ret:         55 } hitcount:         15
{ common_pid: mc-worker       [    202405], ret:         35 } hitcount:         16
{ common_pid: mc-worker       [    202406], ret:         36 } hitcount:         16
{ common_pid: mc-worker       [    202408], ret:         27 } hitcount:         16
{ common_pid: mc-worker       [    202402], ret:         33 } hitcount:         17
{ common_pid: mc-worker       [    202406], ret:         35 } hitcount:         17
{ common_pid: mc-worker       [    202403], ret:         32 } hitcount:         17
{ common_pid: mc-worker       [    202401], ret:         29 } hitcount:         18
{ common_pid: mc-worker       [    202406], ret:         60 } hitcount:         18
{ common_pid: mc-worker       [    202407], ret:         32 } hitcount:         18
{ common_pid: mc-worker       [    202406], ret:         63 } hitcount:         19
{ common_pid: mc-worker       [    202406], ret:         58 } hitcount:         19
{ common_pid: mc-worker       [    202403], ret:         23 } hitcount:         20
{ common_pid: mc-worker       [    202401], ret:         24 } hitcount:         20
{ common_pid: mc-worker       [    202406], ret:         54 } hitcount:         20
{ common_pid: mc-worker       [    202401], ret:         28 } hitcount:         21
{ common_pid: mc-worker       [    202404], ret:         34 } hitcount:         21
{ common_pid: mc-worker       [    202407], ret:         31 } hitcount:         21
{ common_pid: mc-worker       [    202405], ret:         33 } hitcount:         22
{ common_pid: mc-worker       [    202404], ret:         33 } hitcount:         22
{ common_pid: mc-worker       [    202401], ret:         27 } hitcount:         22
{ common_pid: mc-worker       [    202408], ret:         26 } hitcount:         22
{ common_pid: mc-worker       [    202406], ret:         61 } hitcount:         22
{ common_pid: mc-worker       [    202401], ret:         25 } hitcount:         23
{ common_pid: mc-worker       [    202401], ret:         30 } hitcount:         23
{ common_pid: mc-worker       [    202405], ret:         34 } hitcount:         23
{ common_pid: mc-worker       [    202403], ret:         25 } hitcount:         23
{ common_pid: mc-worker       [    202403], ret:         30 } hitcount:         24
{ common_pid: mc-worker       [    202403], ret:         27 } hitcount:         24
{ common_pid: mc-worker       [    202403], ret:         28 } hitcount:         25
{ common_pid: mc-worker       [    202401], ret:         23 } hitcount:         25
{ common_pid: mc-worker       [    202406], ret:         62 } hitcount:         25
{ common_pid: mc-worker       [    202406], ret:         59 } hitcount:         25
{ common_pid: mc-worker       [    202407], ret:         30 } hitcount:         25
{ common_pid: mc-worker       [    202401], ret:         21 } hitcount:         25
{ common_pid: mc-worker       [    202401], ret:         26 } hitcount:         25
{ common_pid: mc-worker       [    202407], ret:         28 } hitcount:         27
{ common_pid: mc-worker       [    202406], ret:         34 } hitcount:         27
{ common_pid: mc-worker       [    202404], ret:         31 } hitcount:         28
{ common_pid: mc-worker       [    202404], ret:         32 } hitcount:         28
{ common_pid: mc-worker       [    202407], ret:         29 } hitcount:         29
{ common_pid: mc-worker       [    202403], ret:         26 } hitcount:         29
{ common_pid: mc-worker       [    202402], ret:         34 } hitcount:         30
{ common_pid: mc-worker       [    202407], ret:         27 } hitcount:         30
{ common_pid: mc-worker       [    202408], ret:         23 } hitcount:         30
{ common_pid: mc-worker       [    202408], ret:         22 } hitcount:         30
{ common_pid: mc-worker       [    202401], ret:         20 } hitcount:         31
{ common_pid: mc-worker       [    202404], ret:         29 } hitcount:         31
{ common_pid: mc-worker       [    202404], ret:         30 } hitcount:         32
{ common_pid: mc-worker       [    202407], ret:         26 } hitcount:         32
{ common_pid: mc-worker       [    202408], ret:         24 } hitcount:         32
{ common_pid: mc-worker       [    202405], ret:         32 } hitcount:         33
{ common_pid: mc-worker       [    202402], ret:         32 } hitcount:         33
{ common_pid: mc-worker       [    202401], ret:         22 } hitcount:         34
{ common_pid: mc-worker       [    202408], ret:         21 } hitcount:         34
{ common_pid: mc-worker       [    202403], ret:         24 } hitcount:         36
{ common_pid: mc-worker       [    202403], ret:         22 } hitcount:         37
{ common_pid: mc-worker       [    202405], ret:         31 } hitcount:         38
{ common_pid: mc-worker       [    202406], ret:         25 } hitcount:         38
{ common_pid: mc-worker       [    202401], ret:         19 } hitcount:         39
{ common_pid: mc-worker       [    202405], ret:         28 } hitcount:         40
{ common_pid: mc-worker       [    202406], ret:         32 } hitcount:         40
{ common_pid: mc-worker       [    202406], ret:         22 } hitcount:         41
{ common_pid: mc-worker       [    202406], ret:         33 } hitcount:         41
{ common_pid: mc-worker       [    202405], ret:         27 } hitcount:         42
{ common_pid: mc-worker       [    202405], ret:         29 } hitcount:         42
{ common_pid: mc-worker       [    202402], ret:         31 } hitcount:         43
{ common_pid: mc-worker       [    202403], ret:         21 } hitcount:         43
{ common_pid: mc-worker       [    202406], ret:         30 } hitcount:         44
{ common_pid: mc-worker       [    202407], ret:         25 } hitcount:         44
{ common_pid: mc-worker       [    202404], ret:         28 } hitcount:         44
{ common_pid: mc-worker       [    202408], ret:         20 } hitcount:         45
{ common_pid: mc-worker       [    202406], ret:         27 } hitcount:         46
{ common_pid: mc-worker       [    202403], ret:         20 } hitcount:         47
{ common_pid: mc-worker       [    202406], ret:         24 } hitcount:         47
{ common_pid: mc-worker       [    202405], ret:         30 } hitcount:         48
{ common_pid: mc-worker       [    202407], ret:         24 } hitcount:         49
{ common_pid: mc-worker       [    202406], ret:         29 } hitcount:         52
{ common_pid: mc-worker       [    202407], ret:         23 } hitcount:         53
{ common_pid: mc-worker       [    202406], ret:         26 } hitcount:         54
{ common_pid: mc-worker       [    202405], ret:         22 } hitcount:         54
{ common_pid: mc-worker       [    202401], ret:         18 } hitcount:         54
{ common_pid: mc-worker       [    202405], ret:         25 } hitcount:         54
{ common_pid: mc-worker       [    202402], ret:         30 } hitcount:         55
{ common_pid: mc-worker       [    202406], ret:         31 } hitcount:         56
{ common_pid: mc-worker       [    202408], ret:         19 } hitcount:         56
{ common_pid: mc-worker       [    202406], ret:         21 } hitcount:         57
{ common_pid: mc-worker       [    202405], ret:         24 } hitcount:         59
{ common_pid: mc-worker       [    202405], ret:         26 } hitcount:         59
{ common_pid: mc-worker       [    202405], ret:         23 } hitcount:         60
{ common_pid: mc-worker       [    202407], ret:         22 } hitcount:         62
{ common_pid: mc-worker       [    202404], ret:         26 } hitcount:         63
{ common_pid: mc-worker       [    202406], ret:         23 } hitcount:         63
{ common_pid: mc-worker       [    202403], ret:         19 } hitcount:         65
{ common_pid: mc-worker       [    202404], ret:         27 } hitcount:         67
{ common_pid: mc-worker       [    202407], ret:         21 } hitcount:         68
{ common_pid: mc-worker       [    202402], ret:         29 } hitcount:         68
{ common_pid: mc-worker       [    202406], ret:         28 } hitcount:         70
{ common_pid: mc-worker       [    202402], ret:         28 } hitcount:         71
{ common_pid: mc-worker       [    202401], ret:         17 } hitcount:         74
{ common_pid: mc-worker       [    202405], ret:         20 } hitcount:         77
{ common_pid: mc-worker       [    202405], ret:         21 } hitcount:         80
{ common_pid: mc-worker       [    202406], ret:         20 } hitcount:         87
{ common_pid: mc-worker       [    202406], ret:         19 } hitcount:         87
{ common_pid: mc-worker       [    202404], ret:         25 } hitcount:         87
{ common_pid: mc-worker       [    202405], ret:         19 } hitcount:         92
{ common_pid: mc-worker       [    202403], ret:         18 } hitcount:         93
{ common_pid: mc-worker       [    202408], ret:         18 } hitcount:         93
{ common_pid: mc-worker       [    202402], ret:         27 } hitcount:         95
{ common_pid: mc-worker       [    202408], ret:         17 } hitcount:         97
{ common_pid: mc-worker       [    202402], ret:         26 } hitcount:        104
{ common_pid: mc-worker       [    202401], ret:         16 } hitcount:        110
{ common_pid: mc-worker       [    202404], ret:         24 } hitcount:        111
{ common_pid: mc-worker       [    202403], ret:         17 } hitcount:        118
{ common_pid: mc-worker       [    202407], ret:         20 } hitcount:        124
{ common_pid: mc-worker       [    202406], ret:         18 } hitcount:        128
{ common_pid: mc-worker       [    202405], ret:         18 } hitcount:        132
{ common_pid: mc-worker       [    202401], ret:         15 } hitcount:        143
{ common_pid: mc-worker       [    202406], ret:         17 } hitcount:        147
{ common_pid: mc-worker       [    202408], ret:         16 } hitcount:        148
{ common_pid: mc-worker       [    202402], ret:         25 } hitcount:        161
{ common_pid: mc-worker       [    202407], ret:         19 } hitcount:        163
{ common_pid: mc-worker       [    202404], ret:         23 } hitcount:        164
{ common_pid: mc-worker       [    202405], ret:         17 } hitcount:        169
{ common_pid: mc-worker       [    202404], ret:         22 } hitcount:        182
{ common_pid: mc-worker       [    202403], ret:         16 } hitcount:        197
{ common_pid: mc-worker       [    202402], ret:         24 } hitcount:        198
{ common_pid: mc-worker       [    202407], ret:         18 } hitcount:        212
{ common_pid: mc-worker       [    202405], ret:         16 } hitcount:        231
{ common_pid: mc-worker       [    202406], ret:         16 } hitcount:        247
{ common_pid: mc-worker       [    202402], ret:         23 } hitcount:        264
{ common_pid: mc-worker       [    202408], ret:         15 } hitcount:        265
{ common_pid: mc-worker       [    202401], ret:         14 } hitcount:        272
{ common_pid: mc-worker       [    202404], ret:         21 } hitcount:        288
{ common_pid: mc-worker       [    202403], ret:         15 } hitcount:        294
{ common_pid: mc-worker       [    202405], ret:         15 } hitcount:        302
{ common_pid: mc-worker       [    202406], ret:         15 } hitcount:        306
{ common_pid: mc-worker       [    202407], ret:         17 } hitcount:        317
{ common_pid: mc-worker       [    202404], ret:         20 } hitcount:        366
{ common_pid: mc-worker       [    202402], ret:         22 } hitcount:        371
{ common_pid: mc-worker       [    202408], ret:         14 } hitcount:        378
{ common_pid: mc-worker       [    202401], ret:         13 } hitcount:        392
{ common_pid: mc-worker       [    202403], ret:         14 } hitcount:        425
{ common_pid: mc-worker       [    202402], ret:         21 } hitcount:        455
{ common_pid: mc-worker       [    202405], ret:         14 } hitcount:        458
{ common_pid: mc-worker       [    202407], ret:         16 } hitcount:        469
{ common_pid: mc-worker       [    202404], ret:         19 } hitcount:        482
{ common_pid: mc-worker       [    202406], ret:         14 } hitcount:        530
{ common_pid: mc-worker       [    202402], ret:         20 } hitcount:        582
{ common_pid: mc-worker       [    202407], ret:         15 } hitcount:        643
{ common_pid: mc-worker       [    202405], ret:         13 } hitcount:        675
{ common_pid: mc-worker       [    202401], ret:         12 } hitcount:        679
{ common_pid: mc-worker       [    202408], ret:         13 } hitcount:        685
{ common_pid: mc-worker       [    202404], ret:         18 } hitcount:        708
{ common_pid: mc-worker       [    202403], ret:         13 } hitcount:        712
{ common_pid: mc-worker       [    202402], ret:         19 } hitcount:        801
{ common_pid: mc-worker       [    202406], ret:         13 } hitcount:        819
{ common_pid: mc-worker       [    202404], ret:         17 } hitcount:        866
{ common_pid: mc-worker       [    202407], ret:         14 } hitcount:        944
{ common_pid: mc-worker       [    202408], ret:         12 } hitcount:       1045
{ common_pid: mc-worker       [    202402], ret:         18 } hitcount:       1080
{ common_pid: mc-worker       [    202405], ret:         12 } hitcount:       1129
{ common_pid: mc-worker       [    202403], ret:         12 } hitcount:       1137
{ common_pid: mc-worker       [    202401], ret:         11 } hitcount:       1167
{ common_pid: mc-worker       [    202406], ret:         12 } hitcount:       1294
{ common_pid: mc-worker       [    202404], ret:         16 } hitcount:       1324
{ common_pid: mc-worker       [    202402], ret:         17 } hitcount:       1371
{ common_pid: mc-worker       [    202407], ret:         13 } hitcount:       1422
{ common_pid: mc-worker       [    202404], ret:         15 } hitcount:       1718
{ common_pid: mc-worker       [    202408], ret:         11 } hitcount:       1850
{ common_pid: mc-worker       [    202403], ret:         11 } hitcount:       1879
{ common_pid: mc-worker       [    202405], ret:         11 } hitcount:       1880
{ common_pid: mc-worker       [    202402], ret:         16 } hitcount:       1961
{ common_pid: mc-worker       [    202401], ret:         10 } hitcount:       2117
{ common_pid: mc-worker       [    202407], ret:         12 } hitcount:       2151
{ common_pid: mc-worker       [    202406], ret:         11 } hitcount:       2152
{ common_pid: mc-worker       [    202404], ret:         14 } hitcount:       2504
{ common_pid: mc-worker       [    202402], ret:         15 } hitcount:       2660
{ common_pid: mc-worker       [    202405], ret:         10 } hitcount:       2940
{ common_pid: mc-worker       [    202408], ret:         10 } hitcount:       3047
{ common_pid: mc-worker       [    202403], ret:         10 } hitcount:       3304
{ common_pid: mc-worker       [    202407], ret:         11 } hitcount:       3353
{ common_pid: mc-worker       [    202404], ret:         13 } hitcount:       3535
{ common_pid: mc-worker       [    202402], ret:         14 } hitcount:       3569
{ common_pid: mc-worker       [    202406], ret:         10 } hitcount:       3615
{ common_pid: mc-worker       [    202401], ret:          9 } hitcount:       3826
{ common_pid: mc-worker       [    202402], ret:         13 } hitcount:       4755
{ common_pid: mc-worker       [    202405], ret:          9 } hitcount:       4912
{ common_pid: mc-worker       [    202407], ret:         10 } hitcount:       5173
{ common_pid: mc-worker       [    202404], ret:         12 } hitcount:       5179
{ common_pid: mc-worker       [    202408], ret:          9 } hitcount:       5360
{ common_pid: mc-worker       [    202403], ret:          9 } hitcount:       5813
{ common_pid: mc-worker       [    202406], ret:          9 } hitcount:       6043
{ common_pid: mc-worker       [    202402], ret:         12 } hitcount:       6585
{ common_pid: mc-worker       [    202401], ret:          8 } hitcount:       7024
{ common_pid: mc-worker       [    202404], ret:         11 } hitcount:       7270
{ common_pid: mc-worker       [    202407], ret:          9 } hitcount:       8249
{ common_pid: mc-worker       [    202405], ret:          8 } hitcount:       8449
{ common_pid: mc-worker       [    202402], ret:         11 } hitcount:       8860
{ common_pid: mc-worker       [    202408], ret:          8 } hitcount:       9323
{ common_pid: mc-worker       [    202403], ret:          8 } hitcount:       9859
{ common_pid: mc-worker       [    202404], ret:         10 } hitcount:      10323
{ common_pid: mc-worker       [    202406], ret:          8 } hitcount:      10493
{ common_pid: mc-worker       [    202402], ret:         10 } hitcount:      12163
{ common_pid: mc-worker       [    202401], ret:          7 } hitcount:      13170
{ common_pid: mc-worker       [    202407], ret:          8 } hitcount:      13354
{ common_pid: mc-worker       [    202404], ret:          9 } hitcount:      14891
{ common_pid: mc-worker       [    202405], ret:          7 } hitcount:      15170
{ common_pid: mc-worker       [    202408], ret:          7 } hitcount:      16819
{ common_pid: mc-worker       [    202402], ret:          9 } hitcount:      17048
{ common_pid: mc-worker       [    202403], ret:          7 } hitcount:      17299
{ common_pid: mc-worker       [    202406], ret:          7 } hitcount:      18234
{ common_pid: mc-worker       [    202404], ret:          8 } hitcount:      21626
{ common_pid: mc-worker       [    202407], ret:          7 } hitcount:      21856
{ common_pid: mc-worker       [    202402], ret:          8 } hitcount:      23929
{ common_pid: mc-worker       [    202401], ret:          6 } hitcount:      25393
{ common_pid: mc-worker       [    202405], ret:          6 } hitcount:      27331
{ common_pid: mc-worker       [    202408], ret:          6 } hitcount:      30771
{ common_pid: mc-worker       [    202403], ret:          6 } hitcount:      31766
{ common_pid: mc-worker       [    202404], ret:          7 } hitcount:      32219
{ common_pid: mc-worker       [    202406], ret:          6 } hitcount:      32455
{ common_pid: mc-worker       [    202402], ret:          7 } hitcount:      33724
{ common_pid: mc-worker       [    202407], ret:          6 } hitcount:      36730
{ common_pid: mc-worker       [    202404], ret:          6 } hitcount:      48846
{ common_pid: mc-worker       [    202402], ret:          6 } hitcount:      49864
{ common_pid: mc-worker       [    202401], ret:          5 } hitcount:      51429
{ common_pid: mc-worker       [    202405], ret:          5 } hitcount:      51957
{ common_pid: mc-worker       [    202408], ret:          5 } hitcount:      58562
{ common_pid: mc-worker       [    202403], ret:          5 } hitcount:      59528
{ common_pid: mc-worker       [    202406], ret:          5 } hitcount:      60344
{ common_pid: mc-worker       [    202407], ret:          5 } hitcount:      63131
{ common_pid: mc-worker       [    202402], ret:          5 } hitcount:      75972
{ common_pid: mc-worker       [    202404], ret:          5 } hitcount:      76361
{ common_pid: mc-worker       [    202405], ret:          4 } hitcount:     101309
{ common_pid: mc-worker       [    202401], ret:          4 } hitcount:     103973
{ common_pid: mc-worker       [    202407], ret:          4 } hitcount:     112666
{ common_pid: mc-worker       [    202403], ret:          4 } hitcount:     112880
{ common_pid: mc-worker       [    202408], ret:          4 } hitcount:     113383
{ common_pid: mc-worker       [    202406], ret:          4 } hitcount:     113940
{ common_pid: mc-worker       [    202402], ret:          4 } hitcount:     116774
{ common_pid: mc-worker       [    202404], ret:          4 } hitcount:     121807
{ common_pid: mc-worker       [    202402], ret:          3 } hitcount:     182490
{ common_pid: mc-worker       [    202404], ret:          3 } hitcount:     197455
{ common_pid: mc-worker       [    202405], ret:          3 } hitcount:     201664
{ common_pid: mc-worker       [    202407], ret:          3 } hitcount:     204697
{ common_pid: mc-worker       [    202406], ret:          3 } hitcount:     217154
{ common_pid: mc-worker       [    202401], ret:          3 } hitcount:     218338
{ common_pid: mc-worker       [    202403], ret:          3 } hitcount:     219575
{ common_pid: mc-worker       [    202408], ret:          3 } hitcount:     224591
{ common_pid: mc-worker       [    202402], ret:          2 } hitcount:     297734
{ common_pid: mc-worker       [    202404], ret:          2 } hitcount:     331247
{ common_pid: mc-worker       [    202407], ret:          2 } hitcount:     383565
{ common_pid: mc-worker       [    202405], ret:          2 } hitcount:     423839
{ common_pid: mc-worker       [    202406], ret:          2 } hitcount:     431112
{ common_pid: mc-worker       [    202403], ret:          2 } hitcount:     439182
{ common_pid: mc-worker       [    202408], ret:          2 } hitcount:     465169
{ common_pid: mc-worker       [    202401], ret:          2 } hitcount:     477087
{ common_pid: mc-worker       [    202402], ret:          1 } hitcount:     481258
{ common_pid: mc-worker       [    202404], ret:          1 } hitcount:     554478
{ common_pid: mc-worker       [    202407], ret:          1 } hitcount:     716005
{ common_pid: mc-worker       [    202406], ret:          1 } hitcount:     846479
{ common_pid: mc-worker       [    202403], ret:          1 } hitcount:     862989
{ common_pid: mc-worker       [    202405], ret:          1 } hitcount:     891517
{ common_pid: mc-worker       [    202408], ret:          1 } hitcount:     955676
{ common_pid: mc-worker       [    202401], ret:          1 } hitcount:    1031422
