Linux 6.12.0-rc2-suspend-v2-nfcpu (cache-sql13432) 	10/20/2024 	_x86_64_	(64 CPU)

11:50:23 AM     CPU      %usr     %nice      %sys   %iowait    %steal      %irq     %soft    %guest    %gnice     %idle
11:50:24 AM      32     14.58      0.00     31.25      0.00      0.00      0.00     34.38      0.00      0.00     19.79
11:50:24 AM      33     12.50      0.00     28.12      0.00      0.00      0.00     39.58      0.00      0.00     19.79
11:50:24 AM      34     13.04      0.00     30.43      0.00      0.00      0.00     33.70      0.00      0.00     22.83
11:50:24 AM      35     13.54      0.00     36.46      0.00      0.00      0.00     21.88      0.00      0.00     28.12
11:50:24 AM      36     14.14      0.00     33.33      0.00      0.00      0.00     26.26      0.00      0.00     26.26
11:50:24 AM      37     14.89      0.00     37.23      0.00      0.00      0.00     29.79      0.00      0.00     18.09
11:50:24 AM      38     12.63      0.00     34.74      0.00      0.00      0.00     28.42      0.00      0.00     24.21
11:50:24 AM      39     15.31      0.00     30.61      0.00      0.00      0.00     31.63      0.00      0.00     22.45

11:50:24 AM     CPU      %usr     %nice      %sys   %iowait    %steal      %irq     %soft    %guest    %gnice     %idle
11:50:25 AM      32     13.98      0.00     31.18      0.00      0.00      0.00     35.48      0.00      0.00     19.35
11:50:25 AM      33     15.31      0.00     27.55      0.00      0.00      0.00     37.76      0.00      0.00     19.39
11:50:25 AM      34     10.42      0.00     35.42      0.00      0.00      0.00     36.46      0.00      0.00     17.71
11:50:25 AM      35     12.00      0.00     36.00      0.00      0.00      0.00     29.00      0.00      0.00     23.00
11:50:25 AM      36     16.13      0.00     25.81      0.00      0.00      0.00     29.03      0.00      0.00     29.03
11:50:25 AM      37     11.00      0.00     35.00      0.00      0.00      0.00     38.00      0.00      0.00     16.00
11:50:25 AM      38     13.83      0.00     30.85      0.00      0.00      0.00     31.91      0.00      0.00     23.40
11:50:25 AM      39     17.39      0.00     30.43      0.00      0.00      0.00     36.96      0.00      0.00     15.22

11:50:25 AM     CPU      %usr     %nice      %sys   %iowait    %steal      %irq     %soft    %guest    %gnice     %idle
11:50:26 AM      32     12.22      0.00     30.00      0.00      0.00      0.00     25.56      0.00      0.00     32.22
11:50:26 AM      33     13.83      0.00     27.66      0.00      0.00      0.00     42.55      0.00      0.00     15.96
11:50:26 AM      34     11.96      0.00     33.70      0.00      0.00      0.00     32.61      0.00      0.00     21.74
11:50:26 AM      35     12.09      0.00     29.67      0.00      0.00      0.00     29.67      0.00      0.00     28.57
11:50:26 AM      36      9.47      0.00     42.11      0.00      0.00      0.00     31.58      0.00      0.00     16.84
11:50:26 AM      37     14.43      0.00     29.90      0.00      0.00      0.00     25.77      0.00      0.00     29.90
11:50:26 AM      38     11.70      0.00     29.79      0.00      0.00      0.00     34.04      0.00      0.00     24.47
11:50:26 AM      39     13.68      0.00     32.63      0.00      0.00      0.00     33.68      0.00      0.00     20.00

11:50:26 AM     CPU      %usr     %nice      %sys   %iowait    %steal      %irq     %soft    %guest    %gnice     %idle
11:50:27 AM      32      9.38      0.00     38.54      0.00      0.00      0.00     40.62      0.00      0.00     11.46
11:50:27 AM      33     12.50      0.00     36.46      0.00      0.00      0.00     41.67      0.00      0.00      9.38
11:50:27 AM      34     12.50      0.00     33.33      0.00      0.00      0.00     43.75      0.00      0.00     10.42
11:50:27 AM      35     15.00      0.00     35.00      0.00      0.00      0.00     44.00      0.00      0.00      6.00
11:50:27 AM      36     12.37      0.00     35.05      0.00      0.00      0.00     40.21      0.00      0.00     12.37
11:50:27 AM      37     13.13      0.00     41.41      0.00      0.00      0.00     36.36      0.00      0.00      9.09
11:50:27 AM      38     16.33      0.00     42.86      0.00      0.00      0.00     34.69      0.00      0.00      6.12
11:50:27 AM      39     16.84      0.00     36.84      0.00      0.00      0.00     35.79      0.00      0.00     10.53

11:50:27 AM     CPU      %usr     %nice      %sys   %iowait    %steal      %irq     %soft    %guest    %gnice     %idle
11:50:28 AM      32     11.22      0.00     43.88      0.00      0.00      0.00     31.63      0.00      0.00     13.27
11:50:28 AM      33     11.58      0.00     38.95      0.00      0.00      0.00     42.11      0.00      0.00      7.37
11:50:28 AM      34     14.89      0.00     36.17      0.00      0.00      0.00     38.30      0.00      0.00     10.64
11:50:28 AM      35     12.77      0.00     31.91      0.00      0.00      0.00     46.81      0.00      0.00      8.51
11:50:28 AM      36     11.83      0.00     41.94      0.00      0.00      0.00     35.48      0.00      0.00     10.75
11:50:28 AM      37     10.75      0.00     36.56      0.00      0.00      0.00     45.16      0.00      0.00      7.53
11:50:28 AM      38     17.71      0.00     39.58      0.00      0.00      0.00     35.42      0.00      0.00      7.29
11:50:28 AM      39     15.96      0.00     34.04      0.00      0.00      0.00     37.23      0.00      0.00     12.77

11:50:28 AM     CPU      %usr     %nice      %sys   %iowait    %steal      %irq     %soft    %guest    %gnice     %idle
11:50:29 AM      32     13.83      0.00     34.04      0.00      0.00      0.00     38.30      0.00      0.00     13.83
11:50:29 AM      33     12.50      0.00     42.71      0.00      0.00      0.00     37.50      0.00      0.00      7.29
11:50:29 AM      34     10.87      0.00     34.78      0.00      0.00      0.00     44.57      0.00      0.00      9.78
11:50:29 AM      35     13.54      0.00     37.50      0.00      0.00      0.00     42.71      0.00      0.00      6.25
11:50:29 AM      36     15.46      0.00     34.02      0.00      0.00      0.00     38.14      0.00      0.00     12.37
11:50:29 AM      37     15.15      0.00     33.33      0.00      0.00      0.00     43.43      0.00      0.00      8.08
11:50:29 AM      38     17.53      0.00     37.11      0.00      0.00      0.00     40.21      0.00      0.00      5.15
11:50:29 AM      39     10.42      0.00     40.62      0.00      0.00      0.00     38.54      0.00      0.00     10.42

11:50:29 AM     CPU      %usr     %nice      %sys   %iowait    %steal      %irq     %soft    %guest    %gnice     %idle
11:50:30 AM      32     15.22      0.00     34.78      0.00      0.00      0.00     33.70      0.00      0.00     16.30
11:50:30 AM      33     15.62      0.00     36.46      0.00      0.00      0.00     39.58      0.00      0.00      8.33
11:50:30 AM      34     10.53      0.00     40.00      0.00      0.00      0.00     35.79      0.00      0.00     13.68
11:50:30 AM      35     12.00      0.00     40.00      0.00      0.00      0.00     41.00      0.00      0.00      7.00
11:50:30 AM      36     11.96      0.00     41.30      0.00      0.00      0.00     29.35      0.00      0.00     17.39
11:50:30 AM      37     14.43      0.00     35.05      0.00      0.00      0.00     41.24      0.00      0.00      9.28
11:50:30 AM      38     12.50      0.00     41.67      0.00      0.00      0.00     39.58      0.00      0.00      6.25
11:50:30 AM      39     13.83      0.00     32.98      0.00      0.00      0.00     38.30      0.00      0.00     14.89

11:50:30 AM     CPU      %usr     %nice      %sys   %iowait    %steal      %irq     %soft    %guest    %gnice     %idle
11:50:31 AM      32     11.46      0.00     33.33      0.00      0.00      0.00     38.54      0.00      0.00     16.67
11:50:31 AM      33     13.83      0.00     36.17      0.00      0.00      0.00     36.17      0.00      0.00     13.83
11:50:31 AM      34     17.17      0.00     41.41      0.00      0.00      0.00     24.24      0.00      0.00     17.17
11:50:31 AM      35     12.77      0.00     30.85      0.00      0.00      0.00     43.62      0.00      0.00     12.77
11:50:31 AM      36     13.68      0.00     38.95      0.00      0.00      0.00     36.84      0.00      0.00     10.53
11:50:31 AM      37      9.28      0.00     36.08      0.00      0.00      0.00     38.14      0.00      0.00     16.49
11:50:31 AM      38     12.77      0.00     39.36      0.00      0.00      0.00     40.43      0.00      0.00      7.45
11:50:31 AM      39     11.11      0.00     27.78      0.00      0.00      0.00     31.11      0.00      0.00     30.00

11:50:31 AM     CPU      %usr     %nice      %sys   %iowait    %steal      %irq     %soft    %guest    %gnice     %idle
11:50:32 AM      32     13.54      0.00     39.58      0.00      0.00      0.00     32.29      0.00      0.00     14.58
11:50:32 AM      33     12.12      0.00     37.37      0.00      0.00      0.00     35.35      0.00      0.00     15.15
11:50:32 AM      34      7.53      0.00     38.71      0.00      0.00      0.00     34.41      0.00      0.00     19.35
11:50:32 AM      35     12.77      0.00     35.11      0.00      0.00      0.00     40.43      0.00      0.00     11.70
11:50:32 AM      36     15.38      0.00     34.07      0.00      0.00      0.00     34.07      0.00      0.00     16.48
11:50:32 AM      37     12.37      0.00     39.18      0.00      0.00      0.00     27.84      0.00      0.00     20.62
11:50:32 AM      38     15.79      0.00     34.74      0.00      0.00      0.00     42.11      0.00      0.00      7.37
11:50:32 AM      39     16.49      0.00     28.87      0.00      0.00      0.00     35.05      0.00      0.00     19.59

11:50:32 AM     CPU      %usr     %nice      %sys   %iowait    %steal      %irq     %soft    %guest    %gnice     %idle
11:50:33 AM      32     15.38      0.00     34.62      0.00      0.00      0.00     30.77      0.00      0.00     19.23
11:50:33 AM      33     17.35      0.00     27.55      0.00      0.00      0.00     34.69      0.00      0.00     20.41
11:50:33 AM      34     15.05      0.00     34.41      0.00      0.00      0.00     36.56      0.00      0.00     13.98
11:50:33 AM      35     15.73      0.00     33.71      0.00      0.00      0.00     23.60      0.00      0.00     26.97
11:50:33 AM      36     10.53      0.00     30.53      0.00      0.00      0.00     35.79      0.00      0.00     23.16
11:50:33 AM      37     13.54      0.00     29.17      0.00      0.00      0.00     31.25      0.00      0.00     26.04
11:50:33 AM      38     12.24      0.00     30.61      0.00      0.00      0.00     44.90      0.00      0.00     12.24
11:50:33 AM      39     12.90      0.00     32.26      0.00      0.00      0.00     29.03      0.00      0.00     25.81

Average:        CPU      %usr     %nice      %sys   %iowait    %steal      %irq     %soft    %guest    %gnice     %idle
Average:         32     13.09      0.00     35.18      0.00      0.00      0.00     34.14      0.00      0.00     17.59
Average:         33     13.72      0.00     33.89      0.00      0.00      0.00     38.67      0.00      0.00     13.72
Average:         34     12.42      0.00     35.88      0.00      0.00      0.00     35.99      0.00      0.00     15.71
Average:         35     13.21      0.00     34.70      0.00      0.00      0.00     36.37      0.00      0.00     15.72
Average:         36     13.09      0.00     35.69      0.00      0.00      0.00     33.69      0.00      0.00     17.53
Average:         37     12.90      0.00     35.29      0.00      0.00      0.00     35.71      0.00      0.00     16.10
Average:         38     14.32      0.00     36.15      0.00      0.00      0.00     37.20      0.00      0.00     12.33
Average:         39     14.41      0.00     32.73      0.00      0.00      0.00     34.75      0.00      0.00     18.11
