Linux 6.12.0-rc2-suspend-v2-nfcpu (cache-sql13432) 	10/20/2024 	_x86_64_	(64 CPU)

01:14:29 AM     CPU      %usr     %nice      %sys   %iowait    %steal      %irq     %soft    %guest    %gnice     %idle
01:14:30 AM      32      3.30      0.00     17.58      0.00      0.00      0.00     10.99      0.00      0.00     68.13
01:14:30 AM      33      2.25      0.00     16.85      0.00      0.00      0.00     11.24      0.00      0.00     69.66
01:14:30 AM      34      4.55      0.00     13.64      0.00      0.00      0.00     10.23      0.00      0.00     71.59
01:14:30 AM      35      2.27      0.00     15.91      0.00      0.00      0.00     11.36      0.00      0.00     70.45
01:14:30 AM      36      3.37      0.00     16.85      0.00      0.00      0.00     10.11      0.00      0.00     69.66
01:14:30 AM      37      4.30      0.00     20.43      0.00      0.00      0.00     10.75      0.00      0.00     64.52
01:14:30 AM      38      6.59      0.00     14.29      0.00      0.00      0.00     10.99      0.00      0.00     68.13
01:14:30 AM      39      6.59      0.00     15.38      0.00      0.00      0.00      9.89      0.00      0.00     68.13

01:14:30 AM     CPU      %usr     %nice      %sys   %iowait    %steal      %irq     %soft    %guest    %gnice     %idle
01:14:31 AM      32      6.67      0.00     18.89      0.00      0.00      0.00      7.78      0.00      0.00     66.67
01:14:31 AM      33      2.17      0.00     16.30      0.00      0.00      0.00     15.22      0.00      0.00     66.30
01:14:31 AM      34      1.12      0.00     14.61      0.00      0.00      0.00     13.48      0.00      0.00     70.79
01:14:31 AM      35      2.22      0.00     15.56      0.00      0.00      0.00     13.33      0.00      0.00     68.89
01:14:31 AM      36      4.40      0.00     19.78      0.00      0.00      0.00      9.89      0.00      0.00     65.93
01:14:31 AM      37      3.33      0.00     17.78      0.00      0.00      0.00     12.22      0.00      0.00     66.67
01:14:31 AM      38      4.55      0.00     14.77      0.00      0.00      0.00     11.36      0.00      0.00     69.32
01:14:31 AM      39      3.26      0.00     15.22      0.00      0.00      0.00     13.04      0.00      0.00     68.48

01:14:31 AM     CPU      %usr     %nice      %sys   %iowait    %steal      %irq     %soft    %guest    %gnice     %idle
01:14:32 AM      32      6.74      0.00     14.61      0.00      0.00      0.00     10.11      0.00      0.00     68.54
01:14:32 AM      33      4.21      0.00     16.84      0.00      0.00      0.00     12.63      0.00      0.00     66.32
01:14:32 AM      34      5.56      0.00     15.56      0.00      0.00      0.00     10.00      0.00      0.00     68.89
01:14:32 AM      35      4.55      0.00     13.64      0.00      0.00      0.00     11.36      0.00      0.00     70.45
01:14:32 AM      36      6.45      0.00     12.90      0.00      0.00      0.00     15.05      0.00      0.00     65.59
01:14:32 AM      37      3.30      0.00     16.48      0.00      0.00      0.00     13.19      0.00      0.00     67.03
01:14:32 AM      38      5.26      0.00     18.95      0.00      0.00      0.00     11.58      0.00      0.00     64.21
01:14:32 AM      39      3.30      0.00     20.88      0.00      0.00      0.00      8.79      0.00      0.00     67.03

01:14:32 AM     CPU      %usr     %nice      %sys   %iowait    %steal      %irq     %soft    %guest    %gnice     %idle
01:14:33 AM      32      4.30      0.00     20.43      0.00      0.00      0.00     10.75      0.00      0.00     64.52
01:14:33 AM      33      3.33      0.00     16.67      0.00      0.00      0.00     11.11      0.00      0.00     68.89
01:14:33 AM      34      4.30      0.00     17.20      0.00      0.00      0.00     12.90      0.00      0.00     65.59
01:14:33 AM      35      4.35      0.00     15.22      0.00      0.00      0.00     10.87      0.00      0.00     69.57
01:14:33 AM      36      4.71      0.00     10.59      0.00      0.00      0.00     12.94      0.00      0.00     71.76
01:14:33 AM      37      2.27      0.00     15.91      0.00      0.00      0.00     12.50      0.00      0.00     69.32
01:14:33 AM      38      2.20      0.00     19.78      0.00      0.00      0.00     12.09      0.00      0.00     65.93
01:14:33 AM      39      3.45      0.00     13.79      0.00      0.00      0.00     12.64      0.00      0.00     70.11

01:14:33 AM     CPU      %usr     %nice      %sys   %iowait    %steal      %irq     %soft    %guest    %gnice     %idle
01:14:34 AM      32      4.21      0.00     16.84      0.00      0.00      0.00     14.74      0.00      0.00     64.21
01:14:34 AM      33      4.65      0.00     12.79      0.00      0.00      0.00     11.63      0.00      0.00     70.93
01:14:34 AM      34      5.26      0.00     18.95      0.00      0.00      0.00     11.58      0.00      0.00     64.21
01:14:34 AM      35      5.68      0.00     14.77      0.00      0.00      0.00      7.95      0.00      0.00     71.59
01:14:34 AM      36      4.55      0.00     14.77      0.00      0.00      0.00     10.23      0.00      0.00     70.45
01:14:34 AM      37      4.30      0.00     13.98      0.00      0.00      0.00     17.20      0.00      0.00     64.52
01:14:34 AM      38      4.44      0.00     15.56      0.00      0.00      0.00     14.44      0.00      0.00     65.56
01:14:34 AM      39      3.37      0.00     14.61      0.00      0.00      0.00     13.48      0.00      0.00     68.54

01:14:34 AM     CPU      %usr     %nice      %sys   %iowait    %steal      %irq     %soft    %guest    %gnice     %idle
01:14:35 AM      32      3.45      0.00     14.94      0.00      0.00      0.00     11.49      0.00      0.00     70.11
01:14:35 AM      33      3.41      0.00     15.91      0.00      0.00      0.00     11.36      0.00      0.00     69.32
01:14:35 AM      34      5.38      0.00     19.35      0.00      0.00      0.00      9.68      0.00      0.00     65.59
01:14:35 AM      35      3.33      0.00     16.67      0.00      0.00      0.00     11.11      0.00      0.00     68.89
01:14:35 AM      36      4.17      0.00     15.62      0.00      0.00      0.00     16.67      0.00      0.00     63.54
01:14:35 AM      37      4.49      0.00     15.73      0.00      0.00      0.00      8.99      0.00      0.00     70.79
01:14:35 AM      38      6.52      0.00     17.39      0.00      0.00      0.00     10.87      0.00      0.00     65.22
01:14:35 AM      39      4.35      0.00     18.48      0.00      0.00      0.00     10.87      0.00      0.00     66.30

01:14:35 AM     CPU      %usr     %nice      %sys   %iowait    %steal      %irq     %soft    %guest    %gnice     %idle
01:14:36 AM      32      5.81      0.00     15.12      0.00      0.00      0.00      9.30      0.00      0.00     69.77
01:14:36 AM      33      5.56      0.00     12.22      0.00      0.00      0.00     13.33      0.00      0.00     68.89
01:14:36 AM      34      5.43      0.00     18.48      0.00      0.00      0.00      9.78      0.00      0.00     66.30
01:14:36 AM      35      4.40      0.00     18.68      0.00      0.00      0.00     10.99      0.00      0.00     65.93
01:14:36 AM      36      3.26      0.00     17.39      0.00      0.00      0.00     13.04      0.00      0.00     66.30
01:14:36 AM      37      2.17      0.00     15.22      0.00      0.00      0.00     14.13      0.00      0.00     68.48
01:14:36 AM      38      3.30      0.00     18.68      0.00      0.00      0.00     12.09      0.00      0.00     65.93
01:14:36 AM      39      3.45      0.00     13.79      0.00      0.00      0.00     11.49      0.00      0.00     71.26

01:14:36 AM     CPU      %usr     %nice      %sys   %iowait    %steal      %irq     %soft    %guest    %gnice     %idle
01:14:37 AM      32      7.69      0.00     18.68      0.00      0.00      0.00      7.69      0.00      0.00     65.93
01:14:37 AM      33      4.30      0.00     17.20      0.00      0.00      0.00     10.75      0.00      0.00     67.74
01:14:37 AM      34      4.55      0.00     17.05      0.00      0.00      0.00     10.23      0.00      0.00     68.18
01:14:37 AM      35      3.37      0.00     14.61      0.00      0.00      0.00     13.48      0.00      0.00     68.54
01:14:37 AM      36      4.49      0.00     16.85      0.00      0.00      0.00     11.24      0.00      0.00     67.42
01:14:37 AM      37      5.15      0.00     15.46      0.00      0.00      0.00     14.43      0.00      0.00     64.95
01:14:37 AM      38      3.45      0.00     14.94      0.00      0.00      0.00     11.49      0.00      0.00     70.11
01:14:37 AM      39      5.32      0.00     17.02      0.00      0.00      0.00     12.77      0.00      0.00     64.89

01:14:37 AM     CPU      %usr     %nice      %sys   %iowait    %steal      %irq     %soft    %guest    %gnice     %idle
01:14:38 AM      32      5.32      0.00     20.21      0.00      0.00      0.00      9.57      0.00      0.00     64.89
01:14:38 AM      33      6.52      0.00     13.04      0.00      0.00      0.00     14.13      0.00      0.00     66.30
01:14:38 AM      34      2.17      0.00     17.39      0.00      0.00      0.00     14.13      0.00      0.00     66.30
01:14:38 AM      35      6.32      0.00     17.89      0.00      0.00      0.00     12.63      0.00      0.00     63.16
01:14:38 AM      36      5.38      0.00     16.13      0.00      0.00      0.00     12.90      0.00      0.00     65.59
01:14:38 AM      37      6.67      0.00     15.56      0.00      0.00      0.00     10.00      0.00      0.00     67.78
01:14:38 AM      38      4.76      0.00     13.10      0.00      0.00      0.00      5.95      0.00      0.00     76.19
01:14:38 AM      39      6.59      0.00     16.48      0.00      0.00      0.00      9.89      0.00      0.00     67.03

01:14:38 AM     CPU      %usr     %nice      %sys   %iowait    %steal      %irq     %soft    %guest    %gnice     %idle
01:14:39 AM      32      4.44      0.00     12.22      0.00      0.00      0.00     15.56      0.00      0.00     67.78
01:14:39 AM      33      2.25      0.00     16.85      0.00      0.00      0.00     12.36      0.00      0.00     68.54
01:14:39 AM      34      3.23      0.00     18.28      0.00      0.00      0.00     13.98      0.00      0.00     64.52
01:14:39 AM      35      5.62      0.00     14.61      0.00      0.00      0.00     10.11      0.00      0.00     69.66
01:14:39 AM      36      4.44      0.00     15.56      0.00      0.00      0.00     12.22      0.00      0.00     67.78
01:14:39 AM      37      3.30      0.00     12.09      0.00      0.00      0.00     16.48      0.00      0.00     68.13
01:14:39 AM      38      3.53      0.00     10.59      0.00      0.00      0.00     12.94      0.00      0.00     72.94
01:14:39 AM      39      3.23      0.00     16.13      0.00      0.00      0.00     16.13      0.00      0.00     64.52

Average:        CPU      %usr     %nice      %sys   %iowait    %steal      %irq     %soft    %guest    %gnice     %idle
Average:         32      5.19      0.00     17.00      0.00      0.00      0.00     10.82      0.00      0.00     67.00
Average:         33      3.87      0.00     15.49      0.00      0.00      0.00     12.39      0.00      0.00     68.25
Average:         34      4.16      0.00     17.09      0.00      0.00      0.00     11.61      0.00      0.00     67.14
Average:         35      4.22      0.00     15.78      0.00      0.00      0.00     11.33      0.00      0.00     68.67
Average:         36      4.53      0.00     15.67      0.00      0.00      0.00     12.47      0.00      0.00     67.33
Average:         37      3.94      0.00     15.86      0.00      0.00      0.00     13.02      0.00      0.00     67.18
Average:         38      4.47      0.00     15.88      0.00      0.00      0.00     11.41      0.00      0.00     68.23
Average:         39      4.30      0.00     16.21      0.00      0.00      0.00     11.91      0.00      0.00     67.59
