Linux 6.12.0-rc2-suspend-v2-nfcpu (cache-sql13432) 	10/20/2024 	_x86_64_	(64 CPU)

02:37:50 PM     CPU      %usr     %nice      %sys   %iowait    %steal      %irq     %soft    %guest    %gnice     %idle
02:37:51 PM      32     14.44      0.00     22.22      0.00      0.00      0.00     16.67      0.00      0.00     46.67
02:37:51 PM      33     11.11      0.00     24.44      0.00      0.00      0.00     18.89      0.00      0.00     45.56
02:37:51 PM      34      8.05      0.00     28.74      0.00      0.00      0.00     17.24      0.00      0.00     45.98
02:37:51 PM      35      8.99      0.00     22.47      0.00      0.00      0.00     20.22      0.00      0.00     48.31
02:37:51 PM      36      9.64      0.00     20.48      0.00      0.00      0.00     15.66      0.00      0.00     54.22
02:37:51 PM      37      8.70      0.00     20.65      0.00      0.00      0.00     21.74      0.00      0.00     48.91
02:37:51 PM      38      6.74      0.00     24.72      0.00      0.00      0.00     20.22      0.00      0.00     48.31
02:37:51 PM      39      9.30      0.00     19.77      0.00      0.00      0.00     17.44      0.00      0.00     53.49

02:37:51 PM     CPU      %usr     %nice      %sys   %iowait    %steal      %irq     %soft    %guest    %gnice     %idle
02:37:52 PM      32      5.81      0.00     23.26      0.00      0.00      0.00     22.09      0.00      0.00     48.84
02:37:52 PM      33      9.30      0.00     23.26      0.00      0.00      0.00     18.60      0.00      0.00     48.84
02:37:52 PM      34     10.47      0.00     22.09      0.00      0.00      0.00     17.44      0.00      0.00     50.00
02:37:52 PM      35     10.23      0.00     20.45      0.00      0.00      0.00     19.32      0.00      0.00     50.00
02:37:52 PM      36      6.74      0.00     21.35      0.00      0.00      0.00     20.22      0.00      0.00     51.69
02:37:52 PM      37      9.57      0.00     22.34      0.00      0.00      0.00     20.21      0.00      0.00     47.87
02:37:52 PM      38     11.36      0.00     17.05      0.00      0.00      0.00     20.45      0.00      0.00     51.14
02:37:52 PM      39     10.99      0.00     20.88      0.00      0.00      0.00     18.68      0.00      0.00     49.45

02:37:52 PM     CPU      %usr     %nice      %sys   %iowait    %steal      %irq     %soft    %guest    %gnice     %idle
02:37:53 PM      32      8.05      0.00     20.69      0.00      0.00      0.00     22.99      0.00      0.00     48.28
02:37:53 PM      33     10.59      0.00     25.88      0.00      0.00      0.00     15.29      0.00      0.00     48.24
02:37:53 PM      34     10.23      0.00     22.73      0.00      0.00      0.00     22.73      0.00      0.00     44.32
02:37:53 PM      35     11.24      0.00     16.85      0.00      0.00      0.00     23.60      0.00      0.00     48.31
02:37:53 PM      36      9.20      0.00     19.54      0.00      0.00      0.00     21.84      0.00      0.00     49.43
02:37:53 PM      37      9.09      0.00     20.45      0.00      0.00      0.00     20.45      0.00      0.00     50.00
02:37:53 PM      38      6.98      0.00     22.09      0.00      0.00      0.00     24.42      0.00      0.00     46.51
02:37:53 PM      39      8.05      0.00     18.39      0.00      0.00      0.00     21.84      0.00      0.00     51.72

02:37:53 PM     CPU      %usr     %nice      %sys   %iowait    %steal      %irq     %soft    %guest    %gnice     %idle
02:37:54 PM      32     10.11      0.00     22.47      0.00      0.00      0.00     25.84      0.00      0.00     41.57
02:37:54 PM      33     10.11      0.00     21.35      0.00      0.00      0.00     21.35      0.00      0.00     47.19
02:37:54 PM      34     11.36      0.00     18.18      0.00      0.00      0.00     21.59      0.00      0.00     48.86
02:37:54 PM      35      8.24      0.00     21.18      0.00      0.00      0.00     25.88      0.00      0.00     44.71
02:37:54 PM      36     11.11      0.00     22.22      0.00      0.00      0.00     21.11      0.00      0.00     45.56
02:37:54 PM      37      9.30      0.00     24.42      0.00      0.00      0.00     19.77      0.00      0.00     46.51
02:37:54 PM      38      9.30      0.00     23.26      0.00      0.00      0.00     17.44      0.00      0.00     50.00
02:37:54 PM      39     13.33      0.00     26.67      0.00      0.00      0.00     16.67      0.00      0.00     43.33

02:37:54 PM     CPU      %usr     %nice      %sys   %iowait    %steal      %irq     %soft    %guest    %gnice     %idle
02:37:55 PM      32      9.52      0.00     21.43      0.00      0.00      0.00     20.24      0.00      0.00     48.81
02:37:55 PM      33     11.24      0.00     25.84      0.00      0.00      0.00     22.47      0.00      0.00     40.45
02:37:55 PM      34      9.20      0.00     25.29      0.00      0.00      0.00     18.39      0.00      0.00     47.13
02:37:55 PM      35      6.19      0.00     26.80      0.00      0.00      0.00     30.93      0.00      0.00     36.08
02:37:55 PM      36      8.14      0.00     24.42      0.00      0.00      0.00     17.44      0.00      0.00     50.00
02:37:55 PM      37     11.11      0.00     24.44      0.00      0.00      0.00     26.67      0.00      0.00     37.78
02:37:55 PM      38     13.33      0.00     21.11      0.00      0.00      0.00     17.78      0.00      0.00     47.78
02:37:55 PM      39      9.89      0.00     21.98      0.00      0.00      0.00     25.27      0.00      0.00     42.86

02:37:55 PM     CPU      %usr     %nice      %sys   %iowait    %steal      %irq     %soft    %guest    %gnice     %idle
02:37:56 PM      32     10.23      0.00     18.18      0.00      0.00      0.00     29.55      0.00      0.00     42.05
02:37:56 PM      33      8.05      0.00     21.84      0.00      0.00      0.00     21.84      0.00      0.00     48.28
02:37:56 PM      34      6.82      0.00     26.14      0.00      0.00      0.00     20.45      0.00      0.00     46.59
02:37:56 PM      35     10.87      0.00     27.17      0.00      0.00      0.00     16.30      0.00      0.00     45.65
02:37:56 PM      36     10.23      0.00     21.59      0.00      0.00      0.00     17.05      0.00      0.00     51.14
02:37:56 PM      37      8.89      0.00     23.33      0.00      0.00      0.00     20.00      0.00      0.00     47.78
02:37:56 PM      38     10.11      0.00     29.21      0.00      0.00      0.00     17.98      0.00      0.00     42.70
02:37:56 PM      39      8.54      0.00     19.51      0.00      0.00      0.00     24.39      0.00      0.00     47.56

02:37:56 PM     CPU      %usr     %nice      %sys   %iowait    %steal      %irq     %soft    %guest    %gnice     %idle
02:37:57 PM      32      7.69      0.00     24.18      0.00      0.00      0.00     20.88      0.00      0.00     47.25
02:37:57 PM      33      7.06      0.00     20.00      0.00      0.00      0.00     23.53      0.00      0.00     49.41
02:37:57 PM      34      8.43      0.00     20.48      0.00      0.00      0.00     19.28      0.00      0.00     51.81
02:37:57 PM      35     11.36      0.00     21.59      0.00      0.00      0.00     17.05      0.00      0.00     50.00
02:37:57 PM      36      7.87      0.00     23.60      0.00      0.00      0.00     17.98      0.00      0.00     50.56
02:37:57 PM      37      6.98      0.00     24.42      0.00      0.00      0.00     16.28      0.00      0.00     52.33
02:37:57 PM      38      9.68      0.00     24.73      0.00      0.00      0.00     17.20      0.00      0.00     48.39
02:37:57 PM      39     12.22      0.00     20.00      0.00      0.00      0.00     17.78      0.00      0.00     50.00

02:37:57 PM     CPU      %usr     %nice      %sys   %iowait    %steal      %irq     %soft    %guest    %gnice     %idle
02:37:58 PM      32      8.89      0.00     23.33      0.00      0.00      0.00     23.33      0.00      0.00     44.44
02:37:58 PM      33     11.11      0.00     16.05      0.00      0.00      0.00     22.22      0.00      0.00     50.62
02:37:58 PM      34      9.52      0.00     21.43      0.00      0.00      0.00     19.05      0.00      0.00     50.00
02:37:58 PM      35     10.23      0.00     18.18      0.00      0.00      0.00     22.73      0.00      0.00     48.86
02:37:58 PM      36     11.49      0.00     18.39      0.00      0.00      0.00     20.69      0.00      0.00     49.43
02:37:58 PM      37     13.19      0.00     21.98      0.00      0.00      0.00     18.68      0.00      0.00     46.15
02:37:58 PM      38      9.52      0.00     15.48      0.00      0.00      0.00     22.62      0.00      0.00     52.38
02:37:58 PM      39     10.00      0.00     23.33      0.00      0.00      0.00     16.67      0.00      0.00     50.00

02:37:58 PM     CPU      %usr     %nice      %sys   %iowait    %steal      %irq     %soft    %guest    %gnice     %idle
02:37:59 PM      32      6.52      0.00     22.83      0.00      0.00      0.00     26.09      0.00      0.00     44.57
02:37:59 PM      33      6.98      0.00     22.09      0.00      0.00      0.00     22.09      0.00      0.00     48.84
02:37:59 PM      34      8.89      0.00     23.33      0.00      0.00      0.00     22.22      0.00      0.00     45.56
02:37:59 PM      35      5.81      0.00     25.58      0.00      0.00      0.00     18.60      0.00      0.00     50.00
02:37:59 PM      36     12.64      0.00     17.24      0.00      0.00      0.00     18.39      0.00      0.00     51.72
02:37:59 PM      37     11.70      0.00     21.28      0.00      0.00      0.00     21.28      0.00      0.00     45.74
02:37:59 PM      38      8.89      0.00     17.78      0.00      0.00      0.00     22.22      0.00      0.00     51.11
02:37:59 PM      39      7.95      0.00     20.45      0.00      0.00      0.00     20.45      0.00      0.00     51.14

02:37:59 PM     CPU      %usr     %nice      %sys   %iowait    %steal      %irq     %soft    %guest    %gnice     %idle
02:38:00 PM      32      7.41      0.00     19.75      0.00      0.00      0.00     20.99      0.00      0.00     51.85
02:38:00 PM      33     12.20      0.00     17.07      0.00      0.00      0.00     19.51      0.00      0.00     51.22
02:38:00 PM      34     10.00      0.00     21.11      0.00      0.00      0.00     21.11      0.00      0.00     47.78
02:38:00 PM      35      7.50      0.00     18.75      0.00      0.00      0.00     20.00      0.00      0.00     53.75
02:38:00 PM      36      6.82      0.00     20.45      0.00      0.00      0.00     20.45      0.00      0.00     52.27
02:38:00 PM      37      5.88      0.00     21.18      0.00      0.00      0.00     20.00      0.00      0.00     52.94
02:38:00 PM      38     11.36      0.00     15.91      0.00      0.00      0.00     21.59      0.00      0.00     51.14
02:38:00 PM      39      8.99      0.00     16.85      0.00      0.00      0.00     23.60      0.00      0.00     50.56

Average:        CPU      %usr     %nice      %sys   %iowait    %steal      %irq     %soft    %guest    %gnice     %idle
Average:         32      8.88      0.00     21.87      0.00      0.00      0.00     22.89      0.00      0.00     46.36
Average:         33      9.77      0.00     21.86      0.00      0.00      0.00     20.58      0.00      0.00     47.79
Average:         34      9.30      0.00     22.96      0.00      0.00      0.00     19.98      0.00      0.00     47.76
Average:         35      9.07      0.00     22.00      0.00      0.00      0.00     21.54      0.00      0.00     47.39
Average:         36      9.38      0.00     20.94      0.00      0.00      0.00     19.11      0.00      0.00     50.57
Average:         37      9.49      0.00     22.43      0.00      0.00      0.00     20.54      0.00      0.00     47.54
Average:         38      9.74      0.00     21.18      0.00      0.00      0.00     20.16      0.00      0.00     48.92
Average:         39      9.95      0.00     20.81      0.00      0.00      0.00     20.25      0.00      0.00     48.98
