Linux 6.12.0-rc2-suspend-v2-nfcpu (cache-sql13432) 	10/20/2024 	_x86_64_	(64 CPU)

05:26:28 AM     CPU      %usr     %nice      %sys   %iowait    %steal      %irq     %soft    %guest    %gnice     %idle
05:26:29 AM      32     13.54      0.00     68.75      0.00      0.00      0.00      4.17      0.00      0.00     13.54
05:26:29 AM      33     15.22      0.00     64.13      0.00      0.00      0.00      5.43      0.00      0.00     15.22
05:26:29 AM      34     12.37      0.00     60.82      0.00      0.00      0.00     11.34      0.00      0.00     15.46
05:26:29 AM      35     13.54      0.00     66.67      0.00      0.00      0.00      5.21      0.00      0.00     14.58
05:26:29 AM      36     10.75      0.00     62.37      0.00      0.00      0.00     11.83      0.00      0.00     15.05
05:26:29 AM      37     14.00      0.00     61.00      0.00      0.00      0.00     10.00      0.00      0.00     15.00
05:26:29 AM      38     12.50      0.00     61.46      0.00      0.00      0.00     12.50      0.00      0.00     13.54
05:26:29 AM      39     16.85      0.00     55.06      0.00      0.00      0.00     10.11      0.00      0.00     17.98

05:26:29 AM     CPU      %usr     %nice      %sys   %iowait    %steal      %irq     %soft    %guest    %gnice     %idle
05:26:30 AM      32     16.67      0.00     60.42      0.00      0.00      0.00     10.42      0.00      0.00     12.50
05:26:30 AM      33     16.84      0.00     61.05      0.00      0.00      0.00      8.42      0.00      0.00     13.68
05:26:30 AM      34     13.33      0.00     61.11      0.00      0.00      0.00      8.89      0.00      0.00     16.67
05:26:30 AM      35     17.89      0.00     57.89      0.00      0.00      0.00      9.47      0.00      0.00     14.74
05:26:30 AM      36     18.95      0.00     58.95      0.00      0.00      0.00      7.37      0.00      0.00     14.74
05:26:30 AM      37      9.28      0.00     65.98      0.00      0.00      0.00     10.31      0.00      0.00     14.43
05:26:30 AM      38     12.12      0.00     61.62      0.00      0.00      0.00     13.13      0.00      0.00     13.13
05:26:30 AM      39     12.77      0.00     62.77      0.00      0.00      0.00      8.51      0.00      0.00     15.96

05:26:30 AM     CPU      %usr     %nice      %sys   %iowait    %steal      %irq     %soft    %guest    %gnice     %idle
05:26:31 AM      32     15.31      0.00     64.29      0.00      0.00      0.00      7.14      0.00      0.00     13.27
05:26:31 AM      33     13.83      0.00     62.77      0.00      0.00      0.00      8.51      0.00      0.00     14.89
05:26:31 AM      34     16.84      0.00     57.89      0.00      0.00      0.00      8.42      0.00      0.00     16.84
05:26:31 AM      35     12.63      0.00     66.32      0.00      0.00      0.00      6.32      0.00      0.00     14.74
05:26:31 AM      36     15.12      0.00     62.79      0.00      0.00      0.00      6.98      0.00      0.00     15.12
05:26:31 AM      37     15.05      0.00     61.29      0.00      0.00      0.00      8.60      0.00      0.00     15.05
05:26:31 AM      38     16.13      0.00     61.29      0.00      0.00      0.00      8.60      0.00      0.00     13.98
05:26:31 AM      39     12.90      0.00     64.52      0.00      0.00      0.00      5.38      0.00      0.00     17.20

05:26:31 AM     CPU      %usr     %nice      %sys   %iowait    %steal      %irq     %soft    %guest    %gnice     %idle
05:26:32 AM      32     12.77      0.00     67.02      0.00      0.00      0.00      7.45      0.00      0.00     12.77
05:26:32 AM      33     12.63      0.00     64.21      0.00      0.00      0.00      8.42      0.00      0.00     14.74
05:26:32 AM      34     13.33      0.00     58.89      0.00      0.00      0.00     11.11      0.00      0.00     16.67
05:26:32 AM      35     12.63      0.00     64.21      0.00      0.00      0.00      8.42      0.00      0.00     14.74
05:26:32 AM      36     15.79      0.00     62.11      0.00      0.00      0.00      7.37      0.00      0.00     14.74
05:26:32 AM      37     13.04      0.00     64.13      0.00      0.00      0.00      7.61      0.00      0.00     15.22
05:26:32 AM      38     13.98      0.00     63.44      0.00      0.00      0.00      8.60      0.00      0.00     13.98
05:26:32 AM      39     11.36      0.00     64.77      0.00      0.00      0.00      6.82      0.00      0.00     17.05

05:26:32 AM     CPU      %usr     %nice      %sys   %iowait    %steal      %irq     %soft    %guest    %gnice     %idle
05:26:33 AM      32     17.02      0.00     61.70      0.00      0.00      0.00      8.51      0.00      0.00     12.77
05:26:33 AM      33     10.11      0.00     64.04      0.00      0.00      0.00     10.11      0.00      0.00     15.73
05:26:33 AM      34     14.61      0.00     58.43      0.00      0.00      0.00     11.24      0.00      0.00     15.73
05:26:33 AM      35     16.84      0.00     61.05      0.00      0.00      0.00      7.37      0.00      0.00     14.74
05:26:33 AM      36     16.84      0.00     61.05      0.00      0.00      0.00      7.37      0.00      0.00     14.74
05:26:33 AM      37     15.96      0.00     60.64      0.00      0.00      0.00      8.51      0.00      0.00     14.89
05:26:33 AM      38     18.28      0.00     58.06      0.00      0.00      0.00      8.60      0.00      0.00     15.05
05:26:33 AM      39     11.83      0.00     58.06      0.00      0.00      0.00     13.98      0.00      0.00     16.13

05:26:33 AM     CPU      %usr     %nice      %sys   %iowait    %steal      %irq     %soft    %guest    %gnice     %idle
05:26:34 AM      32     15.96      0.00     61.70      0.00      0.00      0.00      7.45      0.00      0.00     14.89
05:26:34 AM      33     10.64      0.00     65.96      0.00      0.00      0.00      8.51      0.00      0.00     14.89
05:26:34 AM      34     13.04      0.00     64.13      0.00      0.00      0.00      6.52      0.00      0.00     16.30
05:26:34 AM      35     14.77      0.00     54.55      0.00      0.00      0.00     13.64      0.00      0.00     17.05
05:26:34 AM      36     12.63      0.00     63.16      0.00      0.00      0.00      9.47      0.00      0.00     14.74
05:26:34 AM      37     14.13      0.00     60.87      0.00      0.00      0.00      7.61      0.00      0.00     17.39
05:26:34 AM      38     11.83      0.00     63.44      0.00      0.00      0.00     10.75      0.00      0.00     13.98
05:26:34 AM      39      9.57      0.00     63.83      0.00      0.00      0.00     10.64      0.00      0.00     15.96

05:26:34 AM     CPU      %usr     %nice      %sys   %iowait    %steal      %irq     %soft    %guest    %gnice     %idle
05:26:35 AM      32     11.24      0.00     61.80      0.00      0.00      0.00      7.87      0.00      0.00     19.10
05:26:35 AM      33     15.38      0.00     59.34      0.00      0.00      0.00     10.99      0.00      0.00     14.29
05:26:35 AM      34     11.83      0.00     63.44      0.00      0.00      0.00      8.60      0.00      0.00     16.13
05:26:35 AM      35     13.68      0.00     56.84      0.00      0.00      0.00     10.53      0.00      0.00     18.95
05:26:35 AM      36     13.48      0.00     62.92      0.00      0.00      0.00      7.87      0.00      0.00     15.73
05:26:35 AM      37     17.78      0.00     55.56      0.00      0.00      0.00      8.89      0.00      0.00     17.78
05:26:35 AM      38     13.98      0.00     61.29      0.00      0.00      0.00      9.68      0.00      0.00     15.05
05:26:35 AM      39     13.48      0.00     61.80      0.00      0.00      0.00      8.99      0.00      0.00     15.73

05:26:35 AM     CPU      %usr     %nice      %sys   %iowait    %steal      %irq     %soft    %guest    %gnice     %idle
05:26:36 AM      32     13.04      0.00     59.78      0.00      0.00      0.00      7.61      0.00      0.00     19.57
05:26:36 AM      33     15.79      0.00     62.11      0.00      0.00      0.00      7.37      0.00      0.00     14.74
05:26:36 AM      34     13.68      0.00     62.11      0.00      0.00      0.00      8.42      0.00      0.00     15.79
05:26:36 AM      35     15.22      0.00     57.61      0.00      0.00      0.00     10.87      0.00      0.00     16.30
05:26:36 AM      36     18.48      0.00     59.78      0.00      0.00      0.00      6.52      0.00      0.00     15.22
05:26:36 AM      37     13.48      0.00     56.18      0.00      0.00      0.00      8.99      0.00      0.00     21.35
05:26:36 AM      38     20.21      0.00     55.32      0.00      0.00      0.00      7.45      0.00      0.00     17.02
05:26:36 AM      39     13.68      0.00     60.00      0.00      0.00      0.00     11.58      0.00      0.00     14.74

05:26:36 AM     CPU      %usr     %nice      %sys   %iowait    %steal      %irq     %soft    %guest    %gnice     %idle
05:26:37 AM      32     14.29      0.00     58.24      0.00      0.00      0.00      9.89      0.00      0.00     17.58
05:26:37 AM      33     12.79      0.00     55.81      0.00      0.00      0.00     11.63      0.00      0.00     19.77
05:26:37 AM      34     17.58      0.00     52.75      0.00      0.00      0.00      7.69      0.00      0.00     21.98
05:26:37 AM      35     11.24      0.00     59.55      0.00      0.00      0.00      8.99      0.00      0.00     20.22
05:26:37 AM      36     13.68      0.00     62.11      0.00      0.00      0.00      9.47      0.00      0.00     14.74
05:26:37 AM      37     13.98      0.00     59.14      0.00      0.00      0.00      8.60      0.00      0.00     18.28
05:26:37 AM      38     17.20      0.00     54.84      0.00      0.00      0.00      9.68      0.00      0.00     18.28
05:26:37 AM      39     10.87      0.00     57.61      0.00      0.00      0.00     11.96      0.00      0.00     19.57

05:26:37 AM     CPU      %usr     %nice      %sys   %iowait    %steal      %irq     %soft    %guest    %gnice     %idle
05:26:38 AM      32     15.05      0.00     61.29      0.00      0.00      0.00      8.60      0.00      0.00     15.05
05:26:38 AM      33     14.74      0.00     63.16      0.00      0.00      0.00      8.42      0.00      0.00     13.68
05:26:38 AM      34     15.62      0.00     55.21      0.00      0.00      0.00     11.46      0.00      0.00     17.71
05:26:38 AM      35     12.09      0.00     58.24      0.00      0.00      0.00      9.89      0.00      0.00     19.78
05:26:38 AM      36     12.37      0.00     61.86      0.00      0.00      0.00     11.34      0.00      0.00     14.43
05:26:38 AM      37     14.13      0.00     61.96      0.00      0.00      0.00      7.61      0.00      0.00     16.30
05:26:38 AM      38     14.74      0.00     62.11      0.00      0.00      0.00      9.47      0.00      0.00     13.68
05:26:38 AM      39     11.70      0.00     61.70      0.00      0.00      0.00      9.57      0.00      0.00     17.02

Average:        CPU      %usr     %nice      %sys   %iowait    %steal      %irq     %soft    %guest    %gnice     %idle
Average:         32     14.51      0.00     62.54      0.00      0.00      0.00      7.90      0.00      0.00     15.05
Average:         33     13.82      0.00     62.31      0.00      0.00      0.00      8.75      0.00      0.00     15.12
Average:         34     14.22      0.00     59.48      0.00      0.00      0.00      9.38      0.00      0.00     16.92
Average:         35     14.07      0.00     60.37      0.00      0.00      0.00      9.02      0.00      0.00     16.54
Average:         36     14.81      0.00     61.70      0.00      0.00      0.00      8.58      0.00      0.00     14.91
Average:         37     14.06      0.00     60.73      0.00      0.00      0.00      8.69      0.00      0.00     16.52
Average:         38     15.07      0.00     60.30      0.00      0.00      0.00      9.87      0.00      0.00     14.76
Average:         39     12.49      0.00     61.02      0.00      0.00      0.00      9.77      0.00      0.00     16.72
