Linux 6.12.0-rc2-suspend-v2-nfcpu (cache-sql13432) 	10/20/2024 	_x86_64_	(64 CPU)

04:23:28 PM     CPU      %usr     %nice      %sys   %iowait    %steal      %irq     %soft    %guest    %gnice     %idle
04:23:29 PM      32      5.00      0.00     95.00      0.00      0.00      0.00      0.00      0.00      0.00      0.00
04:23:29 PM      33      8.00      0.00     92.00      0.00      0.00      0.00      0.00      0.00      0.00      0.00
04:23:29 PM      34      5.94      0.00     93.07      0.00      0.00      0.00      0.99      0.00      0.00      0.00
04:23:29 PM      35      6.00      0.00     94.00      0.00      0.00      0.00      0.00      0.00      0.00      0.00
04:23:29 PM      36      5.00      0.00     95.00      0.00      0.00      0.00      0.00      0.00      0.00      0.00
04:23:29 PM      37      9.00      0.00     91.00      0.00      0.00      0.00      0.00      0.00      0.00      0.00
04:23:29 PM      38      6.00      0.00     94.00      0.00      0.00      0.00      0.00      0.00      0.00      0.00
04:23:29 PM      39      9.00      0.00     91.00      0.00      0.00      0.00      0.00      0.00      0.00      0.00

04:23:29 PM     CPU      %usr     %nice      %sys   %iowait    %steal      %irq     %soft    %guest    %gnice     %idle
04:23:30 PM      32      7.00      0.00     93.00      0.00      0.00      0.00      0.00      0.00      0.00      0.00
04:23:30 PM      33      5.00      0.00     95.00      0.00      0.00      0.00      0.00      0.00      0.00      0.00
04:23:30 PM      34      8.00      0.00     92.00      0.00      0.00      0.00      0.00      0.00      0.00      0.00
04:23:30 PM      35      9.90      0.00     90.10      0.00      0.00      0.00      0.00      0.00      0.00      0.00
04:23:30 PM      36      7.00      0.00     93.00      0.00      0.00      0.00      0.00      0.00      0.00      0.00
04:23:30 PM      37      4.00      0.00     96.00      0.00      0.00      0.00      0.00      0.00      0.00      0.00
04:23:30 PM      38      9.00      0.00     91.00      0.00      0.00      0.00      0.00      0.00      0.00      0.00
04:23:30 PM      39      6.00      0.00     94.00      0.00      0.00      0.00      0.00      0.00      0.00      0.00

04:23:30 PM     CPU      %usr     %nice      %sys   %iowait    %steal      %irq     %soft    %guest    %gnice     %idle
04:23:31 PM      32      9.00      0.00     90.00      0.00      0.00      0.00      1.00      0.00      0.00      0.00
04:23:31 PM      33      5.00      0.00     95.00      0.00      0.00      0.00      0.00      0.00      0.00      0.00
04:23:31 PM      34      6.00      0.00     94.00      0.00      0.00      0.00      0.00      0.00      0.00      0.00
04:23:31 PM      35      7.00      0.00     93.00      0.00      0.00      0.00      0.00      0.00      0.00      0.00
04:23:31 PM      36      6.00      0.00     93.00      0.00      0.00      0.00      1.00      0.00      0.00      0.00
04:23:31 PM      37      5.00      0.00     95.00      0.00      0.00      0.00      0.00      0.00      0.00      0.00
04:23:31 PM      38      8.00      0.00     92.00      0.00      0.00      0.00      0.00      0.00      0.00      0.00
04:23:31 PM      39      6.00      0.00     94.00      0.00      0.00      0.00      0.00      0.00      0.00      0.00

04:23:31 PM     CPU      %usr     %nice      %sys   %iowait    %steal      %irq     %soft    %guest    %gnice     %idle
04:23:32 PM      32      4.95      0.00     95.05      0.00      0.00      0.00      0.00      0.00      0.00      0.00
04:23:32 PM      33      6.00      0.00     94.00      0.00      0.00      0.00      0.00      0.00      0.00      0.00
04:23:32 PM      34      9.09      0.00     90.91      0.00      0.00      0.00      0.00      0.00      0.00      0.00
04:23:32 PM      35      4.04      0.00     95.96      0.00      0.00      0.00      0.00      0.00      0.00      0.00
04:23:32 PM      36      9.09      0.00     90.91      0.00      0.00      0.00      0.00      0.00      0.00      0.00
04:23:32 PM      37      9.00      0.00     91.00      0.00      0.00      0.00      0.00      0.00      0.00      0.00
04:23:32 PM      38      9.00      0.00     90.00      0.00      0.00      0.00      1.00      0.00      0.00      0.00
04:23:32 PM      39     11.00      0.00     89.00      0.00      0.00      0.00      0.00      0.00      0.00      0.00

04:23:32 PM     CPU      %usr     %nice      %sys   %iowait    %steal      %irq     %soft    %guest    %gnice     %idle
04:23:33 PM      32      5.05      0.00     94.95      0.00      0.00      0.00      0.00      0.00      0.00      0.00
04:23:33 PM      33      6.00      0.00     94.00      0.00      0.00      0.00      0.00      0.00      0.00      0.00
04:23:33 PM      34      5.94      0.00     93.07      0.00      0.00      0.00      0.99      0.00      0.00      0.00
04:23:33 PM      35      9.00      0.00     91.00      0.00      0.00      0.00      0.00      0.00      0.00      0.00
04:23:33 PM      36      4.95      0.00     95.05      0.00      0.00      0.00      0.00      0.00      0.00      0.00
04:23:33 PM      37      5.94      0.00     93.07      0.00      0.00      0.00      0.99      0.00      0.00      0.00
04:23:33 PM      38      6.00      0.00     94.00      0.00      0.00      0.00      0.00      0.00      0.00      0.00
04:23:33 PM      39      9.00      0.00     91.00      0.00      0.00      0.00      0.00      0.00      0.00      0.00

04:23:33 PM     CPU      %usr     %nice      %sys   %iowait    %steal      %irq     %soft    %guest    %gnice     %idle
04:23:34 PM      32      8.00      0.00     92.00      0.00      0.00      0.00      0.00      0.00      0.00      0.00
04:23:34 PM      33      7.00      0.00     92.00      0.00      0.00      0.00      1.00      0.00      0.00      0.00
04:23:34 PM      34      6.00      0.00     94.00      0.00      0.00      0.00      0.00      0.00      0.00      0.00
04:23:34 PM      35     10.00      0.00     90.00      0.00      0.00      0.00      0.00      0.00      0.00      0.00
04:23:34 PM      36      8.00      0.00     92.00      0.00      0.00      0.00      0.00      0.00      0.00      0.00
04:23:34 PM      37      5.00      0.00     95.00      0.00      0.00      0.00      0.00      0.00      0.00      0.00
04:23:34 PM      38      6.00      0.00     94.00      0.00      0.00      0.00      0.00      0.00      0.00      0.00
04:23:34 PM      39      6.00      0.00     94.00      0.00      0.00      0.00      0.00      0.00      0.00      0.00

04:23:34 PM     CPU      %usr     %nice      %sys   %iowait    %steal      %irq     %soft    %guest    %gnice     %idle
04:23:35 PM      32      6.00      0.00     94.00      0.00      0.00      0.00      0.00      0.00      0.00      0.00
04:23:35 PM      33      5.00      0.00     95.00      0.00      0.00      0.00      0.00      0.00      0.00      0.00
04:23:35 PM      34      7.00      0.00     93.00      0.00      0.00      0.00      0.00      0.00      0.00      0.00
04:23:35 PM      35      7.00      0.00     93.00      0.00      0.00      0.00      0.00      0.00      0.00      0.00
04:23:35 PM      36      8.08      0.00     91.92      0.00      0.00      0.00      0.00      0.00      0.00      0.00
04:23:35 PM      37      7.07      0.00     92.93      0.00      0.00      0.00      0.00      0.00      0.00      0.00
04:23:35 PM      38     12.12      0.00     87.88      0.00      0.00      0.00      0.00      0.00      0.00      0.00
04:23:35 PM      39     10.10      0.00     89.90      0.00      0.00      0.00      0.00      0.00      0.00      0.00

04:23:35 PM     CPU      %usr     %nice      %sys   %iowait    %steal      %irq     %soft    %guest    %gnice     %idle
04:23:36 PM      32      9.90      0.00     90.10      0.00      0.00      0.00      0.00      0.00      0.00      0.00
04:23:36 PM      33      7.00      0.00     93.00      0.00      0.00      0.00      0.00      0.00      0.00      0.00
04:23:36 PM      34      4.04      0.00     95.96      0.00      0.00      0.00      0.00      0.00      0.00      0.00
04:23:36 PM      35      7.00      0.00     93.00      0.00      0.00      0.00      0.00      0.00      0.00      0.00
04:23:36 PM      36      5.94      0.00     94.06      0.00      0.00      0.00      0.00      0.00      0.00      0.00
04:23:36 PM      37      7.92      0.00     92.08      0.00      0.00      0.00      0.00      0.00      0.00      0.00
04:23:36 PM      38      8.91      0.00     91.09      0.00      0.00      0.00      0.00      0.00      0.00      0.00
04:23:36 PM      39      8.91      0.00     91.09      0.00      0.00      0.00      0.00      0.00      0.00      0.00

04:23:36 PM     CPU      %usr     %nice      %sys   %iowait    %steal      %irq     %soft    %guest    %gnice     %idle
04:23:37 PM      32      6.06      0.00     93.94      0.00      0.00      0.00      0.00      0.00      0.00      0.00
04:23:37 PM      33      9.00      0.00     91.00      0.00      0.00      0.00      0.00      0.00      0.00      0.00
04:23:37 PM      34     10.00      0.00     90.00      0.00      0.00      0.00      0.00      0.00      0.00      0.00
04:23:37 PM      35      8.00      0.00     92.00      0.00      0.00      0.00      0.00      0.00      0.00      0.00
04:23:37 PM      36      8.00      0.00     92.00      0.00      0.00      0.00      0.00      0.00      0.00      0.00
04:23:37 PM      37      6.00      0.00     94.00      0.00      0.00      0.00      0.00      0.00      0.00      0.00
04:23:37 PM      38      5.05      0.00     94.95      0.00      0.00      0.00      0.00      0.00      0.00      0.00
04:23:37 PM      39      6.00      0.00     94.00      0.00      0.00      0.00      0.00      0.00      0.00      0.00

04:23:37 PM     CPU      %usr     %nice      %sys   %iowait    %steal      %irq     %soft    %guest    %gnice     %idle
04:23:38 PM      32      5.00      0.00     95.00      0.00      0.00      0.00      0.00      0.00      0.00      0.00
04:23:38 PM      33      7.92      0.00     92.08      0.00      0.00      0.00      0.00      0.00      0.00      0.00
04:23:38 PM      34      4.95      0.00     95.05      0.00      0.00      0.00      0.00      0.00      0.00      0.00
04:23:38 PM      35      6.00      0.00     94.00      0.00      0.00      0.00      0.00      0.00      0.00      0.00
04:23:38 PM      36      6.06      0.00     93.94      0.00      0.00      0.00      0.00      0.00      0.00      0.00
04:23:38 PM      37      6.00      0.00     94.00      0.00      0.00      0.00      0.00      0.00      0.00      0.00
04:23:38 PM      38      8.00      0.00     92.00      0.00      0.00      0.00      0.00      0.00      0.00      0.00
04:23:38 PM      39      7.07      0.00     92.93      0.00      0.00      0.00      0.00      0.00      0.00      0.00

Average:        CPU      %usr     %nice      %sys   %iowait    %steal      %irq     %soft    %guest    %gnice     %idle
Average:         32      6.60      0.00     93.30      0.00      0.00      0.00      0.10      0.00      0.00      0.00
Average:         33      6.59      0.00     93.31      0.00      0.00      0.00      0.10      0.00      0.00      0.00
Average:         34      6.69      0.00     93.11      0.00      0.00      0.00      0.20      0.00      0.00      0.00
Average:         35      7.40      0.00     92.60      0.00      0.00      0.00      0.00      0.00      0.00      0.00
Average:         36      6.81      0.00     93.09      0.00      0.00      0.00      0.10      0.00      0.00      0.00
Average:         37      6.49      0.00     93.41      0.00      0.00      0.00      0.10      0.00      0.00      0.00
Average:         38      7.81      0.00     92.09      0.00      0.00      0.00      0.10      0.00      0.00      0.00
Average:         39      7.91      0.00     92.09      0.00      0.00      0.00      0.00      0.00      0.00      0.00
