Linux 6.12.0-rc2-suspend-v2-nfcpu (cache-sql13432) 	10/20/2024 	_x86_64_	(64 CPU)

03:14:29 AM     CPU      %usr     %nice      %sys   %iowait    %steal      %irq     %soft    %guest    %gnice     %idle
03:14:30 AM      32      9.47      0.00     21.05      0.00      0.00      0.00     10.53      0.00      0.00     58.95
03:14:30 AM      33      7.45      0.00     19.15      0.00      0.00      0.00     13.83      0.00      0.00     59.57
03:14:30 AM      34      8.00      0.00     26.00      0.00      0.00      0.00     13.00      0.00      0.00     53.00
03:14:30 AM      35      9.47      0.00     24.21      0.00      0.00      0.00     10.53      0.00      0.00     55.79
03:14:30 AM      36      7.53      0.00     21.51      0.00      0.00      0.00     11.83      0.00      0.00     59.14
03:14:30 AM      37      6.19      0.00     21.65      0.00      0.00      0.00     10.31      0.00      0.00     61.86
03:14:30 AM      38      7.22      0.00     23.71      0.00      0.00      0.00     11.34      0.00      0.00     57.73
03:14:30 AM      39      4.17      0.00     22.92      0.00      0.00      0.00     12.50      0.00      0.00     60.42

03:14:30 AM     CPU      %usr     %nice      %sys   %iowait    %steal      %irq     %soft    %guest    %gnice     %idle
03:14:31 AM      32      7.29      0.00     21.88      0.00      0.00      0.00     12.50      0.00      0.00     58.33
03:14:31 AM      33      4.08      0.00     28.57      0.00      0.00      0.00     10.20      0.00      0.00     57.14
03:14:31 AM      34      7.29      0.00     25.00      0.00      0.00      0.00     10.42      0.00      0.00     57.29
03:14:31 AM      35      6.00      0.00     31.00      0.00      0.00      0.00     10.00      0.00      0.00     53.00
03:14:31 AM      36      8.33      0.00     25.00      0.00      0.00      0.00      8.33      0.00      0.00     58.33
03:14:31 AM      37      4.12      0.00     26.80      0.00      0.00      0.00      8.25      0.00      0.00     60.82
03:14:31 AM      38      5.62      0.00     22.47      0.00      0.00      0.00      7.87      0.00      0.00     64.04
03:14:31 AM      39      8.70      0.00     17.39      0.00      0.00      0.00     10.87      0.00      0.00     63.04

03:14:31 AM     CPU      %usr     %nice      %sys   %iowait    %steal      %irq     %soft    %guest    %gnice     %idle
03:14:32 AM      32      6.74      0.00     22.47      0.00      0.00      0.00      6.74      0.00      0.00     64.04
03:14:32 AM      33      6.32      0.00     20.00      0.00      0.00      0.00     13.68      0.00      0.00     60.00
03:14:32 AM      34      8.82      0.00     23.53      0.00      0.00      0.00     10.78      0.00      0.00     56.86
03:14:32 AM      35      5.94      0.00     26.73      0.00      0.00      0.00      9.90      0.00      0.00     57.43
03:14:32 AM      36      8.33      0.00     25.00      0.00      0.00      0.00      9.38      0.00      0.00     57.29
03:14:32 AM      37      7.37      0.00     20.00      0.00      0.00      0.00     11.58      0.00      0.00     61.05
03:14:32 AM      38      6.32      0.00     24.21      0.00      0.00      0.00      8.42      0.00      0.00     61.05
03:14:32 AM      39      7.37      0.00     22.11      0.00      0.00      0.00     10.53      0.00      0.00     60.00

03:14:32 AM     CPU      %usr     %nice      %sys   %iowait    %steal      %irq     %soft    %guest    %gnice     %idle
03:14:33 AM      32      6.32      0.00     21.05      0.00      0.00      0.00     14.74      0.00      0.00     57.89
03:14:33 AM      33      8.33      0.00     18.75      0.00      0.00      0.00     12.50      0.00      0.00     60.42
03:14:33 AM      34      6.38      0.00     22.34      0.00      0.00      0.00     10.64      0.00      0.00     60.64
03:14:33 AM      35      6.12      0.00     21.43      0.00      0.00      0.00     12.24      0.00      0.00     60.20
03:14:33 AM      36      6.32      0.00     26.32      0.00      0.00      0.00     10.53      0.00      0.00     56.84
03:14:33 AM      37      8.08      0.00     24.24      0.00      0.00      0.00      8.08      0.00      0.00     59.60
03:14:33 AM      38      8.51      0.00     19.15      0.00      0.00      0.00     11.70      0.00      0.00     60.64
03:14:33 AM      39      6.25      0.00     20.83      0.00      0.00      0.00     14.58      0.00      0.00     58.33

03:14:33 AM     CPU      %usr     %nice      %sys   %iowait    %steal      %irq     %soft    %guest    %gnice     %idle
03:14:34 AM      32      5.77      0.00     25.96      0.96      0.00      0.00     14.42      0.00      0.00     52.88
03:14:34 AM      33      5.38      0.00     22.58      0.00      0.00      0.00      9.68      0.00      0.00     62.37
03:14:34 AM      34      6.12      0.00     23.47      0.00      0.00      0.00     12.24      0.00      0.00     58.16
03:14:34 AM      35      5.32      0.00     22.34      0.00      0.00      0.00     10.64      0.00      0.00     61.70
03:14:34 AM      36      8.16      0.00     29.59      0.00      0.00      0.00      9.18      0.00      0.00     53.06
03:14:34 AM      37      4.35      0.00     21.74      0.00      0.00      0.00     13.04      0.00      0.00     60.87
03:14:34 AM      38      8.42      0.00     20.00      0.00      0.00      0.00     10.53      0.00      0.00     61.05
03:14:34 AM      39      7.29      0.00     21.88      0.00      0.00      0.00     10.42      0.00      0.00     60.42

03:14:34 AM     CPU      %usr     %nice      %sys   %iowait    %steal      %irq     %soft    %guest    %gnice     %idle
03:14:35 AM      32      8.00      0.00     28.00      0.00      0.00      0.00     10.00      0.00      0.00     54.00
03:14:35 AM      33      6.93      0.00     24.75      0.00      0.00      0.00     12.87      0.00      0.00     55.45
03:14:35 AM      34      8.70      0.00     17.39      0.00      0.00      0.00     10.87      0.00      0.00     63.04
03:14:35 AM      35      6.38      0.00     22.34      0.00      0.00      0.00     13.83      0.00      0.00     57.45
03:14:35 AM      36      4.26      0.00     28.72      0.00      0.00      0.00     11.70      0.00      0.00     55.32
03:14:35 AM      37      7.61      0.00     21.74      0.00      0.00      0.00      7.61      0.00      0.00     63.04
03:14:35 AM      38      7.29      0.00     22.92      0.00      0.00      0.00     11.46      0.00      0.00     58.33
03:14:35 AM      39      7.37      0.00     28.42      0.00      0.00      0.00      8.42      0.00      0.00     55.79

03:14:35 AM     CPU      %usr     %nice      %sys   %iowait    %steal      %irq     %soft    %guest    %gnice     %idle
03:14:36 AM      32      7.61      0.00     25.00      0.00      0.00      0.00      8.70      0.00      0.00     58.70
03:14:36 AM      33      4.26      0.00     27.66      0.00      0.00      0.00      9.57      0.00      0.00     58.51
03:14:36 AM      34      6.67      0.00     17.78      0.00      0.00      0.00     13.33      0.00      0.00     62.22
03:14:36 AM      35      9.28      0.00     19.59      0.00      0.00      0.00     13.40      0.00      0.00     57.73
03:14:36 AM      36      5.26      0.00     29.47      0.00      0.00      0.00     11.58      0.00      0.00     53.68
03:14:36 AM      37      7.22      0.00     20.62      0.00      0.00      0.00     11.34      0.00      0.00     60.82
03:14:36 AM      38      7.45      0.00     21.28      0.00      0.00      0.00     12.77      0.00      0.00     58.51
03:14:36 AM      39      6.25      0.00     25.00      0.00      0.00      0.00     13.54      0.00      0.00     55.21

03:14:36 AM     CPU      %usr     %nice      %sys   %iowait    %steal      %irq     %soft    %guest    %gnice     %idle
03:14:37 AM      32      9.62      0.00     25.00      0.00      0.00      0.00     11.54      0.00      0.00     53.85
03:14:37 AM      33      8.33      0.00     23.96      0.00      0.00      0.00     11.46      0.00      0.00     56.25
03:14:37 AM      34      7.37      0.00     21.05      0.00      0.00      0.00     10.53      0.00      0.00     61.05
03:14:37 AM      35     11.46      0.00     19.79      0.00      0.00      0.00      9.38      0.00      0.00     59.38
03:14:37 AM      36      7.29      0.00     23.96      0.00      0.00      0.00     13.54      0.00      0.00     55.21
03:14:37 AM      37      8.25      0.00     22.68      0.00      0.00      0.00     11.34      0.00      0.00     57.73
03:14:37 AM      38      4.26      0.00     23.40      0.00      0.00      0.00     13.83      0.00      0.00     58.51
03:14:37 AM      39      6.59      0.00     20.88      0.00      0.00      0.00     10.99      0.00      0.00     61.54

03:14:37 AM     CPU      %usr     %nice      %sys   %iowait    %steal      %irq     %soft    %guest    %gnice     %idle
03:14:38 AM      32      5.21      0.00     21.88      0.00      0.00      0.00     12.50      0.00      0.00     60.42
03:14:38 AM      33      6.32      0.00     18.95      0.00      0.00      0.00     13.68      0.00      0.00     61.05
03:14:38 AM      34      9.38      0.00     20.83      0.00      0.00      0.00     11.46      0.00      0.00     58.33
03:14:38 AM      35      6.32      0.00     20.00      0.00      0.00      0.00     11.58      0.00      0.00     62.11
03:14:38 AM      36      7.37      0.00     24.21      0.00      0.00      0.00      8.42      0.00      0.00     60.00
03:14:38 AM      37      8.42      0.00     21.05      0.00      0.00      0.00     10.53      0.00      0.00     60.00
03:14:38 AM      38      5.43      0.00     19.57      0.00      0.00      0.00     11.96      0.00      0.00     63.04
03:14:38 AM      39      5.32      0.00     27.66      0.00      0.00      0.00     10.64      0.00      0.00     56.38

03:14:38 AM     CPU      %usr     %nice      %sys   %iowait    %steal      %irq     %soft    %guest    %gnice     %idle
03:14:39 AM      32      6.19      0.00     20.62      0.00      0.00      0.00     12.37      0.00      0.00     60.82
03:14:39 AM      33      6.25      0.00     22.92      0.00      0.00      0.00     12.50      0.00      0.00     58.33
03:14:39 AM      34      4.17      0.00     21.88      0.00      0.00      0.00     13.54      0.00      0.00     60.42
03:14:39 AM      35      5.32      0.00     23.40      0.00      0.00      0.00     10.64      0.00      0.00     60.64
03:14:39 AM      36      7.14      0.00     21.43      0.00      0.00      0.00     14.29      0.00      0.00     57.14
03:14:39 AM      37      6.52      0.00     23.91      0.00      0.00      0.00      6.52      0.00      0.00     63.04
03:14:39 AM      38      8.79      0.00     16.48      0.00      0.00      0.00     12.09      0.00      0.00     62.64
03:14:39 AM      39      8.42      0.00     23.16      0.00      0.00      0.00     12.63      0.00      0.00     55.79

Average:        CPU      %usr     %nice      %sys   %iowait    %steal      %irq     %soft    %guest    %gnice     %idle
Average:         32      7.23      0.00     23.35      0.10      0.00      0.00     11.47      0.00      0.00     57.85
Average:         33      6.37      0.00     22.76      0.00      0.00      0.00     12.00      0.00      0.00     58.87
Average:         34      7.30      0.00     22.00      0.00      0.00      0.00     11.68      0.00      0.00     59.02
Average:         35      7.16      0.00     23.13      0.00      0.00      0.00     11.20      0.00      0.00     58.51
Average:         36      7.01      0.00     25.52      0.00      0.00      0.00     10.88      0.00      0.00     56.59
Average:         37      6.82      0.00     22.46      0.00      0.00      0.00      9.86      0.00      0.00     60.86
Average:         38      6.94      0.00     21.34      0.00      0.00      0.00     11.21      0.00      0.00     60.51
Average:         39      6.77      0.00     23.04      0.00      0.00      0.00     11.52      0.00      0.00     58.67
